      1	   0.29	  -1.04	  0.006	0.99978							#	   0.02	  20.71	
      2	   0.28	  -1.49	  0.013	0.99987							#	   0.08	  25.66	
      3	   0.58	  -1.86	  0.004	0.99953							#	   0.09	  26.16	
      4	   0.58	  -2.22	  0.021	0.99952							#	   0.11	  22.53	
      5	   0.47	  -2.60	  0.029	0.99966							#	   0.11	  21.62	
      6	   0.45	  -3.10	  0.035	0.99941							#	   0.14	  24.75	
      7	   0.44	  -3.50	  0.026	0.99961							#	   0.17	  22.83	
      8	   0.67	  -3.96	  0.043	0.99889							#	   0.23	  20.15	
      9	   0.45	  -4.76	  0.037	0.99914							#	   0.31	  19.24	
     10	   0.37	  -6.93	  0.030	0.99882							#	   0.66	  20.81	
     11	  -0.05	  -8.33	  0.008	0.99926							#	   0.95	  16.41	
     12	  -0.29	  -9.66	 -0.004	0.99854							#	   1.04	  16.46	
     13	  -0.69	 -10.11	  0.020	0.99961							#	   0.85	  16.21	
     14	  -0.54	  -9.58	 -0.013	0.99875							#	   1.00	  18.03	
     15	  -0.78	  -9.71	 -0.087	0.99795							#	   1.18	  15.05	
     16	  -1.05	  -9.97	 -0.050	0.99896							#	   0.98	   8.99	
     17	  -0.86	 -10.88	  0.010	0.99791							#	   1.23	  12.58	
     18	  -1.63	 -10.24	 -0.048	0.99820							#	   1.13	  14.80	
     19	  -1.43	  -9.79	  0.001	1.00048							#	   0.98	  14.90	
     20	  -1.27	  -9.59	  0.035	0.99969							#	   0.93	  14.65	
     21	  -0.73	  -9.46	  0.053	0.99771							#	   0.88	  13.54	
     22	  -0.95	  -8.08	  0.036	0.99958							#	   0.80	  16.21	
     23	  -1.86	  -7.41	  0.077	1.00076							#	   0.66	  12.98	
     24	  -1.83	  -7.16	  0.099	0.99963							#	   0.63	  11.31	
     25	  -1.37	  -5.62	  0.042	1.00022							#	   0.58	  16.87	
     26	  -0.82	  -6.31	  0.087	0.99874							#	   0.57	  13.43	
     27	  -0.34	  -5.61	  0.058	0.99816							#	   0.55	  17.12	
     28	  -0.68	  -6.09	  0.074	0.99870							#	   0.60	  23.18	
     29	  -0.47	  -5.65	  0.039	0.99908							#	   0.64	  19.55	
     30	   0.11	  -6.78	  0.085	0.99878							#	   0.74	  15.81	
     31	   0.74	  -6.77	  0.022	0.99774							#	   0.85	  31.11	
     32	   1.37	  -7.15	  0.038	0.99802							#	   0.84	  21.67	
     33	   1.60	  -7.99	 -0.004	0.99880							#	   1.13	  12.42	
     34	   2.48	  -8.47	  0.044	0.99913							#	   0.91	  11.97	
     35	   3.14	  -8.70	  0.031	0.99925							#	   1.25	  11.41	
     36	   2.93	  -9.06	  0.051	0.99920							#	   1.03	  13.13	
     37	   3.54	  -8.97	  0.058	0.99846							#	   1.20	  11.67	
     38	   3.85	  -8.81	  0.075	0.99917							#	   1.02	  14.44	
     39	   4.63	  -7.77	  0.065	0.99804							#	   1.15	  16.87	
     40	   4.92	  -8.12	  0.137	0.99885							#	   1.02	  16.11	
     41	   4.44	  -7.34	  0.074	0.99807							#	   1.03	  25.56	
     42	   1.46	  -7.35	  0.062	0.99932							#	   0.69	  16.82	
     43	   1.70	  -7.38	  0.058	0.99938							#	   0.78	  16.62	
     44	   1.81	  -7.48	  0.040	1.00001							#	   0.83	  10.40	
     45	   2.91	  -7.61	  0.034	1.00073							#	   0.93	  15.66	
     46	   3.29	  -8.19	  0.022	1.00051							#	   1.12	  13.69	
     47	   3.84	  -8.53	  0.045	0.99992							#	   1.08	  15.00	
     48	   4.00	  -9.50	  0.115	0.99941							#	   1.15	  19.34	
     49	   4.27	  -9.46	  0.084	0.99945							#	   1.08	  22.32	
     50	   4.21	  -7.66	  0.035	0.99917							#	   1.15	  23.99	
     51	   5.10	  -7.43	  0.087	1.00022							#	   1.09	  20.61	
     52	   5.31	  -7.29	  0.069	0.99971							#	   1.09	  22.78	
     53	   5.30	  -7.21	  0.100	1.00000							#	   1.12	  17.27	
     54	   5.55	  -7.07	  0.096	0.99909							#	   1.16	  18.28	
     55	   6.32	  -5.63	  0.077	0.99848							#	   1.24	  15.51	
     56	   6.28	  -5.43	  0.064	0.99872							#	   1.19	  20.20	
     57	   6.69	  -4.83	  0.068	0.99784							#	   1.19	  12.73	
     58	   6.31	  -5.57	  0.108	0.99950							#	   1.06	  25.56	
     59	   7.22	  -5.22	  0.167	0.99806							#	   0.91	  16.36	
     60	   6.56	  -4.05	  0.115	0.99827							#	   0.89	  30.35	
     61	   6.22	  -4.01	  0.139	0.99970							#	   0.85	  23.23	
     62	   6.32	  -2.67	  0.086	0.99876							#	   0.94	  16.57	
     63	   6.27	  -3.22	  0.141	0.99990							#	   1.00	  16.11	
     64	   6.96	  -4.49	  0.197	0.99964							#	   0.96	  13.74	
     65	   6.42	  -3.75	  0.120	0.99896							#	   0.98	  29.14	
     66	   6.63	  -4.39	  0.157	0.99961							#	   0.96	  21.16	
     67	   5.53	  -5.53	  0.074	0.99799							#	   0.95	  27.42	
     68	   6.36	  -4.29	  0.120	0.99963							#	   0.86	  24.29	
     69	   6.99	  -4.52	  0.130	0.99916							#	   0.99	  20.76	
     70	   5.82	  -3.14	 -0.035	0.99854							#	   1.06	   9.24	
     71	   6.73	  -3.74	  0.011	0.99897							#	   1.22	  10.86	
     72									skipped		#	   1.25	   7.27	
     73	   7.89	  -4.09	  0.060	0.99926							#	   1.38	  15.00	
     74	   9.23	  -4.35	  0.100	0.99960							#	   1.67	  16.72	
     75	  10.58	  -4.90	  0.172	0.99937							#	   1.53	  17.07	
     76	  12.33	  -3.38	  0.131	0.99751							#	   1.65	  19.95	
     77	  12.10	  -3.28	  0.095	0.99712							#	   1.87	  10.30	
     78									skipped		#	   1.78	   5.00	
     79									skipped		#	   1.94	   5.66	
     80									skipped		#	   1.99	   4.85	
     81									skipped		#	   1.99	   4.19	
     82									skipped		#	   2.12	   7.22	
     83									skipped		#	   1.91	   5.71	
     84									skipped		#	   2.05	   7.42	
     85									skipped		#	   1.96	   7.07	
     86									skipped		#	   1.72	   5.15	
     87									skipped		#	   1.72	   7.07	
     88									skipped		#	   1.69	   5.40	
     89									skipped		#	   1.63	   5.30	
     90	  14.11	  -2.09	  0.145	0.99773							#	   1.67	  10.00	
     91	  18.81	  -3.44	  0.015	1.00076							#	   1.71	   9.90	
     92	  18.30	  -2.43	  0.071	1.00019							#	   1.65	   9.75	
     93									skipped		#	   1.61	   7.68	
     94	  16.35	  -5.29	  0.043	0.99984							#	   1.56	  12.12	
     95	  18.29	  -3.45	  0.056	1.00062							#	   1.60	   9.04	
     96	  18.08	   1.33	  0.259	1.00222							#	   1.71	   9.24	
     97									skipped		#	   2.00	   4.60	
     98									skipped		#	   1.80	   4.75	
     99									skipped		#	   2.02	   5.51	
    100	  15.68	   4.26	  0.266	0.99994							#	   2.21	   8.59	
    101									skipped		#	   2.05	   5.30	
    102									skipped		#	   2.24	   5.76	
    103									skipped		#	   2.44	   5.05	
    104									skipped		#	   2.30	   6.87	
    105	  13.73	  -2.80	  0.089	0.99764							#	   2.70	   9.44	
    106	  13.99	  -2.98	  0.065	0.99771							#	   2.66	   8.59	
    107									skipped		#	   2.64	   5.71	
    108									skipped		#	   3.30	   5.51	
    109									skipped		#	   3.02	   5.56	
    110									skipped		#	   3.18	   5.66	
    111									skipped		#	   3.30	   5.86	
    112									skipped		#	   3.25	   5.76	
    113									skipped		#	   3.66	   4.80	
    114									skipped		#	   3.45	   4.34	
    115									skipped		#	   3.09	   4.75	
    116									skipped		#	   3.12	   4.44	
    117									skipped		#	   3.18	   4.49	
    118									skipped		#	   3.14	   4.14	
    119									skipped		#	   3.44	   4.34	
    120									skipped		#	   3.05	   4.34	
    121									skipped		#	   2.71	   5.35	
    122									skipped		#	   2.57	   5.45	
    123									skipped		#	   2.31	   4.70	
    124									skipped		#	   2.24	   5.76	
    125									skipped		#	   2.16	   5.61	
    126									skipped		#	   2.30	   5.86	
    127									skipped		#	   2.42	   5.10	
    128									skipped		#	   2.57	   5.15	
    129									skipped		#	   2.51	   5.45	
    130									skipped		#	   2.68	   3.99	
    131									skipped		#	   2.77	   4.55	
    132									skipped		#	   2.45	   4.19	
    133									skipped		#	   2.50	   4.34	
    134									skipped		#	   2.53	   4.55	
    135									skipped		#	   2.56	   4.44	
    136									skipped		#	   2.53	   4.44	
    137									skipped		#	   2.63	   2.93	
    138									skipped		#	   2.52	   3.74	
    139									skipped		#	   2.72	   2.32	
    140									skipped		#	   2.54	   4.49	
    141									skipped		#	   2.73	   2.58	
    142									skipped		#	   2.90	   2.53	
    143									skipped		#	   2.69	   2.07	
    144									skipped		#	   2.95	   2.32	
    145									skipped		#	   3.01	   2.58	
    146									skipped		#	   2.91	   2.53	
    147									skipped		#	   3.46	   2.53	
    148									skipped		#	   2.89	   3.64	
    149									skipped		#	   3.07	   4.19	
    150									skipped		#	   2.84	   3.28	
    151									skipped		#	   2.95	   4.60	
    152									skipped		#	   2.93	   4.55	
    153									skipped		#	   2.88	   3.08	
    154									skipped		#	   3.20	   4.19	
    155									skipped		#	   3.01	   4.14	
    156									skipped		#	   3.37	   3.69	
    157									skipped		#	   3.08	   3.99	
    158									skipped		#	   3.29	   3.84	
    159									skipped		#	   3.39	   3.94	
    160									skipped		#	   3.13	   3.79	
    161									skipped		#	   3.14	   3.99	
    162									skipped		#	   3.52	   3.33	
    163									skipped		#	   2.86	   3.89	
    164									skipped		#	   3.26	   3.43	
    165									skipped		#	   3.01	   2.83	
    166									skipped		#	   3.07	   3.43	
    167									skipped		#	   2.97	   3.48	
    168									skipped		#	   2.95	   2.88	
    169									skipped		#	   3.18	   3.13	
    170									skipped		#	   2.86	   2.63	
    171									skipped		#	   3.02	   2.73	
    172									skipped		#	   3.08	   2.27	
    173									skipped		#	   3.09	   2.93	
    174									skipped		#	   3.08	   2.78	
    175									skipped		#	   2.95	   3.03	
    176									skipped		#	   3.33	   2.93	
    177									skipped		#	   2.91	   2.83	
    178									skipped		#	   3.06	   3.59	
    179									skipped		#	   3.27	   3.08	
    180									skipped		#	   3.21	   3.08	
    181									skipped		#	   3.34	   3.08	
    182									skipped		#	   3.40	   3.23	
    183									skipped		#	   3.41	   3.23	
    184									skipped		#	   3.63	   3.13	
    185									skipped		#	   3.26	   3.08	
    186									skipped		#	   3.91	   3.08	
    187									skipped		#	   3.28	   3.08	
    188									skipped		#	   3.70	   3.64	
    189									skipped		#	   3.61	   3.08	
    190									skipped		#	   3.84	   3.23	
    191									skipped		#	   3.63	   2.93	
    192									skipped		#	   3.77	   4.09	
    193									skipped		#	   3.53	   3.89	
    194									skipped		#	   3.61	   3.59	
    195									skipped		#	   3.23	   3.69	
    196									skipped		#	   3.48	   4.14	
    197									skipped		#	   3.16	   4.65	
    198									skipped		#	   3.38	   4.14	
    199									skipped		#	   3.24	   4.29	
    200									skipped		#	   3.34	   4.60	
    201									skipped		#	   3.34	   5.20	
    202									skipped		#	   3.43	   5.35	
    203									skipped		#	   3.38	   5.45	
    204									skipped		#	   3.39	   6.01	
    205									skipped		#	   3.45	   5.71	
    206									skipped		#	   3.23	   5.96	
    207									skipped		#	   2.96	   6.62	
    208									skipped		#	   2.83	   7.12	
    209									skipped		#	   2.86	   6.82	
    210									skipped		#	   2.51	   6.87	
    211									skipped		#	   2.59	   7.93	
    212									skipped		#	   2.54	   7.93	
    213	  15.25	  -0.43	  0.177	1.00276							#	   2.46	   9.39	
    214	  15.05	  -0.46	  0.139	1.00243							#	   2.33	   9.75	
    215	  14.69	  -0.48	  0.165	1.00225							#	   2.42	   9.39	
    216	  14.09	  -0.20	  0.145	1.00225							#	   2.22	   9.29	
    217	  14.39	  -0.25	  0.144	1.00220							#	   2.31	   9.90	
    218	  14.73	  -0.07	  0.126	1.00176							#	   2.46	   8.69	
    219	  14.51	   0.10	  0.117	1.00157							#	   2.53	   8.48	
    220	  14.48	   0.28	  0.113	1.00130							#	   2.44	   8.84	
    221	  14.05	   0.18	  0.102	1.00129							#	   2.37	   9.75	
    222	  13.87	   0.46	  0.087	1.00112							#	   2.38	   9.34	
    223	  14.44	   0.49	  0.095	1.00099							#	   2.59	   9.75	
    224	  14.15	   0.74	  0.080	1.00091							#	   2.38	   9.60	
    225	  13.66	   0.66	  0.077	1.00106							#	   2.47	   8.79	
    226	  13.81	   0.51	  0.090	1.00060							#	   2.38	   8.64	
    227	  14.49	   0.62	  0.096	1.00066							#	   2.79	   8.43	
    228	  15.12	   1.16	  0.067	1.00061							#	   2.75	   8.33	
    229	  15.60	   0.54	  0.085	1.00014							#	   2.90	   8.08	
    230									skipped		#	   2.69	   7.93	
    231	  15.76	   0.52	  0.067	1.00010							#	   3.22	   8.03	
    232	  14.92	   0.28	  0.083	0.99951							#	   2.62	   8.13	
    233									skipped		#	   2.90	   7.32	
    234									skipped		#	   3.07	   7.47	
    235									skipped		#	   3.43	   6.62	
    236									skipped		#	   3.19	   6.72	
    237									skipped		#	   3.44	   6.16	
    238									skipped		#	   3.36	   6.62	
    239									skipped		#	   3.23	   6.21	
    240									skipped		#	   3.17	   5.66	
    241									skipped		#	   3.25	   6.36	
    242									skipped		#	   2.86	   6.92	
    243									skipped		#	   2.50	   7.27	
    244									skipped		#	   2.62	   6.92	
    245									skipped		#	   2.28	   7.32	
    246									skipped		#	   1.98	   7.02	
    247									skipped		#	   2.14	   7.07	
    248									skipped		#	   2.04	   7.47	
    249	   9.01	  -1.61	  0.018	0.99772							#	   1.86	   8.13	
    250									skipped		#	   1.74	   7.68	
    251									skipped		#	   1.68	   7.78	
    252									skipped		#	   2.06	   7.53	
    253									skipped		#	   2.39	   7.93	
    254									skipped		#	   2.33	   7.73	
    255	  10.85	  -0.88	  0.000	0.99788							#	   2.47	   8.18	
    256	  10.58	  -0.95	  0.021	0.99775							#	   2.30	   8.38	
    257	  10.69	  -0.62	  0.012	0.99790							#	   2.24	   8.28	
    258									skipped		#	   2.23	   7.58	
    259									skipped		#	   2.26	   7.47	
    260	  11.06	  -0.85	  0.018	0.99778							#	   2.23	   8.64	
    261	   5.33	  -0.49	  0.017	0.99686							#	   1.00	   8.79	
    262	   5.59	  -0.77	  0.021	0.99695							#	   1.03	   8.84	
    263	   6.32	  -1.03	  0.030	0.99690							#	   1.14	   9.65	
    264	   7.30	  -1.13	  0.022	0.99696							#	   1.31	   8.74	
    265	   7.89	  -1.42	  0.037	0.99710							#	   1.49	   8.89	
    266	   8.79	  -1.10	  0.053	0.99706							#	   2.02	   8.79	
    267	  10.55	  -1.29	  0.071	0.99747							#	   2.49	   8.03	
    268	  10.50	  -1.33	  0.088	0.99739							#	   2.01	   8.48	
    269									skipped		#	   2.51	   7.83	
    270									skipped		#	   2.31	   6.92	
    271									skipped		#	   2.53	   7.63	
    272									skipped		#	   2.98	   7.53	
    273									skipped		#	   2.45	   7.42	
    274									skipped		#	   3.06	   7.17	
    275									skipped		#	   2.48	   6.72	
    276									skipped		#	   2.84	   7.37	
    277									skipped		#	   3.05	   6.67	
    278									skipped		#	   2.90	   7.12	
    279									skipped		#	   3.28	   6.67	
    280									skipped		#	   2.47	   7.07	
    281									skipped		#	   2.20	   6.57	
    282									skipped		#	   1.89	   6.46	
    283									skipped		#	   1.89	   6.52	
    284									skipped		#	   1.97	   6.97	
    285									skipped		#	   2.15	   7.02	
    286									skipped		#	   3.02	   6.97	
    287									skipped		#	   3.31	   7.98	
    288									skipped		#	   3.29	   7.63	
    289	   4.40	  -1.97	  0.181	0.99617							#	   2.80	   8.03	
    290									skipped		#	   2.10	   7.27	
    291									skipped		#	   2.19	   7.78	
    292									skipped		#	   2.13	   7.83	
    293	   3.67	  -1.56	  0.069	0.99597							#	   2.11	   8.23	
    294	   3.39	  -1.18	  0.067	0.99572							#	   2.08	   8.08	
    295	   2.97	  -1.30	  0.071	0.99614							#	   2.07	   8.33	
    296	   4.18	  -1.29	  0.060	0.99597							#	   1.56	   8.28	
    297	   4.14	  -1.68	  0.047	0.99591							#	   1.15	   8.64	
    298	   3.85	  -1.54	  0.013	0.99592							#	   1.14	   9.09	
    299	   3.90	  -1.37	  0.005	0.99578							#	   1.31	   9.24	
    300									skipped		#	   1.57	   7.68	
    301	   3.38	  -1.56	 -0.012	0.99524							#	   2.22	   8.38	
    302	   3.38	  -1.93	 -0.017	0.99527							#	   2.21	   8.23	
    303	   3.44	  -2.17	 -0.032	0.99537							#	   2.25	   8.38	
    304	   3.92	  -2.31	 -0.034	0.99512							#	   2.66	   8.54	
    305									skipped		#	   2.65	   7.83	
    306	   3.75	  -2.65	 -0.057	0.99515							#	   2.49	   8.08	
    307	   3.87	  -3.32	 -0.079	0.99515							#	   2.65	   8.59	
    308	   3.88	  -3.45	 -0.097	0.99502							#	   2.47	   8.08	
    309									skipped		#	   2.60	   7.98	
    310	   2.38	  -3.77	 -0.082	0.99500							#	   1.78	   8.03	
    311	   1.16	  -3.71	 -0.092	0.99547							#	   1.57	   8.23	
    312	   0.93	  -3.63	 -0.088	0.99558							#	   1.45	   8.23	
    313									skipped		#	   1.40	   7.98	
    314	   1.20	  -2.98	 -0.083	0.99562							#	   1.48	   8.08	
    315	   0.98	  -3.26	 -0.076	0.99498							#	   2.17	   8.18	
    316	   0.98	  -3.31	 -0.046	0.99515							#	   1.81	   8.28	
    317	   0.52	  -3.40	 -0.033	0.99517							#	   2.08	   8.08	
    318	   0.31	  -2.99	 -0.029	0.99507							#	   2.25	   8.33	
    319	   0.26	  -2.84	 -0.020	0.99517							#	   2.28	   8.38	
    320									skipped		#	   2.41	   7.98	
    321	   0.18	  -2.58	  0.006	0.99465							#	   2.48	   8.69	
    322									skipped		#	   2.38	   7.58	
    323									skipped		#	   2.40	   7.88	
    324									skipped		#	   2.37	   7.88	
    325	  -0.56	  -2.14	  0.036	0.99421							#	   2.18	   8.03	
    326	  -0.47	  -2.36	  0.045	0.99428							#	   1.77	   8.38	
    327	  -0.59	  -2.11	  0.048	0.99433							#	   1.44	   8.23	
    328	  -0.83	  -1.84	  0.045	0.99457							#	   1.06	   8.54	
    329	  -0.87	  -2.39	  0.056	0.99414							#	   0.84	   8.38	
    330									skipped		#	   0.69	   7.27	
    331	  -1.11	  -2.74	  0.077	0.99399							#	   0.74	   8.03	
    332	  -1.02	  -2.62	  0.076	0.99404							#	   0.87	   8.03	
    333	  -1.03	  -2.66	  0.085	0.99417							#	   1.11	   8.38	
    334	  -1.27	  -2.38	  0.098	0.99461							#	   1.25	   8.18	
    335	  -0.99	  -2.13	  0.088	0.99527							#	   1.31	   8.59	
    336	  -0.76	  -2.32	  0.080	0.99482							#	   1.33	   8.99	
    337	   0.19	  -1.91	  0.079	0.99481							#	   1.25	  10.10	
    338	   0.28	  -1.66	  0.090	0.99491							#	   1.15	  10.86	
    339	   0.46	  -1.40	  0.067	0.99507							#	   0.92	  10.40	
    340	   0.19	  -0.79	  0.066	0.99518							#	   0.78	  11.01	
    341	   0.27	  -0.74	  0.069	0.99548							#	   0.85	  11.26	
    342	   0.74	  -0.74	  0.052	0.99521							#	   0.99	  11.21	
    343	   0.99	  -0.88	  0.054	0.99505							#	   1.14	  10.71	
    344	   0.99	  -0.85	  0.047	0.99503							#	   1.25	  11.72	
    345	   1.24	  -0.77	  0.042	0.99485							#	   1.30	  11.62	
    346	   1.45	  -0.91	  0.026	0.99482							#	   1.34	  11.72	
    347	   1.83	  -1.10	  0.015	0.99472							#	   1.25	  11.87	
    348	   2.07	  -1.11	  0.009	0.99460							#	   1.32	  11.52	
    349	   2.33	  -1.37	  0.003	0.99455							#	   1.45	  10.81	
    350	   2.50	  -1.38	 -0.009	0.99465							#	   1.41	  10.81	
    351	   2.62	  -1.95	 -0.012	0.99461							#	   1.47	  11.46	
    352	   2.66	  -2.04	 -0.036	0.99479							#	   1.56	   9.90	
    353	   3.31	  -2.06	 -0.027	0.99430							#	   1.82	  10.25	
    354	   3.39	  -1.83	 -0.022	0.99420							#	   1.62	  11.21	
    355	   3.42	  -1.83	 -0.039	0.99443							#	   1.75	  11.87	
    356	   3.39	  -1.77	 -0.043	0.99454							#	   1.73	  11.26	
    357	   3.49	  -2.06	 -0.056	0.99444							#	   1.68	  10.76	
    358	   3.08	  -1.80	 -0.070	0.99432							#	   1.54	  11.31	
    359	   2.79	  -1.84	 -0.066	0.99471							#	   1.45	  11.21	
    360	   2.11	  -1.54	 -0.066	0.99530							#	   1.25	  10.66	
    361	   1.77	  -1.29	 -0.063	0.99552							#	   1.06	  12.12	
    362	   1.62	  -1.21	 -0.068	0.99588							#	   0.99	  12.98	
    363	   1.59	  -1.12	 -0.052	0.99585							#	   1.01	  12.68	
    364	   1.45	  -0.55	 -0.049	0.99577							#	   1.13	  12.73	
    365	   1.33	  -0.96	 -0.052	0.99551							#	   1.21	  12.32	
    366	   1.02	  -0.76	 -0.050	0.99565							#	   1.24	  12.22	
    367	   0.60	  -0.84	 -0.046	0.99615							#	   1.18	  11.82	
    368	   0.75	  -0.87	 -0.040	0.99588							#	   1.20	  12.42	
    369	   0.63	  -0.98	 -0.020	0.99567							#	   1.23	  11.92	
    370	   0.51	  -0.88	 -0.005	0.99569							#	   1.35	  12.68	
    371	   0.22	  -0.80	 -0.001	0.99514							#	   1.40	  12.73	
    372	  -0.14	  -0.99	  0.002	0.99496							#	   1.52	  13.03	
    373	  -0.48	  -0.97	  0.009	0.99480							#	   1.49	  11.97	
    374	  -0.86	  -1.22	  0.015	0.99478							#	   1.57	  12.22	
    375	  -1.13	  -1.08	  0.021	0.99474							#	   1.57	  12.12	
    376	  -1.71	  -1.27	  0.043	0.99472							#	   1.62	  11.82	
    377	  -2.05	  -1.47	  0.030	0.99448							#	   1.66	  11.77	
    378	  -2.11	  -1.42	  0.033	0.99406							#	   1.62	  10.51	
    379	  -2.09	  -1.48	  0.029	0.99394							#	   1.71	  10.40	
    380	  -2.18	  -1.43	  0.027	0.99404							#	   1.63	  10.40	
    381	  -2.01	  -1.71	  0.034	0.99411							#	   1.54	  10.10	
    382	  -1.97	  -1.77	  0.042	0.99420							#	   1.46	  10.40	
    383	  -1.93	  -1.80	  0.043	0.99434							#	   1.40	  10.45	
    384	  -1.83	  -1.91	  0.059	0.99457							#	   1.20	  10.61	
    385	  -1.59	  -1.70	  0.078	0.99460							#	   1.19	  10.15	
    386	  -0.86	  -1.79	  0.099	0.99416							#	   1.39	   9.49	
    387	  -0.65	  -1.26	  0.106	0.99396							#	   1.52	   8.89	
    388	  -0.50	  -1.20	  0.110	0.99412							#	   1.41	   9.19	
    389	  -0.50	  -1.11	  0.106	0.99441							#	   1.32	   9.14	
    390	  -0.20	  -0.78	  0.111	0.99440							#	   1.37	   8.54	
    391	   0.15	  -1.04	  0.104	0.99433							#	   1.38	   9.39	
    392	   0.14	  -0.87	  0.109	0.99449							#	   1.31	   8.99	
    393	   0.21	  -0.78	  0.098	0.99433							#	   1.47	   8.94	
    394	   0.57	  -0.63	  0.110	0.99410							#	   1.65	   8.64	
    395	   0.84	  -0.64	  0.061	0.99427							#	   1.52	   8.69	
    396	   1.00	  -1.23	  0.049	0.99461							#	   1.59	   9.39	
    397	   1.36	  -1.31	  0.047	0.99438							#	   1.91	   9.14	
    398	   1.69	  -1.77	  0.048	0.99469							#	   1.91	   9.29	
    399	   1.64	  -1.78	  0.038	0.99434							#	   2.05	   9.04	
    400	   2.06	  -1.64	  0.046	0.99430							#	   2.28	   9.29	
    401	   2.07	  -1.66	  0.037	0.99415							#	   2.53	   9.39	
    402	   2.27	  -1.46	  0.019	0.99387							#	   2.71	   9.44	
    403	   2.45	  -1.77	  0.010	0.99381							#	   2.92	   9.34	
    404	   2.65	  -1.99	  0.009	0.99340							#	   3.35	   9.55	
    405	   2.81	  -2.41	 -0.011	0.99332							#	   3.57	   9.24	
    406	   3.02	  -2.60	 -0.017	0.99338							#	   3.98	   8.89	
    407	   3.34	  -3.24	 -0.008	0.99334							#	   4.63	   9.04	
    408	   4.00	  -3.60	 -0.028	0.99287							#	   5.02	   8.79	
    409	   4.28	  -3.99	 -0.007	0.99308							#	   5.30	   9.09	
    410	   4.15	  -4.20	 -0.028	0.99264							#	   5.32	   8.74	
    411	   4.32	  -4.38	 -0.016	0.99282							#	   5.56	   8.99	
    412	   4.20	  -4.38	 -0.029	0.99288							#	   5.54	   8.94	
    413	   4.39	  -4.84	 -0.053	0.99276							#	   5.61	   9.14	
    414	   4.52	  -4.70	 -0.021	0.99274							#	   5.25	   8.59	
    415	   4.09	  -4.96	 -0.037	0.99288							#	   4.66	   8.84	
    416	   3.77	  -4.85	 -0.024	0.99319							#	   4.15	   9.19	
    417	   3.51	  -4.51	 -0.019	0.99397							#	   3.52	  10.00	
    418	   3.16	  -4.50	 -0.019	0.99448							#	   3.00	  10.05	
    419	   3.15	  -4.24	 -0.041	0.99416							#	   2.72	   9.90	
    420	   3.10	  -4.11	 -0.031	0.99410							#	   2.66	   9.04	
    421	   2.87	  -4.21	 -0.043	0.99354							#	   2.67	  10.56	
    422	   2.61	  -4.46	 -0.048	0.99390							#	   2.79	   9.60	
    423	   2.25	  -4.92	 -0.035	0.99383							#	   2.70	  10.71	
    424	   1.96	  -5.24	 -0.026	0.99388							#	   2.58	  10.05	
    425	   1.91	  -5.85	 -0.031	0.99382							#	   2.54	  10.25	
    426	   3.42	  -5.58	 -0.033	0.99408							#	   2.78	  10.76	
    427	   4.79	  -5.49	 -0.030	0.99325							#	   2.95	  10.10	
    428	   5.55	  -5.31	 -0.011	0.99332							#	   3.00	  10.35	
    429	   5.78	  -5.66	 -0.008	0.99295							#	   2.90	   9.14	
    430	   5.95	  -5.77	  0.014	0.99259							#	   2.56	   8.79	
    431	   6.14	  -6.20	 -0.003	0.99266							#	   2.35	   8.84	
    432	   6.80	  -6.25	  0.034	0.99275							#	   2.04	   8.69	
    433	   7.17	  -6.11	  0.059	0.99242							#	   1.90	   8.59	
    434	   7.00	  -6.17	  0.079	0.99216							#	   1.78	   8.08	
    435	   6.86	  -6.65	  0.118	0.99169							#	   1.95	   8.48	
    436	   6.36	  -7.53	  0.108	0.99163							#	   2.00	   8.28	
    437	   6.15	  -7.30	  0.131	0.99206							#	   1.92	   8.94	
    438	   6.27	  -7.38	  0.148	0.99221							#	   2.01	   8.59	
    439	   0.60	  -7.62	  0.134	0.99259							#	   1.30	   8.13	
    440	   0.81	  -7.57	  0.146	0.99247							#	   1.30	   8.48	
    441									skipped		#	   1.41	   7.07	
    442	   3.13	  -8.34	  0.139	0.99254							#	   1.83	   8.28	
    443	   5.55	  -7.48	  0.179	0.99259							#	   2.06	   9.09	
    444	   6.13	  -7.36	  0.167	0.99306							#	   2.05	   9.09	
    445	   6.19	  -7.27	  0.160	0.99331							#	   2.16	   8.94	
    446	   6.25	  -6.85	  0.167	0.99361							#	   1.95	   9.55	
    447	   6.57	  -7.02	  0.180	0.99394							#	   2.16	   9.90	
    448	   6.55	  -7.18	  0.093	0.99407							#	   2.06	   9.24	
    449	   6.40	  -6.76	  0.098	0.99367							#	   2.16	   9.04	
    450									skipped		#	   2.20	   7.63	
    451	   6.17	  -6.62	  0.098	0.99361							#	   2.14	   8.08	
    452									skipped		#	   2.16	   7.73	
    453									skipped		#	   2.40	   7.53	
    454									skipped		#	   2.40	   6.82	
    455									skipped		#	   2.49	   6.21	
    456									skipped		#	   3.05	   6.21	
    457									skipped		#	   2.56	   5.51	
    458									skipped		#	   3.04	   5.40	
    459									skipped		#	   3.20	   5.40	
    460									skipped		#	   3.48	   4.55	
    461									skipped		#	   3.42	   4.19	
    462	   3.23	  -7.95	  0.064	0.99784							#	   3.47	  10.71	
    463	   3.05	  -8.64	  0.077	0.99786							#	   3.68	  10.25	
    464	   4.31	  -8.63	  0.072	0.99807							#	   4.12	  10.20	
    465	   5.09	  -8.64	  0.091	0.99757							#	   3.91	  10.00	
    466	   5.96	  -7.93	  0.078	0.99755							#	   3.56	  10.56	
    467	   6.60	  -7.56	  0.076	0.99726							#	   2.96	  10.76	
    468	   7.04	  -6.50	  0.068	0.99689							#	   2.66	  11.57	
    469	   7.42	  -5.86	  0.057	0.99653							#	   2.18	  12.53	
    470	   7.26	  -5.32	  0.052	0.99648							#	   1.63	  11.97	
    471	   6.68	  -5.11	  0.046	0.99657							#	   1.28	  13.38	
    472	   7.56	  -4.54	  0.032	0.99680							#	   0.98	  12.58	
    473	   7.82	  -4.18	  0.035	0.99694							#	   0.90	  12.37	
    474	   7.80	  -4.26	  0.043	0.99681							#	   0.96	  13.18	
    475	   6.26	  -4.25	  0.030	0.99671							#	   0.94	  14.09	
    476	   6.03	  -4.01	  0.024	0.99693							#	   1.03	  14.55	
    477	   5.84	  -3.59	  0.020	0.99711							#	   1.16	  15.66	
    478	   5.84	  -3.64	  0.024	0.99714							#	   1.17	  15.91	
    479	   5.59	  -3.74	  0.015	0.99727							#	   1.17	  15.91	
    480	   5.62	  -3.46	  0.015	0.99696							#	   1.32	  14.49	
    481	   5.27	  -3.50	  0.011	0.99698							#	   1.23	  15.61	
    482	   5.30	  -3.44	  0.004	0.99734							#	   1.18	  16.92	
    483	   4.94	  -3.45	 -0.004	0.99750							#	   1.12	  17.07	
    484	   4.74	  -3.51	 -0.002	0.99741							#	   1.13	  17.42	
    485	   4.64	  -3.36	 -0.005	0.99721							#	   1.11	  18.43	
    486	   4.42	  -3.37	  0.001	0.99699							#	   1.08	  18.43	
    487	   4.20	  -3.12	  0.010	0.99690							#	   1.13	  18.99	
    488	   3.97	  -3.49	  0.010	0.99687							#	   1.15	  17.88	
    489	   7.39	  -3.22	 -0.007	0.99797							#	   1.74	  17.12	
    490	   7.39	  -3.29	 -0.011	0.99791							#	   1.23	  17.12	
    491	   7.56	  -2.98	 -0.012	0.99785							#	   1.40	  16.62	
    492	   7.73	  -2.91	 -0.013	0.99777							#	   1.38	  16.52	
    493	   7.83	  -2.70	 -0.007	0.99759							#	   1.32	  16.57	
    494	   7.51	  -2.60	  0.005	0.99710							#	   1.34	  16.31	
    495	   7.63	  -2.28	  0.007	0.99688							#	   1.39	  16.41	
    496	   1.79	  -2.48	  0.019	0.99587							#	   0.65	  13.74	
    497	   2.82	  -2.38	  0.025	0.99584							#	   0.81	  13.79	
    498	   2.62	  -2.89	  0.025	0.99588							#	   0.79	  14.04	
    499	   2.46	  -3.17	  0.032	0.99574							#	   0.78	  14.04	
    500	   3.47	  -3.46	  0.050	0.99594							#	   0.95	  12.88	
    501	   5.28	  -3.64	  0.045	0.99615							#	   1.36	  13.74	
    502	   5.59	  -3.55	  0.039	0.99621							#	   1.21	  14.60	
    503	   6.12	  -3.33	  0.039	0.99656							#	   1.42	  14.04	
    504	   6.90	  -3.13	  0.041	0.99672							#	   1.46	  14.24	
    505	   7.68	  -2.86	  0.046	0.99674							#	   1.49	  13.99	
    506	   8.35	  -2.81	  0.045	0.99710							#	   1.65	  12.98	
    507	   8.56	  -2.49	  0.048	0.99702							#	   1.49	  13.28	
    508	   8.80	  -2.40	  0.059	0.99701							#	   1.69	  12.73	
    509	   9.29	  -2.14	  0.063	0.99730							#	   1.72	  13.03	
    510	  11.49	  -1.63	  0.064	0.99772							#	   2.24	   9.34	
    511	  11.39	  -1.36	  0.053	0.99809							#	   1.70	  10.66	
    512	  11.50	  -1.36	  0.055	0.99825							#	   1.94	  10.10	
    513	  11.18	  -1.18	  0.061	0.99833							#	   1.82	  10.66	
    514	  11.67	  -0.79	  0.055	0.99851							#	   2.01	  10.00	
    515	  11.75	  -0.84	  0.067	0.99874							#	   1.93	   9.60	
    516	   9.07	  -2.51	  0.108	0.99515							#	   2.10	  10.35	
    517	  11.81	  -0.85	  0.135	0.99774							#	   2.03	  10.71	
    518	  11.83	  -0.57	  0.127	0.99835							#	   2.10	  10.96	
    519	  11.82	  -0.58	  0.136	0.99819							#	   2.01	  10.66	
    520	  11.45	  -0.39	  0.132	0.99844							#	   1.81	  11.06	
    521	  11.38	  -0.42	  0.124	0.99829							#	   1.83	  10.66	
    522	  11.58	  -0.56	  0.118	0.99819							#	   1.93	  10.56	
    523	  11.82	  -0.38	  0.162	0.99840							#	   2.05	  10.20	
    524	  12.09	  -0.49	  0.171	0.99824							#	   2.12	  11.41	
    525	  12.30	  -0.49	  0.160	0.99830							#	   2.01	  10.96	
    526	  12.26	  -0.40	  0.127	0.99823							#	   1.98	  10.00	
    527	  11.76	  -0.51	  0.109	0.99855							#	   1.84	  11.31	
    528	  11.50	  -0.34	  0.108	0.99880							#	   1.78	  11.82	
    529	  11.07	  -0.11	  0.112	0.99860							#	   1.73	  12.27	
    530	  10.49	  -0.05	  0.103	0.99868							#	   1.52	  12.37	
    531	  10.06	   0.25	  0.099	0.99859							#	   1.40	  13.03	
    532	   9.65	   0.20	  0.091	0.99889							#	   1.31	  13.99	
    533	   9.68	   0.55	  0.073	0.99885							#	   1.34	  13.59	
    534	   9.65	   0.31	  0.075	0.99888							#	   1.36	  14.19	
    535	  10.14	   0.37	  0.080	0.99890							#	   1.59	  14.90	
    536	  11.08	   0.37	  0.072	0.99872							#	   1.82	  14.85	
    537	  11.62	   0.00	  0.086	0.99800							#	   1.93	  14.65	
    538	  12.09	   0.19	  0.083	0.99911							#	   1.87	  13.08	
    539	  12.88	   0.32	  0.076	0.99900							#	   2.23	  12.42	
    540	  13.47	   0.61	  0.086	0.99887							#	   2.04	  11.77	
    541	  13.75	   1.05	  0.093	0.99856							#	   2.04	  11.92	
    542	  14.21	   0.84	  0.089	0.99862							#	   2.15	  12.02	
    543	  14.24	   0.63	  0.084	0.99851							#	   2.31	  11.77	
    544	  14.48	   0.68	  0.088	0.99846							#	   2.16	  11.31	
    545	  14.74	   0.65	  0.104	0.99833							#	   2.20	  11.52	
    546	  14.84	   0.67	  0.115	0.99853							#	   2.15	  11.36	
    547	  14.87	   0.66	  0.116	0.99852							#	   2.22	  11.41	
    548	  14.68	   0.69	  0.130	0.99848							#	   2.30	  10.91	
    549	  14.56	   0.54	  0.127	0.99805							#	   1.99	  11.31	
    550	  14.07	   0.96	  0.115	0.99862							#	   1.73	  10.91	
    551	  13.45	   1.26	  0.121	0.99865							#	   1.73	  11.11	
    552	  13.91	   1.32	  0.111	0.99839							#	   1.91	  11.67	
    553	  14.30	   1.35	  0.107	0.99843							#	   2.06	  11.77	
    554	  14.19	   0.95	  0.096	0.99804							#	   1.94	  10.51	
    555	  14.15	   1.33	  0.086	0.99816							#	   2.06	  11.26	
    556	  13.89	   1.16	  0.083	0.99808							#	   2.06	  11.57	
    557	  14.98	   0.98	  0.083	0.99773							#	   2.34	  10.81	
    558	  15.81	   1.09	  0.138	0.99738							#	   2.39	   9.39	
    559	  15.80	   1.23	  0.156	0.99725							#	   2.35	   9.09	
    560	  15.19	   1.42	  0.117	0.99756							#	   2.15	  10.30	
    561	  14.67	   1.30	  0.115	0.99783							#	   2.05	  11.57	
    562	  13.96	   1.47	  0.111	0.99801							#	   1.88	  10.10	
    563	  13.91	   1.69	  0.108	0.99784							#	   1.96	  10.71	
    564	  13.76	   1.61	  0.113	0.99833							#	   1.85	  10.25	
    565	  13.70	   1.20	  0.125	0.99807							#	   1.86	  10.71	
    566	  13.71	   1.18	  0.120	0.99807							#	   2.05	  10.86	
    567	  13.35	   1.42	  0.136	0.99763							#	   2.06	  10.86	
    568	  12.40	   1.21	  0.135	0.99730							#	   1.95	  11.72	
    569	  11.93	   1.37	  0.120	0.99757							#	   1.61	  11.52	
    570	  11.51	   1.13	  0.114	0.99748							#	   1.61	  11.62	
    571	  11.29	   1.02	  0.107	0.99744							#	   1.53	  13.23	
    572	  11.13	   1.01	  0.109	0.99722							#	   1.55	  12.73	
    573	  11.06	   1.25	  0.159	0.99703							#	   1.65	  12.88	
    574	  11.15	   1.10	  0.142	0.99675							#	   1.77	  13.38	
    575	  11.33	   0.81	  0.104	0.99622							#	   1.87	  12.02	
    576	  11.41	   0.76	  0.086	0.99618							#	   1.85	  12.07	
    577	  11.80	   1.06	  0.079	0.99612							#	   2.03	  11.97	
    578	  12.06	   1.38	  0.077	0.99588							#	   2.12	  11.62	
    579	  12.56	   0.77	  0.045	0.99561							#	   2.07	  11.62	
    580	  13.18	   0.80	  0.039	0.99568							#	   2.36	  10.05	
    581	  13.38	   0.79	  0.038	0.99547							#	   2.30	   9.85	
    582	  13.10	   0.92	  0.029	0.99553							#	   2.28	  10.96	
    583	  12.93	   0.77	  0.016	0.99566							#	   2.24	  10.30	
    584	  12.89	   0.44	  0.009	0.99551							#	   2.25	   9.70	
    585	  12.72	   0.20	  0.012	0.99519							#	   2.29	   9.80	
    586	  12.88	  -0.05	  0.007	0.99523							#	   2.27	  10.05	
    587	  12.90	  -0.32	  0.009	0.99524							#	   2.43	   9.75	
    588	  12.64	  -0.37	  0.014	0.99546							#	   2.24	   9.65	
    589	  12.54	  -0.81	 -0.005	0.99564							#	   2.17	  10.61	
    590	  12.08	  -0.89	 -0.006	0.99583							#	   2.09	  11.26	
    591	  11.99	  -1.02	 -0.011	0.99596							#	   2.12	  10.86	
    592	  11.83	  -0.71	 -0.003	0.99595							#	   2.08	  10.61	
    593	  11.47	  -0.24	  0.029	0.99603							#	   1.97	  10.96	
    594	  11.34	   0.67	  0.065	0.99657							#	   1.94	  12.42	
    595	  11.35	   0.50	  0.065	0.99680							#	   1.90	  11.82	
    596	  11.45	   0.42	  0.062	0.99681							#	   1.91	  12.37	
    597	  11.36	   0.16	  0.064	0.99681							#	   1.96	  11.52	
    598	  11.07	  -0.29	  0.071	0.99658							#	   1.98	  12.12	
    599	  11.45	  -0.60	  0.067	0.99665							#	   2.10	  12.73	
    600	  11.67	  -0.92	  0.064	0.99667							#	   2.06	  11.16	
    601	  11.96	  -1.09	  0.066	0.99666							#	   2.22	  11.52	
    602	  12.05	  -0.85	  0.079	0.99639							#	   2.28	  11.77	
    603	  12.08	  -1.30	  0.080	0.99632							#	   2.13	  12.42	
    604	  12.41	  -1.72	  0.082	0.99621							#	   2.24	  12.02	
    605	  12.36	  -2.16	  0.063	0.99614							#	   2.21	  12.63	
    606	  12.33	  -1.66	  0.074	0.99626							#	   2.16	  12.12	
    607	  12.05	  -1.38	  0.083	0.99606							#	   2.13	  12.42	
    608	  11.38	  -1.17	  0.097	0.99588							#	   1.99	  13.28	
    609	  10.95	  -1.17	  0.097	0.99629							#	   1.73	  13.28	
    610	  10.30	  -1.69	  0.079	0.99638							#	   1.53	  13.48	
    611	   9.70	  -1.45	  0.082	0.99659							#	   1.43	  13.99	
    612	   9.24	  -1.67	  0.069	0.99693							#	   1.41	  14.90	
    613	   8.47	  -2.36	  0.063	0.99724							#	   1.24	  16.36	
    614	   7.98	  -2.34	  0.062	0.99731							#	   1.19	  17.63	
    615	   7.31	  -2.62	  0.056	0.99753							#	   1.12	  18.28	
    616	   7.03	  -2.52	  0.052	0.99759							#	   1.00	  17.93	
    617	   6.29	  -2.52	  0.052	0.99786							#	   0.85	  19.39	
    618	   6.14	  -2.66	  0.048	0.99798							#	   0.88	  20.15	
    619	   5.68	  -2.38	  0.047	0.99825							#	   0.79	  21.72	
    620	   5.43	  -2.68	  0.049	0.99825							#	   0.80	  22.22	
    621	   5.19	  -2.42	  0.052	0.99836							#	   0.79	  22.83	
    622	   4.99	  -2.53	  0.043	0.99830							#	   0.83	  22.42	
    623	   5.14	  -2.33	  0.040	0.99826							#	   0.80	  22.63	
    624	   4.97	  -2.27	  0.047	0.99843							#	   0.80	  22.83	
    625	   4.83	  -2.57	  0.040	0.99831							#	   0.87	  22.32	
    626	   4.71	  -2.40	  0.036	0.99837							#	   0.78	  22.98	
    627	   4.51	  -2.54	  0.036	0.99845							#	   0.75	  23.13	
    628	   4.42	  -2.30	  0.046	0.99859							#	   0.69	  24.95	
    629	   4.14	  -2.65	  0.033	0.99883							#	   0.65	  24.70	
    630	   4.09	  -2.33	  0.042	0.99888							#	   0.60	  23.18	
    631	   3.90	  -2.41	  0.032	0.99901							#	   0.57	  26.31	
    632	   5.05	  -2.19	  0.036	0.99813							#	   1.06	  23.54	
    633	   4.55	  -2.08	  0.032	0.99821							#	   0.72	  23.54	
    634	   4.21	  -2.35	  0.037	0.99839							#	   0.76	  24.14	
    635	   4.01	  -2.25	  0.029	0.99867							#	   0.64	  24.95	
    636	   2.40	  -2.57	  0.020	1.00000							#	   0.27	  32.78	
    637	   3.71	  -2.12	  0.021	0.99891							#	   0.54	  26.16	
    638	   3.83	  -2.18	  0.028	0.99887							#	   0.63	  25.71	
    639	   2.54	  -2.33	  0.020	0.99962							#	   0.32	  30.96	
    640	   2.46	  -2.19	  0.017	0.99946							#	   0.34	  31.67	
    641	   2.51	  -1.98	  0.027	0.99928							#	   0.35	  31.77	
    642	   2.18	  -2.19	  0.030	0.99970							#	   0.28	  33.59	
    643	   2.30	  -2.06	  0.029	0.99966							#	   0.30	  32.83	
    644	   2.32	  -2.09	  0.025	0.99945							#	   0.29	  35.25	
    645	   2.50	  -1.94	  0.019	0.99925							#	   0.30	  33.33	
    646	   2.21	  -1.92	  0.016	0.99942							#	   0.24	  37.98	
