      1	  -1.01	  -1.43	 -0.015	0.99911							#	   0.03	  58.94	
      2	  -1.47	  -1.63	 -0.012	0.99908							#	   0.12	  58.03	
      3	  -1.37	  -1.58	 -0.008	0.99898							#	   0.12	  57.22	
      4	  -1.78	  -1.19	 -0.005	0.99900							#	   0.11	  57.78	
      5	  -1.90	  -1.13	 -0.001	0.99900							#	   0.11	  59.09	
      6	  -1.75	  -1.12	  0.000	0.99914							#	   0.11	  59.39	
      7	  -1.71	  -1.16	  0.002	0.99919							#	   0.11	  58.38	
      8	  -1.67	  -1.27	  0.000	0.99917							#	   0.11	  56.16	
      9	  -1.41	  -0.98	  0.003	0.99917							#	   0.09	  56.62	
     10	  -1.37	  -1.02	  0.002	0.99920							#	   0.10	  53.64	
     11	  -1.30	  -1.32	  0.002	0.99926							#	   0.11	  53.03	
     12	  -1.41	  -1.46	  0.001	0.99926							#	   0.12	  52.73	
     13	  -1.68	  -1.44	 -0.001	0.99931							#	   0.12	  55.25	
     14	  -1.59	  -1.20	 -0.003	0.99926							#	   0.11	  53.64	
     15	  -1.44	  -1.19	 -0.005	0.99930							#	   0.10	  53.99	
     16	  -1.22	  -1.02	 -0.006	0.99933							#	   0.09	  53.69	
     17	  -1.42	  -1.05	 -0.008	0.99932							#	   0.09	  55.66	
     18	  -1.70	  -0.95	 -0.009	0.99938							#	   0.10	  54.34	
     19	  -1.35	  -0.93	 -0.013	0.99937							#	   0.09	  53.69	
     20	  -1.34	  -0.75	 -0.014	0.99932							#	   0.08	  53.84	
     21	  -1.10	  -0.56	 -0.015	0.99940							#	   0.07	  52.17	
     22	  -0.68	  -0.38	 -0.019	0.99951							#	   0.06	  48.38	
     23	  -1.06	  -0.32	 -0.018	0.99941							#	   0.07	  50.86	
     24	  -1.34	  -0.27	 -0.021	0.99944							#	   0.08	  49.65	
     25	  -1.16	  -0.18	 -0.022	0.99943							#	   0.07	  46.62	
     26	  -1.15	  -0.28	 -0.023	0.99940							#	   0.08	  45.91	
     27	  -0.93	  -0.21	 -0.022	0.99938							#	   0.07	  46.46	
     28	  -1.22	  -0.58	 -0.022	0.99938							#	   0.08	  46.11	
     29	  -1.27	  -0.71	 -0.022	0.99945							#	   0.09	  46.21	
     30	  -1.28	  -0.56	 -0.024	0.99948							#	   0.09	  48.08	
     31	  -1.34	  -0.72	 -0.024	0.99955							#	   0.09	  48.38	
     32	  -1.66	  -0.83	 -0.019	0.99955							#	   0.10	  47.98	
     33	  -1.70	  -0.64	 -0.014	0.99944							#	   0.10	  48.28	
     34	  -1.94	   0.01	 -0.010	0.99954							#	   0.11	  49.29	
     35	  -1.83	  -0.07	 -0.002	0.99937							#	   0.10	  47.63	
     36	  -1.69	  -0.14	  0.006	0.99916							#	   0.10	  44.90	
     37	  -1.43	   0.10	  0.008	0.99914							#	   0.10	  43.64	
     38	  -1.42	  -0.45	  0.006	0.99928							#	   0.11	  44.75	
     39	  -1.70	  -1.11	  0.003	0.99927							#	   0.13	  47.53	
     40	  -2.03	  -1.75	 -0.002	0.99937							#	   0.16	  49.14	
     41	  -2.27	  -2.19	 -0.006	0.99939							#	   0.20	  49.39	
     42	  -2.28	  -2.70	 -0.002	0.99920							#	   0.23	  48.54	
     43	  -2.44	  -2.51	 -0.003	0.99921							#	   0.22	  49.19	
     44	  -2.31	  -2.40	 -0.001	0.99922							#	   0.21	  48.48	
     45	  -2.39	  -2.24	 -0.001	0.99919							#	   0.20	  48.28	
     46	  -2.28	  -2.05	 -0.003	0.99926							#	   0.19	  50.25	
     47	  -2.14	  -1.89	  0.000	0.99925							#	   0.16	  51.01	
     48	  -2.07	  -1.62	 -0.001	0.99939							#	   0.15	  48.94	
     49	  -2.02	  -1.39	  0.001	0.99941							#	   0.13	  49.19	
     50	  -2.00	  -1.28	  0.001	0.99940							#	   0.13	  49.34	
     51	  -1.93	  -0.97	 -0.001	0.99932							#	   0.11	  50.81	
     52	  -1.78	  -0.61	 -0.001	0.99943							#	   0.11	  46.41	
     53	  -1.57	  -0.54	 -0.005	0.99941							#	   0.10	  46.41	
     54	  -1.70	  -0.21	 -0.006	0.99945							#	   0.10	  46.36	
     55	  -1.64	   0.06	 -0.009	0.99949							#	   0.11	  45.76	
     56	  -1.70	   0.10	 -0.009	0.99951							#	   0.11	  44.75	
     57	  -1.79	   0.15	 -0.012	0.99944							#	   0.11	  43.69	
     58	  -1.76	   0.10	 -0.008	0.99945							#	   0.11	  43.48	
     59	  -1.54	   0.21	 -0.008	0.99938							#	   0.11	  41.82	
     60	  -1.42	   0.11	 -0.007	0.99937							#	   0.19	  40.96	
     61	  -1.25	   0.12	 -0.005	0.99936							#	   0.10	  40.71	
     62	  -1.01	   0.04	 -0.005	0.99935							#	   0.09	  40.00	
     63	  -1.03	  -0.03	  0.000	0.99942							#	   0.08	  38.84	
     64	  -1.12	  -0.02	  0.005	0.99937							#	   0.09	  40.15	
     65	  -1.30	   0.18	  0.010	0.99928							#	   0.09	  40.86	
     66	  -1.35	   0.05	  0.007	0.99937							#	   0.09	  43.13	
     67	  -2.12	  -1.21	 -0.007	0.99959							#	   0.14	  47.32	
     68	  -2.76	  -1.85	 -0.020	0.99963							#	   0.21	  48.38	
     69	  -2.70	  -2.26	 -0.030	0.99957							#	   0.24	  46.97	
     70	  -2.67	  -2.01	 -0.025	0.99940							#	   0.23	  45.45	
     71	  -2.92	  -1.54	 -0.009	0.99914							#	   0.20	  45.40	
     72	  -2.94	  -1.13	  0.004	0.99912							#	   0.20	  45.91	
     73	  -2.28	  -0.49	  0.017	0.99920							#	   0.14	  42.78	
     74	  -3.14	  -1.09	  0.021	0.99800							#	   0.15	  56.57	
     75	  -3.00	  -1.33	  0.021	0.99824							#	   0.16	  57.37	
     76	  -3.02	  -1.69	  0.018	0.99831							#	   0.16	  57.88	
     77	  -2.86	  -1.72	  0.017	0.99829							#	   0.17	  56.11	
     78	  -2.88	  -1.85	  0.012	0.99832							#	   0.16	  56.36	
     79	  -2.88	  -1.74	  0.010	0.99824							#	   0.15	  56.41	
     80	  -3.00	  -1.99	  0.010	0.99812							#	   0.18	  54.44	
     81	  -2.91	  -2.00	  0.008	0.99814							#	   0.16	  54.29	
     82	  -2.95	  -1.95	  0.007	0.99808							#	   0.15	  55.05	
     83	  -3.08	  -1.74	  0.005	0.99806							#	   0.15	  54.39	
     84	  -2.99	  -1.60	  0.005	0.99805							#	   0.14	  53.48	
     85	  -2.75	  -1.27	  0.005	0.99795							#	   0.13	  54.04	
     86	  -2.66	  -0.96	  0.005	0.99790							#	   0.11	  53.69	
     87	  -2.41	  -0.63	  0.004	0.99788							#	   0.10	  52.83	
     88	  -2.27	  -0.26	  0.006	0.99785							#	   0.09	  53.33	
     89	  -2.32	   0.15	  0.007	0.99776							#	   0.08	  53.54	
     90	  -1.99	   0.60	  0.005	0.99791							#	   0.08	  54.29	
     91	  -1.81	   0.87	  0.007	0.99788							#	   0.08	  55.20	
     92	  -2.23	   1.17	  0.009	0.99781							#	   0.10	  55.30	
     93	  -2.04	   1.67	  0.007	0.99781							#	   0.11	  55.81	
     94	  -1.80	   1.70	  0.008	0.99779							#	   0.11	  55.96	
     95	  -2.33	   1.62	  0.009	0.99779							#	   0.12	  56.16	
     96	  -2.36	   1.69	  0.008	0.99776							#	   0.12	  56.82	
     97	  -1.65	   1.94	  0.007	0.99789							#	   0.11	  56.06	
     98	  -2.23	   1.74	  0.009	0.99794							#	   0.12	  55.81	
     99	  -2.37	   1.35	  0.010	0.99782							#	   0.11	  56.41	
    100	  -2.36	   1.52	  0.015	0.99787							#	   0.12	  56.57	
    101	  -2.35	   1.47	  0.017	0.99782							#	   0.13	  58.84	
    102	  -2.22	   1.11	  0.014	0.99763							#	   0.14	  61.16	
    103	  -1.92	   1.01	  0.011	0.99769							#	   0.13	  61.41	
    104	  -1.64	   0.41	  0.006	0.99787							#	   0.11	  62.12	
    105	  -1.65	  -0.30	  0.008	0.99793							#	   0.09	  58.84	
    106	  -1.65	  -1.47	  0.008	0.99802							#	   0.11	  57.32	
    107	  -1.87	  -2.15	  0.010	0.99802							#	   0.14	  56.31	
    108	  -1.78	  -2.51	  0.013	0.99807							#	   0.15	  56.36	
    109	  -1.84	  -2.48	  0.016	0.99804							#	   0.16	  56.72	
    110	  -1.66	  -2.35	  0.015	0.99797							#	   0.15	  57.07	
    111	  -1.60	  -2.25	  0.014	0.99793							#	   0.15	  57.42	
    112	  -1.25	  -2.04	  0.011	0.99792							#	   0.12	  57.98	
    113	  -1.12	  -1.88	  0.009	0.99793							#	   0.12	  58.33	
    114	  -1.10	  -1.83	  0.006	0.99794							#	   0.11	  57.88	
    115	  -1.05	  -1.54	  0.007	0.99794							#	   0.10	  59.70	
    116	  -1.04	  -1.29	  0.006	0.99800							#	   0.10	  58.33	
    117	  -0.97	  -0.99	  0.003	0.99797							#	   0.09	  60.10	
    118	  -0.70	  -0.68	  0.005	0.99791							#	   0.09	  57.47	
    119	  -0.78	  -0.38	  0.008	0.99787							#	   0.07	  57.22	
    120	  -0.59	  -0.06	  0.005	0.99781							#	   0.14	  56.77	
    121	  -0.28	   0.36	  0.006	0.99784							#	   0.08	  56.36	
    122	  -0.34	   0.30	  0.008	0.99781							#	   0.08	  57.47	
    123	  -0.24	   0.45	  0.007	0.99776							#	   0.08	  57.32	
    124	  -0.10	   0.54	  0.007	0.99776							#	   0.08	  57.98	
    125	  -0.13	   0.69	  0.006	0.99772							#	   0.08	  57.83	
    126	  -0.17	   0.78	  0.005	0.99765							#	   0.08	  58.43	
    127	  -0.09	   0.32	  0.003	0.99761							#	   0.08	  58.79	
    128	  -0.11	   0.33	  0.003	0.99760							#	   0.07	  58.94	
    129	   0.08	   0.24	  0.003	0.99758							#	   0.08	  58.74	
    130	  -0.01	   0.35	  0.003	0.99754							#	   0.08	  58.38	
    131	   0.09	   0.81	  0.006	0.99757							#	   0.09	  57.93	
    132	   0.12	   0.63	  0.002	0.99763							#	   0.08	  57.78	
    133	   0.02	  -1.23	 -0.003	0.99762							#	   0.10	  57.07	
    134	  -0.15	  -1.58	 -0.011	0.99768							#	   0.11	  58.64	
    135	  -0.60	  -0.68	 -0.003	0.99759							#	   0.09	  57.93	
    136	  -0.41	  -0.70	  0.013	0.99747							#	   0.10	  57.12	
    137	   0.67	  -0.23	  0.028	0.99740							#	   0.13	  57.88	
    138	   0.40	  -0.17	  0.034	0.99740							#	   0.14	  59.85	
    139	  -0.23	  -0.35	  0.030	0.99758							#	   0.12	  61.52	
    140	  -0.19	  -0.80	  0.022	0.99778							#	   0.11	  61.72	
    141	  -0.08	  -1.54	  0.015	0.99788							#	   0.12	  60.66	
    142	  -0.34	  -1.90	  0.010	0.99793							#	   0.12	  59.65	
    143	  -0.32	  -2.14	  0.005	0.99790							#	   0.14	  59.75	
    144	  -0.25	  -2.63	  0.003	0.99787							#	   0.15	  59.80	
    145	  -0.36	  -2.52	 -0.000	0.99789							#	   0.14	  59.55	
    146	  -0.20	  -2.66	  0.001	0.99787							#	   0.15	  60.35	
    147	  -0.30	  -2.38	 -0.000	0.99786							#	   0.13	  61.26	
    148	  -0.47	  -2.31	 -0.001	0.99786							#	   0.13	  61.52	
    149	  -0.52	  -2.22	 -0.002	0.99785							#	   0.12	  63.64	
    150	  -0.61	  -1.88	 -0.001	0.99786							#	   0.12	  62.73	
    151	  -0.82	  -1.63	  0.001	0.99786							#	   0.10	  63.74	
    152	  -0.82	  -1.36	 -0.001	0.99777							#	   0.10	  64.09	
    153	  -0.71	  -1.08	  0.001	0.99780							#	   0.09	  61.87	
    154	  -0.95	  -0.67	  0.002	0.99774							#	   0.07	  62.12	
    155	  -0.73	  -0.16	  0.001	0.99770							#	   0.07	  61.92	
    156	  -0.56	   0.06	  0.003	0.99769							#	   0.07	  62.73	
    157	  -0.63	   0.36	  0.003	0.99763							#	   0.07	  62.63	
    158	  -0.85	   0.78	  0.004	0.99761							#	   0.08	  62.83	
    159	  -0.84	   0.87	  0.003	0.99756							#	   0.08	  62.88	
    160	  -0.72	   0.95	  0.002	0.99753							#	   0.09	  63.03	
    161	  -0.65	   0.97	  0.004	0.99752							#	   0.09	  63.03	
    162	  -1.04	   1.19	  0.004	0.99745							#	   0.09	  63.89	
    163	  -1.03	   1.23	  0.004	0.99747							#	   0.09	  63.33	
    164	  -1.06	   1.12	  0.005	0.99746							#	   0.09	  62.98	
    165	  -0.94	   1.12	  0.004	0.99746							#	   0.10	  63.18	
    166	  -0.94	   1.45	  0.003	0.99751							#	   0.11	  64.04	
    167	  -1.33	   1.23	  0.004	0.99752							#	   0.10	  63.94	
    168	  -1.44	   0.68	  0.009	0.99737							#	   0.10	  63.33	
    169	  -1.45	   1.03	  0.009	0.99743							#	   0.11	  63.03	
    170	  -1.45	   0.82	  0.015	0.99733							#	   0.11	  61.92	
    171	  -1.50	   0.59	  0.015	0.99723							#	   0.11	  62.27	
    172	  -1.24	   0.48	  0.014	0.99725							#	   0.11	  62.27	
    173	  -1.14	   0.03	  0.012	0.99729							#	   0.11	  63.54	
    174	  -1.26	  -0.42	  0.010	0.99744							#	   0.10	  63.94	
    175	  -0.98	  -1.04	  0.011	0.99723							#	   0.11	  63.08	
    176	  -0.96	  -1.74	  0.014	0.99701							#	   0.15	  64.49	
    177	  -1.03	  -1.98	  0.014	0.99743							#	   0.14	  65.30	
    178	  -0.92	  -1.79	  0.016	0.99762							#	   0.13	  65.91	
    179	  -1.27	  -1.53	  0.016	0.99737							#	   0.13	  65.00	
    180	  -0.77	  -1.54	  0.016	0.99724							#	   0.22	  65.81	
    181	  -0.62	  -1.29	  0.014	0.99744							#	   0.13	  65.35	
    182	  -0.68	  -1.22	  0.013	0.99753							#	   0.11	  65.96	
    183	  -0.62	  -1.05	  0.014	0.99760							#	   0.11	  65.30	
    184	  -0.63	  -1.16	  0.014	0.99760							#	   0.11	  65.35	
    185	  -0.88	  -0.78	  0.013	0.99759							#	   0.10	  65.71	
    186	  -0.61	  -0.48	  0.013	0.99759							#	   0.10	  65.56	
    187	  -0.74	  -0.22	  0.012	0.99752							#	   0.10	  65.51	
    188	  -0.65	   0.15	  0.010	0.99744							#	   0.09	  65.40	
    189	  -0.40	   0.35	  0.010	0.99740							#	   0.10	  65.86	
    190	  -0.64	   0.46	  0.010	0.99737							#	   0.11	  65.51	
    191	  -0.56	   0.92	  0.008	0.99732							#	   0.11	  67.02	
    192	  -0.42	   1.10	  0.008	0.99732							#	   0.12	  66.57	
    193	  -0.08	   1.23	  0.007	0.99733							#	   0.12	  66.06	
    194	  -0.42	   1.22	  0.009	0.99721							#	   0.13	  66.41	
    195	  -0.50	   1.32	  0.006	0.99716							#	   0.14	  66.31	
    196	  -0.35	   1.02	  0.009	0.99707							#	   0.14	  66.11	
    197	  -0.37	   0.82	  0.006	0.99709							#	   0.14	  66.77	
    198	  -0.33	   0.75	  0.008	0.99712							#	   0.12	  66.57	
    199	  -0.32	   0.54	  0.006	0.99713							#	   0.11	  66.11	
    200	  -0.37	   0.60	  0.007	0.99713							#	   0.11	  66.31	
    201	  -0.49	   0.40	  0.004	0.99712							#	   0.12	  65.15	
    202	  -0.42	  -0.24	  0.003	0.99709							#	   0.11	  65.00	
    203	  -0.54	  -0.64	  0.001	0.99706							#	   0.12	  64.95	
    204	  -0.45	  -0.72	  0.004	0.99697							#	   0.14	  64.85	
    205	  -0.64	  -0.75	  0.007	0.99691							#	   0.15	  65.20	
    206	  -1.19	  -0.78	  0.010	0.99681							#	   0.16	  65.56	
    207	  -0.91	  -0.93	  0.008	0.99702							#	   0.15	  66.01	
    208	  -0.91	  -1.22	  0.008	0.99725							#	   0.15	  66.67	
    209	  -1.25	  -1.72	  0.007	0.99742							#	   0.16	  66.52	
    210	  -1.69	  -1.82	  0.007	0.99740							#	   0.16	  66.97	
    211	  -1.43	  -1.81	  0.008	0.99739							#	   0.16	  67.53	
    212	  -1.47	  -1.81	  0.007	0.99735							#	   0.17	  68.28	
    213	  -1.43	  -1.78	  0.008	0.99725							#	   0.17	  68.74	
    214	  -1.01	  -1.93	  0.006	0.99727							#	   0.16	  67.12	
    215	  -1.39	  -2.08	  0.005	0.99725							#	   0.17	  69.29	
    216	  -1.81	  -1.93	  0.004	0.99725							#	   0.18	  68.79	
    217	  -1.32	  -1.95	  0.004	0.99727							#	   0.18	  69.39	
    218	  -1.55	  -1.79	  0.002	0.99728							#	   0.18	  69.29	
    219	  -1.67	  -1.69	  0.002	0.99725							#	   0.18	  70.15	
    220	  -1.76	  -1.62	  0.000	0.99727							#	   0.18	  69.39	
    221	  -1.89	  -1.42	  0.002	0.99723							#	   0.18	  69.75	
    222	  -1.90	  -1.32	  0.000	0.99723							#	   0.16	  69.49	
    223	  -1.92	  -1.10	  0.001	0.99722							#	   0.15	  70.61	
    224	  -2.05	  -0.78	 -0.000	0.99713							#	   0.16	  70.45	
    225	  -1.75	  -0.41	 -0.002	0.99711							#	   0.15	  70.56	
    226	  -1.63	  -0.23	 -0.002	0.99714							#	   0.14	  70.25	
    227	  -2.07	   0.25	 -0.002	0.99704							#	   0.14	  71.82	
    228	  -2.33	   0.38	 -0.003	0.99702							#	   0.16	  71.52	
    229	  -2.19	   0.79	 -0.006	0.99692							#	   0.19	  70.86	
    230	  -2.07	   0.51	 -0.005	0.99685							#	   0.17	  71.36	
    231	  -2.64	   0.68	 -0.006	0.99676							#	   0.20	  72.22	
    232	  -3.92	   0.86	 -0.005	0.99674							#	   0.27	  71.77	
    233	  -4.83	   0.72	 -0.005	0.99675							#	   0.35	  70.25	
    234	  -5.39	   0.66	 -0.005	0.99671							#	   0.44	  70.10	
    235	  -3.22	   0.02	 -0.006	0.99693							#	   0.23	  71.57	
    236	  -3.89	  -0.03	 -0.007	0.99710							#	   0.26	  69.09	
    237	  -4.01	  -0.04	 -0.005	0.99695							#	   0.28	  70.05	
    238	  -4.42	   0.59	 -0.004	0.99708							#	   0.32	  71.11	
    239	  -4.64	   0.77	  0.002	0.99700							#	   0.33	  70.66	
    240	  -4.81	   0.52	  0.005	0.99665							#	   0.44	  70.86	
    241	  -4.43	   0.56	  0.007	0.99646							#	   0.33	  70.76	
    242	  -4.54	  -0.12	  0.005	0.99656							#	   0.33	  70.45	
    243	  -4.48	  -1.20	  0.002	0.99669							#	   0.37	  69.85	
    244	  -4.53	  -1.61	  0.002	0.99675							#	   0.38	  69.70	
    245	  -4.61	  -1.97	 -0.001	0.99681							#	   0.41	  66.97	
    246	  -4.45	  -2.49	  0.004	0.99684							#	   0.42	  68.03	
    247	  -4.58	  -2.43	  0.003	0.99687							#	   0.44	  67.93	
    248	  -4.64	  -2.06	  0.005	0.99689							#	   0.40	  68.54	
    249	  -4.57	  -1.62	  0.006	0.99685							#	   0.39	  68.89	
    250	  -4.52	  -1.30	  0.007	0.99676							#	   0.38	  71.46	
    251	  -4.40	  -1.14	  0.003	0.99677							#	   0.37	  70.71	
    252	  -4.19	  -0.95	  0.003	0.99676							#	   0.37	  70.86	
    253	  -4.09	  -0.81	  0.003	0.99680							#	   0.33	  72.07	
    254	  -4.32	  -0.85	  0.007	0.99670							#	   0.35	  71.57	
    255	  -5.19	  -0.72	  0.005	0.99664							#	   0.44	  69.34	
    256	  -4.82	  -0.32	  0.009	0.99658							#	   0.40	  71.36	
    257	  -5.61	   0.10	  0.002	0.99654							#	   0.45	  69.39	
    258	  -5.69	   0.61	 -0.000	0.99648							#	   0.51	  70.25	
    259	  -5.36	   1.19	 -0.002	0.99654							#	   0.46	  69.75	
    260	  -5.26	   1.17	 -0.001	0.99650							#	   0.46	  70.76	
    261	  -5.19	   1.29	 -0.001	0.99643							#	   0.48	  70.05	
    262	  -4.82	   1.22	 -0.003	0.99636							#	   0.46	  69.60	
    263	  -4.78	   1.10	 -0.001	0.99627							#	   0.44	  70.86	
    264	  -4.61	   0.90	 -0.001	0.99622							#	   0.44	  69.95	
    265	  -4.21	   0.57	 -0.001	0.99625							#	   0.39	  70.20	
    266	  -4.11	   0.40	  0.001	0.99629							#	   0.36	  71.87	
    267	  -3.93	   0.35	 -0.002	0.99625							#	   0.37	  70.20	
    268	  -3.76	   0.47	 -0.002	0.99631							#	   0.37	  71.97	
    269	  -3.82	   0.63	  0.001	0.99639							#	   0.37	  72.98	
    270	  -3.83	   0.34	 -0.001	0.99634							#	   0.37	  72.37	
    271	  -3.36	  -0.46	 -0.000	0.99642							#	   0.32	  70.61	
    272	  -4.55	  -0.87	 -0.003	0.99640							#	   0.44	  68.89	
    273	  -4.10	  -1.34	 -0.003	0.99630							#	   0.46	  69.09	
    274	  -3.92	  -1.51	 -0.006	0.99627							#	   0.44	  69.14	
    275	  -4.67	  -1.58	  0.002	0.99634							#	   0.49	  70.96	
    276	  -5.35	  -1.27	  0.004	0.99632							#	   0.53	  71.36	
    277	  -5.28	  -1.32	  0.009	0.99633							#	   0.47	  72.12	
    278	  -4.94	  -1.43	  0.011	0.99644							#	   0.47	  72.42	
    279	  -5.03	  -1.75	  0.011	0.99648							#	   0.54	  73.38	
    280	  -5.29	  -1.94	  0.012	0.99653							#	   0.54	  74.44	
    281	  -5.01	  -1.97	  0.010	0.99655							#	   0.51	  74.49	
    282	  -4.83	  -2.24	  0.008	0.99656							#	   0.54	  76.11	
    283	  -4.94	  -2.30	  0.007	0.99659							#	   0.55	  75.25	
    284	  -5.07	  -2.23	  0.006	0.99658							#	   0.55	  75.56	
    285	  -5.07	  -1.90	  0.005	0.99656							#	   0.51	  75.76	
    286	  -5.09	  -1.76	  0.003	0.99658							#	   0.50	  75.40	
    287	  -4.80	  -1.34	  0.002	0.99656							#	   0.46	  73.33	
    288	  -4.93	  -0.98	  0.002	0.99656							#	   0.49	  73.59	
    289	  -4.97	  -0.57	 -0.001	0.99648							#	   0.48	  72.42	
    290	  -5.29	  -0.13	  0.001	0.99646							#	   0.52	  71.87	
    291	  -5.42	   0.50	 -0.003	0.99642							#	   0.56	  71.77	
    292	  -4.89	   1.12	 -0.004	0.99642							#	   0.48	  70.51	
    293	  -5.10	   1.67	 -0.005	0.99639							#	   0.51	  71.57	
    294	  -5.51	   2.02	 -0.004	0.99630							#	   0.57	  72.12	
    295	  -5.48	   2.50	 -0.007	0.99617							#	   0.58	  73.13	
    296	  -5.08	   3.25	 -0.007	0.99615							#	   0.58	  73.84	
    297	  -4.40	   2.92	 -0.006	0.99607							#	   0.50	  75.20	
    298	  -4.99	   3.12	 -0.004	0.99604							#	   0.60	  76.52	
    299	  -4.92	   3.40	 -0.004	0.99600							#	   0.63	  77.58	
    300	  -4.63	   3.38	 -0.003	0.99604							#	   0.73	  78.84	
    301	  -4.59	   3.32	  0.001	0.99612							#	   0.56	  79.39	
    302	  -4.79	   2.92	  0.002	0.99600							#	   0.54	  79.44	
    303	  -4.67	   2.78	  0.006	0.99592							#	   0.51	  80.05	
    304	  -4.77	   2.73	  0.006	0.99586							#	   0.53	  80.30	
    305	  -4.38	   2.17	  0.005	0.99589							#	   0.52	  79.80	
    306	  -4.14	   1.40	  0.007	0.99588							#	   0.50	  79.90	
    307	  -3.76	   0.56	  0.006	0.99597							#	   0.46	  77.73	
    308	  -3.69	  -0.15	  0.008	0.99604							#	   0.40	  75.96	
    309	  -3.59	  -0.72	  0.010	0.99607							#	   0.40	  74.80	
    310	  -3.35	  -1.31	  0.012	0.99613							#	   0.38	  75.45	
    311	  -3.27	  -1.29	  0.014	0.99617							#	   0.39	  75.56	
    312	  -3.21	  -1.48	  0.011	0.99617							#	   0.44	  77.63	
    313	  -3.03	  -1.31	  0.008	0.99618							#	   0.42	  79.65	
    314	  -2.82	  -1.29	  0.005	0.99616							#	   0.40	  78.28	
    315	  -2.49	  -1.40	  0.005	0.99615							#	   0.36	  78.69	
    316	  -2.35	  -1.63	  0.005	0.99618							#	   0.36	  78.79	
    317	  -2.43	  -1.74	  0.007	0.99624							#	   0.37	  78.79	
    318	  -2.23	  -1.64	  0.005	0.99624							#	   0.38	  79.19	
    319	  -2.13	  -1.56	  0.004	0.99614							#	   0.39	  78.28	
    320	  -2.32	  -1.30	  0.003	0.99616							#	   0.38	  79.49	
    321	  -2.25	  -1.01	  0.003	0.99609							#	   0.38	  77.93	
    322	  -2.28	  -0.77	 -0.001	0.99610							#	   0.35	  77.93	
    323	  -2.37	  -0.41	  0.001	0.99600							#	   0.35	  75.81	
    324	  -3.02	  -0.12	 -0.001	0.99602							#	   0.37	  75.56	
    325	  -2.44	   0.21	 -0.004	0.99601							#	   0.32	  76.16	
    326	  -2.36	   0.39	 -0.000	0.99604							#	   0.34	  75.66	
    327	  -2.63	   0.84	 -0.003	0.99593							#	   0.37	  75.51	
    328	  -2.62	   1.26	 -0.005	0.99586							#	   0.40	  76.52	
    329	  -2.13	   1.30	 -0.006	0.99574							#	   0.35	  76.67	
    330	  -1.93	   1.01	 -0.004	0.99572							#	   0.31	  75.61	
    331	  -1.99	   0.77	 -0.006	0.99572							#	   0.33	  76.41	
    332	  -1.73	   0.61	 -0.007	0.99573							#	   0.33	  76.77	
    333	  -1.61	   0.55	 -0.008	0.99569							#	   0.34	  78.08	
    334	  -1.44	   0.58	 -0.006	0.99575							#	   0.33	  79.14	
    335	  -1.70	   0.51	 -0.006	0.99580							#	   0.34	  77.47	
    336	  -1.54	  -0.08	 -0.008	0.99582							#	   0.31	  78.84	
    337	  -1.61	  -0.71	 -0.006	0.99583							#	   0.31	  77.07	
    338	  -2.09	  -1.63	 -0.009	0.99572							#	   0.38	  76.36	
    339	  -2.34	  -2.28	 -0.008	0.99571							#	   0.41	  75.81	
    340	  -2.88	  -2.43	 -0.006	0.99559							#	   0.48	  75.86	
    341	  -3.14	  -2.62	 -0.005	0.99554							#	   0.56	  74.65	
    342	  -3.79	  -2.62	 -0.004	0.99555							#	   0.66	  76.52	
    343	  -3.92	  -2.82	 -0.002	0.99560							#	   0.65	  76.57	
    344	  -3.66	  -3.04	 -0.000	0.99564							#	   0.62	  75.71	
    345	  -4.17	  -3.25	  0.004	0.99569							#	   0.65	  77.02	
    346	  -4.39	  -3.25	 -0.001	0.99567							#	   0.70	  76.92	
    347	  -3.95	  -3.28	  0.001	0.99571							#	   0.64	  77.32	
    348	  -3.96	  -3.33	 -0.001	0.99578							#	   0.62	  77.98	
    349	  -4.07	  -3.38	 -0.001	0.99582							#	   0.63	  78.43	
    350	  -4.04	  -3.49	 -0.001	0.99585							#	   0.65	  77.88	
    351	  -4.07	  -3.50	  0.000	0.99590							#	   0.67	  78.84	
    352	  -3.88	  -3.09	 -0.002	0.99588							#	   0.63	  78.28	
    353	  -3.62	  -2.92	 -0.000	0.99583							#	   0.60	  77.58	
    354	  -3.70	  -2.75	  0.001	0.99583							#	   0.56	  77.63	
    355	  -3.89	  -2.51	  0.001	0.99580							#	   0.57	  76.92	
    356	  -3.47	  -2.18	  0.001	0.99576							#	   0.52	  77.53	
    357	  -3.25	  -1.95	  0.001	0.99577							#	   0.46	  78.48	
    358	  -3.17	  -1.60	  0.000	0.99573							#	   0.47	  79.29	
    359	  -3.04	  -1.31	 -0.001	0.99567							#	   0.44	  79.14	
    360	  -2.97	  -0.80	 -0.002	0.99567							#	   0.56	  80.30	
    361	  -2.93	  -0.42	 -0.002	0.99565							#	   0.40	  80.45	
    362	  -2.98	  -0.18	 -0.002	0.99561							#	   0.39	  81.52	
    363	  -2.82	   0.22	 -0.005	0.99555							#	   0.38	  82.47	
    364	  -3.18	   0.55	 -0.003	0.99551							#	   0.41	  82.37	
    365	  -3.79	   1.06	 -0.001	0.99548							#	   0.45	  83.89	
    366	  -3.45	   1.12	 -0.003	0.99544							#	   0.46	  83.89	
    367	  -3.48	   1.44	  0.000	0.99548							#	   0.45	  86.52	
    368	  -3.22	   1.51	 -0.001	0.99547							#	   0.43	  86.87	
    369	  -3.62	   1.76	  0.002	0.99556							#	   0.44	  86.11	
    370	  -3.79	   1.22	  0.002	0.99557							#	   0.43	  86.31	
    371	  -3.54	   1.08	  0.006	0.99554							#	   0.40	  89.04	
    372	  -3.83	   1.00	  0.007	0.99548							#	   0.45	  88.89	
    373	  -3.76	   0.63	  0.010	0.99539							#	   0.49	  89.14	
    374	  -3.72	   0.11	  0.009	0.99537							#	   0.52	  88.28	
    375	  -3.76	  -0.55	  0.009	0.99538							#	   0.51	  89.24	
    376	  -3.58	  -1.28	  0.005	0.99548							#	   0.51	  85.30	
    377	  -3.50	  -2.11	  0.003	0.99561							#	   0.52	  83.54	
    378	  -3.51	  -2.82	  0.004	0.99567							#	   0.55	  80.81	
    379	  -3.41	  -3.22	  0.004	0.99571							#	   0.56	  81.67	
    380	  -3.50	  -3.58	  0.006	0.99576							#	   0.55	  80.00	
    381	  -3.47	  -3.57	  0.007	0.99573							#	   0.57	  77.37	
    382	  -3.36	  -3.58	  0.007	0.99572							#	   0.60	  79.09	
    383	  -3.35	  -3.67	  0.007	0.99574							#	   0.66	  79.14	
    384	  -3.21	  -3.63	  0.005	0.99577							#	   0.62	  80.00	
    385	  -3.10	  -3.31	  0.005	0.99575							#	   0.58	  80.10	
    386	  -2.93	  -3.30	  0.006	0.99572							#	   0.59	  81.11	
    387	  -2.89	  -2.94	  0.005	0.99574							#	   0.53	  80.91	
    388	  -2.88	  -2.59	  0.003	0.99572							#	   0.53	  81.26	
    389	  -2.83	  -2.33	  0.003	0.99573							#	   0.48	  83.48	
    390	  -2.98	  -1.85	  0.003	0.99568							#	   0.49	  82.32	
    391	  -3.14	  -1.41	  0.003	0.99559							#	   0.48	  81.36	
    392	  -3.42	  -1.07	  0.002	0.99554							#	   0.47	  80.00	
    393	  -3.33	  -0.59	 -0.002	0.99550							#	   0.45	  79.14	
    394	  -3.07	   0.03	  0.000	0.99551							#	   0.44	  79.80	
    395	  -3.60	   0.71	 -0.002	0.99541							#	   0.47	  80.66	
    396	  -3.64	   1.36	 -0.006	0.99533							#	   0.48	  80.10	
    397	  -3.70	   2.06	 -0.007	0.99518							#	   0.48	  79.29	
    398	  -3.89	   2.68	 -0.008	0.99511							#	   0.52	  78.23	
    399	  -3.79	   3.20	 -0.008	0.99501							#	   0.61	  79.04	
    400	  -4.03	   3.46	 -0.007	0.99486							#	   0.62	  78.03	
    401	  -4.05	   3.82	 -0.008	0.99475							#	   0.62	  77.12	
    402	  -4.23	   3.88	 -0.008	0.99472							#	   0.58	  76.97	
    403	  -4.44	   3.72	 -0.008	0.99459							#	   0.63	  75.40	
    404	  -4.44	   3.48	 -0.005	0.99466							#	   0.68	  76.62	
    405	  -4.16	   3.71	 -0.004	0.99467							#	   0.63	  76.21	
    406	  -4.32	   3.79	  0.000	0.99476							#	   0.69	  75.66	
    407	  -4.57	   3.47	  0.004	0.99479							#	   0.62	  75.00	
    408	  -4.31	   2.92	  0.001	0.99481							#	   0.55	  72.83	
    409	  -4.61	   2.49	  0.003	0.99486							#	   0.57	  73.18	
    410	  -4.72	   1.61	  0.001	0.99460							#	   0.62	  70.81	
    411	  -4.32	   1.04	  0.001	0.99446							#	   0.60	  68.54	
    412	  -4.24	   0.82	  0.007	0.99445							#	   0.55	  70.71	
    413	  -4.03	   0.46	  0.011	0.99451							#	   0.57	  71.16	
    414	  -3.88	   0.28	  0.011	0.99447							#	   0.55	  72.27	
    415	  -4.08	   0.06	  0.011	0.99462							#	   0.55	  70.66	
    416	  -4.00	  -0.52	  0.008	0.99473							#	   0.57	  69.70	
    417	  -4.29	  -0.31	  0.007	0.99472							#	   0.60	  72.17	
    418	  -4.13	  -0.41	  0.004	0.99422							#	   0.65	  71.36	
    419	  -3.81	  -0.15	 -0.000	0.99422							#	   0.60	  70.91	
    420	  -4.05	   0.22	 -0.000	0.99484							#	   0.68	  72.22	
    421	  -4.34	   0.75	 -0.004	0.99474							#	   0.58	  72.47	
    422	  -3.65	   0.78	 -0.005	0.99462							#	   0.52	  71.52	
    423	  -3.80	   1.11	 -0.004	0.99484							#	   0.48	  72.02	
    424	  -3.66	   1.46	 -0.006	0.99491							#	   0.48	  73.23	
    425	  -3.51	   1.73	 -0.002	0.99494							#	   0.46	  73.79	
    426	  -3.52	   2.11	 -0.006	0.99492							#	   0.49	  73.94	
    427	  -3.01	   2.48	 -0.008	0.99492							#	   0.45	  75.05	
    428	  -2.41	   2.87	 -0.012	0.99488							#	   0.45	  75.35	
    429	  -2.04	   3.13	 -0.013	0.99489							#	   0.43	  75.56	
    430	  -1.73	   3.55	 -0.017	0.99499							#	   0.44	  78.28	
    431	  -0.93	   3.82	 -0.021	0.99490							#	   0.42	  76.01	
    432	  -0.70	   4.16	 -0.025	0.99484							#	   0.44	  79.34	
    433	  -0.32	   4.38	 -0.024	0.99477							#	   0.46	  77.73	
    434	  -0.45	   4.52	 -0.019	0.99470							#	   0.48	  75.56	
    435	  -0.36	   4.56	 -0.021	0.99454							#	   0.51	  77.53	
    436	  -0.61	   4.80	 -0.019	0.99451							#	   0.55	  75.05	
    437	  -0.29	   4.78	 -0.018	0.99436							#	   0.55	  78.74	
    438	  -0.57	   4.95	 -0.015	0.99433							#	   0.56	  74.24	
    439	  -1.05	   5.09	 -0.016	0.99420							#	   0.58	  76.01	
    440	  -0.91	   5.13	 -0.015	0.99415							#	   0.59	  73.89	
    441	  -0.92	   5.11	 -0.014	0.99409							#	   0.58	  74.80	
    442	  -1.25	   5.16	 -0.012	0.99404							#	   0.60	  69.85	
    443	  -1.89	   4.89	 -0.015	0.99399							#	   0.62	  73.59	
    444	  -1.54	   4.03	 -0.017	0.99367							#	   0.63	  69.49	
    445	  -1.47	   4.07	 -0.017	0.99359							#	   0.61	  72.27	
    446	  -1.86	   3.72	 -0.020	0.99351							#	   0.64	  69.90	
    447	  -1.64	   3.01	 -0.022	0.99331							#	   0.64	  70.81	
    448	  -1.19	   2.37	 -0.023	0.99329							#	   0.62	  67.63	
    449	  -0.90	   1.44	 -0.019	0.99344							#	   0.58	  69.29	
    450	  -0.59	   0.59	 -0.016	0.99365							#	   0.61	  67.73	
    451	  -0.51	   0.17	 -0.010	0.99379							#	   0.57	  70.56	
    452	  -0.31	  -0.85	 -0.006	0.99407							#	   0.56	  67.78	
    453	  -0.13	  -1.90	 -0.006	0.99421							#	   0.60	  67.22	
    454	  -0.27	  -2.53	  0.000	0.99453							#	   0.65	  67.27	
    455	  -0.24	  -2.78	 -0.005	0.99444							#	   0.71	  66.57	
    456	  -0.24	  -3.03	 -0.005	0.99440							#	   0.77	  65.86	
    457	  -0.46	  -3.20	 -0.006	0.99436							#	   0.77	  66.16	
    458	  -0.73	  -3.24	 -0.006	0.99445							#	   0.78	  65.56	
    459	  -1.07	  -3.31	 -0.005	0.99446							#	   0.75	  66.11	
    460	  -1.58	  -3.52	 -0.005	0.99450							#	   0.77	  66.26	
    461	  -1.58	  -3.54	 -0.007	0.99446							#	   0.81	  65.00	
    462	  -1.64	  -3.51	 -0.008	0.99438							#	   0.84	  65.86	
    463	  -1.63	  -3.36	 -0.005	0.99427							#	   0.76	  65.76	
    464	  -1.89	  -2.96	 -0.011	0.99428							#	   0.73	  67.02	
    465	  -1.77	  -2.81	 -0.007	0.99412							#	   0.76	  66.31	
    466	  -1.68	  -2.54	 -0.010	0.99400							#	   0.78	  66.41	
    467	  -1.73	  -2.20	 -0.010	0.99388							#	   0.71	  65.00	
    468	  -1.60	  -1.98	 -0.006	0.99376							#	   0.71	  64.55	
    469	  -1.49	  -1.78	 -0.006	0.99362							#	   0.70	  63.48	
    470	  -1.31	  -1.43	 -0.008	0.99350							#	   0.68	  62.98	
    471	  -1.32	  -1.11	 -0.007	0.99344							#	   0.69	  61.72	
    472	  -0.94	  -0.72	 -0.008	0.99331							#	   0.67	  61.46	
    473	  -0.89	  -0.56	 -0.007	0.99324							#	   0.67	  62.12	
    474	  -0.64	  -0.50	 -0.008	0.99307							#	   0.65	  61.21	
    475	  -0.62	  -0.15	 -0.010	0.99294							#	   0.66	  60.76	
    476	  -0.36	  -0.13	 -0.013	0.99280							#	   0.71	  60.30	
    477	  -0.33	  -0.04	 -0.012	0.99263							#	   0.69	  60.30	
    478	  -0.46	  -0.13	 -0.014	0.99255							#	   0.70	  59.70	
    479	  -0.53	  -0.16	 -0.013	0.99246							#	   0.71	  59.29	
    480	  -0.66	  -0.14	 -0.017	0.99246							#	   0.81	  57.47	
    481	  -0.69	   0.11	 -0.016	0.99242							#	   0.68	  58.64	
    482	  -0.89	   0.08	 -0.017	0.99232							#	   0.70	  58.08	
    483	  -1.13	  -0.54	 -0.017	0.99219							#	   0.81	  56.82	
    484	  -1.05	  -1.36	 -0.020	0.99210							#	   0.81	  57.02	
    485	  -1.30	  -1.27	 -0.015	0.99208							#	   0.92	  54.60	
    486	  -1.59	  -1.92	 -0.017	0.99190							#	   0.85	  53.74	
    487	  -1.68	  -2.80	 -0.015	0.99193							#	   0.89	  50.61	
    488	  -2.32	  -3.35	 -0.014	0.99203							#	   0.99	  51.67	
    489	  -2.55	  -3.68	 -0.016	0.99208							#	   0.95	  50.96	
    490	  -2.70	  -3.93	 -0.016	0.99228							#	   1.01	  49.09	
    491	  -2.79	  -4.45	 -0.018	0.99262							#	   0.86	  47.98	
    492	  -3.05	  -4.74	 -0.015	0.99295							#	   0.88	  46.92	
    493	  -3.64	  -5.09	 -0.015	0.99315							#	   0.89	  47.68	
    494	  -3.80	  -5.19	 -0.014	0.99337							#	   0.95	  46.01	
    495	  -4.01	  -5.39	 -0.014	0.99360							#	   0.98	  46.36	
    496	  -4.08	  -5.59	 -0.015	0.99376							#	   1.02	  44.75	
    497	  -4.86	  -5.55	 -0.017	0.99380							#	   0.97	  43.18	
    498	  -4.52	  -5.54	 -0.016	0.99375							#	   0.96	  45.20	
    499	  -5.03	  -5.15	 -0.014	0.99378							#	   1.00	  44.04	
    500	  -5.58	  -4.95	 -0.018	0.99379							#	   1.00	  45.96	
    501	  -5.44	  -4.83	 -0.019	0.99381							#	   1.00	  46.31	
    502	  -5.89	  -4.75	 -0.018	0.99371							#	   1.00	  46.46	
    503	  -6.15	  -4.75	 -0.021	0.99371							#	   0.98	  46.97	
    504	  -6.18	  -4.88	 -0.020	0.99375							#	   1.04	  46.77	
    505	  -6.01	  -4.86	 -0.021	0.99374							#	   1.10	  46.92	
    506	  -6.32	  -4.72	 -0.019	0.99367							#	   0.99	  48.99	
    507	  -6.38	  -4.51	 -0.022	0.99360							#	   1.04	  45.45	
    508	  -6.55	  -4.35	 -0.019	0.99356							#	   1.05	  48.38	
    509	  -6.45	  -4.11	 -0.021	0.99357							#	   1.02	  47.63	
    510	  -6.39	  -3.86	 -0.020	0.99355							#	   0.97	  48.64	
    511	  -6.22	  -3.51	 -0.021	0.99350							#	   0.98	  49.80	
    512	  -6.10	  -3.04	 -0.020	0.99338							#	   0.95	  49.60	
    513	  -6.28	  -2.58	 -0.017	0.99326							#	   0.97	  49.90	
    514	  -5.99	  -2.18	 -0.020	0.99320							#	   0.93	  49.55	
    515	  -5.77	  -1.87	 -0.019	0.99296							#	   0.95	  48.74	
    516	  -5.82	  -1.49	 -0.019	0.99281							#	   1.01	  49.85	
    517	  -6.01	  -0.99	 -0.020	0.99268							#	   0.95	  48.79	
    518	  -6.32	  -0.69	 -0.017	0.99254							#	   1.07	  49.09	
    519	  -6.23	  -0.34	 -0.018	0.99247							#	   0.99	  47.22	
    520	  -6.20	  -0.19	 -0.017	0.99239							#	   0.96	  46.92	
    521	  -6.56	  -0.00	 -0.016	0.99225							#	   1.11	  44.80	
    522	  -6.75	   0.21	 -0.015	0.99216							#	   0.97	  45.15	
    523	  -6.79	   0.43	 -0.014	0.99214							#	   1.08	  45.40	
    524	  -6.80	   0.49	 -0.015	0.99204							#	   1.09	  43.69	
    525	  -6.83	   0.67	 -0.014	0.99207							#	   1.13	  42.63	
    526	  -6.96	   0.52	 -0.012	0.99204							#	   1.06	  42.78	
    527	  -7.01	   0.22	 -0.010	0.99189							#	   1.15	  41.41	
    528	  -7.02	   0.80	 -0.009	0.99180							#	   1.08	  40.45	
    529	  -7.12	   0.14	 -0.009	0.99157							#	   1.20	  39.90	
    530	  -7.05	  -0.89	 -0.005	0.99133							#	   1.18	  39.85	
    531	  -6.71	  -1.12	 -0.005	0.99115							#	   1.19	  39.80	
    532	  -6.41	  -1.77	 -0.006	0.99116							#	   1.23	  39.24	
    533	  -5.67	  -2.51	 -0.007	0.99133							#	   1.03	  38.28	
    534	  -5.26	  -3.16	 -0.009	0.99147							#	   1.14	  38.64	
    535	  -4.75	  -3.65	 -0.006	0.99189							#	   1.06	  39.09	
    536	  -4.18	  -4.11	 -0.010	0.99219							#	   0.99	  38.64	
    537	  -3.78	  -4.84	 -0.009	0.99243							#	   0.99	  36.82	
    538	  -3.69	  -5.13	 -0.008	0.99251							#	   1.03	  38.74	
    539	  -3.35	  -5.21	 -0.006	0.99252							#	   1.02	  37.68	
    540	  -3.01	  -5.22	 -0.008	0.99262							#	   1.19	  34.19	
    541	  -2.54	  -5.08	 -0.009	0.99276							#	   0.89	  36.82	
    542	  -2.32	  -5.21	 -0.008	0.99282							#	   0.97	  35.71	
    543	  -2.29	  -5.26	 -0.012	0.99294							#	   0.96	  36.01	
    544	  -2.23	  -5.07	 -0.010	0.99310							#	   0.84	  37.12	
    545	  -1.98	  -4.75	 -0.007	0.99315							#	   0.73	  36.72	
    546	  -1.94	  -4.54	 -0.010	0.99315							#	   0.84	  35.81	
    547	  -1.59	  -4.39	 -0.010	0.99319							#	   0.83	  36.21	
    548	  -1.54	  -4.04	 -0.011	0.99321							#	   0.82	  35.15	
    549	  -0.99	  -3.71	 -0.009	0.99316							#	   0.84	  35.96	
    550	  -0.97	  -3.43	 -0.009	0.99313							#	   0.82	  38.03	
    551	  -0.90	  -3.25	 -0.011	0.99317							#	   0.82	  35.91	
    552	  -0.63	  -3.09	 -0.008	0.99330							#	   0.79	  37.32	
    553	  -0.54	  -2.85	 -0.009	0.99328							#	   0.77	  37.22	
    554	  -0.45	  -2.82	 -0.008	0.99322							#	   0.83	  37.58	
    555	  -0.50	  -2.82	 -0.007	0.99314							#	   0.82	  37.17	
    556	  -0.31	  -2.68	 -0.008	0.99310							#	   0.86	  37.58	
    557	  -0.10	  -2.32	 -0.008	0.99308							#	   0.80	  36.72	
    558	   0.06	  -2.25	 -0.009	0.99303							#	   0.83	  35.15	
    559	   0.36	  -2.29	 -0.006	0.99304							#	   0.84	  35.15	
    560	   0.67	  -2.39	 -0.005	0.99304							#	   0.84	  34.14	
    561	   1.03	  -2.34	 -0.004	0.99306							#	   0.84	  35.20	
    562	   1.31	  -2.37	 -0.003	0.99289							#	   0.88	  33.64	
    563	   1.71	  -2.44	 -0.006	0.99287							#	   0.89	  32.63	
    564	   2.21	  -2.59	 -0.002	0.99271							#	   0.94	  31.87	
    565	   2.49	  -2.74	 -0.004	0.99249							#	   0.96	  29.55	
    566	   2.83	  -2.79	 -0.005	0.99226							#	   0.91	  28.33	
    567	   3.24	  -2.94	 -0.007	0.99220							#	   0.98	  27.42	
    568	   3.76	  -3.11	 -0.005	0.99216							#	   1.01	  26.87	
    569	   4.10	  -3.45	 -0.003	0.99224							#	   1.13	  26.06	
    570	   4.13	  -3.68	 -0.008	0.99222							#	   1.00	  25.61	
    571	   4.49	  -4.17	 -0.005	0.99209							#	   1.03	  25.20	
    572	   4.64	  -4.20	 -0.006	0.99221							#	   1.16	  23.54	
    573	   4.72	  -4.13	 -0.005	0.99219							#	   1.09	  24.04	
    574	   4.99	  -4.41	 -0.006	0.99215							#	   1.16	  21.36	
    575	   5.13	  -4.61	 -0.005	0.99216							#	   1.16	  21.97	
    576	   5.10	  -4.58	 -0.005	0.99228							#	   1.16	  21.46	
    577	   5.00	  -4.48	 -0.005	0.99244							#	   1.09	  19.19	
    578	   4.98	  -4.49	 -0.007	0.99260							#	   1.18	  19.04	
    579	   5.18	  -4.72	 -0.005	0.99253							#	   1.15	  18.18	
    580	   5.19	  -4.74	  0.000	0.99239							#	   1.17	  17.42	
    581	   6.06	  -5.39	 -0.005	0.98727							#	   2.39	  13.33	
    582	   8.27	  -5.88	  0.008	0.99241							#	   0.89	  18.59	
    583	   5.96	  -5.29	 -0.004	0.99307							#	   0.86	  16.77	
    584	   6.41	  -5.44	 -0.003	0.99318							#	   0.91	  17.47	
    585	   6.50	  -5.49	 -0.002	0.99295							#	   0.95	  16.87	
    586	   6.51	  -5.42	 -0.012	0.99304							#	   1.00	  14.75	
    587	   6.48	  -5.57	 -0.011	0.99311							#	   1.21	  15.76	
    588	   6.42	  -5.57	 -0.012	0.99326							#	   1.32	  14.75	
    589	   6.30	  -5.37	 -0.013	0.99348							#	   1.25	  14.65	
    590	   5.83	  -5.18	 -0.007	0.99359							#	   1.16	  15.25	
    591	   5.42	  -4.87	 -0.010	0.99366							#	   1.09	  16.01	
    592	   5.12	  -4.49	 -0.009	0.99378							#	   1.07	  15.51	
    593	   4.38	  -4.06	 -0.015	0.99390							#	   0.95	  14.29	
    594	   3.87	  -3.86	 -0.010	0.99390							#	   0.98	  14.90	
    595	   3.64	  -3.60	 -0.009	0.99387							#	   1.04	  14.75	
    596	   3.61	  -3.25	 -0.008	0.99390							#	   0.95	  14.90	
    597	   3.04	  -3.21	 -0.002	0.99386							#	   0.94	  14.44	
    598	   2.83	  -3.03	 -0.004	0.99406							#	   0.96	  14.09	
    599	   2.82	  -2.93	 -0.002	0.99419							#	   0.94	  13.74	
    600	   2.45	  -2.85	 -0.005	0.99431							#	   0.95	  13.18	
    601	   2.37	  -2.83	 -0.000	0.99439							#	   0.91	  15.00	
    602	   2.25	  -2.60	 -0.007	0.99445							#	   0.91	  14.55	
    603	   2.05	  -2.45	 -0.002	0.99454							#	   0.87	  13.99	
    604	   1.80	  -2.51	 -0.008	0.99423							#	   0.87	  14.55	
    605									skipped		#	   2.39	   7.27	
    606	   2.80	  -2.54	  0.025	0.99521							#	   0.31	   8.48	
    607	   0.12	  -2.77	 -0.025	0.99430							#	   0.32	  16.72	
    608	   0.58	  -2.49	 -0.016	0.99315							#	   0.41	  16.72	
    609	   0.44	  -1.87	 -0.007	0.99290							#	   0.41	  16.97	
    610	   0.27	  -1.40	 -0.008	0.99295							#	   0.39	  19.14	
    611	  -0.39	  -1.31	 -0.005	0.99305							#	   0.68	  18.79	
    612	  -0.82	  -1.44	 -0.006	0.99324							#	   0.62	  18.84	
    613	  -1.31	  -1.41	 -0.007	0.99338							#	   0.61	  19.29	
    614	  -1.84	  -0.94	 -0.008	0.99339							#	   0.61	  19.80	
    615	  -2.16	  -0.08	 -0.004	0.99352							#	   0.64	  19.90	
    616	  -2.78	   0.34	 -0.002	0.99342							#	   0.66	  20.61	
    617	  -2.91	   0.76	 -0.002	0.99353							#	   0.69	  21.41	
    618	  -3.03	   1.25	 -0.000	0.99364							#	   0.73	  20.20	
    619	  -2.56	   1.67	  0.005	0.99401							#	   0.74	  20.96	
    620	  -2.45	   1.45	  0.003	0.99405							#	   0.75	  20.30	
    621	  -2.36	   0.86	 -0.000	0.99387							#	   0.74	  20.30	
    622	  -1.85	   0.40	 -0.000	0.99396							#	   0.74	  19.55	
    623	  -2.09	   0.06	 -0.005	0.99388							#	   0.80	  18.23	
    624	  -1.85	  -0.22	 -0.005	0.99401							#	   0.75	  19.90	
    625	  -2.03	  -0.70	 -0.005	0.99401							#	   0.74	  19.39	
    626	  -1.61	  -0.90	 -0.003	0.99428							#	   0.74	  17.42	
    627	  -1.92	  -1.22	 -0.002	0.99445							#	   0.72	  17.63	
    628	  -1.87	  -1.33	 -0.001	0.99468							#	   0.71	  17.32	
    629	  -1.73	  -1.57	  0.001	0.99489							#	   0.70	  17.47	
    630	  -1.77	  -1.37	  0.005	0.99507							#	   0.68	  17.42	
    631	  -1.49	  -1.07	  0.004	0.99534							#	   0.59	  17.73	
    632	  -1.80	  -0.97	  0.000	0.99531							#	   0.54	  17.63	
    633	  -1.58	  -1.62	 -0.007	0.98982							#	   1.98	   9.04	
    634									skipped		#	   0.19	   6.31	
    635	  -2.83	  -0.37	 -0.001	0.99630							#	   0.24	   8.28	
    636	  -2.59	  -0.38	 -0.003	0.99555							#	   0.27	   9.34	
    637	  -2.28	  -0.53	 -0.006	0.99575							#	   0.26	  10.86	
    638	  -1.97	  -0.43	 -0.004	0.99604							#	   0.24	  11.06	
    639	  -1.70	  -0.40	 -0.006	0.99625							#	   0.33	  11.46	
    640	  -1.48	  -0.51	 -0.008	0.99649							#	   0.30	  12.42	
    641	  -1.18	  -0.30	 -0.005	0.99662							#	   0.26	  13.13	
    642	  -0.91	  -0.23	 -0.006	0.99684							#	   0.23	  13.74	
    643	  -0.53	   0.06	 -0.003	0.99706							#	   0.20	  13.79	
    644	  -0.29	   0.13	 -0.004	0.99718							#	   0.17	  16.36	
    645	   0.25	   0.20	  0.001	0.99742							#	   0.16	  16.46	
    646	   0.30	   0.30	 -0.002	0.99745							#	   0.14	  18.64	
    647	   0.64	   0.24	  0.001	0.99773							#	   0.13	  18.43	
    648	   0.18	   0.05	 -0.002	0.99755							#	   0.11	  20.96	
    649	   0.33	   0.25	  0.001	0.99775							#	   0.10	  22.93	
    650	   0.64	   0.34	  0.000	0.99799							#	   0.09	  22.88	
    651	   0.97	   0.34	  0.001	0.99826							#	   0.08	  23.59	
    652	   1.10	   0.34	  0.001	0.99850							#	   0.07	  24.29	
    653	   1.18	   0.19	 -0.001	0.99876							#	   0.07	  24.49	
    654	   1.37	   0.01	 -0.001	0.99898							#	   0.07	  23.43	
    655	   1.50	  -0.26	 -0.003	0.99916							#	   0.07	  24.24	
    656	   1.82	  -0.38	 -0.004	0.99923							#	   0.08	  25.15	
    657	   2.10	  -0.35	 -0.003	0.99925							#	   0.08	  27.02	
    658	   2.36	  -0.36	 -0.001	0.99941							#	   0.09	  27.58	
    659	   2.45	  -0.75	 -0.005	0.99942							#	   0.10	  28.13	
    660	   2.76	  -1.05	 -0.005	0.99963							#	   0.13	  25.71	
    661	   3.11	  -1.11	 -0.003	0.99978							#	   0.14	  28.13	
    662	   3.31	  -1.14	 -0.002	0.99981							#	   0.15	  30.66	
    663	   3.74	  -1.57	 -0.006	0.99470							#	   0.80	  11.82	
    664	   4.47	  -1.54	  0.009	1.00055							#	   0.26	   9.29	
    665	   2.70	  -0.99	  0.011	1.00179							#	   0.15	  10.00	
    666	   3.86	  -0.79	 -0.001	1.00010							#	   0.17	  11.92	
    667	   4.10	  -0.61	  0.015	1.00263							#	   0.33	  12.78	
    668	   4.13	  -0.04	  0.002	0.99988							#	   0.19	  28.28	
    669	   4.55	  -0.06	  0.006	0.99985							#	   0.22	  29.04	
    670	   4.54	  -0.13	  0.007	0.99985							#	   0.22	  27.83	
    671	   4.62	   0.16	  0.008	0.99986							#	   0.22	  28.79	
    672	   4.49	   0.51	  0.010	0.99979							#	   0.22	  24.55	
    673	   4.55	   0.73	  0.010	0.99989							#	   0.22	  27.32	
    674	   4.65	   0.80	  0.011	0.99992							#	   0.23	  27.42	
    675	   4.60	   1.05	  0.012	0.99997							#	   0.24	  28.28	
    676	   4.46	   1.20	  0.012	1.00003							#	   0.23	  26.31	
    677	   4.45	   1.38	  0.015	1.00005							#	   0.24	  25.25	
    678	   4.68	   1.39	  0.014	1.00012							#	   0.25	  26.72	
    679	   4.72	   1.43	  0.015	1.00020							#	   0.25	  26.87	
    680	   4.53	   1.51	  0.017	1.00015							#	   0.24	  27.73	
    681	   4.52	   1.62	  0.016	1.00014							#	   0.24	  28.13	
    682	   4.45	   1.86	  0.016	1.00009							#	   0.25	  28.23	
    683	   4.41	   2.03	  0.018	1.00002							#	   0.26	  27.98	
    684	   4.27	   2.08	  0.018	0.99994							#	   0.24	  29.24	
    685	   4.20	   2.23	  0.017	0.99983							#	   0.24	  27.83	
    686	   4.27	   2.53	  0.016	0.99975							#	   0.25	  26.57	
    687	   4.10	   2.48	  0.009	0.99697							#	   0.38	  18.33	
    688	   5.45	   2.39	  0.016	0.99914							#	   0.33	  15.10	
    689	   4.14	   2.43	  0.010	1.00021							#	   0.22	  15.76	
    690	   4.06	   1.98	  0.014	1.00066							#	   0.21	  14.44	
    691	   4.06	   1.72	  0.015	1.00038							#	   0.20	  15.35	
    692	   3.98	   1.37	  0.010	1.00021							#	   0.18	  16.06	
    693	   4.16	   1.01	  0.011	1.00019							#	   0.18	  18.64	
    694	   4.13	   0.75	  0.012	1.00020							#	   0.18	  16.87	
    695	   3.89	   0.45	  0.012	1.00027							#	   0.16	  17.02	
    696	   3.89	   0.35	  0.011	1.00027							#	   0.16	  18.74	
    697	   3.84	   0.24	  0.011	1.00024							#	   0.16	  20.20	
    698	   3.52	   0.29	  0.010	1.00024							#	   0.14	  18.23	
    699	   3.36	   0.10	  0.008	1.00020							#	   0.13	  20.91	
    700	   3.18	   0.07	  0.009	1.00018							#	   0.11	  21.41	
    701	   2.95	   0.03	  0.007	1.00009							#	   0.10	  22.42	
    702	   2.80	  -0.03	  0.008	1.00003							#	   0.09	  21.41	
    703	   2.74	  -0.14	  0.005	0.99997							#	   0.08	  19.14	
    704	   2.59	  -0.12	  0.008	0.99984							#	   0.07	  19.19	
    705	   2.45	  -0.28	  0.006	0.99978							#	   0.07	  16.97	
    706	   2.28	  -0.41	  0.009	0.99988							#	   0.06	  15.66	
    707	   2.10	  -0.81	  0.006	0.99996							#	   0.06	  18.79	
    708	   2.03	  -1.06	  0.005	0.99987							#	   0.06	  19.70	
    709	   2.01	  -1.20	  0.004	0.99994							#	   0.06	  19.44	
    710	   1.99	  -1.27	  0.003	0.99997							#	   0.06	  18.08	
    711	   1.88	  -1.28	  0.003	0.99998							#	   0.06	  17.07	
    712	   1.94	  -1.42	  0.003	1.00000							#	   0.06	  16.11	
    713	   1.96	  -1.58	  0.005	1.00004							#	   0.07	  15.56	
    714	   1.89	  -1.51	  0.003	0.99997							#	   0.06	  15.00	
    715	   1.85	  -1.37	  0.003	0.99988							#	   0.06	  14.75	
    716	   1.84	  -1.40	  0.002	0.99985							#	   0.06	  14.55	
    717	   1.79	  -1.49	  0.003	0.99987							#	   0.06	  12.63	
    718	   1.67	  -1.37	  0.003	0.99979							#	   0.06	  13.13	
    719	   1.59	  -1.09	  0.002	0.99991							#	   0.05	  13.48	
    720	   1.38	  -1.05	  0.004	0.99993							#	   0.05	  12.73	
    721	   1.47	  -1.00	  0.002	0.99980							#	   0.04	  15.10	
    722	   1.28	  -0.70	  0.004	0.99970							#	   0.04	  14.80	
    723	   1.12	  -0.24	  0.004	0.99971							#	   0.03	  18.18	
    724	   0.93	  -0.15	  0.004	0.99947							#	   0.02	  16.11	
    725	   0.99	  -0.06	  0.005	0.99929							#	   0.03	  16.21	
    726	   0.81	  -0.07	  0.005	0.99923							#	   0.03	  16.82	
    727	   0.67	  -0.23	  0.006	0.99926							#	   0.02	  17.78	
    728	   0.65	  -0.53	  0.005	0.99929							#	   0.02	  19.09	
    729	   0.66	  -0.55	  0.005	0.99933							#	   0.02	  18.13	
    730	   0.68	  -0.68	  0.007	0.99936							#	   0.03	  17.07	
    731	   0.66	  -0.95	  0.005	0.99950							#	   0.03	  16.62	
    732	   0.77	  -1.14	  0.006	0.99964							#	   0.03	  18.03	
    733	   0.80	  -1.34	  0.004	0.99970							#	   0.03	  17.37	
    734	   0.89	  -1.34	  0.003	0.99972							#	   0.04	  17.12	
    735	   1.11	  -1.34	  0.005	0.99960							#	   0.04	  17.98	
    736	   0.99	  -1.15	  0.005	0.99958							#	   0.03	  17.53	
    737	   1.09	  -1.01	  0.007	0.99945							#	   0.04	  17.27	
    738	   0.91	  -0.64	  0.004	0.99928							#	   0.03	  18.89	
    739	   0.91	  -0.77	  0.007	0.99921							#	   0.03	  17.78	
    740	   1.13	  -0.73	  0.005	0.99920							#	   0.04	  18.59	
    741	   1.21	  -0.63	  0.005	0.99919							#	   0.04	  18.48	
    742	   1.25	  -0.69	  0.009	0.99925							#	   0.04	  18.64	
    743	   1.23	  -0.76	  0.005	0.99929							#	   0.04	  17.42	
    744	   1.30	  -1.25	  0.005	0.99944							#	   0.05	  19.09	
    745	   1.13	  -1.34	  0.005	0.99945							#	   0.05	  17.63	
    746	   1.06	  -0.94	  0.006	0.99942							#	   0.03	  17.02	
    747	   1.21	  -1.17	  0.005	0.99956							#	   0.04	  18.13	
    748	   1.02	  -1.41	  0.006	0.99961							#	   0.04	  17.37	
    749	   1.10	  -1.38	  0.004	0.99964							#	   0.04	  17.58	
    750	   1.04	  -1.27	  0.005	0.99969							#	   0.04	  18.89	
    751	   1.08	  -1.30	  0.004	0.99972							#	   0.04	  18.79	
    752	   1.05	  -1.48	  0.004	0.99987							#	   0.04	  18.59	
    753	   1.01	  -1.58	  0.006	1.00000							#	   0.04	  19.34	
    754	   0.87	  -1.57	  0.006	1.00003							#	   0.04	  18.54	
