      1	  -0.48	  -1.09	 -0.021	0.99992							#	   0.04	  99.39	
      2	  -0.44	  -0.99	 -0.021	0.99991							#	   0.14	  99.65	
      3	  -0.34	  -1.00	 -0.020	0.99989							#	   0.14	  99.09	
      4	  -0.51	  -1.07	 -0.021	0.99991							#	   0.15	  99.04	
      5	  -0.82	  -1.06	 -0.020	0.99988							#	   0.18	  98.94	
      6	  -1.15	  -1.04	 -0.021	0.99989							#	   0.21	  98.74	
      7	  -0.79	  -1.08	 -0.022	0.99988							#	   0.19	  98.79	
      8	  -0.65	  -1.17	 -0.023	0.99989							#	   0.17	  98.69	
      9	  -1.04	  -1.16	 -0.022	0.99992							#	   0.21	  98.38	
     10	  -1.06	  -1.23	 -0.024	0.99992							#	   0.22	  97.88	
     11	  -1.29	  -1.31	 -0.023	0.99992							#	   0.25	  97.63	
     12	  -2.10	  -1.59	 -0.029	0.99992							#	   0.43	  97.37	
     13	  -1.71	  -1.95	 -0.031	0.99991							#	   0.44	  97.32	
     14	  -2.38	  -2.17	 -0.032	0.99993							#	   0.63	  96.31	
     15	  -2.60	  -2.48	 -0.036	0.99989							#	   0.71	  95.81	
     16	  -2.45	  -2.70	 -0.038	0.99991							#	   0.74	  96.41	
     17	  -2.29	  -2.93	 -0.038	0.99991							#	   0.79	  96.87	
     18	  -3.18	  -2.86	 -0.037	0.99989							#	   0.96	  95.71	
     19	  -3.95	  -2.58	 -0.036	0.99987							#	   0.95	  94.34	
     20	  -4.54	  -2.47	 -0.037	0.99987							#	   1.00	  93.84	
     21	  -4.52	  -2.51	 -0.038	0.99987							#	   0.92	  93.84	
     22	  -4.60	  -2.54	 -0.039	0.99987							#	   1.00	  92.88	
     23	  -5.23	  -2.46	 -0.038	0.99991							#	   1.16	  93.33	
     24	  -5.74	  -2.49	 -0.041	0.99987							#	   1.17	  89.55	
     25	  -5.96	  -2.50	 -0.042	0.99993							#	   1.12	  89.29	
     26	  -6.11	  -2.37	 -0.042	0.99996							#	   1.20	  85.40	
     27	  -6.21	  -2.30	 -0.043	0.99997							#	   1.28	  84.65	
     28	  -6.65	  -2.27	 -0.044	0.99991							#	   1.41	  82.98	
     29	  -6.74	  -2.19	 -0.045	0.99975							#	   1.32	  81.41	
     30	  -7.19	  -2.77	 -0.047	0.99999							#	   1.61	  69.14	
     31	  -7.12	  -2.09	 -0.047	0.99999							#	   1.10	  76.92	
     32	  -7.11	  -3.05	 -0.054	0.99999							#	   1.56	  65.66	
     33	  -7.77	  -2.23	 -0.050	1.00018							#	   1.25	  70.66	
     34	  -8.21	  -2.17	 -0.055	1.00018							#	   1.46	  69.80	
     35	  -7.85	  -3.72	 -0.065	0.99996							#	   1.86	  63.18	
     36	  -8.88	  -2.39	 -0.056	1.00015							#	   1.47	  65.40	
     37	  -8.96	  -2.51	 -0.060	1.00007							#	   1.61	  67.53	
     38	  -8.95	  -2.60	 -0.058	1.00007							#	   1.60	  66.31	
     39	  -8.93	  -2.72	 -0.058	1.00005							#	   1.56	  65.76	
     40	  -9.43	  -2.58	 -0.057	1.00018							#	   1.69	  69.19	
     41	  -9.25	  -2.61	 -0.059	1.00008							#	   1.63	  62.73	
     42	  -9.37	  -2.56	 -0.054	1.00008							#	   1.68	  70.45	
     43	  -9.10	  -2.43	 -0.059	0.99999							#	   1.61	  61.41	
     44	  -8.90	  -2.47	 -0.056	0.99998							#	   1.56	  67.17	
     45	  -8.72	  -2.24	 -0.050	1.00001							#	   1.54	  65.66	
     46	  -8.72	  -2.33	 -0.053	1.00021							#	   1.53	  71.46	
     47	  -8.70	  -2.13	 -0.052	1.00013							#	   1.52	  66.62	
     48	  -8.76	  -2.34	 -0.052	1.00006							#	   1.48	  70.45	
     49	  -8.74	  -2.44	 -0.050	1.00013							#	   1.50	  67.47	
     50	  -8.66	  -2.53	 -0.051	1.00022							#	   1.39	  71.82	
     51	  -8.08	  -2.68	 -0.049	1.00019							#	   1.47	  67.12	
     52	  -8.00	  -2.97	 -0.054	1.00014							#	   1.55	  72.73	
     53	  -7.73	  -3.04	 -0.051	1.00013							#	   1.41	  70.35	
     54	  -7.85	  -3.21	 -0.054	1.00026							#	   1.38	  73.69	
     55	  -7.87	  -3.21	 -0.051	1.00014							#	   1.37	  68.48	
     56	  -7.96	  -3.35	 -0.053	1.00012							#	   1.42	  68.54	
     57	  -7.78	  -3.53	 -0.054	1.00011							#	   1.40	  70.91	
     58	  -7.89	  -3.55	 -0.053	1.00016							#	   1.60	  69.24	
     59	  -8.00	  -3.45	 -0.051	1.00043							#	   1.59	  68.79	
     60	  -8.01	  -3.40	 -0.052	1.00039							#	   1.65	  67.83	
     61	  -8.02	  -3.40	 -0.049	1.00045							#	   1.39	  67.63	
     62	  -8.04	  -3.45	 -0.049	1.00043							#	   1.48	  66.77	
     63	  -8.25	  -3.26	 -0.045	1.00049							#	   1.45	  67.02	
     64	  -8.10	  -3.16	 -0.044	1.00047							#	   1.48	  66.77	
     65	  -7.74	  -3.07	 -0.042	1.00048							#	   1.43	  66.06	
     66	  -7.74	  -3.29	 -0.042	1.00040							#	   1.39	  65.66	
     67	  -7.64	  -3.12	 -0.040	1.00043							#	   1.43	  66.06	
     68	  -7.32	  -3.13	 -0.043	1.00033							#	   1.25	  65.76	
     69	  -7.06	  -3.08	 -0.040	1.00045							#	   1.29	  67.02	
     70	  -7.45	  -3.07	 -0.049	1.00035							#	   1.38	  59.90	
     71	  -8.00	  -2.50	 -0.035	1.00053							#	   1.59	  63.54	
     72	  -8.29	  -2.50	 -0.039	1.00051							#	   1.45	  63.54	
     73	  -8.54	  -2.26	 -0.037	1.00052							#	   1.51	  61.72	
     74	  -8.71	  -2.24	 -0.039	1.00052							#	   1.68	  61.11	
     75	  -9.25	  -2.43	 -0.047	1.00051							#	   1.84	  56.21	
     76	 -10.37	  -2.57	 -0.047	1.00066							#	   1.77	  57.68	
     77	  -9.75	  -2.99	 -0.066	1.00046							#	   1.53	  53.59	
     78	  -9.45	  -2.91	 -0.061	1.00041							#	   1.51	  53.23	
     79	  -9.62	  -3.02	 -0.063	1.00037							#	   1.67	  52.93	
     80	  -9.52	  -3.02	 -0.061	1.00025							#	   1.66	  53.28	
     81	  -9.21	  -3.00	 -0.060	1.00033							#	   1.55	  52.88	
     82	  -8.27	  -2.63	 -0.044	1.00030							#	   1.30	  55.45	
     83	  -7.69	  -2.28	 -0.027	1.00004							#	   1.08	  55.81	
     84	  -8.28	  -2.12	 -0.026	1.00016							#	   1.25	  54.19	
     85	  -8.78	  -2.10	 -0.029	1.00016							#	   1.31	  53.99	
     86	  -8.66	  -2.00	 -0.032	1.00020							#	   1.37	  51.97	
     87	  -8.99	  -2.11	 -0.033	1.00023							#	   1.54	  51.57	
     88	  -9.57	  -2.23	 -0.029	1.00018							#	   1.72	  49.29	
     89	 -10.08	  -2.31	 -0.038	1.00016							#	   1.62	  48.03	
     90	 -10.20	  -2.42	 -0.035	1.00028							#	   1.84	  50.00	
     91	 -10.22	  -2.35	 -0.038	1.00026							#	   1.57	  47.78	
     92	 -11.45	  -2.38	 -0.049	1.00034							#	   1.85	  49.24	
     93	 -11.43	  -2.19	 -0.052	1.00028							#	   1.73	  48.33	
     94	 -11.41	  -1.98	 -0.053	1.00019							#	   1.93	  47.42	
     95	 -11.13	  -1.69	 -0.046	1.00013							#	   1.65	  47.73	
     96	 -11.33	  -1.64	 -0.043	1.00011							#	   1.68	  48.48	
     97	 -11.60	  -1.39	 -0.040	1.00014							#	   1.66	  49.29	
     98	  -9.59	  -0.75	 -0.024	1.00012							#	   1.29	  50.96	
     99	 -10.01	  -0.88	 -0.022	1.00020							#	   1.35	  52.27	
    100	 -10.43	  -0.94	 -0.028	0.99999							#	   1.50	  50.56	
    101	 -10.23	  -1.12	 -0.030	1.00020							#	   1.46	  50.00	
    102	 -10.37	  -1.32	 -0.030	1.00000							#	   1.48	  49.34	
    103	 -10.21	  -1.56	 -0.038	1.00001							#	   1.66	  48.79	
    104	 -10.61	  -1.65	 -0.042	0.99991							#	   1.61	  48.69	
    105	 -10.67	  -1.75	 -0.037	1.00009							#	   1.68	  49.04	
    106	 -11.16	  -1.86	 -0.039	0.99998							#	   1.76	  50.51	
    107	 -11.28	  -1.91	 -0.032	1.00018							#	   1.73	  50.25	
    108	 -11.63	  -1.86	 -0.043	0.99984							#	   1.85	  47.63	
    109	 -11.83	  -1.62	 -0.038	1.00011							#	   1.55	  52.53	
    110	 -12.22	  -1.58	 -0.044	0.99992							#	   1.72	  50.15	
    111	 -12.01	  -1.65	 -0.036	1.00002							#	   1.86	  49.80	
    112	 -12.28	  -1.80	 -0.044	0.99996							#	   1.88	  49.39	
    113	 -12.54	  -1.87	 -0.045	0.99989							#	   1.64	  48.33	
    114	 -12.51	  -2.06	 -0.047	0.99988							#	   1.63	  49.04	
    115	 -12.52	  -2.14	 -0.041	0.99994							#	   1.77	  49.80	
    116	 -12.82	  -2.25	 -0.045	0.99989							#	   1.92	  49.44	
    117	 -12.78	  -2.29	 -0.044	0.99984							#	   1.71	  49.29	
    118	 -12.71	  -2.26	 -0.046	0.99985							#	   1.59	  49.95	
    119	 -12.72	  -2.27	 -0.046	0.99984							#	   1.73	  50.71	
    120	 -12.74	  -2.41	 -0.041	0.99975							#	   2.05	  49.90	
    121	 -12.25	  -2.44	 -0.040	1.00004							#	   1.37	  56.67	
    122	 -12.11	  -2.43	 -0.043	0.99993							#	   1.47	  54.85	
    123	 -11.95	  -2.50	 -0.044	0.99991							#	   1.40	  54.55	
    124	 -11.61	  -2.77	 -0.048	0.99972							#	   1.22	  52.53	
    125	 -11.58	  -2.90	 -0.047	0.99972							#	   1.26	  52.07	
    126	 -11.85	  -3.00	 -0.047	0.99965							#	   1.59	  52.07	
    127	 -11.74	  -3.09	 -0.044	0.99965							#	   1.58	  51.16	
    128	 -11.84	  -2.99	 -0.043	0.99955							#	   1.54	  49.75	
    129	 -12.12	  -2.94	 -0.041	0.99949							#	   1.51	  50.45	
    130	 -12.19	  -2.70	 -0.039	0.99946							#	   1.60	  51.62	
    131	 -12.35	  -2.73	 -0.036	0.99954							#	   1.62	  52.32	
    132	 -12.22	  -2.58	 -0.031	0.99953							#	   1.58	  53.33	
    133	 -12.02	  -2.46	 -0.028	0.99945							#	   1.61	  53.89	
    134	 -12.21	  -2.36	 -0.023	0.99983							#	   1.58	  62.27	
    135	 -12.24	  -2.00	 -0.025	0.99983							#	   1.45	  63.84	
    136	 -12.27	  -1.71	 -0.029	0.99999							#	   1.52	  65.25	
    137	 -12.13	  -1.43	 -0.027	0.99994							#	   1.42	  66.62	
    138	 -11.77	  -1.37	 -0.026	0.99993							#	   1.48	  65.20	
    139	 -11.59	  -1.17	 -0.026	0.99988							#	   1.42	  66.26	
    140	 -12.72	  -1.27	 -0.031	0.99994							#	   1.63	  65.76	
    141	 -13.46	  -1.56	 -0.037	0.99959							#	   1.69	  60.20	
    142	 -12.93	  -1.32	 -0.040	0.99991							#	   1.47	  65.35	
    143	 -12.74	  -1.29	 -0.040	0.99981							#	   1.62	  65.76	
    144	 -12.50	  -1.25	 -0.041	0.99973							#	   1.55	  69.70	
    145	 -12.36	  -1.44	 -0.040	0.99980							#	   1.42	  66.57	
    146	 -10.06	  -0.62	 -0.040	0.99949							#	   0.94	  68.94	
    147	 -10.25	  -0.63	 -0.028	0.99962							#	   1.00	  72.42	
    148	 -10.74	  -0.78	 -0.024	0.99962							#	   1.11	  70.71	
    149	  -8.40	   0.12	 -0.019	0.99947							#	   0.77	  72.93	
    150	  -8.22	   0.22	 -0.023	0.99951							#	   0.78	  74.34	
    151	  -8.02	   0.00	 -0.025	0.99941							#	   0.86	  72.88	
    152	  -9.37	  -0.58	 -0.033	0.99938							#	   1.03	  70.25	
    153	  -9.98	  -0.84	 -0.031	0.99950							#	   1.12	  70.86	
    154	  -9.93	  -0.93	 -0.034	0.99952							#	   1.23	  70.66	
    155	 -10.26	  -0.85	 -0.037	0.99957							#	   1.32	  67.17	
    156	 -10.01	  -0.83	 -0.037	0.99956							#	   1.30	  66.87	
    157	  -9.85	  -0.68	 -0.035	0.99960							#	   1.35	  66.26	
    158	  -9.74	  -0.56	 -0.036	0.99958							#	   1.08	  67.22	
    159	  -8.03	  -0.12	 -0.030	0.99952							#	   0.78	  67.58	
    160	  -8.79	  -0.43	 -0.022	0.99957							#	   0.92	  66.87	
    161	  -8.92	  -0.43	 -0.028	0.99954							#	   1.01	  66.26	
    162	  -8.91	  -0.41	 -0.031	0.99955							#	   1.11	  67.02	
    163	  -8.48	  -0.60	 -0.029	0.99955							#	   1.08	  66.41	
    164	  -8.57	  -0.68	 -0.030	0.99948							#	   1.12	  65.05	
    165	  -8.88	  -0.84	 -0.032	0.99955							#	   1.12	  64.70	
    166	  -8.93	  -0.87	 -0.033	0.99954							#	   1.15	  62.83	
    167	  -8.82	  -0.94	 -0.032	0.99954							#	   1.02	  64.19	
    168	  -8.52	  -0.86	 -0.031	0.99946							#	   1.14	  63.33	
    169	  -8.61	  -0.83	 -0.030	0.99949							#	   1.21	  62.83	
    170	  -8.47	  -0.75	 -0.028	0.99950							#	   1.17	  62.68	
    171	  -9.52	  -0.62	 -0.037	0.99952							#	   1.35	  61.01	
    172	  -9.38	  -0.52	 -0.038	0.99945							#	   1.29	  58.18	
    173	 -10.26	  -0.58	 -0.041	0.99942							#	   1.45	  57.07	
    174	 -10.26	  -0.39	 -0.043	0.99944							#	   1.42	  56.16	
    175	 -10.37	  -0.27	 -0.042	0.99942							#	   1.40	  57.22	
    176	  -9.85	  -0.31	 -0.041	0.99946							#	   1.39	  55.61	
    177	 -10.07	  -0.13	 -0.041	0.99938							#	   1.51	  53.33	
    178	  -7.80	  -0.11	 -0.022	0.99942							#	   0.90	  55.81	
    179	  -7.49	   0.15	 -0.023	0.99947							#	   0.89	  55.10	
    180	  -7.19	   0.25	 -0.020	0.99941							#	   1.11	  54.49	
    181	  -7.02	   0.36	 -0.019	0.99943							#	   0.80	  56.57	
    182	  -4.68	   0.40	  0.011	0.99904							#	   0.35	  56.21	
    183	  -5.07	   0.34	  0.003	0.99927							#	   0.53	  56.31	
    184	  -5.36	   0.27	 -0.002	0.99924							#	   0.56	  55.00	
    185	  -5.53	   0.30	 -0.002	0.99922							#	   0.60	  51.16	
    186	  -6.10	   0.60	 -0.000	0.99934							#	   0.81	  52.63	
    187	  -5.84	   0.52	 -0.001	0.99921							#	   0.87	  50.91	
    188	  -6.78	   0.50	 -0.002	0.99899							#	   1.26	  50.15	
    189	  -6.70	   0.25	 -0.004	0.99919							#	   0.95	  50.25	
    190	  -7.58	   0.21	 -0.015	0.99934							#	   1.37	  48.94	
    191	  -9.07	  -0.10	 -0.023	0.99925							#	   1.39	  47.58	
    192	  -8.98	  -0.34	 -0.021	0.99932							#	   1.20	  48.18	
    193	  -6.66	  -0.34	 -0.008	0.99932							#	   0.81	  47.37	
    194	  -6.62	  -0.28	 -0.007	0.99934							#	   0.84	  49.85	
    195	  -6.48	   0.14	 -0.007	0.99926							#	   0.83	  48.23	
    196	  -6.19	   0.54	 -0.005	0.99928							#	   0.70	  49.75	
    197	  -5.04	   0.79	  0.008	0.99902							#	   0.53	  53.54	
    198	  -5.25	   0.84	  0.001	0.99899							#	   0.69	  53.48	
    199	  -6.54	   0.81	 -0.000	0.99779							#	   0.95	  55.76	
    200	  -4.73	   0.52	 -0.005	0.99819							#	   0.61	  53.13	
    201	  -5.49	   0.51	 -0.000	0.99885							#	   0.83	  53.69	
    202	  -5.91	   0.35	 -0.006	0.99913							#	   0.99	  52.12	
    203	  -6.74	   0.21	 -0.008	0.99895							#	   1.08	  52.83	
    204	  -6.13	  -0.36	 -0.012	0.99884							#	   0.79	  52.98	
    205	  -5.32	  -0.63	 -0.005	0.99882							#	   0.71	  56.57	
    206	  -6.00	  -0.94	 -0.008	0.99902							#	   0.86	  53.99	
    207	  -5.97	  -1.05	 -0.010	0.99912							#	   0.85	  55.96	
    208	  -5.80	  -1.20	 -0.008	0.99917							#	   0.95	  55.35	
    209	  -5.89	  -1.21	 -0.008	0.99895							#	   0.86	  60.35	
    210	  -5.67	  -1.03	 -0.009	0.99910							#	   0.87	  56.41	
    211	  -5.66	  -1.09	 -0.007	0.99905							#	   0.84	  58.43	
    212	  -5.30	  -0.92	 -0.010	0.99906							#	   0.77	  58.99	
    213	  -5.08	  -0.96	 -0.007	0.99902							#	   0.77	  59.55	
    214	  -5.30	  -1.02	 -0.007	0.99898							#	   0.82	  61.92	
    215	  -5.61	  -0.97	 -0.007	0.99895							#	   0.86	  63.13	
    216	  -5.39	  -0.89	 -0.007	0.99897							#	   0.88	  63.38	
    217	  -5.25	  -0.87	 -0.006	0.99896							#	   0.84	  63.89	
    218	  -5.23	  -0.81	 -0.006	0.99894							#	   0.87	  60.86	
    219	  -5.29	  -0.87	 -0.005	0.99890							#	   0.85	  62.27	
    220	  -5.42	  -0.82	 -0.005	0.99887							#	   0.85	  62.58	
    221	  -5.41	  -0.89	 -0.005	0.99885							#	   0.94	  63.69	
    222	  -5.24	  -0.66	 -0.006	0.99886							#	   0.84	  62.37	
    223	  -5.13	  -0.40	 -0.007	0.99883							#	   0.77	  62.93	
    224	  -5.14	  -0.10	 -0.006	0.99878							#	   0.79	  61.62	
    225	  -4.94	   0.14	 -0.006	0.99876							#	   0.70	  62.12	
    226	  -4.86	   0.34	 -0.007	0.99875							#	   0.74	  62.58	
    227	  -4.80	   0.58	 -0.007	0.99870							#	   0.72	  63.23	
    228	  -4.70	   0.72	 -0.008	0.99866							#	   0.83	  61.82	
    229	  -4.55	   0.84	 -0.006	0.99867							#	   0.84	  62.32	
    230	  -4.61	   1.09	 -0.009	0.99864							#	   0.89	  60.66	
    231	  -4.78	   1.01	 -0.006	0.99856							#	   0.78	  60.61	
    232	  -4.76	   0.88	 -0.008	0.99862							#	   0.81	  59.19	
    233	  -4.42	   0.94	 -0.009	0.99859							#	   0.75	  61.57	
    234	  -4.45	   0.84	 -0.009	0.99859							#	   0.70	  59.75	
    235	  -4.81	   0.36	 -0.011	0.99864							#	   0.77	  60.25	
    236	  -4.69	  -0.02	 -0.011	0.99863							#	   0.88	  60.51	
    237	  -4.54	  -0.13	 -0.012	0.99850							#	   0.86	  60.56	
    238	  -4.62	  -0.23	 -0.008	0.99849							#	   0.83	  59.90	
    239	  -4.80	  -0.24	 -0.008	0.99852							#	   0.90	  58.33	
    240	  -4.84	  -0.36	 -0.005	0.99863							#	   1.33	  56.36	
    241	  -4.76	  -0.27	 -0.006	0.99864							#	   0.57	  57.83	
    242	  -4.66	  -0.35	 -0.006	0.99873							#	   0.71	  54.90	
    243	  -4.52	  -0.28	 -0.005	0.99876							#	   0.75	  53.48	
    244	  -4.24	  -0.21	 -0.008	0.99880							#	   0.65	  52.27	
    245	  -4.12	  -0.21	 -0.007	0.99884							#	   0.63	  51.62	
    246	  -3.95	  -0.19	 -0.011	0.99868							#	   0.74	  54.39	
    247	  -3.71	  -0.09	 -0.009	0.99880							#	   0.79	  49.75	
    248	  -3.70	  -0.24	 -0.011	0.99870							#	   0.75	  51.06	
    249	  -3.52	  -0.46	 -0.011	0.99874							#	   0.78	  50.30	
    250	  -3.27	  -0.53	 -0.012	0.99878							#	   0.78	  47.58	
    251	  -3.26	  -0.72	 -0.012	0.99857							#	   0.66	  54.24	
    252	  -3.12	  -0.77	 -0.008	0.99858							#	   0.68	  52.42	
    253	  -3.12	  -0.67	 -0.011	0.99860							#	   0.68	  53.23	
    254	  -2.96	  -0.81	 -0.006	0.99866							#	   0.68	  53.08	
    255	  -2.96	  -0.76	 -0.009	0.99855							#	   0.67	  54.80	
    256	  -2.84	  -0.62	 -0.006	0.99863							#	   0.81	  54.70	
    257	  -2.82	  -0.66	 -0.006	0.99857							#	   0.71	  57.12	
    258	  -2.68	  -0.69	 -0.000	0.99853							#	   0.70	  58.64	
    259	  -2.52	  -0.51	 -0.003	0.99857							#	   0.65	  57.68	
    260	  -2.26	  -0.37	  0.000	0.99861							#	   0.57	  57.17	
    261	  -2.57	  -0.29	 -0.001	0.99841							#	   0.58	  60.20	
    262	  -2.50	  -0.06	  0.001	0.99852							#	   0.70	  56.06	
    263	  -2.61	  -0.05	  0.000	0.99841							#	   0.81	  59.19	
    264	  -2.19	   0.15	  0.005	0.99859							#	   0.68	  55.05	
    265	  -2.36	   0.21	  0.002	0.99848							#	   0.69	  57.98	
    266	  -2.31	   0.28	  0.004	0.99852							#	   0.76	  57.68	
    267	  -2.31	   0.37	  0.006	0.99851							#	   0.74	  57.27	
    268	  -2.18	   0.37	  0.007	0.99859							#	   0.65	  55.25	
    269	  -2.38	   0.44	  0.008	0.99848							#	   0.74	  56.67	
    270	  -2.16	   0.35	  0.008	0.99860							#	   0.72	  56.06	
    271	  -2.14	   0.46	  0.008	0.99877							#	   0.75	  53.89	
    272	  -2.83	   0.27	  0.010	0.99854							#	   1.01	  54.09	
    273	  -2.66	   0.48	  0.010	0.99861							#	   0.78	  53.08	
    274	  -2.24	   0.59	  0.010	0.99852							#	   0.90	  52.68	
    275	  -1.98	   0.37	  0.011	0.99857							#	   0.78	  51.26	
    276	  -2.66	   0.52	  0.013	0.99859							#	   0.85	  50.91	
    277	  -2.86	   0.37	  0.013	0.99854							#	   0.77	  51.57	
    278	  -2.75	   0.40	  0.012	0.99853							#	   0.88	  51.26	
    279	  -2.63	   0.35	  0.010	0.99855							#	   0.94	  50.20	
    280	  -2.72	   0.06	  0.006	0.99858							#	   0.86	  48.13	
    281	  -2.84	  -0.18	  0.003	0.99862							#	   0.87	  48.03	
    282	  -2.87	  -0.33	  0.002	0.99868							#	   0.95	  47.32	
    283	  -2.90	  -0.46	  0.001	0.99868							#	   0.99	  46.92	
    284	  -2.86	  -0.46	 -0.003	0.99864							#	   0.94	  45.76	
    285	  -2.74	  -0.66	 -0.003	0.99871							#	   0.92	  43.94	
    286	  -2.74	  -0.78	 -0.003	0.99877							#	   0.89	  44.34	
    287	  -2.88	  -0.71	 -0.005	0.99874							#	   0.87	  44.19	
    288	  -2.76	  -0.71	 -0.003	0.99868							#	   0.92	  45.00	
    289	  -2.70	  -0.59	 -0.004	0.99861							#	   0.91	  44.90	
    290	  -2.74	  -0.53	 -0.004	0.99858							#	   1.02	  44.49	
    291	  -2.80	  -0.67	 -0.002	0.99860							#	   0.99	  45.81	
    292	  -2.96	  -0.69	 -0.004	0.99861							#	   1.02	  45.71	
    293	  -3.01	  -0.76	 -0.001	0.99863							#	   1.03	  46.62	
    294	  -3.09	  -0.68	  0.000	0.99864							#	   1.02	  48.38	
    295	  -3.11	  -0.79	  0.001	0.99870							#	   1.00	  47.58	
    296	  -3.12	  -0.85	  0.004	0.99867							#	   1.18	  48.33	
    297	  -3.12	  -0.88	  0.004	0.99869							#	   0.96	  48.33	
    298	  -3.34	  -0.88	  0.007	0.99866							#	   1.02	  51.06	
    299	  -3.52	  -0.83	  0.008	0.99869							#	   0.95	  51.41	
    300	  -3.63	  -0.77	  0.011	0.99865							#	   1.50	  50.76	
    301	  -3.70	  -0.61	  0.012	0.99863							#	   0.73	  54.65	
    302	  -4.13	  -0.55	  0.011	0.99860							#	   1.12	  53.23	
    303	  -4.02	  -0.37	  0.011	0.99866							#	   1.10	  53.84	
    304	  -3.64	  -0.23	  0.011	0.99868							#	   0.98	  52.17	
    305	  -3.75	  -0.06	  0.012	0.99864							#	   1.11	  52.58	
    306	  -3.91	   0.14	  0.011	0.99860							#	   1.25	  50.86	
    307	  -3.97	   0.27	  0.010	0.99855							#	   1.10	  51.26	
    308	  -4.03	   0.41	  0.012	0.99858							#	   1.17	  50.81	
    309	  -4.09	   0.50	  0.012	0.99860							#	   1.23	  49.95	
    310	  -4.24	   0.75	  0.011	0.99863							#	   1.35	  50.10	
    311	  -4.26	   0.97	  0.012	0.99863							#	   1.34	  49.24	
    312	  -4.64	   0.72	  0.013	0.99868							#	   1.37	  50.96	
    313	  -4.59	   0.81	  0.011	0.99863							#	   1.38	  49.80	
    314	  -4.23	   0.85	  0.012	0.99848							#	   1.24	  49.80	
    315	  -4.42	   0.62	  0.014	0.99846							#	   1.56	  49.24	
    316	  -4.62	   0.29	  0.010	0.99856							#	   1.14	  48.84	
    317	  -4.92	   0.08	  0.008	0.99879							#	   1.27	  46.16	
    318	  -5.39	  -0.56	  0.004	0.99891							#	   1.91	  43.33	
    319	  -6.12	  -0.63	  0.003	0.99885							#	   1.45	  41.92	
    320	  -5.29	  -0.46	  0.002	0.99871							#	   1.45	  41.21	
    321	  -4.38	  -0.34	  0.005	0.99852							#	   1.28	  39.60	
    322	  -5.24	  -0.14	  0.008	0.99848							#	   1.53	  38.23	
    323	  -5.55	  -0.07	  0.006	0.99845							#	   1.73	  38.54	
    324	  -4.73	  -0.20	  0.004	0.99855							#	   1.26	  38.03	
    325	  -4.61	  -0.39	  0.005	0.99849							#	   1.49	  37.73	
    326	  -4.99	  -0.69	  0.002	0.99851							#	   1.62	  37.58	
    327	  -4.85	  -1.02	 -0.003	0.99856							#	   1.55	  36.87	
    328	  -4.79	  -1.21	 -0.001	0.99863							#	   1.54	  36.67	
    329	  -4.90	  -1.47	  0.000	0.99858							#	   1.62	  34.85	
    330	  -4.91	  -1.55	 -0.003	0.99855							#	   1.50	  36.67	
    331	  -4.83	  -1.50	 -0.001	0.99854							#	   1.59	  37.37	
    332	  -4.69	  -1.56	  0.000	0.99862							#	   1.50	  36.11	
    333	  -4.87	  -1.51	 -0.000	0.99857							#	   1.54	  36.92	
    334	  -4.96	  -1.38	 -0.001	0.99852							#	   1.57	  38.18	
    335	  -5.01	  -1.30	  0.001	0.99858							#	   1.61	  37.63	
    336	  -5.41	  -1.17	  0.001	0.99851							#	   1.60	  38.94	
    337	  -5.13	  -1.21	  0.004	0.99856							#	   1.49	  37.83	
    338	  -4.69	  -0.99	  0.006	0.99865							#	   1.61	  36.21	
    339	  -4.81	  -0.86	  0.007	0.99855							#	   1.57	  36.57	
    340	  -5.23	  -0.78	  0.007	0.99860							#	   1.68	  37.78	
    341	  -5.65	  -0.64	  0.013	0.99854							#	   1.84	  39.60	
    342	  -5.81	  -0.52	  0.015	0.99860							#	   1.54	  39.29	
    343	  -5.67	  -0.51	  0.013	0.99851							#	   1.76	  38.23	
    344	  -5.24	  -0.12	  0.023	0.99910							#	   1.99	  36.52	
    345	  -5.57	   0.04	  0.027	0.99905							#	   1.66	  35.96	
    346	  -6.11	   0.09	  0.026	0.99908							#	   2.05	  33.64	
    347	  -6.58	  -0.01	  0.024	0.99915							#	   2.01	  32.88	
    348	  -6.25	  -0.16	  0.021	0.99915							#	   1.95	  30.40	
    349	  -6.21	  -0.28	  0.022	0.99930							#	   2.50	  30.51	
    350	  -6.26	  -0.32	  0.018	0.99935							#	   1.97	  28.23	
    351	  -6.79	  -0.36	  0.008	0.99956							#	   2.44	  25.86	
    352	  -7.41	  -0.47	  0.011	0.99943							#	   2.41	  27.17	
    353	  -7.39	  -0.21	  0.008	0.99941							#	   2.47	  27.83	
    354	  -7.61	  -0.09	  0.013	0.99878							#	   2.48	  27.02	
    355	  -6.93	  -0.14	  0.009	0.99878							#	   2.33	  26.97	
    356	  -8.15	  -0.26	  0.014	0.99865							#	   2.56	  26.92	
    357	  -8.64	  -0.51	  0.003	0.99874							#	   2.70	  28.08	
    358	  -9.61	  -0.94	  0.002	0.99865							#	   2.32	  25.91	
    359	 -10.07	  -1.19	  0.006	0.99895							#	   3.20	  26.92	
    360	  -9.86	  -1.22	  0.000	0.99877							#	   2.22	  24.95	
    361	  -9.52	  -0.98	 -0.006	0.99881							#	   2.64	  27.27	
    362	  -9.70	  -0.98	 -0.001	0.99868							#	   2.31	  27.98	
    363	  -9.80	  -0.93	 -0.005	0.99868							#	   2.50	  28.74	
    364	  -9.33	  -1.07	 -0.008	0.99877							#	   2.42	  27.53	
    365	  -9.14	  -1.26	 -0.008	0.99878							#	   2.32	  29.04	
    366	  -9.09	  -1.43	 -0.008	0.99871							#	   2.36	  30.10	
    367	  -8.82	  -1.62	 -0.008	0.99874							#	   2.12	  29.65	
    368	  -8.70	  -1.69	 -0.010	0.99882							#	   2.30	  29.60	
    369	  -8.63	  -1.72	 -0.009	0.99873							#	   1.92	  30.91	
    370	  -8.38	  -1.61	 -0.010	0.99862							#	   2.03	  30.45	
    371	  -8.61	  -1.86	 -0.008	0.99866							#	   1.72	  30.25	
    372	  -8.74	  -1.82	 -0.008	0.99864							#	   2.00	  30.45	
    373	  -8.67	  -1.95	 -0.010	0.99858							#	   1.92	  31.11	
    374	  -8.49	  -2.03	 -0.009	0.99872							#	   2.00	  30.25	
    375	  -8.36	  -2.05	 -0.008	0.99875							#	   2.04	  30.61	
    376	  -8.66	  -2.04	 -0.007	0.99866							#	   1.94	  32.73	
    377	  -8.93	  -1.80	  0.001	0.99884							#	   2.12	  31.41	
    378	  -9.36	  -1.42	  0.005	0.99861							#	   2.31	  32.98	
    379	 -10.11	  -1.47	  0.002	0.99867							#	   2.04	  32.47	
    380	  -9.26	  -0.95	 -0.000	0.99851							#	   2.05	  32.12	
    381	  -8.71	  -0.56	 -0.006	0.99946							#	   2.03	  37.53	
    382	  -8.33	  -0.59	 -0.006	0.99947							#	   1.95	  37.07	
    383	  -8.43	  -0.47	 -0.009	0.99939							#	   1.70	  36.41	
    384	  -8.30	  -0.42	 -0.009	0.99937							#	   1.63	  38.23	
    385	  -8.21	  -0.33	 -0.011	0.99919							#	   1.55	  41.82	
    386	  -7.81	  -0.12	 -0.009	0.99926							#	   1.31	  41.36	
    387	  -8.14	   0.10	 -0.011	0.99925							#	   1.31	  39.19	
    388	  -7.93	   0.37	 -0.012	0.99922							#	   1.37	  41.36	
    389	  -7.76	   0.08	 -0.009	0.99921							#	   1.41	  39.49	
    390	  -7.88	  -0.47	 -0.013	0.99918							#	   1.48	  41.16	
    391	  -7.75	  -0.31	 -0.013	0.99910							#	   1.43	  40.51	
    392	  -7.44	  -0.09	 -0.011	0.99898							#	   1.65	  40.86	
    393	  -9.80	  -1.04	 -0.012	0.99933							#	   1.88	  38.69	
    394	 -10.77	  -1.54	 -0.012	0.99950							#	   1.95	  36.16	
    395	 -10.83	  -1.82	 -0.014	0.99946							#	   1.77	  36.21	
    396	 -10.88	  -2.52	 -0.014	0.99981							#	   2.03	  32.93	
    397	 -10.95	  -3.35	 -0.019	0.99976							#	   1.92	  34.24	
    398	 -10.82	  -3.20	 -0.017	0.99965							#	   1.95	  34.60	
    399	  -6.93	  -2.15	 -0.007	0.99910							#	   1.15	  39.80	
    400	  -2.69	  -0.72	  0.004	0.99847							#	   0.54	  49.80	
    401	  -3.11	  -1.01	  0.007	0.99882							#	   0.68	  45.40	
    402	  -3.52	  -1.42	  0.007	0.99892							#	   0.74	  38.84	
    403	  -4.12	  -1.79	  0.007	0.99887							#	   0.90	  46.16	
    404	  -4.78	  -2.11	  0.005	0.99898							#	   1.30	  39.70	
    405	  -4.82	  -2.68	  0.002	0.99893							#	   1.34	  40.25	
    406	  -4.86	  -2.96	  0.000	0.99907							#	   1.38	  37.27	
    407	  -5.15	  -3.23	 -0.002	0.99909							#	   1.58	  38.13	
    408	  -5.17	  -3.35	 -0.001	0.99918							#	   1.43	  35.25	
    409	  -4.84	  -3.40	 -0.001	0.99915							#	   1.28	  35.71	
    410	  -4.23	  -3.27	  0.001	0.99906							#	   1.28	  36.16	
    411	  -4.21	  -3.32	  0.001	0.99900							#	   1.08	  39.29	
    412	  -3.79	  -3.42	  0.002	0.99894							#	   1.11	  39.70	
    413	  -3.68	  -3.36	  0.003	0.99891							#	   0.99	  41.31	
    414	  -3.36	  -3.12	  0.003	0.99890							#	   1.11	  42.27	
    415	  -3.21	  -2.85	  0.005	0.99873							#	   0.88	  47.12	
    416	  -2.95	  -2.33	  0.008	0.99881							#	   1.11	  46.41	
    417	  -2.00	  -1.96	  0.008	0.99865							#	   0.62	  50.45	
    418	  -1.37	  -1.56	  0.010	0.99855							#	   0.93	  51.87	
    419	  -1.20	  -1.12	  0.012	0.99848							#	   0.46	  53.74	
    420	  -0.57	  -0.80	  0.015	0.99851							#	   1.02	  53.18	
    421	  -0.41	  -0.14	  0.017	0.99842							#	   0.51	  55.40	
    422	  -0.11	   0.25	  0.021	0.99850							#	   0.64	  54.65	
    423	   0.43	   0.72	  0.025	0.99842							#	   0.59	  55.10	
    424	   0.63	   1.05	  0.027	0.99843							#	   0.45	  54.85	
    425	   0.62	   1.24	  0.028	0.99851							#	   0.46	  54.60	
    426	   0.32	   1.18	  0.028	0.99839							#	   0.43	  55.56	
    427	   0.35	   1.36	  0.028	0.99839							#	   0.51	  55.45	
    428	   0.14	   1.22	  0.026	0.99835							#	   0.48	  54.85	
    429	   0.47	   0.95	  0.026	0.99832							#	   0.39	  55.00	
    430	   1.25	   0.79	  0.021	0.99832							#	   0.29	  52.63	
    431	   1.37	   0.32	  0.020	0.99839							#	   0.31	  55.81	
    432	   1.55	   0.24	  0.018	0.99849							#	   0.22	  56.46	
    433	   1.61	   0.25	  0.020	0.99846							#	   0.20	  57.63	
    434	   1.72	   0.42	  0.021	0.99842							#	   0.20	  58.08	
    435	   2.02	   0.18	  0.025	0.99848							#	   0.22	  58.33	
    436	   2.30	   0.42	  0.021	0.99848							#	   0.25	  56.77	
    437	   2.76	   0.28	  0.020	0.99849							#	   0.29	  56.26	
    438	   0.54	  -0.19	  0.017	0.99849							#	   0.17	  58.79	
    439	   0.37	  -0.38	  0.015	0.99858							#	   0.18	  58.74	
    440	   0.19	  -0.61	  0.013	0.99858							#	   0.19	  58.18	
    441	   0.19	  -0.79	  0.011	0.99858							#	   0.20	  58.74	
    442	   0.18	  -0.93	  0.009	0.99857							#	   0.22	  60.15	
    443	   0.64	  -1.11	  0.008	0.99861							#	   0.25	  58.94	
    444	   1.42	  -1.08	  0.006	0.99861							#	   0.26	  57.88	
    445	   2.49	  -1.13	  0.006	0.99865							#	   0.35	  58.18	
    446	   3.43	  -0.97	  0.008	0.99869							#	   0.51	  58.99	
    447	   4.13	  -0.57	  0.009	0.99871							#	   0.60	  57.63	
    448	   4.79	  -0.44	  0.010	0.99878							#	   0.70	  56.46	
    449	   5.66	  -0.91	  0.010	0.99881							#	   1.07	  57.73	
    450	   5.77	  -0.49	  0.012	0.99885							#	   0.85	  54.24	
    451	   6.08	  -0.44	  0.014	0.99888							#	   1.06	  56.26	
    452	   6.32	  -0.37	  0.016	0.99891							#	   0.96	  57.07	
    453	   6.39	  -0.37	  0.017	0.99901							#	   1.03	  56.82	
    454	   6.52	  -0.37	  0.021	0.99892							#	   1.03	  58.99	
    455	   6.51	  -0.31	  0.023	0.99889							#	   1.03	  60.25	
    456	   6.54	  -0.10	  0.026	0.99892							#	   1.15	  60.10	
    457	   6.29	  -0.11	  0.028	0.99890							#	   1.06	  61.26	
    458	   6.14	  -0.06	  0.029	0.99890							#	   1.12	  61.21	
    459	   6.20	  -0.05	  0.029	0.99892							#	   1.16	  61.26	
    460	   6.10	  -0.00	  0.031	0.99889							#	   1.04	  61.57	
    461	   6.25	   0.17	  0.035	0.99890							#	   1.17	  60.40	
    462	   7.07	  -0.29	  0.032	0.99901							#	   1.38	  59.19	
    463	   7.79	  -0.68	  0.035	0.99906							#	   1.47	  58.94	
    464	   8.56	  -0.83	  0.039	0.99912							#	   1.64	  57.27	
    465	   9.00	  -0.71	  0.040	0.99916							#	   1.49	  57.98	
    466	   9.70	  -0.63	  0.043	0.99926							#	   1.79	  57.12	
    467	   9.87	  -0.92	  0.044	0.99928							#	   1.76	  57.17	
    468	  10.19	  -0.82	  0.043	0.99927							#	   1.74	  56.36	
    469	  10.70	  -0.65	  0.041	0.99918							#	   2.23	  56.92	
    470	  11.24	  -0.75	  0.039	0.99926							#	   1.92	  56.52	
    471	  11.42	  -1.16	  0.034	0.99918							#	   1.84	  57.07	
    472	  12.06	  -0.93	  0.026	0.99921							#	   2.23	  55.96	
    473	  12.49	  -1.13	  0.020	0.99919							#	   2.21	  56.41	
    474	  12.61	  -1.59	  0.015	0.99932							#	   1.95	  55.15	
    475	  12.99	  -1.81	  0.012	0.99924							#	   2.16	  52.12	
    476	  13.43	  -1.79	  0.007	0.99943							#	   2.18	  52.83	
    477	  13.68	  -1.90	  0.006	0.99944							#	   2.10	  51.26	
    478	  14.17	  -1.98	  0.006	0.99944							#	   2.35	  50.10	
    479	  14.73	  -2.20	  0.007	0.99972							#	   2.14	  48.33	
    480	  14.82	  -2.10	  0.005	0.99959							#	   2.42	  46.97	
    481	  15.36	  -1.99	  0.005	0.99960							#	   2.35	  46.01	
    482	  15.50	  -1.95	  0.009	0.99964							#	   2.42	  42.32	
    483	  15.53	  -1.99	  0.008	0.99955							#	   2.58	  41.97	
    484	  15.62	  -2.10	  0.009	0.99965							#	   2.19	  41.92	
    485	  15.86	  -2.30	  0.007	0.99985							#	   2.66	  44.65	
    486	  16.07	  -2.54	  0.012	0.99990							#	   2.36	  43.23	
    487	  16.16	  -2.45	  0.008	0.99950							#	   2.60	  44.39	
    488	  16.53	  -2.77	  0.012	0.99939							#	   2.77	  41.16	
    489	  17.01	  -3.01	  0.013	0.99920							#	   2.05	  42.78	
    490	  17.40	  -3.11	  0.022	0.99902							#	   2.08	  43.64	
    491	  17.60	  -3.14	  0.019	0.99939							#	   2.49	  41.62	
    492	  17.63	  -3.15	  0.022	0.99932							#	   2.20	  43.64	
    493	  17.47	  -3.35	  0.023	0.99945							#	   2.38	  44.95	
    494	  17.37	  -3.54	  0.026	0.99962							#	   2.48	  47.07	
    495	  17.06	  -3.85	  0.028	0.99953							#	   2.45	  46.87	
    496	  16.55	  -4.07	  0.031	0.99882							#	   2.63	  45.61	
    497	  16.41	  -4.07	  0.034	0.99883							#	   2.47	  47.63	
    498	  16.07	  -3.90	  0.042	0.99876							#	   2.44	  48.43	
    499	  15.93	  -3.75	  0.044	0.99849							#	   2.60	  49.65	
    500	  15.67	  -3.58	  0.047	0.99852							#	   2.14	  51.36	
    501	  15.39	  -3.45	  0.049	0.99839							#	   2.51	  51.46	
    502	  15.11	  -3.43	  0.050	0.99846							#	   1.97	  51.36	
    503	  15.05	  -3.27	  0.050	0.99839							#	   2.21	  53.28	
    504	  16.30	  -3.48	  0.052	0.99837							#	   2.55	  49.75	
    505	  17.20	  -3.42	  0.057	0.99839							#	   2.45	  46.46	
    506	  17.70	  -3.67	  0.061	0.99814							#	   2.81	  45.86	
    507	  17.57	  -3.63	  0.058	0.99818							#	   2.36	  45.71	
    508	  16.82	  -2.99	  0.050	0.99829							#	   2.60	  47.12	
    509	  16.63	  -3.67	  0.049	0.99819							#	   2.26	  45.81	
    510	  16.55	  -3.88	  0.050	0.99802							#	   2.47	  47.68	
    511	  16.18	  -3.69	  0.044	0.99823							#	   2.15	  48.13	
    512	  12.31	  -3.23	  0.030	0.99825							#	   1.29	  55.25	
    513	  11.91	  -3.45	  0.025	0.99835							#	   1.28	  57.63	
    514	   9.99	  -3.08	  0.016	0.99854							#	   0.87	  65.45	
    515	  10.15	  -3.35	  0.017	0.99857							#	   0.85	  65.56	
    516	  11.53	  -3.96	  0.022	0.99853							#	   1.21	  62.63	
    517	  11.42	  -3.93	  0.026	0.99851							#	   1.51	  62.42	
    518	   9.97	  -3.21	  0.020	0.99863							#	   1.14	  66.67	
    519	  10.22	  -3.39	  0.022	0.99857							#	   1.31	  65.00	
    520	  11.85	  -4.03	  0.027	0.99872							#	   1.69	  61.26	
    521	  11.62	  -4.18	  0.027	0.99851							#	   1.33	  61.41	
    522	  11.45	  -4.57	  0.026	0.99844							#	   1.71	  60.66	
    523	  11.19	  -4.55	  0.025	0.99882							#	   1.57	  58.18	
    524	  10.62	  -4.50	  0.026	0.99886							#	   1.47	  56.06	
    525	   9.76	  -4.15	  0.017	0.99845							#	   1.25	  62.58	
    526	  10.50	  -4.18	  0.010	0.99871							#	   1.40	  68.13	
    527	   9.37	  -4.39	  0.007	0.99901							#	   1.14	  64.44	
    528	   6.68	  -4.35	 -0.002	0.99904							#	   0.73	  72.53	
    529	   4.59	  -4.20	  0.001	0.99881							#	   0.55	  75.40	
    530	   4.17	  -4.27	  0.001	0.99883							#	   0.49	  76.26	
    531	  -0.77	  -3.02	 -0.004	0.99887							#	   0.19	  75.76	
    532	   0.33	  -3.48	 -0.003	0.99889							#	   0.24	  81.01	
    533	   1.19	  -3.63	 -0.005	0.99893							#	   0.31	  80.40	
    534	   1.82	  -3.75	 -0.004	0.99894							#	   0.41	  80.20	
    535	   2.07	  -3.58	 -0.000	0.99893							#	   0.42	  81.06	
    536	   2.11	  -3.40	  0.004	0.99885							#	   0.45	  81.82	
    537	   2.38	  -3.02	  0.007	0.99883							#	   0.40	  80.86	
    538	   4.00	  -3.27	  0.011	0.99867							#	   0.64	  78.84	
    539	   4.87	  -3.89	  0.012	0.99875							#	   0.87	  76.67	
    540	   4.47	  -3.95	  0.010	0.99869							#	   1.03	  76.87	
    541	   4.62	  -4.02	  0.006	0.99875							#	   0.69	  78.28	
    542	   4.28	  -3.94	  0.005	0.99876							#	   0.68	  77.37	
    543	   3.52	  -3.57	  0.000	0.99875							#	   0.55	  78.43	
    544	   1.72	  -2.14	 -0.009	0.99883							#	   0.24	  80.25	
    545	  -0.50	  -0.11	 -0.014	0.99864							#	   0.10	  79.75	
    546	   0.25	   0.07	 -0.010	0.99864							#	   0.12	  79.65	
    547	   0.66	  -0.21	 -0.008	0.99850							#	   0.13	  79.85	
    548	   1.01	  -1.06	 -0.007	0.99863							#	   0.18	  80.61	
    549	   0.71	  -1.39	 -0.007	0.99850							#	   0.18	  79.39	
    550	   0.77	  -1.56	 -0.009	0.99858							#	   0.19	  80.00	
    551	   0.61	  -1.64	 -0.013	0.99863							#	   0.19	  81.57	
    552	   0.76	  -1.60	 -0.019	0.99875							#	   0.20	  81.36	
    553	   0.73	  -1.65	 -0.023	0.99881							#	   0.20	  82.32	
    554	   0.91	  -1.70	 -0.031	0.99884							#	   0.21	  79.39	
    555	   0.96	  -1.82	 -0.034	0.99891							#	   0.21	  79.75	
    556	   0.90	  -1.81	 -0.033	0.99891							#	   0.22	  79.44	
    557	   0.97	  -1.89	 -0.031	0.99887							#	   0.23	  79.29	
    558	   0.84	  -1.92	 -0.026	0.99894							#	   0.22	  80.76	
    559	   0.63	  -1.81	 -0.022	0.99882							#	   0.21	  78.94	
    560	   0.85	  -1.84	 -0.016	0.99882							#	   0.22	  79.34	
    561	   0.99	  -1.79	 -0.012	0.99875							#	   0.21	  80.66	
    562	   1.15	  -1.82	 -0.012	0.99871							#	   0.21	  78.43	
    563	   1.32	  -1.98	 -0.012	0.99880							#	   0.22	  78.94	
    564	   1.39	  -2.22	 -0.013	0.99871							#	   0.27	  76.36	
    565	   1.51	  -2.37	 -0.013	0.99879							#	   0.28	  77.68	
    566	   1.65	  -2.49	 -0.013	0.99880							#	   0.30	  77.32	
    567	   1.95	  -2.64	 -0.015	0.99884							#	   0.34	  76.97	
    568	   1.95	  -2.59	 -0.014	0.99879							#	   0.34	  78.69	
    569	   2.14	  -2.46	 -0.012	0.99882							#	   0.34	  78.99	
    570	   2.13	  -2.33	 -0.011	0.99873							#	   0.35	  78.08	
    571	   2.26	  -2.19	 -0.010	0.99883							#	   0.31	  79.85	
    572	   2.54	  -2.13	 -0.009	0.99874							#	   0.36	  76.97	
    573	   2.51	  -1.94	 -0.006	0.99870							#	   0.34	  78.33	
    574	   2.40	  -1.90	 -0.004	0.99868							#	   0.32	  78.13	
    575	   2.59	  -1.73	 -0.003	0.99869							#	   0.33	  78.33	
    576	   2.81	  -1.47	  0.001	0.99861							#	   0.34	  77.68	
    577	   2.82	  -1.41	  0.002	0.99859							#	   0.33	  78.18	
    578	   2.76	  -1.29	  0.005	0.99856							#	   0.33	  77.27	
    579	   2.81	  -1.19	  0.008	0.99858							#	   0.32	  76.46	
    580	   2.86	  -1.01	  0.009	0.99857							#	   0.31	  77.27	
    581	   3.02	  -0.82	  0.010	0.99856							#	   0.32	  76.52	
    582	   3.00	  -0.76	  0.015	0.99854							#	   0.32	  75.96	
    583	   2.91	  -0.84	  0.015	0.99854							#	   0.32	  75.86	
    584	   3.01	  -0.76	  0.017	0.99849							#	   0.33	  75.10	
    585	   3.09	  -0.70	  0.015	0.99848							#	   0.36	  76.01	
    586	   3.05	  -0.79	  0.016	0.99847							#	   0.35	  74.80	
    587	   2.75	  -0.99	  0.013	0.99848							#	   0.34	  75.91	
    588	   2.56	  -0.88	  0.014	0.99858							#	   0.30	  75.00	
    589	   1.20	  -0.61	  0.011	0.99838							#	   0.17	  75.05	
    590	   3.37	  -0.69	  0.011	0.99859							#	   0.35	  76.06	
    591	   3.21	  -0.67	  0.015	0.99864							#	   0.34	  75.66	
    592	   3.02	  -0.81	  0.015	0.99866							#	   0.31	  76.36	
    593	   3.04	  -0.88	  0.016	0.99866							#	   0.31	  75.96	
    594	   2.91	  -1.04	  0.017	0.99858							#	   0.33	  77.47	
    595	   2.89	  -1.44	  0.015	0.99862							#	   0.35	  77.78	
    596	   2.88	  -1.77	  0.015	0.99876							#	   0.36	  78.23	
    597	   2.92	  -1.78	  0.010	0.99877							#	   0.38	  77.98	
    598	   2.96	  -1.83	  0.009	0.99883							#	   0.37	  79.29	
    599	   2.88	  -1.82	  0.006	0.99893							#	   0.35	  80.66	
    600	   2.89	  -1.84	  0.003	0.99900							#	   0.71	  80.56	
    601	   2.94	  -1.78	  0.003	0.99909							#	   0.36	  81.87	
    602	   2.69	  -1.89	  0.003	0.99904							#	   0.33	  81.87	
    603	   2.49	  -1.85	  0.003	0.99910							#	   0.28	  82.47	
    604	   2.35	  -1.80	  0.003	0.99913							#	   0.28	  83.28	
    605	   2.09	  -1.86	  0.004	0.99914							#	   0.24	  83.74	
    606	   1.99	  -1.86	  0.006	0.99916							#	   0.23	  84.09	
    607	   1.76	  -1.75	  0.005	0.99920							#	   0.21	  85.05	
    608	   1.58	  -1.63	  0.005	0.99915							#	   0.19	  81.87	
    609	   1.47	  -1.57	  0.005	0.99922							#	   0.17	  85.00	
    610	   1.46	  -1.56	  0.006	0.99928							#	   0.17	  85.40	
    611	   1.28	  -1.56	  0.005	0.99929							#	   0.16	  85.30	
    612	   1.20	  -1.45	  0.006	0.99931							#	   0.14	  84.55	
    613	   1.09	  -1.45	  0.005	0.99930							#	   0.15	  86.21	
    614	   1.08	  -1.31	  0.006	0.99937							#	   0.13	  86.62	
    615	   0.92	  -1.46	  0.006	0.99937							#	   0.13	  86.46	
    616	   0.97	  -1.35	  0.006	0.99945							#	   0.12	  86.97	
    617	   1.14	  -1.31	  0.005	0.99950							#	   0.13	  88.13	
    618	   1.17	  -1.28	  0.005	0.99948							#	   0.13	  87.68	
    619	   1.09	  -1.47	  0.005	0.99948							#	   0.14	  88.03	
    620	   1.15	  -1.54	  0.004	0.99956							#	   0.14	  88.03	
    621	   1.12	  -1.59	  0.002	0.99960							#	   0.15	  88.74	
    622	   1.14	  -1.68	  0.002	0.99965							#	   0.15	  88.94	
    623	   1.15	  -1.79	 -0.000	0.99973							#	   0.15	  88.99	
    624	   1.12	  -1.80	  0.001	0.99978							#	   0.15	  89.09	
    625	   1.14	  -1.78	  0.002	0.99977							#	   0.16	  89.24	
    626	   1.43	  -1.66	  0.003	0.99969							#	   0.16	  88.89	
    627	   1.51	  -1.60	  0.005	0.99970							#	   0.15	  89.14	
    628	   1.57	  -1.64	  0.008	0.99968							#	   0.18	  88.99	
    629	   1.37	  -1.59	  0.008	0.99970							#	   0.16	  89.24	
    630	   1.52	  -1.57	  0.008	0.99978							#	   0.15	  89.60	
    631	   1.63	  -1.45	  0.010	0.99980							#	   0.16	  89.39	
    632	   1.55	  -1.29	  0.010	0.99978							#	   0.14	  89.34	
    633	   1.57	  -1.06	  0.011	0.99977							#	   0.13	  89.29	
    634	   1.72	  -0.88	  0.011	0.99979							#	   0.13	  89.24	
    635	   1.73	  -0.83	  0.011	0.99981							#	   0.12	  89.04	
    636	   1.71	  -0.78	  0.014	0.99979							#	   0.12	  88.99	
    637	   1.63	  -0.81	  0.015	0.99977							#	   0.11	  88.99	
    638	   1.67	  -0.78	  0.014	0.99979							#	   0.11	  89.29	
    639	   1.93	  -0.76	  0.015	0.99981							#	   0.13	  89.14	
    640	   1.90	  -0.81	  0.014	0.99982							#	   0.13	  89.39	
    641	   1.84	  -0.80	  0.014	0.99985							#	   0.12	  89.44	
    642	   1.97	  -0.92	  0.012	0.99987							#	   0.15	  89.24	
    643	   2.21	  -0.94	  0.013	0.99989							#	   0.17	  89.09	
    644	   2.14	  -0.84	  0.012	0.99988							#	   0.15	  89.19	
    645	   2.20	  -0.90	  0.013	0.99986							#	   0.16	  88.99	
    646	   2.21	  -0.91	  0.013	0.99988							#	   0.16	  89.34	
    647	   1.97	  -0.79	  0.015	0.99990							#	   0.14	  89.14	
    648	   2.09	  -0.73	  0.014	0.99993							#	   0.15	  88.94	
    649	   2.21	  -0.75	  0.014	0.99992							#	   0.16	  89.09	
    650	   2.07	  -0.79	  0.015	0.99992							#	   0.14	  89.09	
    651	   2.22	  -0.87	  0.012	0.99993							#	   0.17	  88.99	
    652	   2.32	  -0.84	  0.014	0.99993							#	   0.17	  89.24	
    653	   2.24	  -0.94	  0.011	0.99990							#	   0.16	  89.29	
    654	   2.19	  -0.98	  0.011	0.99993							#	   0.17	  89.44	
    655	   2.07	  -1.01	  0.012	0.99992							#	   0.17	  89.24	
    656	   2.21	  -0.93	  0.011	0.99995							#	   0.18	  89.39	
    657	   2.51	  -0.80	  0.011	0.99994							#	   0.20	  89.09	
    658	   2.49	  -0.92	  0.014	0.99990							#	   0.19	  88.99	
    659	   2.23	  -0.63	  0.014	0.99997							#	   0.16	  89.09	
    660	   2.16	  -0.55	  0.014	0.99990							#	   0.35	  88.43	
    661	   2.13	  -0.45	  0.013	0.99991							#	   0.23	  88.54	
    662	   2.27	  -0.65	  0.012	0.99994							#	   0.18	  88.43	
    663	   2.18	  -0.62	  0.011	0.99996							#	   0.15	  88.33	
    664	   1.79	  -0.58	  0.012	0.99996							#	   0.12	  88.23	
    665	   1.77	  -0.68	  0.010	0.99997							#	   0.11	  88.28	
    666	   1.80	  -0.66	  0.011	0.99997							#	   0.11	  88.33	
    667	   1.88	  -0.59	  0.011	1.00000							#	   0.12	  88.33	
    668	   1.92	  -0.56	  0.011	0.99997							#	   0.12	  88.33	
    669	   1.74	  -0.49	  0.012	0.99996							#	   0.11	  88.28	
    670	   1.55	  -0.51	  0.012	0.99993							#	   0.09	  88.18	
    671	   1.40	  -0.47	  0.011	0.99991							#	   0.08	  88.18	
    672	   1.29	  -0.41	  0.010	0.99994							#	   0.08	  88.33	
    673	   1.27	  -0.49	  0.010	0.99996							#	   0.08	  88.28	
    674	   1.76	  -0.58	  0.008	1.00000							#	   0.12	  88.28	
    675	   1.57	  -0.62	  0.011	1.00000							#	   0.10	  88.33	
    676	   1.19	  -0.73	  0.008	1.00000							#	   0.08	  88.33	
    677	   1.14	  -0.53	  0.008	1.00002							#	   0.07	  88.38	
    678	   1.16	  -0.53	  0.008	1.00001							#	   0.07	  88.38	
    679	   1.37	  -0.51	  0.010	1.00002							#	   0.08	  88.23	
    680	   1.60	  -0.33	  0.010	0.99998							#	   0.10	  88.38	
    681	   1.48	  -0.30	  0.009	0.99997							#	   0.09	  88.38	
    682	   1.19	  -0.44	  0.009	0.99999							#	   0.07	  88.23	
    683	   1.08	  -0.41	  0.010	0.99999							#	   0.07	  88.13	
    684	   1.25	  -0.26	  0.010	0.99995							#	   0.08	  88.23	
    685	   1.51	  -0.28	  0.010	0.99995							#	   0.09	  88.23	
    686	   1.17	  -0.28	  0.009	0.99996							#	   0.07	  88.33	
    687	   1.15	  -0.31	  0.009	0.99997							#	   0.07	  88.38	
    688	   1.28	  -0.19	  0.008	0.99996							#	   0.08	  88.28	
    689	   1.16	  -0.23	  0.009	0.99996							#	   0.07	  88.28	
    690	   1.19	  -0.17	  0.008	0.99995							#	   0.07	  88.38	
    691	   1.30	  -0.17	  0.009	0.99994							#	   0.08	  88.23	
    692	   1.36	  -0.01	  0.008	0.99992							#	   0.08	  88.28	
    693	   1.42	   0.08	  0.008	0.99991							#	   0.09	  88.38	
    694	   1.49	   0.16	  0.009	0.99994							#	   0.09	  88.43	
    695	   1.67	   0.28	  0.011	0.99993							#	   0.11	  88.38	
    696	   1.60	   0.30	  0.011	0.99991							#	   0.10	  88.33	
    697	   1.51	   0.35	  0.009	0.99990							#	   0.09	  88.23	
    698	   1.67	   0.44	  0.011	0.99991							#	   0.11	  88.23	
    699	   1.77	   0.29	  0.010	0.99996							#	   0.11	  88.18	
    700	   1.66	   0.51	  0.011	0.99992							#	   0.10	  88.23	
    701	   1.35	   0.50	  0.010	0.99991							#	   0.08	  88.23	
    702	   1.58	   0.57	  0.010	0.99990							#	   0.10	  88.23	
    703	   1.63	   0.57	  0.012	0.99992							#	   0.10	  88.28	
    704	   1.45	   0.63	  0.010	0.99988							#	   0.09	  88.18	
    705	   1.30	   0.55	  0.010	0.99989							#	   0.08	  88.23	
    706	   1.36	   0.59	  0.011	0.99988							#	   0.09	  88.18	
    707	   1.31	   0.66	  0.009	0.99992							#	   0.08	  88.28	
    708	   1.63	   0.65	  0.011	0.99989							#	   0.10	  88.28	
    709	   1.47	   0.60	  0.010	0.99990							#	   0.09	  88.23	
    710	   1.28	   0.60	  0.010	0.99989							#	   0.08	  88.13	
    711	   1.00	   0.63	  0.011	0.99987							#	   0.07	  88.08	
    712	   0.67	   0.74	  0.009	0.99985							#	   0.06	  88.28	
