      1	  -4.10	   1.91	 -0.006	1.00030	  -3.24	   2.22	  0.035	1.00030			#	   0.24	  42.37	
      2	  -6.41	   0.76	 -0.025	1.00025	  -5.06	   0.67	  0.012	1.00040			#	   1.83	  41.77	
      3	  -7.65	   2.27	 -0.006	1.00032	  -7.89	   1.75	  0.063	1.00009			#	   1.34	  42.02	
      4	  -3.88	   3.17	  0.003	1.00031	  -6.71	   3.35	  0.040	1.00024			#	   0.44	  42.93	
      5	   0.52	   2.81	 -0.008	0.99951	   0.45	   2.97	 -0.038	0.99868			#	   0.16	  43.99	
      6	  -0.38	   2.62	  0.020	0.99994	  -0.40	   2.34	  0.036	0.99960			#	   0.12	  43.84	
      7	  -0.09	   1.24	 -0.008	0.99962	   0.73	   2.42	 -0.018	0.99902			#	   0.06	  44.75	
      8	  -2.73	  -0.25	  0.048	1.00046	  -2.41	   0.51	  0.074	1.00085			#	   0.20	  45.00	
      9	  -2.39	  -2.11	  0.064	1.00123	  -1.75	  -1.30	  0.082	1.00159			#	   0.44	  43.33	
     10	  -4.02	  -1.38	  0.043	1.00023	  -3.63	  -2.67	  0.087	1.00078			#	   0.89	  43.84	
     11	  -2.91	  -0.08	  0.035	1.00018	  -4.04	   0.46	  0.064	1.00047			#	   0.37	  45.76	
     12	  -0.76	  -1.04	  0.003	1.00006	  -1.55	  -1.37	  0.012	1.00028			#	   0.08	  43.84	
     13	  -1.27	   0.91	  0.019	0.99984	   0.53	  -0.23	 -0.004	0.99917			#	   0.15	  46.92	
     14	  -3.26	   2.09	  0.040	1.00121	  -3.70	   2.52	  0.091	1.00194			#	   0.45	  43.89	
     15	  -2.25	   1.35	  0.037	0.99827	  -2.12	   1.22	  0.054	0.99755			#	   0.28	  46.82	
     16	  -2.23	   2.22	  0.002	0.99863	  -2.55	   1.96	  0.038	0.99858			#	   0.35	  45.40	
     17	  -2.15	   1.84	  0.003	0.99854	  -1.37	   2.47	 -0.002	0.99819			#	   0.37	  47.88	
     18	  -4.50	   0.36	  0.020	0.99893	  -3.08	   1.36	  0.059	0.99871			#	   0.89	  50.05	
     19	  -6.85	  -0.05	  0.016	1.00011	  -5.86	  -0.95	  0.075	1.00012			#	   1.46	  49.04	
     20	  -7.26	   1.56	  0.026	1.00091	  -8.06	   1.52	  0.076	1.00096			#	   1.08	  47.27	
     21	  -5.00	   0.62	  0.031	1.00078	  -5.51	   0.89	  0.071	1.00076			#	   0.56	  51.62	
     22	  -5.70	   2.08	  0.000	1.00090	  -4.06	   1.37	  0.049	1.00051			#	   0.96	  46.82	
     23	  -6.56	   1.66	  0.004	1.00072	  -7.28	   2.50	  0.047	1.00088			#	   1.02	  48.89	
     24	  -6.46	   1.17	  0.005	1.00089	  -5.89	   0.47	  0.059	1.00069			#	   1.10	  50.45	
     25	  -6.54	   1.72	  0.040	1.00081	  -6.70	   2.36	  0.071	1.00102			#	   1.08	  48.33	
     26	  -5.91	   2.08	  0.020	1.00024	  -6.32	   1.27	  0.092	1.00036			#	   1.08	  47.68	
     27	  -4.11	   1.67	 -0.004	0.99998	  -5.40	   2.85	  0.022	0.99971			#	   0.56	  48.54	
     28	  -1.06	   0.43	  0.018	0.99986	  -1.68	   0.73	 -0.007	0.99991			#	   0.05	  54.14	
     29	  -0.68	   0.04	  0.012	0.99991	  -0.60	  -0.41	  0.032	0.99980			#	   0.03	  54.80	
     30	  -0.97	   0.75	  0.001	0.99991	  -0.16	   0.85	 -0.012	0.99988			#	   0.07	  47.47	
     31	  -4.06	   0.36	  0.007	1.00035	  -2.48	   0.31	  0.066	1.00027			#	   0.44	  52.22	
     32	  -3.90	   0.43	  0.015	1.00001	  -5.07	   0.43	  0.036	1.00016			#	   0.61	  52.37	
     33	  -2.99	   1.98	  0.047	0.99994	  -2.64	   1.15	  0.065	0.99957			#	   0.49	  47.73	
     34	  -4.27	   2.29	  0.043	1.00000	  -3.30	   2.90	  0.073	0.99938			#	   0.81	  50.71	
     35	  -4.41	   1.16	  0.045	1.00013	  -5.37	   1.45	  0.077	1.00034			#	   0.71	  52.22	
     36	  -2.14	   0.34	  0.041	0.99979	  -2.52	   0.48	  0.049	0.99954			#	   0.20	  54.04	
     37	  -2.39	   0.10	  0.049	1.00016	  -1.83	   0.59	  0.066	1.00029			#	   0.22	  52.47	
     38	  -3.87	  -0.32	  0.045	1.00006	  -2.65	  -0.82	  0.067	1.00004			#	   0.61	  49.39	
     39	  -7.15	   1.09	  0.079	1.00020	  -5.15	   0.54	  0.121	0.99979			#	   1.89	  54.65	
     40	 -10.38	   1.90	  0.080	1.00048	  -9.73	   1.73	  0.195	1.00053			#	   1.83	  51.21	
     41	 -11.48	   2.30	  0.060	0.99987	  -9.92	   2.64	  0.124	0.99938			#	   1.78	  51.52	
     42	 -11.28	   2.16	  0.106	1.00044	 -13.43	   2.06	  0.212	1.00054			#	   1.90	  52.17	
     43	  -6.69	   2.71	  0.066	0.99964	  -7.10	   1.99	  0.115	0.99895			#	   0.73	  53.48	
     44	  -6.43	   3.68	  0.058	1.00003	  -6.73	   3.65	  0.110	0.99942			#	   0.74	  53.18	
     45	  -5.58	   2.46	  0.032	1.00001	  -5.60	   3.21	  0.089	0.99945			#	   0.49	  53.03	
     46	  -6.44	   2.66	  0.027	0.99996	  -5.58	   2.29	  0.061	0.99957			#	   0.63	  54.04	
     47	  -7.48	   3.39	  0.052	0.99996	  -6.53	   2.92	  0.094	0.99935			#	   0.82	  52.78	
     48	 -10.55	   4.64	  0.063	0.99993	  -8.12	   3.99	  0.143	0.99914			#	   2.32	  54.14	
     49	 -15.07	   3.99	  0.080	1.00014	 -13.32	   5.16	  0.210	0.99951			#	   2.87	  51.97	
     50	 -14.73	   2.36	  0.079	0.99983	 -16.24	   2.96	  0.190	0.99950			#	   2.20	  54.90	
     51	 -11.32	   1.78	  0.079	1.00029	 -13.16	   1.06	  0.176	0.99988			#	   1.31	  58.28	
     52	  -6.14	   3.56	  0.063	0.99947	  -7.71	   2.77	  0.090	0.99852			#	   0.52	  53.64	
     53	  -4.14	   2.91	  0.055	1.00011	  -4.75	   4.77	  0.100	0.99960			#	   0.23	  56.62	
     54	  -2.38	   0.08	  0.026	0.99973	  -2.48	   0.37	  0.046	0.99981			#	   0.06	  59.80	
     55	  -4.39	  -1.08	  0.003	0.99989	  -2.56	  -0.57	  0.038	0.99972			#	   0.20	  54.65	
     56	  -7.32	  -1.16	  0.022	1.00010	  -6.78	  -1.61	  0.081	1.00026			#	   0.66	  53.59	
     57	  -7.41	   0.29	  0.009	1.00004	  -7.43	  -0.59	  0.076	0.99998			#	   1.08	  57.17	
     58	  -7.36	   1.97	 -0.022	1.00023	  -7.58	   1.63	  0.040	1.00008			#	   1.22	  56.01	
     59	  -5.44	   2.94	 -0.025	0.99957	  -5.95	   2.37	 -0.011	0.99880			#	   0.89	  51.97	
     60	  -4.05	   3.74	  0.016	0.99985	  -4.81	   2.93	  0.038	0.99891			#	   0.72	  50.96	
     61	  -2.82	   4.80	  0.011	0.99959	  -2.28	   4.92	  0.019	0.99840			#	   0.69	  52.32	
     62	  -5.04	   2.43	  0.017	1.00002	  -4.03	   3.69	  0.063	0.99957			#	   0.70	  55.81	
     63	  -6.81	   2.38	  0.024	0.99982	  -5.95	   1.46	  0.069	0.99926			#	   1.08	  57.32	
     64	  -8.83	   2.21	 -0.011	0.99974	  -7.45	   3.21	  0.095	0.99894			#	   1.37	  56.46	
     65	 -10.66	   0.50	 -0.037	1.00014	 -10.11	   1.18	  0.010	1.00028			#	   1.61	  59.29	
     66	 -11.38	   0.80	  0.030	1.00026	 -11.61	  -0.26	  0.129	0.99986			#	   1.84	  61.06	
     67	  -8.04	   2.39	  0.007	1.00002	  -9.56	   1.95	  0.061	1.00010			#	   1.00	  56.57	
     68	  -6.30	   3.44	  0.008	0.99988	  -6.19	   2.76	  0.040	0.99912			#	   0.79	  55.35	
     69	  -6.55	   4.91	  0.011	1.00041	  -6.92	   4.11	  0.082	0.99996			#	   0.94	  57.73	
     70	  -4.58	   5.43	  0.006	0.99966	  -5.20	   6.20	  0.015	0.99889			#	   0.80	  57.53	
     71	  -4.44	   3.32	  0.029	1.00013	  -3.87	   4.23	  0.068	0.99943			#	   0.45	  57.27	
     72	  -4.62	   2.07	  0.002	0.99989	  -5.02	   1.66	  0.040	1.00002			#	   0.56	  61.01	
     73	  -5.40	   3.15	 -0.035	0.99989	  -3.97	   3.33	  0.005	0.99900			#	   0.81	  57.68	
     74	  -6.34	   1.86	 -0.032	1.00048	  -6.80	   2.70	  0.021	1.00067			#	   0.83	  55.56	
     75	  -5.02	   0.66	 -0.020	0.99982	  -5.06	   0.49	 -0.012	0.99990			#	   0.60	  61.31	
     76	  -6.06	   1.68	  0.007	1.00010	  -4.96	   1.67	  0.035	0.99998			#	   0.94	  60.56	
     77	  -7.57	   1.09	  0.021	1.00012	  -7.30	   1.15	  0.080	1.00005			#	   1.42	  62.88	
     78	  -7.44	   1.96	  0.023	1.00023	  -7.60	   1.65	  0.070	1.00038			#	   1.09	  62.53	
     79	  -6.19	  -0.31	  0.029	0.99999	  -6.91	   1.23	  0.076	1.00002			#	   0.90	  61.21	
     80	  -5.90	   0.46	  0.013	0.99989	  -4.51	  -0.33	  0.052	1.00025			#	   0.81	  62.07	
     81	  -9.11	  -0.48	  0.026	1.00014	  -8.22	   0.23	  0.112	1.00015			#	   1.65	  58.89	
     82	  -9.07	  -1.74	 -0.022	1.00025	  -8.85	  -1.38	  0.056	1.00080			#	   1.26	  59.14	
     83	  -9.47	  -1.65	 -0.014	1.00019	  -9.23	  -1.52	  0.027	1.00073			#	   1.43	  57.63	
     84	  -8.44	  -2.72	  0.041	1.00012	  -8.95	  -2.02	  0.098	1.00052			#	   1.17	  57.93	
     85	  -8.13	  -0.54	  0.008	1.00026	  -6.93	  -3.16	  0.069	1.00027			#	   1.10	  58.99	
     86	 -10.86	   3.01	  0.012	1.00007	  -9.79	   3.07	  0.088	0.99995			#	   2.15	  59.49	
     87	  -9.77	   1.31	  0.015	1.00004	 -11.08	   1.80	  0.084	1.00022			#	   1.16	  60.91	
     88	  -7.83	   1.61	  0.021	0.99993	  -8.51	   1.43	  0.090	0.99964			#	   1.01	  61.62	
     89	  -3.89	   0.37	  0.004	0.99994	  -6.13	   0.90	  0.019	0.99999			#	   0.31	  65.05	
     90	  -2.42	   0.97	  0.003	0.99995	  -1.30	   0.73	  0.032	0.99955			#	   0.10	  60.10	
     91	  -3.17	   1.20	  0.035	1.00013	  -3.85	   0.73	  0.036	1.00011			#	   0.18	  64.34	
     92	  -2.21	   1.92	  0.073	0.99969	  -2.02	   2.41	  0.082	0.99945			#	   0.16	  62.58	
     93	  -3.84	   2.21	  0.045	1.00005	  -2.54	   1.10	  0.100	0.99976			#	   0.34	  64.39	
     94	  -6.06	   3.23	 -0.009	0.99980	  -5.17	   3.26	  0.054	0.99926			#	   1.28	  59.24	
     95	  -7.66	   2.77	 -0.009	0.99997	  -6.98	   3.19	  0.036	0.99939			#	   1.21	  60.76	
     96	  -7.88	   2.40	 -0.006	0.99963	  -7.60	   2.73	  0.051	0.99952			#	   1.15	  59.70	
     97	  -8.77	   0.81	 -0.000	0.99988	  -7.47	   1.16	  0.050	0.99942			#	   1.37	  64.85	
     98	 -12.55	   1.64	  0.012	1.00016	 -10.71	   0.82	  0.113	1.00021			#	   2.45	  63.54	
     99	 -14.70	   1.31	 -0.020	0.99977	 -12.99	   2.35	  0.115	0.99926			#	   1.98	  62.42	
    100	 -14.88	  -0.67	 -0.046	1.00012	 -15.51	   0.01	  0.054	1.00085			#	   1.91	  62.88	
    101	 -13.51	  -0.39	 -0.011	0.99987	 -12.98	  -1.04	  0.058	0.99973			#	   1.96	  62.47	
    102	 -13.49	  -0.42	  0.015	0.99997	 -13.37	  -0.34	  0.130	0.99992			#	   1.92	  60.86	
    103	 -12.59	   0.45	 -0.006	0.99999	 -12.12	   0.53	  0.072	1.00040			#	   1.57	  64.60	
    104	 -13.08	   0.15	  0.019	0.99987	 -12.24	  -0.78	  0.106	0.99956			#	   1.53	  64.80	
    105	 -14.09	   2.10	  0.054	0.99998	 -12.47	   1.67	  0.125	0.99930			#	   1.69	  63.13	
    106	 -14.14	   1.61	  0.091	1.00045	 -15.27	   2.37	  0.211	1.00070			#	   2.03	  65.15	
    107	 -11.74	   2.06	  0.063	0.99993	 -11.33	   2.07	  0.142	0.99978			#	   1.33	  65.76	
    108	 -11.38	  -0.06	  0.045	0.99987	 -11.35	   0.54	  0.137	0.99972			#	   1.31	  65.86	
    109	  -9.62	   0.17	  0.057	0.99975	  -9.80	  -0.14	  0.101	0.99955			#	   0.86	  66.62	
    110	  -8.72	  -0.05	  0.062	1.00005	  -8.81	   0.45	  0.137	1.00038			#	   0.73	  66.72	
    111	  -8.60	  -1.04	  0.024	0.99978	  -7.58	  -0.27	  0.094	0.99969			#	   0.81	  63.59	
    112	  -8.86	  -1.54	  0.019	0.99993	  -8.83	  -2.61	  0.095	1.00001			#	   1.03	  65.86	
    113	  -8.11	   0.35	 -0.024	0.99998	  -8.13	  -0.31	  0.029	1.00000			#	   0.93	  68.43	
    114	  -7.38	   0.69	 -0.003	0.99980	  -7.42	   0.71	  0.053	0.99972			#	   0.91	  65.56	
    115	  -7.90	   0.87	 -0.046	0.99974	  -6.72	   1.21	  0.020	0.99938			#	   0.98	  63.64	
    116	  -9.95	   0.65	 -0.040	1.00016	  -8.60	   0.04	  0.028	0.99994			#	   1.43	  68.74	
    117	 -11.03	   0.75	 -0.050	0.99974	 -10.50	   0.75	  0.031	0.99941			#	   1.71	  67.17	
    118	 -11.16	   1.43	 -0.006	1.00006	 -11.36	   1.07	  0.054	0.99974			#	   1.72	  65.30	
    119	  -7.47	   1.60	  0.041	0.99970	  -9.17	   1.42	  0.083	0.99895			#	   0.79	  67.27	
    120	  -4.30	   2.08	  0.054	0.99998	  -5.40	   2.08	  0.089	0.99957			#	   0.35	  64.80	
    121	  -2.66	   2.35	  0.023	0.99949	  -2.01	   1.70	  0.043	0.99858			#	   0.18	  69.19	
    122	  -4.71	   4.28	  0.037	1.00014	  -4.04	   3.75	  0.059	0.99970			#	   0.48	  71.52	
    123	  -3.88	   2.99	  0.047	0.99961	  -4.35	   4.06	  0.074	0.99877			#	   0.34	  66.36	
    124	  -2.34	   1.62	  0.061	0.99987	  -2.92	   1.58	  0.076	0.99954			#	   0.16	  67.53	
    125	  -3.19	   1.42	  0.039	0.99973	  -1.36	   2.14	  0.058	0.99907			#	   0.26	  67.93	
    126	  -4.65	   0.47	  0.045	0.99996	  -5.17	   0.29	  0.090	1.00052			#	   0.39	  70.91	
    127	  -5.29	   0.61	  0.021	1.00014	  -4.29	   0.96	  0.068	0.99994			#	   0.44	  67.78	
    128	  -5.75	  -0.40	 -0.007	0.99954	  -4.68	  -0.65	  0.050	0.99903			#	   0.84	  67.53	
    129	  -8.89	   0.34	 -0.043	0.99983	  -7.05	  -0.21	  0.022	0.99951			#	   2.28	  68.59	
    130	 -11.09	   2.11	 -0.028	1.00002	 -10.24	   1.37	  0.059	0.99935			#	   1.86	  67.78	
    131	  -9.43	   2.96	 -0.024	0.99951	 -10.51	   2.97	  0.022	0.99893			#	   1.20	  67.22	
    132	  -7.00	   0.61	  0.029	0.99962	  -7.79	   1.58	  0.077	0.99872			#	   0.62	  67.58	
    133	  -5.15	   1.22	  0.032	1.00133	  -5.35	   0.40	  0.064	1.00149			#	   0.29	  68.69	
    134	  -5.28	   2.64	  0.025	0.99982	  -4.64	   2.32	  0.059	0.99943			#	   0.36	  66.92	
    135	  -6.37	   1.56	  0.027	0.99983	  -5.70	   1.75	  0.080	0.99891			#	   0.38	  69.65	
    136	  -6.16	   1.23	  0.039	0.99962	  -6.06	   1.44	  0.087	0.99934			#	   0.40	  68.43	
    137	  -7.56	   0.24	 -0.005	0.99993	  -6.64	   0.33	  0.080	0.99952			#	   1.21	  70.96	
    138	  -7.43	   0.11	 -0.033	1.00111	  -7.45	   0.18	  0.003	1.00123			#	   1.13	  71.57	
    139	  -6.87	  -0.87	  0.006	0.99979	  -7.14	   0.49	  0.046	1.00016			#	   0.98	  67.93	
    140	  -5.19	  -2.53	  0.026	0.99848	  -5.53	  -3.00	  0.061	0.99858			#	   0.77	  69.09	
    141	  -4.40	  -1.72	  0.013	0.99852	  -4.66	  -1.80	  0.043	0.99876			#	   0.48	  68.23	
    142	  -3.69	  -1.50	  0.025	0.99855	  -3.71	  -1.84	  0.038	0.99846			#	   0.33	  67.63	
    143	  -1.70	  -0.95	  0.050	0.99853	  -2.88	  -0.87	  0.039	0.99895			#	   0.13	  68.33	
    144	  -2.21	  -1.03	  0.058	0.99861	  -0.50	  -1.52	  0.080	0.99798			#	   0.11	  68.64	
    145	  -3.81	  -0.30	  0.056	0.99984	  -3.83	  -0.30	  0.080	1.00014			#	   0.28	  67.88	
    146	  -4.28	  -0.21	  0.076	1.00033	  -3.25	  -0.72	  0.097	0.99968			#	   0.36	  67.83	
    147	  -5.58	   1.57	  0.092	1.00074	  -5.29	   0.34	  0.113	1.00043			#	   0.70	  68.33	
    148	  -4.90	   2.15	  0.133	1.00018	  -4.83	   2.99	  0.176	0.99955			#	   0.70	  68.48	
    149	  -3.92	   1.22	  0.103	1.00066	  -5.57	   0.78	  0.158	1.00060			#	   0.46	  67.98	
    150	  -0.01	   1.60	  0.081	1.00066	  -1.38	   1.61	  0.085	1.00025			#	   0.17	  64.85	
    151	   2.25	   2.44	  0.084	1.00037	   2.24	   1.56	  0.034	1.00006			#	   0.39	  69.34	
    152	  -0.06	   2.66	  0.116	1.00009	   0.72	   3.59	  0.137	1.00001			#	   0.42	  71.16	
    153	  -2.04	   0.73	  0.063	0.99967	  -0.47	   1.34	  0.090	0.99944			#	   0.19	  69.70	
    154	  -5.52	  -0.01	  0.050	0.99984	  -4.01	  -0.50	  0.106	0.99941			#	   0.83	  72.53	
    155	  -6.41	   0.90	  0.053	0.99979	  -6.45	   1.13	  0.086	0.99967			#	   1.56	  67.42	
    156	  -5.98	  -0.16	  0.086	0.99988	  -6.12	   0.11	  0.128	0.99956			#	   0.67	  67.73	
    157	  -4.00	  -1.06	  0.081	0.99963	  -4.72	  -0.60	  0.116	0.99956			#	   0.38	  70.56	
    158	  -3.08	  -2.09	  0.067	0.99977	  -3.16	  -1.19	  0.075	1.00018			#	   0.27	  68.48	
    159	  -3.35	  -2.70	  0.083	1.00011	  -3.23	  -3.82	  0.110	1.00032			#	   0.37	  65.51	
    160	  -2.60	  -0.90	  0.079	0.99964	  -2.50	  -0.81	  0.094	0.99979			#	   0.14	  67.42	
    161	  -4.20	  -1.07	  0.074	1.00004	  -3.08	  -1.65	  0.103	0.99974			#	   0.32	  65.71	
    162	  -5.01	  -0.34	  0.071	0.99957	  -4.37	  -0.18	  0.108	0.99977			#	   0.50	  69.39	
    163	  -7.37	  -1.07	  0.049	0.99968	  -5.79	  -1.97	  0.108	0.99885			#	   0.92	  65.45	
    164	  -8.21	   0.89	  0.069	0.99999	  -8.55	   0.69	  0.117	1.00005			#	   1.18	  67.32	
    165	  -7.10	   0.76	  0.069	0.99937	  -6.46	   0.77	  0.117	0.99855			#	   0.80	  66.06	
    166	  -8.48	   0.86	  0.045	1.00005	  -8.06	   0.74	  0.123	1.00006			#	   1.39	  65.71	
    167	  -8.02	  -0.10	  0.023	0.99967	  -7.45	   0.42	  0.077	0.99932			#	   1.07	  68.23	
    168	  -9.72	  -0.30	  0.014	0.99993	  -8.88	  -0.78	  0.095	1.00000			#	   1.49	  68.13	
    169	  -8.95	  -0.88	  0.011	0.99943	  -9.30	  -0.68	  0.080	0.99907			#	   1.10	  66.92	
    170	  -8.65	   1.06	 -0.016	0.99960	  -7.89	   0.02	  0.045	0.99926			#	   0.91	  66.62	
    171	  -8.75	   0.75	  0.003	1.00000	  -9.32	   1.15	  0.056	0.99967			#	   1.01	  65.20	
    172	  -6.36	  -0.07	  0.019	0.99961	  -7.18	   0.54	  0.056	0.99937			#	   0.59	  68.59	
    173	  -4.24	  -1.17	  0.020	0.99960	  -4.85	  -1.31	  0.049	0.99957			#	   0.30	  64.29	
    174	  -4.04	   0.42	  0.014	1.00018	  -3.87	  -0.80	  0.052	0.99991			#	   0.28	  70.10	
    175	  -3.61	   1.02	  0.005	0.99974	  -3.61	   1.44	  0.046	0.99956			#	   0.33	  66.06	
    176	  -4.78	   0.48	 -0.010	0.99983	  -3.85	  -0.06	  0.039	0.99940			#	   0.48	  65.86	
    177	  -5.84	   1.09	 -0.008	0.99977	  -5.66	   1.54	  0.028	0.99966			#	   0.94	  63.79	
    178	  -6.14	   0.59	  0.004	0.99982	  -5.79	   0.40	  0.076	0.99944			#	   0.76	  63.23	
    179	  -6.27	   0.66	 -0.045	0.99978	  -6.23	   0.62	  0.003	0.99974			#	   0.92	  63.59	
    180	  -6.71	  -0.30	 -0.014	0.99966	  -5.90	   0.03	  0.016	0.99915			#	   0.94	  63.43	
    181	  -7.67	  -0.11	  0.004	0.99987	  -7.37	  -0.50	  0.084	1.00022			#	   1.09	  69.70	
    182	  -9.59	  -0.34	 -0.033	0.99957	  -7.87	   0.12	  0.042	0.99913			#	   1.38	  68.64	
    183	 -10.89	  -1.44	 -0.030	0.99956	 -10.92	  -0.97	  0.049	0.99945			#	   1.59	  64.09	
    184	 -10.52	  -1.54	  0.000	0.99965	 -10.13	  -2.98	  0.064	0.99922			#	   1.34	  67.63	
    185	 -10.17	   0.59	  0.014	0.99950	 -10.37	   0.64	  0.082	0.99917			#	   1.28	  63.48	
    186	  -9.38	   0.70	  0.034	0.99983	  -9.79	  -0.10	  0.084	0.99903			#	   1.15	  63.03	
    187	  -6.33	   0.70	  0.043	0.99946	  -7.95	   0.90	  0.113	0.99930			#	   0.49	  64.39	
    188	  -3.43	   0.07	 -0.016	0.99999	  -4.75	   0.24	  0.037	0.99969			#	   0.19	  70.96	
    189	  -1.68	   0.18	 -0.048	0.99961	  -1.10	   0.41	 -0.061	0.99958			#	   0.06	  69.55	
    190	  -4.14	  -0.90	  0.019	0.99986	  -3.09	  -1.02	  0.030	0.99971			#	   0.23	  66.11	
    191	  -5.52	   0.71	  0.033	1.00004	  -5.47	  -0.38	  0.097	1.00028			#	   0.42	  66.06	
    192	  -5.15	   1.00	 -0.023	0.99952	  -5.41	   1.25	  0.045	0.99877			#	   0.76	  63.54	
    193	  -4.37	   2.75	 -0.090	0.99954	  -4.13	   0.76	 -0.029	0.99891			#	   0.85	  64.95	
    194	  -5.24	   4.06	 -0.072	1.00007	  -5.23	   4.16	 -0.076	0.99928			#	   1.52	  67.78	
    195	  -5.02	   3.22	  0.023	0.99960	  -4.54	   3.77	  0.014	0.99881			#	   0.66	  66.31	
    196	  -5.94	   3.80	  0.080	0.99995	  -6.28	   2.88	  0.129	0.99956			#	   0.91	  67.68	
    197	  -5.37	   5.08	  0.050	0.99969	  -5.76	   4.69	  0.117	0.99909			#	   1.18	  63.64	
    198	  -5.51	   2.98	 -0.015	0.99958	  -4.45	   4.29	  0.031	0.99859			#	   0.77	  64.49	
    199	  -7.34	   1.51	 -0.002	0.99970	  -7.02	   1.41	  0.055	0.99957			#	   0.91	  63.54	
    200	  -8.36	   1.33	 -0.017	0.99953	  -7.43	   1.83	  0.040	0.99941			#	   1.19	  64.19	
    201	 -10.78	   0.43	 -0.015	0.99940	  -9.08	  -0.66	  0.072	0.99865			#	   1.84	  66.72	
    202	 -14.31	   2.98	  0.013	0.99953	 -12.77	   2.07	  0.092	0.99886			#	   2.32	  63.38	
    203	 -16.05	   2.20	  0.019	1.00054	 -15.62	   2.95	  0.164	0.99972			#	   1.90	  63.13	
    204	 -13.82	   0.78	  0.017	0.99917	 -14.74	   0.53	  0.093	0.99831			#	   1.49	  64.44	
    205	 -12.83	   1.93	  0.041	0.99947	 -12.92	   1.66	  0.141	0.99922			#	   1.44	  63.43	
    206	 -11.88	  -0.86	  0.031	0.99956	 -12.55	   0.97	  0.101	0.99963			#	   1.41	  68.99	
    207	 -10.04	  -3.04	  0.035	0.99966	 -11.26	  -3.08	  0.132	1.00011			#	   0.96	  65.61	
    208	  -6.03	  -4.86	  0.004	1.00092	  -8.67	  -3.34	  0.050	1.00166			#	   0.65	  65.15	
    209	  -2.74	  -5.38	  0.008	1.00005	  -2.80	  -6.36	  0.028	1.00070			#	   0.53	  64.24	
    210	  -1.70	  -3.86	 -0.006	0.99869	  -2.01	  -4.90	 -0.005	0.99953			#	   0.28	  64.75	
    211	  -3.67	  -0.79	  0.009	0.99844	  -2.05	  -1.98	  0.032	0.99892			#	   0.15	  66.62	
    212	  -8.41	   0.93	 -0.017	0.99832	  -5.87	  -0.23	  0.058	0.99819			#	   0.94	  61.41	
    213	 -12.06	   2.64	 -0.047	0.99846	 -11.89	   2.23	  0.070	0.99801			#	   2.18	  66.26	
    214	 -10.57	   2.90	 -0.055	0.99804	 -11.23	   2.45	 -0.003	0.99761			#	   1.38	  61.41	
    215	 -11.83	   3.25	  0.004	0.99963	 -11.38	   3.84	  0.072	0.99872			#	   1.84	  62.27	
    216	 -10.56	   0.25	 -0.040	1.00002	 -10.99	   0.72	  0.050	0.99945			#	   1.23	  67.27	
    217	  -9.01	   1.62	 -0.045	1.00063	 -11.07	   0.62	  0.021	1.00078			#	   1.03	  65.76	
    218	  -5.66	   3.00	 -0.016	1.00014	  -5.24	   2.32	 -0.020	0.99976			#	   0.58	  62.73	
    219	  -8.75	   1.78	 -0.002	1.00030	  -7.33	   3.50	  0.071	0.99976			#	   1.02	  64.44	
    220	 -10.86	  -0.08	 -0.007	0.99983	  -9.09	  -0.98	  0.068	0.99902			#	   1.25	  69.55	
    221	 -13.61	   1.12	 -0.026	1.00024	 -13.74	   1.98	  0.082	0.99990			#	   2.59	  63.43	
    222	 -11.15	  -1.52	 -0.001	1.00021	 -12.09	  -1.92	  0.050	1.00015			#	   1.04	  65.91	
    223	  -9.19	  -1.53	  0.011	1.00016	 -10.10	  -1.04	  0.083	1.00019			#	   0.79	  68.59	
    224	  -8.87	  -0.64	  0.002	0.99979	  -8.13	  -2.03	  0.047	0.99967			#	   0.67	  63.54	
    225	  -9.66	   2.01	  0.009	0.99976	  -9.65	   1.03	  0.083	0.99938			#	   1.00	  68.18	
    226	  -8.86	   2.20	  0.004	0.99996	  -9.89	   2.96	  0.062	0.99997			#	   0.93	  62.63	
    227	  -6.76	  -0.22	  0.019	0.99934	  -6.63	   1.40	  0.043	0.99956			#	   0.63	  63.54	
    228	  -7.37	  -3.99	 -0.016	0.99987	  -7.51	  -3.70	  0.081	0.99978			#	   1.12	  61.87	
    229	  -7.06	  -1.47	 -0.055	0.99986	  -5.98	  -2.70	 -0.050	1.00016			#	   0.78	  61.82	
    230	  -9.01	  -0.44	  0.003	0.99983	  -9.21	  -0.50	  0.068	0.99997			#	   1.02	  70.30	
    231	  -8.01	  -0.18	  0.002	0.99980	  -8.24	  -0.65	  0.052	0.99938			#	   0.75	  69.29	
    232	  -6.86	  -0.86	 -0.028	0.99970	  -7.14	  -0.28	  0.029	0.99954			#	   0.72	  65.96	
    233	  -6.79	  -0.60	 -0.042	0.99972	  -6.36	  -1.19	  0.000	0.99950			#	   0.67	  62.73	
    234	  -7.64	   0.76	 -0.039	0.99990	  -7.83	   0.50	  0.002	0.99987			#	   0.90	  69.09	
    235	  -5.52	  -2.76	 -0.016	0.99939	  -6.97	  -0.15	  0.039	0.99972			#	   0.71	  66.36	
    236	  -4.61	  -4.43	 -0.103	1.00007	  -4.01	  -4.23	 -0.041	1.00068			#	   1.00	  59.80	
    237	  -4.68	  -6.43	 -0.112	0.99962	  -3.97	  -6.17	 -0.130	0.99991			#	   1.63	  63.74	
    238	  -7.69	  -3.93	 -0.069	1.00054	  -5.80	  -6.23	 -0.005	1.00149			#	   1.11	  58.28	
    239	 -11.63	  -0.99	 -0.046	0.99935	  -9.49	  -0.14	  0.011	0.99976			#	   1.92	  63.13	
    240	 -14.77	  -3.35	 -0.068	0.99982	 -13.75	  -4.03	  0.064	0.99980			#	   2.16	  54.04	
    241	 -14.17	  -1.11	 -0.042	1.00009	 -15.24	  -3.02	  0.002	0.99978			#	   1.74	  62.93	
    242	 -10.79	   0.88	  0.060	0.99958	 -12.00	   2.36	  0.124	0.99986			#	   1.16	  62.78	
    243	 -10.60	  -3.15	  0.019	0.99975	 -10.62	  -1.59	  0.115	0.99969			#	   1.16	  61.16	
    244	  -7.69	  -5.54	 -0.062	0.99947	  -8.61	  -5.95	 -0.002	1.00011			#	   1.00	  57.27	
    245	  -8.75	  -3.11	 -0.063	0.99977	  -7.66	  -4.42	 -0.006	0.99973			#	   0.91	  61.67	
    246	  -9.43	  -1.62	 -0.026	0.99951	  -8.12	  -2.98	 -0.010	0.99908			#	   0.89	  56.36	
    247	 -12.07	   1.78	  0.052	0.99981	 -11.84	   1.62	  0.150	1.00000			#	   1.84	  52.68	
    248	 -10.61	  -0.33	  0.009	0.99953	 -11.21	   0.27	  0.091	0.99880			#	   1.07	  61.06	
    249	  -7.21	  -0.37	 -0.002	0.99965	  -9.58	  -0.87	  0.055	0.99959			#	   0.56	  61.72	
    250	  -4.36	   0.62	 -0.007	0.99962	  -4.26	   0.28	 -0.009	0.99919			#	   0.25	  58.33	
    251	  -5.86	  -0.24	  0.027	1.00017	  -5.60	   0.94	  0.086	1.00020			#	   0.39	  57.27	
    252	  -4.80	  -1.98	 -0.010	0.99966	  -4.03	  -1.88	  0.004	0.99966			#	   0.32	  62.17	
    253	  -7.21	  -1.97	 -0.007	0.99995	  -7.29	  -2.27	  0.064	1.00040			#	   0.76	  57.53	
    254	  -5.48	  -1.54	 -0.021	0.99976	  -5.77	  -1.85	  0.010	0.99943			#	   0.52	  58.69	
    255	  -4.01	  -0.69	 -0.021	0.99956	  -4.84	  -1.44	  0.004	0.99984			#	   0.34	  57.02	
    256	  -4.07	   2.07	 -0.003	0.99980	  -4.17	   0.83	  0.022	0.99923			#	   0.44	  57.47	
    257	  -2.21	   0.96	  0.032	0.99986	  -3.53	   2.13	  0.012	0.99936			#	   0.23	  57.32	
    258	   0.60	  -0.42	  0.071	0.99997	   0.16	   0.14	  0.049	1.00014			#	   0.04	  57.37	
    259	  -1.04	  -2.26	  0.052	0.99993	   0.03	  -1.70	  0.092	1.00051			#	   0.24	  56.87	
    260	  -2.11	  -2.22	  0.010	0.99968	  -1.82	  -2.71	  0.022	0.99968			#	   0.28	  57.37	
    261	  -1.48	  -0.45	  0.023	0.99994	  -2.09	  -2.14	  0.030	0.99992			#	   0.08	  60.61	
    262	  -1.89	   2.74	  0.037	0.99992	  -1.67	   2.03	  0.040	0.99954			#	   0.39	  58.28	
    263	  -3.12	   1.93	  0.066	0.99974	  -1.52	   2.25	  0.075	0.99922			#	   0.48	  49.70	
    264	  -5.47	   2.63	  0.081	0.99979	  -5.43	   2.22	  0.142	0.99958			#	   1.10	  51.62	
    265	  -4.83	   2.24	  0.060	0.99962	  -4.85	   2.37	  0.110	0.99871			#	   0.68	  54.34	
    266	  -3.80	   1.73	  0.047	0.99981	  -5.26	   1.70	  0.074	0.99982			#	   0.44	  58.18	
    267	  -1.98	   3.80	  0.067	0.99984	  -2.03	   1.97	  0.065	0.99904			#	   0.58	  57.93	
    268	   0.44	   3.91	  0.046	0.99975	  -1.28	   4.95	  0.046	0.99877			#	   0.68	  58.54	
    269	   2.03	   2.56	  0.059	1.00012	   1.82	   3.94	  0.047	1.00022			#	   0.35	  56.31	
    270	   1.57	  -2.50	  0.022	0.99968	   2.30	  -0.53	  0.032	0.99982			#	   0.34	  57.22	
    271	   0.04	  -4.42	 -0.013	0.99993	   0.29	  -3.94	  0.014	1.00015			#	   0.74	  59.44	
    272	  -1.76	  -1.04	 -0.019	1.00015	  -0.68	  -3.90	 -0.024	1.00060			#	   0.28	  58.94	
    273	  -1.49	   0.87	 -0.008	0.99971	  -2.27	   0.31	  0.006	0.99923			#	   0.12	  54.49	
    274	   0.28	   1.52	 -0.017	0.99981	  -1.10	   2.22	  0.009	0.99982			#	   0.14	  59.49	
    275	   0.17	   2.26	 -0.034	1.00019	   2.07	   0.14	 -0.056	0.99946			#	   0.22	  60.81	
    276	  -3.22	   5.70	  0.013	0.99973	  -2.42	   5.80	  0.035	0.99906			#	   1.53	  61.01	
    277	  -3.70	   2.91	 -0.007	0.99959	  -4.19	   4.66	  0.031	0.99903			#	   0.50	  58.89	
    278	  -1.94	  -0.03	 -0.061	0.99991	  -2.85	   0.48	 -0.025	0.99924			#	   0.13	  58.59	
    279	  -0.18	   0.85	 -0.007	1.00006	  -0.41	  -0.10	 -0.061	1.00001			#	   0.05	  60.81	
    280	  -0.51	   2.28	  0.071	0.99994	  -0.52	   2.12	  0.090	0.99946			#	   0.20	  58.28	
    281	   1.04	   1.70	  0.026	0.99986	  -0.02	   1.65	  0.014	0.99987			#	   0.12	  60.20	
    282	   0.85	   2.14	  0.038	1.00001	   1.84	   2.44	  0.016	0.99948			#	   0.24	  60.61	
