      1	   0.17	  -1.85	  0.038	1.00000	  -0.90	  -2.23	 -0.008	1.00040			#	   0.34	  91.02	
      2	   1.37	  -0.50	  0.098	1.00015	   1.54	  -0.71	  0.083	1.00068			#	   0.47	  88.07	
      3	   0.43	  -0.56	  0.059	1.00018	   0.39	  -0.54	  0.059	1.00056			#	   0.18	  88.41	
      4	   0.82	  -0.84	  0.071	1.00015	   0.63	  -1.01	  0.051	1.00043			#	   0.38	  84.89	
      5	  -0.61	   1.02	  0.017	1.00003	  -0.32	   0.49	  0.051	0.99975			#	   0.33	  85.34	
      6	   0.10	   1.62	  0.022	0.99996	  -0.23	   1.83	  0.012	0.99951			#	   0.72	  92.05	
      7	  -0.24	   1.50	 -0.008	0.99985	   0.39	   1.14	  0.023	0.99905			#	   0.64	  87.27	
      8	  -1.79	   2.27	 -0.067	0.99987	  -1.98	   2.65	 -0.041	0.99924			#	   2.03	  88.52	
      9	   0.34	   1.15	  0.030	0.99970	  -0.65	   1.37	 -0.032	0.99904			#	   0.29	  87.50	
     10	   1.57	   1.22	  0.099	1.00013	   2.13	   1.05	  0.071	0.99993			#	   0.59	  88.52	
     11	  -1.43	  -0.01	  0.034	0.99996	  -1.38	   0.95	  0.074	1.00009			#	   0.24	  87.61	
     12	   0.42	  -0.40	  0.099	1.00014	  -0.65	  -0.90	  0.058	1.00047			#	   0.19	  88.18	
     13	   1.14	   0.36	  0.120	1.00009	   1.72	   0.35	  0.111	1.00012			#	   0.27	  87.05	
     14	  -1.33	  -0.60	  0.053	0.99997	  -1.31	  -0.08	  0.090	1.00008			#	   0.37	  86.14	
     15	   0.90	  -0.09	  0.124	1.00006	  -0.03	  -0.64	  0.087	1.00026			#	   0.33	  88.41	
     16	  -0.19	  -0.16	  0.046	1.00005	   0.94	  -0.16	  0.089	0.99990			#	   0.17	  90.11	
     17	  -1.45	  -0.10	  0.016	1.00002	  -2.26	  -0.01	  0.026	1.00007			#	   0.34	  90.57	
     18	   0.37	  -0.84	  0.082	1.00014	  -0.09	  -0.81	  0.068	1.00052			#	   0.41	  90.11	
     19	   1.05	  -0.29	  0.091	1.00004	   0.83	  -0.62	  0.077	1.00021			#	   0.33	  90.34	
     20	   0.20	   0.14	  0.049	0.99997	   0.37	   0.38	  0.057	1.00009			#	   0.09	  92.73	
     21	   0.15	  -0.69	  0.056	1.00009	   0.26	  -0.88	  0.048	1.00030			#	   0.31	  88.86	
     22	  -0.20	   0.32	  0.039	1.00002	  -0.63	   0.19	  0.055	1.00003			#	   0.09	  91.59	
     23	   0.17	   0.20	 -0.010	1.00000	   0.63	   0.10	  0.010	0.99985			#	   0.06	  91.59	
     24	  -1.52	   0.56	 -0.036	0.99994	  -1.81	   0.77	 -0.013	0.99969			#	   0.52	  90.00	
     25	   0.83	   0.72	  0.015	0.99996	   0.66	   0.49	 -0.003	0.99963			#	   0.28	  89.89	
     26	  -2.24	   0.20	 -0.108	0.99996	  -1.05	   0.91	 -0.030	0.99982			#	   0.87	  89.20	
     27	  -0.41	  -0.56	 -0.012	0.99996	  -2.19	  -0.53	 -0.074	0.99996			#	   0.26	  90.23	
     28	   2.40	  -0.06	  0.089	1.00007	   2.61	  -0.52	  0.053	1.00006			#	   0.88	  88.98	
     29	  -1.47	   0.41	 -0.041	0.99995	  -0.07	   0.72	  0.038	0.99976			#	   0.37	  90.57	
     30	  -1.87	   0.31	 -0.045	1.00003	  -3.20	   0.07	 -0.050	0.99978			#	   0.60	  89.89	
     31	   1.46	   0.32	  0.074	0.99994	   1.14	   0.50	  0.041	0.99982			#	   0.41	  86.59	
     32	   0.24	   0.87	  0.019	0.99997	   0.68	   0.67	  0.040	0.99981			#	   0.27	  90.00	
     33	  -0.39	   0.15	  0.006	0.99994	  -0.62	   0.49	 -0.000	0.99975			#	   0.10	  91.36	
     34	   0.57	  -0.34	  0.060	0.99997	  -0.03	  -0.25	  0.032	1.00010			#	   0.15	  90.00	
     35	   0.79	   0.37	  0.046	0.99995	   1.53	   0.00	  0.052	0.99997			#	   0.24	  91.36	
     36	  -2.46	  -0.01	 -0.054	1.00000	  -1.90	   0.37	  0.012	1.00015			#	   0.86	  91.48	
     37	  -0.25	  -0.39	  0.005	1.00001	  -1.52	  -0.90	 -0.029	1.00010			#	   0.21	  88.64	
     38	  -1.10	   0.58	 -0.038	0.99997	   0.16	   0.59	  0.023	0.99991			#	   0.35	  89.77	
     39	  -1.79	   0.09	 -0.021	1.00001	  -2.91	   0.37	 -0.045	1.00008			#	   0.49	  90.34	
     40	   2.75	  -0.60	  0.136	1.00004	   1.80	  -1.09	  0.058	1.00021			#	   1.28	  89.89	
     41	   0.62	   0.70	  0.036	0.99997	   2.58	   1.04	  0.096	1.00015			#	   0.33	  91.14	
     42	  -4.23	  -0.80	 -0.116	1.00002	  -4.28	  -0.87	 -0.040	1.00018			#	   1.84	  91.25	
     43	   1.14	   0.09	  0.064	1.00001	  -0.86	  -0.43	 -0.022	1.00010			#	   0.17	  90.45	
     44	   1.17	  -0.11	  0.065	1.00001	   2.63	   0.14	  0.084	1.00010			#	   0.21	  88.98	
     45	  -1.68	  -0.73	  0.015	1.00004	  -2.60	  -0.62	  0.033	1.00029			#	   0.32	  88.75	
     46	   3.07	  -0.00	  0.123	1.00008	   2.43	  -0.52	  0.064	1.00012			#	   0.79	  89.66	
     47	  -1.46	   0.24	 -0.094	1.00004	   0.55	   0.69	  0.011	0.99989			#	   0.32	  89.09	
     48	  -0.80	  -0.35	 -0.058	0.99993	  -2.70	   0.28	 -0.114	1.00008			#	   0.28	  90.80	
     49	   1.33	  -1.21	 -0.030	1.00015	   2.67	  -1.91	 -0.020	1.00031			#	   0.72	  88.64	
     50	  -2.58	   1.26	 -0.141	1.00008	  -2.48	   1.09	 -0.080	0.99969			#	   1.18	  90.57	
     51	  -1.15	   1.50	 -0.074	1.00002	  -1.61	   1.46	 -0.082	0.99956			#	   0.63	  89.66	
     52	  -0.44	   0.77	 -0.038	1.00001	  -0.26	   1.18	 -0.024	0.99961			#	   0.25	  87.84	
     53	  -2.56	  -0.56	 -0.107	1.00006	  -1.91	  -0.31	 -0.050	1.00020			#	   0.70	  89.77	
     54	  -1.34	  -0.78	 -0.004	1.00002	  -2.59	  -0.42	 -0.040	1.00042			#	   0.34	  87.50	
     55	   1.05	  -2.30	  0.113	1.00006	   0.64	  -2.61	  0.074	1.00056			#	   1.43	  88.98	
     56	  -0.24	  -0.60	  0.092	1.00015	   0.39	  -0.94	  0.116	1.00052			#	   0.22	  90.23	
     57	  -1.91	  -1.94	  0.074	1.00006	  -2.48	  -1.38	  0.080	1.00080			#	   1.06	  90.34	
     58	   0.92	  -2.73	  0.168	1.00010	  -0.02	  -3.39	  0.132	1.00103			#	   1.48	  90.45	
     59	   0.13	  -1.36	  0.102	1.00014	   0.46	  -1.56	  0.122	1.00083			#	   0.35	  91.14	
     60	   0.08	  -1.13	  0.104	1.00007	  -0.71	  -1.89	  0.087	1.00036			#	   0.32	  90.45	
     61	   0.32	   0.81	  0.081	1.00010	   0.78	   0.33	  0.095	0.99993			#	   0.19	  91.36	
     62	  -2.50	   0.73	 -0.014	1.00001	  -2.14	   1.29	  0.040	0.99999			#	   0.51	  86.59	
     63	  -0.20	  -0.77	  0.074	1.00007	  -1.53	  -1.08	  0.044	1.00005			#	   0.16	  90.80	
     64	   1.44	   0.98	  0.109	1.00002	   1.58	   0.81	  0.106	0.99978			#	   0.57	  91.59	
     65	  -0.07	   0.92	  0.008	0.99997	   0.34	   0.97	  0.028	0.99953			#	   0.26	  90.68	
     66	   0.01	   0.15	  0.031	0.99989	  -0.51	   0.73	  0.023	0.99983			#	   0.08	  90.68	
     67	   0.91	   0.20	  0.035	1.00007	   1.42	  -0.06	  0.032	1.00001			#	   0.17	  90.45	
     68	  -0.59	   0.46	 -0.062	1.00000	  -0.57	   0.60	 -0.045	0.99992			#	   0.21	  90.00	
     69	   0.39	  -0.15	 -0.033	0.99995	   0.25	   0.19	 -0.050	0.99993			#	   0.09	  90.57	
     70	   1.34	   0.36	 -0.025	1.00000	   1.15	  -0.07	 -0.046	0.99983			#	   0.30	  90.34	
     71	   1.45	   0.13	 -0.068	0.99997	   2.27	   0.49	 -0.070	1.00010			#	   0.35	  91.14	
     72	  -0.07	  -0.63	 -0.117	0.99994	  -0.10	  -0.24	 -0.116	1.00006			#	   0.36	  91.48	
     73	   1.77	  -1.49	 -0.090	0.99997	   2.12	  -1.72	 -0.120	1.00050			#	   1.08	  90.57	
     74	  -0.92	  -0.60	 -0.159	0.99989	  -0.08	  -0.44	 -0.138	1.00024			#	   0.42	  90.80	
     75	   1.81	   0.27	 -0.039	1.00002	   0.95	  -0.49	 -0.117	1.00002			#	   0.43	  91.14	
     76	   1.05	   0.61	 -0.076	0.99992	   2.55	   0.94	 -0.043	0.99960			#	   0.38	  90.91	
     77	  -1.10	   0.81	 -0.148	0.99990	  -1.08	   1.05	 -0.141	0.99983			#	   0.70	  91.48	
     78	   3.45	  -0.20	  0.017	0.99993	   2.27	  -0.34	 -0.090	0.99991			#	   1.12	  91.02	
     79	   3.97	   0.94	  0.043	0.99991	   5.11	   1.10	  0.010	0.99977			#	   1.44	  88.86	
     80	   2.87	   0.54	  0.010	0.99990	   3.37	   0.47	 -0.045	0.99982			#	   0.63	  90.34	
     81	   3.45	  -0.24	  0.048	0.99983	   3.54	   0.13	 -0.005	0.99987			#	   1.03	  91.36	
     82	   4.07	   0.31	  0.055	0.99995	   4.68	   0.09	  0.007	0.99993			#	   1.23	  91.36	
     83	   3.20	   1.12	 -0.001	0.99983	   3.95	   0.85	 -0.035	0.99949			#	   1.03	  90.80	
     84	   2.89	   1.41	 -0.028	0.99988	   3.49	   1.83	 -0.057	0.99956			#	   1.08	  92.16	
     85	   2.78	   1.37	 -0.057	0.99984	   3.77	   1.37	 -0.081	0.99952			#	   1.10	  90.91	
     86	   1.16	   0.82	 -0.110	0.99990	   1.82	   0.87	 -0.112	0.99938			#	   0.50	  90.34	
     87	   3.17	   1.57	 -0.046	0.99985	   3.01	   1.55	 -0.101	0.99927			#	   1.30	  89.89	
     88	   0.85	   1.67	 -0.130	0.99979	   3.02	   1.96	 -0.091	0.99934			#	   0.82	  87.84	
     89	  -0.02	  -0.00	 -0.116	0.99984	  -0.98	   0.77	 -0.154	0.99971			#	   0.35	  87.50	
     90	   5.18	  -0.59	  0.061	0.99988	   4.94	  -0.74	 -0.045	0.99984			#	   2.14	  85.80	
     91	   1.77	   1.11	 -0.051	1.00000	   3.87	   0.60	 -0.020	0.99990			#	   0.41	  84.09	
     92	   0.30	   0.45	 -0.087	0.99980	  -0.07	   1.11	 -0.105	0.99936			#	   0.24	  89.55	
     93	   1.16	   0.61	 -0.053	0.99995	   1.92	   0.34	 -0.065	0.99982			#	   0.24	  84.77	
     94	   0.60	  -0.26	 -0.053	0.99984	   0.64	   0.44	 -0.074	0.99988			#	   0.13	  88.30	
     95	   1.59	  -1.03	  0.008	0.99998	   1.65	  -1.36	 -0.022	1.00015			#	   0.43	  86.59	
     96	   0.20	   0.42	 -0.022	1.00001	   0.91	   0.21	  0.006	1.00008			#	   0.13	  91.70	
     97	  -1.00	  -1.08	 -0.033	0.99994	  -0.89	  -0.48	 -0.022	1.00027			#	   0.50	  82.27	
     98	   1.14	  -1.54	  0.046	0.99998	   0.68	  -2.00	  0.001	1.00046			#	   1.02	  91.14	
     99	  -0.69	  -0.74	 -0.009	1.00019	   0.23	  -0.94	  0.022	1.00076			#	   0.30	  86.36	
    100	  -0.96	  -0.91	  0.002	0.99999	  -2.09	  -0.83	 -0.003	1.00026			#	   0.41	  80.91	
    101	   1.11	  -0.60	  0.060	1.00016	   1.00	  -1.05	  0.022	1.00073			#	   0.46	  85.91	
    102	  -0.29	  -1.05	  0.031	1.00002	  -0.30	  -1.15	  0.051	1.00025			#	   0.41	  83.07	
    103	  -1.88	   0.86	 -0.026	1.00017	  -1.36	   0.35	  0.010	1.00023			#	   0.66	  90.34	
    104	  -1.74	  -0.32	  0.022	1.00001	  -3.17	   0.40	  0.003	0.99999			#	   0.61	  90.91	
    105	   1.71	   0.03	  0.128	1.00010	   1.28	  -0.58	  0.090	1.00025			#	   0.85	  86.82	
    106	  -1.47	   1.47	 -0.004	1.00013	  -0.33	   1.25	  0.067	0.99978			#	   0.96	  86.02	
    107	  -2.65	   1.03	 -0.012	0.99994	  -3.73	   1.75	 -0.001	0.99945			#	   1.38	  88.18	
    108	   1.22	   0.73	  0.125	0.99999	   0.20	   0.10	  0.070	0.99951			#	   0.41	  89.09	
    109	  -0.86	   1.27	  0.051	0.99987	   0.36	   1.62	  0.103	0.99943			#	   0.62	  86.48	
    110	  -2.13	   0.04	  0.021	1.00001	  -2.88	   0.30	  0.039	0.99988			#	   0.50	  91.48	
    111	  -0.94	  -0.06	  0.078	1.00005	  -1.58	   0.21	  0.073	1.00016			#	   0.19	  89.20	
    112	   1.41	  -0.29	  0.130	1.00016	   0.73	  -0.68	  0.102	1.00044			#	   0.49	  89.66	
    113	  -2.27	   0.80	 -0.044	1.00006	  -0.43	   0.66	  0.065	0.99996			#	   0.82	  89.77	
    114	  -3.79	   0.07	 -0.103	0.99999	  -4.98	   0.56	 -0.063	0.99993			#	   2.14	  88.18	
    115	  -1.01	  -1.31	 -0.041	1.00006	  -1.42	  -1.10	 -0.029	1.00041			#	   0.35	  87.27	
    116	  -0.60	  -0.92	 -0.004	1.00010	  -1.06	  -1.13	 -0.027	1.00064			#	   0.25	  85.11	
    117	  -0.50	  -0.30	  0.041	0.99988	  -0.02	  -0.67	  0.061	0.99943			#	   0.10	  90.00	
    118	  -2.23	   0.67	 -0.003	1.00007	  -1.94	   0.83	  0.051	0.99994			#	   0.47	  89.43	
    119	  -1.83	  -0.43	  0.012	1.00001	  -3.04	  -0.16	  0.012	0.99983			#	   0.37	  91.25	
    120	   0.66	   0.28	  0.083	1.00000	   0.80	  -0.06	  0.075	0.99980			#	   0.27	  89.66	
    121	  -2.45	  -0.22	  0.006	0.99998	  -2.26	   0.26	  0.065	0.99984			#	   0.73	  91.36	
    122	  -0.16	  -0.35	  0.069	1.00013	  -1.17	  -0.68	  0.047	1.00013			#	   0.22	  88.07	
    123	  -2.18	   0.25	 -0.019	1.00004	  -1.11	   0.25	  0.061	0.99979			#	   0.68	  91.36	
    124	  -3.21	   1.10	 -0.013	0.99999	  -4.44	   1.29	 -0.008	0.99983			#	   1.93	  84.20	
    125	   2.59	   1.24	  0.199	1.00002	   1.13	   0.59	  0.105	0.99939			#	   1.01	  90.45	
    126	  -0.31	   2.46	  0.082	0.99990	   1.62	   2.84	  0.174	0.99916			#	   1.61	  89.09	
    127	  -3.99	   0.68	 -0.046	0.99994	  -4.27	   1.63	  0.018	0.99964			#	   1.25	  91.36	
    128	  -1.80	  -1.30	  0.008	1.00006	  -2.71	  -1.37	  0.019	1.00029			#	   0.62	  90.23	
    129	  -0.06	   0.06	  0.064	1.00003	  -0.67	  -0.15	  0.058	0.99997			#	   0.07	  91.48	
    130	  -0.63	   0.27	  0.050	1.00004	  -0.38	   0.51	  0.073	0.99999			#	   0.11	  91.02	
    131	   0.23	  -0.42	  0.044	1.00007	  -0.35	  -0.69	  0.033	1.00025			#	   0.11	  90.91	
    132	  -0.28	   0.24	  0.014	0.99996	   0.00	   0.29	  0.042	1.00001			#	   0.05	  91.93	
    133	   0.31	  -0.00	  0.021	0.99995	  -0.22	   0.17	  0.007	1.00005			#	   0.05	  92.16	
    134	  -0.32	  -0.04	 -0.001	1.00001	   0.53	  -0.26	  0.019	1.00007			#	   0.09	  92.27	
    135	  -0.87	   0.23	 -0.007	0.99996	  -1.72	   0.23	 -0.000	0.99987			#	   0.21	  91.70	
    136	   0.19	   0.37	 -0.020	1.00001	   0.97	   0.52	 -0.004	0.99994			#	   0.12	  91.82	
    137	  -1.35	  -0.65	 -0.055	1.00003	  -1.92	  -0.47	 -0.045	1.00004			#	   0.53	  90.34	
    138	   1.69	  -1.14	  0.051	0.99997	   1.15	  -0.90	  0.008	1.00017			#	   0.89	  88.18	
    139	   0.18	  -0.00	 -0.003	1.00007	   1.10	  -0.59	  0.019	1.00014			#	   0.10	  92.50	
    140	  -0.36	   0.33	 -0.013	0.99991	  -0.92	   0.61	 -0.032	0.99975			#	   0.17	  91.93	
    141	   1.40	   0.91	  0.054	0.99999	   1.24	   0.60	  0.025	0.99953			#	   0.68	  89.32	
    142	   0.28	   1.98	 -0.017	0.99997	   0.86	   1.59	  0.009	0.99944			#	   1.18	  91.48	
    143	  -1.01	   1.48	 -0.068	0.99995	  -0.71	   2.38	 -0.056	0.99933			#	   0.89	  89.77	
    144	  -0.09	  -0.59	  0.006	0.99994	  -0.73	  -0.29	 -0.016	0.99986			#	   0.11	  91.70	
    145	   0.04	   0.58	 -0.012	1.00009	   0.78	   0.25	  0.014	0.99996			#	   0.11	  91.70	
    146	  -1.25	   0.73	 -0.038	1.00002	  -1.62	   1.26	 -0.045	0.99995			#	   0.43	  83.52	
    147	   1.06	  -0.71	  0.041	0.99997	   0.92	  -0.97	  0.010	0.99999			#	   0.34	  83.86	
    148	  -0.92	  -0.13	 -0.043	1.00004	  -0.31	   0.02	  0.011	1.00022			#	   0.15	  91.02	
    149	  -0.66	  -0.55	 -0.062	1.00007	  -1.37	  -0.63	 -0.077	1.00029			#	   0.38	  88.30	
    150	   0.78	  -0.41	 -0.001	1.00005	   1.03	  -0.83	 -0.031	1.00020			#	   0.27	  87.27	
    151	  -1.03	  -0.17	 -0.048	1.00002	  -0.57	  -0.23	 -0.012	1.00016			#	   0.27	  91.14	
    152	  -2.93	  -1.08	 -0.115	1.00003	  -2.46	  -0.61	 -0.062	1.00061			#	   1.81	  87.95	
    153	  -1.69	  -2.85	 -0.055	1.00011	  -2.82	  -2.87	 -0.072	1.00109			#	   1.87	  88.41	
    154	  -0.67	  -2.26	 -0.020	1.00019	  -0.04	  -2.98	 -0.000	1.00117			#	   0.81	  88.41	
    155	  -3.66	  -1.67	 -0.072	1.00018	  -3.70	  -1.53	 -0.028	1.00097			#	   1.29	  87.05	
    156	  -0.86	  -2.81	  0.053	1.00017	  -2.32	  -3.11	  0.018	1.00108			#	   1.38	  88.52	
    157	  -0.94	  -1.04	  0.046	1.00029	  -0.35	  -2.12	  0.079	1.00075			#	   0.40	  88.07	
    158	  -3.05	  -0.64	 -0.027	1.00004	  -3.13	   0.07	  0.018	1.00026			#	   0.55	  89.20	
    159	  -1.23	  -0.87	  0.036	1.00024	  -2.39	  -1.64	  0.012	1.00051			#	   0.32	  88.41	
    160	  -0.25	   0.32	  0.052	1.00009	  -0.27	  -0.16	  0.065	0.99971			#	   0.09	  90.34	
    161	  -2.59	   2.25	 -0.008	1.00009	  -2.23	   2.47	  0.051	0.99938			#	   1.17	  88.52	
    162	  -0.74	   0.94	  0.061	1.00002	  -2.07	   1.02	  0.025	0.99926			#	   0.28	  89.32	
    163	  -0.97	   1.09	  0.031	1.00005	   0.16	   1.34	  0.090	0.99941			#	   0.37	  87.84	
    164	  -4.26	   0.62	 -0.062	1.00004	  -4.59	   1.24	 -0.002	0.99988			#	   1.25	  87.61	
    165	  -0.09	  -0.98	  0.083	1.00009	  -1.61	  -0.91	  0.029	1.00014			#	   0.27	  89.32	
    166	  -0.10	  -0.30	  0.065	1.00006	   0.49	  -0.47	  0.104	1.00000			#	   0.11	  89.55	
    167	  -1.74	  -0.97	 -0.007	1.00008	  -2.08	  -0.49	  0.022	1.00032			#	   0.42	  88.86	
    168	   0.13	  -1.34	  0.044	1.00009	  -0.29	  -1.72	  0.028	1.00040			#	   0.39	  90.34	
    169	  -1.00	   0.23	 -0.004	1.00006	  -0.57	  -0.22	  0.025	1.00015			#	   0.11	  89.43	
    170	  -1.55	   0.60	 -0.036	0.99999	  -1.62	   0.59	 -0.015	0.99987			#	   0.47	  89.20	
    171	  -0.47	  -0.12	  0.007	1.00006	  -1.25	   0.15	 -0.007	1.00008			#	   0.09	  91.48	
    172	   1.11	  -0.40	  0.049	1.00004	   0.86	  -0.50	  0.031	1.00013			#	   0.32	  88.52	
    173	   0.08	  -0.18	  0.004	1.00006	   0.57	  -0.09	  0.010	1.00017			#	   0.18	  90.80	
    174	  -0.36	  -0.99	 -0.029	1.00007	  -0.28	  -0.96	 -0.025	1.00038			#	   0.39	  90.00	
    175	  -1.66	  -0.63	 -0.072	1.00000	  -1.52	  -0.28	 -0.047	1.00041			#	   0.59	  89.32	
    176	   1.27	  -1.23	  0.036	1.00004	   0.23	  -1.66	 -0.025	1.00030			#	   0.74	  89.43	
    177	   0.83	  -0.19	  0.005	1.00001	   1.97	  -0.37	  0.050	1.00009			#	   0.23	  90.45	
    178	  -2.53	   0.70	 -0.115	1.00004	  -2.06	   0.58	 -0.055	0.99997			#	   1.13	  90.80	
    179	   0.40	  -0.26	 -0.032	0.99994	  -0.96	  -0.12	 -0.083	0.99965			#	   0.11	  90.45	
    180	   1.17	   0.45	  0.001	0.99998	   1.96	   0.79	 -0.005	1.00010			#	   0.26	  90.91	
    181	  -0.78	   0.73	 -0.085	1.00003	  -0.22	   0.08	 -0.060	0.99966			#	   0.26	  90.00	
    182	  -1.84	   1.33	 -0.099	0.99990	  -1.74	   2.05	 -0.072	0.99935			#	   1.03	  88.98	
    183	  -0.51	   0.84	 -0.004	0.99998	  -1.50	   0.84	 -0.044	0.99966			#	   0.32	  88.07	
    184	   1.05	   0.79	  0.047	1.00008	   1.18	   0.60	  0.023	0.99955			#	   0.39	  88.64	
    185	  -0.60	   1.35	 -0.008	0.99992	  -0.33	   1.79	  0.025	0.99946			#	   0.59	  88.64	
    186	  -0.24	   0.24	  0.029	1.00002	  -0.87	   0.66	 -0.001	0.99990			#	   0.14	  86.36	
    187	   1.09	  -0.33	  0.066	1.00005	   1.09	  -0.43	  0.033	1.00010			#	   0.28	  88.98	
    188	  -0.23	   0.46	  0.035	1.00004	  -0.14	   0.42	  0.050	0.99985			#	   0.14	  90.57	
    189	  -0.60	   0.68	  0.020	0.99997	  -0.59	   0.70	  0.037	0.99992			#	   0.26	  88.41	
    190	  -0.59	  -0.40	 -0.013	1.00003	  -0.70	  -0.32	  0.000	0.99993			#	   0.14	  89.66	
    191	  -0.35	  -0.33	  0.017	1.00005	  -0.69	  -0.09	 -0.008	1.00025			#	   0.10	  90.00	
    192	   1.24	  -0.31	  0.074	1.00005	   0.89	  -0.79	  0.037	1.00005			#	   0.39	  88.52	
    193	  -0.45	   0.45	  0.028	1.00003	   0.34	   0.55	  0.056	1.00009			#	   0.17	  90.11	
    194	  -0.84	  -0.20	  0.011	1.00005	  -1.50	  -0.13	  0.014	1.00001			#	   0.15	  89.32	
    195	   0.29	  -0.84	  0.013	1.00009	   0.63	  -0.66	  0.017	1.00037			#	   0.30	  89.20	
    196	  -0.87	  -0.68	 -0.042	1.00007	  -0.81	  -0.77	 -0.022	1.00029			#	   0.31	  87.95	
    197	   0.56	  -0.98	  0.000	1.00005	   0.04	  -1.03	 -0.025	1.00028			#	   0.40	  87.84	
    198	  -0.52	  -0.15	 -0.054	1.00013	   0.27	  -0.29	 -0.025	1.00036			#	   0.16	  91.14	
    199	  -1.35	  -0.71	 -0.069	1.00000	  -1.81	  -0.52	 -0.059	1.00027			#	   0.47	  90.68	
    200	   0.86	  -0.24	  0.015	1.00004	   0.47	  -0.66	 -0.026	1.00021			#	   0.20	  90.45	
    201	   1.26	   0.43	  0.043	1.00005	   1.26	   0.10	  0.027	0.99994			#	   0.31	  90.23	
    202	  -0.36	   1.17	 -0.001	0.99994	   0.58	   1.49	  0.029	0.99977			#	   0.55	  90.23	
    203	  -0.95	  -0.66	 -0.015	0.99998	  -1.32	  -0.65	 -0.008	1.00009			#	   0.29	  89.09	
    204	  -0.24	  -0.11	  0.013	1.00006	  -0.24	  -0.07	  0.017	1.00003			#	   0.06	  91.70	
    205	  -0.89	   0.04	  0.004	1.00002	  -0.87	   0.05	  0.010	1.00011			#	   0.13	  91.36	
    206	   0.19	  -0.76	  0.040	1.00004	  -0.24	  -0.87	  0.036	1.00005			#	   0.26	  90.57	
    207	   0.13	  -0.39	  0.063	1.00005	   0.15	   0.08	  0.067	1.00029			#	   0.13	  91.14	
    208	   0.02	  -0.11	  0.047	1.00004	   0.07	  -0.89	  0.044	1.00002			#	   0.11	  91.82	
    209	  -1.69	   0.86	 -0.035	1.00002	  -1.17	   1.09	  0.024	0.99976			#	   0.62	  88.52	
    210	  -0.82	   0.94	 -0.001	0.99997	  -1.97	   1.15	 -0.020	0.99961			#	   0.46	  87.95	
    211	   0.32	   1.48	  0.020	1.00005	   1.10	   1.25	  0.034	0.99957			#	   0.77	  90.00	
    212	  -3.13	   1.28	 -0.074	0.99991	  -2.77	   2.08	 -0.002	0.99934			#	   1.75	  90.34	
    213	  -1.82	   0.68	 -0.020	0.99996	  -2.68	   0.69	 -0.020	0.99946			#	   0.31	  90.11	
    214	  -0.90	   0.88	  0.034	1.00002	  -1.18	   0.91	  0.037	0.99962			#	   0.27	  90.34	
    215	  -0.91	   0.55	  0.053	0.99998	  -0.97	   1.16	  0.072	0.99970			#	   0.24	  90.68	
    216	  -1.65	  -0.48	  0.032	1.00005	  -1.70	  -0.76	  0.062	0.99974			#	   0.27	  90.91	
    217	  -1.59	   0.76	  0.030	1.00004	  -2.04	   0.65	  0.054	0.99972			#	   0.38	  86.14	
    218	  -0.58	   0.46	  0.079	0.99998	  -1.27	   0.89	  0.078	0.99961			#	   0.37	  90.68	
    219	  -0.78	   0.56	  0.093	1.00001	  -0.42	   0.46	  0.117	0.99987			#	   0.49	  90.80	
    220	  -1.75	   1.25	  0.047	1.00002	  -1.96	   1.10	  0.074	0.99958			#	   1.01	  88.98	
    221	  -0.94	  -0.11	  0.060	0.99996	  -1.47	   0.42	  0.074	0.99974			#	   0.22	  87.27	
    222	  -3.17	   0.34	  0.001	1.00009	  -2.57	   0.45	  0.078	1.00004			#	   0.96	  86.93	
    223	  -2.17	  -0.92	  0.042	1.00005	  -3.40	  -0.98	  0.042	0.99992			#	   0.60	  87.16	
    224	  -1.03	  -0.08	  0.075	1.00009	  -1.33	   0.07	  0.095	1.00008			#	   0.25	  87.39	
    225	  -0.62	   0.65	  0.094	1.00013	  -0.91	   0.38	  0.096	0.99992			#	   0.40	  88.41	
    226	  -2.31	   0.83	  0.038	1.00000	  -2.07	   0.92	  0.097	0.99949			#	   0.72	  86.93	
    227	  -2.73	   1.20	  0.006	0.99999	  -3.03	   1.24	  0.040	0.99930			#	   1.12	  88.41	
    228	  -3.10	  -0.21	  0.008	1.00002	  -3.46	   0.49	  0.047	0.99998			#	   0.60	  87.27	
    229	  -1.82	  -1.58	  0.061	1.00011	  -2.62	  -1.70	  0.071	1.00040			#	   0.95	  87.95	
    230	  -3.41	  -0.84	 -0.004	1.00007	  -2.95	  -0.87	  0.071	1.00028			#	   1.14	  85.45	
    231	  -2.67	  -1.57	  0.043	1.00007	  -4.40	  -1.60	  0.039	1.00031			#	   1.12	  86.14	
    232	  -0.14	   0.02	  0.085	1.00012	   0.14	  -0.96	  0.103	0.99978			#	   0.28	  88.75	
    233	  -4.48	   0.95	 -0.061	0.99993	  -4.03	   1.81	  0.043	0.99955			#	   1.74	  87.05	
    234	  -1.94	  -1.99	  0.016	1.00008	  -3.85	  -1.91	 -0.016	1.00030			#	   0.77	  89.55	
    235	  -0.66	   0.27	  0.060	1.00028	  -0.32	  -0.45	  0.077	1.00035			#	   0.19	  88.98	
    236	  -3.06	   0.53	  0.011	1.00002	  -3.67	   0.96	  0.062	0.99988			#	   0.54	  84.77	
    237	  -1.07	  -0.44	  0.069	1.00004	  -2.06	  -0.24	  0.059	1.00000			#	   0.20	  88.64	
    238	   0.96	   0.05	  0.123	1.00010	  -0.28	  -0.34	  0.084	0.99978			#	   0.37	  88.86	
    239	   4.02	   1.08	  0.188	1.00001	   1.90	   1.12	  0.093	0.99950			#	   2.13	  87.05	
    240	   2.83	   1.06	  0.115	1.00002	   4.86	   1.41	  0.136	0.99968			#	   0.72	  87.05	
    241	   6.10	   0.06	  0.232	1.00013	   0.08	  -0.06	  0.015	0.99988			#	   3.07	  87.61	
    242	  12.27	   1.89	  0.308	1.00014	  16.54	   1.88	  0.243	0.99979			#	   4.37	  88.64	
    243	  -7.85	   2.05	 -0.278	0.99995	  -5.35	   2.44	 -0.041	0.99893			#	   1.35	  81.36	
    244	   2.01	   1.91	  0.017	0.99974	  -2.52	   1.91	 -0.171	0.99849			#	   0.63	  82.27	
    245	   2.04	   2.32	  0.019	0.99986	   4.54	   2.82	  0.066	0.99889			#	   0.56	  85.00	
    246	  -2.49	   1.08	 -0.073	0.99991	  -3.14	   1.60	 -0.052	0.99930			#	   0.27	  81.02	
    247	  -1.49	   0.19	 -0.030	0.99999	  -1.38	   0.48	 -0.022	0.99950			#	   0.09	  82.84	
    248	  -3.23	   0.44	 -0.054	0.99995	  -3.12	   0.56	 -0.008	0.99957			#	   0.44	  81.02	
    249	  -4.32	  -0.28	 -0.040	0.99993	  -4.48	   0.17	  0.005	0.99998			#	   1.05	  90.80	
    250	  -1.08	  -2.03	  0.102	0.99998	  -3.38	  -2.07	  0.062	1.00037			#	   0.81	  83.30	
    251	  -0.65	  -0.42	  0.082	1.00003	   0.87	  -0.88	  0.147	1.00010			#	   0.25	  87.73	
    252	  -4.72	   0.29	 -0.064	1.00008	  -5.20	   0.19	  0.025	0.99992			#	   1.29	  90.34	
    253	   1.06	  -0.13	  0.106	0.99999	  -1.41	   0.09	  0.018	0.99992			#	   0.27	  88.52	
    254	   2.76	   0.19	  0.142	1.00002	   3.55	   0.13	  0.124	1.00011			#	   0.78	  85.68	
    255	  -2.60	   1.23	 -0.071	1.00003	  -1.35	   1.18	  0.023	0.99973			#	   0.76	  83.41	
    256	  -0.44	   0.55	 -0.053	0.99995	  -2.30	   0.75	 -0.095	0.99944			#	   0.21	  86.02	
    257	   0.83	   1.06	 -0.042	0.99986	   1.62	   1.26	 -0.027	0.99907			#	   0.38	  82.16	
    258	  -1.61	   1.77	 -0.131	0.99994	  -1.50	   1.62	 -0.095	0.99917			#	   1.04	  79.20	
    259	  -0.22	   1.73	 -0.100	0.99990	  -0.67	   2.27	 -0.110	0.99901			#	   0.83	  79.32	
    260	   1.47	   1.21	 -0.042	0.99976	   1.18	   1.42	 -0.073	0.99857			#	   0.81	  81.02	
    261	   0.31	   2.44	 -0.085	0.99979	   1.15	   2.59	 -0.066	0.99847			#	   1.79	  86.36	
    262	   1.43	   1.34	 -0.047	0.99990	   0.75	   2.28	 -0.098	0.99940			#	   0.58	  82.95	
    263	   2.50	  -0.14	 -0.022	0.99996	   3.54	   0.08	 -0.041	0.99960			#	   0.48	  89.43	
    264	  -0.78	   1.40	 -0.110	0.99986	  -0.16	   1.21	 -0.080	0.99916			#	   0.55	  88.07	
    265	   1.04	   1.99	 -0.045	0.99966	   0.29	   2.31	 -0.091	0.99850			#	   1.01	  85.11	
    266	   3.81	   1.37	  0.027	1.00001	   4.13	   1.40	 -0.037	0.99943			#	   1.40	  82.73	
    267	   0.38	   1.94	 -0.076	0.99970	   1.56	   2.34	 -0.058	0.99850			#	   0.85	  86.59	
    268	   2.01	   0.73	 -0.007	0.99994	   0.65	   1.12	 -0.096	0.99975			#	   0.61	  84.55	
    269	   4.25	   0.17	  0.065	1.00007	   5.09	   0.18	  0.007	1.00010			#	   1.35	  91.25	
    270	   0.57	   1.01	 -0.022	1.00067	   2.11	   1.50	  0.040	1.00211			#	   0.24	  85.45	
    271	   0.39	  -0.87	 -0.032	0.99964	  -0.21	  -0.59	 -0.083	0.99916			#	   0.19	  87.39	
    272	   2.87	  -2.79	  0.064	0.99988	   1.97	  -2.85	 -0.027	1.00032			#	   2.11	  87.05	
    273	   4.27	  -1.14	  0.145	1.00000	   4.06	  -1.68	  0.073	1.00036			#	   0.93	  83.30	
    274	   2.75	   0.15	  0.034	1.00006	   4.29	  -0.54	  0.030	0.99993			#	   0.46	  90.34	
    275	  -0.63	  -0.11	 -0.097	0.99990	  -0.37	   0.61	 -0.069	0.99989			#	   0.17	  87.95	
    276	   3.10	  -1.28	 -0.011	0.99954	   1.67	  -1.66	 -0.108	0.99871			#	   0.77	  88.64	
    277	   4.49	   1.01	 -0.013	1.00004	   5.47	   0.23	 -0.060	0.99963			#	   1.10	  87.73	
    278	   1.62	   1.32	 -0.097	0.99989	   2.94	   2.18	 -0.088	0.99915			#	   0.76	  86.25	
    279	   0.54	   0.43	 -0.131	1.00007	   0.84	   0.46	 -0.141	0.99967			#	   0.36	  86.48	
    280	  -0.12	   0.15	 -0.169	0.99997	   0.82	   0.90	 -0.142	0.99967			#	   0.47	  90.00	
    281	  -1.11	  -0.11	 -0.193	1.00000	  -1.13	  -0.01	 -0.200	0.99968			#	   0.60	  88.98	
    282	   0.96	   0.38	 -0.067	0.99997	   0.94	   0.16	 -0.109	0.99924			#	   0.25	  90.45	
    283	   0.33	   2.68	 -0.043	0.99994	   0.78	   2.84	 -0.038	0.99887			#	   2.18	  89.77	
    284	  -0.73	   1.74	 -0.082	0.99996	  -0.31	   2.33	 -0.071	0.99891			#	   0.69	  88.18	
    285	   1.94	   1.93	  0.051	0.99989	   0.39	   2.17	 -0.034	0.99893			#	   1.33	  88.98	
    286	   2.44	   3.88	  0.079	0.99998	   3.82	   3.64	  0.069	0.99850			#	   2.90	  91.02	
    287	  -0.55	   4.86	  0.010	0.99979	  -0.70	   5.33	  0.009	0.99798			#	   2.27	  91.14	
    288	   1.47	   2.62	  0.078	0.99979	   0.85	   3.75	  0.045	0.99841			#	   1.12	  90.57	
    289	   0.19	   2.38	  0.033	0.99973	   0.82	   2.69	  0.033	0.99825			#	   0.89	  89.77	
    290	  -0.36	   1.41	  0.034	0.99985	  -1.45	   1.64	  0.006	0.99919			#	   0.39	  92.84	
    291	   3.11	   1.27	  0.143	0.99984	   2.98	   1.78	  0.087	0.99915			#	   0.90	  88.86	
    292	  -0.82	   1.75	 -0.007	1.00002	   0.51	   1.62	  0.054	0.99943			#	   0.53	  90.91	
    293	  -1.65	   0.86	 -0.037	0.99989	  -1.95	   1.32	 -0.024	0.99973			#	   0.49	  89.89	
    294	  -1.66	   0.64	 -0.031	0.99996	  -1.30	   1.09	  0.003	0.99987			#	   0.50	  84.20	
    295	  -0.95	  -1.12	 -0.011	0.99994	  -1.59	  -0.34	 -0.017	1.00048			#	   0.44	  90.11	
    296	   1.77	  -3.23	  0.050	1.00009	   1.39	  -3.59	  0.017	1.00105			#	   2.88	  91.93	
    297	   0.14	  -1.65	 -0.005	1.00009	   0.95	  -1.89	  0.019	1.00093			#	   0.42	  92.73	
    298	   0.01	  -2.20	 -0.031	0.99998	  -0.53	  -2.70	 -0.035	1.00035			#	   0.84	  86.48	
    299	  -0.24	  -0.38	 -0.065	1.00020	   0.85	  -0.80	 -0.031	1.00107			#	   0.18	  89.77	
    300	  -1.57	  -0.42	 -0.111	0.99999	  -1.47	  -0.34	 -0.092	1.00005			#	   0.33	  91.25	
    301	  -0.44	  -1.96	 -0.080	1.00001	  -0.49	  -1.53	 -0.072	1.00057			#	   0.67	  90.57	
    302	  -1.14	  -1.63	 -0.089	1.00010	  -1.15	  -1.85	 -0.069	1.00084			#	   0.85	  86.48	
    303	   1.30	  -1.31	 -0.025	1.00008	   1.31	  -1.69	 -0.060	1.00051			#	   0.65	  86.02	
    304	  -1.65	  -1.33	 -0.131	1.00007	  -0.45	  -1.24	 -0.064	1.00043			#	   0.92	  89.66	
    305	  -1.32	  -0.17	 -0.093	1.00005	  -2.03	  -0.63	 -0.105	1.00010			#	   0.35	  90.57	
    306	  -0.06	  -0.06	 -0.020	1.00001	   0.11	   0.01	 -0.018	0.99992			#	   0.04	  93.75	
    307	  -0.33	   0.35	 -0.009	1.00000	  -0.33	   0.19	 -0.014	0.99974			#	   0.10	  91.25	
    308	  -0.15	   1.22	  0.013	1.00000	  -0.05	   1.09	  0.006	0.99954			#	   0.48	  92.05	
    309	   0.28	   1.38	  0.035	0.99995	  -0.07	   1.61	  0.028	0.99942			#	   0.61	  92.27	
    310	   0.29	   1.13	  0.052	0.99992	   0.59	   1.56	  0.044	0.99950			#	   0.77	  88.30	
    311	  -0.85	   0.59	  0.032	0.99998	  -0.75	   0.52	  0.043	0.99963			#	   0.33	  89.66	
    312	   1.09	   0.58	  0.100	0.99993	   0.16	   1.12	  0.055	0.99983			#	   0.61	  91.82	
    313	   0.91	  -0.85	  0.099	1.00005	   1.82	  -1.01	  0.114	1.00012			#	   0.60	  92.27	
    314	  -1.68	   0.11	  0.034	1.00010	  -2.20	   0.12	  0.059	1.00028			#	   0.49	  92.27	
    315	   3.10	  -1.95	  0.177	0.99990	   1.89	  -1.35	  0.084	1.00040			#	   2.69	  90.80	
    316	   0.68	  -2.89	  0.071	1.00008	   2.36	  -3.23	  0.113	1.00115			#	   1.33	  88.86	
    317	  -0.20	  -2.23	  0.027	1.00012	  -1.18	  -2.41	  0.015	1.00113			#	   0.86	  86.82	
    318	   1.65	  -1.97	  0.039	1.00019	   2.11	  -2.75	  0.032	1.00108			#	   1.09	  88.41	
    319	  -0.26	  -0.44	 -0.047	0.99991	  -0.10	  -0.76	 -0.037	0.99985			#	   0.13	  87.73	
    320	   0.68	  -0.49	 -0.051	1.00006	   0.82	  -0.87	 -0.056	1.00046			#	   0.18	  89.77	
    321	   0.96	  -0.78	 -0.031	0.99983	   0.72	  -0.44	 -0.066	0.99980			#	   0.20	  89.89	
    322	   1.47	  -1.56	 -0.018	0.99997	   2.19	  -1.64	 -0.036	1.00067			#	   0.79	  86.82	
    323	  -0.40	  -2.75	 -0.087	1.00010	   0.18	  -2.60	 -0.058	1.00101			#	   1.95	  89.89	
    324	   0.15	  -2.95	 -0.065	1.00009	  -0.13	  -3.06	 -0.081	1.00137			#	   1.55	  90.34	
    325	   1.74	  -3.35	  0.003	1.00013	   1.56	  -3.56	 -0.041	1.00143			#	   2.15	  91.14	
    326	   2.78	  -3.27	  0.026	1.00016	   2.89	  -4.27	 -0.003	1.00128			#	   1.72	  90.80	
    327	   0.54	  -0.07	 -0.051	1.00005	   1.68	  -1.09	 -0.019	1.00025			#	   0.15	  90.11	
    328	   0.38	   0.97	 -0.060	1.00000	  -0.13	   1.13	 -0.080	0.99981			#	   0.22	  89.55	
    329	   3.23	  -1.02	  0.011	0.99993	   3.47	  -0.55	 -0.036	1.00012			#	   0.54	  89.77	
    330	  -0.52	  -0.37	 -0.105	1.00008	   0.87	  -0.66	 -0.058	1.00026			#	   0.16	  90.00	
    331	   2.91	  -1.55	  0.066	0.99997	   0.63	  -0.37	 -0.064	1.00060			#	   0.71	  87.16	
    332	   3.19	  -3.98	  0.089	1.00022	   6.08	  -4.82	  0.105	1.00136			#	   3.78	  86.93	
    333	  -0.48	  -3.20	  0.012	1.00004	  -2.19	  -2.93	  0.004	1.00125			#	   0.76	  86.82	
    334	   4.81	  -4.19	  0.172	1.00014	   4.84	  -4.18	  0.084	1.00186			#	   2.49	  86.59	
    335	   0.49	  -4.52	  0.012	1.00018	   2.28	  -5.40	  0.064	1.00185			#	   1.70	  89.20	
    336	   0.68	  -4.21	 -0.005	1.00006	  -0.36	  -4.39	 -0.033	1.00165			#	   2.00	  90.00	
    337	   2.19	  -2.97	  0.008	1.00019	   2.85	  -3.94	  0.002	1.00157			#	   1.49	  91.93	
    338	  -0.10	  -1.67	 -0.135	1.00010	   0.97	  -2.31	 -0.084	1.00080			#	   0.50	  91.14	
    339	  -1.10	  -0.23	 -0.174	1.00001	  -1.05	  -0.81	 -0.165	1.00024			#	   0.22	  90.34	
    340	   1.17	   0.48	 -0.078	0.99992	   0.81	   0.24	 -0.115	0.99972			#	   0.14	  92.73	
    341	   0.85	   0.87	 -0.054	0.99995	   1.57	   1.05	 -0.067	0.99991			#	   0.21	  86.82	
    342	   1.69	  -0.72	 -0.019	0.99999	   1.66	  -0.77	 -0.058	1.00020			#	   0.26	  90.91	
    343	   0.48	  -1.23	 -0.041	0.99995	   1.33	  -0.93	 -0.020	1.00037			#	   0.49	  90.23	
    344	   0.32	  -1.92	 -0.004	0.99998	  -0.25	  -2.09	 -0.028	1.00073			#	   1.16	  90.34	
    345	   2.31	  -0.96	  0.072	1.00005	   2.37	  -1.76	  0.019	1.00059			#	   0.80	  90.34	
    346	   1.77	  -0.39	  0.033	0.99995	   2.46	  -0.08	  0.033	1.00030			#	   0.41	  90.57	
    347	   0.20	  -1.02	 -0.025	1.00002	   0.46	  -1.20	 -0.012	1.00059			#	   0.34	  90.34	
    348	   0.36	   0.53	 -0.007	0.99997	   0.36	  -0.16	 -0.022	0.99992			#	   0.15	  91.48	
    349	   2.65	  -0.25	  0.064	0.99983	   1.84	   0.35	  0.009	0.99986			#	   0.74	  91.25	
    350	   0.33	   2.76	 -0.085	0.99991	   2.34	   2.20	 -0.041	0.99924			#	   2.15	  89.77	
    351	   2.02	   1.85	  0.026	0.99991	   0.94	   1.86	 -0.048	0.99945			#	   0.70	  91.82	
    352	   0.94	   1.04	 -0.013	0.99994	   2.53	   1.34	  0.010	0.99968			#	   0.38	  88.98	
    353	  -0.02	  -0.95	 -0.029	0.99988	  -0.82	  -0.25	 -0.032	1.00001			#	   0.21	  90.11	
    354	   1.95	  -1.33	  0.006	1.00005	   2.28	  -1.37	 -0.019	1.00060			#	   0.63	  90.11	
    355	   1.17	  -0.92	 -0.048	0.99997	   1.45	  -1.45	 -0.059	1.00021			#	   0.37	  89.89	
    356	   1.93	  -0.14	 -0.017	1.00001	   2.04	  -0.20	 -0.053	1.00000			#	   0.37	  92.16	
    357	   0.87	   0.94	 -0.052	1.00004	   1.68	   0.55	 -0.045	0.99989			#	   0.41	  90.23	
    358	  -1.04	  -0.28	 -0.139	0.99989	  -0.19	   0.46	 -0.092	0.99999			#	   0.44	  89.55	
    359	  -0.84	  -0.36	 -0.124	1.00003	  -1.67	  -0.96	 -0.141	1.00014			#	   0.46	  92.39	
    360	   4.10	   1.39	  0.046	0.99994	   3.11	   1.16	 -0.064	0.99974			#	   2.68	  90.23	
    361	   2.21	   0.82	 -0.027	0.99997	   4.34	   1.15	 -0.006	0.99996			#	   0.41	  87.39	
    362	  -1.38	  -0.16	 -0.137	0.99996	  -1.25	   0.05	 -0.121	1.00012			#	   0.35	  89.77	
    363	   1.24	  -0.34	 -0.026	0.99993	  -0.12	  -0.63	 -0.099	1.00011			#	   0.25	  90.34	
    364	   4.00	   0.88	  0.075	1.00000	   4.54	   0.57	 -0.000	1.00009			#	   1.20	  90.11	
    365	  -0.68	   0.33	 -0.054	1.00000	   0.82	   0.31	 -0.018	1.00012			#	   0.17	  90.68	
    366	  -0.77	  -0.35	 -0.035	0.99991	  -1.91	  -0.08	 -0.055	1.00018			#	   0.18	  89.32	
    367	   3.03	  -0.60	  0.087	0.99991	   2.69	  -0.62	  0.008	1.00024			#	   0.80	  87.50	
    368	   1.80	  -1.05	  0.053	1.00005	   2.91	  -1.49	  0.043	1.00043			#	   0.68	  89.43	
    369	   0.79	  -0.41	  0.021	1.00004	   0.39	  -0.41	  0.001	1.00055			#	   0.13	  90.34	
    370	   1.26	  -1.41	  0.017	1.00000	   1.65	  -1.07	  0.014	1.00053			#	   0.74	  91.48	
    371	  -0.58	  -1.47	 -0.050	1.00010	  -0.22	  -1.88	 -0.031	1.00083			#	   0.66	  90.11	
    372	   1.49	  -0.42	  0.008	1.00006	   0.81	  -1.12	 -0.037	0.99999			#	   0.36	  84.09	
    373	  -0.98	   0.77	 -0.153	0.99995	   0.52	   1.32	 -0.084	0.99967			#	   0.57	  91.02	
    374	  -0.98	  -0.26	 -0.088	0.99999	  -1.93	  -0.28	 -0.106	0.99992			#	   0.37	  89.66	
    375	   2.99	   1.20	  0.030	1.00020	   2.36	   0.64	 -0.045	1.00013			#	   1.43	  86.14	
    376	  -1.17	   2.22	 -0.092	0.99984	   1.05	   2.77	 -0.011	0.99896			#	   1.29	  88.98	
    377	  -2.13	   0.69	 -0.093	0.99987	  -3.42	   1.12	 -0.098	0.99947			#	   0.66	  89.43	
    378	   0.27	   0.25	 -0.017	0.99994	   0.70	   0.57	 -0.021	0.99977			#	   0.08	  88.41	
    379	  -2.04	   0.48	 -0.053	1.00003	  -1.89	   0.15	 -0.017	0.99970			#	   0.42	  90.00	
    380	  -0.88	   0.90	  0.013	0.99993	  -1.28	   1.36	  0.018	0.99936			#	   0.34	  83.98	
    381	  -1.22	   1.06	  0.005	1.00012	  -0.79	   0.96	  0.031	0.99984			#	   0.36	  83.64	
    382	  -2.49	   1.31	 -0.015	1.00004	  -2.85	   1.35	  0.022	0.99945			#	   1.13	  87.16	
    383	  -0.12	   0.76	  0.089	1.00009	  -0.75	   1.31	  0.070	0.99989			#	   0.26	  87.05	
    384	  -1.23	   0.87	  0.052	1.00002	  -0.87	   0.71	  0.090	0.99982			#	   0.40	  87.05	
    385	  -1.84	   0.50	  0.032	1.00007	  -1.80	   0.82	  0.058	1.00010			#	   0.44	  89.20	
    386	  -2.46	  -0.85	  0.037	1.00001	  -2.53	  -0.47	  0.074	1.00006			#	   0.76	  84.43	
    387	  -0.95	   0.08	  0.119	1.00012	  -2.30	  -0.28	  0.107	1.00025			#	   0.30	  88.30	
    388	   0.75	  -0.88	  0.143	1.00001	   0.93	  -0.62	  0.148	1.00015			#	   0.62	  88.41	
    389	  -3.49	  -0.81	  0.020	1.00010	  -2.26	  -0.58	  0.133	1.00036			#	   1.69	  88.18	
    390	  -6.58	   2.10	 -0.077	1.00019	  -8.36	   0.99	 -0.012	0.99932			#	   3.42	  89.66	
    391	  -1.63	   2.39	 -0.003	1.00006	  -0.91	   2.53	  0.045	0.99934			#	   0.60	  89.77	
    392	  -3.75	   1.19	 -0.069	1.00001	  -4.00	   1.91	  0.007	0.99941			#	   0.79	  89.43	
    393	  -2.09	   0.95	 -0.030	1.00001	  -3.06	   1.27	 -0.022	0.99966			#	   0.36	  86.59	
    394	  -1.60	  -0.93	 -0.011	1.00002	  -1.52	  -0.84	  0.018	0.99971			#	   0.22	  86.25	
    395	  -3.58	   1.04	 -0.085	1.00007	  -2.92	   1.02	 -0.009	0.99964			#	   0.60	  83.41	
    396	  -4.60	   1.06	 -0.108	1.00012	  -5.49	   1.36	 -0.057	0.99967			#	   1.43	  88.18	
    397	  -0.13	  -0.03	  0.055	1.00006	  -1.89	   0.47	  0.000	0.99982			#	   0.18	  91.82	
    398	  -0.46	   0.09	  0.035	1.00007	   0.88	  -0.10	  0.086	0.99979			#	   0.15	  87.95	
    399	  -5.31	   0.95	 -0.103	1.00010	  -5.25	   1.19	 -0.017	0.99976			#	   2.04	  83.30	
    400	  -1.80	   0.08	  0.021	1.00003	  -3.37	   0.52	 -0.002	0.99971			#	   0.24	  90.00	
    401	  -0.96	   0.30	  0.057	1.00012	  -1.25	   0.30	  0.075	0.99985			#	   0.17	  88.07	
    402	  -0.21	   1.25	  0.099	1.00006	  -0.92	   0.97	  0.080	0.99945			#	   0.45	  86.82	
    403	  -0.33	   1.31	  0.076	0.99998	  -0.08	   1.39	  0.106	0.99911			#	   0.46	  84.66	
    404	  -2.72	   2.15	  0.016	0.99999	  -3.35	   2.56	  0.071	0.99935			#	   1.14	  85.91	
    405	   3.92	   1.74	  0.228	0.99993	   0.33	   1.86	  0.061	0.99903			#	   1.79	  88.75	
    406	  12.38	   0.05	  0.518	0.99997	   9.07	   0.66	  0.259	0.99949			#	   6.98	  89.20	
    407	  14.41	   2.63	  0.521	1.00012	  17.38	   2.02	  0.405	0.99972			#	   3.60	  88.30	
    408	  -5.30	   3.73	 -0.156	0.99996	  -0.23	   2.90	  0.131	0.99841			#	   1.25	  90.57	
    409	  -4.97	   4.41	 -0.112	0.99981	  -9.09	   5.55	 -0.136	0.99807			#	   2.01	  88.86	
    410	   2.67	   3.32	  0.112	0.99986	   2.64	   3.78	  0.058	0.99873			#	   1.13	  91.25	
    411	  -1.60	   1.71	 -0.008	0.99990	  -0.20	   2.43	  0.048	0.99898			#	   0.44	  91.14	
    412	   0.66	   1.53	  0.068	0.99994	  -1.22	   1.56	  0.009	0.99931			#	   0.24	  91.14	
    413	   2.84	   1.75	  0.049	0.99993	   3.81	   2.17	  0.053	0.99936			#	   0.71	  91.70	
    414	   0.22	   1.06	 -0.089	0.99992	   0.80	   1.15	 -0.054	0.99939			#	   0.27	  89.77	
    415	   2.82	   0.32	 -0.089	1.00003	   2.18	   0.63	 -0.123	0.99973			#	   0.46	  79.43	
    416	   2.96	  -0.41	 -0.163	1.00003	   2.54	   0.14	 -0.183	1.00029			#	   1.00	  79.32	
    417	   6.78	  -2.39	 -0.096	1.00005	   5.81	  -1.78	 -0.234	1.00070			#	   3.50	  79.89	
    418	   6.24	  -2.50	 -0.159	1.00024	   7.01	  -2.89	 -0.213	1.00095			#	   2.11	  80.68	
    419	   6.10	  -3.09	 -0.238	1.00007	   5.48	  -2.20	 -0.319	1.00103			#	   2.50	  78.52	
    420	   7.60	  -2.56	 -0.198	1.00030	   7.16	  -3.48	 -0.336	1.00133			#	   2.40	  78.30	
    421	   9.81	  -2.26	 -0.103	1.00025	   8.67	  -2.75	 -0.281	1.00061			#	   3.13	  80.00	
    422	   9.69	  -0.98	 -0.113	1.00021	  11.42	  -0.35	 -0.201	1.00068			#	   2.67	  76.48	
    423	   0.39	   0.19	 -0.360	1.00034	   2.12	  -1.21	 -0.332	1.00043			#	   0.80	  78.75	
    424	   9.00	   1.32	 -0.031	0.99998	   4.86	   1.82	 -0.311	0.99918			#	   2.17	  75.80	
    425	   5.82	  -0.48	 -0.114	1.00017	  11.63	  -0.03	 -0.072	1.00045			#	   1.67	  74.32	
    426	  -7.10	   0.53	 -0.315	0.99993	  -7.65	   0.44	 -0.218	0.99991			#	   2.72	  85.45	
    427	   2.65	   1.61	  0.009	0.99996	   1.94	   0.63	 -0.126	0.99938			#	   0.43	  86.36	
    428	  -1.85	   1.75	 -0.016	0.99979	   0.30	   2.12	  0.059	0.99891			#	   0.62	  84.77	
    429	  -0.17	   1.87	  0.134	1.00000	  -2.25	   2.06	  0.067	0.99944			#	   0.48	  82.16	
    430	  -1.28	   0.24	  0.050	0.99995	   1.20	   0.87	  0.141	0.99988			#	   0.17	  90.57	
    431	  -3.22	   0.10	  0.052	1.00004	  -5.04	  -0.01	  0.043	0.99988			#	   0.55	  89.43	
    432	   5.36	  -0.26	  0.334	1.00007	   2.56	  -0.33	  0.181	0.99999			#	   2.62	  86.93	
    433	   3.36	  -0.49	  0.231	1.00021	   6.04	  -0.77	  0.262	1.00065			#	   1.19	  87.73	
    434	  -3.52	   0.34	  0.045	1.00005	  -4.18	   0.64	  0.118	1.00003			#	   0.81	  87.39	
    435	   2.45	  -0.68	  0.204	1.00013	   0.07	  -0.41	  0.096	1.00039			#	   0.67	  87.73	
    436	   3.63	  -1.70	  0.172	1.00009	   5.09	  -1.91	  0.164	1.00032			#	   1.74	  90.91	
    437	  -2.28	  -1.38	  0.012	1.00015	  -2.04	  -0.50	  0.073	1.00083			#	   0.46	  87.61	
    438	   1.88	  -1.86	  0.156	1.00031	  -0.63	  -2.86	  0.059	1.00088			#	   1.25	  92.73	
    439	   3.00	   1.24	  0.104	1.00003	   3.99	   0.96	  0.134	0.99974			#	   0.98	  91.36	
    440	  -0.31	   1.75	 -0.068	1.00005	   0.30	   1.47	 -0.041	0.99957			#	   0.63	  90.34	
    441	  -0.35	   0.60	 -0.067	0.99992	  -0.44	   1.37	 -0.064	0.99945			#	   0.27	  90.57	
    442	   1.87	   1.24	 -0.020	0.99998	   0.85	   0.95	 -0.060	0.99955			#	   0.70	  89.55	
    443	   4.10	   0.47	  0.038	0.99991	   5.21	   1.31	 -0.013	0.99961			#	   1.47	  87.95	
    444	  -0.78	  -0.12	 -0.089	1.00006	   0.11	  -0.12	 -0.048	1.00007			#	   0.19	  92.61	
    445	   4.53	  -0.76	  0.048	0.99993	   2.88	  -0.54	 -0.066	0.99973			#	   1.72	  92.16	
    446	   3.55	  -0.65	 -0.028	0.99995	   5.64	  -0.69	 -0.021	0.99980			#	   0.99	  88.98	
    447	   2.90	  -0.57	 -0.003	1.00002	   2.21	  -0.16	 -0.067	1.00015			#	   0.72	  90.80	
    448	   3.42	  -0.45	 -0.006	0.99991	   5.11	  -0.91	 -0.010	0.99990			#	   1.11	  87.16	
    449	   0.40	  -0.22	 -0.083	1.00017	   0.71	  -0.19	 -0.091	1.00065			#	   0.19	  91.14	
    450	   4.07	   1.18	  0.094	0.99986	   3.22	   0.76	 -0.025	0.99929			#	   1.52	  85.34	
    451	   3.28	   0.32	  0.120	0.99980	   4.97	   0.50	  0.112	0.99950			#	   0.93	  89.77	
    452	  -1.35	  -0.47	 -0.010	0.99986	  -0.17	   0.16	  0.049	1.00009			#	   0.29	  92.16	
    453	  -0.42	  -2.36	  0.041	1.00007	  -0.91	  -2.27	  0.022	1.00069			#	   1.09	  89.55	
    454	   0.68	  -0.74	  0.103	1.00012	   0.26	  -1.33	  0.061	1.00052			#	   0.34	  90.00	
    455	   1.67	   1.57	  0.171	1.00003	   1.71	   1.15	  0.133	0.99955			#	   0.82	  92.61	
    456	  -1.75	   1.99	  0.046	0.99996	  -0.21	   1.85	  0.136	0.99911			#	   1.23	  92.61	
    457	  -5.89	   1.65	 -0.097	0.99999	  -5.43	   2.54	  0.011	0.99930			#	   3.55	  88.18	
    458	  -3.39	   1.48	  0.041	1.00003	  -5.63	   1.41	  0.006	0.99939			#	   0.95	  89.89	
    459	  -1.29	   1.40	  0.153	1.00007	  -0.97	   1.58	  0.168	0.99942			#	   0.63	  90.34	
    460	  -3.53	   2.65	  0.103	1.00006	  -3.58	   2.52	  0.162	0.99920			#	   1.79	  91.70	
    461	  -5.62	   1.00	 -0.044	1.00001	  -5.58	   2.30	  0.085	0.99954			#	   1.62	  92.05	
    462	  -5.41	   0.20	 -0.055	1.00017	  -6.61	   0.03	 -0.002	1.00021			#	   1.36	  90.34	
    463	  -3.17	  -0.69	  0.043	1.00009	  -4.18	  -0.38	  0.062	1.00012			#	   0.80	  91.36	
    464	  -3.10	   0.78	  0.031	1.00013	  -3.41	   0.40	  0.089	0.99990			#	   0.67	  92.95	
    465	  -3.78	   0.15	 -0.100	1.00006	  -4.10	   0.65	 -0.001	0.99998			#	   0.96	  90.00	
    466	  -6.52	   0.38	 -0.173	1.00011	  -6.17	   0.31	 -0.078	1.00002			#	   2.40	  90.34	
    467	  -6.40	   0.96	 -0.032	1.00007	  -7.05	   0.55	  0.000	0.99979			#	   1.61	  84.77	
    468	  -7.28	   1.12	 -0.003	0.99995	  -6.33	   1.57	  0.121	0.99964			#	   2.17	  80.23	
    469	  -9.31	  -0.08	  0.011	0.99998	  -9.44	   0.54	  0.116	1.00015			#	   2.88	  80.45	
    470	  -4.53	  -1.33	  0.251	1.00008	  -6.51	  -1.47	  0.251	1.00057			#	   1.14	  79.55	
    471	  -2.48	  -0.24	  0.287	1.00005	  -1.67	  -0.87	  0.353	1.00012			#	   0.87	  80.11	
    472	  -8.56	   0.98	  0.072	1.00011	  -6.64	   1.23	  0.268	1.00011			#	   2.42	  76.48	
    473	  -9.05	  -0.54	  0.049	1.00012	  -9.96	  -0.44	  0.167	1.00031			#	   2.08	  77.39	
    474	 -11.91	   0.91	  0.279	1.00011	 -12.22	   0.04	  0.437	0.99958			#	   4.01	  72.73	
    475	  -7.30	   1.17	  0.102	0.99999	  -6.81	   1.93	  0.231	0.99965			#	   1.17	  75.45	
    476	  -8.39	  -1.74	  0.028	1.00003	  -7.68	  -0.77	  0.151	1.00046			#	   1.56	  72.73	
    477	  -9.00	  -3.90	  0.028	1.00017	  -9.44	  -3.73	  0.149	1.00151			#	   2.75	  75.23	
    478	  -6.40	  -1.54	  0.120	1.00035	  -6.89	  -2.35	  0.195	1.00123			#	   1.19	  71.14	
    479	  -7.55	  -0.44	  0.066	1.00018	  -6.38	  -0.88	  0.209	1.00023			#	   1.25	  72.16	
    480	 -11.50	  -0.30	 -0.114	1.00028	  -9.82	  -0.23	  0.116	1.00051			#	   1.90	  73.86	
    481	 -14.52	   0.14	 -0.210	1.00030	 -13.69	   0.55	  0.026	1.00057			#	   4.06	  75.68	
    482	 -11.53	  -0.85	 -0.085	1.00050	 -12.92	  -1.30	  0.013	1.00105			#	   1.55	  67.16	
    483	  -8.89	   0.55	  0.015	1.00027	  -7.71	   0.66	  0.148	1.00008			#	   1.28	  70.68	
    484	 -14.83	   0.03	 -0.112	1.00029	 -13.27	   0.51	  0.142	1.00014			#	   3.38	  72.50	
    485	 -13.65	  -2.08	 -0.052	1.00028	 -14.33	  -2.26	  0.108	1.00041			#	   2.14	  65.80	
    486	 -13.23	   0.38	 -0.009	1.00028	 -12.14	  -0.10	  0.201	0.99989			#	   2.63	  71.25	
    487	 -18.23	   3.08	 -0.139	1.00026	 -16.06	   2.00	  0.157	0.99824			#	   4.29	  72.27	
    488	 -21.10	   3.28	 -0.219	1.00065	 -19.93	   4.01	  0.123	0.99969			#	   4.65	  69.20	
    489	 -19.21	   1.31	 -0.155	1.00102	 -19.43	   2.99	  0.102	1.00167			#	   3.02	  62.95	
    490	 -15.93	  -3.44	  0.021	1.00054	 -16.37	  -3.00	  0.202	1.00096			#	   3.21	  66.93	
    491	 -15.64	  -1.15	  0.098	1.00058	 -15.25	  -1.80	  0.331	1.00084			#	   2.39	  68.98	
    492	 -40.90	  -0.52	 -0.289	1.00499	 -36.20	   1.24	  0.434	1.00903			#	   3.37	  43.30	
    493	 -20.39	  -1.32	 -0.126	1.00324	 -22.62	  -0.65	  0.057	1.00565			#	   4.24	  57.61	
    494	 -15.64	  -1.83	  0.059	1.00107	 -14.48	  -1.48	  0.291	1.00048			#	   2.54	  66.02	
    495	 -17.19	  -0.10	  0.103	1.00196	 -17.87	  -0.59	  0.321	1.00293			#	   3.13	  64.89	
    496	 -10.07	   3.47	  0.341	1.00086	 -11.31	   2.93	  0.443	0.99929			#	   2.34	  66.25	
    497	 -12.56	   2.40	  0.258	1.00081	 -10.83	   3.87	  0.477	0.99941			#	   2.44	  69.32	
    498	 -11.57	  -0.45	  0.352	1.00083	 -13.76	   0.05	  0.465	1.00052			#	   1.92	  70.34	
    499	  -7.53	  -0.90	  0.433	1.00048	  -7.25	  -0.40	  0.570	1.00019			#	   1.68	  72.05	
    500	 -11.53	   0.19	  0.302	1.00065	 -10.55	  -0.87	  0.491	0.99986			#	   2.40	  71.02	
    501	  -9.57	   3.42	  0.335	1.00056	 -10.62	   2.77	  0.462	0.99874			#	   2.99	  74.20	
    502	 -11.48	   4.66	  0.186	1.00024	  -9.31	   5.03	  0.441	0.99828			#	   4.01	  73.07	
    503	 -15.58	   4.48	 -0.013	1.00027	 -14.64	   4.67	  0.249	0.99846			#	   4.37	  70.68	
    504	 -11.17	   1.51	  0.121	1.00018	 -13.52	   2.97	  0.231	0.99911			#	   1.98	  74.32	
    505	  -6.80	   0.25	  0.204	1.00031	  -6.69	   0.26	  0.318	1.00010			#	   1.18	  74.66	
    506	 -10.82	  -0.34	  0.011	1.00033	  -8.71	  -0.38	  0.239	1.00013			#	   2.14	  76.02	
    507	 -12.51	  -0.51	 -0.056	1.00058	 -13.18	   0.08	  0.128	1.00114			#	   2.79	  75.34	
    508	  -8.89	  -1.04	 -0.011	1.00028	  -9.17	  -0.75	  0.111	1.00032			#	   1.50	  76.25	
    509	 -10.88	  -2.73	 -0.112	1.00018	  -9.82	  -2.65	  0.062	1.00033			#	   3.51	  72.27	
    510	 -11.42	  -2.94	 -0.089	1.00030	 -12.16	  -2.54	  0.056	1.00103			#	   2.81	  75.11	
    511	  -8.71	  -1.81	 -0.026	1.00039	  -9.33	  -2.30	  0.069	1.00079			#	   1.84	  76.59	
    512	  -8.84	  -1.37	 -0.042	1.00035	  -7.71	  -1.80	  0.096	1.00046			#	   1.94	  75.23	
    513	 -10.80	   0.65	 -0.047	1.00012	 -11.36	   0.56	  0.097	0.99996			#	   3.06	  74.32	
    514	  -6.86	   0.12	  0.045	0.99994	  -7.16	   0.13	  0.124	0.99950			#	   0.95	  76.36	
    515	  -9.94	   0.51	 -0.030	0.99997	  -8.67	   0.27	  0.145	0.99924			#	   2.12	  75.80	
    516	  -8.51	   1.90	  0.051	1.00022	  -9.74	   1.80	  0.128	0.99989			#	   2.17	  73.30	
    517	 -16.14	   3.53	  0.131	0.99998	 -14.90	   3.38	  0.405	0.99847			#	   6.10	  70.34	
    518	 -11.30	   0.99	 -0.067	0.99998	 -10.16	   2.21	  0.128	0.99957			#	   1.61	  71.36	
    519	  -9.95	  -0.27	 -0.017	1.00026	 -11.45	  -0.40	  0.081	1.00041			#	   2.16	  77.16	
    520	  -6.18	  -0.30	  0.150	1.00015	  -6.63	  -0.42	  0.205	0.99997			#	   0.89	  76.36	
    521	  -7.17	   1.99	  0.143	1.00019	  -6.31	   1.17	  0.284	0.99940			#	   1.09	  75.34	
    522	 -10.63	   2.03	 -0.032	1.00001	  -9.30	   2.92	  0.188	0.99944			#	   2.31	  73.75	
    523	 -11.76	  -0.14	 -0.099	1.00012	 -12.05	   0.57	  0.065	1.00057			#	   3.21	  76.25	
    524	  -8.70	  -1.33	 -0.023	0.99991	  -8.80	  -1.62	  0.084	0.99997			#	   1.59	  72.27	
    525	 -12.29	  -0.73	 -0.111	0.99998	 -10.40	  -0.15	  0.105	1.00047			#	   3.12	  74.20	
    526	 -12.93	  -1.43	 -0.059	1.00021	 -14.06	  -2.61	  0.066	1.00063			#	   3.52	  71.14	
    527	 -11.50	   1.87	 -0.000	1.00008	 -10.33	   2.09	  0.200	0.99984			#	   2.44	  71.14	
    528	 -15.03	  -0.29	 -0.171	1.00031	 -14.02	   0.35	  0.065	1.00087			#	   4.13	  75.57	
    529	 -13.75	  -3.09	 -0.070	1.00010	 -14.97	  -2.06	  0.066	1.00090			#	   3.46	  68.64	
    530	 -10.84	  -3.30	  0.090	1.00017	 -11.04	  -3.92	  0.202	1.00094			#	   2.87	  73.98	
    531	 -13.04	  -1.32	  0.076	1.00002	 -11.37	  -1.70	  0.277	1.00031			#	   3.36	  72.16	
    532	 -15.59	  -3.05	  0.052	0.99978	 -15.92	  -2.34	  0.263	1.00025			#	   4.55	  72.39	
    533	 -10.78	  -3.48	  0.232	1.00000	 -12.36	  -4.37	  0.301	1.00023			#	   2.25	  69.77	
    534	 -10.43	  -0.20	  0.339	0.99990	  -9.21	  -1.30	  0.495	0.99965			#	   2.11	  69.89	
    535	 -14.64	   1.39	  0.222	0.99959	 -13.21	   1.09	  0.471	0.99803			#	   3.90	  69.77	
    536	 -18.81	  -0.34	  0.054	0.99888	 -16.95	   0.59	  0.356	0.99752			#	   4.31	  67.27	
    537	 -14.13	  -3.85	  0.296	0.99970	 -18.53	  -3.48	  0.359	1.00069			#	   3.50	  67.05	
    538	  -5.55	  -2.80	  0.530	0.99997	  -4.98	  -3.66	  0.607	1.00025			#	   1.42	  69.09	
    539	 -12.82	  -1.96	  0.220	0.99988	 -11.00	  -2.15	  0.498	1.00030			#	   2.21	  67.95	
    540	 -14.30	  -1.90	  0.121	0.99986	 -14.37	  -2.05	  0.344	1.00014			#	   3.04	  70.57	
    541	 -16.77	  -0.69	 -0.031	0.99955	 -15.40	  -1.02	  0.253	0.99955			#	   3.24	  70.34	
    542	 -16.68	  -1.49	 -0.102	0.99961	 -17.08	  -1.21	  0.129	0.99994			#	   4.03	  68.98	
    543	 -15.13	  -0.66	 -0.054	0.99945	 -15.66	  -1.61	  0.129	0.99913			#	   2.63	  69.77	
    544	 -11.77	   1.01	  0.046	0.99944	 -12.39	   0.50	  0.172	0.99876			#	   1.87	  68.07	
    545	 -12.90	   0.29	  0.019	0.99953	 -11.90	   0.70	  0.226	0.99905			#	   1.91	  69.66	
    546	 -14.17	  -0.53	 -0.040	0.99971	 -13.79	  -0.69	  0.175	0.99951			#	   2.73	  68.41	
    547	 -10.86	  -2.06	  0.021	0.99953	 -12.45	  -1.20	  0.136	0.99957			#	   1.42	  71.02	
    548	 -11.00	  -1.66	  0.006	0.99977	  -9.09	  -2.55	  0.190	1.00023			#	   1.92	  70.45	
    549	 -13.21	  -0.92	 -0.064	0.99976	 -13.83	  -1.17	  0.103	0.99995			#	   2.98	  71.48	
    550	 -12.26	  -2.19	 -0.030	0.99963	 -11.76	  -1.38	  0.131	1.00017			#	   1.92	  71.25	
    551	  -9.99	  -2.85	  0.078	0.99994	 -11.55	  -3.45	  0.155	1.00114			#	   1.78	  71.14	
    552	  -7.10	  -1.56	  0.161	0.99990	  -6.02	  -1.88	  0.268	1.00054			#	   1.19	  70.11	
    553	 -14.53	  -2.40	 -0.042	0.99973	 -12.08	  -2.15	  0.236	1.00052			#	   3.06	  72.50	
    554	 -14.98	  -3.11	 -0.060	0.99999	 -16.13	  -3.07	  0.113	1.00171			#	   3.19	  69.55	
    555	 -12.31	  -3.66	 -0.011	0.99974	 -11.62	  -3.83	  0.153	1.00095			#	   2.43	  71.02	
    556	 -12.88	  -2.44	  0.018	0.99976	 -13.66	  -3.03	  0.156	1.00090			#	   2.19	  72.50	
    557	  -8.51	  -3.47	  0.143	0.99971	  -9.20	  -3.15	  0.232	1.00073			#	   1.51	  71.02	
    558	 -11.53	  -3.24	  0.089	0.99970	  -9.79	  -3.32	  0.273	1.00114			#	   2.28	  70.34	
    559	 -10.64	  -4.93	  0.161	0.99966	 -12.12	  -5.29	  0.264	1.00098			#	   2.04	  71.36	
    560	 -11.08	  -2.98	  0.105	0.99966	  -9.26	  -3.50	  0.309	1.00089			#	   2.14	  69.89	
    561	 -13.44	  -3.37	  0.057	0.99946	 -14.20	  -3.06	  0.205	1.00069			#	   3.27	  71.82	
    562	  -9.56	  -4.37	  0.210	0.99980	  -9.79	  -5.15	  0.299	1.00166			#	   1.77	  68.30	
    563	 -10.73	  -0.83	  0.128	0.99961	 -10.00	  -2.13	  0.332	1.00023			#	   1.92	  70.45	
    564	  -9.84	   0.41	  0.116	0.99942	 -10.95	  -0.03	  0.217	0.99912			#	   1.70	  70.45	
    565	  -9.23	   0.44	  0.118	0.99948	  -8.08	   0.33	  0.271	0.99933			#	   1.47	  69.66	
    566	  -9.20	  -0.22	  0.123	0.99944	 -10.61	  -0.28	  0.216	0.99944			#	   1.38	  70.57	
    567	  -6.97	  -0.03	  0.177	0.99946	  -6.11	  -0.34	  0.289	0.99943			#	   1.27	  70.68	
    568	  -9.38	   0.02	  0.062	0.99940	  -9.40	   0.33	  0.202	0.99940			#	   2.19	  71.70	
    569	 -11.47	  -1.96	  0.234	0.99919	 -11.87	  -3.16	  0.373	0.99964			#	   2.74	  69.66	
    570	  -5.67	   1.76	  0.115	0.99957	  -5.78	   1.42	  0.181	0.99906			#	   0.86	  69.77	
    571	  -6.35	   0.70	  0.067	0.99946	  -6.20	   1.13	  0.181	0.99923			#	   1.06	  68.41	
    572	  -6.16	  -0.20	  0.023	0.99954	  -5.86	  -0.06	  0.121	0.99960			#	   0.79	  70.68	
    573	  -7.37	   0.06	 -0.066	0.99960	  -6.80	  -0.65	  0.058	0.99950			#	   1.03	  71.82	
    574	  -5.91	   0.21	 -0.016	0.99963	  -6.73	   0.32	  0.042	0.99956			#	   0.81	  70.80	
    575	  -5.94	  -0.50	 -0.025	0.99962	  -4.93	   0.10	  0.094	0.99981			#	   1.51	  71.14	
    576	  -8.59	  -2.82	 -0.116	0.99968	  -7.87	  -2.55	  0.026	1.00089			#	   2.86	  67.27	
    577	  -6.56	  -4.44	 -0.062	0.99975	  -8.06	  -4.33	 -0.018	1.00130			#	   1.35	  68.75	
    578	  -5.89	  -4.06	 -0.031	0.99977	  -4.20	  -4.37	  0.079	1.00133			#	   1.74	  69.77	
    579	  -9.59	  -3.36	 -0.070	0.99976	  -9.84	  -3.79	  0.052	1.00114			#	   2.82	  67.73	
    580	  -4.30	  -3.42	  0.082	0.99991	  -5.52	  -3.54	  0.095	1.00136			#	   0.77	  68.75	
    581	  -5.24	  -0.92	  0.084	0.99977	  -4.37	  -2.11	  0.178	1.00055			#	   0.74	  67.50	
    582	  -4.88	  -0.31	  0.065	0.99960	  -5.37	   0.27	  0.143	1.00027			#	   0.63	  69.09	
    583	  -3.33	  -2.55	  0.136	0.99968	  -3.59	  -2.88	  0.150	1.00050			#	   0.62	  68.64	
    584	  -4.02	  -2.00	  0.213	0.99963	  -3.62	  -2.06	  0.266	1.00036			#	   0.79	  66.48	
    585	  -4.81	  -0.16	  0.171	0.99956	  -4.30	  -0.95	  0.268	1.00008			#	   1.32	  68.30	
    586	  -7.65	  -0.37	  0.071	0.99939	  -6.72	  -0.14	  0.182	0.99998			#	   2.59	  68.98	
    587	  -6.47	  -0.37	  0.162	0.99958	  -7.29	  -1.41	  0.206	1.00013			#	   1.38	  67.84	
    588	  -5.30	   2.32	  0.282	0.99957	  -5.56	   1.28	  0.346	0.99902			#	   1.94	  66.82	
    589	  -4.68	   3.75	  0.299	0.99942	  -4.46	   3.60	  0.373	0.99883			#	   2.13	  66.48	
    590	  -6.51	   1.55	  0.220	0.99925	  -5.80	   2.35	  0.334	0.99902			#	   1.90	  68.52	
    591	  -7.70	   1.05	  0.182	0.99930	  -6.67	   0.30	  0.304	0.99980			#	   2.35	  65.91	
    592	  -7.55	   1.10	  0.189	0.99924	  -8.40	   1.45	  0.277	0.99926			#	   2.03	  64.89	
    593	  -4.36	   0.60	  0.275	0.99941	  -3.68	   0.17	  0.328	0.99962			#	   1.16	  66.93	
    594	  -9.83	  -0.53	  0.118	0.99930	  -7.56	  -0.02	  0.349	0.99996			#	   3.30	  64.20	
    595	 -11.06	  -0.13	  0.018	0.99942	 -11.23	  -0.92	  0.196	1.00047			#	   2.04	  65.57	
    596	  -9.16	  -1.38	  0.012	0.99905	  -9.09	  -0.80	  0.137	1.00036			#	   1.74	  60.68	
    597	  -6.54	  -4.40	  0.135	0.99929	  -7.53	  -3.85	  0.197	1.00139			#	   1.62	  62.05	
    598	  -5.56	  -4.10	  0.207	0.99940	  -5.77	  -4.91	  0.290	1.00217			#	   1.80	  65.00	
    599	  -3.26	  -4.67	  0.201	0.99958	  -3.88	  -4.42	  0.244	1.00201			#	   1.33	  62.95	
    600	  -2.55	  -5.41	  0.202	0.99946	  -1.97	  -5.73	  0.235	1.00206			#	   1.53	  63.41	
    601	  -7.56	  -4.22	  0.095	0.99969	  -5.80	  -4.46	  0.251	1.00288			#	   2.64	  62.73	
    602	  -6.77	  -4.26	  0.134	0.99962	  -7.69	  -5.03	  0.185	1.00253			#	   1.68	  58.52	
    603	  -8.12	  -4.11	  0.125	0.99948	  -5.97	  -3.57	  0.288	1.00212			#	   3.11	  62.27	
    604	 -12.14	  -6.89	  0.046	0.99928	 -11.12	  -6.64	  0.207	1.00194			#	   3.88	  62.61	
    605	 -10.36	  -7.97	  0.228	0.99959	 -11.21	  -8.00	  0.300	1.00329			#	   2.58	  59.20	
    606	  -5.59	  -6.68	  0.420	0.99967	  -6.31	  -7.23	  0.450	1.00308			#	   2.29	  58.41	
    607	  -4.01	  -7.54	  0.508	0.99962	  -3.97	  -8.06	  0.550	1.00302			#	   2.48	  57.95	
    608	  -7.32	  -4.88	  0.335	0.99960	  -5.11	  -6.31	  0.544	1.00204			#	   2.23	  54.09	
    609	 -12.87	  -3.05	  0.028	0.99927	 -10.94	  -3.32	  0.308	1.00165			#	   2.66	  56.70	
    610	 -13.96	  -2.87	 -0.112	0.99951	 -13.74	  -3.94	  0.074	1.00219			#	   3.79	  54.20	
    611	 -11.69	   0.49	 -0.018	0.99921	 -11.51	  -0.74	  0.106	1.00006			#	   1.86	  57.84	
    612	 -10.63	   0.32	  0.089	0.99856	 -10.36	   0.58	  0.221	0.99767			#	   1.89	  57.27	
    613	 -10.03	  -0.93	  0.081	0.99907	  -8.01	  -0.65	  0.288	1.00016			#	   2.23	  56.59	
    614	 -16.31	  -2.34	 -0.186	0.99847	 -14.81	  -2.98	  0.085	1.00022			#	   4.22	  53.18	
    615	 -11.28	  -0.08	  0.020	0.99842	 -12.81	  -1.34	  0.076	0.99725			#	   1.69	  51.82	
    616	  -8.97	   1.82	  0.147	0.99911	  -7.52	   1.17	  0.289	0.99868			#	   2.11	  56.02	
    617	 -13.32	   3.91	  0.044	0.99947	 -11.59	   3.25	  0.275	1.00084			#	   3.76	  48.41	
    618	 -16.46	   3.07	 -0.012	0.99937	 -16.10	   4.64	  0.222	1.00252			#	   4.16	  49.20	
    619	 -11.39	  -5.19	  0.193	0.99933	 -13.75	  -3.54	  0.259	1.00298			#	   2.58	  51.14	
    620	  -8.81	  -6.94	  0.320	0.99976	  -7.84	  -7.34	  0.458	1.00486			#	   2.87	  49.66	
    621	 -10.72	  -6.00	  0.246	1.00024	 -11.55	  -7.01	  0.371	1.00427			#	   2.66	  50.00	
    622	  -4.23	  -4.69	  0.481	1.00015	  -5.93	  -4.19	  0.478	1.00366			#	   1.66	  53.86	
    623	  -7.97	  -6.82	  0.378	0.99953	  -4.26	  -6.58	  0.624	1.00313			#	   3.00	  47.95	
    624	 -12.92	  -7.29	  0.175	1.00041	 -14.20	  -8.01	  0.336	1.00561			#	   2.89	  48.75	
    625	  -4.46	  -5.90	  0.412	1.00018	  -6.78	  -6.08	  0.387	1.00406			#	   1.87	  47.84	
    626	  -0.55	  -3.59	  0.580	0.99975	  -1.93	  -7.04	  0.537	1.00080			#	   1.14	  50.68	
    627	  -3.14	   8.31	  0.386	0.99961	  -0.52	   6.19	  0.588	0.99807			#	   2.50	  49.77	
    628	  -9.89	  11.80	  0.023	0.99951	  -9.36	  11.50	  0.195	0.99709			#	   4.68	  48.98	
    629	  -7.01	  11.50	  0.039	0.99964	  -7.27	  11.85	  0.098	0.99784			#	   3.51	  48.07	
    630	  -6.50	  10.13	  0.091	0.99934	  -8.13	   9.58	  0.137	0.99633			#	   3.25	  44.32	
    631	  -3.08	  14.88	  0.173	0.99929	  -2.69	  14.01	  0.238	0.99445			#	   5.56	  52.39	
    632	  -7.61	  15.45	 -0.043	0.99916	  -5.96	  16.10	  0.110	0.99412			#	   5.37	  56.14	
    633	  -4.80	   9.81	  0.063	0.99921	  -6.91	  11.63	  0.033	0.99559			#	   2.17	  59.32	
    634	  -0.84	   6.35	  0.254	0.99939	  -1.35	   7.77	  0.278	0.99668			#	   1.27	  59.77	
    635	  -3.56	   4.49	  0.094	0.99952	  -2.13	   4.10	  0.194	0.99745			#	   0.94	  61.48	
    636	  -5.66	   9.59	  0.003	0.99972	  -5.69	   7.85	  0.056	0.99660			#	   3.00	  61.02	
    637	  -0.60	   9.00	  0.209	0.99952	  -3.19	  10.63	  0.143	0.99616			#	   2.40	  63.98	
    638	   0.77	   8.43	  0.240	0.99955	   3.23	   9.09	  0.263	0.99688			#	   2.70	  62.50	
    639	  -8.96	   6.47	 -0.083	0.99943	  -6.87	   4.83	  0.130	0.99649			#	   4.26	  57.95	
    640	  -2.32	  11.83	  0.129	0.99977	  -7.36	  11.02	  0.065	0.99548			#	   4.72	  63.86	
    641	   3.64	  11.47	  0.255	0.99957	   5.42	  13.32	  0.221	0.99563			#	   3.34	  64.89	
    642	  -5.43	   5.74	 -0.084	0.99952	  -2.67	   5.67	  0.105	0.99648			#	   1.85	  59.09	
    643	  -8.79	   7.98	 -0.269	0.99956	  -8.09	   8.19	 -0.103	0.99673			#	   4.00	  64.32	
    644	  -6.51	   7.94	 -0.195	0.99963	  -7.76	   7.32	 -0.174	0.99606			#	   2.32	  61.82	
    645	  -4.30	   7.81	 -0.076	0.99970	  -3.17	   7.91	  0.003	0.99648			#	   1.93	  58.98	
    646	  -9.01	   8.84	 -0.210	0.99967	  -7.47	   8.84	 -0.030	0.99681			#	   5.09	  62.50	
    647	  -9.34	   5.61	 -0.233	0.99970	  -9.50	   7.11	 -0.120	0.99773			#	   2.22	  64.09	
    648	  -6.54	   4.48	 -0.096	0.99991	  -6.97	   3.77	 -0.056	0.99816			#	   1.60	  65.68	
    649	  -5.27	   6.51	 -0.037	0.99991	  -5.18	   5.92	  0.054	0.99751			#	   1.80	  66.93	
    650	 -10.40	   7.43	 -0.245	0.99973	  -7.34	   7.62	 -0.009	0.99716			#	   3.91	  66.70	
    651	 -15.12	   6.00	 -0.375	0.99984	 -14.47	   6.46	 -0.154	0.99795			#	   4.51	  64.43	
    652	 -13.91	   5.11	 -0.313	1.00003	 -12.88	   5.04	 -0.125	0.99845			#	   4.89	  66.14	
    653	 -19.64	   5.60	 -0.426	1.00007	 -17.05	   5.83	 -0.078	0.99871			#	   7.02	  64.66	
    654	 -18.84	   2.84	 -0.384	0.99989	 -19.95	   4.06	 -0.177	0.99908			#	   5.82	  66.02	
    655	 -12.09	  -0.20	  0.005	1.00021	 -13.48	   0.05	  0.046	0.99999			#	   3.15	  65.91	
    656	 -11.17	   0.44	  0.182	1.00061	  -9.81	  -0.58	  0.353	0.99995			#	   2.45	  67.05	
    657	 -13.95	   3.80	  0.141	1.00017	 -13.50	   3.80	  0.377	0.99891			#	   3.23	  65.91	
    658	 -14.19	   2.62	  0.140	1.00009	 -12.29	   2.23	  0.339	0.99846			#	   3.96	  62.27	
    659	 -17.59	   2.07	  0.101	0.99992	 -16.58	   2.58	  0.373	0.99823			#	   4.84	  62.16	
    660	 -15.81	   2.00	  0.174	1.00002	 -15.35	   1.30	  0.395	0.99868			#	   4.86	  60.57	
    661	 -19.70	   2.42	  0.017	0.99983	 -16.18	   2.50	  0.393	0.99790			#	   6.67	  62.27	
    662	 -24.18	   0.73	 -0.115	0.99891	 -23.24	   0.74	  0.246	0.99677			#	   4.15	  59.09	
    663	 -17.33	   1.77	  0.126	0.99922	 -18.88	   0.10	  0.298	0.99671			#	   5.92	  60.34	
    664	 -13.15	   2.60	  0.248	1.00007	 -12.19	   3.30	  0.444	0.99863			#	   2.55	  62.84	
    665	 -17.28	   1.31	  0.172	0.99991	 -14.95	   1.05	  0.485	0.99893			#	   5.14	  63.18	
    666	 -20.45	   2.35	  0.053	0.99985	 -18.88	   1.87	  0.393	0.99870			#	   4.85	  60.23	
    667	 -18.60	   0.68	  0.140	1.00045	 -19.23	   1.41	  0.375	1.00060			#	   4.65	  61.93	
    668	 -19.15	   0.41	  0.152	1.00019	 -16.33	   0.97	  0.479	1.00164			#	   5.43	  60.45	
    669	 -21.04	  -1.84	  0.077	1.00089	 -21.53	  -1.16	  0.391	1.00354			#	   5.53	  60.57	
    670	 -15.40	  -3.30	  0.244	1.00084	 -15.50	  -3.19	  0.410	1.00288			#	   4.51	  61.70	
    671	 -16.25	  -4.00	  0.354	1.00049	 -15.53	  -3.48	  0.598	1.00253			#	   4.25	  65.11	
    672	 -15.42	  -1.34	  0.382	1.00074	 -14.85	  -2.94	  0.618	1.00192			#	   4.06	  62.84	
    673	 -18.53	  -0.81	  0.204	1.00037	 -15.71	   0.14	  0.549	1.00196			#	   5.08	  64.66	
    674	 -22.35	  -3.42	  0.050	1.00009	 -21.98	  -3.01	  0.429	1.00293			#	   5.48	  62.39	
    675	 -17.77	  -2.73	  0.107	1.00041	 -18.78	  -3.41	  0.345	1.00189			#	   4.10	  65.00	
    676	 -14.97	   0.69	  0.133	1.00026	 -13.96	  -0.86	  0.366	1.00014			#	   3.94	  64.66	
    677	 -17.15	   1.93	  0.041	0.99989	 -16.48	   2.47	  0.330	0.99954			#	   4.00	  66.36	
    678	 -14.10	   0.46	  0.147	1.00000	 -14.92	   0.25	  0.316	0.99971			#	   3.19	  65.34	
    679	 -13.98	   1.15	  0.136	0.99994	 -12.43	   1.13	  0.383	0.99965			#	   3.13	  66.70	
    680	 -17.84	  -0.65	 -0.029	0.99988	 -16.03	  -0.30	  0.303	1.00000			#	   4.72	  65.11	
    681	 -18.39	  -0.87	 -0.050	0.99997	 -18.60	  -1.03	  0.203	1.00011			#	   5.63	  66.82	
    682	 -15.24	  -1.03	  0.069	1.00010	 -15.61	  -0.79	  0.275	1.00038			#	   2.86	  66.82	
    683	 -16.98	  -2.43	 -0.011	1.00020	 -15.16	  -2.13	  0.303	1.00078			#	   5.01	  68.30	
    684	 -19.82	  -1.18	 -0.107	1.00002	 -19.60	  -1.84	  0.198	1.00037			#	   4.58	  67.73	
    685	 -13.25	  -1.49	  0.109	1.00010	 -15.55	  -1.43	  0.215	1.00045			#	   3.77	  66.02	
    686	 -10.41	  -1.89	  0.212	1.00003	  -9.35	  -1.80	  0.408	1.00032			#	   2.25	  68.98	
    687	 -16.63	  -0.25	  0.018	1.00002	 -14.32	  -1.38	  0.346	0.99996			#	   3.97	  66.02	
    688	 -18.01	   0.56	 -0.033	0.99993	 -18.43	   0.92	  0.236	0.99991			#	   5.54	  68.75	
    689	 -14.58	  -0.39	  0.034	0.99992	 -14.66	  -0.70	  0.246	0.99985			#	   3.07	  68.52	
    690	 -16.30	  -1.31	 -0.086	0.99983	 -14.96	  -0.68	  0.218	1.00019			#	   4.41	  67.95	
    691	 -18.69	  -1.83	 -0.151	0.99968	 -18.26	  -2.02	  0.128	0.99997			#	   5.71	  68.30	
    692	 -16.41	  -0.51	 -0.045	0.99987	 -16.30	  -1.79	  0.158	0.99962			#	   3.56	  65.11	
    693	 -15.79	   0.55	  0.013	0.99965	 -15.96	   1.34	  0.257	0.99964			#	   4.24	  68.18	
    694	 -12.96	  -1.02	  0.095	0.99996	 -13.15	  -1.99	  0.250	0.99986			#	   2.80	  68.98	
    695	 -14.23	  -0.08	  0.096	0.99980	 -13.25	   0.38	  0.335	0.99978			#	   3.44	  68.30	
    696	 -13.26	  -3.28	  0.161	0.99977	 -14.34	  -2.23	  0.328	1.00043			#	   3.31	  67.84	
    697	 -11.65	  -2.43	  0.183	1.00001	 -10.76	  -3.68	  0.371	1.00061			#	   2.52	  69.66	
    698	 -13.41	  -0.15	  0.077	0.99972	 -12.25	  -0.90	  0.310	0.99956			#	   3.50	  66.48	
    699	 -15.96	   0.16	 -0.013	0.99958	 -14.80	   0.76	  0.249	0.99944			#	   4.43	  70.23	
    700	 -14.87	  -0.97	  0.017	0.99949	 -15.44	  -1.63	  0.217	0.99944			#	   3.84	  67.27	
    701	 -14.66	  -0.20	  0.022	0.99953	 -13.65	   0.21	  0.260	0.99950			#	   4.58	  69.43	
    702	 -15.51	  -0.25	  0.021	0.99952	 -15.20	  -0.97	  0.233	0.99925			#	   3.56	  68.64	
    703	 -15.48	   0.10	 -0.013	0.99941	 -14.72	  -0.17	  0.239	0.99911			#	   4.64	  69.32	
    704	 -14.21	  -1.18	 -0.024	0.99934	 -14.60	  -0.56	  0.165	0.99940			#	   2.83	  70.11	
    705	 -15.01	   0.23	 -0.062	0.99960	 -12.96	  -1.01	  0.176	0.99910			#	   4.50	  68.86	
    706	 -16.27	   1.25	 -0.083	0.99943	 -16.43	   0.86	  0.142	0.99865			#	   4.29	  68.41	
    707	 -12.70	  -0.05	  0.025	0.99947	 -12.58	   0.59	  0.189	0.99929			#	   3.03	  67.95	
    708	 -14.28	  -0.86	  0.071	0.99965	 -13.95	  -0.52	  0.261	0.99995			#	   4.92	  69.09	
    709	 -11.47	  -3.93	  0.159	0.99963	 -11.49	  -3.45	  0.321	1.00047			#	   2.55	  70.68	
    710	 -15.23	  -2.78	 -0.017	0.99980	 -12.59	  -3.70	  0.264	1.00045			#	   5.20	  69.20	
    711	 -17.29	  -0.30	 -0.095	0.99915	 -17.49	  -1.26	  0.146	0.99923			#	   5.15	  66.93	
    712	 -10.01	   0.02	  0.173	0.99944	 -12.78	   0.37	  0.229	0.99894			#	   1.76	  68.86	
    713	  -5.79	  -0.07	  0.333	0.99987	  -3.93	  -1.16	  0.415	0.99961			#	   0.92	  68.75	
    714	 -13.34	   2.08	  0.135	0.99967	 -11.42	   2.15	  0.413	0.99873			#	   3.57	  67.16	
    715	 -13.40	   2.43	  0.069	0.99939	 -12.59	   1.71	  0.275	0.99770			#	   2.45	  66.82	
    716	 -13.21	   0.77	  0.112	0.99898	 -12.82	   1.87	  0.303	0.99780			#	   3.38	  65.80	
    717	 -14.76	  -1.51	  0.028	0.99903	 -11.46	  -1.71	  0.308	0.99795			#	   4.05	  63.07	
    718	 -18.72	  -2.18	 -0.064	0.99685	 -18.21	  -2.98	  0.195	0.99605			#	   7.22	  58.52	
    719	 -12.47	  -1.13	  0.156	0.99818	 -13.28	  -2.67	  0.262	0.99595			#	   2.14	  64.20	
    720	 -11.68	  -0.66	  0.125	0.99862	  -9.80	  -1.15	  0.355	0.99641			#	   2.23	  65.23	
    721	 -13.45	   1.62	  0.067	0.99812	 -11.71	   0.55	  0.281	0.99542			#	   3.05	  62.16	
    722	 -15.48	   0.19	 -0.004	0.99744	 -13.28	  -0.07	  0.256	0.99486			#	   3.92	  60.23	
    723	 -14.03	  -1.18	  0.043	0.99755	 -13.57	  -2.10	  0.231	0.99467			#	   2.86	  61.93	
    724	 -14.62	  -0.36	  0.009	0.99728	 -12.52	  -0.71	  0.288	0.99501			#	   4.15	  61.14	
    725	 -16.10	  -3.23	 -0.077	0.99699	 -13.95	  -3.61	  0.172	0.99487			#	   4.52	  61.59	
    726	 -16.44	  -2.48	 -0.100	0.99665	 -14.63	  -4.22	  0.146	0.99404			#	   5.08	  58.30	
    727	 -13.17	  -2.91	 -0.034	0.99695	 -13.59	  -3.03	  0.112	0.99431			#	   3.40	  60.91	
    728	  -8.44	  -2.56	  0.108	0.99866	  -7.50	  -4.17	  0.203	0.99647			#	   1.73	  64.32	
    729	 -10.38	   0.49	  0.071	0.99905	  -8.73	  -0.02	  0.279	0.99703			#	   2.01	  66.82	
    730	 -10.48	   0.68	  0.016	0.99932	 -10.11	   0.54	  0.176	0.99786			#	   2.28	  65.45	
    731	  -8.81	   1.24	  0.080	0.99980	  -9.00	   1.19	  0.183	0.99868			#	   1.59	  71.36	
    732	  -6.56	  -0.35	  0.137	0.99980	  -6.41	   1.12	  0.253	1.00009			#	   1.02	  71.70	
    733	 -10.67	  -1.61	 -0.107	0.99990	  -7.99	  -2.60	  0.126	1.00033			#	   3.06	  70.91	
    734	 -11.96	   0.09	 -0.128	0.99967	 -12.94	   0.55	  0.024	0.99993			#	   2.99	  68.64	
    735	  -7.91	  -1.23	 -0.018	0.99993	  -8.36	  -1.12	  0.073	1.00021			#	   1.51	  72.73	
    736	  -8.54	  -0.99	 -0.023	0.99984	  -8.01	  -0.99	  0.096	1.00032			#	   2.06	  71.14	
    737	  -9.31	  -2.74	 -0.063	0.99965	  -8.77	  -2.21	  0.111	1.00041			#	   2.35	  70.00	
    738	  -9.73	  -0.16	 -0.146	0.99991	  -9.43	  -1.23	 -0.008	1.00041			#	   2.28	  68.98	
    739	  -8.34	   1.07	 -0.061	0.99999	  -8.87	   1.13	  0.015	0.99986			#	   1.92	  68.41	
    740	  -6.34	   0.02	  0.025	0.99991	  -5.99	   0.85	  0.138	1.00040			#	   1.26	  67.61	
    741	 -10.67	  -0.62	 -0.186	0.99996	  -8.84	  -0.36	  0.034	1.00047			#	   3.19	  68.98	
    742	 -10.14	  -2.26	 -0.139	1.00004	 -11.14	  -1.63	 -0.047	1.00114			#	   2.63	  66.59	
    743	  -7.38	  -1.25	  0.030	1.00010	  -7.62	  -1.78	  0.079	1.00095			#	   1.46	  69.32	
    744	  -3.78	  -1.28	  0.173	1.00042	  -4.84	  -0.88	  0.186	1.00135			#	   0.58	  65.11	
    745	  -5.06	  -1.66	  0.108	1.00021	  -3.06	  -1.37	  0.255	1.00097			#	   0.83	  69.77	
    746	  -9.35	   0.37	 -0.050	1.00054	  -9.04	  -0.54	  0.101	1.00087			#	   2.23	  67.50	
    747	  -4.93	   0.67	  0.060	1.00030	  -6.45	   1.20	  0.078	1.00038			#	   0.70	  67.73	
    748	  -4.82	   2.15	  0.058	1.00041	  -3.06	   1.71	  0.157	1.00035			#	   0.88	  64.43	
    749	  -6.99	   3.08	  0.038	1.00020	  -7.28	   2.97	  0.120	0.99936			#	   1.62	  69.09	
    750	  -5.09	   4.04	  0.129	1.00050	  -4.91	   4.05	  0.186	0.99966			#	   1.41	  68.07	
    751	  -4.66	   4.41	  0.131	1.00032	  -4.56	   4.49	  0.208	0.99936			#	   1.48	  69.77	
    752	  -5.66	   4.94	  0.032	1.00053	  -4.55	   5.12	  0.149	0.99937			#	   2.37	  67.16	
    753	  -6.04	   5.76	  0.010	1.00056	  -6.01	   5.64	  0.079	0.99908			#	   2.59	  69.55	
    754	  -6.52	   7.05	 -0.011	1.00060	  -5.08	   7.09	  0.097	0.99915			#	   2.77	  69.20	
    755	  -9.86	   6.53	 -0.117	1.00093	  -8.17	   7.89	  0.061	1.00030			#	   3.74	  67.27	
    756	  -8.92	   3.70	 -0.146	1.00108	  -9.39	   4.43	 -0.046	1.00108			#	   2.35	  68.75	
    757	  -7.29	   2.85	 -0.062	1.00062	  -7.07	   4.10	  0.016	1.00041			#	   1.33	  69.09	
    758	  -5.89	   3.29	  0.017	1.00097	  -5.80	   2.37	  0.075	1.00077			#	   1.16	  70.57	
    759	  -6.16	   3.90	  0.002	1.00066	  -5.16	   5.13	  0.097	1.00031			#	   1.31	  70.80	
    760	  -8.27	   1.58	 -0.054	1.00117	  -7.06	   2.15	  0.071	1.00186			#	   1.67	  69.66	
    761	  -7.79	   3.10	 -0.035	1.00145	  -8.06	   3.00	  0.054	1.00227			#	   1.71	  68.86	
    762	  -5.04	   4.33	  0.019	1.00092	  -4.90	   4.06	  0.060	1.00048			#	   1.77	  70.68	
    763	  -6.67	   4.00	 -0.016	1.00059	  -5.37	   4.77	  0.107	0.99992			#	   2.30	  69.66	
    764	  -7.66	   5.30	 -0.032	1.00088	  -7.75	   5.11	  0.062	1.00034			#	   2.73	  71.25	
    765	  -6.38	   6.39	 -0.014	1.00064	  -5.49	   5.89	  0.073	0.99939			#	   2.24	  71.93	
    766	  -8.83	   7.91	 -0.078	1.00096	  -7.40	   8.51	  0.054	0.99992			#	   4.75	  69.20	
    767	  -9.51	   7.73	 -0.079	1.00097	  -9.01	   8.16	  0.036	1.00019			#	   2.91	  71.36	
    768	  -4.02	   6.84	  0.170	1.00076	  -7.48	   6.99	  0.138	0.99929			#	   1.89	  72.16	
    769	   7.33	   9.15	  0.522	1.00024	   5.00	   8.41	  0.337	0.99786			#	   4.34	  71.93	
    770	  -2.03	   3.23	  0.207	0.99986	   5.49	   8.06	  0.491	0.99917			#	   0.61	  72.39	
    771	 -16.77	  -2.23	 -0.172	1.00207	 -16.37	  -2.08	  0.067	1.00524			#	   4.94	  71.36	
    772	  -1.35	  -5.59	  0.323	1.00099	  -6.74	  -3.82	  0.198	1.00359			#	   0.89	  71.02	
    773	   2.02	  -5.15	  0.463	1.00080	   4.46	  -4.60	  0.529	1.00358			#	   1.40	  70.34	
    774	  -5.64	  -8.85	  0.177	1.00138	  -3.96	  -7.72	  0.383	1.00539			#	   2.41	  72.39	
    775	  -7.41	 -12.85	  0.040	1.00148	  -7.68	 -10.16	  0.221	1.00715			#	   4.82	  69.77	
    776	  -0.99	 -12.92	  0.140	1.00162	  -4.30	 -14.91	  0.080	1.00686			#	   3.08	  70.80	
    777	   6.75	 -12.24	  0.336	1.00058	   6.59	 -10.25	  0.262	1.00507			#	   4.37	  71.48	
    778	  -1.98	 -13.29	  0.033	1.00142	   1.48	 -14.29	  0.194	1.00688			#	   4.02	  71.70	
    779	  -5.70	 -14.37	 -0.116	1.00137	  -5.67	 -13.21	 -0.001	1.00692			#	   5.19	  72.95	
    780	  -5.63	  -9.15	 -0.090	1.00173	  -6.42	 -11.30	 -0.055	1.00630			#	   2.23	  72.50	
    781	   1.51	  -6.98	  0.136	1.00092	  -0.87	  -6.71	  0.047	1.00416			#	   1.28	  72.27	
    782	   2.22	 -10.70	  0.133	1.00045	   4.29	  -8.75	  0.195	1.00430			#	   2.86	  71.82	
    783	  -8.96	  -8.96	 -0.216	1.00174	  -6.27	 -10.71	 -0.016	1.00585			#	   2.99	  71.59	
    784	  -4.26	  -8.60	 -0.040	1.00115	  -8.39	  -7.00	 -0.081	1.00486			#	   2.02	  70.80	
    785	   2.71	  -8.56	  0.142	1.00061	   3.97	  -8.77	  0.112	1.00419			#	   2.22	  70.57	
    786	  -6.72	  -8.29	 -0.146	1.00132	  -4.54	  -9.15	  0.010	1.00452			#	   2.72	  71.82	
    787	  -3.29	  -5.39	 -0.000	1.00076	  -6.34	  -5.24	 -0.033	1.00318			#	   1.12	  72.05	
    788	   1.16	  -3.64	  0.123	1.00078	   1.12	  -4.90	  0.087	1.00254			#	   0.54	  73.98	
    789	  -2.50	  -1.25	  0.040	1.00095	  -1.35	  -2.09	  0.111	1.00148			#	   0.33	  77.95	
    790	  -5.34	   0.29	 -0.065	1.00107	  -5.49	   0.43	  0.028	1.00106			#	   0.80	  80.11	
    791	 -12.90	   1.66	 -0.243	1.00574	 -11.73	   1.78	 -0.043	1.00837			#	   3.92	  68.41	
    792	  -6.04	  -0.77	  0.019	1.00075	  -6.56	  -0.84	  0.075	1.00115			#	   0.61	  72.84	
    793	  -1.99	  -1.99	 -0.002	0.99685	  -1.95	  -1.10	 -0.006	0.99690			#	   0.35	  81.48	
    794	  -7.09	  -1.52	 -0.033	1.00076	  -5.35	  -0.23	  0.102	1.00154			#	   1.17	  72.95	
    795	 -11.45	  -2.45	 -0.163	1.00130	 -10.33	  -2.58	  0.007	1.00282			#	   2.80	  69.66	
    796	  -9.54	  -1.66	 -0.013	1.00119	 -10.95	  -0.59	  0.044	1.00270			#	   1.98	  71.25	
    797	  -5.05	  -1.90	  0.176	1.00098	  -4.72	  -2.63	  0.201	1.00193			#	   0.95	  72.61	
    798	 -10.87	  -0.84	  0.016	1.00116	  -8.43	  -0.05	  0.253	1.00214			#	   2.74	  71.93	
    799	 -11.39	  -1.31	 -0.028	1.00117	 -11.89	  -0.78	  0.106	1.00277			#	   2.78	  71.25	
    800	  -9.72	  -2.22	  0.045	1.00101	  -8.85	  -1.67	  0.166	1.00250			#	   2.43	  72.39	
    801	 -12.76	  -3.72	 -0.002	1.00131	 -10.96	  -2.68	  0.201	1.00351			#	   3.79	  71.02	
    802	 -12.82	  -5.73	  0.006	1.00116	 -13.38	  -4.92	  0.167	1.00387			#	   3.78	  72.50	
    803	 -12.26	  -4.14	  0.020	1.00125	 -10.72	  -4.74	  0.198	1.00343			#	   2.94	  72.95	
    804	 -12.54	  -2.72	  0.043	1.00114	 -13.32	  -2.93	  0.165	1.00281			#	   2.98	  71.25	
    805	 -10.90	  -2.09	  0.110	1.00093	  -9.14	  -2.11	  0.290	1.00218			#	   2.38	  72.84	
    806	 -16.07	  -0.14	 -0.022	1.00125	 -15.38	   0.09	  0.230	1.00268			#	   4.48	  71.02	
    807	 -13.10	  -1.40	  0.021	1.00087	 -12.87	  -0.85	  0.161	1.00174			#	   2.34	  72.73	
    808	 -16.61	  -0.23	 -0.034	1.00101	 -14.48	  -0.70	  0.215	1.00177			#	   4.43	  72.05	
    809	 -14.97	   0.90	  0.118	1.00089	 -16.46	   1.70	  0.242	1.00167			#	   3.33	  71.59	
    810	 -12.58	  -4.27	  0.193	1.00069	 -10.35	  -2.17	  0.417	1.00273			#	   3.13	  71.25	
    811	 -21.01	  -4.55	 -0.089	1.00163	 -18.72	  -5.12	  0.256	1.00534			#	   4.64	  67.95	
    812	 -14.08	  -3.43	  0.091	1.00093	 -17.30	  -3.28	  0.174	1.00312			#	   3.27	  70.45	
    813	 -10.19	  -1.74	  0.237	1.00060	  -8.94	  -2.29	  0.373	1.00172			#	   2.00	  72.50	
    814	 -12.59	  -0.90	  0.202	1.00050	 -12.28	  -1.38	  0.365	1.00085			#	   2.73	  71.70	
    815	 -10.99	   0.15	  0.204	1.00016	 -11.22	   0.95	  0.357	1.00021			#	   2.65	  72.05	
    816	 -12.20	  -0.66	  0.082	1.00019	 -10.61	  -0.89	  0.277	1.00073			#	   2.74	  71.36	
    817	 -14.63	  -0.91	  0.001	0.99989	 -14.21	  -1.28	  0.196	0.99970			#	   4.17	  71.70	
    818	 -11.84	   0.46	  0.142	0.99991	 -13.04	   0.45	  0.250	0.99959			#	   2.85	  72.50	
    819	  -8.49	  -0.14	  0.267	1.00011	  -8.69	   0.19	  0.349	1.00025			#	   1.62	  72.05	
    820	 -11.73	  -0.99	  0.140	1.00009	  -9.44	  -0.88	  0.354	1.00031			#	   3.30	  72.27	
    821	 -13.30	  -1.52	  0.114	1.00005	 -14.51	  -0.87	  0.267	1.00077			#	   3.63	  71.25	
    822	 -17.02	  -3.13	  0.338	1.00010	 -15.67	  -3.25	  0.580	1.00024			#	   5.81	  69.20	
    823	 -11.86	  -1.66	  0.044	1.00005	 -11.45	  -1.88	  0.231	1.00060			#	   2.39	  71.59	
    824	 -10.09	  -0.64	  0.041	1.00002	 -10.70	  -1.35	  0.171	1.00007			#	   1.85	  71.14	
    825	 -10.27	   0.68	 -0.021	0.99991	  -9.29	   0.70	  0.136	0.99949			#	   2.25	  71.02	
    826	 -10.95	   1.00	 -0.043	0.99993	 -10.39	   0.42	  0.108	0.99930			#	   2.57	  70.68	
    827	 -13.07	   1.07	 -0.099	0.99974	 -12.05	   1.91	  0.092	0.99921			#	   3.32	  70.80	
    828	 -12.40	  -1.44	 -0.093	0.99995	 -12.88	  -0.64	  0.039	1.00055			#	   3.53	  71.25	
    829	 -12.82	  -2.22	 -0.115	1.00012	 -11.36	  -3.03	  0.081	1.00083			#	   3.96	  68.98	
    830	 -14.05	  -0.23	 -0.119	0.99992	 -14.30	   0.05	  0.045	1.00021			#	   5.17	  71.25	
    831	 -11.26	  -2.20	 -0.022	1.00014	 -11.08	  -2.08	  0.096	1.00102			#	   2.26	  70.23	
    832	 -13.53	  -1.96	 -0.061	1.00024	 -12.48	  -2.44	  0.150	1.00117			#	   4.21	  71.02	
    833	 -12.69	  -1.33	 -0.014	1.00011	 -13.84	  -0.59	  0.104	1.00101			#	   3.01	  70.23	
    834	 -11.14	  -2.25	  0.035	1.00029	  -9.37	  -2.50	  0.180	1.00152			#	   2.70	  70.11	
    835	 -15.32	  -1.61	 -0.020	1.00009	 -15.63	  -1.84	  0.172	1.00129			#	   5.12	  69.66	
    836	  -7.82	  -0.82	  0.239	1.00017	  -9.96	  -1.08	  0.251	1.00085			#	   1.09	  70.23	
    837	  -9.84	   0.50	  0.155	1.00010	  -6.91	  -0.10	  0.382	1.00059			#	   2.10	  68.64	
    838	 -14.49	  -0.21	 -0.030	0.99969	 -14.26	   0.13	  0.175	1.00018			#	   4.16	  68.98	
    839	 -12.42	  -0.19	  0.072	0.99979	 -13.11	  -0.46	  0.176	1.00007			#	   2.49	  67.95	
    840	 -10.21	   1.10	  0.177	0.99986	  -9.57	   0.40	  0.301	0.99991			#	   2.31	  68.18	
    841	 -14.17	   0.87	  0.099	0.99971	 -12.64	   1.51	  0.308	0.99982			#	   4.20	  69.20	
    842	 -13.92	  -1.01	  0.140	0.99971	 -14.93	  -1.12	  0.283	1.00017			#	   3.61	  67.95	
    843	  -8.89	  -0.34	  0.266	0.99993	  -9.85	  -0.56	  0.360	1.00061			#	   1.82	  66.93	
    844	  -9.99	  -1.47	  0.198	0.99961	  -8.20	  -1.11	  0.368	1.00034			#	   2.74	  66.25	
    845	 -15.52	  -0.93	  0.023	0.99967	 -15.02	  -2.15	  0.258	0.99988			#	   5.03	  66.82	
    846	  -9.22	  -0.19	  0.211	0.99969	 -12.58	   0.32	  0.242	0.99992			#	   1.52	  65.11	
    847	  -5.02	  -0.01	  0.283	0.99975	  -4.14	  -0.61	  0.356	0.99983			#	   0.87	  65.11	
    848	  -8.61	   0.78	  0.101	0.99967	  -7.54	  -0.73	  0.247	0.99886			#	   1.95	  66.48	
    849	 -12.28	   1.48	  0.076	0.99934	 -12.58	   3.98	  0.273	0.99916			#	   3.00	  66.48	
    850	  -8.92	   2.87	  0.165	0.99990	  -9.42	   0.17	  0.183	0.99984			#	   2.24	  64.66	
    851	  -3.25	  -3.09	  0.243	0.99943	  -4.65	  -1.37	  0.241	0.99941			#	   0.94	  68.30	
    852	  -5.89	   0.31	  0.205	0.99957	  -3.45	   1.47	  0.361	1.00089			#	   1.36	  67.39	
    853	  -9.35	  -3.00	  0.098	0.99990	 -10.44	  -4.83	  0.157	1.00088			#	   2.68	  65.00	
    854	  -4.34	  -2.48	  0.192	0.99956	  -3.95	  -2.25	  0.245	0.99980			#	   0.89	  67.39	
    855	  -4.90	  -0.79	  0.234	0.99967	  -7.07	   0.08	  0.270	1.00052			#	   1.07	  67.05	
    856	   6.16	  -2.73	  0.526	0.99988	   4.60	  -2.98	  0.341	1.00125			#	   2.86	  65.57	
    857	  -5.74	  -5.41	  0.029	0.99976	   1.51	  -5.89	  0.343	1.00130			#	   2.41	  63.30	
    858	 -16.41	  -1.16	 -0.210	0.99956	 -18.78	  -2.11	 -0.014	0.99953			#	   7.03	  65.00	
    859	   4.84	   3.73	  0.417	0.99992	  -2.52	   2.01	  0.086	0.99928			#	   1.38	  65.91	
    860	   6.46	  -1.57	  0.381	0.99963	  12.27	   0.96	  0.469	1.00043			#	   1.61	  66.48	
    861	 -13.89	  -1.84	 -0.215	0.99995	  -9.05	  -2.97	  0.126	1.00058			#	   3.58	  65.11	
    862	 -13.77	  -0.62	 -0.245	0.99929	 -17.11	  -1.93	 -0.181	0.99831			#	   3.51	  63.64	
    863	  -1.96	   0.48	  0.165	0.99954	  -3.54	   2.81	  0.102	0.99992			#	   0.33	  64.66	
    864	  -6.05	  -2.99	  0.048	0.99985	  -2.72	  -4.30	  0.188	1.00048			#	   1.15	  64.09	
    865	 -14.36	  -1.04	 -0.250	0.99959	 -11.77	  -1.55	  0.022	0.99875			#	   4.01	  62.73	
    866	 -13.58	  -0.09	 -0.155	0.99957	 -16.55	   0.43	 -0.053	0.99912			#	   2.95	  64.09	
    867	  -8.71	  -2.80	 -0.054	0.99942	  -6.58	  -2.74	  0.072	0.99934			#	   1.95	  64.09	
    868	 -15.14	  -1.79	 -0.153	0.99914	 -15.01	  -2.84	  0.012	0.99806			#	   4.41	  59.89	
    869	  -4.77	   1.46	  0.242	0.99927	  -7.46	   0.18	  0.141	0.99796			#	   0.62	  63.18	
    870	  -9.96	   1.81	  0.115	0.99922	  -4.07	   2.41	  0.379	0.99826			#	   2.58	  62.61	
    871	 -21.14	   2.41	 -0.180	0.99635	 -20.66	   0.03	  0.065	0.99187			#	   4.93	  54.09	
    872	  -6.18	   3.28	  0.346	0.99855	 -11.64	   3.90	  0.212	0.99591			#	   1.17	  61.36	
    873	  -3.18	   3.77	  0.451	0.99921	  -0.18	   2.23	  0.529	0.99756			#	   0.98	  64.09	
    874	  -9.26	   2.96	  0.326	0.99873	  -8.53	   4.27	  0.467	0.99691			#	   1.88	  61.93	
    875	 -10.95	   3.41	  0.233	0.99910	 -10.33	   2.44	  0.380	0.99753			#	   2.54	  62.16	
    876	  -7.73	   1.75	  0.282	0.99872	  -9.06	   2.25	  0.337	0.99705			#	   1.20	  61.48	
    877	  -8.73	   1.13	  0.263	0.99883	  -6.18	   1.23	  0.405	0.99809			#	   1.95	  60.91	
    878	 -13.02	  -0.63	  0.184	0.99890	 -13.40	  -0.96	  0.349	0.99819			#	   3.62	  60.23	
    879	  -8.91	   2.02	  0.231	0.99877	  -9.31	   0.58	  0.323	0.99749			#	   1.67	  61.48	
    880	  -9.29	   1.13	  0.201	0.99878	  -8.74	   2.36	  0.344	0.99792			#	   1.94	  63.30	
    881	 -11.75	  -0.44	  0.056	0.99902	 -10.24	  -1.30	  0.251	0.99910			#	   2.60	  63.07	
    882	 -11.76	   0.39	  0.020	0.99880	 -13.17	   0.34	  0.138	0.99789			#	   3.02	  61.36	
    883	  -5.91	   0.36	  0.182	0.99903	  -6.56	  -0.31	  0.222	0.99849			#	   0.79	  62.27	
    884	  -8.56	   1.52	  0.095	0.99924	  -7.07	   1.64	  0.255	0.99938			#	   1.65	  63.52	
    885	 -11.52	   0.15	  0.047	0.99901	 -11.24	  -0.50	  0.187	0.99845			#	   3.04	  61.93	
    886	  -6.75	   0.40	  0.244	0.99916	  -8.85	   0.75	  0.263	0.99891			#	   1.15	  61.70	
    887	  -6.24	   0.32	  0.222	0.99933	  -4.18	  -0.51	  0.363	0.99959			#	   1.04	  62.95	
    888	 -10.74	   2.36	  0.064	0.99937	 -11.23	   1.58	  0.206	0.99873			#	   2.69	  64.20	
    889	  -3.41	   2.90	  0.281	0.99930	  -5.80	   2.90	  0.237	0.99804			#	   0.80	  64.32	
    890	 -11.15	   7.07	  0.317	1.00154	  -8.41	   5.88	  0.610	1.00000			#	   5.06	  64.32	
    891	  -3.99	   3.14	  0.158	0.99940	  -6.73	   2.55	  0.142	0.99816			#	   0.58	  65.23	
    892	  -2.90	   3.39	  0.164	0.99930	  -1.03	   3.31	  0.249	0.99781			#	   0.60	  66.59	
    893	  -6.17	   4.21	  0.104	0.99936	  -6.30	   3.87	  0.188	0.99785			#	   1.37	  65.91	
    894	  -4.60	   3.86	  0.118	0.99936	  -4.47	   3.52	  0.205	0.99762			#	   0.87	  66.14	
    895	  -5.23	   4.85	  0.028	0.99941	  -5.31	   4.89	  0.112	0.99766			#	   1.18	  69.32	
    896	  -3.92	   4.00	  0.108	0.99938	  -4.36	   4.02	  0.130	0.99749			#	   1.42	  67.73	
    897	  -3.77	   2.93	  0.131	0.99942	  -2.88	   3.46	  0.196	0.99805			#	   1.06	  67.50	
    898	  -7.92	   2.56	 -0.017	0.99968	  -6.94	   2.51	  0.132	0.99876			#	   2.54	  66.70	
    899	  -5.79	   0.61	  0.016	0.99970	  -6.51	   1.15	  0.087	0.99948			#	   0.98	  66.48	
    900	  -8.72	   0.34	 -0.127	0.99980	  -7.83	   0.28	  0.045	0.99970			#	   2.47	  70.34	
    901	  -6.69	   0.19	 -0.061	1.00002	  -8.68	   0.30	 -0.050	1.00036			#	   1.37	  70.45	
    902	  -0.72	  -1.04	  0.146	0.99977	  -1.59	  -0.96	  0.117	0.99971			#	   0.17	  72.50	
    903	  -4.78	   0.40	 -0.010	0.99992	  -2.46	  -0.16	  0.140	0.99966			#	   0.87	  68.30	
    904	  -9.12	   1.40	 -0.172	1.00000	  -8.99	   1.59	 -0.022	0.99965			#	   2.89	  68.86	
    905	  -3.33	   0.20	 -0.052	1.00014	  -6.02	  -0.11	 -0.063	0.99994			#	   0.47	  72.16	
    906	  -1.98	   1.22	 -0.058	1.00002	  -1.42	   0.60	  0.037	0.99963			#	   0.24	  75.57	
    907	  -5.17	   3.56	 -0.192	0.99997	  -4.69	   3.30	 -0.071	0.99892			#	   1.55	  78.18	
    908	  -7.98	   1.76	 -0.361	1.00003	  -7.15	   2.00	 -0.189	0.99923			#	   2.29	  77.95	
    909	  -8.92	  -0.76	 -0.370	1.00010	 -10.31	   0.32	 -0.263	1.00018			#	   2.70	  78.75	
    910	  -5.37	  -1.39	 -0.211	1.00018	  -6.11	  -2.16	 -0.177	1.00068			#	   1.22	  78.07	
    911	  -6.22	  -0.86	 -0.197	1.00032	  -6.10	  -1.46	 -0.089	1.00020			#	   1.34	  77.95	
    912	  -8.46	  -1.36	 -0.153	1.00023	  -9.00	  -0.02	 -0.035	1.00094			#	   2.45	  71.25	
    913	  -3.97	  -0.21	  0.005	1.00045	  -5.20	  -1.73	 -0.021	1.00069			#	   0.52	  69.09	
    914	  -2.60	  -1.17	  0.084	0.99992	  -1.73	  -0.18	  0.117	0.99991			#	   0.37	  69.55	
    915	  -7.91	  -0.37	 -0.037	1.00026	  -6.11	  -0.58	  0.122	1.00070			#	   2.33	  68.07	
    916	  -8.24	   0.45	 -0.092	1.00019	  -9.02	  -0.10	  0.000	0.99991			#	   1.82	  69.32	
    917	  -8.22	  -0.38	 -0.123	1.00021	  -7.18	   0.45	  0.007	1.00066			#	   2.51	  68.41	
    918	  -8.39	  -1.05	 -0.045	1.00009	  -9.41	  -0.97	  0.019	0.99988			#	   2.34	  68.86	
    919	  -6.19	   0.39	  0.032	1.00016	  -5.35	  -0.62	  0.097	0.99983			#	   1.54	  68.30	
    920	  -9.47	   1.35	 -0.016	1.00020	  -8.58	   1.79	  0.106	1.00018			#	   3.43	  66.48	
    921	  -7.89	   1.18	  0.092	0.99997	  -8.99	   0.60	  0.145	0.99902			#	   1.76	  66.93	
    922	  -5.89	   1.72	  0.233	0.99989	  -5.23	   2.32	  0.287	0.99915			#	   1.55	  67.84	
    923	  -7.38	   1.87	  0.195	1.00000	  -7.29	   0.91	  0.309	0.99896			#	   2.02	  69.09	
    924	  -5.08	   2.60	  0.249	0.99983	  -5.99	   2.82	  0.268	0.99848			#	   1.50	  67.39	
    925	  -3.80	   3.42	  0.298	0.99997	  -3.28	   3.68	  0.349	0.99912			#	   1.55	  66.82	
    926	  -7.92	   2.20	  0.084	0.99988	  -6.10	   1.61	  0.253	0.99887			#	   2.86	  72.73	
    927	  -7.76	   2.36	  0.087	0.99966	  -9.04	   3.15	  0.172	0.99834			#	   2.44	  68.98	
    928	  -5.64	   3.04	  0.121	0.99980	  -4.76	   2.35	  0.181	0.99855			#	   1.85	  69.77	
    929	  -7.89	   1.71	  0.076	0.99971	  -7.18	   1.89	  0.197	0.99868			#	   2.99	  67.73	
    930	  -8.05	   2.64	  0.071	0.99967	  -7.78	   2.61	  0.190	0.99852			#	   2.72	  71.14	
    931	  -6.47	   1.97	  0.100	0.99990	  -6.95	   2.23	  0.164	0.99933			#	   1.70	  73.41	
    932	  -7.14	   0.05	  0.043	0.99967	  -6.12	   0.50	  0.164	0.99911			#	   1.77	  73.75	
    933	  -7.25	   0.76	  0.021	0.99993	  -7.84	   0.19	  0.151	0.99957			#	   2.40	  73.30	
    934	  -8.68	   4.65	 -0.129	0.99983	  -6.25	   4.09	  0.020	0.99892			#	   3.58	  72.95	
    935	  -6.88	   0.76	 -0.056	0.99986	 -10.48	   1.66	 -0.064	0.99940			#	   1.57	  73.41	
    936	   2.95	   0.98	  0.196	1.00021	   2.13	   1.18	  0.161	1.00034			#	   0.47	  80.23	
    937	  -8.12	  -2.02	 -0.125	0.99983	  -3.17	  -1.93	  0.117	1.00018			#	   1.95	  67.27	
    938	 -10.34	  -2.25	 -0.116	0.99976	 -13.83	  -1.86	 -0.056	1.00038			#	   3.98	  68.30	
    939	   0.15	   0.14	  0.140	1.00044	  -1.17	  -1.34	  0.084	1.00038			#	   0.09	  78.30	
