      1	  -1.73	   0.77	 -0.004	0.99998							#	   0.05	  77.93	
      2	  -1.63	   0.73	 -0.003	1.00001							#	   0.17	  78.13	
      3	  -1.61	   0.83	 -0.001	0.99998							#	   0.17	  78.89	
      4	  -1.52	   0.93	 -0.003	0.99997							#	   0.17	  78.59	
      5	  -1.34	   0.86	 -0.002	0.99999							#	   0.14	  78.94	
      6	  -1.32	   0.86	 -0.001	1.00001							#	   0.14	  80.20	
      7	  -1.43	   0.88	 -0.002	0.99998							#	   0.14	  79.60	
      8	  -1.36	   0.91	 -0.001	1.00000							#	   0.13	  80.20	
      9	  -1.40	   0.81	 -0.002	0.99998							#	   0.13	  80.45	
     10	  -1.03	   0.65	 -0.001	1.00001							#	   0.08	  80.45	
     11	  -1.32	   0.78	 -0.001	1.00000							#	   0.11	  80.40	
     12	  -1.12	   0.73	 -0.002	1.00001							#	   0.10	  79.75	
     13	  -1.09	   0.76	 -0.003	1.00001							#	   0.09	  81.01	
     14	  -1.09	   0.84	 -0.002	0.99999							#	   0.10	  81.77	
     15	  -1.10	   0.83	 -0.004	0.99999							#	   0.10	  80.91	
     16	  -0.93	   0.88	 -0.003	1.00002							#	   0.10	  81.41	
     17	  -0.85	   0.87	 -0.002	0.99998							#	   0.08	  81.57	
     18	  -0.89	   0.96	 -0.006	1.00001							#	   0.10	  82.07	
     19	  -0.63	   0.85	 -0.003	1.00001							#	   0.08	  80.15	
     20	  -0.72	   0.88	 -0.004	1.00001							#	   0.09	  81.46	
     21	  -0.74	   0.80	 -0.004	0.99998							#	   0.08	  80.81	
     22	  -0.60	   0.91	 -0.004	1.00003							#	   0.08	  80.66	
     23	  -0.61	   0.78	 -0.005	1.00005							#	   0.08	  80.56	
     24	  -0.71	   0.63	 -0.002	1.00000							#	   0.07	  80.81	
     25	  -0.33	   0.63	 -0.002	0.99998							#	   0.06	  81.01	
     26	  -0.45	   0.74	 -0.004	1.00000							#	   0.07	  80.91	
     27	  -0.56	   0.64	 -0.002	0.99996							#	   0.07	  80.76	
     28	  -0.35	   0.61	 -0.004	1.00000							#	   0.06	  81.36	
     29	  -0.58	   0.70	 -0.001	1.00001							#	   0.11	  80.30	
     30	  -0.43	   0.42	 -0.003	0.99994							#	   0.05	  81.67	
     31	  -0.79	   0.64	  0.002	1.00002							#	   0.17	  79.44	
     32	  -0.32	   0.41	 -0.003	1.00002							#	   0.05	  81.01	
     33	  -0.14	   0.41	 -0.003	0.99996							#	   0.06	  81.41	
     34	  -0.40	   0.35	 -0.002	1.00000							#	   0.07	  80.71	
     35	  -0.54	   0.30	  0.000	0.99998							#	   0.45	  78.99	
     36	  -0.27	   0.29	 -0.002	0.99996							#	   0.17	  81.11	
     37	  -0.17	   0.24	 -0.001	0.99996							#	   0.18	  81.46	
     38	  -0.24	   0.21	 -0.000	0.99996							#	   0.22	  81.16	
     39	  -0.13	   0.14	  0.001	1.00000							#	   0.27	  81.31	
     40	  -0.03	   0.12	 -0.000	0.99999							#	   0.22	  81.46	
     41	   0.02	   0.05	 -0.000	1.00001							#	   0.18	  82.68	
     42	   0.05	   0.15	 -0.000	1.00000							#	   0.19	  81.52	
     43	   0.15	   0.12	  0.000	1.00001							#	   0.24	  81.92	
     44	   0.10	   0.12	  0.001	0.99999							#	   0.23	  82.47	
     45	   0.18	   0.05	  0.001	1.00002							#	   0.21	  81.82	
     46	   0.25	   0.02	 -0.001	0.99999							#	   0.24	  81.41	
     47	   0.16	   0.14	  0.002	0.99996							#	   0.30	  81.26	
     48	   0.00	   0.02	  0.000	0.99999							#	   0.31	  82.93	
     49	   0.52	   0.08	  0.003	0.99997							#	   0.32	  80.40	
     50	   0.36	   0.05	 -0.000	1.00000							#	   0.34	  80.45	
     51	   0.35	   0.05	  0.003	1.00002							#	   0.40	  81.11	
     52	   0.41	  -0.07	  0.000	1.00002							#	   0.40	  80.91	
     53	   0.42	  -0.12	  0.001	1.00002							#	   0.54	  81.01	
     54	   0.48	  -0.07	  0.002	1.00001							#	   0.64	  81.11	
     55	   0.46	  -0.13	  0.002	1.00001							#	   0.45	  81.16	
     56	   0.56	  -0.16	  0.003	0.99999							#	   0.68	  80.15	
     57	   0.74	  -0.26	  0.002	0.99998							#	   0.66	  80.20	
     58	   0.51	  -0.28	  0.003	0.99999							#	   0.85	  79.49	
     59	   0.76	  -0.34	  0.002	0.99997							#	   0.67	  79.04	
     60	   0.89	  -0.25	  0.003	1.00000							#	   0.86	  75.05	
     61	   0.95	  -0.22	  0.002	1.00001							#	   0.52	  78.64	
     62	   0.92	  -0.24	  0.003	1.00000							#	   0.55	  79.65	
     63	   0.94	  -0.24	  0.003	1.00000							#	   0.36	  80.40	
     64	   1.04	  -0.29	  0.003	1.00002							#	   0.62	  80.51	
     65	   1.16	  -0.39	  0.003	1.00004							#	   0.52	  79.44	
     66	   1.22	  -0.28	  0.003	1.00001							#	   0.71	  80.25	
     67	   1.38	  -0.40	  0.003	0.99999							#	   0.79	  80.35	
     68	   1.38	  -0.50	  0.004	1.00004							#	   0.61	  78.94	
     69	   1.28	  -0.48	  0.002	1.00001							#	   0.53	  78.89	
     70	   1.56	  -0.44	  0.003	0.99999							#	   0.47	  78.48	
     71	   1.56	  -0.51	  0.004	0.99996							#	   0.42	  78.28	
     72	   1.55	  -0.53	  0.005	0.99997							#	   0.47	  78.38	
     73	   1.70	  -0.65	  0.005	1.00000							#	   0.42	  78.23	
     74	   1.77	  -0.57	  0.005	0.99997							#	   0.42	  78.48	
     75	   1.81	  -0.49	  0.003	0.99996							#	   0.44	  78.18	
     76	   1.91	  -0.54	  0.005	1.00000							#	   0.49	  78.48	
     77	   1.85	  -0.69	  0.004	1.00000							#	   0.58	  78.38	
     78	   2.03	  -0.50	  0.006	0.99999							#	   0.58	  79.14	
     79	   1.92	  -0.56	  0.006	0.99999							#	   0.55	  78.64	
     80	   1.97	  -0.36	  0.005	0.99999							#	   0.56	  78.33	
     81	   2.01	  -0.51	  0.008	0.99999							#	   0.62	  78.23	
     82	   2.18	  -0.48	  0.006	1.00002							#	   0.74	  78.54	
     83	   2.12	  -0.40	  0.007	1.00000							#	   0.74	  78.43	
     84	   2.28	  -0.36	  0.008	0.99997							#	   0.71	  78.94	
     85	   2.18	  -0.33	  0.007	0.99997							#	   0.88	  78.23	
     86	   2.41	  -0.25	  0.007	1.00000							#	   0.70	  78.79	
     87	   2.21	  -0.16	  0.007	0.99996							#	   0.67	  79.55	
     88	   2.66	  -0.22	  0.008	0.99997							#	   0.80	  78.84	
     89	   2.69	  -0.20	  0.007	0.99995							#	   0.75	  78.18	
     90	   2.73	  -0.17	  0.007	0.99996							#	   0.73	  79.24	
     91	   2.93	  -0.20	  0.007	1.00001							#	   0.90	  79.24	
     92	   2.92	  -0.06	  0.008	0.99998							#	   0.67	  78.84	
     93	   3.16	  -0.07	  0.006	0.99997							#	   0.85	  79.19	
     94	   3.08	  -0.17	  0.006	0.99998							#	   0.68	  80.05	
     95	   3.19	  -0.14	  0.007	0.99995							#	   0.68	  79.14	
     96	   3.41	  -0.17	  0.004	0.99997							#	   0.70	  79.44	
     97	   3.41	  -0.16	  0.006	0.99997							#	   0.73	  79.04	
     98	   3.56	  -0.07	  0.007	0.99996							#	   0.84	  79.14	
     99	   3.55	   0.03	  0.007	0.99997							#	   0.83	  77.88	
    100	   3.61	   0.11	  0.006	1.00000							#	   0.99	  77.93	
    101	   3.71	   0.02	  0.006	1.00001							#	   0.81	  77.17	
    102	   4.26	   0.08	  0.007	0.99998							#	   1.08	  78.08	
    103	   3.92	   0.08	  0.005	0.99998							#	   0.80	  76.87	
    104	   3.95	   0.19	  0.004	1.00003							#	   0.82	  76.11	
    105	   4.09	   0.16	  0.006	1.00000							#	   0.91	  76.77	
    106	   4.08	   0.14	  0.005	0.99999							#	   0.86	  77.02	
    107	   4.14	   0.18	  0.003	0.99999							#	   0.78	  76.82	
    108	   4.28	   0.21	  0.004	1.00003							#	   0.89	  78.23	
    109	   4.46	   0.19	  0.006	1.00002							#	   0.91	  76.92	
    110	   4.45	   0.22	  0.004	0.99999							#	   0.90	  76.97	
    111	   4.15	   0.19	  0.003	0.99997							#	   0.89	  75.66	
    112	   4.27	   0.15	  0.004	1.00000							#	   0.99	  77.53	
    113	   4.07	   0.15	  0.003	1.00000							#	   0.84	  76.72	
    114	   4.01	   0.12	  0.003	1.00000							#	   0.96	  77.37	
    115	   3.85	   0.11	  0.004	0.99998							#	   0.85	  78.38	
    116	   3.97	   0.16	  0.003	0.99998							#	   0.97	  77.02	
    117	   3.93	   0.19	  0.001	0.99998							#	   1.07	  77.42	
    118	   3.83	   0.18	  0.005	1.00001							#	   0.90	  77.68	
    119	   3.89	   0.15	  0.003	0.99996							#	   1.01	  77.93	
    120	   3.90	   0.14	  0.003	1.00000							#	   0.87	  75.20	
    121	   3.99	   0.09	  0.003	1.00005							#	   0.94	  76.77	
    122	   3.90	   0.10	  0.002	0.99999							#	   0.82	  77.32	
    123	   3.90	   0.18	  0.002	0.99996							#	   0.69	  78.18	
    124	   4.14	   0.17	  0.003	1.00002							#	   0.95	  78.38	
    125	   3.92	   0.12	  0.003	0.99999							#	   0.68	  78.48	
    126	   4.14	   0.20	  0.003	1.00002							#	   0.88	  77.98	
    127	   4.05	   0.15	  0.002	0.99998							#	   0.89	  78.13	
    128	   4.09	   0.19	  0.001	1.00002							#	   0.85	  78.38	
    129	   4.04	   0.10	  0.004	1.00001							#	   0.83	  78.89	
    130	   4.27	   0.16	  0.001	0.99998							#	   0.86	  78.99	
    131	   4.19	   0.13	  0.002	1.00001							#	   0.86	  79.49	
    132	   4.09	   0.16	  0.003	1.00002							#	   0.82	  79.39	
    133	   4.18	   0.12	  0.002	0.99997							#	   0.86	  79.65	
    134	   4.15	   0.11	  0.001	1.00002							#	   0.75	  80.20	
    135	   4.24	   0.10	  0.002	1.00000							#	   0.72	  79.24	
    136	   4.29	   0.16	  0.002	1.00002							#	   0.78	  79.44	
    137	   4.17	   0.15	  0.003	1.00000							#	   0.71	  79.80	
    138	   4.26	   0.12	  0.003	1.00003							#	   0.75	  78.99	
    139	   4.43	   0.18	  0.002	1.00003							#	   0.82	  79.39	
    140	   4.38	   0.17	  0.003	1.00002							#	   0.78	  79.14	
    141	   4.56	   0.12	  0.003	0.99999							#	   0.95	  78.79	
    142	   4.48	   0.23	  0.001	1.00005							#	   0.78	  78.38	
    143	   4.51	   0.15	  0.003	1.00001							#	   0.85	  78.89	
    144	   4.60	   0.06	  0.002	1.00003							#	   0.90	  78.13	
    145	   4.81	   0.06	  0.004	1.00001							#	   0.92	  77.88	
    146	   4.76	   0.02	  0.003	1.00003							#	   0.96	  76.97	
    147	   4.64	   0.06	  0.002	1.00003							#	   0.88	  77.07	
    148	   4.92	   0.06	  0.003	0.99999							#	   0.93	  76.87	
    149	   4.95	   0.05	  0.002	0.99998							#	   0.90	  77.07	
    150	   5.04	   0.03	  0.002	1.00000							#	   0.90	  77.02	
    151	   5.01	   0.02	  0.002	0.99999							#	   0.98	  76.62	
    152	   5.17	  -0.01	  0.004	1.00002							#	   1.13	  76.06	
    153	   5.04	   0.03	  0.003	1.00003							#	   0.90	  75.25	
    154	   5.33	   0.01	  0.000	1.00008							#	   1.01	  76.52	
    155	   5.38	  -0.04	  0.004	1.00013							#	   1.08	  75.45	
    156	   5.45	  -0.03	  0.002	1.00009							#	   0.96	  74.95	
    157	   5.43	   0.02	  0.003	1.00007							#	   1.03	  75.15	
    158	   5.48	  -0.02	  0.005	1.00003							#	   1.06	  73.64	
    159	   5.56	   0.03	  0.001	1.00005							#	   1.04	  71.77	
    160	   5.62	  -0.05	  0.003	1.00014							#	   0.97	  70.86	
    161	   5.69	  -0.04	  0.003	1.00003							#	   0.98	  73.03	
    162	   5.74	  -0.01	  0.002	1.00008							#	   1.04	  70.35	
    163	   5.87	   0.01	  0.003	1.00002							#	   1.13	  70.10	
    164	   5.88	  -0.03	  0.002	1.00010							#	   1.16	  70.25	
    165	   6.11	  -0.07	  0.002	1.00015							#	   1.17	  70.20	
    166	   5.99	  -0.06	  0.002	1.00017							#	   1.03	  68.54	
    167	   6.14	  -0.01	  0.000	1.00014							#	   1.13	  71.41	
    168	   6.18	   0.02	  0.003	1.00016							#	   1.11	  69.44	
    169	   6.19	   0.00	  0.001	1.00014							#	   1.04	  70.00	
    170	   6.38	  -0.08	  0.001	1.00008							#	   1.10	  68.18	
    171	   6.34	  -0.18	  0.001	1.00011							#	   1.10	  67.68	
    172	   6.20	  -0.13	 -0.000	1.00010							#	   1.05	  68.79	
    173	   6.37	  -0.12	  0.001	1.00013							#	   1.21	  68.03	
    174	   6.32	  -0.06	  0.001	1.00012							#	   1.06	  69.55	
    175	   6.43	  -0.10	 -0.000	1.00012							#	   1.17	  67.78	
    176	   6.27	  -0.13	 -0.000	1.00013							#	   1.10	  67.63	
    177	   6.48	  -0.14	 -0.000	1.00010							#	   1.21	  66.36	
    178	   6.44	  -0.13	  0.002	1.00010							#	   1.11	  67.42	
    179	   6.41	  -0.17	 -0.001	1.00007							#	   1.09	  66.97	
    180	   6.35	  -0.20	 -0.001	1.00007							#	   1.06	  65.15	
    181	   6.48	  -0.16	 -0.002	1.00013							#	   1.00	  66.21	
    182	   6.58	  -0.21	 -0.000	1.00009							#	   1.04	  66.41	
    183	   6.47	  -0.29	 -0.001	1.00001							#	   1.09	  67.78	
    184	   6.54	  -0.20	 -0.002	1.00010							#	   1.16	  65.40	
    185	   6.63	  -0.18	  0.000	1.00007							#	   1.18	  65.71	
    186	   6.60	  -0.28	 -0.002	0.99995							#	   1.19	  65.51	
    187	   6.52	  -0.29	 -0.003	1.00003							#	   1.13	  64.90	
    188	   6.92	  -0.16	 -0.003	1.00012							#	   1.33	  65.30	
    189	   6.89	  -0.22	 -0.003	0.99998							#	   1.10	  64.14	
    190	   6.78	  -0.24	 -0.001	0.99999							#	   1.11	  64.49	
    191	   6.83	  -0.39	 -0.005	0.99999							#	   1.18	  64.04	
    192	   6.91	  -0.36	 -0.003	1.00000							#	   1.16	  64.34	
    193	   6.85	  -0.21	 -0.005	1.00001							#	   1.17	  62.83	
    194	   6.99	  -0.18	 -0.004	0.99998							#	   1.32	  62.88	
    195	   6.91	  -0.28	 -0.002	0.99998							#	   1.19	  63.08	
    196	   7.01	  -0.27	 -0.006	0.99998							#	   1.25	  62.83	
    197	   7.04	  -0.27	 -0.004	0.99997							#	   1.25	  63.59	
    198	   7.12	  -0.26	 -0.003	0.99995							#	   1.28	  64.44	
    199	   7.08	  -0.30	 -0.006	0.99992							#	   1.26	  63.38	
    200	   7.23	  -0.27	 -0.006	1.00009							#	   1.30	  64.29	
    201	   7.24	  -0.47	 -0.005	0.99977							#	   1.30	  63.18	
    202	   7.38	  -0.37	 -0.010	1.00000							#	   1.38	  63.84	
    203	   7.45	  -0.33	 -0.007	0.99988							#	   1.36	  63.79	
    204	   7.53	  -0.42	 -0.007	0.99999							#	   1.28	  62.32	
    205	   7.57	  -0.27	 -0.006	0.99996							#	   1.41	  60.71	
    206	   7.70	  -0.47	 -0.006	0.99997							#	   1.39	  61.67	
    207	   7.71	  -0.51	 -0.006	0.99994							#	   1.44	  62.88	
    208	   7.67	  -0.49	 -0.011	1.00003							#	   1.40	  62.02	
    209	   7.72	  -0.36	 -0.006	0.99997							#	   1.39	  60.15	
    210	   7.80	  -0.48	 -0.008	0.99996							#	   1.32	  60.20	
    211	   7.95	  -0.50	 -0.006	0.99987							#	   1.37	  62.58	
    212	   7.71	  -0.47	 -0.005	0.99984							#	   1.35	  62.27	
    213	   7.97	  -0.28	 -0.010	1.00011							#	   1.40	  58.43	
    214	   7.91	  -0.42	 -0.006	1.00009							#	   1.42	  59.24	
    215	   7.94	  -0.39	 -0.006	0.99999							#	   1.55	  59.24	
    216	   7.87	  -0.34	 -0.007	0.99996							#	   1.45	  59.34	
    217	   7.88	  -0.27	 -0.007	0.99996							#	   1.34	  59.44	
    218	   8.03	  -0.32	 -0.006	0.99998							#	   1.41	  58.13	
    219	   7.66	  -0.39	 -0.005	0.99998							#	   1.31	  60.25	
    220	   7.70	  -0.34	 -0.008	0.99998							#	   1.27	  59.04	
    221	   7.73	  -0.36	 -0.007	0.99997							#	   1.25	  59.34	
    222	   7.80	  -0.29	 -0.005	0.99999							#	   1.41	  60.35	
    223	   7.61	  -0.24	 -0.004	0.99980							#	   1.45	  59.90	
    224	   7.70	  -0.25	 -0.009	1.00005							#	   1.46	  58.79	
    225	   7.78	  -0.31	 -0.007	0.99993							#	   1.46	  60.40	
    226	   7.77	  -0.29	 -0.008	0.99985							#	   1.45	  59.90	
    227	   7.70	  -0.35	 -0.006	0.99985							#	   1.31	  61.21	
    228	   7.72	  -0.34	 -0.005	0.99985							#	   1.30	  63.08	
    229	   7.70	  -0.36	 -0.006	0.99985							#	   1.30	  61.62	
    230	   7.61	  -0.35	 -0.006	0.99987							#	   1.44	  62.47	
    231	   7.68	  -0.24	 -0.006	0.99996							#	   1.48	  59.85	
    232	   7.56	  -0.24	 -0.005	0.99996							#	   1.41	  63.59	
    233	   7.51	  -0.20	 -0.005	0.99988							#	   1.48	  62.47	
    234	   7.72	  -0.24	 -0.006	0.99994							#	   1.41	  62.32	
    235	   7.59	  -0.29	 -0.005	0.99996							#	   1.38	  61.26	
    236	   7.62	  -0.16	 -0.007	0.99990							#	   1.32	  61.77	
    237	   7.69	  -0.14	 -0.007	0.99990							#	   1.47	  60.20	
    238	   7.67	  -0.08	 -0.006	0.99991							#	   1.32	  61.36	
    239	   7.66	  -0.11	 -0.006	0.99988							#	   1.51	  61.01	
    240	   7.68	  -0.23	 -0.008	0.99990							#	   1.63	  57.73	
    241	   7.86	  -0.06	 -0.004	1.00001							#	   1.44	  59.80	
    242	   7.81	  -0.17	 -0.009	0.99991							#	   1.43	  60.40	
    243	   7.89	  -0.15	 -0.007	0.99993							#	   1.32	  58.03	
    244	   8.03	  -0.14	 -0.008	1.00001							#	   1.37	  59.39	
    245	   8.12	  -0.14	 -0.008	0.99997							#	   1.46	  59.39	
    246	   8.17	  -0.16	 -0.006	0.99980							#	   1.43	  60.51	
    247	   8.03	  -0.11	 -0.008	0.99981							#	   1.67	  60.35	
    248	   8.17	  -0.07	 -0.005	0.99982							#	   1.58	  58.03	
    249	   8.27	  -0.05	 -0.007	0.99974							#	   1.57	  58.84	
    250	   8.34	   0.01	 -0.007	0.99989							#	   1.57	  59.65	
    251	   8.30	   0.07	 -0.005	0.99982							#	   1.39	  57.63	
    252	   8.51	  -0.00	 -0.010	0.99988							#	   1.46	  57.93	
    253	   8.53	   0.01	 -0.008	0.99988							#	   1.50	  57.98	
    254	   8.58	  -0.02	 -0.008	0.99989							#	   1.62	  58.48	
    255	   8.61	  -0.02	 -0.007	0.99987							#	   1.63	  57.88	
    256	   8.53	  -0.12	 -0.011	0.99989							#	   1.52	  57.27	
    257	   8.58	  -0.04	 -0.005	0.99989							#	   1.61	  57.17	
    258	   8.71	  -0.13	 -0.010	0.99991							#	   1.66	  55.56	
    259	   8.80	  -0.05	 -0.008	0.99992							#	   1.45	  56.46	
    260	   8.75	  -0.03	 -0.009	0.99992							#	   1.45	  55.25	
    261	   8.87	  -0.03	 -0.008	0.99992							#	   1.59	  54.80	
    262	   8.79	   0.02	 -0.008	0.99994							#	   1.58	  55.25	
    263	   8.87	  -0.04	 -0.009	0.99995							#	   1.66	  54.49	
    264	   8.81	   0.05	 -0.007	0.99992							#	   1.58	  55.10	
    265	   8.98	   0.10	 -0.010	0.99994							#	   1.71	  55.61	
    266	   9.05	   0.04	 -0.008	0.99994							#	   1.50	  55.15	
    267	   8.95	   0.09	 -0.005	1.00010							#	   1.52	  56.62	
    268	   8.94	   0.14	 -0.008	0.99992							#	   1.57	  55.51	
    269	   9.21	   0.15	 -0.008	0.99971							#	   1.64	  58.38	
    270	   9.10	   0.18	 -0.006	0.99964							#	   1.65	  56.57	
    271	   8.99	   0.23	 -0.007	0.99965							#	   1.66	  56.46	
    272	   9.10	   0.24	 -0.008	0.99961							#	   1.80	  57.02	
    273	   9.31	   0.20	 -0.009	0.99964							#	   1.58	  56.26	
    274	   9.03	   0.31	 -0.006	0.99954							#	   1.55	  56.92	
    275	   9.18	   0.27	 -0.005	0.99960							#	   1.58	  54.65	
    276	   9.40	   0.29	 -0.006	0.99959							#	   1.74	  55.15	
    277	   9.45	   0.34	 -0.005	0.99961							#	   1.67	  55.91	
    278	   9.25	   0.36	 -0.005	0.99950							#	   1.73	  54.85	
    279	   9.46	   0.28	 -0.007	0.99953							#	   1.87	  54.65	
    280	   9.47	   0.23	 -0.006	0.99955							#	   1.62	  54.34	
    281	   9.81	   0.32	 -0.005	0.99996							#	   1.68	  56.77	
    282	   9.71	   0.35	 -0.003	0.99986							#	   1.70	  55.15	
    283	   9.73	   0.42	 -0.006	0.99991							#	   1.67	  54.90	
    284	   9.76	   0.33	 -0.007	0.99963							#	   1.74	  54.19	
    285	   9.63	   0.28	 -0.006	0.99958							#	   1.76	  52.58	
    286	   9.83	   0.21	 -0.006	0.99948							#	   1.91	  53.89	
    287	   9.86	   0.14	 -0.007	0.99966							#	   1.68	  53.03	
    288	   9.76	   0.23	 -0.006	0.99977							#	   1.72	  53.94	
    289	   9.72	   0.23	 -0.005	0.99971							#	   1.60	  53.28	
    290	   9.81	   0.18	 -0.007	0.99971							#	   1.68	  53.28	
    291	   9.74	   0.33	 -0.004	0.99968							#	   1.73	  52.73	
    292	   9.82	   0.38	 -0.005	1.00003							#	   1.88	  56.26	
    293	   9.74	   0.39	 -0.005	0.99971							#	   1.72	  54.19	
    294	   9.82	   0.51	 -0.006	1.00010							#	   1.71	  53.33	
    295	   9.96	   0.38	 -0.007	1.00005							#	   1.73	  53.38	
    296	   9.98	   0.39	 -0.004	1.00009							#	   1.64	  54.29	
    297	   9.86	   0.38	 -0.003	1.00008							#	   1.78	  52.68	
    298	  10.18	   0.45	 -0.008	1.00030							#	   1.87	  54.95	
    299	   9.98	   0.44	 -0.003	1.00017							#	   1.94	  52.73	
    300	   9.96	   0.45	 -0.006	1.00022							#	   1.63	  56.16	
    301	   9.95	   0.34	 -0.004	1.00022							#	   1.63	  52.47	
    302	  10.16	   0.41	 -0.006	1.00031							#	   1.58	  56.11	
    303	  10.05	   0.40	 -0.006	1.00018							#	   1.70	  51.31	
    304	  10.06	   0.33	 -0.003	1.00013							#	   1.71	  56.21	
    305	   9.98	   0.21	 -0.006	0.99996							#	   1.94	  51.01	
    306	  10.14	   0.28	 -0.006	0.99997							#	   1.81	  53.03	
    307	   9.96	   0.21	 -0.005	0.99992							#	   1.70	  52.17	
    308	   9.85	   0.16	 -0.006	0.99998							#	   1.61	  52.63	
    309	   9.99	   0.19	 -0.005	1.00000							#	   1.73	  52.27	
    310	   9.94	   0.23	 -0.005	1.00015							#	   1.89	  53.89	
    311	  10.01	   0.25	 -0.006	1.00009							#	   1.84	  54.04	
    312	  10.02	   0.23	 -0.005	1.00001							#	   1.94	  52.88	
    313	   9.90	   0.18	 -0.004	1.00003							#	   1.78	  52.98	
    314	  10.04	   0.25	 -0.004	1.00004							#	   1.77	  53.84	
    315	  10.05	   0.33	 -0.005	1.00006							#	   1.83	  52.98	
    316	  10.05	   0.29	 -0.003	1.00010							#	   1.87	  53.89	
    317	   9.97	   0.13	 -0.005	1.00009							#	   1.89	  54.80	
    318	  10.11	   0.22	 -0.004	1.00017							#	   1.93	  54.75	
    319	   9.91	   0.20	 -0.004	1.00005							#	   1.90	  53.28	
    320	   9.98	   0.29	 -0.003	1.00004							#	   1.89	  52.32	
    321	   9.95	   0.25	 -0.004	1.00003							#	   1.80	  53.89	
    322	   9.96	   0.40	 -0.003	1.00011							#	   1.85	  52.93	
    323	   9.98	   0.43	 -0.004	1.00009							#	   1.82	  53.03	
    324	   9.86	   0.32	 -0.003	1.00007							#	   1.77	  53.99	
    325	   9.89	   0.34	 -0.003	0.99994							#	   1.85	  53.28	
    326	  10.00	   0.37	 -0.004	0.99998							#	   2.03	  53.33	
    327	  10.28	   0.42	 -0.002	1.00019							#	   1.85	  55.00	
    328	  10.10	   0.47	 -0.003	1.00020							#	   1.84	  53.74	
    329	  10.05	   0.55	 -0.003	1.00028							#	   1.70	  54.34	
    330	  10.21	   0.65	 -0.002	1.00028							#	   1.90	  53.08	
    331	  10.13	   0.66	 -0.001	1.00034							#	   1.87	  52.37	
    332	  10.16	   0.70	 -0.004	1.00036							#	   2.03	  53.89	
    333	  10.22	   0.73	 -0.004	1.00037							#	   2.00	  53.13	
    334	  10.22	   0.70	 -0.002	1.00043							#	   1.80	  53.13	
    335	  10.28	   0.71	 -0.001	1.00043							#	   1.74	  52.78	
    336	  10.14	   0.80	 -0.007	1.00059							#	   1.78	  54.29	
    337	  10.14	   0.92	 -0.006	1.00057							#	   1.92	  52.12	
    338	  10.16	   0.92	 -0.004	1.00053							#	   1.96	  52.58	
    339	  10.33	   0.96	 -0.002	1.00032							#	   2.03	  51.41	
    340	  10.06	   0.93	 -0.005	1.00036							#	   1.68	  52.88	
    341	  10.18	   0.95	 -0.004	1.00038							#	   1.67	  52.37	
    342	  10.18	   1.05	 -0.002	1.00045							#	   1.75	  51.77	
    343	  10.22	   1.13	 -0.000	1.00030							#	   1.91	  51.72	
    344	  10.30	   1.17	 -0.001	1.00046							#	   1.94	  53.33	
    345	  10.31	   1.13	 -0.001	1.00047							#	   2.04	  52.47	
    346	  10.10	   1.18	  0.001	1.00045							#	   1.70	  52.07	
    347	  10.26	   1.25	 -0.001	1.00047							#	   1.63	  52.27	
    348	  10.21	   1.25	  0.001	1.00042							#	   1.76	  53.99	
    349	  10.43	   1.51	  0.001	1.00030							#	   1.89	  54.04	
    350	  10.32	   1.41	 -0.000	1.00038							#	   1.88	  53.84	
    351	  10.07	   1.43	 -0.000	1.00075							#	   1.97	  55.25	
    352	  10.20	   1.58	 -0.000	1.00072							#	   1.82	  53.99	
    353	  10.10	   1.70	 -0.002	1.00076							#	   1.70	  54.19	
    354	  10.11	   1.72	  0.000	1.00047							#	   1.74	  54.39	
    355	  10.15	   1.75	 -0.001	1.00050							#	   1.77	  53.99	
    356	  10.14	   1.71	  0.001	1.00070							#	   1.90	  53.08	
    357	  10.07	   1.79	  0.002	1.00044							#	   1.79	  56.21	
    358	  10.12	   1.70	  0.001	1.00047							#	   1.78	  54.55	
    359	  10.24	   1.80	 -0.002	1.00051							#	   1.66	  54.70	
    360	  10.16	   1.72	  0.001	1.00053							#	   1.69	  52.68	
    361	  10.16	   1.64	  0.003	1.00055							#	   1.71	  55.45	
    362	  10.06	   1.67	 -0.000	1.00042							#	   1.79	  54.80	
    363	  10.21	   1.70	  0.001	1.00055							#	   1.86	  55.76	
    364	  10.35	   1.70	  0.002	1.00060							#	   1.86	  54.19	
    365	  10.23	   1.72	  0.002	1.00067							#	   1.71	  56.21	
    366	  10.28	   1.75	  0.001	1.00058							#	   1.72	  54.70	
    367	  10.32	   1.76	  0.004	1.00056							#	   1.88	  56.52	
    368	  10.40	   1.77	  0.002	1.00060							#	   1.77	  54.14	
    369	  10.38	   1.76	  0.002	1.00056							#	   1.99	  53.89	
    370	  10.48	   1.72	  0.003	1.00058							#	   1.78	  54.75	
    371	  10.62	   1.76	  0.003	1.00058							#	   1.79	  56.06	
    372	  10.54	   1.71	  0.004	1.00046							#	   1.76	  54.70	
    373	  10.59	   1.72	  0.002	1.00058							#	   1.80	  55.25	
    374	  10.85	   1.68	  0.004	1.00051							#	   1.92	  56.11	
    375	  10.80	   1.84	  0.001	1.00061							#	   1.98	  55.00	
    376	  10.81	   1.76	  0.004	1.00062							#	   1.89	  54.95	
    377	  10.93	   1.78	  0.004	1.00047							#	   1.81	  55.86	
    378	  10.88	   1.86	  0.002	1.00053							#	   1.82	  55.15	
    379	  11.08	   1.82	  0.004	1.00052							#	   1.86	  55.20	
    380	  10.93	   1.75	  0.007	1.00056							#	   1.90	  55.10	
    381	  11.14	   1.73	  0.003	1.00056							#	   2.09	  54.44	
    382	  11.06	   1.70	  0.005	1.00055							#	   1.87	  54.70	
    383	  11.16	   1.69	  0.009	1.00054							#	   1.79	  54.29	
    384	  11.24	   1.83	  0.003	1.00055							#	   1.83	  53.74	
    385	  11.41	   1.73	  0.007	1.00057							#	   1.90	  54.44	
    386	  11.32	   1.80	  0.007	1.00056							#	   2.04	  54.29	
    387	  11.52	   1.77	  0.006	1.00054							#	   2.05	  53.74	
    388	  11.32	   1.69	  0.008	1.00054							#	   1.79	  54.55	
    389	  11.65	   1.68	  0.008	1.00048							#	   1.90	  54.44	
    390	  11.86	   1.65	  0.005	1.00049							#	   1.86	  53.23	
    391	  11.73	   1.70	  0.007	1.00052							#	   1.89	  53.54	
    392	  11.72	   1.81	  0.006	1.00054							#	   2.03	  53.18	
    393	  11.84	   1.75	  0.006	1.00049							#	   1.88	  52.83	
    394	  11.70	   1.64	  0.009	1.00075							#	   1.80	  53.03	
    395	  11.89	   1.62	  0.008	1.00037							#	   1.83	  53.43	
    396	  11.87	   1.53	  0.004	1.00048							#	   1.90	  52.83	
    397	  12.14	   1.37	  0.010	1.00040							#	   2.14	  51.41	
    398	  12.12	   1.31	  0.007	1.00048							#	   1.81	  51.67	
    399	  12.11	   1.33	  0.009	1.00045							#	   1.80	  49.80	
    400	  12.25	   1.39	  0.008	1.00032							#	   1.86	  51.72	
    401	  12.28	   1.37	  0.009	1.00030							#	   1.93	  47.22	
    402	  12.07	   1.41	  0.008	1.00067							#	   2.06	  50.86	
    403	  12.34	   1.39	  0.008	1.00040							#	   1.84	  50.00	
    404	  12.52	   1.25	  0.009	1.00016							#	   1.97	  49.90	
    405	  12.47	   1.28	  0.009	1.00024							#	   1.93	  47.32	
    406	  12.72	   1.29	  0.005	1.00017							#	   2.00	  48.54	
    407	  12.51	   1.26	  0.012	1.00021							#	   1.99	  48.13	
    408	  12.47	   1.20	  0.008	1.00026							#	   1.88	  49.60	
    409	  12.49	   1.14	  0.011	1.00031							#	   2.08	  47.07	
    410	  12.63	   1.14	  0.008	1.00018							#	   1.97	  48.48	
    411	  12.65	   1.17	  0.010	1.00027							#	   2.02	  45.81	
    412	  12.43	   1.20	  0.012	1.00075							#	   1.91	  50.96	
    413	  12.51	   1.10	  0.009	1.00070							#	   1.93	  48.23	
    414	  12.61	   1.11	  0.008	1.00070							#	   2.11	  48.99	
    415	  12.48	   1.08	  0.009	1.00076							#	   1.95	  50.20	
    416	  12.59	   1.02	  0.008	1.00011							#	   1.84	  51.26	
    417	  12.60	   1.09	  0.009	1.00027							#	   1.82	  46.92	
    418	  12.60	   1.08	  0.011	1.00061							#	   1.94	  52.32	
    419	  12.43	   1.07	  0.009	1.00065							#	   2.07	  48.59	
    420	  12.47	   1.11	  0.011	1.00046							#	   2.01	  51.57	
    421	  12.49	   1.08	  0.009	1.00047							#	   1.81	  47.53	
    422	  12.32	   1.07	  0.009	1.00083							#	   1.77	  54.04	
    423	  12.31	   0.83	  0.010	1.00037							#	   1.89	  51.57	
    424	  12.27	   0.85	  0.007	1.00031							#	   2.03	  52.17	
    425	  12.37	   0.86	  0.007	1.00079							#	   1.97	  48.74	
    426	  12.45	   0.86	  0.010	1.00046							#	   1.83	  54.39	
    427	  12.51	   0.93	  0.006	1.00056							#	   1.79	  49.44	
    428	  12.72	   0.89	  0.011	1.00046							#	   2.17	  53.43	
    429	  12.30	   0.85	  0.007	1.00053							#	   1.87	  50.61	
    430	  12.50	   0.79	  0.006	1.00031							#	   1.93	  50.91	
    431	  12.44	   0.75	  0.010	1.00051							#	   1.80	  52.63	
    432	  12.55	   0.81	  0.010	1.00027							#	   1.91	  51.41	
    433	  12.16	   0.76	  0.008	1.00045							#	   1.97	  54.19	
    434	  12.40	   0.69	  0.006	1.00042							#	   2.07	  51.72	
    435	  12.50	   0.75	  0.011	1.00034							#	   1.85	  52.83	
    436	  12.39	   0.74	  0.006	1.00037							#	   1.98	  52.73	
    437	  12.31	   0.72	  0.010	1.00039							#	   1.99	  53.33	
    438	  12.20	   0.70	  0.006	1.00040							#	   1.92	  54.90	
    439	  12.28	   0.67	  0.006	1.00042							#	   1.91	  54.29	
    440	  12.24	   0.63	  0.009	1.00050							#	   1.97	  54.75	
    441	  12.25	   0.74	  0.008	1.00045							#	   2.34	  55.25	
    442	  12.04	   0.72	  0.007	1.00047							#	   1.94	  55.56	
    443	  11.92	   0.65	  0.007	1.00025							#	   1.69	  55.45	
    444	  12.00	   0.60	  0.009	1.00047							#	   1.82	  57.32	
    445	  11.99	   0.59	  0.008	1.00043							#	   2.05	  56.72	
    446	  11.91	   0.66	  0.007	1.00041							#	   2.14	  57.42	
    447	  11.91	   0.51	  0.008	1.00031							#	   1.89	  56.67	
    448	  11.74	   0.34	  0.009	1.00035							#	   1.62	  57.73	
    449	  11.90	   0.45	  0.008	1.00034							#	   1.75	  58.28	
    450	  11.75	   0.44	  0.009	1.00032							#	   1.85	  57.32	
    451	  11.80	   0.39	  0.009	1.00023							#	   1.89	  56.72	
    452	  11.86	   0.40	  0.008	1.00027							#	   1.92	  57.42	
    453	  11.71	   0.45	  0.010	1.00026							#	   1.76	  57.22	
    454	  11.69	   0.48	  0.008	1.00041							#	   1.68	  55.15	
    455	  12.04	   0.52	  0.009	1.00035							#	   2.03	  56.77	
    456	  11.86	   0.43	  0.011	1.00032							#	   1.80	  56.67	
    457	  11.85	   0.36	  0.007	1.00034							#	   1.85	  57.47	
    458	  11.98	   0.34	  0.009	1.00045							#	   1.76	  57.78	
    459	  11.98	   0.42	  0.009	1.00034							#	   1.66	  55.45	
    460	  12.03	   0.52	  0.009	1.00035							#	   2.01	  56.21	
    461	  12.07	   0.48	  0.010	1.00034							#	   1.90	  57.32	
    462	  12.02	   0.46	  0.008	1.00029							#	   1.86	  57.58	
    463	  12.07	   0.44	  0.009	1.00031							#	   1.83	  56.06	
    464	  12.06	   0.55	  0.008	1.00031							#	   1.82	  56.72	
    465	  12.17	   0.49	  0.010	1.00035							#	   2.03	  55.30	
    466	  12.17	   0.46	  0.010	1.00036							#	   1.95	  54.95	
    467	  12.22	   0.48	  0.009	1.00029							#	   1.84	  55.45	
    468	  12.36	   0.44	  0.009	1.00026							#	   2.03	  55.00	
    469	  12.44	   0.52	  0.008	1.00031							#	   1.92	  54.65	
    470	  12.23	   0.50	  0.009	1.00041							#	   1.94	  54.90	
    471	  12.52	   0.47	  0.007	1.00017							#	   2.10	  54.49	
    472	  12.48	   0.42	  0.011	1.00026							#	   1.85	  54.39	
    473	  12.37	   0.42	  0.009	1.00027							#	   2.07	  54.39	
    474	  12.24	   0.50	  0.012	1.00033							#	   1.89	  54.14	
    475	  12.36	   0.56	  0.009	1.00028							#	   2.00	  51.77	
    476	  12.49	   0.52	  0.010	1.00022							#	   2.02	  53.59	
    477	  12.44	   0.44	  0.011	1.00027							#	   2.03	  53.38	
    478	  12.43	   0.49	  0.011	1.00022							#	   1.92	  54.44	
    479	  12.48	   0.52	  0.012	1.00017							#	   2.02	  53.28	
    480	  12.81	   0.44	  0.010	1.00016							#	   2.08	  52.78	
    481	  12.70	   0.39	  0.012	1.00024							#	   2.04	  53.18	
    482	  12.88	   0.44	  0.014	1.00018							#	   2.05	  53.08	
    483	  13.04	   0.46	  0.016	1.00013							#	   2.22	  52.07	
    484	  13.22	   0.49	  0.010	1.00016							#	   2.10	  51.62	
    485	  13.26	   0.40	  0.013	1.00022							#	   2.16	  50.20	
    486	  13.46	   0.48	  0.012	1.00002							#	   2.04	  50.86	
    487	  13.51	   0.54	  0.012	1.00000							#	   2.09	  51.31	
    488	  13.87	   0.50	  0.014	1.00007							#	   2.36	  50.81	
    489	  13.91	   0.52	  0.014	1.00007							#	   2.23	  49.29	
    490	  14.19	   0.43	  0.011	1.00001							#	   1.95	  49.34	
    491	  14.44	   0.39	  0.010	1.00002							#	   2.17	  49.95	
    492	  14.57	   0.43	  0.013	0.99995							#	   2.44	  50.66	
    493	  14.68	   0.33	  0.011	1.00001							#	   2.29	  49.49	
    494	  14.75	   0.27	  0.012	1.00002							#	   2.02	  48.48	
    495	  14.82	   0.31	  0.014	1.00009							#	   2.21	  48.89	
    496	  14.91	   0.32	  0.010	1.00007							#	   2.52	  47.88	
    497	  15.17	   0.39	  0.013	1.00013							#	   2.38	  48.84	
    498	  15.20	   0.46	  0.011	1.00004							#	   2.12	  48.28	
    499	  15.12	   0.48	  0.013	1.00002							#	   2.32	  47.27	
    500	  15.17	   0.47	  0.016	0.99996							#	   2.54	  48.28	
    501	  15.41	   0.37	  0.010	0.99986							#	   2.47	  48.38	
    502	  15.21	   0.27	  0.013	1.00001							#	   2.21	  47.47	
    503	  15.18	   0.31	  0.009	1.00001							#	   2.30	  46.46	
    504	  15.09	   0.35	  0.014	1.00001							#	   2.45	  46.16	
    505	  15.13	   0.30	  0.011	1.00005							#	   2.28	  47.78	
    506	  15.14	   0.23	  0.009	0.99997							#	   2.17	  47.68	
    507	  15.30	   0.24	  0.012	0.99996							#	   2.32	  46.77	
    508	  15.21	   0.22	  0.012	0.99989							#	   2.42	  47.68	
    509	  15.03	   0.25	  0.010	1.00003							#	   2.25	  47.32	
    510	  14.95	   0.12	  0.011	1.00003							#	   2.29	  45.20	
    511	  15.23	   0.04	  0.009	0.99969							#	   2.39	  47.02	
    512	  15.14	   0.04	  0.014	0.99969							#	   2.23	  47.17	
    513	  15.07	   0.05	  0.008	0.99976							#	   2.29	  47.58	
    514	  14.87	   0.05	  0.008	0.99992							#	   2.30	  47.12	
    515	  14.93	   0.08	  0.013	0.99985							#	   2.26	  46.97	
    516	  14.84	  -0.00	  0.011	0.99979							#	   1.98	  47.07	
    517	  14.74	  -0.11	  0.012	0.99973							#	   2.22	  48.38	
    518	  14.56	   0.03	  0.010	0.99985							#	   2.17	  47.12	
    519	  14.49	   0.11	  0.013	0.99983							#	   2.09	  47.37	
    520	  14.31	  -0.01	  0.009	0.99982							#	   1.88	  47.32	
    521	  14.56	  -0.02	  0.013	0.99986							#	   2.16	  46.26	
    522	  14.34	  -0.12	  0.010	0.99956							#	   2.10	  47.98	
    523	  14.26	  -0.06	  0.011	0.99970							#	   2.02	  47.07	
    524	  14.25	  -0.08	  0.009	0.99966							#	   1.89	  48.23	
    525	  14.41	  -0.09	  0.009	0.99977							#	   2.08	  46.87	
    526	  14.19	  -0.11	  0.009	0.99970							#	   2.05	  47.37	
    527	  14.03	  -0.13	  0.011	0.99967							#	   2.05	  49.09	
    528	  13.85	  -0.17	  0.008	0.99967							#	   1.94	  48.69	
    529	  13.93	  -0.20	  0.009	0.99968							#	   1.96	  49.09	
    530	  13.47	  -0.29	  0.012	0.99964							#	   1.96	  48.59	
    531	  13.50	  -0.27	  0.005	0.99966							#	   2.02	  49.24	
    532	  13.61	  -0.34	  0.010	0.99964							#	   2.09	  49.14	
    533	  13.49	  -0.32	  0.008	0.99959							#	   1.96	  50.15	
    534	  13.32	  -0.38	  0.008	0.99976							#	   1.89	  51.62	
    535	  13.41	  -0.46	  0.007	0.99963							#	   2.07	  48.33	
    536	  13.43	  -0.46	  0.006	0.99975							#	   2.01	  49.80	
    537	  12.98	  -0.63	  0.005	0.99943							#	   1.93	  48.94	
    538	  13.31	  -0.64	  0.002	0.99966							#	   1.80	  50.00	
    539	  13.26	  -0.82	  0.004	0.99957							#	   1.99	  48.03	
    540	  12.99	  -0.78	  0.002	0.99969							#	   2.01	  48.48	
    541	  11.76	  -0.30	 -0.002	0.99937							#	   1.55	  53.28	
    542	  11.86	  -0.27	 -0.001	1.00000							#	   1.52	  50.71	
    543	  11.92	  -0.65	 -0.002	0.99958							#	   1.42	  51.41	
    544	  11.98	  -0.74	  0.000	0.99965							#	   1.71	  51.77	
    545	  12.06	  -1.08	 -0.000	0.99954							#	   1.79	  50.45	
    546	  11.82	  -1.07	  0.004	0.99982							#	   1.77	  49.65	
    547	  11.89	  -1.25	 -0.005	0.99985							#	   1.64	  49.19	
    548	  11.67	  -1.23	  0.002	0.99980							#	   1.57	  50.71	
    549	  11.90	  -1.40	 -0.002	0.99951							#	   1.85	  52.73	
    550	  11.83	  -1.38	  0.002	0.99944							#	   1.89	  52.27	
    551	  11.63	  -1.47	 -0.004	0.99933							#	   1.72	  51.72	
    552	  11.74	  -1.50	 -0.002	0.99935							#	   1.61	  51.72	
    553	  11.83	  -1.49	 -0.002	0.99944							#	   1.67	  51.06	
    554	  11.70	  -1.60	 -0.004	0.99933							#	   1.81	  50.35	
    555	  11.86	  -1.60	 -0.003	0.99944							#	   1.91	  50.91	
    556	  11.60	  -1.69	 -0.005	0.99920							#	   1.73	  50.91	
    557	  11.93	  -1.74	 -0.005	0.99956							#	   1.67	  53.33	
    558	  11.90	  -1.75	 -0.001	0.99929							#	   1.83	  52.02	
    559	  11.66	  -1.89	 -0.003	0.99934							#	   1.84	  51.87	
    560	  11.52	  -2.02	 -0.006	0.99932							#	   1.91	  52.07	
    561	  11.76	  -1.93	 -0.004	0.99963							#	   1.88	  51.36	
    562	  11.64	  -1.94	 -0.002	0.99936							#	   1.80	  50.35	
    563	  11.62	  -2.02	 -0.007	0.99945							#	   1.81	  52.37	
    564	  11.54	  -2.01	 -0.001	0.99936							#	   1.88	  51.46	
    565	  11.75	  -1.94	 -0.004	0.99951							#	   2.01	  51.57	
    566	  11.74	  -1.95	 -0.002	0.99957							#	   1.73	  50.05	
    567	  11.85	  -1.98	 -0.003	0.99941							#	   1.77	  50.30	
    568	  11.75	  -2.02	 -0.004	0.99942							#	   1.79	  50.30	
    569	  12.09	  -1.92	 -0.003	0.99951							#	   2.05	  48.89	
    570	  11.98	  -1.85	  0.000	0.99952							#	   1.90	  50.20	
    571	  11.97	  -1.87	 -0.005	0.99950							#	   1.74	  49.04	
    572	  12.25	  -1.83	  0.001	0.99934							#	   1.84	  48.38	
    573	  12.25	  -1.80	 -0.000	0.99917							#	   2.09	  50.00	
    574	  12.13	  -1.80	 -0.002	0.99909							#	   1.96	  50.15	
    575	  12.36	  -1.68	 -0.002	0.99922							#	   1.98	  48.59	
    576	  12.40	  -1.78	 -0.003	0.99921							#	   1.81	  46.67	
    577	  12.58	  -1.77	 -0.002	0.99923							#	   1.99	  47.07	
    578	  12.59	  -1.74	  0.001	0.99921							#	   2.21	  48.74	
    579	  12.89	  -1.61	 -0.002	0.99957							#	   1.99	  48.28	
    580	  13.01	  -1.62	  0.001	0.99953							#	   1.97	  49.34	
    581	  12.92	  -1.56	  0.002	0.99949							#	   2.01	  47.98	
    582	  13.13	  -1.59	 -0.003	0.99939							#	   2.36	  47.53	
    583	  13.43	  -1.36	  0.001	0.99925							#	   2.18	  47.07	
    584	  13.34	  -1.34	 -0.001	0.99913							#	   2.06	  46.41	
    585	  13.34	  -1.30	  0.003	0.99917							#	   1.99	  47.58	
    586	  13.43	  -1.39	 -0.002	0.99913							#	   2.25	  45.56	
    587	  13.39	  -1.55	 -0.006	0.99910							#	   2.28	  44.39	
    588	  13.42	  -1.33	  0.002	0.99919							#	   2.05	  47.12	
    589	  13.50	  -1.19	  0.002	0.99923							#	   2.04	  46.36	
    590	  13.50	  -1.15	  0.001	0.99926							#	   2.21	  48.18	
    591	  13.31	  -1.13	  0.002	0.99961							#	   2.24	  45.05	
    592	  13.52	  -1.15	 -0.001	0.99963							#	   2.14	  43.59	
    593	  13.51	  -1.05	  0.005	0.99952							#	   2.32	  43.38	
    594	  13.40	  -1.08	  0.002	0.99960							#	   2.19	  45.00	
    595	  13.47	  -1.09	  0.000	0.99953							#	   2.38	  43.69	
    596	  13.41	  -1.07	  0.002	0.99957							#	   1.92	  42.93	
    597	  13.42	  -1.04	  0.003	0.99957							#	   2.21	  43.18	
    598	  13.39	  -0.98	  0.003	0.99957							#	   2.12	  44.55	
    599	  13.60	  -1.03	  0.003	0.99955							#	   2.05	  41.87	
    600	  13.48	  -0.93	  0.011	0.99924							#	   1.82	  44.60	
    601	  13.33	  -0.93	 -0.001	0.99957							#	   1.87	  42.12	
    602	  13.31	  -0.84	  0.001	0.99962							#	   2.09	  43.54	
    603	  13.24	  -0.86	  0.002	0.99959							#	   1.87	  43.13	
    604	  13.25	  -0.88	  0.003	0.99959							#	   1.90	  44.60	
    605	  13.27	  -0.92	  0.002	0.99958							#	   1.79	  44.09	
    606	  13.32	  -0.91	  0.002	0.99964							#	   1.90	  44.60	
    607	  13.28	  -1.04	  0.000	0.99959							#	   2.05	  44.65	
    608	  13.40	  -1.00	  0.002	0.99962							#	   1.90	  43.79	
    609	  13.33	  -1.03	  0.002	0.99961							#	   1.92	  43.08	
    610	  13.22	  -0.97	  0.003	0.99962							#	   1.90	  45.20	
    611	  13.37	  -0.87	  0.000	0.99959							#	   2.11	  43.03	
    612	  13.36	  -0.74	  0.005	0.99953							#	   2.04	  42.32	
    613	  13.36	  -0.75	  0.002	0.99926							#	   1.98	  43.99	
    614	  13.35	  -0.72	  0.005	0.99960							#	   2.02	  43.89	
    615	  13.20	  -0.70	  0.002	0.99954							#	   1.97	  44.39	
    616	  13.31	  -0.67	  0.004	0.99956							#	   2.18	  43.23	
    617	  13.21	  -0.62	  0.002	0.99969							#	   2.10	  44.39	
    618	  13.11	  -0.63	  0.002	0.99954							#	   1.92	  45.61	
    619	  12.91	  -0.67	  0.001	0.99954							#	   1.79	  45.91	
    620	  12.96	  -0.65	  0.001	0.99952							#	   1.99	  44.80	
    621	  12.76	  -0.60	 -0.001	0.99955							#	   2.26	  44.65	
    622	  12.44	  -0.52	  0.003	0.99938							#	   1.87	  44.75	
    623	  12.26	  -0.56	  0.004	0.99909							#	   1.76	  43.48	
    624	  12.31	  -0.56	  0.003	0.99919							#	   1.73	  44.09	
    625	  12.15	  -0.58	  0.000	0.99916							#	   1.87	  44.29	
    626	  12.33	  -0.49	  0.001	0.99972							#	   2.11	  47.53	
    627	  12.24	  -0.44	  0.004	0.99963							#	   1.93	  48.54	
    628	  12.05	  -0.55	  0.005	0.99971							#	   1.67	  47.37	
    629	  12.23	  -0.52	  0.006	0.99972							#	   1.82	  48.03	
    630	  12.25	  -0.56	  0.006	0.99967							#	   1.92	  47.22	
    631	  12.51	  -0.52	  0.005	0.99978							#	   2.11	  45.71	
    632	  12.37	  -0.53	  0.008	0.99978							#	   1.94	  48.13	
    633	  12.49	  -0.46	  0.007	0.99985							#	   1.85	  46.72	
    634	  12.70	  -0.60	  0.006	0.99987							#	   2.06	  46.46	
    635	  12.63	  -0.61	  0.010	0.99987							#	   2.24	  45.20	
    636	  12.86	  -0.65	  0.002	0.99985							#	   2.05	  44.19	
    637	  12.98	  -0.69	  0.007	0.99975							#	   2.36	  45.96	
    638	  12.91	  -0.73	  0.005	0.99971							#	   2.05	  45.00	
    639	  12.92	  -0.81	  0.007	0.99978							#	   2.09	  45.81	
    640	  12.73	  -0.86	  0.005	0.99985							#	   2.13	  43.99	
    641	  12.83	  -0.90	  0.006	0.99986							#	   2.38	  42.83	
    642	  12.78	  -0.96	  0.005	0.99987							#	   2.25	  44.04	
    643	  12.61	  -0.93	  0.005	0.99983							#	   2.04	  43.79	
    644	  12.57	  -0.94	  0.007	0.99974							#	   1.99	  44.04	
    645	  12.61	  -1.06	  0.003	0.99974							#	   2.07	  45.20	
    646	  12.46	  -1.06	  0.006	0.99979							#	   2.21	  45.00	
    647	  12.35	  -1.06	  0.001	0.99969							#	   2.23	  47.32	
    648	  12.36	  -1.00	  0.004	0.99923							#	   2.11	  46.62	
    649	  12.20	  -0.91	  0.009	0.99923							#	   2.17	  45.51	
    650	  12.31	  -1.00	  0.005	0.99968							#	   2.28	  45.51	
    651	  12.34	  -1.09	  0.005	0.99952							#	   2.31	  47.58	
    652	  12.29	  -1.06	  0.005	0.99964							#	   2.33	  44.39	
    653	  12.34	  -1.01	  0.002	0.99968							#	   2.19	  45.15	
    654	  12.35	  -0.93	  0.004	0.99969							#	   2.22	  43.94	
    655	  12.29	  -0.90	  0.004	0.99973							#	   2.20	  44.80	
    656	  12.28	  -0.75	  0.006	0.99964							#	   2.35	  44.75	
    657	  12.12	  -0.70	  0.008	0.99919							#	   2.38	  46.06	
    658	  12.27	  -0.69	  0.004	0.99925							#	   2.17	  46.82	
    659	  12.17	  -0.64	  0.006	0.99924							#	   2.22	  47.42	
    660	  12.09	  -0.70	  0.007	0.99918							#	   2.18	  45.71	
    661	  12.17	  -0.70	  0.004	0.99922							#	   2.32	  48.38	
    662	  12.31	  -0.64	  0.005	0.99933							#	   2.45	  45.05	
    663	  12.33	  -0.46	  0.006	0.99925							#	   2.20	  45.96	
    664	  12.38	  -0.43	  0.004	0.99931							#	   2.37	  44.75	
    665	  12.43	  -0.36	  0.007	0.99934							#	   2.32	  46.26	
    666	  12.39	  -0.38	  0.005	0.99927							#	   2.45	  45.25	
    667	  12.41	  -0.35	  0.004	0.99927							#	   2.40	  44.09	
    668	  12.59	  -0.27	 -0.001	0.99933							#	   2.49	  44.44	
    669	  12.59	  -0.17	  0.005	0.99931							#	   2.54	  43.03	
    670	  12.52	  -0.21	  0.002	0.99927							#	   2.32	  44.49	
    671	  12.60	  -0.21	  0.002	0.99921							#	   2.44	  43.18	
    672	  12.42	  -0.27	  0.001	0.99924							#	   2.39	  43.48	
    673	  12.43	  -0.28	  0.005	0.99919							#	   2.44	  43.28	
    674	  12.46	  -0.39	  0.002	0.99930							#	   2.37	  42.32	
    675	  12.42	  -0.36	  0.004	0.99926							#	   2.33	  43.99	
    676	  12.36	  -0.33	  0.000	0.99918							#	   2.22	  43.89	
    677	  12.36	  -0.25	  0.004	0.99927							#	   2.46	  42.12	
    678	  12.19	  -0.22	  0.003	0.99931							#	   2.31	  41.82	
    679	  12.47	  -0.25	 -0.000	0.99913							#	   2.45	  42.78	
    680	  12.46	  -0.25	  0.000	0.99986							#	   2.22	  39.90	
    681	  12.34	  -0.22	 -0.001	1.00010							#	   2.18	  38.08	
    682	  12.61	  -0.15	 -0.000	1.00006							#	   2.60	  41.97	
    683	  12.31	  -0.09	 -0.001	1.00048							#	   2.19	  42.63	
    684	  12.31	  -0.04	 -0.001	1.00091							#	   2.25	  42.98	
    685	  12.23	  -0.17	  0.001	1.00094							#	   2.43	  41.21	
    686	  12.50	  -0.03	 -0.002	1.00076							#	   2.27	  45.20	
    687	  12.33	  -0.08	 -0.002	1.00092							#	   2.49	  42.83	
    688	  12.58	   0.00	 -0.001	1.00094							#	   2.58	  44.75	
    689	  12.59	  -0.18	 -0.004	1.00084							#	   2.47	  42.42	
    690	  12.48	  -0.34	  0.001	1.00091							#	   2.52	  39.90	
    691	  12.48	  -0.31	 -0.007	1.00080							#	   2.41	  39.80	
    692	  12.86	  -0.42	  0.000	1.00087							#	   2.65	  42.73	
    693	  12.53	  -0.36	 -0.003	1.00107							#	   2.54	  41.92	
    694	  12.69	  -0.35	 -0.005	1.00069							#	   2.51	  41.01	
    695	  12.94	  -0.46	 -0.000	1.00073							#	   2.64	  41.57	
    696	  12.91	  -0.42	 -0.001	1.00065							#	   2.60	  41.21	
    697	  12.81	  -0.54	 -0.001	1.00063							#	   2.73	  42.02	
    698	  12.73	  -0.75	  0.001	1.00061							#	   2.56	  41.41	
    699	  12.44	  -0.74	  0.001	1.00072							#	   2.60	  42.02	
    700	  12.35	  -0.76	  0.000	1.00067							#	   2.48	  42.27	
    701	  12.37	  -0.78	 -0.003	1.00034							#	   2.42	  43.18	
    702	  12.24	  -0.86	  0.001	1.00076							#	   2.50	  43.18	
    703	  12.17	  -0.88	 -0.002	1.00075							#	   2.45	  43.13	
    704	  12.09	  -0.89	  0.000	1.00054							#	   2.48	  43.48	
    705	  11.87	  -0.91	  0.001	1.00054							#	   2.32	  43.43	
    706	  11.81	  -0.87	  0.001	1.00060							#	   2.28	  44.75	
    707	  11.84	  -0.95	  0.001	1.00064							#	   2.33	  43.54	
    708	  11.76	  -0.94	  0.002	1.00059							#	   2.31	  44.19	
    709	  11.81	  -0.88	  0.000	1.00058							#	   2.40	  45.10	
    710	  11.55	  -0.93	  0.001	1.00066							#	   2.23	  46.36	
    711	  11.67	  -0.88	  0.001	1.00064							#	   2.39	  45.30	
    712	  11.40	  -0.91	  0.003	1.00068							#	   2.21	  47.93	
    713	  11.45	  -0.97	 -0.001	1.00065							#	   2.15	  48.94	
    714	  11.29	  -1.07	 -0.001	1.00079							#	   2.22	  48.94	
    715	  11.22	  -1.07	 -0.002	1.00076							#	   2.20	  48.48	
    716	  11.06	  -1.07	  0.002	1.00081							#	   2.30	  51.26	
    717	  11.02	  -1.04	 -0.000	1.00086							#	   2.15	  49.19	
    718	  11.09	  -1.03	 -0.000	1.00083							#	   2.15	  50.71	
    719	  10.81	  -1.05	  0.002	1.00088							#	   2.14	  50.96	
    720	  10.91	  -0.90	 -0.003	1.00087							#	   2.32	  50.00	
    721	  11.07	  -0.98	  0.003	1.00080							#	   2.51	  51.67	
    722	  10.74	  -1.01	  0.004	1.00089							#	   2.26	  51.36	
    723	  10.70	  -0.77	 -0.002	1.00076							#	   2.13	  51.06	
    724	  10.87	  -0.78	  0.004	1.00082							#	   2.21	  50.86	
    725	  10.62	  -0.63	  0.003	1.00089							#	   2.12	  49.70	
    726	  10.42	  -0.49	 -0.002	1.00091							#	   2.24	  48.48	
    727	  10.53	  -0.43	  0.002	1.00091							#	   2.33	  49.29	
    728	  10.36	  -0.39	  0.002	1.00085							#	   2.22	  51.21	
    729	  10.41	  -0.36	  0.004	1.00083							#	   2.11	  50.71	
    730	  10.47	  -0.29	  0.001	1.00087							#	   2.03	  50.25	
    731	  10.53	  -0.28	  0.002	1.00095							#	   2.17	  50.56	
    732	  10.44	  -0.15	  0.001	1.00099							#	   2.35	  50.05	
    733	  10.56	  -0.07	  0.001	1.00089							#	   2.34	  52.12	
    734	  10.62	   0.02	  0.001	1.00069							#	   2.13	  52.02	
    735	  10.44	  -0.13	  0.004	1.00088							#	   2.01	  52.47	
    736	  10.43	  -0.10	  0.002	1.00074							#	   2.03	  51.06	
    737	  10.54	  -0.13	  0.002	1.00093							#	   2.24	  51.26	
    738	  10.68	  -0.01	 -0.002	1.00089							#	   2.37	  51.16	
    739	  10.74	  -0.09	  0.001	1.00089							#	   2.34	  52.22	
    740	  10.90	  -0.18	 -0.001	1.00084							#	   2.29	  51.11	
    741	  10.80	  -0.11	 -0.000	1.00096							#	   2.24	  50.81	
    742	  10.86	  -0.10	 -0.002	1.00091							#	   2.29	  49.14	
    743	  10.66	  -0.15	 -0.002	1.00094							#	   2.37	  50.66	
    744	  10.89	  -0.04	 -0.003	1.00080							#	   2.37	  49.85	
    745	  10.72	  -0.23	 -0.004	1.00097							#	   2.32	  50.71	
    746	  10.87	  -0.19	 -0.006	1.00070							#	   2.27	  52.32	
    747	  10.68	  -0.23	 -0.002	1.00079							#	   2.18	  48.89	
    748	  10.72	  -0.23	 -0.002	1.00085							#	   2.22	  50.71	
    749	  10.47	  -0.29	 -0.003	1.00095							#	   2.17	  50.81	
    750	  10.69	  -0.14	 -0.006	1.00089							#	   2.22	  52.22	
    751	  10.49	  -0.13	 -0.004	1.00090							#	   2.21	  50.76	
    752	  10.38	  -0.08	 -0.004	1.00086							#	   2.15	  51.67	
    753	  10.33	  -0.10	 -0.004	1.00096							#	   2.19	  50.10	
    754	  10.24	  -0.15	 -0.005	1.00089							#	   2.09	  51.77	
    755	  10.47	  -0.05	 -0.007	1.00090							#	   2.19	  50.66	
    756	  10.53	  -0.30	 -0.001	1.00075							#	   2.10	  50.91	
    757	  10.27	  -0.33	 -0.002	1.00084							#	   2.12	  49.44	
    758	  10.34	  -0.27	 -0.005	1.00080							#	   2.14	  50.45	
    759	  10.26	  -0.24	 -0.003	1.00085							#	   2.14	  51.06	
    760	  10.11	  -0.15	 -0.005	1.00073							#	   1.89	  52.53	
    761	  10.20	  -0.16	 -0.004	1.00075							#	   2.01	  53.43	
    762	  10.04	  -0.23	 -0.003	1.00070							#	   1.98	  53.28	
    763	   9.79	  -0.21	 -0.004	1.00069							#	   2.02	  54.04	
    764	  10.15	  -0.18	 -0.004	1.00059							#	   1.93	  55.05	
    765	   9.98	  -0.13	 -0.002	1.00072							#	   2.14	  55.76	
    766	   9.84	  -0.10	 -0.006	1.00052							#	   1.93	  55.40	
    767	   9.48	  -0.08	 -0.003	1.00064							#	   1.97	  53.28	
    768	   9.58	  -0.05	 -0.003	1.00060							#	   1.90	  55.56	
    769	   9.54	  -0.07	 -0.002	1.00061							#	   2.12	  55.91	
    770	   9.30	   0.01	 -0.003	1.00053							#	   1.85	  58.69	
    771	   9.32	   0.05	 -0.002	1.00055							#	   1.89	  58.84	
    772	   9.06	   0.11	 -0.001	1.00046							#	   1.84	  57.17	
    773	   9.08	   0.10	 -0.000	1.00042							#	   1.84	  58.69	
    774	   8.82	   0.15	 -0.000	1.00050							#	   1.72	  57.78	
    775	   8.70	   0.21	 -0.003	1.00042							#	   1.69	  58.18	
    776	   8.73	   0.23	 -0.000	1.00044							#	   1.78	  57.83	
    777	   8.34	   0.13	 -0.000	1.00037							#	   1.69	  59.04	
    778	   8.25	   0.22	  0.000	1.00037							#	   1.74	  57.93	
    779	   8.20	   0.22	 -0.001	1.00032							#	   1.71	  59.75	
    780	   8.00	   0.25	 -0.001	1.00036							#	   1.75	  58.38	
    781	   7.84	   0.35	  0.000	1.00034							#	   1.59	  61.41	
    782	   7.66	   0.35	 -0.001	1.00036							#	   1.64	  61.11	
    783	   7.58	   0.38	 -0.003	1.00037							#	   1.64	  60.56	
    784	   7.27	   0.37	 -0.001	1.00036							#	   1.54	  61.16	
    785	   7.33	   0.48	 -0.002	1.00032							#	   1.56	  62.17	
    786	   7.07	   0.36	  0.001	1.00029							#	   1.47	  62.98	
    787	   6.98	   0.37	  0.002	1.00025							#	   1.45	  65.56	
    788	   6.86	   0.59	 -0.004	1.00027							#	   1.44	  65.15	
    789	   6.56	   0.41	  0.001	1.00026							#	   1.37	  63.99	
    790	   6.49	   0.55	 -0.001	1.00028							#	   1.33	  64.14	
    791	   6.31	   0.48	  0.002	1.00022							#	   1.30	  64.14	
    792	   6.20	   0.53	 -0.003	1.00024							#	   1.34	  64.09	
    793	   6.16	   0.45	  0.000	1.00027							#	   1.30	  65.15	
    794	   5.91	   0.44	  0.002	1.00018							#	   1.20	  65.56	
    795	   5.93	   0.40	  0.000	1.00020							#	   1.22	  66.36	
    796	   5.93	   0.36	  0.001	1.00020							#	   1.43	  66.26	
    797	   5.71	   0.29	  0.002	1.00006							#	   1.25	  67.78	
    798	   5.30	   0.24	  0.002	1.00021							#	   1.10	  65.71	
    799	   5.20	   0.08	  0.000	1.00015							#	   1.01	  67.58	
    800	   5.64	   0.04	  0.000	1.00006							#	   1.11	  68.69	
    801	   5.39	   0.06	  0.003	1.00012							#	   1.49	  70.05	
    802	   5.07	   0.01	  0.002	1.00017							#	   0.98	  65.61	
    803	   5.10	  -0.11	  0.001	1.00008							#	   1.41	  69.80	
    804	   5.15	  -0.23	  0.002	1.00010							#	   1.13	  68.69	
    805	   4.99	  -0.34	  0.001	1.00013							#	   1.31	  69.85	
    806	   4.90	  -0.31	  0.002	1.00008							#	   1.13	  69.24	
    807	   4.89	  -0.50	  0.002	1.00014							#	   1.17	  68.94	
    808	   4.84	  -0.35	  0.001	1.00008							#	   1.16	  70.56	
    809	   4.71	  -0.43	  0.002	1.00010							#	   1.01	  68.84	
    810	   4.79	  -0.46	  0.002	1.00012							#	   1.01	  69.60	
    811	   4.70	  -0.47	  0.003	1.00001							#	   1.08	  69.75	
    812	   4.76	  -0.69	  0.003	1.00014							#	   1.14	  70.35	
    813	   4.64	  -0.77	  0.002	1.00014							#	   1.10	  68.43	
    814	   4.68	  -0.80	  0.001	1.00005							#	   1.22	  70.45	
    815	   3.20	  -0.67	  0.006	0.99962							#	   0.90	  70.10	
    816	   5.32	  -0.66	 -0.002	0.99968							#	   1.46	  67.78	
