      1	  -0.13	  -0.43	 -0.028	0.99964							#	   1.70	  61.87	
      2	  -0.28	  -0.71	 -0.027	0.99966							#	   2.35	  62.27	
      3	  -0.37	  -0.87	 -0.027	0.99970							#	   2.19	  61.57	
      4	  -0.51	  -0.93	 -0.027	0.99973							#	   2.19	  59.19	
      5	  -0.56	  -1.03	 -0.026	0.99975							#	   2.47	  58.79	
      6	  -0.73	  -1.07	 -0.026	0.99974							#	   2.19	  59.29	
      7	  -0.83	  -1.14	 -0.025	0.99970							#	   2.32	  59.34	
      8	  -0.80	  -1.10	 -0.025	0.99971							#	   2.28	  58.23	
      9	  -0.69	  -1.12	 -0.026	0.99969							#	   2.40	  58.74	
     10	  -0.57	  -1.32	 -0.025	0.99973							#	   2.53	  57.12	
     11	  -0.60	  -1.36	 -0.025	0.99968							#	   2.20	  57.12	
     12	  -0.50	  -1.34	 -0.026	0.99966							#	   2.34	  57.42	
     13	  -0.57	  -1.39	 -0.025	0.99964							#	   2.55	  56.72	
     14	  -0.52	  -1.50	 -0.026	0.99967							#	   2.35	  56.41	
     15	  -0.39	  -1.55	 -0.025	0.99968							#	   2.69	  56.41	
     16	  -0.55	  -1.52	 -0.024	0.99971							#	   2.58	  56.57	
     17	  -0.54	  -1.54	 -0.024	0.99970							#	   2.81	  54.65	
     18	  -0.46	  -1.55	 -0.025	0.99969							#	   2.86	  55.56	
     19	  -0.48	  -1.60	 -0.025	0.99970							#	   2.75	  54.75	
     20	  -0.53	  -1.61	 -0.027	0.99972							#	   2.93	  54.19	
     21	  -0.27	  -1.67	 -0.027	0.99978							#	   2.80	  54.19	
     22	  -0.29	  -1.65	 -0.027	0.99977							#	   2.66	  55.00	
     23	  -0.18	  -1.50	 -0.029	0.99972							#	   2.83	  54.85	
     24	  -0.10	  -1.26	 -0.029	0.99975							#	   2.56	  53.23	
     25	  -0.04	  -1.22	 -0.026	0.99964							#	   2.45	  54.49	
     26	  -0.17	  -0.96	 -0.025	0.99960							#	   2.51	  53.79	
     27	   0.04	  -0.85	 -0.025	0.99963							#	   2.26	  53.43	
     28	   0.24	  -0.61	 -0.022	0.99954							#	   2.04	  53.43	
     29	   0.24	  -0.66	 -0.025	0.99963							#	   2.23	  52.93	
     30	   0.57	  -0.73	 -0.027	0.99971							#	   2.01	  52.32	
     31	   0.45	  -0.82	 -0.027	0.99966							#	   2.04	  53.59	
     32	   0.16	  -0.88	 -0.028	0.99969							#	   2.28	  53.48	
     33	   0.15	  -0.73	 -0.028	0.99969							#	   2.16	  54.60	
     34	   0.05	  -0.47	 -0.028	0.99966							#	   2.10	  53.64	
     35	   0.19	  -0.38	 -0.024	0.99960							#	   2.30	  54.65	
     36	   0.32	  -0.31	 -0.023	0.99965							#	   2.37	  57.02	
     37	   0.48	  -0.11	 -0.022	0.99961							#	   2.25	  57.83	
     38	   0.43	  -0.16	 -0.019	0.99957							#	   2.11	  59.09	
     39	   0.52	  -0.02	 -0.018	0.99954							#	   2.15	  57.37	
     40	   0.34	  -0.09	 -0.017	0.99954							#	   2.58	  58.64	
     41	   0.07	  -0.11	 -0.018	0.99956							#	   2.26	  57.17	
     42	   0.28	  -0.18	 -0.019	0.99956							#	   2.28	  57.78	
     43	   0.52	  -0.23	 -0.016	0.99953							#	   2.88	  57.47	
     44	   0.10	  -0.27	 -0.016	0.99956							#	   2.44	  58.33	
     45	   0.14	  -0.32	 -0.018	0.99958							#	   2.54	  57.53	
     46	   0.01	  -0.45	 -0.016	0.99958							#	   2.99	  58.69	
     47	   0.08	  -0.57	 -0.016	0.99964							#	   2.40	  57.98	
     48	   0.09	  -0.63	 -0.017	0.99965							#	   2.49	  57.88	
     49	   0.17	  -0.74	 -0.015	0.99964							#	   2.68	  56.82	
     50	   0.13	  -0.88	 -0.013	0.99968							#	   2.27	  56.41	
     51	   0.04	  -0.91	 -0.013	0.99964							#	   2.29	  56.72	
     52	   0.14	  -0.96	 -0.012	0.99963							#	   2.16	  56.26	
     53	   0.23	  -0.97	 -0.011	0.99962							#	   1.77	  55.45	
     54	   1.26	  -1.31	 -0.010	0.99976							#	   1.56	  56.31	
     55	   0.11	  -1.15	 -0.009	0.99968							#	   1.62	  54.85	
     56	  -0.04	  -1.20	 -0.010	0.99972							#	   1.75	  54.55	
     57	   0.03	  -1.27	 -0.009	0.99970							#	   1.90	  53.59	
     58	  -0.43	  -1.31	 -0.009	0.99969							#	   2.29	  53.03	
     59	  -0.40	  -1.37	 -0.006	0.99968							#	   2.14	  52.47	
     60	  -0.53	  -1.38	 -0.007	0.99975							#	   2.38	  49.24	
     61	  -1.03	  -1.47	 -0.003	0.99964							#	   1.96	  54.80	
     62	  -0.57	  -1.41	 -0.005	0.99973							#	   2.01	  50.00	
     63	  -0.39	  -1.42	 -0.003	0.99979							#	   1.93	  49.04	
     64	  -0.47	  -1.42	 -0.003	0.99980							#	   1.88	  48.79	
     65	  -0.55	  -1.32	 -0.001	0.99981							#	   2.35	  48.69	
     66	  -0.34	  -1.37	 -0.001	0.99976							#	   1.78	  47.98	
     67	  -0.25	  -1.34	 -0.001	0.99981							#	   2.15	  46.41	
     68	  -0.48	  -1.15	  0.001	0.99975							#	   2.19	  47.88	
     69	  -0.46	  -1.15	  0.001	0.99977							#	   2.01	  48.03	
     70	  -0.30	  -0.96	  0.004	0.99968							#	   2.33	  46.87	
     71	  -0.65	  -1.00	  0.001	0.99957							#	   2.22	  44.34	
     72	  -1.06	  -1.15	 -0.001	0.99632							#	   3.30	  47.83	
     73	   0.58	  -1.58	  0.004	0.99953							#	   1.48	  46.36	
     74	  -1.10	  -1.30	 -0.003	0.99987							#	   1.80	  47.32	
     75	  -0.89	  -1.38	 -0.004	0.99983							#	   1.36	  45.81	
     76	  -0.80	  -1.43	 -0.005	0.99971							#	   1.70	  46.41	
     77	  -0.96	  -1.14	 -0.002	0.99968							#	   1.38	  45.66	
     78	  -0.90	  -1.05	  0.000	0.99965							#	   1.69	  46.77	
     79	  -0.91	  -0.68	  0.001	0.99968							#	   1.82	  46.67	
     80	  -0.99	  -0.40	  0.003	0.99970							#	   1.64	  48.74	
     81	  -0.92	  -0.29	  0.005	0.99963							#	   2.31	  50.56	
     82	  -0.93	  -0.26	  0.007	0.99965							#	   1.08	  50.86	
     83	  -0.94	  -0.18	  0.006	0.99959							#	   1.18	  51.21	
     84	  -1.05	  -0.11	  0.003	0.99862							#	   1.48	  51.97	
     85	  -0.31	  -0.46	  0.005	0.99929							#	   1.01	  51.77	
     86	  -0.91	  -0.40	  0.003	0.99960							#	   0.72	  54.44	
     87	  -1.05	  -0.54	  0.002	0.99967							#	   0.72	  57.78	
     88	  -1.19	  -0.54	  0.002	1.00107							#	   0.63	  55.15	
     89	  -1.40	  -0.39	 -0.000	0.99993							#	   0.60	  53.33	
     90	  -1.14	  -0.71	  0.000	0.99965							#	   0.59	  56.16	
     91	  -1.15	  -0.73	  0.001	0.99955							#	   0.53	  55.35	
     92	  -1.15	  -0.80	  0.001	0.99956							#	   0.61	  55.35	
     93	  -0.90	  -0.98	  0.001	0.99952							#	   0.62	  56.77	
     94	  -0.97	  -0.96	  0.001	0.99960							#	   0.64	  55.56	
     95	  -0.83	  -1.15	  0.000	0.99966							#	   0.76	  56.06	
     96	  -1.07	  -1.25	 -0.001	0.99962							#	   0.87	  57.17	
     97	  -1.01	  -1.42	 -0.003	0.99968							#	   0.80	  61.31	
     98	  -0.84	  -1.64	 -0.001	1.00311							#	   1.48	  51.72	
     99	  -2.30	  -1.28	 -0.002	0.99990							#	   0.70	  55.15	
    100	  -1.10	  -1.58	 -0.001	0.99968							#	   0.73	  54.24	
    101	  -1.35	  -1.78	 -0.002	0.99965							#	   0.86	  54.95	
    102	  -1.53	  -2.00	 -0.003	0.99968							#	   0.94	  55.20	
    103	  -1.51	  -1.98	 -0.004	0.99971							#	   0.91	  54.75	
    104	  -1.57	  -2.13	 -0.005	0.99975							#	   1.01	  54.04	
    105	  -1.52	  -2.05	 -0.006	0.99972							#	   1.01	  54.09	
    106	  -1.56	  -2.08	 -0.005	0.99983							#	   1.04	  53.43	
    107	  -1.75	  -2.16	 -0.005	0.99977							#	   1.01	  55.20	
    108	  -1.73	  -2.11	 -0.006	0.99976							#	   1.06	  54.29	
    109	  -1.52	  -1.98	 -0.006	0.99982							#	   1.00	  53.59	
    110	  -1.51	  -2.05	 -0.006	0.99970							#	   1.02	  54.75	
    111	  -1.49	  -2.14	 -0.008	0.99971							#	   1.04	  53.64	
    112	  -1.16	  -2.03	 -0.008	0.99981							#	   1.00	  52.78	
    113	  -1.04	  -2.02	 -0.009	0.99974							#	   1.09	  54.90	
    114	  -0.95	  -2.09	 -0.008	0.99970							#	   1.08	  55.45	
    115	  -0.96	  -2.16	 -0.008	0.99973							#	   1.10	  54.04	
    116	  -1.12	  -2.32	 -0.010	0.99970							#	   1.22	  54.49	
    117	  -1.11	  -2.85	 -0.014	0.99976							#	   1.24	  54.29	
    118	  -1.01	  -2.92	 -0.014	0.99976							#	   1.18	  55.25	
    119	  -0.83	  -2.79	 -0.015	0.99971							#	   1.21	  55.86	
    120	  -0.81	  -2.61	 -0.012	0.99968							#	   1.22	  54.80	
    121	  -0.82	  -2.61	 -0.012	0.99966							#	   1.19	  55.86	
    122	  -0.55	  -2.63	 -0.012	0.99967							#	   1.36	  56.31	
    123	  -0.47	  -2.44	 -0.010	0.99964							#	   1.32	  55.71	
    124	  -0.37	  -2.61	 -0.012	0.99966							#	   1.24	  56.97	
    125	  -0.62	  -2.44	 -0.013	0.99974							#	   1.33	  54.85	
    126	  -0.40	  -2.41	 -0.013	0.99972							#	   1.34	  56.82	
    127	  -0.04	  -2.18	 -0.010	0.99968							#	   1.40	  57.83	
    128	  -0.08	  -2.09	 -0.008	0.99968							#	   1.44	  57.42	
    129	   0.04	  -2.02	 -0.008	0.99964							#	   1.39	  57.93	
    130	   0.20	  -1.92	 -0.009	0.99963							#	   1.46	  58.38	
    131	   0.48	  -2.04	 -0.009	0.99961							#	   1.60	  58.18	
    132	   0.36	  -2.09	 -0.008	0.99970							#	   1.54	  59.24	
    133	   0.23	  -2.11	 -0.010	0.99967							#	   1.94	  58.74	
    134	   0.69	  -2.14	 -0.009	0.99970							#	   1.73	  60.20	
    135	   0.70	  -2.19	 -0.009	0.99974							#	   1.79	  59.14	
    136	   0.30	  -2.22	 -0.007	0.99969							#	   1.78	  59.95	
    137	   0.30	  -2.22	 -0.006	0.99972							#	   1.60	  59.49	
    138	   0.32	  -2.24	 -0.007	0.99972							#	   1.49	  59.90	
    139	   0.16	  -2.34	 -0.005	0.99970							#	   1.64	  60.66	
    140	   0.00	  -2.41	 -0.003	0.99968							#	   1.58	  60.96	
    141	  -0.26	  -2.53	 -0.003	0.99965							#	   1.83	  61.21	
    142	  -0.42	  -2.53	 -0.002	0.99967							#	   1.83	  59.55	
    143	  -0.38	  -2.59	 -0.003	0.99967							#	   1.75	  61.06	
    144	  -0.36	  -2.83	 -0.003	0.99971							#	   1.92	  59.65	
    145	  -0.22	  -3.08	 -0.005	0.99975							#	   1.79	  61.01	
    146	  -0.42	  -2.98	 -0.002	0.99969							#	   1.96	  60.30	
    147	  -0.43	  -3.08	 -0.007	0.99983							#	   1.79	  56.31	
    148	  -0.60	  -3.02	 -0.003	0.99970							#	   1.67	  58.59	
    149	  -0.43	  -3.13	 -0.004	0.99980							#	   1.77	  57.07	
    150	  -0.70	  -3.01	 -0.006	0.99979							#	   1.68	  56.01	
    151	  -0.82	  -3.03	 -0.006	0.99978							#	   1.65	  56.57	
    152	  -0.71	  -3.22	 -0.007	0.99981							#	   1.73	  56.31	
    153	  -0.78	  -3.27	 -0.008	0.99983							#	   1.85	  55.61	
    154	  -0.70	  -3.15	 -0.011	0.99986							#	   1.56	  56.06	
    155	  -0.55	  -3.32	 -0.014	0.99993							#	   1.67	  56.72	
    156	  -1.01	  -3.04	 -0.010	0.99996							#	   1.60	  54.60	
    157	  -0.90	  -2.97	 -0.012	0.99980							#	   1.68	  56.06	
    158	  -0.18	  -2.77	 -0.012	0.99981							#	   1.82	  56.31	
    159	  -0.67	  -2.56	 -0.013	0.99980							#	   1.61	  56.87	
    160	  -0.57	  -2.24	 -0.010	0.99984							#	   1.80	  56.72	
    161	  -0.68	  -2.05	 -0.008	0.99984							#	   2.05	  57.07	
    162	  -0.71	  -1.88	 -0.005	0.99971							#	   1.89	  57.63	
    163	  -0.38	  -1.74	 -0.004	0.99967							#	   1.94	  56.36	
    164	  -0.41	  -1.63	 -0.004	0.99969							#	   2.18	  56.67	
    165	  -0.66	  -1.68	 -0.007	0.99962							#	   1.90	  57.02	
    166	  -0.66	  -1.90	 -0.011	0.99971							#	   2.22	  56.41	
    167	  -0.75	  -1.95	 -0.011	0.99977							#	   2.35	  57.37	
    168	  -0.81	  -2.02	 -0.014	0.99980							#	   1.95	  56.46	
    169	  -1.04	  -1.82	 -0.011	0.99972							#	   2.67	  56.46	
    170	  -1.12	  -1.63	 -0.007	0.99974							#	   1.74	  55.76	
    171	  -1.26	  -1.31	 -0.002	0.99974							#	   1.82	  57.98	
    172	  -1.29	  -1.14	 -0.002	0.99967							#	   2.07	  58.99	
    173	  -1.34	  -1.06	 -0.002	0.99964							#	   2.05	  59.60	
    174	  -1.36	  -1.16	 -0.003	0.99967							#	   2.02	  60.81	
    175	  -1.62	  -1.15	 -0.005	0.99972							#	   1.64	  61.62	
    176	  -1.85	  -1.19	 -0.006	0.99971							#	   1.41	  62.42	
    177	  -1.84	  -1.26	 -0.007	0.99976							#	   1.29	  61.46	
    178	  -1.86	  -1.28	 -0.005	0.99973							#	   1.29	  61.92	
    179	  -2.00	  -1.24	 -0.005	0.99974							#	   1.26	  61.52	
    180	  -2.17	  -1.25	 -0.005	0.99972							#	   1.64	  60.96	
    181	  -2.00	  -1.34	 -0.006	0.99978							#	   1.55	  62.42	
    182	  -1.99	  -1.38	 -0.005	0.99978							#	   1.46	  62.22	
    183	  -2.01	  -1.47	 -0.006	0.99976							#	   1.53	  63.79	
    184	  -2.00	  -1.51	 -0.006	0.99978							#	   1.56	  62.73	
    185	  -2.04	  -1.54	 -0.005	0.99978							#	   1.38	  63.43	
    186	  -2.17	  -1.73	 -0.007	0.99975							#	   1.44	  64.95	
    187	  -2.36	  -1.74	 -0.005	0.99972							#	   1.46	  63.74	
    188	  -2.60	  -1.90	 -0.005	0.99975							#	   1.77	  64.44	
    189	  -2.75	  -1.84	 -0.005	0.99976							#	   1.57	  64.65	
    190	  -2.80	  -1.78	 -0.007	0.99975							#	   1.74	  62.98	
    191	  -2.84	  -1.76	 -0.007	0.99975							#	   1.94	  63.13	
    192	  -2.86	  -1.70	 -0.005	0.99980							#	   1.96	  62.02	
    193	  -2.83	  -1.80	 -0.004	0.99973							#	   2.12	  62.88	
    194	  -2.72	  -1.69	 -0.007	0.99974							#	   1.69	  62.88	
    195	  -2.47	  -1.85	 -0.006	0.99979							#	   2.03	  62.17	
    196	  -2.50	  -1.77	 -0.006	0.99974							#	   2.33	  63.99	
    197	  -2.29	  -1.66	 -0.005	0.99976							#	   2.48	  62.42	
    198	  -2.33	  -1.57	 -0.005	0.99975							#	   1.43	  62.78	
    199	  -2.38	  -1.33	 -0.002	0.99974							#	   1.47	  63.38	
    200	  -2.15	  -1.40	 -0.005	0.99978							#	   1.51	  63.74	
    201	  -1.98	  -1.36	 -0.004	0.99977							#	   1.58	  63.54	
    202	  -1.92	  -1.24	 -0.005	0.99973							#	   1.74	  62.63	
    203	  -1.83	  -1.33	 -0.006	0.99975							#	   2.00	  62.93	
    204	  -2.03	  -1.22	 -0.007	0.99979							#	   2.10	  61.62	
    205	  -1.98	  -1.54	 -0.009	0.99977							#	   1.88	  62.02	
    206	  -2.17	  -1.67	 -0.010	0.99975							#	   1.50	  61.72	
    207	  -2.08	  -1.60	 -0.009	0.99974							#	   1.65	  60.76	
    208	  -2.18	  -1.18	 -0.008	0.99974							#	   2.14	  61.87	
    209	  -2.16	  -1.09	 -0.004	0.99974							#	   1.82	  61.31	
    210	  -2.26	  -0.86	 -0.003	0.99966							#	   1.48	  61.11	
    211	  -1.72	  -0.94	 -0.003	0.99962							#	   1.09	  62.32	
    212	  -1.46	  -0.68	  0.000	0.99966							#	   0.95	  63.64	
    213	  -1.38	  -0.79	 -0.003	0.99963							#	   0.62	  64.55	
    214	  -1.30	  -0.69	 -0.001	0.99967							#	   0.60	  63.59	
    215	  -1.32	  -0.75	 -0.002	0.99968							#	   0.59	  64.14	
    216	  -1.40	  -0.93	 -0.003	0.99969							#	   0.57	  65.20	
    217	  -1.48	  -0.62	 -0.002	0.99967							#	   0.57	  64.49	
    218	  -1.36	  -0.63	 -0.002	0.99968							#	   0.70	  63.69	
    219	  -1.19	  -0.81	 -0.002	0.99966							#	   0.73	  64.70	
    220	  -1.20	  -0.95	 -0.004	0.99965							#	   0.75	  66.31	
    221	  -1.02	  -0.87	 -0.005	0.99971							#	   0.79	  66.21	
    222	  -0.80	  -0.95	 -0.005	0.99967							#	   0.78	  67.78	
    223	  -1.00	  -1.01	 -0.004	0.99972							#	   0.76	  67.12	
    224	  -1.17	  -1.12	 -0.003	0.99973							#	   0.81	  67.68	
    225	  -1.13	  -1.04	 -0.003	0.99972							#	   0.84	  67.32	
    226	  -1.07	  -1.15	 -0.002	0.99972							#	   0.87	  67.88	
    227	  -0.76	  -1.16	 -0.002	0.99971							#	   0.83	  69.44	
    228	  -0.94	  -1.40	 -0.001	0.99970							#	   0.80	  70.71	
    229	  -0.98	  -1.52	 -0.001	0.99970							#	   0.80	  70.35	
    230	  -0.98	  -1.73	 -0.002	0.99971							#	   0.86	  69.55	
    231	  -0.98	  -1.91	 -0.002	0.99972							#	   0.85	  69.80	
    232	  -0.99	  -2.03	 -0.001	0.99974							#	   0.90	  68.38	
    233	  -0.75	  -2.30	 -0.001	0.99979							#	   0.98	  68.89	
    234	  -0.55	  -2.49	 -0.002	0.99974							#	   0.88	  68.74	
    235	  -0.39	  -2.40	 -0.001	0.99978							#	   0.85	  67.68	
    236	  -0.12	  -2.48	 -0.002	0.99979							#	   0.85	  68.08	
    237	  -0.19	  -2.55	  0.000	0.99976							#	   0.85	  68.48	
    238	  -0.53	  -2.76	 -0.004	0.99976							#	   0.90	  70.25	
    239	  -0.51	  -2.77	 -0.003	0.99972							#	   0.96	  71.21	
    240	  -0.33	  -2.84	 -0.003	0.99974							#	   1.10	  68.38	
    241	  -0.06	  -3.00	 -0.001	0.99981							#	   0.90	  67.88	
    242	  -0.07	  -3.00	 -0.001	0.99978							#	   0.97	  68.38	
    243	   0.04	  -3.10	 -0.002	0.99983							#	   1.01	  66.97	
    244	   0.10	  -3.17	 -0.003	0.99983							#	   1.01	  68.48	
    245	   0.55	  -3.05	 -0.004	0.99995							#	   1.01	  65.91	
    246	   0.57	  -3.16	 -0.003	0.99984							#	   1.11	  65.86	
    247	   0.63	  -3.08	 -0.004	0.99976							#	   0.96	  66.82	
    248	   0.69	  -2.91	 -0.002	0.99984							#	   0.96	  66.26	
    249	   0.41	  -2.72	 -0.001	0.99979							#	   0.86	  65.51	
    250	   0.88	  -2.50	  0.003	0.99981							#	   0.77	  64.80	
    251	   0.95	  -2.38	  0.005	0.99976							#	   0.77	  66.52	
    252	   0.48	  -2.25	  0.006	0.99977							#	   0.71	  66.01	
    253	   0.54	  -2.38	  0.005	0.99975							#	   0.76	  65.25	
    254	   0.52	  -2.39	  0.003	0.99979							#	   0.82	  65.00	
    255	   0.30	  -2.38	 -0.001	0.99981							#	   0.85	  64.55	
    256	   0.27	  -2.62	 -0.005	0.99979							#	   0.90	  64.14	
    257	   0.22	  -2.65	 -0.004	0.99973							#	   0.88	  67.42	
    258	   0.31	  -2.55	 -0.004	0.99978							#	   0.84	  65.40	
    259	   0.25	  -2.33	 -0.000	0.99978							#	   0.79	  68.94	
    260	   0.10	  -1.99	  0.004	0.99979							#	   0.66	  67.63	
    261	   0.08	  -1.85	  0.008	0.99966							#	   0.63	  69.90	
    262	   0.08	  -1.69	  0.008	0.99981							#	   0.58	  67.78	
    263	   0.13	  -1.57	  0.008	0.99977							#	   0.55	  69.39	
    264	   0.21	  -1.47	  0.004	0.99979							#	   0.53	  68.84	
    265	   0.09	  -1.59	  0.001	0.99975							#	   0.53	  69.90	
    266	  -0.01	  -1.68	 -0.001	0.99974							#	   0.56	  69.75	
    267	  -0.30	  -2.09	 -0.003	0.99974							#	   0.61	  71.21	
    268	  -0.52	  -2.11	 -0.003	0.99982							#	   0.60	  70.86	
    269	  -0.53	  -2.15	 -0.002	0.99977							#	   0.67	  71.62	
    270	  -0.59	  -2.10	 -0.002	0.99978							#	   0.66	  70.81	
    271	  -0.52	  -2.11	 -0.000	0.99977							#	   0.58	  72.17	
    272	  -0.39	  -2.07	 -0.001	0.99979							#	   0.55	  71.11	
    273	  -0.25	  -2.08	  0.001	0.99982							#	   0.54	  71.21	
    274	  -0.19	  -2.05	  0.001	0.99981							#	   0.57	  70.61	
    275	  -0.17	  -2.14	  0.001	0.99981							#	   0.63	  69.90	
    276	  -0.25	  -2.21	  0.003	0.99984							#	   0.67	  70.05	
    277	  -0.37	  -2.20	  0.001	0.99979							#	   0.64	  71.31	
    278	  -0.51	  -2.41	  0.002	0.99981							#	   0.72	  69.90	
    279	  -0.64	  -2.44	  0.003	0.99980							#	   0.72	  70.51	
    280	  -0.87	  -2.45	  0.002	0.99976							#	   0.76	  70.56	
    281	  -0.85	  -2.48	  0.002	0.99977							#	   0.78	  70.35	
    282	  -0.85	  -2.61	  0.001	0.99983							#	   0.79	  69.65	
    283	  -1.01	  -2.52	  0.003	0.99978							#	   0.78	  69.19	
    284	  -1.15	  -2.65	  0.001	0.99978							#	   0.87	  69.19	
    285	  -0.91	  -2.65	  0.000	0.99976							#	   0.80	  68.69	
    286	  -1.13	  -2.56	  0.001	0.99978							#	   0.86	  68.08	
    287	  -1.03	  -2.75	  0.001	0.99977							#	   0.85	  68.28	
    288	  -1.06	  -2.74	  0.001	0.99978							#	   0.83	  69.60	
    289	  -0.77	  -2.59	  0.002	0.99977							#	   0.79	  69.65	
    290	  -0.63	  -2.48	  0.004	0.99977							#	   0.75	  70.56	
    291	  -0.65	  -2.53	  0.003	0.99975							#	   0.73	  69.90	
    292	  -0.37	  -2.32	  0.004	0.99980							#	   0.64	  71.06	
    293	  -0.24	  -2.25	  0.004	0.99979							#	   0.64	  70.10	
    294	  -0.03	  -2.45	  0.003	0.99976							#	   0.69	  69.90	
    295	  -0.25	  -2.33	  0.003	0.99980							#	   0.67	  70.25	
    296	  -0.47	  -2.59	 -0.002	0.99981							#	   0.76	  68.38	
    297	  -0.15	  -2.60	 -0.001	0.99981							#	   0.77	  67.58	
    298	  -0.21	  -2.55	 -0.003	0.99979							#	   0.76	  69.34	
    299	  -0.12	  -2.48	 -0.001	0.99976							#	   0.75	  69.04	
    300	  -0.23	  -2.31	  0.000	0.99979							#	   0.89	  68.08	
    301	  -0.17	  -2.38	  0.003	0.99974							#	   0.70	  70.10	
    302	  -0.11	  -2.17	  0.003	0.99972							#	   0.64	  69.29	
    303	   0.74	  -2.20	  0.003	0.99970							#	   0.67	  70.56	
    304	   0.37	  -2.17	  0.004	0.99969							#	   0.62	  71.26	
    305	   0.52	  -2.06	  0.002	0.99972							#	   0.56	  70.71	
    306	   0.85	  -1.95	  0.004	0.99979							#	   0.58	  70.56	
    307	   0.76	  -1.79	  0.006	0.99976							#	   0.50	  70.10	
    308	   0.74	  -1.81	  0.007	0.99977							#	   0.53	  70.25	
    309	   0.95	  -1.78	  0.005	0.99977							#	   0.52	  70.61	
    310	   1.09	  -1.85	  0.007	0.99974							#	   0.61	  71.82	
    311	   1.25	  -1.95	  0.005	0.99975							#	   0.63	  71.87	
    312	   1.37	  -2.11	  0.005	0.99973							#	   0.67	  73.54	
    313	   1.41	  -2.28	  0.003	0.99976							#	   0.71	  72.32	
    314	   1.53	  -2.37	  0.004	0.99974							#	   0.77	  72.02	
    315	   1.58	  -2.43	  0.005	0.99976							#	   0.75	  71.21	
    316	   1.71	  -2.36	  0.003	0.99981							#	   0.79	  72.53	
    317	   1.67	  -2.61	  0.004	0.99982							#	   0.82	  70.51	
    318	   1.42	  -2.66	  0.004	0.99979							#	   0.79	  69.09	
    319	   1.52	  -2.71	  0.006	0.99978							#	   0.80	  70.51	
    320	   1.75	  -2.63	  0.007	0.99979							#	   0.85	  71.16	
    321	   1.63	  -2.65	  0.008	0.99981							#	   0.77	  71.41	
    322	   1.47	  -2.63	  0.007	0.99977							#	   0.72	  71.06	
    323	   1.71	  -2.67	  0.008	0.99977							#	   0.74	  71.26	
    324	   1.96	  -2.77	  0.007	0.99987							#	   0.84	  72.07	
    325	   1.77	  -2.72	  0.007	0.99978							#	   0.76	  71.92	
    326	   1.50	  -2.98	  0.007	0.99974							#	   0.79	  72.83	
    327	   1.57	  -2.98	  0.005	0.99977							#	   0.80	  70.86	
    328	   1.78	  -3.21	  0.006	0.99984							#	   0.85	  72.53	
    329	   1.54	  -3.20	  0.007	0.99980							#	   0.85	  73.89	
    330	   1.28	  -3.33	  0.007	0.99979							#	   0.88	  72.47	
    331	   1.30	  -3.48	  0.008	0.99979							#	   0.88	  70.56	
    332	   1.33	  -3.44	  0.008	0.99982							#	   0.84	  71.52	
    333	   1.45	  -3.69	  0.006	0.99980							#	   0.95	  71.62	
    334	   1.52	  -3.55	  0.004	0.99986							#	   0.83	  70.61	
    335	   1.42	  -3.54	  0.004	0.99981							#	   0.85	  70.35	
    336	   1.22	  -3.65	  0.002	0.99985							#	   0.82	  71.77	
    337	   1.79	  -3.60	  0.003	0.99985							#	   0.91	  71.57	
    338	   1.65	  -3.54	  0.006	0.99979							#	   0.85	  70.81	
    339	   1.40	  -3.36	  0.005	0.99983							#	   0.81	  71.16	
    340	   1.35	  -3.17	  0.008	0.99980							#	   0.73	  71.82	
    341	   1.45	  -3.15	  0.008	0.99978							#	   0.74	  72.37	
    342	   1.77	  -2.99	  0.008	0.99976							#	   0.79	  70.15	
    343	   1.70	  -2.98	  0.007	0.99979							#	   0.79	  70.35	
    344	   1.61	  -3.22	  0.006	0.99981							#	   0.87	  70.20	
    345	   1.49	  -3.54	  0.004	0.99980							#	   0.90	  69.44	
    346	   1.33	  -3.64	  0.001	0.99980							#	   0.83	  69.60	
    347	   1.28	  -3.85	  0.000	0.99976							#	   0.96	  70.76	
    348	   1.41	  -3.50	  0.003	0.99980							#	   0.83	  69.34	
    349	   1.34	  -3.41	  0.007	0.99980							#	   0.82	  69.09	
    350	   1.36	  -3.38	  0.011	0.99976							#	   0.81	  71.16	
    351	   1.41	  -3.14	  0.012	0.99972							#	   0.74	  71.26	
    352	   1.42	  -3.12	  0.013	0.99974							#	   0.69	  70.86	
    353	   1.47	  -3.02	  0.011	0.99972							#	   0.69	  72.42	
    354	   1.33	  -3.06	  0.010	0.99975							#	   0.70	  71.01	
    355	   1.15	  -3.14	  0.008	0.99974							#	   0.69	  73.28	
    356	   1.06	  -3.32	  0.007	0.99983							#	   0.75	  70.91	
    357	   0.96	  -3.47	  0.008	0.99978							#	   0.84	  72.98	
    358	   0.51	  -3.54	  0.007	0.99979							#	   0.74	  71.41	
    359	   0.45	  -3.63	  0.008	0.99976							#	   0.79	  72.32	
    360	   0.34	  -3.74	  0.007	0.99980							#	   0.91	  70.35	
    361	   0.33	  -3.96	  0.007	0.99978							#	   0.76	  72.63	
    362	   0.16	  -4.03	  0.006	0.99981							#	   0.79	  72.53	
    363	   0.30	  -4.19	  0.006	0.99978							#	   0.81	  73.79	
    364	   0.33	  -4.28	  0.007	0.99978							#	   0.81	  74.04	
    365	   0.24	  -4.49	  0.011	0.99982							#	   0.91	  71.62	
    366	   0.23	  -4.56	  0.006	0.99987							#	   0.83	  71.21	
    367	   0.27	  -4.96	  0.003	0.99975							#	   0.96	  72.98	
    368	   0.03	  -5.36	 -0.001	0.99985							#	   1.02	  71.11	
    369	  -0.01	  -5.80	 -0.003	0.99984							#	   1.01	  72.32	
    370	   0.09	  -5.68	 -0.007	0.99985							#	   0.97	  71.92	
    371	   0.24	  -5.48	 -0.010	0.99983							#	   0.95	  71.26	
    372	   0.28	  -5.28	 -0.010	0.99984							#	   0.91	  71.21	
    373	   0.27	  -5.62	 -0.013	0.99988							#	   1.00	  71.41	
    374	   0.37	  -5.96	 -0.011	0.99987							#	   1.04	  71.46	
    375	   0.52	  -6.21	 -0.012	0.99993							#	   1.12	  70.56	
    376	   0.31	  -6.36	 -0.013	0.99986							#	   1.08	  70.15	
    377	   0.63	  -6.39	 -0.011	0.99989							#	   1.12	  68.79	
    378	   0.75	  -6.55	 -0.008	0.99986							#	   1.13	  69.70	
    379	   0.14	  -6.54	 -0.005	0.99979							#	   1.10	  69.34	
    380	   0.37	  -6.51	 -0.006	0.99981							#	   1.07	  68.84	
    381	   1.02	  -6.49	 -0.005	0.99984							#	   1.12	  69.55	
    382	   1.36	  -6.31	 -0.005	0.99986							#	   1.16	  70.35	
    383	   1.46	  -6.39	 -0.003	0.99982							#	   1.12	  70.00	
    384	   1.06	  -6.17	 -0.006	0.99991							#	   1.03	  69.95	
    385	   1.18	  -6.21	 -0.008	0.99987							#	   1.05	  70.25	
    386	   1.23	  -6.13	 -0.008	0.99983							#	   1.09	  70.96	
    387	   1.27	  -5.94	 -0.004	0.99980							#	   1.01	  70.25	
    388	   0.99	  -5.81	 -0.001	0.99977							#	   0.92	  70.15	
    389	   0.75	  -5.62	  0.006	0.99971							#	   0.92	  69.55	
    390	   0.75	  -5.67	  0.003	0.99969							#	   0.91	  69.29	
    391	   0.93	  -5.56	 -0.001	0.99974							#	   0.87	  69.09	
    392	   0.79	  -5.71	 -0.007	0.99977							#	   0.93	  70.96	
    393	   0.45	  -5.78	 -0.013	0.99980							#	   0.98	  70.61	
    394	   0.20	  -5.60	 -0.016	0.99985							#	   0.90	  69.95	
    395	   0.18	  -5.67	 -0.015	0.99984							#	   0.92	  69.65	
    396	   0.39	  -5.30	 -0.013	0.99983							#	   0.81	  71.06	
    397	   0.65	  -5.15	 -0.008	0.99976							#	   0.85	  71.01	
    398	   0.71	  -4.87	 -0.005	0.99978							#	   0.76	  71.21	
    399	   0.65	  -4.88	 -0.005	0.99974							#	   0.78	  71.16	
    400	   0.75	  -4.66	 -0.004	0.99971							#	   0.73	  71.57	
    401	   1.05	  -4.49	 -0.005	0.99976							#	   0.72	  71.82	
    402	   1.37	  -4.51	 -0.007	0.99976							#	   0.76	  72.27	
    403	   1.83	  -4.47	 -0.005	0.99974							#	   0.86	  72.68	
    404	   1.51	  -4.49	 -0.006	0.99980							#	   0.80	  72.53	
    405	   1.70	  -4.38	 -0.006	0.99982							#	   0.86	  71.67	
    406	   1.69	  -4.37	 -0.004	0.99981							#	   0.84	  72.68	
    407	   1.69	  -4.34	 -0.002	0.99981							#	   0.79	  73.18	
    408	   1.78	  -4.44	 -0.003	0.99982							#	   0.81	  73.64	
    409	   1.80	  -4.32	 -0.001	0.99980							#	   0.77	  72.07	
    410	   1.72	  -4.29	  0.000	0.99981							#	   0.74	  72.58	
    411	   1.76	  -4.43	 -0.002	0.99975							#	   0.76	  73.03	
    412	   1.58	  -4.80	 -0.000	0.99975							#	   0.80	  71.57	
    413	   1.69	  -4.84	 -0.001	0.99978							#	   0.86	  71.31	
    414	   2.43	  -5.03	  0.000	0.99979							#	   0.97	  70.56	
    415	   2.44	  -5.25	  0.001	0.99979							#	   0.90	  70.86	
    416	   2.28	  -5.37	 -0.001	0.99976							#	   0.93	  71.11	
    417	   2.46	  -5.80	 -0.002	0.99975							#	   1.08	  71.21	
    418	   2.76	  -5.81	  0.001	0.99974							#	   1.03	  70.25	
    419	   2.82	  -6.00	  0.000	0.99971							#	   1.10	  70.91	
    420	   2.80	  -6.04	 -0.001	0.99974							#	   1.07	  69.60	
    421	   2.87	  -6.16	 -0.001	0.99977							#	   1.04	  70.51	
    422	   3.03	  -6.49	 -0.003	0.99973							#	   1.12	  70.66	
    423	   3.09	  -6.57	 -0.006	0.99976							#	   1.06	  70.30	
    424	   3.07	  -6.66	 -0.005	0.99969							#	   1.15	  69.14	
    425	   3.11	  -6.56	 -0.005	0.99972							#	   1.07	  69.14	
    426	   3.19	  -6.48	 -0.006	0.99974							#	   1.14	  69.55	
    427	   3.29	  -6.49	 -0.003	0.99961							#	   1.10	  69.39	
    428	   3.48	  -6.13	 -0.003	0.99975							#	   1.05	  69.65	
    429	   3.32	  -5.91	 -0.001	0.99974							#	   1.00	  69.44	
    430	   3.38	  -5.75	 -0.000	0.99970							#	   0.94	  68.74	
    431	   3.07	  -5.65	  0.004	0.99970							#	   0.88	  68.94	
    432	   3.11	  -5.48	  0.004	0.99969							#	   0.87	  69.60	
    433	   3.04	  -5.09	  0.005	0.99969							#	   0.84	  69.14	
    434	   3.24	  -5.15	  0.006	0.99970							#	   0.89	  69.24	
    435	   3.06	  -5.35	  0.003	0.99967							#	   0.92	  70.91	
    436	   2.63	  -5.56	 -0.005	0.99966							#	   0.88	  71.41	
    437	   2.70	  -5.46	 -0.009	0.99970							#	   0.91	  70.86	
    438	   2.55	  -5.62	 -0.008	0.99967							#	   0.94	  71.82	
    439	   2.47	  -5.54	 -0.004	0.99968							#	   0.89	  71.62	
    440	   2.40	  -5.40	 -0.002	0.99965							#	   0.85	  71.46	
    441	   2.40	  -5.28	  0.000	0.99969							#	   0.84	  71.36	
    442	   2.18	  -5.10	  0.000	0.99973							#	   0.73	  70.56	
    443	   2.12	  -5.11	 -0.002	0.99971							#	   0.70	  71.41	
    444	   1.98	  -5.06	 -0.003	0.99972							#	   0.66	  71.21	
    445	   1.87	  -5.15	 -0.007	0.99977							#	   0.67	  70.40	
    446	   1.40	  -5.02	 -0.008	0.99973							#	   0.66	  70.05	
    447	   1.21	  -5.23	 -0.006	0.99972							#	   0.72	  70.71	
    448	   0.93	  -5.02	 -0.005	0.99976							#	   0.66	  71.06	
    449	   0.84	  -5.00	 -0.004	0.99971							#	   0.66	  70.96	
    450	   0.74	  -5.05	 -0.004	0.99972							#	   0.65	  70.66	
    451	   0.76	  -5.09	 -0.003	0.99974							#	   0.66	  70.30	
    452	   0.60	  -5.09	 -0.005	0.99972							#	   0.65	  69.70	
    453	   0.73	  -5.21	 -0.003	0.99969							#	   0.67	  69.60	
    454	   0.71	  -5.50	 -0.002	0.99971							#	   0.71	  70.51	
    455	   0.67	  -5.79	 -0.005	0.99970							#	   0.73	  69.85	
    456	   0.51	  -5.95	 -0.003	0.99971							#	   0.76	  70.66	
    457	   0.49	  -5.96	 -0.005	0.99971							#	   0.77	  70.45	
    458	   0.42	  -6.16	 -0.006	0.99974							#	   0.89	  69.39	
    459	   0.21	  -6.32	 -0.005	0.99968							#	   0.82	  70.05	
    460	   0.04	  -6.46	 -0.006	0.99968							#	   0.80	  68.84	
    461	  -0.26	  -6.54	 -0.007	0.99968							#	   0.85	  69.24	
    462	  -0.25	  -6.61	 -0.005	0.99969							#	   0.84	  68.13	
    463	  -0.41	  -6.72	 -0.005	0.99967							#	   0.85	  69.09	
    464	  -0.35	  -6.63	 -0.006	0.99969							#	   0.85	  68.84	
    465	  -0.40	  -6.85	 -0.004	0.99968							#	   0.83	  68.08	
    466	  -0.38	  -6.75	 -0.005	0.99969							#	   0.79	  68.03	
    467	  -0.35	  -6.69	 -0.003	0.99962							#	   0.87	  67.93	
    468	  -0.35	  -6.70	 -0.006	0.99966							#	   0.83	  66.87	
    469	  -0.36	  -6.57	 -0.003	0.99963							#	   0.78	  66.92	
    470	  -0.87	  -6.65	 -0.004	0.99966							#	   0.80	  67.63	
    471	  -0.78	  -6.67	 -0.002	0.99960							#	   0.80	  66.87	
    472	  -0.54	  -6.77	 -0.003	0.99965							#	   0.79	  67.12	
    473	  -0.60	  -6.78	 -0.005	0.99970							#	   0.82	  66.57	
    474	  -0.80	  -6.63	 -0.007	0.99962							#	   0.75	  66.21	
    475	  -0.71	  -6.78	 -0.008	0.99965							#	   0.73	  65.66	
    476	  -0.96	  -6.91	 -0.012	0.99969							#	   0.80	  65.20	
    477	  -0.65	  -7.02	 -0.016	0.99964							#	   0.90	  65.25	
    478	  -0.64	  -7.20	 -0.016	0.99970							#	   0.78	  64.75	
    479	  -0.73	  -7.29	 -0.016	0.99971							#	   0.78	  64.19	
    480	  -1.09	  -7.30	 -0.015	0.99968							#	   0.85	  63.18	
    481	  -1.09	  -7.34	 -0.009	0.99959							#	   0.78	  63.13	
    482	  -1.07	  -7.22	 -0.009	0.99958							#	   0.83	  63.64	
    483	  -0.60	  -7.24	 -0.007	0.99953							#	   0.79	  64.09	
    484	  -0.08	  -7.26	 -0.010	0.99957							#	   0.78	  63.33	
    485	  -0.32	  -7.30	 -0.012	0.99964							#	   0.82	  62.58	
    486	  -0.36	  -7.34	 -0.019	0.99965							#	   0.86	  62.58	
    487	   0.09	  -7.44	 -0.021	0.99976							#	   0.78	  62.02	
    488	   0.02	  -7.25	 -0.020	0.99976							#	   0.71	  61.87	
    489	  -0.29	  -7.30	 -0.018	0.99966							#	   0.70	  61.31	
    490	  -0.18	  -7.08	 -0.016	0.99965							#	   0.69	  61.77	
    491	   0.43	  -7.07	 -0.019	0.99967							#	   0.69	  62.58	
    492	   1.48	  -6.94	 -0.011	0.99966							#	   0.69	  61.36	
    493	   0.67	  -7.01	 -0.012	0.99956							#	   0.69	  61.01	
    494	   1.21	  -6.97	 -0.011	0.99964							#	   0.74	  60.61	
    495	   1.69	  -6.96	 -0.013	0.99959							#	   0.82	  60.35	
    496	   1.53	  -6.91	 -0.015	0.99961							#	   0.76	  60.96	
    497	   1.71	  -6.90	 -0.015	0.99959							#	   0.74	  59.70	
    498	   1.92	  -6.87	 -0.015	0.99962							#	   0.74	  59.85	
    499	   2.27	  -7.03	 -0.017	0.99966							#	   0.83	  59.39	
    500	   2.36	  -7.10	 -0.016	0.99961							#	   0.80	  59.65	
    501	   2.26	  -6.81	 -0.014	0.99962							#	   0.70	  58.79	
    502	   2.22	  -6.84	 -0.014	0.99967							#	   0.69	  58.23	
    503	   2.48	  -6.79	 -0.012	0.99958							#	   0.75	  57.88	
    504	   2.93	  -6.68	 -0.012	0.99965							#	   0.86	  55.61	
    505	   3.13	  -6.78	 -0.008	0.99965							#	   0.82	  56.82	
    506	   2.97	  -6.83	 -0.008	0.99958							#	   0.78	  56.11	
    507	   3.37	  -6.81	 -0.010	0.99963							#	   0.85	  55.51	
    508	   3.98	  -6.73	 -0.006	0.99960							#	   0.92	  54.85	
    509	   4.13	  -6.63	 -0.003	0.99958							#	   0.89	  52.93	
    510	   3.99	  -6.64	 -0.003	0.99959							#	   0.82	  52.58	
    511	   3.97	  -6.65	 -0.002	0.99959							#	   0.86	  52.47	
    512	   3.95	  -6.78	 -0.002	0.99962							#	   0.89	  51.72	
    513	   4.04	  -6.71	 -0.002	0.99957							#	   0.93	  52.83	
    514	   4.00	  -6.82	 -0.005	0.99959							#	   0.97	  52.83	
    515	   3.88	  -6.88	 -0.008	0.99962							#	   0.87	  52.32	
    516	   4.03	  -6.86	 -0.007	0.99965							#	   0.93	  51.36	
    517	   3.89	  -6.75	 -0.006	0.99960							#	   0.92	  52.12	
    518	   3.77	  -6.81	 -0.007	0.99957							#	   0.85	  51.36	
    519	   3.95	  -6.64	 -0.002	0.99955							#	   0.85	  51.46	
    520	   3.88	  -6.31	  0.002	0.99957							#	   0.79	  50.71	
    521	   4.00	  -6.40	  0.004	0.99951							#	   0.82	  50.81	
    522	   3.86	  -6.30	  0.004	0.99946							#	   0.81	  50.91	
    523	   3.89	  -6.44	  0.005	0.99955							#	   0.89	  48.74	
    524	   4.04	  -6.60	  0.002	0.99947							#	   0.89	  49.09	
    525	   4.14	  -6.80	 -0.001	0.99956							#	   0.94	  49.44	
    526	   4.06	  -7.02	 -0.004	0.99960							#	   0.94	  48.59	
    527	   4.00	  -7.29	 -0.007	0.99953							#	   0.93	  49.24	
    528	   3.85	  -7.72	 -0.007	0.99954							#	   0.94	  48.03	
    529	   3.73	  -7.54	 -0.006	0.99945							#	   0.92	  49.04	
    530	   4.00	  -7.27	  0.000	0.99953							#	   0.96	  46.97	
    531	   3.89	  -7.21	  0.004	0.99947							#	   0.93	  48.13	
    532	   3.51	  -7.01	  0.003	0.99952							#	   0.82	  47.02	
    533	   3.84	  -6.53	  0.006	0.99942							#	   0.84	  45.96	
    534	   3.59	  -6.28	  0.006	0.99948							#	   0.75	  47.22	
    535	   3.49	  -6.26	  0.004	0.99949							#	   0.72	  47.68	
    536	   3.03	  -6.11	  0.005	0.99960							#	   0.65	  46.62	
    537	   2.96	  -6.00	  0.002	0.99958							#	   0.64	  47.02	
    538	   2.62	  -5.92	 -0.005	0.99957							#	   0.56	  47.83	
    539	   2.22	  -5.82	  0.000	0.99954							#	   0.55	  47.27	
    540	   1.73	  -5.85	 -0.004	0.99955							#	   0.50	  46.26	
    541	   1.58	  -5.48	 -0.001	0.99952							#	   0.46	  46.46	
    542	   1.49	  -5.44	 -0.002	0.99956							#	   0.44	  46.41	
    543	   1.42	  -5.38	 -0.002	0.99954							#	   0.45	  45.56	
    544	   1.07	  -5.15	 -0.004	0.99965							#	   0.38	  46.31	
    545	   1.06	  -5.23	 -0.007	0.99963							#	   0.40	  46.21	
    546	   0.87	  -5.39	 -0.008	0.99965							#	   0.41	  45.86	
    547	   0.54	  -5.45	 -0.008	0.99959							#	   0.39	  45.56	
    548	   0.21	  -5.69	 -0.008	0.99964							#	   0.40	  45.45	
    549	   0.49	  -5.66	 -0.010	0.99967							#	   0.40	  45.30	
    550	   0.52	  -5.80	 -0.009	0.99967							#	   0.42	  44.95	
    551	   0.28	  -5.65	 -0.006	0.99960							#	   0.39	  44.34	
    552	   0.24	  -5.61	 -0.008	0.99965							#	   0.39	  44.14	
    553	   0.20	  -5.56	 -0.008	0.99961							#	   0.40	  43.64	
    554	  -0.08	  -5.68	 -0.009	0.99968							#	   0.37	  43.28	
    555	  -0.36	  -5.64	 -0.011	0.99967							#	   0.37	  42.88	
    556	  -0.82	  -5.67	 -0.009	0.99967							#	   0.38	  42.78	
    557	  -0.84	  -5.70	 -0.011	0.99966							#	   0.39	  42.32	
    558	  -1.05	  -5.57	 -0.010	0.99967							#	   0.38	  42.42	
    559	  -1.28	  -5.42	 -0.009	0.99966							#	   0.38	  41.92	
    560	  -1.31	  -5.53	 -0.008	0.99967							#	   0.40	  42.27	
    561	  -1.29	  -5.38	 -0.008	0.99967							#	   0.39	  41.57	
    562	  -1.43	  -5.34	 -0.008	0.99968							#	   0.38	  41.82	
    563	  -1.24	  -4.97	 -0.006	0.99965							#	   0.34	  39.19	
    564	  -1.28	  -5.02	 -0.005	0.99965							#	   0.32	  39.29	
    565	  -1.29	  -4.91	 -0.005	0.99959							#	   0.32	  39.44	
    566	  -1.39	  -4.98	 -0.005	0.99959							#	   0.33	  39.44	
    567	  -1.43	  -4.95	 -0.004	0.99960							#	   0.34	  39.39	
    568	  -1.54	  -4.90	 -0.008	0.99973							#	   0.33	  40.61	
    569	  -1.56	  -4.93	 -0.011	0.99973							#	   0.35	  40.40	
    570	  -1.61	  -5.09	 -0.013	0.99979							#	   0.35	  39.85	
    571	  -1.89	  -5.07	 -0.014	0.99975							#	   0.38	  38.28	
    572	  -2.10	  -5.06	 -0.015	0.99977							#	   0.40	  37.93	
    573	  -1.84	  -5.10	 -0.014	0.99969							#	   0.39	  37.58	
    574	  -1.73	  -5.14	 -0.015	0.99975							#	   0.37	  39.34	
    575	  -1.81	  -5.19	 -0.013	0.99970							#	   0.38	  37.83	
    576	  -1.91	  -5.22	 -0.012	0.99970							#	   0.39	  37.73	
    577	  -1.84	  -5.27	 -0.013	0.99963							#	   0.37	  39.09	
    578	  -1.54	  -5.33	 -0.012	0.99970							#	   0.36	  37.63	
    579	  -1.54	  -5.61	 -0.009	0.99966							#	   0.41	  37.17	
    580	  -1.35	  -5.72	 -0.010	0.99969							#	   0.41	  38.74	
    581	  -1.02	  -5.84	 -0.011	0.99965							#	   0.42	  38.43	
    582	  -0.48	  -6.02	 -0.009	0.99962							#	   0.43	  38.13	
    583	  -0.33	  -6.37	 -0.012	0.99959							#	   0.47	  37.78	
    584	  -0.22	  -6.60	 -0.009	0.99961							#	   0.48	  37.22	
    585	  -0.48	  -6.81	 -0.008	0.99965							#	   0.51	  36.62	
    586	  -0.19	  -6.96	 -0.010	0.99958							#	   0.53	  36.87	
    587	   0.27	  -6.90	 -0.007	0.99960							#	   0.52	  36.06	
    588	   0.53	  -6.94	 -0.006	0.99960							#	   0.54	  36.06	
    589	   0.47	  -6.78	 -0.003	0.99959							#	   0.51	  35.96	
    590	   0.68	  -6.91	 -0.001	0.99950							#	   0.56	  36.06	
    591	   1.19	  -6.99	 -0.003	0.99953							#	   0.61	  35.40	
    592	   1.34	  -6.95	 -0.001	0.99947							#	   0.62	  35.00	
    593	   1.37	  -6.93	 -0.000	0.99949							#	   0.61	  34.24	
    594	   1.31	  -6.87	  0.001	0.99951							#	   0.60	  34.49	
    595	   1.38	  -6.69	  0.001	0.99942							#	   0.55	  33.43	
    596	   1.99	  -6.29	  0.007	0.99943							#	   0.55	  32.73	
    597	   1.67	  -6.22	  0.012	0.99937							#	   0.54	  32.68	
    598	   1.43	  -6.22	  0.007	0.99946							#	   0.48	  32.47	
    599	   1.50	  -6.02	  0.010	0.99940							#	   0.48	  32.27	
    600	   1.21	  -6.02	  0.008	0.99947							#	   0.51	  31.72	
    601	   1.49	  -6.19	  0.007	0.99941							#	   0.53	  32.07	
    602	   1.38	  -6.18	  0.006	0.99954							#	   0.50	  32.02	
    603	   1.31	  -6.06	  0.003	0.99949							#	   0.48	  31.36	
    604	   1.30	  -6.01	  0.001	0.99956							#	   0.46	  31.46	
    605	   1.27	  -5.95	  0.005	0.99950							#	   0.46	  31.06	
    606	   1.34	  -5.54	  0.006	0.99958							#	   0.39	  30.81	
    607	   1.71	  -5.05	  0.016	0.99942							#	   0.39	  30.25	
    608	   1.87	  -4.90	  0.010	0.99946							#	   0.37	  30.56	
    609	   1.78	  -4.49	  0.010	0.99939							#	   0.35	  30.25	
    610	   2.14	  -4.65	  0.003	0.99960							#	   0.36	  30.10	
    611	   1.99	  -4.72	  0.001	0.99955							#	   0.37	  29.85	
    612	   1.96	  -4.73	 -0.002	0.99957							#	   0.37	  29.34	
    613	   1.83	  -4.72	 -0.003	0.99957							#	   0.34	  28.89	
    614	   1.93	  -4.41	  0.002	0.99954							#	   0.33	  29.09	
    615	   2.02	  -3.98	  0.004	0.99956							#	   0.31	  29.29	
    616	   1.99	  -3.66	  0.004	0.99954							#	   0.26	  28.99	
    617	   2.11	  -3.45	  0.006	0.99958							#	   0.27	  28.79	
    618	   2.27	  -3.20	  0.005	0.99961							#	   0.26	  28.59	
    619	   2.33	  -2.91	  0.004	0.99954							#	   0.25	  28.54	
    620	   2.26	  -2.75	  0.001	0.99964							#	   0.25	  28.43	
    621	   2.35	  -2.58	  0.002	0.99955							#	   0.26	  28.38	
    622	   2.34	  -2.38	 -0.000	0.99960							#	   0.24	  28.23	
    623	   2.30	  -2.34	  0.003	0.99958							#	   0.23	  27.98	
    624	   2.25	  -2.26	  0.004	0.99963							#	   0.21	  27.83	
    625	   1.93	  -2.20	  0.004	0.99962							#	   0.18	  27.63	
    626	   1.43	  -2.28	 -0.005	0.99958							#	   0.14	  27.37	
    627	   1.17	  -2.16	 -0.003	0.99965							#	   0.11	  27.17	
    628	   0.98	  -2.33	 -0.005	0.99978							#	   0.10	  27.42	
    629	   0.59	  -2.22	 -0.010	0.99971							#	   0.09	  27.63	
    630	   0.41	  -2.22	 -0.011	0.99969							#	   0.08	  27.27	
    631	   0.14	  -2.05	 -0.010	0.99981							#	   0.06	  27.07	
    632	  -0.08	  -1.79	 -0.011	0.99979							#	   0.06	  27.42	
    633	  -0.17	  -1.52	 -0.012	0.99985							#	   0.06	  27.22	
    634	  -0.29	  -1.41	 -0.011	0.99982							#	   0.05	  27.12	
    635	  -0.18	  -1.34	 -0.014	0.99994							#	   0.05	  26.92	
    636	  -0.62	  -1.21	 -0.016	0.99976							#	   0.05	  26.77	
    637	  -0.79	  -1.16	 -0.020	0.99982							#	   0.05	  27.07	
    638	  -0.87	  -1.10	 -0.018	0.99979							#	   0.05	  26.72	
    639	  -1.06	  -1.06	 -0.021	0.99993							#	   0.07	  26.62	
    640	  -1.23	  -0.88	 -0.019	0.99998							#	   0.07	  26.62	
    641	  -1.37	  -1.06	 -0.022	0.99996							#	   0.09	  26.46	
    642	  -1.88	  -0.96	 -0.029	0.99993							#	   0.12	  26.46	
    643	  -1.91	  -1.01	 -0.030	0.99999							#	   0.13	  26.67	
    644	  -1.95	  -1.12	 -0.030	1.00000							#	   0.13	  26.77	
    645	  -2.30	  -1.02	 -0.027	1.00000							#	   0.17	  26.41	
    646	  -2.41	  -0.99	 -0.028	0.99999							#	   0.19	  26.26	
    647	  -2.34	  -0.88	 -0.027	0.99999							#	   0.19	  26.21	
    648	  -2.65	  -1.06	 -0.028	0.99994							#	   0.22	  26.46	
    649	  -2.91	  -0.95	 -0.029	0.99992							#	   0.24	  26.52	
    650	  -3.04	  -1.05	 -0.029	0.99995							#	   0.26	  26.46	
    651	  -2.88	  -0.68	 -0.031	1.00001							#	   0.24	  26.46	
    652	  -2.57	  -0.47	 -0.027	0.99993							#	   0.20	  26.16	
    653	  -2.41	  -0.27	 -0.023	1.00005							#	   0.18	  25.91	
    654	  -2.56	  -0.08	 -0.025	1.00007							#	   0.18	  26.16	
    655	  -2.05	  -0.64	 -0.032	1.00021							#	   0.13	  26.31	
