      1	   1.19	  -1.03	  0.006	1.00007							#	   0.13	  57.88	
      2	   1.04	  -1.07	  0.005	1.00006							#	   0.36	  57.27	
      3	   1.23	  -1.05	  0.004	1.00008							#	   0.35	  56.72	
      4	   1.02	  -1.23	  0.002	1.00009							#	   0.30	  57.47	
      5	   0.95	  -1.20	 -0.001	1.00005							#	   0.28	  55.81	
      6	   0.81	  -1.21	 -0.002	1.00006							#	   0.25	  56.67	
      7	   0.97	  -1.17	  0.001	1.00003							#	   0.31	  56.01	
      8	   1.01	  -1.26	  0.002	1.00003							#	   0.29	  56.57	
      9	   0.90	  -1.17	 -0.000	1.00004							#	   0.32	  56.57	
     10	   0.88	  -1.18	  0.001	1.00005							#	   0.26	  54.90	
     11	   1.00	  -1.05	 -0.000	1.00004							#	   0.24	  53.08	
     12	   0.96	  -1.08	 -0.000	1.00001							#	   0.37	  51.67	
     13	   0.99	  -1.01	  0.001	1.00006							#	   0.47	  51.87	
     14	   1.09	  -1.11	 -0.001	1.00007							#	   0.44	  51.57	
     15	   1.06	  -1.04	  0.000	1.00006							#	   0.40	  50.25	
     16	   0.96	  -1.24	 -0.002	1.00005							#	   0.38	  50.96	
     17	   0.97	  -1.27	 -0.002	1.00008							#	   0.38	  50.66	
     18	   1.03	  -1.13	 -0.003	1.00003							#	   0.43	  50.45	
     19	   0.99	  -1.05	 -0.003	1.00008							#	   0.55	  51.67	
     20	   0.90	  -1.17	 -0.003	1.00008							#	   0.73	  51.72	
     21	   0.97	  -1.26	 -0.002	1.00007							#	   0.85	  52.98	
     22	   0.93	  -1.20	 -0.002	1.00013							#	   0.72	  52.63	
     23	   0.70	  -1.25	 -0.004	1.00015							#	   0.61	  55.76	
     24	   0.76	  -1.31	 -0.004	1.00016							#	   0.46	  56.77	
     25	   0.88	  -1.23	 -0.005	1.00017							#	   0.32	  55.66	
     26	   0.96	  -1.28	 -0.005	1.00020							#	   0.25	  58.28	
     27	   1.04	  -1.30	 -0.004	1.00017							#	   0.36	  57.07	
     28	   1.15	  -1.37	 -0.004	1.00017							#	   0.49	  55.71	
     29	   0.98	  -1.32	 -0.004	1.00018							#	   0.45	  55.61	
     30	   1.08	  -1.05	  0.001	1.00012							#	   1.09	  47.98	
     31	   1.43	  -0.10	  0.019	1.00032							#	   1.50	  42.98	
     32	   1.30	  -0.99	 -0.003	1.00014							#	   0.37	  48.99	
     33	   1.20	  -1.29	 -0.006	1.00016							#	   0.19	  56.16	
     34	   1.06	  -1.27	 -0.006	1.00015							#	   0.21	  58.48	
     35	   1.71	  -1.84	 -0.004	0.99445							#	   2.56	  32.98	
     36	   2.47	  -1.24	  0.005	1.00009							#	   0.10	  53.89	
     37	   0.71	  -1.10	 -0.011	1.00022							#	   0.11	  56.57	
     38	   1.05	  -1.14	 -0.009	1.00019							#	   0.13	  55.96	
     39	   1.04	  -1.13	 -0.008	1.00019							#	   0.12	  57.73	
     40	   0.95	  -1.14	 -0.010	1.00012							#	   0.12	  57.37	
     41	   0.92	  -1.07	 -0.011	1.00009							#	   0.31	  56.72	
     42	   0.87	  -1.11	 -0.012	1.00008							#	   0.45	  56.72	
     43	   1.02	  -1.08	 -0.013	1.00008							#	   0.54	  54.80	
     44	   0.99	  -0.99	 -0.015	0.99999							#	   0.58	  55.25	
     45	   0.97	  -0.99	 -0.014	0.99999							#	   0.57	  55.76	
     46	   0.99	  -1.07	 -0.010	0.99998							#	   0.52	  54.34	
     47	   1.00	  -1.02	 -0.010	0.99999							#	   0.48	  53.13	
     48	   1.05	  -1.00	 -0.010	0.99995							#	   0.44	  53.99	
     49	   1.08	  -0.92	 -0.012	0.99999							#	   0.29	  56.67	
     50	   1.08	  -1.03	 -0.009	0.99999							#	   0.32	  53.08	
     51	   0.97	  -1.06	 -0.005	1.00001							#	   0.44	  47.42	
     52	   0.86	  -1.09	 -0.006	1.00001							#	   0.49	  47.27	
     53	   0.88	  -1.04	 -0.006	1.00006							#	   0.48	  47.42	
     54	   0.97	  -1.09	 -0.006	1.00001							#	   0.51	  48.03	
     55	   0.94	  -1.04	 -0.011	1.00005							#	   0.42	  49.75	
     56	   0.07	  -0.56	  0.001	1.00175							#	   0.67	  42.93	
     57	   0.98	  -0.98	 -0.004	0.99995							#	   0.23	  50.35	
     58	   1.11	  -0.96	 -0.008	0.99993							#	   0.24	  54.04	
     59	   1.15	  -0.99	 -0.005	0.99987							#	   0.35	  51.16	
     60	   1.32	  -1.26	 -0.001	0.99928							#	   0.69	  46.46	
     61	   1.32	  -1.04	 -0.009	0.99953							#	   0.71	  52.63	
     62	   1.16	  -0.94	 -0.010	0.99985							#	   0.60	  54.04	
     63	   1.20	  -0.97	 -0.006	0.99996							#	   0.71	  53.33	
     64	   1.14	  -0.97	 -0.009	1.00002							#	   0.65	  54.09	
     65	   1.14	  -1.00	 -0.007	1.00001							#	   0.39	  53.89	
     66	   1.12	  -1.00	 -0.006	1.00000							#	   0.32	  53.99	
     67	   1.05	  -0.89	 -0.009	1.00003							#	   0.29	  55.00	
     68	   1.01	  -0.90	 -0.008	0.99997							#	   0.25	  57.07	
     69	   1.06	  -0.91	 -0.009	0.99996							#	   0.24	  58.28	
     70	   1.00	  -0.87	 -0.009	0.99999							#	   0.23	  59.49	
     71	   1.04	  -0.95	 -0.007	0.99996							#	   0.23	  59.39	
     72	   1.04	  -0.96	 -0.008	0.99993							#	   0.24	  60.35	
     73	   1.10	  -0.94	 -0.006	0.99993							#	   0.26	  59.85	
     74	   1.18	  -0.93	 -0.006	0.99993							#	   0.26	  60.40	
     75	   1.23	  -0.89	 -0.006	0.99995							#	   0.24	  59.85	
     76	   1.27	  -0.87	 -0.005	0.99991							#	   0.24	  60.86	
     77	   1.25	  -0.80	 -0.005	0.99987							#	   0.22	  61.21	
     78	   1.23	  -0.91	 -0.003	0.99994							#	   0.26	  61.36	
     79	   1.14	  -0.91	 -0.003	0.99997							#	   0.25	  62.63	
     80	   1.13	  -0.91	 -0.003	0.99998							#	   0.27	  62.88	
     81	   1.14	  -0.90	 -0.001	0.99997							#	   0.31	  60.81	
     82	   1.08	  -0.87	  0.000	0.99999							#	   0.31	  58.69	
     83	   1.18	  -0.88	 -0.000	1.00001							#	   0.32	  59.29	
     84	   1.17	  -0.81	 -0.001	1.00003							#	   0.34	  60.05	
     85	   1.16	  -0.96	 -0.001	1.00003							#	   0.39	  59.90	
     86	   1.09	  -0.94	  0.001	1.00003							#	   0.33	  59.39	
     87	   1.09	  -1.01	 -0.002	1.00005							#	   0.27	  59.14	
     88	   1.00	  -1.06	 -0.001	1.00006							#	   0.25	  58.74	
     89	   1.01	  -1.10	 -0.001	1.00006							#	   0.30	  59.39	
     90	   1.09	  -1.00	 -0.001	1.00006							#	   0.28	  59.14	
     91	   1.10	  -1.05	 -0.000	1.00008							#	   0.30	  59.55	
     92	   1.11	  -1.06	 -0.000	1.00008							#	   0.30	  58.79	
     93	   0.99	  -1.06	 -0.002	1.00011							#	   0.31	  57.53	
     94	   0.97	  -1.01	 -0.001	1.00013							#	   0.31	  58.13	
     95	   0.92	  -1.09	 -0.004	1.00014							#	   0.38	  57.37	
     96	   0.88	  -1.05	 -0.002	1.00012							#	   0.44	  56.77	
     97	   0.96	  -0.91	 -0.003	1.00017							#	   0.43	  58.54	
     98	   0.97	  -0.88	 -0.002	1.00012							#	   0.35	  58.08	
     99	   0.95	  -0.87	 -0.002	1.00011							#	   0.31	  60.30	
    100	   0.93	  -0.91	 -0.002	1.00012							#	   0.35	  61.21	
    101	   0.80	  -0.74	 -0.003	1.00017							#	   0.41	  61.62	
    102	   0.18	   0.11	  0.000	1.00478							#	   1.55	  49.04	
    103	  -1.12	  -0.73	 -0.001	1.00049							#	   0.27	  56.01	
    104	   1.82	  -0.82	 -0.004	1.00004							#	   0.28	  61.72	
    105	   1.17	  -0.91	  0.001	0.99995							#	   0.29	  60.71	
    106	   0.91	  -0.72	 -0.003	1.00003							#	   0.29	  60.56	
    107	   1.10	  -0.76	 -0.001	1.00007							#	   0.27	  59.60	
    108	   1.08	  -0.78	  0.002	1.00006							#	   0.35	  59.85	
    109	   1.11	  -0.75	  0.002	1.00009							#	   0.34	  61.52	
    110	   1.23	  -0.67	  0.002	1.00008							#	   0.42	  58.48	
    111	   1.18	  -0.65	  0.003	1.00004							#	   0.45	  59.04	
    112	   1.12	  -0.66	  0.003	1.00004							#	   0.55	  58.18	
    113	   1.14	  -0.70	  0.003	1.00005							#	   0.55	  58.48	
    114	   1.23	  -0.75	  0.002	1.00003							#	   0.53	  57.37	
    115	   1.20	  -0.78	  0.001	1.00002							#	   0.50	  57.17	
    116	   1.21	  -0.77	  0.003	1.00002							#	   0.45	  56.92	
    117	   1.23	  -0.76	  0.003	1.00001							#	   0.45	  57.37	
    118	   1.21	  -0.78	  0.003	0.99994							#	   0.46	  56.92	
    119	   1.18	  -0.78	  0.003	0.99995							#	   0.43	  57.02	
    120	   1.08	  -0.80	  0.002	0.99999							#	   0.52	  51.11	
    121	   1.28	  -0.69	  0.002	0.99997							#	   0.42	  54.90	
    122	   1.26	  -0.65	  0.004	0.99998							#	   0.42	  54.24	
    123	   1.27	  -0.66	  0.004	0.99994							#	   0.43	  54.75	
    124	   1.32	  -0.54	  0.002	0.99995							#	   0.40	  55.40	
    125	   1.37	  -0.53	  0.003	0.99995							#	   0.38	  54.75	
    126	   1.36	  -0.59	  0.003	0.99996							#	   0.42	  53.23	
    127	   1.28	  -0.56	  0.003	0.99996							#	   0.45	  53.79	
    128	   1.26	  -0.54	  0.004	0.99995							#	   0.39	  55.25	
    129	   1.32	  -0.58	  0.001	0.99992							#	   0.33	  56.41	
    130	   1.33	  -0.51	  0.002	0.99998							#	   0.34	  55.76	
    131	   1.30	  -0.54	  0.003	0.99993							#	   0.34	  56.06	
    132	   1.24	  -0.50	  0.001	0.99997							#	   0.37	  55.66	
    133	   1.15	  -0.45	  0.001	0.99992							#	   0.38	  55.71	
    134	   1.23	  -0.43	  0.002	0.99995							#	   0.37	  55.76	
    135	   1.20	  -0.45	  0.001	0.99998							#	   0.35	  55.76	
    136	   1.23	  -0.41	  0.002	0.99998							#	   0.36	  55.45	
    137	   1.30	  -0.43	  0.003	0.99995							#	   0.48	  56.26	
    138	   1.15	  -0.38	  0.003	0.99999							#	   0.53	  55.10	
    139	   1.16	  -0.36	  0.002	0.99997							#	   0.47	  56.21	
    140	   1.11	  -0.45	  0.000	0.99995							#	   0.37	  57.78	
    141	   1.11	  -0.43	 -0.001	0.99995							#	   0.34	  58.13	
    142	   1.03	  -0.38	 -0.000	1.00001							#	   0.28	  58.08	
    143	   1.13	  -0.44	  0.000	0.99993							#	   0.39	  57.02	
    144	   1.10	  -0.31	 -0.003	1.00000							#	   0.50	  57.27	
    145	   1.04	  -0.45	 -0.003	0.99994							#	   0.52	  56.62	
    146	   1.01	  -0.35	 -0.004	1.00000							#	   0.54	  58.69	
    147	   1.02	  -0.39	 -0.004	0.99999							#	   0.62	  59.29	
    148	   0.90	  -0.51	 -0.004	0.99996							#	   0.65	  58.18	
    149	   1.02	  -0.46	 -0.004	1.00001							#	   0.76	  57.63	
    150	   0.98	  -0.45	 -0.005	1.00000							#	   0.77	  56.92	
    151	   0.92	  -0.49	 -0.004	0.99998							#	   0.88	  55.96	
    152	   1.00	  -0.53	 -0.003	0.99995							#	   0.92	  56.01	
    153	   0.94	  -0.37	 -0.004	1.00001							#	   0.73	  56.16	
    154	   1.04	  -0.36	 -0.003	1.00001							#	   0.70	  54.29	
    155	   1.02	  -0.38	 -0.005	0.99996							#	   0.50	  54.60	
    156	   1.02	  -0.35	 -0.006	0.99997							#	   0.35	  56.62	
    157	   0.99	  -0.32	 -0.004	1.00000							#	   0.29	  56.06	
    158	   0.97	  -0.39	 -0.006	0.99998							#	   0.46	  55.05	
    159	   1.02	  -0.47	 -0.004	0.99996							#	   0.64	  52.83	
    160	   1.10	  -0.49	 -0.005	0.99997							#	   0.74	  54.44	
    161	   0.95	  -0.36	 -0.005	0.99998							#	   0.83	  56.46	
    162	   1.02	  -0.47	 -0.005	0.99993							#	   0.79	  56.36	
    163	   1.10	  -0.45	 -0.004	0.99992							#	   0.53	  56.87	
    164	   1.07	  -0.41	 -0.004	0.99992							#	   0.37	  56.72	
    165	   1.04	  -0.40	 -0.003	0.99993							#	   0.33	  57.78	
    166	   1.01	  -0.39	 -0.004	0.99999							#	   0.33	  58.89	
    167	   0.98	  -0.32	 -0.004	1.00000							#	   0.34	  59.34	
    168	   1.05	  -0.39	 -0.004	1.00000							#	   0.32	  60.30	
    169	   0.97	  -0.38	 -0.003	1.00003							#	   0.31	  60.81	
    170	   0.99	  -0.39	 -0.002	1.00002							#	   0.38	  59.95	
    171	   1.07	  -0.47	 -0.002	1.00001							#	   0.40	  58.59	
    172	   1.06	  -0.51	 -0.000	1.00001							#	   0.45	  59.04	
    173	   1.03	  -0.43	  0.001	1.00012							#	   0.51	  58.43	
    174	   1.12	  -0.59	  0.000	1.00005							#	   0.43	  59.04	
    175	   1.07	  -0.49	  0.002	1.00008							#	   0.36	  58.54	
    176	   0.99	  -0.54	  0.001	1.00005							#	   0.29	  58.99	
    177	   0.99	  -0.58	  0.002	1.00002							#	   0.31	  59.65	
    178	   1.09	  -0.58	  0.004	1.00007							#	   0.37	  59.90	
    179	   1.02	  -0.64	  0.004	1.00005							#	   0.40	  59.09	
    180	   0.99	  -0.65	  0.004	1.00007							#	   0.58	  52.83	
    181	   1.06	  -0.51	  0.002	1.00016							#	   0.41	  59.14	
    182	   1.18	  -0.59	  0.003	1.00008							#	   0.37	  58.59	
    183	   1.12	  -0.52	  0.003	1.00008							#	   0.34	  57.53	
    184	   1.06	  -0.55	  0.003	1.00004							#	   0.32	  56.87	
    185	   1.00	  -0.40	  0.003	1.00009							#	   0.29	  56.11	
    186	   1.17	  -0.39	  0.003	1.00007							#	   0.26	  56.62	
    187	   1.31	  -0.27	  0.003	1.00007							#	   0.25	  57.47	
    188	   1.11	  -0.35	  0.003	1.00005							#	   0.25	  58.43	
    189	   1.06	  -0.29	 -0.000	1.00009							#	   0.25	  58.08	
    190	   1.22	  -0.38	  0.002	1.00007							#	   0.24	  56.82	
    191	   1.23	  -0.34	  0.003	1.00005							#	   0.28	  57.37	
    192	   1.18	  -0.37	  0.004	1.00007							#	   0.31	  57.32	
    193	   1.18	  -0.45	  0.003	1.00006							#	   0.26	  56.52	
    194	   1.26	  -0.32	  0.002	1.00010							#	   0.27	  56.67	
    195	   1.19	  -0.34	  0.003	1.00005							#	   0.28	  54.85	
    196	   1.32	  -0.35	  0.005	1.00009							#	   0.26	  57.68	
    197	   1.38	  -0.29	  0.003	1.00006							#	   0.27	  57.53	
    198	   1.37	  -0.33	  0.004	1.00008							#	   0.24	  58.13	
    199	   1.20	  -0.37	  0.005	1.00010							#	   0.20	  57.98	
    200	   1.20	  -0.36	  0.003	1.00011							#	   0.18	  57.42	
    201	   1.32	  -0.35	  0.003	1.00011							#	   0.19	  57.42	
    202	   1.34	  -0.31	  0.003	1.00012							#	   0.20	  56.16	
    203	   1.21	  -0.33	  0.004	1.00012							#	   0.22	  55.66	
    204	   1.28	  -0.42	  0.003	1.00008							#	   0.23	  55.40	
    205	   1.37	  -0.37	  0.004	1.00013							#	   0.23	  55.00	
    206	   1.31	  -0.47	  0.002	1.00014							#	   0.29	  55.56	
    207	   1.48	  -0.33	  0.004	1.00009							#	   0.29	  55.86	
    208	   1.58	  -0.24	  0.004	1.00006							#	   0.32	  54.95	
    209	   1.63	  -0.28	  0.003	1.00002							#	   0.32	  54.04	
    210	   1.63	  -0.19	  0.005	1.00001							#	   0.31	  53.43	
    211	   1.42	  -0.19	  0.004	1.00004							#	   0.26	  53.99	
    212	   1.46	  -0.13	  0.003	1.00001							#	   0.26	  54.09	
    213	   1.53	  -0.15	  0.003	1.00002							#	   0.28	  55.45	
    214	   1.73	  -0.23	  0.003	1.00005							#	   0.31	  55.56	
    215	   1.69	  -0.14	  0.003	1.00008							#	   0.38	  56.01	
    216	   1.58	  -0.14	  0.002	1.00003							#	   0.39	  56.82	
    217	   1.52	  -0.11	  0.002	1.00000							#	   0.43	  56.01	
    218	   1.77	  -0.05	  0.002	0.99996							#	   0.38	  54.70	
    219	   1.81	  -0.10	  0.002	1.00001							#	   0.35	  55.05	
    220	   1.74	  -0.14	  0.002	1.00000							#	   0.28	  55.45	
    221	   1.84	  -0.17	  0.002	0.99998							#	   0.33	  53.89	
    222	   1.86	  -0.15	  0.003	0.99993							#	   0.40	  53.18	
    223	   1.75	  -0.14	  0.004	0.99997							#	   0.39	  53.03	
    224	   1.87	  -0.26	  0.004	1.00000							#	   0.40	  52.42	
    225	   1.90	  -0.21	  0.004	0.99993							#	   0.36	  53.89	
    226	   1.91	  -0.25	  0.004	0.99995							#	   0.36	  53.84	
    227	   1.94	  -0.31	  0.004	0.99996							#	   0.35	  52.73	
    228	   1.98	  -0.29	  0.003	0.99997							#	   0.32	  51.06	
    229	   2.04	  -0.26	  0.003	0.99998							#	   0.38	  51.46	
    230	   2.00	  -0.35	  0.005	0.99996							#	   0.39	  52.07	
    231	   1.95	  -0.27	  0.004	0.99998							#	   0.39	  52.32	
    232	   2.02	  -0.25	  0.005	0.99999							#	   0.40	  53.99	
    233	   2.08	  -0.28	  0.007	0.99999							#	   0.38	  51.72	
    234	   2.10	  -0.23	  0.007	0.99999							#	   0.36	  52.78	
    235	   2.08	  -0.19	  0.008	0.99998							#	   0.37	  51.11	
    236	   2.09	  -0.20	  0.007	0.99997							#	   0.34	  51.72	
    237	   2.14	  -0.24	  0.007	1.00000							#	   0.32	  52.27	
    238	   2.27	  -0.15	  0.005	1.00002							#	   0.30	  53.54	
    239	   2.25	  -0.15	  0.005	1.00002							#	   0.31	  53.13	
    240	   2.26	  -0.20	  0.007	1.00003							#	   0.45	  49.04	
    241	   2.27	  -0.17	  0.007	1.00001							#	   0.27	  54.29	
    242	   2.30	  -0.19	  0.006	1.00002							#	   0.25	  55.30	
    243	   2.29	  -0.21	  0.005	1.00000							#	   0.27	  55.51	
    244	   2.38	  -0.27	  0.003	1.00003							#	   0.25	  57.07	
    245	   2.28	  -0.31	  0.005	1.00000							#	   0.30	  56.41	
    246	   2.26	  -0.22	  0.006	1.00001							#	   0.33	  56.26	
    247	   2.29	  -0.29	  0.006	1.00000							#	   0.33	  56.06	
    248	   2.45	  -0.33	  0.008	1.00000							#	   0.37	  54.90	
    249	   2.46	  -0.37	  0.008	0.99997							#	   0.38	  55.51	
    250	   2.50	  -0.32	  0.010	0.99998							#	   0.47	  54.55	
    251	   2.58	  -0.40	  0.010	0.99998							#	   0.55	  52.73	
    252	   2.60	  -0.34	  0.011	0.99994							#	   0.60	  52.78	
    253	   2.65	  -0.36	  0.012	0.99994							#	   0.58	  51.16	
    254	   2.69	  -0.34	  0.012	1.00000							#	   0.55	  50.45	
    255	   2.76	  -0.33	  0.012	0.99997							#	   0.55	  49.90	
    256	   2.74	  -0.33	  0.012	0.99997							#	   0.54	  50.91	
    257	   2.87	  -0.36	  0.015	0.99999							#	   0.53	  51.01	
    258	   2.90	  -0.32	  0.014	1.00000							#	   0.52	  52.02	
    259	   2.87	  -0.31	  0.013	1.00002							#	   0.52	  51.46	
    260	   3.07	  -0.24	  0.015	0.99999							#	   0.58	  50.45	
    261	   2.93	  -0.10	  0.015	1.00009							#	   0.48	  49.70	
    262	   2.92	  -0.13	  0.014	1.00007							#	   0.45	  51.06	
    263	   3.08	  -0.12	  0.015	1.00005							#	   0.54	  49.85	
    264	   3.04	  -0.12	  0.016	1.00002							#	   0.61	  48.74	
    265	   2.92	  -0.13	  0.014	1.00007							#	   0.67	  48.48	
    266	   2.93	  -0.11	  0.015	1.00003							#	   0.70	  47.47	
    267	   2.98	  -0.16	  0.014	1.00001							#	   0.81	  48.13	
    268	   3.08	  -0.15	  0.014	1.00007							#	   1.07	  47.27	
    269	   3.03	  -0.15	  0.014	1.00008							#	   1.06	  47.17	
    270	   3.11	  -0.13	  0.014	1.00008							#	   1.13	  46.67	
    271	   3.13	  -0.12	  0.014	1.00006							#	   1.13	  48.13	
    272	   3.14	  -0.20	  0.015	1.00004							#	   1.08	  46.67	
    273	   2.95	  -0.13	  0.013	1.00011							#	   1.03	  46.82	
    274	   3.12	  -0.17	  0.016	1.00010							#	   0.79	  47.88	
    275	   3.14	  -0.16	  0.014	1.00009							#	   0.60	  47.88	
    276	   3.15	  -0.18	  0.016	1.00005							#	   0.52	  49.90	
    277	   3.00	  -0.24	  0.014	1.00014							#	   0.39	  50.71	
    278	   3.03	  -0.23	  0.014	1.00007							#	   0.38	  50.20	
    279	   2.99	  -0.08	  0.012	1.00020							#	   0.43	  48.69	
    280	   3.03	  -0.11	  0.013	1.00014							#	   0.52	  49.70	
    281	   2.91	  -0.08	  0.012	1.00015							#	   0.56	  49.65	
    282	   2.82	  -0.05	  0.012	1.00016							#	   0.60	  47.78	
    283	   2.91	   0.00	  0.013	1.00012							#	   0.68	  47.58	
    284	   2.92	  -0.14	  0.012	1.00006							#	   0.70	  48.03	
    285	   2.99	  -0.17	  0.010	1.00010							#	   0.65	  47.98	
    286	   3.00	  -0.06	  0.013	1.00011							#	   0.77	  49.90	
    287	   2.98	  -0.12	  0.014	1.00002							#	   1.04	  48.84	
    288	   2.83	  -0.16	  0.012	1.00007							#	   1.06	  48.74	
    289	   2.93	  -0.19	  0.012	1.00003							#	   0.95	  49.90	
    290	   2.95	  -0.18	  0.014	1.00004							#	   1.14	  49.09	
    291	   2.83	  -0.18	  0.012	1.00004							#	   1.04	  49.55	
    292	   2.89	  -0.17	  0.012	1.00001							#	   1.04	  51.26	
    293	   2.97	  -0.25	  0.011	1.00000							#	   0.83	  50.96	
    294	   2.76	  -0.22	  0.009	1.00007							#	   0.87	  50.56	
    295	   2.67	  -0.16	  0.010	1.00009							#	   0.82	  49.04	
    296	   2.70	  -0.20	  0.009	1.00007							#	   0.70	  49.70	
    297	   2.61	  -0.16	  0.009	1.00013							#	   0.57	  50.00	
    298	   2.74	  -0.11	  0.010	1.00006							#	   0.57	  50.61	
    299	   2.73	  -0.04	  0.010	1.00003							#	   0.51	  50.91	
    300	   2.76	  -0.04	  0.011	1.00010							#	   0.71	  46.72	
    301	   2.76	   0.10	  0.012	1.00007							#	   0.61	  50.81	
    302	   2.62	   0.08	  0.011	1.00007							#	   0.66	  49.75	
    303	   2.65	   0.16	  0.012	1.00013							#	   0.72	  48.89	
    304	   2.57	   0.04	  0.009	1.00014							#	   0.63	  49.14	
    305	   2.55	  -0.03	  0.011	1.00015							#	   0.60	  47.58	
    306	   2.59	   0.04	  0.012	1.00014							#	   0.74	  46.97	
    307	   2.63	   0.04	  0.011	1.00014							#	   0.69	  46.97	
    308	   2.63	  -0.04	  0.010	1.00015							#	   0.77	  47.12	
    309	   2.65	  -0.14	  0.012	1.00008							#	   0.79	  47.37	
    310	   2.60	  -0.10	  0.010	1.00011							#	   0.79	  46.87	
    311	   2.78	  -0.11	  0.013	1.00008							#	   0.78	  46.11	
    312	   2.50	  -0.15	  0.009	1.00013							#	   0.69	  48.28	
    313	   2.62	  -0.23	  0.011	1.00008							#	   0.63	  47.02	
    314	   2.56	  -0.18	  0.011	1.00010							#	   0.60	  48.18	
    315	   2.60	  -0.20	  0.012	1.00012							#	   0.54	  47.37	
    316	   2.67	  -0.20	  0.010	1.00007							#	   0.58	  48.74	
    317	   2.64	  -0.15	  0.010	1.00011							#	   0.66	  48.38	
    318	   2.54	  -0.15	  0.010	1.00012							#	   0.72	  48.13	
    319	   2.71	  -0.07	  0.010	1.00012							#	   0.84	  47.47	
    320	   2.52	  -0.14	  0.010	1.00006							#	   0.81	  48.54	
    321	   2.38	  -0.20	  0.010	1.00008							#	   0.75	  49.49	
    322	   2.55	  -0.11	  0.009	1.00006							#	   0.67	  50.91	
    323	   2.74	  -0.02	  0.009	1.00011							#	   0.62	  50.30	
    324	   2.63	  -0.12	  0.009	1.00006							#	   0.70	  49.19	
    325	   2.52	  -0.02	  0.008	1.00013							#	   0.69	  49.85	
    326	   2.47	  -0.05	  0.010	0.99998							#	   0.58	  52.37	
    327	   2.28	  -0.01	  0.009	1.00003							#	   0.43	  52.32	
    328	   2.57	   0.00	  0.008	1.00004							#	   0.43	  52.68	
    329	   2.58	   0.08	  0.007	1.00006							#	   0.37	  52.98	
    330	   2.53	   0.07	  0.008	1.00010							#	   0.32	  53.33	
    331	   2.40	   0.10	  0.008	1.00005							#	   0.31	  53.74	
    332	   2.32	   0.08	  0.008	1.00007							#	   0.31	  55.25	
    333	   2.20	   0.02	  0.005	1.00004							#	   0.31	  54.75	
    334	   2.37	   0.04	  0.005	1.00009							#	   0.33	  55.96	
    335	   2.34	   0.11	  0.007	1.00007							#	   0.37	  54.39	
    336	   2.32	   0.06	  0.006	1.00001							#	   0.38	  55.35	
    337	   2.12	   0.03	  0.007	1.00001							#	   0.34	  55.40	
    338	   2.23	   0.01	  0.006	1.00005							#	   0.35	  55.05	
    339	   2.34	   0.01	  0.007	1.00004							#	   0.33	  55.20	
    340	   2.30	  -0.05	  0.008	1.00002							#	   0.39	  55.61	
    341	   2.06	  -0.04	  0.008	1.00003							#	   0.35	  54.19	
    342	   2.15	  -0.01	  0.008	1.00002							#	   0.34	  54.75	
    343	   2.21	  -0.05	  0.006	1.00004							#	   0.31	  53.94	
    344	   2.22	  -0.03	  0.007	1.00005							#	   0.36	  52.83	
    345	   2.32	   0.01	  0.007	1.00004							#	   0.44	  53.99	
    346	   2.03	   0.03	  0.008	1.00003							#	   0.37	  53.84	
    347	   2.09	   0.04	  0.009	1.00000							#	   0.40	  54.60	
    348	   2.23	   0.03	  0.007	1.00004							#	   0.48	  53.84	
    349	   2.27	  -0.01	  0.007	1.00004							#	   0.53	  54.34	
    350	   2.15	   0.01	  0.008	1.00008							#	   0.47	  54.55	
    351	   2.23	   0.06	  0.009	1.00009							#	   0.40	  55.25	
    352	   2.21	   0.05	  0.007	1.00006							#	   0.35	  56.46	
    353	   2.15	  -0.02	  0.010	1.00004							#	   0.32	  56.46	
    354	   2.15	  -0.03	  0.007	1.00005							#	   0.34	  56.82	
    355	   2.27	  -0.06	  0.008	1.00004							#	   0.34	  56.97	
    356	   2.17	  -0.17	  0.010	1.00007							#	   0.36	  56.72	
    357	   2.05	  -0.11	  0.009	1.00008							#	   0.38	  55.35	
    358	   2.26	  -0.06	  0.010	1.00006							#	   0.41	  54.09	
    359	   2.43	   0.01	  0.010	1.00003							#	   0.44	  55.61	
    360	   2.22	  -0.02	  0.012	1.00006							#	   0.63	  47.83	
    361	   2.29	   0.05	  0.011	0.99999							#	   0.47	  53.89	
    362	   2.41	  -0.03	  0.009	0.99999							#	   0.39	  53.18	
    363	   2.43	  -0.14	  0.011	1.00001							#	   0.41	  52.68	
    364	   2.39	  -0.17	  0.010	1.00010							#	   0.41	  53.08	
    365	   2.41	  -0.17	  0.010	1.00002							#	   0.39	  55.10	
    366	   2.40	  -0.15	  0.010	1.00008							#	   0.54	  53.33	
    367	   2.39	  -0.21	  0.011	1.00004							#	   0.54	  51.36	
    368	   2.29	  -0.21	  0.010	1.00007							#	   0.46	  50.76	
    369	   2.39	  -0.21	  0.010	1.00006							#	   0.58	  49.19	
    370	   2.46	  -0.23	  0.010	1.00011							#	   0.63	  48.33	
    371	   2.47	  -0.19	  0.011	1.00013							#	   0.63	  49.04	
    372	   2.39	  -0.14	  0.010	1.00010							#	   0.52	  49.29	
    373	   2.47	  -0.11	  0.010	1.00014							#	   0.46	  48.99	
    374	   2.52	  -0.18	  0.010	1.00010							#	   0.44	  50.25	
    375	   2.31	  -0.12	  0.010	1.00010							#	   0.43	  50.15	
    376	   2.38	  -0.08	  0.012	1.00003							#	   0.45	  51.11	
    377	   2.33	  -0.20	  0.010	1.00002							#	   0.45	  51.41	
    378	   2.74	  -0.15	  0.009	1.00005							#	   0.53	  52.02	
    379	   2.67	  -0.12	  0.011	1.00004							#	   0.61	  51.67	
    380	   2.33	  -0.27	  0.011	1.00006							#	   0.62	  49.75	
    381	   2.53	  -0.12	  0.008	1.00013							#	   0.66	  50.56	
    382	   2.49	  -0.16	  0.011	1.00012							#	   0.74	  47.88	
    383	   2.38	  -0.18	  0.009	1.00008							#	   0.71	  48.89	
    384	   2.42	  -0.23	  0.011	1.00007							#	   0.69	  48.08	
    385	   2.36	  -0.29	  0.010	1.00010							#	   0.83	  48.79	
    386	   2.36	  -0.28	  0.010	1.00007							#	   0.73	  49.34	
    387	   2.32	  -0.25	  0.011	1.00006							#	   0.74	  49.34	
    388	   2.26	  -0.25	  0.010	1.00007							#	   0.64	  49.70	
    389	   2.46	  -0.21	  0.009	1.00012							#	   0.59	  50.00	
    390	   2.43	  -0.20	  0.009	1.00007							#	   0.50	  51.41	
    391	   2.36	  -0.20	  0.009	1.00007							#	   0.46	  51.26	
    392	   2.29	  -0.27	  0.008	1.00011							#	   0.50	  50.71	
    393	   2.32	  -0.24	  0.008	1.00015							#	   0.54	  51.62	
    394	   2.17	  -0.21	  0.009	1.00007							#	   0.53	  51.01	
    395	   2.32	  -0.14	  0.007	1.00000							#	   0.48	  52.78	
    396	   2.51	  -0.17	  0.008	1.00002							#	   0.45	  52.93	
    397	   2.46	  -0.11	  0.009	1.00003							#	   0.49	  55.35	
    398	   2.30	  -0.24	  0.007	1.00001							#	   0.45	  54.34	
    399	   2.28	  -0.23	  0.006	1.00003							#	   0.40	  54.70	
    400	   2.32	  -0.18	  0.008	1.00003							#	   0.39	  55.40	
    401	   2.25	  -0.26	  0.006	0.99999							#	   0.38	  54.70	
    402	   2.16	  -0.15	  0.007	1.00005							#	   0.32	  54.34	
    403	   2.16	  -0.17	  0.006	1.00007							#	   0.33	  54.04	
    404	   2.29	  -0.15	  0.003	1.00008							#	   0.34	  55.05	
    405	   2.35	  -0.11	  0.005	1.00008							#	   0.33	  54.80	
    406	   2.28	  -0.10	  0.005	1.00006							#	   0.34	  54.04	
    407	   2.20	  -0.12	  0.004	1.00010							#	   0.35	  53.99	
    408	   2.16	  -0.13	  0.005	1.00009							#	   0.33	  54.04	
    409	   2.03	  -0.14	  0.004	1.00011							#	   0.34	  53.48	
    410	   2.07	  -0.23	  0.003	1.00012							#	   0.34	  54.29	
    411	   2.00	  -0.21	  0.003	1.00011							#	   0.39	  53.69	
    412	   1.96	  -0.28	  0.003	1.00011							#	   0.38	  52.88	
    413	   1.95	  -0.35	  0.003	1.00014							#	   0.42	  53.59	
    414	   1.84	  -0.29	  0.003	1.00012							#	   0.46	  54.29	
    415	   1.98	  -0.30	  0.002	1.00011							#	   0.43	  53.48	
    416	   2.02	  -0.35	  0.003	1.00016							#	   0.45	  53.18	
    417	   1.97	  -0.27	  0.003	1.00014							#	   0.42	  52.93	
    418	   1.87	  -0.33	  0.003	1.00010							#	   0.35	  51.52	
    419	   1.80	  -0.26	  0.003	1.00015							#	   0.33	  50.76	
    420	   2.14	  -0.36	  0.007	1.00017							#	   0.52	  48.08	
    421	   1.87	  -0.25	  0.002	1.00017							#	   0.35	  53.74	
    422	   1.77	  -0.38	  0.003	1.00017							#	   0.34	  53.18	
    423	   1.78	  -0.23	  0.004	1.00014							#	   0.37	  52.12	
    424	   1.90	  -0.37	  0.004	1.00008							#	   0.42	  50.51	
    425	   1.86	  -0.37	  0.002	1.00013							#	   0.44	  50.51	
    426	   1.98	  -0.36	  0.003	1.00014							#	   0.44	  49.95	
    427	   1.86	  -0.38	  0.004	1.00016							#	   0.39	  51.31	
    428	   1.75	  -0.25	  0.004	1.00009							#	   0.30	  49.39	
    429	   1.73	  -0.35	  0.004	1.00015							#	   0.33	  50.56	
    430	   1.78	  -0.25	  0.004	1.00013							#	   0.33	  49.19	
    431	   1.98	  -0.38	  0.003	1.00007							#	   0.38	  49.19	
    432	   1.87	  -0.31	  0.004	1.00014							#	   0.38	  50.00	
    433	   1.85	  -0.29	  0.006	1.00014							#	   0.40	  49.95	
    434	   1.79	  -0.31	  0.004	1.00009							#	   0.37	  50.10	
    435	   1.68	  -0.28	  0.005	1.00012							#	   0.34	  51.36	
    436	   1.87	  -0.26	  0.005	1.00010							#	   0.40	  49.80	
    437	   1.83	  -0.31	  0.005	1.00010							#	   0.45	  50.51	
    438	   1.86	  -0.28	  0.004	1.00011							#	   0.41	  49.80	
    439	   1.87	  -0.33	  0.004	1.00009							#	   0.37	  49.95	
    440	   1.77	  -0.41	  0.002	1.00014							#	   0.33	  51.46	
    441	   1.79	  -0.44	  0.006	1.00015							#	   0.33	  51.82	
    442	   1.85	  -0.48	  0.003	1.00014							#	   0.36	  51.11	
    443	   1.85	  -0.43	  0.003	1.00011							#	   0.31	  49.75	
    444	   1.78	  -0.50	  0.005	1.00015							#	   0.28	  51.11	
    445	   1.79	  -0.44	  0.003	1.00014							#	   0.30	  51.52	
    446	   1.82	  -0.52	  0.003	1.00016							#	   0.29	  50.91	
    447	   1.88	  -0.55	  0.004	1.00012							#	   0.31	  51.72	
    448	   1.70	  -0.61	  0.006	1.00017							#	   0.34	  53.23	
    449	   1.78	  -0.61	  0.004	1.00015							#	   0.33	  53.03	
    450	   1.89	  -0.49	  0.005	1.00016							#	   0.33	  52.32	
    451	   1.85	  -0.49	  0.005	1.00017							#	   0.38	  53.18	
    452	   1.77	  -0.45	  0.007	1.00015							#	   0.41	  53.38	
    453	   1.64	  -0.46	  0.008	1.00011							#	   0.43	  53.18	
    454	   1.58	  -0.41	  0.007	1.00012							#	   0.47	  52.78	
    455	   1.89	  -0.47	  0.007	1.00011							#	   0.52	  53.28	
    456	   1.84	  -0.44	  0.008	1.00015							#	   0.53	  53.74	
    457	   1.76	  -0.34	  0.009	1.00010							#	   0.54	  53.48	
    458	   1.68	  -0.50	  0.005	1.00006							#	   0.49	  52.73	
    459	   1.70	  -0.56	  0.007	1.00006							#	   0.39	  54.04	
    460	   1.68	  -0.63	  0.007	1.00006							#	   0.38	  55.05	
    461	   1.77	  -0.66	  0.007	1.00011							#	   0.41	  55.61	
    462	   1.55	  -0.61	  0.009	1.00008							#	   0.49	  54.14	
    463	   1.49	  -0.67	  0.007	1.00002							#	   0.62	  53.03	
    464	   1.54	  -0.65	  0.006	1.00009							#	   0.64	  53.08	
    465	   1.56	  -0.72	  0.006	1.00007							#	   0.56	  52.32	
    466	   1.40	  -0.80	  0.004	1.00006							#	   0.64	  52.42	
    467	   1.40	  -0.83	  0.005	1.00002							#	   0.68	  51.72	
    468	   1.27	  -0.90	  0.003	1.00002							#	   0.61	  50.20	
    469	   1.35	  -0.95	  0.004	1.00002							#	   0.50	  53.03	
    470	   1.23	  -1.02	  0.004	1.00006							#	   0.40	  53.38	
    471	   0.96	  -1.02	  0.002	1.00000							#	   0.29	  54.39	
    472	   1.16	  -1.05	  0.003	1.00002							#	   0.38	  53.28	
    473	   0.98	  -1.05	  0.002	1.00005							#	   0.46	  52.58	
    474	   0.85	  -1.07	  0.003	1.00003							#	   0.42	  50.51	
    475	   0.76	  -1.05	  0.001	1.00003							#	   0.36	  50.05	
    476	   0.89	  -1.14	  0.001	1.00004							#	   0.38	  49.55	
    477	   0.96	  -1.13	 -0.000	1.00004							#	   0.40	  50.00	
    478	   0.74	  -1.14	  0.001	1.00007							#	   0.46	  49.80	
    479	   0.70	  -1.16	  0.002	1.00000							#	   0.59	  49.49	
    480	   0.71	  -1.17	 -0.000	1.00010							#	   0.98	  43.94	
    481	   0.81	  -1.23	 -0.002	1.00010							#	   0.88	  47.73	
    482	   0.62	  -1.30	 -0.001	1.00012							#	   0.68	  46.77	
    483	   0.59	  -1.43	 -0.006	1.00017							#	   0.63	  45.00	
    484	   0.66	  -1.44	 -0.006	1.00018							#	   0.61	  47.07	
    485	   0.60	  -1.41	 -0.006	1.00023							#	   0.42	  45.96	
    486	   0.42	  -1.45	 -0.013	1.00008							#	   0.34	  45.00	
    487	   0.26	  -1.74	 -0.011	1.00016							#	   0.38	  45.00	
    488	   0.26	  -1.80	 -0.011	1.00018							#	   0.47	  43.54	
    489	   0.07	  -1.80	 -0.011	1.00012							#	   0.46	  43.94	
    490	  -0.06	  -1.67	 -0.011	1.00005							#	   0.45	  44.24	
    491	  -0.14	  -1.62	 -0.009	1.00005							#	   0.42	  45.96	
    492	  -0.15	  -1.58	 -0.007	1.00003							#	   0.38	  48.13	
    493	  -0.14	  -1.48	 -0.004	0.99995							#	   0.40	  48.48	
    494	  -0.10	  -1.49	 -0.005	1.00000							#	   0.45	  49.24	
    495	  -0.27	  -1.37	 -0.006	0.99998							#	   0.48	  49.65	
    496	  -0.32	  -1.40	 -0.004	0.99998							#	   0.48	  48.84	
    497	  -0.25	  -1.30	 -0.004	1.00010							#	   0.42	  48.43	
    498	  -0.21	  -1.35	 -0.005	1.00006							#	   0.34	  49.04	
    499	  -0.23	  -1.23	 -0.006	1.00006							#	   0.32	  49.65	
    500	  -0.38	  -1.22	 -0.006	1.00002							#	   0.37	  50.00	
    501	  -0.32	  -1.18	 -0.004	1.00004							#	   0.38	  48.79	
    502	  -0.22	  -1.25	 -0.004	1.00005							#	   0.41	  48.99	
    503	  -0.38	  -1.16	 -0.002	1.00001							#	   0.37	  49.29	
    504	  -0.39	  -1.12	 -0.002	1.00000							#	   0.32	  49.34	
    505	  -0.38	  -1.11	 -0.002	1.00001							#	   0.34	  47.93	
    506	  -0.24	  -1.02	  0.000	1.00001							#	   0.37	  48.38	
    507	  -0.24	  -0.97	 -0.000	0.99996							#	   0.38	  48.18	
    508	  -0.26	  -0.80	  0.001	0.99993							#	   0.39	  48.84	
    509	  -0.29	  -0.92	  0.002	0.99993							#	   0.38	  47.53	
    510	  -0.21	  -0.74	  0.001	0.99994							#	   0.45	  48.18	
    511	  -0.31	  -0.85	  0.001	0.99993							#	   0.46	  48.43	
    512	  -0.36	  -0.84	  0.000	0.99995							#	   0.47	  47.63	
    513	  -0.37	  -0.91	 -0.002	0.99998							#	   0.51	  48.43	
    514	  -0.32	  -0.93	 -0.004	1.00004							#	   0.49	  51.36	
    515	  -0.25	  -0.91	 -0.003	1.00001							#	   0.50	  51.57	
    516	  -0.18	  -0.91	 -0.004	1.00000							#	   0.65	  50.71	
    517	  -0.24	  -0.93	 -0.004	0.99997							#	   0.81	  47.98	
    518	  -0.81	  -1.08	  0.001	0.99942							#	   0.90	  45.81	
    519	  -0.28	  -0.97	 -0.007	0.99919							#	   1.04	  46.62	
    520	   0.11	  -0.86	 -0.004	0.99987							#	   1.27	  47.53	
    521	  -0.32	  -0.73	 -0.000	0.99990							#	   1.03	  47.68	
    522	  -0.59	  -0.98	  0.000	0.99892							#	   0.94	  46.46	
    523	   0.36	  -0.73	 -0.004	0.99965							#	   0.91	  48.03	
    524	  -0.18	  -0.76	  0.001	1.00001							#	   0.84	  48.54	
    525	  -0.38	  -0.72	  0.000	1.00006							#	   0.82	  47.68	
    526	  -0.40	  -0.79	 -0.001	1.00004							#	   1.33	  48.28	
    527	  -0.46	  -0.74	 -0.002	1.00003							#	   0.91	  48.08	
    528	  -0.54	  -0.85	 -0.001	1.00006							#	   1.23	  46.46	
    529	  -0.58	  -0.83	  0.000	1.00004							#	   1.34	  46.67	
    530	  -0.56	  -0.85	 -0.003	1.00000							#	   1.09	  46.57	
    531	  -0.70	  -0.89	 -0.001	1.00001							#	   0.83	  47.53	
    532	  -0.68	  -0.95	 -0.004	1.00004							#	   0.80	  46.06	
    533	  -0.88	  -0.95	 -0.005	1.00003							#	   0.66	  46.16	
    534	  -0.93	  -1.01	 -0.005	1.00005							#	   1.01	  45.91	
    535	  -1.08	  -0.96	 -0.005	0.99999							#	   1.29	  45.86	
    536	  -1.10	  -0.92	 -0.004	1.00000							#	   1.47	  45.71	
    537	  -1.09	  -0.90	 -0.005	1.00003							#	   0.74	  44.90	
    538	  -1.26	  -1.05	 -0.005	1.00004							#	   0.72	  43.43	
    539	  -1.26	  -1.03	 -0.009	1.00005							#	   0.89	  43.33	
    540	  -1.22	  -1.10	 -0.008	0.99997							#	   0.74	  37.83	
    541	  -1.32	  -1.16	 -0.012	1.00013							#	   0.63	  43.18	
    542	  -1.52	  -1.27	 -0.012	0.99992							#	   0.98	  40.56	
    543	  -1.51	  -1.24	 -0.015	0.99995							#	   1.38	  39.34	
    544	  -1.69	  -1.43	 -0.016	1.00003							#	   1.26	  40.15	
    545	  -1.72	  -1.38	 -0.016	0.99993							#	   0.86	  39.29	
    546	  -1.68	  -1.28	 -0.018	0.99999							#	   0.65	  39.80	
    547	  -1.73	  -1.33	 -0.016	0.99990							#	   0.85	  37.88	
    548	  -1.77	  -1.26	 -0.018	0.99996							#	   0.80	  37.63	
    549	  -1.80	  -1.24	 -0.014	0.99996							#	   0.80	  37.93	
    550	  -1.82	  -1.16	 -0.012	0.99993							#	   0.76	  39.04	
    551	  -1.91	  -1.07	 -0.012	1.00000							#	   0.76	  38.74	
    552	  -1.73	  -0.91	 -0.010	0.99997							#	   0.98	  40.91	
    553	  -1.65	  -0.84	 -0.008	0.99993							#	   1.14	  40.81	
    554	  -1.74	  -0.90	 -0.005	0.99994							#	   1.04	  41.57	
    555	  -1.74	  -0.75	 -0.003	0.99992							#	   0.84	  43.59	
    556	  -1.71	  -0.70	 -0.002	0.99988							#	   0.86	  43.59	
    557	  -1.70	  -0.71	 -0.001	0.99990							#	   0.91	  43.33	
    558	  -1.72	  -0.58	  0.000	0.99986							#	   1.18	  43.89	
    559	  -1.74	  -0.60	  0.001	0.99985							#	   1.10	  43.08	
    560	  -1.74	  -0.60	  0.001	0.99986							#	   1.22	  42.88	
    561	  -1.78	  -0.60	  0.000	0.99984							#	   1.60	  43.28	
    562	  -1.72	  -0.54	 -0.001	0.99982							#	   0.98	  42.83	
    563	  -1.69	  -0.50	 -0.000	0.99985							#	   1.02	  43.69	
    564	  -1.64	  -0.51	 -0.002	0.99987							#	   1.00	  44.34	
    565	  -1.58	  -0.58	 -0.002	0.99983							#	   1.07	  43.94	
    566	  -1.74	  -0.57	 -0.003	0.99985							#	   1.00	  43.74	
    567	  -1.70	  -0.55	 -0.001	0.99986							#	   1.02	  45.20	
    568	  -1.57	  -0.38	 -0.001	0.99985							#	   1.67	  44.55	
    569	  -1.61	  -0.37	 -0.003	0.99982							#	   1.85	  44.14	
    570	  -1.59	  -0.44	 -0.004	0.99984							#	   1.68	  44.65	
    571	  -1.43	  -0.49	 -0.001	0.99983							#	   1.86	  45.00	
    572	  -0.71	  -0.19	 -0.005	1.00174							#	   1.54	  41.62	
    573	  -2.57	  -0.52	  0.000	1.00083							#	   1.44	  44.24	
    574	  -1.72	  -0.57	 -0.002	0.99994							#	   0.89	  46.16	
    575	  -1.20	  -0.51	 -0.004	0.99985							#	   0.61	  48.59	
    576	  -0.99	  -0.54	 -0.002	1.00015							#	   0.67	  47.17	
    577	  -1.69	  -0.54	 -0.002	1.00012							#	   0.71	  46.77	
    578	  -1.50	  -0.53	 -0.002	1.00001							#	   0.82	  47.02	
    579	  -1.53	  -0.50	 -0.005	0.99992							#	   0.97	  45.61	
    580	  -1.47	  -0.54	 -0.003	0.99990							#	   1.24	  46.41	
    581	  -1.41	  -0.47	 -0.004	0.99986							#	   1.38	  44.55	
    582	  -1.51	  -0.60	 -0.003	0.99996							#	   0.97	  44.49	
    583	  -1.53	  -0.55	 -0.002	0.99995							#	   1.11	  44.75	
    584	  -1.39	  -0.53	 -0.004	0.99994							#	   1.20	  43.89	
    585	  -1.45	  -0.56	 -0.004	0.99995							#	   1.08	  44.55	
    586	  -1.52	  -0.53	 -0.004	0.99993							#	   1.05	  43.43	
    587	  -1.55	  -0.51	 -0.002	0.99996							#	   0.90	  42.63	
    588	  -1.49	  -0.53	 -0.003	1.00001							#	   0.79	  43.79	
    589	  -1.37	  -0.56	 -0.003	0.99996							#	   0.70	  44.14	
    590	  -1.62	  -0.62	 -0.003	1.00002							#	   0.73	  45.61	
    591	  -1.53	  -0.61	 -0.002	1.00000							#	   0.66	  44.90	
    592	  -2.00	  -0.58	 -0.004	0.99978							#	   0.73	  43.28	
    593	  -1.65	  -0.57	 -0.007	0.99976							#	   0.77	  43.13	
    594	  -1.12	  -0.50	 -0.005	0.99985							#	   0.86	  43.84	
    595	  -1.42	  -0.49	 -0.003	0.99997							#	   0.85	  45.35	
    596	  -1.40	  -0.50	 -0.001	0.99959							#	   0.86	  45.20	
    597	  -1.01	  -0.41	 -0.003	0.99953							#	   0.91	  47.17	
    598	  -1.34	  -0.30	 -0.003	0.99992							#	   0.87	  47.27	
    599	  -1.58	  -0.25	 -0.005	0.99996							#	   0.98	  45.25	
    600	  -1.37	  -0.20	 -0.001	0.99999							#	   1.11	  40.56	
    601	  -1.46	  -0.18	 -0.003	0.99998							#	   0.82	  45.86	
    602	  -1.37	  -0.22	 -0.001	1.00004							#	   0.90	  45.61	
    603	  -1.30	  -0.21	 -0.001	1.00003							#	   0.94	  45.20	
    604	  -1.34	  -0.22	 -0.003	0.99997							#	   0.88	  45.10	
    605	  -1.36	  -0.31	 -0.001	1.00003							#	   0.85	  43.23	
    606	  -1.43	  -0.29	 -0.004	0.99997							#	   0.71	  45.56	
    607	  -1.21	  -0.24	  0.000	1.00000							#	   0.68	  47.22	
    608	  -1.17	  -0.24	  0.000	0.99994							#	   0.64	  48.23	
    609	  -1.13	  -0.38	  0.001	0.99990							#	   0.66	  48.28	
    610	  -1.10	  -0.34	  0.003	0.99994							#	   0.71	  49.19	
    611	  -1.04	  -0.31	  0.002	0.99998							#	   0.95	  48.79	
    612	  -0.85	  -0.28	  0.006	0.99995							#	   0.83	  47.98	
    613	  -0.96	  -0.32	  0.002	1.00000							#	   0.89	  47.07	
    614	  -1.01	  -0.28	 -0.001	1.00001							#	   0.71	  46.52	
    615	  -0.87	  -0.23	  0.002	0.99999							#	   0.63	  47.12	
    616	  -1.61	  -0.40	  0.000	0.99966							#	   0.63	  47.73	
    617	  -1.01	  -0.34	  0.002	0.99955							#	   0.68	  49.80	
    618	  -0.14	  -0.33	  0.003	0.99989							#	   0.58	  48.84	
    619	  -1.04	  -0.28	 -0.000	0.99990							#	   0.57	  47.07	
    620	  -0.86	  -0.31	 -0.001	0.99993							#	   0.61	  47.42	
    621	  -0.71	  -0.32	 -0.001	0.99994							#	   1.00	  47.58	
    622	  -0.78	  -0.23	  0.002	0.99995							#	   1.16	  47.22	
    623	  -0.96	  -0.33	  0.000	0.99995							#	   0.94	  46.31	
    624	  -0.82	  -0.18	  0.001	0.99991							#	   0.80	  47.47	
    625	  -0.70	  -0.20	  0.001	0.99993							#	   0.52	  49.34	
    626	  -0.77	  -0.17	  0.003	0.99992							#	   0.33	  48.84	
    627	  -0.81	  -0.20	  0.001	0.99992							#	   0.41	  47.98	
    628	  -0.84	  -0.20	  0.002	0.99994							#	   0.49	  46.57	
    629	  -0.80	  -0.16	  0.002	0.99988							#	   0.64	  46.97	
    630	  -0.68	  -0.15	  0.003	0.99990							#	   0.87	  46.87	
    631	  -0.69	  -0.15	  0.003	0.99991							#	   0.92	  46.57	
    632	  -0.66	  -0.18	  0.005	0.99994							#	   0.69	  46.62	
    633	  -0.90	  -0.15	  0.003	0.99995							#	   0.44	  45.81	
    634	  -0.70	  -0.08	  0.005	0.99988							#	   0.42	  46.57	
    635	  -0.76	  -0.04	  0.003	0.99988							#	   0.43	  47.12	
    636	  -0.74	  -0.03	  0.005	0.99995							#	   0.45	  47.22	
    637	  -0.72	  -0.06	  0.004	0.99991							#	   0.54	  46.16	
    638	  -0.93	  -0.04	  0.002	0.99994							#	   0.47	  47.73	
    639	  -0.65	   0.05	  0.001	0.99997							#	   0.59	  46.52	
    640	  -0.61	   0.05	  0.003	0.99990							#	   0.60	  48.23	
    641	  -0.53	   0.00	  0.003	0.99994							#	   0.52	  47.98	
    642	  -0.63	   0.04	  0.003	0.99989							#	   0.70	  47.22	
    643	  -0.77	   0.11	  0.002	0.99992							#	   1.16	  46.52	
    644	  -0.64	   0.07	  0.002	0.99993							#	   0.66	  46.62	
    645	  -0.36	   0.05	  0.001	0.99996							#	   0.71	  46.57	
    646	  -0.62	   0.01	  0.002	0.99995							#	   0.62	  47.93	
    647	  -0.67	   0.13	  0.003	0.99993							#	   0.72	  46.67	
    648	  -0.42	   0.13	  0.003	0.99992							#	   0.69	  47.42	
    649	  -0.48	   0.13	  0.003	0.99997							#	   0.67	  48.54	
    650	  -0.34	   0.05	  0.002	0.99997							#	   0.82	  48.03	
    651	  -0.41	   0.15	  0.003	0.99994							#	   1.17	  48.89	
    652	  -0.31	   0.31	  0.004	0.99992							#	   1.25	  46.97	
    653	  -0.39	   0.33	  0.002	0.99998							#	   1.36	  46.57	
    654	  -0.30	   0.32	  0.001	0.99994							#	   1.25	  46.67	
    655	  -0.26	   0.31	  0.004	0.99993							#	   1.47	  45.61	
    656	  -0.32	   0.37	  0.002	0.99991							#	   1.11	  44.55	
    657	  -0.23	   0.33	  0.002	0.99996							#	   0.87	  44.95	
    658	  -0.19	   0.33	  0.005	0.99997							#	   0.76	  44.65	
    659	  -0.10	   0.33	  0.005	1.00002							#	   0.63	  45.25	
    660	  -0.27	   0.30	  0.002	0.99992							#	   1.18	  39.60	
    661	  -0.08	   0.28	  0.004	0.99996							#	   1.30	  43.54	
    662	  -0.13	   0.29	  0.005	0.99998							#	   1.21	  43.33	
    663	  -0.01	   0.28	  0.002	0.99994							#	   0.98	  44.44	
    664	   0.03	   0.25	  0.006	1.00000							#	   0.75	  43.43	
    665	  -0.01	   0.22	  0.005	0.99991							#	   0.75	  43.59	
    666	   0.01	   0.26	  0.004	0.99994							#	   0.78	  43.28	
    667	   0.05	   0.29	  0.006	1.00002							#	   0.89	  43.13	
    668	   0.03	   0.28	  0.004	0.99995							#	   1.07	  43.03	
    669	   0.03	   0.25	  0.004	0.99997							#	   1.09	  43.38	
    670	   0.05	   0.17	  0.004	1.00002							#	   0.92	  44.29	
    671	   0.16	   0.12	  0.005	0.99999							#	   0.79	  45.05	
    672	   0.05	   0.09	  0.006	1.00003							#	   0.78	  46.31	
    673	   0.12	   0.05	  0.005	1.00003							#	   1.10	  46.16	
    674	   0.11	   0.05	  0.003	1.00002							#	   1.24	  44.75	
    675	   0.22	  -0.00	  0.004	1.00005							#	   1.26	  45.20	
    676	   0.34	  -0.06	  0.001	1.00010							#	   1.18	  45.15	
    677	   0.50	  -0.14	  0.005	1.00008							#	   1.06	  45.00	
    678	   0.41	  -0.09	  0.004	1.00004							#	   0.78	  44.29	
    679	   0.55	  -0.09	  0.005	1.00004							#	   0.64	  44.75	
    680	   0.45	  -0.19	  0.003	1.00003							#	   0.59	  44.19	
    681	   0.40	  -0.14	  0.003	1.00003							#	   0.63	  44.60	
    682	   0.46	  -0.19	  0.003	1.00004							#	   0.67	  45.10	
    683	   0.58	  -0.22	  0.004	1.00012							#	   0.87	  44.19	
    684	   0.58	  -0.21	  0.006	1.00005							#	   0.83	  43.99	
    685	   0.89	  -0.07	  0.005	1.00012							#	   0.94	  42.58	
    686	   0.96	  -0.07	  0.002	1.00012							#	   0.82	  41.01	
    687	   1.00	  -0.07	  0.004	1.00013							#	   0.83	  40.76	
    688	   1.21	   0.03	  0.007	1.00007							#	   0.97	  39.09	
    689	   1.36	   0.04	  0.005	1.00007							#	   0.98	  38.48	
    690	   1.47	  -0.05	  0.007	1.00006							#	   1.06	  37.68	
    691	   1.59	  -0.02	  0.010	1.00012							#	   0.94	  36.62	
    692	   1.73	  -0.00	  0.010	1.00013							#	   0.96	  37.32	
    693	   1.67	  -0.08	  0.008	1.00016							#	   0.90	  36.31	
    694	   1.62	  -0.00	  0.005	1.00008							#	   0.62	  36.01	
    695	   1.72	  -0.14	  0.010	1.00018							#	   0.48	  36.92	
    696	   1.74	   0.02	  0.010	1.00005							#	   0.48	  35.20	
    697	   1.78	  -0.06	  0.008	1.00011							#	   0.51	  34.90	
    698	   1.90	   0.05	  0.012	1.00002							#	   0.56	  33.99	
    699	   1.93	  -0.03	  0.012	1.00009							#	   0.69	  35.76	
    700	   1.85	  -0.06	  0.013	1.00004							#	   0.65	  35.45	
    701	   1.89	  -0.02	  0.012	1.00014							#	   0.59	  35.35	
    702	   2.10	   0.04	  0.013	1.00020							#	   0.63	  34.34	
    703	   2.03	   0.02	  0.015	1.00020							#	   0.64	  35.15	
    704	   2.04	   0.03	  0.011	1.00016							#	   0.69	  36.87	
    705	   2.23	  -0.06	  0.013	1.00013							#	   0.64	  38.13	
    706	   2.45	  -0.02	  0.014	1.00016							#	   0.72	  39.65	
    707	   2.32	  -0.11	  0.012	1.00009							#	   0.88	  39.39	
    708	   2.56	  -0.21	  0.014	1.00009							#	   1.04	  38.08	
    709	   3.35	  -0.05	  0.016	1.00024							#	   1.12	  37.98	
    710	   4.00	  -0.03	  0.020	1.00028							#	   1.26	  36.57	
    711	   4.92	  -0.19	  0.022	1.00035							#	   1.47	  37.12	
    712	   5.40	  -0.26	  0.024	1.00035							#	   1.78	  36.72	
    713	   5.89	  -0.33	  0.023	1.00033							#	   1.50	  36.72	
    714	   6.32	  -0.34	  0.028	1.00040							#	   2.15	  35.71	
    715	   6.36	  -0.19	  0.025	1.00033							#	   1.49	  36.77	
    716	   7.01	  -0.22	  0.027	1.00034							#	   1.68	  36.36	
    717	   7.19	  -0.36	  0.019	1.00027							#	   1.43	  34.90	
    718	   8.00	  -0.49	  0.015	1.00039							#	   1.35	  34.75	
    719	   8.34	  -0.36	  0.012	1.00025							#	   1.15	  32.93	
    720	   9.10	  -0.55	  0.015	1.00023							#	   1.20	  28.64	
    721	   9.46	  -0.47	  0.003	1.00081							#	   1.33	  30.40	
    722	  10.15	  -0.59	  0.005	1.00066							#	   1.61	  31.97	
    723	  10.73	  -0.74	  0.007	1.00082							#	   1.68	  29.44	
    724	  11.62	  -0.54	  0.009	1.00048							#	   1.81	  30.61	
    725	  12.53	  -0.56	  0.010	1.00045							#	   1.96	  26.31	
    726	  13.22	  -0.62	  0.006	1.00051							#	   2.31	  25.25	
    727	  13.86	  -0.65	 -0.001	1.00052							#	   2.35	  25.56	
    728	  14.58	  -0.45	  0.006	1.00037							#	   2.50	  24.44	
    729	  15.48	  -0.55	  0.005	1.00036							#	   2.80	  21.46	
    730	  16.38	  -0.51	  0.005	1.00031							#	   2.95	  21.57	
    731	  16.95	  -0.40	  0.006	1.00029							#	   3.06	  23.08	
    732	  17.04	  -0.45	 -0.014	1.00064							#	   3.40	  21.57	
    733	  17.47	  -0.67	 -0.002	1.00072							#	   3.06	  20.51	
    734	  17.85	  -0.38	  0.004	1.00030							#	   3.40	  21.82	
    735	  18.48	  -0.56	  0.007	1.00009							#	   3.03	  21.97	
    736	  18.80	  -0.71	  0.010	1.00016							#	   3.33	  18.94	
    737	  18.63	  -0.54	 -0.002	0.99990							#	   3.16	  21.57	
    738	  19.41	  -0.60	  0.005	0.99997							#	   3.36	  20.10	
    739	  19.09	  -0.56	 -0.000	0.99981							#	   3.21	  20.10	
    740	  19.69	  -0.38	  0.021	1.00001							#	   3.30	  18.64	
    741	  19.53	  -0.26	  0.023	0.99989							#	   3.42	  14.80	
    742	  19.50	  -0.28	  0.025	0.99987							#	   3.45	  18.03	
    743	  19.21	  -0.04	  0.017	0.99963							#	   3.48	  15.91	
    744	  19.03	  -0.08	  0.025	0.99950							#	   3.55	  17.27	
    745	  18.87	   0.14	  0.018	0.99920							#	   3.66	  16.57	
    746	  18.97	  -0.01	  0.040	0.99968							#	   3.70	  17.37	
    747	  19.48	  -0.14	  0.040	0.99974							#	   3.70	  13.18	
    748	  19.30	  -0.14	  0.046	0.99982							#	   3.76	  16.92	
    749	  19.84	  -0.30	  0.056	1.00036							#	   3.72	  16.57	
    750	  19.54	  -0.25	  0.053	1.00026							#	   3.53	  19.34	
    751	  20.02	  -0.26	  0.056	1.00030							#	   3.67	  16.41	
    752	  21.02	  -0.79	  0.067	1.00070							#	   3.66	  17.27	
    753	  21.00	  -1.01	  0.065	1.00111							#	   3.74	  14.39	
    754	  20.86	  -1.07	  0.061	1.00125							#	   3.85	  17.32	
    755	  21.57	  -1.59	  0.069	1.00157							#	   3.62	  15.20	
    756	  20.89	  -1.55	  0.070	1.00139							#	   3.75	  18.23	
    757	  20.47	  -1.30	  0.061	1.00126							#	   3.63	  19.90	
    758	  19.61	  -1.95	  0.054	1.00163							#	   3.51	  18.79	
    759	  19.67	  -2.11	  0.057	1.00163							#	   3.59	  19.70	
    760	  18.95	  -2.33	  0.061	1.00154							#	   3.56	  16.72	
    761	  17.35	  -1.75	  0.049	1.00122							#	   3.21	  22.17	
    762	  17.31	  -1.93	  0.051	1.00120							#	   3.45	  19.90	
    763	  17.32	  -1.69	  0.044	1.00119							#	   3.38	  21.31	
    764	  17.55	  -1.97	  0.054	1.00149							#	   3.58	  19.14	
    765	  17.62	  -1.57	  0.046	1.00113							#	   3.43	  21.36	
    766	  17.43	  -1.78	  0.044	1.00114							#	   3.71	  20.20	
    767	  17.53	  -1.44	  0.047	1.00119							#	   3.59	  22.93	
    768	  17.56	  -1.58	  0.058	1.00127							#	   3.77	  22.02	
    769	  17.66	  -1.63	  0.054	1.00133							#	   3.85	  21.21	
    770	  18.14	  -1.89	  0.061	1.00110							#	   3.84	  20.15	
    771	  18.90	  -2.09	  0.063	1.00101							#	   3.84	  20.05	
    772	  18.78	  -2.18	  0.074	1.00093							#	   3.80	  20.61	
    773	  19.50	  -1.93	  0.064	1.00089							#	   4.04	  20.96	
    774	  19.44	  -1.90	  0.081	1.00064							#	   3.89	  18.74	
    775	  19.73	  -1.80	  0.065	1.00079							#	   3.96	  17.88	
    776	  19.00	  -1.48	  0.071	1.00035							#	   3.98	  20.15	
    777	  19.30	  -1.69	  0.068	1.00067							#	   4.01	  20.35	
    778	  18.65	  -1.73	  0.073	1.00077							#	   3.61	  19.70	
    779	  15.05	  -1.18	  0.046	1.00066							#	   2.87	  23.94	
    780	  13.16	  -1.63	  0.036	1.00112							#	   2.29	  23.33	
    781	  12.23	  -1.72	  0.034	1.00105							#	   1.99	  27.98	
    782	  10.18	  -1.53	  0.027	1.00087							#	   1.49	  31.26	
    783	   9.86	  -1.06	  0.027	1.00077							#	   1.42	  35.15	
    784	   9.34	  -1.14	  0.031	1.00064							#	   1.43	  35.10	
    785	   9.05	  -1.12	  0.029	1.00067							#	   1.45	  36.97	
    786	   8.75	  -1.20	  0.024	1.00069							#	   1.49	  36.31	
    787	   8.79	  -1.19	  0.029	1.00070							#	   1.69	  37.22	
    788	   8.44	  -1.16	  0.025	1.00064							#	   1.69	  37.07	
    789	   8.52	  -0.92	  0.029	1.00050							#	   1.83	  38.74	
    790	   8.34	  -0.97	  0.027	1.00049							#	   1.87	  39.04	
    791	   8.18	  -0.98	  0.027	1.00048							#	   1.79	  40.10	
    792	   7.86	  -1.11	  0.023	1.00059							#	   1.69	  38.74	
    793	   7.56	  -1.23	  0.021	1.00060							#	   1.66	  40.00	
    794	   7.75	  -1.14	  0.026	1.00055							#	   1.65	  39.65	
    795	   7.68	  -1.13	  0.024	1.00058							#	   1.72	  40.25	
    796	   7.57	  -1.09	  0.024	1.00058							#	   1.71	  39.24	
    797	   7.61	  -1.01	  0.022	1.00045							#	   1.79	  40.91	
    798	   2.93	   0.02	  0.009	1.00007							#	   0.96	  51.06	
    799	   3.85	   0.01	  0.009	1.00001							#	   1.02	  51.21	
    800	   4.55	  -0.14	  0.010	1.00000							#	   1.18	  52.78	
    801	   5.01	  -0.37	  0.009	1.00016							#	   1.25	  50.86	
    802	   5.40	  -0.43	  0.014	0.99998							#	   1.35	  52.53	
    803	   5.62	  -0.49	  0.010	1.00005							#	   1.66	  51.52	
    804	   6.07	  -0.44	  0.017	1.00010							#	   1.65	  50.05	
    805	   6.47	  -0.30	  0.015	1.00004							#	   1.78	  51.46	
    806	   6.18	  -0.38	  0.015	1.00025							#	   1.68	  47.93	
    807	   6.23	  -0.34	  0.017	1.00000							#	   1.86	  51.62	
    808	   6.53	  -0.48	  0.018	1.00009							#	   1.74	  53.13	
    809	   6.15	  -0.46	  0.014	1.00035							#	   1.60	  46.67	
    810	   6.08	  -0.56	  0.015	1.00035							#	   1.53	  47.93	
    811	   6.13	  -0.42	  0.013	1.00036							#	   1.62	  47.78	
    812	   6.31	  -0.30	  0.013	1.00028							#	   1.75	  47.63	
    813	   6.28	  -0.31	  0.014	1.00024							#	   1.71	  46.52	
    814	   6.34	  -0.35	  0.016	0.99772							#	   2.18	  52.93	
    815	   8.07	  -0.28	  0.019	0.99940							#	   2.39	  49.85	
    816	   6.37	  -0.08	  0.015	1.00054							#	   1.84	  43.69	
    817	   6.40	  -0.06	  0.016	1.00053							#	   2.33	  43.08	
    818	   6.34	  -0.22	  0.019	1.00090							#	   2.21	  44.19	
    819	   6.17	  -0.09	  0.021	1.00068							#	   2.36	  44.95	
    820	   6.33	  -0.21	  0.018	1.00040							#	   2.12	  46.16	
    821	   6.19	  -0.27	  0.016	1.00020							#	   2.19	  47.42	
    822	   6.17	  -0.20	  0.020	1.00027							#	   1.97	  46.82	
    823	   6.12	  -0.11	  0.017	1.00021							#	   2.16	  47.78	
    824	   5.92	  -0.15	  0.014	1.00011							#	   2.08	  48.08	
    825	   5.92	  -0.27	  0.019	1.00017							#	   1.99	  49.14	
    826	   5.76	  -0.21	  0.017	1.00016							#	   1.99	  50.81	
    827	   5.62	  -0.19	  0.017	1.00021							#	   1.86	  49.60	
    828	   5.44	  -0.24	  0.013	1.00019							#	   1.83	  51.31	
    829	   5.46	  -0.20	  0.014	1.00020							#	   1.76	  52.07	
    830	   5.32	  -0.16	  0.014	1.00019							#	   1.89	  51.67	
    831	   5.12	  -0.19	  0.013	1.00024							#	   1.69	  52.63	
    832	   5.05	  -0.16	  0.017	1.00022							#	   1.47	  53.33	
    833	   4.89	  -0.03	  0.012	1.00014							#	   1.44	  54.04	
    834	   4.88	  -0.01	  0.014	1.00012							#	   1.38	  54.70	
    835	   4.75	   0.02	  0.015	1.00020							#	   1.31	  55.00	
    836	   4.60	   0.05	  0.014	1.00015							#	   1.31	  56.16	
    837	   4.86	   0.20	  0.015	1.00017							#	   1.39	  55.35	
    838	   4.79	   0.25	  0.016	1.00015							#	   1.28	  57.32	
    839	   4.52	   0.23	  0.016	1.00019							#	   1.23	  56.77	
    840	   4.55	   0.27	  0.015	1.00011							#	   1.48	  58.03	
    841	   4.51	   0.31	  0.017	1.00015							#	   1.29	  58.84	
    842	   4.44	   0.33	  0.014	1.00018							#	   1.32	  58.28	
    843	   4.37	   0.46	  0.012	1.00008							#	   1.24	  61.92	
    844	   4.47	   0.46	  0.014	1.00010							#	   1.01	  62.02	
    845	   4.23	   0.41	  0.014	1.00014							#	   1.03	  62.02	
    846	   4.37	   0.33	  0.012	1.00012							#	   1.06	  62.32	
    847	   4.35	   0.26	  0.014	1.00014							#	   0.98	  60.35	
    848	   4.32	   0.27	  0.014	1.00023							#	   1.02	  58.84	
    849	   4.23	   0.27	  0.015	1.00014							#	   1.19	  58.99	
    850	   4.35	   0.23	  0.014	1.00021							#	   1.08	  57.83	
    851	   4.26	   0.23	  0.015	1.00020							#	   1.07	  58.18	
    852	   4.31	   0.36	  0.013	1.00017							#	   1.08	  59.55	
    853	   4.20	   0.45	  0.015	1.00018							#	   1.10	  58.84	
    854	   4.33	   0.47	  0.016	1.00008							#	   1.01	  60.66	
    855	   4.44	   0.55	  0.015	1.00013							#	   1.00	  60.91	
    856	   4.38	   0.48	  0.016	1.00023							#	   1.00	  58.94	
    857	   4.42	   0.45	  0.014	1.00020							#	   0.99	  58.89	
    858	   4.37	   0.46	  0.016	1.00018							#	   0.96	  59.34	
    859	   4.28	   0.46	  0.016	1.00018							#	   0.88	  59.44	
    860	   4.32	   0.46	  0.016	1.00020							#	   0.91	  57.93	
    861	   4.30	   0.55	  0.014	1.00012							#	   0.99	  58.59	
    862	   4.31	   0.51	  0.016	1.00013							#	   0.99	  58.64	
    863	   4.19	   0.43	  0.016	1.00019							#	   0.86	  58.43	
    864	   4.02	   0.49	  0.013	1.00008							#	   0.83	  59.95	
    865	   3.93	   0.55	  0.014	1.00009							#	   0.92	  60.30	
    866	   3.93	   0.55	  0.015	1.00009							#	   0.84	  59.39	
    867	   3.93	   0.57	  0.016	1.00017							#	   0.95	  59.39	
    868	   3.88	   0.65	  0.013	1.00007							#	   0.89	  59.75	
    869	   3.74	   0.60	  0.013	1.00012							#	   1.03	  60.35	
    870	   3.60	   0.62	  0.015	1.00008							#	   1.00	  60.66	
    871	   3.46	   0.67	  0.013	1.00012							#	   0.96	  59.65	
    872	   3.40	   0.61	  0.014	1.00009							#	   1.04	  59.80	
    873	   3.30	   0.62	  0.014	1.00005							#	   1.05	  59.44	
    874	   3.16	   0.67	  0.014	1.00008							#	   1.31	  57.98	
    875	   3.01	   0.67	  0.014	1.00007							#	   1.29	  58.79	
    876	   2.73	   0.74	  0.013	1.00007							#	   1.39	  59.39	
    877	   2.75	   0.62	  0.013	1.00005							#	   1.45	  59.65	
    878	   2.64	   0.59	  0.012	1.00009							#	   1.63	  58.54	
    879	   2.54	   0.67	  0.013	1.00005							#	   1.54	  58.54	
    880	   2.45	   0.62	  0.012	1.00007							#	   1.62	  58.03	
    881	   2.37	   0.61	  0.011	1.00004							#	   1.58	  58.54	
    882	   2.49	   0.67	  0.011	1.00003							#	   1.41	  58.13	
    883	   2.38	   0.64	  0.012	1.00006							#	   1.56	  58.28	
    884	   2.21	   0.68	  0.011	1.00005							#	   1.51	  58.59	
    885	   2.37	   0.64	  0.013	1.00002							#	   1.31	  57.78	
    886	   2.23	   0.63	  0.009	1.00002							#	   1.19	  57.68	
    887	   2.24	   0.56	  0.011	1.00001							#	   1.17	  58.84	
    888	   2.21	   0.56	  0.009	1.00002							#	   1.23	  58.74	
    889	   2.18	   0.52	  0.008	1.00003							#	   1.40	  58.64	
    890	   2.11	   0.53	  0.008	1.00002							#	   1.68	  58.13	
    891	   2.11	   0.59	  0.010	1.00001							#	   1.70	  57.83	
    892	   2.15	   0.49	  0.009	1.00005							#	   1.59	  57.47	
    893	   2.12	   0.57	  0.008	1.00002							#	   1.29	  57.83	
    894	   2.23	   0.60	  0.009	1.00001							#	   1.31	  56.16	
    895	   2.19	   0.74	  0.009	1.00002							#	   1.49	  55.51	
    896	   2.18	   0.66	  0.009	0.99999							#	   1.36	  55.91	
    897	   2.17	   0.76	  0.009	1.00000							#	   1.52	  56.31	
    898	   2.13	   0.71	  0.009	1.00000							#	   1.69	  56.16	
    899	   2.09	   0.65	  0.008	0.99999							#	   1.83	  55.15	
    900	   2.08	   0.65	  0.007	0.99999							#	   1.87	  54.44	
    901	   2.05	   0.62	  0.010	1.00004							#	   1.77	  55.86	
    902	   1.98	   0.60	  0.008	0.99998							#	   1.79	  56.41	
    903	   1.88	   0.63	  0.008	1.00000							#	   1.87	  57.73	
    904	   1.81	   0.57	  0.008	1.00000							#	   1.74	  59.44	
    905	   1.82	   0.50	  0.008	0.99999							#	   1.76	  58.54	
    906	   1.82	   0.53	  0.007	0.99999							#	   1.71	  57.22	
    907	   1.73	   0.54	  0.008	0.99999							#	   1.65	  58.54	
    908	   1.78	   0.50	  0.006	0.99999							#	   1.68	  57.68	
    909	   1.72	   0.60	  0.008	0.99997							#	   1.65	  57.78	
    910	   1.72	   0.58	  0.009	0.99999							#	   1.74	  57.93	
    911	   1.75	   0.62	  0.009	0.99999							#	   1.93	  58.89	
    912	   1.61	   0.59	  0.008	0.99998							#	   2.26	  58.54	
    913	   1.56	   0.52	  0.009	0.99998							#	   1.79	  58.59	
    914	   1.64	   0.48	  0.007	1.00000							#	   2.21	  60.71	
    915	   1.56	   0.46	  0.008	1.00001							#	   1.72	  60.30	
    916	   1.52	   0.36	  0.008	1.00005							#	   1.66	  62.02	
    917	   1.40	   0.32	  0.007	1.00000							#	   1.48	  61.87	
    918	   1.54	   0.33	  0.008	1.00004							#	   1.42	  62.98	
    919	   1.39	   0.28	  0.008	1.00005							#	   1.34	  63.79	
    920	   1.43	   0.23	  0.007	0.99998							#	   1.41	  64.29	
    921	   1.31	   0.30	  0.009	1.00005							#	   1.43	  63.89	
    922	   1.31	   0.29	  0.008	1.00000							#	   1.02	  64.49	
    923	   1.24	   0.25	  0.008	1.00000							#	   0.58	  66.52	
    924	   1.15	   0.33	  0.005	0.99995							#	   0.60	  66.92	
    925	   1.06	   0.26	  0.007	0.99993							#	   0.50	  66.06	
    926	   1.05	   0.24	  0.007	0.99997							#	   0.47	  66.06	
    927	   0.89	   0.22	  0.006	0.99999							#	   0.68	  67.12	
    928	   0.99	   0.17	  0.006	0.99996							#	   0.84	  64.09	
    929	   0.86	   0.17	  0.005	1.00001							#	   0.66	  63.69	
    930	   0.88	   0.18	  0.006	0.99997							#	   1.28	  62.83	
    931	   0.84	   0.11	  0.006	0.99997							#	   0.80	  62.27	
    932	   0.74	   0.07	  0.007	0.99999							#	   0.66	  62.42	
    933	   0.78	   0.10	  0.007	0.99998							#	   0.78	  62.07	
    934	   0.78	   0.10	  0.007	1.00002							#	   0.88	  62.63	
    935	   0.58	   0.01	  0.006	0.99996							#	   1.04	  62.02	
    936	   0.56	   0.03	  0.005	0.99998							#	   0.97	  61.87	
    937	   0.55	  -0.05	  0.006	0.99999							#	   1.07	  61.77	
    938	   0.54	  -0.02	  0.006	1.00000							#	   0.93	  61.67	
    939	   0.43	  -0.05	  0.004	0.99999							#	   1.01	  61.06	
    940	   0.11	  -0.06	  0.006	0.99998							#	   1.20	  60.81	
    941	   0.17	  -0.08	  0.006	0.99998							#	   1.14	  60.71	
    942	   0.25	  -0.17	  0.006	1.00001							#	   1.12	  61.01	
    943	   0.10	  -0.11	  0.007	1.00000							#	   1.11	  60.81	
    944	   0.01	  -0.21	  0.007	0.99995							#	   1.20	  61.41	
    945	   0.03	  -0.20	  0.006	1.00000							#	   1.16	  61.62	
    946	   0.09	  -0.23	  0.006	0.99996							#	   1.10	  60.86	
    947	   0.04	  -0.18	  0.006	1.00000							#	   0.99	  61.67	
    948	   0.06	  -0.25	  0.010	0.99997							#	   1.07	  60.61	
    949	   0.08	  -0.14	  0.006	0.99999							#	   1.24	  61.52	
    950	   0.11	  -0.28	  0.007	0.99998							#	   0.99	  61.21	
    951	   0.07	  -0.26	  0.008	0.99999							#	   1.07	  60.10	
    952	   0.08	  -0.27	  0.007	1.00001							#	   0.80	  60.81	
    953	   0.17	  -0.36	  0.007	1.00000							#	   0.93	  60.76	
    954	   0.18	  -0.31	  0.007	1.00000							#	   1.02	  60.25	
    955	   0.20	  -0.29	  0.007	1.00001							#	   1.09	  60.35	
    956	   0.07	  -0.35	  0.008	0.99999							#	   1.47	  59.70	
    957	   0.03	  -0.26	  0.007	0.99999							#	   0.91	  59.95	
    958	   0.10	  -0.26	  0.008	1.00000							#	   0.99	  60.35	
    959	   0.17	  -0.22	  0.006	1.00001							#	   0.82	  59.95	
    960	  -0.18	  -0.22	  0.009	0.99996							#	   1.25	  58.33	
    961	   0.09	  -0.00	  0.007	1.00000							#	   0.75	  61.01	
    962	   0.01	   0.01	  0.010	1.00000							#	   0.95	  60.25	
    963	  -0.00	  -0.05	  0.009	1.00001							#	   1.16	  59.85	
    964	   0.10	   0.05	  0.011	0.99996							#	   1.08	  58.54	
    965	   0.15	  -0.05	  0.011	0.99997							#	   1.14	  58.18	
    966	   0.02	  -0.07	  0.011	0.99998							#	   1.00	  58.84	
    967	   0.21	   0.21	  0.011	1.00000							#	   0.97	  59.34	
    968	   0.25	  -0.00	  0.010	0.99998							#	   0.91	  59.44	
    969	   0.11	  -0.05	  0.010	0.99999							#	   0.87	  58.54	
    970	   0.14	  -0.13	  0.010	0.99997							#	   1.01	  59.19	
    971	   0.33	   0.01	  0.008	1.00000							#	   1.03	  58.79	
    972	   0.31	   0.04	  0.009	0.99997							#	   1.30	  58.48	
    973	   0.11	  -0.04	  0.010	0.99996							#	   0.92	  58.99	
    974	   0.05	   0.05	  0.010	0.99996							#	   0.91	  60.10	
    975	  -0.03	   0.07	  0.009	0.99995							#	   1.19	  59.60	
    976	  -0.15	   0.09	  0.010	0.99996							#	   1.03	  58.64	
    977	  -0.19	  -0.07	  0.007	1.00001							#	   1.07	  60.15	
    978	  -0.40	  -0.01	  0.007	0.99992							#	   1.10	  57.73	
    979	  -0.29	   0.03	  0.008	0.99995							#	   0.87	  58.23	
    980	  -0.27	   0.12	  0.008	0.99996							#	   1.04	  57.93	
    981	  -0.16	   0.47	  0.010	0.99997							#	   1.25	  58.03	
    982	  -0.17	   0.50	  0.010	0.99999							#	   1.88	  56.67	
    983	  -0.19	   0.14	  0.011	0.99995							#	   1.47	  57.17	
    984	  -0.39	   0.20	  0.007	0.99986							#	   1.33	  58.13	
    985	  -0.32	   0.21	  0.011	0.99999							#	   1.03	  59.60	
    986	  -0.40	   0.26	  0.008	1.00000							#	   0.94	  59.75	
