      1	  -2.39	  -0.66	 -0.003	0.99996							#	   0.07	  61.77	
      2	  -2.40	  -0.94	 -0.005	1.00004							#	   0.27	  60.51	
      3	  -2.44	  -1.05	 -0.005	0.99999							#	   0.25	  61.87	
      4	  -2.66	  -1.06	 -0.004	0.99996							#	   0.24	  60.56	
      5	  -3.05	  -1.14	 -0.002	1.00002							#	   0.31	  58.23	
      6	  -3.22	  -1.11	 -0.004	1.00002							#	   0.31	  58.38	
      7	  -3.33	  -0.94	 -0.006	1.00002							#	   0.31	  58.38	
      8	  -3.46	  -1.03	 -0.004	1.00002							#	   0.35	  58.59	
      9	  -3.75	  -0.89	 -0.007	0.99993							#	   0.36	  55.66	
     10	  -4.01	  -0.85	 -0.004	0.99995							#	   0.37	  56.57	
     11	  -4.20	  -0.52	 -0.006	1.00002							#	   0.36	  55.45	
     12	  -4.24	  -0.59	 -0.003	1.00004							#	   0.37	  55.30	
     13	  -4.41	  -0.65	 -0.007	1.00003							#	   0.45	  54.55	
     14	  -4.33	  -0.46	 -0.003	1.00009							#	   0.41	  54.49	
     15	  -4.56	  -0.39	 -0.006	0.99998							#	   0.46	  51.77	
     16	  -4.69	  -0.44	 -0.003	0.99995							#	   0.46	  51.36	
     17	  -4.71	  -0.79	 -0.005	0.99989							#	   0.49	  51.01	
     18	  -4.97	  -0.81	 -0.006	0.99976							#	   0.60	  50.00	
     19	  -4.79	  -0.88	 -0.007	0.99976							#	   0.61	  49.95	
     20	  -4.28	  -0.98	 -0.009	0.99990							#	   0.51	  49.49	
     21	  -4.59	  -1.02	 -0.007	0.99988							#	   0.55	  50.76	
     22	  -5.66	  -1.12	 -0.007	0.99999							#	   0.79	  53.08	
     23	  -5.13	  -1.26	 -0.008	1.00002							#	   0.69	  48.89	
     24	  -4.97	  -1.36	 -0.005	1.00025							#	   0.74	  49.49	
     25	  -5.07	  -1.78	 -0.007	1.00026							#	   0.89	  48.54	
     26	  -5.45	  -2.07	 -0.007	1.00001							#	   0.86	  49.09	
     27	  -5.46	  -2.10	 -0.003	0.99995							#	   0.82	  51.72	
     28	  -5.21	  -2.31	 -0.003	1.00008							#	   0.86	  49.95	
     29	  -5.18	  -2.55	  0.002	1.00013							#	   0.94	  49.14	
     30	  -5.20	  -2.90	 -0.003	1.00012							#	   0.97	  50.76	
     31	  -5.19	  -3.50	 -0.004	1.00018							#	   1.02	  49.19	
     32	  -5.41	  -3.90	 -0.003	0.99997							#	   1.10	  51.62	
     33	  -5.07	  -4.66	 -0.004	1.00024							#	   1.15	  48.28	
     34	  -4.68	  -5.19	 -0.011	0.99982							#	   1.14	  48.43	
     35	  -4.95	  -5.77	 -0.011	1.00004							#	   1.43	  51.46	
     36	  -4.54	  -6.19	 -0.015	0.99996							#	   1.19	  51.67	
     37	  -4.16	  -6.36	 -0.015	1.00010							#	   1.25	  53.79	
     38	  -3.88	  -6.67	 -0.012	1.00020							#	   1.34	  53.79	
     39	  -3.68	  -6.77	 -0.013	1.00012							#	   1.26	  54.75	
     40	  -3.43	  -7.01	 -0.010	1.00013							#	   1.35	  55.00	
     41	  -3.39	  -6.98	 -0.007	1.00015							#	   1.32	  54.65	
     42	  -3.31	  -6.98	 -0.006	1.00012							#	   1.33	  56.87	
     43	  -3.22	  -6.88	 -0.004	1.00016							#	   1.28	  55.96	
     44	  -3.26	  -6.76	 -0.004	1.00020							#	   1.18	  55.35	
     45	  -3.81	  -6.34	 -0.005	1.00006							#	   1.13	  57.83	
     46	  -3.58	  -5.97	 -0.005	1.00004							#	   0.98	  57.17	
     47	  -3.57	  -5.89	 -0.005	1.00012							#	   0.94	  59.80	
     48	  -3.56	  -5.58	 -0.005	1.00009							#	   0.89	  59.19	
     49	  -3.82	  -5.27	 -0.009	1.00017							#	   0.92	  59.49	
     50	  -4.02	  -4.96	 -0.008	1.00021							#	   0.93	  58.43	
     51	  -3.85	  -4.76	 -0.012	1.00014							#	   0.89	  59.70	
     52	  -4.12	  -4.84	 -0.013	1.00015							#	   0.98	  58.18	
     53	  -4.40	  -4.84	 -0.010	1.00012							#	   1.04	  56.26	
     54	  -4.47	  -4.53	 -0.006	1.00004							#	   0.98	  58.38	
     55	  -4.48	  -4.52	 -0.002	1.00000							#	   0.98	  59.14	
     56	  -4.69	  -3.92	 -0.001	1.00000							#	   0.90	  57.88	
     57	  -4.81	  -3.85	 -0.000	1.00015							#	   0.89	  58.84	
     58	  -4.88	  -3.04	  0.003	0.99993							#	   0.71	  57.93	
     59	  -5.21	  -3.20	  0.004	1.00001							#	   0.78	  59.14	
     60	  -4.95	  -3.16	 -0.001	0.99990							#	   0.95	  48.84	
     61	  -5.09	  -3.47	 -0.008	1.00004							#	   0.85	  54.19	
     62	  -4.64	  -3.85	 -0.011	0.99989							#	   0.96	  50.81	
     63	  -4.60	  -4.27	 -0.011	1.00008							#	   1.07	  51.92	
     64	  -4.46	  -4.54	 -0.012	0.99995							#	   0.99	  50.81	
     65	  -4.26	  -4.59	 -0.010	1.00005							#	   1.00	  53.28	
     66	  -3.92	  -4.52	 -0.008	1.00008							#	   0.92	  53.43	
     67	  -3.92	  -5.04	 -0.004	1.00002							#	   1.09	  58.38	
     68	  -3.47	  -5.10	 -0.007	0.99999							#	   0.95	  54.70	
     69	  -3.74	  -5.27	 -0.001	1.00000							#	   1.11	  55.51	
     70	  -3.58	  -5.48	  0.000	0.99997							#	   1.04	  55.91	
     71	  -3.76	  -5.75	  0.003	1.00005							#	   1.10	  56.36	
     72	  -3.50	  -5.86	  0.001	0.99992							#	   1.07	  58.84	
     73	  -2.80	  -5.70	  0.005	1.00001							#	   0.94	  60.15	
     74	  -2.94	  -5.44	  0.005	0.99994							#	   0.87	  56.77	
     75	  -3.13	  -5.28	  0.009	1.00003							#	   0.85	  58.23	
     76	  -2.72	  -5.09	  0.005	1.00000							#	   0.80	  60.91	
     77	  -2.65	  -4.85	  0.010	0.99996							#	   0.75	  61.52	
     78	  -2.87	  -4.22	  0.012	0.99992							#	   0.67	  59.55	
     79	  -2.56	  -3.99	  0.009	1.00002							#	   0.63	  61.82	
     80	  -2.62	  -3.01	  0.010	0.99998							#	   0.44	  64.29	
     81	  -2.42	  -2.50	  0.012	1.00006							#	   0.37	  64.14	
     82	  -2.30	  -2.08	  0.012	1.00001							#	   0.31	  65.25	
     83	  -2.23	  -1.71	  0.012	0.99992							#	   0.27	  67.58	
     84	  -1.56	  -1.54	  0.010	0.99983							#	   0.21	  65.30	
     85	  -1.00	  -0.89	  0.009	0.99992							#	   0.13	  67.93	
     86	  -1.22	  -0.74	  0.008	1.00000							#	   0.14	  67.37	
     87	  -1.58	  -0.14	  0.007	0.99992							#	   0.14	  65.35	
     88	  -1.66	  -0.45	  0.005	0.99995							#	   0.15	  65.66	
     89	  -1.68	  -0.51	  0.004	0.99984							#	   0.14	  65.76	
     90	  -1.09	  -0.51	  0.002	0.99984							#	   0.11	  63.69	
     91	  -0.88	  -1.02	 -0.004	0.99988							#	   0.13	  66.06	
     92	  -1.49	  -0.31	 -0.002	0.99987							#	   0.15	  64.60	
     93	  -1.84	  -0.70	 -0.001	0.99984							#	   0.18	  64.75	
     94	  -1.76	  -0.73	  0.002	0.99988							#	   0.16	  65.56	
     95	  -2.05	  -0.95	  0.002	0.99987							#	   0.20	  65.00	
     96	  -2.07	  -1.30	 -0.000	0.99992							#	   0.25	  64.29	
     97	  -1.93	  -1.88	  0.002	0.99991							#	   0.35	  65.71	
     98	  -1.57	  -2.19	 -0.000	0.99987							#	   0.41	  65.15	
     99	  -0.86	  -2.36	  0.001	0.99982							#	   0.41	  63.13	
    100	  -0.61	  -2.54	  0.001	0.99985							#	   0.34	  62.68	
    101	  -0.77	  -2.77	  0.001	0.99982							#	   0.35	  64.39	
    102	  -0.51	  -2.68	  0.000	0.99977							#	   0.31	  62.42	
    103	   0.17	  -2.86	  0.000	0.99979							#	   0.31	  64.90	
    104	   0.40	  -3.07	 -0.001	0.99988							#	   0.33	  65.35	
    105	   0.79	  -2.89	 -0.002	0.99987							#	   0.30	  68.64	
    106	   1.08	  -2.86	 -0.000	0.99981							#	   0.28	  67.88	
    107	   0.93	  -2.48	 -0.001	0.99981							#	   0.22	  69.14	
    108	   1.18	  -2.12	  0.000	0.99991							#	   0.17	  69.34	
    109	   1.33	  -1.51	  0.001	0.99987							#	   0.12	  71.11	
    110	   1.10	  -0.92	  0.004	0.99984							#	   0.08	  72.32	
    111	   1.25	  -0.20	  0.003	0.99979							#	   0.07	  71.11	
    112	   0.81	   0.42	  0.008	0.99978							#	   0.07	  73.54	
    113	   0.08	   1.32	  0.006	0.99976							#	   0.12	  73.13	
    114	   0.48	   2.14	  0.006	0.99983							#	   0.22	  73.33	
    115	   0.81	   2.35	  0.008	0.99988							#	   0.26	  71.62	
    116	   0.14	   2.67	  0.010	0.99973							#	   0.29	  72.53	
    117	   0.67	   3.06	  0.005	0.99982							#	   0.40	  73.54	
    118	   0.14	   2.81	  0.005	0.99999							#	   0.33	  72.07	
    119	  -0.48	   2.82	  0.007	1.00000							#	   0.30	  70.86	
    120	  -0.35	   2.40	  0.013	0.99941							#	   0.30	  63.99	
    121	  -0.39	   2.79	  0.033	0.99950							#	   0.45	  61.11	
    122	  -0.68	   1.85	  0.024	0.99959							#	   0.27	  60.96	
    123	  -0.69	   1.08	  0.009	0.99974							#	   0.12	  63.43	
    124	  -0.96	  -0.03	 -0.002	0.99985							#	   0.12	  65.86	
    125	  -0.99	  -0.54	 -0.008	0.99996							#	   0.18	  63.33	
    126	  -0.88	  -1.55	 -0.009	0.99979							#	   0.26	  62.22	
    127	  -1.08	  -2.01	 -0.009	0.99982							#	   0.27	  63.18	
    128	  -0.92	  -2.26	 -0.005	0.99985							#	   0.33	  63.48	
    129	  -1.63	  -3.82	  0.001	0.99970							#	   0.74	  53.38	
    130	  -0.75	  -2.64	 -0.001	0.99988							#	   0.31	  64.19	
    131	  -0.57	  -2.56	  0.001	0.99985							#	   0.28	  64.14	
    132	  -0.92	  -2.62	  0.007	0.99980							#	   0.40	  56.87	
    133	   0.37	  -2.02	  0.000	0.99983							#	   0.17	  67.78	
    134	   0.19	  -1.70	 -0.003	0.99979							#	   0.12	  67.42	
    135	   0.03	  -1.39	 -0.003	0.99988							#	   0.11	  66.72	
    136	   0.21	  -0.41	 -0.002	0.99984							#	   0.09	  58.64	
    137	   0.02	  -0.84	  0.000	0.99978							#	   0.06	  69.60	
    138	  -0.20	  -0.10	  0.000	0.99982							#	   0.05	  71.62	
    139	  -0.25	   0.04	  0.001	0.99989							#	   0.04	  71.46	
    140	  -0.76	   0.94	  0.000	0.99992							#	   0.08	  69.24	
    141	  -0.08	   0.76	  0.003	0.99991							#	   0.07	  66.46	
    142	   0.37	   1.26	  0.002	0.99981							#	   0.13	  70.10	
    143	   0.11	   1.85	  0.002	0.99979							#	   0.19	  70.40	
    144	   0.03	   1.43	  0.003	0.99985							#	   0.14	  70.45	
    145	  -0.01	   1.62	  0.003	0.99983							#	   0.14	  70.25	
    146	  -0.48	   1.54	  0.002	0.99982							#	   0.13	  68.43	
    147	  -1.10	   1.30	  0.004	0.99988							#	   0.13	  67.07	
    148	  -1.38	   1.19	  0.005	0.99983							#	   0.13	  66.06	
    149	  -1.27	   0.98	  0.005	0.99973							#	   0.11	  66.82	
    150	  -0.71	   0.30	  0.004	0.99972							#	   0.08	  67.17	
    151	  -0.62	   0.21	  0.001	0.99977							#	   0.08	  66.41	
    152	  -0.47	  -0.10	 -0.001	0.99982							#	   0.12	  66.82	
    153	  -0.61	  -0.66	 -0.003	0.99987							#	   0.24	  64.34	
    154	   0.11	  -1.01	  0.001	0.99989							#	   0.19	  66.01	
    155	   0.27	  -1.56	  0.001	0.99981							#	   0.19	  64.85	
    156	   0.39	  -2.08	  0.000	0.99979							#	   0.22	  64.60	
    157	   1.08	  -2.51	  0.002	0.99980							#	   0.27	  62.83	
    158	   1.64	  -2.99	 -0.001	0.99990							#	   0.35	  63.99	
    159	   1.68	  -3.30	  0.002	0.99984							#	   0.40	  63.54	
    160	   2.15	  -3.34	  0.001	0.99985							#	   0.43	  65.56	
    161	   2.33	  -3.56	  0.002	0.99983							#	   0.46	  62.83	
    162	   2.55	  -3.61	  0.002	0.99986							#	   0.46	  63.23	
    163	   2.85	  -3.47	  0.002	0.99987							#	   0.48	  65.35	
    164	   3.40	  -3.17	  0.002	0.99984							#	   0.45	  66.77	
    165	   3.14	  -2.80	  0.002	0.99980							#	   0.36	  70.96	
    166	   2.83	  -2.51	  0.003	0.99985							#	   0.31	  69.95	
    167	   2.86	  -2.09	  0.003	0.99983							#	   0.26	  67.37	
    168	   3.02	  -1.57	  0.003	0.99980							#	   0.22	  70.40	
    169	   2.90	  -0.93	  0.006	0.99980							#	   0.19	  68.13	
    170	   3.21	  -0.30	  0.005	0.99976							#	   0.24	  68.43	
    171	   3.23	   0.10	  0.005	0.99994							#	   0.25	  69.09	
    172	   3.26	   0.14	  0.008	0.99989							#	   0.24	  71.67	
    173	   3.10	   0.46	  0.011	0.99971							#	   0.24	  70.30	
    174	   3.43	   0.81	  0.011	0.99970							#	   0.30	  71.46	
    175	   3.13	   1.67	  0.013	0.99972							#	   0.37	  72.83	
    176	   2.84	   1.09	  0.012	0.99979							#	   0.27	  70.91	
    177	   2.80	   0.87	  0.008	0.99964							#	   0.25	  71.01	
    178	   2.55	   0.75	  0.006	0.99957							#	   0.23	  70.40	
    179	   2.36	   0.55	  0.005	0.99966							#	   0.20	  68.13	
    180	   1.94	  -0.06	 -0.002	0.99985							#	   0.20	  59.75	
    181	   1.59	   0.07	 -0.008	0.99985							#	   0.15	  66.57	
    182	   1.15	  -0.28	 -0.012	0.99993							#	   0.14	  65.76	
    183	   0.81	  -0.51	 -0.014	0.99987							#	   0.20	  62.42	
    184	   0.86	  -1.34	 -0.014	0.99980							#	   0.20	  64.49	
    185	   0.79	  -1.69	 -0.018	0.99985							#	   0.18	  64.14	
    186	   0.56	  -2.01	 -0.016	0.99977							#	   0.22	  64.85	
    187	   0.56	  -2.18	 -0.015	0.99980							#	   0.25	  64.75	
    188	   0.39	  -2.83	 -0.015	0.99971							#	   0.36	  64.44	
    189	  -0.02	  -2.85	 -0.015	0.99975							#	   0.37	  63.59	
    190	   0.02	  -3.34	 -0.016	0.99987							#	   0.44	  63.89	
    191	  -0.12	  -3.63	 -0.015	0.99988							#	   0.48	  61.36	
    192	  -0.28	  -4.00	 -0.014	0.99990							#	   0.54	  60.45	
    193	  -0.69	  -4.09	 -0.013	0.99994							#	   0.57	  62.88	
    194	  -1.06	  -3.94	 -0.008	1.00000							#	   0.55	  60.20	
    195	  -1.46	  -3.97	 -0.008	0.99994							#	   0.54	  63.08	
    196	  -1.56	  -3.91	 -0.008	0.99996							#	   0.55	  64.55	
    197	  -2.34	  -3.45	 -0.006	1.00000							#	   0.51	  64.90	
    198	  -2.23	  -3.45	 -0.006	0.99994							#	   0.50	  64.29	
    199	  -2.42	  -3.16	 -0.002	0.99986							#	   0.48	  64.90	
    200	  -3.09	  -2.67	 -0.003	0.99995							#	   0.46	  62.53	
    201	  -3.21	  -2.28	 -0.003	0.99994							#	   0.42	  62.73	
    202	  -1.92	  -0.58	 -0.002	0.99985							#	   0.21	  54.55	
    203	  -2.56	  -1.87	 -0.003	0.99987							#	   0.31	  65.05	
    204	  -2.55	  -1.72	 -0.005	0.99988							#	   0.31	  64.39	
    205	  -2.61	  -1.92	 -0.007	0.99985							#	   0.32	  65.00	
    206	  -2.71	  -1.74	 -0.011	0.99989							#	   0.30	  63.23	
    207	  -2.71	  -1.81	 -0.010	1.00002							#	   0.30	  63.69	
    208	  -2.88	  -1.95	 -0.013	1.00002							#	   0.33	  64.49	
    209	  -3.40	  -1.99	 -0.012	1.00005							#	   0.43	  62.88	
    210	  -3.45	  -2.08	 -0.014	0.99992							#	   0.44	  62.02	
    211	  -2.45	  -2.64	 -0.013	0.99988							#	   0.44	  61.16	
    212	  -2.53	  -2.54	 -0.017	0.99991							#	   0.44	  61.16	
    213	  -2.64	  -2.39	 -0.016	0.99995							#	   0.44	  61.67	
    214	  -2.66	  -2.67	 -0.015	0.99992							#	   0.55	  62.27	
    215	  -2.38	  -3.01	 -0.014	0.99999							#	   0.63	  62.73	
    216	  -2.26	  -3.31	 -0.008	0.99995							#	   0.57	  63.18	
    217	  -2.12	  -3.47	 -0.003	0.99990							#	   0.57	  63.33	
    218	  -2.16	  -3.61	 -0.000	0.99984							#	   0.57	  64.55	
    219	  -2.23	  -3.71	  0.002	0.99982							#	   0.60	  66.06	
    220	  -1.89	  -3.76	  0.004	0.99991							#	   0.59	  63.54	
    221	  -1.27	  -3.92	  0.004	0.99990							#	   0.55	  61.36	
    222	  -1.19	  -3.71	  0.008	0.99993							#	   0.50	  64.95	
    223	  -0.96	  -3.53	  0.009	0.99987							#	   0.46	  59.70	
    224	  -0.59	  -3.06	  0.006	0.99982							#	   0.31	  67.78	
    225	  -0.33	  -2.85	  0.010	0.99986							#	   0.28	  70.25	
    226	   0.06	  -2.30	  0.008	0.99979							#	   0.19	  73.03	
    227	  -0.02	  -1.90	  0.011	0.99988							#	   0.13	  74.34	
    228	  -0.16	  -1.26	  0.014	0.99981							#	   0.08	  71.46	
    229	  -0.00	  -0.89	  0.013	0.99984							#	   0.07	  73.59	
    230	  -0.14	  -0.34	  0.017	0.99980							#	   0.04	  72.42	
    231	  -0.05	   0.19	  0.015	0.99979							#	   0.05	  75.40	
    232	   0.27	   0.79	  0.013	0.99980							#	   0.08	  71.36	
    233	   0.29	   1.63	  0.013	1.00015							#	   0.16	  71.87	
    234	   0.35	   1.40	  0.008	0.99996							#	   0.14	  71.46	
    235	   0.21	   1.85	  0.008	0.99974							#	   0.19	  73.38	
    236	   0.25	   1.27	  0.005	0.99978							#	   0.12	  73.28	
    237	   0.85	   2.35	  0.007	0.99999							#	   0.26	  73.28	
    238	   0.28	   2.26	  0.014	0.99993							#	   0.23	  72.17	
    239	   0.02	   1.96	  0.022	0.99964							#	   0.18	  73.54	
    240	  -0.41	   2.01	  0.023	0.99957							#	   0.24	  63.48	
    241	  -0.70	   1.65	  0.018	0.99965							#	   0.18	  69.24	
    242	  -0.84	   1.71	  0.010	0.99980							#	   0.20	  67.78	
    243	  -1.13	   1.25	  0.003	0.99992							#	   0.16	  67.07	
    244	  -1.55	   0.82	 -0.002	0.99991							#	   0.16	  65.96	
    245	  -1.50	   0.16	 -0.002	0.99985							#	   0.17	  65.91	
    246	  -1.61	   0.00	 -0.005	0.99982							#	   0.11	  66.62	
    247	  -1.59	  -0.12	 -0.003	0.99986							#	   0.13	  66.46	
    248	  -1.61	  -0.52	 -0.005	0.99984							#	   0.12	  65.20	
    249	  -1.84	  -0.76	 -0.004	0.99979							#	   0.16	  64.65	
    250	  -1.88	  -1.07	 -0.007	0.99978							#	   0.18	  65.56	
    251	  -1.66	  -0.90	 -0.005	0.99982							#	   0.13	  66.06	
    252	  -1.14	  -0.97	 -0.006	0.99982							#	   0.11	  63.79	
    253	  -1.27	  -1.13	 -0.005	0.99986							#	   0.13	  67.22	
    254	  -1.98	  -0.80	 -0.002	0.99983							#	   0.14	  68.38	
    255	  -2.10	  -0.70	 -0.000	0.99988							#	   0.14	  67.63	
    256	  -2.24	  -0.53	  0.003	0.99995							#	   0.14	  65.10	
    257	  -2.25	  -0.06	  0.004	0.99983							#	   0.12	  69.44	
    258	  -2.72	   0.28	  0.005	0.99983							#	   0.16	  69.39	
    259	  -3.30	   0.64	  0.005	0.99999							#	   0.22	  65.40	
    260	  -3.44	   1.31	  0.005	0.99993							#	   0.26	  66.57	
    261	  -3.57	   1.59	  0.006	0.99992							#	   0.29	  64.55	
    262	  -3.84	   2.13	  0.004	0.99991							#	   0.38	  68.43	
    263	  -3.99	   2.67	  0.004	1.00000							#	   0.46	  65.91	
    264	  -4.01	   2.66	  0.004	0.99998							#	   0.44	  66.06	
    265	  -3.60	   2.91	  0.003	0.99983							#	   0.47	  67.42	
    266	  -3.47	   3.36	  0.006	0.99976							#	   0.54	  66.06	
    267	  -3.75	   3.28	  0.004	0.99988							#	   0.54	  68.28	
    268	  -4.46	   3.06	  0.002	1.00000							#	   0.57	  63.33	
    269	  -5.12	   2.82	 -0.001	1.00021							#	   0.62	  60.61	
    270	  -5.39	   2.43	 -0.006	1.00017							#	   0.61	  57.22	
    271	  -5.58	   2.09	 -0.005	1.00009							#	   0.64	  56.11	
    272	  -7.46	   0.81	 -0.012	1.00007							#	   1.24	  48.74	
    273	  -6.59	   1.27	 -0.003	1.00026							#	   0.55	  51.26	
    274	  -6.30	   1.00	 -0.003	1.00029							#	   0.59	  49.90	
    275	  -6.26	   0.50	 -0.002	1.00033							#	   0.64	  50.40	
    276	  -6.16	   0.35	 -0.001	1.00034							#	   0.71	  51.67	
    277	  -6.45	   0.10	 -0.003	1.00025							#	   0.68	  54.04	
    278	  -7.12	  -0.38	 -0.003	1.00024							#	   0.89	  54.14	
    279	  -7.31	  -0.95	 -0.004	1.00034							#	   0.93	  50.86	
    280	  -7.57	  -1.05	 -0.003	1.00018							#	   0.96	  52.02	
    281	  -7.61	  -1.76	 -0.005	1.00020							#	   1.03	  50.86	
    282	  -7.17	  -1.71	 -0.004	1.00044							#	   0.86	  50.10	
    283	  -7.23	  -1.96	 -0.003	1.00039							#	   0.89	  51.77	
    284	  -7.51	  -2.01	 -0.001	1.00030							#	   0.95	  52.83	
    285	  -7.64	  -1.99	 -0.005	1.00011							#	   0.94	  52.73	
    286	  -7.86	  -1.55	 -0.001	1.00033							#	   0.92	  52.68	
    287	  -7.48	  -1.23	 -0.007	1.00021							#	   0.87	  52.73	
    288	  -7.14	  -0.77	 -0.008	1.00041							#	   0.81	  54.39	
    289	  -7.58	  -0.20	 -0.010	1.00012							#	   0.82	  57.47	
    290	  -7.59	   0.13	 -0.010	1.00027							#	   0.80	  58.94	
    291	  -7.49	   0.73	 -0.010	1.00010							#	   0.77	  57.58	
    292	  -7.09	   1.26	 -0.007	1.00045							#	   0.73	  56.62	
    293	  -7.08	   1.43	 -0.007	1.00043							#	   0.76	  55.40	
    294	  -7.31	   2.45	 -0.009	1.00058							#	   0.93	  56.52	
    295	  -7.12	   1.94	 -0.012	1.00034							#	   0.80	  57.63	
    296	  -6.73	   2.23	 -0.013	1.00030							#	   0.82	  56.92	
    297	  -6.55	   2.54	 -0.020	1.00049							#	   0.83	  54.09	
    298	  -6.30	   3.03	 -0.022	1.00048							#	   0.77	  57.73	
    299	  -7.09	   4.25	 -0.021	1.00111							#	   1.00	  56.77	
    300	  -7.71	   3.03	 -0.013	1.00025							#	   0.86	  49.85	
    301	  -6.89	   2.53	 -0.007	0.99909							#	   0.80	  52.42	
    302	  -7.95	   2.96	 -0.006	1.00009							#	   0.96	  52.73	
    303	  -8.21	   2.62	 -0.016	1.00031							#	   0.91	  47.12	
    304	  -8.15	   2.52	 -0.017	1.00055							#	   0.94	  48.13	
    305	  -8.39	   2.21	 -0.013	1.00053							#	   1.00	  47.63	
    306	  -8.71	   1.85	 -0.014	1.00033							#	   0.97	  49.44	
    307	  -8.78	   1.45	 -0.010	1.00038							#	   0.98	  49.65	
    308	  -8.85	   1.12	 -0.011	1.00036							#	   1.04	  50.35	
    309	  -9.05	   0.68	 -0.013	1.00026							#	   1.00	  49.34	
    310	  -9.06	   0.50	 -0.020	1.00046							#	   1.10	  46.97	
    311	  -9.12	   0.13	 -0.016	1.00031							#	   1.05	  49.90	
    312	  -9.35	  -0.64	 -0.021	1.00031							#	   1.13	  47.02	
    313	  -9.47	  -0.64	 -0.017	1.00037							#	   1.03	  49.19	
    314	  -9.62	  -1.18	 -0.016	1.00029							#	   1.23	  47.32	
    315	  -9.78	  -1.59	 -0.016	1.00039							#	   1.21	  45.56	
    316	  -9.90	  -1.76	 -0.011	1.00037							#	   1.16	  46.67	
    317	 -10.83	  -1.62	 -0.014	1.00049							#	   1.51	  44.44	
    318	 -11.03	  -1.53	 -0.016	1.00065							#	   1.27	  43.48	
    319	 -11.28	  -1.46	 -0.016	1.00062							#	   1.30	  43.28	
    320	 -11.81	  -1.19	 -0.015	1.00055							#	   1.44	  43.54	
    321	 -12.21	  -0.80	 -0.020	1.00054							#	   1.42	  42.17	
    322	 -12.88	  -0.44	 -0.021	1.00047							#	   1.60	  42.63	
    323	 -12.65	  -0.04	 -0.028	1.00021							#	   1.38	  43.94	
    324	 -11.88	   0.15	 -0.027	1.00051							#	   1.17	  46.77	
    325	 -11.49	   0.67	 -0.028	1.00070							#	   1.15	  48.43	
    326	 -11.25	   0.64	 -0.029	1.00076							#	   1.17	  47.68	
    327	 -10.79	   1.23	 -0.030	1.00072							#	   1.05	  49.95	
    328	 -10.43	   0.96	 -0.029	1.00051							#	   1.03	  49.95	
    329	  -9.74	   0.57	 -0.032	1.00056							#	   1.06	  50.05	
    330	  -9.89	   0.77	 -0.035	1.00052							#	   1.01	  48.89	
    331	  -9.38	   0.41	 -0.036	1.00059							#	   0.98	  50.91	
    332	  -9.81	   0.43	 -0.036	1.00077							#	   1.15	  50.20	
    333	 -10.43	   0.92	 -0.035	1.00058							#	   1.35	  48.23	
    334	 -11.09	   1.11	 -0.033	1.00067							#	   1.39	  46.21	
    335	 -11.72	   1.20	 -0.033	1.00043							#	   1.37	  47.68	
    336	 -12.27	   0.44	 -0.040	1.00061							#	   1.61	  40.45	
    337	 -13.55	  -0.06	 -0.039	1.00040							#	   1.81	  40.91	
    338	 -13.74	   0.03	 -0.027	1.00038							#	   1.67	  40.71	
    339	 -14.07	   0.20	 -0.025	1.00034							#	   1.81	  44.04	
    340	 -13.69	   0.28	 -0.028	1.00045							#	   1.59	  37.37	
    341	 -12.96	   0.33	 -0.024	1.00040							#	   1.48	  40.71	
    342	  -9.97	   0.21	 -0.007	1.00039							#	   0.90	  47.12	
    343	  -7.69	  -0.91	  0.005	0.99997							#	   0.57	  59.44	
    344	  -8.09	  -1.19	 -0.000	1.00019							#	   0.61	  58.03	
    345	  -8.33	  -1.73	 -0.003	1.00029							#	   0.78	  55.86	
    346	  -8.50	  -2.09	 -0.005	1.00032							#	   0.88	  53.48	
    347	  -8.66	  -1.96	 -0.005	1.00043							#	   1.12	  55.91	
    348	  -8.80	  -2.09	 -0.001	1.00031							#	   1.16	  54.44	
    349	  -8.79	  -2.05	 -0.002	1.00033							#	   1.12	  55.56	
    350	  -8.83	  -1.79	 -0.003	1.00042							#	   1.08	  53.08	
    351	  -8.11	  -1.60	 -0.006	1.00036							#	   0.98	  55.35	
    352	  -8.15	  -1.46	 -0.007	1.00041							#	   0.94	  54.75	
    353	  -8.00	  -1.13	 -0.008	1.00028							#	   0.89	  58.74	
    354	  -8.11	  -0.66	 -0.012	1.00035							#	   0.85	  60.25	
    355	  -7.83	  -0.17	 -0.009	1.00002							#	   0.80	  63.84	
    356	  -7.01	   0.49	 -0.012	1.00030							#	   0.74	  64.04	
    357	  -6.98	   1.06	 -0.008	1.00027							#	   0.69	  65.00	
    358	  -6.84	   1.09	 -0.011	1.00033							#	   0.70	  66.16	
    359	  -6.59	   0.93	 -0.009	1.00007							#	   0.67	  63.54	
    360	  -6.78	   1.58	 -0.012	1.00005							#	   0.80	  58.54	
    361	  -6.27	   1.66	 -0.012	0.99993							#	   0.68	  67.78	
    362	  -5.85	   1.67	 -0.017	1.00013							#	   0.65	  64.65	
    363	  -6.03	   1.80	 -0.020	1.00049							#	   0.72	  61.62	
    364	  -6.40	   2.06	 -0.016	1.00034							#	   0.75	  61.46	
    365	  -6.64	   1.90	 -0.014	0.99999							#	   0.75	  59.39	
    366	  -7.23	   2.25	 -0.006	1.00021							#	   0.94	  59.09	
    367	  -7.43	   2.20	 -0.005	1.00022							#	   0.81	  57.73	
    368	  -7.09	   2.47	 -0.000	1.00041							#	   0.81	  60.51	
    369	  -7.18	   2.28	 -0.002	1.00026							#	   0.85	  59.39	
    370	  -7.15	   1.74	  0.002	1.00007							#	   0.81	  63.89	
    371	  -7.51	   1.39	 -0.001	0.99997							#	   0.84	  63.33	
    372	  -7.70	   0.76	 -0.004	1.00009							#	   0.93	  62.12	
    373	  -7.73	  -0.13	 -0.010	1.00008							#	   0.85	  63.03	
    374	  -7.32	  -0.30	 -0.013	1.00002							#	   0.79	  60.81	
    375	  -7.10	  -1.24	 -0.014	1.00014							#	   0.86	  59.14	
    376	  -7.30	  -1.73	 -0.018	1.00019							#	   0.95	  60.71	
    377	  -7.42	  -2.01	 -0.017	1.00011							#	   1.00	  60.66	
    378	  -6.86	  -2.36	 -0.019	1.00003							#	   0.89	  58.03	
    379	  -6.95	  -2.75	 -0.019	1.00019							#	   1.02	  59.70	
    380	  -7.64	  -3.00	 -0.014	1.00023							#	   1.14	  61.11	
    381	  -7.47	  -2.94	 -0.016	1.00019							#	   0.95	  58.03	
    382	  -7.02	  -3.09	 -0.015	1.00032							#	   0.93	  59.09	
    383	  -7.06	  -2.70	 -0.018	1.00017							#	   0.86	  58.59	
    384	  -6.99	  -2.58	 -0.019	1.00017							#	   0.84	  58.79	
    385	  -7.50	  -2.32	 -0.015	0.99995							#	   0.86	  61.77	
    386	  -7.13	  -2.17	 -0.022	0.99977							#	   0.80	  60.30	
    387	  -6.91	  -1.87	 -0.019	1.00031							#	   0.76	  61.52	
    388	  -7.09	  -1.24	 -0.020	1.00028							#	   0.77	  62.42	
    389	  -7.05	  -0.76	 -0.025	1.00004							#	   0.69	  67.53	
    390	  -6.24	   0.12	 -0.021	1.00012							#	   0.54	  67.37	
    391	  -5.74	   0.26	 -0.023	1.00000							#	   0.42	  72.47	
    392	  -5.52	   0.95	 -0.018	0.99999							#	   0.43	  73.64	
    393	  -5.03	   0.43	 -0.026	0.99994							#	   0.37	  74.80	
    394	  -4.42	   0.47	 -0.026	0.99992							#	   0.32	  72.88	
    395	  -4.14	   0.43	 -0.032	0.99989							#	   0.30	  73.59	
    396	  -4.53	   0.20	 -0.037	1.00031							#	   0.37	  67.63	
    397	  -5.24	   0.30	 -0.034	0.99996							#	   0.45	  70.10	
    398	  -5.47	   0.31	 -0.032	1.00006							#	   0.49	  67.32	
    399	  -5.63	   0.16	 -0.029	0.99999							#	   0.49	  67.37	
    400	  -4.88	  -0.22	 -0.028	0.99980							#	   0.39	  68.43	
    401	  -4.51	  -0.34	 -0.030	0.99981							#	   0.39	  69.60	
    402	  -4.25	  -0.70	 -0.025	0.99991							#	   0.37	  72.63	
    403	  -4.37	  -0.92	 -0.026	0.99992							#	   0.40	  73.28	
    404	  -4.44	  -1.45	 -0.025	0.99989							#	   0.47	  72.27	
    405	  -4.53	  -1.90	 -0.024	0.99987							#	   0.57	  71.46	
    406	  -4.48	  -2.23	 -0.023	0.99988							#	   0.62	  71.31	
    407	  -4.62	  -2.50	 -0.021	0.99989							#	   0.67	  72.37	
    408	  -4.44	  -2.82	 -0.023	0.99986							#	   0.73	  73.43	
    409	  -4.07	  -3.03	 -0.023	0.99991							#	   0.75	  72.73	
    410	  -3.86	  -3.26	 -0.024	0.99997							#	   0.75	  74.49	
    411	  -3.93	  -3.57	 -0.023	1.00002							#	   0.80	  76.16	
    412	  -3.40	  -3.93	 -0.025	0.99993							#	   0.87	  75.45	
    413	  -2.63	  -3.91	 -0.024	0.99990							#	   0.71	  73.54	
    414	  -2.73	  -3.71	 -0.022	0.99996							#	   0.67	  76.52	
    415	  -2.76	  -3.59	 -0.021	0.99998							#	   0.62	  76.52	
    416	  -2.67	  -3.26	 -0.021	0.99997							#	   0.53	  75.86	
    417	  -2.57	  -2.87	 -0.020	0.99994							#	   0.44	  75.51	
    418	  -1.82	  -2.16	 -0.018	0.99991							#	   0.28	  78.48	
    419	  -1.43	  -1.72	 -0.017	0.99986							#	   0.18	  80.61	
    420	  -0.97	  -1.24	 -0.015	0.99993							#	   0.16	  70.51	
    421	  -0.97	  -1.15	 -0.015	0.99997							#	   0.10	  80.30	
    422	  -0.73	  -0.93	 -0.018	0.99992							#	   0.08	  77.93	
    423	  -0.33	  -0.66	 -0.019	0.99994							#	   0.05	  79.80	
    424	  -0.34	   0.36	 -0.021	1.00019							#	   0.04	  79.55	
    425	  -1.39	  -0.15	 -0.020	1.00025							#	   0.08	  77.37	
    426	  -2.42	  -0.19	 -0.013	0.99985							#	   0.13	  78.64	
    427	  -2.08	  -0.34	 -0.005	0.99950							#	   0.11	  77.93	
    428	  -1.41	  -0.28	 -0.002	0.99936							#	   0.07	  78.64	
    429	  -1.78	   0.49	 -0.008	1.00018							#	   0.08	  77.58	
    430	  -1.96	  -0.59	 -0.016	1.00026							#	   0.11	  76.46	
    431	  -2.54	  -0.90	 -0.017	1.00026							#	   0.18	  74.34	
    432	  -3.47	  -1.46	 -0.013	0.99999							#	   0.32	  73.59	
    433	  -3.63	  -1.83	 -0.007	0.99977							#	   0.38	  72.93	
    434	  -4.12	  -1.94	 -0.001	0.99981							#	   0.45	  74.19	
    435	  -4.27	  -2.79	 -0.002	0.99985							#	   0.64	  72.58	
    436	  -4.13	  -3.34	 -0.006	0.99972							#	   0.77	  71.87	
    437	  -4.05	  -3.90	 -0.008	0.99981							#	   0.90	  73.64	
    438	  -4.14	  -4.16	 -0.011	0.99983							#	   0.90	  72.78	
    439	  -3.73	  -5.57	 -0.013	0.99996							#	   1.15	  72.98	
    440	  -3.39	  -5.74	 -0.014	0.99993							#	   0.97	  70.51	
    441	  -2.98	  -5.85	 -0.012	0.99990							#	   1.04	  69.75	
    442	  -2.67	  -6.21	 -0.010	0.99993							#	   1.19	  71.72	
    443	  -2.26	  -6.22	 -0.009	0.99993							#	   0.99	  70.00	
    444	  -1.65	  -6.24	 -0.009	0.99994							#	   1.00	  70.51	
    445	  -1.44	  -6.00	 -0.007	0.99994							#	   0.90	  73.94	
    446	  -1.26	  -5.90	 -0.007	0.99993							#	   0.81	  74.90	
    447	  -1.07	  -5.79	 -0.008	0.99985							#	   0.79	  73.23	
    448	  -1.55	  -5.08	 -0.008	0.99978							#	   0.68	  72.98	
    449	  -0.93	  -5.10	 -0.008	0.99984							#	   0.68	  72.47	
    450	  -0.38	  -5.06	 -0.007	0.99993							#	   0.67	  76.01	
    451	  -1.11	  -4.65	 -0.008	0.99987							#	   0.63	  75.76	
    452	  -0.91	  -4.25	 -0.010	0.99993							#	   0.55	  72.37	
    453	   0.11	  -4.29	 -0.008	0.99974							#	   0.59	  75.25	
    454	   0.59	  -4.21	 -0.007	1.00005							#	   0.55	  77.32	
    455	   0.38	  -4.34	 -0.009	0.99983							#	   0.58	  76.11	
    456	   0.69	  -5.00	 -0.005	0.99992							#	   0.79	  76.92	
    457	   0.93	  -4.00	 -0.003	0.99996							#	   0.55	  73.69	
    458	   0.60	  -3.95	  0.005	1.00002							#	   0.50	  74.14	
    459	   0.43	  -4.45	  0.014	0.99989							#	   0.60	  74.80	
    460	  -0.42	  -4.76	  0.010	0.99978							#	   0.67	  71.77	
    461	  -0.12	  -5.75	  0.005	0.99987							#	   0.96	  73.64	
    462	   0.34	  -6.13	 -0.006	0.99980							#	   0.95	  74.70	
    463	   0.08	  -6.74	 -0.012	0.99977							#	   1.06	  73.03	
    464	  -0.18	  -7.83	 -0.027	0.99993							#	   1.28	  68.54	
    465	   0.01	  -9.33	 -0.035	0.99993							#	   1.48	  70.30	
    466	   0.52	 -10.71	 -0.034	1.00009							#	   1.61	  63.08	
    467	   0.20	 -11.74	 -0.026	0.99979							#	   1.79	  66.77	
    468	   1.01	 -11.98	 -0.017	0.99979							#	   1.53	  64.49	
    469	   1.65	 -12.44	 -0.007	0.99976							#	   1.81	  62.47	
    470	   1.99	 -12.68	 -0.002	0.99979							#	   1.81	  60.30	
    471	   2.56	 -12.54	  0.001	0.99962							#	   1.76	  57.63	
    472	   2.80	 -12.55	  0.002	0.99968							#	   1.89	  57.12	
    473	   2.82	 -12.42	  0.001	0.99962							#	   1.63	  58.03	
    474	   2.91	 -12.16	  0.000	0.99966							#	   1.65	  59.55	
    475	   2.80	 -12.23	  0.000	0.99967							#	   1.62	  61.72	
    476	   2.83	 -12.10	 -0.003	0.99968							#	   1.63	  60.30	
    477	   2.90	 -11.95	 -0.001	0.99970							#	   1.61	  61.92	
    478	   2.92	 -11.67	 -0.004	0.99970							#	   1.56	  60.00	
    479	   3.43	 -11.55	 -0.004	0.99962							#	   1.55	  58.48	
    480	   3.49	 -11.07	 -0.002	0.99959							#	   1.45	  51.41	
    481	   3.81	 -11.11	  0.004	0.99961							#	   1.44	  55.20	
    482	   3.91	 -10.85	  0.005	0.99966							#	   1.41	  56.46	
    483	   4.11	 -10.86	  0.003	0.99965							#	   1.53	  56.01	
    484	   4.09	 -10.39	  0.004	0.99975							#	   1.32	  55.00	
    485	   4.17	 -10.36	  0.010	0.99991							#	   1.31	  55.25	
    486	   3.81	 -10.01	  0.014	0.99976							#	   1.23	  53.89	
    487	   4.37	 -10.44	  0.027	0.99940							#	   1.38	  54.09	
    488	   4.71	 -12.27	  0.024	0.99913							#	   1.90	  54.75	
    489	   4.71	 -11.60	  0.015	0.99978							#	   1.38	  52.22	
    490	   4.65	 -11.26	 -0.001	0.99977							#	   1.40	  52.88	
    491	   3.21	  -7.89	 -0.002	0.99992							#	   0.70	  59.19	
    492	   2.59	  -8.22	 -0.012	0.99997							#	   0.73	  60.05	
    493	   2.39	  -8.56	 -0.015	0.99985							#	   0.77	  57.63	
    494	   2.33	  -9.16	 -0.013	0.99990							#	   0.97	  59.90	
    495	   2.53	 -10.08	 -0.004	0.99965							#	   1.28	  57.02	
    496	   2.24	 -10.96	 -0.007	0.99971							#	   1.52	  57.78	
    497	   2.02	 -12.55	 -0.010	0.99964							#	   1.73	  55.10	
    498	   1.75	 -13.77	 -0.019	0.99945							#	   1.83	  55.35	
    499	   1.76	 -15.24	 -0.026	0.99938							#	   2.10	  53.13	
    500	   1.32	 -15.81	 -0.026	0.99936							#	   2.07	  53.03	
    501	   1.51	 -15.85	 -0.026	0.99936							#	   1.98	  53.08	
    502	   1.58	 -15.60	 -0.024	0.99952							#	   1.91	  51.67	
    503	   1.66	 -15.77	 -0.019	0.99947							#	   2.00	  50.45	
    504	   1.61	 -15.29	 -0.022	0.99942							#	   1.95	  50.51	
    505	   2.01	 -15.10	 -0.022	0.99946							#	   1.82	  50.45	
    506	   2.22	 -14.65	 -0.021	0.99937							#	   1.70	  50.05	
    507	   2.04	 -14.62	 -0.023	0.99952							#	   1.80	  52.12	
    508	   2.34	 -14.43	 -0.027	0.99946							#	   1.78	  50.40	
    509	   2.52	 -14.21	 -0.031	0.99936							#	   1.75	  48.84	
    510	   2.19	 -14.27	 -0.032	0.99942							#	   1.68	  50.45	
    511	   1.93	 -14.86	 -0.033	0.99933							#	   2.00	  47.68	
    512	   1.98	 -14.09	 -0.034	0.99949							#	   1.60	  48.59	
    513	   2.24	 -14.44	 -0.033	0.99950							#	   1.88	  48.64	
    514	   1.76	 -14.09	 -0.034	0.99941							#	   1.64	  46.21	
    515	   1.86	 -13.78	 -0.025	0.99930							#	   1.70	  44.55	
    516	   2.65	 -13.67	 -0.022	0.99930							#	   1.63	  44.80	
    517	   3.19	 -13.95	 -0.023	0.99930							#	   1.74	  44.19	
    518	   3.04	 -14.39	 -0.031	0.99951							#	   1.78	  44.49	
    519	   2.51	 -14.02	 -0.023	0.99944							#	   1.66	  44.09	
    520	   2.47	 -13.99	  0.003	0.99930							#	   1.68	  45.66	
    521	   2.59	 -13.50	  0.031	0.99931							#	   1.58	  44.04	
    522	   2.45	 -12.92	  0.045	0.99936							#	   1.41	  44.95	
    523	   2.23	 -12.89	  0.045	0.99928							#	   1.34	  43.69	
    524	   2.71	 -13.80	  0.034	0.99915							#	   1.63	  42.63	
    525	   2.88	 -15.19	  0.023	0.99927							#	   1.76	  41.57	
    526	   1.61	 -16.42	  0.016	0.99930							#	   2.10	  40.81	
    527	   1.39	 -18.15	  0.011	0.99915							#	   2.01	  38.94	
    528	   1.75	 -19.38	  0.007	0.99929							#	   2.23	  37.93	
    529	   2.06	 -20.54	  0.005	0.99902							#	   2.32	  36.06	
    530	   2.81	 -21.33	  0.001	0.99880							#	   2.35	  34.65	
    531	   2.19	 -22.09	 -0.002	0.99881							#	   2.48	  35.10	
    532	   2.31	 -22.25	 -0.004	0.99881							#	   2.39	  32.68	
    533	   2.84	 -22.38	 -0.004	0.99878							#	   2.55	  30.35	
    534	   2.96	 -22.07	 -0.005	0.99880							#	   2.30	  32.32	
    535	   2.83	 -22.09	 -0.007	0.99890							#	   2.29	  31.67	
    536	   2.65	 -21.74	 -0.006	0.99882							#	   2.37	  30.86	
    537	   2.97	 -21.35	 -0.006	0.99883							#	   2.10	  28.54	
    538	   3.20	 -21.44	 -0.006	0.99886							#	   2.22	  29.34	
    539	   2.94	 -21.27	 -0.008	0.99889							#	   2.29	  27.53	
    540	   3.13	 -21.08	 -0.005	0.99867							#	   2.15	  21.77	
    541	   2.94	 -20.97	 -0.009	0.99887							#	   2.32	  25.86	
    542	   3.06	 -20.85	 -0.007	0.99881							#	   2.18	  23.79	
    543	   2.81	 -20.83	 -0.004	0.99878							#	   2.15	  23.64	
    544	   2.98	 -20.70	 -0.004	0.99881							#	   2.46	  23.79	
    545	   3.36	 -20.63	 -0.005	0.99871							#	   2.26	  20.10	
    546	   3.04	 -20.75	 -0.010	0.99885							#	   2.30	  21.92	
    547	   2.28	 -20.81	 -0.013	0.99874							#	   2.56	  20.96	
    548	   2.30	 -20.66	 -0.013	0.99882							#	   2.40	  21.36	
    549	   2.84	 -20.74	 -0.015	0.99875							#	   2.33	  18.79	
    550	   2.14	 -21.54	 -0.012	0.99874							#	   2.91	  19.95	
    551	   1.82	 -20.78	 -0.006	0.99876							#	   2.29	  19.95	
    552	   1.71	 -18.76	  0.016	0.99862							#	   1.97	  18.79	
    553	   2.37	 -15.69	  0.029	0.99904							#	   1.58	  16.97	
    554	   1.98	 -11.26	  0.039	0.99947							#	   0.83	  21.46	
    555	   0.05	  -4.78	  0.020	0.99979							#	   0.18	  19.39	
    556	  -0.17	  -3.81	  0.014	0.99973							#	   0.14	  20.96	
    557	   0.10	  -4.18	  0.007	0.99987							#	   0.14	  21.92	
    558	  -0.17	  -5.35	  0.002	0.99977							#	   0.21	  20.10	
    559	  -0.10	  -6.04	 -0.002	0.99982							#	   0.36	  21.77	
    560	  -0.26	  -6.87	 -0.001	0.99971							#	   0.73	  19.90	
    561	  -0.67	  -7.67	 -0.005	0.99951							#	   0.77	  20.00	
    562	  -0.58	  -8.84	 -0.010	0.99958							#	   0.94	  18.43	
    563	  -0.83	  -9.49	 -0.011	0.99951							#	   0.92	  17.37	
    564	  -0.80	 -10.20	 -0.013	0.99948							#	   0.95	  17.73	
    565	  -0.53	 -10.68	 -0.010	0.99958							#	   0.97	  17.12	
    566	  -0.43	 -10.68	 -0.010	0.99958							#	   0.88	  16.62	
    567	   0.05	 -10.17	 -0.009	0.99970							#	   0.82	  17.88	
    568	   0.14	 -10.08	 -0.006	0.99957							#	   0.81	  17.37	
    569	   0.16	  -9.84	 -0.006	0.99953							#	   0.77	  16.97	
    570	   0.11	  -9.27	 -0.007	0.99947							#	   0.72	  16.41	
    571	   0.24	  -9.24	 -0.007	0.99953							#	   0.75	  15.40	
    572	   0.24	  -9.17	 -0.007	0.99945							#	   0.70	  15.20	
    573	  -0.10	  -9.49	 -0.006	0.99940							#	   0.83	  15.35	
    574	  -0.50	  -9.72	 -0.009	0.99942							#	   0.78	  15.61	
    575	  -0.66	  -9.26	 -0.012	0.99938							#	   0.76	  15.00	
    576	  -0.22	  -8.96	 -0.009	0.99943							#	   0.71	  14.34	
    577	  -0.45	  -9.13	 -0.001	0.99943							#	   0.79	  13.38	
    578	  -0.57	  -9.34	 -0.004	0.99941							#	   0.79	  13.64	
    579	   0.17	  -8.81	 -0.007	0.99950							#	   0.67	  13.38	
    580	  -0.64	  -8.96	 -0.000	0.99943							#	   0.77	  12.27	
    581	  -0.53	  -8.49	  0.004	0.99943							#	   0.66	  12.22	
    582	  -0.45	  -8.60	  0.011	0.99958							#	   0.68	  12.02	
    583	  -1.22	  -8.69	  0.013	0.99949							#	   0.75	  11.26	
    584	  -1.93	  -9.45	  0.010	0.99921							#	   0.93	  12.12	
    585	  -2.27	 -10.32	  0.005	0.99924							#	   0.93	  10.71	
    586	  -2.27	 -11.20	 -0.001	0.99939							#	   0.90	  10.71	
    587	  -2.31	 -11.39	 -0.002	0.99931							#	   1.02	  10.00	
    588	  -1.70	 -11.60	  0.000	0.99951							#	   0.91	  10.25	
    589	  -1.18	 -12.15	  0.005	0.99932							#	   1.06	   9.34	
    590	  -1.15	 -12.56	  0.012	0.99934							#	   1.08	   9.39	
    591	  -0.86	 -12.91	  0.016	0.99926							#	   0.98	   8.64	
    592	  -0.59	 -13.13	  0.020	0.99918							#	   1.04	   8.43	
    593	  -0.16	 -14.32	  0.019	0.99914							#	   1.19	   8.28	
    594									skipped		#	   1.17	   6.31	
    595									skipped		#	   1.21	   6.46	
    596									skipped		#	   1.09	   5.20	
    597									skipped		#	   1.15	   4.55	
    598									skipped		#	   1.15	   4.65	
    599									skipped		#	   1.10	   3.89	
    600									skipped		#	   0.91	   3.13	
    601									skipped		#	   0.91	   4.14	
    602									skipped		#	   0.91	   3.69	
    603									skipped		#	   0.90	   3.74	
    604									skipped		#	   0.80	   3.79	
    605									skipped		#	   0.85	   4.19	
    606									skipped		#	   0.81	   4.09	
    607									skipped		#	   0.88	   4.29	
    608									skipped		#	   0.90	   4.19	
    609									skipped		#	   0.77	   4.19	
    610									skipped		#	   0.85	   4.19	
    611									skipped		#	   0.82	   4.19	
    612									skipped		#	   0.91	   4.29	
    613									skipped		#	   0.89	   3.89	
    614									skipped		#	   0.79	   3.94	
    615									skipped		#	   0.68	   3.99	
    616									skipped		#	   0.40	   3.89	
    617									skipped		#	   0.40	   3.59	
    618									skipped		#	   0.26	   3.94	
    619									skipped		#	   0.32	   3.43	
    620									skipped		#	   0.35	   3.64	
    621									skipped		#	   0.41	   3.48	
    622									skipped		#	   0.32	   3.89	
    623									skipped		#	   0.33	   3.43	
    624									skipped		#	   0.33	   3.89	
    625									skipped		#	   0.35	   3.64	
    626									skipped		#	   0.38	   3.54	
    627									skipped		#	   0.35	   3.38	
    628									skipped		#	   0.32	   3.79	
    629									skipped		#	   0.35	   3.48	
    630									skipped		#	   0.29	   3.59	
    631									skipped		#	   0.27	   3.33	
    632									skipped		#	   0.24	   3.33	
    633									skipped		#	   0.23	   3.64	
    634									skipped		#	   0.21	   3.23	
    635									skipped		#	   0.19	   3.13	
    636									skipped		#	   0.19	   3.28	
    637									skipped		#	   0.14	   3.28	
    638									skipped		#	   0.13	   3.89	
    639									skipped		#	   0.12	   3.23	
    640									skipped		#	   0.09	   3.28	
    641									skipped		#	   0.08	   3.28	
    642									skipped		#	   0.07	   3.13	
    643									skipped		#	   0.07	   3.48	
    644									skipped		#	   0.07	   3.28	
    645									skipped		#	   0.09	   3.08	
    646									skipped		#	   0.07	   3.03	
    647									skipped		#	   0.08	   3.03	
    648									skipped		#	   0.06	   3.03	
    649									skipped		#	   0.06	   3.28	
    650									skipped		#	   0.06	   3.48	
    651									skipped		#	   0.07	   3.43	
    652									skipped		#	   0.07	   3.43	
    653									skipped		#	   0.08	   3.74	
    654									skipped		#	   0.08	   3.59	
    655									skipped		#	   0.08	   2.98	
    656									skipped		#	   0.09	   3.38	
    657									skipped		#	   0.09	   3.43	
    658									skipped		#	   0.10	   3.33	
    659									skipped		#	   0.09	   3.33	
    660									skipped		#	   0.10	   2.98	
    661									skipped		#	   0.10	   3.18	
    662									skipped		#	   0.10	   3.03	
    663									skipped		#	   0.10	   3.23	
    664									skipped		#	   0.10	   3.03	
    665									skipped		#	   0.11	   3.03	
    666									skipped		#	   0.09	   3.03	
    667									skipped		#	   0.09	   3.08	
    668									skipped		#	   0.08	   3.18	
    669									skipped		#	   0.07	   3.48	
    670									skipped		#	   0.07	   3.54	
    671									skipped		#	   0.07	   3.48	
    672									skipped		#	   0.07	   3.64	
    673									skipped		#	   0.08	   3.38	
    674									skipped		#	   0.09	   3.33	
    675									skipped		#	   0.09	   3.64	
    676									skipped		#	   0.07	   3.33	
    677									skipped		#	   0.09	   3.23	
    678									skipped		#	   0.07	   3.13	
    679									skipped		#	   0.09	   3.03	
    680									skipped		#	   0.12	   3.08	
