      1	   0.67	   0.45	 -0.010	1.00009							#	   0.01	  45.66	
      2	   0.66	   0.44	 -0.011	1.00009							#	   0.04	  44.49	
      3	   0.58	   0.65	 -0.012	1.00004							#	   0.04	  44.49	
      4	   0.54	   0.69	 -0.012	1.00010							#	   0.05	  44.39	
      5	   0.51	   0.70	 -0.011	1.00007							#	   0.05	  43.84	
      6	   0.48	   0.88	 -0.009	0.99988							#	   0.07	  40.66	
      7	   0.37	   0.95	 -0.011	0.99991							#	   0.06	  41.57	
      8	   0.51	   1.00	 -0.008	0.99988							#	   0.06	  42.68	
      9	   0.39	   0.94	 -0.009	0.99989							#	   0.06	  41.62	
     10	   0.46	   0.95	 -0.011	0.99993							#	   0.06	  40.86	
     11	   0.33	   1.01	 -0.012	0.99988							#	   0.06	  42.63	
     12	   0.39	   1.02	 -0.011	0.99987							#	   0.06	  42.58	
     13	   0.37	   1.10	 -0.010	0.99989							#	   0.06	  42.73	
     14	   0.57	   1.04	 -0.008	0.99992							#	   0.07	  41.97	
     15	   0.54	   1.17	 -0.009	0.99990							#	   0.07	  42.78	
     16	   0.38	   1.17	 -0.011	0.99994							#	   0.07	  43.28	
     17	   0.30	   1.17	 -0.012	0.99995							#	   0.06	  43.48	
     18	   0.41	   1.21	 -0.010	0.99997							#	   0.07	  42.98	
     19	   0.43	   1.22	 -0.009	0.99997							#	   0.07	  41.87	
     20	   0.22	   1.37	 -0.014	1.00007							#	   0.07	  42.58	
     21	   0.20	   1.36	 -0.012	1.00003							#	   0.07	  43.33	
     22	   0.17	   1.48	 -0.014	1.00010							#	   0.08	  41.46	
     23	   0.22	   1.48	 -0.013	1.00010							#	   0.08	  41.77	
     24	   0.24	   1.59	 -0.014	1.00014							#	   0.09	  41.67	
     25	   0.13	   1.57	 -0.014	1.00013							#	   0.08	  41.26	
     26	   0.11	   1.81	 -0.014	1.00007							#	   0.09	  40.40	
     27	   0.09	   1.90	 -0.015	1.00005							#	   0.10	  41.36	
     28	   0.18	   1.76	 -0.015	1.00015							#	   0.10	  41.41	
     29	   0.29	   1.90	 -0.015	1.00007							#	   0.11	  40.66	
     30	   0.13	   1.92	 -0.014	1.00007							#	   0.11	  42.37	
     31	   0.16	   1.93	 -0.014	1.00001							#	   0.10	  41.97	
     32	   0.09	   1.99	 -0.014	1.00002							#	   0.11	  43.64	
     33	   0.17	   2.03	 -0.014	1.00001							#	   0.11	  43.84	
     34	   0.28	   2.08	 -0.012	0.99994							#	   0.13	  44.75	
     35	   0.28	   2.19	 -0.013	0.99999							#	   0.13	  44.80	
     36	   0.20	   2.28	 -0.012	1.00003							#	   0.14	  45.35	
     37	   0.17	   2.29	 -0.012	1.00003							#	   0.14	  45.96	
     38	   0.26	   2.34	 -0.008	1.00001							#	   0.16	  43.23	
     39	   0.22	   2.25	 -0.012	1.00002							#	   0.14	  45.51	
     40	   0.22	   2.37	 -0.010	1.00011							#	   0.16	  43.69	
     41	   0.22	   2.33	 -0.010	1.00005							#	   0.15	  45.45	
     42	   0.19	   2.38	 -0.010	1.00008							#	   0.16	  43.89	
     43	   0.15	   2.29	 -0.011	1.00003							#	   0.15	  45.45	
     44	   0.18	   2.28	 -0.010	1.00001							#	   0.14	  45.00	
     45	   0.11	   2.22	 -0.010	0.99998							#	   0.13	  48.18	
     46	   0.19	   2.32	 -0.009	1.00005							#	   0.15	  45.76	
     47	   0.18	   2.32	 -0.009	1.00002							#	   0.15	  44.85	
     48	   0.20	   2.35	 -0.009	1.00003							#	   0.15	  47.02	
     49	   0.19	   2.31	 -0.009	1.00004							#	   0.15	  46.16	
     50	   0.19	   2.34	 -0.007	1.00005							#	   0.16	  45.51	
     51	   0.10	   2.39	 -0.009	1.00007							#	   0.16	  45.66	
     52	   0.14	   2.38	 -0.008	1.00009							#	   0.17	  45.10	
     53	   0.03	   2.43	 -0.008	1.00011							#	   0.17	  45.30	
     54	   0.09	   2.39	 -0.007	1.00005							#	   0.16	  44.04	
     55	   0.02	   2.50	 -0.008	1.00011							#	   0.17	  44.19	
     56	  -0.09	   2.71	 -0.009	1.00001							#	   0.19	  43.94	
     57	  -0.07	   2.71	 -0.009	1.00006							#	   0.19	  46.06	
     58	  -0.07	   2.76	 -0.009	1.00003							#	   0.20	  44.90	
     59	  -0.08	   2.85	 -0.009	1.00004							#	   0.21	  46.21	
     60	  -0.12	   2.87	 -0.007	0.99998							#	   0.24	  43.54	
     61	   0.00	   3.05	 -0.008	1.00002							#	   0.25	  49.04	
     62	  -0.04	   3.01	 -0.007	1.00001							#	   0.23	  49.14	
     63	   0.01	   3.10	 -0.007	1.00001							#	   0.24	  48.69	
     64	   0.06	   3.27	 -0.008	1.00003							#	   0.27	  48.18	
     65	   0.06	   3.31	 -0.006	1.00003							#	   0.28	  46.92	
     66	   0.04	   3.33	 -0.005	1.00003							#	   0.29	  47.22	
     67	   0.02	   3.22	 -0.005	1.00001							#	   0.28	  50.51	
     68	  -0.03	   3.22	 -0.004	1.00001							#	   0.28	  48.94	
     69	  -0.09	   3.20	 -0.004	1.00002							#	   0.29	  50.00	
     70	  -0.01	   3.26	 -0.003	1.00001							#	   0.30	  48.54	
     71	  -0.13	   3.26	 -0.002	1.00000							#	   0.30	  48.64	
     72	  -0.15	   3.44	 -0.003	1.00002							#	   0.33	  47.68	
     73	  -0.12	   3.47	 -0.000	1.00000							#	   0.33	  46.97	
     74	  -0.29	   3.51	 -0.003	1.00002							#	   0.33	  47.47	
     75	  -0.34	   3.65	 -0.004	0.99999							#	   0.33	  50.35	
     76	  -0.32	   3.74	 -0.000	0.99996							#	   0.35	  49.09	
     77	  -0.45	   3.78	 -0.004	0.99997							#	   0.34	  49.60	
     78	  -0.40	   3.89	 -0.001	1.00003							#	   0.37	  46.41	
     79	  -0.41	   3.96	  0.001	1.00002							#	   0.38	  46.67	
     80	  -0.51	   4.09	 -0.003	1.00005							#	   0.43	  44.95	
     81	  -0.50	   3.91	 -0.000	1.00005							#	   0.35	  48.13	
     82	  -0.42	   4.01	  0.001	1.00009							#	   0.43	  46.57	
     83	  -0.34	   4.18	  0.006	1.00020							#	   0.46	  43.64	
     84	  -0.48	   4.49	  0.007	0.99998							#	   0.50	  47.53	
     85	  -0.65	   4.78	  0.007	1.00004							#	   0.54	  47.68	
     86	  -0.55	   4.65	  0.011	0.99999							#	   0.55	  48.03	
     87	  -0.46	   4.99	  0.008	1.00024							#	   0.66	  45.05	
     88	  -0.63	   5.30	  0.010	1.00004							#	   0.73	  48.48	
     89	  -0.58	   5.54	  0.012	0.99998							#	   0.78	  48.28	
     90	  -0.72	   5.99	  0.011	1.00020							#	   0.89	  44.90	
     91	  -0.80	   6.07	  0.010	1.00021							#	   0.80	  46.21	
     92	  -0.75	   6.39	  0.010	1.00000							#	   0.90	  50.91	
     93	  -0.72	   6.38	  0.013	1.00002							#	   0.86	  50.56	
     94	  -0.78	   6.63	  0.012	0.99997							#	   0.93	  49.04	
     95	  -0.70	   6.80	  0.013	1.00018							#	   0.95	  47.27	
     96	  -0.71	   7.05	  0.011	1.00020							#	   0.99	  47.53	
     97	  -0.55	   7.17	  0.013	1.00026							#	   1.05	  42.83	
     98	  -0.67	   7.54	  0.012	1.00002							#	   1.07	  47.78	
     99	  -0.63	   7.69	  0.013	1.00003							#	   1.06	  47.98	
    100	  -0.62	   7.86	  0.013	1.00025							#	   1.09	  46.67	
    101	  -0.61	   8.03	  0.012	1.00029							#	   1.11	  44.44	
    102	  -0.58	   8.21	  0.014	1.00028							#	   1.20	  43.64	
    103	  -0.51	   8.25	  0.016	1.00036							#	   1.12	  43.79	
    104	  -0.65	   8.50	  0.011	1.00003							#	   1.18	  50.35	
    105	  -0.68	   8.59	  0.014	1.00004							#	   1.21	  47.63	
    106	  -0.63	   8.63	  0.013	1.00009							#	   1.22	  47.98	
    107	  -0.72	   8.85	  0.012	1.00023							#	   1.23	  48.48	
    108	  -0.71	   9.03	  0.008	1.00025							#	   1.22	  46.46	
    109	  -0.61	   9.17	  0.011	1.00032							#	   1.35	  45.35	
    110	  -0.46	   9.27	  0.011	1.00032							#	   1.25	  43.74	
    111	  -0.41	   9.25	  0.011	1.00041							#	   1.28	  43.28	
    112	  -0.29	   9.28	  0.009	1.00037							#	   1.33	  42.88	
    113	  -0.37	   9.47	  0.010	1.00035							#	   1.37	  43.18	
    114	  -0.37	   9.39	  0.010	1.00030							#	   1.27	  42.93	
    115	  -0.55	   9.65	  0.007	1.00007							#	   1.33	  49.60	
    116	  -0.32	   9.19	  0.011	1.00031							#	   1.30	  44.55	
    117	  -0.33	   9.18	  0.010	1.00033							#	   1.23	  45.96	
    118	  -0.44	   9.04	  0.011	1.00031							#	   1.18	  48.79	
    119	  -0.47	   9.05	  0.010	1.00030							#	   1.24	  49.44	
    120	  -0.48	   8.91	  0.012	1.00029							#	   1.24	  46.87	
    121	  -0.58	   8.92	  0.011	1.00029							#	   1.21	  48.99	
    122	  -0.46	   8.97	  0.013	1.00028							#	   1.27	  50.30	
    123	  -0.50	   8.97	  0.013	1.00030							#	   1.28	  49.14	
    124	  -0.43	   9.13	  0.014	1.00036							#	   1.28	  48.18	
    125	  -0.48	   9.21	  0.017	1.00028							#	   1.29	  47.58	
    126	  -0.45	   9.24	  0.016	1.00037							#	   1.33	  46.57	
    127	  -0.52	   9.24	  0.016	1.00032							#	   1.33	  47.98	
    128	  -0.46	   9.40	  0.016	1.00023							#	   1.38	  47.58	
    129	  -0.49	   9.31	  0.015	1.00026							#	   1.28	  47.83	
    130	  -0.46	   9.33	  0.015	1.00022							#	   1.31	  48.28	
    131	  -0.41	   9.16	  0.015	1.00033							#	   1.22	  49.80	
    132	  -0.53	   9.30	  0.017	1.00032							#	   1.24	  50.51	
    133	  -0.47	   9.26	  0.019	1.00027							#	   1.29	  50.00	
    134	  -0.45	   9.25	  0.018	1.00034							#	   1.31	  51.26	
    135	  -0.42	   9.24	  0.017	1.00036							#	   1.36	  50.76	
    136	  -0.45	   9.37	  0.017	1.00027							#	   1.33	  50.71	
    137	  -0.41	   9.41	  0.018	1.00026							#	   1.34	  50.96	
    138	  -0.43	   9.49	  0.019	1.00018							#	   1.31	  52.58	
    139	  -0.44	   9.51	  0.018	1.00019							#	   1.31	  53.99	
    140	  -0.53	   9.62	  0.017	1.00020							#	   1.38	  55.35	
    141	  -0.50	   9.63	  0.018	1.00014							#	   1.34	  54.85	
    142	  -0.46	   9.75	  0.017	1.00017							#	   1.43	  54.60	
    143	  -0.49	   9.80	  0.016	1.00023							#	   1.35	  55.15	
    144	  -0.35	   9.78	  0.016	1.00017							#	   1.37	  53.18	
    145	  -0.42	   9.74	  0.017	1.00021							#	   1.33	  56.21	
    146	  -0.31	   9.86	  0.015	1.00028							#	   1.40	  55.61	
    147	  -0.45	   9.93	  0.014	1.00031							#	   1.38	  55.96	
    148	  -0.49	   9.99	  0.015	1.00030							#	   1.44	  53.64	
    149	  -0.49	  10.12	  0.017	1.00034							#	   1.49	  53.13	
    150	  -0.42	  10.19	  0.016	1.00032							#	   1.40	  53.03	
    151	  -0.39	  10.33	  0.016	1.00023							#	   1.46	  54.19	
    152	  -0.42	  10.19	  0.016	1.00029							#	   1.42	  53.59	
    153	  -0.38	  10.36	  0.014	1.00021							#	   1.45	  52.78	
    154	  -0.42	  10.65	  0.012	1.00013							#	   1.51	  54.95	
    155	  -0.31	  10.54	  0.011	1.00017							#	   1.50	  54.44	
    156	  -0.30	  10.60	  0.010	1.00010							#	   1.49	  55.00	
    157	  -0.29	  10.30	  0.012	1.00019							#	   1.43	  53.84	
    158	  -0.26	  10.39	  0.010	1.00019							#	   1.45	  54.80	
    159	  -0.23	  10.16	  0.008	1.00024							#	   1.38	  55.56	
    160	  -0.24	  10.11	  0.005	1.00017							#	   1.37	  56.77	
    161	  -0.27	   9.97	  0.007	1.00020							#	   1.39	  57.63	
    162	  -0.30	   9.86	  0.006	1.00016							#	   1.36	  60.56	
    163	  -0.21	   9.94	  0.005	1.00019							#	   1.39	  59.04	
    164	  -0.22	   9.64	  0.007	1.00014							#	   1.31	  59.49	
    165	  -0.22	   9.59	  0.006	1.00018							#	   1.28	  58.69	
    166	  -0.21	   9.82	  0.001	1.00015							#	   1.33	  61.46	
    167	  -0.18	   9.88	  0.001	1.00013							#	   1.39	  61.62	
    168	  -0.23	   9.93	 -0.000	1.00006							#	   1.43	  61.11	
    169	  -0.11	  10.03	  0.001	1.00017							#	   1.46	  59.90	
    170	  -0.12	  10.22	  0.003	1.00015							#	   1.44	  57.58	
    171	  -0.14	  10.09	  0.002	1.00014							#	   1.43	  59.60	
    172	  -0.16	  10.25	  0.006	1.00012							#	   1.50	  56.16	
    173	  -0.15	  10.26	  0.004	1.00010							#	   1.43	  56.62	
    174	  -0.53	  10.36	  0.006	1.00013							#	   1.51	  58.03	
    175	   0.08	  10.48	  0.009	1.00019							#	   1.55	  59.90	
    176	   0.01	  10.65	  0.009	1.00002							#	   1.50	  61.26	
    177	  -0.09	  10.69	  0.011	1.00001							#	   1.56	  60.15	
    178	  -0.13	  10.70	  0.010	1.00004							#	   1.53	  60.61	
    179	  -0.14	  10.65	  0.013	1.00007							#	   1.51	  60.30	
    180	  -0.08	  10.63	  0.013	1.00005							#	   1.53	  58.13	
    181	  -0.11	  10.73	  0.013	1.00002							#	   1.61	  61.92	
    182	  -0.12	  10.68	  0.015	1.00001							#	   1.48	  61.31	
    183	  -0.07	  10.59	  0.015	1.00003							#	   1.50	  61.57	
    184	  -0.16	  10.75	  0.014	1.00007							#	   1.54	  60.20	
    185	  -0.10	  10.78	  0.012	1.00005							#	   1.52	  60.91	
    186	  -0.14	  10.89	  0.012	1.00013							#	   1.60	  61.16	
    187	  -0.04	  10.95	  0.011	1.00019							#	   1.61	  62.42	
    188	  -0.03	  11.03	  0.012	1.00018							#	   1.60	  62.17	
    189	  -0.08	  11.11	  0.012	1.00021							#	   1.65	  61.87	
    190	   0.09	  11.25	  0.010	1.00010							#	   1.65	  63.08	
    191	   0.15	  11.33	  0.008	1.00007							#	   1.63	  62.47	
    192	   0.19	  11.21	  0.008	1.00012							#	   1.65	  62.37	
    193	   0.17	  11.21	  0.008	1.00014							#	   1.72	  63.13	
    194	   0.15	  11.10	  0.009	1.00020							#	   1.67	  61.77	
    195	   0.17	  11.10	  0.007	1.00015							#	   1.67	  62.17	
    196	   0.32	  11.08	  0.008	1.00017							#	   1.66	  61.21	
    197	   0.16	  11.01	  0.006	1.00016							#	   1.62	  62.47	
    198	   0.35	  10.88	  0.010	1.00007							#	   1.61	  62.17	
    199	   0.37	  10.79	  0.011	0.99997							#	   1.61	  61.46	
    200	   0.32	  10.84	  0.008	1.00003							#	   1.63	  61.41	
    201	   0.33	  10.66	  0.012	0.99988							#	   1.65	  59.29	
    202	   0.38	  10.59	  0.012	0.99995							#	   1.74	  61.06	
    203	   0.40	  10.52	  0.009	0.99996							#	   1.71	  58.54	
    204	   0.32	  10.64	  0.012	0.99998							#	   1.66	  61.26	
    205	   0.44	  10.51	  0.008	0.99990							#	   1.91	  60.86	
    206	   0.45	  10.53	  0.008	0.99990							#	   1.54	  62.02	
    207	   0.60	  10.24	  0.007	1.00007							#	   1.61	  60.76	
    208	   0.71	  10.20	  0.007	1.00010							#	   1.94	  62.83	
    209	   0.70	  10.21	  0.005	1.00003							#	   1.46	  63.08	
    210	   0.65	  10.12	  0.004	1.00004							#	   1.71	  63.89	
    211	   0.55	  10.05	  0.005	1.00004							#	   2.10	  63.89	
    212	   0.84	  10.08	  0.004	1.00006							#	   1.32	  63.69	
    213	   0.58	   9.85	  0.005	0.99998							#	   2.05	  63.38	
    214	   0.79	   9.88	  0.004	1.00002							#	   1.75	  66.01	
    215	   0.68	   9.79	  0.003	0.99997							#	   1.48	  62.42	
    216	   0.76	   9.84	  0.003	0.99994							#	   2.03	  66.16	
    217	   0.87	   9.77	  0.006	0.99993							#	   1.82	  63.54	
    218	   0.95	   9.76	  0.006	0.99984							#	   1.43	  62.93	
    219	   0.89	   9.70	  0.008	0.99989							#	   2.07	  63.69	
    220	   1.02	   9.67	  0.010	0.99985							#	   1.84	  64.49	
    221	   1.00	   9.78	  0.008	0.99984							#	   1.50	  63.03	
    222	   1.02	   9.61	  0.006	0.99981							#	   2.35	  61.77	
    223	   1.10	   9.47	  0.008	0.99982							#	   1.99	  62.07	
    224	   1.10	   9.47	  0.007	0.99983							#	   1.30	  62.88	
    225	   1.18	   9.35	  0.007	0.99991							#	   2.22	  63.43	
    226	   1.25	   9.31	  0.006	0.99999							#	   1.91	  64.75	
    227	   1.18	   9.18	  0.004	0.99994							#	   1.32	  64.70	
    228	   1.14	   9.01	  0.005	0.99994							#	   1.89	  66.16	
    229	   1.20	   9.08	  0.005	0.99995							#	   1.81	  65.40	
    230	   1.23	   8.95	  0.007	0.99998							#	   1.21	  65.20	
    231	   1.21	   8.98	  0.006	0.99993							#	   1.79	  66.26	
    232	   1.37	   9.08	  0.008	1.00001							#	   1.89	  66.67	
    233	   1.52	   9.14	  0.006	0.99998							#	   1.45	  66.31	
    234	   1.63	   9.07	  0.003	0.99995							#	   1.98	  66.41	
    235	   1.58	   9.09	  0.004	0.99995							#	   1.75	  66.57	
    236	   1.69	   9.19	  0.002	0.99992							#	   1.59	  64.34	
    237	   1.73	   9.23	  0.003	0.99989							#	   1.88	  65.81	
    238	   1.82	   9.15	  0.001	0.99985							#	   1.92	  67.07	
    239	   1.74	   9.10	  0.001	0.99991							#	   1.57	  66.11	
    240	   1.77	   9.10	  0.002	0.99993							#	   2.03	  64.19	
    241	   1.88	   9.04	  0.001	0.99990							#	   1.73	  68.23	
    242	   1.82	   8.98	  0.001	0.99988							#	   1.61	  67.73	
    243	   1.79	   8.91	  0.003	0.99989							#	   1.83	  65.25	
    244	   1.86	   8.84	  0.003	0.99991							#	   1.81	  66.87	
    245	   1.78	   8.76	  0.001	0.99985							#	   1.45	  63.89	
    246	   1.92	   8.76	  0.000	0.99991							#	   1.80	  63.64	
    247	   1.94	   8.69	  0.001	0.99982							#	   1.75	  62.58	
    248	   1.89	   8.60	  0.000	0.99987							#	   1.58	  62.37	
    249	   1.98	   8.51	  0.000	0.99973							#	   1.79	  62.27	
    250	   2.02	   8.44	 -0.000	0.99981							#	   1.70	  63.84	
    251	   1.94	   8.36	  0.000	0.99978							#	   1.56	  65.45	
    252	   2.07	   8.36	  0.000	0.99982							#	   1.57	  66.97	
    253	   2.01	   8.28	  0.000	0.99983							#	   1.71	  69.04	
    254	   2.01	   8.31	  0.000	0.99982							#	   1.67	  70.10	
    255	   2.07	   8.25	  0.001	0.99986							#	   1.77	  69.19	
    256	   2.02	   8.31	  0.002	0.99982							#	   1.77	  66.52	
    257	   2.02	   8.21	  0.003	0.99992							#	   1.70	  69.55	
    258	   2.02	   8.37	  0.005	0.99980							#	   1.74	  65.51	
    259	   2.04	   8.29	  0.006	0.99986							#	   1.76	  66.06	
    260	   2.03	   8.46	  0.007	0.99978							#	   1.70	  65.25	
    261	   2.02	   8.39	  0.007	0.99979							#	   1.87	  65.25	
    262	   2.09	   8.56	  0.011	0.99978							#	   1.83	  64.14	
    263	   1.98	   8.52	  0.009	0.99978							#	   1.74	  64.44	
    264	   2.15	   8.58	  0.009	0.99979							#	   1.83	  64.24	
    265	   2.00	   8.60	  0.011	0.99974							#	   1.87	  62.42	
    266	   2.10	   8.63	  0.011	0.99980							#	   1.76	  64.34	
    267	   2.07	   8.59	  0.012	0.99976							#	   1.75	  63.94	
    268	   2.17	   8.64	  0.013	0.99983							#	   1.85	  62.22	
    269	   2.07	   8.55	  0.012	0.99974							#	   1.90	  63.28	
    270	   2.16	   8.80	  0.013	0.99980							#	   1.89	  63.43	
    271	   2.19	   8.65	  0.011	0.99976							#	   1.79	  62.17	
    272	   2.23	   8.74	  0.015	0.99985							#	   1.88	  63.13	
    273	   2.19	   8.58	  0.015	0.99982							#	   1.79	  61.82	
    274	   2.21	   8.68	  0.016	0.99982							#	   1.87	  62.53	
    275	   2.12	   8.53	  0.015	0.99979							#	   1.82	  63.69	
    276	   2.31	   8.58	  0.017	0.99983							#	   1.94	  64.39	
    277	   2.16	   8.43	  0.017	0.99983							#	   1.79	  64.90	
    278	   2.27	   8.44	  0.019	0.99985							#	   1.82	  63.84	
    279	   2.19	   8.33	  0.015	0.99981							#	   1.77	  65.91	
    280	   2.32	   8.40	  0.017	0.99984							#	   1.80	  66.46	
    281	   2.25	   8.29	  0.017	0.99982							#	   1.87	  64.44	
    282	   2.35	   8.41	  0.019	0.99982							#	   1.80	  65.25	
    283	   2.34	   8.14	  0.017	0.99987							#	   1.74	  66.06	
    284	   2.35	   8.30	  0.017	0.99982							#	   1.98	  64.90	
    285	   2.31	   8.05	  0.017	0.99981							#	   1.63	  63.64	
    286	   2.62	   8.10	  0.019	0.99988							#	   1.72	  65.30	
    287	   2.28	   7.96	  0.017	0.99980							#	   1.81	  63.69	
    288	   2.66	   7.98	  0.021	0.99988							#	   1.80	  66.31	
    289	   2.47	   7.80	  0.020	0.99986							#	   1.64	  66.41	
    290	   2.63	   7.92	  0.021	0.99991							#	   1.90	  65.35	
    291	   2.44	   7.70	  0.020	0.99984							#	   1.71	  68.59	
    292	   2.66	   7.90	  0.023	0.99989							#	   1.69	  67.22	
    293	   2.44	   7.58	  0.021	0.99986							#	   1.86	  68.38	
    294	   2.65	   7.63	  0.019	0.99986							#	   1.75	  70.51	
    295	   2.55	   7.47	  0.020	0.99981							#	   1.56	  69.34	
    296	   1.66	   6.95	  0.018	0.99995							#	   1.58	  68.38	
    297	   1.24	   6.72	  0.015	0.99988							#	   1.44	  66.92	
    298	   1.40	   7.06	  0.014	0.99993							#	   1.27	  66.01	
    299	   1.95	   7.14	  0.015	0.99987							#	   1.76	  66.21	
    300	   2.51	   7.10	  0.015	0.99988							#	   1.60	  61.26	
    301	   2.81	   6.82	  0.014	0.99983							#	   1.37	  66.87	
    302	   3.12	   6.91	  0.014	0.99982							#	   1.87	  64.14	
    303	   3.07	   6.82	  0.015	0.99982							#	   1.59	  65.05	
    304	   3.38	   6.84	  0.014	0.99991							#	   1.49	  67.02	
    305	   3.18	   6.74	  0.013	0.99983							#	   1.84	  64.34	
    306	   3.42	   6.77	  0.015	0.99987							#	   1.71	  64.19	
    307	   3.39	   6.63	  0.016	0.99981							#	   1.40	  64.39	
    308	   3.71	   6.62	  0.017	0.99985							#	   1.82	  64.70	
    309	   3.51	   6.59	  0.015	0.99981							#	   1.61	  63.23	
    310	   2.12	   6.20	  0.011	0.99996							#	   1.06	  68.94	
    311	   2.27	   6.42	  0.011	0.99984							#	   1.55	  65.51	
    312	   2.73	   6.53	  0.013	0.99985							#	   1.53	  62.22	
    313	   3.27	   6.52	  0.008	0.99977							#	   1.39	  63.18	
    314	   3.83	   6.49	  0.010	0.99984							#	   1.84	  65.25	
    315	   2.23	   5.96	  0.004	0.99985							#	   1.28	  70.35	
    316	   2.16	   5.81	  0.002	0.99991							#	   1.05	  66.31	
    317	   1.77	   5.67	 -0.002	0.99983							#	   1.18	  64.49	
    318	   2.03	   5.65	 -0.002	0.99990							#	   1.22	  62.93	
    319	   2.47	   6.01	  0.004	0.99991							#	   1.12	  69.09	
    320	   2.27	   5.60	  0.000	0.99987							#	   1.36	  63.13	
    321	   2.82	   5.94	  0.004	0.99982							#	   1.68	  66.77	
    322	   3.65	   6.03	  0.006	0.99992							#	   1.31	  68.43	
    323	   4.15	   6.00	  0.004	0.99984							#	   1.75	  67.98	
    324	   2.93	   5.26	 -0.001	0.99993							#	   1.19	  65.71	
    325	   2.64	   5.06	 -0.005	0.99985							#	   0.97	  68.28	
    326	   2.41	   4.87	 -0.007	0.99987							#	   1.06	  67.98	
    327	   2.50	   4.80	 -0.008	0.99985							#	   1.12	  65.76	
    328	   2.57	   4.70	 -0.007	0.99993							#	   0.87	  65.15	
    329	   2.68	   4.64	 -0.009	0.99993							#	   1.09	  65.20	
    330	   2.60	   4.73	 -0.007	0.99994							#	   1.32	  66.01	
    331	   2.64	   4.64	 -0.008	0.99987							#	   0.99	  63.84	
    332	   3.60	   4.99	  0.002	0.99987							#	   1.44	  65.66	
    333	   4.18	   4.86	  0.002	0.99980							#	   1.38	  66.26	
    334	   4.82	   4.93	  0.008	0.99985							#	   1.31	  63.03	
    335	   3.28	   4.37	 -0.003	0.99994							#	   0.99	  67.02	
    336	   3.21	   4.21	 -0.001	0.99995							#	   1.06	  72.63	
    337	   2.78	   3.98	 -0.003	0.99987							#	   0.77	  70.71	
    338	   3.08	   3.98	 -0.001	0.99983							#	   0.86	  75.10	
    339	   3.25	   3.90	 -0.003	0.99981							#	   1.06	  70.61	
    340	   3.57	   3.89	  0.001	0.99981							#	   1.03	  73.03	
    341	   3.87	   3.80	  0.001	0.99975							#	   1.15	  66.26	
    342	   4.19	   3.68	  0.003	0.99985							#	   1.33	  64.95	
    343	   4.67	   3.88	  0.003	0.99971							#	   1.26	  69.60	
    344	   5.90	   4.86	  0.013	0.99978							#	   1.88	  62.22	
    345	   5.84	   4.60	  0.012	0.99957							#	   1.44	  58.69	
    346	   6.09	   4.57	  0.013	0.99961							#	   1.49	  59.65	
    347	   6.31	   4.58	  0.013	0.99952							#	   1.59	  56.77	
    348	   5.44	   3.26	  0.011	0.99969							#	   1.13	  58.23	
    349	   5.54	   3.15	  0.009	0.99966							#	   1.01	  59.09	
    350	   5.78	   3.14	  0.010	0.99978							#	   1.05	  63.43	
    351	   5.97	   3.13	  0.009	0.99964							#	   1.25	  58.28	
    352	   6.17	   3.16	  0.014	0.99960							#	   1.19	  58.89	
    353	   6.43	   3.15	  0.010	0.99960							#	   1.32	  58.99	
    354	   6.61	   3.11	  0.012	0.99956							#	   1.55	  56.36	
    355	   5.95	   2.22	  0.010	0.99974							#	   0.95	  60.71	
    356	   6.16	   2.35	  0.011	0.99965							#	   1.11	  58.79	
    357	   6.53	   2.51	  0.013	0.99959							#	   1.33	  56.16	
    358	   6.72	   2.68	  0.013	0.99955							#	   1.32	  57.02	
    359	   6.89	   2.81	  0.013	0.99953							#	   1.34	  57.88	
    360	   7.09	   2.80	  0.010	0.99950							#	   1.65	  54.19	
    361	   7.90	   3.25	  0.009	0.99954							#	   1.58	  55.35	
    362	   8.09	   3.62	  0.005	0.99932							#	   1.67	  53.74	
    363	   8.36	   3.87	  0.001	0.99943							#	   1.81	  60.66	
    364	   8.62	   3.98	  0.002	0.99949							#	   1.80	  60.30	
    365	   8.74	   3.99	  0.001	0.99954							#	   1.75	  59.80	
    366	   8.77	   3.99	  0.002	0.99950							#	   1.83	  57.78	
    367	   8.92	   4.11	  0.004	0.99956							#	   1.77	  55.81	
    368	   8.89	   4.03	  0.001	0.99954							#	   1.70	  58.69	
    369	   9.10	   4.14	  0.003	0.99955							#	   1.96	  55.45	
    370	   8.01	   3.10	  0.011	0.99952							#	   1.31	  53.13	
    371	   7.77	   2.83	  0.009	0.99942							#	   1.23	  53.28	
    372	   7.48	   2.83	  0.014	0.99947							#	   1.28	  51.97	
    373	   7.55	   2.81	  0.012	0.99945							#	   1.29	  53.28	
    374	   7.30	   2.75	  0.010	0.99939							#	   1.09	  54.60	
    375	   7.71	   3.21	  0.006	0.99940							#	   1.55	  51.46	
    376	   7.19	   2.83	  0.008	0.99944							#	   1.35	  54.65	
    377	   7.05	   2.71	  0.009	0.99944							#	   1.30	  55.51	
    378	   6.87	   2.58	  0.010	0.99948							#	   1.20	  53.33	
    379	   6.75	   2.63	  0.011	0.99945							#	   1.19	  53.99	
    380	   6.75	   2.61	  0.011	0.99949							#	   1.08	  54.04	
    381	   7.13	   2.98	  0.010	0.99952							#	   1.42	  54.39	
    382	   7.69	   3.11	  0.006	0.99944							#	   1.47	  52.53	
    383	   8.14	   3.38	  0.006	0.99939							#	   1.57	  53.74	
    384	   8.52	   3.57	  0.012	0.99928							#	   1.69	  49.80	
    385	   8.73	   3.36	  0.012	0.99935							#	   1.64	  50.00	
    386	   9.04	   3.24	  0.013	0.99934							#	   1.63	  51.62	
    387	   9.20	   3.35	  0.014	0.99923							#	   1.72	  47.68	
    388	   9.81	   3.31	  0.017	0.99927							#	   1.92	  47.93	
    389	   9.97	   3.26	  0.014	0.99924							#	   1.69	  48.94	
    390	  10.12	   3.29	  0.018	0.99922							#	   1.92	  47.47	
    391	  10.37	   3.09	  0.018	0.99919							#	   1.76	  44.85	
    392	  10.63	   3.14	  0.020	0.99920							#	   1.83	  45.51	
    393	  10.80	   2.81	  0.018	0.99921							#	   1.79	  45.96	
    394	  10.91	   2.81	  0.019	0.99916							#	   1.91	  46.11	
    395	  11.19	   2.89	  0.022	0.99918							#	   1.98	  45.56	
    396	  11.41	   2.79	  0.022	0.99907							#	   1.97	  43.74	
    397	  11.78	   2.93	  0.012	0.99921							#	   2.01	  43.69	
    398	  11.81	   2.96	  0.017	0.99951							#	   1.86	  42.53	
    399	  12.07	   3.09	  0.012	0.99928							#	   1.92	  43.18	
    400	  12.07	   2.97	  0.010	0.99938							#	   2.18	  41.31	
    401	  11.91	   2.86	  0.013	0.99924							#	   1.83	  41.21	
    402	  12.09	   2.87	  0.018	0.99949							#	   1.81	  37.27	
    403	  11.92	   2.92	  0.012	0.99929							#	   1.77	  35.91	
    404	  12.35	   3.14	  0.013	0.99920							#	   1.79	  36.77	
    405	  12.14	   3.15	  0.009	0.99912							#	   1.90	  37.12	
    406	  12.33	   3.26	  0.020	0.99909							#	   2.04	  37.42	
    407	  12.12	   3.11	  0.009	0.99906							#	   1.80	  36.46	
    408	  12.20	   3.20	  0.020	0.99891							#	   1.73	  38.03	
    409	  12.06	   3.12	  0.021	0.99856							#	   1.83	  37.47	
    410	  11.96	   2.77	  0.012	0.99869							#	   1.86	  37.73	
    411	  12.07	   2.81	  0.017	0.99870							#	   1.84	  36.57	
    412	  12.19	   3.20	  0.027	0.99853							#	   1.96	  35.10	
    413	  12.31	   3.26	  0.027	0.99850							#	   1.67	  34.29	
    414	  12.56	   3.30	  0.032	0.99838							#	   2.00	  31.62	
    415	  12.91	   3.01	  0.029	0.99839							#	   2.17	  33.54	
    416	  13.17	   3.00	  0.031	0.99832							#	   1.89	  33.69	
    417	  13.47	   2.97	  0.032	0.99832							#	   1.93	  33.59	
    418	  13.61	   2.76	  0.030	0.99826							#	   2.04	  32.83	
    419	  13.71	   2.57	  0.028	0.99819							#	   2.27	  33.38	
    420	  13.89	   2.41	  0.030	0.99823							#	   1.98	  30.30	
    421	  14.04	   2.53	  0.037	0.99816							#	   2.15	  32.63	
    422	  14.25	   2.51	  0.037	0.99817							#	   2.06	  31.36	
    423	  14.32	   2.08	  0.026	0.99839							#	   2.24	  32.68	
    424	  14.60	   1.94	  0.020	0.99883							#	   2.20	  31.06	
    425	  14.81	   1.86	  0.018	0.99858							#	   2.13	  29.70	
    426	  15.01	   1.63	  0.012	0.99884							#	   2.19	  28.84	
    427	  15.03	   1.91	  0.032	0.99870							#	   2.38	  29.60	
    428	  15.26	   1.63	  0.019	0.99886							#	   2.15	  28.43	
    429	  15.23	   1.73	  0.028	0.99855							#	   2.26	  28.94	
    430	  15.78	   1.80	  0.033	0.99923							#	   2.33	  28.54	
    431	  15.90	   1.84	  0.030	0.99903							#	   2.40	  26.97	
    432	  16.60	   1.91	  0.022	0.99982							#	   2.31	  25.10	
    433	  16.34	   2.00	  0.042	0.99868							#	   2.62	  25.56	
    434	  16.87	   1.86	  0.019	0.99899							#	   2.19	  26.06	
    435	  16.96	   1.90	  0.035	0.99901							#	   2.56	  23.79	
    436	  17.25	   1.99	  0.041	0.99898							#	   2.52	  23.79	
    437	  17.19	   2.04	  0.043	0.99884							#	   2.44	  23.33	
    438	  17.61	   1.76	  0.025	0.99908							#	   2.67	  19.49	
    439	  17.38	   1.83	  0.044	0.99879							#	   2.54	  21.92	
    440	  17.83	   1.86	  0.038	0.99901							#	   2.63	  24.44	
    441	  17.72	   1.61	  0.032	0.99856							#	   2.59	  21.72	
    442	  18.03	   1.74	  0.035	0.99889							#	   2.76	  22.73	
    443	  17.77	   1.55	  0.037	0.99820							#	   2.80	  21.36	
    444	  18.43	   1.48	  0.018	0.99865							#	   2.52	  18.94	
    445	  18.02	   1.61	  0.032	0.99805							#	   2.99	  22.88	
    446	  18.61	   1.46	  0.021	0.99850							#	   2.71	  23.69	
    447	  18.29	   1.53	  0.032	0.99824							#	   2.69	  20.00	
    448	  18.59	   1.54	  0.021	0.99867							#	   3.02	  20.05	
    449	  17.83	   2.46	  0.049	0.99712							#	   2.66	  22.53	
    450	  18.27	   2.50	  0.047	0.99716							#	   2.81	  15.25	
    451	  18.46	   2.64	  0.048	0.99715							#	   3.02	  21.21	
    452	  19.54	   2.72	  0.048	0.99796							#	   2.76	  22.07	
    453	  18.95	   2.58	  0.047	0.99763							#	   2.99	  20.66	
    454	  19.69	   2.28	  0.028	0.99812							#	   3.01	  21.62	
    455	  19.41	   2.27	  0.042	0.99802							#	   2.88	  20.51	
    456	  20.21	   2.50	  0.034	0.99852							#	   3.19	  21.21	
    457	  19.06	   2.08	  0.038	0.99803							#	   2.67	  20.66	
    458	  19.84	   2.32	  0.036	0.99820							#	   2.60	  21.67	
    459	  19.25	   1.98	  0.036	0.99787							#	   2.69	  18.99	
    460	  19.60	   1.96	  0.024	0.99809							#	   2.59	  23.13	
    461	  19.26	   2.09	  0.038	0.99802							#	   2.42	  18.48	
    462	  19.63	   2.14	  0.024	0.99842							#	   2.54	  20.45	
    463	  19.40	   1.81	  0.021	0.99806							#	   2.60	  19.04	
    464	  19.59	   2.32	  0.033	0.99763							#	   2.58	  19.80	
    465	  19.32	   1.44	  0.007	0.99717							#	   2.40	  18.33	
    466	  19.38	   1.95	  0.023	0.99770							#	   2.53	  23.48	
    467	  19.18	   1.24	  0.002	0.99722							#	   2.37	  17.53	
    468	  19.48	   1.88	  0.025	0.99776							#	   2.17	  22.37	
    469	  19.00	   1.73	  0.015	0.99737							#	   2.13	  22.68	
    470	  19.01	   2.31	  0.029	0.99754							#	   1.98	  22.93	
    471	  19.18	   2.03	  0.013	0.99762							#	   2.05	  20.25	
    472	  19.14	   2.36	  0.031	0.99810							#	   2.14	  21.52	
    473	  18.42	   2.27	  0.026	0.99752							#	   1.97	  21.31	
    474	  18.36	   2.24	  0.030	0.99768							#	   1.99	  21.41	
    475	  18.16	   2.01	  0.027	0.99757							#	   2.06	  21.46	
    476	  18.31	   1.88	  0.021	0.99785							#	   1.84	  22.63	
    477	  18.36	   2.08	  0.030	0.99766							#	   1.95	  24.19	
    478	  17.92	   1.95	  0.027	0.99775							#	   1.93	  23.79	
    479	  19.09	   2.17	  0.030	0.99752							#	   1.87	  19.80	
    480	  19.03	   2.32	  0.031	0.99767							#	   2.22	  18.94	
    481	  19.17	   1.83	  0.016	0.99737							#	   2.20	  20.66	
    482	  19.13	   1.89	  0.020	0.99766							#	   1.98	  22.78	
    483	  19.00	   2.23	  0.030	0.99758							#	   2.14	  21.67	
    484	  18.65	   1.89	  0.022	0.99767							#	   2.17	  23.13	
    485	  18.66	   1.88	  0.024	0.99767							#	   1.96	  23.89	
    486	  16.36	   1.46	  0.025	0.99806							#	   1.59	  21.77	
    487	  16.28	   1.50	  0.030	0.99808							#	   1.68	  23.99	
    488	  16.11	   1.40	  0.028	0.99820							#	   1.58	  26.31	
    489	  16.14	   1.46	  0.032	0.99859							#	   1.47	  26.31	
    490	  15.76	   1.51	  0.029	0.99842							#	   1.59	  26.01	
    491	  17.13	   1.58	  0.033	0.99828							#	   2.01	  23.38	
    492	  17.21	   1.67	  0.034	0.99825							#	   1.71	  23.08	
    493	  17.44	   1.48	  0.039	0.99858							#	   1.93	  22.63	
    494	  17.13	   1.57	  0.040	0.99846							#	   1.79	  24.04	
    495	  14.85	   1.29	  0.030	0.99837							#	   1.39	  25.15	
    496	  14.26	   1.21	  0.033	0.99835							#	   1.39	  27.07	
    497	  14.29	   1.33	  0.035	0.99854							#	   1.40	  25.25	
    498	  13.97	   1.42	  0.036	0.99859							#	   1.36	  24.49	
    499	  11.67	   0.70	  0.020	0.99981							#	   0.93	  38.03	
    500	  11.71	   0.55	  0.018	1.00018							#	   1.06	  38.33	
    501	  11.78	   0.55	  0.016	1.00024							#	   1.19	  37.78	
    502	  12.08	   0.51	  0.014	1.00025							#	   1.23	  37.07	
    503	  12.17	   0.59	  0.016	1.00013							#	   1.19	  38.08	
    504	  12.47	   0.81	  0.021	1.00002							#	   1.39	  35.71	
    505	  12.43	   0.82	  0.025	0.99993							#	   1.51	  37.78	
    506	  12.47	   0.86	  0.022	0.99998							#	   1.39	  36.06	
    507	  12.70	   0.78	  0.020	0.99991							#	   1.49	  38.79	
    508	  12.73	   0.80	  0.023	0.99999							#	   1.51	  36.67	
    509	  12.67	   0.89	  0.021	1.00006							#	   1.29	  37.37	
    510	  12.73	   0.86	  0.022	0.99994							#	   1.52	  38.59	
    511	  12.72	   0.83	  0.023	0.99986							#	   1.47	  38.08	
    512	  12.03	   0.66	  0.019	1.00027							#	   1.23	  41.57	
    513	  12.28	   0.68	  0.021	1.00020							#	   1.37	  38.99	
    514	  12.64	   0.87	  0.022	0.99991							#	   1.42	  37.63	
    515	  12.91	   0.94	  0.021	1.00000							#	   1.49	  37.53	
    516	  13.30	   0.98	  0.012	1.00049							#	   1.67	  36.72	
    517	  13.76	   0.90	  0.017	1.00047							#	   1.51	  35.76	
    518	  14.15	   0.83	  0.013	1.00062							#	   1.64	  35.10	
    519	  14.19	   0.69	  0.020	1.00138							#	   1.65	  34.85	
    520	  14.35	   0.54	  0.022	1.00133							#	   1.87	  36.06	
    521	  14.19	   0.42	  0.021	1.00157							#	   1.53	  35.45	
    522	  14.11	   0.30	  0.024	1.00158							#	   1.58	  34.29	
    523	  14.44	   0.27	  0.020	1.00159							#	   1.74	  35.20	
    524	  14.64	   0.40	  0.016	1.00155							#	   1.76	  36.06	
    525	  14.78	   0.29	  0.017	1.00156							#	   1.69	  35.30	
    526	  14.83	   0.50	  0.010	1.00145							#	   1.81	  35.96	
    527	  15.01	   0.82	  0.009	1.00102							#	   1.82	  36.41	
    528	  14.92	   0.72	  0.009	1.00117							#	   1.65	  34.80	
    529	  15.10	   0.68	  0.008	1.00130							#	   1.85	  36.21	
    530	  15.31	   0.66	  0.010	1.00141							#	   1.77	  34.85	
    531	  15.20	   0.70	  0.007	1.00141							#	   1.94	  35.40	
    532	  15.15	   0.65	  0.007	1.00147							#	   1.70	  36.46	
    533	  15.20	   0.99	  0.001	1.00136							#	   1.86	  36.06	
    534	  15.40	   0.84	  0.003	1.00142							#	   1.82	  34.04	
    535	  15.37	   0.76	  0.006	1.00145							#	   1.97	  34.14	
    536	  15.30	   1.13	  0.008	1.00156							#	   1.73	  32.47	
    537	  15.65	   0.69	  0.008	1.00156							#	   1.95	  34.65	
    538	  15.32	   0.64	  0.004	1.00157							#	   1.79	  34.19	
    539	  15.19	   0.74	  0.002	1.00164							#	   1.82	  35.71	
    540	  14.82	   0.70	  0.000	1.00159							#	   1.68	  35.91	
    541	  14.63	   0.43	  0.001	1.00162							#	   1.72	  36.92	
    542	  14.77	   0.63	 -0.004	1.00146							#	   1.70	  37.73	
    543	  14.59	   0.29	  0.001	1.00160							#	   1.83	  37.02	
    544	  14.18	   0.53	 -0.006	1.00133							#	   1.54	  41.01	
    545	  14.03	   0.47	 -0.006	1.00145							#	   1.55	  38.03	
    546	  14.02	   0.49	 -0.006	1.00133							#	   1.75	  40.91	
    547	  13.96	   0.44	 -0.003	1.00144							#	   1.56	  37.93	
    548	  13.76	   0.53	 -0.004	1.00147							#	   1.55	  40.00	
    549	  13.86	   0.68	 -0.003	1.00147							#	   1.59	  38.18	
    550	  13.73	   0.74	 -0.005	1.00138							#	   1.70	  40.45	
    551	  13.83	   0.70	 -0.003	1.00141							#	   1.66	  37.53	
    552	  13.96	   0.81	 -0.001	1.00101							#	   1.78	  41.06	
    553	  13.52	   0.85	 -0.009	1.00124							#	   1.59	  40.20	
    554	  13.32	   0.75	 -0.006	1.00131							#	   1.49	  40.91	
    555	  13.41	   0.79	 -0.013	1.00124							#	   1.90	  41.26	
    556	  13.44	   0.69	 -0.006	1.00126							#	   1.44	  41.11	
    557	  13.32	   0.72	 -0.010	1.00122							#	   1.47	  41.16	
    558	  13.29	   0.74	 -0.006	1.00128							#	   1.59	  41.52	
    559	  13.23	   0.70	 -0.010	1.00129							#	   1.71	  40.00	
    560	  13.42	   0.75	 -0.012	1.00116							#	   1.63	  42.88	
    561	  13.33	   0.60	 -0.011	1.00113							#	   1.65	  40.66	
    562	  13.26	   0.51	 -0.007	1.00107							#	   1.61	  40.86	
    563	  13.26	   0.50	 -0.013	1.00094							#	   1.48	  39.70	
    564	  13.37	   0.60	 -0.010	1.00103							#	   1.96	  41.36	
    565	  13.19	   0.55	 -0.009	1.00101							#	   1.43	  40.25	
    566	  13.36	   0.55	 -0.010	1.00102							#	   1.37	  40.10	
    567	  13.34	   0.38	 -0.006	1.00091							#	   1.71	  40.05	
    568	  13.13	   0.45	 -0.007	1.00100							#	   1.54	  42.32	
    569	  13.18	   0.47	 -0.008	1.00091							#	   1.61	  42.37	
    570	  12.77	   0.51	 -0.009	1.00088							#	   1.61	  42.37	
    571	  12.75	   0.43	 -0.007	1.00106							#	   1.53	  42.58	
    572	  12.48	   0.50	 -0.010	1.00092							#	   1.33	  42.63	
    573	  12.70	   0.45	 -0.007	1.00092							#	   1.85	  41.16	
    574	  12.57	   0.47	 -0.006	1.00096							#	   1.58	  41.26	
    575	  12.46	   0.56	 -0.007	1.00103							#	   1.31	  42.68	
    576	  12.34	   0.65	 -0.005	1.00085							#	   1.50	  42.47	
    577	  12.21	   0.70	 -0.006	1.00082							#	   1.58	  43.43	
    578	  12.19	   0.83	 -0.005	1.00058							#	   1.39	  43.13	
    579	  12.46	   0.90	 -0.004	1.00087							#	   1.82	  42.53	
    580	  12.56	   0.82	 -0.003	1.00080							#	   1.33	  42.53	
    581	  12.26	   0.83	 -0.004	1.00084							#	   1.25	  43.99	
    582	  12.23	   0.77	 -0.004	1.00074							#	   1.69	  43.64	
    583	  12.09	   0.71	 -0.005	1.00060							#	   1.60	  45.15	
    584	  12.10	   0.78	 -0.006	1.00058							#	   1.43	  45.20	
    585	  11.42	   0.68	 -0.009	1.00071							#	   1.48	  44.65	
    586	  11.17	   0.60	 -0.010	1.00072							#	   1.38	  47.17	
    587	  11.08	   0.56	 -0.010	1.00074							#	   1.25	  46.62	
    588	  10.50	   0.45	 -0.011	1.00074							#	   1.51	  46.41	
    589	  10.78	   0.38	 -0.009	1.00072							#	   1.45	  45.81	
    590	  10.27	   0.28	 -0.011	1.00065							#	   1.27	  46.46	
    591	  10.63	   0.33	 -0.007	1.00066							#	   1.49	  46.06	
    592	  10.43	   0.51	 -0.006	1.00070							#	   1.38	  47.42	
    593	  10.45	   0.45	 -0.006	1.00072							#	   1.41	  46.82	
    594	  10.38	   0.45	 -0.007	1.00064							#	   1.61	  47.02	
    595	  10.35	   0.31	 -0.004	1.00058							#	   1.47	  47.98	
    596	  10.25	   0.35	 -0.007	1.00060							#	   1.30	  47.53	
    597	  10.51	   0.14	 -0.007	1.00059							#	   1.52	  48.69	
    598	  10.46	   0.16	 -0.005	1.00057							#	   1.38	  47.37	
    599	  10.37	   0.18	 -0.007	1.00056							#	   1.33	  46.16	
    600	  10.20	   0.20	 -0.007	1.00046							#	   1.52	  45.71	
    601	  10.15	   0.20	 -0.004	1.00046							#	   1.43	  47.12	
    602	  10.13	   0.17	 -0.007	1.00038							#	   1.30	  48.08	
    603	  10.14	   0.20	 -0.007	1.00038							#	   1.49	  49.44	
    604	  10.29	   0.17	 -0.007	1.00036							#	   1.36	  47.42	
    605	  10.20	   0.12	 -0.008	1.00032							#	   1.31	  47.93	
    606	  10.00	  -0.02	 -0.007	1.00030							#	   1.40	  47.22	
    607	   9.98	  -0.05	 -0.005	1.00041							#	   1.37	  50.56	
    608	   9.94	  -0.03	 -0.004	1.00030							#	   1.31	  49.39	
    609	  10.01	  -0.07	 -0.005	1.00026							#	   1.47	  47.37	
    610	  10.00	   0.01	 -0.002	1.00028							#	   1.39	  47.42	
    611	   9.98	  -0.06	 -0.003	1.00021							#	   1.34	  46.97	
    612	  10.15	  -0.14	  0.000	1.00017							#	   1.45	  46.67	
    613	  10.22	  -0.10	 -0.001	1.00036							#	   1.56	  45.61	
    614	  10.47	   0.11	 -0.000	1.00027							#	   1.38	  47.73	
    615	  10.63	   0.27	  0.001	1.00019							#	   1.58	  49.44	
    616	  10.67	   0.56	  0.002	1.00024							#	   1.55	  47.17	
    617	  10.97	   0.51	  0.004	1.00048							#	   1.44	  47.88	
    618	  11.05	   0.45	  0.007	1.00056							#	   1.70	  48.18	
    619	  11.10	   0.43	  0.007	1.00055							#	   1.56	  47.83	
    620	  11.17	   0.54	  0.006	1.00049							#	   1.57	  44.49	
    621	  11.51	   0.66	  0.003	1.00009							#	   1.89	  45.25	
    622	  11.58	   0.62	  0.006	1.00012							#	   1.59	  45.86	
    623	  11.74	   0.58	  0.005	1.00020							#	   1.55	  44.49	
    624	  12.05	   0.35	  0.008	1.00040							#	   1.82	  44.90	
    625	  12.28	   0.34	  0.007	1.00030							#	   1.93	  43.94	
    626	  12.64	   0.32	  0.005	1.00011							#	   1.66	  44.55	
    627	  12.78	   0.19	  0.004	1.00019							#	   1.89	  43.99	
    628	  13.09	   0.27	  0.005	1.00045							#	   1.94	  44.14	
    629	  13.37	   0.44	  0.004	1.00036							#	   1.84	  41.46	
    630	  13.44	   0.61	  0.001	1.00024							#	   2.12	  40.56	
    631	  13.77	   0.67	  0.001	1.00025							#	   2.04	  40.10	
    632	  14.13	   0.62	  0.002	1.00044							#	   1.99	  40.45	
    633	  14.27	   0.69	 -0.001	1.00033							#	   2.15	  39.85	
    634	  14.55	   0.70	 -0.003	1.00026							#	   2.00	  38.69	
    635	  14.76	   0.76	 -0.005	1.00013							#	   2.22	  38.38	
    636	  15.00	   0.55	 -0.002	1.00042							#	   2.24	  39.80	
    637	  15.06	   0.61	 -0.006	1.00037							#	   2.09	  39.60	
    638	  15.24	   0.65	 -0.008	1.00036							#	   2.00	  38.23	
    639	  15.53	   0.64	 -0.011	1.00035							#	   2.49	  39.49	
    640	  15.72	   0.67	 -0.013	1.00027							#	   2.22	  39.29	
    641	  15.64	   0.60	 -0.011	1.00024							#	   2.10	  37.53	
    642	  15.82	   0.68	 -0.014	1.00021							#	   2.11	  39.44	
    643	  16.02	   0.80	 -0.014	1.00026							#	   2.52	  38.23	
    644	  16.34	   0.67	 -0.015	1.00016							#	   2.14	  38.18	
    645	  16.26	   0.51	 -0.017	1.00013							#	   2.13	  38.48	
    646	  15.60	   0.57	 -0.022	1.00008							#	   2.17	  38.59	
    647	  15.55	   0.40	 -0.023	0.99994							#	   2.30	  40.45	
    648	  15.45	   0.43	 -0.026	1.00002							#	   2.11	  39.90	
    649	  15.41	   0.37	 -0.024	0.99998							#	   2.02	  40.20	
    650	  15.25	   0.44	 -0.024	1.00008							#	   2.18	  40.15	
    651	  14.95	   0.50	 -0.026	1.00000							#	   2.17	  39.75	
    652	  15.04	   0.65	 -0.021	1.00037							#	   2.15	  41.72	
    653	  14.84	   0.39	 -0.026	0.99981							#	   2.06	  38.94	
    654	  14.95	   0.76	 -0.021	1.00041							#	   2.41	  42.68	
    655	  15.23	   0.82	 -0.018	1.00053							#	   2.03	  43.33	
    656	  15.20	   0.68	 -0.018	1.00054							#	   2.19	  43.23	
    657	  14.73	   0.74	 -0.020	1.00043							#	   2.06	  42.47	
    658	  14.61	   0.61	 -0.020	1.00031							#	   2.17	  43.69	
    659	  14.55	   0.75	 -0.022	1.00037							#	   1.99	  45.00	
    660	  14.51	   0.55	 -0.022	1.00011							#	   2.44	  42.32	
    661	  14.95	   0.44	 -0.021	1.00017							#	   2.01	  42.47	
    662	  15.04	   0.35	 -0.018	1.00000							#	   2.28	  42.93	
    663	  15.05	   0.19	 -0.021	0.99981							#	   2.22	  42.07	
    664	  14.74	   0.15	 -0.023	0.99958							#	   2.21	  40.81	
    665	  14.75	   0.12	 -0.022	0.99970							#	   2.12	  41.11	
    666	  14.93	   0.07	 -0.020	0.99972							#	   2.51	  41.11	
    667	  14.90	  -0.05	 -0.021	0.99974							#	   2.16	  40.15	
    668	  14.84	  -0.15	 -0.020	0.99975							#	   2.11	  39.75	
    669	  14.77	  -0.09	 -0.020	1.00019							#	   2.21	  43.59	
    670	  14.44	  -0.32	 -0.024	1.00021							#	   2.20	  44.44	
    671	  14.41	  -0.33	 -0.024	1.00017							#	   2.15	  45.66	
    672	  14.01	  -0.41	 -0.024	1.00013							#	   1.92	  46.52	
    673	  13.77	  -0.43	 -0.025	1.00010							#	   1.96	  45.71	
    674	  13.61	  -0.61	 -0.022	0.99998							#	   2.06	  46.11	
    675	  13.92	  -0.50	 -0.020	1.00008							#	   2.11	  45.51	
    676	  13.96	  -0.63	 -0.016	1.00000							#	   1.85	  46.62	
    677	  13.79	  -0.66	 -0.015	0.99987							#	   1.93	  46.16	
    678	  13.51	  -0.58	 -0.010	0.99988							#	   1.99	  46.41	
    679	  13.50	  -0.52	 -0.012	0.99991							#	   1.96	  47.58	
    680	  13.55	  -0.46	 -0.009	1.00010							#	   1.90	  47.37	
    681	  15.19	  -0.45	 -0.009	1.00008							#	   2.21	  46.41	
    682	  14.49	  -0.63	 -0.005	0.99983							#	   1.97	  44.80	
    683	  14.53	  -0.62	 -0.005	0.99980							#	   2.23	  45.45	
    684	  14.25	  -0.62	 -0.002	0.99987							#	   2.08	  44.95	
    685	  12.55	  -0.50	  0.000	1.00003							#	   1.51	  52.63	
    686	  12.82	  -0.63	 -0.004	0.99989							#	   1.56	  51.26	
    687	  13.39	  -0.45	 -0.001	1.00009							#	   1.85	  48.54	
    688	  13.69	  -0.66	 -0.001	0.99994							#	   2.08	  46.52	
    689	  13.85	  -0.82	 -0.000	0.99984							#	   1.85	  46.31	
    690	  13.75	  -0.83	 -0.005	0.99981							#	   1.81	  45.35	
    691	  13.70	  -0.90	 -0.004	0.99950							#	   1.98	  47.07	
    692	  13.94	  -0.89	 -0.004	0.99957							#	   2.33	  45.51	
    693	  14.34	  -1.03	 -0.007	0.99954							#	   1.82	  44.14	
    694	  13.94	  -1.04	  0.001	0.99948							#	   1.88	  45.61	
    695	  13.50	  -1.06	 -0.001	0.99942							#	   1.90	  47.27	
    696	  13.89	  -1.20	 -0.001	0.99948							#	   2.02	  44.49	
    697	  14.22	  -1.06	  0.005	0.99945							#	   2.05	  45.81	
    698	  14.29	  -1.08	  0.005	0.99937							#	   1.97	  45.96	
    699	  14.27	  -0.99	  0.006	0.99927							#	   2.21	  44.70	
    700	  14.43	  -0.97	  0.006	0.99942							#	   2.11	  45.45	
    701	  14.58	  -0.99	  0.010	0.99934							#	   1.86	  44.39	
    702	  14.95	  -0.83	  0.011	0.99993							#	   2.02	  42.93	
    703	  15.01	  -0.69	  0.018	0.99997							#	   2.33	  41.82	
    704	  14.91	  -0.66	  0.020	1.00023							#	   1.85	  42.02	
    705	  15.02	  -0.58	  0.020	1.00018							#	   1.92	  39.29	
    706	  15.30	  -0.52	  0.021	1.00008							#	   2.28	  41.21	
    707	  15.64	  -0.21	  0.016	0.99978							#	   2.37	  38.43	
    708	  15.88	  -0.03	  0.020	0.99979							#	   2.05	  40.71	
    709	  15.60	   0.18	  0.033	0.99998							#	   1.97	  42.93	
    710	  15.41	   0.17	  0.030	1.00004							#	   2.22	  43.18	
    711	  15.42	   0.12	  0.028	1.00009							#	   2.31	  43.69	
    712	  14.97	   0.15	  0.034	0.99996							#	   1.99	  42.78	
    713	  14.69	   0.05	  0.030	1.00000							#	   1.83	  43.13	
    714	  14.86	   0.14	  0.031	0.99993							#	   2.33	  44.55	
    715	  15.56	   0.19	  0.031	1.00000							#	   2.43	  44.39	
    716	  15.79	   0.15	  0.033	0.99990							#	   2.07	  43.28	
    717	  15.64	   0.08	  0.029	0.99987							#	   2.18	  42.37	
    718	  15.47	   0.15	  0.036	1.00007							#	   2.62	  44.65	
    719	  15.73	   0.08	  0.033	0.99991							#	   2.39	  42.78	
    720	  15.82	   0.12	  0.035	0.99976							#	   2.32	  40.30	
    721	  15.44	   0.06	  0.035	0.99974							#	   2.46	  43.48	
    722	  15.19	   0.05	  0.034	0.99979							#	   2.78	  43.28	
    723	  15.26	  -0.02	  0.030	0.99970							#	   2.29	  41.62	
    724	  15.36	   0.02	  0.031	0.99971							#	   2.34	  42.17	
    725	  15.33	  -0.01	  0.030	0.99971							#	   2.60	  40.61	
    726	  15.54	  -0.18	  0.026	0.99966							#	   2.73	  39.04	
    727	  15.48	  -0.16	  0.028	0.99964							#	   2.63	  40.20	
    728	  15.37	  -0.08	  0.032	0.99950							#	   2.54	  41.77	
    729	  15.20	  -0.24	  0.022	0.99962							#	   2.78	  37.58	
    730	  15.49	  -0.08	  0.023	0.99982							#	   2.60	  42.12	
    731	  15.06	  -0.05	  0.033	0.99982							#	   2.76	  40.71	
    732	  14.99	  -0.01	  0.028	0.99966							#	   2.83	  43.59	
    733	  14.86	   0.02	  0.034	0.99952							#	   2.73	  40.25	
    734	  15.14	   0.07	  0.027	1.00019							#	   2.72	  44.85	
    735	  15.17	   0.00	  0.031	0.99993							#	   2.71	  40.10	
    736	  15.42	   0.04	  0.025	0.99999							#	   2.89	  42.53	
    737	  15.21	  -0.10	  0.029	0.99980							#	   2.63	  36.52	
    738	  15.35	  -0.26	  0.020	1.00003							#	   2.82	  40.96	
    739	  15.23	  -0.37	  0.019	1.00011							#	   2.74	  38.79	
    740	  15.26	  -0.33	  0.014	1.00015							#	   2.78	  41.16	
    741	  14.85	  -0.47	  0.023	1.00004							#	   2.60	  37.07	
    742	  14.85	  -0.22	  0.018	1.00018							#	   2.40	  40.66	
    743	  14.44	  -0.24	  0.022	0.99978							#	   2.27	  38.89	
    744	  14.66	  -0.13	  0.024	0.99983							#	   2.58	  41.97	
    745	  14.53	  -0.07	  0.028	0.99961							#	   2.26	  38.74	
    746	  14.06	  -0.13	  0.026	0.99985							#	   2.15	  41.46	
    747	  13.84	  -0.20	  0.019	0.99964							#	   2.27	  40.96	
    748	  14.25	  -0.18	  0.025	0.99973							#	   2.42	  43.08	
    749	  13.46	  -0.15	  0.021	0.99977							#	   2.10	  40.66	
    750	  13.65	  -0.12	  0.029	0.99980							#	   2.15	  43.13	
    751	  13.53	  -0.12	  0.021	0.99991							#	   2.16	  43.13	
    752	  13.71	  -0.13	  0.027	0.99996							#	   2.24	  45.30	
    753	  13.60	  -0.05	  0.022	0.99966							#	   2.17	  42.32	
    754	  13.83	   0.01	  0.029	0.99993							#	   2.15	  45.66	
    755	  13.54	  -0.06	  0.025	0.99976							#	   2.07	  42.88	
    756	  13.46	  -0.09	  0.026	0.99980							#	   2.13	  45.66	
    757	  13.81	  -0.07	  0.026	0.99982							#	   2.30	  41.97	
    758	  13.57	  -0.10	  0.027	0.99979							#	   2.14	  44.49	
    759	  13.49	  -0.15	  0.025	0.99976							#	   2.08	  44.49	
    760	  13.53	  -0.08	  0.029	0.99977							#	   2.23	  45.66	
    761	  13.58	  -0.19	  0.025	0.99981							#	   2.19	  45.15	
    762	  13.33	  -0.30	  0.020	0.99984							#	   2.23	  41.77	
    763	  13.33	  -0.30	  0.021	0.99980							#	   2.19	  41.82	
    764	  13.68	  -0.20	  0.025	0.99972							#	   2.20	  42.32	
    765	  13.69	  -0.25	  0.025	0.99971							#	   2.27	  41.31	
    766	  13.71	  -0.19	  0.025	0.99970							#	   2.27	  42.78	
    767	  13.63	  -0.47	  0.016	1.00003							#	   2.22	  42.53	
    768	  13.84	  -0.57	  0.021	1.00032							#	   2.25	  43.84	
    769	  13.77	  -0.46	  0.018	1.00106							#	   2.30	  43.74	
    770	  14.14	  -0.46	  0.016	1.00109							#	   2.28	  43.33	
    771	  14.49	  -0.58	  0.017	1.00022							#	   2.57	  41.31	
    772	  14.63	  -0.69	  0.019	1.00048							#	   2.29	  41.41	
    773	  14.61	  -0.73	  0.020	1.00049							#	   2.26	  42.47	
    774	  14.98	  -0.70	  0.020	1.00046							#	   2.37	  41.97	
    775	  15.02	  -0.77	  0.020	1.00046							#	   2.56	  41.36	
    776	  15.22	  -0.77	  0.018	1.00036							#	   2.39	  40.71	
    777	  15.37	  -0.83	  0.020	1.00059							#	   2.37	  42.47	
    778	  15.23	  -0.84	  0.019	1.00077							#	   2.45	  43.94	
    779	  14.92	  -0.92	  0.019	1.00096							#	   2.43	  42.37	
    780	  15.08	  -0.93	  0.019	1.00088							#	   2.64	  41.31	
    781	  15.25	  -0.88	  0.017	1.00072							#	   2.52	  43.08	
    782	  15.38	  -0.77	  0.017	1.00086							#	   2.45	  41.87	
    783	  15.78	  -0.77	  0.017	1.00091							#	   2.60	  41.82	
    784	  16.00	  -0.73	  0.019	1.00077							#	   2.72	  41.97	
    785	  15.98	  -0.80	  0.016	1.00065							#	   2.43	  41.16	
    786	  16.13	  -0.62	  0.018	1.00107							#	   2.32	  42.78	
    787	  16.43	  -0.54	  0.016	1.00111							#	   2.76	  39.34	
    788	  16.93	  -0.58	  0.017	1.00087							#	   2.58	  40.05	
    789	  16.88	  -0.48	  0.014	1.00116							#	   2.41	  40.56	
    790	  17.38	  -0.30	  0.017	1.00091							#	   2.71	  39.65	
    791	  17.49	  -0.25	  0.013	1.00100							#	   2.81	  39.14	
    792	  17.88	  -0.24	  0.012	1.00088							#	   2.50	  39.29	
    793	  17.75	  -0.28	  0.010	1.00088							#	   2.58	  39.34	
    794	  17.79	  -0.06	  0.012	1.00067							#	   2.80	  41.97	
    795	  17.38	  -0.06	  0.005	1.00072							#	   2.63	  39.80	
    796	  17.78	   0.01	  0.012	1.00068							#	   2.44	  43.89	
    797	  17.67	   0.01	  0.004	1.00064							#	   2.47	  40.76	
    798	  17.56	   0.05	  0.010	1.00068							#	   2.80	  43.33	
    799	  17.14	   0.10	  0.000	1.00073							#	   2.16	  41.11	
    800	  17.17	   0.17	  0.006	1.00084							#	   2.22	  42.63	
    801	  17.31	   0.32	 -0.004	1.00098							#	   2.62	  38.64	
    802	  17.30	   0.24	  0.009	1.00082							#	   2.30	  43.28	
    803	  16.95	   0.22	 -0.003	1.00077							#	   2.00	  40.81	
    804	  16.66	   0.18	  0.004	1.00067							#	   2.22	  42.42	
    805	  16.62	   0.16	 -0.006	1.00086							#	   2.28	  40.91	
    806	  16.68	   0.29	 -0.000	1.00072							#	   2.04	  40.81	
    807	  16.56	   0.35	 -0.005	1.00102							#	   2.18	  39.39	
    808	  16.62	   0.19	 -0.000	1.00064							#	   2.28	  43.18	
    809	  16.18	   0.27	 -0.005	1.00076							#	   2.18	  40.15	
    810	  16.16	   0.16	 -0.004	1.00060							#	   2.15	  41.87	
    811	  16.07	   0.15	 -0.008	1.00053							#	   2.05	  41.57	
    812	  15.79	   0.00	 -0.007	1.00047							#	   1.94	  41.36	
    813	  15.53	   0.03	 -0.007	1.00050							#	   2.06	  41.77	
    814	  15.51	   0.12	 -0.010	1.00052							#	   2.06	  41.97	
    815	  15.50	   0.06	 -0.012	1.00054							#	   1.82	  41.52	
    816	  14.98	   0.09	 -0.011	1.00046							#	   1.89	  42.83	
    817	  14.40	   0.19	 -0.012	1.00054							#	   1.83	  41.11	
    818	  15.66	   0.14	 -0.013	1.00051							#	   2.11	  40.05	
    819	  15.83	   0.02	 -0.015	1.00045							#	   1.89	  40.10	
    820	  15.87	  -0.01	 -0.014	1.00043							#	   2.07	  41.77	
    821	  15.23	  -0.04	 -0.013	1.00037							#	   1.89	  40.35	
    822	  14.91	   0.01	 -0.016	1.00039							#	   1.98	  40.05	
    823	  13.45	  -0.01	 -0.017	1.00035							#	   1.55	  42.73	
    824	  14.76	  -0.17	 -0.020	1.00030							#	   1.71	  41.21	
    825	  13.06	   0.11	 -0.020	1.00030							#	   1.46	  42.32	
    826	  13.48	  -0.02	 -0.020	1.00031							#	   1.64	  43.13	
    827	  13.32	  -0.07	 -0.018	1.00037							#	   1.65	  43.33	
    828	  13.31	   0.01	 -0.020	1.00037							#	   1.88	  41.72	
    829	  13.33	   0.00	 -0.024	1.00043							#	   1.74	  41.11	
    830	  13.47	   0.04	 -0.021	1.00015							#	   1.73	  40.71	
    831	  13.54	   0.05	 -0.023	1.00048							#	   1.98	  41.46	
    832	  13.46	   0.05	 -0.023	1.00044							#	   1.93	  40.56	
    833	  12.27	   0.10	 -0.021	1.00022							#	   1.42	  44.60	
    834	  12.59	   0.15	 -0.023	0.99987							#	   1.48	  44.29	
    835	  12.74	   0.12	 -0.025	0.99988							#	   1.54	  44.70	
    836	  12.84	   0.11	 -0.026	0.99984							#	   1.68	  43.28	
    837	  13.05	   0.19	 -0.027	0.99977							#	   1.84	  43.23	
    838	  13.25	   0.12	 -0.025	0.99990							#	   1.73	  43.94	
    839	  13.40	   0.11	 -0.028	1.00001							#	   1.66	  42.07	
    840	  13.42	   0.12	 -0.025	1.00037							#	   1.93	  38.08	
    841	  13.70	   0.12	 -0.025	0.99978							#	   2.11	  41.01	
    842	  13.83	   0.20	 -0.025	0.99980							#	   1.99	  40.61	
    843	  13.80	   0.22	 -0.026	0.99969							#	   1.90	  40.20	
    844	  13.86	   0.27	 -0.028	0.99968							#	   1.88	  38.69	
    845	  14.05	   0.16	 -0.027	0.99966							#	   2.08	  39.95	
    846	  13.86	   0.14	 -0.027	0.99982							#	   2.16	  39.39	
    847	  14.00	   0.17	 -0.028	0.99953							#	   1.97	  39.34	
    848	  14.20	   0.25	 -0.028	0.99958							#	   2.05	  38.28	
    849	  14.27	   0.42	 -0.033	0.99974							#	   1.98	  37.58	
    850	  14.03	   0.45	 -0.035	0.99969							#	   2.16	  37.37	
    851	  13.93	   0.37	 -0.034	0.99956							#	   2.16	  38.03	
    852	  14.28	   0.38	 -0.041	0.99966							#	   2.21	  36.46	
    853	  13.84	   0.51	 -0.040	0.99989							#	   1.94	  36.16	
    854	  13.63	   0.38	 -0.034	0.99942							#	   1.86	  38.38	
    855	  13.58	   0.32	 -0.029	0.99936							#	   2.21	  39.04	
    856	  13.43	   0.44	 -0.032	0.99943							#	   2.00	  37.88	
    857	  13.61	   0.56	 -0.028	0.99941							#	   2.05	  37.07	
    858	  13.60	   0.55	 -0.026	0.99942							#	   1.89	  36.31	
    859	  13.37	   0.94	 -0.027	1.00007							#	   2.05	  34.04	
    860	  13.54	   0.82	 -0.025	0.99982							#	   2.34	  34.24	
    861	  13.59	   0.80	 -0.024	0.99997							#	   2.13	  33.28	
    862	  13.60	   0.72	 -0.025	0.99978							#	   2.19	  33.08	
    863	  13.63	   0.64	 -0.022	0.99969							#	   2.08	  35.91	
    864	  13.37	   0.56	 -0.025	0.99941							#	   2.18	  35.86	
    865	  13.43	   0.49	 -0.026	0.99940							#	   2.07	  37.63	
    866	  13.18	   0.83	 -0.022	0.99977							#	   2.27	  33.08	
    867	  13.12	   0.60	 -0.031	0.99964							#	   2.11	  33.48	
    868	  12.80	   0.53	 -0.026	0.99961							#	   1.97	  35.15	
    869	  12.66	   0.36	 -0.025	0.99944							#	   1.74	  38.64	
    870	  12.44	   0.46	 -0.023	0.99930							#	   2.03	  37.58	
    871	  12.26	   0.13	 -0.027	0.99952							#	   2.13	  38.03	
    872	  12.15	   0.05	 -0.025	0.99957							#	   1.88	  38.13	
    873	  12.02	   0.06	 -0.023	0.99964							#	   1.69	  38.13	
    874	  11.55	   0.27	 -0.021	0.99936							#	   1.61	  40.56	
    875	  11.27	   0.19	 -0.021	0.99948							#	   1.71	  40.20	
    876	  11.05	   0.20	 -0.024	0.99956							#	   1.81	  40.71	
    877	  10.97	   0.16	 -0.023	0.99952							#	   1.69	  41.36	
    878	  10.93	   0.05	 -0.023	0.99969							#	   1.77	  40.20	
    879	  10.53	  -0.03	 -0.021	0.99998							#	   1.58	  37.58	
    880	  10.01	  -0.21	 -0.023	0.99988							#	   1.47	  38.54	
    881	   9.54	  -0.11	 -0.019	0.99979							#	   1.42	  39.29	
    882	   9.46	  -0.06	 -0.017	0.99987							#	   1.53	  39.60	
    883	   9.39	   0.15	 -0.013	0.99959							#	   1.50	  40.61	
    884	   8.99	   0.04	 -0.014	0.99937							#	   1.49	  45.30	
    885	   8.70	   0.08	 -0.014	0.99934							#	   1.38	  48.89	
    886	   8.37	   0.05	 -0.011	0.99923							#	   1.26	  49.60	
    887	   8.07	   0.03	 -0.012	0.99950							#	   1.19	  50.30	
    888	   8.01	  -0.09	 -0.012	0.99927							#	   1.13	  51.87	
    889	   8.08	  -0.03	 -0.011	0.99957							#	   1.25	  49.90	
    890	   8.03	   0.02	 -0.008	0.99944							#	   1.33	  50.86	
    891	   7.23	   0.10	 -0.007	0.99928							#	   1.31	  54.19	
    892	   6.90	   0.13	 -0.008	1.00002							#	   1.16	  58.48	
    893	   7.17	   0.25	 -0.008	0.99988							#	   1.18	  62.93	
    894	   6.86	   0.31	 -0.007	0.99985							#	   1.15	  62.78	
    895	   6.65	   0.24	 -0.007	0.99978							#	   1.02	  64.80	
    896	   6.44	   0.30	 -0.006	0.99970							#	   0.99	  66.82	
    897	   6.11	   0.38	 -0.007	0.99966							#	   0.93	  68.48	
    898	   5.68	   0.36	 -0.006	0.99961							#	   0.85	  68.48	
    899	   5.70	   0.33	 -0.007	0.99962							#	   0.93	  68.69	
    900	   5.98	   0.49	 -0.005	0.99959							#	   1.09	  65.71	
    901	   5.72	   0.55	 -0.006	0.99954							#	   1.01	  68.13	
    902	   4.90	   0.69	 -0.003	0.99945							#	   0.90	  65.86	
    903	   4.59	   0.61	 -0.006	0.99952							#	   0.85	  65.71	
    904	   5.01	   0.78	 -0.004	0.99951							#	   0.90	  68.54	
    905	   4.89	   0.66	 -0.005	0.99946							#	   0.86	  68.38	
    906	   4.11	   0.58	 -0.004	0.99945							#	   0.78	  68.38	
    907	   3.67	   0.54	 -0.006	0.99940							#	   0.82	  68.13	
    908	   3.61	   0.44	 -0.005	0.99935							#	   0.81	  68.48	
    909	   3.31	   0.34	 -0.003	0.99937							#	   0.73	  68.33	
    910	   2.93	   0.35	 -0.003	0.99933							#	   0.73	  67.07	
    911	   2.28	   0.33	 -0.003	0.99939							#	   0.96	  65.61	
    912	   2.05	   0.44	 -0.005	0.99937							#	   0.98	  63.74	
    913	   1.99	   0.54	 -0.003	0.99937							#	   0.96	  64.34	
    914	   1.65	   0.79	 -0.001	0.99925							#	   1.10	  63.13	
    915	   1.57	   0.86	  0.000	0.99929							#	   1.02	  63.48	
    916	   1.65	   0.93	 -0.001	0.99926							#	   1.06	  61.92	
    917	   1.64	   1.06	  0.002	0.99921							#	   1.03	  63.99	
    918	   1.45	   1.14	  0.001	0.99920							#	   0.91	  62.88	
    919	   1.62	   1.36	  0.002	0.99919							#	   1.14	  63.38	
    920	   1.68	   1.35	  0.003	0.99920							#	   1.09	  63.33	
    921	   1.35	   1.32	  0.003	0.99922							#	   0.99	  63.38	
    922	   1.53	   1.36	  0.003	0.99930							#	   1.02	  64.34	
    923	   1.58	   1.39	  0.003	0.99931							#	   1.08	  64.39	
    924	   1.45	   1.46	  0.002	0.99933							#	   1.26	  63.59	
    925	   1.38	   1.53	  0.000	0.99931							#	   0.92	  66.41	
    926	   1.42	   1.48	  0.001	0.99934							#	   1.04	  66.21	
    927	   1.30	   1.51	 -0.002	0.99932							#	   0.97	  67.93	
    928	   1.36	   1.59	 -0.001	0.99921							#	   0.91	  67.07	
    929	   1.34	   1.58	 -0.001	0.99923							#	   0.80	  67.98	
    930	   1.46	   1.63	 -0.001	0.99924							#	   0.80	  69.49	
    931	   1.53	   1.84	  0.000	0.99927							#	   0.97	  68.99	
    932	   1.58	   1.97	  0.001	0.99922							#	   0.80	  68.03	
    933	   1.70	   2.19	  0.003	0.99915							#	   1.03	  68.59	
    934	   1.85	   2.30	  0.001	0.99920							#	   0.83	  69.49	
    935	   1.78	   2.25	  0.002	0.99928							#	   0.91	  68.08	
    936	   1.72	   2.26	  0.002	0.99928							#	   0.95	  67.58	
    937	   1.67	   2.34	  0.002	0.99925							#	   1.06	  68.64	
    938	   1.76	   2.30	  0.003	0.99931							#	   0.99	  68.64	
    939	   1.68	   2.39	  0.002	0.99929							#	   1.13	  69.04	
    940	   1.62	   2.32	 -0.001	0.99923							#	   1.48	  69.80	
    941	   1.58	   2.20	  0.000	0.99929							#	   1.49	  68.89	
    942	   1.60	   2.20	  0.002	0.99922							#	   1.36	  69.14	
    943	   1.74	   2.36	 -0.002	0.99926							#	   1.59	  70.40	
    944	   2.09	   2.41	 -0.001	0.99928							#	   1.13	  69.44	
    945	   1.97	   2.49	  0.001	0.99921							#	   0.92	  71.92	
    946	   1.71	   2.47	 -0.002	0.99924							#	   0.78	  71.62	
    947	   1.54	   2.50	 -0.003	0.99929							#	   0.86	  70.25	
    948	   1.71	   2.55	 -0.006	0.99929							#	   0.73	  70.45	
    949	   1.80	   2.48	 -0.004	0.99927							#	   0.79	  69.39	
    950	   1.60	   2.33	 -0.003	0.99926							#	   0.79	  71.01	
    951	   1.41	   2.24	 -0.003	0.99926							#	   0.67	  72.02	
    952	   1.31	   2.11	 -0.005	0.99927							#	   0.69	  70.35	
    953	   1.13	   2.03	 -0.005	0.99928							#	   0.76	  69.75	
    954	   1.09	   1.86	 -0.006	0.99928							#	   0.70	  71.62	
    955	   0.79	   1.77	 -0.006	0.99925							#	   0.67	  71.31	
    956	   0.59	   1.65	 -0.007	0.99923							#	   0.72	  70.56	
    957	   0.46	   1.55	 -0.006	0.99921							#	   0.64	  71.36	
    958	   0.37	   1.57	 -0.007	0.99920							#	   0.73	  72.17	
    959	  -0.02	   1.39	 -0.009	0.99920							#	   0.83	  69.70	
    960	  -0.19	   1.43	 -0.012	0.99917							#	   0.79	  64.80	
    961	  -0.33	   1.37	 -0.010	0.99919							#	   0.81	  69.90	
    962	  -0.53	   1.36	 -0.008	0.99917							#	   0.78	  68.89	
    963	  -0.86	   1.37	 -0.009	0.99917							#	   0.76	  68.43	
    964	  -1.03	   1.28	 -0.010	0.99920							#	   1.28	  68.13	
    965	  -1.09	   1.42	 -0.011	0.99925							#	   1.14	  63.79	
    966	  -0.95	   1.51	 -0.011	0.99926							#	   0.81	  63.69	
    967	  -1.01	   1.66	 -0.009	0.99921							#	   1.03	  61.41	
    968	  -1.13	   1.63	 -0.010	0.99914							#	   0.79	  63.94	
    969	  -1.52	   1.49	 -0.013	0.99898							#	   0.84	  65.40	
    970	  -1.66	   1.44	 -0.013	0.99916							#	   0.56	  63.84	
    971	  -1.86	   1.44	 -0.012	0.99924							#	   0.43	  63.99	
    972	  -1.79	   1.44	 -0.014	0.99911							#	   0.30	  62.53	
    973	  -1.70	   1.36	 -0.014	0.99910							#	   0.32	  65.10	
    974	  -1.89	   1.20	 -0.011	0.99911							#	   0.32	  65.56	
    975	  -2.01	   1.18	 -0.010	0.99910							#	   0.38	  66.97	
    976	  -2.13	   1.20	 -0.011	0.99916							#	   0.37	  67.53	
    977	  -2.32	   1.21	 -0.012	0.99919							#	   0.43	  65.30	
    978	  -2.16	   1.28	 -0.014	0.99927							#	   0.39	  67.53	
    979	  -2.16	   1.45	 -0.013	0.99935							#	   0.39	  65.00	
    980	  -2.45	   1.54	 -0.013	0.99914							#	   0.47	  67.22	
    981	  -2.51	   1.60	 -0.013	0.99916							#	   0.46	  63.79	
    982	  -2.07	   1.41	 -0.012	0.99904							#	   0.37	  68.54	
    983	  -2.01	   1.48	 -0.011	0.99907							#	   0.35	  69.39	
    984	  -1.91	   1.31	 -0.011	0.99915							#	   0.29	  67.68	
    985	  -1.76	   1.28	 -0.010	0.99916							#	   0.28	  66.16	
    986	  -1.56	   1.29	 -0.010	0.99914							#	   0.28	  68.33	
    987	  -1.36	   1.40	 -0.012	0.99923							#	   0.26	  71.06	
    988	  -0.96	   1.47	 -0.013	0.99924							#	   0.24	  71.31	
    989	  -0.86	   1.58	 -0.012	0.99928							#	   0.30	  69.49	
    990	  -1.14	   1.63	 -0.012	0.99907							#	   0.34	  71.06	
    991	  -0.83	   1.64	 -0.013	0.99903							#	   0.31	  72.32	
    992	  -0.50	   1.55	 -0.012	0.99911							#	   0.29	  69.70	
    993	  -0.56	   1.53	 -0.013	0.99909							#	   0.29	  69.19	
    994	  -0.58	   1.51	 -0.011	0.99907							#	   0.26	  72.27	
    995	  -0.60	   1.38	 -0.012	0.99908							#	   0.29	  71.31	
    996	  -0.46	   1.32	 -0.012	0.99910							#	   0.25	  72.73	
    997	  -0.31	   1.22	 -0.010	0.99910							#	   0.26	  70.20	
    998	  -0.28	   1.28	 -0.010	0.99916							#	   0.27	  72.78	
    999	  -0.02	   1.36	 -0.011	0.99920							#	   0.24	  75.40	
   1000	   0.21	   1.41	 -0.011	0.99913							#	   0.25	  75.81	
   1001	   0.24	   1.44	 -0.012	0.99914							#	   0.27	  74.49	
   1002	   0.68	   1.35	 -0.011	0.99914							#	   0.27	  75.40	
   1003	   0.49	   1.26	 -0.010	0.99909							#	   0.22	  76.26	
   1004	   0.55	   1.22	 -0.010	0.99906							#	   0.27	  74.80	
   1005	   0.73	   1.06	 -0.010	0.99904							#	   0.29	  73.38	
   1006	   0.85	   0.82	 -0.008	0.99907							#	   0.25	  74.29	
   1007	   1.02	   0.66	 -0.008	0.99906							#	   0.28	  74.14	
   1008	   1.28	   0.56	 -0.009	0.99908							#	   0.28	  74.24	
   1009	   1.33	   0.36	 -0.009	0.99909							#	   0.24	  72.47	
   1010	   1.84	   0.26	 -0.006	0.99909							#	   0.38	  73.33	
   1011	   1.89	   0.23	 -0.005	0.99905							#	   0.35	  73.74	
   1012	   1.74	   0.21	 -0.006	0.99908							#	   0.30	  72.93	
   1013	   1.81	   0.26	 -0.005	0.99903							#	   0.33	  72.22	
   1014	   1.73	   0.33	 -0.003	0.99904							#	   0.33	  73.13	
   1015	   1.51	   0.29	 -0.005	0.99902							#	   0.30	  72.32	
   1016	   1.82	   0.49	 -0.002	0.99898							#	   0.33	  73.99	
   1017	   1.70	   0.43	 -0.002	0.99900							#	   0.30	  73.33	
   1018	   1.67	   0.40	 -0.002	0.99905							#	   0.25	  73.28	
   1019	   1.67	   0.42	  0.000	0.99903							#	   0.28	  73.13	
   1020	   1.90	   0.54	 -0.000	0.99898							#	   0.35	  69.95	
   1021	   2.24	   0.45	  0.000	0.99899							#	   0.30	  72.83	
   1022	   1.99	   0.36	  0.003	0.99892							#	   0.33	  71.16	
   1023	   1.91	   0.55	  0.004	0.99901							#	   0.31	  74.24	
   1024	   1.97	   0.67	  0.004	0.99897							#	   0.31	  73.74	
   1025	   2.13	   0.74	  0.004	0.99900							#	   0.33	  73.18	
   1026	   2.18	   0.82	  0.004	0.99899							#	   0.33	  70.76	
   1027	   2.23	   0.74	  0.003	0.99907							#	   0.31	  74.19	
   1028	   2.08	   0.32	  0.001	0.99914							#	   0.29	  70.86	
   1029	   1.70	  -0.02	 -0.001	0.99904							#	   0.23	  73.18	
   1030	   1.76	  -0.16	 -0.001	0.99908							#	   0.20	  69.04	
   1031	   1.97	  -0.36	 -0.001	0.99901							#	   0.23	  71.01	
   1032	   1.78	  -0.10	 -0.001	0.99905							#	   0.21	  71.52	
   1033	   1.71	   0.02	 -0.001	0.99903							#	   0.18	  73.18	
   1034	   1.97	   0.22	  0.000	0.99903							#	   0.23	  73.48	
   1035	   2.27	   0.45	 -0.002	0.99919							#	   0.29	  69.90	
   1036	   1.88	   0.28	 -0.001	0.99911							#	   0.23	  71.46	
   1037	   1.64	   0.15	 -0.002	0.99912							#	   0.23	  72.58	
   1038	   1.68	   0.06	 -0.003	0.99913							#	   0.23	  72.58	
   1039	   1.61	  -0.09	 -0.003	0.99910							#	   0.19	  73.43	
   1040	   1.41	  -0.25	 -0.005	0.99915							#	   0.20	  72.47	
   1041	   1.26	  -0.19	 -0.005	0.99905							#	   0.18	  73.28	
   1042	   1.19	  -0.22	 -0.005	0.99905							#	   0.16	  71.62	
   1043	   0.98	  -0.26	 -0.006	0.99903							#	   0.19	  73.54	
   1044	   0.85	  -0.22	 -0.006	0.99911							#	   0.17	  73.94	
   1045	   0.40	  -0.40	 -0.007	0.99917							#	   0.14	  74.60	
   1046	   0.51	  -0.41	 -0.008	0.99917							#	   0.18	  73.89	
   1047	   0.60	  -0.55	 -0.006	0.99920							#	   0.17	  74.65	
   1048	   0.56	  -0.80	 -0.006	0.99921							#	   0.14	  72.68	
   1049	   0.60	  -0.91	 -0.006	0.99918							#	   0.16	  70.51	
   1050	   0.57	  -0.98	 -0.007	0.99917							#	   0.19	  71.11	
   1051	   0.50	  -1.04	 -0.006	0.99917							#	   0.17	  70.91	
   1052	   0.20	  -1.07	 -0.006	0.99927							#	   0.19	  65.66	
   1053	   0.24	  -0.99	 -0.008	0.99917							#	   0.19	  67.83	
   1054	  -0.01	  -0.91	 -0.008	0.99911							#	   0.16	  70.61	
   1055	  -0.51	  -0.83	 -0.012	0.99916							#	   0.23	  70.30	
   1056	  -0.71	  -0.92	 -0.010	0.99906							#	   0.23	  67.27	
   1057	  -1.04	  -0.95	 -0.011	0.99916							#	   0.20	  65.00	
   1058	  -1.20	  -1.04	 -0.012	0.99918							#	   0.23	  64.29	
   1059	  -1.51	  -1.18	 -0.014	0.99924							#	   0.28	  61.97	
   1060	  -1.63	  -1.11	 -0.012	0.99928							#	   0.26	  60.40	
   1061	  -1.76	  -1.08	 -0.014	0.99930							#	   0.31	  56.52	
   1062	  -1.65	  -1.04	 -0.015	0.99925							#	   0.29	  59.04	
   1063	  -1.83	  -1.02	 -0.015	0.99915							#	   0.27	  63.59	
   1064	  -1.93	  -0.94	 -0.014	0.99915							#	   0.31	  60.25	
   1065	  -2.00	  -0.75	 -0.013	0.99925							#	   0.31	  56.92	
   1066	  -2.04	  -0.52	 -0.011	0.99934							#	   0.26	  57.53	
   1067	  -1.90	  -0.53	 -0.013	0.99935							#	   0.27	  57.93	
   1068	  -2.04	  -0.62	 -0.015	0.99920							#	   0.27	  56.26	
   1069	  -2.01	  -0.89	 -0.017	0.99919							#	   0.24	  58.89	
