      1	  -0.79	   0.34	  0.006	1.00015							#	   0.01	  18.43	
      2	  -0.75	   0.36	  0.009	1.00013							#	   0.03	  17.73	
      3	  -0.76	   0.42	  0.011	1.00009							#	   0.04	  17.73	
      4	  -0.77	   0.49	  0.009	1.00010							#	   0.06	  17.47	
      5	  -0.78	   0.43	  0.010	1.00007							#	   0.06	  17.47	
      6	  -0.63	   0.53	  0.011	1.00002							#	   0.10	  17.93	
      7	  -0.76	   0.53	  0.011	1.00003							#	   0.10	  17.68	
      8	  -0.73	   0.56	  0.012	1.00006							#	   0.09	  17.88	
      9	  -0.75	   0.59	  0.011	1.00002							#	   0.09	  18.08	
     10	  -0.85	   0.53	  0.012	1.00000							#	   0.09	  18.84	
     11	  -0.79	   0.37	  0.012	1.00006							#	   0.09	  19.19	
     12	  -0.83	   0.42	  0.013	1.00005							#	   0.09	  19.09	
     13	  -0.86	   0.30	  0.014	1.00006							#	   0.08	  19.09	
     14	  -0.83	   0.43	  0.013	1.00004							#	   0.09	  19.14	
     15	  -0.89	   0.49	  0.012	1.00002							#	   0.09	  18.99	
     16	  -0.90	   0.27	  0.014	1.00004							#	   0.08	  19.49	
     17	  -0.89	   0.40	  0.011	1.00008							#	   0.09	  19.39	
     18	  -0.95	   0.53	  0.013	0.99998							#	   0.09	  18.74	
     19	  -0.94	   0.48	  0.013	1.00000							#	   0.09	  18.99	
     20	  -1.10	   0.37	  0.012	1.00007							#	   0.10	  19.55	
     21	  -0.88	   0.41	  0.012	1.00003							#	   0.08	  19.90	
     22	  -0.89	   0.20	  0.012	1.00005							#	   0.08	  20.10	
     23	  -0.95	   0.24	  0.014	1.00007							#	   0.08	  19.65	
     24	  -0.93	   0.36	  0.012	1.00005							#	   0.08	  19.34	
     25	  -1.00	   0.23	  0.014	1.00006							#	   0.08	  19.49	
     26	  -0.99	   0.35	  0.012	1.00006							#	   0.09	  19.80	
     27	  -0.90	   0.26	  0.014	1.00005							#	   0.08	  19.29	
     28	  -1.03	   0.27	  0.013	1.00004							#	   0.09	  19.19	
     29	  -0.94	   0.34	  0.013	1.00005							#	   0.09	  19.34	
     30	  -1.01	   0.34	  0.012	1.00008							#	   0.09	  19.90	
     31	  -0.73	   0.51	  0.016	1.00002							#	   0.10	  20.25	
     32	  -0.89	   0.17	  0.011	1.00004							#	   0.08	  20.15	
     33	  -0.96	   0.17	  0.012	1.00007							#	   0.08	  19.90	
     34	  -0.72	   0.35	  0.010	1.00001							#	   0.08	  20.91	
     35	  -0.76	   0.34	  0.011	1.00000							#	   0.08	  20.45	
     36	  -0.76	   0.24	  0.011	1.00008							#	   0.08	  21.06	
     37	  -0.60	   0.16	  0.012	1.00002							#	   0.07	  20.96	
     38	  -0.71	   0.23	  0.012	1.00006							#	   0.08	  21.16	
     39	  -0.59	   0.25	  0.011	1.00005							#	   0.08	  21.16	
     40	  -0.40	   0.27	  0.010	1.00002							#	   0.07	  21.46	
     41	  -0.60	   0.38	  0.011	1.00002							#	   0.09	  20.81	
     42	  -0.53	   0.22	  0.010	0.99999							#	   0.07	  20.66	
     43	  -0.44	   0.16	  0.011	0.99999							#	   0.08	  21.31	
     44	  -0.55	   0.19	  0.010	1.00004							#	   0.07	  21.11	
     45	  -0.30	   0.31	  0.010	1.00004							#	   0.07	  20.96	
     46	  -0.42	   0.27	  0.010	1.00000							#	   0.07	  20.71	
     47	  -0.39	   0.31	  0.011	0.99998							#	   0.07	  20.96	
     48	  -0.39	   0.39	  0.011	1.00003							#	   0.07	  20.81	
     49	  -0.25	   0.48	  0.012	1.00006							#	   0.08	  20.96	
     50	  -0.33	   0.38	  0.012	1.00001							#	   0.07	  20.91	
     51	  -0.34	   0.42	  0.010	1.00005							#	   0.07	  20.30	
     52	  -0.25	   0.51	  0.010	1.00003							#	   0.07	  20.45	
     53	  -0.23	   0.56	  0.009	1.00005							#	   0.07	  21.16	
     54	  -0.17	   0.54	  0.009	1.00004							#	   0.08	  20.86	
     55	  -0.19	   0.49	  0.009	1.00003							#	   0.07	  21.21	
     56	  -0.21	   0.52	  0.009	1.00002							#	   0.07	  21.41	
     57	  -0.14	   0.64	  0.008	1.00004							#	   0.09	  21.26	
     58	  -0.21	   0.67	  0.010	1.00002							#	   0.08	  20.96	
     59	  -0.17	   0.75	  0.007	1.00003							#	   0.08	  20.86	
     60	  -0.11	   0.72	  0.008	1.00007							#	   0.09	  18.59	
     61	  -0.13	   0.77	  0.008	1.00004							#	   0.09	  23.08	
     62	  -0.11	   0.68	  0.008	1.00005							#	   0.08	  22.07	
     63	  -0.03	   0.89	  0.005	1.00004							#	   0.10	  21.92	
     64	  -0.03	   0.98	  0.007	1.00005							#	   0.09	  21.92	
     65	  -0.04	   1.04	  0.008	1.00001							#	   0.10	  21.82	
     66	   0.08	   1.16	  0.006	1.00003							#	   0.10	  21.87	
     67	   0.01	   1.14	  0.008	1.00002							#	   0.10	  22.32	
     68	   0.02	   1.07	  0.006	1.00004							#	   0.09	  22.07	
     69	   0.04	   1.19	  0.007	1.00007							#	   0.11	  22.07	
     70	   0.13	   1.33	  0.007	1.00010							#	   0.11	  22.07	
     71	   0.19	   1.33	  0.007	1.00007							#	   0.11	  22.32	
     72	   0.11	   1.43	  0.005	1.00009							#	   0.12	  22.58	
     73	   0.12	   1.39	  0.006	1.00010							#	   0.11	  22.32	
     74	   0.25	   1.50	  0.006	1.00011							#	   0.12	  22.37	
     75	   0.29	   1.63	  0.006	1.00009							#	   0.13	  21.97	
     76	   0.21	   1.75	  0.004	1.00005							#	   0.14	  22.93	
     77	   0.31	   1.71	  0.006	1.00009							#	   0.16	  22.32	
     78	   0.26	   1.82	  0.005	1.00006							#	   0.15	  22.88	
     79	   0.19	   1.69	  0.006	1.00003							#	   0.15	  22.68	
     80	   0.17	   1.84	  0.003	1.00011							#	   0.16	  22.98	
     81	   0.47	   1.94	  0.005	1.00006							#	   0.16	  21.92	
     82	   0.29	   1.97	  0.004	1.00006							#	   0.17	  22.88	
     83	   0.24	   1.95	  0.006	1.00006							#	   0.17	  23.23	
     84	   0.35	   1.95	  0.004	1.00008							#	   0.18	  22.63	
     85	   0.30	   1.99	  0.003	1.00005							#	   0.18	  23.03	
     86	   0.33	   1.93	  0.005	1.00011							#	   0.18	  22.93	
     87	   0.30	   1.95	  0.003	1.00007							#	   0.18	  23.48	
     88	   0.19	   1.89	  0.004	1.00008							#	   0.16	  23.79	
     89	   0.24	   1.92	  0.003	1.00007							#	   0.17	  23.89	
     90	   0.30	   1.89	  0.003	1.00007							#	   0.17	  23.84	
     91	   0.18	   1.91	  0.004	1.00005							#	   0.17	  24.24	
     92	   0.21	   1.77	  0.003	1.00007							#	   0.15	  24.09	
     93	   0.18	   1.83	  0.003	1.00007							#	   0.17	  23.69	
     94	   0.19	   1.91	  0.002	1.00009							#	   0.18	  24.19	
     95	   0.10	   1.90	  0.004	1.00008							#	   0.17	  24.44	
     96	   0.08	   1.88	  0.003	1.00009							#	   0.17	  24.34	
     97	   0.07	   1.95	  0.004	1.00005							#	   0.19	  24.90	
     98	   0.00	   1.86	  0.003	1.00009							#	   0.17	  24.49	
     99	   0.04	   1.87	  0.002	1.00008							#	   0.16	  24.85	
    100	   0.06	   1.78	  0.003	1.00010							#	   0.15	  24.60	
    101	   0.05	   1.83	  0.003	1.00006							#	   0.16	  24.80	
    102	   0.12	   1.70	  0.002	1.00009							#	   0.14	  24.65	
    103	   0.05	   1.76	  0.004	1.00008							#	   0.14	  25.25	
    104	   0.00	   1.73	  0.002	1.00006							#	   0.13	  25.51	
    105	  -0.03	   1.66	  0.004	1.00008							#	   0.13	  25.00	
    106	  -0.10	   1.62	  0.002	1.00010							#	   0.13	  24.24	
    107	  -0.22	   1.73	  0.004	1.00009							#	   0.14	  24.60	
    108	  -0.13	   1.62	  0.003	1.00010							#	   0.13	  24.55	
    109	  -0.22	   1.60	  0.004	1.00008							#	   0.12	  23.99	
    110	  -0.34	   1.57	  0.005	1.00011							#	   0.13	  23.69	
    111	  -0.44	   1.61	  0.006	1.00009							#	   0.13	  23.89	
    112	  -0.51	   1.52	  0.005	1.00016							#	   0.13	  23.64	
    113	  -0.31	   1.65	  0.005	1.00011							#	   0.13	  24.49	
    114	  -0.33	   1.63	  0.003	1.00011							#	   0.13	  24.09	
    115	  -0.30	   1.51	  0.007	1.00011							#	   0.12	  23.99	
    116	  -0.35	   1.66	  0.004	1.00015							#	   0.13	  24.75	
    117	  -0.23	   1.70	  0.004	1.00009							#	   0.14	  26.16	
    118	  -0.15	   1.63	  0.003	1.00009							#	   0.13	  26.11	
    119	  -0.23	   1.70	  0.004	1.00011							#	   0.14	  26.11	
    120	  -0.17	   1.55	  0.005	1.00010							#	   0.14	  23.03	
    121	  -0.10	   1.71	  0.003	1.00010							#	   0.14	  25.91	
    122	  -0.14	   1.73	  0.002	1.00012							#	   0.14	  25.66	
    123	  -0.06	   1.83	  0.004	1.00008							#	   0.15	  26.16	
    124	  -0.01	   1.73	  0.004	1.00006							#	   0.14	  26.11	
    125	   0.02	   1.76	  0.004	1.00010							#	   0.14	  26.21	
    126	   0.11	   1.91	  0.003	1.00007							#	   0.16	  26.31	
    127	   0.06	   1.98	  0.003	1.00006							#	   0.17	  26.92	
    128	   0.13	   2.04	  0.003	1.00008							#	   0.18	  26.46	
    129	   0.34	   2.10	  0.004	1.00015							#	   0.20	  25.76	
    130	   0.37	   2.10	  0.006	1.00013							#	   0.20	  25.76	
    131	   0.48	   2.15	  0.006	1.00018							#	   0.21	  25.66	
    132	   0.74	   2.33	  0.006	1.00017							#	   0.23	  25.45	
    133	   0.75	   2.53	  0.007	1.00015							#	   0.26	  25.56	
    134	   0.82	   2.49	  0.005	1.00015							#	   0.26	  25.71	
    135	   0.98	   2.54	  0.006	1.00016							#	   0.26	  25.86	
    136	   0.93	   2.56	  0.006	1.00011							#	   0.25	  25.66	
    137	   1.17	   2.72	  0.005	1.00019							#	   0.30	  26.11	
    138	   1.31	   2.73	  0.007	1.00017							#	   0.29	  25.96	
    139	   1.28	   2.75	  0.006	1.00018							#	   0.31	  25.96	
    140	   1.37	   2.95	  0.006	1.00016							#	   0.35	  26.31	
    141	   1.37	   2.91	  0.007	1.00023							#	   0.36	  26.72	
    142	   1.53	   2.89	  0.007	1.00017							#	   0.37	  26.62	
    143	   1.63	   2.96	  0.006	1.00014							#	   0.37	  26.62	
    144	   1.76	   3.06	  0.006	1.00017							#	   0.39	  27.17	
    145	   1.87	   3.22	  0.009	1.00020							#	   0.43	  27.58	
    146	   1.88	   3.22	  0.007	1.00016							#	   0.43	  27.73	
    147	   1.95	   3.19	  0.008	1.00020							#	   0.42	  28.08	
    148	   2.12	   3.32	  0.007	1.00022							#	   0.45	  27.78	
    149	   2.19	   3.42	  0.009	1.00020							#	   0.49	  27.93	
    150	   2.28	   3.58	  0.007	1.00019							#	   0.56	  28.08	
    151	   2.35	   3.54	  0.007	1.00023							#	   0.56	  28.03	
    152	   2.41	   3.66	  0.009	1.00021							#	   0.59	  27.88	
    153	   2.52	   3.68	  0.008	1.00021							#	   0.58	  28.08	
    154	   2.53	   3.78	  0.007	1.00019							#	   0.59	  28.74	
    155	   2.54	   3.80	  0.008	1.00022							#	   0.59	  29.09	
    156	   2.77	   3.82	  0.007	1.00021							#	   0.58	  28.84	
    157	   2.77	   3.85	  0.008	1.00023							#	   0.61	  28.89	
    158	   2.73	   3.88	  0.007	1.00021							#	   0.60	  28.54	
    159	   2.95	   3.92	  0.007	1.00027							#	   0.66	  29.39	
    160	   3.03	   4.00	  0.009	1.00026							#	   0.71	  29.85	
    161	   3.16	   3.96	  0.007	1.00027							#	   0.74	  30.20	
    162	   3.18	   3.99	  0.007	1.00026							#	   0.73	  31.11	
    163	   3.16	   3.89	  0.007	1.00027							#	   0.68	  30.71	
    164	   3.22	   3.78	  0.008	1.00021							#	   0.65	  30.61	
    165	   3.09	   3.83	  0.007	1.00023							#	   0.66	  30.20	
    166	   3.04	   3.89	  0.007	1.00021							#	   0.69	  30.66	
    167	   3.04	   3.76	  0.008	1.00025							#	   0.64	  30.86	
    168	   3.01	   3.65	  0.007	1.00021							#	   0.61	  30.86	
    169	   2.96	   3.81	  0.007	1.00026							#	   0.65	  31.11	
    170	   2.90	   3.75	  0.006	1.00022							#	   0.60	  30.81	
    171	   2.88	   3.74	  0.007	1.00021							#	   0.58	  31.11	
    172	   2.85	   3.86	  0.006	1.00020							#	   0.62	  30.91	
    173	   2.81	   3.89	  0.006	1.00020							#	   0.61	  31.41	
    174	   2.84	   3.84	  0.006	1.00022							#	   0.63	  31.72	
    175	   2.82	   3.96	  0.005	1.00025							#	   0.69	  32.17	
    176	   2.77	   3.97	  0.007	1.00017							#	   0.70	  32.12	
    177	   2.93	   3.81	  0.006	1.00024							#	   0.72	  33.23	
    178	   2.79	   3.94	  0.006	1.00020							#	   0.74	  33.23	
    179	   2.82	   3.95	  0.006	1.00020							#	   0.73	  33.99	
    180	   2.82	   4.02	  0.006	1.00019							#	   0.73	  31.06	
    181	   2.77	   4.02	  0.006	1.00022							#	   0.75	  33.59	
    182	   2.76	   4.13	  0.007	1.00022							#	   0.78	  34.39	
    183	   2.70	   4.04	  0.006	1.00019							#	   0.78	  34.14	
    184	   2.65	   4.05	  0.006	1.00021							#	   0.75	  34.19	
    185	   2.73	   4.07	  0.007	1.00022							#	   0.76	  34.19	
    186	   2.76	   4.23	  0.007	1.00024							#	   0.74	  34.49	
    187	   2.77	   4.17	  0.007	1.00024							#	   0.71	  35.25	
    188	   2.78	   4.30	  0.008	1.00024							#	   0.74	  34.65	
    189	   2.80	   4.30	  0.008	1.00025							#	   0.76	  35.20	
    190	   2.84	   4.33	  0.007	1.00025							#	   0.83	  35.30	
    191	   2.82	   4.26	  0.008	1.00018							#	   0.78	  35.10	
    192	   2.86	   4.39	  0.007	1.00021							#	   0.83	  34.95	
    193	   2.74	   4.41	  0.009	1.00021							#	   0.83	  34.95	
    194	   2.65	   4.26	  0.007	1.00018							#	   0.77	  36.16	
    195	   2.79	   4.38	  0.008	1.00020							#	   0.79	  36.11	
    196	   2.54	   4.34	  0.008	1.00022							#	   0.78	  36.72	
    197	   2.56	   4.29	  0.006	1.00027							#	   0.85	  36.31	
    198	   2.94	   4.27	  0.007	1.00021							#	   0.80	  36.77	
    199	   3.03	   4.29	  0.008	1.00024							#	   0.87	  37.42	
    200	   2.85	   4.33	  0.007	1.00018							#	   0.79	  37.53	
    201	   2.95	   4.44	  0.007	1.00022							#	   0.81	  38.08	
    202	   2.89	   4.30	  0.007	1.00020							#	   0.77	  37.93	
    203	   3.07	   4.24	  0.006	1.00023							#	   0.79	  38.23	
    204	   2.85	   4.19	  0.005	1.00013							#	   0.77	  37.88	
    205	   3.07	   4.45	  0.005	1.00020							#	   0.88	  38.18	
    206	   3.11	   4.34	  0.005	1.00022							#	   0.79	  38.33	
    207	   3.16	   4.26	  0.005	1.00020							#	   0.80	  38.79	
    208	   3.21	   4.18	  0.004	1.00021							#	   0.83	  38.99	
    209	   3.32	   4.31	  0.005	1.00021							#	   0.85	  39.19	
    210	   3.31	   4.27	  0.004	1.00021							#	   0.85	  39.65	
    211	   3.39	   4.25	  0.004	1.00021							#	   0.92	  39.65	
    212	   3.31	   4.30	  0.005	1.00021							#	   0.83	  40.76	
    213	   3.48	   4.40	  0.005	1.00018							#	   0.87	  40.66	
    214	   3.30	   4.49	  0.005	1.00022							#	   0.89	  40.35	
    215	   3.80	   4.43	  0.005	1.00022							#	   0.88	  40.86	
    216	   3.96	   4.36	  0.004	1.00020							#	   0.90	  40.91	
    217	   3.76	   4.42	  0.006	1.00017							#	   0.89	  40.76	
    218	   3.76	   4.45	  0.005	1.00019							#	   0.90	  40.81	
    219	   3.89	   4.52	  0.005	1.00020							#	   0.97	  41.36	
    220	   4.13	   4.51	  0.005	1.00019							#	   0.93	  40.96	
    221	   4.05	   4.60	  0.004	1.00015							#	   0.91	  40.76	
    222	   4.17	   4.56	  0.003	1.00019							#	   0.92	  40.91	
    223	   4.18	   4.62	  0.004	1.00018							#	   0.96	  41.26	
    224	   4.19	   4.58	  0.005	1.00020							#	   0.94	  41.31	
    225	   4.34	   4.50	  0.004	1.00018							#	   1.00	  41.77	
    226	   4.36	   4.55	  0.004	1.00018							#	   1.01	  41.31	
    227	   4.36	   4.72	  0.005	1.00020							#	   0.99	  42.07	
    228	   4.44	   4.64	  0.003	1.00017							#	   0.98	  41.77	
    229	   4.44	   4.70	  0.004	1.00018							#	   0.98	  42.12	
    230	   4.48	   4.57	  0.002	1.00017							#	   0.98	  42.07	
    231	   4.57	   4.65	  0.004	1.00018							#	   0.98	  42.12	
    232	   4.64	   4.62	  0.003	1.00016							#	   0.97	  41.97	
    233	   4.61	   4.78	  0.003	1.00015							#	   1.04	  41.06	
    234	   4.64	   4.67	  0.003	1.00016							#	   0.93	  41.36	
    235	   4.69	   4.62	  0.002	1.00010							#	   0.98	  40.96	
    236	   4.74	   4.75	  0.003	1.00014							#	   1.06	  41.41	
    237	   4.59	   4.64	  0.002	1.00014							#	   0.96	  42.47	
    238	   4.76	   4.72	  0.002	1.00015							#	   1.08	  43.54	
    239	   4.76	   4.69	  0.002	1.00016							#	   1.03	  43.64	
    240	   4.85	   4.69	  0.002	1.00016							#	   1.08	  41.46	
    241	   4.76	   4.54	  0.002	1.00011							#	   1.01	  43.64	
    242	   4.68	   4.59	  0.003	1.00011							#	   1.01	  43.94	
    243	   4.83	   4.63	  0.001	1.00012							#	   0.99	  44.65	
    244	   4.63	   4.63	  0.002	1.00014							#	   0.98	  44.44	
    245	   4.74	   4.72	  0.002	1.00015							#	   0.97	  43.69	
    246	   4.80	   4.52	  0.002	1.00011							#	   0.97	  44.39	
    247	   4.56	   4.56	  0.003	1.00012							#	   0.95	  44.09	
    248	   4.67	   4.45	  0.000	1.00009							#	   0.94	  44.04	
    249	   4.69	   4.55	  0.002	1.00013							#	   1.03	  43.99	
    250	   4.58	   4.38	  0.001	1.00007							#	   0.97	  44.09	
    251	   4.68	   4.55	  0.003	1.00001							#	   1.04	  44.60	
    252	   4.76	   4.23	  0.002	1.00008							#	   0.99	  45.76	
    253	   4.72	   4.25	  0.001	1.00010							#	   1.01	  46.26	
    254	   4.63	   4.15	  0.002	1.00008							#	   1.02	  46.41	
    255	   4.52	   4.16	  0.002	1.00008							#	   0.99	  46.97	
    256	   4.47	   4.15	  0.002	1.00006							#	   0.94	  47.42	
    257	   4.52	   3.98	  0.002	1.00009							#	   0.89	  46.57	
    258	   4.81	   3.81	  0.001	1.00017							#	   0.90	  47.78	
    259	   4.64	   3.86	  0.001	1.00011							#	   0.87	  47.73	
    260	   4.60	   3.77	  0.002	1.00012							#	   0.84	  47.58	
    261	   4.60	   3.73	  0.002	1.00016							#	   0.85	  47.17	
    262	   4.70	   3.79	  0.002	1.00012							#	   0.89	  48.08	
    263	   4.70	   3.60	  0.001	1.00010							#	   0.86	  46.67	
    264	   4.69	   3.80	  0.003	1.00010							#	   0.93	  48.08	
    265	   4.66	   3.73	  0.001	1.00010							#	   0.91	  47.93	
    266	   4.80	   3.62	  0.001	1.00007							#	   0.96	  47.78	
    267	   4.87	   3.62	  0.001	1.00010							#	   0.92	  48.33	
    268	   4.92	   3.45	  0.001	1.00007							#	   0.92	  49.65	
    269	   4.98	   3.50	  0.001	1.00006							#	   0.92	  49.09	
    270	   5.04	   3.34	  0.002	1.00008							#	   0.88	  49.75	
    271	   5.14	   3.42	  0.002	1.00008							#	   0.94	  49.90	
    272	   5.16	   3.33	  0.001	1.00006							#	   0.93	  49.90	
    273	   5.20	   3.28	  0.001	1.00010							#	   0.93	  50.00	
    274	   5.08	   3.36	 -0.001	1.00005							#	   0.92	  49.95	
    275	   5.30	   3.25	  0.001	1.00007							#	   0.91	  50.00	
    276	   5.29	   3.15	 -0.001	1.00010							#	   0.90	  50.10	
    277	   5.34	   3.17	 -0.000	1.00005							#	   0.95	  49.80	
    278	   5.40	   3.09	  0.000	1.00007							#	   0.90	  50.10	
    279	   5.36	   3.02	 -0.001	1.00010							#	   0.92	  50.81	
    280	   5.35	   3.08	 -0.000	1.00005							#	   0.91	  50.30	
    281	   5.45	   3.07	 -0.001	1.00004							#	   0.93	  49.80	
    282	   5.48	   2.92	  0.000	1.00009							#	   0.87	  50.56	
    283	   5.50	   3.00	 -0.002	1.00006							#	   0.92	  50.51	
    284	   5.66	   2.88	 -0.000	1.00011							#	   0.92	  50.81	
    285	   5.59	   2.84	  0.001	1.00008							#	   0.90	  51.57	
    286	   5.49	   2.65	 -0.001	1.00014							#	   0.84	  49.75	
    287	   5.59	   2.76	  0.001	1.00012							#	   0.90	  51.31	
    288	   5.57	   2.76	 -0.000	1.00013							#	   0.92	  51.26	
    289	   5.62	   2.69	 -0.002	1.00015							#	   0.92	  52.47	
    290	   5.59	   2.72	 -0.000	1.00013							#	   0.94	  51.67	
    291	   5.59	   2.67	 -0.000	1.00014							#	   0.90	  51.77	
    292	   5.61	   2.69	 -0.002	1.00012							#	   0.93	  51.11	
    293	   5.57	   2.58	 -0.000	1.00007							#	   0.89	  53.33	
    294	   5.47	   2.59	 -0.001	1.00012							#	   0.88	  51.77	
    295	   5.93	   2.71	 -0.001	1.00018							#	   1.04	  52.68	
    296	   5.86	   2.64	 -0.002	1.00014							#	   0.84	  52.07	
    297	   5.77	   2.54	 -0.002	1.00010							#	   0.87	  52.93	
    298	   5.91	   2.56	 -0.001	1.00009							#	   0.91	  53.43	
    299	   5.82	   2.43	 -0.001	0.99994							#	   0.85	  51.67	
    300	   5.75	   2.42	 -0.002	0.99992							#	   0.88	  47.93	
    301	   5.82	   2.46	 -0.000	0.99993							#	   0.94	  50.00	
    302	   5.85	   2.29	 -0.000	0.99995							#	   0.89	  50.61	
    303	   5.82	   2.21	 -0.001	1.00000							#	   0.87	  50.96	
    304	   5.81	   2.10	 -0.001	0.99999							#	   0.87	  51.72	
    305	   5.74	   2.07	 -0.002	1.00002							#	   0.84	  52.58	
    306	   5.78	   2.10	 -0.000	1.00003							#	   0.85	  54.04	
    307	   5.75	   1.92	 -0.001	1.00006							#	   0.79	  54.34	
    308	   5.82	   1.92	 -0.000	1.00007							#	   0.83	  53.94	
    309	   5.82	   1.82	 -0.001	1.00012							#	   0.84	  54.80	
    310	   5.74	   1.82	 -0.000	1.00008							#	   0.83	  53.89	
    311	   5.67	   1.80	 -0.001	1.00009							#	   0.81	  54.34	
    312	   5.76	   1.79	  0.000	1.00012							#	   0.87	  54.80	
    313	   5.58	   1.63	 -0.001	1.00004							#	   0.78	  53.94	
    314	   5.83	   1.58	 -0.000	1.00005							#	   0.86	  55.30	
    315	   5.74	   1.58	 -0.002	1.00004							#	   0.85	  54.39	
    316	   5.63	   1.54	  0.000	1.00000							#	   0.82	  55.15	
    317	   5.63	   1.47	 -0.000	1.00005							#	   0.81	  54.85	
    318	   5.63	   1.47	 -0.001	0.99999							#	   0.81	  56.31	
    319	   5.60	   1.48	 -0.001	1.00001							#	   0.79	  56.16	
    320	   5.68	   1.37	 -0.001	1.00002							#	   0.79	  54.95	
    321	   5.70	   1.47	 -0.000	1.00002							#	   0.81	  55.51	
    322	   5.58	   1.34	 -0.001	1.00000							#	   0.80	  56.06	
    323	   5.48	   1.38	 -0.000	1.00000							#	   0.79	  57.02	
    324	   5.66	   1.44	 -0.001	1.00004							#	   0.86	  56.11	
    325	   5.64	   1.45	  0.000	0.99998							#	   0.85	  57.17	
    326	   5.66	   1.40	 -0.001	0.99999							#	   0.86	  56.87	
    327	   5.56	   1.39	 -0.001	0.99997							#	   0.84	  57.27	
    328	   5.50	   1.39	 -0.001	0.99997							#	   0.85	  56.87	
    329	   5.86	   1.38	 -0.001	1.00003							#	   0.89	  56.11	
    330	   5.84	   1.39	 -0.001	0.99999							#	   0.84	  56.57	
    331	   5.86	   1.42	  0.000	1.00002							#	   0.82	  56.16	
    332	   5.78	   1.41	 -0.000	0.99998							#	   0.81	  55.15	
    333	   5.90	   1.36	  0.001	1.00002							#	   0.83	  55.96	
    334	   5.89	   1.41	 -0.001	0.99999							#	   0.82	  55.05	
    335	   5.99	   1.34	  0.001	0.99999							#	   0.88	  56.77	
    336	   6.04	   1.39	 -0.000	1.00001							#	   0.88	  55.30	
    337	   6.26	   1.29	  0.000	1.00001							#	   0.93	  57.02	
    338	   6.23	   1.35	  0.001	1.00000							#	   0.91	  56.26	
    339	   6.39	   1.47	  0.003	1.00003							#	   0.95	  56.46	
    340	   6.49	   1.38	 -0.001	0.99997							#	   0.91	  57.17	
    341	   6.53	   1.53	  0.002	0.99995							#	   0.93	  55.00	
    342	   6.59	   1.59	 -0.000	0.99997							#	   0.93	  54.39	
    343	   6.89	   1.36	  0.000	0.99996							#	   0.95	  55.76	
    344	   6.68	   1.57	  0.003	0.99976							#	   0.94	  49.19	
    345	   6.82	   1.41	  0.002	0.99975							#	   0.99	  50.25	
    346	   6.91	   1.37	  0.000	0.99972							#	   0.99	  49.04	
    347	   6.96	   1.43	  0.002	0.99972							#	   1.00	  49.60	
    348	   7.13	   1.40	  0.002	0.99968							#	   1.06	  47.58	
    349	   7.15	   1.34	  0.002	0.99964							#	   0.98	  47.37	
    350	   7.29	   1.35	  0.003	0.99963							#	   1.02	  47.42	
    351	   7.20	   1.36	  0.002	0.99962							#	   1.01	  47.37	
    352	   7.19	   1.24	  0.003	0.99964							#	   0.96	  46.36	
    353	   7.33	   1.22	  0.004	0.99969							#	   0.97	  46.82	
    354	   7.34	   1.31	  0.003	0.99961							#	   1.03	  46.82	
    355	   7.41	   1.38	  0.003	0.99962							#	   1.05	  47.02	
    356	   7.50	   1.27	  0.004	0.99963							#	   1.06	  45.91	
    357	   7.32	   1.30	  0.004	0.99958							#	   1.01	  45.30	
    358	   7.57	   1.25	  0.004	0.99969							#	   1.06	  46.26	
    359	   7.65	   1.16	  0.005	0.99964							#	   1.02	  45.91	
    360	   7.67	   0.98	  0.006	0.99979							#	   1.01	  45.40	
    361	   7.42	   1.19	  0.005	0.99959							#	   0.94	  45.61	
    362	   7.53	   1.05	  0.007	0.99970							#	   0.98	  45.96	
    363	   7.44	   1.03	  0.005	0.99958							#	   1.00	  46.67	
    364	   7.31	   0.99	  0.006	0.99960							#	   1.03	  46.57	
    365	   7.43	   0.68	  0.004	0.99960							#	   1.00	  47.93	
    366	   7.52	   0.69	  0.006	0.99961							#	   1.02	  47.83	
    367	   7.37	   0.61	  0.004	0.99955							#	   0.97	  47.58	
    368	   7.29	   0.58	  0.004	0.99954							#	   0.90	  47.27	
    369	   7.29	   0.50	  0.003	0.99953							#	   0.89	  46.77	
    370	   7.17	   0.42	  0.002	0.99955							#	   0.89	  48.23	
    371	   7.13	   0.34	  0.002	0.99957							#	   0.89	  48.99	
    372	   7.30	   0.37	  0.001	0.99957							#	   1.00	  48.28	
    373	   7.27	   0.37	  0.001	0.99957							#	   0.94	  48.59	
    374	   7.25	   0.37	  0.002	0.99959							#	   0.98	  49.04	
    375	   7.29	   0.21	  0.003	0.99962							#	   0.95	  49.24	
    376	   7.20	   0.29	  0.002	0.99959							#	   0.92	  48.94	
    377	   7.17	   0.29	  0.001	0.99956							#	   0.87	  48.28	
    378	   7.30	   0.38	  0.001	0.99955							#	   0.90	  47.98	
    379	   7.43	   0.39	  0.003	0.99954							#	   0.98	  47.68	
    380	   7.33	   0.36	  0.002	0.99951							#	   0.94	  47.53	
    381	   7.30	   0.23	  0.002	0.99956							#	   0.98	  48.69	
    382	   7.38	   0.33	  0.001	0.99956							#	   1.02	  48.64	
    383	   7.48	   0.33	  0.001	0.99954							#	   0.97	  47.88	
    384	   7.34	   0.39	  0.001	0.99951							#	   0.96	  47.53	
    385	   7.44	   0.41	  0.001	0.99954							#	   0.90	  48.84	
    386	   7.35	   0.43	  0.000	0.99953							#	   0.88	  47.73	
    387	   7.33	   0.35	 -0.001	0.99952							#	   0.90	  48.48	
    388	   7.30	   0.36	 -0.001	0.99949							#	   0.91	  48.43	
    389	   7.42	   0.44	  0.001	0.99950							#	   1.01	  46.77	
    390	   7.37	   0.56	  0.001	0.99948							#	   0.96	  46.97	
    391	   7.32	   0.43	 -0.002	0.99945							#	   0.97	  46.67	
    392	   7.29	   0.47	 -0.001	0.99945							#	   0.90	  47.32	
    393	   7.24	   0.44	 -0.001	0.99945							#	   0.91	  47.22	
    394	   7.30	   0.48	 -0.002	0.99952							#	   0.93	  47.58	
    395	   7.22	   0.44	  0.000	0.99949							#	   0.92	  47.78	
    396	   7.24	   0.38	 -0.002	0.99952							#	   0.95	  47.78	
    397	   7.22	   0.50	 -0.002	0.99947							#	   1.02	  46.92	
    398	   7.24	   0.39	 -0.003	0.99950							#	   0.98	  48.74	
    399	   7.28	   0.39	 -0.002	0.99951							#	   1.00	  49.24	
    400	   7.20	   0.44	 -0.002	0.99943							#	   0.97	  47.22	
    401	   7.18	   0.49	 -0.003	0.99944							#	   0.98	  47.27	
    402	   7.20	   0.45	 -0.003	0.99946							#	   0.98	  48.13	
    403	   7.13	   0.45	 -0.004	0.99949							#	   0.91	  47.78	
    404	   7.29	   0.39	 -0.004	0.99957							#	   0.94	  50.10	
    405	   7.34	   0.47	 -0.005	0.99958							#	   0.97	  49.80	
    406	   7.31	   0.57	 -0.004	0.99953							#	   1.03	  48.79	
    407	   7.39	   0.63	 -0.003	0.99951							#	   0.98	  49.04	
    408	   7.24	   0.55	 -0.003	0.99945							#	   0.96	  47.63	
    409	   7.37	   0.39	 -0.004	0.99954							#	   0.99	  51.41	
    410	   7.25	   0.53	 -0.005	0.99957							#	   1.00	  51.67	
    411	   7.46	   0.53	 -0.005	0.99960							#	   0.98	  51.92	
    412	   7.55	   0.56	 -0.004	0.99962							#	   1.02	  52.58	
    413	   7.39	   0.59	 -0.005	0.99960							#	   1.04	  51.46	
    414	   7.50	   0.59	 -0.005	0.99964							#	   1.04	  53.08	
    415	   7.61	   0.62	 -0.004	0.99962							#	   1.01	  51.87	
    416	   7.49	   0.76	 -0.002	0.99957							#	   1.03	  50.71	
    417	   7.51	   0.65	 -0.005	0.99953							#	   1.03	  49.80	
    418	   7.43	   0.70	 -0.004	0.99960							#	   1.02	  51.16	
    419	   7.55	   0.73	 -0.004	0.99960							#	   1.01	  51.82	
    420	   7.52	   0.70	 -0.004	0.99960							#	   0.99	  48.64	
    421	   7.51	   0.80	 -0.003	0.99973							#	   1.04	  51.06	
    422	   7.45	   0.76	 -0.004	0.99968							#	   0.94	  51.11	
    423	   7.55	   0.81	 -0.003	0.99970							#	   1.00	  50.96	
    424	   7.34	   0.80	 -0.004	0.99963							#	   0.98	  51.21	
    425	   7.39	   0.79	 -0.004	0.99966							#	   1.01	  50.66	
    426	   7.34	   0.78	 -0.005	0.99967							#	   0.95	  51.52	
    427	   7.24	   0.78	 -0.004	0.99961							#	   0.90	  50.76	
    428	   7.16	   0.77	 -0.005	0.99968							#	   0.90	  51.31	
    429	   7.29	   0.88	 -0.004	0.99967							#	   0.94	  51.52	
    430	   7.24	   0.87	 -0.004	0.99964							#	   0.91	  51.82	
    431	   7.25	   0.79	 -0.004	0.99961							#	   0.91	  51.06	
    432	   7.18	   0.83	 -0.003	0.99966							#	   0.93	  51.57	
    433	   7.28	   0.82	 -0.005	0.99963							#	   0.99	  50.76	
    434	   7.16	   0.79	 -0.004	0.99964							#	   0.87	  50.56	
    435	   7.28	   0.71	 -0.006	0.99963							#	   0.87	  51.31	
    436	   7.22	   0.70	 -0.005	0.99964							#	   0.91	  50.25	
    437	   7.19	   0.64	 -0.007	0.99961							#	   0.89	  49.55	
    438	   7.33	   0.74	 -0.005	0.99966							#	   0.88	  51.16	
    439	   7.25	   0.69	 -0.006	0.99961							#	   0.91	  51.06	
    440	   7.31	   0.65	 -0.007	0.99962							#	   0.90	  50.30	
    441	   7.22	   0.65	 -0.007	0.99958							#	   0.94	  49.70	
    442	   7.40	   0.69	 -0.007	0.99957							#	   0.95	  50.30	
    443	   7.35	   0.58	 -0.006	0.99955							#	   0.90	  48.89	
    444	   7.28	   0.51	 -0.006	0.99959							#	   0.95	  49.70	
    445	   7.20	   0.49	 -0.006	0.99959							#	   0.96	  48.94	
    446	   7.23	   0.58	 -0.008	0.99958							#	   0.92	  48.99	
    447	   7.26	   0.61	 -0.007	0.99960							#	   0.96	  49.24	
    448	   7.18	   0.58	 -0.006	0.99959							#	   0.95	  48.99	
    449	   7.25	   0.56	 -0.005	0.99961							#	   1.00	  49.09	
    450	   7.25	   0.67	 -0.005	0.99957							#	   0.94	  48.99	
    451	   7.26	   0.52	 -0.007	0.99954							#	   0.95	  47.78	
    452	   7.24	   0.65	 -0.005	0.99958							#	   0.96	  48.74	
    453	   7.34	   0.67	 -0.006	0.99964							#	   1.03	  48.03	
    454	   7.32	   0.60	 -0.006	0.99960							#	   1.03	  47.58	
    455	   7.43	   0.48	 -0.007	0.99961							#	   1.05	  47.83	
    456	   7.49	   0.62	 -0.007	0.99957							#	   1.06	  47.68	
    457	   7.54	   0.65	 -0.006	0.99954							#	   1.03	  47.63	
    458	   7.66	   0.60	 -0.007	0.99953							#	   1.00	  47.22	
    459	   7.83	   0.69	 -0.005	0.99957							#	   1.02	  48.28	
    460	   7.81	   0.75	 -0.004	0.99954							#	   1.08	  47.37	
    461	   7.94	   0.67	 -0.006	0.99961							#	   1.10	  46.57	
    462	   8.03	   0.59	 -0.006	0.99964							#	   1.13	  47.02	
    463	   8.09	   0.66	 -0.002	0.99961							#	   1.10	  47.68	
    464	   7.99	   0.48	 -0.008	0.99951							#	   1.06	  45.05	
    465	   8.18	   0.50	 -0.001	1.00015							#	   1.02	  44.85	
    466	   8.26	   0.32	 -0.006	0.99991							#	   0.98	  41.92	
    467	   8.09	   0.37	 -0.001	1.00052							#	   1.12	  41.97	
    468	   8.33	   0.29	 -0.006	1.00054							#	   1.15	  43.18	
    469	   8.38	   0.51	 -0.002	1.00048							#	   1.22	  42.88	
    470	   8.49	   0.40	 -0.007	1.00056							#	   1.17	  42.47	
    471	   8.64	   0.55	 -0.004	1.00038							#	   1.16	  41.67	
    472	   8.75	   0.43	 -0.005	1.00047							#	   1.13	  41.92	
    473	   8.79	   0.44	 -0.003	1.00048							#	   1.20	  40.76	
    474	   9.06	   0.44	 -0.006	1.00055							#	   1.27	  41.52	
    475	   9.09	   0.59	 -0.001	1.00048							#	   1.35	  42.17	
    476	   9.18	   0.63	 -0.004	1.00052							#	   1.28	  41.26	
    477	   9.19	   0.62	 -0.003	1.00050							#	   1.26	  42.88	
    478	   9.28	   0.57	 -0.004	1.00049							#	   1.29	  40.45	
    479	   9.24	   0.65	 -0.004	1.00055							#	   1.22	  41.82	
    480	   9.44	   0.69	 -0.002	1.00047							#	   1.24	  38.79	
    481	   9.68	   0.79	 -0.003	1.00026							#	   1.37	  39.95	
    482	   9.59	   0.78	 -0.001	1.00031							#	   1.34	  39.55	
    483	   9.65	   0.86	 -0.001	1.00027							#	   1.32	  40.35	
    484	   9.61	   0.84	 -0.000	1.00029							#	   1.30	  40.86	
    485	   9.70	   0.88	  0.000	1.00028							#	   1.27	  40.61	
    486	   9.56	   0.84	 -0.000	1.00025							#	   1.17	  39.75	
    487	   9.53	   0.86	 -0.000	1.00026							#	   1.29	  41.16	
    488	   9.51	   0.81	 -0.001	1.00025							#	   1.39	  39.55	
    489	   9.68	   0.64	  0.001	1.00032							#	   1.28	  40.86	
    490	   9.47	   0.87	  0.000	1.00024							#	   1.31	  40.96	
    491	   9.58	   0.83	  0.001	1.00025							#	   1.29	  41.87	
    492	   9.54	   0.79	 -0.001	1.00020							#	   1.29	  39.55	
    493	   9.41	   0.65	  0.002	1.00015							#	   1.17	  40.56	
    494	   9.47	   0.74	 -0.001	1.00026							#	   1.35	  41.26	
    495	   9.39	   0.64	 -0.001	1.00047							#	   1.29	  41.92	
    496	   9.47	   0.71	 -0.001	1.00036							#	   1.42	  43.43	
    497	   9.52	   0.76	  0.001	1.00029							#	   1.29	  42.12	
    498	   9.33	   0.55	 -0.001	1.00057							#	   1.25	  41.72	
    499	   9.37	   0.52	 -0.000	1.00052							#	   1.23	  40.76	
    500	   9.48	   0.61	 -0.003	1.00052							#	   1.38	  42.12	
    501	   9.50	   0.55	 -0.000	1.00045							#	   1.34	  42.63	
    502	   9.72	   0.60	  0.000	1.00026							#	   1.43	  42.63	
    503	   9.70	   0.47	 -0.001	1.00020							#	   1.32	  42.88	
    504	   9.67	   0.45	 -0.002	1.00011							#	   1.22	  42.22	
    505	   9.81	   0.43	  0.000	1.00025							#	   1.26	  43.38	
    506	   9.73	   0.56	 -0.002	1.00005							#	   1.43	  40.25	
    507	   9.73	   0.53	 -0.001	1.00004							#	   1.33	  41.82	
    508	   9.77	   0.54	 -0.002	1.00001							#	   1.36	  41.67	
    509	   9.74	   0.55	 -0.002	1.00004							#	   1.40	  41.01	
    510	   9.69	   0.54	 -0.000	0.99998							#	   1.30	  41.31	
    511	   9.72	   0.40	 -0.001	1.00001							#	   1.32	  41.77	
    512	   9.73	   0.34	 -0.003	0.99982							#	   1.53	  42.98	
    513	   9.79	   0.45	 -0.001	0.99992							#	   1.41	  42.02	
    514	   9.78	   0.31	 -0.001	0.99993							#	   1.28	  43.08	
    515	   9.86	   0.21	 -0.001	1.00004							#	   1.30	  43.03	
    516	   9.73	   0.17	 -0.001	1.00004							#	   1.26	  42.42	
    517	   9.75	   0.20	 -0.001	0.99998							#	   1.26	  44.55	
    518	   9.67	   0.01	  0.001	1.00004							#	   1.48	  43.38	
    519	   9.68	  -0.05	 -0.002	1.00013							#	   1.40	  43.94	
    520	   9.90	   0.04	  0.000	1.00001							#	   1.41	  42.47	
    521	   9.75	  -0.19	 -0.001	1.00021							#	   1.35	  44.70	
    522	   9.71	  -0.06	  0.001	1.00011							#	   1.30	  42.88	
    523	   9.86	  -0.25	 -0.001	1.00009							#	   1.38	  41.82	
    524	   9.88	  -0.50	 -0.002	1.00032							#	   1.61	  43.74	
    525	   9.75	  -0.66	  0.000	1.00033							#	   1.41	  43.43	
    526	   9.91	  -0.84	 -0.002	1.00033							#	   1.49	  44.95	
    527	   9.96	  -0.84	 -0.000	1.00009							#	   1.38	  43.43	
    528	   9.88	  -0.97	 -0.000	1.00019							#	   1.18	  43.94	
    529	   9.94	  -0.89	 -0.003	1.00010							#	   1.32	  42.22	
    530	   9.95	  -1.09	  0.000	1.00009							#	   1.52	  42.37	
    531	   9.91	  -1.12	 -0.000	1.00016							#	   1.45	  41.46	
    532	   9.88	  -1.21	 -0.003	1.00007							#	   1.53	  40.76	
    533	  10.05	  -1.22	 -0.002	1.00011							#	   1.47	  41.57	
    534	   9.97	  -1.28	  0.001	1.00007							#	   1.18	  40.05	
    535	   9.88	  -1.09	  0.001	0.99939							#	   1.29	  35.05	
    536	   9.71	  -1.15	 -0.006	0.99914							#	   1.39	  33.94	
    537	  10.17	  -1.22	 -0.001	0.99975							#	   1.62	  37.63	
    538	  10.09	  -1.21	  0.006	0.99983							#	   1.59	  34.29	
    539	  10.33	  -1.20	  0.003	0.99989							#	   1.44	  36.87	
    540	  10.42	  -1.25	  0.004	0.99983							#	   1.26	  32.73	
    541	  10.45	  -1.20	  0.007	0.99978							#	   1.28	  32.98	
    542	  10.27	  -1.30	 -0.001	0.99911							#	   1.35	  31.16	
    543	  10.39	  -1.15	  0.010	0.99928							#	   1.69	  33.28	
    544	  10.38	  -1.24	 -0.001	0.99906							#	   1.56	  30.40	
    545	  10.57	  -0.99	  0.009	0.99936							#	   1.43	  31.77	
    546	  10.82	  -1.28	 -0.000	0.99982							#	   1.27	  30.35	
    547	  10.60	  -1.05	  0.016	0.99970							#	   1.17	  31.67	
    548	  10.61	  -1.11	  0.003	0.99916							#	   1.47	  30.91	
    549	  10.72	  -1.06	  0.017	0.99943							#	   1.74	  33.13	
    550	  10.74	  -1.31	  0.003	0.99931							#	   1.51	  31.67	
    551	  10.76	  -1.09	  0.016	0.99941							#	   1.40	  32.73	
    552	  10.80	  -1.26	  0.005	0.99932							#	   1.22	  30.56	
    553	  10.76	  -0.95	  0.016	0.99925							#	   1.26	  34.65	
    554	  11.01	  -1.14	  0.013	0.99946							#	   1.59	  33.08	
    555	  10.95	  -0.97	  0.025	0.99950							#	   1.75	  32.63	
    556	  11.11	  -1.02	  0.009	0.99938							#	   1.44	  33.23	
    557	  11.10	  -0.78	  0.025	0.99929							#	   1.31	  33.08	
    558	  11.42	  -1.14	  0.012	1.00052							#	   1.24	  38.08	
    559	  11.38	  -1.12	  0.021	1.00046							#	   1.42	  35.20	
    560	   8.86	  -0.71	 -0.005	0.99991							#	   1.03	  40.05	
    561	   8.84	  -0.43	  0.012	0.99977							#	   1.21	  40.45	
    562	   8.70	  -0.78	 -0.004	0.99995							#	   1.10	  41.01	
    563	   9.40	  -0.69	  0.010	1.00005							#	   1.11	  39.75	
    564	   9.29	  -0.68	 -0.005	0.99974							#	   1.08	  37.78	
    565	   9.54	  -0.55	  0.009	1.00005							#	   1.34	  38.89	
    566	   9.52	  -0.54	  0.001	0.99985							#	   1.37	  40.45	
    567	   9.63	  -0.40	  0.011	0.99976							#	   1.73	  38.64	
    568	   9.97	  -0.55	  0.001	0.99969							#	   1.52	  37.12	
    569	   9.95	  -0.23	  0.015	0.99973							#	   1.45	  36.16	
    570	  10.27	  -0.42	  0.002	0.99950							#	   1.41	  35.66	
    571	  10.43	  -0.33	  0.012	0.99963							#	   1.25	  37.68	
    572	  10.75	  -0.47	  0.004	0.99986							#	   1.42	  38.48	
    573	  10.68	  -0.35	  0.011	0.99984							#	   1.56	  37.17	
    574	  10.90	  -0.40	  0.005	0.99972							#	   1.57	  36.87	
    575	  10.71	  -0.14	  0.014	0.99962							#	   1.37	  37.42	
    576	  10.92	  -0.35	  0.003	0.99978							#	   1.25	  37.37	
    577	  10.76	  -0.07	  0.012	0.99969							#	   1.24	  33.08	
    578	  10.72	  -0.16	  0.000	0.99956							#	   1.22	  34.19	
    579	  10.50	   0.02	  0.015	0.99949							#	   1.36	  35.81	
    580	  10.86	  -0.15	  0.004	0.99972							#	   1.43	  35.91	
    581	  10.54	   0.09	  0.013	0.99973							#	   1.30	  36.26	
    582	  10.82	   0.02	  0.007	0.99998							#	   1.29	  36.82	
    583	  10.73	   0.08	  0.012	0.99997							#	   1.15	  34.55	
    584	  10.97	   0.04	  0.004	0.99993							#	   1.21	  37.32	
    585	  10.75	   0.15	  0.016	0.99984							#	   1.43	  35.00	
    586	  10.85	   0.25	  0.007	0.99983							#	   1.35	  36.41	
    587	  10.62	   0.32	  0.014	0.99966							#	   1.39	  35.81	
    588	  10.80	   0.15	  0.007	0.99982							#	   1.23	  36.57	
    589	  10.72	   0.16	  0.015	0.99999							#	   1.20	  32.07	
    590	  10.87	   0.14	 -0.002	0.99990							#	   1.32	  35.05	
    591	  10.62	   0.29	  0.015	0.99982							#	   1.53	  35.30	
    592	  10.80	   0.32	  0.006	0.99975							#	   1.43	  37.73	
    593	  10.45	   0.30	  0.013	0.99989							#	   1.34	  36.31	
    594	  10.51	   0.08	  0.003	0.99986							#	   1.15	  37.07	
    595	  10.32	   0.07	  0.011	0.99987							#	   1.15	  37.93	
    596	  10.59	   0.09	  0.004	0.99992							#	   1.47	  38.84	
    597	  10.17	   0.12	  0.006	0.99991							#	   1.53	  30.35	
    598	  10.36	  -0.01	 -0.004	0.99995							#	   1.44	  38.13	
    599	   9.93	   0.07	  0.005	1.00007							#	   1.19	  30.91	
    600	  10.79	  -0.14	 -0.000	1.00006							#	   1.19	  36.11	
    601	  10.62	   0.16	  0.017	0.99965							#	   1.40	  33.69	
    602	  11.48	   0.08	  0.005	0.99977							#	   2.02	  34.60	
    603	  11.66	   0.05	  0.012	1.00020							#	   1.41	  33.89	
    604	  11.97	   0.12	  0.007	1.00004							#	   1.43	  38.03	
    605	  11.82	   0.04	  0.014	1.00004							#	   1.35	  33.48	
    606	  12.28	   0.07	  0.007	0.99995							#	   1.84	  39.24	
    607	  11.98	   0.07	  0.016	1.00006							#	   1.46	  35.51	
    608	  12.17	  -0.03	  0.005	0.99990							#	   1.53	  37.17	
    609	  11.90	   0.01	  0.013	1.00014							#	   1.37	  32.63	
    610	  12.16	  -0.18	  0.004	1.00001							#	   1.48	  39.44	
    611	  11.70	  -0.05	  0.020	0.99983							#	   1.80	  33.89	
    612	  12.04	  -0.32	  0.006	1.00005							#	   1.28	  40.00	
    613	  11.65	  -0.44	  0.010	1.00016							#	   1.30	  32.68	
    614	  11.88	  -0.56	  0.003	1.00001							#	   1.20	  40.05	
    615	  11.37	  -0.47	  0.011	0.99984							#	   1.57	  30.05	
    616	  11.78	  -0.50	  0.002	1.00008							#	   1.65	  39.85	
    617	  11.36	  -0.59	  0.008	1.00000							#	   1.27	  34.39	
    618	  11.56	  -0.62	  0.003	1.00009							#	   1.20	  39.95	
    619	  10.97	  -0.52	  0.015	1.00000							#	   1.08	  34.60	
    620	  11.39	  -0.77	  0.001	0.99988							#	   1.48	  37.17	
    621	  11.21	  -0.72	  0.005	1.00015							#	   1.60	  33.28	
    622	  11.08	  -0.89	  0.001	1.00064							#	   1.33	  37.42	
    623	  10.90	  -0.89	  0.003	1.00065							#	   1.16	  32.37	
    624	  10.92	  -1.05	 -0.001	1.00085							#	   1.09	  35.20	
    625	  10.45	  -1.09	  0.003	1.00097							#	   1.24	  31.87	
    626	  11.01	  -0.97	  0.000	1.00054							#	   1.56	  38.43	
    627	  10.37	  -1.08	  0.001	1.00098							#	   1.35	  31.21	
    628	  10.60	  -1.08	 -0.004	1.00085							#	   1.22	  33.89	
    629	  10.21	  -1.26	  0.003	1.00100							#	   1.16	  32.88	
    630	  10.36	  -1.26	 -0.001	1.00085							#	   1.05	  33.89	
    631	  10.18	  -1.26	 -0.001	1.00099							#	   1.47	  28.99	
    632	  10.52	  -1.27	 -0.003	1.00089							#	   1.28	  31.87	
    633	  10.15	  -1.28	  0.001	1.00097							#	   1.36	  30.10	
    634	  10.26	  -1.14	 -0.005	1.00103							#	   1.25	  30.86	
    635	  10.25	  -1.33	  0.005	1.00105							#	   1.37	  32.42	
    636	  10.54	  -1.16	  0.000	1.00082							#	   1.54	  33.54	
    637	  10.24	  -1.32	  0.005	1.00100							#	   1.54	  33.28	
    638	  10.49	  -1.13	  0.001	1.00088							#	   1.39	  33.84	
    639	  10.23	  -1.27	  0.008	1.00107							#	   1.41	  33.28	
    640	  10.62	  -1.12	 -0.000	1.00081							#	   1.43	  34.19	
    641	  10.20	  -1.21	  0.009	1.00117							#	   1.52	  31.92	
    642	  10.78	  -1.02	  0.001	1.00075							#	   1.69	  36.26	
    643	  10.30	  -1.13	  0.005	1.00117							#	   1.31	  31.62	
    644	  10.91	  -1.03	  0.001	1.00077							#	   1.34	  35.51	
    645	  10.47	  -1.01	  0.002	1.00107							#	   1.39	  28.59	
    646	  10.86	  -0.91	 -0.003	1.00087							#	   1.50	  33.89	
    647	  10.47	  -1.05	  0.007	1.00116							#	   1.77	  31.36	
    648	  10.96	  -0.86	 -0.002	1.00083							#	   1.45	  35.91	
    649	  10.46	  -0.96	  0.011	1.00132							#	   1.33	  33.43	
    650	  11.05	  -0.74	  0.002	1.00087							#	   1.36	  34.60	
    651	  10.64	  -0.92	  0.012	1.00122							#	   1.45	  32.83	
    652	  10.92	  -0.77	  0.002	1.00096							#	   1.71	  33.48	
    653	  10.42	  -0.77	  0.007	1.00119							#	   1.61	  31.92	
    654	  11.14	  -0.60	 -0.001	1.00089							#	   1.36	  34.95	
    655	  10.64	  -0.82	  0.009	1.00118							#	   1.31	  33.13	
    656	  11.11	  -0.44	  0.001	1.00077							#	   1.29	  38.33	
    657	  10.51	  -0.65	  0.007	1.00116							#	   1.48	  32.83	
    658	  11.03	  -0.33	 -0.003	1.00087							#	   1.89	  34.65	
    659	  10.63	  -0.52	  0.011	1.00113							#	   1.34	  34.80	
    660	  11.01	  -0.31	  0.001	1.00091							#	   1.26	  29.85	
    661	  10.70	  -0.21	  0.007	1.00113							#	   1.16	  30.81	
    662	  11.10	  -0.10	 -0.001	1.00083							#	   1.29	  34.70	
    663	  10.64	  -0.37	  0.011	1.00108							#	   1.47	  33.23	
    664	  11.22	  -0.13	  0.003	1.00063							#	   1.74	  37.17	
    665	  10.69	  -0.34	  0.012	1.00113							#	   1.35	  34.04	
    666	  11.39	  -0.05	  0.003	1.00046							#	   1.18	  39.80	
    667	  10.87	  -0.23	  0.009	1.00090							#	   1.26	  31.06	
    668	  11.29	   0.04	  0.003	1.00081							#	   1.33	  35.56	
    669	  10.89	  -0.29	  0.011	1.00114							#	   1.82	  34.19	
    670	  11.54	   0.03	  0.007	1.00034							#	   1.43	  40.91	
    671	  11.06	  -0.17	  0.012	1.00104							#	   1.34	  35.35	
    672	  11.52	  -0.02	  0.004	1.00027							#	   1.16	  39.95	
    673	  11.00	  -0.21	  0.010	1.00104							#	   1.19	  33.94	
    674	  11.67	   0.04	  0.004	1.00027							#	   1.39	  40.76	
    675	  11.02	  -0.14	  0.013	1.00116							#	   1.99	  31.82	
    676	  11.66	   0.06	  0.005	1.00030							#	   1.33	  40.86	
    677	  11.19	  -0.02	  0.012	1.00097							#	   1.20	  35.25	
    678	  11.74	   0.19	  0.005	1.00013							#	   1.09	  40.91	
    679	  11.05	  -0.01	  0.014	1.00114							#	   1.21	  34.24	
    680	  11.66	   0.23	  0.008	1.00069							#	   1.74	  38.33	
    681	  11.13	   0.13	  0.015	1.00104							#	   1.55	  36.52	
    682	  11.76	   0.30	  0.011	1.00036							#	   1.34	  42.07	
    683	  11.09	   0.20	  0.017	1.00097							#	   1.09	  34.75	
    684	  11.94	   0.52	  0.006	1.00035							#	   1.16	  39.75	
    685	  11.20	   0.35	  0.017	1.00103							#	   1.45	  32.98	
    686	  11.34	   0.60	  0.002	1.00087							#	   1.88	  33.08	
    687	  11.10	   0.39	  0.012	1.00102							#	   1.33	  32.12	
    688	  11.92	   0.57	  0.009	1.00040							#	   1.16	  38.99	
    689	  11.21	   0.25	  0.016	1.00102							#	   1.06	  36.46	
    690	  11.57	   0.60	  0.009	1.00060							#	   1.13	  36.92	
    691	  11.08	   0.27	  0.018	1.00107							#	   1.61	  34.49	
    692	  11.63	   0.52	  0.008	1.00052							#	   1.50	  37.68	
    693	  11.06	   0.38	  0.016	1.00093							#	   1.36	  34.04	
    694	  11.48	   0.53	  0.007	1.00067							#	   1.17	  36.36	
    695	  11.07	   0.23	  0.022	1.00093							#	   1.09	  35.56	
    696	  11.38	   0.59	  0.008	1.00074							#	   1.26	  36.97	
    697	  11.12	   0.37	  0.020	1.00082							#	   1.83	  35.30	
    698	  11.54	   0.51	  0.011	1.00069							#	   1.36	  36.16	
    699	  11.14	   0.42	  0.017	1.00096							#	   1.16	  33.89	
    700	  11.86	   0.62	  0.011	1.00017							#	   1.02	  39.85	
    701	  11.20	   0.31	  0.020	1.00091							#	   1.06	  34.44	
    702	  11.45	   0.42	  0.009	1.00076							#	   1.50	  36.82	
    703	  11.43	   0.03	  0.021	1.00079							#	   1.72	  37.07	
    704	  11.62	   0.32	  0.012	1.00059							#	   1.18	  37.78	
    705	  11.19	   0.04	  0.021	1.00125							#	   1.00	  34.14	
    706	  11.99	   0.30	  0.013	1.00034							#	   1.02	  41.26	
    707	  11.68	   0.15	  0.019	1.00075							#	   1.27	  37.17	
    708	  11.98	   0.15	  0.013	1.00035							#	   1.79	  40.66	
    709	  11.33	  -0.26	  0.021	1.00099							#	   1.25	  36.77	
    710	  11.90	   0.02	  0.010	1.00027							#	   1.02	  39.95	
    711	  11.40	  -0.33	  0.021	1.00105							#	   0.95	  35.51	
    712	  11.85	  -0.05	  0.013	1.00048							#	   1.08	  40.51	
    713	  11.25	  -0.37	  0.020	1.00119							#	   1.41	  35.66	
    714	  11.79	  -0.07	  0.008	1.00014							#	   1.66	  37.17	
    715	  11.15	  -0.52	  0.022	1.00107							#	   1.19	  36.16	
    716	  11.76	  -0.05	  0.012	1.00003							#	   1.00	  38.18	
    717	  11.40	  -0.25	  0.012	1.00068							#	   1.03	  32.22	
    718	  11.66	  -0.07	  0.008	1.00042							#	   1.29	  36.97	
    719	  11.19	  -0.30	  0.014	1.00091							#	   1.70	  33.89	
    720	  11.64	  -0.01	  0.008	1.00017							#	   1.28	  34.34	
    721	  11.26	  -0.30	  0.017	1.00114							#	   1.18	  35.66	
    722	  11.44	   0.07	  0.012	1.00067							#	   0.98	  39.24	
    723	  10.98	  -0.20	  0.015	1.00117							#	   1.15	  34.49	
    724	  11.67	   0.08	  0.009	1.00056							#	   1.41	  39.29	
    725	  11.03	  -0.06	  0.015	1.00107							#	   1.61	  35.00	
    726	  11.51	   0.10	  0.010	1.00062							#	   1.26	  40.71	
    727	  11.05	   0.12	  0.008	1.00100							#	   1.08	  34.75	
    728	  11.16	   0.28	  0.003	1.00090							#	   1.05	  35.05	
    729	  10.96	   0.04	  0.014	1.00103							#	   1.27	  37.58	
    730	  11.39	   0.25	  0.012	1.00057							#	   1.37	  40.61	
    731	  10.79	   0.28	  0.009	1.00109							#	   1.57	  33.84	
    732	  10.76	   0.37	  0.003	1.00097							#	   1.21	  34.24	
    733	  10.69	   0.20	  0.012	1.00097							#	   1.01	  37.07	
    734	  11.01	   0.28	  0.012	1.00061							#	   1.17	  42.17	
    735	  10.42	   0.31	  0.009	1.00117							#	   1.31	  34.34	
    736	  10.41	   0.42	  0.003	1.00098							#	   1.27	  34.95	
    737	  10.46	   0.37	  0.008	1.00112							#	   1.57	  35.15	
    738	  10.57	   0.43	  0.005	1.00086							#	   1.17	  36.01	
    739	  10.32	   0.35	  0.012	1.00107							#	   1.13	  34.85	
    740	  10.80	   0.61	 -0.001	1.00083							#	   1.27	  36.06	
    741	  10.68	   0.39	  0.007	1.00112							#	   1.42	  34.85	
    742	  10.71	   0.67	  0.001	1.00093							#	   1.23	  35.35	
    743	  10.68	   0.59	  0.006	1.00095							#	   1.51	  37.98	
    744	  11.08	   0.52	  0.008	1.00035							#	   1.26	  43.38	
    745	  10.70	   0.33	  0.008	1.00090							#	   1.28	  38.94	
    746	  10.89	   0.40	  0.004	1.00081							#	   1.35	  38.23	
    747	  10.60	   0.42	  0.007	1.00091							#	   1.34	  38.94	
    748	  10.60	   0.64	 -0.000	1.00093							#	   1.13	  35.81	
    749	  10.78	   0.46	  0.009	1.00094							#	   1.50	  38.13	
    750	  10.78	   0.55	  0.001	1.00084							#	   1.31	  37.32	
    751	  10.64	   0.59	  0.007	1.00095							#	   1.35	  39.90	
    752	  10.70	   0.65	  0.007	1.00071							#	   1.28	  40.20	
    753	  10.60	   0.60	  0.009	1.00090							#	   1.23	  40.25	
    754	  10.61	   0.69	  0.003	1.00079							#	   1.01	  37.42	
    755	  10.46	   0.52	  0.008	1.00092							#	   1.34	  39.60	
    756	  10.77	   0.62	  0.001	1.00069							#	   1.42	  38.28	
    757	  10.76	   0.53	  0.006	1.00080							#	   1.28	  40.00	
    758	  10.80	   0.62	 -0.001	1.00074							#	   1.25	  37.07	
    759	  10.81	   0.52	  0.007	1.00084							#	   1.14	  39.85	
    760	  10.84	   0.73	  0.000	1.00079							#	   0.97	  37.68	
    761	  10.55	   0.73	  0.006	1.00097							#	   1.36	  39.09	
    762	  10.64	   0.90	  0.001	1.00086							#	   1.28	  36.62	
    763	  10.71	   0.95	  0.004	1.00081							#	   1.29	  39.04	
    764	  10.60	   1.04	 -0.005	1.00094							#	   1.15	  33.99	
    765	  10.50	   0.92	  0.001	1.00089							#	   0.99	  36.31	
    766	  10.46	   1.06	 -0.006	1.00093							#	   1.04	  34.24	
    767	  10.71	   1.00	 -0.003	1.00073							#	   1.25	  35.96	
    768	  10.70	   0.91	 -0.005	1.00068							#	   1.40	  36.87	
    769	  10.79	   0.71	 -0.004	1.00065							#	   1.22	  39.19	
    770	  10.80	   0.64	 -0.006	1.00066							#	   1.13	  39.85	
    771	  10.93	   0.56	 -0.005	1.00066							#	   1.19	  41.21	
    772	  11.02	   0.61	 -0.005	1.00063							#	   1.03	  39.49	
    773	  10.93	   0.73	 -0.007	1.00072							#	   1.33	  38.08	
    774	  10.99	   0.59	 -0.009	1.00067							#	   1.44	  40.10	
    775	  10.89	   0.72	 -0.008	1.00066							#	   1.24	  39.29	
    776	  10.98	   0.51	 -0.007	1.00061							#	   1.13	  39.75	
    777	  10.86	   0.48	 -0.011	1.00058							#	   1.06	  38.43	
    778	  10.86	   0.47	 -0.012	1.00064							#	   1.02	  38.54	
    779	  10.92	   0.44	 -0.009	1.00063							#	   1.26	  40.25	
    780	  11.01	   0.51	 -0.011	1.00050							#	   1.52	  37.53	
    781	  11.08	   0.52	 -0.012	1.00062							#	   1.24	  39.95	
    782	  10.98	   0.58	 -0.010	1.00060							#	   1.02	  41.06	
    783	  10.98	   0.58	 -0.013	1.00065							#	   0.98	  39.09	
    784	  11.04	   0.64	 -0.012	1.00050							#	   1.05	  39.34	
    785	  10.97	   0.61	 -0.014	1.00052							#	   1.27	  40.76	
    786	  10.99	   0.55	 -0.013	1.00052							#	   1.34	  38.94	
    787	  11.04	   0.39	 -0.013	1.00051							#	   1.26	  36.82	
    788	  10.93	   0.36	 -0.015	1.00040							#	   1.06	  36.97	
    789	  10.94	   0.51	 -0.013	1.00046							#	   1.06	  37.58	
    790	  10.90	   0.51	 -0.017	1.00053							#	   1.08	  36.67	
    791	  10.91	   0.43	 -0.014	1.00041							#	   1.07	  36.72	
    792	  10.85	   0.46	 -0.013	1.00048							#	   1.42	  38.28	
    793	  10.60	   0.36	 -0.012	1.00079							#	   1.24	  36.97	
    794	  10.54	   0.52	 -0.016	1.00072							#	   1.05	  33.03	
    795	  10.40	   0.22	 -0.009	1.00069							#	   1.00	  38.94	
    796	  10.04	   0.23	 -0.012	1.00087							#	   0.91	  31.52	
    797	  10.38	   0.16	 -0.006	1.00081							#	   1.02	  39.55	
    798	  10.20	   0.42	 -0.012	1.00090							#	   1.47	  35.15	
    799	  10.24	   0.24	 -0.007	1.00085							#	   1.15	  36.82	
    800	  10.24	   0.24	 -0.008	1.00084							#	   0.95	  34.09	
    801	  10.20	   0.08	 -0.004	1.00082							#	   0.85	  38.18	
    802	  10.26	   0.13	 -0.007	1.00073							#	   0.81	  36.11	
    803	  10.34	   0.09	 -0.005	1.00071							#	   0.95	  40.56	
    804	  10.25	   0.01	 -0.006	1.00077							#	   1.41	  38.33	
    805	  10.24	   0.07	 -0.002	1.00058							#	   1.10	  42.07	
    806	  10.59	   0.16	 -0.004	0.99974							#	   1.20	  42.17	
    807	  10.34	   0.08	 -0.002	1.00036							#	   0.94	  36.97	
    808	  10.51	   0.10	 -0.005	0.99992							#	   0.96	  41.31	
    809	  10.35	   0.03	 -0.001	1.00027							#	   1.08	  40.76	
    810	  10.47	   0.15	 -0.005	0.99963							#	   1.52	  44.34	
    811	  10.53	   0.02	  0.000	1.00006							#	   1.28	  43.89	
    812	  10.54	  -0.03	 -0.007	0.99999							#	   1.10	  40.05	
    813	  10.46	  -0.12	 -0.003	1.00033							#	   0.92	  41.67	
    814	  10.42	   0.07	 -0.000	0.99992							#	   0.96	  43.43	
    815	  10.35	   0.09	 -0.007	0.99996							#	   0.98	  42.12	
    816	  10.41	   0.07	 -0.000	0.99996							#	   1.23	  43.48	
    817	  10.41	   0.19	 -0.002	1.00013							#	   1.25	  38.64	
    818	  10.53	   0.20	 -0.003	0.99989							#	   1.02	  40.91	
    819	  10.20	   0.18	  0.001	1.00041							#	   0.95	  38.33	
    820	  10.46	   0.32	 -0.006	0.99979							#	   0.85	  40.00	
    821	  10.32	   0.19	 -0.000	1.00062							#	   0.85	  42.37	
    822	  10.26	   0.40	 -0.007	1.00057							#	   1.05	  36.11	
    823	  10.08	   0.27	 -0.003	1.00074							#	   1.30	  39.09	
    824	  10.00	   0.43	 -0.007	1.00073							#	   0.92	  37.02	
    825	  10.28	   0.40	 -0.000	1.00054							#	   0.89	  42.07	
    826	  10.07	   0.42	 -0.008	1.00071							#	   0.81	  37.27	
    827	   9.90	   0.32	 -0.004	1.00072							#	   0.75	  36.92	
    828	  10.12	   0.40	 -0.001	0.99976							#	   0.90	  42.78	
    829	  10.10	   0.43	 -0.000	0.99989							#	   1.43	  41.72	
    830	   9.86	   0.34	  0.000	0.99986							#	   0.86	  44.14	
    831	   9.96	   0.31	 -0.003	0.99978							#	   0.97	  40.61	
    832	   9.92	   0.30	 -0.002	0.99975							#	   0.97	  42.68	
    833	   9.78	   0.21	  0.000	0.99971							#	   0.95	  42.83	
    834	   9.71	   0.29	 -0.005	0.99959							#	   1.03	  46.01	
    835	   9.58	   0.33	 -0.001	0.99923							#	   1.52	  44.49	
    836	   9.46	   0.28	 -0.005	0.99931							#	   1.09	  45.81	
    837	   9.47	   0.32	 -0.005	0.99928							#	   1.01	  45.15	
    838	   9.31	   0.17	  0.000	0.99968							#	   0.88	  46.57	
    839	   9.30	   0.16	 -0.004	0.99933							#	   0.86	  44.34	
    840	   9.09	   0.33	  0.001	0.99941							#	   0.80	  41.57	
    841	   9.19	   0.17	 -0.003	0.99950							#	   0.89	  47.12	
    842	   9.02	   0.08	  0.002	0.99980							#	   1.25	  45.76	
    843	   8.98	   0.19	 -0.003	0.99956							#	   0.96	  46.97	
    844	   9.09	   0.11	 -0.004	0.99959							#	   0.88	  44.09	
    845	   8.90	   0.08	  0.001	0.99977							#	   0.81	  45.66	
    846	   8.79	   0.16	 -0.002	0.99961							#	   0.79	  48.03	
    847	   8.71	   0.03	 -0.007	0.99988							#	   0.74	  41.57	
    848	   8.88	   0.13	 -0.006	0.99978							#	   0.96	  43.28	
    849	   8.89	   0.14	 -0.001	0.99966							#	   1.11	  46.26	
    850	   8.63	   0.13	 -0.004	0.99947							#	   0.93	  47.42	
    851	   8.56	   0.00	 -0.005	1.00015							#	   0.72	  43.64	
    852	   8.65	  -0.10	 -0.004	1.00021							#	   0.68	  46.26	
    853	   8.57	   0.01	 -0.007	1.00012							#	   0.63	  46.06	
    854	   8.60	  -0.06	 -0.004	0.99996							#	   0.60	  49.14	
    855	   8.19	  -0.03	 -0.004	0.99997							#	   0.77	  50.25	
    856	   8.42	  -0.02	 -0.006	1.00032							#	   0.96	  49.65	
    857	   8.56	  -0.03	 -0.004	1.00026							#	   0.98	  49.60	
    858	   8.33	  -0.01	 -0.005	1.00029							#	   0.74	  50.81	
    859	   8.39	  -0.04	 -0.006	1.00029							#	   0.65	  48.84	
    860	   8.40	  -0.03	 -0.006	1.00025							#	   0.64	  48.99	
    861	   8.35	  -0.03	 -0.004	1.00013							#	   0.62	  50.86	
    862	   8.51	   0.01	 -0.007	1.00013							#	   0.73	  50.25	
    863	   8.42	   0.04	 -0.006	1.00027							#	   1.11	  49.75	
    864	   8.39	   0.02	 -0.006	1.00027							#	   0.83	  48.99	
    865	   8.48	  -0.02	 -0.006	1.00019							#	   0.76	  50.81	
    866	   8.47	  -0.10	 -0.005	1.00032							#	   0.68	  50.71	
    867	   8.31	  -0.10	 -0.004	1.00035							#	   0.56	  51.36	
    868	   8.20	  -0.07	 -0.007	1.00037							#	   0.60	  48.94	
    869	   8.19	  -0.08	 -0.004	1.00046							#	   0.74	  49.39	
    870	   8.28	  -0.08	 -0.006	1.00033							#	   0.89	  49.60	
    871	   8.17	  -0.22	 -0.004	1.00037							#	   1.03	  52.42	
    872	   8.23	  -0.22	 -0.007	1.00027							#	   0.72	  49.70	
    873	   8.31	  -0.18	 -0.004	1.00037							#	   0.64	  53.28	
    874	   8.18	  -0.19	 -0.008	1.00033							#	   0.55	  51.41	
    875	   8.32	  -0.15	 -0.004	1.00039							#	   0.57	  53.79	
    876	   8.28	  -0.22	 -0.008	1.00041							#	   0.65	  49.55	
    877	   8.31	  -0.22	 -0.005	1.00040							#	   0.82	  51.92	
    878	   8.34	  -0.17	 -0.006	1.00027							#	   1.03	  51.21	
    879	   8.30	  -0.24	 -0.003	1.00024							#	   0.77	  56.31	
    880	   8.23	  -0.17	 -0.007	1.00024							#	   0.64	  49.60	
    881	   8.12	  -0.20	 -0.003	1.00027							#	   0.52	  54.95	
    882	   8.24	  -0.12	 -0.007	1.00028							#	   0.53	  51.77	
    883	   8.26	  -0.12	 -0.005	1.00010							#	   0.67	  52.12	
    884	   8.18	  -0.11	 -0.004	1.00014							#	   0.64	  52.73	
    885	   8.39	  -0.13	 -0.005	1.00012							#	   1.03	  52.88	
    886	   8.35	  -0.17	 -0.008	1.00014							#	   0.83	  49.39	
    887	   8.37	  -0.08	 -0.006	1.00013							#	   0.66	  52.12	
    888	   8.40	  -0.14	 -0.008	1.00007							#	   0.55	  53.38	
    889	   8.42	  -0.08	 -0.008	1.00020							#	   0.77	  48.89	
    890	   8.40	  -0.06	 -0.008	1.00024							#	   1.02	  51.16	
    891	   8.45	  -0.11	 -0.007	1.00005							#	   0.88	  54.85	
    892	   8.52	  -0.14	 -0.006	0.99979							#	   1.09	  56.46	
    893	   8.42	  -0.17	 -0.004	0.99953							#	   1.14	  52.83	
    894	   8.52	  -0.09	 -0.006	0.99982							#	   0.82	  54.90	
    895	   8.42	  -0.10	 -0.005	0.99985							#	   0.71	  52.53	
    896	   8.38	  -0.00	 -0.004	0.99972							#	   0.72	  55.40	
    897	   8.42	  -0.14	 -0.008	1.00013							#	   0.70	  49.04	
    898	   8.43	  -0.05	 -0.005	0.99975							#	   0.72	  56.62	
    899	   8.51	  -0.20	 -0.007	0.99996							#	   1.04	  52.63	
    900	   8.44	  -0.24	 -0.005	1.00005							#	   1.06	  44.34	
    901	   8.50	  -0.22	 -0.007	0.99975							#	   0.76	  52.88	
    902	   8.41	  -0.17	 -0.005	0.99980							#	   0.68	  52.02	
    903	   8.44	  -0.20	 -0.005	0.99971							#	   0.73	  54.55	
    904	   8.43	  -0.24	 -0.009	0.99995							#	   0.66	  49.55	
    905	   8.33	  -0.31	 -0.009	1.00028							#	   0.66	  46.77	
    906	   8.29	  -0.22	 -0.008	1.00021							#	   1.06	  47.42	
    907	   8.30	  -0.29	 -0.009	1.00020							#	   0.93	  46.11	
    908	   8.43	  -0.27	 -0.010	1.00030							#	   0.74	  46.26	
    909	   8.29	  -0.27	 -0.009	1.00018							#	   0.63	  48.59	
    910	   8.49	  -0.28	 -0.011	1.00029							#	   0.71	  47.37	
    911	   8.33	  -0.26	 -0.010	1.00019							#	   0.74	  46.31	
    912	   8.25	  -0.35	 -0.008	1.00023							#	   0.97	  45.76	
    913	   8.24	  -0.28	 -0.008	1.00024							#	   1.14	  46.21	
    914	   8.39	  -0.26	 -0.010	1.00019							#	   1.02	  46.21	
    915	   8.27	  -0.27	 -0.008	1.00029							#	   0.92	  47.12	
    916	   8.22	  -0.31	 -0.006	1.00018							#	   0.74	  48.48	
    917	   8.31	  -0.34	 -0.007	1.00021							#	   0.78	  46.01	
    918	   8.30	  -0.27	 -0.005	1.00025							#	   3.40	  46.92	
    919	   8.33	  -0.28	 -0.007	1.00019							#	   2.45	  46.26	
    920	   8.30	  -0.27	 -0.005	1.00018							#	   2.07	  44.90	
    921	   8.38	  -0.27	 -0.009	1.00005							#	   2.29	  44.34	
    922	   8.40	  -0.14	 -0.009	1.00007							#	   2.02	  43.69	
    923	   8.34	  -0.09	 -0.004	0.99956							#	   1.83	  49.80	
    924	   8.34	  -0.10	 -0.008	0.99998							#	   1.64	  44.14	
    925	   8.25	  -0.07	 -0.006	0.99992							#	   1.40	  45.91	
    926	   8.19	  -0.05	 -0.007	0.99975							#	   1.77	  42.53	
    927	   8.17	   0.01	 -0.006	0.99954							#	   3.89	  46.82	
    928	   8.12	   0.12	 -0.007	0.99964							#	   2.40	  45.05	
    929	   8.06	   0.11	 -0.005	0.99975							#	   2.74	  43.03	
    930	   8.04	   0.10	 -0.006	0.99969							#	   2.70	  43.08	
    931	   7.94	   0.13	 -0.004	0.99971							#	   2.76	  43.59	
    932	   7.88	   0.14	 -0.004	0.99951							#	   2.98	  45.71	
    933	   7.94	   0.06	 -0.007	0.99953							#	   2.73	  41.92	
    934	   7.88	   0.00	 -0.007	0.99948							#	   2.57	  42.58	
    935	   7.98	  -0.03	 -0.008	0.99953							#	   2.36	  42.17	
    936	   8.03	  -0.01	 -0.007	0.99970							#	   2.12	  41.87	
    937	   8.16	  -0.10	 -0.006	0.99950							#	   1.94	  44.70	
    938	   8.28	  -0.11	 -0.008	0.99971							#	   1.85	  39.70	
    939	   8.25	  -0.05	 -0.006	0.99956							#	   1.83	  43.69	
    940	   8.25	  -0.15	 -0.011	0.99952							#	   1.69	  36.06	
    941	   8.22	  -0.13	 -0.008	0.99946							#	   1.59	  37.27	
    942	   8.24	  -0.24	 -0.014	0.99935							#	   1.54	  36.36	
    943	   8.28	  -0.15	 -0.011	0.99962							#	   1.55	  35.56	
    944	   8.32	  -0.30	 -0.010	0.99947							#	   1.48	  35.81	
    945	   8.31	  -0.16	 -0.010	0.99948							#	   1.54	  35.61	
    946	   8.37	  -0.19	 -0.012	0.99954							#	   1.62	  35.20	
    947	   8.37	  -0.32	 -0.010	0.99953							#	   1.67	  36.16	
    948	   8.37	  -0.36	 -0.008	0.99967							#	   1.69	  35.10	
    949	   8.46	  -0.34	 -0.011	0.99967							#	   1.84	  32.83	
    950	   8.49	  -0.25	 -0.007	0.99963							#	   1.78	  34.85	
    951	   8.50	  -0.19	 -0.005	1.00011							#	   1.85	  36.41	
    952	   8.16	  -0.06	 -0.008	1.00054							#	   1.95	  31.87	
    953	   8.23	  -0.08	 -0.010	1.00059							#	   1.92	  30.25	
    954	   8.19	  -0.06	 -0.011	1.00069							#	   1.86	  31.92	
    955	   8.27	   0.00	 -0.008	1.00065							#	   1.96	  32.53	
    956	   8.33	  -0.14	 -0.010	1.00055							#	   1.89	  35.51	
    957	   8.27	  -0.25	 -0.009	1.00066							#	   1.84	  33.23	
    958	   8.30	  -0.31	 -0.007	1.00065							#	   1.87	  33.74	
    959	   8.38	  -0.40	 -0.009	1.00059							#	   1.77	  34.80	
    960	   8.19	  -0.53	 -0.008	1.00072							#	   1.57	  30.45	
    961	   8.50	  -0.66	 -0.008	1.00072							#	   1.56	  31.52	
    962	   8.52	  -0.83	 -0.005	1.00076							#	   1.46	  33.28	
    963	   8.55	  -0.91	 -0.005	1.00076							#	   1.42	  33.48	
    964	   8.64	  -1.02	 -0.007	1.00060							#	   1.28	  35.30	
    965	   8.72	  -1.17	 -0.005	1.00060							#	   1.36	  35.66	
    966	   8.84	  -1.22	 -0.005	1.00063							#	   1.32	  35.56	
    967	   9.10	  -1.25	 -0.004	1.00060							#	   1.31	  36.77	
    968	   9.10	  -1.29	 -0.007	1.00062							#	   1.45	  37.73	
    969	   9.10	  -1.40	 -0.002	1.00065							#	   1.26	  36.82	
    970	   9.13	  -1.52	 -0.002	1.00069							#	   1.40	  36.01	
    971	   9.25	  -1.60	 -0.002	1.00070							#	   1.17	  36.72	
    972	   9.40	  -1.50	 -0.005	1.00063							#	   1.24	  37.17	
    973	   9.51	  -1.70	 -0.002	1.00059							#	   1.61	  35.51	
    974	   9.62	  -1.79	 -0.003	1.00054							#	   1.63	  36.41	
    975	   9.66	  -1.86	 -0.001	1.00045							#	   1.68	  35.40	
    976	   9.70	  -1.87	 -0.003	1.00034							#	   1.58	  35.40	
    977	   9.87	  -1.83	 -0.003	1.00004							#	   1.58	  31.01	
    978	   9.91	  -1.85	 -0.002	1.00006							#	   1.58	  32.07	
    979	  10.02	  -1.88	  0.001	1.00000							#	   1.59	  30.10	
    980	  10.12	  -1.87	 -0.000	1.00004							#	   1.68	  31.41	
    981	  10.12	  -1.85	  0.003	1.00004							#	   1.82	  29.19	
    982	  10.08	  -1.88	  0.002	1.00001							#	   1.70	  29.85	
    983	  10.29	  -1.94	  0.001	0.99998							#	   1.72	  30.35	
    984	  10.27	  -2.03	  0.002	1.00005							#	   1.69	  30.25	
    985	  10.32	  -2.11	  0.003	0.99996							#	   1.75	  30.25	
    986	  10.43	  -2.20	  0.002	0.99986							#	   1.74	  29.24	
    987	  10.22	  -2.21	  0.002	0.99982							#	   1.71	  28.43	
    988	  10.32	  -2.38	  0.005	0.99962							#	   1.82	  25.10	
    989	  10.28	  -2.34	  0.005	0.99972							#	   1.66	  26.41	
    990	  10.25	  -2.29	  0.004	0.99965							#	   1.76	  26.72	
    991	  10.18	  -2.22	  0.006	0.99957							#	   1.59	  25.45	
    992	  10.21	  -2.13	  0.007	0.99954							#	   1.66	  26.36	
    993	  10.29	  -2.12	  0.008	0.99956							#	   1.71	  25.76	
    994	  10.36	  -2.03	  0.009	0.99951							#	   1.72	  28.23	
    995	  10.21	  -2.15	  0.009	0.99953							#	   1.49	  26.97	
    996	  10.32	  -2.19	  0.009	0.99942							#	   1.63	  28.84	
    997	  10.07	  -2.33	  0.010	0.99964							#	   1.47	  26.82	
    998	  10.21	  -2.18	  0.010	0.99930							#	   1.62	  28.64	
    999	  10.09	  -2.35	  0.011	0.99956							#	   1.74	  27.58	
   1000	  10.18	  -2.16	  0.008	0.99932							#	   1.52	  27.68	
   1001	  10.27	  -2.18	  0.014	0.99927							#	   1.55	  26.87	
   1002	  10.05	  -2.26	  0.010	0.99918							#	   1.42	  28.28	
   1003	  10.24	  -2.32	  0.014	0.99934							#	   1.47	  27.37	
   1004	  10.25	  -2.35	  0.010	0.99923							#	   1.37	  28.18	
   1005	  10.03	  -2.38	  0.012	0.99913							#	   1.32	  28.94	
   1006	   9.90	  -2.48	  0.013	0.99907							#	   1.34	  27.63	
   1007	   9.91	  -2.59	  0.010	0.99904							#	   1.46	  28.43	
   1008	   9.93	  -2.59	  0.012	0.99915							#	   1.55	  28.59	
   1009	   9.75	  -2.52	  0.009	0.99901							#	   1.62	  28.84	
   1010	   9.82	  -2.57	  0.010	0.99899							#	   1.48	  29.04	
   1011	   9.90	  -2.64	  0.009	0.99908							#	   1.46	  28.08	
   1012	   9.96	  -2.47	  0.010	0.99907							#	   1.38	  29.44	
   1013	   9.99	  -2.38	  0.012	0.99910							#	   1.51	  27.37	
   1014	   9.93	  -2.41	  0.011	0.99906							#	   1.48	  29.60	
   1015	  10.08	  -2.39	  0.011	0.99906							#	   1.56	  28.74	
   1016	  10.06	  -2.36	  0.012	0.99904							#	   1.50	  29.24	
   1017	  10.07	  -2.37	  0.008	0.99904							#	   1.47	  28.89	
   1018	   9.98	  -2.35	  0.011	0.99901							#	   1.46	  27.58	
   1019	  10.17	  -2.26	  0.011	0.99898							#	   1.47	  28.08	
   1020	  10.03	  -2.34	  0.010	0.99901							#	   1.51	  24.75	
   1021	  10.03	  -2.44	  0.006	0.99891							#	   1.58	  27.32	
   1022	   9.95	  -2.28	  0.008	0.99890							#	   1.46	  27.47	
   1023	  10.00	  -2.28	  0.004	0.99902							#	   1.30	  27.98	
   1024	  10.11	  -2.35	  0.004	0.99900							#	   1.32	  27.53	
   1025	  10.02	  -2.31	  0.001	0.99891							#	   1.40	  25.66	
   1026	  10.00	  -2.24	  0.004	0.99891							#	   1.40	  28.59	
   1027	  10.20	  -2.32	  0.000	0.99902							#	   1.26	  29.95	
   1028	  10.06	  -2.28	  0.002	0.99895							#	   1.36	  29.80	
   1029	  10.12	  -2.29	  0.002	0.99893							#	   1.34	  29.80	
   1030	  10.20	  -2.25	 -0.003	0.99885							#	   1.24	  29.85	
   1031	  10.22	  -2.11	 -0.004	0.99890							#	   1.30	  27.12	
   1032	  10.20	  -2.04	 -0.005	0.99882							#	   1.49	  27.78	
   1033	  10.43	  -2.01	 -0.008	0.99883							#	   1.24	  27.02	
   1034	  10.42	  -1.81	 -0.005	0.99873							#	   1.17	  26.57	
   1035	  10.34	  -1.90	 -0.008	0.99878							#	   1.29	  27.88	
   1036	  10.27	  -1.82	 -0.009	0.99879							#	   1.09	  27.58	
   1037	  10.40	  -1.65	 -0.006	0.99872							#	   1.25	  26.36	
   1038	  10.32	  -1.40	 -0.005	0.99872							#	   1.35	  26.36	
   1039	  10.41	  -1.55	 -0.008	0.99871							#	   1.28	  26.36	
   1040	  10.50	  -1.69	 -0.009	0.99879							#	   1.43	  25.45	
   1041	  10.33	  -1.60	 -0.008	0.99878							#	   1.21	  25.66	
   1042	  10.47	  -1.32	 -0.006	0.99875							#	   1.32	  25.35	
   1043	  10.58	  -1.33	 -0.008	0.99879							#	   1.38	  25.76	
   1044	  10.66	  -1.16	 -0.004	0.99881							#	   1.21	  26.31	
   1045	  10.60	  -0.96	 -0.004	0.99879							#	   1.36	  26.06	
   1046	  10.59	  -1.04	 -0.008	0.99881							#	   1.12	  26.77	
   1047	  10.72	  -0.80	 -0.004	0.99881							#	   1.22	  27.98	
   1048	  10.75	  -0.71	 -0.001	0.99899							#	   1.24	  29.80	
   1049	  10.75	  -0.82	 -0.006	0.99896							#	   1.28	  29.24	
   1050	  10.82	  -0.72	 -0.006	0.99896							#	   1.37	  29.24	
   1051	  10.77	  -0.59	 -0.007	0.99901							#	   1.24	  28.28	
   1052	  10.73	  -0.44	 -0.004	0.99896							#	   1.24	  29.24	
   1053	  10.70	  -0.62	 -0.003	0.99897							#	   1.06	  29.04	
   1054	  10.63	  -0.43	 -0.004	0.99890							#	   1.10	  28.23	
   1055	  10.71	  -0.50	 -0.005	0.99891							#	   1.28	  27.68	
   1056	  10.76	  -0.40	 -0.004	0.99894							#	   1.27	  28.38	
   1057	  10.88	  -0.31	 -0.003	0.99902							#	   1.37	  28.84	
   1058	  10.83	  -0.29	 -0.002	1.00013							#	   1.16	  28.18	
   1059	  10.95	  -0.34	 -0.002	1.00011							#	   1.20	  29.09	
   1060	  10.77	  -0.22	 -0.003	1.00001							#	   1.17	  26.62	
   1061	  10.85	  -0.23	 -0.002	1.00011							#	   1.26	  28.94	
   1062	  10.85	  -0.24	 -0.004	1.00010							#	   1.20	  28.89	
   1063	  10.78	  -0.18	 -0.001	1.00002							#	   1.27	  27.83	
   1064	  10.66	  -0.14	 -0.003	0.99998							#	   1.16	  27.12	
   1065	  10.81	  -0.09	 -0.003	0.99983							#	   1.19	  26.16	
   1066	  10.72	  -0.07	 -0.003	0.99989							#	   1.18	  27.53	
   1067	  10.74	  -0.03	 -0.004	0.99987							#	   1.19	  27.98	
   1068	  10.71	  -0.09	 -0.005	0.99990							#	   1.20	  27.42	
   1069	  10.75	  -0.08	 -0.003	0.99988							#	   1.23	  28.33	
   1070	  10.77	  -0.00	 -0.000	0.99989							#	   1.21	  28.03	
   1071	  10.70	  -0.02	 -0.002	0.99990							#	   1.13	  27.98	
   1072	  10.60	  -0.05	 -0.004	0.99983							#	   1.32	  28.43	
   1073	  10.62	  -0.05	 -0.002	0.99981							#	   1.21	  28.54	
   1074	  10.81	  -0.01	 -0.002	0.99981							#	   1.43	  28.59	
   1075	  10.66	  -0.12	 -0.002	0.99966							#	   1.22	  28.59	
   1076	  10.51	  -0.11	 -0.002	0.99985							#	   1.23	  30.66	
   1077	  10.52	  -0.16	 -0.004	0.99975							#	   1.19	  30.96	
   1078	  10.47	  -0.20	 -0.001	0.99979							#	   1.26	  31.21	
   1079	  10.24	  -0.24	 -0.005	0.99970							#	   1.11	  29.85	
   1080	  10.49	  -0.24	  0.000	0.99970							#	   1.17	  28.38	
   1081	  10.52	  -0.21	 -0.003	0.99961							#	   1.14	  30.35	
   1082	  10.22	  -0.25	 -0.001	0.99953							#	   1.19	  28.74	
   1083	  10.29	  -0.34	 -0.002	0.99950							#	   0.92	  30.86	
   1084	  10.17	  -0.33	 -0.004	0.99943							#	   0.99	  29.39	
   1085	  10.26	  -0.38	 -0.002	0.99946							#	   1.11	  30.05	
   1086	  10.28	  -0.37	 -0.003	0.99944							#	   1.23	  29.90	
   1087	  10.17	  -0.50	 -0.002	0.99944							#	   1.13	  30.56	
   1088	  10.28	  -0.50	 -0.005	0.99949							#	   1.09	  29.24	
   1089	  10.26	  -0.39	 -0.003	0.99945							#	   1.15	  29.04	
   1090	  10.10	  -0.61	 -0.006	0.99919							#	   0.94	  27.93	
   1091	  10.19	  -0.74	 -0.007	0.99927							#	   1.09	  27.78	
   1092	  10.37	  -0.64	 -0.003	0.99934							#	   1.20	  29.75	
   1093	  10.30	  -0.70	 -0.005	0.99928							#	   1.16	  30.05	
   1094	  10.28	  -0.75	 -0.003	0.99934							#	   1.10	  30.00	
   1095	  10.38	  -0.77	 -0.003	0.99925							#	   1.09	  32.02	
   1096	  10.36	  -0.86	 -0.005	0.99926							#	   0.95	  32.32	
   1097	  10.46	  -0.87	 -0.003	0.99926							#	   1.13	  31.52	
   1098	  10.41	  -0.91	 -0.004	0.99930							#	   1.33	  30.81	
   1099	  10.38	  -0.91	 -0.010	0.99905							#	   1.26	  29.19	
   1100	  10.55	  -0.94	 -0.007	0.99910							#	   1.32	  29.70	
   1101	  10.61	  -0.90	 -0.008	0.99897							#	   1.25	  29.85	
   1102	  10.68	  -0.90	 -0.008	0.99896							#	   1.48	  30.91	
   1103	  10.70	  -0.85	 -0.007	0.99894							#	   1.28	  29.85	
   1104	  10.85	  -0.98	 -0.008	0.99895							#	   1.54	  30.96	
   1105	  10.81	  -1.02	 -0.010	0.99889							#	   1.36	  30.30	
   1106	  10.91	  -0.90	 -0.006	0.99888							#	   1.54	  29.65	
   1107	  11.19	  -0.73	 -0.006	0.99894							#	   1.20	  31.62	
   1108	  11.29	  -0.71	 -0.003	0.99899							#	   1.35	  32.37	
   1109	  11.39	  -0.71	 -0.004	0.99935							#	   1.43	  29.49	
   1110	  11.41	  -0.85	 -0.005	0.99943							#	   1.47	  28.54	
   1111	  11.54	  -0.83	 -0.005	0.99945							#	   1.47	  27.42	
   1112	  11.60	  -0.68	 -0.005	0.99948							#	   1.33	  28.08	
   1113	  11.62	  -0.64	 -0.003	0.99949							#	   1.24	  27.93	
   1114	  11.60	  -0.76	 -0.003	0.99947							#	   1.23	  27.37	
   1115	  11.55	  -0.71	 -0.003	0.99943							#	   1.19	  27.12	
   1116	  11.46	  -0.71	 -0.008	0.99920							#	   1.29	  24.29	
   1117	  11.54	  -0.67	 -0.008	0.99925							#	   1.33	  24.75	
   1118	  11.65	  -0.73	 -0.008	0.99933							#	   1.33	  24.34	
   1119	  11.58	  -0.71	 -0.007	0.99933							#	   1.20	  24.34	
   1120	  11.61	  -0.69	 -0.008	0.99927							#	   1.22	  24.04	
   1121	  11.54	  -0.60	 -0.007	0.99922							#	   1.19	  24.80	
   1122	  11.51	  -0.62	 -0.007	0.99929							#	   1.40	  24.90	
   1123	  11.39	  -0.62	 -0.007	0.99915							#	   1.22	  23.13	
   1124	  11.23	  -0.75	 -0.008	0.99914							#	   1.34	  23.33	
   1125	  11.48	  -0.71	 -0.009	0.99924							#	   1.22	  22.58	
   1126	  11.33	  -0.73	 -0.011	0.99918							#	   1.16	  21.82	
   1127	  11.19	  -0.76	 -0.014	0.99907							#	   1.20	  21.82	
   1128	  11.19	  -0.76	 -0.011	0.99912							#	   1.37	  22.07	
   1129	  11.22	  -0.71	 -0.009	0.99919							#	   1.45	  22.93	
   1130	  11.17	  -0.65	 -0.012	0.99920							#	   1.33	  22.27	
   1131	  11.06	  -0.73	 -0.005	0.99911							#	   1.33	  22.73	
   1132	  11.15	  -0.60	 -0.006	0.99938							#	   1.43	  26.82	
   1133	  11.19	  -0.66	 -0.003	0.99937							#	   1.41	  26.11	
   1134	  11.05	  -0.57	 -0.004	0.99942							#	   1.41	  25.61	
   1135	  11.01	  -0.66	 -0.002	0.99943							#	   1.38	  26.36	
   1136	  10.93	  -0.58	 -0.004	0.99942							#	   1.40	  26.21	
   1137	  11.00	  -0.69	 -0.008	0.99942							#	   1.44	  25.81	
   1138	  10.82	  -0.63	 -0.007	0.99932							#	   1.35	  26.46	
   1139	  10.89	  -0.70	 -0.005	0.99941							#	   1.38	  27.88	
   1140	  10.88	  -0.88	 -0.008	0.99955							#	   1.42	  23.89	
   1141	  10.79	  -0.81	 -0.007	0.99949							#	   1.30	  27.47	
   1142	  10.47	  -0.78	 -0.006	0.99898							#	   1.22	  25.40	
   1143	  10.52	  -0.78	 -0.003	0.99902							#	   1.28	  28.64	
   1144	  10.48	  -0.74	 -0.003	0.99925							#	   1.16	  26.16	
   1145	  10.43	  -0.84	 -0.001	0.99922							#	   1.22	  27.83	
   1146	  10.41	  -0.83	 -0.003	0.99924							#	   1.32	  28.23	
   1147	  10.30	  -0.82	 -0.000	0.99920							#	   1.25	  28.33	
   1148	  10.46	  -0.96	 -0.006	0.99924							#	   1.18	  28.43	
   1149	  10.43	  -0.95	 -0.004	0.99912							#	   1.25	  29.55	
   1150	  10.64	  -1.09	 -0.006	0.99924							#	   1.15	  29.04	
   1151	  10.71	  -1.12	 -0.006	0.99920							#	   1.18	  29.65	
   1152	  10.79	  -1.16	 -0.007	0.99925							#	   1.29	  30.71	
   1153	  10.69	  -1.13	 -0.001	0.99925							#	   1.20	  26.67	
   1154	  10.69	  -1.27	 -0.003	0.99944							#	   1.26	  28.48	
   1155	  10.73	  -1.36	 -0.003	0.99956							#	   1.24	  27.42	
   1156	  10.49	  -1.44	 -0.007	0.99962							#	   1.08	  26.82	
   1157	  10.40	  -1.35	 -0.002	0.99945							#	   1.16	  26.21	
   1158	  10.50	  -1.46	 -0.005	0.99960							#	   1.22	  27.53	
   1159	  10.33	  -1.30	 -0.002	0.99919							#	   1.26	  28.43	
   1160	  10.41	  -1.20	 -0.001	0.99919							#	   1.26	  28.94	
   1161	  10.43	  -1.41	 -0.003	0.99913							#	   1.28	  26.82	
   1162	  10.43	  -1.22	 -0.002	0.99903							#	   1.21	  27.42	
   1163	  10.58	  -1.34	 -0.002	0.99907							#	   1.25	  27.73	
   1164	  10.71	  -1.44	 -0.004	0.99906							#	   1.30	  29.19	
   1165	  10.83	  -1.51	 -0.006	0.99910							#	   1.36	  27.27	
   1166	  10.93	  -1.39	 -0.005	0.99901							#	   1.24	  27.02	
   1167	  11.13	  -1.38	 -0.007	0.99901							#	   1.13	  28.28	
   1168	  11.26	  -1.33	 -0.006	0.99887							#	   1.28	  27.47	
   1169	  11.36	  -1.29	 -0.004	0.99873							#	   1.19	  26.62	
   1170	  11.52	  -1.28	 -0.004	0.99882							#	   1.36	  25.91	
   1171	  11.77	  -1.27	 -0.005	0.99883							#	   1.36	  25.40	
   1172	  11.79	  -1.23	 -0.004	0.99869							#	   1.27	  27.68	
   1173	  12.03	  -1.25	 -0.005	0.99869							#	   1.23	  27.68	
   1174	  12.21	  -1.13	 -0.005	0.99865							#	   1.36	  26.26	
   1175	  12.31	  -1.10	 -0.006	0.99858							#	   1.32	  26.82	
   1176	  12.52	  -1.05	 -0.004	0.99855							#	   1.29	  25.51	
   1177	  12.66	  -1.06	 -0.006	0.99850							#	   1.29	  27.02	
   1178	  12.82	  -1.01	 -0.004	0.99842							#	   1.24	  27.37	
   1179	  13.00	  -1.07	 -0.007	0.99837							#	   1.29	  25.91	
   1180	  13.16	  -1.11	 -0.007	0.99832							#	   1.38	  24.55	
   1181	  13.30	  -1.15	 -0.009	0.99832							#	   1.37	  25.15	
   1182	  13.49	  -1.14	 -0.009	0.99831							#	   1.37	  25.91	
   1183	  13.69	  -1.16	 -0.007	0.99830							#	   1.26	  24.85	
   1184	  13.55	  -1.10	 -0.007	0.99820							#	   1.32	  24.39	
   1185	  13.60	  -1.20	 -0.011	0.99821							#	   1.43	  23.54	
   1186	  13.53	  -1.26	 -0.013	0.99820							#	   1.32	  23.08	
   1187	  13.58	  -1.26	 -0.017	0.99814							#	   1.24	  23.64	
   1188	  13.55	  -1.14	 -0.010	0.99810							#	   1.33	  22.88	
   1189	  13.60	  -1.26	 -0.011	0.99815							#	   1.43	  22.02	
   1190	  13.74	  -1.22	 -0.014	0.99818							#	   1.38	  22.53	
   1191	  13.77	  -1.24	 -0.018	0.99817							#	   1.48	  22.22	
   1192	  13.76	  -1.34	 -0.020	0.99815							#	   1.37	  21.26	
   1193	  13.74	  -1.24	 -0.012	0.99821							#	   1.50	  18.79	
   1194	  13.68	  -1.32	 -0.019	0.99819							#	   1.55	  20.10	
   1195	  13.53	  -1.19	 -0.016	0.99824							#	   1.45	  19.65	
   1196	  13.55	  -1.15	 -0.015	0.99831							#	   1.50	  20.20	
   1197	  13.51	  -1.05	 -0.011	0.99824							#	   1.63	  19.65	
   1198	  13.45	  -1.03	 -0.013	0.99825							#	   1.50	  19.14	
   1199	  13.40	  -1.15	 -0.016	0.99822							#	   1.38	  19.70	
   1200	  13.27	  -1.10	 -0.013	0.99823							#	   1.44	  15.30	
   1201	  13.33	  -1.22	 -0.018	0.99817							#	   1.39	  17.63	
   1202	  13.49	  -1.05	 -0.010	0.99818							#	   1.45	  18.08	
   1203	  13.61	  -1.09	 -0.012	0.99823							#	   1.49	  18.13	
   1204	  13.84	  -1.24	 -0.014	0.99822							#	   1.54	  18.69	
   1205	  13.80	  -1.43	 -0.016	0.99827							#	   1.57	  16.31	
   1206	  13.92	  -1.35	 -0.009	0.99846							#	   1.63	  17.02	
   1207	  13.93	  -1.57	 -0.015	0.99839							#	   1.56	  16.92	
   1208	  13.47	  -1.41	 -0.006	0.99825							#	   1.45	  15.96	
   1209	  13.80	  -1.64	 -0.014	0.99831							#	   1.56	  16.82	
   1210	  13.84	  -1.54	 -0.006	0.99865							#	   1.60	  17.88	
   1211	  13.83	  -1.68	 -0.010	0.99872							#	   1.57	  18.33	
   1212	  13.66	  -1.81	 -0.010	0.99881							#	   1.56	  20.25	
   1213	  13.77	  -2.14	 -0.013	0.99953							#	   1.60	  21.21	
   1214	  13.60	  -2.18	 -0.017	0.99944							#	   1.50	  22.27	
   1215	  13.66	  -2.33	 -0.012	0.99931							#	   1.41	  20.96	
   1216	  13.39	  -2.52	 -0.014	0.99930							#	   1.38	  19.44	
   1217	  13.20	  -2.67	 -0.017	0.99921							#	   1.38	  18.69	
   1218	  13.29	  -2.87	 -0.017	0.99918							#	   1.35	  20.71	
   1219	  13.35	  -3.07	 -0.020	0.99917							#	   1.47	  21.31	
   1220	  12.97	  -3.07	 -0.017	0.99918							#	   1.35	  21.31	
   1221	  12.89	  -3.16	 -0.015	0.99910							#	   1.34	  21.41	
   1222	  12.76	  -3.40	 -0.020	0.99936							#	   1.35	  23.69	
   1223	  12.42	  -3.21	 -0.009	0.99889							#	   1.44	  21.67	
   1224	  12.42	  -3.63	 -0.020	0.99888							#	   1.41	  22.53	
   1225	  12.36	  -3.60	 -0.015	0.99903							#	   1.40	  24.75	
   1226	  12.34	  -3.82	 -0.021	0.99902							#	   1.45	  22.47	
   1227	  12.49	  -3.86	 -0.017	0.99903							#	   1.50	  22.53	
   1228	  12.20	  -4.38	 -0.031	1.00047							#	   1.38	  26.16	
   1229	  12.31	  -4.65	 -0.027	1.00030							#	   1.44	  28.54	
   1230	  12.34	  -4.81	 -0.028	1.00027							#	   1.32	  27.83	
   1231	  12.25	  -4.85	 -0.026	1.00015							#	   1.32	  26.52	
   1232	  12.06	  -5.20	 -0.024	1.00037							#	   1.29	  26.41	
   1233	  11.96	  -5.28	 -0.024	1.00051							#	   1.31	  27.17	
   1234	  11.81	  -5.29	 -0.026	1.00029							#	   1.19	  26.77	
   1235	  11.55	  -5.33	 -0.024	1.00034							#	   1.11	  26.77	
   1236	  11.32	  -5.40	 -0.025	1.00028							#	   1.06	  28.33	
   1237	  11.00	  -5.55	 -0.025	1.00032							#	   1.17	  27.22	
   1238	  10.66	  -5.67	 -0.025	1.00023							#	   1.23	  26.21	
   1239	  10.45	  -5.67	 -0.026	1.00021							#	   1.26	  26.62	
   1240	  10.10	  -5.66	 -0.028	1.00019							#	   1.28	  26.62	
   1241	   9.89	  -5.70	 -0.025	1.00028							#	   1.25	  28.43	
   1242	   9.65	  -5.75	 -0.027	1.00006							#	   1.18	  28.43	
   1243	   9.32	  -5.85	 -0.024	1.00011							#	   1.11	  28.74	
   1244	   8.98	  -5.83	 -0.025	1.00024							#	   1.05	  29.85	
   1245	   8.61	  -5.92	 -0.024	1.00023							#	   1.07	  30.10	
   1246	   8.52	  -6.04	 -0.022	1.00012							#	   1.03	  30.45	
   1247	   8.25	  -5.98	 -0.022	1.00036							#	   1.06	  31.77	
   1248	   7.95	  -5.89	 -0.020	1.00026							#	   1.12	  32.12	
   1249	   7.83	  -5.83	 -0.021	1.00023							#	   1.13	  32.27	
   1250	   7.53	  -5.89	 -0.022	1.00033							#	   1.06	  32.27	
   1251	   7.34	  -5.76	 -0.021	1.00024							#	   1.05	  31.57	
   1252	   7.09	  -5.81	 -0.020	1.00020							#	   0.89	  32.68	
   1253	   6.86	  -5.70	 -0.020	1.00023							#	   0.89	  33.33	
   1254	   6.52	  -5.65	 -0.022	1.00021							#	   0.82	  33.43	
   1255	   6.51	  -5.68	 -0.020	0.99995							#	   0.83	  37.63	
   1256	   6.23	  -5.60	 -0.019	1.00001							#	   0.89	  38.13	
   1257	   6.03	  -5.50	 -0.017	0.99997							#	   0.82	  37.37	
   1258	   5.91	  -5.57	 -0.017	0.99998							#	   0.90	  37.63	
   1259	   5.63	  -5.58	 -0.017	0.99999							#	   0.98	  38.18	
   1260	   5.31	  -5.61	 -0.015	0.99996							#	   0.90	  34.95	
   1261	   5.28	  -5.66	 -0.017	0.99997							#	   0.95	  38.33	
   1262	   5.02	  -5.64	 -0.015	0.99992							#	   0.78	  38.23	
   1263	   4.90	  -5.63	 -0.016	0.99989							#	   0.80	  40.00	
   1264	   4.71	  -5.72	 -0.013	0.99989							#	   0.67	  39.80	
   1265	   4.65	  -5.73	 -0.013	0.99992							#	   0.73	  39.95	
   1266	   4.44	  -5.63	 -0.015	0.99990							#	   0.70	  41.01	
   1267	   4.32	  -5.77	 -0.013	0.99983							#	   0.74	  40.76	
   1268	   4.24	  -5.78	 -0.013	0.99986							#	   0.75	  41.97	
   1269	   4.15	  -5.74	 -0.014	0.99985							#	   0.81	  41.46	
   1270	   4.02	  -5.64	 -0.014	0.99987							#	   0.91	  41.41	
   1271	   4.00	  -5.80	 -0.014	0.99984							#	   0.82	  41.06	
   1272	   4.02	  -5.77	 -0.014	0.99982							#	   0.79	  41.46	
   1273	   3.89	  -5.89	 -0.014	0.99983							#	   0.75	  40.86	
   1274	   3.71	  -5.81	 -0.013	0.99986							#	   0.57	  42.47	
   1275	   3.73	  -5.77	 -0.012	0.99983							#	   0.58	  39.44	
   1276	   3.58	  -5.85	 -0.011	0.99981							#	   0.52	  41.36	
   1277	   3.66	  -5.89	 -0.011	0.99984							#	   0.57	  39.04	
   1278	   3.47	  -6.04	 -0.012	0.99990							#	   0.57	  38.74	
   1279	   3.65	  -6.07	 -0.009	0.99990							#	   0.63	  36.77	
   1280	   3.63	  -5.96	 -0.011	0.99985							#	   0.72	  38.69	
   1281	   3.60	  -6.12	 -0.010	0.99986							#	   0.77	  36.67	
   1282	   3.47	  -6.18	 -0.011	0.99982							#	   0.76	  37.93	
   1283	   3.54	  -6.34	 -0.011	0.99989							#	   0.75	  36.77	
   1284	   3.59	  -6.29	 -0.009	0.99987							#	   0.60	  38.89	
   1285	   3.59	  -6.37	 -0.013	0.99983							#	   0.61	  37.98	
   1286	   3.58	  -6.49	 -0.007	0.99984							#	   0.59	  38.18	
   1287	   3.60	  -6.59	 -0.012	0.99987							#	   0.60	  37.22	
   1288	   3.58	  -6.64	 -0.011	0.99987							#	   0.61	  37.22	
   1289	   3.59	  -6.89	 -0.011	0.99978							#	   0.68	  38.38	
   1290	   3.44	  -7.01	 -0.009	0.99988							#	   0.75	  37.42	
   1291	   3.36	  -7.24	 -0.009	0.99985							#	   0.79	  37.98	
   1292	   3.33	  -7.21	 -0.010	0.99984							#	   0.76	  38.48	
   1293	   3.34	  -7.30	 -0.013	0.99985							#	   0.70	  38.08	
   1294	   3.55	  -7.34	 -0.008	0.99990							#	   0.65	  38.59	
   1295	   3.33	  -7.45	 -0.008	0.99980							#	   0.64	  37.47	
   1296	   3.18	  -7.51	 -0.012	0.99983							#	   0.64	  37.93	
   1297	   3.15	  -7.60	 -0.011	0.99981							#	   0.65	  37.58	
   1298	   3.21	  -7.70	 -0.009	0.99983							#	   0.67	  36.67	
   1299	   3.25	  -7.67	 -0.008	0.99969							#	   0.70	  38.03	
   1300	   3.28	  -7.74	 -0.011	0.99990							#	   0.69	  35.61	
   1301	   3.39	  -7.67	 -0.008	0.99982							#	   0.73	  36.72	
   1302	   3.13	  -7.64	 -0.011	0.99990							#	   0.66	  36.01	
   1303	   3.43	  -7.86	 -0.010	0.99984							#	   0.69	  34.75	
   1304	   3.51	  -7.80	 -0.010	0.99990							#	   0.65	  35.25	
   1305	   3.64	  -7.80	 -0.011	0.99985							#	   0.69	  35.81	
   1306	   3.47	  -7.99	 -0.011	0.99989							#	   0.70	  35.51	
   1307	   3.71	  -7.91	 -0.011	0.99986							#	   0.69	  35.81	
   1308	   3.55	  -7.86	 -0.014	0.99986							#	   0.64	  36.06	
   1309	   3.85	  -8.13	 -0.010	0.99988							#	   0.65	  35.71	
   1310	   3.82	  -7.95	 -0.012	0.99990							#	   0.60	  36.62	
   1311	   3.83	  -8.08	 -0.011	0.99990							#	   0.60	  36.52	
   1312	   3.78	  -8.12	 -0.012	0.99990							#	   0.63	  36.52	
   1313	   3.88	  -8.15	 -0.011	0.99996							#	   0.69	  36.46	
   1314	   3.83	  -8.18	 -0.011	0.99985							#	   0.66	  36.11	
   1315	   3.89	  -8.17	 -0.010	0.99990							#	   0.69	  36.16	
   1316	   4.01	  -8.09	 -0.010	0.99989							#	   0.66	  35.81	
   1317	   3.91	  -8.04	 -0.010	0.99993							#	   0.61	  35.45	
   1318	   4.08	  -7.95	 -0.012	0.99990							#	   0.64	  35.61	
   1319	   4.03	  -7.73	 -0.012	0.99992							#	   0.61	  35.30	
   1320	   4.03	  -7.67	 -0.010	0.99985							#	   0.61	  31.16	
   1321	   4.02	  -7.51	 -0.013	0.99989							#	   0.57	  35.45	
   1322	   4.10	  -7.43	 -0.014	0.99986							#	   0.58	  35.30	
   1323	   4.03	  -7.22	 -0.010	0.99992							#	   0.54	  33.84	
   1324	   4.22	  -7.04	 -0.014	0.99994							#	   0.55	  33.79	
   1325	   4.10	  -6.98	 -0.014	0.99992							#	   0.51	  34.60	
   1326	   4.22	  -6.84	 -0.014	0.99992							#	   0.52	  34.55	
   1327	   4.36	  -6.70	 -0.017	0.99994							#	   0.53	  33.38	
   1328	   4.26	  -6.58	 -0.015	0.99993							#	   0.51	  34.19	
   1329	   4.25	  -6.52	 -0.015	0.99992							#	   0.49	  34.09	
   1330	   4.37	  -6.22	 -0.016	0.99993							#	   0.48	  33.23	
   1331	   4.42	  -6.10	 -0.014	0.99999							#	   0.49	  32.68	
   1332	   4.25	  -6.07	 -0.013	0.99991							#	   0.47	  32.83	
   1333	   4.30	  -5.98	 -0.016	0.99997							#	   0.48	  32.27	
   1334	   4.32	  -5.75	 -0.016	0.99995							#	   0.46	  32.07	
   1335	   4.29	  -5.66	 -0.014	0.99991							#	   0.45	  31.57	
   1336	   4.29	  -5.54	 -0.015	0.99987							#	   0.46	  31.67	
   1337	   4.12	  -5.46	 -0.014	0.99991							#	   0.44	  32.17	
   1338	   4.24	  -5.20	 -0.015	0.99995							#	   0.42	  32.17	
   1339	   4.23	  -5.24	 -0.015	0.99996							#	   0.42	  32.32	
   1340	   4.09	  -5.07	 -0.013	0.99988							#	   0.40	  31.82	
   1341	   4.08	  -4.95	 -0.016	0.99994							#	   0.39	  31.72	
   1342	   4.13	  -4.83	 -0.015	0.99990							#	   0.36	  31.92	
   1343	   4.13	  -4.74	 -0.016	0.99993							#	   0.36	  31.52	
   1344	   4.12	  -4.68	 -0.015	0.99991							#	   0.35	  31.77	
   1345	   4.03	  -4.61	 -0.013	0.99990							#	   0.36	  32.17	
   1346	   3.92	  -4.44	 -0.015	0.99985							#	   0.35	  31.82	
   1347	   3.99	  -4.31	 -0.016	0.99990							#	   0.34	  31.52	
   1348	   3.94	  -4.35	 -0.014	0.99986							#	   0.35	  31.52	
   1349	   3.85	  -4.28	 -0.016	0.99989							#	   0.34	  31.92	
   1350	   3.79	  -4.17	 -0.015	0.99990							#	   0.33	  31.01	
   1351	   3.75	  -4.07	 -0.014	0.99991							#	   0.33	  30.45	
   1352	   3.72	  -4.02	 -0.016	0.99993							#	   0.32	  30.71	
   1353	   3.68	  -3.94	 -0.016	0.99999							#	   0.29	  30.71	
   1354	   3.66	  -3.87	 -0.015	0.99993							#	   0.30	  30.40	
   1355	   3.64	  -3.80	 -0.015	0.99998							#	   0.28	  30.25	
   1356	   3.57	  -3.70	 -0.015	0.99991							#	   0.27	  30.35	
   1357	   3.50	  -3.56	 -0.015	0.99992							#	   0.26	  30.05	
   1358	   3.41	  -3.54	 -0.014	0.99988							#	   0.24	  30.76	
   1359	   3.53	  -3.46	 -0.017	0.99989							#	   0.23	  31.67	
   1360	   3.35	  -3.42	 -0.017	0.99985							#	   0.23	  31.67	
   1361	   3.37	  -3.37	 -0.016	0.99985							#	   0.24	  31.82	
   1362	   3.42	  -3.30	 -0.018	0.99990							#	   0.25	  31.41	
   1363	   3.23	  -3.21	 -0.019	0.99988							#	   0.23	  30.96	
   1364	   3.28	  -3.07	 -0.018	0.99988							#	   0.22	  31.16	
   1365	   3.25	  -2.88	 -0.016	0.99996							#	   0.22	  30.51	
   1366	   3.50	  -2.88	 -0.017	1.00061							#	   0.23	  31.01	
   1367	   2.91	  -2.66	 -0.015	1.00026							#	   0.18	  30.51	
   1368	   3.05	  -2.59	 -0.018	0.99993							#	   0.20	  30.00	
   1369	   3.23	  -2.40	 -0.014	0.99988							#	   0.20	  29.70	
   1370	   3.24	  -2.35	 -0.014	0.99998							#	   0.19	  30.71	
   1371	   3.10	  -2.28	 -0.014	1.00000							#	   0.18	  30.56	
   1372	   3.10	  -2.24	 -0.015	1.00000							#	   0.18	  30.40	
   1373	   3.10	  -2.10	 -0.014	0.99996							#	   0.17	  30.10	
   1374	   3.09	  -2.04	 -0.014	0.99991							#	   0.17	  30.20	
   1375	   3.21	  -2.08	 -0.014	0.99995							#	   0.18	  30.15	
   1376	   3.40	  -1.82	 -0.012	0.99994							#	   0.18	  29.39	
   1377	   3.16	  -1.78	 -0.014	0.99989							#	   0.17	  29.44	
   1378	   3.14	  -1.79	 -0.012	0.99991							#	   0.16	  29.60	
   1379	   3.27	  -1.76	 -0.013	0.99991							#	   0.16	  29.60	
   1380	   3.22	  -1.74	 -0.011	0.99995							#	   0.17	  23.94	
   1381	   3.03	  -1.60	 -0.015	0.99990							#	   0.15	  29.60	
   1382	   3.18	  -1.50	 -0.012	0.99988							#	   0.15	  28.48	
   1383	   3.20	  -1.37	 -0.011	0.99995							#	   0.15	  28.54	
   1384	   2.98	  -1.38	 -0.012	0.99992							#	   0.14	  28.54	
   1385	   2.87	  -1.30	 -0.015	0.99992							#	   0.14	  28.74	
   1386	   3.01	  -1.24	 -0.013	0.99986							#	   0.14	  28.69	
   1387	   3.02	  -1.05	 -0.012	0.99973							#	   0.14	  28.89	
   1388	   3.07	  -0.95	 -0.012	0.99979							#	   0.14	  29.24	
   1389	   2.87	  -0.86	 -0.011	0.99989							#	   0.13	  27.98	
   1390	   2.85	  -0.69	 -0.010	0.99989							#	   0.12	  29.14	
   1391	   2.69	  -0.50	 -0.010	0.99990							#	   0.11	  28.94	
   1392	   2.58	  -0.50	 -0.009	0.99992							#	   0.10	  28.94	
   1393	   2.51	  -0.64	 -0.010	0.99991							#	   0.10	  28.54	
   1394	   2.48	  -0.52	 -0.011	0.99992							#	   0.10	  29.04	
   1395	   2.33	  -0.47	 -0.011	0.99991							#	   0.10	  29.09	
   1396	   2.19	  -0.45	 -0.011	0.99992							#	   0.09	  29.55	
   1397	   2.11	  -0.46	 -0.011	0.99993							#	   0.08	  30.66	
   1398	   1.94	  -0.40	 -0.009	0.99992							#	   0.07	  30.05	
   1399	   1.83	  -0.42	 -0.009	0.99991							#	   0.07	  30.56	
   1400	   1.81	  -0.26	 -0.008	0.99994							#	   0.06	  30.86	
   1401	   1.74	  -0.20	 -0.009	0.99997							#	   0.06	  30.35	
   1402	   1.54	  -0.25	 -0.009	0.99996							#	   0.05	  29.24	
   1403	   1.47	  -0.14	 -0.007	0.99998							#	   0.05	  29.65	
   1404	   1.43	  -0.11	 -0.006	1.00000							#	   0.05	  29.49	
   1405	   1.20	  -0.13	 -0.008	0.99998							#	   0.04	  30.10	
   1406	   1.08	  -0.12	 -0.008	0.99997							#	   0.04	  30.66	
   1407	   0.94	  -0.09	 -0.011	1.00002							#	   0.04	  31.31	
   1408	   0.97	  -0.06	 -0.008	0.99999							#	   0.03	  30.81	
   1409	   0.77	  -0.03	 -0.010	1.00002							#	   0.03	  30.25	
   1410	   0.85	  -0.03	 -0.011	1.00004							#	   0.03	  30.45	
   1411	   0.81	   0.00	 -0.011	1.00002							#	   0.03	  30.45	
   1412	   0.70	  -0.01	 -0.012	1.00003							#	   0.03	  30.35	
   1413	   0.54	   0.01	 -0.011	1.00006							#	   0.03	  30.20	
   1414	   0.77	   0.04	 -0.012	1.00000							#	   0.03	  30.25	
   1415	   0.67	  -0.08	 -0.011	1.00000							#	   0.03	  30.15	
   1416	   0.71	  -0.19	 -0.012	1.00003							#	   0.03	  30.35	
   1417	   0.71	  -0.22	 -0.010	0.99998							#	   0.03	  30.76	
   1418	   0.71	  -0.25	 -0.010	0.99997							#	   0.03	  30.35	
   1419	   0.78	  -0.38	 -0.009	0.99994							#	   0.03	  30.25	
   1420	   0.73	  -0.36	 -0.009	0.99996							#	   0.03	  29.80	
   1421	   0.51	  -0.44	 -0.010	0.99995							#	   0.03	  29.70	
   1422	   0.79	  -0.46	 -0.009	0.99994							#	   0.03	  29.34	
   1423	   0.60	  -0.43	 -0.008	0.99993							#	   0.03	  29.60	
   1424	   0.66	  -0.44	 -0.008	0.99995							#	   0.03	  29.60	
   1425	   0.65	  -0.46	 -0.006	0.99991							#	   0.03	  28.79	
   1426	   0.62	  -0.36	 -0.008	0.99999							#	   0.03	  29.09	
   1427	   0.74	  -0.36	 -0.005	0.99996							#	   0.03	  29.29	
   1428	   0.74	  -0.29	 -0.005	0.99998							#	   0.03	  29.60	
   1429	   0.59	  -0.10	 -0.002	0.99998							#	   0.03	  29.80	
   1430	   0.67	   0.01	 -0.004	1.00002							#	   0.03	  30.20	
   1431	   0.72	   0.08	 -0.002	1.00002							#	   0.03	  30.10	
   1432	   0.61	   0.07	 -0.003	1.00005							#	   0.03	  30.10	
   1433	   0.53	   0.05	 -0.001	1.00001							#	   0.03	  29.70	
   1434	   0.28	   0.00	  0.000	0.99998							#	   0.03	  30.20	
   1435	   0.35	  -0.09	 -0.005	1.00002							#	   0.03	  30.56	
   1436	   0.11	   0.08	  0.000	0.99998							#	   0.03	  31.97	
   1437	   0.12	   0.11	 -0.000	0.99997							#	   0.02	  31.67	
