      1	   1.10	  -0.48	  0.020	0.99988							#	   0.02	  67.78	
      2	   1.03	  -0.67	  0.019	0.99988							#	   0.08	  67.37	
      3	   1.06	  -0.91	  0.017	0.99984							#	   0.09	  66.36	
      4	   0.91	  -0.95	  0.017	0.99982							#	   0.08	  65.66	
      5	   1.16	  -1.23	  0.015	0.99995							#	   0.10	  63.74	
      6	   1.04	  -1.33	  0.016	0.99989							#	   0.11	  64.90	
      7	   0.98	  -1.56	  0.016	0.99985							#	   0.12	  65.51	
      8	   0.90	  -1.68	  0.016	0.99984							#	   0.11	  67.02	
      9	   0.81	  -1.80	  0.013	0.99979							#	   0.11	  66.87	
     10	   0.72	  -2.00	  0.014	0.99983							#	   0.12	  67.02	
     11	   0.72	  -2.34	  0.011	0.99988							#	   0.15	  65.66	
     12	   0.50	  -2.40	  0.013	0.99977							#	   0.15	  67.22	
     13	   0.39	  -2.39	  0.011	0.99981							#	   0.14	  66.92	
     14	   0.43	  -2.42	  0.010	0.99993							#	   0.15	  66.72	
     15	   0.11	  -2.56	  0.010	0.99991							#	   0.16	  67.42	
     16	   0.17	  -2.44	  0.007	0.99986							#	   0.15	  66.92	
     17	   0.67	  -2.39	  0.006	0.99980							#	   0.15	  66.77	
     18	   0.28	  -2.55	  0.007	0.99982							#	   0.17	  67.27	
     19	  -0.02	  -2.60	  0.011	0.99977							#	   0.20	  67.42	
     20	  -0.12	  -2.72	  0.005	0.99979							#	   0.20	  67.47	
     21	  -0.19	  -2.81	  0.006	0.99975							#	   0.23	  66.72	
     22	  -0.16	  -2.75	  0.007	0.99977							#	   0.21	  66.92	
     23	  -0.56	  -2.74	  0.008	0.99972							#	   0.23	  65.05	
     24	  -0.77	  -2.77	  0.009	0.99978							#	   0.23	  66.52	
     25	  -0.91	  -2.48	  0.010	0.99980							#	   0.22	  64.60	
     26	  -0.99	  -2.16	  0.011	0.99982							#	   0.19	  65.40	
     27	  -1.02	  -2.03	  0.010	0.99978							#	   0.18	  65.00	
     28	  -0.95	  -1.68	  0.013	0.99975							#	   0.15	  66.11	
     29	  -0.80	  -1.55	  0.015	0.99976							#	   0.15	  65.81	
     30	  -0.83	  -1.38	  0.014	0.99974							#	   0.13	  65.66	
     31	  -0.60	  -1.22	  0.012	0.99979							#	   0.11	  66.16	
     32	  -0.23	  -0.97	  0.011	0.99976							#	   0.07	  65.86	
     33	  -0.61	  -0.67	  0.009	0.99958							#	   0.18	  62.07	
     34	  -1.27	  -0.27	  0.010	0.99984							#	   0.10	  65.30	
     35	  -1.12	  -0.03	  0.012	0.99981							#	   0.09	  65.05	
     36	  -1.00	   0.13	  0.012	0.99976							#	   0.08	  65.51	
     37	  -0.63	   0.53	  0.013	0.99971							#	   0.07	  66.36	
     38	  -0.65	   0.82	  0.015	0.99971							#	   0.06	  65.10	
     39	  -0.75	   1.01	  0.013	0.99968							#	   0.08	  65.00	
     40	  -0.70	   1.33	  0.011	0.99972							#	   0.09	  66.21	
     41	  -0.45	   1.40	  0.015	0.99973							#	   0.08	  66.52	
     42	  -0.40	   1.77	  0.014	0.99977							#	   0.10	  66.06	
     43	  -0.19	   2.01	  0.014	0.99982							#	   0.11	  67.17	
     44	  -0.24	   2.29	  0.015	0.99982							#	   0.12	  68.13	
     45	  -0.33	   2.39	  0.015	0.99980							#	   0.13	  67.22	
     46	  -0.18	   2.82	  0.017	0.99980							#	   0.17	  66.77	
     47	  -0.29	   3.01	  0.018	0.99971							#	   0.18	  66.21	
     48	  -0.47	   3.19	  0.018	0.99972							#	   0.20	  67.53	
     49	  -0.53	   3.25	  0.019	0.99974							#	   0.21	  67.22	
     50	  -0.49	   3.29	  0.021	0.99973							#	   0.21	  67.17	
     51	  -1.00	   3.36	  0.020	0.99973							#	   0.24	  67.63	
     52	  -0.88	   3.38	  0.021	0.99972							#	   0.23	  67.63	
     53	  -0.93	   3.36	  0.024	0.99970							#	   0.23	  67.98	
     54	  -1.08	   3.37	  0.026	0.99972							#	   0.24	  68.03	
     55	  -1.40	   3.39	  0.026	0.99967							#	   0.26	  66.82	
     56	  -0.84	   3.24	  0.027	0.99965							#	   0.22	  66.36	
     57	  -0.53	   2.98	  0.028	0.99974							#	   0.17	  66.46	
     58	  -0.05	   2.93	  0.026	0.99973							#	   0.17	  67.32	
     59	   0.63	   2.81	  0.029	0.99969							#	   0.18	  67.42	
     60	   0.10	   2.53	  0.028	0.99967							#	   0.17	  64.29	
     61	   0.53	   2.51	  0.028	0.99965							#	   0.16	  67.12	
     62	   0.71	   2.47	  0.028	0.99963							#	   0.15	  67.93	
     63	   0.94	   2.45	  0.027	0.99967							#	   0.16	  67.68	
     64	   1.21	   2.43	  0.028	0.99970							#	   0.18	  66.62	
     65	   1.42	   2.40	  0.028	0.99965							#	   0.19	  67.63	
     66	   1.52	   2.61	  0.029	0.99968							#	   0.21	  67.53	
     67	   1.74	   2.85	  0.029	0.99966							#	   0.25	  67.53	
     68	   2.12	   2.68	  0.027	0.99962							#	   0.27	  66.87	
     69	   2.67	   2.53	  0.028	0.99967							#	   0.32	  67.02	
     70	   2.99	   2.66	  0.029	0.99964							#	   0.36	  66.62	
     71	   2.82	   2.78	  0.028	0.99966							#	   0.36	  66.26	
     72	   2.89	   2.91	  0.027	0.99969							#	   0.37	  66.06	
     73	   3.00	   3.20	  0.027	0.99965							#	   0.42	  65.10	
     74	   2.71	   3.19	  0.026	0.99962							#	   0.39	  64.85	
     75	   2.67	   3.20	  0.025	0.99956							#	   0.40	  65.81	
     76	   2.92	   2.95	  0.023	0.99951							#	   0.43	  66.62	
     77	   2.91	   2.74	  0.021	0.99953							#	   0.39	  65.86	
     78	   2.79	   2.82	  0.019	0.99957							#	   0.38	  66.72	
     79	   2.81	   2.66	  0.019	0.99954							#	   0.37	  67.17	
     80	   2.76	   3.10	  0.018	0.99946							#	   0.40	  67.22	
     81	   2.58	   3.34	  0.018	0.99964							#	   0.40	  65.96	
     82	   2.32	   3.62	  0.020	0.99969							#	   0.39	  65.96	
     83	   2.32	   3.81	  0.019	0.99972							#	   0.43	  64.75	
     84	   2.24	   4.03	  0.016	0.99981							#	   0.44	  66.97	
     85	   1.82	   3.85	  0.014	0.99974							#	   0.37	  67.63	
     86	   1.50	   3.42	  0.013	0.99966							#	   0.29	  68.74	
     87	   1.12	   3.26	  0.012	0.99953							#	   0.25	  69.19	
     88	   0.82	   3.03	  0.011	0.99951							#	   0.22	  68.84	
     89	   0.96	   2.94	  0.007	0.99954							#	   0.22	  68.74	
     90	   1.75	   2.94	  0.009	0.99954							#	   0.28	  68.79	
     91	   0.31	   2.99	  0.009	0.99940							#	   0.21	  68.38	
     92	   0.25	   3.04	  0.010	0.99959							#	   0.20	  68.94	
     93	  -0.03	   3.01	  0.008	0.99954							#	   0.21	  68.23	
     94	  -0.08	   2.75	  0.009	0.99965							#	   0.17	  68.28	
     95	  -0.25	   2.21	  0.008	0.99975							#	   0.14	  68.38	
     96	  -0.21	   1.55	  0.009	0.99976							#	   0.10	  67.02	
     97	  -0.27	   0.77	  0.005	0.99968							#	   0.08	  66.06	
     98	   0.07	   0.29	  0.012	0.99966							#	   0.07	  67.88	
     99	   0.22	  -0.25	  0.004	0.99963							#	   0.07	  66.16	
    100	  -0.09	  -0.76	  0.012	0.99966							#	   0.08	  67.98	
    101	  -0.10	  -1.15	  0.008	0.99963							#	   0.09	  64.49	
    102	  -0.32	  -1.59	  0.011	0.99975							#	   0.11	  61.82	
    103	  -0.44	  -1.82	  0.008	0.99963							#	   0.13	  66.41	
    104	  -0.42	  -1.95	  0.011	0.99973							#	   0.14	  65.30	
    105	  -0.41	  -2.02	  0.010	0.99963							#	   0.15	  63.94	
    106	  -0.48	  -2.15	  0.010	0.99962							#	   0.16	  62.63	
    107	  -0.48	  -2.11	  0.009	0.99965							#	   0.16	  63.43	
    108	  -0.50	  -2.02	  0.010	0.99968							#	   0.16	  64.80	
    109	  -0.53	  -1.97	  0.009	0.99967							#	   0.14	  64.55	
    110	  -0.38	  -2.07	  0.010	0.99971							#	   0.15	  61.67	
    111	  -0.39	  -2.02	  0.009	0.99964							#	   0.16	  65.15	
    112	  -0.46	  -1.97	  0.010	0.99963							#	   0.16	  65.20	
    113	  -0.46	  -2.02	  0.009	0.99964							#	   0.16	  64.14	
    114	  -0.55	  -1.88	  0.007	0.99978							#	   0.14	  65.15	
    115	  -0.15	  -1.91	  0.007	0.99980							#	   0.15	  64.09	
    116	  -0.47	  -1.92	  0.005	0.99967							#	   0.18	  65.10	
    117	  -0.26	  -1.70	  0.008	0.99963							#	   0.15	  65.40	
    118	   0.47	  -1.82	  0.006	0.99968							#	   0.19	  65.45	
    119	  -0.05	  -1.87	  0.007	0.99968							#	   0.19	  64.80	
    120	  -0.31	  -2.06	  0.006	0.99962							#	   0.21	  61.62	
    121	  -0.03	  -1.80	  0.010	0.99949							#	   0.17	  63.23	
    122	   0.30	  -1.58	  0.010	0.99950							#	   0.18	  63.69	
    123	   0.21	  -1.57	  0.013	0.99953							#	   0.19	  63.54	
    124	   0.32	  -1.72	  0.011	0.99959							#	   0.18	  64.04	
    125	   0.42	  -1.41	  0.012	0.99964							#	   0.16	  65.76	
    126	   0.41	  -1.09	  0.012	0.99970							#	   0.15	  65.05	
    127	   0.18	  -0.84	  0.013	0.99975							#	   0.15	  66.31	
    128	   0.48	  -0.64	  0.013	0.99977							#	   0.14	  65.66	
    129	   0.74	  -0.75	  0.014	0.99966							#	   0.20	  65.10	
    130	   0.74	  -0.90	  0.014	0.99954							#	   0.21	  65.30	
    131	   0.51	  -1.13	  0.015	0.99948							#	   0.18	  64.70	
    132	   0.35	  -1.44	  0.015	0.99957							#	   0.18	  64.70	
    133	   0.25	  -1.49	  0.013	0.99958							#	   0.20	  63.84	
    134	   0.32	  -1.91	  0.015	0.99958							#	   0.22	  64.29	
    135	   0.24	  -1.74	  0.015	0.99958							#	   0.21	  64.39	
    136	   0.23	  -1.58	  0.015	0.99967							#	   0.20	  64.34	
    137	   0.25	  -1.71	  0.017	0.99966							#	   0.28	  64.60	
    138	   0.30	  -1.56	  0.018	0.99967							#	   0.30	  64.34	
    139	   0.20	  -1.48	  0.019	0.99968							#	   0.31	  64.70	
    140	   0.35	  -1.45	  0.020	0.99967							#	   0.22	  65.40	
    141	   0.41	  -1.38	  0.022	0.99964							#	   0.21	  65.30	
    142	   0.67	  -1.32	  0.024	0.99966							#	   0.27	  65.61	
    143	   0.52	  -1.12	  0.026	0.99959							#	   0.29	  64.24	
    144	   0.42	  -0.83	  0.025	0.99959							#	   0.26	  64.49	
    145	   0.29	  -0.36	  0.025	0.99965							#	   0.23	  64.75	
    146	   0.61	   0.16	  0.023	0.99964							#	   0.31	  64.49	
    147	   0.90	   0.57	  0.022	0.99966							#	   0.30	  63.89	
    148	   1.23	   1.05	  0.022	0.99961							#	   0.30	  64.49	
    149	   0.80	   1.41	  0.021	0.99962							#	   0.33	  64.75	
    150	   0.51	   1.99	  0.021	0.99957							#	   0.38	  63.48	
    151	   0.29	   2.27	  0.024	0.99958							#	   0.33	  63.99	
    152	   0.12	   2.48	  0.017	0.99958							#	   0.40	  63.99	
    153	   0.23	   2.84	  0.021	0.99949							#	   0.45	  64.24	
    154	   0.46	   2.66	  0.018	0.99951							#	   0.44	  64.14	
    155	   0.18	   2.93	  0.022	0.99951							#	   0.44	  62.27	
    156	  -0.10	   2.67	  0.013	0.99954							#	   0.50	  62.17	
    157	  -0.03	   2.79	  0.016	0.99963							#	   0.47	  61.67	
    158	   0.60	   3.03	  0.015	0.99956							#	   0.59	  64.29	
    159	   0.76	   3.23	  0.019	0.99953							#	   0.56	  63.64	
    160	   0.71	   3.10	  0.016	0.99958							#	   0.67	  63.99	
    161	   0.58	   3.40	  0.020	0.99954							#	   0.71	  62.98	
    162	   0.67	   3.27	  0.014	0.99946							#	   0.57	  63.99	
    163	   0.68	   3.20	  0.014	0.99946							#	   0.71	  63.89	
    164	   0.63	   2.95	  0.009	0.99940							#	   0.71	  63.94	
    165	   0.53	   2.64	  0.008	0.99941							#	   0.62	  63.59	
    166	   0.23	   2.36	  0.006	0.99949							#	   0.71	  63.89	
    167	   0.24	   2.67	  0.005	0.99944							#	   0.64	  63.64	
    168	   0.26	   2.85	  0.003	0.99951							#	   0.60	  66.21	
    169	   0.36	   3.48	  0.002	0.99952							#	   0.77	  66.26	
    170	   0.66	   4.07	  0.001	0.99958							#	   0.65	  67.12	
    171	   0.70	   4.32	  0.003	0.99961							#	   0.88	  67.32	
    172	   0.35	   4.33	  0.003	0.99959							#	   0.67	  67.93	
    173	   0.33	   4.14	  0.001	0.99968							#	   0.93	  67.63	
    174	   0.69	   3.91	  0.002	0.99956							#	   0.60	  68.64	
    175	   0.84	   3.46	  0.001	0.99958							#	   0.82	  68.08	
    176	   0.57	   3.30	  0.000	0.99950							#	   0.59	  68.18	
    177	   0.24	   3.15	  0.001	0.99943							#	   0.60	  69.09	
    178	   0.14	   2.85	  0.001	0.99938							#	   0.72	  68.89	
    179	   0.13	   2.92	  0.004	0.99952							#	   0.58	  68.89	
    180	   0.13	   2.71	  0.002	0.99951							#	   0.91	  65.51	
    181	  -0.06	   2.38	  0.006	0.99949							#	   0.52	  68.38	
    182	  -0.24	   1.95	  0.005	0.99956							#	   0.52	  68.84	
    183	  -0.58	   1.41	  0.005	0.99959							#	   0.40	  67.07	
    184	  -0.73	   1.06	  0.006	0.99959							#	   0.26	  67.22	
    185	  -0.84	   0.58	  0.005	0.99957							#	   0.24	  65.35	
    186	  -1.04	   0.20	  0.007	0.99960							#	   0.23	  68.18	
    187	  -1.40	  -0.03	  0.005	0.99964							#	   0.24	  67.93	
    188	  -1.36	  -0.34	  0.006	0.99960							#	   0.18	  65.30	
    189	  -1.32	  -0.60	  0.005	0.99968							#	   0.18	  65.30	
    190	  -1.79	  -0.83	  0.005	0.99964							#	   0.21	  67.47	
    191	  -2.14	  -0.92	  0.004	0.99963							#	   0.20	  66.82	
    192	  -2.60	  -1.10	  0.002	0.99960							#	   0.25	  67.47	
    193	  -2.97	  -1.16	  0.002	0.99966							#	   0.28	  66.52	
    194	  -3.28	  -1.22	  0.001	0.99969							#	   0.32	  63.48	
    195	  -3.75	  -1.22	 -0.001	0.99973							#	   0.38	  63.08	
    196	  -4.12	  -1.17	 -0.001	0.99964							#	   0.45	  61.21	
    197	  -4.31	  -1.11	 -0.003	0.99967							#	   0.53	  57.68	
    198	  -4.50	  -0.98	 -0.001	0.99987							#	   0.57	  56.11	
    199	  -4.79	  -0.93	 -0.004	1.00000							#	   0.66	  53.13	
    200	  -4.98	  -0.69	  0.002	0.99967							#	   0.65	  59.70	
    201	  -4.55	  -0.44	 -0.004	0.99961							#	   0.57	  54.04	
    202	  -4.43	  -0.55	 -0.002	0.99955							#	   0.53	  58.38	
    203	  -4.98	  -0.65	  0.001	0.99969							#	   0.62	  55.91	
    204	  -5.49	  -0.75	  0.000	0.99980							#	   0.74	  55.35	
    205	  -5.10	  -0.92	 -0.011	1.00005							#	   0.68	  47.02	
    206	  -4.20	  -0.55	 -0.007	0.99998							#	   0.51	  47.93	
    207	  -4.49	  -0.70	 -0.004	1.00003							#	   0.59	  46.41	
    208	  -5.41	  -0.57	 -0.005	1.00006							#	   0.81	  48.48	
    209	  -4.72	  -0.36	 -0.009	1.00006							#	   0.61	  48.94	
    210	  -4.31	  -0.30	 -0.010	1.00009							#	   0.56	  51.57	
    211	  -4.32	  -0.02	 -0.009	1.00016							#	   0.59	  49.70	
    212	  -4.53	   0.05	 -0.009	1.00011							#	   0.65	  49.49	
    213	  -4.84	   0.33	 -0.005	0.99996							#	   0.71	  49.70	
    214	  -4.65	   0.14	 -0.002	0.99983							#	   0.64	  54.04	
    215	  -4.20	   0.45	 -0.001	0.99973							#	   0.54	  54.60	
    216	  -4.09	   0.59	  0.005	0.99964							#	   0.50	  58.28	
    217	  -4.42	   0.66	  0.006	0.99950							#	   0.55	  60.61	
    218	  -4.24	   0.64	  0.006	0.99958							#	   0.51	  61.97	
    219	  -3.93	   0.47	  0.006	0.99965							#	   0.43	  62.53	
    220	  -3.59	   0.51	  0.006	0.99963							#	   0.39	  62.83	
    221	  -3.50	   0.64	  0.008	0.99964							#	   0.38	  62.12	
    222	  -3.47	   0.62	  0.010	0.99966							#	   0.36	  64.39	
    223	  -3.03	   0.69	  0.012	0.99963							#	   0.29	  66.11	
    224	  -2.45	   0.88	  0.014	0.99960							#	   0.20	  64.09	
    225	  -1.88	   1.10	  0.016	0.99960							#	   0.15	  64.90	
    226	  -1.43	   1.12	  0.018	0.99958							#	   0.12	  62.88	
    227	  -1.15	   1.19	  0.017	0.99956							#	   0.10	  63.13	
    228	  -0.97	   1.25	  0.018	0.99958							#	   0.09	  64.95	
    229	  -0.72	   1.45	  0.018	0.99957							#	   0.09	  65.86	
    230	  -0.46	   1.74	  0.018	0.99952							#	   0.10	  65.20	
    231	   0.16	   1.89	  0.019	0.99952							#	   0.10	  66.57	
    232	   0.59	   2.04	  0.018	0.99950							#	   0.12	  65.30	
    233	   0.54	   2.41	  0.021	0.99954							#	   0.15	  65.56	
    234	   0.06	   2.74	  0.021	0.99950							#	   0.17	  66.82	
    235	   0.21	   2.73	  0.020	0.99953							#	   0.17	  65.86	
    236	   0.44	   2.87	  0.021	0.99949							#	   0.18	  66.36	
    237	   0.51	   3.07	  0.022	0.99942							#	   0.21	  64.65	
    238	   0.89	   3.15	  0.021	0.99946							#	   0.22	  63.64	
    239	   0.70	   3.06	  0.022	0.99951							#	   0.20	  65.00	
    240	   0.13	   3.10	  0.021	0.99964							#	   0.21	  60.71	
    241	   0.23	   3.24	  0.022	0.99956							#	   0.23	  62.37	
    242	   0.75	   3.24	  0.022	0.99948							#	   0.23	  64.09	
    243	   0.65	   3.29	  0.022	0.99955							#	   0.23	  63.99	
    244	   0.70	   3.33	  0.024	0.99939							#	   0.24	  63.38	
    245	   0.34	   3.49	  0.025	0.99923							#	   0.26	  62.68	
    246	  -0.02	   3.50	  0.023	0.99928							#	   0.25	  64.95	
    247	  -0.20	   3.25	  0.022	0.99923							#	   0.21	  65.71	
    248	  -0.58	   3.06	  0.020	0.99941							#	   0.20	  65.66	
    249	  -1.11	   2.89	  0.019	0.99950							#	   0.21	  65.30	
    250	  -1.49	   2.77	  0.019	0.99948							#	   0.22	  65.81	
    251	  -1.64	   2.79	  0.018	0.99957							#	   0.25	  65.35	
    252	  -1.87	   3.07	  0.019	0.99954							#	   0.30	  65.15	
    253	  -1.65	   3.20	  0.019	0.99957							#	   0.28	  65.05	
    254	  -1.85	   3.31	  0.018	0.99965							#	   0.31	  65.71	
    255	  -2.77	   3.14	  0.016	0.99951							#	   0.42	  65.00	
    256	  -2.86	   3.01	  0.017	0.99941							#	   0.41	  65.15	
    257	  -2.49	   2.65	  0.013	0.99939							#	   0.34	  63.94	
    258	  -3.04	   2.24	  0.015	0.99955							#	   0.40	  60.96	
    259	  -3.57	   1.60	  0.013	0.99956							#	   0.45	  60.45	
    260	  -3.84	   1.04	  0.010	0.99953							#	   0.49	  59.44	
    261	  -3.88	   0.52	  0.009	0.99977							#	   0.51	  54.04	
    262	  -3.96	   0.37	  0.009	0.99981							#	   0.52	  55.96	
    263	  -3.91	   0.19	  0.009	0.99979							#	   0.51	  56.52	
    264	  -3.83	   0.01	  0.009	0.99984							#	   0.48	  57.12	
    265	  -3.97	  -0.36	  0.009	0.99982							#	   0.50	  54.24	
    266	  -4.07	  -0.71	  0.011	0.99973							#	   0.54	  59.34	
    267	  -4.17	  -1.15	  0.010	0.99971							#	   0.61	  57.42	
    268	  -3.47	  -1.64	  0.009	0.99980							#	   0.53	  57.07	
    269	  -3.39	  -2.07	  0.013	0.99967							#	   0.50	  59.60	
    270	  -3.73	  -2.37	  0.015	0.99976							#	   0.60	  54.49	
    271	  -3.88	  -2.68	  0.015	0.99974							#	   0.65	  58.33	
    272	  -3.73	  -2.72	  0.012	0.99970							#	   0.63	  59.34	
    273	  -3.40	  -2.84	  0.015	0.99968							#	   0.56	  59.65	
    274	  -3.46	  -2.91	  0.015	0.99970							#	   0.61	  60.20	
    275	  -3.51	  -2.85	  0.015	0.99964							#	   0.63	  58.03	
    276	  -3.65	  -2.93	  0.014	0.99968							#	   0.64	  58.94	
    277	  -3.67	  -2.72	  0.013	0.99968							#	   0.63	  60.05	
    278	  -3.69	  -2.58	  0.013	0.99973							#	   0.61	  59.04	
    279	  -3.83	  -2.37	  0.016	0.99966							#	   0.62	  56.87	
    280	  -3.79	  -2.14	  0.014	0.99956							#	   0.60	  55.76	
    281	  -3.96	  -2.10	  0.016	0.99968							#	   0.62	  58.18	
    282	  -3.96	  -1.88	  0.016	0.99974							#	   0.62	  60.40	
    283	  -3.72	  -1.94	  0.014	0.99964							#	   0.57	  57.78	
    284	  -3.60	  -1.99	  0.016	0.99961							#	   0.55	  58.64	
    285	  -3.80	  -2.14	  0.013	0.99960							#	   0.62	  59.04	
    286	  -3.94	  -2.37	  0.011	0.99980							#	   0.68	  57.17	
    287	  -3.82	  -2.39	  0.011	0.99976							#	   0.68	  56.92	
    288	  -3.43	  -2.33	  0.011	0.99959							#	   0.55	  60.15	
    289	  -3.06	  -2.32	  0.015	0.99952							#	   0.49	  61.31	
    290	  -2.97	  -2.39	  0.015	0.99947							#	   0.48	  60.81	
    291	  -2.96	  -2.59	  0.015	0.99960							#	   0.49	  60.96	
    292	  -2.86	  -2.69	  0.012	0.99963							#	   0.48	  59.90	
    293	  -2.58	  -2.79	  0.011	0.99971							#	   0.43	  59.34	
    294	  -2.05	  -2.83	  0.008	0.99982							#	   0.36	  59.44	
    295	  -1.66	  -3.00	  0.008	0.99970							#	   0.34	  57.98	
    296	  -1.61	  -3.25	  0.009	0.99959							#	   0.36	  58.89	
    297	  -1.59	  -3.44	  0.009	0.99956							#	   0.38	  57.53	
    298	  -1.22	  -3.74	  0.007	0.99961							#	   0.36	  60.61	
    299	  -0.61	  -3.84	  0.006	0.99959							#	   0.34	  59.65	
    300	  -0.59	  -4.03	  0.006	0.99953							#	   0.39	  59.24	
    301	  -0.53	  -3.98	  0.004	0.99955							#	   0.37	  61.06	
    302	  -0.36	  -4.19	  0.003	0.99965							#	   0.38	  60.66	
    303	  -0.34	  -4.37	  0.003	0.99956							#	   0.44	  61.72	
    304	  -0.00	  -4.34	  0.003	0.99961							#	   0.40	  62.17	
    305	  -0.09	  -4.55	  0.004	0.99963							#	   0.42	  62.22	
    306	   0.08	  -4.41	  0.001	0.99971							#	   0.39	  61.26	
    307	   0.19	  -4.34	  0.004	0.99962							#	   0.40	  61.77	
    308	   0.34	  -4.25	  0.001	0.99967							#	   0.38	  62.07	
    309	   0.36	  -4.10	  0.003	0.99964							#	   0.38	  61.77	
    310	   0.69	  -4.22	  0.002	0.99965							#	   0.39	  60.91	
    311	   1.06	  -4.16	  0.002	0.99962							#	   0.38	  61.82	
    312	   1.33	  -3.93	  0.003	0.99968							#	   0.36	  60.25	
    313	   1.73	  -3.89	  0.005	0.99965							#	   0.39	  60.61	
    314	   2.03	  -3.77	  0.005	0.99964							#	   0.40	  61.01	
    315	   2.27	  -3.58	  0.009	0.99949							#	   0.43	  60.76	
    316	   2.42	  -3.57	  0.006	0.99953							#	   0.44	  60.71	
    317	   2.49	  -3.67	  0.007	0.99951							#	   0.44	  58.89	
    318	   2.42	  -3.83	  0.005	0.99947							#	   0.47	  58.54	
    319	   2.65	  -3.83	  0.004	0.99951							#	   0.48	  60.30	
    320	   2.86	  -4.11	  0.001	0.99954							#	   0.53	  60.35	
    321	   3.04	  -3.91	  0.002	0.99971							#	   0.50	  61.67	
    322	   2.97	  -3.72	  0.001	0.99961							#	   0.47	  58.43	
    323	   3.07	  -3.34	  0.002	0.99950							#	   0.43	  60.35	
    324	   3.53	  -2.81	  0.004	0.99951							#	   0.45	  61.31	
    325	   3.53	  -2.57	  0.004	0.99945							#	   0.45	  57.12	
    326	   3.53	  -2.40	  0.004	0.99940							#	   0.47	  55.25	
    327	   3.52	  -2.24	  0.003	0.99941							#	   0.45	  58.94	
    328	   3.55	  -2.01	 -0.001	0.99926							#	   0.46	  56.52	
    329	   3.66	  -1.90	 -0.005	0.99942							#	   0.44	  60.51	
    330	   3.56	  -1.78	 -0.009	0.99951							#	   0.42	  61.41	
    331	   3.29	  -1.84	 -0.013	0.99955							#	   0.38	  63.64	
    332	   3.29	  -1.29	 -0.016	0.99961							#	   0.34	  62.37	
    333	   3.12	  -0.89	 -0.016	0.99956							#	   0.32	  63.54	
    334	   3.16	  -0.40	 -0.016	0.99965							#	   0.29	  62.37	
    335	   3.04	   0.02	 -0.012	0.99959							#	   0.27	  64.09	
    336	   3.04	   0.14	 -0.016	0.99963							#	   0.26	  64.44	
    337	   2.78	   0.06	 -0.018	0.99956							#	   0.23	  64.14	
    338	   2.58	  -0.03	 -0.024	0.99958							#	   0.19	  64.85	
    339	   2.89	  -0.35	 -0.026	0.99959							#	   0.24	  63.99	
    340	   2.93	  -0.53	 -0.025	0.99962							#	   0.25	  63.64	
    341	   2.40	  -0.76	 -0.023	0.99953							#	   0.22	  64.39	
    342	   2.18	  -0.77	 -0.024	0.99946							#	   0.20	  64.95	
    343	   2.20	  -0.92	 -0.022	0.99957							#	   0.18	  65.25	
    344	   1.96	  -1.15	 -0.022	0.99960							#	   0.17	  65.10	
    345	   1.63	  -1.19	 -0.023	0.99961							#	   0.14	  63.74	
    346	   1.29	  -1.31	 -0.021	0.99961							#	   0.12	  63.89	
    347	   1.17	  -1.36	 -0.022	0.99964							#	   0.12	  64.95	
    348	   0.77	  -1.50	 -0.021	0.99964							#	   0.11	  64.09	
    349	   0.34	  -1.51	 -0.020	0.99969							#	   0.09	  64.34	
    350	   0.01	  -1.39	 -0.018	0.99967							#	   0.08	  64.29	
    351	  -0.63	  -1.17	 -0.018	0.99965							#	   0.08	  64.55	
    352	  -1.02	  -0.96	 -0.016	0.99963							#	   0.09	  63.54	
    353	  -1.78	  -0.72	 -0.017	0.99963							#	   0.14	  64.49	
    354	  -2.43	  -0.42	 -0.016	0.99960							#	   0.18	  63.99	
    355	  -2.96	  -0.11	 -0.015	0.99963							#	   0.24	  63.89	
    356	  -3.04	  -0.14	 -0.016	0.99968							#	   0.25	  64.04	
    357	  -3.40	  -0.01	 -0.017	0.99962							#	   0.30	  62.42	
    358	  -3.50	   0.32	 -0.018	0.99963							#	   0.33	  62.37	
    359	  -3.55	   0.44	 -0.020	0.99969							#	   0.35	  61.26	
    360	  -4.06	   0.85	 -0.020	0.99979							#	   0.49	  58.18	
    361	  -4.43	   0.93	 -0.019	0.99989							#	   0.54	  60.35	
    362	  -4.46	   1.55	 -0.021	0.99966							#	   0.56	  61.52	
    363	  -4.02	   1.89	 -0.018	0.99967							#	   0.48	  58.89	
    364	  -4.00	   1.95	 -0.017	0.99972							#	   0.48	  59.65	
    365	  -4.55	   1.92	 -0.018	0.99967							#	   0.60	  59.34	
    366	  -4.57	   1.57	 -0.026	0.99996							#	   0.67	  52.12	
    367	  -4.56	   1.31	 -0.031	1.00003							#	   0.65	  50.30	
    368	  -4.56	   1.19	 -0.034	1.00010							#	   0.62	  50.05	
    369	  -4.58	   1.44	 -0.028	1.00016							#	   0.62	  50.61	
    370	  -4.96	   1.74	 -0.027	1.00013							#	   0.71	  51.57	
    371	  -4.47	   2.08	 -0.022	1.00014							#	   0.65	  50.81	
    372	  -4.34	   2.29	 -0.021	0.99988							#	   0.61	  53.89	
    373	  -3.81	   2.39	 -0.020	0.99979							#	   0.51	  55.15	
    374	  -4.21	   2.44	 -0.017	0.99964							#	   0.56	  57.53	
    375	  -4.30	   2.22	 -0.019	0.99970							#	   0.60	  55.25	
    376	  -3.92	   1.97	 -0.020	0.99970							#	   0.49	  57.63	
    377	  -3.97	   1.77	 -0.020	0.99973							#	   0.48	  56.92	
    378	  -3.68	   1.70	 -0.019	0.99969							#	   0.42	  59.85	
    379	  -3.41	   1.54	 -0.020	0.99972							#	   0.36	  60.25	
    380	  -2.97	   1.56	 -0.019	0.99969							#	   0.29	  61.97	
    381	  -2.37	   1.46	 -0.017	0.99970							#	   0.20	  63.33	
    382	  -1.89	   1.36	 -0.015	0.99966							#	   0.14	  62.68	
    383	  -1.50	   1.12	 -0.013	0.99963							#	   0.11	  63.43	
    384	  -0.92	   0.61	 -0.011	0.99963							#	   0.06	  63.74	
    385	  -0.03	   0.31	 -0.009	0.99960							#	   0.03	  65.40	
    386	   0.48	  -0.12	 -0.006	0.99965							#	   0.04	  65.20	
    387	   1.35	  -0.30	 -0.005	0.99961							#	   0.08	  63.18	
    388	   1.55	  -0.69	 -0.002	0.99956							#	   0.11	  63.48	
    389	   1.65	  -0.82	  0.000	0.99959							#	   0.12	  63.13	
    390	   2.26	  -0.96	  0.001	0.99955							#	   0.19	  61.26	
    391	   2.84	  -0.96	  0.002	0.99958							#	   0.26	  62.27	
    392	   3.59	  -1.03	  0.002	0.99959							#	   0.39	  60.10	
    393	   4.02	  -0.88	  0.002	0.99956							#	   0.48	  60.71	
    394	   3.74	  -0.91	  0.005	0.99950							#	   0.42	  58.84	
    395	   3.67	  -0.88	  0.005	0.99936							#	   0.44	  53.74	
    396	   4.23	  -0.69	  0.005	0.99944							#	   0.50	  54.95	
    397	   4.60	  -0.67	  0.004	0.99946							#	   0.56	  55.96	
    398	   4.82	  -0.73	  0.003	0.99963							#	   0.58	  60.40	
    399	   4.53	  -0.21	  0.005	0.99952							#	   0.53	  57.88	
    400	   4.49	   0.12	  0.006	0.99938							#	   0.53	  53.03	
    401	   4.70	   0.49	  0.005	0.99956							#	   0.57	  58.48	
    402	   4.69	   1.01	  0.007	0.99928							#	   0.62	  53.84	
    403	   4.85	   1.13	  0.005	0.99934							#	   0.67	  54.55	
    404	   4.83	   1.03	  0.009	0.99934							#	   0.69	  53.28	
    405	   4.33	   1.31	  0.010	0.99914							#	   0.64	  53.84	
    406	   4.72	   1.30	  0.007	0.99923							#	   0.71	  55.25	
    407	   4.63	   1.29	  0.006	0.99927							#	   0.65	  54.60	
    408	   4.54	   1.11	  0.004	0.99922							#	   0.60	  55.05	
    409	   4.65	   0.93	 -0.000	0.99949							#	   0.57	  61.31	
    410	   4.47	   1.19	 -0.000	0.99959							#	   0.55	  60.40	
    411	   4.39	   1.44	 -0.000	0.99957							#	   0.53	  60.61	
    412	   4.29	   1.60	 -0.002	0.99961							#	   0.51	  59.75	
    413	   3.99	   1.78	 -0.003	0.99962							#	   0.47	  60.86	
    414	   3.46	   1.78	 -0.006	0.99965							#	   0.38	  59.75	
    415	   3.18	   1.84	 -0.008	0.99955							#	   0.34	  63.48	
    416	   3.29	   1.74	 -0.009	0.99956							#	   0.35	  61.72	
    417	   3.13	   1.67	 -0.009	0.99948							#	   0.35	  61.82	
    418	   2.45	   1.64	 -0.008	0.99947							#	   0.25	  63.03	
    419	   1.92	   1.66	 -0.009	0.99946							#	   0.19	  62.27	
    420	   1.42	   1.32	 -0.008	0.99948							#	   0.14	  60.10	
    421	   1.02	   0.89	 -0.008	0.99958							#	   0.09	  62.07	
    422	   0.40	   0.44	 -0.008	0.99957							#	   0.05	  62.07	
    423	  -0.23	   0.12	 -0.004	0.99964							#	   0.04	  63.08	
    424	  -0.72	  -0.12	 -0.004	0.99963							#	   0.06	  61.82	
    425	  -0.58	  -0.64	 -0.005	0.99960							#	   0.07	  61.11	
    426	  -0.63	  -0.91	 -0.002	0.99970							#	   0.08	  59.49	
    427	  -1.44	  -1.15	 -0.000	0.99967							#	   0.14	  60.15	
    428	  -1.91	  -1.38	 -0.002	0.99966							#	   0.20	  58.74	
    429	  -2.01	  -1.61	 -0.001	0.99967							#	   0.21	  58.84	
    430	  -2.19	  -1.54	 -0.000	0.99967							#	   0.23	  58.18	
    431	  -2.19	  -1.63	 -0.001	0.99972							#	   0.24	  56.57	
    432	  -2.53	  -1.73	  0.001	0.99967							#	   0.30	  58.13	
    433	  -2.63	  -1.76	  0.001	0.99971							#	   0.31	  58.48	
    434	  -2.90	  -1.63	  0.002	0.99965							#	   0.34	  58.18	
    435	  -3.05	  -1.46	  0.001	0.99964							#	   0.37	  57.93	
    436	  -3.17	  -1.31	  0.002	0.99965							#	   0.37	  57.88	
    437	  -3.12	  -1.16	  0.003	0.99964							#	   0.33	  59.70	
    438	  -3.17	  -1.23	  0.001	0.99963							#	   0.33	  59.34	
    439	  -3.28	  -1.01	 -0.002	0.99969							#	   0.35	  58.89	
    440	  -3.37	  -0.59	 -0.004	0.99968							#	   0.35	  56.16	
    441	  -3.26	  -0.28	 -0.007	0.99972							#	   0.32	  60.96	
    442	  -2.93	   0.04	 -0.006	0.99965							#	   0.26	  60.30	
    443	  -2.77	   0.44	 -0.011	0.99959							#	   0.26	  59.24	
    444	  -2.16	   0.74	 -0.008	0.99962							#	   0.17	  59.75	
    445	  -1.76	   1.07	 -0.006	0.99956							#	   0.14	  61.41	
    446	  -1.53	   1.37	 -0.005	0.99949							#	   0.13	  60.76	
    447	  -1.26	   1.68	 -0.004	0.99946							#	   0.13	  60.81	
    448	  -0.87	   1.79	 -0.006	0.99949							#	   0.11	  61.87	
    449	  -0.48	   1.60	 -0.004	0.99953							#	   0.08	  62.47	
    450	  -0.76	   1.91	 -0.004	0.99956							#	   0.10	  62.02	
    451	  -0.76	   2.11	 -0.004	0.99955							#	   0.11	  63.54	
    452	  -0.11	   2.21	 -0.003	0.99963							#	   0.11	  62.68	
    453	   0.72	   2.55	 -0.001	0.99961							#	   0.15	  62.68	
    454	   1.15	   2.67	  0.001	0.99954							#	   0.18	  62.83	
    455	   1.18	   2.59	  0.005	0.99950							#	   0.19	  63.89	
    456	   1.06	   2.49	  0.004	0.99940							#	   0.18	  63.59	
    457	   1.37	   2.10	  0.004	0.99941							#	   0.16	  63.33	
    458	   1.56	   1.96	  0.002	0.99947							#	   0.17	  62.93	
    459	   1.72	   1.67	  0.003	0.99947							#	   0.16	  62.73	
    460	   1.76	   1.34	  0.002	0.99950							#	   0.16	  62.27	
    461	   2.00	   1.08	  0.003	0.99955							#	   0.17	  62.22	
    462	   2.19	   0.66	  0.002	0.99953							#	   0.17	  63.03	
    463	   2.28	   0.61	  0.002	0.99954							#	   0.18	  63.13	
    464	   2.47	   0.67	  0.003	0.99953							#	   0.21	  62.63	
    465	   2.78	   0.51	  0.001	0.99951							#	   0.25	  62.93	
    466	   2.68	   0.40	  0.003	0.99954							#	   0.24	  62.68	
    467	   2.87	   0.20	  0.003	0.99959							#	   0.25	  62.47	
    468	   3.14	   0.09	  0.004	0.99955							#	   0.31	  60.81	
    469	   3.42	  -0.02	  0.004	0.99953							#	   0.36	  60.81	
    470	   3.36	   0.04	  0.004	0.99960							#	   0.37	  60.05	
    471	   3.34	   0.20	  0.007	0.99959							#	   0.38	  59.55	
    472	   3.52	   0.03	  0.007	0.99953							#	   0.39	  59.39	
    473	   3.95	   0.01	  0.006	0.99959							#	   0.47	  59.70	
    474	   4.26	   0.09	  0.010	0.99960							#	   0.51	  58.89	
    475	   3.94	   0.19	  0.011	0.99954							#	   0.43	  61.01	
    476	   3.93	   0.01	  0.010	0.99956							#	   0.40	  58.94	
    477	   3.89	   0.08	  0.010	0.99959							#	   0.38	  59.80	
    478	   4.27	   0.42	  0.010	0.99958							#	   0.43	  60.00	
    479	   4.40	   0.47	  0.011	0.99956							#	   0.45	  59.95	
    480	   3.95	   0.46	  0.012	0.99953							#	   0.41	  57.02	
    481	   3.72	   0.56	  0.011	0.99950							#	   0.37	  59.60	
    482	   3.94	   0.56	  0.011	0.99948							#	   0.41	  59.70	
    483	   3.73	   0.52	  0.010	0.99947							#	   0.38	  60.81	
    484	   3.29	   0.28	  0.008	0.99943							#	   0.32	  62.93	
    485	   3.15	   0.37	  0.007	0.99955							#	   0.31	  62.22	
    486	   2.87	   0.62	  0.005	0.99948							#	   0.29	  62.83	
    487	   2.87	   0.94	  0.007	0.99941							#	   0.30	  62.47	
    488	   2.62	   1.15	  0.006	0.99946							#	   0.27	  63.23	
    489	   2.34	   1.38	  0.004	0.99954							#	   0.21	  62.93	
    490	   2.03	   1.53	  0.005	0.99955							#	   0.18	  64.49	
    491	   1.71	   1.56	  0.005	0.99957							#	   0.14	  64.19	
    492	   1.26	   1.56	  0.004	0.99952							#	   0.11	  64.39	
    493	   0.86	   1.41	  0.002	0.99950							#	   0.08	  64.65	
    494	   0.46	   1.09	  0.000	0.99953							#	   0.06	  64.24	
    495	   0.10	   0.75	 -0.002	0.99954							#	   0.05	  63.08	
    496	  -0.49	   0.04	  0.000	0.99957							#	   0.06	  63.64	
    497	  -0.99	  -0.11	 -0.001	0.99954							#	   0.08	  63.43	
    498	  -1.05	  -0.40	 -0.002	0.99949							#	   0.10	  63.79	
    499	  -1.24	  -0.71	  0.004	0.99961							#	   0.11	  61.97	
    500	  -1.33	  -0.77	  0.001	0.99964							#	   0.13	  62.73	
    501	  -1.59	  -0.97	  0.005	0.99964							#	   0.16	  62.12	
    502	  -2.00	  -1.38	  0.003	0.99964							#	   0.21	  60.66	
    503	  -2.83	  -1.68	  0.005	0.99970							#	   0.32	  61.11	
    504	  -2.67	  -1.91	  0.006	0.99965							#	   0.33	  61.01	
    505	  -2.24	  -2.21	  0.005	0.99970							#	   0.31	  59.95	
    506	  -2.58	  -2.31	  0.006	0.99959							#	   0.38	  58.03	
    507	  -3.07	  -2.31	  0.008	0.99962							#	   0.45	  57.42	
    508	  -3.20	  -2.30	  0.009	0.99963							#	   0.48	  57.98	
    509	  -3.11	  -2.24	  0.008	0.99961							#	   0.46	  58.18	
    510	  -3.08	  -2.03	  0.011	0.99957							#	   0.42	  60.45	
    511	  -3.15	  -1.91	  0.008	0.99965							#	   0.40	  59.75	
    512	  -3.14	  -1.76	  0.007	0.99968							#	   0.39	  60.40	
    513	  -3.39	  -1.71	  0.000	0.99968							#	   0.45	  58.64	
    514	  -3.23	  -1.38	  0.002	0.99969							#	   0.44	  52.78	
    515	  -3.53	  -1.17	  0.002	0.99965							#	   0.46	  58.28	
    516	  -3.25	  -1.10	  0.001	0.99971							#	   0.38	  59.75	
    517	  -3.45	  -1.00	 -0.002	0.99971							#	   0.40	  57.58	
    518	  -3.54	  -0.92	 -0.009	1.00011							#	   0.44	  50.51	
    519	  -3.94	  -0.61	 -0.011	0.99989							#	   0.51	  50.86	
    520	  -3.79	  -0.32	 -0.007	0.99965							#	   0.46	  59.75	
    521	  -3.81	  -0.34	 -0.010	0.99969							#	   0.46	  56.87	
    522	  -3.51	  -0.26	 -0.008	0.99964							#	   0.38	  59.09	
    523	  -3.74	  -0.05	 -0.006	0.99957							#	   0.41	  58.84	
    524	  -3.63	   0.01	 -0.004	0.99952							#	   0.40	  59.44	
    525	  -3.35	   0.30	 -0.004	0.99942							#	   0.36	  62.22	
    526	  -2.78	   0.09	 -0.003	0.99949							#	   0.30	  62.47	
    527	  -2.80	   0.23	 -0.006	0.99947							#	   0.32	  61.92	
    528	  -2.80	   0.71	 -0.010	0.99966							#	   0.31	  63.43	
    529	  -2.39	   0.70	 -0.010	0.99981							#	   0.24	  61.01	
    530	  -2.01	   0.86	 -0.010	0.99991							#	   0.20	  63.08	
    531	  -1.99	   0.97	 -0.008	0.99985							#	   0.19	  63.18	
    532	  -1.65	   1.19	 -0.007	0.99962							#	   0.16	  63.69	
    533	  -0.64	   1.14	 -0.006	0.99953							#	   0.09	  63.03	
    534	   0.09	   1.12	 -0.002	0.99946							#	   0.08	  61.97	
    535	  -0.83	   0.51	 -0.001	0.99935							#	   0.10	  63.13	
    536	  -0.37	   0.23	 -0.003	0.99945							#	   0.07	  63.59	
    537	   0.04	   0.06	 -0.001	0.99955							#	   0.07	  63.54	
    538	   0.39	  -0.43	 -0.001	0.99952							#	   0.07	  64.90	
    539	   0.63	  -0.61	 -0.001	0.99956							#	   0.08	  64.80	
    540	   0.64	  -0.97	  0.001	0.99963							#	   0.11	  61.31	
    541	   0.94	  -1.27	 -0.001	0.99963							#	   0.11	  63.64	
    542	   1.46	  -1.37	  0.003	0.99960							#	   0.15	  63.59	
    543	   1.34	  -1.53	  0.005	0.99957							#	   0.15	  63.99	
    544	   1.26	  -1.86	  0.005	0.99959							#	   0.17	  62.37	
    545	   1.76	  -1.91	  0.005	0.99966							#	   0.20	  62.83	
    546	   2.33	  -1.92	  0.005	0.99962							#	   0.26	  61.92	
    547	   2.48	  -1.94	  0.007	0.99953							#	   0.27	  61.82	
    548	   2.65	  -2.03	  0.006	0.99954							#	   0.27	  61.52	
    549	   2.81	  -1.80	  0.010	0.99959							#	   0.27	  60.61	
    550	   3.23	  -1.69	  0.010	0.99959							#	   0.34	  59.39	
    551	   4.36	  -1.56	  0.011	0.99955							#	   0.52	  60.61	
    552	   3.83	  -1.32	  0.015	0.99954							#	   0.41	  60.05	
    553	   3.78	  -1.06	  0.015	0.99957							#	   0.39	  60.20	
    554	   3.92	  -0.77	  0.016	0.99957							#	   0.44	  59.24	
    555	   4.17	  -0.71	  0.016	0.99951							#	   0.49	  59.24	
    556	   4.46	  -0.59	  0.016	0.99950							#	   0.56	  60.10	
    557	   4.47	  -0.58	  0.018	0.99963							#	   0.58	  57.68	
    558	   4.08	  -0.27	  0.016	0.99964							#	   0.50	  60.71	
    559	   4.17	  -0.08	  0.017	0.99958							#	   0.53	  61.46	
    560	   4.20	   0.40	  0.018	0.99963							#	   0.49	  59.34	
    561	   4.00	   0.65	  0.020	0.99961							#	   0.40	  61.82	
    562	   4.36	   1.18	  0.024	0.99952							#	   0.46	  61.16	
    563	   4.13	   1.28	  0.029	0.99958							#	   0.43	  56.21	
    564	   4.06	   1.45	  0.027	0.99946							#	   0.43	  56.77	
    565	   4.03	   1.19	  0.023	0.99953							#	   0.40	  59.19	
    566	   3.81	   0.84	  0.018	0.99953							#	   0.36	  61.87	
    567	   3.39	   0.55	  0.013	0.99953							#	   0.32	  62.78	
    568	   3.12	   0.94	  0.011	0.99956							#	   0.30	  61.87	
    569	   3.28	   0.97	  0.013	0.99953							#	   0.35	  62.78	
    570	   3.29	   1.52	  0.013	0.99962							#	   0.37	  62.17	
    571	   3.10	   1.68	  0.013	0.99965							#	   0.34	  63.38	
    572	   2.71	   1.61	  0.011	0.99960							#	   0.27	  64.29	
    573	   2.28	   1.51	  0.007	0.99956							#	   0.21	  64.14	
    574	   2.31	   1.34	  0.002	0.99955							#	   0.21	  65.00	
    575	   2.54	   0.89	  0.000	0.99956							#	   0.21	  64.14	
    576	   1.66	   0.37	 -0.004	0.99950							#	   0.12	  65.15	
    577	   0.87	   0.04	 -0.006	0.99949							#	   0.07	  65.35	
    578	   0.51	  -0.31	 -0.008	0.99946							#	   0.06	  64.85	
    579	   0.53	  -0.47	 -0.009	0.99949							#	   0.07	  64.85	
    580	   0.62	  -0.72	 -0.010	0.99961							#	   0.07	  64.09	
    581	   0.06	  -0.86	 -0.010	0.99957							#	   0.07	  63.48	
    582	  -0.32	  -1.17	 -0.011	0.99966							#	   0.08	  64.44	
    583	  -0.66	  -1.43	 -0.012	0.99973							#	   0.10	  62.63	
    584	  -0.72	  -1.51	 -0.013	0.99966							#	   0.11	  61.11	
    585	   0.11	  -1.81	 -0.013	0.99968							#	   0.10	  61.77	
    586	  -0.55	  -1.97	 -0.011	0.99966							#	   0.12	  61.26	
    587	  -1.12	  -2.11	 -0.013	0.99966							#	   0.15	  61.97	
    588	  -1.07	  -2.24	 -0.013	0.99968							#	   0.17	  62.07	
    589	  -0.67	  -2.24	 -0.014	0.99971							#	   0.15	  60.76	
    590	  -0.59	  -2.27	 -0.015	0.99966							#	   0.15	  60.51	
    591	  -0.94	  -2.11	 -0.016	0.99963							#	   0.15	  61.97	
    592	  -1.16	  -1.88	 -0.018	0.99958							#	   0.15	  60.71	
    593	  -0.88	  -1.83	 -0.018	0.99960							#	   0.12	  61.77	
    594	  -1.01	  -1.81	 -0.018	0.99959							#	   0.13	  62.12	
    595	  -1.53	  -1.62	 -0.021	0.99964							#	   0.16	  61.01	
    596	  -1.51	  -1.57	 -0.022	0.99971							#	   0.16	  60.56	
    597	  -1.91	  -1.45	 -0.025	0.99964							#	   0.19	  61.72	
    598	  -2.34	  -1.36	 -0.027	0.99966							#	   0.24	  59.04	
    599	  -2.76	  -1.13	 -0.029	0.99974							#	   0.28	  59.29	
    600	  -3.16	  -0.83	 -0.029	0.99967							#	   0.35	  57.98	
    601	  -3.27	  -0.53	 -0.028	0.99958							#	   0.37	  58.33	
    602	  -3.05	  -0.34	 -0.027	0.99956							#	   0.32	  59.75	
    603	  -3.32	  -0.17	 -0.023	0.99948							#	   0.34	  61.46	
    604	  -3.55	  -0.05	 -0.023	0.99943							#	   0.37	  61.67	
    605	  -3.49	   0.03	 -0.024	0.99952							#	   0.37	  60.76	
    606	  -3.57	   0.18	 -0.026	0.99955							#	   0.37	  60.96	
    607	  -3.40	   0.26	 -0.025	0.99963							#	   0.35	  58.99	
    608	  -3.38	  -0.03	 -0.025	0.99955							#	   0.33	  60.66	
    609	  -3.28	   0.42	 -0.027	0.99985							#	   0.35	  55.86	
    610	  -3.42	   0.56	 -0.028	1.00005							#	   0.41	  52.17	
    611	  -2.89	   0.83	 -0.029	1.00005							#	   0.35	  52.22	
    612	  -2.74	   1.04	 -0.028	1.00011							#	   0.32	  52.27	
    613	  -3.04	   1.38	 -0.024	0.99997							#	   0.35	  55.05	
    614	  -3.36	   1.29	 -0.023	0.99993							#	   0.40	  54.04	
    615	  -3.08	   1.34	 -0.023	0.99981							#	   0.34	  54.60	
    616	  -2.66	   1.19	 -0.020	0.99971							#	   0.26	  53.59	
    617	  -3.03	   1.18	 -0.016	0.99951							#	   0.32	  58.23	
    618	  -3.46	   1.06	 -0.015	0.99949							#	   0.36	  57.42	
    619	  -3.61	   0.98	 -0.014	0.99956							#	   0.39	  58.43	
    620	  -3.53	   0.64	 -0.016	0.99967							#	   0.39	  57.93	
    621	  -3.29	   0.31	 -0.012	0.99969							#	   0.35	  57.83	
    622	  -2.98	   0.07	 -0.014	0.99972							#	   0.28	  59.75	
    623	  -2.59	  -0.35	 -0.013	0.99975							#	   0.24	  60.66	
    624	  -2.37	  -0.58	 -0.010	0.99969							#	   0.23	  60.30	
    625	  -2.06	  -0.85	 -0.010	0.99974							#	   0.19	  57.78	
    626	  -1.81	  -1.23	 -0.007	0.99972							#	   0.16	  59.39	
    627	  -1.53	  -1.43	 -0.008	0.99963							#	   0.15	  58.74	
    628	  -1.14	  -1.77	 -0.008	0.99966							#	   0.13	  59.80	
    629	   0.01	  -2.21	 -0.006	0.99970							#	   0.12	  60.61	
    630	   0.50	  -2.34	 -0.008	0.99964							#	   0.14	  59.75	
    631	   0.93	  -2.38	 -0.006	0.99963							#	   0.16	  61.31	
    632	   1.40	  -2.26	 -0.007	0.99963							#	   0.19	  59.70	
    633	   1.87	  -2.15	 -0.006	0.99965							#	   0.22	  59.95	
    634	   2.17	  -2.06	 -0.006	0.99965							#	   0.25	  59.75	
    635	   2.50	  -1.70	 -0.004	0.99959							#	   0.26	  60.25	
    636	   2.65	  -1.32	 -0.005	0.99951							#	   0.25	  60.10	
    637	   3.13	  -1.10	 -0.002	0.99953							#	   0.32	  59.04	
    638	   3.55	  -0.93	 -0.002	0.99958							#	   0.37	  60.61	
    639	   3.57	  -0.79	 -0.001	0.99956							#	   0.37	  60.45	
    640	   3.20	  -0.70	 -0.002	0.99961							#	   0.30	  61.01	
    641	   3.09	  -0.39	 -0.003	0.99965							#	   0.27	  60.56	
    642	   3.76	  -0.22	  0.000	0.99962							#	   0.38	  60.20	
    643	   3.54	   0.14	  0.001	0.99955							#	   0.35	  59.55	
    644	   3.36	   0.42	  0.003	0.99956							#	   0.31	  60.56	
    645	   3.29	   0.43	  0.003	0.99965							#	   0.29	  60.96	
    646	   3.08	   0.66	  0.007	0.99959							#	   0.27	  58.89	
    647	   2.97	   0.83	  0.008	0.99948							#	   0.27	  58.28	
    648	   2.60	   0.69	  0.005	0.99933							#	   0.24	  57.98	
    649	   2.07	   0.36	 -0.002	0.99943							#	   0.17	  60.05	
    650	   1.50	  -0.10	 -0.007	0.99950							#	   0.11	  60.05	
    651	   1.18	   0.27	 -0.009	0.99958							#	   0.08	  60.81	
    652	   0.89	   0.36	 -0.008	0.99960							#	   0.06	  61.87	
    653	   0.67	   0.64	 -0.009	0.99965							#	   0.06	  61.36	
    654	   0.67	   1.00	 -0.007	0.99974							#	   0.06	  61.67	
    655	   0.40	   1.14	 -0.007	0.99980							#	   0.06	  61.72	
    656	   0.16	   1.28	 -0.011	0.99968							#	   0.06	  62.73	
    657	  -0.16	   1.17	 -0.012	0.99970							#	   0.06	  61.01	
    658	  -0.41	   1.26	 -0.014	0.99964							#	   0.07	  60.45	
    659	  -0.54	   1.13	 -0.013	0.99958							#	   0.07	  59.04	
    660	  -0.26	   0.95	 -0.017	0.99968							#	   0.07	  58.03	
    661	  -0.42	   1.04	 -0.014	0.99956							#	   0.06	  59.70	
    662	  -0.65	   1.14	 -0.014	0.99950							#	   0.08	  60.20	
    663	  -0.56	   1.21	 -0.013	0.99956							#	   0.07	  60.51	
    664	  -0.67	   0.88	 -0.011	0.99966							#	   0.06	  60.96	
    665	  -0.56	   0.84	 -0.010	0.99970							#	   0.05	  60.61	
    666	  -0.33	   0.53	 -0.010	0.99966							#	   0.04	  59.60	
    667	  -0.31	   0.01	 -0.007	0.99970							#	   0.04	  61.31	
    668	  -0.38	  -0.38	 -0.007	0.99968							#	   0.05	  59.34	
    669	  -0.29	  -0.69	 -0.007	0.99965							#	   0.05	  60.25	
    670	  -0.26	  -0.90	 -0.004	0.99972							#	   0.06	  57.93	
    671	  -0.18	  -1.15	 -0.003	0.99969							#	   0.06	  60.76	
    672	   0.54	  -1.39	 -0.004	0.99964							#	   0.08	  60.45	
    673	   0.53	  -1.49	 -0.002	0.99959							#	   0.08	  60.61	
    674	   0.40	  -1.70	 -0.001	0.99960							#	   0.09	  60.10	
    675	   0.56	  -1.88	  0.001	0.99962							#	   0.11	  60.30	
    676	   0.90	  -2.10	  0.002	0.99967							#	   0.13	  59.09	
    677	   0.90	  -1.95	  0.003	0.99963							#	   0.12	  59.34	
    678	   1.20	  -1.87	  0.004	0.99959							#	   0.14	  58.99	
    679	   1.22	  -1.81	  0.007	0.99966							#	   0.14	  58.94	
    680	   1.26	  -1.75	  0.008	0.99964							#	   0.14	  59.49	
    681	   1.35	  -1.37	  0.007	0.99955							#	   0.12	  58.23	
    682	   1.12	  -1.25	  0.007	0.99966							#	   0.09	  58.69	
    683	   0.69	  -0.89	  0.010	0.99970							#	   0.06	  59.80	
    684	   0.24	  -0.66	  0.009	0.99976							#	   0.04	  59.70	
    685	   0.24	  -0.06	  0.007	1.00001							#	   0.03	  59.55	
    686	   0.23	   0.56	  0.011	0.99958							#	   0.04	  58.99	
    687	   0.01	   0.56	  0.012	0.99944							#	   0.05	  59.95	
    688	   0.14	   0.66	  0.012	0.99960							#	   0.05	  59.85	
    689	  -0.65	   0.31	  0.008	0.99968							#	   0.06	  59.55	
    690	  -1.14	   0.33	  0.006	0.99950							#	   0.10	  58.03	
