      1	  -0.53	   1.80	 -0.001	0.99983							#	   0.31	  85.61	
      2	  -0.66	   1.74	 -0.001	0.99988							#	   0.98	  85.05	
      3	  -0.75	   1.74	 -0.000	0.99990							#	   1.02	  84.44	
      4	  -0.58	   1.74	 -0.001	0.99991							#	   0.92	  85.86	
      5	  -0.57	   1.67	 -0.001	0.99989							#	   1.04	  85.40	
      6	  -0.61	   1.70	 -0.002	0.99992							#	   0.95	  84.95	
      7	  -0.69	   1.60	 -0.002	0.99988							#	   0.95	  84.90	
      8	  -0.41	   1.67	 -0.000	0.99995							#	   0.85	  85.00	
      9	  -0.66	   1.70	 -0.000	0.99991							#	   1.04	  85.56	
     10	  -0.44	   1.80	 -0.002	0.99987							#	   1.03	  86.11	
     11	  -0.50	   1.70	 -0.001	0.99988							#	   0.96	  85.30	
     12	  -0.45	   1.64	 -0.000	0.99991							#	   0.87	  85.71	
     13	  -0.54	   1.75	 -0.001	0.99992							#	   0.96	  85.81	
     14	  -0.36	   1.71	  0.000	0.99989							#	   0.96	  85.45	
     15	  -0.31	   1.67	  0.002	0.99994							#	   0.83	  85.15	
     16	  -0.46	   1.59	  0.002	0.99995							#	   0.91	  85.61	
     17	  -0.21	   1.57	  0.001	0.99995							#	   0.90	  86.67	
     18	  -0.07	   1.64	  0.002	0.99994							#	   0.87	  86.82	
     19	  -0.43	   1.52	  0.001	0.99989							#	   1.02	  87.47	
     20	   0.03	   1.45	  0.002	0.99993							#	   0.80	  87.22	
     21	  -0.02	   1.37	  0.003	0.99995							#	   0.87	  88.03	
     22	  -0.05	   1.36	  0.003	0.99995							#	   0.90	  88.13	
     23	  -0.00	   1.41	  0.002	0.99990							#	   0.85	  87.12	
     24	  -0.05	   1.31	  0.003	0.99993							#	   0.87	  87.47	
     25	   0.33	   1.25	  0.002	0.99995							#	   0.89	  87.83	
     26	   0.29	   1.23	  0.004	0.99992							#	   0.98	  87.07	
     27	   0.49	   1.33	  0.003	0.99991							#	   0.93	  85.35	
     28	   0.56	   1.42	  0.004	0.99993							#	   1.08	  85.66	
     29	   0.62	   1.31	  0.003	0.99995							#	   0.97	  86.62	
     30	   0.92	   1.28	  0.004	0.99993							#	   0.97	  87.42	
     31	   1.04	   1.31	  0.004	0.99992							#	   0.92	  86.97	
     32	   1.10	   1.22	  0.003	0.99991							#	   1.13	  88.13	
     33	   1.21	   1.12	  0.003	0.99991							#	   0.94	  88.03	
     34	   1.14	   1.06	  0.002	0.99993							#	   0.86	  87.58	
     35	   1.18	   0.99	  0.003	0.99994							#	   0.86	  87.63	
     36	   1.39	   0.91	  0.002	0.99996							#	   0.80	  88.28	
     37	   1.41	   0.84	  0.002	0.99999							#	   0.72	  88.08	
     38	   1.47	   0.75	  0.002	0.99996							#	   0.68	  87.32	
     39	   1.60	   0.77	  0.005	0.99999							#	   0.69	  87.17	
     40	   1.70	   0.72	  0.004	0.99999							#	   0.64	  87.37	
     41	   1.67	   0.55	  0.003	1.00001							#	   0.64	  87.37	
     42	   1.91	   0.64	  0.004	1.00004							#	   0.71	  86.92	
     43	   1.96	   0.57	  0.004	1.00002							#	   0.74	  86.46	
     44	   1.98	   0.69	  0.002	1.00001							#	   0.82	  86.87	
     45	   2.06	   0.53	  0.005	1.00002							#	   0.80	  86.62	
     46	   2.08	   0.48	  0.005	1.00007							#	   0.77	  86.67	
     47	   2.16	   0.45	  0.003	1.00005							#	   0.76	  86.97	
     48	   2.44	   0.44	  0.004	1.00008							#	   0.73	  86.97	
     49	   2.45	   0.43	  0.004	1.00003							#	   0.78	  87.12	
     50	   2.41	   0.31	  0.005	1.00007							#	   0.76	  88.13	
     51	   2.53	   0.34	  0.006	1.00005							#	   0.80	  88.74	
     52	   2.60	   0.36	  0.003	1.00001							#	   0.79	  88.28	
     53	   2.74	   0.24	  0.005	1.00005							#	   0.80	  89.75	
     54	   2.88	   0.33	  0.005	1.00005							#	   0.73	  89.85	
     55	   2.94	   0.28	  0.006	1.00008							#	   0.71	  90.30	
     56	   2.97	   0.24	  0.005	1.00007							#	   0.69	  90.00	
     57	   2.96	   0.21	  0.004	1.00001							#	   0.76	  89.70	
     58	   3.12	   0.13	  0.004	1.00002							#	   0.68	  89.80	
     59	   3.23	   0.16	  0.005	1.00002							#	   0.67	  89.49	
     60	   3.17	   0.17	  0.005	1.00004							#	   0.86	  84.65	
     61	   3.33	   0.17	  0.005	1.00001							#	   0.69	  88.03	
     62	   3.39	   0.10	  0.004	0.99997							#	   0.70	  88.03	
     63	   3.56	   0.15	  0.004	1.00000							#	   0.74	  88.28	
     64	   3.61	   0.16	  0.006	1.00002							#	   0.70	  86.87	
     65	   3.61	   0.13	  0.005	1.00003							#	   0.65	  86.52	
     66	   3.71	   0.01	  0.004	1.00000							#	   0.81	  86.06	
     67	   3.70	   0.02	  0.005	1.00003							#	   0.71	  83.69	
     68	   3.68	  -0.01	  0.005	1.00004							#	   0.62	  84.95	
     69	   3.73	  -0.07	  0.005	1.00002							#	   0.62	  84.09	
     70	   3.97	  -0.10	  0.004	1.00002							#	   0.64	  84.04	
     71	   3.97	  -0.04	  0.006	1.00003							#	   0.59	  83.84	
     72	   3.83	  -0.07	  0.005	1.00009							#	   0.61	  81.11	
     73	   3.92	  -0.09	  0.006	1.00008							#	   0.61	  82.68	
     74	   3.86	  -0.07	  0.007	1.00005							#	   0.65	  80.71	
     75	   4.16	  -0.05	  0.005	1.00010							#	   0.67	  81.26	
     76	   4.29	  -0.18	  0.006	1.00009							#	   0.69	  81.11	
     77	   4.23	  -0.13	  0.006	1.00007							#	   0.72	  82.73	
     78	   4.33	  -0.22	  0.007	1.00008							#	   0.76	  81.92	
     79	   4.27	  -0.21	  0.006	1.00005							#	   0.77	  82.02	
     80	   4.26	  -0.23	  0.007	1.00007							#	   0.75	  81.72	
     81	   4.37	  -0.28	  0.007	1.00006							#	   0.76	  82.02	
     82	   4.35	  -0.34	  0.008	1.00008							#	   0.76	  81.97	
     83	   4.44	  -0.31	  0.006	1.00009							#	   0.79	  82.12	
     84	   4.59	  -0.33	  0.007	1.00005							#	   0.83	  83.23	
     85	   4.59	  -0.33	  0.008	1.00004							#	   0.81	  83.84	
     86	   4.65	  -0.35	  0.008	1.00006							#	   0.84	  84.19	
     87	   4.69	  -0.38	  0.008	1.00008							#	   0.79	  84.60	
     88	   4.81	  -0.47	  0.010	1.00013							#	   0.82	  83.48	
     89	   5.05	  -0.45	  0.008	1.00011							#	   0.89	  84.09	
     90	   4.88	  -0.41	  0.010	1.00007							#	   0.85	  83.03	
     91	   5.01	  -0.49	  0.011	1.00013							#	   0.91	  82.88	
     92	   4.95	  -0.52	  0.010	1.00015							#	   0.92	  81.92	
     93	   5.10	  -0.44	  0.010	1.00011							#	   0.93	  81.67	
     94	   5.36	  -0.49	  0.009	1.00015							#	   0.98	  82.32	
     95	   5.25	  -0.55	  0.010	1.00014							#	   0.89	  81.92	
     96	   5.25	  -0.58	  0.008	1.00017							#	   0.92	  81.77	
     97	   5.54	  -0.56	  0.010	1.00014							#	   1.02	  82.17	
     98	   5.47	  -0.45	  0.008	1.00012							#	   0.94	  81.67	
     99	   5.66	  -0.57	  0.010	1.00014							#	   1.06	  82.02	
    100	   5.54	  -0.59	  0.010	1.00015							#	   0.95	  81.62	
    101	   5.73	  -0.57	  0.010	1.00015							#	   0.98	  81.11	
    102	   5.88	  -0.48	  0.009	1.00013							#	   1.03	  79.60	
    103	   5.82	  -0.66	  0.011	1.00013							#	   1.08	  80.81	
    104	   5.86	  -0.63	  0.011	1.00015							#	   1.09	  81.31	
    105	   6.08	  -0.66	  0.010	1.00015							#	   1.18	  81.21	
    106	   5.93	  -0.65	  0.011	1.00016							#	   1.06	  80.96	
    107	   6.16	  -0.66	  0.009	1.00017							#	   1.14	  81.52	
    108	   6.14	  -0.66	  0.009	1.00015							#	   1.06	  80.56	
    109	   6.23	  -0.72	  0.010	1.00018							#	   1.14	  79.34	
    110	   6.04	  -0.74	  0.010	1.00012							#	   1.02	  81.26	
    111	   6.23	  -0.60	  0.009	1.00014							#	   1.10	  80.66	
    112	   6.40	  -0.58	  0.010	1.00015							#	   1.14	  80.66	
    113	   6.40	  -0.65	  0.011	1.00015							#	   1.13	  78.84	
    114	   6.43	  -0.65	  0.012	1.00011							#	   1.17	  79.60	
    115	   6.50	  -0.61	  0.011	1.00012							#	   1.13	  80.20	
    116	   6.65	  -0.59	  0.011	1.00009							#	   1.11	  79.19	
    117	   6.63	  -0.60	  0.011	1.00009							#	   0.99	  79.39	
    118	   6.82	  -0.60	  0.012	1.00010							#	   0.99	  78.99	
    119	   6.75	  -0.58	  0.012	1.00012							#	   1.05	  79.49	
    120	   6.80	  -0.69	  0.011	1.00006							#	   1.18	  77.17	
    121	   6.89	  -0.62	  0.011	1.00018							#	   1.06	  77.63	
    122	   6.91	  -0.59	  0.012	1.00020							#	   1.12	  76.11	
    123	   6.93	  -0.59	  0.012	1.00012							#	   1.20	  77.83	
    124	   6.99	  -0.57	  0.011	1.00018							#	   1.08	  79.65	
    125	   6.97	  -0.64	  0.013	1.00021							#	   1.16	  72.27	
    126	   7.17	  -0.60	  0.011	1.00018							#	   1.05	  76.11	
    127	   7.03	  -0.57	  0.012	1.00018							#	   0.95	  74.60	
    128	   7.07	  -0.67	  0.012	0.99998							#	   1.10	  75.66	
    129	   7.26	  -0.51	  0.011	1.00016							#	   1.12	  74.34	
    130	   7.41	  -0.54	  0.012	1.00009							#	   1.21	  77.68	
    131	   7.28	  -0.53	  0.012	1.00009							#	   1.17	  75.40	
    132	   7.26	  -0.44	  0.013	0.99988							#	   1.29	  73.79	
    133	   7.15	  -0.48	  0.012	1.00018							#	   1.11	  73.03	
    134	   7.27	  -0.48	  0.014	0.99990							#	   1.24	  74.80	
    135	   7.54	  -0.47	  0.013	0.99999							#	   1.19	  74.29	
    136	   7.64	  -0.54	  0.013	1.00003							#	   1.34	  74.19	
    137	   7.34	  -0.43	  0.015	0.99986							#	   1.19	  72.58	
    138	   7.52	  -0.52	  0.011	0.99992							#	   1.36	  73.28	
    139	   7.70	  -0.51	  0.014	1.00003							#	   1.40	  72.93	
    140	   7.67	  -0.54	  0.013	1.00004							#	   1.31	  76.21	
    141	   7.64	  -0.62	  0.015	1.00008							#	   1.45	  72.32	
    142	   7.75	  -0.55	  0.015	1.00008							#	   1.31	  73.84	
    143	   7.75	  -0.47	  0.014	0.99993							#	   1.35	  73.94	
    144	   7.73	  -0.48	  0.015	1.00004							#	   1.29	  71.57	
    145	   7.72	  -0.52	  0.014	1.00003							#	   1.37	  71.36	
    146	   7.81	  -0.53	  0.016	1.00005							#	   1.45	  71.46	
    147	   7.97	  -0.63	  0.015	1.00014							#	   1.33	  73.38	
    148	   7.76	  -0.61	  0.018	1.00010							#	   1.38	  71.67	
    149	   8.14	  -0.52	  0.013	0.99990							#	   1.47	  83.69	
    150	   7.59	  -0.69	  0.018	1.00028							#	   1.31	  68.84	
    151	   8.10	  -0.62	  0.017	0.99982							#	   1.41	  80.45	
    152	   7.62	  -0.73	  0.018	1.00032							#	   1.38	  67.32	
    153	   8.30	  -0.58	  0.013	0.99987							#	   1.50	  83.18	
    154	   7.80	  -0.70	  0.023	1.00025							#	   1.38	  66.46	
    155	   8.29	  -0.87	  0.010	0.99964							#	   1.48	  73.99	
    156	   7.41	  -0.76	  0.023	1.00077							#	   1.48	  63.43	
    157	   8.43	  -0.96	  0.012	0.99968							#	   1.49	  75.45	
    158	   7.62	  -0.71	  0.017	1.00081							#	   1.45	  61.46	
    159	   8.49	  -1.11	  0.013	0.99959							#	   1.59	  68.08	
    160	   8.04	  -0.88	  0.014	1.00073							#	   1.49	  63.33	
    161	   8.54	  -1.14	  0.012	0.99974							#	   1.49	  77.07	
    162	   8.16	  -1.15	  0.015	0.99949							#	   1.49	  65.61	
    163	   8.60	  -1.24	  0.011	0.99957							#	   1.48	  73.03	
    164	   8.45	  -0.95	  0.017	1.00063							#	   1.67	  63.13	
    165	   8.49	  -1.01	  0.017	1.00037							#	   1.50	  66.67	
    166	   8.41	  -1.04	  0.016	1.00038							#	   1.50	  66.46	
    167	   8.43	  -1.21	  0.015	0.99961							#	   1.41	  69.44	
    168	   8.75	  -1.27	  0.014	0.99964							#	   1.67	  68.69	
    169	   8.89	  -1.33	  0.017	0.99972							#	   1.63	  68.89	
    170	   8.71	  -1.31	  0.015	0.99973							#	   1.57	  67.22	
    171	   8.79	  -1.29	  0.016	0.99972							#	   1.68	  66.82	
    172	   8.96	  -1.35	  0.015	0.99976							#	   1.69	  66.11	
    173	   9.01	  -1.24	  0.017	0.99977							#	   1.69	  64.19	
    174	   8.88	  -1.25	  0.017	0.99975							#	   1.63	  65.05	
    175	   8.63	  -1.31	  0.017	0.99962							#	   1.73	  64.95	
    176	   9.03	  -1.35	  0.015	0.99968							#	   1.87	  62.68	
    177	   9.16	  -1.35	  0.018	0.99972							#	   1.90	  64.34	
    178	   8.88	  -1.31	  0.016	0.99978							#	   1.67	  65.81	
    179	   8.89	  -1.43	  0.016	0.99980							#	   1.84	  66.31	
    180	   8.89	  -1.36	  0.016	0.99981							#	   1.90	  65.20	
    181	   9.16	  -1.35	  0.016	0.99984							#	   2.24	  65.20	
    182	   9.00	  -1.29	  0.017	0.99985							#	   1.99	  65.35	
    183	   8.87	  -1.34	  0.015	0.99960							#	   2.45	  67.22	
    184	   8.97	  -1.33	  0.016	0.99982							#	   2.83	  64.44	
    185	   8.94	  -1.33	  0.017	0.99976							#	   2.02	  64.09	
    186	   8.99	  -1.23	  0.018	0.99972							#	   3.51	  62.58	
    187	   8.85	  -1.25	  0.018	0.99973							#	   2.30	  64.49	
    188	   8.97	  -1.28	  0.016	0.99980							#	   2.92	  63.43	
    189	   8.91	  -1.27	  0.017	0.99973							#	   3.81	  63.84	
    190	   8.96	  -1.27	  0.017	0.99976							#	   2.64	  64.60	
    191	   8.82	  -1.31	  0.018	0.99969							#	   4.25	  64.70	
    192	   8.52	  -1.33	  0.018	0.99973							#	   3.25	  64.09	
    193	   8.95	  -1.32	  0.015	0.99980							#	   3.76	  63.48	
    194	   8.89	  -1.28	  0.019	0.99973							#	   4.56	  64.09	
    195	   8.67	  -1.36	  0.014	0.99974							#	   3.29	  65.96	
    196	   8.74	  -1.39	  0.016	0.99950							#	   4.42	  63.89	
    197	   8.77	  -1.36	  0.014	0.99954							#	   4.00	  62.68	
    198	   8.72	  -1.33	  0.017	0.99946							#	   4.87	  64.34	
    199	   8.57	  -1.33	  0.016	0.99948							#	   3.96	  63.08	
    200	   8.63	  -1.29	  0.015	0.99948							#	   4.80	  62.88	
    201	   8.40	  -1.36	  0.015	0.99946							#	   4.29	  64.44	
    202	   8.71	  -1.23	  0.017	0.99946							#	   4.35	  62.78	
    203	   8.60	  -1.21	  0.015	0.99942							#	   4.83	  65.15	
    204	   8.47	  -1.14	  0.017	0.99934							#	   4.05	  62.53	
    205	   8.27	  -1.17	  0.018	0.99939							#	   4.53	  61.16	
    206	   8.40	  -1.17	  0.013	0.99941							#	   4.82	  62.47	
    207	   8.50	  -1.34	  0.015	0.99943							#	   3.84	  61.11	
    208	   8.32	  -1.36	  0.015	0.99936							#	   5.31	  60.91	
    209	   8.30	  -1.28	  0.014	0.99943							#	   3.48	  60.05	
    210	   8.30	  -1.31	  0.014	0.99939							#	   4.84	  61.11	
    211	   8.37	  -1.35	  0.012	0.99932							#	   4.73	  57.07	
    212	   8.29	  -1.33	  0.012	0.99926							#	   3.87	  56.46	
    213	   8.28	  -1.32	  0.011	0.99928							#	   5.91	  55.91	
    214	   8.18	  -1.35	  0.010	0.99928							#	   3.73	  56.31	
    215	   8.19	  -1.42	  0.010	0.99933							#	   4.30	  55.05	
    216	   8.24	  -1.49	  0.010	0.99928							#	   5.68	  55.66	
    217	   8.21	  -1.44	  0.011	0.99928							#	   4.11	  53.59	
    218	   8.01	  -1.43	  0.010	0.99929							#	   3.90	  55.20	
    219	   8.10	  -1.47	  0.008	0.99933							#	   4.80	  55.51	
    220	   8.08	  -1.58	  0.009	0.99930							#	   4.27	  54.14	
    221	   8.22	  -1.49	  0.008	0.99928							#	   4.34	  52.93	
    222	   8.03	  -1.53	  0.008	0.99926							#	   4.83	  53.74	
    223	   8.11	  -1.61	  0.007	0.99930							#	   4.17	  53.18	
    224	   8.05	  -1.60	  0.008	0.99926							#	   4.03	  53.23	
    225	   8.02	  -1.58	  0.008	0.99929							#	   4.10	  53.89	
    226	   8.04	  -1.67	  0.006	0.99927							#	   4.29	  52.88	
    227	   7.99	  -1.59	  0.007	0.99931							#	   3.67	  54.19	
    228	   7.84	  -1.79	  0.004	0.99923							#	   3.94	  49.90	
    229	   7.96	  -1.74	  0.005	0.99938							#	   3.78	  52.93	
    230	   7.76	  -1.76	  0.005	0.99931							#	   4.20	  51.82	
    231	   7.76	  -1.82	  0.004	0.99934							#	   3.14	  51.01	
    232	   7.61	  -1.91	  0.002	0.99934							#	   3.85	  50.10	
    233	   7.83	  -2.03	  0.002	0.99937							#	   3.38	  50.35	
    234	   7.58	  -1.99	  0.002	0.99929							#	   3.18	  49.60	
    235	   7.75	  -2.01	  0.003	0.99935							#	   2.75	  50.56	
    236	   7.42	  -2.09	  0.002	0.99944							#	   3.15	  52.37	
    237	   7.43	  -2.13	  0.002	0.99944							#	   2.35	  53.99	
    238	   7.47	  -2.18	  0.002	0.99953							#	   2.78	  54.75	
    239	   7.46	  -2.11	  0.005	0.99962							#	   2.35	  57.78	
    240	   7.49	  -2.23	  0.004	0.99959							#	   2.07	  57.88	
    241	   7.50	  -2.17	  0.004	0.99974							#	   2.17	  60.05	
    242	   7.25	  -2.11	  0.006	0.99975							#	   1.91	  62.88	
    243	   7.23	  -2.11	  0.006	0.99999							#	   1.81	  67.53	
    244	   6.74	  -2.21	  0.007	0.99991							#	   2.00	  64.34	
    245	   7.11	  -2.16	  0.007	0.99997							#	   1.86	  69.24	
    246	   6.65	  -2.17	  0.007	0.99994							#	   1.74	  67.12	
    247	   6.87	  -2.19	  0.004	1.00003							#	   1.92	  72.68	
    248	   6.35	  -2.07	  0.007	1.00031							#	   1.72	  63.79	
    249	   6.46	  -2.18	  0.007	1.00008							#	   1.51	  76.21	
    250	   6.08	  -2.11	  0.006	1.00025							#	   1.65	  64.09	
    251	   6.59	  -2.14	  0.004	0.99999							#	   1.75	  75.71	
    252	   5.93	  -2.19	  0.004	1.00017							#	   1.51	  65.40	
    253	   5.92	  -2.31	  0.004	0.99994							#	   1.72	  72.63	
    254	   5.81	  -2.20	  0.006	1.00008							#	   2.11	  69.09	
    255	   6.09	  -2.21	  0.004	0.99995							#	   1.97	  74.34	
    256	   5.53	  -2.21	  0.005	1.00021							#	   1.64	  67.78	
    257	   5.43	  -2.37	  0.006	0.99999							#	   1.85	  72.17	
    258	   5.33	  -2.36	  0.000	1.00000							#	   1.90	  73.13	
    259	   5.52	  -2.43	  0.006	1.00008							#	   1.66	  76.82	
    260	   5.22	  -2.47	  0.002	0.99999							#	   1.38	  75.56	
    261	   5.20	  -2.50	  0.006	1.00003							#	   1.68	  75.66	
    262	   5.04	  -2.52	  0.003	1.00001							#	   1.65	  78.18	
    263	   4.91	  -2.45	  0.006	1.00005							#	   1.39	  81.52	
    264	   4.46	  -2.41	  0.004	0.99996							#	   1.27	  77.93	
    265	   4.67	  -2.48	  0.006	1.00004							#	   1.72	  81.92	
    266	   4.61	  -2.50	  0.004	1.00001							#	   1.60	  79.70	
    267	   4.49	  -2.44	  0.006	1.00010							#	   1.48	  81.62	
    268	   4.26	  -2.32	  0.003	0.99998							#	   1.33	  77.68	
    269	   4.18	  -2.36	  0.006	1.00005							#	   1.86	  82.47	
    270	   3.98	  -2.36	  0.002	0.99997							#	   1.49	  81.01	
    271	   4.10	  -2.38	  0.005	1.00010							#	   1.49	  79.29	
    272	   4.04	  -2.46	  0.003	0.99988							#	   1.56	  79.34	
    273	   3.91	  -2.28	  0.005	1.00007							#	   1.85	  78.59	
    274	   3.53	  -2.35	  0.002	0.99986							#	   1.54	  78.54	
    275	   3.65	  -2.34	  0.004	1.00009							#	   1.56	  79.24	
    276	   3.59	  -2.32	  0.001	0.99988							#	   1.88	  76.82	
    277	   3.80	  -2.34	  0.004	0.99997							#	   1.84	  79.24	
    278	   3.40	  -2.40	  0.002	0.99980							#	   1.70	  80.66	
    279	   3.30	  -2.33	  0.003	1.00009							#	   1.90	  79.75	
    280	   3.12	  -2.44	  0.001	0.99991							#	   2.16	  80.45	
    281	   3.08	  -2.33	  0.003	1.00011							#	   1.75	  80.96	
    282	   2.90	  -2.35	  0.003	0.99999							#	   1.72	  80.45	
    283	   2.84	  -2.29	  0.001	1.00008							#	   2.09	  76.46	
    284	   2.85	  -2.42	  0.000	0.99986							#	   1.72	  78.28	
    285	   2.72	  -2.32	  0.003	1.00008							#	   1.52	  79.14	
    286	   2.46	  -2.42	  0.000	0.99990							#	   1.73	  79.70	
    287	   2.64	  -2.25	  0.003	1.00012							#	   1.83	  77.53	
    288	   2.47	  -2.47	 -0.002	0.99988							#	   1.31	  77.98	
    289	   2.31	  -2.38	  0.002	1.00007							#	   1.32	  78.28	
    290	   2.41	  -2.36	  0.000	0.99996							#	   1.54	  81.21	
    291	   2.31	  -2.29	  0.002	1.00007							#	   1.38	  79.60	
    292	   2.23	  -2.46	 -0.001	0.99995							#	   1.09	  78.23	
    293	   2.21	  -2.28	  0.001	1.00007							#	   1.05	  79.09	
    294	   2.06	  -2.38	 -0.001	0.99992							#	   1.10	  80.56	
    295	   2.10	  -2.33	  0.000	1.00011							#	   1.12	  81.82	
    296	   2.07	  -2.49	  0.002	1.00103							#	   0.97	  82.02	
    297	   1.48	  -2.26	  0.001	1.00033							#	   0.80	  82.27	
    298	   1.68	  -2.32	 -0.002	0.99995							#	   0.75	  80.81	
    299	   1.98	  -2.30	 -0.001	1.00005							#	   0.77	  82.27	
    300	   1.87	  -2.34	  0.000	0.99991							#	   0.90	  81.92	
    301	   1.98	  -2.31	  0.001	1.00003							#	   0.91	  81.26	
    302	   1.64	  -2.42	 -0.002	0.99982							#	   0.78	  82.07	
    303	   1.82	  -2.34	 -0.001	1.00009							#	   0.73	  82.93	
    304	   1.45	  -2.49	 -0.000	0.99988							#	   0.60	  83.69	
    305	   1.48	  -2.34	 -0.002	1.00004							#	   0.51	  84.39	
    306	   1.60	  -2.35	 -0.001	0.99995							#	   0.50	  85.45	
    307	   1.69	  -2.29	 -0.001	1.00009							#	   0.55	  83.48	
    308	   1.49	  -2.49	 -0.001	0.99991							#	   0.53	  84.14	
    309	   1.27	  -2.49	 -0.000	1.00004							#	   0.55	  83.48	
    310	   1.22	  -2.51	 -0.002	0.99991							#	   0.55	  85.45	
    311	   1.29	  -2.45	 -0.001	1.00006							#	   0.55	  85.20	
    312	   1.13	  -2.71	 -0.002	0.99996							#	   0.57	  82.63	
    313	   1.12	  -2.60	 -0.002	1.00008							#	   0.57	  85.25	
    314	   1.00	  -2.69	 -0.001	0.99997							#	   0.56	  85.61	
    315	   0.92	  -2.73	 -0.001	1.00004							#	   0.56	  86.92	
    316	   0.94	  -2.79	 -0.001	0.99996							#	   0.56	  84.04	
    317	   1.16	  -2.73	 -0.000	1.00010							#	   0.58	  85.40	
    318	   0.77	  -2.88	 -0.001	0.99994							#	   0.53	  80.61	
    319	   0.91	  -2.81	 -0.002	1.00003							#	   0.51	  86.82	
    320	   0.77	  -2.88	 -0.001	0.99995							#	   0.51	  87.83	
    321	   0.42	  -2.85	 -0.003	1.00005							#	   0.46	  89.39	
    322	   1.15	  -2.88	 -0.002	0.99997							#	   0.48	  87.88	
    323	   0.94	  -2.99	 -0.002	1.00003							#	   0.49	  91.36	
    324	   0.52	  -3.02	 -0.003	0.99997							#	   0.49	  90.20	
    325	   0.85	  -2.94	 -0.002	1.00004							#	   0.50	  89.80	
    326	   0.65	  -3.04	 -0.003	0.99996							#	   0.51	  87.53	
    327	   0.76	  -3.00	 -0.003	1.00007							#	   0.56	  91.41	
    328	   0.56	  -3.16	 -0.003	0.99994							#	   0.56	  88.13	
    329	   0.48	  -3.16	 -0.004	1.00006							#	   0.57	  93.13	
    330	   0.55	  -3.15	 -0.005	0.99994							#	   0.56	  92.37	
    331	   0.83	  -3.16	 -0.004	1.00007							#	   0.60	  91.87	
    332	   0.75	  -3.29	 -0.003	0.99999							#	   0.63	  89.60	
    333	   0.65	  -3.08	 -0.004	1.00008							#	   0.58	  92.68	
    334	   0.60	  -3.33	 -0.005	0.99992							#	   0.61	  89.80	
    335	   0.87	  -3.24	 -0.003	1.00008							#	   0.64	  92.98	
    336	   0.64	  -3.37	 -0.003	0.99987							#	   0.61	  93.28	
    337	   0.57	  -3.37	 -0.003	0.99999							#	   0.63	  93.89	
    338	   0.53	  -3.41	 -0.004	0.99993							#	   0.62	  93.18	
    339	   0.67	  -3.42	 -0.003	0.99998							#	   0.63	  93.33	
    340	   0.64	  -3.52	 -0.004	0.99998							#	   0.64	  94.09	
    341	   0.69	  -3.54	 -0.005	0.99999							#	   0.69	  93.43	
    342	   0.87	  -3.61	 -0.006	1.00002							#	   0.72	  94.09	
    343	   0.87	  -3.60	 -0.004	0.99999							#	   0.70	  94.49	
    344	   0.84	  -3.62	 -0.006	0.99998							#	   0.72	  93.99	
    345	   0.92	  -3.67	 -0.006	0.99999							#	   0.79	  94.04	
    346	   1.04	  -3.66	 -0.005	1.00000							#	   0.81	  93.99	
    347	   1.03	  -3.64	 -0.004	0.99996							#	   0.77	  94.39	
    348	   1.00	  -3.62	 -0.004	0.99993							#	   0.73	  93.54	
    349	   1.26	  -3.70	 -0.005	0.99999							#	   0.80	  94.49	
    350	   1.17	  -3.58	 -0.004	0.99997							#	   0.80	  94.14	
    351	   1.01	  -3.62	 -0.005	0.99999							#	   0.79	  93.69	
    352	   1.52	  -3.64	 -0.006	0.99999							#	   0.84	  93.23	
    353	   1.33	  -3.75	 -0.005	0.99995							#	   0.78	  93.94	
    354	   1.25	  -3.81	 -0.006	0.99999							#	   0.80	  93.89	
    355	   1.29	  -3.69	 -0.004	0.99998							#	   0.73	  93.59	
    356	   1.29	  -3.76	 -0.005	0.99997							#	   0.74	  93.99	
    357	   1.25	  -3.76	 -0.004	0.99995							#	   0.76	  94.04	
    358	   1.36	  -3.75	 -0.006	0.99998							#	   0.80	  94.19	
    359	   1.42	  -3.89	 -0.004	0.99997							#	   0.85	  94.34	
    360	   1.43	  -3.88	 -0.003	0.99995							#	   0.85	  92.98	
    361	   1.50	  -3.82	 -0.005	0.99996							#	   0.73	  94.39	
    362	   1.39	  -3.89	 -0.005	0.99999							#	   0.80	  93.99	
    363	   1.58	  -3.88	 -0.005	1.00003							#	   0.89	  93.74	
    364	   1.61	  -3.93	 -0.004	0.99993							#	   0.81	  93.84	
    365	   1.61	  -3.98	 -0.007	0.99998							#	   0.92	  92.88	
    366	   1.46	  -3.99	 -0.004	0.99994							#	   0.84	  91.92	
    367	   1.59	  -3.97	 -0.008	1.00000							#	   0.96	  93.43	
    368	   1.59	  -3.93	 -0.005	0.99995							#	   0.84	  92.68	
    369	   1.76	  -3.87	 -0.010	1.00003							#	   0.85	  90.20	
    370	   1.65	  -4.10	 -0.006	0.99997							#	   0.88	  87.22	
    371	   1.76	  -4.07	 -0.008	1.00002							#	   0.88	  93.08	
    372	   1.74	  -4.11	 -0.007	1.00002							#	   0.86	  92.93	
    373	   1.88	  -4.04	 -0.009	1.00010							#	   0.92	  88.99	
    374	   1.71	  -4.14	 -0.009	1.00002							#	   0.93	  85.45	
    375	   1.72	  -4.03	 -0.008	1.00000							#	   0.87	  94.14	
    376	   1.66	  -4.12	 -0.007	1.00000							#	   0.90	  93.13	
    377	   1.85	  -4.09	 -0.008	1.00003							#	   0.94	  93.59	
    378	   2.01	  -4.10	 -0.006	0.99998							#	   0.97	  92.98	
    379	   1.85	  -4.12	 -0.006	1.00000							#	   0.90	  92.32	
    380	   1.83	  -4.24	 -0.007	0.99998							#	   0.99	  92.68	
    381	   1.92	  -4.24	 -0.007	1.00001							#	   0.99	  92.17	
    382	   1.80	  -4.18	 -0.007	0.99996							#	   0.98	  92.27	
    383	   1.91	  -4.16	 -0.007	1.00000							#	   1.01	  92.27	
    384	   1.91	  -4.19	 -0.007	1.00002							#	   0.98	  92.83	
    385	   1.91	  -4.23	 -0.007	0.99997							#	   0.98	  92.27	
    386	   1.88	  -4.27	 -0.008	1.00000							#	   0.94	  93.13	
    387	   1.91	  -4.33	 -0.008	1.00002							#	   0.92	  92.68	
    388	   1.82	  -4.33	 -0.009	0.99999							#	   0.89	  90.96	
    389	   2.05	  -4.28	 -0.009	1.00003							#	   0.98	  92.78	
    390	   2.02	  -4.44	 -0.010	1.00001							#	   0.99	  92.17	
    391	   2.06	  -4.32	 -0.011	1.00002							#	   0.92	  93.33	
    392	   1.96	  -4.39	 -0.010	1.00001							#	   0.97	  92.63	
    393	   1.94	  -4.33	 -0.010	0.99999							#	   0.93	  92.68	
    394	   1.92	  -4.50	 -0.010	1.00007							#	   1.03	  91.77	
    395	   1.96	  -4.40	 -0.010	0.99999							#	   0.94	  91.36	
    396	   1.98	  -4.40	 -0.009	1.00000							#	   1.08	  92.37	
    397	   2.00	  -4.30	 -0.009	0.99998							#	   0.99	  92.47	
    398	   1.93	  -4.34	 -0.009	1.00004							#	   1.05	  92.58	
    399	   2.00	  -4.24	 -0.008	1.00002							#	   0.96	  92.58	
    400	   1.89	  -4.20	 -0.008	1.00001							#	   0.86	  92.22	
    401	   1.99	  -4.18	 -0.009	1.00000							#	   0.85	  93.33	
    402	   1.95	  -4.19	 -0.009	1.00004							#	   0.85	  93.33	
    403	   1.93	  -4.13	 -0.009	1.00003							#	   0.83	  93.03	
    404	   1.92	  -4.15	 -0.008	1.00003							#	   0.89	  93.18	
    405	   1.90	  -4.19	 -0.010	1.00001							#	   0.91	  93.23	
    406	   1.95	  -4.14	 -0.010	1.00006							#	   0.92	  93.69	
    407	   1.89	  -4.24	 -0.008	1.00003							#	   0.90	  92.47	
    408	   1.79	  -4.23	 -0.008	1.00002							#	   0.88	  93.69	
    409	   1.88	  -4.28	 -0.010	1.00005							#	   0.96	  93.79	
    410	   1.73	  -4.41	 -0.008	1.00003							#	   0.99	  92.88	
    411	   1.79	  -4.20	 -0.010	1.00005							#	   0.98	  93.94	
    412	   1.85	  -4.26	 -0.008	1.00002							#	   1.04	  93.08	
    413	   1.70	  -4.30	 -0.008	1.00002							#	   0.99	  93.48	
    414	   1.54	  -4.31	 -0.009	1.00003							#	   0.89	  93.38	
    415	   1.64	  -4.36	 -0.008	1.00004							#	   0.89	  93.54	
    416	   1.51	  -4.39	 -0.009	1.00004							#	   0.87	  93.33	
    417	   1.43	  -4.43	 -0.009	1.00002							#	   0.91	  94.09	
    418	   1.38	  -4.49	 -0.010	1.00002							#	   0.95	  93.64	
    419	   1.42	  -4.51	 -0.008	1.00010							#	   0.96	  92.78	
    420	   1.23	  -4.56	 -0.012	0.99997							#	   1.08	  91.92	
    421	   1.35	  -4.58	 -0.010	1.00010							#	   0.94	  91.77	
    422	   1.21	  -4.68	 -0.011	1.00000							#	   0.94	  91.31	
    423	   1.35	  -4.67	 -0.011	1.00007							#	   1.05	  90.10	
    424	   1.33	  -4.70	 -0.010	1.00002							#	   1.01	  88.33	
    425	   1.17	  -4.80	 -0.010	1.00002							#	   1.12	  89.19	
    426	   1.23	  -4.57	 -0.010	1.00001							#	   1.05	  88.99	
    427	   1.33	  -4.79	 -0.010	1.00005							#	   1.16	  88.64	
    428	   1.21	  -4.63	 -0.009	0.99998							#	   0.93	  88.69	
    429	   1.20	  -4.82	 -0.010	1.00004							#	   0.99	  88.43	
    430	   1.07	  -4.79	 -0.011	1.00000							#	   0.95	  89.04	
    431	   1.04	  -4.74	 -0.011	1.00006							#	   0.98	  89.24	
    432	   1.13	  -4.87	 -0.012	1.00006							#	   1.03	  88.59	
    433	   1.20	  -4.69	 -0.012	1.00004							#	   0.96	  89.80	
    434	   1.11	  -4.75	 -0.012	1.00002							#	   1.07	  89.65	
    435	   1.09	  -4.78	 -0.011	1.00008							#	   1.08	  89.70	
    436	   0.92	  -4.70	 -0.011	0.99998							#	   1.03	  89.85	
    437	   1.26	  -4.75	 -0.011	1.00005							#	   1.08	  89.80	
    438	   1.12	  -4.73	 -0.011	1.00002							#	   1.07	  89.49	
    439	   1.16	  -4.65	 -0.011	0.99999							#	   1.06	  89.95	
    440	   1.08	  -4.62	 -0.012	1.00002							#	   1.01	  89.70	
    441	   1.24	  -4.60	 -0.012	1.00004							#	   1.00	  89.65	
    442	   1.14	  -4.65	 -0.011	1.00003							#	   0.97	  89.39	
    443	   1.01	  -4.57	 -0.011	1.00003							#	   0.96	  88.99	
    444	   0.93	  -4.54	 -0.010	0.99999							#	   1.00	  89.09	
    445	   0.91	  -4.55	 -0.010	1.00002							#	   1.01	  89.39	
    446	   0.91	  -4.62	 -0.009	1.00000							#	   1.09	  89.29	
    447	   0.84	  -4.60	 -0.009	1.00001							#	   1.05	  89.34	
    448	   0.66	  -4.65	 -0.010	1.00000							#	   1.14	  89.55	
    449	   0.88	  -4.68	 -0.010	1.00006							#	   1.18	  89.39	
    450	   0.88	  -4.71	 -0.010	1.00006							#	   1.15	  88.64	
    451	   0.86	  -4.72	 -0.010	0.99998							#	   1.16	  89.34	
    452	   0.86	  -4.76	 -0.010	1.00004							#	   1.26	  89.04	
    453	   0.83	  -4.85	 -0.010	1.00006							#	   1.28	  88.08	
    454	   0.59	  -4.87	 -0.010	1.00000							#	   1.08	  87.98	
    455	   0.66	  -4.83	 -0.010	1.00000							#	   1.14	  87.78	
    456	   1.31	  -4.88	 -0.009	1.00002							#	   1.23	  87.53	
    457	   0.96	  -4.90	 -0.008	1.00001							#	   1.33	  87.47	
    458	   0.92	  -4.91	 -0.007	1.00001							#	   1.21	  87.98	
    459	   0.79	  -4.95	 -0.009	0.99999							#	   1.19	  87.98	
    460	   0.90	  -5.04	 -0.011	1.00003							#	   1.19	  87.63	
    461	   0.77	  -5.03	 -0.011	1.00003							#	   1.12	  87.93	
    462	   0.81	  -5.07	 -0.011	1.00007							#	   1.30	  87.37	
    463	   0.71	  -5.12	 -0.012	1.00000							#	   1.13	  87.88	
    464	   0.88	  -5.11	 -0.011	1.00004							#	   1.14	  87.17	
    465	   1.05	  -5.10	 -0.010	1.00004							#	   1.21	  87.83	
    466	   1.03	  -5.14	 -0.009	1.00002							#	   1.17	  86.77	
    467	   0.88	  -5.12	 -0.010	1.00006							#	   1.05	  88.03	
    468	   0.86	  -5.20	 -0.009	1.00000							#	   1.08	  87.53	
    469	   0.97	  -5.22	 -0.010	0.99998							#	   1.07	  88.48	
    470	   1.02	  -5.29	 -0.010	1.00006							#	   1.13	  88.79	
    471	   1.01	  -5.29	 -0.009	0.99999							#	   1.17	  87.93	
    472	   0.89	  -5.37	 -0.010	1.00003							#	   1.20	  87.93	
    473	   0.81	  -5.28	 -0.009	1.00000							#	   1.10	  87.88	
    474	   0.71	  -5.16	 -0.011	1.00004							#	   1.14	  87.32	
    475	   0.82	  -5.20	 -0.011	1.00002							#	   1.15	  85.86	
    476	   0.53	  -5.21	 -0.013	1.00002							#	   1.18	  86.06	
    477	   0.54	  -5.33	 -0.014	0.99998							#	   1.26	  86.11	
    478	   0.69	  -5.39	 -0.014	1.00005							#	   1.11	  86.36	
    479	   0.52	  -5.45	 -0.015	1.00002							#	   1.07	  86.46	
    480	   0.46	  -5.46	 -0.013	1.00000							#	   1.24	  86.11	
    481	   0.56	  -5.41	 -0.013	0.99999							#	   1.09	  87.12	
    482	   0.60	  -5.51	 -0.013	1.00003							#	   1.13	  87.12	
    483	   0.57	  -5.46	 -0.013	0.99999							#	   1.07	  86.72	
    484	   0.51	  -5.36	 -0.015	1.00000							#	   0.95	  86.21	
    485	   0.52	  -5.49	 -0.014	0.99997							#	   1.05	  86.41	
    486	   0.53	  -5.59	 -0.016	1.00002							#	   1.12	  85.96	
    487	   0.46	  -5.74	 -0.017	1.00000							#	   1.15	  85.00	
    488	   0.34	  -5.78	 -0.016	1.00000							#	   1.23	  85.15	
    489	   0.45	  -5.87	 -0.018	0.99998							#	   1.06	  84.90	
    490	   0.47	  -5.90	 -0.018	0.99994							#	   1.05	  85.15	
    491	   0.42	  -6.06	 -0.018	0.99997							#	   1.21	  85.25	
    492	   0.55	  -6.02	 -0.021	0.99998							#	   1.14	  85.51	
    493	   0.48	  -6.22	 -0.020	0.99995							#	   1.13	  85.56	
    494	   0.52	  -6.09	 -0.019	1.00001							#	   1.14	  85.76	
    495	   0.49	  -6.29	 -0.020	1.00004							#	   1.16	  85.81	
    496	   0.63	  -6.12	 -0.019	0.99993							#	   1.08	  85.40	
    497	   0.42	  -6.28	 -0.020	0.99998							#	   1.12	  84.95	
    498	   0.54	  -6.14	 -0.017	0.99998							#	   1.12	  84.75	
    499	   0.70	  -6.34	 -0.017	1.00001							#	   1.01	  83.74	
    500	   0.52	  -6.11	 -0.015	0.99995							#	   1.00	  83.38	
    501	   0.47	  -6.23	 -0.018	0.99999							#	   0.98	  83.64	
    502	   0.61	  -6.13	 -0.016	0.99997							#	   0.99	  83.79	
    503	   0.59	  -6.22	 -0.017	0.99996							#	   0.99	  83.74	
    504	   0.55	  -6.10	 -0.018	1.00000							#	   0.99	  84.09	
    505	   0.75	  -6.10	 -0.016	0.99994							#	   0.97	  83.48	
    506	   0.82	  -6.01	 -0.015	0.99998							#	   0.96	  83.84	
    507	   0.76	  -5.99	 -0.014	0.99996							#	   0.96	  83.28	
    508	   0.82	  -5.92	 -0.014	1.00000							#	   1.04	  83.48	
    509	   0.90	  -5.93	 -0.012	0.99997							#	   0.88	  83.23	
    510	   0.78	  -5.89	 -0.013	0.99996							#	   0.83	  82.88	
    511	   0.69	  -5.92	 -0.013	0.99996							#	   0.84	  82.83	
    512	   0.99	  -5.96	 -0.012	1.00002							#	   0.87	  82.78	
    513	   0.84	  -5.86	 -0.011	0.99987							#	   0.93	  83.43	
    514	   0.96	  -5.83	 -0.011	0.99995							#	   0.88	  83.13	
    515	   0.98	  -5.88	 -0.012	0.99995							#	   0.90	  82.78	
    516	   0.94	  -5.75	 -0.011	0.99993							#	   0.87	  83.08	
    517	   0.92	  -5.70	 -0.010	0.99993							#	   0.84	  82.98	
    518	   1.00	  -5.62	 -0.010	0.99994							#	   0.90	  83.33	
    519	   1.15	  -5.61	 -0.010	0.99994							#	   0.90	  82.93	
    520	   1.01	  -5.70	 -0.008	0.99993							#	   0.79	  82.58	
    521	   1.20	  -5.78	 -0.008	0.99993							#	   0.87	  83.33	
    522	   1.38	  -5.86	 -0.007	0.99993							#	   0.86	  82.53	
    523	   1.42	  -5.79	 -0.006	0.99997							#	   0.89	  82.78	
    524	   1.43	  -5.75	 -0.006	0.99990							#	   0.91	  82.07	
    525	   1.45	  -5.82	 -0.006	0.99993							#	   0.93	  82.12	
    526	   1.52	  -5.74	 -0.006	0.99990							#	   0.92	  81.57	
    527	   1.69	  -5.74	 -0.006	0.99993							#	   0.92	  81.36	
    528	   1.54	  -5.78	 -0.005	0.99991							#	   0.91	  80.71	
    529	   1.50	  -5.71	 -0.006	0.99992							#	   0.93	  81.01	
    530	   1.35	  -5.66	 -0.005	0.99991							#	   0.85	  80.76	
    531	   1.39	  -5.61	 -0.005	0.99988							#	   0.74	  80.61	
    532	   1.31	  -5.64	 -0.005	0.99990							#	   0.81	  80.51	
    533	   1.07	  -5.68	 -0.006	0.99990							#	   0.76	  80.30	
    534	   1.29	  -5.74	 -0.006	0.99993							#	   0.81	  80.61	
    535	   1.35	  -5.75	 -0.007	0.99993							#	   0.87	  80.00	
    536	   1.25	  -5.70	 -0.006	0.99988							#	   0.86	  79.24	
    537	   1.13	  -5.73	 -0.006	0.99989							#	   0.90	  78.99	
    538	   1.08	  -5.74	 -0.006	0.99988							#	   0.85	  78.54	
    539	   0.94	  -5.80	 -0.004	0.99989							#	   0.90	  78.03	
    540	   1.07	  -5.75	 -0.005	0.99989							#	   0.95	  76.92	
    541	   1.14	  -5.61	 -0.004	0.99987							#	   0.77	  76.97	
    542	   0.96	  -5.47	 -0.006	0.99991							#	   0.66	  77.42	
    543	   0.98	  -5.44	 -0.008	0.99987							#	   0.72	  77.22	
    544	   0.82	  -5.48	 -0.012	0.99989							#	   0.64	  77.32	
    545	   0.74	  -5.65	 -0.012	0.99991							#	   0.72	  76.62	
    546	   0.62	  -5.57	 -0.013	0.99991							#	   0.78	  76.97	
    547	   0.66	  -5.86	 -0.013	0.99986							#	   0.90	  76.26	
    548	   0.55	  -5.64	 -0.014	0.99993							#	   0.81	  76.57	
    549	   0.63	  -5.76	 -0.014	0.99989							#	   0.87	  76.26	
    550	   0.64	  -5.64	 -0.015	0.99989							#	   0.85	  75.61	
    551	   0.73	  -5.74	 -0.012	0.99989							#	   0.90	  75.30	
    552	   0.53	  -5.75	 -0.012	0.99990							#	   0.78	  75.10	
    553	   0.56	  -5.77	 -0.012	0.99986							#	   0.76	  75.35	
    554	   0.65	  -5.78	 -0.014	0.99987							#	   0.75	  75.00	
    555	   0.76	  -5.96	 -0.012	0.99985							#	   0.81	  74.85	
    556	   0.74	  -5.98	 -0.013	0.99984							#	   0.77	  74.55	
    557	   0.49	  -6.16	 -0.014	0.99982							#	   0.93	  74.19	
    558	   0.61	  -6.24	 -0.015	0.99983							#	   0.87	  74.65	
    559	   0.90	  -6.42	 -0.015	0.99990							#	   0.90	  74.70	
    560	   0.73	  -6.43	 -0.015	0.99986							#	   0.94	  74.24	
    561	   0.80	  -6.47	 -0.017	0.99986							#	   0.97	  74.19	
    562	   0.71	  -6.52	 -0.018	0.99983							#	   0.83	  74.24	
    563	   0.52	  -6.83	 -0.019	0.99986							#	   0.86	  73.69	
    564	   0.80	  -7.04	 -0.023	0.99983							#	   0.96	  73.38	
    565	   0.51	  -7.18	 -0.023	0.99980							#	   0.92	  72.73	
    566	   0.52	  -7.33	 -0.025	0.99981							#	   1.04	  72.88	
    567	   0.56	  -7.42	 -0.024	0.99986							#	   1.00	  72.32	
    568	   0.41	  -7.43	 -0.023	0.99978							#	   1.03	  72.07	
    569	   0.55	  -7.45	 -0.021	0.99982							#	   1.05	  71.21	
    570	   0.48	  -7.65	 -0.019	0.99986							#	   1.01	  70.61	
    571	   0.47	  -7.73	 -0.015	0.99982							#	   0.92	  69.95	
    572	   0.87	  -7.57	 -0.014	0.99981							#	   0.92	  70.30	
    573	   0.62	  -7.43	 -0.011	0.99979							#	   0.85	  69.85	
    574	   0.84	  -7.05	 -0.013	0.99982							#	   0.83	  69.34	
    575	   0.85	  -6.96	 -0.009	0.99978							#	   0.83	  68.69	
    576	   0.97	  -6.84	 -0.005	0.99977							#	   0.90	  68.64	
    577	   0.97	  -6.81	 -0.005	0.99984							#	   0.88	  68.08	
    578	   0.94	  -6.92	 -0.004	0.99978							#	   0.89	  67.98	
    579	   1.02	  -6.99	 -0.005	0.99983							#	   0.88	  68.18	
    580	   1.05	  -6.87	 -0.007	0.99981							#	   0.85	  68.18	
    581	   1.00	  -6.88	 -0.011	0.99982							#	   0.81	  67.47	
    582	   0.94	  -6.86	 -0.010	0.99981							#	   0.80	  67.07	
    583	   0.96	  -6.71	 -0.010	0.99980							#	   0.82	  67.02	
    584	   0.77	  -6.24	 -0.009	0.99982							#	   0.76	  67.32	
    585	   0.79	  -6.36	 -0.008	0.99985							#	   0.77	  66.67	
    586	   0.70	  -6.32	 -0.004	0.99978							#	   0.85	  66.46	
    587	   0.62	  -6.29	 -0.000	0.99980							#	   0.78	  65.86	
    588	   0.71	  -6.28	  0.001	0.99979							#	   0.70	  66.41	
    589	   0.75	  -6.11	  0.001	0.99982							#	   0.72	  66.11	
    590	   0.77	  -6.07	  0.002	0.99983							#	   0.68	  66.67	
    591	   0.72	  -6.01	  0.002	0.99983							#	   0.61	  65.96	
    592	   0.77	  -5.85	  0.003	0.99983							#	   0.62	  65.40	
    593	   0.79	  -5.64	  0.004	0.99982							#	   0.62	  65.81	
    594	   0.81	  -5.63	  0.005	0.99984							#	   0.62	  65.25	
    595	   0.67	  -5.58	  0.007	0.99976							#	   0.62	  64.70	
    596	   0.55	  -5.40	  0.003	0.99979							#	   0.64	  63.99	
    597	   0.85	  -5.28	  0.003	0.99985							#	   0.61	  64.04	
    598	   0.76	  -5.26	 -0.000	0.99982							#	   0.53	  64.04	
    599	   0.75	  -5.20	 -0.001	0.99983							#	   0.51	  64.04	
    600	   0.49	  -5.17	 -0.003	0.99985							#	   0.57	  63.13	
    601	   0.49	  -5.06	 -0.003	0.99985							#	   0.51	  63.84	
    602	   0.57	  -4.99	 -0.004	0.99989							#	   0.48	  64.39	
    603	   0.51	  -5.10	 -0.004	0.99988							#	   0.49	  63.99	
    604	   0.46	  -5.02	 -0.003	0.99990							#	   0.47	  63.94	
    605	   0.38	  -4.69	 -0.000	0.99982							#	   0.44	  63.99	
    606	   0.25	  -4.62	  0.003	0.99983							#	   0.43	  64.19	
    607	   0.30	  -4.68	  0.004	0.99981							#	   0.45	  63.59	
    608	   0.25	  -4.52	  0.003	0.99984							#	   0.42	  63.03	
    609	   0.20	  -4.46	  0.002	0.99986							#	   0.44	  62.88	
    610	   0.23	  -4.62	  0.001	0.99984							#	   0.42	  62.73	
    611	   0.14	  -4.61	 -0.000	0.99984							#	   0.38	  62.53	
    612	   0.25	  -4.47	  0.000	0.99987							#	   0.37	  62.32	
    613	   0.44	  -4.36	 -0.002	0.99981							#	   0.38	  61.67	
    614	   0.20	  -4.49	 -0.004	0.99981							#	   0.38	  61.82	
    615	   0.35	  -4.55	 -0.004	0.99977							#	   0.39	  61.77	
    616	   0.36	  -4.53	 -0.004	0.99982							#	   0.36	  62.07	
    617	   0.32	  -4.26	 -0.003	0.99985							#	   0.32	  61.72	
    618	   0.30	  -4.30	 -0.004	0.99988							#	   0.32	  61.62	
    619	   0.36	  -4.09	 -0.000	0.99990							#	   0.30	  61.72	
    620	   0.23	  -4.14	  0.001	1.00003							#	   0.31	  61.62	
    621	  -0.25	  -4.10	  0.002	0.99984							#	   0.31	  61.87	
    622	   0.04	  -4.14	  0.000	0.99987							#	   0.33	  61.67	
    623	   0.05	  -4.13	  0.002	0.99974							#	   0.31	  61.57	
    624	  -0.16	  -4.14	  0.002	0.99982							#	   0.32	  61.06	
    625	  -0.17	  -4.15	  0.000	0.99983							#	   0.30	  60.91	
    626	  -0.23	  -4.10	 -0.002	0.99983							#	   0.28	  60.40	
    627	  -0.30	  -4.23	  0.001	0.99975							#	   0.31	  59.49	
    628	  -0.64	  -4.21	 -0.002	0.99980							#	   0.32	  59.29	
    629	  -0.64	  -4.10	 -0.002	0.99979							#	   0.29	  59.19	
    630	  -0.70	  -4.04	 -0.000	0.99979							#	   0.28	  58.89	
    631	  -0.75	  -3.78	  0.002	0.99967							#	   0.25	  59.04	
    632	  -0.94	  -4.40	 -0.001	0.99998							#	   0.32	  58.13	
    633	  -1.20	  -3.96	  0.002	0.99972							#	   0.29	  58.69	
    634	  -1.15	  -4.00	  0.001	0.99978							#	   0.29	  58.79	
    635	  -1.29	  -4.03	 -0.000	0.99983							#	   0.30	  58.64	
    636	  -1.33	  -4.16	  0.001	0.99983							#	   0.32	  58.08	
    637	  -1.50	  -4.20	 -0.001	0.99983							#	   0.36	  57.32	
    638	  -1.39	  -4.31	 -0.004	0.99982							#	   0.34	  56.62	
    639	  -1.47	  -4.32	 -0.003	0.99982							#	   0.34	  55.91	
    640	  -1.64	  -4.42	 -0.006	0.99981							#	   0.34	  55.81	
    641	  -1.65	  -4.55	 -0.004	0.99970							#	   0.36	  55.91	
    642	  -1.90	  -4.63	 -0.006	0.99975							#	   0.39	  56.57	
    643	  -1.94	  -4.82	 -0.006	0.99981							#	   0.43	  55.86	
    644	  -2.13	  -4.65	 -0.007	0.99981							#	   0.38	  56.01	
    645	  -2.17	  -4.48	 -0.008	0.99980							#	   0.36	  55.05	
    646	  -2.13	  -4.56	 -0.008	0.99982							#	   0.37	  55.00	
    647	  -2.15	  -4.53	 -0.008	0.99981							#	   0.37	  54.65	
    648	  -2.27	  -4.38	 -0.009	0.99979							#	   0.37	  53.48	
    649	  -2.36	  -4.47	 -0.008	0.99981							#	   0.37	  53.69	
    650	  -2.37	  -4.56	 -0.010	0.99982							#	   0.40	  53.74	
    651	  -2.31	  -4.40	 -0.011	0.99983							#	   0.38	  53.64	
    652	  -2.28	  -4.33	 -0.009	0.99976							#	   0.35	  53.74	
    653	  -2.25	  -4.29	 -0.010	0.99977							#	   0.34	  54.24	
    654	  -1.86	  -4.27	 -0.009	0.99973							#	   0.33	  54.39	
    655	  -1.72	  -4.42	 -0.008	0.99973							#	   0.32	  53.94	
    656	  -1.45	  -4.26	 -0.007	0.99977							#	   0.30	  53.23	
    657	  -1.37	  -4.18	 -0.008	0.99971							#	   0.28	  52.93	
    658	  -1.35	  -4.16	 -0.006	0.99978							#	   0.27	  52.83	
    659	  -1.16	  -4.12	 -0.007	0.99976							#	   0.26	  52.78	
    660	  -1.04	  -3.98	 -0.008	0.99975							#	   0.28	  53.59	
    661	  -0.90	  -3.94	 -0.009	0.99976							#	   0.22	  53.69	
    662	  -0.91	  -3.89	 -0.010	0.99980							#	   0.22	  53.48	
    663	  -0.68	  -3.83	 -0.011	0.99978							#	   0.22	  53.33	
    664	  -0.34	  -3.65	 -0.012	0.99977							#	   0.20	  52.78	
    665	  -0.28	  -3.63	 -0.012	0.99983							#	   0.21	  52.02	
    666	  -0.32	  -3.48	 -0.009	0.99977							#	   0.21	  52.27	
    667	  -0.33	  -3.11	 -0.005	0.99982							#	   0.16	  51.92	
    668	  -0.40	  -3.00	 -0.002	0.99978							#	   0.15	  52.12	
    669	  -0.15	  -2.44	  0.002	0.99970							#	   0.11	  51.52	
    670	   0.01	  -2.90	  0.005	0.99982							#	   0.14	  52.73	
    671	   0.04	  -2.36	  0.006	0.99973							#	   0.11	  52.78	
    672	  -0.01	  -2.47	  0.008	0.99974							#	   0.10	  52.88	
    673	   0.12	  -2.43	  0.007	0.99975							#	   0.10	  52.63	
    674	   0.31	  -2.55	  0.009	0.99975							#	   0.11	  53.08	
    675	   0.40	  -2.60	  0.009	0.99976							#	   0.12	  52.68	
    676	   0.45	  -2.57	  0.008	0.99975							#	   0.11	  51.97	
    677	   0.74	  -2.48	  0.009	0.99978							#	   0.11	  51.06	
    678	   0.88	  -2.44	  0.008	0.99980							#	   0.11	  50.40	
    679	   0.92	  -2.49	  0.008	0.99979							#	   0.12	  50.20	
    680	   1.32	  -2.46	  0.004	0.99978							#	   0.13	  50.05	
    681	   1.72	  -2.40	  0.007	0.99978							#	   0.15	  49.75	
    682	   1.82	  -2.40	  0.007	0.99984							#	   0.15	  49.60	
    683	   1.99	  -2.31	  0.008	0.99978							#	   0.16	  49.19	
    684	   1.75	  -2.25	  0.012	0.99979							#	   0.14	  49.09	
    685	   1.77	  -1.99	  0.012	0.99979							#	   0.12	  49.29	
    686	   2.25	  -1.77	  0.012	0.99985							#	   0.15	  49.04	
    687	   2.66	  -1.71	  0.017	0.99983							#	   0.17	  48.23	
    688	   2.75	  -1.56	  0.019	0.99982							#	   0.17	  48.08	
    689	   3.00	  -1.37	  0.021	0.99977							#	   0.18	  47.47	
    690	   3.22	  -1.19	  0.021	0.99978							#	   0.19	  47.37	
    691	   3.44	  -1.18	  0.023	0.99983							#	   0.21	  47.63	
    692	   3.34	  -0.96	  0.023	0.99986							#	   0.19	  47.12	
    693	   3.82	  -0.86	  0.023	0.99983							#	   0.24	  45.15	
    694	   3.82	  -0.79	  0.025	0.99982							#	   0.24	  45.76	
    695	   3.89	  -0.83	  0.027	0.99979							#	   0.25	  45.66	
    696	   3.85	  -0.63	  0.028	0.99994							#	   0.24	  42.98	
    697	   3.64	  -0.48	  0.034	0.99990							#	   0.22	  44.70	
    698	   3.32	  -0.34	  0.032	0.99970							#	   0.19	  43.23	
    699	   3.55	  -0.29	  0.033	0.99973							#	   0.22	  45.35	
    700	   3.65	  -0.42	  0.031	0.99979							#	   0.22	  44.95	
    701	   3.69	  -0.50	  0.026	0.99978							#	   0.22	  44.85	
    702	   3.47	  -0.73	  0.022	0.99983							#	   0.20	  45.61	
    703	   3.17	  -0.72	  0.023	0.99969							#	   0.17	  46.46	
    704	   3.29	  -0.50	  0.025	0.99976							#	   0.18	  46.77	
    705	   3.14	  -0.41	  0.029	0.99969							#	   0.17	  46.62	
    706	   3.17	  -0.20	  0.029	0.99968							#	   0.17	  45.71	
    707	   3.06	  -0.05	  0.029	0.99966							#	   0.16	  45.51	
    708	   3.11	   0.08	  0.028	0.99966							#	   0.16	  45.25	
    709	   2.99	   0.08	  0.022	0.99974							#	   0.15	  45.76	
    710	   3.03	   0.15	  0.020	0.99982							#	   0.16	  45.61	
    711	   2.96	   0.08	  0.018	0.99981							#	   0.15	  46.11	
    712	   3.04	   0.08	  0.015	0.99984							#	   0.16	  46.97	
    713	   3.09	  -0.03	  0.012	0.99991							#	   0.17	  47.02	
    714	   2.95	  -0.06	  0.011	0.99991							#	   0.15	  47.12	
    715	   2.94	   0.06	  0.010	0.99986							#	   0.16	  47.17	
    716	   2.85	  -0.04	  0.012	0.99988							#	   0.15	  47.47	
    717	   2.83	   0.01	  0.013	0.99979							#	   0.14	  47.27	
    718	   2.69	  -0.11	  0.016	0.99975							#	   0.13	  47.73	
    719	   2.68	  -0.11	  0.016	0.99974							#	   0.13	  48.03	
    720	   2.40	  -0.45	  0.016	0.99979							#	   0.13	  47.42	
    721	   2.21	  -0.41	  0.014	0.99983							#	   0.10	  47.83	
    722	   2.12	  -0.69	  0.012	0.99982							#	   0.09	  47.73	
    723	   2.03	  -0.89	  0.011	0.99978							#	   0.09	  48.13	
    724	   1.77	  -1.01	  0.012	0.99980							#	   0.08	  48.08	
    725	   1.61	  -1.22	  0.012	0.99984							#	   0.08	  47.58	
    726	   1.75	  -1.29	  0.012	0.99982							#	   0.09	  47.83	
    727	   1.60	  -1.31	  0.012	0.99978							#	   0.08	  47.68	
    728	   1.41	  -1.44	  0.011	0.99979							#	   0.08	  47.32	
    729	   1.48	  -1.63	  0.012	0.99978							#	   0.09	  47.42	
    730	   1.32	  -1.61	  0.011	0.99979							#	   0.08	  47.32	
    731	   1.24	  -1.52	  0.009	0.99979							#	   0.08	  46.92	
    732	   1.26	  -1.57	  0.009	0.99975							#	   0.08	  47.12	
    733	   1.41	  -1.73	  0.009	0.99974							#	   0.09	  47.12	
    734	   1.48	  -1.81	  0.010	0.99972							#	   0.10	  46.52	
    735	   1.46	  -1.64	  0.008	0.99978							#	   0.08	  46.57	
    736	   1.55	  -1.98	  0.009	0.99973							#	   0.11	  46.46	
    737	   1.54	  -1.78	  0.009	0.99972							#	   0.10	  46.52	
    738	   1.49	  -1.78	  0.006	0.99980							#	   0.09	  45.91	
    739	   1.42	  -1.72	  0.008	0.99974							#	   0.09	  46.36	
    740	   1.45	  -1.69	  0.006	0.99971							#	   0.09	  46.11	
    741	   1.67	  -1.78	  0.008	0.99974							#	   0.11	  46.06	
    742	   1.55	  -1.71	  0.009	0.99970							#	   0.09	  46.01	
    743	   1.58	  -1.69	  0.008	0.99975							#	   0.09	  45.96	
    744	   1.65	  -1.60	  0.008	0.99970							#	   0.09	  45.61	
    745	   1.38	  -1.53	  0.005	0.99975							#	   0.07	  45.66	
    746	   1.32	  -1.63	  0.006	0.99972							#	   0.08	  45.81	
    747	   1.36	  -1.51	  0.004	0.99971							#	   0.07	  45.56	
    748	   1.14	  -1.37	  0.007	0.99966							#	   0.07	  45.61	
    749	   1.06	  -1.28	  0.007	0.99970							#	   0.06	  45.15	
    750	   0.87	  -1.31	  0.009	0.99959							#	   0.06	  45.51	
    751	   0.94	  -1.30	  0.008	0.99974							#	   0.06	  45.56	
    752	   0.94	  -1.10	  0.006	0.99984							#	   0.05	  45.96	
    753	   0.96	  -1.09	  0.005	0.99987							#	   0.05	  45.81	
    754	   0.93	  -1.01	  0.004	0.99982							#	   0.05	  45.61	
    755	   0.70	  -1.01	  0.004	0.99970							#	   0.04	  45.86	
    756	   1.20	  -1.03	  0.002	0.99975							#	   0.06	  45.96	
    757	   1.55	  -1.01	  0.007	0.99968							#	   0.08	  45.81	
    758	   1.20	  -1.13	  0.006	0.99969							#	   0.07	  45.91	
    759	   1.21	  -1.29	  0.006	0.99964							#	   0.07	  46.06	
    760	   1.17	  -1.29	  0.002	0.99967							#	   0.07	  45.76	
    761	   1.09	  -1.24	 -0.002	0.99976							#	   0.07	  46.01	
    762	   1.13	  -1.31	 -0.004	0.99976							#	   0.07	  46.11	
    763	   0.92	  -1.34	 -0.003	0.99976							#	   0.07	  45.20	
    764	   0.73	  -1.43	 -0.005	0.99980							#	   0.06	  45.35	
    765	   1.03	  -1.16	 -0.004	0.99980							#	   0.07	  45.40	
    766	   1.20	  -1.38	 -0.004	0.99971							#	   0.08	  45.15	
    767	   0.94	  -1.42	 -0.004	0.99966							#	   0.08	  44.70	
    768	   0.90	  -1.47	 -0.000	0.99968							#	   0.06	  44.80	
    769	   1.05	  -1.42	  0.001	0.99967							#	   0.08	  44.49	
    770	   1.03	  -1.38	  0.003	0.99975							#	   0.07	  44.29	
    771	   1.18	  -1.27	  0.002	0.99973							#	   0.08	  44.34	
    772	   1.35	  -1.20	  0.003	0.99979							#	   0.07	  44.24	
    773	   1.38	  -1.16	  0.003	0.99975							#	   0.08	  44.24	
    774	   1.39	  -1.26	  0.002	0.99975							#	   0.08	  44.29	
    775	   1.50	  -1.37	  0.004	0.99965							#	   0.08	  44.04	
    776	   1.88	  -1.41	  0.005	0.99974							#	   0.10	  44.29	
    777	   2.01	  -1.45	  0.006	0.99972							#	   0.12	  43.89	
    778	   2.00	  -1.46	  0.006	0.99971							#	   0.11	  43.84	
    779	   2.10	  -1.59	  0.006	0.99970							#	   0.12	  44.09	
    780	   1.81	  -1.55	  0.005	0.99971							#	   0.11	  43.38	
    781	   2.13	  -1.52	  0.006	0.99976							#	   0.12	  43.69	
    782	   2.33	  -1.49	  0.007	0.99973							#	   0.13	  43.43	
    783	   1.98	  -1.37	  0.010	0.99969							#	   0.10	  42.98	
    784	   2.03	  -1.28	  0.010	0.99975							#	   0.10	  43.13	
    785	   2.07	  -1.22	  0.012	0.99973							#	   0.10	  43.18	
    786	   2.01	  -1.17	  0.015	0.99971							#	   0.09	  42.47	
    787	   1.90	  -1.11	  0.015	0.99974							#	   0.08	  42.78	
    788	   2.09	  -1.14	  0.017	0.99973							#	   0.09	  42.88	
    789	   2.04	  -1.06	  0.017	0.99974							#	   0.09	  42.22	
    790	   1.80	  -0.96	  0.018	0.99985							#	   0.07	  41.16	
    791	   2.11	  -0.86	  0.019	0.99981							#	   0.09	  41.67	
    792	   2.16	  -0.79	  0.020	0.99972							#	   0.09	  41.31	
    793	   2.16	  -0.99	  0.022	0.99970							#	   0.09	  41.41	
    794	   2.30	  -0.89	  0.020	0.99973							#	   0.10	  41.52	
    795	   2.76	  -0.94	  0.020	0.99979							#	   0.13	  40.66	
    796	   2.36	  -0.74	  0.021	0.99977							#	   0.10	  39.95	
    797	   2.45	  -0.64	  0.019	0.99977							#	   0.10	  40.10	
    798	   2.47	  -0.48	  0.020	0.99974							#	   0.11	  41.36	
    799	   2.45	  -0.46	  0.019	0.99976							#	   0.11	  41.06	
    800	   2.29	  -0.43	  0.017	0.99979							#	   0.09	  42.27	
    801	   2.19	  -0.33	  0.015	0.99977							#	   0.09	  42.42	
    802	   2.10	  -0.21	  0.016	0.99974							#	   0.08	  42.42	
    803	   1.96	   0.11	  0.015	0.99983							#	   0.07	  41.87	
    804	   2.01	   0.22	  0.016	0.99980							#	   0.07	  42.32	
    805	   2.03	   0.24	  0.015	0.99979							#	   0.08	  42.42	
    806	   1.74	   0.46	  0.017	0.99975							#	   0.06	  41.46	
    807	   2.02	   0.53	  0.014	0.99979							#	   0.08	  42.37	
    808	   1.97	   0.49	  0.014	0.99983							#	   0.08	  42.12	
    809	   1.60	   0.81	  0.015	0.99969							#	   0.06	  42.32	
    810	   1.62	   0.97	  0.013	0.99969							#	   0.07	  42.68	
    811	   1.29	   1.04	  0.012	0.99981							#	   0.06	  42.47	
    812	   1.23	   1.09	  0.010	0.99983							#	   0.06	  42.93	
    813	   1.35	   1.14	  0.009	0.99985							#	   0.06	  42.17	
    814	   1.10	   1.26	  0.009	0.99985							#	   0.05	  42.93	
    815	   0.88	   1.14	  0.008	0.99988							#	   0.04	  43.23	
    816	   0.98	   1.19	  0.006	0.99995							#	   0.05	  42.98	
    817	   0.73	   1.15	  0.005	0.99992							#	   0.05	  43.18	
    818	   0.66	   1.08	  0.004	0.99989							#	   0.04	  42.47	
    819	   0.78	   1.15	  0.004	0.99987							#	   0.04	  43.18	
    820	   1.00	   1.10	  0.002	0.99992							#	   0.05	  42.47	
    821	   0.48	   1.02	  0.003	0.99991							#	   0.04	  42.58	
    822	   0.31	   0.98	  0.000	0.99989							#	   0.03	  42.93	
    823	   0.23	   0.90	 -0.000	0.99988							#	   0.03	  42.93	
    824	   0.04	   0.85	  0.001	0.99988							#	   0.03	  43.23	
    825	  -0.10	   0.70	 -0.001	0.99991							#	   0.02	  43.23	
    826	  -0.09	   0.58	  0.002	0.99991							#	   0.02	  43.03	
    827	  -0.05	   0.32	  0.001	0.99989							#	   0.02	  43.18	
    828	  -0.45	   0.00	  0.003	0.99988							#	   0.02	  43.84	
    829	  -0.63	  -0.08	  0.002	0.99988							#	   0.02	  42.93	
    830	  -0.59	  -0.27	  0.002	0.99990							#	   0.02	  43.03	
    831	  -0.83	  -0.60	  0.002	0.99989							#	   0.03	  42.88	
    832	  -0.84	  -0.55	  0.001	0.99990							#	   0.03	  42.88	
    833	  -0.90	  -0.53	  0.003	0.99987							#	   0.04	  42.98	
    834	  -0.92	  -0.68	  0.002	0.99982							#	   0.04	  43.03	
    835	  -0.79	  -0.78	  0.004	0.99977							#	   0.04	  42.88	
    836	  -0.95	  -0.77	  0.004	0.99985							#	   0.04	  43.03	
    837	  -1.18	  -0.96	  0.004	0.99984							#	   0.05	  42.98	
    838	  -1.28	  -1.05	  0.005	0.99982							#	   0.06	  42.73	
    839	  -1.50	  -1.11	  0.006	0.99983							#	   0.07	  42.83	
    840	  -1.69	  -1.18	  0.006	0.99986							#	   0.09	  42.22	
    841	  -1.73	  -1.32	  0.006	0.99984							#	   0.09	  42.02	
    842	  -1.98	  -1.26	  0.006	0.99987							#	   0.09	  41.82	
    843	  -1.93	  -1.34	  0.005	0.99982							#	   0.10	  42.42	
    844	  -1.93	  -1.52	  0.006	0.99973							#	   0.10	  42.73	
    845	  -2.02	  -1.54	  0.007	0.99990							#	   0.11	  42.12	
    846	  -1.98	  -1.42	  0.007	0.99989							#	   0.10	  42.17	
    847	  -2.08	  -1.37	  0.006	0.99981							#	   0.10	  42.42	
    848	  -2.06	  -1.28	  0.008	0.99985							#	   0.10	  42.17	
    849	  -2.10	  -1.18	  0.007	0.99979							#	   0.11	  42.53	
    850	  -2.18	  -1.10	  0.008	0.99976							#	   0.10	  42.27	
    851	  -2.06	  -1.07	  0.009	0.99971							#	   0.09	  42.53	
    852	  -2.13	  -1.15	  0.007	0.99974							#	   0.10	  42.58	
    853	  -2.36	  -1.07	  0.008	0.99985							#	   0.11	  42.42	
    854	  -2.42	  -1.11	  0.009	0.99978							#	   0.12	  42.93	
    855	  -2.40	  -1.04	  0.008	0.99985							#	   0.11	  43.08	
    856	  -2.40	  -0.94	  0.008	0.99984							#	   0.11	  42.93	
    857	  -2.30	  -1.08	  0.004	0.99988							#	   0.10	  43.23	
    858	  -2.25	  -0.96	  0.003	0.99990							#	   0.09	  43.23	
    859	  -2.25	  -0.81	  0.004	0.99987							#	   0.09	  43.33	
    860	  -2.44	  -0.57	  0.007	0.99987							#	   0.11	  41.92	
    861	  -2.03	  -0.25	  0.007	0.99988							#	   0.08	  43.28	
    862	  -1.74	  -0.15	  0.008	0.99988							#	   0.06	  43.54	
    863	  -1.90	  -0.03	  0.008	0.99986							#	   0.07	  43.69	
    864	  -1.96	  -0.02	  0.009	0.99984							#	   0.07	  43.79	
    865	  -1.90	  -0.13	  0.009	0.99986							#	   0.07	  43.59	
    866	  -1.84	  -0.16	  0.009	0.99989							#	   0.06	  43.54	
    867	  -2.05	  -0.17	  0.009	0.99986							#	   0.08	  43.38	
    868	  -1.98	  -0.30	  0.010	0.99988							#	   0.07	  43.08	
    869	  -1.84	  -0.39	  0.010	0.99988							#	   0.07	  43.43	
    870	  -1.71	  -0.40	  0.010	0.99990							#	   0.06	  42.88	
    871	  -1.57	  -0.57	  0.010	0.99987							#	   0.06	  43.08	
    872	  -1.29	  -0.59	  0.011	0.99985							#	   0.05	  43.38	
    873	  -1.00	  -0.61	  0.010	0.99988							#	   0.04	  43.38	
    874	  -1.03	  -0.59	  0.012	0.99987							#	   0.04	  43.54	
    875	  -0.71	  -0.53	  0.010	0.99986							#	   0.04	  43.74	
    876	  -0.35	  -0.61	  0.013	0.99982							#	   0.03	  43.54	
    877	  -0.31	  -0.40	  0.013	0.99983							#	   0.03	  43.48	
    878	  -0.24	  -0.55	  0.012	0.99983							#	   0.03	  43.64	
    879	  -0.18	  -0.71	  0.011	0.99984							#	   0.03	  43.94	
    880	  -0.24	  -0.56	  0.012	0.99983							#	   0.03	  43.84	
    881	  -0.35	  -0.76	  0.009	0.99979							#	   0.03	  43.84	
    882	  -0.09	  -0.79	  0.009	0.99980							#	   0.03	  44.55	
    883	   0.06	  -0.64	  0.010	0.99985							#	   0.02	  44.49	
    884	   0.05	  -0.64	  0.009	0.99988							#	   0.02	  44.14	
    885	   0.07	  -0.50	  0.010	0.99986							#	   0.02	  44.14	
    886	   0.38	  -0.46	  0.010	0.99984							#	   0.02	  43.74	
    887	   0.40	  -0.28	  0.011	0.99986							#	   0.02	  43.84	
    888	   0.10	  -0.30	  0.011	0.99990							#	   0.02	  43.84	
    889	  -0.05	  -0.11	  0.013	0.99987							#	   0.02	  44.39	
    890	  -0.04	  -0.05	  0.014	0.99982							#	   0.02	  44.39	
    891	   0.66	   0.03	  0.013	0.99979							#	   0.02	  43.74	
    892	   0.75	  -0.21	  0.014	0.99972							#	   0.03	  44.14	
    893	  -0.02	  -0.34	  0.013	0.99979							#	   0.02	  44.24	
    894	   0.18	  -0.57	  0.008	0.99989							#	   0.02	  43.99	
    895	   0.32	  -0.56	  0.007	0.99987							#	   0.03	  43.99	
    896	   0.25	  -0.55	  0.006	0.99993							#	   0.02	  43.89	
    897	   0.13	  -0.61	  0.005	0.99989							#	   0.02	  44.44	
    898	   0.46	  -0.32	  0.008	0.99994							#	   0.02	  43.89	
    899	   0.19	  -0.39	  0.004	0.99992							#	   0.02	  44.19	
    900	   0.31	  -0.42	  0.007	0.99989							#	   0.04	  43.74	
    901	   0.16	  -0.35	  0.006	0.99993							#	   0.02	  44.04	
    902	  -0.08	  -0.30	  0.006	0.99993							#	   0.02	  43.99	
    903	  -0.05	  -0.41	  0.007	0.99991							#	   0.02	  43.84	
    904	  -0.06	  -0.27	  0.004	0.99995							#	   0.02	  44.09	
    905	   0.07	  -0.24	  0.002	1.00000							#	   0.02	  43.94	
    906	   0.31	  -0.19	  0.003	0.99998							#	   0.02	  43.69	
    907	   0.04	  -0.12	  0.002	0.99997							#	   0.02	  44.24	
    908	  -0.11	  -0.09	  0.005	0.99993							#	   0.02	  43.94	
    909	   0.14	  -0.03	  0.001	0.99996							#	   0.02	  44.14	
    910	   0.19	   0.11	  0.004	0.99995							#	   0.02	  43.84	
    911	   0.31	   0.26	  0.002	0.99990							#	   0.02	  43.89	
    912	   0.30	   0.08	  0.002	0.99993							#	   0.02	  43.99	
    913	   0.54	  -0.03	  0.003	0.99996							#	   0.02	  43.23	
    914	   0.70	   0.14	  0.004	0.99993							#	   0.02	  43.94	
    915	   0.53	   0.01	  0.001	0.99996							#	   0.03	  43.48	
    916	   0.29	  -0.06	 -0.001	0.99998							#	   0.02	  44.04	
    917	   0.30	  -0.05	 -0.000	0.99998							#	   0.02	  44.19	
    918	   0.47	   0.04	 -0.000	0.99988							#	   0.02	  43.89	
    919	   0.75	   0.07	  0.001	0.99985							#	   0.03	  44.09	
    920	   0.69	   0.07	  0.003	0.99989							#	   0.02	  43.89	
    921	   0.17	   0.03	  0.002	0.99990							#	   0.02	  44.39	
    922	   0.20	   0.06	  0.001	0.99997							#	   0.02	  44.24	
    923	   0.02	   0.06	  0.001	1.00000							#	   0.02	  44.34	
    924	   0.08	   0.10	  0.000	1.00000							#	   0.02	  44.34	
    925	   0.21	   0.13	  0.001	0.99998							#	   0.02	  44.14	
    926	   0.08	   0.10	  0.001	0.99998							#	   0.02	  44.34	
    927	  -0.15	   0.15	 -0.000	0.99997							#	   0.02	  44.34	
    928	   0.27	   0.13	  0.001	0.99999							#	   0.02	  44.24	
    929	   0.18	   0.04	  0.001	1.00005							#	   0.02	  44.39	
    930	   0.07	  -0.08	  0.001	0.99995							#	   0.02	  44.34	
