      1	   0.13	  -0.02	 -0.014	1.00001							#	   0.01	  68.23	
      2	   0.33	   0.03	 -0.010	0.99997							#	   0.03	  69.04	
      3	   0.39	  -0.07	 -0.004	0.99995							#	   0.04	  69.44	
      4	   0.22	   0.07	 -0.004	0.99993							#	   0.04	  69.75	
      5	   0.15	  -0.02	 -0.007	0.99998							#	   0.03	  69.49	
      6	   0.16	   0.13	 -0.004	0.99998							#	   0.04	  69.34	
      7	   0.20	   0.03	 -0.005	0.99997							#	   0.04	  70.81	
      8	   0.14	  -0.05	 -0.003	0.99997							#	   0.04	  70.86	
      9	   0.05	   0.06	  0.003	0.99997							#	   0.04	  70.86	
     10	   0.19	  -0.19	 -0.003	0.99997							#	   0.05	  69.60	
     11	   0.18	   0.02	  0.002	0.99996							#	   0.03	  71.16	
     12	   0.19	  -0.06	  0.003	0.99995							#	   0.04	  70.76	
     13	   0.13	  -0.04	  0.006	0.99993							#	   0.04	  70.56	
     14	  -0.02	  -0.18	  0.004	0.99997							#	   0.03	  69.85	
     15	   0.09	  -0.07	  0.001	0.99997							#	   0.03	  70.66	
     16	   0.21	  -0.07	 -0.002	0.99995							#	   0.03	  70.35	
     17	   1.73	   0.15	 -0.001	0.99980							#	   0.10	  64.80	
     18	   1.40	   0.08	  0.001	0.99984							#	   0.07	  66.31	
     19	   1.59	  -0.13	 -0.001	0.99988							#	   0.09	  64.60	
     20	   1.55	  -0.01	 -0.000	0.99988							#	   0.09	  66.16	
     21	   1.44	   0.02	 -0.000	0.99985							#	   0.08	  67.27	
     22	   1.42	   0.11	 -0.005	0.99984							#	   0.08	  66.06	
     23	   1.46	   0.03	 -0.005	0.99991							#	   0.09	  66.11	
     24	   1.22	   0.11	 -0.006	0.99989							#	   0.07	  67.22	
     25	   1.32	   0.20	 -0.001	0.99985							#	   0.08	  67.58	
     26	   1.15	   0.21	 -0.003	0.99985							#	   0.07	  67.78	
     27	   1.01	   0.13	 -0.000	0.99990							#	   0.06	  69.19	
     28	   1.27	   0.12	 -0.003	0.99987							#	   0.08	  68.08	
     29	   1.26	   0.21	 -0.005	0.99984							#	   0.06	  67.47	
     30	   0.95	   0.04	 -0.010	0.99989							#	   0.09	  64.65	
     31	   1.31	   0.24	 -0.006	0.99990							#	   0.07	  66.62	
     32	   0.70	  -0.30	 -0.010	0.99996							#	   0.06	  68.18	
     33	   0.84	  -0.28	 -0.015	0.99993							#	   0.06	  67.88	
     34	   1.03	  -0.12	 -0.015	0.99992							#	   0.07	  66.41	
     35	   2.07	   0.04	 -0.007	0.99966							#	   0.14	  58.03	
     36	   2.85	   0.30	 -0.005	0.99926							#	   0.24	  49.70	
     37	   3.51	   0.13	 -0.005	0.99877							#	   0.39	  42.22	
     38	   4.01	   0.13	 -0.010	0.99847							#	   0.56	  37.68	
     39	   4.65	   0.54	 -0.000	0.99833							#	   0.71	  34.60	
     40	   5.25	   0.05	 -0.008	0.99843							#	   0.87	  31.97	
     41	   6.03	   0.36	 -0.002	0.99863							#	   1.04	  28.33	
     42	   6.82	  -0.01	 -0.009	0.99846							#	   1.03	  26.01	
     43	   7.22	   0.17	  0.000	0.99935							#	   0.97	  25.05	
     44	   7.71	  -0.14	 -0.004	0.99937							#	   1.21	  24.29	
     45	   7.98	  -0.08	 -0.010	0.99953							#	   1.14	  23.48	
     46	   8.14	   0.07	 -0.009	0.99947							#	   1.17	  22.68	
     47	   8.57	  -0.15	 -0.013	1.00037							#	   1.40	  21.46	
     48	   8.76	  -0.02	 -0.014	1.00032							#	   1.21	  20.86	
     49	   8.73	  -0.26	 -0.013	1.00035							#	   1.25	  20.96	
     50	   8.66	  -0.11	 -0.017	1.00037							#	   1.18	  20.71	
     51	   9.00	  -0.26	 -0.018	1.00061							#	   1.42	  20.05	
     52	   8.87	  -0.17	 -0.018	1.00059							#	   1.21	  20.91	
     53	   9.10	  -0.26	 -0.017	1.00064							#	   1.38	  20.35	
     54	   9.05	  -0.17	 -0.022	1.00050							#	   1.30	  20.45	
     55	   9.19	  -0.26	 -0.023	1.00080							#	   1.40	  20.15	
     56	   9.35	  -0.26	 -0.019	1.00072							#	   1.33	  19.75	
     57	   9.23	  -0.39	 -0.027	1.00078							#	   1.31	  19.04	
     58	   9.32	  -0.17	 -0.028	1.00057							#	   1.44	  19.90	
     59	   6.83	  -0.33	 -0.029	1.00064							#	   0.76	  25.15	
     60	   6.92	  -0.33	 -0.030	1.00055							#	   0.78	  23.43	
     61	   7.29	  -0.23	 -0.030	1.00054							#	   0.87	  22.88	
     62	   7.80	   0.20	 -0.032	0.99999							#	   0.95	  23.89	
     63	   7.79	  -0.40	 -0.034	1.00072							#	   0.94	  21.87	
     64	   7.81	  -0.28	 -0.032	1.00066							#	   1.24	  22.42	
     65	   7.81	  -0.15	 -0.027	1.00050							#	   1.16	  22.47	
     66	   7.65	  -0.37	 -0.035	1.00049							#	   1.16	  20.71	
     67	   7.79	  -0.39	 -0.038	1.00083							#	   1.20	  22.93	
     68	   7.71	  -0.32	 -0.032	1.00067							#	   1.10	  21.62	
     69	   7.57	  -0.44	 -0.038	1.00070							#	   1.06	  22.78	
     70	   7.54	  -0.28	 -0.036	1.00074							#	   1.10	  23.28	
     71	   7.68	  -0.53	 -0.043	1.00053							#	   1.15	  21.52	
     72	   7.40	  -0.41	 -0.038	1.00071							#	   1.05	  22.58	
     73	   7.54	  -0.34	 -0.044	1.00074							#	   1.19	  21.92	
     74	   7.74	  -0.45	 -0.044	1.00099							#	   1.21	  22.37	
     75	   7.78	  -0.40	 -0.045	1.00069							#	   1.12	  22.37	
     76	   7.77	  -0.26	 -0.048	1.00059							#	   1.14	  22.88	
     77	   8.04	  -0.24	 -0.048	1.00049							#	   1.24	  22.02	
     78	   8.15	  -0.16	 -0.043	1.00022							#	   1.24	  23.08	
     79	   7.75	  -0.23	 -0.050	1.00017							#	   1.18	  21.62	
     80	   8.17	  -0.20	 -0.046	1.00019							#	   1.37	  22.27	
     81	   7.94	  -0.40	 -0.049	1.00057							#	   1.21	  21.46	
     82	   8.00	  -0.33	 -0.050	1.00054							#	   1.20	  21.97	
     83	   7.90	  -0.31	 -0.043	1.00061							#	   1.21	  22.68	
     84	   7.68	  -0.31	 -0.041	1.00062							#	   1.13	  22.37	
     85	   7.50	  -0.29	 -0.038	1.00060							#	   1.08	  23.28	
     86	   7.59	  -0.39	 -0.042	1.00068							#	   1.20	  23.03	
     87	   7.25	  -0.44	 -0.041	1.00072							#	   0.99	  23.64	
     88	   7.16	  -0.53	 -0.044	1.00074							#	   1.06	  23.64	
     89	   6.98	  -0.53	 -0.048	1.00091							#	   1.05	  24.44	
     90	   7.03	  -0.59	 -0.047	1.00092							#	   1.06	  24.75	
     91	   6.99	  -0.57	 -0.049	1.00102							#	   1.02	  24.55	
     92	   6.89	  -0.58	 -0.051	1.00095							#	   1.08	  24.49	
     93	   6.96	  -0.56	 -0.048	1.00096							#	   1.06	  24.60	
     94	   6.93	  -0.54	 -0.047	1.00098							#	   1.08	  25.20	
     95	   6.89	  -0.56	 -0.041	1.00101							#	   0.99	  25.91	
     96	   6.95	  -0.49	 -0.042	1.00094							#	   1.10	  25.96	
     97	   7.01	  -0.50	 -0.048	1.00094							#	   1.14	  26.01	
     98	   7.10	  -0.49	 -0.044	1.00091							#	   1.16	  25.66	
     99	   6.86	  -0.43	 -0.055	1.00055							#	   1.08	  25.71	
    100	   7.28	  -0.64	 -0.056	1.00081							#	   1.18	  23.69	
    101	   7.27	  -0.43	 -0.051	1.00059							#	   1.08	  23.03	
    102	   7.51	  -0.44	 -0.056	1.00063							#	   1.30	  24.29	
    103	   7.53	  -0.08	 -0.053	1.00027							#	   1.11	  25.30	
    104	   7.56	  -0.43	 -0.048	1.00065							#	   1.22	  25.25	
    105	   7.82	  -0.36	 -0.053	1.00040							#	   1.39	  22.53	
    106	   7.72	  -0.36	 -0.054	1.00041							#	   1.12	  22.07	
    107	   8.14	  -0.34	 -0.050	1.00051							#	   1.34	  22.58	
    108	   8.26	  -0.34	 -0.046	1.00044							#	   1.27	  21.97	
    109	   8.19	  -0.39	 -0.046	1.00039							#	   1.35	  21.46	
    110	   8.34	  -0.36	 -0.043	1.00050							#	   1.37	  21.82	
    111	   8.34	  -0.45	 -0.041	1.00015							#	   1.33	  22.78	
    112	   8.41	  -0.31	 -0.043	1.00040							#	   1.42	  21.62	
    113	   8.46	  -0.45	 -0.040	1.00040							#	   1.41	  21.41	
    114	   8.32	  -0.51	 -0.035	1.00027							#	   1.31	  22.22	
    115	   8.38	  -0.48	 -0.044	1.00023							#	   1.31	  21.41	
    116	   8.21	  -0.24	 -0.028	1.00030							#	   1.25	  21.87	
    117	   8.15	  -0.44	 -0.030	1.00019							#	   1.27	  22.07	
    118	   7.77	  -0.51	 -0.030	1.00041							#	   1.16	  23.48	
    119	   7.72	  -0.50	 -0.031	1.00036							#	   1.14	  23.33	
    120	   7.50	  -0.30	 -0.028	0.99993							#	   1.03	  24.55	
    121	   7.22	  -0.32	 -0.026	1.00043							#	   1.02	  24.14	
    122	   6.61	  -0.44	 -0.028	1.00045							#	   0.93	  24.75	
    123	   6.64	  -0.38	 -0.026	1.00036							#	   0.89	  26.36	
    124	   6.35	  -0.44	 -0.022	1.00026							#	   0.81	  26.62	
    125	   6.26	  -0.19	 -0.026	1.00027							#	   0.84	  27.07	
    126	   5.84	  -0.51	 -0.019	1.00029							#	   0.77	  29.75	
    127	   5.67	  -0.57	 -0.024	0.99983							#	   0.80	  27.98	
    128	   5.44	  -0.38	 -0.021	1.00008							#	   0.74	  30.96	
    129	   5.34	  -0.54	 -0.014	0.99968							#	   0.74	  30.86	
    130	   5.53	  -0.52	 -0.013	0.99986							#	   0.74	  30.35	
    131	   5.67	  -0.42	 -0.024	1.00013							#	   0.86	  26.52	
    132	   5.66	  -0.49	 -0.019	1.00005							#	   0.90	  30.10	
    133	   5.45	  -0.47	 -0.016	0.99969							#	   0.89	  30.76	
    134	   5.47	  -0.40	 -0.017	1.00000							#	   0.91	  31.26	
    135	   5.59	  -0.50	 -0.020	0.99991							#	   0.99	  29.80	
    136	   5.54	  -0.48	 -0.024	1.00001							#	   0.84	  28.79	
    137	   5.55	  -0.42	 -0.025	1.00001							#	   0.74	  29.14	
    138	   5.41	  -0.54	 -0.023	0.99978							#	   0.74	  30.66	
    139	   5.23	  -0.63	 -0.018	0.99968							#	   0.74	  31.67	
    140	   5.52	  -0.31	 -0.018	1.00012							#	   0.89	  30.81	
    141	   5.26	  -0.37	 -0.021	1.00036							#	   0.83	  29.60	
    142	   5.05	  -0.42	 -0.021	1.00033							#	   0.80	  28.94	
    143	   5.13	  -0.44	 -0.023	1.00022							#	   0.75	  29.85	
    144	   5.27	  -0.54	 -0.018	1.00022							#	   0.78	  29.70	
    145	   4.96	  -0.64	 -0.022	1.00016							#	   0.71	  29.49	
    146	   4.99	  -0.62	 -0.016	0.99965							#	   0.73	  31.11	
    147	   4.90	  -0.68	 -0.016	0.99969							#	   0.76	  31.06	
    148	   5.06	  -0.57	 -0.003	0.99973							#	   0.82	  31.11	
    149	   5.27	  -0.66	  0.003	0.99985							#	   0.84	  30.35	
    150	   5.37	  -0.90	 -0.001	0.99955							#	   0.93	  28.23	
    151	   5.76	  -0.77	 -0.001	0.99987							#	   0.91	  27.98	
    152	   5.78	  -0.85	  0.000	0.99987							#	   0.85	  27.32	
    153	   5.98	  -0.95	  0.005	0.99983							#	   1.00	  27.42	
    154	   6.22	  -0.93	  0.006	0.99988							#	   1.10	  25.61	
    155	   6.25	  -1.07	  0.000	0.99987							#	   1.00	  25.30	
    156	   6.46	  -0.98	  0.001	1.00031							#	   1.06	  25.35	
    157	   6.94	  -1.00	  0.007	1.00008							#	   1.29	  24.60	
    158	   7.69	  -0.66	 -0.004	0.99971							#	   1.21	  23.28	
    159	   8.67	  -0.57	 -0.001	0.99976							#	   1.56	  21.92	
    160	   9.32	  -0.60	 -0.001	0.99993							#	   1.55	  20.81	
    161	   9.32	  -0.64	 -0.009	0.99986							#	   1.36	  20.00	
    162	  10.18	  -0.60	 -0.012	0.99984							#	   1.81	  18.59	
    163	  10.63	  -0.45	 -0.011	1.00005							#	   1.71	  17.73	
    164	  10.84	  -0.17	 -0.005	1.00001							#	   1.65	  18.59	
    165	  10.89	  -0.27	 -0.003	1.00077							#	   1.87	  18.64	
    166	  10.73	  -0.43	 -0.014	1.00061							#	   1.53	  18.59	
    167	  10.57	  -0.31	 -0.005	1.00055							#	   1.67	  17.98	
    168	  11.11	  -0.57	 -0.015	1.00072							#	   1.78	  17.58	
    169	  11.31	  -0.57	 -0.016	1.00049							#	   1.96	  16.87	
    170	  11.47	  -0.57	 -0.013	1.00043							#	   1.73	  17.02	
    171	  11.08	  -0.75	 -0.009	1.00050							#	   1.75	  17.98	
    172	  11.00	  -0.82	 -0.007	1.00048							#	   1.72	  17.93	
    173	  11.08	  -0.66	 -0.006	1.00029							#	   1.78	  17.63	
    174	  11.34	  -0.51	 -0.009	1.00022							#	   1.85	  16.82	
    175	  11.18	  -0.75	 -0.014	1.00052							#	   1.81	  17.58	
    176	  11.33	  -0.55	 -0.007	1.00030							#	   1.86	  16.57	
    177	  11.82	  -0.58	 -0.010	1.00037							#	   1.88	  16.46	
    178	  11.80	  -0.47	 -0.010	1.00025							#	   1.96	  16.57	
    179	  11.76	  -0.30	 -0.010	0.99988							#	   1.73	  16.72	
    180	  11.66	  -0.45	 -0.007	1.00003							#	   1.90	  15.96	
    181	  11.27	  -0.65	 -0.026	1.00069							#	   1.74	  16.31	
    182	  10.69	  -0.63	 -0.021	1.00055							#	   1.45	  17.02	
    183	  10.59	  -0.65	 -0.015	1.00043							#	   1.48	  16.72	
    184	  10.26	  -0.52	 -0.012	1.00042							#	   1.54	  17.12	
    185	  10.23	  -0.66	 -0.008	1.00042							#	   1.52	  17.83	
    186	   9.86	  -0.65	 -0.017	1.00032							#	   1.36	  17.88	
    187	   9.50	  -0.49	 -0.003	1.00027							#	   1.32	  18.08	
    188	   9.52	  -0.69	 -0.015	1.00027							#	   1.38	  18.54	
    189	   9.33	  -0.56	 -0.009	1.00034							#	   1.35	  18.28	
    190	   9.25	  -0.99	 -0.009	1.00053							#	   1.32	  18.48	
    191	   9.15	  -0.94	 -0.013	1.00046							#	   1.34	  18.23	
    192	   9.19	  -0.76	 -0.006	1.00033							#	   1.52	  18.13	
    193	   9.18	  -0.85	 -0.006	1.00049							#	   1.36	  19.24	
    194	   9.12	  -0.87	 -0.001	1.00035							#	   1.26	  18.43	
    195	   9.17	  -0.85	 -0.010	0.99975							#	   1.32	  17.42	
    196	   9.05	  -0.77	 -0.009	0.99977							#	   1.39	  18.08	
    197	   9.09	  -0.62	 -0.013	0.99965							#	   1.43	  17.68	
    198	   9.03	  -0.48	 -0.006	0.99966							#	   1.37	  18.64	
    199	   9.02	  -0.67	 -0.001	0.99970							#	   1.42	  19.04	
    200	   9.24	  -0.65	 -0.020	0.99930							#	   1.33	  18.28	
    201	   9.35	  -0.49	 -0.016	0.99929							#	   1.35	  17.73	
    202	   9.45	  -0.76	 -0.012	0.99937							#	   1.47	  18.13	
    203	   9.40	  -0.75	 -0.011	0.99925							#	   1.49	  18.18	
    204	   9.38	  -0.94	 -0.020	0.99924							#	   1.60	  17.63	
    205	   9.36	  -0.76	 -0.018	0.99927							#	   1.33	  18.84	
    206	   9.43	  -0.81	 -0.024	0.99927							#	   1.35	  18.43	
    207	   9.26	  -0.73	 -0.023	0.99921							#	   1.33	  17.98	
    208	   9.06	  -0.70	 -0.024	0.99915							#	   1.32	  18.48	
    209	   9.25	  -0.68	 -0.031	0.99923							#	   1.27	  18.59	
    210	   9.66	  -0.91	 -0.037	0.99952							#	   1.62	  18.13	
    211	   9.49	  -1.18	 -0.036	1.00034							#	   1.41	  18.94	
    212	   9.51	  -1.14	 -0.040	1.00034							#	   1.50	  18.48	
    213	   9.83	  -1.14	 -0.039	1.00040							#	   1.51	  18.69	
    214	   9.86	  -1.05	 -0.044	1.00043							#	   1.58	  18.43	
    215	   9.86	  -1.67	 -0.052	1.00003							#	   1.57	  17.83	
    216	   9.99	  -1.57	 -0.063	1.00010							#	   1.64	  17.98	
    217	   9.61	  -1.73	 -0.060	1.00013							#	   1.57	  19.70	
    218	   9.44	  -1.87	 -0.074	1.00024							#	   1.52	  19.19	
    219	   9.06	  -1.98	 -0.081	1.00038							#	   1.36	  19.80	
    220	   8.82	  -1.83	 -0.075	1.00039							#	   1.27	  19.70	
    221	   8.53	  -2.27	 -0.082	1.00025							#	   1.23	  18.89	
    222	   8.26	  -2.10	 -0.075	1.00036							#	   1.20	  20.35	
    223	   8.05	  -2.12	 -0.068	1.00029							#	   1.22	  20.71	
    224	   7.67	  -2.13	 -0.053	1.00031							#	   1.20	  21.77	
    225	   7.68	  -2.42	 -0.047	1.00031							#	   1.17	  20.45	
    226	   7.62	  -2.49	 -0.032	0.99969							#	   1.20	  21.52	
    227	   7.63	  -3.02	 -0.032	0.99967							#	   1.22	  20.96	
    228	   7.63	  -2.99	 -0.038	1.00052							#	   1.23	  21.57	
    229	   7.51	  -3.35	 -0.041	1.00052							#	   1.34	  21.67	
    230	   7.56	  -3.50	 -0.055	1.00017							#	   1.27	  21.67	
    231	   7.27	  -3.78	 -0.063	1.00028							#	   1.25	  21.16	
    232	   7.28	  -3.91	 -0.058	0.99971							#	   1.31	  20.91	
    233	   7.26	  -4.16	 -0.061	0.99982							#	   1.38	  20.81	
    234	   7.04	  -4.12	 -0.061	0.99982							#	   1.21	  21.82	
    235	   6.86	  -4.11	 -0.061	0.99983							#	   1.18	  22.37	
    236	   6.60	  -4.13	 -0.067	0.99979							#	   1.17	  22.17	
    237	   6.65	  -4.00	 -0.058	0.99976							#	   1.15	  22.78	
    238	   6.50	  -3.80	 -0.058	0.99975							#	   1.16	  22.22	
    239	   6.75	  -3.73	 -0.048	0.99988							#	   1.16	  22.53	
    240	   6.77	  -3.73	 -0.048	0.99939							#	   1.15	  21.06	
    241	   6.77	  -3.56	 -0.049	0.99957							#	   1.06	  21.52	
    242	   7.27	  -3.48	 -0.048	0.99972							#	   1.20	  21.01	
    243	   7.32	  -3.20	 -0.049	0.99965							#	   1.26	  20.45	
    244	   7.40	  -3.21	 -0.063	0.99956							#	   1.33	  20.81	
    245	   6.73	  -3.06	 -0.061	0.99962							#	   1.01	  21.21	
    246	   7.41	  -2.96	 -0.059	0.99964							#	   1.12	  20.56	
    247	   7.24	  -3.08	 -0.059	0.99982							#	   1.05	  20.96	
    248	   7.51	  -2.96	 -0.055	0.99940							#	   1.10	  19.90	
    249	   7.33	  -2.92	 -0.054	0.99948							#	   1.10	  20.20	
    250	   8.20	  -3.01	 -0.049	0.99994							#	   1.48	  19.55	
    251	   8.20	  -2.85	 -0.055	0.99982							#	   1.27	  20.10	
    252	   8.57	  -3.02	 -0.065	0.99996							#	   1.48	  18.38	
    253	   8.69	  -3.52	 -0.062	1.00156							#	   1.41	  19.55	
    254	   8.86	  -3.40	 -0.046	1.00146							#	   1.46	  19.39	
    255	   8.96	  -3.57	 -0.036	1.00159							#	   1.51	  19.19	
    256	   8.82	  -3.61	 -0.059	1.00180							#	   1.44	  18.74	
    257	   8.56	  -3.66	 -0.056	1.00179							#	   1.37	  17.93	
    258	   9.00	  -3.59	 -0.062	1.00151							#	   1.51	  18.13	
    259	   9.22	  -3.64	 -0.062	1.00161							#	   1.53	  18.28	
    260	   9.15	  -3.37	 -0.049	1.00131							#	   1.36	  18.59	
    261	   9.43	  -3.57	 -0.059	1.00148							#	   1.55	  18.28	
    262	   9.08	  -3.33	 -0.066	1.00133							#	   1.40	  18.03	
    263	   9.07	  -3.37	 -0.055	1.00126							#	   1.37	  18.99	
    264	   9.22	  -3.29	 -0.070	1.00119							#	   1.44	  18.69	
    265	   9.01	  -3.20	 -0.071	1.00112							#	   1.47	  19.14	
    266	   8.99	  -3.00	 -0.062	1.00102							#	   1.40	  18.59	
    267	   9.12	  -2.85	 -0.028	1.00094							#	   1.40	  18.69	
    268	   9.13	  -2.94	 -0.033	1.00028							#	   1.36	  17.93	
    269	   9.48	  -2.70	 -0.037	1.00038							#	   1.54	  17.53	
    270	   9.49	  -2.91	 -0.034	1.00033							#	   1.36	  17.83	
    271	   9.37	  -3.01	 -0.038	1.00067							#	   1.46	  17.98	
    272	   9.47	  -3.08	 -0.045	1.00060							#	   1.45	  18.28	
    273	   9.89	  -3.00	 -0.052	1.00066							#	   1.62	  17.53	
    274	  10.04	  -2.91	 -0.051	1.00066							#	   1.50	  16.87	
    275	   9.62	  -2.78	 -0.061	1.00055							#	   1.52	  17.17	
    276	   9.82	  -2.70	 -0.057	1.00117							#	   1.50	  16.67	
    277	   9.91	  -2.72	 -0.061	1.00110							#	   1.52	  16.92	
    278	  10.05	  -2.56	 -0.045	1.00113							#	   1.51	  17.88	
    279	   9.85	  -2.75	 -0.052	1.00099							#	   1.47	  16.87	
    280	   9.77	  -2.70	 -0.050	1.00103							#	   1.59	  16.97	
    281	   9.54	  -2.47	 -0.046	1.00099							#	   1.38	  17.42	
    282	   9.63	  -2.65	 -0.063	1.00087							#	   1.38	  16.52	
    283	   9.53	  -2.68	 -0.045	1.00082							#	   1.27	  16.97	
    284	   9.57	  -2.71	 -0.048	1.00071							#	   1.38	  17.32	
    285	   9.43	  -2.68	 -0.035	1.00066							#	   1.29	  18.08	
    286	   9.32	  -2.68	 -0.037	1.00073							#	   1.42	  17.73	
    287	   9.33	  -2.61	 -0.036	1.00100							#	   1.43	  18.13	
    288	   9.28	  -2.65	 -0.039	1.00112							#	   1.41	  17.17	
    289	   9.32	  -2.45	 -0.031	1.00099							#	   1.32	  17.88	
    290	   9.42	  -2.41	 -0.027	1.00090							#	   1.33	  17.63	
    291	   9.34	  -2.55	 -0.036	1.00087							#	   1.36	  18.54	
    292	   9.21	  -2.29	 -0.029	1.00074							#	   1.36	  17.98	
    293	   9.00	  -2.35	 -0.034	1.00057							#	   1.37	  18.08	
    294	   8.77	  -2.39	 -0.037	1.00082							#	   1.28	  17.83	
    295	   8.48	  -2.18	 -0.033	1.00066							#	   1.18	  19.60	
    296	   8.57	  -2.27	 -0.040	1.00074							#	   1.24	  18.79	
    297	   8.52	  -2.20	 -0.040	1.00058							#	   1.21	  19.44	
    298	   8.41	  -2.15	 -0.038	1.00041							#	   1.26	  19.29	
    299	   8.42	  -2.03	 -0.039	1.00014							#	   1.23	  19.44	
    300	   8.43	  -1.84	 -0.034	1.00005							#	   1.21	  18.99	
    301	   8.41	  -1.72	 -0.030	0.99993							#	   1.18	  19.34	
    302	   8.38	  -1.75	 -0.034	1.00014							#	   1.21	  19.19	
    303	   8.34	  -1.64	 -0.030	0.99988							#	   1.12	  18.48	
    304	   8.16	  -1.59	 -0.033	1.00007							#	   1.11	  19.75	
    305	   8.22	  -1.37	 -0.041	1.00017							#	   1.12	  19.90	
    306	   8.15	  -1.58	 -0.036	1.00012							#	   1.16	  18.99	
    307	   8.00	  -1.35	 -0.041	1.00025							#	   1.08	  19.75	
    308	   8.14	  -1.56	 -0.048	1.00019							#	   1.18	  19.44	
    309	   8.08	  -1.33	 -0.053	1.00026							#	   1.15	  19.55	
    310	   8.17	  -1.40	 -0.055	1.00029							#	   1.21	  19.04	
    311	   8.25	  -1.22	 -0.051	1.00024							#	   1.20	  19.14	
    312	   8.21	  -1.38	 -0.055	1.00023							#	   1.25	  18.79	
    313	   8.92	  -1.28	 -0.057	1.00047							#	   1.35	  17.37	
    314	   9.21	  -1.18	 -0.052	1.00044							#	   1.35	  16.72	
    315	   9.39	  -0.98	 -0.054	1.00041							#	   1.32	  16.72	
    316	   9.58	  -1.02	 -0.054	1.00037							#	   1.44	  15.86	
    317	   9.54	  -0.83	 -0.057	1.00052							#	   1.33	  16.26	
    318	   9.55	  -0.92	 -0.074	1.00064							#	   1.41	  15.96	
    319	   9.76	  -0.85	 -0.066	1.00048							#	   1.47	  15.56	
    320	  10.18	  -0.80	 -0.069	1.00033							#	   1.51	  15.45	
    321	  10.19	  -0.63	 -0.079	1.00033							#	   1.43	  15.35	
    322	  10.15	  -0.64	 -0.076	1.00015							#	   1.46	  15.10	
    323	  10.22	  -0.83	 -0.074	1.00022							#	   1.52	  14.39	
    324	  10.31	  -0.69	 -0.084	1.00038							#	   1.54	  14.75	
    325	  10.22	  -0.45	 -0.081	1.00033							#	   1.47	  15.00	
    326	  10.05	  -0.59	 -0.079	1.00019							#	   1.45	  15.10	
    327	  10.45	  -0.55	 -0.079	1.00047							#	   1.50	  15.05	
    328	   9.88	  -0.53	 -0.086	1.00039							#	   1.35	  14.85	
    329	  10.97	  -0.34	 -0.082	1.00037							#	   1.64	  14.39	
    330	   9.09	  -0.35	 -0.086	1.00024							#	   1.12	  14.75	
    331	   9.06	  -0.69	 -0.087	1.00011							#	   1.14	  15.76	
    332	   8.59	  -0.22	 -0.086	1.00045							#	   1.04	  16.41	
    333	   8.42	  -0.28	 -0.080	1.00041							#	   1.02	  16.62	
    334	   8.44	  -0.25	 -0.082	1.00038							#	   1.01	  16.41	
    335	   8.23	  -0.28	 -0.080	1.00037							#	   1.09	  16.82	
    336	   8.17	  -0.06	 -0.072	1.00029							#	   1.10	  16.92	
    337	   8.21	  -0.05	 -0.075	1.00023							#	   1.23	  16.87	
    338	   8.30	  -0.12	 -0.067	1.00025							#	   1.24	  16.92	
    339	   8.74	  -0.29	 -0.065	1.00022							#	   1.33	  16.52	
    340	   9.37	  -0.29	 -0.064	1.00014							#	   1.44	  15.91	
    341	   9.72	  -0.18	 -0.069	1.00033							#	   1.40	  15.51	
    342	   9.70	  -0.33	 -0.067	1.00041							#	   1.36	  15.45	
    343	  10.13	  -0.03	 -0.066	1.00032							#	   1.61	  14.90	
    344	  10.57	  -0.13	 -0.062	1.00035							#	   1.45	  15.20	
    345	  10.44	  -0.12	 -0.066	1.00023							#	   1.47	  14.95	
    346	  10.63	   0.08	 -0.075	1.00007							#	   1.52	  14.04	
    347	  10.79	   0.11	 -0.066	0.99996							#	   1.51	  14.09	
    348	  11.06	  -0.13	 -0.087	1.00013							#	   1.71	  14.34	
    349	  10.91	   0.20	 -0.082	1.00004							#	   1.46	  14.04	
    350	  11.22	   0.23	 -0.080	1.00006							#	   1.54	  13.64	
    351	  11.28	   0.40	 -0.087	1.00003							#	   1.60	  13.08	
    352	  11.98	   0.39	 -0.094	0.99971							#	   1.80	  12.98	
    353	  12.54	   0.30	 -0.096	0.99979							#	   1.74	  12.68	
    354	  12.30	   0.36	 -0.094	0.99981							#	   1.67	  12.58	
    355	  12.54	   0.42	 -0.105	0.99949							#	   1.67	  12.93	
    356	  12.36	   0.44	 -0.096	0.99942							#	   1.72	  13.23	
    357	  12.76	   0.27	 -0.108	0.99971							#	   1.76	  12.17	
    358	  13.13	   0.71	 -0.102	0.99983							#	   1.82	  12.68	
    359	  13.29	   0.68	 -0.111	0.99958							#	   1.90	  12.42	
    360	  13.25	   0.65	 -0.104	0.99971							#	   1.74	  12.53	
    361	  13.07	   0.50	 -0.101	0.99956							#	   1.89	  12.32	
    362	  12.79	   0.59	 -0.119	0.99953							#	   1.82	  12.12	
    363	  13.01	   0.59	 -0.113	0.99943							#	   2.05	  12.37	
    364	  13.07	   0.50	 -0.109	0.99937							#	   1.83	  12.27	
    365	  12.93	   0.27	 -0.091	0.99940							#	   1.93	  12.78	
    366	  12.73	   0.35	 -0.096	0.99943							#	   1.78	  12.12	
    367	  12.65	   0.21	 -0.098	0.99945							#	   1.77	  12.37	
    368	  12.17	   0.24	 -0.094	0.99943							#	   1.82	  12.83	
    369	  12.00	   0.40	 -0.095	0.99966							#	   1.69	  12.83	
    370	  11.72	   0.19	 -0.089	0.99957							#	   1.53	  13.79	
    371	  11.43	   0.55	 -0.065	0.99932							#	   1.62	  13.48	
    372	  11.28	   0.36	 -0.077	0.99930							#	   1.66	  13.69	
    373	  11.17	   0.40	 -0.083	0.99931							#	   1.62	  14.19	
    374	  11.29	   0.44	 -0.079	0.99951							#	   1.71	  13.43	
    375	  11.44	   0.50	 -0.076	0.99946							#	   1.74	  13.43	
    376	  11.36	   0.74	 -0.087	0.99942							#	   1.86	  13.28	
    377	  11.42	   0.74	 -0.072	0.99939							#	   1.72	  13.48	
    378	  11.31	   0.67	 -0.084	0.99947							#	   1.80	  13.08	
    379	  11.25	   0.66	 -0.091	0.99917							#	   1.70	  13.28	
    380	  11.73	   0.82	 -0.103	0.99940							#	   1.87	  12.98	
    381	  11.61	   0.72	 -0.102	0.99929							#	   1.78	  13.13	
    382	  11.77	   0.60	 -0.101	0.99927							#	   1.95	  13.13	
    383	  12.00	   0.78	 -0.094	0.99937							#	   1.93	  13.33	
    384	  11.79	   0.77	 -0.093	0.99929							#	   1.73	  12.93	
    385	  11.66	   0.83	 -0.090	0.99928							#	   1.98	  13.33	
    386	  11.35	   1.02	 -0.077	0.99931							#	   1.89	  13.84	
    387	  11.13	   1.01	 -0.071	0.99949							#	   1.81	  14.19	
    388	  11.11	   0.97	 -0.073	0.99950							#	   1.80	  13.94	
    389	  11.32	   1.06	 -0.068	0.99939							#	   1.91	  13.69	
    390	  11.13	   1.23	 -0.083	0.99914							#	   1.72	  14.14	
    391	  11.30	   1.23	 -0.089	0.99909							#	   1.89	  14.19	
    392	  11.06	   0.79	 -0.080	0.99895							#	   2.00	  14.44	
    393	  11.16	   0.73	 -0.079	0.99890							#	   1.81	  14.24	
    394	  11.44	   0.73	 -0.073	0.99883							#	   1.80	  14.09	
    395	  11.85	   0.87	 -0.079	0.99874							#	   2.34	  13.28	
    396	  12.50	   1.24	 -0.069	0.99891							#	   2.00	  13.33	
    397	  12.71	   1.37	 -0.071	0.99859							#	   2.22	  12.83	
    398	  12.48	   1.63	 -0.078	0.99833							#	   2.37	  13.84	
    399	  12.58	   1.42	 -0.093	0.99837							#	   2.20	  12.63	
    400	  13.28	   1.69	 -0.102	0.99830							#	   2.38	  13.03	
    401	  14.12	   1.80	 -0.109	0.99810							#	   2.84	  11.77	
    402	  14.43	   1.84	 -0.118	0.99802							#	   2.42	  11.82	
    403	  14.30	   1.87	 -0.119	0.99761							#	   2.31	  12.37	
    404	  14.10	   2.05	 -0.112	0.99764							#	   2.49	  12.63	
    405	  14.20	   2.08	 -0.110	0.99766							#	   2.15	  12.83	
    406	  14.35	   2.07	 -0.125	0.99750							#	   2.07	  12.88	
    407	  14.48	   2.22	 -0.080	0.99758							#	   2.45	  11.97	
    408	  14.48	   2.25	 -0.098	0.99763							#	   2.01	  12.27	
    409	  14.51	   2.15	 -0.061	0.99764							#	   2.25	  12.53	
    410	  14.37	   2.15	 -0.085	0.99777							#	   2.45	  12.12	
    411	  13.81	   2.16	 -0.076	0.99766							#	   1.92	  12.98	
    412	  13.33	   2.18	 -0.068	0.99750							#	   1.83	  13.89	
    413	  13.23	   2.23	 -0.070	0.99773							#	   2.06	  13.43	
    414	  12.91	   2.20	 -0.074	0.99784							#	   1.91	  12.73	
    415	  12.82	   2.24	 -0.055	0.99795							#	   1.70	  12.42	
    416	  12.75	   2.54	 -0.049	0.99817							#	   2.00	  13.03	
    417	  12.30	   2.65	 -0.048	0.99845							#	   2.00	  13.28	
    418	  12.01	   2.62	 -0.045	0.99856							#	   1.81	  14.09	
    419	  11.70	   3.06	 -0.062	0.99817							#	   1.84	  13.64	
    420	  11.82	   3.52	 -0.071	0.99834							#	   1.92	  13.43	
    421	  11.67	   3.32	 -0.067	0.99835							#	   1.95	  14.24	
    422	  11.45	   3.30	 -0.036	0.99880							#	   1.78	  14.04	
    423	  11.29	   3.29	 -0.035	0.99901							#	   1.82	  14.44	
    424	  10.82	   3.48	 -0.029	0.99901							#	   1.73	  13.74	
    425	  10.68	   4.90	 -0.036	0.99899							#	   1.86	  13.74	
    426	  10.60	   7.20	 -0.037	0.99892							#	   2.13	  13.38	
    427	  10.88	   8.91	 -0.042	0.99968							#	   2.27	  12.07	
    428	  10.67	   8.67	 -0.054	0.99991							#	   1.91	  13.28	
    429	  10.84	   8.30	 -0.061	0.99995							#	   2.02	  12.88	
    430	  10.57	   8.09	 -0.064	1.00005							#	   2.00	  12.27	
    431	  10.70	   8.28	 -0.056	0.99990							#	   2.14	  13.08	
    432	  10.77	   8.44	 -0.059	1.00041							#	   2.06	  13.13	
    433	  10.49	   8.23	 -0.088	1.00264							#	   2.25	  14.95	
    434	  10.38	   8.69	 -0.072	1.00266							#	   2.22	  15.15	
    435	  10.72	   8.38	 -0.090	1.00260							#	   2.32	  14.39	
    436	  11.51	   8.10	 -0.078	1.00252							#	   2.47	  14.09	
    437	  12.08	   7.26	 -0.091	1.00281							#	   2.28	  13.64	
    438	  12.81	   5.98	 -0.092	1.00274							#	   2.34	  13.38	
    439	  13.56	   5.15	 -0.089	1.00290							#	   2.59	  12.88	
    440	  13.34	   4.49	 -0.094	1.00297							#	   2.21	  12.78	
    441	  13.47	   4.19	 -0.077	1.00275							#	   2.40	  13.48	
    442	  13.19	   4.40	 -0.084	1.00286							#	   2.34	  13.28	
    443	  13.26	   4.48	 -0.077	1.00279							#	   2.30	  13.33	
    444	  13.43	   4.89	 -0.072	1.00268							#	   2.48	  13.28	
    445	  13.34	   4.98	 -0.075	1.00261							#	   2.37	  13.89	
    446	  13.33	   4.95	 -0.084	1.00253							#	   2.23	  13.18	
    447	  12.92	   4.70	 -0.091	1.00233							#	   2.25	  14.24	
    448	  12.55	   4.06	 -0.069	1.00214							#	   2.17	  14.49	
    449	  11.98	   3.77	 -0.082	1.00240							#	   1.91	  13.99	
    450	  11.70	   3.40	 -0.095	1.00219							#	   1.74	  14.44	
    451	  11.51	   3.15	 -0.088	1.00210							#	   1.86	  15.10	
    452	  11.37	   2.86	 -0.088	1.00199							#	   1.78	  15.66	
    453	  11.30	   2.90	 -0.094	1.00199							#	   1.69	  16.06	
    454	  11.25	   2.94	 -0.090	1.00185							#	   1.89	  15.96	
    455	  10.95	   2.85	 -0.079	1.00190							#	   1.75	  16.21	
    456	  10.91	   2.93	 -0.068	1.00178							#	   1.76	  16.92	
    457	  10.70	   3.11	 -0.074	1.00171							#	   1.78	  16.62	
    458	  10.27	   3.23	 -0.080	1.00168							#	   1.60	  17.22	
    459	   9.91	   3.51	 -0.074	1.00166							#	   1.37	  17.93	
    460	   9.80	   3.13	 -0.072	1.00150							#	   1.45	  17.88	
    461	   9.51	   3.24	 -0.054	1.00145							#	   1.57	  18.43	
    462	   9.34	   3.38	 -0.055	1.00136							#	   1.44	  18.54	
    463	   9.07	   3.44	 -0.054	1.00167							#	   1.37	  19.60	
    464	   8.85	   3.75	 -0.051	1.00152							#	   1.36	  19.80	
    465	   8.85	   3.88	 -0.049	1.00168							#	   1.42	  20.20	
    466	   8.86	   4.54	 -0.043	1.00167							#	   1.53	  20.20	
    467	   8.80	   4.73	 -0.044	1.00208							#	   1.67	  21.31	
    468	   8.86	   5.26	 -0.049	1.00206							#	   1.72	  21.52	
    469	   8.95	   5.71	 -0.055	1.00163							#	   1.68	  20.51	
    470	   8.74	   5.82	 -0.051	1.00167							#	   1.61	  21.41	
    471	   8.66	   6.05	 -0.058	1.00171							#	   1.64	  20.91	
    472	   8.49	   5.63	 -0.063	1.00169							#	   1.56	  21.67	
    473	   8.59	   5.58	 -0.067	1.00155							#	   1.62	  21.67	
    474	   8.50	   4.95	 -0.061	1.00149							#	   1.51	  21.67	
    475	   8.49	   4.35	 -0.055	1.00130							#	   1.40	  20.96	
    476	   8.58	   3.88	 -0.057	1.00123							#	   1.35	  20.51	
    477	   8.84	   3.51	 -0.051	1.00118							#	   1.47	  20.35	
    478	  10.07	   3.13	 -0.057	1.00151							#	   1.81	  18.59	
    479	  11.47	   2.79	 -0.047	1.00126							#	   1.87	  16.82	
    480	  12.22	   2.45	 -0.046	1.00151							#	   1.77	  16.11	
    481	  13.35	   2.33	 -0.055	1.00149							#	   2.36	  15.30	
    482	  13.89	   2.09	 -0.058	1.00148							#	   2.23	  14.95	
    483	  14.03	   1.92	 -0.069	1.00148							#	   1.82	  14.65	
    484	  14.16	   1.90	 -0.073	1.00151							#	   2.16	  14.85	
    485	  14.06	   1.96	 -0.071	1.00150							#	   2.04	  15.30	
    486	  14.11	   1.79	 -0.074	1.00138							#	   2.09	  15.66	
    487	  14.47	   1.73	 -0.076	1.00150							#	   2.19	  15.20	
    488	  14.71	   1.98	 -0.077	1.00161							#	   2.17	  14.65	
    489	  14.82	   1.98	 -0.078	1.00172							#	   2.37	  14.75	
    490	  14.45	   1.86	 -0.067	1.00163							#	   2.27	  15.20	
    491	  14.52	   1.91	 -0.065	1.00188							#	   2.17	  14.90	
    492	  14.20	   1.77	 -0.061	1.00177							#	   1.89	  15.25	
    493	  14.68	   1.97	 -0.057	1.00183							#	   2.40	  15.25	
    494	  14.48	   1.78	 -0.055	1.00161							#	   1.94	  15.61	
    495	  14.66	   2.09	 -0.054	1.00148							#	   2.04	  15.91	
    496	  14.49	   2.14	 -0.043	1.00162							#	   2.09	  15.15	
    497	  14.31	   2.01	 -0.036	1.00163							#	   2.05	  15.61	
    498	  13.95	   2.16	 -0.030	1.00150							#	   2.04	  16.62	
    499	  13.42	   1.85	 -0.017	1.00126							#	   1.86	  16.16	
    500	  12.56	   2.01	 -0.016	1.00123							#	   1.66	  17.12	
    501	  11.79	   1.72	 -0.012	1.00112							#	   1.64	  17.93	
    502	  11.56	   1.67	 -0.014	1.00105							#	   1.63	  18.28	
    503	  11.07	   1.51	 -0.016	1.00147							#	   1.48	  19.95	
    504	  10.79	   1.47	 -0.018	1.00137							#	   1.45	  20.10	
    505	  10.27	   1.46	 -0.013	1.00147							#	   1.34	  20.56	
    506	  10.08	   1.41	 -0.001	1.00136							#	   1.17	  21.11	
    507	   9.50	   1.65	 -0.007	1.00128							#	   1.12	  21.67	
    508	   9.11	   1.33	 -0.002	1.00128							#	   1.20	  23.59	
    509	   8.62	   1.43	 -0.010	1.00118							#	   1.03	  23.03	
    510	   8.09	   1.29	 -0.014	1.00095							#	   0.90	  22.32	
    511	   7.84	   1.06	 -0.016	1.00091							#	   0.87	  25.20	
    512	   7.55	   1.06	 -0.018	1.00088							#	   0.83	  25.10	
    513	   6.92	   1.02	 -0.021	1.00119							#	   0.81	  26.97	
    514	   6.41	   1.05	 -0.022	1.00101							#	   0.82	  28.54	
    515	   6.20	   1.24	 -0.022	1.00103							#	   0.83	  28.64	
    516	   5.95	   1.00	 -0.023	1.00092							#	   0.78	  28.84	
    517	   5.67	   0.87	 -0.024	1.00074							#	   0.75	  29.75	
    518	   5.68	   0.78	 -0.025	1.00071							#	   0.79	  30.00	
    519	   5.45	   0.68	 -0.028	1.00066							#	   0.77	  30.71	
    520	   5.50	   0.64	 -0.019	1.00054							#	   0.85	  29.85	
    521	   5.17	   0.80	 -0.017	1.00079							#	   0.77	  30.91	
    522	   5.27	   0.53	 -0.016	1.00055							#	   0.71	  32.68	
    523	   5.00	   0.45	 -0.015	1.00073							#	   0.70	  31.41	
    524	   4.71	   0.61	 -0.016	1.00060							#	   0.64	  33.23	
    525	   4.47	   0.32	 -0.010	1.00068							#	   0.56	  33.89	
    526	   4.31	   0.83	 -0.006	1.00035							#	   0.58	  34.14	
    527	   4.26	   0.54	 -0.006	1.00032							#	   0.62	  36.16	
    528	   5.78	   0.39	  0.005	1.00072							#	   1.21	  29.60	
    529	   5.58	   0.36	  0.000	1.00090							#	   0.79	  29.44	
    530	   5.35	   0.57	  0.004	1.00073							#	   0.86	  29.19	
    531	   3.35	   0.51	 -0.001	1.00054							#	   0.33	  36.92	
    532	   5.04	   0.55	  0.007	1.00052							#	   0.70	  31.31	
    533	   3.01	   0.33	  0.015	1.00037							#	   0.27	  44.24	
    534	   4.35	   0.42	  0.009	1.00067							#	   0.52	  34.75	
    535	   4.61	   0.31	  0.013	1.00035							#	   0.60	  32.98	
    536	   4.15	   0.58	  0.013	1.00062							#	   0.62	  33.84	
    537	   2.70	   0.47	  0.002	1.00041							#	   0.23	  45.00	
    538	   0.71	   0.16	  0.010	1.00002							#	   0.07	  62.32	
