      1	   0.19	   0.27	  0.031	0.99978	  -0.43	   1.47	 -0.005	1.00679			#	   0.01	  32.81	
      2	   0.30	  -0.77	  0.009	0.99911	  -0.60	  -0.57	  0.026	1.00392			#	   0.03	  28.91	
      3	   0.85	   1.11	 -0.042	0.99931	   0.72	   1.52	 -0.055	1.00439			#	   0.04	  29.21	
      4	   0.41	   0.19	 -0.026	0.99914	  -0.35	   0.21	 -0.097	1.00397			#	   0.02	  31.51	
      5	   0.94	   1.53	 -0.026	0.99927	   0.62	   1.52	 -0.048	1.00556			#	   0.06	  29.86	
      6	   1.08	   0.49	 -0.005	0.99908	   1.40	   1.54	 -0.064	1.00476			#	   0.03	  31.86	
      7	  -0.82	   1.09	  0.013	0.99954	  -0.59	   1.08	  0.037	1.00481			#	   0.07	  29.86	
      8	   1.57	   3.62	 -0.087	0.99771	  -0.66	   6.33	 -0.126	1.01127			#	   0.28	  14.84	
      9	   2.53	   0.45	 -0.020	0.99884	   2.67	   0.02	 -0.100	0.99996			#	   0.06	  30.90	
     10	   0.51	  -1.88	  0.024	1.00043	  -0.02	  -1.70	 -0.054	1.00122			#	   0.06	  30.30	
     11	   0.93	  -2.04	  0.006	0.99878	   0.39	  -3.27	 -0.065	1.00051			#	   0.09	  32.03	
     12	  -1.10	   0.06	  0.000	0.99908	  -0.43	  -0.82	 -0.035	1.00032			#	   0.06	  32.38	
     13	  -3.03	  -0.31	  0.005	0.99939	  -3.05	  -0.40	 -0.021	1.00045			#	   0.15	  29.73	
     14	  -3.37	  -0.59	 -0.027	0.99902	  -4.42	  -1.40	 -0.089	1.00069			#	   0.15	  31.03	
     15	  -2.71	  -0.70	 -0.030	1.00027	  -4.33	  -1.35	 -0.089	1.00159			#	   0.08	  31.86	
     16	  -0.52	  -0.14	 -0.056	0.99928	  -1.30	  -0.57	 -0.124	1.00179			#	   0.03	  30.30	
     17	  -1.12	  -0.64	 -0.034	0.99765	  -1.91	  -1.76	 -0.100	0.99889			#	   0.05	  31.16	
     18	  -1.19	   0.13	 -0.027	0.99770	  -1.16	  -0.51	 -0.119	0.99915			#	   0.09	  32.20	
     19	  -1.91	   0.21	 -0.009	0.99756	  -3.84	  -0.77	 -0.058	0.99912			#	   0.07	  32.29	
     20	   0.04	   0.93	 -0.019	0.99904	   0.20	   0.57	 -0.081	1.00063			#	   0.04	  31.94	
     21	  -2.03	   0.47	 -0.040	1.00030	  -2.23	  -0.25	 -0.072	1.00158			#	   0.07	  32.51	
     22	  -2.00	  -0.36	 -0.053	1.00060	  -3.14	  -0.24	 -0.108	1.00246			#	   0.06	  33.51	
     23	  -2.04	  -1.75	 -0.041	1.00060	  -1.89	  -1.84	 -0.118	1.00201			#	   0.13	  31.77	
     24	  -3.28	  -0.88	 -0.030	0.99918	  -4.49	  -2.06	 -0.077	1.00142			#	   0.14	  32.16	
     25	  -1.48	   0.01	 -0.052	0.99754	  -3.56	  -1.18	 -0.130	0.99887			#	   0.04	  32.12	
     26	   0.08	   1.40	 -0.039	0.99762	  -0.93	   0.33	 -0.118	0.99911			#	   0.05	  32.99	
     27	  -0.42	   0.62	 -0.043	0.99774	  -0.99	   0.42	 -0.122	0.99824			#	   0.05	  32.47	
     28	  -1.30	   1.04	 -0.015	0.99775	  -1.04	   0.28	 -0.086	0.99864			#	   0.11	  31.60	
     29	  -2.96	   0.01	  0.029	0.99898	  -4.56	  -0.17	 -0.041	0.99991			#	   0.11	  31.16	
     30	  -1.71	  -0.55	  0.023	0.99984	  -3.32	  -1.27	 -0.043	1.00078			#	   0.07	  25.13	
     31	  -0.98	   0.64	  0.023	0.99997	  -1.20	  -0.15	 -0.021	1.00189			#	   0.05	  33.33	
     32	  -3.34	  -1.10	  0.042	0.99963	  -3.18	  -1.00	 -0.014	1.00040			#	   0.18	  31.12	
     33	  -4.43	  -0.51	  0.008	1.00004	  -5.90	  -1.55	 -0.006	1.00180			#	   0.20	  30.60	
     34	  -3.26	   0.08	 -0.033	1.00000	  -5.00	  -0.47	 -0.078	1.00158			#	   0.11	  32.77	
     35	  -2.57	  -0.80	 -0.050	0.99997	  -3.75	  -0.59	 -0.114	1.00155			#	   0.09	  32.86	
     36	  -1.33	  -0.55	 -0.043	0.99953	  -3.54	  -3.28	 -0.120	1.00082			#	   0.04	  33.68	
     37	  -0.84	   2.26	 -0.045	0.99996	  -1.68	   2.06	 -0.071	1.00006			#	   0.12	  32.51	
     38	   0.14	   0.05	 -0.024	0.99990	  -1.13	   0.69	 -0.124	1.00050			#	   0.03	  31.99	
     39	  -0.31	  -0.69	 -0.031	0.99952	  -0.16	  -1.60	 -0.076	0.99999			#	   0.03	  33.25	
     40	  -3.46	  -0.28	 -0.017	0.99981	  -4.00	  -0.36	 -0.053	1.00013			#	   0.15	  29.64	
     41	  -2.77	   0.17	 -0.006	0.99909	  -3.74	  -0.39	 -0.065	1.00133			#	   0.12	  32.60	
     42	  -5.47	  -1.62	  0.055	1.00002	  -5.67	  -1.33	  0.006	1.00122			#	   0.38	  29.86	
     43	  -5.18	  -1.74	  0.075	0.99970	  -8.36	  -3.28	  0.015	1.00162			#	   0.26	  29.34	
     44	  -2.91	   0.66	  0.034	0.99940	  -4.54	   0.74	  0.029	1.00072			#	   0.12	  30.86	
     45	  -2.05	  -0.29	 -0.016	0.99927	  -3.00	  -0.30	 -0.037	1.00017			#	   0.05	  30.82	
     46	  -2.41	   0.22	 -0.030	0.99936	  -3.63	  -0.65	 -0.067	1.00045			#	   0.07	  32.42	
     47	  -2.73	  -1.05	  0.011	0.99929	  -3.66	  -1.05	 -0.055	1.00013			#	   0.11	  30.47	
     48	  -3.81	  -0.60	  0.025	0.99945	  -4.65	  -1.13	  0.003	1.00066			#	   0.18	  31.03	
     49	  -4.29	  -0.32	  0.031	0.99987	  -5.63	  -0.05	  0.018	1.00150			#	   0.22	  30.82	
     50	  -3.56	  -1.69	  0.035	0.99950	  -5.27	  -2.12	  0.004	1.00068			#	   0.17	  30.60	
     51	  -2.93	  -0.98	  0.030	0.99925	  -4.25	  -1.74	 -0.013	1.00026			#	   0.11	  30.16	
     52	  -2.64	  -0.20	  0.058	0.99946	  -3.40	   0.54	  0.036	1.00095			#	   0.11	  31.12	
     53	  -3.17	  -1.76	  0.044	0.99925	  -3.65	  -1.45	  0.047	1.00108			#	   0.18	  31.21	
     54	  -4.14	  -3.23	  0.013	0.99936	  -5.21	  -2.91	 -0.013	1.00136			#	   0.34	  31.25	
     55	  -4.13	  -4.09	  0.004	0.99955	  -4.68	  -3.69	 -0.029	1.00220			#	   0.53	  32.12	
     56	  -5.49	  -3.62	 -0.012	0.99966	  -6.42	  -4.17	  0.007	1.00230			#	   0.49	  30.08	
     57	  -4.38	  -4.77	 -0.030	0.99937	  -6.98	  -4.83	 -0.081	1.00214			#	   0.49	  28.95	
     58	  -2.00	  -3.01	 -0.083	0.99910	  -4.56	  -5.04	 -0.127	1.00092			#	   0.15	  31.38	
     59	  -0.34	  -0.38	 -0.085	0.99920	  -1.28	  -0.85	 -0.112	1.00061			#	   0.03	  31.90	
     60	  -0.23	  -3.25	 -0.048	0.99915	  -1.28	  -2.51	 -0.131	1.00011			#	   0.19	  27.47	
     61	  -1.70	  -3.29	 -0.048	0.99907	  -1.23	  -4.06	 -0.084	1.00110			#	   0.20	  34.07	
     62	  -5.75	  -2.31	 -0.039	0.99969	  -6.33	  -2.10	 -0.013	1.00144			#	   0.36	  28.91	
     63	  -3.42	  -3.05	 -0.040	0.99922	  -6.35	  -2.29	  0.004	1.00343			#	   0.20	  31.29	
     64	  -3.68	  -2.54	 -0.052	0.99999	  -3.75	  -1.79	 -0.064	1.00186			#	   0.24	  29.56	
     65	  -3.01	  -4.41	 -0.016	0.99902	  -5.47	  -4.01	 -0.052	1.00186			#	   0.36	  29.08	
     66	  -2.45	  -4.04	 -0.017	0.99931	  -3.34	  -4.49	 -0.055	1.00157			#	   0.34	  29.77	
     67	  -3.90	  -3.76	 -0.005	0.99933	  -4.80	  -4.12	 -0.024	1.00163			#	   0.34	  31.77	
     68	  -4.40	  -3.30	 -0.011	0.99984	  -5.75	  -4.86	 -0.054	1.00143			#	   0.27	  29.47	
     69	  -5.02	  -1.49	 -0.002	1.00001	  -4.67	  -0.50	 -0.001	1.00288			#	   0.33	  30.34	
     70	  -6.67	  -4.13	  0.042	0.99984	  -8.10	  -3.72	  0.009	1.00295			#	   0.61	  28.73	
     71	  -6.11	  -4.00	  0.050	0.99994	  -7.86	  -5.20	  0.047	1.00231			#	   0.50	  28.91	
     72	  -3.72	  -2.38	  0.035	0.99961	  -6.20	  -2.48	  0.021	1.00193			#	   0.20	  30.08	
     73	  -2.13	  -2.70	  0.009	0.99947	  -3.25	  -3.13	 -0.005	1.00119			#	   0.17	  30.95	
     74	  -3.52	  -2.13	  0.015	1.00002	  -3.60	  -2.50	  0.004	1.00163			#	   0.18	  29.77	
     75	  -4.16	  -2.80	  0.039	0.99972	  -5.64	  -2.76	  0.002	1.00106			#	   0.22	  29.64	
     76	  -3.33	  -2.67	  0.021	0.99958	  -3.86	  -3.46	 -0.015	1.00152			#	   0.21	  29.04	
     77	  -5.86	  -2.25	  0.022	0.99999	  -5.50	  -2.18	  0.008	1.00246			#	   0.32	  30.56	
     78	  -7.74	  -2.07	  0.014	1.00048	  -8.06	  -3.16	 -0.007	1.00312			#	   0.49	  28.73	
     79	  -8.03	  -0.29	  0.029	0.99975	 -10.02	  -1.53	  0.016	1.00258			#	   0.51	  30.21	
     80	  -6.65	   0.08	  0.024	0.99959	  -8.34	   0.23	 -0.006	1.00203			#	   0.39	  30.34	
     81	  -6.63	  -0.97	  0.044	0.99954	  -7.37	  -0.88	  0.012	1.00277			#	   0.47	  29.64	
     82	  -6.91	  -1.22	  0.058	1.00001	  -9.16	  -1.94	  0.058	1.00231			#	   0.33	  29.95	
     83	  -4.07	  -0.89	  0.034	0.99947	  -6.25	  -1.22	  0.001	1.00204			#	   0.15	  31.94	
     84	  -3.95	  -0.89	  0.034	0.99922	  -4.15	  -1.01	 -0.003	1.00169			#	   0.17	  32.07	
     85	  -6.85	  -2.29	  0.043	0.99963	  -7.26	  -2.82	  0.016	1.00226			#	   0.37	  30.12	
     86	  -7.85	  -0.37	  0.032	0.99955	  -9.25	  -1.62	  0.016	1.00300			#	   0.45	  30.30	
     87	  -7.77	  -0.18	  0.060	0.99954	  -9.44	   0.32	  0.045	1.00231			#	   0.52	  30.64	
     88	  -6.14	  -1.52	  0.055	0.99960	  -8.39	  -1.86	  0.037	1.00307			#	   0.34	  32.60	
     89	  -5.32	  -1.35	  0.059	0.99972	  -5.94	  -0.95	  0.063	1.00259			#	   0.36	  32.81	
     90	  -5.75	  -2.11	  0.032	1.00046	  -6.27	  -2.62	  0.057	1.00263			#	   0.36	  25.78	
     91	  -4.37	  -2.92	 -0.008	0.99989	  -5.19	  -2.52	 -0.017	1.00212			#	   0.25	  31.55	
     92	  -2.93	  -3.16	 -0.013	0.99966	  -4.99	  -3.84	 -0.040	1.00169			#	   0.19	  30.73	
     93	  -0.64	  -2.04	 -0.007	0.99938	  -1.63	  -2.93	 -0.029	1.00107			#	   0.09	  33.38	
     94	  -1.22	  -1.64	  0.007	0.99950	  -1.75	  -2.09	 -0.025	1.00064			#	   0.07	  30.90	
     95	  -1.68	  -1.03	  0.001	0.99978	  -1.88	  -0.63	  0.024	1.00079			#	   0.07	  29.95	
     96	  -1.25	  -2.12	  0.000	0.99981	  -2.94	  -2.45	 -0.015	1.00062			#	   0.09	  30.21	
     97	   0.79	  -0.88	  0.014	0.99917	   0.05	  -1.59	 -0.023	1.00035			#	   0.04	  31.77	
     98	  -0.94	  -0.75	  0.031	0.99938	  -1.07	  -0.44	  0.058	0.99996			#	   0.05	  30.77	
     99	  -3.06	  -1.73	  0.001	0.99977	  -2.01	  -1.66	 -0.002	1.00131			#	   0.15	  30.60	
    100	  -6.61	  -2.25	  0.017	0.99990	  -6.64	  -1.67	  0.009	1.00219			#	   0.36	  32.03	
    101	  -6.29	  -1.59	  0.051	1.00015	  -9.76	  -2.95	  0.069	1.00284			#	   0.27	  31.08	
    102	  -2.39	  -0.64	  0.038	0.99913	  -5.30	   0.84	  0.112	1.00216			#	   0.06	  32.03	
    103	   0.40	  -1.29	  0.006	0.99902	  -2.35	  -2.00	 -0.010	1.00044			#	   0.08	  32.68	
    104	  -0.20	  -0.91	  0.003	0.99931	   1.02	  -0.79	 -0.008	0.99994			#	   0.04	  30.25	
    105	  -5.30	  -1.70	  0.020	1.00068	  -4.16	  -0.43	  0.063	1.00209			#	   0.28	  29.17	
    106	  -6.59	  -2.94	  0.014	1.00045	  -7.54	  -2.94	  0.037	1.00282			#	   0.43	  29.73	
    107	  -5.39	  -2.65	  0.009	1.00024	  -8.30	  -4.03	  0.016	1.00128			#	   0.23	  28.52	
    108	  -1.18	  -1.15	  0.031	0.99956	  -3.07	  -0.00	  0.014	1.00102			#	   0.04	  31.34	
    109	  -0.55	  -3.83	  0.054	0.99947	  -1.49	  -3.39	  0.033	1.00090			#	   0.26	  30.43	
    110	  -2.82	  -1.70	  0.068	0.99985	  -2.69	  -2.79	  0.114	1.00174			#	   0.19	  31.12	
    111	  -4.53	  -0.58	  0.053	0.99957	  -6.86	  -1.38	  0.068	1.00099			#	   0.18	  31.73	
    112	  -3.44	   0.07	  0.031	0.99927	  -5.13	   0.06	  0.032	1.00086			#	   0.13	  31.81	
    113	  -3.53	  -0.12	  0.035	0.99973	  -5.45	   0.36	  0.033	1.00061			#	   0.10	  31.08	
    114	  -1.16	  -1.41	  0.039	0.99981	  -3.43	  -0.76	  0.041	1.00075			#	   0.05	  29.38	
    115	   0.35	  -1.10	  0.004	0.99928	  -0.71	  -2.07	  0.026	1.00044			#	   0.05	  32.73	
    116	  -0.06	  -1.12	 -0.018	0.99954	  -1.58	   0.13	 -0.009	0.99970			#	   0.06	  29.04	
    117	   0.83	  -4.18	 -0.013	0.99972	   0.30	  -2.65	 -0.031	1.00023			#	   0.37	  29.04	
    118	   0.60	  -5.24	 -0.002	0.99965	  -0.11	  -5.61	 -0.006	1.00128			#	   0.49	  29.82	
    119	  -1.02	  -4.81	  0.003	0.99957	  -0.98	  -4.72	  0.028	1.00058			#	   0.39	  29.73	
    120	  -2.25	  -3.49	 -0.022	0.99982	  -3.90	  -4.66	 -0.014	1.00183			#	   0.39	  29.34	
    121	  -1.93	  -1.17	 -0.017	1.00001	  -1.87	  -1.06	  0.002	1.00104			#	   0.07	  30.90	
    122	  -3.19	  -1.54	 -0.014	1.00030	  -3.61	  -1.48	  0.019	1.00171			#	   0.11	  28.56	
    123	  -3.54	  -0.64	  0.001	0.99744	  -3.58	  -0.56	  0.005	0.99856			#	   0.20	  30.34	
    124	  -5.95	  -0.10	  0.033	0.99822	  -6.05	  -0.03	  0.088	1.00049			#	   0.28	  33.12	
    125	  -7.62	  -0.43	  0.037	0.99814	 -10.81	  -0.84	  0.057	1.00064			#	   0.34	  32.51	
    126	  -5.39	  -0.84	  0.088	0.99813	  -8.59	  -0.02	  0.121	1.00062			#	   0.21	  35.33	
    127	  -2.40	  -1.35	  0.080	0.99796	  -5.69	  -1.49	  0.108	0.99965			#	   0.09	  36.41	
    128	  -0.49	  -1.56	  0.045	0.99940	  -2.04	  -1.30	  0.052	0.99968			#	   0.06	  33.03	
    129	  -1.75	  -2.74	  0.057	1.00066	  -1.45	  -1.52	  0.080	1.00191			#	   0.15	  34.98	
    130	  -4.59	  -4.18	  0.042	1.00162	  -5.34	  -4.21	  0.084	1.00372			#	   0.34	  33.25	
    131	  -4.54	  -4.60	  0.024	1.00087	  -6.39	  -3.84	  0.073	1.00332			#	   0.39	  34.20	
    132	  -3.34	  -4.44	 -0.021	1.00121	  -4.78	  -6.20	  0.002	1.00342			#	   0.33	  36.81	
    133	  -4.33	  -2.14	 -0.027	1.00106	  -4.23	  -1.78	 -0.003	1.00367			#	   0.26	  34.94	
    134	  -5.52	  -3.78	 -0.013	0.99971	  -7.56	  -4.34	 -0.015	1.00266			#	   0.35	  35.50	
    135	  -5.04	  -0.04	 -0.001	0.99857	  -5.44	  -1.64	  0.039	1.00169			#	   0.35	  34.29	
    136	  -6.71	  -0.54	  0.014	0.99797	  -8.21	   0.04	  0.021	1.00037			#	   0.35	  33.51	
    137	  -6.65	  -0.91	 -0.006	0.99815	  -7.30	  -2.35	  0.028	1.00156			#	   0.39	  35.63	
    138	  -8.57	   1.46	 -0.012	0.99859	  -7.94	   0.50	  0.006	1.00180			#	   0.72	  32.03	
    139	 -10.55	   0.45	  0.011	0.99855	 -12.00	   0.23	  0.016	1.00214			#	   0.80	  29.73	
    140	  -8.60	  -0.72	  0.045	0.99969	 -10.60	  -0.62	  0.071	1.00398			#	   0.74	  34.16	
    141	  -7.42	  -1.54	  0.048	0.99984	  -8.63	  -2.35	  0.077	1.00388			#	   0.65	  33.72	
    142	  -8.44	  -1.69	  0.026	0.99993	  -9.81	  -3.15	  0.067	1.00400			#	   0.71	  31.12	
    143	  -8.95	   0.33	  0.003	1.00012	  -8.93	  -0.55	  0.034	1.00530			#	   0.78	  31.21	
    144	 -12.15	  -0.34	  0.009	0.99967	 -13.28	  -2.04	  0.014	1.00472			#	   1.04	  29.04	
    145	 -11.89	   0.53	  0.052	0.99969	 -13.69	  -0.82	  0.073	1.00489			#	   0.81	  29.17	
    146	  -8.53	  -0.59	  0.071	0.99989	 -13.60	  -1.86	  0.087	1.00424			#	   0.60	  34.51	
    147	  -4.60	   0.32	  0.076	1.00061	  -4.02	   0.62	  0.090	1.00442			#	   0.48	  34.94	
    148	  -7.12	  -1.32	  0.091	1.00036	  -7.25	  -0.69	  0.123	1.00424			#	   0.60	  32.38	
    149	  -7.62	  -2.29	  0.093	0.99986	  -7.65	  -3.68	  0.114	1.00425			#	   0.57	  33.68	
    150	  -9.70	  -1.53	  0.086	1.00021	  -8.12	  -2.29	  0.113	1.00565			#	   1.03	  26.91	
    151	 -12.66	  -3.11	  0.066	1.00187	 -10.67	  -3.03	  0.090	1.00783			#	   1.03	  25.56	
    152	 -13.18	  -2.43	  0.059	1.00250	 -11.43	  -3.43	  0.099	1.00926			#	   1.38	  26.61	
    153	 -12.26	  -1.34	  0.057	1.00193	 -12.63	  -2.22	  0.089	1.00836			#	   0.81	  26.87	
    154	 -10.51	  -1.42	  0.054	1.00069	 -11.04	  -1.95	  0.078	1.00528			#	   0.65	  28.34	
    155	  -7.83	   0.07	  0.009	1.00140	  -7.70	  -1.29	  0.064	1.00558			#	   0.30	  30.03	
    156	  -6.43	   1.35	 -0.048	1.00022	  -6.55	   0.38	 -0.045	1.00355			#	   0.30	  32.51	
    157	  -6.34	   0.99	 -0.036	1.00145	  -4.44	   1.87	 -0.032	1.00512			#	   0.33	  30.82	
    158	  -8.07	  -2.05	  0.004	1.00159	  -6.85	  -0.06	  0.004	1.00557			#	   0.82	  28.17	
    159	  -5.99	  -2.56	  0.045	1.00011	  -8.21	  -2.64	  0.144	1.00315			#	   0.37	  36.55	
    160	  -6.12	  -1.38	  0.032	0.99989	  -7.17	  -0.72	  0.159	1.00245			#	   0.31	  33.25	
    161	  -6.13	  -0.78	  0.016	0.99985	  -8.44	  -1.14	  0.118	1.00291			#	   0.26	  35.33	
    162	  -6.37	   0.04	  0.030	1.00018	  -6.10	   0.90	  0.125	1.00314			#	   0.33	  32.20	
    163	  -9.18	  -0.84	  0.069	0.99981	 -10.39	   0.86	  0.214	1.00291			#	   0.44	  31.34	
    164	  -8.15	  -1.98	  0.005	1.00054	  -9.55	  -3.70	  0.120	1.00419			#	   0.54	  33.94	
    165	  -8.01	   2.44	  0.012	0.99985	  -9.99	   2.53	  0.125	1.00283			#	   0.98	  32.51	
    166	  -5.86	   1.33	  0.026	0.99984	  -8.47	   2.62	  0.114	1.00248			#	   0.30	  35.72	
    167	  -5.36	   0.77	  0.031	0.99909	  -6.97	   0.15	  0.109	1.00191			#	   0.21	  33.90	
    168	  -4.32	   1.33	  0.045	0.99936	  -7.96	   2.10	  0.116	1.00153			#	   0.12	  37.50	
    169	  -1.38	   1.04	  0.031	0.99958	  -3.40	   1.46	  0.127	1.00212			#	   0.04	  39.11	
    170	  -3.56	  -0.31	  0.016	0.99953	  -3.52	   1.15	  0.088	1.00177			#	   0.12	  38.02	
    171	  -6.89	  -1.50	  0.055	0.99936	  -6.72	  -0.62	  0.148	1.00220			#	   0.31	  35.46	
    172	  -9.94	  -2.79	  0.057	1.00047	 -10.36	  -2.71	  0.186	1.00462			#	   0.55	  31.47	
    173	 -10.84	  -3.01	  0.067	1.00091	 -12.31	  -1.43	  0.207	1.00532			#	   0.66	  28.21	
    174	  -8.97	  -4.08	  0.009	0.99968	 -10.99	  -5.69	  0.108	1.00427			#	   0.87	  34.55	
    175	  -8.33	  -2.05	  0.002	0.99953	 -11.27	  -2.53	  0.081	1.00308			#	   0.26	  33.51	
    176	  -5.08	  -1.68	  0.038	0.99986	  -8.56	  -0.56	  0.131	1.00364			#	   0.15	  40.02	
    177	  -3.29	  -2.85	  0.056	1.00002	  -3.63	  -2.38	  0.122	1.00238			#	   0.18	  38.59	
    178	  -5.55	  -2.92	  0.059	0.99964	  -6.68	  -3.90	  0.171	1.00258			#	   0.25	  37.54	
    179	  -6.20	   0.64	 -0.036	0.99951	  -8.40	  -0.97	  0.081	1.00195			#	   0.14	  36.76	
    180	  -5.31	   3.47	 -0.024	0.99967	  -7.57	   3.63	  0.025	1.00168			#	   0.33	  30.16	
    181	  -3.87	   2.28	  0.040	0.99961	  -6.10	   3.37	  0.103	1.00206			#	   0.14	  41.67	
    182	  -5.57	   0.31	  0.066	0.99941	  -6.34	   1.08	  0.162	1.00186			#	   0.13	  36.68	
    183	  -7.79	  -0.08	  0.057	1.00016	  -7.29	   0.08	  0.175	1.00343			#	   0.21	  34.33	
    184	 -11.19	   0.00	  0.060	1.00058	 -11.20	  -0.15	  0.192	1.00496			#	   0.33	  29.56	
    185	 -11.29	   0.36	  0.041	1.00267	 -10.59	   0.59	  0.165	1.00645			#	   0.34	  29.21	
    186	 -10.24	   1.28	  0.032	1.00215	  -9.96	   2.56	  0.180	1.00426			#	   0.33	  28.39	
    187	 -10.04	   2.58	  0.027	1.00259	  -9.50	   3.89	  0.177	1.00512			#	   0.38	  29.25	
    188	 -10.29	   0.95	  0.050	1.00212	  -9.78	   4.16	  0.211	1.00421			#	   0.28	  30.16	
    189	 -11.56	  -1.59	  0.075	1.00276	 -10.55	   0.61	  0.220	1.00496			#	   0.33	  28.21	
    190	 -10.97	  -2.37	  0.095	1.00254	 -11.19	  -0.42	  0.274	1.00557			#	   0.37	  29.82	
    191	 -10.61	  -2.18	  0.086	1.00284	 -11.54	  -0.75	  0.296	1.00407			#	   0.37	  28.78	
    192	  -9.90	  -1.22	  0.083	1.00217	 -11.45	   1.12	  0.285	1.00365			#	   0.26	  29.99	
    193	  -9.05	  -1.03	  0.055	1.00127	  -8.63	   0.30	  0.209	1.00456			#	   0.20	  32.86	
    194	 -10.93	  -2.16	  0.051	1.00246	 -11.28	  -1.37	  0.199	1.00601			#	   0.40	  29.30	
    195	  -9.12	  -0.93	  0.039	1.00143	  -9.80	  -0.11	  0.217	1.00481			#	   0.24	  33.42	
    196	  -9.08	  -1.04	  0.004	1.00172	  -8.70	  -0.05	  0.138	1.00337			#	   0.23	  31.86	
    197	  -9.26	   1.49	  0.008	1.00159	 -10.48	   1.43	  0.143	1.00541			#	   0.28	  33.81	
    198	  -7.06	   0.59	  0.006	1.00070	  -7.88	   2.41	  0.085	1.00222			#	   0.16	  35.24	
    199	  -6.97	  -0.74	  0.036	1.00080	  -7.39	   0.02	  0.145	1.00239			#	   0.15	  33.64	
    200	  -5.51	  -0.88	  0.006	1.00018	  -6.55	  -0.26	  0.140	1.00253			#	   0.12	  38.32	
    201	  -6.83	   0.20	 -0.017	1.00093	  -5.76	  -0.51	  0.082	1.00282			#	   0.14	  34.59	
    202	  -8.89	   0.86	 -0.009	1.00177	  -7.42	   3.06	  0.113	1.00331			#	   0.21	  29.90	
    203	  -9.53	   0.13	  0.046	1.00168	  -9.94	   0.84	  0.167	1.00508			#	   0.26	  33.07	
    204	  -8.96	  -0.68	  0.014	0.99996	  -9.91	  -0.53	  0.138	1.00318			#	   0.23	  35.33	
    205	 -10.46	   0.34	 -0.028	1.00055	  -9.39	  -0.34	  0.117	1.00432			#	   0.28	  32.42	
    206	 -12.03	   0.09	 -0.017	1.00093	 -13.99	   1.70	  0.103	1.00508			#	   0.37	  31.12	
    207	  -9.48	  -1.44	 -0.026	1.00098	  -9.95	  -1.27	  0.125	1.00533			#	   0.26	  33.90	
    208	  -9.96	  -2.47	 -0.070	1.00055	 -10.01	  -1.01	  0.096	1.00323			#	   0.30	  34.46	
    209	 -11.69	  -3.57	 -0.096	1.00258	 -12.04	  -1.24	  0.090	1.00639			#	   0.49	  30.73	
    210	  -9.83	  -5.43	 -0.117	1.00138	 -10.71	  -5.65	 -0.005	1.00425			#	   0.68	  29.60	
    211	  -7.11	  -2.33	 -0.072	1.00091	  -9.54	  -2.68	  0.074	1.00292			#	   0.29	  36.20	
    212	  -4.97	  -2.46	 -0.117	1.00003	  -5.67	  -2.41	 -0.040	1.00140			#	   0.17	  39.37	
    213	  -4.43	   0.58	 -0.107	1.00016	  -5.89	   0.24	 -0.019	1.00150			#	   0.12	  37.76	
    214	  -3.12	  -0.16	 -0.101	0.99998	  -3.70	   0.45	 -0.035	1.00086			#	   0.06	  38.11	
    215	  -3.40	  -0.43	 -0.068	0.99996	  -3.84	   0.42	 -0.006	1.00046			#	   0.06	  38.06	
    216	  -4.09	  -2.07	 -0.018	0.99990	  -5.45	  -0.81	  0.075	1.00262			#	   0.14	  41.45	
    217	  -5.68	  -2.29	 -0.026	0.99992	  -5.42	  -3.64	  0.061	1.00217			#	   0.19	  38.76	
    218	  -7.82	  -1.82	 -0.013	1.00013	  -9.13	  -0.73	  0.072	1.00365			#	   0.21	  34.90	
    219	  -6.86	  -2.99	  0.030	1.00013	  -8.55	  -2.79	  0.129	1.00384			#	   0.39	  38.93	
    220	  -6.92	  -4.84	  0.035	1.00082	  -7.02	  -4.23	  0.140	1.00265			#	   0.55	  35.55	
    221	  -6.67	  -4.44	  0.010	1.00033	  -7.14	  -4.08	  0.114	1.00382			#	   0.50	  37.67	
    222	  -7.84	  -3.93	 -0.001	1.00099	  -6.96	  -4.69	  0.094	1.00409			#	   0.47	  34.72	
    223	  -9.24	  -2.20	  0.009	1.00166	  -9.28	  -2.07	  0.126	1.00472			#	   0.35	  32.38	
    224	  -7.89	  -0.90	 -0.017	1.00098	  -8.31	  -0.50	  0.104	1.00362			#	   0.21	  36.89	
    225	  -8.85	  -1.40	 -0.019	1.00106	  -8.51	  -1.01	  0.093	1.00275			#	   0.27	  33.12	
    226	  -8.43	  -0.80	 -0.030	1.00112	  -9.27	  -1.42	  0.059	1.00324			#	   0.23	  34.11	
    227	  -7.83	   1.85	  0.001	1.00099	  -7.85	   1.05	  0.088	1.00283			#	   0.27	  36.41	
    228	  -8.37	   1.71	  0.029	0.99967	  -9.66	   3.45	  0.123	1.00214			#	   0.30	  36.72	
    229	  -8.30	  -2.29	  0.050	1.00082	  -8.35	  -0.96	  0.132	1.00381			#	   0.27	  36.07	
    230	  -8.93	  -3.63	  0.058	1.00110	  -8.71	  -4.23	  0.146	1.00477			#	   0.53	  34.64	
    231	  -9.48	  -2.99	  0.086	1.00079	  -9.21	  -3.00	  0.182	1.00413			#	   0.45	  33.59	
    232	 -12.12	  -3.78	  0.104	1.00187	  -9.79	  -2.57	  0.213	1.00644			#	   0.61	  30.08	
    233	 -13.88	  -4.73	  0.131	1.00068	 -13.42	  -4.59	  0.265	1.00557			#	   0.90	  29.73	
    234	 -12.80	  -3.47	  0.094	1.00151	 -13.79	  -4.82	  0.224	1.00513			#	   0.65	  29.21	
    235	 -10.17	   1.26	  0.058	0.99908	 -11.92	   1.14	  0.178	1.00293			#	   0.36	  37.15	
    236	  -9.07	  -0.87	  0.075	0.99945	 -10.32	  -1.31	  0.134	1.00286			#	   0.26	  35.37	
    237	  -7.90	   0.09	  0.084	1.00051	  -8.18	  -0.78	  0.190	1.00204			#	   0.22	  36.28	
    238	  -8.46	   1.97	  0.029	1.00204	  -7.61	   2.84	  0.173	1.00411			#	   0.32	  35.89	
    239	 -18.84	  -1.36	 -0.008	1.00445	 -17.25	   1.16	  0.148	1.01030			#	   0.91	  23.70	
    240	 -12.02	  -5.39	  0.081	1.00346	 -11.05	  -3.87	  0.100	1.00712			#	   0.87	  27.95	
    241	 -10.62	  -3.48	  0.098	1.00195	 -11.26	  -4.62	  0.240	1.00534			#	   0.59	  31.64	
    242	  -8.75	  -1.46	  0.046	1.00280	  -8.85	  -1.69	  0.157	1.00536			#	   0.30	  32.38	
    243	  -8.45	  -0.79	  0.041	1.00244	  -8.47	  -0.42	  0.125	1.00441			#	   0.22	  35.24	
    244	  -7.97	   0.96	  0.053	1.00079	  -7.94	  -0.73	  0.138	1.00218			#	   0.24	  35.50	
    245	 -10.38	   3.27	  0.073	1.00101	  -8.49	   3.95	  0.184	1.00252			#	   0.55	  31.99	
    246	 -12.77	   2.66	  0.087	1.00158	 -12.18	   3.75	  0.244	1.00194			#	   0.72	  28.78	
    247	 -11.76	   4.88	  0.079	1.00110	 -12.51	   5.20	  0.211	1.00147			#	   1.02	  29.43	
    248	 -10.86	   4.27	  0.118	1.00175	 -11.43	   7.25	  0.234	1.00190			#	   0.73	  30.82	
    249	 -11.74	   1.81	  0.122	1.00096	 -10.19	   3.88	  0.317	1.00198			#	   0.49	  30.77	
    250	 -13.99	  -1.07	  0.060	1.00174	 -11.96	   1.85	  0.207	1.00357			#	   0.54	  28.56	
    251	 -16.24	  -1.80	  0.036	1.00461	 -15.60	  -0.22	  0.241	1.00726			#	   0.91	  25.91	
    252	 -13.64	  -2.47	 -0.012	1.00326	 -14.25	  -0.17	  0.118	1.00557			#	   0.50	  27.17	
    253	 -12.17	  -1.22	  0.006	1.00317	 -12.81	  -1.84	  0.142	1.00463			#	   0.50	  30.51	
    254	  -9.67	   1.81	 -0.011	1.00220	 -11.72	   3.24	  0.105	1.00300			#	   0.36	  32.20	
    255	  -6.84	   0.35	 -0.029	1.00037	  -7.17	  -0.41	  0.053	1.00071			#	   0.16	  36.94	
    256	  -7.40	   2.71	 -0.026	1.00160	  -7.43	   2.38	  0.061	1.00280			#	   0.31	  37.46	
    257	  -9.38	   3.31	 -0.021	1.00135	  -7.69	   4.11	  0.085	1.00233			#	   0.60	  34.11	
    258	 -12.88	   1.61	  0.013	1.00254	 -11.34	   3.98	  0.150	1.00400			#	   0.64	  28.91	
    259	 -15.52	   0.18	 -0.008	1.00443	 -12.82	   1.69	  0.158	1.00734			#	   0.77	  26.43	
    260	 -16.49	  -1.23	  0.020	1.00564	 -16.58	   2.71	  0.203	1.00822			#	   0.95	  24.96	
    261	 -12.85	  -3.05	  0.052	1.00362	 -14.92	  -1.19	  0.196	1.00547			#	   0.75	  27.13	
    262	  -9.12	  -2.81	  0.087	1.00081	 -11.01	  -2.32	  0.166	1.00265			#	   0.49	  36.11	
    263	  -7.31	  -2.81	  0.123	1.00100	  -8.52	  -2.54	  0.237	1.00174			#	   0.40	  36.41	
    264	  -5.25	  -2.86	  0.078	1.00011	  -6.33	  -2.35	  0.164	1.00070			#	   0.27	  39.93	
    265	  -6.08	  -2.22	  0.062	1.00021	  -5.61	  -2.51	  0.134	1.00040			#	   0.24	  38.93	
    266	  -7.60	  -1.55	  0.134	1.00063	  -7.53	  -0.62	  0.207	1.00094			#	   0.30	  37.33	
    267	  -6.71	  -2.06	  0.167	1.00052	  -7.99	  -2.00	  0.275	1.00214			#	   0.36	  38.54	
    268	  -7.77	  -1.82	  0.104	1.00056	  -6.55	  -1.97	  0.219	1.00112			#	   0.32	  35.20	
    269	  -8.21	   0.02	  0.046	1.00102	  -9.73	   0.36	  0.176	1.00277			#	   0.30	  36.63	
    270	  -6.95	  -1.30	  0.037	1.00040	  -7.00	  -0.21	  0.076	1.00084			#	   0.27	  34.46	
    271	  -6.63	  -3.15	  0.135	1.00069	  -7.56	  -2.12	  0.203	1.00159			#	   0.46	  38.24	
    272	  -4.24	  -3.45	  0.087	0.99991	  -5.82	  -4.68	  0.180	1.00027			#	   0.46	  42.53	
    273	  -3.75	  -0.08	  0.056	0.99998	  -3.61	  -0.42	  0.110	0.99992			#	   0.08	  42.80	
    274	  -5.00	   0.88	  0.058	1.00023	  -5.43	  -0.22	  0.131	1.00089			#	   0.13	  41.32	
    275	  -4.46	   2.85	  0.031	0.99974	  -4.54	   1.85	  0.063	0.99935			#	   0.30	  41.45	
    276	  -5.49	   4.14	  0.070	0.99981	  -4.95	   5.04	  0.144	1.00021			#	   0.52	  40.02	
    277	  -7.80	   1.90	  0.003	0.99987	  -6.99	   1.53	  0.131	1.00058			#	   0.31	  36.24	
    278	  -9.84	   1.62	 -0.029	1.00070	 -10.30	   2.78	  0.056	1.00143			#	   0.40	  32.68	
    279	  -8.53	  -0.13	  0.065	1.00096	  -9.77	   1.10	  0.135	1.00134			#	   0.31	  34.24	
    280	  -6.09	  -0.24	  0.085	1.00030	  -8.65	  -0.40	  0.182	0.99998			#	   0.19	  38.41	
    281	  -4.88	   0.31	  0.050	0.99975	  -4.12	   0.69	  0.136	0.99981			#	   0.10	  42.14	
    282	  -7.32	  -0.41	  0.029	1.00020	  -6.67	  -0.28	  0.123	1.00054			#	   0.19	  38.63	
    283	 -10.61	   0.48	  0.055	1.00192	  -8.82	   0.83	  0.153	1.00380			#	   0.47	  30.38	
    284	 -12.86	  -0.23	  0.091	1.00332	 -10.78	   3.00	  0.238	1.00547			#	   0.60	  26.65	
    285	 -12.38	  -2.86	  0.067	1.00313	 -12.37	  -1.94	  0.201	1.00610			#	   0.91	  27.17	
    286	 -11.89	  -1.61	  0.016	1.00211	 -11.59	  -1.05	  0.147	1.00442			#	   0.60	  29.47	
    287	 -10.13	  -1.11	  0.018	1.00224	 -10.48	  -0.52	  0.123	1.00433			#	   0.44	  30.16	
    288	  -9.26	  -0.90	  0.022	1.00137	  -9.11	  -1.24	  0.105	1.00233			#	   0.34	  30.82	
    289	  -9.33	   1.18	  0.042	1.00189	  -8.90	   1.69	  0.172	1.00254			#	   0.36	  29.77	
    290	  -9.47	   1.71	 -0.004	1.00174	  -7.87	   2.87	  0.086	1.00325			#	   0.41	  29.69	
    291	 -11.35	   0.73	  0.045	1.00259	  -9.90	   2.53	  0.176	1.00400			#	   0.56	  27.60	
    292	 -12.08	  -0.16	  0.023	1.00321	 -10.98	   0.98	  0.151	1.00596			#	   0.63	  26.69	
    293	 -13.33	   0.13	  0.031	1.00312	 -12.27	   0.95	  0.154	1.00469			#	   0.69	  26.17	
    294	 -13.32	   1.98	  0.031	1.00351	 -13.08	   3.58	  0.212	1.00451			#	   0.76	  25.43	
    295	 -11.79	   0.96	 -0.009	1.00290	 -12.26	   3.06	  0.104	1.00416			#	   0.57	  26.56	
    296	 -11.79	   0.13	  0.025	1.00168	 -11.26	   1.12	  0.141	1.00265			#	   0.53	  28.82	
    297	 -13.18	   0.64	  0.051	1.00302	 -11.69	   1.28	  0.194	1.00522			#	   0.68	  26.65	
    298	 -14.57	   0.03	  0.075	1.00363	 -13.55	   2.52	  0.207	1.00573			#	   0.76	  24.96	
    299	 -13.42	  -1.61	  0.039	1.00358	 -13.62	   0.10	  0.185	1.00589			#	   0.76	  25.91	
    300	 -12.33	  -2.27	  0.040	1.00296	 -10.97	  -0.25	  0.152	1.00483			#	   0.78	  25.04	
    301	 -12.72	  -2.38	  0.037	1.00345	 -13.15	  -1.20	  0.183	1.00531			#	   0.82	  26.69	
    302	 -11.23	  -1.35	  0.033	1.00262	 -12.26	  -0.68	  0.158	1.00398			#	   0.57	  27.04	
    303	 -10.33	  -0.81	  0.016	1.00191	 -10.22	   0.17	  0.152	1.00166			#	   0.48	  27.00	
    304	  -9.05	   0.59	 -0.011	1.00173	 -10.48	   0.38	  0.090	1.00219			#	   0.40	  28.26	
    305	  -8.87	   1.77	  0.009	1.00157	  -7.99	   3.20	  0.106	1.00146			#	   0.37	  30.30	
    306	 -10.42	   2.14	  0.053	1.00210	  -9.36	   3.39	  0.153	1.00258			#	   0.53	  27.65	
    307	 -11.71	   0.16	  0.120	1.00267	 -11.32	   2.16	  0.231	1.00349			#	   0.49	  27.08	
    308	 -11.65	  -1.82	  0.071	1.00265	 -10.99	   0.90	  0.201	1.00445			#	   0.62	  26.95	
    309	 -14.18	  -2.39	  0.054	1.00376	 -11.17	  -1.38	  0.210	1.00646			#	   1.01	  25.30	
    310	 -16.36	  -2.94	  0.059	1.00459	 -15.73	  -0.34	  0.214	1.00775			#	   1.02	  24.83	
    311	 -15.05	  -3.65	  0.057	1.00439	 -14.17	  -2.94	  0.173	1.00798			#	   0.84	  25.30	
    312	 -15.15	  -1.78	  0.018	1.00396	 -15.09	  -1.13	  0.181	1.00602			#	   0.82	  24.65	
    313	 -13.10	   0.81	 -0.039	1.00297	 -14.16	   1.12	  0.108	1.00407			#	   0.58	  26.26	
    314	 -11.17	   2.00	 -0.059	1.00185	 -11.71	   3.50	  0.046	1.00165			#	   0.49	  28.21	
    315	  -9.65	   1.00	  0.012	1.00147	 -10.71	   1.78	  0.069	1.00208			#	   0.31	  30.56	
    316	  -7.73	   1.02	  0.038	1.00128	  -8.31	   1.90	  0.130	1.00227			#	   0.22	  32.42	
    317	  -8.33	   0.15	  0.032	1.00113	  -7.74	   0.84	  0.090	1.00137			#	   0.24	  31.47	
    318	  -8.81	   1.28	  0.101	1.00114	  -8.03	   1.27	  0.169	1.00189			#	   0.34	  31.77	
    319	 -11.31	   1.28	  0.122	1.00231	  -9.59	   2.61	  0.225	1.00440			#	   0.56	  29.21	
    320	 -13.52	  -0.69	  0.145	1.00276	 -12.46	   0.68	  0.238	1.00493			#	   0.70	  26.95	
    321	 -12.97	  -0.45	  0.141	1.00297	 -13.22	   0.67	  0.276	1.00583			#	   0.65	  27.39	
    322	 -11.11	  -2.19	  0.136	1.00232	 -12.14	  -0.13	  0.241	1.00383			#	   0.57	  29.34	
    323	  -8.52	  -2.69	  0.096	1.00140	  -9.38	  -3.57	  0.182	1.00213			#	   0.46	  31.55	
    324	  -7.34	   0.67	  0.078	1.00111	  -8.14	   0.82	  0.164	1.00076			#	   0.24	  33.16	
    325	  -5.47	   1.38	  0.062	1.00011	  -7.01	   1.35	  0.146	0.99993			#	   0.18	  38.37	
    326	  -6.69	   2.77	  0.028	1.00013	  -5.53	   2.07	  0.101	0.99921			#	   0.42	  37.11	
    327	  -9.05	   3.51	  0.061	1.00142	  -8.92	   4.32	  0.139	1.00174			#	   0.72	  30.95	
    328	  -9.77	   2.55	  0.086	1.00155	  -8.62	   3.77	  0.163	1.00225			#	   0.54	  29.90	
    329	 -11.06	   2.09	  0.087	1.00218	 -10.42	   3.14	  0.218	1.00321			#	   0.55	  28.73	
    330	 -11.25	   1.18	  0.045	1.00071	 -11.50	   2.28	  0.149	1.00150			#	   0.57	  27.43	
    331	 -10.29	   0.96	  0.078	1.00033	 -11.01	   1.64	  0.149	1.00101			#	   0.51	  29.38	
    332	  -9.43	   0.47	  0.094	1.00142	  -9.96	   1.89	  0.202	1.00162			#	   0.42	  30.34	
    333	  -8.46	   0.74	  0.080	0.99975	  -8.99	   0.78	  0.153	0.99995			#	   0.31	  32.16	
    334	  -9.57	   0.85	  0.090	0.99987	  -8.86	   2.56	  0.203	1.00082			#	   0.34	  30.47	
    335	 -11.78	  -1.50	  0.065	1.00202	 -10.32	  -0.65	  0.153	1.00358			#	   0.54	  28.26	
    336	 -13.99	  -0.98	  0.094	1.00359	 -12.38	   0.26	  0.203	1.00511			#	   0.82	  26.04	
    337	 -13.49	  -0.20	  0.106	1.00429	 -15.47	   0.71	  0.230	1.00561			#	   0.77	  26.39	
    338	  -8.50	   0.72	  0.100	1.00245	 -11.04	   1.39	  0.196	1.00256			#	   0.35	  32.03	
    339	  -6.33	   0.03	  0.115	1.00001	  -7.03	   0.29	  0.152	1.00023			#	   0.17	  40.36	
    340	  -6.39	   1.21	  0.134	1.00133	  -6.10	   0.62	  0.205	1.00211			#	   0.21	  38.63	
    341	  -8.69	   1.50	  0.128	1.00220	  -8.04	   1.66	  0.220	1.00245			#	   0.34	  34.33	
    342	  -9.13	   0.78	  0.103	1.00128	  -9.43	   1.69	  0.198	1.00175			#	   0.32	  32.07	
    343	  -8.62	   1.25	  0.070	1.00228	  -8.66	   1.89	  0.173	1.00279			#	   0.37	  31.77	
    344	 -10.76	   0.32	  0.067	1.00175	  -9.38	   1.80	  0.181	1.00071			#	   0.45	  28.08	
    345	 -14.13	  -0.80	  0.095	1.00323	 -13.36	   1.30	  0.239	1.00398			#	   0.89	  25.52	
    346	 -15.07	  -0.71	  0.071	1.00237	 -13.96	   1.12	  0.217	1.00388			#	   0.80	  23.61	
    347	 -16.17	  -0.43	  0.084	1.00305	 -15.28	   2.04	  0.225	1.00468			#	   0.91	  24.00	
    348	 -14.57	  -4.08	  0.107	1.00363	 -16.00	  -1.44	  0.253	1.00521			#	   1.10	  25.00	
    349	 -11.86	  -3.46	  0.055	1.00152	 -13.56	  -2.97	  0.180	1.00209			#	   0.75	  26.30	
    350	  -8.48	  -0.46	  0.053	0.99970	 -10.51	  -1.15	  0.125	1.00042			#	   0.28	  32.55	
    351	  -5.92	   0.13	  0.044	0.99989	  -6.71	  -0.35	  0.104	0.99969			#	   0.12	  40.36	
    352	  -6.81	   1.97	  0.016	1.00028	  -6.48	   1.96	  0.115	0.99911			#	   0.21	  36.98	
    353	  -6.58	   2.35	 -0.054	1.00085	  -8.61	   2.50	  0.040	1.00005			#	   0.24	  38.06	
    354	  -6.13	   1.75	 -0.066	1.00036	  -5.36	   2.49	 -0.021	0.99927			#	   0.18	  39.67	
    355	  -9.05	  -0.08	 -0.003	1.00071	  -7.61	   1.36	  0.078	1.00077			#	   0.35	  32.64	
    356	 -13.15	  -0.96	 -0.010	1.00343	 -12.02	   0.83	  0.151	1.00272			#	   0.77	  26.74	
    357	 -13.39	  -1.10	 -0.049	1.00393	 -13.93	  -0.20	  0.083	1.00588			#	   0.94	  25.43	
    358	 -11.43	  -0.55	 -0.031	1.00236	 -12.56	   0.71	  0.076	1.00205			#	   0.49	  26.69	
    359	  -8.35	   0.05	 -0.008	1.00176	 -10.24	  -0.21	  0.056	1.00198			#	   0.29	  29.95	
    360	  -7.07	   2.21	  0.020	1.00079	  -7.36	   1.48	  0.082	1.00023			#	   0.30	  36.59	
    361	  -9.23	   1.89	  0.011	1.00080	  -8.09	   3.13	  0.104	0.99910			#	   0.39	  31.51	
    362	 -12.07	   1.24	  0.011	1.00220	 -11.85	   3.35	  0.151	1.00198			#	   0.62	  27.60	
    363	 -11.96	   0.28	  0.038	1.00199	 -12.13	   0.46	  0.146	1.00174			#	   0.61	  28.17	
    364	 -10.94	   0.68	  0.063	1.00198	 -12.68	   2.55	  0.158	1.00265			#	   0.52	  28.82	
    365	  -7.16	   0.68	  0.082	1.00084	  -8.99	   0.23	  0.168	1.00126			#	   0.26	  32.03	
    366	  -6.03	  -0.13	  0.041	1.00010	  -5.60	   1.60	  0.107	0.99983			#	   0.17	  34.85	
    367	  -8.42	  -1.19	  0.060	1.00061	  -8.03	  -1.11	  0.130	0.99952			#	   0.36	  32.12	
    368	  -8.62	  -0.96	  0.107	1.00061	  -9.78	  -0.53	  0.182	1.00019			#	   0.40	  32.99	
    369	  -8.74	  -1.88	  0.129	1.00050	  -8.92	  -0.15	  0.220	0.99989			#	   0.50	  33.12	
    370	 -10.04	  -3.34	  0.102	1.00118	 -10.01	  -3.27	  0.225	1.00045			#	   0.80	  29.51	
    371	 -11.85	  -1.54	  0.098	1.00207	  -9.67	  -0.00	  0.231	1.00297			#	   0.78	  26.61	
    372	 -15.41	  -2.00	  0.108	1.00437	 -13.64	  -0.52	  0.264	1.00588			#	   1.32	  23.83	
    373	 -14.65	  -0.65	  0.103	1.00402	 -14.98	   1.47	  0.290	1.00699			#	   0.69	  24.26	
    374	 -12.51	  -3.28	  0.019	1.00215	 -13.19	  -1.90	  0.159	1.00307			#	   0.88	  25.30	
    375	 -11.85	   0.51	 -0.062	1.00277	 -10.98	  -0.65	  0.058	1.00374			#	   0.53	  25.91	
    376	 -10.93	   2.98	 -0.001	1.00194	 -11.97	   3.81	  0.077	1.00250			#	   0.57	  26.61	
    377	  -8.91	   2.32	  0.026	1.00131	  -9.25	   3.42	  0.113	1.00093			#	   0.35	  28.69	
    378	  -9.03	   2.76	  0.021	0.99958	  -9.36	   2.48	  0.115	0.99751			#	   0.38	  33.51	
    379	  -9.76	   2.30	  0.026	0.99901	  -9.54	   3.08	  0.113	0.99637			#	   0.39	  32.42	
    380	 -11.95	   0.62	  0.079	0.99929	 -10.92	   1.08	  0.184	0.99650			#	   0.58	  28.56	
    381	 -15.74	  -0.17	  0.079	0.99590	 -13.15	  -2.31	  0.260	0.99477			#	   1.03	  24.26	
    382	 -14.90	   1.51	  0.065	0.99601	 -17.43	  -0.70	  0.212	0.99481			#	   0.74	  24.70	
    383	 -11.25	   1.59	  0.060	0.99735	 -12.58	   0.67	  0.116	0.99648			#	   0.47	  27.00	
    384	  -8.73	   1.09	  0.104	0.99851	 -10.64	   0.92	  0.176	0.99728			#	   0.30	  31.77	
    385	  -6.28	   0.35	  0.087	0.99895	  -5.85	  -0.51	  0.147	0.99884			#	   0.16	  34.11	
    386	  -8.68	  -0.78	  0.106	0.99888	  -8.60	   0.27	  0.190	0.99867			#	   0.29	  32.51	
    387	  -8.54	  -2.65	  0.050	0.99870	  -8.51	  -2.81	  0.162	0.99837			#	   0.45	  33.46	
    388	  -9.81	  -2.08	  0.017	0.99888	  -9.48	  -3.30	  0.103	0.99739			#	   0.54	  31.42	
    389	  -9.39	  -1.39	  0.020	0.99789	  -8.69	  -3.15	  0.114	0.99732			#	   0.47	  28.30	
    390	  -9.43	   1.20	  0.026	0.99790	 -10.07	  -0.06	  0.097	0.99670			#	   0.40	  29.30	
    391	  -8.47	   1.66	 -0.010	0.99837	  -8.08	   0.88	  0.092	0.99703			#	   0.31	  29.86	
    392	  -8.28	   2.13	 -0.023	0.99801	  -8.18	   0.82	  0.047	0.99711			#	   0.33	  31.38	
    393	 -11.82	   2.94	  0.021	0.99725	 -10.27	   2.56	  0.115	0.99784			#	   0.68	  27.17	
    394	 -13.86	   0.01	  0.069	0.99686	 -15.03	  -1.31	  0.202	0.99632			#	   0.77	  27.08	
    395	 -11.05	   0.45	  0.061	0.99770	 -12.44	  -0.86	  0.151	0.99790			#	   0.48	  27.52	
    396	  -9.70	  -0.62	  0.043	0.99743	 -10.13	  -0.49	  0.154	0.99678			#	   0.35	  28.99	
    397	 -10.94	  -2.28	  0.055	0.99808	 -10.62	  -4.33	  0.153	0.99792			#	   0.60	  28.86	
    398	 -11.52	   0.24	  0.064	0.99753	 -10.67	  -0.70	  0.162	0.99735			#	   0.51	  28.78	
    399	 -11.40	  -1.54	  0.054	0.99761	 -12.48	  -1.94	  0.167	0.99717			#	   0.59	  27.86	
    400	  -9.91	  -1.79	  0.019	0.99790	 -11.06	  -2.64	  0.140	0.99840			#	   0.50	  29.04	
    401	  -9.37	  -1.93	 -0.004	0.99804	  -8.82	  -3.07	  0.052	0.99808			#	   0.47	  28.69	
    402	  -9.51	  -1.63	  0.037	0.99680	 -10.41	  -2.29	  0.131	0.99657			#	   0.42	  30.16	
    403	  -8.63	  -1.81	  0.028	0.99743	  -9.47	  -2.72	  0.114	0.99558			#	   0.38	  33.25	
    404	  -8.06	  -0.22	  0.041	0.99868	  -7.31	  -1.31	  0.096	0.99714			#	   0.26	  31.94	
    405	  -8.11	   1.34	  0.063	0.99707	  -7.90	   0.28	  0.134	0.99660			#	   0.30	  32.16	
    406	  -9.34	   1.46	  0.133	0.99694	  -8.37	   0.35	  0.202	0.99463			#	   0.41	  30.90	
    407	  -8.46	   0.99	  0.140	0.99861	  -9.97	   1.66	  0.235	0.99672			#	   0.32	  33.33	
    408	  -6.41	   1.23	  0.102	0.99878	  -5.69	   0.80	  0.182	0.99725			#	   0.20	  34.94	
    409	  -7.86	   0.29	  0.060	0.99972	  -7.69	  -0.31	  0.147	0.99887			#	   0.21	  33.12	
    410	  -8.34	   2.44	  0.079	0.99915	  -7.82	   0.45	  0.149	0.99839			#	   0.33	  32.42	
    411	  -9.71	   3.88	  0.096	0.99808	  -9.89	   3.52	  0.184	0.99704			#	   0.61	  30.56	
    412	 -11.30	   1.33	  0.059	0.99819	  -9.66	   0.20	  0.214	0.99740			#	   0.48	  29.17	
    413	 -13.31	   3.20	  0.008	0.99732	 -13.04	   1.29	  0.151	0.99711			#	   0.74	  27.26	
    414	 -14.03	   0.53	  0.000	0.99628	 -14.07	  -0.13	  0.118	0.99513			#	   0.69	  26.22	
    415	 -14.34	   0.58	  0.047	0.99639	 -13.27	  -0.98	  0.176	0.99572			#	   0.74	  25.35	
    416	 -16.16	  -1.03	  0.051	0.99605	 -15.61	  -3.74	  0.227	0.99610			#	   0.94	  24.22	
    417	 -16.63	  -0.52	  0.006	0.99500	 -15.82	  -3.09	  0.187	0.99430			#	   0.84	  24.05	
    418	 -16.03	   0.81	 -0.000	0.99553	 -17.95	  -2.29	  0.166	0.99425			#	   0.82	  24.05	
    419	 -11.23	   1.95	 -0.002	0.99681	 -13.31	   0.11	  0.082	0.99675			#	   0.47	  26.87	
    420	  -9.57	   2.01	  0.042	0.99756	 -10.25	   1.23	  0.119	0.99657			#	   0.41	  27.26	
    421	  -7.74	   0.06	  0.037	0.99862	  -8.40	   0.21	  0.162	0.99876			#	   0.19	  31.25	
    422	  -7.78	  -1.13	  0.004	0.99818	  -7.46	  -1.89	  0.086	0.99823			#	   0.23	  29.86	
    423	  -8.08	  -0.82	 -0.018	0.99840	  -8.11	  -2.61	  0.087	0.99807			#	   0.25	  30.64	
    424	  -8.75	   0.86	  0.003	0.99825	  -8.76	  -0.57	  0.062	0.99792			#	   0.30	  30.47	
    425	  -8.22	   0.93	  0.053	0.99805	  -8.14	   0.27	  0.137	0.99749			#	   0.27	  29.60	
    426	  -8.27	   1.49	  0.084	0.99794	  -8.78	   0.36	  0.159	0.99739			#	   0.29	  29.60	
    427	  -7.91	  -1.24	  0.062	0.99815	  -7.69	  -0.74	  0.177	0.99724			#	   0.24	  30.03	
    428	  -7.81	  -0.80	  0.064	0.99838	  -7.73	  -2.81	  0.125	0.99821			#	   0.25	  30.95	
    429	  -7.96	  -0.40	  0.090	0.99827	  -8.16	  -0.35	  0.190	0.99783			#	   0.24	  29.99	
    430	  -7.88	  -0.69	  0.088	0.99831	  -7.72	  -2.60	  0.189	0.99876			#	   0.25	  30.51	
    431	  -9.64	  -0.33	  0.059	0.99723	  -8.19	  -0.69	  0.185	0.99716			#	   0.34	  28.65	
    432	 -13.32	  -1.47	  0.029	0.99621	 -11.25	  -3.40	  0.176	0.99658			#	   0.61	  26.04	
    433	 -15.46	  -3.00	  0.068	0.99561	 -16.15	  -5.84	  0.238	0.99560			#	   0.97	  24.83	
    434	 -12.26	  -1.97	  0.054	0.99673	 -13.91	  -3.73	  0.203	0.99856			#	   0.48	  25.56	
    435	  -9.90	  -2.94	  0.022	0.99707	  -9.98	  -3.80	  0.164	0.99668			#	   0.48	  26.78	
    436	 -12.17	  -3.30	 -0.017	0.99665	 -10.90	  -5.14	  0.140	0.99588			#	   0.68	  25.48	
    437	 -12.32	  -3.43	 -0.035	0.99655	 -12.06	  -4.98	  0.066	0.99642			#	   0.75	  25.22	
    438	 -11.49	  -2.30	 -0.015	0.99621	 -11.05	  -5.79	  0.130	0.99517			#	   0.56	  25.48	
    439	 -11.35	   2.14	 -0.002	0.99712	 -12.11	   0.17	  0.073	0.99667			#	   0.43	  25.39	
    440	  -8.24	   0.05	  0.029	0.99786	  -9.64	  -0.60	  0.154	0.99750			#	   0.22	  27.73	
    441	  -7.69	  -1.85	 -0.007	0.99809	  -7.45	  -1.76	  0.083	0.99724			#	   0.26	  28.39	
    442	  -7.14	  -0.61	  0.028	0.99860	  -7.50	  -3.38	  0.085	0.99810			#	   0.19	  28.65	
    443	  -4.93	   1.73	  0.052	0.99925	  -6.23	   1.76	  0.110	0.99946			#	   0.14	  31.03	
    444	  -3.47	   0.62	  0.060	1.00004	  -4.55	   0.99	  0.085	1.00000			#	   0.07	  39.41	
    445	  -5.47	  -0.03	  0.075	1.00019	  -4.07	  -0.08	  0.144	0.99926			#	   0.11	  36.50	
    446	  -6.54	   0.11	  0.063	1.00025	  -6.37	   1.38	  0.127	0.99904			#	   0.14	  33.20	
    447	  -7.61	  -0.65	  0.071	1.00031	  -7.55	  -1.97	  0.174	0.99807			#	   0.20	  30.56	
    448	  -7.73	   2.28	  0.037	0.99846	  -8.08	   1.93	  0.125	0.99766			#	   0.25	  28.99	
    449	  -6.10	   1.42	  0.033	0.99885	  -7.89	   0.50	  0.125	0.99921			#	   0.15	  28.65	
    450	  -3.77	   0.88	  0.019	0.99923	  -3.64	   1.35	  0.017	0.99785			#	   0.13	  32.42	
    451	  -5.86	   2.17	  0.042	0.99955	  -4.97	   0.12	  0.123	1.00029			#	   0.16	  32.77	
    452	  -7.70	   3.21	  0.028	0.99796	  -6.66	   1.94	  0.140	0.99708			#	   0.31	  28.43	
    453	  -7.97	   0.83	  0.022	0.99853	  -9.23	   2.01	  0.116	0.99677			#	   0.17	  30.03	
    454	  -6.97	   1.08	  0.029	0.99884	  -6.51	  -0.57	  0.100	0.99967			#	   0.15	  31.60	
    455	  -7.21	   1.37	  0.062	0.99871	  -8.31	   0.98	  0.132	0.99822			#	   0.17	  30.30	
    456	  -7.23	   2.33	  0.075	0.99853	  -6.23	   0.32	  0.167	0.99741			#	   0.23	  29.90	
    457	  -9.54	   3.48	  0.070	0.99702	  -7.12	   2.47	  0.178	0.99594			#	   0.43	  27.99	
    458	 -13.26	   2.55	  0.052	0.99623	 -12.84	   0.62	  0.179	0.99488			#	   0.47	  24.22	
    459	 -11.24	   2.74	  0.037	0.99633	 -12.22	  -0.30	  0.193	0.99503			#	   0.43	  25.39	
    460	  -9.37	   5.45	  0.002	0.99778	 -11.57	   3.82	  0.146	0.99658			#	   0.65	  25.65	
    461	  -5.70	   4.84	 -0.025	1.00041	  -6.85	   5.11	  0.022	0.99884			#	   0.48	  33.03	
    462	  -6.57	   5.23	 -0.037	0.99958	  -5.84	   4.70	  0.050	0.99845			#	   0.54	  31.81	
    463	  -5.25	   3.45	 -0.049	0.99950	  -6.77	   3.62	 -0.002	0.99764			#	   0.29	  36.55	
    464	  -5.51	   4.61	 -0.021	1.00025	  -6.23	   4.44	  0.015	0.99804			#	   0.41	  34.55	
    465	  -2.63	   4.99	 -0.038	0.99958	  -2.77	   5.09	  0.012	0.99772			#	   0.55	  37.67	
    466	  -5.52	   4.28	 -0.032	0.99991	  -4.78	   4.35	  0.028	0.99886			#	   0.40	  34.85	
    467	  -6.43	   2.39	 -0.021	0.99942	  -5.79	   3.62	  0.017	0.99719			#	   0.20	  33.07	
    468	  -8.95	  -0.65	  0.010	0.99711	  -9.07	  -0.22	  0.112	0.99790			#	   0.21	  28.91	
    469	  -8.36	  -2.19	  0.005	0.99693	  -8.65	  -3.64	  0.122	0.99659			#	   0.33	  29.64	
    470	  -6.41	  -1.19	  0.019	0.99878	  -8.79	  -1.96	  0.078	0.99964			#	   0.17	  30.99	
    471	  -5.74	  -0.96	  0.037	0.99786	  -5.09	  -2.31	  0.133	0.99834			#	   0.13	  34.77	
    472	  -9.30	   0.22	  0.059	0.99690	  -8.60	  -1.42	  0.181	0.99708			#	   0.20	  29.04	
    473	 -10.34	  -0.66	  0.024	0.99715	  -9.28	  -0.66	  0.157	0.99610			#	   0.29	  27.08	
    474	 -11.15	  -0.47	  0.012	0.99701	 -11.82	  -4.28	  0.139	0.99706			#	   0.33	  25.26	
    475	 -10.48	   0.31	 -0.004	0.99804	 -10.79	  -1.29	  0.126	0.99721			#	   0.26	  24.61	
    476	  -9.78	   1.01	 -0.003	0.99841	  -9.74	  -1.03	  0.126	0.99742			#	   0.25	  25.35	
    477	 -10.18	   2.07	 -0.025	0.99776	 -10.53	   0.68	  0.099	0.99757			#	   0.25	  27.47	
    478	  -9.88	   0.29	 -0.011	0.99811	 -10.41	  -1.37	  0.075	0.99732			#	   0.23	  25.87	
    479	 -10.73	   1.36	  0.027	0.99839	  -9.95	  -1.75	  0.200	0.99853			#	   0.28	  26.04	
    480	 -12.43	   3.71	  0.010	0.99667	 -12.40	   1.60	  0.139	0.99576			#	   0.53	  24.05	
    481	 -10.45	   3.46	  0.030	0.99857	 -12.35	   0.93	  0.153	0.99720			#	   0.36	  27.08	
    482	  -7.60	   6.29	  0.055	0.99906	 -10.14	   5.28	  0.137	0.99766			#	   0.76	  31.73	
    483	  -5.40	   5.56	  0.029	0.99971	  -6.39	   5.79	  0.089	0.99727			#	   0.62	  35.37	
    484	  -4.83	   6.89	  0.028	0.99838	  -4.47	   7.19	  0.053	0.99553			#	   0.98	  35.63	
    485	  -6.94	   5.02	  0.058	0.99844	  -6.51	   4.77	  0.141	0.99766			#	   0.50	  32.07	
    486	  -7.03	   4.75	  0.043	0.99924	  -7.72	   4.88	  0.139	0.99754			#	   0.46	  33.59	
    487	  -7.26	   4.84	  0.036	0.99798	  -6.80	   4.98	  0.077	0.99532			#	   0.46	  30.08	
    488	  -6.39	   1.28	  0.017	0.99835	  -7.92	   2.07	  0.111	0.99707			#	   0.12	  34.77	
    489	  -5.58	   1.86	  0.028	0.99980	  -6.82	   0.77	  0.081	0.99928			#	   0.09	  37.33	
    490	  -4.31	   2.49	  0.039	0.99991	  -5.08	   2.83	  0.072	0.99889			#	   0.15	  37.80	
    491	  -4.18	   1.24	  0.031	1.00075	  -3.37	   1.96	  0.059	0.99938			#	   0.08	  38.24	
    492	  -8.41	   1.58	  0.023	1.00042	  -7.16	   1.23	  0.105	0.99879			#	   0.16	  31.73	
    493	 -10.44	  -0.65	  0.008	1.00036	 -11.31	   0.48	  0.114	0.99671			#	   0.26	  28.95	
    494	  -9.91	  -0.24	  0.007	0.99964	 -10.09	  -0.31	  0.081	0.99804			#	   0.23	  30.16	
    495	  -9.03	  -1.90	 -0.012	0.99910	 -10.15	  -3.16	  0.098	0.99805			#	   0.29	  30.03	
    496	  -6.01	   0.86	 -0.041	0.99990	  -8.41	  -1.91	  0.037	0.99924			#	   0.12	  35.98	
    497	  -1.19	   4.33	 -0.024	1.00092	  -4.58	   4.55	  0.013	1.00051			#	   0.35	  38.19	
    498	  -0.50	   5.90	 -0.034	1.00046	   1.23	   4.73	 -0.049	0.99973			#	   0.68	  37.63	
    499	  -3.85	   2.97	  0.035	1.00061	  -5.65	   5.56	  0.062	1.00000			#	   0.29	  35.68	
    500	   0.55	   2.23	  0.022	1.00005	  -1.30	   1.97	  0.056	1.00018			#	   0.12	  37.37	
    501	   1.38	   0.84	 -0.010	1.00050	  -0.39	   1.10	  0.001	1.00112			#	   0.04	  37.11	
    502	   5.93	   2.40	 -0.007	1.00015	   2.76	   1.48	  0.000	1.00136			#	   0.20	  39.02	
    503	   4.90	   2.99	 -0.019	1.00112	   3.66	   3.10	 -0.027	1.00360			#	   0.27	  34.72	
    504	   5.88	   0.86	 -0.038	1.00035	   6.40	   2.72	 -0.103	0.99995			#	   0.15	  33.85	
    505	   3.20	   0.19	 -0.052	1.00044	   2.44	   0.34	 -0.007	1.00269			#	   0.05	  38.63	
    506	   2.85	   0.25	 -0.093	1.00027	   2.44	   0.28	 -0.092	1.00137			#	   0.05	  39.41	
    507	   1.56	  -1.77	 -0.090	1.00021	   0.77	  -1.09	 -0.063	1.00109			#	   0.08	  38.28	
    508	   0.12	   0.35	 -0.103	1.00026	   1.54	  -1.00	 -0.107	1.00051			#	   0.05	  39.24	
    509	  -5.19	   0.39	 -0.060	1.00028	  -3.99	   1.47	 -0.032	1.00062			#	   0.11	  36.63	
    510	  -7.18	  -1.94	 -0.051	0.99913	  -7.12	  -2.23	  0.052	0.99886			#	   0.24	  31.64	
    511	  -6.10	  -1.74	 -0.008	0.99970	  -8.44	  -2.73	  0.030	0.99992			#	   0.20	  32.94	
    512	  -1.53	  -1.25	  0.036	0.99990	  -2.71	  -1.22	  0.012	0.99916			#	   0.07	  37.46	
    513	  -0.06	  -0.25	  0.074	1.00028	  -0.90	  -2.16	  0.081	0.99989			#	   0.04	  37.80	
    514	   0.52	   3.38	  0.109	1.00028	  -1.73	   4.83	  0.059	1.00073			#	   0.27	  38.02	
    515	   4.49	  -3.42	  0.095	1.00030	   2.62	  -0.76	  0.109	1.00131			#	   0.21	  35.76	
    516	   5.77	  -4.08	  0.046	1.00034	   6.05	  -5.41	  0.010	1.00153			#	   0.42	  29.12	
    517	  -3.60	   3.10	  0.084	1.00184	  -3.91	   0.77	  0.227	1.00686			#	   0.17	  25.87	
    518	  -1.89	   2.65	  0.015	1.00003	  -6.25	   3.08	  0.093	0.99999			#	   0.18	  37.41	
    519	   1.26	   1.38	  0.024	1.00067	   1.45	   2.12	 -0.029	0.99971			#	   0.07	  35.72	
    520	   0.55	   0.48	  0.078	0.99969	   0.76	   0.28	  0.101	1.00046			#	   0.04	  39.28	
    521	  -2.19	   0.91	  0.073	1.00050	  -3.02	   0.33	  0.130	1.00115			#	   0.04	  38.89	
    522	  -1.69	   0.73	  0.007	1.00022	  -1.43	   0.83	  0.042	0.99936			#	   0.04	  38.85	
    523	  -2.40	   0.64	 -0.036	0.99998	  -2.77	   0.26	  0.009	0.99940			#	   0.04	  37.76	
    524	  -0.84	   2.48	 -0.005	1.00044	  -2.88	   3.14	 -0.042	1.00045			#	   0.14	  37.59	
    525	   1.90	   1.31	  0.007	1.00023	   0.87	   0.93	  0.004	1.00000			#	   0.07	  37.50	
    526	   1.82	   1.16	 -0.005	1.00021	   1.81	   2.12	 -0.001	1.00013			#	   0.08	  38.15	
    527	   0.75	   2.26	  0.007	1.00025	  -0.37	   1.57	 -0.017	1.00072			#	   0.11	  36.81	
    528	   4.33	   0.01	  0.036	1.00022	   1.72	   0.94	  0.021	1.00120			#	   0.06	  39.67	
