      1	   1.12	  -0.55	 -0.027	1.00071	   1.72	  -0.98	 -0.046	1.00076			#	   0.03	  66.23	
      2	   0.06	  -0.22	 -0.020	0.99999	   0.24	   0.13	 -0.011	1.00015			#	   0.04	  66.58	
      3	   0.08	  -1.28	 -0.028	1.00005	   0.12	  -1.41	 -0.036	1.00004			#	   0.16	  64.24	
      4	  -0.02	   0.34	  0.019	1.00001	  -0.05	  -0.63	 -0.007	1.00005			#	   0.07	  65.71	
      5	   1.16	   1.31	  0.091	0.99965	   1.16	   1.20	  0.095	0.99939			#	   0.29	  64.28	
      6	   0.21	   0.58	  0.034	1.00009	  -0.45	   1.57	  0.057	1.00014			#	   0.08	  65.76	
      7	   1.25	  -1.43	 -0.001	0.99972	   1.51	  -1.16	 -0.008	0.99954			#	   0.28	  63.45	
      8	   0.16	  -1.62	 -0.013	1.00016	   0.68	  -1.31	 -0.002	1.00037			#	   0.23	  66.06	
      9	  -0.41	  -1.50	 -0.039	1.00012	  -0.43	  -1.78	 -0.025	1.00066			#	   0.21	  65.58	
     10	  -0.24	  -1.22	 -0.043	1.00005	  -0.31	  -1.47	 -0.047	1.00007			#	   0.16	  65.02	
     11	   0.50	  -1.13	 -0.025	1.00014	   0.06	  -1.00	 -0.034	1.00036			#	   0.16	  65.19	
     12	   1.01	  -1.20	 -0.004	0.99988	   0.98	  -1.44	 -0.027	1.00005			#	   0.20	  67.19	
     13	   0.19	  -0.08	  0.017	1.00006	   0.59	  -0.72	  0.013	1.00039			#	   0.03	  66.54	
     14	  -0.89	   0.36	  0.031	0.99987	  -0.27	   0.74	  0.040	0.99975			#	   0.11	  65.97	
     15	  -1.47	  -1.21	  0.020	1.00021	  -1.60	  -0.72	  0.045	1.00052			#	   0.21	  64.37	
     16	  -0.77	  -1.02	  0.015	0.99998	  -1.27	  -0.94	  0.024	1.00042			#	   0.13	  65.80	
     17	   0.40	  -1.89	  0.020	1.00001	   0.13	  -1.99	 -0.001	1.00011			#	   0.33	  66.15	
     18	   0.58	  -0.95	  0.034	1.00009	   0.38	  -1.06	  0.043	1.00047			#	   0.12	  65.54	
     19	   1.41	  -2.34	  0.002	0.99986	   1.13	  -1.70	 -0.002	1.00015			#	   0.63	  66.10	
     20	   0.20	  -0.87	  0.017	1.00011	   1.26	  -2.14	  0.002	1.00023			#	   0.12	  66.19	
     21	  -0.24	  -0.74	  0.030	0.99997	  -0.59	   0.30	  0.039	1.00022			#	   0.11	  66.49	
     22	   0.19	  -2.05	  0.013	0.99996	   0.34	  -2.34	  0.018	1.00020			#	   0.36	  66.41	
     23	  -0.21	  -0.64	  0.011	1.00013	  -0.13	  -1.17	  0.015	1.00026			#	   0.07	  65.28	
     24	  -0.16	  -0.68	 -0.001	1.00010	  -0.41	  -0.31	  0.012	1.00040			#	   0.07	  65.63	
     25	   0.91	  -1.88	 -0.007	0.99998	   0.40	  -1.73	 -0.021	1.00009			#	   0.39	  66.71	
     26	   0.86	  -1.13	  0.001	1.00005	   1.20	  -1.33	 -0.015	1.00028			#	   0.16	  65.93	
     27	   0.31	  -0.98	  0.026	1.00005	   0.46	  -1.06	  0.015	1.00034			#	   0.11	  66.67	
     28	  -0.15	  -0.52	  0.045	0.99993	   0.01	  -1.14	  0.049	1.00011			#	   0.07	  66.41	
     29	  -0.13	  -0.45	  0.040	1.00011	  -0.44	   0.30	  0.046	1.00008			#	   0.07	  68.14	
     30	   0.92	  -1.05	  0.036	0.99987	   0.52	  -0.94	  0.034	1.00016			#	   0.21	  62.11	
     31	   1.62	  -0.56	  0.019	1.00015	   1.43	  -1.54	  0.013	1.00022			#	   0.17	  66.23	
     32	   0.85	   0.30	  0.009	0.99997	   1.51	   0.55	  0.016	0.99989			#	   0.07	  66.32	
     33	   0.06	   0.16	  0.011	1.00007	   0.08	   0.01	  0.007	0.99999			#	   0.02	  68.36	
     34	  -0.32	   1.11	  0.007	1.00012	  -0.08	   0.72	  0.030	0.99993			#	   0.15	  66.10	
     35	   0.85	   0.57	 -0.011	0.99986	  -0.08	   1.19	 -0.020	0.99975			#	   0.12	  66.88	
     36	   2.05	   1.00	  0.020	0.99992	   1.77	   0.21	 -0.012	0.99999			#	   0.25	  66.49	
     37	   2.20	   1.26	  0.017	0.99972	   2.17	   1.64	  0.015	0.99934			#	   0.32	  65.67	
     38	   1.38	   0.50	 -0.022	0.99984	   2.25	   0.59	 -0.020	0.99966			#	   0.10	  65.63	
     39	  -0.50	   0.86	 -0.014	1.00002	   0.27	   0.63	 -0.015	0.99996			#	   0.11	  65.93	
     40	  -1.05	   0.11	  0.007	1.00023	  -1.43	   0.54	  0.017	1.00020			#	   0.05	  67.66	
     41	   0.18	  -0.05	 -0.010	0.99985	  -0.19	  -0.14	 -0.004	0.99982			#	   0.03	  67.32	
     42	   0.05	  -0.19	 -0.021	1.00001	   0.27	   0.20	 -0.016	1.00014			#	   0.03	  67.84	
     43	   0.44	  -1.37	 -0.033	1.00001	  -0.13	  -0.68	 -0.032	1.00027			#	   0.23	  66.23	
     44	   1.27	  -1.14	 -0.031	0.99987	   1.32	  -2.16	 -0.056	1.00014			#	   0.19	  64.84	
     45	   0.83	   1.41	 -0.023	0.99996	   1.57	   1.32	 -0.032	0.99990			#	   0.20	  63.41	
     46	  -0.39	  -0.00	 -0.001	0.99991	  -0.15	  -0.18	 -0.012	0.99978			#	   0.03	  66.75	
     47	   0.06	   0.56	  0.001	1.00003	  -0.61	   0.35	  0.009	0.99986			#	   0.05	  64.89	
     48	   1.85	   0.14	  0.006	0.99995	   1.13	   0.68	 -0.020	0.99983			#	   0.16	  67.19	
     49	   1.54	  -0.10	  0.008	0.99992	   2.12	  -0.57	 -0.003	1.00005			#	   0.09	  66.49	
     50	   0.94	  -0.14	  0.018	0.99984	   0.94	   0.11	  0.007	0.99970			#	   0.06	  66.54	
     51	   0.59	   0.72	  0.051	0.99993	   0.92	  -0.05	  0.030	0.99984			#	   0.10	  66.58	
     52	   0.12	   0.66	  0.050	1.00001	  -0.34	   1.41	  0.080	0.99997			#	   0.08	  67.14	
     53	   1.94	   0.10	  0.012	0.99986	   0.91	  -0.01	  0.001	0.99987			#	   0.18	  68.62	
     54	   3.35	   0.53	  0.005	0.99980	   3.22	   0.26	 -0.012	0.99951			#	   0.35	  64.89	
     55	   2.30	   0.23	 -0.014	1.00007	   2.85	   0.51	 -0.023	0.99986			#	   0.17	  68.36	
     56	   1.57	  -0.17	 -0.018	0.99993	   1.73	  -0.18	 -0.023	1.00001			#	   0.10	  66.93	
     57	   0.19	  -0.09	 -0.014	1.00011	   0.86	   0.04	 -0.013	1.00008			#	   0.02	  69.23	
     58	   0.13	  -0.55	 -0.015	0.99999	  -0.56	  -0.59	 -0.013	1.00015			#	   0.06	  65.15	
     59	   2.32	  -0.20	 -0.002	0.99993	   1.12	  -0.16	 -0.020	1.00016			#	   0.24	  66.88	
     60	   3.97	  -1.00	  0.013	0.99977	   3.67	  -0.98	 -0.033	0.99980			#	   0.66	  61.94	
     61	   2.92	   0.03	  0.038	0.99985	   3.48	  -0.75	  0.019	0.99981			#	   0.33	  66.58	
     62	   2.41	   0.89	  0.049	0.99994	   2.41	   0.81	  0.035	0.99956			#	   0.33	  65.49	
     63	   3.10	   0.48	  0.036	0.99992	   2.52	   0.30	  0.026	1.00002			#	   0.49	  66.32	
     64	   1.70	   1.15	  0.003	0.99996	   2.62	   1.06	  0.006	0.99952			#	   0.27	  64.67	
     65	   1.70	   1.03	  0.011	0.99988	   1.27	   1.00	 -0.009	0.99977			#	   0.26	  65.58	
     66	   2.39	  -0.01	  0.020	1.00005	   1.72	   0.79	  0.013	1.00010			#	   0.36	  66.67	
     67	   3.97	  -0.92	 -0.002	0.99986	   3.27	  -1.08	 -0.013	0.99960			#	   0.82	  65.45	
     68	   4.91	  -0.79	 -0.028	0.99981	   4.50	  -0.48	 -0.058	0.99990			#	   1.03	  65.58	
     69	   4.70	  -1.32	 -0.018	0.99981	   5.18	  -1.69	 -0.069	0.99971			#	   0.72	  64.19	
     70	   3.44	  -0.53	  0.005	0.99992	   3.63	  -0.93	 -0.012	0.99999			#	   0.45	  63.89	
     71	   2.58	  -0.24	 -0.014	1.00005	   3.02	  -0.29	 -0.023	0.99984			#	   0.20	  66.32	
     72	   2.35	  -0.02	 -0.003	0.99998	   2.02	  -0.19	 -0.020	1.00022			#	   0.20	  66.49	
     73	   2.43	   1.17	  0.040	0.99709	   2.78	   0.30	 -0.011	0.99666			#	   0.34	  64.97	
     74	   1.20	   1.80	  0.102	0.99866	   1.16	   1.68	  0.100	0.99806			#	   0.36	  65.58	
     75	   1.99	   2.27	  0.093	0.99980	   1.29	   2.12	  0.088	0.99961			#	   0.60	  64.02	
     76	   2.54	   1.72	  0.077	0.99833	   2.43	   2.57	  0.073	0.99783			#	   0.53	  64.84	
     77	   3.04	   0.23	  0.059	0.99883	   2.53	   0.17	  0.057	0.99864			#	   0.39	  63.85	
     78	   2.55	   0.53	  0.023	0.99974	   3.42	   0.68	  0.009	0.99941			#	   0.22	  65.80	
     79	   0.94	  -1.38	  0.006	1.00026	   0.98	  -0.23	  0.016	1.00033			#	   0.25	  65.49	
     80	   1.31	  -3.07	 -0.038	1.00139	   0.74	  -2.92	 -0.018	1.00171			#	   0.80	  63.06	
     81	   2.75	  -1.68	 -0.040	1.00139	   2.19	  -3.15	 -0.081	1.00164			#	   0.54	  65.45	
     82	   4.02	  -0.25	  0.003	1.00003	   3.03	   0.23	 -0.040	1.00025			#	   0.55	  64.71	
     83	   5.10	  -0.89	  0.033	1.00097	   5.17	  -1.89	 -0.018	1.00061			#	   0.91	  64.02	
     84	   3.88	   1.33	  0.050	1.00122	   4.51	   0.92	  0.024	1.00122			#	   0.60	  64.80	
     85	   2.55	   0.53	  0.034	0.99988	   2.74	   0.77	  0.040	0.99926			#	   0.32	  63.72	
     86	   1.92	   1.21	  0.023	0.99992	   2.05	   0.93	  0.010	0.99962			#	   0.27	  64.80	
     87	   2.36	   1.01	  0.033	0.99863	   1.66	   1.56	  0.020	0.99860			#	   0.43	  64.45	
     88	   3.14	   0.15	  0.031	0.99848	   2.99	   0.05	  0.019	0.99822			#	   0.47	  65.02	
     89	   3.79	  -1.14	  0.008	0.99982	   3.22	   0.10	  0.003	0.99983			#	   0.75	  64.80	
     90	   4.21	  -2.13	 -0.013	0.99848	   4.26	  -2.32	 -0.042	0.99872			#	   1.08	  59.38	
     91	   4.05	  -2.03	  0.000	0.99867	   4.15	  -2.18	 -0.047	0.99873			#	   0.71	  65.63	
     92	   3.20	  -1.79	  0.005	0.99991	   3.31	  -1.94	  0.010	1.00011			#	   0.54	  63.50	
     93	   3.50	  -1.87	 -0.039	1.00003	   3.26	  -2.04	 -0.054	1.00011			#	   0.63	  63.72	
     94	   3.48	  -0.39	 -0.022	1.00066	   3.31	  -1.57	 -0.057	1.00052			#	   0.36	  63.54	
     95	   4.66	   0.41	  0.010	1.00059	   3.61	   0.73	 -0.031	1.00029			#	   0.65	  62.41	
     96	   5.46	   0.37	  0.021	0.99970	   5.71	   0.07	 -0.022	0.99916			#	   0.78	  63.02	
     97	   4.36	   0.98	  0.018	1.00047	   4.62	   0.28	 -0.007	1.00029			#	   0.59	  63.93	
     98	   2.38	   2.13	  0.027	1.00058	   3.51	   1.90	  0.014	0.99989			#	   0.51	  63.98	
     99	   1.04	   1.94	  0.024	1.00009	   0.56	   2.44	  0.040	0.99982			#	   0.31	  65.10	
    100	   3.40	  -0.03	  0.006	1.00039	   2.15	   0.76	 -0.030	1.00004			#	   0.40	  65.28	
    101	   4.36	  -0.44	  0.027	1.00066	   4.18	  -0.57	 -0.008	1.00078			#	   0.57	  64.89	
    102	   4.29	  -1.02	  0.020	0.99988	   4.13	  -0.65	  0.004	0.99985			#	   0.82	  63.80	
    103	   4.37	  -1.40	 -0.003	1.00056	   4.18	  -1.86	 -0.020	1.00052			#	   0.85	  62.63	
    104	   4.85	  -1.32	 -0.032	1.00062	   4.75	  -1.01	 -0.060	1.00049			#	   1.00	  62.63	
    105	   4.17	  -1.25	 -0.021	0.99997	   4.10	  -2.17	 -0.048	0.99995			#	   0.58	  62.50	
    106	   5.50	   0.76	 -0.005	1.00041	   4.51	  -0.25	 -0.051	1.00035			#	   0.94	  61.89	
    107	  11.38	   2.97	  0.015	0.99855	  11.97	   2.53	 -0.044	0.99868			#	   3.28	  47.05	
    108	   4.69	   1.03	  0.007	0.99977	   5.15	   0.53	 -0.032	0.99922			#	   0.22	  58.38	
    109	   3.63	   1.47	  0.021	0.99985	   3.61	   1.47	  0.013	0.99963			#	   0.21	  58.38	
    110	   4.15	   0.56	  0.017	0.99991	   3.62	   0.85	 -0.011	0.99936			#	   0.24	  60.68	
    111	   4.55	   0.79	  0.005	0.99970	   4.34	   0.17	 -0.021	0.99933			#	   0.28	  59.16	
    112	   5.41	   1.57	  0.011	0.99959	   4.79	   1.38	 -0.028	0.99911			#	   0.39	  60.20	
    113	   6.06	   0.75	  0.001	0.99971	   5.41	   1.15	 -0.025	0.99881			#	   1.08	  56.73	
    114	   7.31	   0.18	 -0.019	0.99934	   6.53	  -0.35	 -0.066	0.99899			#	   1.56	  54.04	
    115	   6.88	   1.41	 -0.022	0.99905	   7.97	   0.48	 -0.078	0.99847			#	   0.92	  55.77	
    116	   4.73	   0.50	 -0.022	0.99972	   4.88	   1.31	 -0.030	0.99915			#	   0.47	  59.94	
    117	   5.37	  -0.00	 -0.025	0.99955	   5.07	  -0.37	 -0.077	0.99923			#	   0.55	  59.38	
    118	   4.90	   0.65	  0.006	0.99977	   5.02	   0.17	 -0.046	0.99968			#	   0.42	  57.47	
    119	   4.74	   0.51	  0.037	0.99969	   4.47	   0.47	  0.014	0.99923			#	   0.40	  58.25	
    120	   5.22	   0.35	  0.030	0.99937	   5.09	   0.10	 -0.010	0.99919			#	   0.60	  53.78	
    121	   3.94	   0.69	  0.034	0.99986	   4.31	   0.07	  0.019	0.99919			#	   0.46	  57.60	
    122	   3.89	   2.06	  0.037	0.99985	   3.33	   1.89	  0.024	0.99991			#	   0.69	  59.03	
    123	   5.01	   0.91	  0.032	0.99934	   4.74	   1.22	 -0.011	0.99852			#	   0.75	  57.55	
    124	   4.19	   1.03	  0.042	0.99974	   4.35	   0.68	  0.029	0.99943			#	   0.57	  56.38	
    125	   4.25	   0.77	  0.014	0.99958	   3.98	   1.02	 -0.008	0.99939			#	   0.70	  58.59	
    126	   2.95	   0.42	  0.015	0.99983	   3.84	   0.05	 -0.007	0.99921			#	   0.39	  57.55	
    127	   2.28	   0.06	  0.011	1.00014	   1.54	   0.70	  0.021	1.00024			#	   0.27	  57.77	
    128	   4.11	  -0.25	 -0.017	0.99955	   3.22	  -0.74	 -0.041	0.99944			#	   0.79	  58.33	
    129	   4.75	   0.44	 -0.020	0.99963	   4.49	   0.20	 -0.043	0.99946			#	   0.70	  54.12	
    130	   5.43	   0.11	 -0.016	0.99950	   4.89	   0.33	 -0.050	0.99956			#	   0.88	  55.90	
    131	   5.32	  -0.78	 -0.007	0.99935	   5.67	  -1.05	 -0.047	0.99907			#	   0.81	  55.47	
    132	   4.16	  -0.01	  0.004	0.99968	   4.16	  -0.67	 -0.014	0.99944			#	   0.52	  56.68	
    133	   4.30	   1.05	  0.010	0.99961	   3.80	   0.59	 -0.002	0.99951			#	   0.59	  53.91	
    134	   5.06	   1.13	 -0.007	0.99949	   4.98	   1.47	 -0.020	0.99927			#	   0.83	  54.47	
    135	   4.91	   0.40	 -0.006	0.99669	   4.64	   0.35	 -0.032	0.99620			#	   0.78	  54.86	
    136	   5.04	   0.34	 -0.011	0.99821	   4.63	  -0.26	 -0.034	0.99802			#	   0.83	  55.21	
    137	   5.35	   0.95	 -0.019	0.99937	   5.01	   0.87	 -0.034	0.99918			#	   1.15	  55.51	
    138	   5.56	   0.76	 -0.006	0.99798	   5.51	   0.36	 -0.055	0.99755			#	   1.07	  55.21	
    139	   4.52	   1.74	  0.002	0.99834	   4.84	   1.08	 -0.012	0.99807			#	   0.61	  54.95	
    140	   3.99	   1.89	 -0.013	0.99964	   3.54	   1.96	 -0.020	0.99891			#	   0.50	  55.77	
    141	   5.16	   1.66	  0.002	0.99946	   4.23	   1.41	 -0.034	0.99881			#	   0.65	  53.47	
    142	   6.93	   0.69	  0.018	1.00049	   5.98	   0.54	 -0.042	0.99998			#	   1.03	  51.17	
    143	   8.10	   0.75	  0.031	1.00042	   7.39	  -0.05	 -0.013	1.00010			#	   1.17	  49.61	
    144	   8.05	   2.40	  0.039	0.99899	   7.75	   1.25	 -0.005	0.99874			#	   1.25	  51.74	
    145	   7.95	   3.25	  0.048	0.99971	   8.07	   2.62	 -0.005	0.99938			#	   1.40	  47.27	
    146	   8.31	   2.81	  0.029	1.00001	   7.90	   2.73	  0.008	1.00006			#	   1.48	  46.31	
    147	   8.48	   1.98	 -0.009	0.99831	   8.75	   1.89	 -0.042	0.99859			#	   1.25	  46.22	
    148	   7.79	  -0.17	 -0.016	0.99888	   7.81	   0.58	 -0.031	0.99878			#	   0.86	  48.61	
    149	   8.36	  -2.02	 -0.031	0.99736	   8.20	  -2.09	 -0.089	0.99774			#	   1.16	  50.00	
    150	   6.33	  -2.76	 -0.030	0.99821	   7.32	  -3.12	 -0.056	0.99803			#	   0.76	  48.39	
    151	   5.04	  -1.60	 -0.029	0.99966	   4.64	  -2.29	 -0.036	1.00031			#	   0.43	  50.56	
    152	   6.17	  -0.92	 -0.024	0.99909	   5.60	  -1.66	 -0.073	0.99901			#	   0.56	  50.09	
    153	   5.55	   0.28	  0.019	1.00003	   5.92	  -0.34	 -0.018	1.00005			#	   0.48	  53.04	
    154	   5.27	   0.60	  0.057	1.00022	   4.47	  -0.03	  0.031	0.99967			#	   0.50	  52.30	
    155	   6.98	   2.84	  0.056	0.99885	   6.23	   1.57	  0.008	0.99860			#	   1.32	  49.91	
    156	   6.98	   4.02	  0.047	0.99968	   7.17	   3.38	  0.004	0.99919			#	   1.16	  46.66	
    157	   6.49	   3.89	  0.058	0.99988	   5.98	   2.94	  0.038	0.99875			#	   1.08	  47.61	
    158	   5.82	   6.43	  0.056	0.99902	   6.30	   5.26	  0.020	0.99800			#	   1.83	  47.79	
    159	   5.68	   5.45	  0.046	0.99974	   4.68	   6.46	  0.056	0.99884			#	   1.04	  45.96	
    160	   7.11	   3.58	  0.021	0.99967	   5.95	   3.36	  0.008	0.99844			#	   0.98	  45.79	
    161	   8.79	   4.24	 -0.002	0.99826	   7.82	   3.48	 -0.030	0.99810			#	   1.46	  42.93	
    162	  10.23	   4.30	 -0.008	0.99730	  10.14	   3.06	 -0.072	0.99695			#	   1.79	  40.45	
    163	  10.43	   3.54	 -0.010	0.99733	   9.93	   3.29	 -0.022	0.99714			#	   1.68	  39.58	
    164	  10.24	   1.98	 -0.046	0.99740	  10.92	   1.86	 -0.069	0.99721			#	   1.49	  39.71	
    165	   8.97	   1.34	 -0.059	0.99829	   9.59	   0.28	 -0.116	0.99801			#	   1.05	  44.14	
    166	   7.40	   1.09	 -0.005	0.99870	   7.46	   1.15	 -0.045	0.99822			#	   0.74	  44.14	
    167	   7.38	  -0.04	  0.031	0.99873	   6.58	   0.00	  0.006	0.99853			#	   0.71	  45.40	
    168	   7.04	  -0.14	  0.007	0.99859	   7.21	  -1.04	 -0.012	0.99860			#	   0.64	  46.14	
    169	   6.56	   0.05	 -0.009	0.99873	   6.07	   0.03	 -0.013	0.99861			#	   0.73	  44.75	
    170	   7.74	  -1.22	 -0.062	0.99861	   6.96	  -1.61	 -0.077	0.99878			#	   1.21	  44.05	
    171	   7.51	  -1.44	 -0.111	0.99838	   7.52	  -2.16	 -0.131	0.99836			#	   1.05	  42.84	
    172	   6.27	  -0.10	 -0.116	0.99876	   6.85	  -1.30	 -0.139	0.99849			#	   0.88	  43.88	
    173	   4.63	   0.48	 -0.115	0.99941	   4.68	   0.35	 -0.110	0.99923			#	   0.56	  41.58	
    174	   4.64	  -0.57	 -0.117	0.99914	   4.32	  -0.24	 -0.133	0.99888			#	   0.58	  41.80	
    175	   4.38	  -1.28	 -0.100	0.99918	   4.05	  -1.68	 -0.110	0.99943			#	   0.58	  41.41	
    176	   4.35	  -1.08	 -0.100	0.99926	   3.70	  -1.32	 -0.087	0.99911			#	   0.59	  42.19	
    177	   5.57	   0.31	 -0.119	0.99881	   5.17	  -1.11	 -0.174	0.99946			#	   0.96	  41.15	
    178	   4.97	  -0.35	 -0.074	0.99908	   4.85	   0.58	 -0.077	0.99898			#	   0.77	  41.36	
    179	   5.31	  -2.71	 -0.089	0.99888	   4.30	  -2.13	 -0.063	0.99887			#	   1.26	  40.28	
    180	   6.83	  -3.42	 -0.147	0.99853	   6.15	  -4.20	 -0.174	0.99924			#	   1.50	  37.67	
    181	   7.01	  -3.66	 -0.179	0.99854	   6.57	  -3.61	 -0.173	0.99912			#	   1.38	  41.23	
    182	   7.95	  -4.75	 -0.214	0.99834	   6.61	  -5.22	 -0.226	0.99931			#	   2.02	  38.41	
    183	   9.33	  -3.17	 -0.195	0.99789	   8.75	  -5.32	 -0.250	0.99795			#	   1.61	  38.45	
    184	   9.34	  -0.25	 -0.142	0.99774	   9.36	  -2.22	 -0.215	0.99793			#	   1.58	  38.54	
    185	   8.91	   2.00	 -0.099	0.99801	   8.44	  -0.03	 -0.131	0.99845			#	   1.53	  36.24	
    186	   9.18	   5.20	 -0.052	0.99759	   9.49	   2.82	 -0.114	0.99631			#	   1.98	  37.20	
    187	   7.98	   5.87	 -0.020	0.99777	   8.63	   6.58	 -0.070	0.99721			#	   1.66	  36.68	
    188	   6.54	   1.68	 -0.014	0.99835	   6.63	   2.48	 -0.020	0.99738			#	   1.02	  37.02	
    189	   4.99	   1.64	 -0.017	0.99884	   5.59	   0.47	 -0.031	0.99833			#	   0.61	  38.67	
    190	   4.15	   2.07	 -0.002	0.99914	   3.47	   2.58	  0.018	0.99927			#	   0.53	  37.50	
    191	   6.05	   0.59	  0.015	0.99831	   4.95	   0.85	 -0.007	0.99806			#	   0.83	  37.33	
    192	   6.73	  -0.07	  0.022	0.99849	   6.33	  -0.71	  0.011	0.99840			#	   0.94	  37.98	
    193	   6.47	   1.12	 -0.001	0.99844	   6.46	  -0.16	 -0.009	0.99826			#	   1.19	  36.59	
    194	   6.93	   1.85	  0.017	0.99787	   6.27	   1.36	 -0.031	0.99781			#	   1.47	  35.29	
    195	   6.86	   1.55	  0.038	0.99833	   6.65	   1.30	  0.047	0.99794			#	   1.35	  35.59	
    196	   6.93	   1.04	  0.004	0.99804	   6.56	   0.16	 -0.009	0.99762			#	   1.41	  35.42	
    197	   5.70	   1.80	 -0.001	0.99871	   6.34	   1.50	  0.001	0.99852			#	   1.06	  35.94	
    198	   4.88	   1.11	 -0.007	0.99882	   4.82	   1.57	 -0.002	0.99903			#	   0.77	  35.94	
    199	   4.92	  -0.84	 -0.027	0.99868	   4.40	  -0.34	 -0.008	0.99855			#	   0.83	  35.20	
    200	   5.36	  -1.53	 -0.033	0.99882	   4.41	  -1.67	  0.003	0.99885			#	   0.98	  34.07	
    201	   6.76	  -0.18	 -0.006	0.99805	   6.34	  -1.81	 -0.092	0.99842			#	   1.28	  34.94	
    202	   7.06	   0.78	  0.059	0.99822	   6.08	  -0.34	  0.040	0.99808			#	   1.47	  34.24	
    203	   7.66	   2.20	  0.061	0.99770	   7.70	   1.25	  0.046	0.99737			#	   1.63	  33.81	
    204	   7.48	   1.96	  0.063	0.99801	   7.22	   1.00	  0.026	0.99748			#	   1.47	  34.42	
    205	   6.05	   2.66	  0.085	0.99823	   6.46	   2.26	  0.095	0.99786			#	   1.22	  31.94	
    206	   4.94	   1.99	  0.084	0.99855	   5.08	   1.88	  0.078	0.99765			#	   0.80	  33.33	
    207	   4.25	   2.53	  0.113	0.99981	   3.30	   2.61	  0.151	0.99913			#	   0.58	  40.80	
    208	   5.63	   1.85	  0.089	0.99975	   4.09	   3.08	  0.109	0.99840			#	   0.83	  37.20	
    209	   7.41	   1.09	  0.078	0.99970	   6.04	   0.61	  0.042	0.99835			#	   1.20	  36.94	
    210	   6.71	   2.10	  0.104	0.99950	   6.53	   2.68	  0.113	0.99829			#	   1.13	  33.20	
    211	   5.69	   1.02	  0.103	0.99961	   4.54	   1.60	  0.125	0.99807			#	   1.01	  38.63	
    212	   5.85	   1.00	  0.084	0.99970	   4.96	   1.36	  0.106	0.99865			#	   1.06	  37.46	
    213	   5.64	   1.24	  0.059	0.99949	   4.93	   0.88	  0.060	0.99836			#	   0.90	  36.59	
    214	   4.61	   1.98	  0.051	0.99990	   4.77	   2.42	  0.059	0.99924			#	   0.70	  37.67	
    215	   4.16	   1.37	  0.074	0.99968	   2.66	   1.72	  0.103	0.99850			#	   0.66	  38.80	
    216	   6.78	   1.44	  0.048	1.00032	   5.31	   1.88	  0.028	1.00008			#	   1.31	  39.93	
    217	   9.50	   2.10	  0.046	1.00024	   8.66	   1.94	 -0.006	0.99983			#	   1.91	  37.89	
    218	   9.81	   2.86	  0.021	1.00035	  10.42	   3.24	 -0.031	1.00065			#	   1.36	  35.16	
    219	   8.33	   1.92	  0.004	1.00035	   9.37	   2.97	 -0.025	1.00044			#	   1.23	  37.85	
    220	   6.84	  -0.08	  0.012	1.00036	   7.02	   1.40	 -0.010	1.00080			#	   0.95	  40.36	
    221	   7.35	  -1.48	 -0.001	1.00051	   7.54	  -1.21	 -0.050	1.00086			#	   1.01	  41.28	
    222	   6.41	  -0.39	 -0.001	1.00038	   6.76	  -0.67	 -0.028	1.00122			#	   0.75	  37.24	
    223	   7.31	  -0.34	  0.005	1.00034	   6.85	   0.55	 -0.039	1.00051			#	   0.93	  40.19	
    224	   8.09	  -0.91	  0.001	1.00005	   7.57	  -0.98	 -0.044	0.99998			#	   1.34	  40.58	
    225	   7.66	   0.53	  0.044	1.00023	   8.34	  -0.08	 -0.021	1.00030			#	   1.06	  41.49	
    226	   6.15	   1.48	  0.069	1.00035	   6.87	   1.75	  0.062	1.00020			#	   0.82	  43.14	
    227	   5.42	   2.20	  0.045	1.00012	   5.63	   1.75	  0.008	1.00017			#	   0.70	  44.23	
    228	   3.93	   2.50	  0.064	1.00008	   4.60	   3.01	  0.047	0.99993			#	   0.52	  43.45	
    229	   4.03	   1.86	  0.072	1.00014	   3.03	   2.48	  0.084	0.99981			#	   0.48	  42.88	
    230	   6.32	   2.01	  0.063	1.00002	   5.48	   1.59	  0.032	0.99934			#	   0.96	  43.53	
    231	   7.83	   2.71	  0.043	1.00015	   7.06	   3.00	  0.026	1.00053			#	   1.40	  40.10	
    232	   9.83	   1.95	  0.039	1.00006	   9.94	   2.98	 -0.015	0.99996			#	   1.75	  37.67	
    233	   9.68	   1.77	  0.021	1.00039	  10.34	   1.47	 -0.020	1.00048			#	   1.31	  38.06	
    234	   8.94	   2.75	  0.035	1.00034	   9.28	   2.95	 -0.008	1.00038			#	   1.30	  38.85	
    235	   8.52	   2.13	  0.037	1.00014	   8.75	   2.70	 -0.004	1.00006			#	   1.11	  38.15	
    236	   8.74	   1.96	  0.045	1.00004	   8.80	   1.97	 -0.021	1.00028			#	   1.17	  38.24	
    237	   7.98	   1.97	  0.086	1.00005	   8.67	   1.87	  0.030	0.99994			#	   1.09	  39.76	
    238	   6.80	   1.89	  0.092	1.00026	   7.10	   2.61	  0.083	1.00025			#	   0.83	  37.63	
    239	   8.14	   1.01	  0.056	0.99998	   7.60	   1.33	  0.023	1.00009			#	   1.11	  39.58	
    240	   7.59	   0.95	  0.037	0.99990	   8.24	   1.53	  0.041	1.00033			#	   1.20	  34.11	
    241	   7.91	   1.14	  0.024	0.99993	   7.84	   0.57	 -0.029	1.00000			#	   1.26	  39.58	
    242	   7.61	   2.54	  0.044	0.99981	   8.06	   2.49	  0.013	1.00012			#	   1.38	  37.59	
    243	   5.79	   2.30	  0.033	1.00007	   6.95	   2.53	  0.023	0.99989			#	   0.83	  39.11	
    244	   4.63	   2.04	  0.036	1.00012	   4.45	   2.70	  0.045	0.99980			#	   0.54	  43.01	
    245	   6.93	   1.76	  0.026	0.99995	   5.68	   2.31	  0.006	1.00047			#	   0.90	  42.80	
    246	  10.08	  -1.60	 -0.014	0.99976	   9.23	  -0.52	 -0.073	0.99950			#	   1.69	  37.24	
    247	   8.60	  -0.85	 -0.032	0.99985	   9.31	  -1.37	 -0.047	0.99943			#	   1.04	  39.11	
    248	   6.70	  -0.84	 -0.047	0.99993	   7.26	  -0.23	 -0.076	1.00000			#	   0.76	  42.84	
    249	   4.55	  -1.92	 -0.033	1.00014	   5.98	  -1.29	 -0.049	1.00051			#	   0.51	  45.36	
    250	   3.71	  -2.03	 -0.026	1.00042	   2.89	  -2.54	 -0.017	1.00114			#	   0.48	  46.27	
    251	   6.57	  -0.30	 -0.036	1.00007	   5.12	  -0.26	 -0.052	1.00079			#	   0.89	  46.31	
    252	   8.78	  -0.88	 -0.041	1.00007	   8.65	  -0.72	 -0.104	0.99992			#	   1.49	  37.72	
    253	  10.04	   0.00	  0.013	0.99947	   8.45	  -0.74	 -0.055	0.99841			#	   1.39	  38.85	
    254	  10.24	   1.40	  0.050	0.99939	   9.81	   1.45	  0.005	0.99825			#	   1.50	  38.32	
    255	   8.06	   2.11	  0.066	0.99949	   8.20	   1.53	  0.033	0.99831			#	   1.09	  37.59	
    256	   7.14	   3.13	  0.067	0.99971	   7.91	   3.27	  0.034	0.99959			#	   1.03	  39.19	
    257	   4.61	   2.62	  0.091	0.99984	   5.77	   2.76	  0.057	0.99972			#	   0.56	  39.24	
    258	   3.85	   3.05	  0.138	1.00011	   3.59	   3.04	  0.134	0.99980			#	   0.51	  40.15	
    259	   6.45	   2.72	  0.124	1.00003	   4.80	   3.45	  0.115	0.99992			#	   0.89	  40.28	
    260	   9.42	   2.07	  0.064	0.99967	   8.38	   1.81	  0.042	0.99960			#	   1.64	  37.33	
    261	   9.12	   3.24	  0.026	1.00017	  10.11	   2.86	 -0.020	0.99938			#	   1.32	  31.90	
    262	  10.75	   3.01	  0.043	0.99971	   9.05	   3.55	 -0.016	0.99922			#	   1.90	  33.55	
    263	  11.98	   1.80	  0.037	0.99951	  12.18	   2.12	 -0.033	0.99896			#	   1.73	  35.11	
    264	  10.32	   1.21	  0.052	0.99959	   9.74	   1.38	  0.007	0.99876			#	   1.33	  33.29	
    265	   8.65	   0.44	  0.045	0.99969	   9.42	   1.14	  0.020	0.99903			#	   0.90	  36.94	
    266	   6.01	  -0.90	  0.020	0.99990	   7.14	  -0.35	  0.013	1.00038			#	   0.54	  37.89	
    267	   5.60	  -1.66	  0.002	1.00003	   5.60	  -1.55	 -0.010	1.00087			#	   0.58	  39.80	
    268	   7.39	  -0.83	  0.023	1.00000	   6.36	  -0.84	 -0.009	1.00087			#	   0.78	  38.32	
    269	   7.53	  -0.79	  0.010	1.00001	   8.52	  -1.49	 -0.034	1.00029			#	   1.00	  36.85	
    270	   6.23	   0.61	  0.021	0.99968	   6.87	   0.35	 -0.001	1.00029			#	   0.95	  33.16	
    271	   7.36	   1.25	  0.047	0.99986	   6.44	   1.28	  0.008	1.00009			#	   1.17	  37.33	
    272	   8.38	   2.69	  0.078	0.99982	   8.37	   1.40	  0.017	0.99978			#	   1.48	  34.51	
    273	   8.14	   4.17	  0.094	0.99977	   8.13	   4.10	  0.051	0.99955			#	   1.42	  33.12	
    274	   8.28	   2.78	  0.091	0.99969	   8.34	   3.98	  0.063	0.99934			#	   1.20	  35.24	
    275	   7.96	   1.22	  0.055	0.99971	   7.73	   0.82	  0.023	0.99934			#	   1.07	  35.03	
    276	   8.31	   2.25	  0.030	0.99998	   7.92	   1.93	 -0.004	1.00001			#	   1.17	  36.72	
    277	   8.84	   2.21	  0.037	0.99942	   7.73	   2.24	 -0.004	0.99832			#	   1.50	  34.81	
    278	   8.72	   1.71	  0.033	0.99927	   7.87	   1.19	 -0.010	0.99818			#	   1.37	  33.85	
    279	   8.56	   2.76	  0.040	0.99931	   7.77	   2.28	  0.012	0.99800			#	   1.39	  32.68	
    280	   8.43	   2.81	  0.028	0.99976	   7.81	   3.14	 -0.015	1.00011			#	   1.27	  34.77	
    281	   8.77	   2.25	  0.051	0.99989	   8.05	   1.78	  0.004	1.00067			#	   1.29	  33.55	
    282	   8.82	   2.08	  0.055	0.99997	   8.76	   2.07	  0.029	1.00030			#	   1.31	  30.99	
    283	   7.64	   2.31	  0.030	1.00002	   7.31	   2.23	  0.018	1.00065			#	   1.10	  32.29	
    284	   6.68	   2.58	  0.034	0.99992	   6.59	   2.00	  0.011	1.00084			#	   1.06	  32.77	
    285	   7.39	   2.69	  0.051	0.99979	   6.55	   2.66	  0.046	1.00001			#	   1.23	  33.16	
    286	   7.58	   3.46	  0.031	0.99998	   7.05	   3.00	  0.001	1.00088			#	   1.58	  31.03	
    287	   8.59	   1.75	  0.025	0.99956	   6.73	   2.71	  0.020	1.00133			#	   1.36	  29.08	
    288	  11.30	   1.50	  0.023	0.99969	  10.68	   0.73	 -0.058	1.00033			#	   2.13	  30.86	
    289	  11.29	   1.11	  0.021	0.99966	  11.29	   1.34	 -0.022	1.00069			#	   1.49	  29.12	
    290	  10.59	   0.90	  0.011	0.99988	  10.17	   0.39	 -0.035	1.00160			#	   1.50	  30.99	
    291	   9.78	   1.41	  0.009	0.99969	  10.43	   0.51	 -0.040	1.00042			#	   1.21	  31.16	
    292	   6.33	   2.06	  0.009	1.00063	   6.42	   2.05	  0.033	1.00226			#	   0.79	  32.03	
    293	   5.65	  -0.12	 -0.002	1.00000	   5.28	   1.13	  0.014	1.00117			#	   0.62	  32.64	
    294	   3.25	  -0.09	 -0.012	0.99985	   5.13	  -1.33	 -0.008	1.00055			#	   0.31	  31.60	
    295	   1.20	   2.07	  0.022	0.99999	   0.58	   1.13	  0.029	1.00101			#	   0.19	  30.60	
    296	   3.66	   2.63	  0.050	0.99968	   2.02	   2.68	  0.055	1.00015			#	   0.61	  31.81	
    297	   5.71	   2.32	  0.075	1.00012	   4.85	   1.96	  0.089	1.00048			#	   1.14	  31.47	
    298	   5.81	   3.30	  0.082	1.00012	   4.84	   2.92	  0.110	1.00159			#	   1.22	  30.77	
    299	   5.88	   1.73	  0.084	1.00090	   4.82	   2.22	  0.157	1.00108			#	   1.05	  25.87	
    300	   7.54	   1.06	  0.080	1.00119	   6.87	   0.84	  0.085	1.00206			#	   1.31	  23.18	
    301	   7.34	   1.97	  0.039	1.00119	   7.67	   2.02	  0.066	1.00161			#	   1.32	  23.00	
    302	   7.97	   0.95	  0.023	1.00124	   7.05	   1.44	  0.057	1.00176			#	   1.57	  24.00	
    303	   9.30	   0.36	  0.048	1.00178	   9.23	   1.51	  0.003	1.00207			#	   1.88	  23.65	
    304	   9.18	  -0.65	  0.063	1.00169	   8.57	  -0.58	  0.128	1.00351			#	   1.72	  25.43	
    305	   7.92	   0.15	  0.054	1.00126	   8.14	  -0.45	  0.100	1.00313			#	   1.26	  24.57	
    306	   6.28	   0.53	  0.046	1.00131	   6.43	  -0.21	  0.097	1.00184			#	   0.81	  24.13	
    307	   6.20	   2.23	  0.032	1.00097	   5.97	   1.83	  0.086	1.00195			#	   0.74	  24.83	
    308	   6.08	   1.42	  0.058	1.00068	   6.45	   1.89	  0.041	1.00036			#	   0.70	  25.04	
    309	   6.53	   1.69	  0.097	1.00104	   6.30	   2.03	  0.100	1.00189			#	   0.87	  24.91	
    310	   7.64	   0.50	  0.113	1.00069	   6.21	   0.96	  0.172	1.00248			#	   1.38	  26.87	
    311	   8.81	   0.07	  0.101	1.00125	   7.04	  -0.36	  0.161	1.00353			#	   1.74	  28.04	
    312	   9.35	   0.34	  0.039	1.00143	   8.76	   1.40	  0.088	1.00390			#	   1.74	  26.17	
    313	   7.90	  -2.41	  0.007	1.00140	   7.58	  -2.20	  0.091	1.00310			#	   1.12	  27.08	
    314	   7.87	  -0.49	  0.009	1.00103	   7.04	  -1.77	  0.035	1.00350			#	   0.79	  29.82	
    315	   6.70	   0.87	  0.033	1.00050	   7.16	   0.74	  0.052	1.00246			#	   0.65	  31.03	
    316	   5.45	  -0.69	  0.024	1.00061	   5.08	  -0.22	  0.098	1.00205			#	   0.55	  28.30	
    317	   4.71	  -0.59	  0.022	1.00042	   4.64	  -1.60	  0.093	1.00213			#	   0.52	  28.04	
    318	   5.25	   1.22	  0.041	1.00076	   3.89	   0.75	  0.078	1.00189			#	   0.80	  28.13	
    319	   7.74	  -1.90	  0.026	1.00141	   7.58	   0.55	  0.019	1.00184			#	   2.19	  25.09	
    320	   7.34	  -1.46	  0.021	1.00193	   7.15	  -2.42	  0.061	1.00286			#	   1.17	  24.78	
    321	   9.03	   0.63	  0.036	1.00178	   8.41	   0.59	  0.026	1.00319			#	   1.74	  22.66	
    322	   9.10	   1.75	  0.062	1.00220	   9.96	   2.16	  0.042	1.00252			#	   1.32	  23.57	
    323	   8.19	   1.89	  0.075	1.00195	   8.61	   2.79	  0.098	1.00217			#	   1.38	  24.48	
    324	   8.16	   1.02	  0.074	1.00181	   9.24	   2.24	  0.057	1.00167			#	   1.59	  25.26	
    325	   8.09	   0.56	  0.074	1.00150	   7.58	   1.08	  0.126	1.00293			#	   1.58	  24.44	
    326	   8.94	  -0.86	  0.041	1.00164	   8.58	   0.86	  0.047	1.00345			#	   1.98	  23.91	
    327	   8.69	  -1.39	  0.040	1.00233	   9.59	  -1.36	  0.052	1.00329			#	   1.50	  23.31	
    328	   8.31	   0.61	  0.074	1.00163	   8.36	   0.66	  0.088	1.00346			#	   1.13	  24.48	
    329	   8.83	   0.25	  0.075	1.00174	   8.97	   1.03	  0.093	1.00263			#	   1.26	  24.52	
    330	   8.52	   0.03	  0.070	1.00200	   8.87	   0.90	  0.095	1.00390			#	   1.46	  22.22	
    331	   8.22	  -0.59	  0.071	1.00119	   9.05	   0.43	  0.073	1.00292			#	   1.33	  25.69	
    332	   7.95	  -1.45	  0.075	1.00123	   8.08	  -1.49	  0.111	1.00298			#	   1.55	  24.22	
    333	   8.85	  -1.03	  0.065	0.99915	   7.85	   0.00	  0.112	1.00161			#	   1.85	  24.18	
    334	  10.60	  -1.89	  0.050	1.00085	  10.79	  -0.61	  0.048	1.00212			#	   1.75	  23.65	
    335	  10.40	  -1.83	  0.033	1.00079	  11.37	  -1.36	  0.037	1.00240			#	   1.95	  24.70	
    336	  10.96	  -1.51	  0.030	1.00179	  11.91	  -0.88	 -0.007	1.00290			#	   1.94	  23.31	
    337	  10.71	  -1.41	  0.000	1.00353	  11.92	  -0.32	  0.004	1.00422			#	   1.97	  26.13	
    338	   9.29	  -1.99	 -0.038	1.00346	  10.30	  -1.74	  0.004	1.00496			#	   1.65	  24.35	
    339	   8.23	  -1.05	 -0.037	1.00274	   9.24	  -0.25	 -0.009	1.00430			#	   1.17	  26.69	
    340	   7.08	  -1.39	 -0.023	1.00116	   8.20	  -1.88	  0.002	1.00232			#	   1.01	  27.30	
    341	   7.20	   0.60	  0.033	0.99984	   7.54	   0.85	  0.014	1.00028			#	   0.99	  27.86	
    342	  10.26	   2.07	  0.070	1.00157	   9.25	   2.00	  0.027	1.00217			#	   1.67	  27.39	
    343	  13.71	   2.71	  0.048	1.00077	  13.58	   4.33	  0.015	1.00104			#	   3.02	  25.95	
    344	  13.63	   1.69	  0.014	1.00135	  14.93	   3.18	  0.002	1.00209			#	   2.01	  25.30	
    345	  14.13	   2.41	  0.024	1.00174	  14.10	   2.78	 -0.014	1.00372			#	   2.08	  23.57	
    346	  13.73	   2.69	  0.031	1.00192	  15.05	   3.90	 -0.010	1.00316			#	   2.18	  23.39	
    347	  12.89	   2.50	  0.049	1.00305	  13.91	   3.72	  0.029	1.00379			#	   2.22	  23.61	
    348	  12.67	   2.67	  0.036	1.00231	  13.88	   4.12	 -0.012	1.00383			#	   2.02	  24.18	
    349	  10.97	   0.91	 -0.000	1.00123	  11.88	   2.30	  0.025	1.00275			#	   1.44	  26.56	
    350	  11.75	   0.75	  0.017	1.00183	  12.10	   1.18	  0.005	1.00341			#	   1.56	  25.17	
    351	  11.62	   2.17	  0.014	1.00132	  12.59	   2.65	 -0.000	1.00418			#	   2.10	  25.13	
    352	  12.02	   0.89	 -0.013	1.00151	  12.35	   2.31	 -0.015	1.00316			#	   2.03	  25.22	
    353	  13.37	  -1.88	 -0.016	1.00233	  14.58	   0.72	 -0.044	1.00335			#	   2.50	  26.56	
    354	  12.35	  -1.54	  0.006	1.00152	  13.47	  -1.25	 -0.024	1.00562			#	   1.84	  23.87	
    355	  11.43	  -0.27	  0.044	1.00144	  12.87	  -0.92	  0.023	1.00411			#	   2.13	  24.18	
    356	  11.19	   1.64	  0.019	1.00043	  11.69	   2.15	  0.058	1.00312			#	   2.05	  25.61	
    357	  12.08	   1.09	 -0.008	1.00028	  13.59	   2.53	 -0.056	1.00221			#	   1.93	  25.56	
    358	  12.15	   0.66	  0.017	1.00087	  13.40	   1.22	 -0.022	1.00199			#	   1.72	  25.26	
    359	  11.93	   1.42	  0.010	1.00095	  12.77	   1.89	  0.026	1.00331			#	   2.04	  24.52	
    360	  13.14	   1.63	  0.005	1.00103	  13.09	   3.62	 -0.002	1.00379			#	   2.48	  23.13	
    361	  14.75	   0.12	 -0.041	1.00135	  15.27	   1.53	 -0.021	1.00363			#	   2.25	  25.52	
    362	  14.27	   0.83	 -0.047	1.00085	  15.10	   2.13	 -0.053	1.00564			#	   2.01	  21.70	
    363	  14.81	   0.96	 -0.027	1.00114	  15.13	   1.78	 -0.037	1.00467			#	   2.10	  24.31	
    364	  13.58	   1.37	 -0.045	1.00119	  14.86	   3.06	 -0.036	1.00464			#	   1.95	  24.31	
    365	  12.79	   1.29	 -0.010	0.99964	  14.56	   1.99	 -0.030	1.00240			#	   1.70	  25.35	
    366	  11.42	   1.77	  0.035	1.00063	  12.28	   2.33	  0.056	1.00396			#	   1.33	  24.18	
    367	  11.63	   2.88	  0.087	1.00027	  11.77	   3.97	  0.083	1.00390			#	   1.64	  24.61	
    368	  11.49	   2.96	  0.095	1.00036	  12.12	   4.23	  0.104	1.00362			#	   1.54	  24.05	
    369	  11.16	   3.43	  0.078	0.99960	  12.19	   3.77	  0.098	1.00289			#	   1.40	  25.78	
    370	  11.71	   3.31	  0.060	0.99957	  12.42	   4.57	  0.076	1.00237			#	   1.27	  25.61	
    371	  12.89	   4.53	  0.043	0.99909	  13.68	   4.62	  0.066	1.00271			#	   1.90	  24.96	
    372	  14.86	   4.23	  0.057	0.99973	  14.34	   6.11	  0.087	1.00324			#	   2.06	  21.88	
    373	  14.07	   2.77	  0.062	0.99915	  15.34	   4.70	  0.102	1.00394			#	   1.49	  21.01	
    374	  13.44	   1.97	  0.068	0.99875	  15.14	   3.16	  0.098	1.00290			#	   1.15	  22.40	
    375	  12.32	   0.50	  0.045	0.99902	  13.46	   2.83	  0.089	1.00345			#	   0.92	  23.31	
    376	  12.83	  -0.37	 -0.006	0.99906	  13.39	  -0.10	  0.045	1.00399			#	   0.89	  22.05	
    377	  12.33	   0.81	  0.008	0.99872	  13.62	   1.25	  0.004	1.00367			#	   0.72	  23.22	
    378	  11.66	   0.50	  0.046	0.99924	  12.87	   2.48	  0.021	1.00384			#	   0.83	  24.61	
    379	  11.48	  -1.02	  0.052	0.99756	  12.64	  -0.91	  0.109	1.00247			#	   1.13	  23.87	
    380	  12.10	  -0.07	  0.022	0.99744	  13.08	  -0.28	  0.055	1.00200			#	   1.17	  24.09	
    381	  11.90	  -0.08	  0.030	0.99794	  13.74	   2.03	  0.033	1.00279			#	   1.18	  24.74	
    382	  12.87	  -1.94	  0.070	0.99740	  13.92	  -1.50	  0.074	1.00271			#	   1.54	  24.18	
    383	  13.64	  -1.59	  0.047	0.99759	  15.13	  -1.00	  0.041	1.00279			#	   1.36	  23.70	
    384	  13.89	  -3.56	 -0.010	0.99793	  15.31	  -2.43	  0.037	1.00447			#	   1.76	  23.00	
    385	  15.11	  -1.67	 -0.015	0.99697	  17.01	  -2.52	 -0.045	1.00322			#	   1.59	  23.18	
    386	  14.06	  -0.67	 -0.007	0.99699	  16.61	  -0.92	  0.017	1.00295			#	   1.17	  21.92	
    387	  13.13	   2.34	  0.038	0.99725	  15.89	   1.21	  0.025	1.00230			#	   1.09	  23.31	
    388	  10.88	   3.34	  0.064	0.99806	  13.84	   4.16	  0.044	1.00178			#	   1.13	  25.00	
    389	  10.53	   2.49	  0.091	0.99779	  11.44	   2.94	  0.122	1.00193			#	   1.09	  24.96	
    390	  10.99	   2.53	  0.099	0.99828	  12.35	   3.59	  0.085	1.00214			#	   1.18	  24.65	
    391	  13.35	   1.84	  0.065	0.99828	  13.40	   3.17	  0.085	1.00312			#	   1.40	  23.18	
    392	  14.83	   1.65	  0.062	0.99748	  16.07	   2.93	  0.062	1.00351			#	   1.78	  21.61	
    393	  14.96	   1.28	  0.077	0.99716	  16.76	   1.83	  0.092	1.00313			#	   1.48	  21.44	
    394	  14.76	   0.55	  0.086	0.99705	  17.32	   1.85	  0.063	1.00297			#	   1.27	  22.48	
    395	  13.84	  -0.43	  0.058	0.99822	  15.60	   0.46	  0.070	1.00401			#	   1.23	  23.00	
    396	  13.78	  -1.14	  0.030	0.99796	  15.05	   0.41	  0.041	1.00382			#	   1.30	  23.74	
    397	  14.33	  -2.37	 -0.036	0.99715	  16.02	  -1.14	 -0.006	1.00246			#	   1.19	  23.05	
    398	  14.67	  -3.33	 -0.050	0.99724	  16.72	  -2.83	 -0.091	1.00230			#	   1.60	  21.53	
    399	  15.48	  -3.13	 -0.047	0.99655	  16.54	  -2.98	 -0.051	1.00297			#	   1.75	  20.31	
    400	  16.48	  -2.17	 -0.036	0.99554	  18.83	  -3.51	 -0.088	0.99936			#	   1.12	  21.09	
    401	  16.31	  -0.63	 -0.037	0.99510	  18.88	  -1.77	 -0.079	0.99941			#	   0.91	  19.92	
    402	  16.31	   0.61	 -0.037	0.99507	  18.53	   0.47	 -0.023	0.99937			#	   0.95	  19.23	
    403	  18.18	  -0.18	 -0.062	0.99372	  20.04	  -0.76	 -0.096	0.99709			#	   1.20	  17.49	
    404	  16.06	  -0.93	 -0.059	0.99449	  20.12	  -1.27	 -0.078	0.99791			#	   0.87	  19.23	
    405	  14.39	   0.69	  0.017	0.99510	  17.98	  -0.30	 -0.069	0.99909			#	   0.84	  19.53	
    406	  12.68	   0.88	  0.039	0.99975	  14.61	   1.26	  0.003	1.00460			#	   0.74	  28.26	
    407	   9.92	   1.59	  0.037	0.99956	  10.60	   2.93	 -0.006	1.00318			#	   0.59	  34.33	
    408	   9.20	  -0.20	  0.060	0.99979	  10.05	   0.12	 -0.001	1.00230			#	   0.44	  36.94	
    409	   8.89	   1.26	  0.125	0.99969	   8.55	   0.89	  0.070	1.00283			#	   0.56	  34.64	
    410	  12.23	   1.51	  0.133	0.99974	  10.90	   2.41	  0.082	1.00383			#	   0.87	  31.21	
    411	  13.17	  -1.72	  0.096	0.99952	  13.59	   0.71	  0.070	1.00389			#	   0.99	  30.43	
    412	  13.30	  -5.98	  0.040	0.99969	  13.46	  -3.79	  0.013	1.00545			#	   2.60	  28.21	
    413	  12.20	  -6.53	  0.057	0.99896	  13.48	  -6.65	 -0.016	1.00517			#	   1.63	  28.17	
    414	  12.80	  -6.87	  0.077	0.99917	  13.12	  -6.37	  0.037	1.00504			#	   1.70	  26.39	
    415	  12.36	  -6.36	  0.053	1.00182	  13.23	  -6.31	  0.044	1.00558			#	   1.75	  30.95	
    416	  11.71	  -4.96	 -0.005	1.00222	  11.53	  -4.59	  0.003	1.00508			#	   1.39	  31.51	
    417	  12.92	  -5.12	 -0.051	1.00316	  12.53	  -3.88	 -0.047	1.00522			#	   1.52	  30.60	
    418	  14.21	  -5.86	 -0.049	1.00389	  13.33	  -4.36	 -0.070	1.00702			#	   1.87	  27.91	
    419	  15.84	  -4.80	 -0.020	1.00310	  15.59	  -4.89	 -0.058	1.00621			#	   1.65	  29.64	
    420	  15.76	  -2.75	  0.008	1.00385	  15.10	  -1.23	 -0.036	1.00823			#	   1.30	  26.30	
    421	  15.49	  -2.76	  0.008	1.00385	  16.12	  -2.04	 -0.025	1.00603			#	   1.17	  29.73	
    422	  14.19	  -1.41	  0.052	1.00262	  15.54	  -0.41	 -0.000	1.00490			#	   0.78	  32.07	
    423	  11.83	  -1.03	  0.077	1.00249	  12.76	  -0.68	  0.071	1.00485			#	   0.59	  30.08	
    424	   9.99	  -0.13	  0.083	1.00190	  11.63	   0.30	  0.073	1.00339			#	   0.38	  33.55	
    425	   8.11	  -1.03	  0.079	1.00043	   9.52	  -0.62	  0.082	1.00179			#	   0.36	  41.19	
    426	   6.44	  -1.57	  0.070	1.00053	   7.59	  -0.85	  0.053	1.00172			#	   0.31	  44.44	
    427	   6.49	  -1.25	  0.046	1.00008	   6.76	  -1.79	  0.041	1.00099			#	   0.41	  46.22	
    428	   8.51	  -0.96	  0.023	1.00023	   8.27	  -0.28	 -0.026	1.00055			#	   0.57	  42.32	
    429	   9.44	  -3.65	  0.032	1.00130	  10.04	  -2.13	  0.001	1.00050			#	   1.66	  43.75	
    430	   9.70	  -2.32	  0.049	1.00063	   9.93	  -2.96	  0.002	1.00389			#	   0.87	  38.41	
    431	   8.89	  -1.52	  0.037	1.00121	  10.06	  -1.65	  0.012	1.00139			#	   0.69	  42.84	
    432	   7.83	  -1.06	 -0.015	1.00001	   9.04	  -0.92	 -0.014	1.00056			#	   0.48	  46.61	
    433	   6.67	  -0.96	 -0.017	0.99995	   7.61	  -1.18	 -0.061	1.00129			#	   0.40	  49.65	
    434	   4.86	  -1.49	  0.037	1.00036	   5.88	  -1.36	  0.019	1.00004			#	   0.35	  53.56	
    435	   3.98	  -0.57	  0.044	1.00008	   4.91	  -0.95	  0.031	1.00035			#	   0.21	  55.95	
    436	   2.27	  -0.89	  0.033	0.99999	   3.09	  -0.52	  0.025	1.00005			#	   0.17	  57.12	
    437	   0.96	  -0.15	  0.059	0.99982	   1.47	  -1.00	  0.070	0.99999			#	   0.10	  59.03	
    438	   0.35	   0.39	  0.034	0.99991	   0.61	   0.65	  0.053	0.99970			#	   0.08	  59.29	
    439	   0.13	   1.05	  0.040	0.99985	   0.43	   0.76	  0.035	0.99997			#	   0.12	  56.16	
    440	   0.41	   0.58	  0.063	1.00000	  -0.06	   0.22	  0.087	0.99978			#	   0.10	  58.59	
    441	   0.35	   2.39	  0.020	0.99997	   1.24	   1.63	  0.025	0.99959			#	   0.41	  57.51	
    442	  -1.93	   2.92	 -0.006	1.00005	  -1.09	   2.74	  0.016	0.99975			#	   0.66	  57.07	
    443	  -3.54	   2.99	  0.007	0.99993	  -2.99	   2.88	  0.045	0.99898			#	   0.79	  54.64	
    444	  -3.66	   4.92	  0.012	0.99981	  -4.23	   4.27	  0.053	0.99936			#	   1.56	  51.52	
    445	  -1.50	   3.50	 -0.001	1.00012	  -3.25	   4.41	  0.032	0.99932			#	   0.57	  52.52	
    446	   3.14	   3.99	 -0.003	0.99987	   1.49	   3.27	 -0.024	0.99882			#	   0.73	  55.03	
    447	   5.88	   3.34	  0.008	0.99953	   5.10	   4.53	 -0.055	0.99882			#	   0.87	  52.73	
    448	   7.50	   0.31	  0.017	1.00014	   7.33	   1.71	 -0.030	0.99940			#	   0.40	  51.95	
    449	   7.49	  -3.43	  0.034	1.00008	   9.06	  -1.62	 -0.067	0.99981			#	   0.99	  50.22	
    450	   1.68	  -2.75	  0.063	1.00001	   4.17	  -3.97	  0.059	1.00097			#	   0.65	  48.48	
    451	  -0.35	  -2.31	  0.039	1.00005	   0.11	  -2.52	  0.074	1.00011			#	   0.34	  54.08	
    452	  -1.18	  -1.02	 -0.006	0.99982	  -1.18	  -1.54	  0.020	1.00008			#	   0.13	  57.20	
    453	   0.75	  -0.82	  0.016	1.00001	  -0.57	  -0.62	  0.011	1.00027			#	   0.09	  56.16	
    454	   3.50	  -0.31	  0.022	0.99994	   2.98	  -0.86	 -0.008	1.00017			#	   0.15	  57.77	
    455	   2.47	  -0.42	 -0.004	1.00011	   3.76	   0.15	 -0.027	1.00009			#	   0.14	  58.46	
    456	   0.59	  -2.39	 -0.001	1.00007	   0.91	  -1.54	  0.010	1.00020			#	   0.47	  57.47	
    457	   1.46	  -2.50	 -0.012	1.00012	   1.01	  -2.75	 -0.017	1.00075			#	   0.59	  56.38	
    458	   2.00	  -0.89	 -0.006	1.00010	   1.83	  -2.18	 -0.017	1.00045			#	   0.21	  55.56	
    459	   3.63	   0.17	 -0.015	0.99990	   3.11	   0.12	 -0.033	1.00005			#	   0.17	  59.20	
    460	   3.15	   0.81	 -0.028	0.99991	   3.97	   0.61	 -0.064	0.99979			#	   0.18	  58.33	
    461	   1.53	   0.70	 -0.028	0.99998	   2.41	   0.88	 -0.039	0.99978			#	   0.11	  58.16	
    462	   0.57	   0.82	 -0.032	0.99995	   0.98	   0.22	 -0.031	0.99992			#	   0.08	  55.56	
    463	   0.54	   1.20	 -0.028	0.99994	   0.22	   0.92	 -0.040	0.99983			#	   0.13	  60.46	
    464	   1.68	   1.84	 -0.016	0.99995	   1.29	   1.62	 -0.035	0.99976			#	   0.26	  56.38	
    465	   2.20	   1.65	 -0.009	1.00013	   2.05	   1.06	 -0.026	0.99951			#	   0.28	  56.68	
