      1									skipped		#	   0.67	   7.78	
      2									skipped		#	   1.07	   4.60	
      3									skipped		#	   0.57	   6.01	
      4	   0.05	  -2.52	  0.009	0.99916							#	   0.65	   8.33	
      5	  -0.72	  -1.40	  0.005	0.99975							#	   0.49	   8.28	
      6	  -0.54	   0.66	 -0.027	1.00163							#	   0.44	   8.48	
      7									skipped		#	   0.73	   4.04	
      8									skipped		#	   0.66	   6.26	
      9									skipped		#	   0.38	   6.41	
     10									skipped		#	   0.39	   6.46	
     11	   5.93	   2.39	  0.033	1.00043							#	   0.97	   8.99	
     12									skipped		#	   0.33	   7.17	
     13	  -4.32	   5.15	  0.003	1.00040							#	   0.68	  17.53	
     14	  -3.55	  -1.18	  0.007	1.00065							#	   0.36	  13.54	
     15	  -7.69	   0.27	  0.006	0.99997							#	   0.61	   8.28	
     16	   5.22	  -0.90	  0.001	1.00021							#	   0.79	  15.40	
     17	  -0.76	   0.38	  0.002	1.00050							#	   0.27	  20.56	
     18	  -6.34	   0.33	  0.011	1.00056							#	   0.70	   9.90	
     19	   1.74	  -2.69	  0.012	0.99915							#	   0.60	  10.30	
     20	   1.31	   1.00	 -0.014	1.00061							#	   0.19	  11.16	
     21	  -3.10	  -1.83	  0.036	1.00048							#	   0.97	   9.65	
     22									skipped		#	   0.87	   7.17	
     23	  -2.69	   2.28	  0.014	1.00005							#	   1.10	   9.14	
     24	  -3.83	   1.88	 -0.034	1.00087							#	   1.05	   8.69	
     25	  -0.12	   0.31	 -0.016	0.99957							#	   0.92	  20.35	
     26	   1.70	  -0.02	 -0.002	0.99945							#	   1.04	  16.06	
     27	  -0.56	  -1.54	  0.061	0.99992							#	   1.85	  10.00	
     28	  -9.57	   1.31	 -0.046	0.99984							#	   1.43	  11.31	
     29	   0.03	  -0.50	  0.012	0.99973							#	   0.64	  16.97	
     30	  -1.85	  -1.51	 -0.031	1.00041							#	   0.42	   8.23	
     31	  -4.79	   0.94	  0.034	1.00067							#	   0.65	  11.87	
     32	  -7.37	  -0.54	 -0.051	1.00041							#	   0.73	  14.75	
     33	  -5.12	  -0.75	  0.021	0.99938							#	   0.25	   8.59	
     34	  -0.50	   1.87	  0.004	1.00136							#	   0.24	  10.56	
     35									skipped		#	   1.71	   5.20	
     36	   2.87	  -4.25	  0.015	1.00050							#	   0.23	  12.63	
     37	  -9.36	  -0.60	  0.001	1.00132							#	   1.03	  10.66	
     38									skipped		#	   0.17	   7.83	
     39									skipped		#	   0.87	   4.75	
     40	  -2.00	  -5.32	 -0.015	0.99987							#	   0.43	  10.25	
     41	  -0.24	  -0.15	 -0.002	1.00107							#	   0.15	  10.56	
     42	  -4.90	  -1.47	 -0.031	0.99991							#	   0.41	   8.54	
     43	  -1.96	  -3.03	 -0.003	0.99970							#	   0.34	  15.91	
     44	  -1.35	  -3.84	 -0.010	1.00002							#	   0.35	  13.89	
     45	  -0.15	  -4.56	 -0.020	0.99973							#	   0.32	  15.25	
     46	   2.19	   0.40	 -0.034	1.00009							#	   0.84	  14.14	
     47	  -6.86	  -0.03	 -0.016	0.99939							#	   1.51	  16.01	
     48									skipped		#	   0.39	   6.36	
     49	  -0.20	  -0.24	 -0.009	1.00000							#	   0.18	  14.80	
     50	  -7.71	  -0.31	 -0.026	1.00042							#	   0.71	  16.57	
     51	   4.85	  -0.89	  0.008	1.00046							#	   0.35	  13.94	
     52	  -7.45	   0.76	  0.006	1.00068							#	   1.08	  21.16	
     53									skipped		#	   0.42	   7.98	
     54									skipped		#	   0.28	   7.68	
     55	  -4.46	  -5.97	  0.003	0.99936							#	   0.86	  10.71	
     56	   5.50	  -0.56	 -0.015	0.99938							#	   0.43	   9.65	
     57	  -3.25	   0.72	  0.011	0.99901							#	   0.27	  22.27	
     58	   0.59	  -1.40	 -0.012	0.99948							#	   0.12	  22.32	
     59	   0.02	   1.13	 -0.007	0.99949							#	   0.07	  17.73	
     60									skipped		#	   0.48	   7.73	
     61	   3.70	  -2.53	 -0.002	0.99932							#	   0.75	  17.68	
     62	  -2.46	   0.97	 -0.003	1.00290							#	   0.77	  12.88	
     63	  -4.84	  -3.69	 -0.004	1.00035							#	   1.47	  15.96	
     64	  -0.48	  -2.63	 -0.003	0.99996							#	   1.41	  20.56	
     65	  -3.07	  -0.05	  0.007	1.00049							#	   1.73	  16.26	
     66	   3.54	  -3.06	 -0.000	0.99913							#	   1.23	   8.33	
     67	  -0.07	  -1.04	  0.021	1.00028							#	   0.68	  13.13	
     68	  -3.45	  -2.38	 -0.010	1.00033							#	   0.44	  16.26	
     69	  -5.43	  -0.03	  0.001	1.00001							#	   0.37	  13.28	
     70	   3.70	  -3.34	 -0.042	1.00006							#	   0.41	  12.32	
     71	  -2.32	  -4.13	  0.028	1.00041							#	   0.30	  14.70	
     72	  -1.40	  -1.66	 -0.041	1.00021							#	   0.99	  12.37	
     73	   0.05	   2.35	  0.020	1.00039							#	   0.97	  10.66	
     74	  -6.44	  -5.94	 -0.014	1.00054							#	   1.36	  22.53	
     75	  -2.52	  -0.35	 -0.024	0.99877							#	   0.43	  14.29	
     76	  -4.85	   1.12	 -0.033	0.99980							#	   0.53	  14.65	
     77	  -4.01	  -2.53	  0.008	1.00019							#	   0.53	  19.09	
     78	  -2.64	  -0.72	 -0.010	1.00050							#	   0.45	  23.28	
     79	  -6.47	  -0.69	 -0.014	1.00080							#	   0.99	  16.52	
     80	  -5.83	   0.50	 -0.021	1.00015							#	   0.67	  18.74	
     81	  -2.76	  -2.26	 -0.011	1.00004							#	   1.03	  11.36	
     82	  -0.79	   0.52	  0.003	1.00059							#	   1.29	  16.62	
     83	  -8.24	   0.05	  0.015	0.99998							#	   1.39	  12.83	
     84	  -4.76	  -1.52	 -0.056	1.00049							#	   0.65	  14.85	
     85	  -2.29	   3.13	  0.017	1.00031							#	   0.69	  17.58	
     86									skipped		#	   1.03	   6.62	
     87									skipped		#	   1.03	   4.04	
     88									skipped		#	   1.94	   4.19	
     89	   1.51	  -3.01	 -0.003	0.99901							#	   1.10	  13.28	
     90									skipped		#	   0.96	   4.49	
     91									skipped		#	   1.45	   3.28	
     92	 -12.39	   2.70	  0.015	0.99885							#	   1.07	   8.54	
     93	   1.79	  -1.40	  0.016	0.99793							#	   0.98	  16.57	
     94									skipped		#	   0.79	   6.26	
     95									skipped		#	   1.32	   1.92	
     96									skipped		#	   1.10	   5.25	
     97									skipped		#	   2.34	   1.72	
     98	 -10.23	   3.16	  0.010	0.99730							#	   1.18	   8.33	
     99									skipped		#	   2.70	   2.07	
    100									skipped		#	   1.93	   5.15	
    101									skipped		#	   1.98	   6.16	
    102									skipped		#	   2.71	   1.67	
    103									skipped		#	   1.97	   1.67	
    104									skipped		#	   2.70	   0.51	
    105									skipped		#	   3.24	   0.40	
    106									skipped		#	   2.67	   0.91	
    107									skipped		#	   3.37	   0.30	
    108									skipped		#	   2.60	   0.71	
    109									skipped		#	   1.46	   0.51	
    110									skipped		#	   0.88	   1.97	
    111									skipped		#	   0.58	   3.99	
    112									skipped		#	   1.12	   2.68	
    113									skipped		#	   1.63	   5.35	
    114									skipped		#	   2.81	   4.80	
    115									skipped		#	   3.76	   0.20	
    116									skipped		#	   3.58	   0.35	
    117									skipped		#	   1.72	   0.76	
    118									skipped		#	   1.58	   1.21	
    119									skipped		#	   2.76	   1.92	
    120									skipped		#	   2.52	   1.46	
    121									skipped		#	   2.84	   6.01	
    122	   5.10	  -8.22	  0.026	0.99908							#	   2.77	  11.11	
    123	  -3.47	  -6.57	 -0.030	0.99912							#	   2.21	  12.53	
    124	   3.16	  -7.13	 -0.032	0.99897							#	   2.12	   8.38	
    125	  -5.49	 -13.71	 -0.012	0.99804							#	   1.79	   9.34	
    126	 -16.17	   2.91	  0.035	1.00040							#	   0.91	  10.05	
    127									skipped		#	   1.44	   7.63	
    128									skipped		#	   1.69	   4.04	
    129									skipped		#	   2.25	   1.77	
    130									skipped		#	   2.43	   0.61	
    131									skipped		#	   1.87	   1.67	
    132									skipped		#	   2.04	   0.35	
    133									skipped		#	   2.67	   0.30	
    134									skipped		#	   1.51	   0.25	
    135									skipped		#	   2.20	   0.25	
    136									skipped		#	   1.16	   2.47	
    137									skipped		#	   1.73	   1.21	
    138									skipped		#	   0.97	   0.15	
    139									skipped		#	   2.56	   2.22	
    140									skipped		#	   1.43	   2.22	
    141									skipped		#	   2.70	   4.14	
    142									skipped		#	   2.11	   5.10	
    143									skipped		#	   2.29	   5.81	
    144									skipped		#	   1.92	   5.96	
    145									skipped		#	   1.48	   4.80	
    146									skipped		#	   1.33	   4.60	
    147									skipped		#	   1.78	   2.47	
    148									skipped		#	   1.70	   6.57	
    149	  -2.71	  -1.58	  0.039	0.99956							#	   1.86	  11.41	
    150	  -4.76	   1.13	 -0.026	0.99934							#	   2.00	  10.45	
    151	  -3.44	  -1.67	 -0.050	0.99801							#	   1.87	   8.84	
    152									skipped		#	   1.72	   6.92	
    153	  -2.14	  -5.15	 -0.036	0.99766							#	   2.03	   9.29	
    154									skipped		#	   1.66	   7.42	
    155									skipped		#	   2.11	   6.72	
    156	  -3.39	  -4.44	 -0.072	0.99999							#	   2.48	  10.00	
    157	  -2.61	  -2.27	  0.002	1.00169							#	   3.00	   8.64	
    158	  -4.53	  -0.99	 -0.055	1.00079							#	   2.66	  12.02	
    159	   1.70	  -6.59	  0.020	0.99893							#	   2.53	  10.30	
    160	  -1.03	   2.72	 -0.167	1.00044							#	   2.92	   9.04	
    161									skipped		#	   2.77	   6.57	
    162	   0.96	   0.04	 -0.014	1.00014							#	   2.60	   9.95	
    163									skipped		#	   2.78	   7.53	
    164	  -0.67	  -3.43	 -0.000	1.00038							#	   2.00	  11.06	
    165									skipped		#	   1.42	   7.88	
    166	   3.54	   2.60	 -0.081	0.99937							#	   0.96	  10.10	
    167									skipped		#	   0.69	   4.49	
    168									skipped		#	   0.66	   6.62	
    169									skipped		#	   1.00	   6.36	
    170									skipped		#	   1.25	   2.63	
    171									skipped		#	   1.80	   2.53	
    172									skipped		#	   1.47	   4.95	
    173									skipped		#	   2.25	   7.07	
    174									skipped		#	   2.25	   5.51	
    175									skipped		#	   2.47	   4.60	
    176									skipped		#	   2.48	   5.20	
    177									skipped		#	   2.84	   6.52	
    178									skipped		#	   2.80	   6.31	
    179									skipped		#	   2.76	   7.02	
    180									skipped		#	   2.77	   4.04	
    181									skipped		#	   2.03	   2.93	
    182	   0.70	  -4.23	  0.040	0.99844							#	   1.80	   8.99	
    183									skipped		#	   1.23	   5.71	
    184									skipped		#	   1.02	   4.04	
    185									skipped		#	   1.18	   5.86	
    186									skipped		#	   1.38	   6.26	
    187									skipped		#	   0.25	   5.20	
    188	  -4.08	  -1.76	  0.038	1.00062							#	   0.22	  11.21	
    189	   7.17	   5.43	  0.051	1.00065							#	   0.27	   9.75	
    190	  -0.86	  -4.65	  0.040	1.00097							#	   0.17	   9.85	
    191									skipped		#	   0.21	   4.95	
    192	  -1.51	   0.42	 -0.040	1.00125							#	   0.42	  12.58	
    193									skipped		#	   0.47	   5.20	
    194									skipped		#	   0.19	   5.56	
    195	  -0.81	   1.12	 -0.036	1.00122							#	   0.32	  12.83	
    196	   0.47	   4.21	 -0.014	1.00119							#	   0.57	  12.37	
    197									skipped		#	   0.83	   7.22	
    198									skipped		#	   0.40	   4.65	
    199									skipped		#	   0.63	   4.49	
    200									skipped		#	   1.66	   4.85	
    201									skipped		#	   0.63	   6.31	
    202									skipped		#	   0.95	   4.65	
    203									skipped		#	   1.02	   5.61	
    204	  -3.90	   1.50	 -0.038	0.99941							#	   0.64	   8.48	
    205	  -2.91	  -0.44	 -0.029	1.00069							#	   0.37	  13.13	
    206	   0.75	   0.50	 -0.075	0.99967							#	   0.21	   8.38	
    207	   0.12	   3.59	  0.009	1.00165							#	   0.23	  11.26	
    208	   1.81	  -2.67	 -0.018	0.99967							#	   0.22	  22.53	
    209	  -0.56	  -2.22	 -0.016	0.99977							#	   0.52	  11.11	
    210									skipped		#	   0.60	   7.73	
    211	  -4.53	  -4.05	 -0.028	1.00062							#	   0.99	  14.60	
    212	  -5.38	   2.26	 -0.026	1.00008							#	   0.72	  11.77	
    213	   5.74	  -1.19	 -0.001	0.99964							#	   1.23	  11.87	
    214	  -4.17	  -4.08	 -0.012	0.99917							#	   0.72	  15.05	
    215									skipped		#	   2.15	   7.07	
    216									skipped		#	   1.31	   5.25	
    217	   1.86	  -1.20	 -0.008	0.99972							#	   2.50	  12.93	
    218	   0.36	  -2.28	 -0.001	0.99925							#	   1.80	  18.94	
    219	  -2.60	  -2.55	 -0.006	0.99936							#	   2.80	   9.29	
    220	  -2.26	  -1.42	  0.005	0.99885							#	   2.39	  18.94	
    221	   0.13	  -1.59	 -0.042	0.99926							#	   2.41	  17.02	
    222	  -2.46	  -6.67	  0.006	1.00275							#	   1.98	   8.48	
    223	  -4.66	  -0.49	 -0.023	1.00045							#	   1.71	  11.41	
    224	  -2.48	  -2.74	 -0.019	1.00011							#	   1.11	  17.73	
    225	  -5.45	  -2.26	 -0.001	0.99989							#	   0.57	   9.24	
    226	   0.37	   1.96	 -0.018	1.00028							#	   0.50	  17.02	
    227	  -1.09	  -2.55	 -0.005	0.99943							#	   0.21	  11.87	
    228	  -4.95	  -3.66	 -0.032	0.99987							#	   0.31	   9.70	
    229									skipped		#	   0.53	   4.85	
    230	   3.26	  -0.95	  0.003	1.00033							#	   1.12	  11.01	
    231									skipped		#	   1.45	   6.67	
    232									skipped		#	   2.02	   7.93	
    233	   0.49	  -2.62	  0.000	1.00016							#	   1.17	  15.30	
    234	  -0.86	  -4.68	 -0.025	0.99996							#	   1.51	  11.06	
    235									skipped		#	   1.89	   5.61	
    236	  -8.52	  -2.70	  0.001	1.00039							#	   1.87	   8.59	
    237	   3.46	  -5.31	 -0.012	1.00049							#	   1.59	   8.54	
    238	  -8.15	  -0.27	  0.007	1.00106							#	   1.12	  14.85	
    239									skipped		#	   0.35	   3.74	
    240									skipped		#	   0.20	   6.67	
    241	 -10.83	  -0.22	 -0.015	1.00079							#	   0.48	  13.64	
    242									skipped		#	   0.24	   5.71	
    243									skipped		#	   0.54	   3.89	
    244									skipped		#	   1.34	   2.58	
    245									skipped		#	   0.89	   3.03	
    246									skipped		#	   1.95	   4.19	
    247									skipped		#	   0.67	   6.41	
    248									skipped		#	   1.14	   5.66	
    249									skipped		#	   0.33	   4.09	
    250									skipped		#	   0.78	   4.44	
    251									skipped		#	   0.29	   4.24	
    252									skipped		#	   0.73	   4.04	
    253									skipped		#	   0.89	   3.43	
    254									skipped		#	   2.00	   4.04	
    255									skipped		#	   1.24	   6.16	
    256									skipped		#	   2.31	   4.34	
    257									skipped		#	   0.83	   4.39	
    258									skipped		#	   1.57	   5.20	
    259									skipped		#	   1.27	   7.98	
    260	  -3.61	   0.36	 -0.025	0.99996							#	   1.18	   8.23	
    261									skipped		#	   2.00	   4.09	
    262	 -12.47	  -1.78	 -0.039	1.00097							#	   2.56	   9.55	
    263									skipped		#	   1.52	   5.81	
    264									skipped		#	   2.46	   4.14	
    265									skipped		#	   1.89	   5.05	
    266									skipped		#	   1.83	   5.25	
    267									skipped		#	   1.96	   5.40	
    268									skipped		#	   2.37	   5.61	
    269									skipped		#	   1.53	   3.89	
    270									skipped		#	   1.30	   5.71	
    271	  -8.27	  -2.31	  0.013	1.00001							#	   1.76	   9.14	
    272									skipped		#	   0.94	   6.41	
    273	  -4.01	   0.87	 -0.001	1.00069							#	   0.92	  12.68	
    274									skipped		#	   0.91	   5.81	
    275									skipped		#	   0.72	   4.34	
    276									skipped		#	   0.70	   5.10	
    277	  -1.39	   4.28	 -0.051	1.00090							#	   0.20	   8.23	
    278									skipped		#	   0.17	   4.90	
    279									skipped		#	   0.80	   2.98	
    280									skipped		#	   0.34	   6.41	
    281									skipped		#	   0.65	   4.14	
    282									skipped		#	   1.18	   3.48	
    283									skipped		#	   1.38	   4.95	
    284									skipped		#	   2.27	   3.38	
    285									skipped		#	   1.10	   4.49	
    286									skipped		#	   2.22	   1.11	
    287									skipped		#	   2.01	   1.72	
    288									skipped		#	   1.42	   4.04	
    289									skipped		#	   1.89	   3.23	
    290									skipped		#	   2.59	   2.53	
    291									skipped		#	   1.30	   5.61	
    292									skipped		#	   2.02	   2.78	
    293									skipped		#	   1.98	   3.13	
    294									skipped		#	   1.90	   6.97	
    295									skipped		#	   2.87	   5.05	
    296									skipped		#	   1.11	   3.79	
    297									skipped		#	   1.32	   4.14	
    298									skipped		#	   0.61	   4.09	
    299	   5.99	   1.92	 -0.018	0.99928							#	   1.09	   8.43	
    300									skipped		#	   0.52	   7.88	
    301									skipped		#	   0.72	   7.88	
    302									skipped		#	   0.26	   5.81	
    303	  -2.71	   1.16	 -0.018	1.00083							#	   0.25	   9.95	
    304	  -0.01	   0.12	 -0.007	1.00029							#	   0.25	  14.24	
    305									skipped		#	   0.61	   6.21	
    306	   3.39	  -0.20	  0.011	0.99996							#	   0.52	  11.97	
    307	  -2.43	  -0.40	 -0.027	0.99945							#	   1.05	  13.23	
    308	   7.54	   1.50	 -0.013	1.00057							#	   0.95	  12.58	
    309	  -0.04	   0.10	  0.004	1.00001							#	   1.12	  11.36	
    310									skipped		#	   1.44	   6.21	
    311									skipped		#	   0.72	   3.64	
    312									skipped		#	   0.68	   3.28	
    313									skipped		#	   0.46	   7.42	
    314	  -1.05	   0.52	 -0.010	1.00040							#	   0.14	  10.10	
    315	   6.25	  -1.69	 -0.005	0.99960							#	   0.61	  17.37	
    316	  -2.06	   0.32	 -0.011	1.00009							#	   0.52	  11.92	
    317	  -0.39	   1.23	 -0.038	1.00006							#	   0.55	  11.92	
    318	   3.78	  -0.73	  0.010	0.99956							#	   0.60	  17.63	
    319	   1.76	   2.04	  0.027	0.99997							#	   0.37	  12.63	
    320	  -0.46	  -1.28	  0.022	0.99950							#	   0.28	  20.66	
    321	   0.33	  -2.38	  0.014	0.99990							#	   0.45	  19.95	
    322	  -2.97	   0.36	  0.018	0.99959							#	   0.72	  20.25	
    323	  -0.07	  -1.02	 -0.006	1.00036							#	   0.32	  12.02	
    324	   4.05	   4.49	  0.016	0.99953							#	   0.46	  10.51	
    325	  -1.28	  -1.84	 -0.003	1.00002							#	   0.51	  20.30	
    326	  -1.99	  -0.27	 -0.017	0.99999							#	   0.49	  23.89	
    327	  -2.11	   1.94	  0.020	1.00041							#	   0.37	  13.84	
    328	   2.44	  -1.25	 -0.031	0.99968							#	   0.37	   8.08	
    329									skipped		#	   0.30	   7.37	
    330									skipped		#	   0.82	   7.78	
    331	   4.86	  -0.20	  0.031	0.99999							#	   0.55	  18.89	
    332	  -2.07	  -0.13	 -0.014	1.00043							#	   0.19	  16.36	
    333	   3.69	   2.12	 -0.004	1.00001							#	   0.58	  20.81	
    334	  -1.32	  -0.08	  0.002	1.00045							#	   0.11	  23.33	
    335	  -2.41	   0.23	 -0.025	1.00014							#	   0.16	  18.48	
    336	   3.87	   1.72	 -0.020	1.00057							#	   0.51	  19.90	
    337	  -0.54	   1.11	 -0.013	1.00017							#	   0.15	  17.12	
    338	   1.80	  -0.37	 -0.014	1.00021							#	   0.16	  17.37	
    339	  -1.03	   2.71	 -0.007	1.00058							#	   0.21	  12.42	
    340	  -0.42	   2.86	  0.024	0.99974							#	   0.08	   8.28	
    341	  -2.46	  -0.16	  0.009	1.00006							#	   0.20	   9.39	
    342									skipped		#	   1.02	   7.12	
    343									skipped		#	   0.17	   5.76	
    344									skipped		#	   0.33	   5.71	
    345									skipped		#	   0.26	   5.81	
    346									skipped		#	   0.53	   6.46	
    347	   2.07	   4.91	 -0.017	0.99982							#	   0.85	  10.71	
    348	  -0.79	  -1.29	 -0.018	1.00013							#	   0.76	   8.48	
    349									skipped		#	   0.67	   7.32	
    350	   2.57	   2.24	 -0.004	1.00008							#	   0.62	   8.59	
    351	  -2.59	   0.88	 -0.030	0.99960							#	   0.29	   9.44	
    352	  -4.55	   5.37	  0.003	1.00088							#	   1.32	  14.75	
    353									skipped		#	   0.96	   6.31	
    354									skipped		#	   0.86	   4.04	
    355									skipped		#	   0.63	   6.67	
    356									skipped		#	   1.53	   7.63	
    357									skipped		#	   1.51	   7.68	
    358									skipped		#	   1.22	   5.35	
    359	  -3.76	   1.17	 -0.005	1.00013							#	   1.29	   9.39	
    360									skipped		#	   0.93	   2.93	
    361	  -2.82	   5.01	  0.011	1.00048							#	   1.10	  10.81	
    362									skipped		#	   1.32	   6.11	
    363									skipped		#	   2.00	   4.09	
    364									skipped		#	   1.41	   7.83	
    365									skipped		#	   1.86	   4.44	
    366									skipped		#	   1.77	   7.98	
    367	  -4.30	   2.07	  0.012	1.00160							#	   1.97	   8.23	
    368									skipped		#	   1.20	   6.41	
    369									skipped		#	   1.09	   5.51	
    370									skipped		#	   2.19	   4.19	
    371									skipped		#	   1.48	   6.67	
    372									skipped		#	   1.72	   5.20	
    373									skipped		#	   1.39	   6.36	
    374									skipped		#	   1.82	   6.21	
    375									skipped		#	   2.12	   5.20	
    376	 -11.68	   2.92	  0.015	1.00076							#	   2.52	   9.04	
    377									skipped		#	   1.94	   6.57	
    378									skipped		#	   1.82	   3.08	
    379									skipped		#	   2.46	   2.27	
    380									skipped		#	   2.02	   4.65	
    381									skipped		#	   2.01	   3.13	
    382									skipped		#	   3.66	   2.12	
    383									skipped		#	   1.21	   3.89	
    384									skipped		#	   1.83	   2.73	
    385									skipped		#	   1.51	   2.32	
    386									skipped		#	   1.38	   2.27	
    387									skipped		#	   1.53	   4.24	
    388									skipped		#	   2.69	   4.19	
    389									skipped		#	   1.57	   2.98	
    390									skipped		#	   2.39	   3.08	
    391									skipped		#	   2.21	   4.09	
    392									skipped		#	   2.04	   4.14	
    393									skipped		#	   2.04	   6.11	
    394									skipped		#	   1.69	   5.35	
    395									skipped		#	   2.37	   1.57	
    396									skipped		#	   2.14	   1.87	
    397									skipped		#	   1.94	   2.07	
    398									skipped		#	   1.92	   1.67	
    399									skipped		#	   2.08	   1.92	
    400									skipped		#	   1.95	   1.82	
    401									skipped		#	   2.52	   2.98	
    402									skipped		#	   1.74	   2.73	
    403									skipped		#	   2.21	   1.52	
    404									skipped		#	   1.64	   4.85	
    405									skipped		#	   2.12	   2.98	
    406									skipped		#	   1.55	   3.13	
    407									skipped		#	   2.17	   2.78	
    408									skipped		#	   1.26	   5.00	
    409									skipped		#	   2.25	   3.84	
    410									skipped		#	   1.87	   5.15	
    411									skipped		#	   1.32	   3.18	
    412									skipped		#	   2.59	   3.13	
    413									skipped		#	   2.23	   5.76	
    414									skipped		#	   1.87	   3.08	
    415									skipped		#	   3.41	   6.06	
    416	 -21.08	   1.69	 -0.037	1.00140							#	   1.74	   8.84	
    417	 -20.03	  -0.90	 -0.040	1.00076							#	   1.75	   8.23	
    418									skipped		#	   1.36	   3.59	
    419									skipped		#	   1.70	   6.57	
    420									skipped		#	   1.38	   4.19	
    421									skipped		#	   1.47	   5.81	
    422									skipped		#	   1.71	   3.28	
    423									skipped		#	   2.16	   3.23	
    424									skipped		#	   2.23	   4.55	
    425									skipped		#	   1.34	   3.54	
    426									skipped		#	   1.70	   4.29	
    427									skipped		#	   2.07	   4.09	
    428									skipped		#	   1.21	   4.19	
    429									skipped		#	   1.84	   4.55	
    430									skipped		#	   2.02	   3.28	
    431									skipped		#	   3.10	   6.46	
    432									skipped		#	   1.43	   5.45	
    433									skipped		#	   0.91	   6.82	
    434									skipped		#	   1.16	   6.26	
    435									skipped		#	   0.70	   6.77	
    436									skipped		#	   0.76	   2.63	
    437									skipped		#	   1.37	   4.75	
    438									skipped		#	   0.77	   4.09	
    439									skipped		#	   1.47	   2.27	
    440									skipped		#	   1.19	   1.21	
    441									skipped		#	   2.28	   0.81	
    442									skipped		#	   1.20	   1.31	
    443									skipped		#	   1.31	   2.22	
    444									skipped		#	   1.58	   2.12	
    445									skipped		#	   1.37	   1.87	
    446									skipped		#	   1.92	   0.66	
    447									skipped		#	   1.66	   1.36	
    448									skipped		#	   1.53	   2.22	
    449									skipped		#	   1.07	   3.48	
    450									skipped		#	   0.76	   4.85	
    451									skipped		#	   0.31	   4.70	
    452	   1.14	   2.64	 -0.000	0.99740							#	   0.34	  11.31	
    453									skipped		#	   0.60	   6.97	
    454									skipped		#	   1.02	   6.06	
    455	   0.77	  -0.76	  0.000	0.99773							#	   0.57	   8.28	
    456	   3.18	  -3.45	 -0.028	1.00229							#	   0.29	   8.23	
    457	  -0.91	  -1.70	 -0.095	0.99989							#	   0.16	   9.44	
    458	  -3.46	  -0.78	 -0.124	1.00248							#	   0.47	   9.19	
    459									skipped		#	   0.65	   5.86	
    460	  -3.42	  -1.67	 -0.001	1.00006							#	   0.81	  17.42	
    461	   0.60	   2.79	 -0.024	0.99891							#	   0.91	  10.61	
    462	   0.47	  -0.27	  0.016	0.99973							#	   1.00	  15.45	
    463	  -4.03	  -1.54	 -0.027	1.00034							#	   1.10	  24.65	
    464	   2.05	  -0.66	 -0.022	1.00163							#	   0.53	  25.40	
    465	  -1.18	  -1.55	  0.053	1.00071							#	   0.25	  25.40	
    466	  -1.15	  -0.13	 -0.026	0.99961							#	   0.08	  20.66	
    467	   1.31	   0.53	  0.025	0.99999							#	   0.13	  22.17	
    468	   0.75	  -1.88	  0.013	1.00028							#	   0.19	  31.82	
    469	   1.86	   0.25	  0.011	1.00057							#	   0.15	  24.85	
    470	   0.43	  -2.11	 -0.077	1.00264							#	   0.26	  17.02	
    471	   0.97	  -1.21	 -0.080	1.00033							#	   0.72	  10.51	
    472	  -2.71	  -4.27	  0.026	1.00214							#	   0.91	  12.37	
    473									skipped		#	   1.07	   6.87	
    474	   3.27	  -0.13	  0.009	1.00133							#	   0.88	  12.17	
    475	  -2.83	  -1.36	  0.078	0.99960							#	   0.95	   9.34	
    476	   2.42	   1.42	 -0.063	0.99938							#	   1.50	  12.93	
    477	   4.28	   2.27	  0.075	0.99906							#	   1.55	  12.22	
    478	   0.23	   2.66	 -0.017	0.99972							#	   1.41	  15.30	
    479	  -2.20	   1.00	 -0.004	0.99811							#	   1.34	  15.45	
    480	  -1.11	   1.97	 -0.008	0.99965							#	   1.82	  10.96	
    481	  -5.02	   2.38	 -0.056	0.99960							#	   1.41	  15.91	
    482	   4.83	   3.07	  0.012	0.99916							#	   1.33	  15.35	
    483	   2.03	   2.28	  0.057	0.99886							#	   1.85	   8.23	
    484	 -11.25	   3.57	 -0.007	1.00079							#	   2.10	   8.59	
    485									skipped		#	   1.42	   7.78	
    486	   0.29	   3.66	  0.041	1.00302							#	   2.11	   9.04	
    487	  -4.76	   4.20	  0.068	1.00105							#	   1.68	  10.10	
    488	  -1.69	   2.05	  0.070	1.00004							#	   1.73	  12.07	
    489	  -2.54	  -1.77	  0.056	1.00026							#	   1.44	  10.96	
    490	  -0.58	   0.29	 -0.028	1.00204							#	   1.20	  13.08	
    491	  -6.97	   1.38	  0.005	1.00089							#	   1.08	  12.88	
    492									skipped		#	   0.64	   7.07	
    493	  -4.74	   0.59	  0.056	0.99786							#	   0.69	  18.23	
    494	  -8.90	   1.02	  0.132	1.00007							#	   0.88	   9.24	
    495	  -6.01	  -3.86	  0.092	0.99865							#	   0.49	  13.38	
    496	  -0.67	   3.44	  0.077	0.99839							#	   0.39	  14.24	
    497	  -3.12	  -2.36	  0.148	0.99724							#	   0.77	   9.49	
    498	  -3.48	  -2.53	  0.106	0.99697							#	   1.06	   8.48	
    499	  -4.70	  -0.81	 -0.011	1.00139							#	   0.93	  13.23	
    500	  -4.79	   0.11	  0.027	1.00072							#	   0.74	  17.12	
    501	  -3.05	   0.33	  0.014	1.00116							#	   0.60	  17.63	
    502	  -7.61	  -2.07	  0.040	0.99939							#	   1.20	  22.07	
    503	  -0.52	  -1.82	 -0.065	0.99946							#	   0.41	  10.51	
    504	  -0.81	   0.13	  0.008	1.00069							#	   0.57	  10.81	
    505	  -4.60	   1.11	  0.070	0.99924							#	   0.95	  13.23	
    506	  -3.70	  -2.65	 -0.086	0.99973							#	   1.01	  11.52	
    507	  -0.48	   3.60	  0.048	0.99951							#	   0.97	  12.32	
    508	  -4.85	  -2.58	  0.064	0.99991							#	   1.16	  13.48	
    509	  -4.87	   1.31	 -0.060	0.99805							#	   1.04	   9.39	
    510									skipped		#	   0.55	   7.93	
    511	  -4.22	  -0.68	  0.070	0.99815							#	   0.78	  20.86	
    512	  -5.17	  -2.79	 -0.105	0.99844							#	   1.06	   8.89	
    513	  -2.61	   3.39	  0.073	0.99811							#	   0.75	  16.57	
    514	  -2.62	  -1.18	  0.035	0.99961							#	   0.85	  17.88	
    515	  -1.52	  -0.51	  0.038	1.00124							#	   0.89	  16.06	
    516	  -0.87	   4.05	 -0.003	0.99801							#	   0.99	  14.14	
    517	   0.00	   1.64	  0.041	0.99973							#	   0.64	  11.72	
    518	  -3.79	  -0.81	  0.032	0.99882							#	   0.84	   9.29	
    519	  -0.10	  -3.08	 -0.013	1.00164							#	   0.92	  12.78	
    520	  -0.91	  -1.72	 -0.011	1.00023							#	   1.00	  13.43	
    521	  -1.15	   0.02	 -0.032	1.00009							#	   0.80	  12.63	
    522	   0.70	   3.07	 -0.009	0.99889							#	   0.90	  13.84	
    523	   0.57	  -1.73	  0.040	0.99940							#	   1.17	  13.99	
    524	   0.32	  -1.95	  0.014	0.99898							#	   1.47	  11.46	
    525	   0.61	   1.22	  0.050	1.00008							#	   1.47	  10.25	
    526	  -0.25	  -3.24	  0.057	0.99939							#	   2.32	  11.46	
    527	  -0.56	  -0.86	  0.071	0.99982							#	   1.83	   8.08	
    528	   4.28	   0.93	  0.053	0.99921							#	   2.53	  10.45	
    529	   2.88	   1.31	  0.065	0.99828							#	   2.36	   8.69	
    530									skipped		#	   3.02	   4.95	
    531									skipped		#	   2.66	   2.58	
    532									skipped		#	   1.85	   2.47	
    533									skipped		#	   0.97	   4.70	
    534									skipped		#	   1.48	   6.31	
    535									skipped		#	   1.83	   4.65	
    536									skipped		#	   0.94	   3.99	
    537									skipped		#	   0.95	   6.21	
    538									skipped		#	   2.00	   4.39	
    539									skipped		#	   1.77	   5.00	
    540									skipped		#	   2.52	   6.21	
    541	  23.73	  -3.51	  0.012	0.99981							#	   3.12	  12.37	
    542									skipped		#	   2.37	   5.96	
    543	  17.48	   2.19	  0.005	0.99936							#	   1.53	   8.23	
    544	  16.49	   1.32	 -0.046	0.99936							#	   1.48	  10.30	
    545	  18.63	   0.58	 -0.041	0.99959							#	   1.73	   8.84	
    546	  19.20	   0.43	  0.023	0.99911							#	   1.86	   9.70	
    547									skipped		#	   2.01	   7.68	
    548	  22.50	   1.16	  0.031	0.99917							#	   3.15	   8.18	
    549									skipped		#	   2.37	   7.58	
    550									skipped		#	   3.93	   4.24	
    551									skipped		#	   2.25	   3.23	
    552									skipped		#	   3.19	   4.14	
    553									skipped		#	   1.95	   2.63	
    554									skipped		#	   3.85	   4.39	
    555									skipped		#	   1.88	   2.27	
    556									skipped		#	   2.66	   1.11	
    557									skipped		#	   3.83	   2.12	
    558									skipped		#	   2.13	   1.77	
    559									skipped		#	   1.52	   1.62	
    560									skipped		#	   1.20	   0.81	
    561									skipped		#	   2.38	   1.52	
    562									skipped		#	   1.49	   0.45	
    563									skipped		#	   3.06	   1.41	
    564									skipped		#	   2.39	   0.91	
    565									skipped		#	   3.26	   1.36	
    566									skipped		#	   2.81	   0.61	
    567									skipped		#	   2.58	   1.36	
    568									skipped		#	   3.43	   2.27	
    569									skipped		#	   1.88	   1.26	
    570									skipped		#	   3.31	   2.17	
    571									skipped		#	   1.89	   2.63	
    572									skipped		#	   2.44	   3.33	
    573									skipped		#	   2.47	   2.07	
    574									skipped		#	   3.33	   1.46	
    575									skipped		#	   2.50	   3.54	
    576									skipped		#	   2.67	   4.29	
    577									skipped		#	   3.68	   5.56	
    578									skipped		#	   2.96	   6.92	
    579									skipped		#	   3.11	   6.01	
    580									skipped		#	   2.92	   2.53	
    581									skipped		#	   2.70	   2.07	
    582									skipped		#	   1.76	   2.12	
    583									skipped		#	   1.55	   4.85	
    584									skipped		#	   2.70	   5.81	
    585									skipped		#	   2.09	   4.90	
    586									skipped		#	   3.06	   4.60	
    587	  35.59	   3.82	  0.031	0.99777							#	   2.33	   9.09	
    588									skipped		#	   3.08	   4.55	
    589									skipped		#	   2.90	   5.00	
    590	  22.45	  -2.79	  0.023	0.99788							#	   2.93	   8.89	
    591									skipped		#	   2.35	   4.90	
    592									skipped		#	   2.29	   3.84	
    593	  21.49	   0.16	 -0.020	0.99928							#	   2.06	   8.18	
    594	  19.76	   3.90	 -0.001	0.99930							#	   1.78	  10.66	
    595									skipped		#	   1.37	   6.77	
    596	  17.36	  -0.10	  0.010	0.99981							#	   1.29	   9.95	
    597	  12.87	   2.06	 -0.025	0.99792							#	   0.72	  11.46	
    598									skipped		#	   0.64	   7.58	
    599	   4.31	  -0.75	  0.047	1.00015							#	   0.16	  16.57	
    600	  10.24	  -1.77	 -0.045	1.00072							#	   0.63	   8.08	
    601	   5.08	   1.00	 -0.012	1.00039							#	   0.30	  14.44	
    602	   1.83	  -0.72	 -0.023	1.00025							#	   0.40	  13.64	
    603	   3.59	  -0.38	  0.005	0.99968							#	   0.40	  20.25	
    604	   1.32	  -0.08	 -0.037	0.99990							#	   0.23	  22.37	
    605	   2.38	  -3.17	  0.009	0.99999							#	   0.43	  14.29	
    606	   1.93	   1.79	 -0.092	0.99920							#	   0.29	  13.23	
    607	   2.87	  -0.39	  0.061	0.99796							#	   0.27	  16.72	
    608									skipped		#	   0.49	   7.42	
    609	   5.32	   3.05	  0.065	0.99686							#	   0.27	  10.86	
    610									skipped		#	   0.94	   6.36	
    611									skipped		#	   0.66	   6.52	
    612									skipped		#	   0.45	   7.88	
    613	   4.45	   1.91	  0.012	1.00014							#	   0.46	  13.94	
    614	   4.15	  -3.88	 -0.049	1.00006							#	   0.27	  10.76	
    615	   0.01	   3.00	 -0.045	1.00022							#	   0.53	   9.39	
    616	   2.03	  -0.99	  0.011	0.99983							#	   0.22	  21.87	
    617	  -0.68	   1.26	  0.010	1.00098							#	   0.26	  19.85	
    618	   1.00	   0.96	 -0.125	1.00054							#	   0.13	  20.96	
    619	   4.60	  -2.19	  0.005	1.00134							#	   0.42	  21.57	
    620	  -5.10	  -1.81	 -0.017	1.00099							#	   1.27	  22.07	
    621	  -0.38	  -1.04	 -0.032	1.00090							#	   1.36	  28.33	
    622	  -0.15	   1.88	 -0.010	1.00099							#	   1.39	  26.26	
    623	   0.61	  -1.37	 -0.011	1.00002							#	   1.14	  16.11	
    624	   0.50	  -0.68	 -0.012	1.00085							#	   0.99	  18.59	
    625	  -3.40	  -0.85	 -0.012	1.00141							#	   0.83	  18.33	
    626	   1.06	  -0.96	 -0.043	1.00028							#	   0.62	  24.04	
    627	   1.66	  -0.13	  0.026	1.00106							#	   0.36	  16.26	
    628	  -4.95	  -2.35	 -0.006	1.00067							#	   0.49	  32.37	
    629	   2.68	   0.72	 -0.033	1.00122							#	   0.69	  25.00	
    630	  -1.85	   1.38	 -0.006	1.00139							#	   1.13	  17.98	
    631	   2.00	   1.92	  0.048	1.00048							#	   0.58	  13.94	
    632	   0.07	  -1.87	  0.065	1.00036							#	   0.36	  28.74	
    633	   0.04	  -1.70	 -0.020	1.00066							#	   0.32	  14.19	
    634	   2.80	  -0.43	  0.048	1.00064							#	   0.40	  10.56	
    635	  -6.11	  -3.15	 -0.011	1.00216							#	   0.43	  13.48	
    636	   3.97	  -2.02	  0.024	1.00082							#	   0.27	  19.55	
    637	   0.13	   0.92	  0.017	1.00166							#	   0.27	  20.71	
    638	   3.66	   1.29	 -0.101	0.99766							#	   0.24	   8.94	
    639									skipped		#	   1.54	   7.78	
    640	  -1.59	   0.02	 -0.015	0.99907							#	   0.21	  20.20	
    641	  -3.37	  -4.76	 -0.029	1.00059							#	   0.26	   9.65	
    642									skipped		#	   1.43	   7.68	
    643	   5.24	  -4.12	 -0.039	0.99912							#	   0.97	  11.87	
    644	   4.14	  -0.27	  0.044	0.99708							#	   0.44	  14.49	
    645									skipped		#	   1.39	   4.85	
    646									skipped		#	   0.38	   7.22	
    647									skipped		#	   1.01	   5.05	
    648									skipped		#	   0.51	   4.49	
    649	   2.54	  -4.09	 -0.037	0.99868							#	   0.44	   8.74	
    650									skipped		#	   0.37	   7.32	
    651									skipped		#	   0.37	   7.02	
    652	  -6.69	   0.12	  0.002	1.00225							#	   0.20	  11.06	
    653	 -12.87	   1.32	 -0.055	0.99986							#	   0.65	   8.89	
    654									skipped		#	   1.41	   6.52	
    655									skipped		#	   1.10	   7.68	
    656									skipped		#	   0.45	   4.49	
    657	 -26.17	  -2.82	 -0.082	1.00142							#	   2.76	   9.29	
    658	 -20.85	  -3.01	  0.000	0.99742							#	   1.07	   8.89	
    659									skipped		#	   1.14	   6.72	
    660	 -24.74	  -3.61	  0.046	0.99879							#	   2.34	   9.44	
    661	 -20.14	  -1.44	  0.001	0.99885							#	   2.11	  10.05	
    662									skipped		#	   3.60	   4.39	
    663									skipped		#	   1.93	   5.86	
    664									skipped		#	   2.77	   4.14	
    665									skipped		#	   2.79	   4.34	
    666	 -34.89	   1.40	 -0.050	1.00284							#	   2.65	  10.15	
    667	 -28.81	  -0.06	 -0.037	0.99794							#	   1.95	  12.53	
    668	 -31.53	  -0.53	 -0.029	0.99826							#	   2.91	  11.82	
    669									skipped		#	   1.29	   5.00	
    670									skipped		#	   1.55	   6.46	
    671									skipped		#	   1.10	   7.17	
    672	 -17.86	  -1.02	 -0.028	0.99922							#	   1.01	   9.04	
    673									skipped		#	   0.81	   7.53	
    674	 -17.43	  -1.97	 -0.075	0.99796							#	   1.19	  11.72	
    675									skipped		#	   0.47	   5.96	
    676									skipped		#	   0.49	   7.47	
    677	   1.26	   1.41	 -0.070	0.99802							#	   0.16	  11.36	
    678	   0.26	   1.03	 -0.014	0.99672							#	   0.12	   9.55	
    679	   0.20	  -0.34	 -0.034	0.99748							#	   0.08	   9.04	
    680									skipped		#	   1.27	   3.84	
    681	   8.36	   0.32	 -0.027	0.99647							#	   0.81	  10.81	
    682									skipped		#	   0.79	   4.14	
    683	   8.85	  -2.95	  0.007	0.99766							#	   1.47	   8.13	
    684									skipped		#	   0.98	   4.29	
    685									skipped		#	   0.94	   6.26	
    686	   5.91	  -1.52	 -0.015	0.99936							#	   0.95	  12.17	
    687									skipped		#	   1.57	   7.68	
    688									skipped		#	   1.23	   7.37	
    689	   4.81	  -1.90	  0.030	1.00097							#	   1.35	  12.17	
    690	   5.09	   0.66	  0.064	0.99918							#	   1.02	   8.23	
    691									skipped		#	   0.80	   7.17	
    692	   0.19	   0.63	 -0.103	1.00180							#	   0.78	  11.16	
    693	   9.45	  -0.90	 -0.091	0.99767							#	   1.39	   9.80	
    694	   5.93	  -1.93	 -0.006	1.00045							#	   1.34	  11.72	
    695									skipped		#	   1.03	   7.98	
    696	   5.34	  -3.04	 -0.072	1.00091							#	   1.51	  10.30	
    697	   6.95	   1.16	  0.006	1.00165							#	   1.93	  11.36	
    698	   4.13	  -5.23	 -0.004	0.99781							#	   0.49	  15.45	
    699	   6.65	  -1.60	 -0.101	1.00205							#	   1.48	  12.12	
    700	   8.43	   3.12	 -0.006	0.99634							#	   0.81	  11.92	
    701	   3.97	  -1.22	 -0.049	1.00072							#	   0.79	  13.33	
    702	   3.10	  -3.31	  0.029	1.00004							#	   0.47	  13.74	
    703	   7.11	  -0.60	 -0.043	0.99716							#	   0.80	  14.95	
    704	   4.74	  -2.81	 -0.076	0.99935							#	   0.64	  12.63	
    705	   5.47	   2.27	 -0.007	1.00002							#	   0.69	   9.90	
    706	   5.51	   0.19	 -0.052	1.00045							#	   0.59	  10.86	
    707	   1.14	  -0.88	  0.013	0.99947							#	   0.24	  10.35	
    708	   6.12	  -1.61	  0.014	0.99965							#	   0.51	  21.01	
    709	   4.20	  -3.67	 -0.046	0.99970							#	   0.60	  10.30	
    710	   3.67	   3.62	  0.020	1.00097							#	   0.16	  10.35	
    711	   4.71	   1.54	 -0.030	0.99807							#	   0.23	   9.60	
    712									skipped		#	   0.21	   6.87	
    713	   7.45	   2.53	 -0.011	0.99910							#	   0.92	  11.97	
    714									skipped		#	   0.59	   7.88	
    715	   2.44	   0.94	 -0.073	0.99848							#	   0.23	  12.58	
    716	  -2.86	  -0.25	 -0.006	0.99952							#	   0.25	  10.30	
    717									skipped		#	   0.66	   5.10	
    718	   0.20	   4.69	 -0.018	0.99813							#	   0.34	  10.56	
    719									skipped		#	   0.62	   5.56	
    720									skipped		#	   1.03	   6.87	
    721	  -5.24	   2.51	 -0.044	0.99835							#	   0.40	  12.88	
    722									skipped		#	   1.43	   7.78	
    723									skipped		#	   0.40	   6.62	
    724	   1.24	   7.11	 -0.007	0.99846							#	   0.53	  14.95	
    725	  -1.24	   3.11	 -0.016	0.99973							#	   0.24	  18.54	
    726	   2.38	   4.29	 -0.028	0.99930							#	   0.62	  18.13	
    727	   3.03	   1.91	 -0.035	0.99858							#	   0.39	  13.18	
    728	   1.07	   1.96	 -0.069	0.99949							#	   0.62	  16.52	
    729	   1.56	   1.04	  0.047	1.00143							#	   1.06	  12.02	
    730	  -1.24	  -0.02	  0.042	1.00153							#	   0.79	  12.88	
    731	  -0.85	   4.09	 -0.051	0.99826							#	   0.89	  12.63	
    732	  -5.98	  -1.95	 -0.033	0.99747							#	   0.56	  11.72	
    733									skipped		#	   0.18	   6.57	
    734	  -3.38	   5.49	 -0.068	1.00078							#	   0.91	  12.68	
    735	  -0.68	   0.90	 -0.022	0.99651							#	   0.26	  13.28	
    736	  -3.38	  -1.38	 -0.000	1.00004							#	   0.16	  11.36	
    737									skipped		#	   0.95	   7.37	
    738	   8.36	  -0.40	 -0.104	0.99631							#	   0.82	   9.19	
    739	   4.62	  -2.65	 -0.014	1.00018							#	   0.87	  15.81	
    740	   2.79	  -1.88	 -0.020	0.99745							#	   0.78	  12.37	
    741	   1.60	  -0.48	 -0.091	0.99795							#	   0.33	  13.69	
    742	   7.17	   0.71	  0.034	0.99873							#	   1.13	  13.54	
    743	   3.78	   2.45	 -0.120	0.99696							#	   0.25	  10.81	
    744	   5.77	   4.43	 -0.067	0.99934							#	   0.83	  14.44	
    745	  -0.93	  -4.18	  0.060	0.99746							#	   0.28	  22.78	
    746	  -2.37	   1.21	 -0.073	0.99902							#	   0.13	  13.69	
    747	   3.50	  -1.86	  0.125	0.99966							#	   0.38	  12.93	
    748	   5.92	   0.41	  0.064	0.99751							#	   0.39	  13.18	
    749	  -2.62	   0.77	  0.015	0.99903							#	   0.10	  21.77	
    750	  -0.90	   2.39	  0.014	0.99860							#	   0.15	  22.07	
    751	  -5.07	   1.26	  0.139	0.99921							#	   0.54	  16.87	
    752	   2.74	  11.68	 -0.068	0.99946							#	   1.34	  14.95	
    753	  -6.67	   5.21	 -0.024	1.00044							#	   0.35	  13.99	
    754	  -0.79	  12.13	 -0.034	0.99990							#	   1.06	  11.62	
    755									skipped		#	   1.28	   5.56	
    756									skipped		#	   2.05	   7.83	
    757									skipped		#	   1.35	   3.23	
    758									skipped		#	   2.66	   2.58	
    759									skipped		#	   1.75	   4.24	
    760									skipped		#	   1.92	   5.91	
    761	  -7.70	  24.21	  0.048	0.99752							#	   3.65	   9.14	
    762									skipped		#	   1.63	   5.15	
    763	  -6.06	  27.99	  0.091	0.99627							#	   3.33	   9.49	
    764									skipped		#	   2.63	   6.77	
    765	 -17.51	  28.88	 -0.030	0.99916							#	   3.86	  11.06	
    766	 -14.82	  19.32	 -0.039	0.99915							#	   1.94	  16.77	
    767									skipped		#	   1.95	   4.19	
    768	 -21.60	  12.69	 -0.062	0.99916							#	   2.62	  15.15	
    769	 -13.46	  12.04	  0.020	0.99841							#	   1.37	  12.02	
    770									skipped		#	   1.01	   7.27	
    771	 -20.15	   7.81	  0.049	0.99915							#	   2.25	  10.81	
    772	 -10.52	   6.40	 -0.126	0.99955							#	   0.77	  12.42	
    773	  -9.17	   4.71	  0.163	1.00415							#	   0.53	   9.75	
    774	 -10.54	   5.33	 -0.120	0.99906							#	   0.85	  11.67	
    775	   2.05	   1.73	  0.030	0.99743							#	   0.11	  11.87	
    776	  -1.55	   1.50	  0.070	0.99971							#	   0.08	  12.93	
    777	  -5.69	   3.22	 -0.031	0.99970							#	   0.45	  28.59	
    778	  -3.85	   1.97	 -0.007	1.00000							#	   0.24	  23.84	
    779	  -7.18	   1.65	  0.036	0.99955							#	   0.46	  24.65	
    780	  -7.16	   1.37	 -0.014	1.00161							#	   1.31	   8.89	
    781	   6.06	   3.87	  0.094	0.99918							#	   0.68	  10.76	
    782	  -4.10	   0.03	 -0.025	0.99918							#	   0.25	  23.79	
    783	  -7.23	  -1.38	 -0.030	0.99939							#	   0.78	  13.89	
    784	  -2.53	   4.23	 -0.024	0.99835							#	   0.45	  16.16	
    785	  -2.17	  -0.19	 -0.046	0.99996							#	   0.12	  19.55	
    786	   2.85	  -2.01	 -0.013	0.99963							#	   0.29	  26.46	
    787	  -7.78	  -4.36	 -0.003	0.99931							#	   1.03	   9.29	
    788	   3.76	  -3.91	 -0.002	0.99896							#	   0.29	   9.09	
    789	  -1.64	   3.81	  0.008	0.99973							#	   0.20	  19.34	
    790	  -2.81	  -9.64	  0.040	0.99877							#	   1.61	  13.13	
    791	  -8.44	   2.97	 -0.074	1.00074							#	   0.45	   9.29	
    792	   0.19	  -1.73	 -0.048	0.99977							#	   0.19	  10.81	
    793	  -3.90	  -8.70	  0.028	0.99945							#	   1.14	  17.17	
    794	  -3.67	  -2.55	 -0.009	1.00022							#	   0.24	  11.67	
    795									skipped		#	   0.84	   5.66	
    796	  -0.68	  -7.28	 -0.035	1.00053							#	   0.63	  17.83	
    797	  -1.91	  -8.00	 -0.033	1.00057							#	   1.01	  10.20	
    798	  -3.63	  -7.49	 -0.023	1.00026							#	   0.79	  16.72	
    799	  -3.90	  -8.90	  0.014	1.00105							#	   0.92	   8.74	
    800	  -6.42	  -6.78	  0.019	0.99837							#	   1.65	  14.09	
    801	  -1.17	 -11.39	 -0.040	1.00003							#	   1.09	  23.13	
    802	  -0.11	  -2.90	 -0.006	1.00164							#	   0.14	  14.34	
    803	  -2.69	 -13.62	  0.010	0.99938							#	   1.51	  11.11	
    804	  -4.67	  -3.54	 -0.014	1.00064							#	   0.24	  19.49	
    805	  -0.61	 -11.00	 -0.028	1.00007							#	   0.79	  12.53	
    806	   0.18	   0.96	 -0.016	1.00000							#	   0.20	  17.32	
    807	   0.67	 -10.33	 -0.019	0.99957							#	   1.05	   9.04	
    808	  -3.30	  -7.95	 -0.009	0.99991							#	   0.55	  17.88	
    809	   4.32	  -2.35	 -0.003	1.00035							#	   0.61	  20.35	
    810	  -1.56	  -4.87	 -0.010	0.99955							#	   0.47	   8.54	
    811	  -0.02	  -0.59	  0.009	1.00047							#	   0.31	  12.68	
    812	  -1.36	   0.53	  0.006	0.99874							#	   0.17	  10.81	
    813	  -6.17	  -3.89	 -0.003	1.00065							#	   1.03	  16.82	
    814	   1.48	   3.55	  0.025	1.00038							#	   0.35	  16.62	
    815	  -3.29	  -3.52	  0.007	1.00057							#	   0.74	  15.30	
    816	  -2.42	  -5.47	  0.023	0.99984							#	   1.06	  12.32	
    817	   2.48	   3.18	  0.030	1.00075							#	   2.19	  14.19	
    818	  -3.61	  -5.99	  0.000	0.99967							#	   1.05	  14.70	
    819	  -1.61	  -0.59	  0.026	1.00078							#	   1.46	  17.12	
    820	  -0.94	   1.80	 -0.020	0.99950							#	   1.38	   9.95	
    821									skipped		#	   1.31	   7.73	
    822	   2.92	   2.95	  0.020	1.00004							#	   1.15	  15.00	
    823	   4.91	  -1.24	 -0.006	0.99945							#	   0.75	   9.09	
    824	  -7.56	  -3.03	  0.003	1.00003							#	   0.78	  17.47	
    825	   4.27	   2.28	  0.020	1.00170							#	   0.51	   9.60	
    826	   1.23	  -1.05	  0.063	0.99966							#	   0.24	  16.26	
    827	  -2.89	  -2.39	  0.011	0.99991							#	   0.30	  15.40	
    828	   0.80	   0.56	  0.020	1.00047							#	   0.34	  19.44	
    829	   0.15	  -0.91	  0.001	1.00021							#	   0.21	  16.31	
    830	   1.96	  -1.29	 -0.001	0.99999							#	   0.44	  12.68	
    831	  -1.79	  -1.46	  0.025	1.00087							#	   0.22	  12.42	
    832	   2.33	   2.89	 -0.055	1.00016							#	   0.50	   8.43	
    833	  -0.08	  -3.54	 -0.030	0.99979							#	   0.91	  14.14	
    834	  -3.56	  -2.12	  0.011	1.00105							#	   1.29	  10.45	
    835	  -1.10	   1.81	 -0.059	1.00100							#	   1.12	   9.24	
    836	  -2.92	  -5.12	 -0.023	1.00064							#	   1.65	  12.78	
    837	   0.91	   1.54	  0.031	1.00179							#	   1.29	   8.84	
    838	  -0.52	  -0.10	  0.013	1.00023							#	   1.61	  17.68	
    839	  -3.91	  -3.56	  0.001	1.00065							#	   1.43	  11.01	
    840									skipped		#	   1.26	   6.36	
    841									skipped		#	   2.23	   6.92	
    842	  -1.10	   2.55	  0.004	1.00030							#	   1.31	  11.26	
    843	   0.67	  -2.53	  0.030	0.99965							#	   1.88	  13.59	
    844	  -4.84	  -4.08	 -0.028	1.00028							#	   2.30	   8.33	
    845	   2.16	   2.86	  0.017	1.00063							#	   1.56	  10.30	
    846	   0.41	  -3.66	  0.040	1.00003							#	   1.98	  14.75	
    847	  -3.23	  -5.88	  0.008	1.00034							#	   2.49	  12.58	
    848	   0.93	  -7.92	 -0.003	1.00041							#	   1.92	  12.78	
    849	  -1.00	  -0.08	 -0.001	1.00013							#	   2.49	  18.74	
    850	   2.53	   1.54	  0.048	1.00027							#	   2.44	  11.06	
    851									skipped		#	   3.20	   5.91	
    852	  -4.91	   1.37	  0.024	1.00057							#	   2.30	   9.95	
    853	   4.67	  -2.50	  0.078	0.99942							#	   1.88	   8.08	
    854	  -2.87	   2.12	  0.038	0.99949							#	   1.93	  17.17	
    855	   3.05	  -1.18	  0.028	0.99967							#	   1.40	  10.61	
    856									skipped		#	   1.28	   6.87	
    857	  -6.06	  -1.94	  0.006	1.00036							#	   1.54	  13.43	
    858	   2.58	  -2.92	  0.001	1.00064							#	   0.81	  19.55	
    859	   1.45	   1.49	 -0.021	1.00089							#	   0.59	  14.04	
    860									skipped		#	   0.56	   7.93	
    861	  -3.31	  -1.98	 -0.045	1.00102							#	   0.38	  10.71	
    862									skipped		#	   0.24	   7.68	
