      1	  -1.79	  -0.67	 -0.018	1.00046	  -1.90	  -0.87	 -0.013	1.00043			#	   0.03	  64.28	
      2	  -2.13	  -1.03	  0.002	1.00081	  -2.04	  -0.92	  0.020	1.00077			#	   0.15	  65.45	
      3	  -1.61	   0.17	 -0.001	1.00056	  -1.94	  -0.74	  0.003	1.00059			#	   0.11	  66.10	
      4	  -2.00	   1.66	  0.004	1.00050	  -1.80	   1.48	  0.017	1.00051			#	   0.23	  63.11	
      5	  -2.57	   0.21	 -0.003	1.00057	  -2.40	   0.73	  0.014	1.00032			#	   0.18	  66.88	
      6	  -3.62	  -0.12	  0.011	1.00044	  -2.89	   0.02	  0.020	1.00016			#	   0.30	  66.88	
      7	  -4.98	  -0.09	  0.027	1.00064	  -4.83	  -0.13	  0.069	1.00072			#	   0.51	  66.36	
      8	  -4.15	   0.03	  0.012	1.00048	  -4.99	  -0.19	  0.041	1.00055			#	   0.35	  67.80	
      9	  -2.19	   0.18	  0.015	0.99990	  -2.85	  -0.06	  0.023	0.99964			#	   0.11	  70.05	
     10	  -0.58	   1.21	  0.023	0.99985	  -1.33	   0.93	  0.026	0.99978			#	   0.08	  66.62	
     11	  -0.13	   0.29	  0.007	0.99993	   0.12	   1.10	  0.008	0.99959			#	   0.03	  68.45	
     12	  -1.30	  -0.59	  0.014	1.00007	  -0.97	  -0.75	  0.022	1.00012			#	   0.07	  67.10	
     13	  -1.76	  -0.73	  0.015	0.99999	  -1.76	  -0.46	  0.031	1.00006			#	   0.08	  67.75	
     14	  -1.66	  -0.50	  0.020	1.00010	  -2.03	  -0.81	  0.038	1.00014			#	   0.08	  67.19	
     15	  -0.21	  -0.21	  0.006	0.99993	  -0.74	  -0.34	  0.006	0.99992			#	   0.02	  69.57	
     16	   0.64	   0.21	  0.011	0.99997	   0.24	   0.01	 -0.002	1.00016			#	   0.04	  70.14	
     17	   1.15	  -0.27	  0.006	0.99990	   1.27	   0.28	 -0.002	0.99997			#	   0.05	  68.53	
     18	  -0.32	  -1.13	 -0.003	0.99995	   0.61	  -1.18	  0.004	1.00002			#	   0.07	  67.93	
     19	  -1.43	  -0.79	  0.008	0.99995	  -1.43	  -0.74	  0.012	1.00015			#	   0.07	  67.10	
     20	  -1.06	  -0.72	  0.011	1.00007	  -1.33	  -0.97	  0.022	0.99997			#	   0.05	  65.58	
     21	   0.28	  -0.45	 -0.015	0.99988	  -0.51	  -0.11	 -0.002	1.00016			#	   0.03	  67.62	
     22	   0.50	  -0.90	 -0.029	0.99997	   1.28	  -1.15	 -0.040	0.99996			#	   0.05	  68.40	
     23	  -0.70	   0.07	  0.001	1.00002	  -0.66	  -0.32	  0.003	0.99998			#	   0.02	  71.61	
     24	  -0.74	   0.60	  0.004	0.99983	  -0.54	   0.59	  0.008	0.99984			#	   0.04	  65.63	
     25	  -1.63	   0.31	 -0.013	0.99993	  -1.26	   0.19	  0.005	0.99968			#	   0.07	  67.27	
     26	  -1.04	   0.77	 -0.005	0.99991	  -1.83	   0.57	 -0.009	0.99984			#	   0.07	  68.36	
     27	   0.48	   0.53	  0.008	0.99990	  -0.05	   1.07	 -0.000	0.99989			#	   0.03	  69.31	
     28	   1.06	   0.17	  0.015	0.99993	   1.08	  -0.14	  0.003	0.99983			#	   0.04	  70.44	
     29	  -0.08	   0.58	  0.013	1.00000	   0.66	   0.62	  0.020	0.99971			#	   0.03	  66.10	
     30	  -2.20	   0.97	 -0.000	0.99984	  -1.18	   0.59	  0.018	0.99971			#	   0.20	  61.28	
     31	  -3.89	   1.02	  0.001	0.99980	  -3.33	   1.37	  0.022	0.99958			#	   0.38	  64.41	
     32	  -5.43	   0.91	  0.023	0.99990	  -5.20	   0.25	  0.056	0.99981			#	   0.64	  61.07	
     33	  -5.97	   1.57	  0.028	0.99878	  -5.10	   1.63	  0.050	0.99811			#	   0.89	  52.91	
     34	  -7.28	   0.18	  0.025	0.99902	  -7.17	   0.23	  0.087	0.99876			#	   1.02	  54.08	
     35	  -6.60	  -0.65	  0.029	0.99862	  -6.80	  -0.88	  0.067	0.99830			#	   0.68	  50.61	
     36	  -6.33	  -0.84	  0.028	0.99881	  -6.43	  -1.11	  0.063	0.99866			#	   0.80	  50.95	
     37	  -5.78	  -1.83	  0.019	0.99973	  -6.18	  -1.92	  0.070	0.99940			#	   0.59	  61.76	
     38	  -5.12	  -1.61	  0.015	0.99966	  -5.34	  -0.97	  0.044	1.00001			#	   0.45	  60.42	
     39	  -6.11	  -3.71	  0.009	0.99974	  -5.85	  -3.11	  0.058	1.00063			#	   0.92	  62.67	
     40	  -6.07	  -4.09	  0.009	0.99937	  -5.89	  -4.78	  0.032	0.99938			#	   0.78	  56.94	
     41	  -6.07	  -4.34	  0.005	0.99940	  -5.72	  -3.60	  0.048	0.99953			#	   0.90	  59.24	
     42	  -6.58	  -5.43	 -0.004	0.99873	  -5.52	  -5.81	  0.024	0.99947			#	   1.34	  49.31	
     43	  -8.63	  -5.00	  0.011	0.99794	  -7.49	  -6.38	  0.059	0.99843			#	   1.23	  46.61	
     44	 -10.18	  -3.96	  0.027	0.99744	  -8.86	  -5.62	  0.071	0.99770			#	   1.33	  48.05	
     45	 -11.56	  -2.51	  0.059	0.99669	 -11.00	  -4.19	  0.119	0.99719			#	   1.62	  43.49	
     46	 -12.15	  -1.75	  0.054	0.99657	 -11.92	  -3.73	  0.124	0.99666			#	   1.42	  43.75	
     47	 -11.51	  -1.14	  0.059	0.99639	 -11.41	  -2.25	  0.104	0.99618			#	   1.19	  42.53	
     48	 -11.01	  -1.35	  0.075	0.99665	 -10.67	  -3.01	  0.123	0.99610			#	   1.15	  40.84	
     49	  -9.82	  -0.63	  0.075	0.99742	 -11.30	  -1.91	  0.145	0.99725			#	   0.97	  41.36	
     50	  -7.14	  -1.06	  0.045	0.99839	  -7.17	  -1.16	  0.083	0.99725			#	   0.54	  48.65	
     51	  -6.54	  -1.77	  0.055	0.99878	  -6.92	  -1.72	  0.093	0.99914			#	   0.47	  51.95	
     52	  -6.10	  -3.54	  0.037	0.99992	  -6.94	  -2.67	  0.095	1.00037			#	   0.50	  59.55	
     53	  -5.34	  -4.44	  0.025	0.99993	  -5.78	  -4.63	  0.067	1.00056			#	   0.52	  56.81	
     54	  -4.46	  -4.21	  0.010	0.99963	  -4.95	  -4.16	  0.045	1.00078			#	   0.49	  59.16	
     55	  -4.55	  -5.31	  0.006	0.99991	  -4.64	  -4.93	  0.036	1.00081			#	   0.86	  57.42	
     56	  -4.95	  -3.88	  0.021	0.99989	  -5.09	  -5.61	  0.044	1.00104			#	   0.55	  59.03	
     57	  -5.24	  -1.99	  0.020	0.99963	  -5.14	  -2.22	  0.059	1.00037			#	   0.38	  59.38	
     58	  -6.09	  -2.18	 -0.003	0.99949	  -6.11	  -2.53	  0.054	0.99977			#	   0.52	  56.94	
     59	  -6.10	  -1.80	 -0.011	0.99970	  -6.09	  -2.18	  0.023	0.99982			#	   0.57	  57.81	
     60	  -6.66	  -1.60	  0.016	0.99958	  -6.71	  -1.68	  0.056	0.99979			#	   0.69	  53.47	
     61	  -5.85	  -1.13	  0.042	0.99956	  -6.63	  -1.46	  0.084	0.99991			#	   0.55	  57.64	
     62	  -4.90	  -1.88	  0.019	0.99981	  -5.47	  -1.59	  0.061	0.99969			#	   0.44	  61.50	
     63	  -4.38	  -2.46	  0.002	1.00007	  -4.67	  -2.39	  0.047	1.00037			#	   0.41	  60.16	
     64	  -3.16	  -2.17	 -0.013	0.99992	  -4.13	  -2.31	  0.011	1.00022			#	   0.33	  62.20	
     65	  -2.16	  -1.27	  0.006	0.99985	  -2.09	  -1.77	  0.004	1.00017			#	   0.14	  61.37	
     66	  -2.84	  -2.13	  0.013	0.99999	  -2.77	  -1.73	  0.038	1.00006			#	   0.26	  59.98	
     67	  -3.66	  -1.57	  0.000	0.99981	  -2.46	  -2.04	  0.024	0.99983			#	   0.24	  60.24	
     68	  -6.91	  -1.01	 -0.008	0.99939	  -6.08	  -1.41	  0.049	1.00002			#	   0.60	  51.17	
     69	  -7.38	  -1.25	 -0.014	0.99896	  -7.50	  -1.56	  0.033	0.99854			#	   0.73	  49.65	
     70	  -6.98	  -1.32	 -0.016	0.99891	  -6.60	  -1.42	  0.017	0.99883			#	   0.57	  49.09	
     71	  -7.61	  -2.20	 -0.006	0.99830	  -6.87	  -2.83	  0.034	0.99769			#	   0.87	  44.62	
     72	  -8.23	  -1.84	  0.017	0.99896	  -8.72	  -2.32	  0.073	0.99916			#	   0.94	  47.57	
     73	  -6.83	  -2.10	  0.012	0.99847	  -6.38	  -2.58	  0.033	0.99794			#	   0.59	  45.62	
     74	  -8.15	  -1.42	  0.034	0.99840	  -7.75	  -2.50	  0.078	0.99860			#	   0.80	  41.80	
     75	  -8.21	  -1.58	  0.023	0.99825	  -8.32	  -2.07	  0.081	0.99806			#	   0.81	  41.97	
     76	  -8.22	  -1.69	  0.022	0.99918	  -8.32	  -2.39	  0.075	0.99873			#	   0.69	  48.35	
     77	  -8.08	  -0.36	  0.031	0.99925	  -8.43	  -1.42	  0.084	0.99904			#	   0.66	  47.44	
     78	  -6.71	   1.07	  0.036	0.99913	  -7.91	   0.39	  0.078	0.99913			#	   0.48	  47.48	
     79	  -6.97	   1.63	  0.020	0.99971	  -6.35	   1.34	  0.066	0.99915			#	   0.53	  53.30	
     80	  -7.85	   1.95	  0.016	0.99872	  -7.18	   1.17	  0.059	0.99755			#	   0.92	  47.40	
     81	  -8.75	   3.22	  0.028	0.99859	  -8.62	   2.28	  0.084	0.99810			#	   0.94	  43.88	
     82	  -8.59	   3.17	  0.030	0.99884	  -9.47	   2.87	  0.088	0.99795			#	   0.97	  47.22	
     83	  -6.86	   3.20	  0.034	0.99945	  -7.40	   2.96	  0.074	0.99835			#	   0.67	  50.43	
     84	  -6.85	   2.40	  0.020	0.99931	  -6.73	   2.89	  0.069	0.99809			#	   0.68	  48.91	
     85	  -7.08	   2.14	  0.009	0.99918	  -6.73	   1.44	  0.053	0.99818			#	   0.69	  48.44	
     86	  -7.49	   2.78	  0.003	0.99883	  -7.51	   2.37	  0.051	0.99815			#	   0.77	  43.27	
     87	  -8.37	   3.00	 -0.008	0.99932	  -7.87	   2.27	  0.055	0.99799			#	   0.84	  49.48	
     88	  -8.31	   3.49	 -0.040	0.99829	  -8.56	   3.39	  0.020	0.99750			#	   1.17	  41.97	
     89	  -8.01	   1.77	 -0.053	0.99946	  -8.28	   2.23	 -0.010	0.99798			#	   0.66	  48.87	
     90	  -7.11	   1.52	 -0.039	0.99949	  -7.99	   1.51	  0.000	0.99860			#	   0.63	  44.10	
     91	  -5.10	   0.25	 -0.057	0.99991	  -5.89	   1.07	 -0.030	0.99930			#	   0.32	  59.90	
     92	  -4.92	  -0.58	 -0.045	1.00001	  -4.67	  -0.29	 -0.030	0.99965			#	   0.28	  57.07	
     93	  -6.52	  -1.32	 -0.011	0.99996	  -5.71	  -0.90	  0.010	0.99957			#	   0.54	  56.42	
     94	  -7.91	  -0.83	  0.005	0.99983	  -7.85	  -1.56	  0.069	0.99975			#	   0.92	  51.26	
     95	  -7.20	   0.48	 -0.019	1.00000	  -7.72	  -0.38	  0.033	0.99902			#	   0.59	  53.60	
     96	  -5.37	   2.20	 -0.032	0.99996	  -6.66	   1.94	 -0.000	0.99940			#	   0.51	  59.20	
     97	  -4.80	   3.19	 -0.034	0.99988	  -4.15	   3.22	 -0.025	0.99872			#	   0.53	  56.47	
     98	  -4.75	   1.90	 -0.024	1.00000	  -5.46	   2.74	  0.010	0.99919			#	   0.42	  59.46	
     99	  -5.12	   1.03	 -0.039	0.99995	  -4.24	   1.24	 -0.009	0.99933			#	   0.36	  57.73	
    100	  -6.70	   0.43	 -0.055	0.99996	  -6.61	   0.72	 -0.006	0.99937			#	   0.68	  56.51	
    101	  -7.49	   0.40	 -0.046	0.99993	  -7.04	   0.36	 -0.005	0.99913			#	   0.81	  56.29	
    102	  -8.50	   0.65	 -0.067	0.99922	  -8.06	   0.67	 -0.008	0.99872			#	   1.30	  49.05	
    103	  -8.94	   0.36	 -0.078	0.99903	  -8.78	  -0.11	 -0.033	0.99824			#	   1.02	  46.66	
    104	  -9.25	   0.61	 -0.046	0.99872	  -8.29	   0.12	 -0.026	0.99734			#	   1.13	  44.18	
    105	  -9.71	   0.44	 -0.014	0.99887	 -10.23	   0.31	  0.050	0.99780			#	   1.12	  44.31	
    106	  -8.03	   0.56	 -0.032	0.99943	  -8.21	   0.26	  0.012	0.99833			#	   0.73	  50.39	
    107	  -8.10	   0.42	 -0.015	0.99910	  -7.49	   0.63	  0.003	0.99834			#	   0.76	  48.13	
    108	  -9.21	  -0.39	  0.035	0.99909	  -9.17	  -0.62	  0.077	0.99867			#	   1.01	  46.57	
    109	  -8.75	  -0.27	  0.022	0.99861	  -8.51	  -0.58	  0.068	0.99757			#	   0.95	  44.36	
    110	  -8.29	  -0.84	  0.030	0.99911	  -8.49	  -0.85	  0.075	0.99846			#	   0.96	  48.48	
    111	  -8.03	  -0.92	  0.060	0.99931	  -8.09	  -1.40	  0.088	0.99908			#	   0.94	  47.57	
    112	  -8.41	  -0.63	  0.093	0.99896	  -7.68	  -0.96	  0.122	0.99863			#	   1.01	  45.88	
    113	 -10.40	  -0.92	  0.091	0.99827	  -9.23	  -1.28	  0.168	0.99794			#	   1.33	  40.19	
    114	 -11.14	  -1.49	  0.070	0.99760	 -10.45	  -1.87	  0.132	0.99671			#	   1.43	  38.93	
    115	 -10.82	  -2.14	  0.067	0.99771	 -10.44	  -2.84	  0.127	0.99667			#	   1.18	  39.80	
    116	 -10.56	  -1.30	  0.094	0.99805	 -10.75	  -2.64	  0.139	0.99796			#	   1.22	  40.58	
    117	  -9.17	  -1.47	  0.106	0.99859	  -9.98	  -1.15	  0.154	0.99805			#	   0.90	  39.97	
    118	  -8.87	  -1.33	  0.104	0.99862	  -7.79	  -3.02	  0.157	0.99834			#	   0.86	  40.93	
    119	  -9.70	   0.24	  0.094	0.99820	  -9.67	  -0.49	  0.150	0.99775			#	   0.92	  40.63	
    120	  -9.98	   0.54	  0.109	0.99832	  -9.50	   0.04	  0.170	0.99797			#	   1.00	  36.41	
    121	 -10.65	   0.20	  0.095	0.99799	  -9.88	  -0.62	  0.159	0.99753			#	   1.23	  41.02	
    122	 -11.34	   0.19	  0.088	0.99783	 -11.75	  -0.31	  0.175	0.99756			#	   1.31	  39.19	
    123	  -9.04	  -0.70	  0.079	0.99871	  -9.83	  -1.23	  0.129	0.99805			#	   0.79	  42.06	
    124	  -7.16	  -0.53	  0.090	0.99975	  -7.79	  -0.17	  0.152	0.99997			#	   0.56	  49.52	
    125	  -5.69	  -1.24	  0.093	0.99990	  -5.43	  -1.33	  0.128	0.99996			#	   0.39	  52.39	
    126	  -6.06	  -0.55	  0.093	0.99987	  -5.59	  -0.80	  0.149	0.99982			#	   0.42	  51.22	
    127	  -6.70	   0.07	  0.061	0.99958	  -6.11	  -0.12	  0.127	0.99927			#	   0.44	  52.91	
    128	  -6.25	   0.63	  0.047	1.00003	  -6.56	   0.10	  0.101	0.99996			#	   0.52	  52.17	
    129	  -4.21	   1.53	  0.071	0.99971	  -4.92	   1.29	  0.089	0.99948			#	   0.35	  53.60	
    130	  -2.26	   1.16	  0.062	0.99985	  -3.01	   1.52	  0.086	0.99947			#	   0.15	  53.34	
    131	  -1.28	   1.01	  0.027	0.99998	  -0.93	   0.99	  0.033	0.99966			#	   0.07	  52.73	
    132	  -2.38	   1.06	  0.033	0.99990	  -1.50	   1.17	  0.046	0.99972			#	   0.14	  52.99	
    133	  -4.59	   1.78	  0.049	0.99990	  -3.09	   1.13	  0.084	0.99941			#	   0.47	  53.73	
    134	  -6.61	   2.28	  0.035	0.99960	  -6.03	   2.63	  0.099	0.99921			#	   0.83	  50.82	
    135	  -6.56	   1.39	  0.017	0.99977	  -6.38	   1.32	  0.067	0.99969			#	   0.67	  51.52	
    136	  -6.25	   0.63	  0.034	0.99976	  -6.42	   1.04	  0.075	0.99930			#	   0.63	  52.08	
    137	  -5.44	   0.89	  0.068	0.99986	  -5.04	   0.79	  0.097	0.99986			#	   0.51	  52.69	
    138	  -5.36	   0.21	  0.079	0.99981	  -5.25	   0.57	  0.129	0.99972			#	   0.54	  52.60	
    139	  -5.37	  -0.52	  0.065	1.00008	  -5.18	  -0.42	  0.122	1.00001			#	   0.49	  52.95	
    140	  -4.70	  -0.31	  0.042	0.99982	  -4.56	  -0.59	  0.076	0.99992			#	   0.47	  53.95	
    141	  -5.28	   0.75	  0.049	0.99977	  -4.22	   0.26	  0.087	0.99965			#	   0.50	  51.65	
    142	  -6.54	   1.57	  0.067	0.99988	  -6.08	   1.21	  0.121	0.99973			#	   0.85	  49.65	
    143	  -5.93	   2.00	  0.064	0.99974	  -5.89	   1.80	  0.122	0.99941			#	   0.70	  54.17	
    144	  -5.17	   2.34	  0.046	0.99973	  -5.29	   2.39	  0.087	0.99968			#	   0.63	  52.82	
    145	  -5.42	   1.36	  0.051	0.99985	  -4.37	   2.05	  0.092	0.99936			#	   0.57	  53.26	
    146	  -6.17	   1.03	  0.072	0.99989	  -5.49	   0.40	  0.100	0.99988			#	   0.65	  53.56	
    147	  -7.51	   1.83	  0.106	0.99978	  -6.55	   1.72	  0.183	0.99915			#	   1.05	  52.39	
    148	  -7.01	   1.78	  0.080	0.99961	  -7.65	   1.57	  0.151	0.99944			#	   0.77	  52.82	
    149	  -5.04	   2.91	  0.071	0.99971	  -5.12	   2.20	  0.111	0.99941			#	   0.63	  53.52	
    150	  -4.43	   3.29	  0.071	0.99963	  -4.19	   3.36	  0.101	0.99899			#	   0.68	  49.61	
    151	  -5.36	   3.35	  0.083	0.99964	  -4.10	   3.64	  0.128	0.99912			#	   0.69	  51.82	
    152	  -7.41	   2.87	  0.058	0.99975	  -6.21	   2.19	  0.136	0.99910			#	   1.04	  49.18	
    153	  -8.40	   3.24	  0.038	0.99906	  -8.07	   3.86	  0.129	0.99887			#	   1.29	  44.75	
    154	  -7.95	   1.82	  0.016	0.99942	  -7.93	   1.22	  0.067	0.99902			#	   0.77	  50.26	
    155	  -7.52	   3.06	  0.055	0.99975	  -7.44	   2.40	  0.107	0.99907			#	   0.92	  51.69	
    156	  -6.53	   3.94	  0.066	0.99973	  -6.67	   3.72	  0.123	0.99915			#	   0.89	  51.82	
    157	  -5.53	   3.66	  0.053	0.99953	  -5.52	   3.78	  0.101	0.99853			#	   0.70	  52.60	
    158	  -5.75	   4.21	  0.049	0.99963	  -4.86	   3.98	  0.102	0.99901			#	   0.82	  53.56	
    159	  -7.21	   3.64	  0.044	0.99978	  -6.46	   4.25	  0.115	0.99876			#	   1.08	  54.04	
    160	  -7.59	   2.75	  0.038	0.99957	  -7.26	   2.95	  0.104	0.99885			#	   1.03	  52.69	
    161	  -8.08	   2.49	  0.041	0.99963	  -7.40	   2.47	  0.105	0.99858			#	   1.20	  51.69	
    162	  -8.82	   1.74	  0.055	1.00048	  -8.45	   2.94	  0.129	0.99945			#	   1.68	  44.97	
    163	  -8.60	   0.86	  0.062	1.00048	  -8.95	   1.15	  0.141	0.99989			#	   1.01	  45.57	
    164	  -6.90	   0.45	  0.020	0.99969	  -7.83	   0.50	  0.104	0.99901			#	   0.65	  52.78	
    165	  -5.54	   1.64	 -0.036	0.99971	  -5.05	   0.67	  0.007	0.99928			#	   0.45	  53.08	
    166	  -6.77	   3.04	 -0.009	0.99983	  -5.86	   2.76	  0.034	0.99879			#	   0.76	  51.69	
    167	  -7.22	   3.52	  0.001	0.99992	  -7.36	   3.16	  0.073	0.99922			#	   0.85	  50.87	
    168	  -7.08	   4.70	  0.007	0.99947	  -6.59	   4.30	  0.058	0.99817			#	   1.22	  51.22	
    169	  -7.13	   4.02	  0.019	0.99980	  -7.15	   4.64	  0.072	0.99835			#	   1.18	  52.04	
    170	  -7.86	   3.35	  0.025	1.00016	  -7.24	   3.81	  0.091	0.99856			#	   1.31	  50.22	
    171	  -8.74	   3.20	  0.011	1.00053	  -8.22	   3.65	  0.080	0.99963			#	   1.58	  46.48	
    172	  -9.48	   2.99	 -0.002	1.00051	  -9.38	   3.12	  0.084	0.99883			#	   1.53	  44.70	
    173	  -9.75	   3.99	 -0.016	1.00054	  -9.55	   4.30	  0.050	0.99950			#	   1.48	  46.83	
    174	  -8.66	   3.35	 -0.024	1.00047	  -9.62	   4.19	  0.056	0.99972			#	   1.17	  49.31	
    175	  -7.08	   3.44	 -0.041	0.99954	  -7.15	   2.36	  0.005	0.99791			#	   0.88	  52.39	
    176	  -7.70	   5.76	 -0.014	1.00016	  -7.09	   5.19	  0.040	0.99849			#	   1.39	  52.60	
    177	  -9.62	   6.13	 -0.030	1.00064	  -8.67	   7.36	  0.061	0.99916			#	   1.78	  47.53	
    178	 -10.93	   4.54	 -0.070	1.00037	 -10.84	   5.10	  0.033	0.99811			#	   1.67	  45.75	
    179	 -10.19	   5.21	 -0.067	1.00064	 -10.52	   5.28	 -0.019	0.99954			#	   1.76	  45.14	
    180	  -9.19	   5.39	 -0.016	1.00073	  -9.78	   5.89	  0.043	0.99905			#	   1.52	  47.09	
    181	  -7.72	   4.79	  0.000	1.00031	  -8.42	   5.69	  0.057	0.99912			#	   1.06	  52.91	
    182	  -7.85	   4.13	 -0.027	1.00012	  -7.24	   4.30	  0.036	0.99842			#	   1.02	  54.56	
    183	  -9.13	   3.50	 -0.027	1.00013	  -8.64	   4.58	  0.041	0.99878			#	   1.13	  53.34	
    184	 -10.69	   1.80	 -0.026	1.00040	  -9.78	   2.00	  0.040	0.99847			#	   1.66	  50.00	
    185	 -11.58	   2.83	  0.008	1.00175	 -11.22	   3.93	  0.084	1.00165			#	   1.78	  43.79	
    186	 -10.75	   1.77	  0.012	1.00162	 -11.59	   2.95	  0.095	1.00163			#	   1.38	  47.35	
    187	  -9.03	   1.77	  0.014	1.00030	  -9.57	   1.57	  0.055	0.99909			#	   1.08	  52.08	
    188	  -8.69	   2.47	  0.020	1.00033	  -8.46	   2.67	  0.074	0.99913			#	   0.99	  51.91	
    189	 -10.10	   2.93	  0.010	1.00021	  -9.03	   2.73	  0.062	0.99823			#	   1.35	  48.96	
    190	 -11.55	   3.58	  0.032	1.00007	 -11.65	   3.38	  0.118	0.99847			#	   1.83	  46.83	
    191	  -9.96	   3.86	  0.028	0.99979	 -10.62	   4.06	  0.091	0.99775			#	   1.25	  49.57	
    192	  -9.85	   3.86	  0.023	0.99987	  -8.97	   3.92	  0.072	0.99751			#	   1.40	  50.35	
    193	 -11.65	   4.00	  0.026	0.99871	 -11.06	   3.03	  0.116	0.99671			#	   1.85	  44.05	
    194	 -11.60	   4.92	  0.024	0.99861	 -11.37	   4.06	  0.091	0.99650			#	   1.75	  45.44	
    195	 -11.15	   5.64	  0.044	0.99784	 -11.20	   4.66	  0.101	0.99614			#	   1.82	  42.88	
    196	 -10.60	   5.27	  0.054	0.99911	 -11.17	   5.30	  0.130	0.99693			#	   1.71	  47.53	
    197	  -9.15	   5.16	  0.042	0.99904	  -9.23	   4.92	  0.107	0.99724			#	   1.37	  51.87	
    198	  -9.39	   4.59	  0.046	0.99936	  -9.03	   4.55	  0.097	0.99713			#	   1.44	  52.00	
    199	  -9.89	   3.91	  0.055	0.99869	  -9.71	   3.80	  0.129	0.99706			#	   1.52	  49.57	
    200	  -9.48	   4.20	  0.052	0.99890	  -9.56	   3.39	  0.114	0.99747			#	   1.33	  50.78	
    201	  -8.96	   3.73	  0.027	0.99918	  -9.20	   3.89	  0.111	0.99750			#	   1.21	  52.26	
    202	  -8.84	   3.24	 -0.003	0.99921	  -8.31	   3.06	  0.060	0.99745			#	   1.27	  53.34	
    203	  -9.72	   3.27	 -0.005	0.99896	  -9.41	   2.79	  0.068	0.99777			#	   1.69	  51.26	
    204	  -9.01	   2.88	 -0.001	0.99885	  -9.44	   2.87	  0.057	0.99768			#	   1.21	  55.16	
    205	  -7.48	   1.93	 -0.005	0.99928	  -8.35	   2.03	  0.061	0.99812			#	   0.96	  55.51	
    206	  -6.07	   1.50	 -0.035	0.99978	  -6.19	   1.44	  0.012	0.99900			#	   0.55	  65.41	
    207	  -6.39	   1.69	 -0.041	0.99988	  -5.98	   2.04	 -0.001	0.99926			#	   0.58	  67.62	
    208	  -7.03	   1.22	 -0.020	1.00003	  -6.80	   0.68	  0.022	0.99908			#	   0.68	  63.28	
    209	  -8.16	   3.08	 -0.010	0.99967	  -7.56	   2.28	  0.051	0.99898			#	   1.18	  58.20	
    210	  -8.55	   2.92	 -0.028	0.99955	  -8.48	   2.99	  0.044	0.99797			#	   1.32	  54.04	
    211	  -8.69	   3.92	 -0.011	0.99887	  -8.23	   2.84	  0.030	0.99759			#	   1.63	  55.30	
    212	  -9.21	   4.24	  0.020	0.99869	  -9.32	   4.01	  0.089	0.99792			#	   1.55	  49.52	
    213	  -8.74	   3.58	  0.015	0.99842	  -8.73	   3.28	  0.073	0.99733			#	   1.21	  52.43	
    214	  -8.44	   2.86	  0.006	0.99929	  -9.12	   2.93	  0.090	0.99857			#	   1.18	  56.51	
    215	  -6.27	   2.05	 -0.041	0.99983	  -7.06	   1.93	  0.015	0.99875			#	   0.63	  66.71	
    216	  -5.16	   2.98	 -0.037	1.00011	  -5.56	   2.72	 -0.016	0.99955			#	   0.57	  72.09	
    217	  -3.89	   3.05	 -0.019	0.99993	  -4.63	   3.02	  0.011	0.99943			#	   0.40	  72.09	
    218	  -2.78	   3.49	 -0.037	0.99984	  -2.95	   3.36	 -0.013	0.99923			#	   0.38	  70.14	
    219	  -2.60	   3.55	 -0.049	0.99987	  -2.63	   3.41	 -0.038	0.99931			#	   0.44	  72.79	
    220	  -3.63	   4.38	 -0.032	0.99993	  -2.70	   3.88	 -0.026	0.99894			#	   0.99	  75.78	
    221	  -5.36	   4.90	 -0.016	1.00012	  -4.99	   4.98	  0.030	0.99920			#	   1.44	  72.70	
    222	  -5.95	   5.22	 -0.045	0.99987	  -5.75	   4.70	  0.013	0.99856			#	   1.33	  69.92	
    223	  -6.26	   6.29	 -0.062	0.99987	  -6.26	   5.90	 -0.021	0.99850			#	   1.62	  71.01	
    224	  -5.77	   6.92	 -0.037	0.99996	  -6.15	   6.60	 -0.009	0.99855			#	   1.64	  72.27	
    225	  -4.93	   7.34	 -0.012	0.99970	  -5.32	   7.20	  0.016	0.99840			#	   1.55	  75.00	
    226	  -4.44	   7.05	 -0.020	0.99988	  -4.67	   7.26	  0.017	0.99844			#	   1.21	  77.52	
    227	  -4.31	   6.79	 -0.046	0.99980	  -4.03	   7.07	 -0.014	0.99863			#	   1.12	  76.56	
    228	  -5.84	   6.39	 -0.036	0.99996	  -5.05	   6.37	 -0.010	0.99865			#	   1.35	  73.44	
    229	  -7.31	   6.32	  0.010	0.99925	  -6.82	   6.19	  0.053	0.99824			#	   1.49	  61.68	
    230	  -7.62	   6.06	  0.030	0.99947	  -7.95	   5.49	  0.104	0.99783			#	   1.82	  64.32	
    231	  -5.66	   6.78	  0.003	1.00001	  -6.64	   6.94	  0.055	0.99888			#	   1.42	  72.61	
    232	  -3.77	   6.60	 -0.006	0.99993	  -4.46	   6.50	  0.015	0.99876			#	   1.24	  75.39	
    233	  -1.96	   7.02	  0.008	0.99965	  -2.78	   6.73	  0.010	0.99864			#	   1.23	  75.91	
    234	  -1.25	   6.79	  0.006	0.99989	  -1.28	   7.16	  0.020	0.99853			#	   1.21	  76.35	
    235	  -1.26	   6.45	 -0.016	0.99978	  -1.17	   6.18	 -0.004	0.99867			#	   0.97	  75.52	
    236	  -2.12	   6.82	 -0.026	0.99985	  -1.64	   7.08	 -0.008	0.99858			#	   1.31	  75.61	
    237	  -2.78	   6.28	 -0.031	1.00002	  -2.76	   6.05	 -0.003	0.99882			#	   1.10	  76.17	
    238	  -2.41	   7.41	 -0.027	0.99975	  -2.55	   6.86	 -0.025	0.99843			#	   1.60	  76.65	
    239	  -2.58	   8.10	 -0.002	0.99984	  -2.49	   8.20	  0.016	0.99837			#	   1.74	  77.91	
    240	  -2.65	   7.65	 -0.010	0.99729	  -2.44	   7.53	  0.008	0.99611			#	   1.84	  73.65	
    241	  -3.46	   7.84	 -0.006	0.99843	  -2.89	   7.79	  0.018	0.99693			#	   1.67	  78.99	
    242	  -3.77	   7.28	 -0.003	0.99863	  -4.44	   7.58	  0.030	0.99742			#	   1.64	  80.77	
    243	  -2.02	   6.87	 -0.002	0.99963	  -2.49	   7.09	  0.008	0.99821			#	   1.25	  80.73	
    244	  -1.15	   6.26	 -0.010	1.00107	  -1.69	   6.36	  0.004	0.99964			#	   0.85	  78.69	
    245	  -0.33	   6.12	 -0.017	1.00123	  -0.53	   6.25	 -0.015	1.00006			#	   0.80	  79.56	
    246	  -0.19	   6.18	 -0.007	1.00112	  -0.08	   5.90	 -0.014	1.00008			#	   0.80	  80.86	
    247	  -0.74	   6.55	  0.010	0.99991	  -0.44	   6.59	  0.017	0.99892			#	   0.90	  81.47	
    248	  -1.13	   5.76	  0.005	0.99868	  -0.93	   5.95	  0.019	0.99784			#	   0.85	  80.90	
    249	  -1.74	   5.92	 -0.002	0.99851	  -1.57	   5.74	  0.019	0.99768			#	   1.20	  80.34	
    250	  -2.35	   5.48	 -0.013	0.99982	  -1.91	   5.68	  0.005	0.99832			#	   0.98	  80.90	
    251	  -2.71	   6.66	 -0.001	1.00038	  -2.81	   5.38	  0.011	0.99922			#	   1.36	  81.34	
    252	  -2.83	   8.12	  0.020	1.00042	  -2.91	   8.19	  0.040	0.99879			#	   1.97	  80.95	
    253	  -1.70	   7.61	  0.025	1.00058	  -2.62	   7.76	  0.052	0.99920			#	   1.31	  81.90	
    254	   0.19	   7.55	  0.009	1.00040	  -0.31	   7.66	  0.011	0.99907			#	   1.21	  83.94	
    255	   0.60	   7.20	  0.012	1.00061	   0.68	   6.91	  0.005	0.99929			#	   1.04	  82.55	
    256	   0.03	   7.64	  0.025	1.00057	   0.14	   7.61	  0.029	0.99918			#	   1.05	  84.81	
    257	   0.51	   7.75	  0.024	1.00004	   0.37	   7.33	  0.027	0.99862			#	   1.04	  83.33	
    258	   0.12	   8.79	  0.030	0.99983	   0.55	   8.26	  0.027	0.99844			#	   1.52	  83.81	
    259	  -0.26	   8.60	  0.028	0.99995	  -0.54	   8.89	  0.052	0.99823			#	   1.30	  83.29	
    260	   0.98	   8.60	 -0.005	0.99976	   0.62	   8.39	  0.001	0.99822			#	   1.51	  82.86	
    261	   1.22	   8.49	 -0.006	0.99990	   1.21	   8.67	 -0.012	0.99830			#	   1.75	  82.47	
    262	   1.28	   7.63	 -0.005	0.99986	   1.41	   7.99	 -0.003	0.99825			#	   1.22	  83.90	
    263	   0.89	   6.80	 -0.017	0.99991	   1.35	   7.03	 -0.023	0.99871			#	   0.96	  82.94	
    264	  -1.34	   5.93	 -0.019	0.99989	   0.03	   6.57	 -0.002	0.99872			#	   0.76	  81.94	
    265	  -3.78	   4.80	 -0.011	1.00008	  -2.80	   4.83	  0.015	0.99912			#	   0.60	  82.94	
    266	  -5.72	   5.14	  0.019	1.00008	  -4.89	   5.07	  0.046	0.99896			#	   0.94	  79.51	
    267	  -6.61	   4.42	  0.041	1.00018	  -6.91	   4.66	  0.114	0.99888			#	   1.28	  75.78	
    268	  -5.45	   4.70	  0.019	0.99976	  -5.85	   4.56	  0.068	0.99859			#	   1.00	  82.38	
    269	  -4.44	   3.92	  0.026	1.00023	  -4.86	   4.32	  0.056	0.99943			#	   0.68	  85.50	
    270	  -3.63	   3.52	  0.029	0.99994	  -3.73	   3.15	  0.058	0.99919			#	   0.55	  83.29	
    271	  -3.80	   4.67	  0.020	0.99991	  -3.46	   4.43	  0.059	0.99931			#	   0.74	  85.89	
    272	  -4.46	   4.14	  0.003	0.99994	  -4.30	   4.42	  0.050	0.99904			#	   0.81	  86.63	
    273	  -4.43	   4.19	 -0.009	1.00001	  -4.50	   3.79	  0.030	0.99921			#	   0.85	  86.20	
    274	  -4.18	   4.53	 -0.005	0.99998	  -4.22	   4.47	  0.029	0.99915			#	   1.15	  86.59	
    275	  -3.41	   4.61	  0.004	0.99995	  -3.96	   4.37	  0.036	0.99914			#	   0.94	  87.20	
    276	  -1.92	   4.70	 -0.000	0.99985	  -2.55	   4.87	  0.028	0.99887			#	   0.86	  86.46	
    277	  -0.22	   3.83	 -0.016	1.00000	  -0.97	   3.83	 -0.007	0.99926			#	   0.43	  86.41	
    278	   0.72	   4.20	 -0.025	0.99985	   0.70	   4.23	 -0.027	0.99916			#	   0.53	  86.20	
    279	   0.50	   3.51	 -0.019	1.00000	   0.98	   3.13	 -0.024	0.99907			#	   0.39	  85.55	
    280	  -0.94	   5.40	 -0.017	1.00003	  -0.37	   4.56	  0.003	0.99921			#	   0.86	  87.24	
    281	  -0.77	   5.05	 -0.047	0.99996	  -1.25	   5.50	 -0.011	0.99888			#	   0.85	  87.33	
    282	   0.04	   4.98	 -0.066	0.99996	   0.09	   4.64	 -0.062	0.99893			#	   0.85	  87.20	
    283	   0.11	   5.41	 -0.057	0.99995	   0.07	   5.19	 -0.058	0.99908			#	   0.94	  88.41	
    284	  -0.08	   5.45	 -0.034	1.00001	   0.08	   5.08	 -0.034	0.99887			#	   1.01	  86.89	
    285	  -0.18	   6.24	 -0.036	0.99992	   0.14	   5.97	 -0.018	0.99888			#	   1.37	  87.80	
    286	  -0.86	   6.26	 -0.064	0.99983	  -0.37	   5.94	 -0.047	0.99863			#	   1.08	  86.50	
    287	  -2.26	   6.67	 -0.043	0.99998	  -1.78	   6.48	 -0.029	0.99867			#	   1.36	  86.76	
    288	  -1.58	   6.58	 -0.025	0.99979	  -2.16	   6.59	 -0.003	0.99869			#	   1.14	  87.11	
    289	  -0.05	   6.70	 -0.035	0.99991	  -0.77	   6.29	 -0.024	0.99872			#	   1.03	  87.20	
    290	   0.60	   7.02	 -0.040	0.99991	   0.96	   7.09	 -0.036	0.99847			#	   1.13	  87.28	
    291	   0.18	   6.36	 -0.035	0.99995	   0.27	   6.31	 -0.034	0.99875			#	   0.86	  87.72	
    292	  -0.30	   6.42	 -0.029	0.99985	   0.15	   6.59	 -0.017	0.99874			#	   0.93	  87.63	
    293	  -1.13	   5.61	 -0.029	0.99991	  -0.56	   5.40	 -0.017	0.99884			#	   0.83	  86.24	
    294	  -2.34	   6.12	 -0.019	0.99987	  -1.99	   6.11	  0.006	0.99891			#	   1.17	  87.37	
    295	  -1.89	   5.13	 -0.014	0.99987	  -2.10	   5.47	  0.007	0.99871			#	   0.88	  86.98	
    296	  -1.49	   4.62	 -0.036	1.00007	  -1.81	   4.72	  0.005	0.99913			#	   0.81	  87.02	
    297	  -0.33	   4.44	 -0.065	0.99991	  -0.23	   4.40	 -0.060	0.99906			#	   0.55	  88.02	
    298	  -0.80	   3.08	 -0.051	1.00007	  -0.53	   3.44	 -0.042	0.99916			#	   0.34	  87.76	
    299	  -1.04	   4.54	 -0.050	1.00000	  -0.90	   3.45	 -0.032	0.99926			#	   0.50	  87.41	
    300	  -1.01	   5.20	 -0.051	1.00011	  -0.94	   5.26	 -0.034	0.99887			#	   0.90	  84.85	
    301	  -0.02	   5.59	 -0.051	1.00008	  -0.87	   4.96	 -0.038	0.99920			#	   0.73	  87.76	
    302	   1.13	   6.67	 -0.068	1.00001	   1.33	   5.96	 -0.060	0.99862			#	   1.14	  86.41	
    303	   1.54	   8.08	 -0.087	0.99993	   1.15	   7.36	 -0.082	0.99846			#	   1.35	  86.98	
    304	   2.17	   9.06	 -0.090	0.99990	   2.36	   8.75	 -0.104	0.99825			#	   1.64	  85.59	
    305	   0.92	   9.26	 -0.076	0.99994	   1.83	   9.01	 -0.075	0.99827			#	   1.52	  85.55	
    306	  -0.44	   9.33	 -0.078	0.99996	   0.26	   9.38	 -0.063	0.99817			#	   1.74	  85.98	
    307	  -0.63	   9.45	 -0.066	0.99990	  -0.82	   8.78	 -0.060	0.99830			#	   1.70	  85.37	
    308	  -0.69	  10.50	 -0.061	0.99975	  -0.13	  10.20	 -0.048	0.99793			#	   1.91	  84.29	
    309	  -1.49	   9.99	 -0.060	0.99996	  -1.64	  10.22	 -0.032	0.99826			#	   1.40	  85.72	
    310	   0.15	   9.56	 -0.044	0.99961	  -0.20	   9.61	 -0.055	0.99789			#	   1.22	  84.90	
    311	  -0.10	   9.32	 -0.028	0.99985	   0.35	   9.23	 -0.022	0.99825			#	   1.25	  85.72	
    312	  -0.35	   8.72	 -0.024	0.99987	  -0.28	   8.88	 -0.012	0.99843			#	   1.05	  86.07	
    313	  -1.41	   8.29	 -0.030	0.99986	  -0.49	   8.37	 -0.006	0.99823			#	   1.05	  86.15	
    314	  -1.43	   8.64	 -0.031	0.99982	  -2.11	   8.03	 -0.010	0.99858			#	   1.05	  86.02	
    315	   0.25	   8.56	 -0.030	0.99967	  -0.07	   8.67	 -0.028	0.99807			#	   1.09	  84.59	
    316	   0.87	   8.75	 -0.032	0.99992	   0.62	   8.39	 -0.027	0.99851			#	   1.04	  85.03	
    317	   1.19	   7.14	 -0.031	0.99977	   1.19	   7.36	 -0.035	0.99853			#	   0.71	  85.46	
    318	   1.19	   7.69	 -0.039	0.99982	   1.43	   7.94	 -0.031	0.99842			#	   0.84	  84.72	
    319	   0.89	   7.66	 -0.065	0.99985	   0.88	   7.47	 -0.046	0.99860			#	   0.87	  86.11	
    320	   2.03	   7.25	 -0.076	0.99995	   1.59	   7.01	 -0.092	0.99862			#	   0.80	  83.85	
    321	   2.69	   7.97	 -0.077	0.99988	   2.59	   7.67	 -0.082	0.99848			#	   0.95	  83.64	
    322	   2.22	   8.23	 -0.080	0.99988	   2.77	   7.66	 -0.086	0.99850			#	   1.17	  83.38	
    323	   1.43	   9.23	 -0.082	0.99975	   1.82	   8.63	 -0.080	0.99808			#	   1.27	  83.64	
    324	   0.64	  10.24	 -0.107	0.99980	   1.21	   9.70	 -0.097	0.99826			#	   1.39	  83.98	
    325	  -0.79	   9.90	 -0.134	0.99963	   0.38	  10.39	 -0.114	0.99789			#	   1.18	  84.46	
    326	  -4.15	   9.25	 -0.123	0.99969	  -2.20	   9.16	 -0.101	0.99814			#	   1.14	  83.94	
    327	  -7.07	   9.01	 -0.103	0.99990	  -6.14	   9.06	 -0.042	0.99861			#	   1.72	  77.21	
    328	  -7.30	   8.37	 -0.130	1.00053	  -7.19	   8.81	 -0.060	0.99950			#	   1.11	  71.79	
    329	  -5.39	   8.37	 -0.126	0.99982	  -6.27	   7.65	 -0.075	0.99827			#	   0.95	  78.73	
    330	  -2.68	   9.48	 -0.107	0.99990	  -3.67	   9.07	 -0.097	0.99838			#	   0.87	  82.20	
    331	  -0.31	   9.88	 -0.067	0.99981	  -1.03	   9.49	 -0.074	0.99815			#	   0.88	  85.55	
    332	   0.56	  10.53	 -0.080	0.99973	   1.00	  10.28	 -0.065	0.99799			#	   1.04	  85.85	
    333	  -0.81	  10.43	 -0.126	0.99976	   0.26	  10.40	 -0.101	0.99791			#	   1.00	  84.72	
    334	  -2.75	  10.38	 -0.119	1.00002	  -1.80	  10.17	 -0.105	0.99821			#	   1.13	  83.25	
    335	  -3.36	  10.53	 -0.090	0.99990	  -3.11	  10.42	 -0.064	0.99822			#	   1.11	  83.59	
    336	  -3.23	  10.39	 -0.094	0.99982	  -3.17	  10.64	 -0.063	0.99814			#	   1.14	  84.85	
    337	  -3.02	   8.90	 -0.101	0.99985	  -2.76	   9.47	 -0.073	0.99827			#	   0.91	  83.42	
    338	  -3.06	   8.33	 -0.108	0.99993	  -2.98	   8.23	 -0.071	0.99853			#	   0.93	  83.81	
    339	  -1.87	   8.16	 -0.105	0.99998	  -2.61	   8.27	 -0.087	0.99860			#	   0.86	  84.07	
    340	   0.41	   7.59	 -0.095	1.00004	  -0.33	   7.73	 -0.096	0.99870			#	   0.81	  84.07	
    341	   2.12	   7.01	 -0.096	0.99999	   1.74	   7.04	 -0.107	0.99876			#	   0.71	  82.42	
    342	   2.40	   7.31	 -0.087	0.99993	   2.87	   6.99	 -0.106	0.99872			#	   0.78	  82.60	
    343	   1.08	   6.25	 -0.063	1.00000	   1.77	   6.20	 -0.068	0.99891			#	   0.65	  80.51	
    344	  -0.31	   7.04	 -0.083	0.99992	   0.76	   7.22	 -0.065	0.99872			#	   0.59	  82.90	
    345	  -1.16	   6.62	 -0.105	1.00006	  -1.23	   6.59	 -0.073	0.99884			#	   0.55	  82.86	
    346	   0.88	   6.56	 -0.122	1.00007	  -0.14	   6.56	 -0.116	0.99897			#	   0.58	  81.55	
    347	   3.02	   6.86	 -0.108	0.99992	   2.64	   6.39	 -0.148	0.99885			#	   0.73	  79.17	
    348	   2.83	   6.81	 -0.076	0.99996	   3.58	   7.32	 -0.107	0.99872			#	   0.99	  79.43	
    349	   1.61	   5.94	 -0.097	1.00004	   2.28	   6.13	 -0.092	0.99906			#	   0.59	  80.77	
    350	   0.05	   5.47	 -0.116	0.99996	   1.33	   5.59	 -0.115	0.99913			#	   0.49	  82.86	
    351	  -2.64	   5.45	 -0.109	0.99994	  -1.28	   5.26	 -0.095	0.99914			#	   0.54	  79.60	
    352	  -4.70	   5.99	 -0.082	0.99994	  -3.81	   5.16	 -0.067	0.99897			#	   0.78	  76.43	
    353	  -4.78	   7.84	 -0.022	0.99971	  -5.19	   7.23	  0.003	0.99874			#	   1.02	  76.61	
    354	  -2.67	   7.50	 -0.023	0.99987	  -3.93	   7.95	  0.017	0.99872			#	   0.74	  79.34	
    355	   0.80	   6.69	 -0.067	0.99976	  -0.47	   6.59	 -0.056	0.99877			#	   0.59	  81.86	
    356	   2.15	   6.99	 -0.099	0.99980	   2.44	   6.79	 -0.112	0.99848			#	   0.62	  80.47	
    357	   2.02	   7.43	 -0.096	0.99984	   2.11	   7.14	 -0.112	0.99888			#	   0.69	  79.21	
    358	   1.67	   7.47	 -0.096	0.99975	   2.27	   7.46	 -0.115	0.99849			#	   0.69	  79.69	
    359	   0.88	   7.74	 -0.097	0.99977	   1.06	   7.28	 -0.095	0.99873			#	   0.88	  79.99	
    360	   1.27	   8.27	 -0.094	0.99969	   1.14	   7.94	 -0.106	0.99818			#	   0.89	  74.87	
    361	   1.99	   8.13	 -0.085	0.99966	   1.67	   8.47	 -0.104	0.99852			#	   0.82	  80.38	
    362	   2.89	   7.37	 -0.077	0.99966	   2.85	   7.46	 -0.095	0.99832			#	   0.81	  78.65	
    363	   3.20	   7.23	 -0.092	0.99982	   3.16	   7.09	 -0.113	0.99869			#	   0.78	  78.78	
    364	   3.24	   7.81	 -0.088	0.99977	   3.60	   7.30	 -0.127	0.99846			#	   0.85	  77.73	
    365	   2.98	   9.06	 -0.053	0.99971	   2.97	   8.19	 -0.093	0.99831			#	   1.02	  78.95	
    366	   3.11	   9.75	 -0.017	0.99966	   3.54	   9.88	 -0.056	0.99808			#	   1.16	  75.13	
    367	   2.43	   9.19	 -0.018	0.99953	   2.64	   9.35	 -0.027	0.99809			#	   0.82	  74.83	
    368	   2.43	   8.41	 -0.032	0.99956	   2.73	   8.82	 -0.053	0.99807			#	   0.74	  75.82	
    369	   1.27	   7.73	 -0.045	0.99961	   2.04	   7.82	 -0.050	0.99838			#	   0.58	  77.69	
    370	   1.09	   6.80	 -0.040	0.99974	   0.70	   7.41	 -0.042	0.99859			#	   0.47	  77.60	
    371	   2.71	   5.74	 -0.073	0.99986	   1.99	   5.88	 -0.076	0.99884			#	   0.42	  74.48	
    372	   4.78	   5.86	 -0.103	1.00001	   3.92	   5.81	 -0.133	0.99873			#	   0.67	  69.23	
    373	   6.61	   6.07	 -0.128	1.00006	   6.49	   5.93	 -0.184	0.99870			#	   1.04	  66.97	
    374	   5.82	   7.00	 -0.130	1.00018	   6.42	   7.03	 -0.168	0.99916			#	   0.82	  65.15	
    375	   5.65	   6.11	 -0.102	1.00002	   5.34	   6.25	 -0.165	0.99868			#	   0.88	  68.32	
    376	   6.25	   6.87	 -0.081	1.00014	   6.22	   6.58	 -0.135	0.99885			#	   1.08	  64.19	
    377	   6.87	   7.73	 -0.078	1.00012	   6.78	   7.60	 -0.141	0.99881			#	   1.34	  63.54	
    378	   6.62	   7.83	 -0.049	0.99995	   7.08	   7.87	 -0.113	0.99832			#	   1.03	  65.36	
    379	   5.29	   7.92	 -0.064	0.99986	   6.32	   8.14	 -0.104	0.99843			#	   0.89	  66.93	
    380	   2.75	   7.52	 -0.084	0.99987	   4.05	   7.71	 -0.106	0.99858			#	   0.60	  73.31	
    381	   0.86	   7.52	 -0.104	0.99977	   1.59	   7.12	 -0.108	0.99856			#	   0.48	  73.74	
    382	  -0.24	   8.47	 -0.109	0.99971	   0.48	   7.88	 -0.117	0.99854			#	   0.65	  74.96	
    383	  -1.87	   8.72	 -0.104	0.99956	  -1.09	   9.25	 -0.103	0.99825			#	   0.73	  74.18	
    384	  -2.55	   7.67	 -0.079	0.99986	  -2.50	   7.83	 -0.076	0.99859			#	   0.59	  74.22	
    385	  -1.73	   7.60	 -0.084	0.99977	  -2.03	   7.71	 -0.070	0.99864			#	   0.64	  73.44	
    386	  -1.21	   7.01	 -0.111	0.99969	  -1.18	   7.31	 -0.105	0.99853			#	   0.57	  74.83	
    387	  -1.05	   6.94	 -0.126	0.99987	  -0.99	   6.75	 -0.124	0.99870			#	   0.57	  74.52	
    388	  -1.17	   7.56	 -0.109	0.99972	  -0.90	   7.39	 -0.123	0.99854			#	   0.65	  73.13	
    389	  -0.75	   7.56	 -0.084	0.99986	  -0.97	   7.52	 -0.097	0.99873			#	   0.74	  73.91	
    390	  -0.47	   7.17	 -0.071	0.99975	  -0.33	   7.82	 -0.078	0.99872			#	   0.74	  70.96	
    391	  -0.95	   5.42	 -0.072	0.99993	  -0.42	   6.02	 -0.076	0.99903			#	   0.43	  73.87	
    392	  -2.20	   5.19	 -0.069	0.99981	  -1.37	   4.99	 -0.058	0.99909			#	   0.41	  72.70	
    393	  -2.94	   5.47	 -0.088	0.99999	  -3.07	   5.56	 -0.057	0.99910			#	   0.51	  72.79	
    394	  -1.94	   5.19	 -0.097	0.99996	  -2.18	   5.38	 -0.094	0.99930			#	   0.41	  72.96	
    395	  -2.10	   4.66	 -0.093	0.99989	  -1.62	   5.03	 -0.092	0.99918			#	   0.35	  73.22	
    396	  -2.50	   4.20	 -0.081	1.00002	  -2.52	   4.40	 -0.066	0.99941			#	   0.29	  72.92	
    397	  -1.32	   4.11	 -0.086	0.99997	  -2.02	   4.19	 -0.076	0.99949			#	   0.29	  73.39	
    398	  -0.32	   4.05	 -0.094	0.99997	  -0.26	   4.13	 -0.103	0.99934			#	   0.28	  72.35	
    399	  -0.92	   4.20	 -0.086	0.99998	  -0.21	   4.13	 -0.096	0.99938			#	   0.26	  72.31	
    400	  -2.52	   4.87	 -0.066	1.00003	  -1.86	   4.55	 -0.062	0.99934			#	   0.39	  71.61	
    401	  -2.80	   5.31	 -0.058	0.99996	  -2.91	   5.25	 -0.046	0.99928			#	   0.46	  71.70	
    402	  -2.21	   5.38	 -0.045	0.99995	  -2.61	   5.40	 -0.039	0.99910			#	   0.49	  71.66	
    403	  -0.64	   4.97	 -0.041	0.99978	  -1.10	   5.55	 -0.035	0.99916			#	   0.37	  72.57	
    404	   0.02	   3.63	 -0.058	0.99996	   0.13	   4.21	 -0.063	0.99937			#	   0.24	  74.05	
    405	  -0.36	   2.49	 -0.063	1.00001	  -0.11	   3.15	 -0.063	0.99968			#	   0.15	  71.79	
    406	  -0.33	   1.47	 -0.086	1.00020	  -0.65	   1.70	 -0.071	1.00001			#	   0.15	  73.00	
    407	   0.74	   1.45	 -0.106	1.00013	   0.61	   1.62	 -0.119	0.99991			#	   0.12	  71.92	
    408	   0.76	   1.79	 -0.082	1.00010	   0.89	   1.27	 -0.113	0.99989			#	   0.16	  72.79	
    409	   0.38	   3.31	 -0.064	1.00003	   0.71	   2.83	 -0.075	0.99948			#	   0.28	  71.53	
    410	   0.11	   4.09	 -0.080	1.00008	   0.02	   4.10	 -0.079	0.99958			#	   0.35	  73.65	
    411	   0.85	   3.51	 -0.080	1.00003	   0.62	   3.83	 -0.095	0.99944			#	   0.34	  72.61	
    412	   1.50	   3.42	 -0.060	1.00002	   1.52	   3.26	 -0.088	0.99952			#	   0.39	  72.09	
    413	   0.97	   4.27	 -0.061	1.00003	   1.37	   3.90	 -0.072	0.99938			#	   0.47	  71.31	
    414	   1.24	   4.60	 -0.072	1.00007	   0.81	   4.74	 -0.076	0.99930			#	   0.57	  70.10	
    415	   3.30	   4.04	 -0.092	1.00001	   2.52	   4.36	 -0.117	0.99942			#	   0.79	  69.62	
    416	   4.73	   3.79	 -0.098	1.00000	   4.62	   3.82	 -0.150	0.99934			#	   1.00	  68.75	
    417	   4.28	   4.28	 -0.083	0.99991	   5.20	   3.73	 -0.139	0.99920			#	   0.78	  68.75	
    418	   2.04	   5.52	 -0.059	0.99988	   3.23	   5.17	 -0.091	0.99907			#	   0.73	  69.44	
    419	   0.58	   5.74	 -0.059	0.99992	   1.01	   5.82	 -0.070	0.99903			#	   0.63	  70.14	
    420	  -0.32	   5.02	 -0.057	0.99994	   0.31	   5.52	 -0.065	0.99907			#	   0.51	  67.66	
    421	  -1.19	   4.05	 -0.055	0.99994	  -1.04	   4.53	 -0.053	0.99929			#	   0.32	  71.27	
    422	  -0.08	   3.31	 -0.040	0.99998	  -0.71	   3.69	 -0.048	0.99956			#	   0.30	  70.31	
    423	   0.25	   2.62	 -0.035	0.99991	   0.68	   2.73	 -0.054	0.99956			#	   0.22	  69.79	
    424	  -1.39	   2.43	 -0.013	1.00001	  -0.49	   2.66	 -0.020	0.99961			#	   0.19	  70.70	
    425	  -2.11	   1.95	  0.005	0.99993	  -2.14	   2.23	  0.014	0.99977			#	   0.20	  69.01	
    426	  -2.04	   1.47	  0.015	0.99994	  -2.01	   1.59	  0.023	0.99965			#	   0.20	  69.57	
    427	  -1.84	   0.77	  0.016	0.99996	  -2.13	   1.38	  0.028	0.99996			#	   0.15	  69.97	
    428	  -1.00	  -0.50	  0.006	1.00003	  -1.27	   0.05	  0.020	1.00003			#	   0.12	  69.05	
    429	  -0.33	  -0.95	 -0.015	1.00014	  -0.67	  -1.03	 -0.002	1.00024			#	   0.11	  68.58	
    430	   0.11	  -0.68	 -0.034	1.00007	   0.20	  -0.67	 -0.033	1.00027			#	   0.08	  69.57	
    431	  -0.33	  -0.68	 -0.022	1.00009	   0.04	  -0.78	 -0.032	1.00017			#	   0.10	  68.66	
    432	  -0.79	  -0.20	 -0.001	1.00015	  -0.89	  -0.23	  0.002	1.00029			#	   0.10	  69.01	
    433	  -0.70	  -0.42	 -0.017	1.00007	  -0.72	  -0.59	 -0.000	1.00014			#	   0.09	  69.01	
    434	  -0.14	   0.15	 -0.029	1.00006	  -0.62	   0.18	 -0.034	1.00010			#	   0.08	  69.62	
    435	   0.92	   0.25	 -0.021	1.00013	   0.66	   0.11	 -0.039	1.00009			#	   0.10	  69.57	
    436	   0.75	   1.07	 -0.009	0.99994	   1.25	   0.67	 -0.025	0.99984			#	   0.13	  69.97	
    437	  -0.29	   1.39	 -0.016	1.00009	   0.05	   1.65	 -0.009	0.99994			#	   0.10	  70.10	
    438	  -0.61	   0.67	 -0.029	0.99998	  -0.52	   0.90	 -0.017	0.99989			#	   0.10	  69.49	
    439	  -0.94	   0.46	 -0.026	1.00003	  -0.79	   0.49	 -0.027	0.99990			#	   0.10	  69.53	
    440	  -1.21	   0.67	  0.002	0.99998	  -0.98	   0.50	 -0.005	0.99996			#	   0.10	  69.40	
    441	  -1.80	   0.36	  0.018	1.00001	  -1.93	   0.86	  0.033	0.99996			#	   0.15	  69.05	
    442	  -0.86	  -0.43	  0.027	1.00012	  -1.28	  -0.65	  0.038	1.00001			#	   0.10	  69.44	
    443	  -0.16	   1.69	  0.001	1.00003	  -0.64	   0.56	  0.018	0.99983			#	   0.19	  70.18	
    444	   0.47	   2.76	 -0.021	0.99997	   0.61	   2.91	 -0.035	0.99941			#	   0.26	  70.18	
    445	  -0.62	   2.60	  0.008	0.99990	  -0.15	   2.66	 -0.003	0.99960			#	   0.19	  69.57	
    446	  -1.82	   2.42	  0.031	0.99987	  -1.19	   2.32	  0.035	0.99924			#	   0.23	  70.05	
    447	  -3.36	   2.93	  0.039	0.99979	  -2.93	   2.85	  0.059	0.99943			#	   0.33	  69.97	
    448	  -3.37	   2.24	  0.050	0.99979	  -3.89	   2.67	  0.074	0.99939			#	   0.31	  70.01	
    449	  -0.76	   0.11	  0.044	0.99982	  -2.55	   1.79	  0.066	0.99992			#	   0.12	  68.45	
    450	   2.96	  -5.18	  0.040	1.00035	   2.12	  -3.30	  0.011	1.00002			#	   0.56	  56.73	
    451	   0.94	  -3.05	  0.061	0.99991	   2.22	  -5.05	  0.060	1.00113			#	   0.23	  62.07	
    452	  -0.16	  -1.85	  0.019	0.99999	  -0.13	  -1.39	  0.043	1.00007			#	   0.14	  66.54	
    453	  -0.18	  -2.66	 -0.004	1.00010	  -0.19	  -2.75	  0.002	1.00056			#	   0.20	  65.58	
    454	  -1.03	  -2.13	 -0.002	1.00006	  -0.35	  -2.69	 -0.004	1.00030			#	   0.19	  66.93	
    455	  -2.33	  -1.04	  0.011	0.99982	  -2.05	  -1.32	  0.034	1.00008			#	   0.24	  67.14	
    456	  -2.51	  -1.08	 -0.003	1.00014	  -2.84	  -1.17	  0.025	1.00014			#	   0.25	  67.80	
    457	  -0.97	  -0.41	 -0.011	0.99999	  -1.94	  -0.76	  0.001	1.00011			#	   0.09	  68.58	
    458	   1.20	  -0.18	 -0.013	1.00011	   0.18	  -0.16	 -0.027	1.00005			#	   0.13	  68.71	
    459	   2.59	  -0.35	 -0.005	1.00008	   2.39	  -0.23	 -0.035	1.00003			#	   0.22	  68.01	
    460	   2.43	  -0.10	  0.012	1.00008	   2.69	  -0.39	 -0.018	1.00016			#	   0.21	  67.75	
    461	   1.47	   0.48	  0.020	0.99999	   2.21	   0.03	  0.004	0.99979			#	   0.17	  68.62	
    462	  -0.65	   1.53	  0.022	0.99984	   0.05	   1.38	  0.022	0.99979			#	   0.12	  70.01	
