      1	   1.03	  -0.65	 -0.026	1.00034	   1.07	  -1.26	 -0.032	1.00065			#	   0.02	  65.97	
      2	   0.68	   0.05	 -0.017	0.99997	   1.01	  -0.21	 -0.025	0.99989			#	   0.04	  68.01	
      3	  -0.42	   1.04	  0.004	0.99996	  -0.18	   0.68	 -0.006	0.99998			#	   0.06	  68.88	
      4	  -0.69	   0.67	  0.006	0.99969	  -0.43	   1.09	  0.029	0.99923			#	   0.04	  68.97	
      5	  -0.98	   0.12	 -0.005	1.00000	  -1.08	   0.17	  0.002	1.00007			#	   0.04	  72.70	
      6	  -0.34	   0.12	 -0.004	0.99995	  -0.45	   0.36	 -0.007	1.00002			#	   0.02	  72.18	
      7	  -0.27	  -0.61	  0.008	1.00016	  -0.14	  -0.99	  0.004	1.00002			#	   0.03	  71.96	
      8	  -0.14	   0.39	  0.024	0.99988	  -0.37	   0.32	  0.029	0.99997			#	   0.02	  72.57	
      9	   0.06	   0.12	 -0.004	1.00004	   0.14	  -0.13	  0.006	0.99997			#	   0.02	  74.22	
     10	  -0.63	   1.09	 -0.000	0.99988	  -0.36	   0.78	 -0.004	0.99977			#	   0.05	  72.35	
     11	  -0.73	   1.05	 -0.001	0.99986	  -0.55	   1.35	  0.007	0.99942			#	   0.05	  71.61	
     12	  -1.16	   0.70	  0.007	0.99998	  -1.53	   1.03	  0.005	1.00010			#	   0.05	  72.05	
     13	   0.69	   0.10	  0.029	1.00014	  -0.02	  -0.22	  0.017	0.99987			#	   0.03	  73.91	
     14	   0.74	   0.58	 -0.001	0.99986	   1.44	   1.25	  0.005	0.99992			#	   0.03	  73.00	
     15	  -1.39	  -0.27	 -0.026	1.00016	  -0.33	  -0.66	 -0.014	0.99992			#	   0.07	  70.92	
     16	  -2.35	   0.82	 -0.007	1.00015	  -3.03	   0.62	  0.011	1.00057			#	   0.14	  70.83	
     17	  -0.66	   0.62	  0.016	0.99964	  -1.03	   0.26	  0.013	0.99896			#	   0.03	  71.57	
     18	   0.08	   1.68	  0.032	1.00115	  -0.17	   1.50	  0.020	1.00121			#	   0.08	  73.35	
     19	  -0.18	   0.88	  0.001	0.99995	  -0.07	   1.66	  0.023	0.99992			#	   0.03	  74.78	
     20	  -0.96	  -0.72	 -0.026	0.99996	  -0.08	  -0.66	 -0.019	0.99984			#	   0.04	  72.09	
     21	  -1.73	  -0.64	 -0.015	1.00001	  -1.72	  -0.22	 -0.016	1.00009			#	   0.11	  69.70	
     22	  -2.01	  -0.79	 -0.008	1.00003	  -1.81	  -1.01	  0.008	0.99987			#	   0.11	  71.61	
     23	  -1.16	  -0.32	 -0.010	1.00135	  -2.08	  -0.73	 -0.002	1.00123			#	   0.06	  72.83	
     24	   0.50	   0.78	 -0.009	1.00127	   0.11	   0.84	 -0.033	1.00139			#	   0.05	  70.36	
     25	   0.51	   0.02	  0.009	1.00099	   1.24	  -0.04	 -0.003	1.00050			#	   0.03	  74.48	
     26	  -1.49	   0.59	  0.008	1.00142	  -1.12	   0.59	  0.038	1.00168			#	   0.08	  71.31	
     27	  -1.36	  -0.04	 -0.006	1.00096	  -1.56	  -0.06	  0.003	1.00067			#	   0.06	  75.04	
     28	  -1.39	   0.38	  0.008	1.00154	  -1.33	   0.28	  0.010	1.00138			#	   0.06	  70.96	
     29	  -1.04	  -0.19	  0.006	1.00123	  -1.45	   0.45	  0.013	1.00135			#	   0.04	  75.43	
     30	  -0.22	  -0.52	  0.007	0.99992	  -0.04	  -1.47	  0.005	0.99988			#	   0.06	  69.62	
     31	  -0.77	   0.51	 -0.009	0.99864	  -0.65	   1.17	  0.009	0.99860			#	   0.05	  72.35	
     32	  -1.03	  -0.41	 -0.024	0.99863	  -0.95	  -0.36	 -0.031	0.99878			#	   0.07	  70.27	
     33	  -0.49	  -0.29	 -0.013	0.99884	  -1.14	  -0.12	 -0.006	0.99897			#	   0.04	  71.35	
     34	   1.36	  -1.17	 -0.012	0.99853	   0.70	  -1.03	 -0.023	0.99869			#	   0.09	  72.53	
     35	   1.36	  -0.83	 -0.012	1.00004	   1.76	  -1.27	 -0.017	0.99975			#	   0.08	  72.22	
     36	   0.71	   0.24	 -0.011	1.00082	   0.60	   0.07	 -0.015	1.00133			#	   0.03	  73.96	
     37	   0.62	   0.40	 -0.005	1.00060	   0.95	   0.07	 -0.010	1.00018			#	   0.03	  72.31	
     38	   0.10	   0.75	 -0.001	1.00075	  -0.03	   1.12	  0.001	1.00070			#	   0.03	  73.78	
     39	   0.15	   0.00	 -0.004	1.00040	   0.63	  -0.04	 -0.021	1.00011			#	   0.02	  76.00	
     40	  -1.38	   0.58	  0.016	1.00075	  -1.08	  -0.04	  0.032	1.00078			#	   0.06	  70.31	
     41	  -0.99	   0.97	  0.010	1.00053	  -1.04	   1.48	  0.010	1.00036			#	   0.07	  69.14	
     42	  -0.60	  -0.43	  0.017	1.00004	  -1.52	   0.05	  0.044	1.00033			#	   0.03	  75.26	
     43	   1.91	  -0.76	  0.004	0.99991	   1.33	  -0.88	 -0.022	0.99991			#	   0.10	  73.96	
     44	   1.59	   0.08	  0.011	1.00010	   2.42	  -0.22	 -0.018	0.99992			#	   0.07	  74.65	
     45	  -0.63	  -0.24	  0.002	1.00015	  -0.11	   0.16	  0.033	1.00041			#	   0.02	  75.48	
     46	  -1.35	  -0.18	 -0.018	1.00002	  -0.84	  -0.82	 -0.002	0.99992			#	   0.05	  71.48	
     47	  -1.48	   1.07	 -0.010	0.99998	  -1.81	   1.04	 -0.011	0.99986			#	   0.10	  70.66	
     48	   0.11	   1.17	  0.004	0.99994	  -0.82	   1.12	 -0.011	0.99985			#	   0.05	  73.78	
     49	   1.84	   0.41	  0.019	0.99995	   1.35	   0.67	  0.015	0.99947			#	   0.09	  72.79	
     50	   1.77	   0.82	 -0.000	1.00011	   2.00	   0.50	 -0.012	1.00025			#	   0.09	  71.22	
     51	   0.23	   1.51	  0.015	0.99986	   1.39	   1.29	  0.011	0.99958			#	   0.06	  73.61	
     52	  -2.29	   1.32	  0.013	1.00002	  -1.71	   1.55	  0.034	0.99981			#	   0.17	  70.83	
     53	  -2.20	   1.21	  0.027	1.00000	  -2.78	   1.05	  0.044	0.99965			#	   0.15	  70.92	
     54	  -0.04	   0.79	  0.012	1.00004	  -0.91	   1.29	  0.012	0.99974			#	   0.03	  74.78	
     55	   1.40	   0.42	 -0.007	0.99996	   1.25	   0.46	 -0.016	1.00012			#	   0.05	  74.31	
     56	   1.31	  -0.25	 -0.011	1.00007	   1.14	   0.30	 -0.009	1.00012			#	   0.06	  73.35	
     57	   1.33	  -0.43	 -0.029	1.00003	   1.64	  -0.59	 -0.033	1.00023			#	   0.06	  74.22	
     58	   1.13	  -0.32	 -0.026	1.00005	   1.24	  -0.45	 -0.047	1.00010			#	   0.04	  74.31	
     59	   0.47	   0.35	 -0.008	1.00027	   0.47	   0.35	 -0.015	1.00047			#	   0.02	  75.48	
     60	   1.31	  -0.61	  0.016	1.00014	   0.84	  -0.47	 -0.003	1.00006			#	   0.09	  69.49	
     61	   2.10	   0.73	  0.010	1.00005	   1.83	  -0.12	 -0.000	1.00003			#	   0.12	  73.48	
     62	   2.26	   1.15	 -0.003	1.00021	   2.15	   1.47	 -0.011	1.00021			#	   0.14	  71.96	
     63	   2.56	   0.86	 -0.011	0.99995	   2.36	   0.85	 -0.018	0.99979			#	   0.18	  73.05	
     64	   1.86	   1.36	 -0.029	1.00006	   2.47	   0.99	 -0.044	0.99988			#	   0.12	  72.79	
     65	   1.32	   1.52	 -0.026	1.00001	   1.16	   1.55	 -0.033	0.99992			#	   0.09	  73.65	
     66	   1.34	   1.64	 -0.018	1.00002	   1.29	   1.67	 -0.031	0.99965			#	   0.10	  71.88	
     67	   1.96	   2.09	 -0.009	1.00018	   1.37	   1.70	 -0.023	1.00002			#	   0.17	  75.17	
     68	   2.52	   2.55	 -0.021	1.00017	   2.46	   2.55	 -0.036	0.99977			#	   0.24	  74.70	
     69	   1.97	   2.76	 -0.025	1.00014	   2.25	   2.93	 -0.044	1.00002			#	   0.22	  73.87	
     70	   0.96	   2.63	 -0.014	0.99995	   1.14	   2.83	 -0.019	0.99994			#	   0.15	  73.87	
     71	   0.84	   1.56	 -0.007	0.99994	   0.75	   2.10	 -0.015	0.99971			#	   0.07	  74.39	
     72	   0.97	   0.64	  0.003	0.99998	   0.70	   0.50	  0.008	0.99958			#	   0.05	  73.22	
     73	   1.12	   0.93	 -0.009	0.99988	   1.29	   1.38	 -0.022	1.00005			#	   0.07	  75.74	
     74	  -0.06	  -0.03	  0.001	1.00006	   0.67	   0.02	 -0.002	0.99987			#	   0.02	  77.43	
     75	  -1.48	  -0.09	  0.005	1.00008	  -1.02	   0.17	  0.027	1.00045			#	   0.06	  77.60	
     76	  -1.56	  -0.10	 -0.001	0.99998	  -1.79	  -0.38	  0.008	0.99976			#	   0.06	  76.74	
     77	  -0.41	  -0.11	 -0.006	0.99995	  -1.34	   0.16	  0.013	1.00003			#	   0.02	  78.34	
     78	   1.62	   0.02	 -0.028	1.00017	   1.01	  -0.82	 -0.030	1.00004			#	   0.09	  76.82	
     79	   2.54	   2.65	 -0.012	0.99992	   2.31	   1.69	 -0.062	0.99986			#	   0.26	  74.13	
     80	   2.55	   2.93	  0.016	1.00026	   2.43	   3.44	 -0.004	1.00005			#	   0.28	  75.87	
     81	   2.86	   2.14	  0.010	1.00005	   2.80	   2.48	 -0.008	0.99987			#	   0.26	  74.39	
     82	   1.15	   2.42	  0.015	1.00013	   2.51	   2.15	  0.004	0.99981			#	   0.16	  73.39	
     83	  -0.58	   1.82	  0.011	1.00004	  -0.53	   2.36	  0.027	0.99977			#	   0.08	  77.39	
     84	   0.29	   1.58	  0.027	1.00002	  -0.67	   1.63	  0.008	0.99994			#	   0.06	  74.83	
     85	   1.62	   0.89	  0.041	0.99999	   1.61	   1.08	  0.035	0.99975			#	   0.09	  74.70	
     86	   1.55	   0.29	  0.024	0.99990	   1.49	   0.45	  0.020	0.99970			#	   0.08	  76.91	
     87	   1.47	   0.94	  0.026	1.00007	   1.06	   0.52	  0.013	1.00003			#	   0.08	  76.65	
     88	   2.38	   1.18	  0.025	1.00004	   1.96	   1.66	  0.002	1.00003			#	   0.19	  76.61	
     89	   2.44	   0.46	  0.020	1.00006	   2.32	   0.58	  0.022	1.00021			#	   0.19	  76.30	
     90	   2.26	  -0.64	 -0.014	1.00005	   2.55	  -0.19	 -0.018	0.99972			#	   0.19	  74.13	
     91	   1.46	   0.47	 -0.025	1.00036	   1.74	  -0.18	 -0.046	1.00075			#	   0.08	  76.91	
     92	   0.55	   0.92	 -0.012	0.99996	   0.90	   0.94	 -0.013	0.99972			#	   0.04	  75.78	
     93	   1.17	   1.52	 -0.002	1.00012	   0.07	   0.61	 -0.004	0.99994			#	   0.10	  74.61	
     94	   3.31	   2.90	 -0.005	0.99999	   2.28	   3.13	 -0.031	0.99975			#	   0.44	  75.65	
     95	   4.81	   2.77	  0.000	1.00027	   4.31	   2.30	 -0.039	1.00012			#	   0.67	  73.48	
     96	   4.13	   4.00	  0.007	1.00007	   4.91	   4.15	 -0.038	0.99968			#	   0.72	  74.35	
     97	   2.57	   2.93	  0.013	1.00023	   2.47	   3.99	  0.008	1.00027			#	   0.34	  76.95	
     98	   2.89	   1.01	 -0.008	0.99992	   2.86	   1.21	 -0.015	0.99972			#	   0.23	  75.82	
     99	   2.02	   1.07	 -0.023	0.99994	   2.79	   1.19	 -0.038	0.99969			#	   0.14	  76.61	
    100	   0.05	   1.22	 -0.010	1.00024	   0.18	   1.02	 -0.018	1.00037			#	   0.06	  79.04	
    101	   0.71	   1.32	  0.013	0.99989	   0.24	   0.93	  0.010	0.99931			#	   0.07	  77.95	
    102	   1.99	   1.75	  0.004	1.00015	   0.88	   2.12	 -0.002	0.99997			#	   0.18	  78.95	
    103	   3.85	   2.19	  0.004	1.00007	   3.44	   1.62	 -0.036	1.00017			#	   0.46	  79.25	
    104	   3.36	   2.60	  0.022	1.00003	   3.62	   3.14	 -0.006	0.99987			#	   0.42	  77.08	
    105	   2.75	   2.16	  0.018	1.00010	   2.65	   1.44	  0.011	0.99987			#	   0.29	  76.52	
    106	   2.14	   3.46	  0.013	1.00007	   2.69	   3.47	 -0.021	0.99965			#	   0.38	  76.39	
    107	   0.67	   3.46	  0.036	1.00014	   0.77	   3.52	  0.039	0.99985			#	   0.24	  77.47	
    108	   0.55	   2.92	  0.010	0.99977	   0.73	   2.60	  0.013	0.99884			#	   0.19	  76.35	
    109	  -0.19	   4.85	  0.007	1.00069	  -0.43	   4.54	  0.015	1.00048			#	   0.49	  77.39	
    110	   2.78	   3.41	  0.003	0.99861	   0.79	   4.31	 -0.008	0.99804			#	   0.46	  78.34	
    111	   5.46	   3.62	 -0.023	0.99896	   4.75	   2.73	 -0.054	0.99862			#	   0.99	  76.74	
    112	   6.50	   5.29	 -0.033	0.99900	   5.69	   5.39	 -0.081	0.99900			#	   1.47	  70.01	
    113	   6.45	   4.60	 -0.035	1.00039	   6.84	   4.96	 -0.078	0.99987			#	   0.90	  73.31	
    114	   4.90	   4.26	 -0.046	1.00144	   5.61	   4.77	 -0.082	1.00091			#	   0.73	  75.09	
    115	   1.92	   3.60	 -0.058	1.00158	   3.62	   3.33	 -0.070	1.00104			#	   0.36	  78.60	
    116	  -1.69	   4.48	 -0.044	1.00117	  -0.66	   4.65	 -0.021	1.00040			#	   0.42	  79.51	
    117	  -1.63	   2.94	 -0.027	1.00126	  -2.64	   3.84	 -0.014	1.00087			#	   0.25	  81.51	
    118	   1.23	   1.35	 -0.022	1.00015	  -0.43	   1.90	 -0.034	1.00017			#	   0.10	  79.34	
    119	   4.50	   1.04	 -0.012	0.99862	   3.71	   0.65	 -0.057	0.99847			#	   0.43	  80.56	
    120	   3.49	   2.14	 -0.003	0.99888	   4.52	   1.62	 -0.026	0.99874			#	   0.59	  76.22	
    121	   1.62	   3.51	 -0.013	0.99876	   2.09	   3.30	 -0.027	0.99862			#	   0.41	  79.95	
    122	   1.13	   2.57	  0.001	0.99868	   0.86	   3.13	  0.001	0.99812			#	   0.26	  79.77	
    123	   1.98	   3.13	 -0.003	0.99880	   1.45	   2.34	 -0.024	0.99840			#	   0.37	  78.78	
    124	   3.33	   3.26	  0.014	0.99990	   2.56	   4.35	 -0.020	0.99955			#	   0.60	  79.82	
    125	   4.20	   0.86	  0.009	1.00078	   3.98	   1.83	 -0.012	1.00076			#	   0.56	  80.51	
    126	   4.53	  -0.07	  0.000	1.00090	   4.18	  -0.50	 -0.027	1.00105			#	   0.72	  80.60	
    127	   4.65	   1.60	 -0.005	1.00094	   4.66	   1.62	 -0.050	1.00140			#	   0.78	  76.87	
    128	   5.70	   0.58	  0.010	1.00095	   4.75	   0.46	 -0.020	1.00085			#	   1.15	  79.08	
    129	   7.41	   1.45	  0.012	1.00111	   6.10	   1.61	 -0.043	1.00185			#	   1.57	  72.35	
    130	   8.37	   1.33	  0.007	1.00178	   8.22	   1.48	 -0.051	1.00216			#	   1.24	  67.58	
    131	   7.69	   1.14	  0.007	1.00122	   8.09	   1.78	 -0.044	1.00141			#	   0.91	  68.27	
    132	   4.52	   0.94	  0.028	1.00105	   5.91	   0.63	 -0.002	1.00140			#	   0.38	  80.25	
    133	   2.55	   1.38	  0.022	0.99986	   2.77	   1.57	  0.026	0.99992			#	   0.16	  81.77	
    134	   1.90	   0.73	 -0.006	1.00000	   2.00	   0.77	 -0.012	0.99974			#	   0.08	  83.94	
    135	   1.87	   0.57	  0.006	1.00016	   1.28	   1.32	  0.000	1.00032			#	   0.07	  84.90	
    136	   4.26	  -0.98	 -0.008	0.99998	   3.12	  -0.89	 -0.036	1.00015			#	   0.35	  82.03	
    137	   4.51	  -0.00	 -0.002	1.00039	   4.61	  -0.42	 -0.039	1.00079			#	   0.62	  84.20	
    138	   4.39	   0.29	 -0.009	1.00012	   4.50	   0.39	 -0.038	1.00036			#	   0.61	  84.29	
    139	   2.89	  -0.06	 -0.015	1.00015	   3.80	  -0.15	 -0.030	1.00018			#	   0.31	  83.55	
    140	   1.48	   0.42	 -0.013	1.00014	   1.78	   0.97	 -0.034	1.00055			#	   0.11	  83.77	
    141	   0.97	  -0.50	  0.017	1.00014	   0.94	  -0.97	  0.017	1.00020			#	   0.07	  84.51	
    142	   2.28	  -0.15	  0.009	1.00017	   1.05	   0.31	  0.006	1.00038			#	   0.21	  85.33	
    143	   5.03	   0.22	 -0.018	1.00016	   4.07	  -0.11	 -0.060	1.00051			#	   1.06	  82.99	
    144	   5.67	   0.68	 -0.019	1.00031	   5.33	   0.58	 -0.058	1.00090			#	   1.05	  81.03	
    145	   6.18	  -0.14	 -0.014	1.00013	   5.55	   0.68	 -0.050	1.00053			#	   1.09	  77.13	
    146	   7.22	  -1.52	 -0.028	1.00061	   6.60	  -0.79	 -0.078	1.00116			#	   1.13	  71.79	
    147	   8.30	  -2.02	 -0.027	1.00146	   7.55	  -1.70	 -0.085	1.00133			#	   1.51	  64.63	
    148	   9.83	  -0.90	 -0.024	1.00115	   9.12	  -0.01	 -0.099	1.00286			#	   1.33	  61.94	
    149	   9.52	  -2.17	 -0.040	1.00178	  10.08	  -1.77	 -0.111	1.00171			#	   1.65	  58.85	
    150	   8.22	  -0.36	 -0.022	1.00119	   8.60	  -0.27	 -0.086	1.00249			#	   1.17	  68.36	
    151	   6.84	  -0.92	 -0.027	1.00059	   7.42	  -0.43	 -0.068	1.00071			#	   1.15	  72.96	
    152	   5.43	  -0.24	 -0.009	1.00032	   5.74	  -0.64	 -0.058	1.00105			#	   0.63	  82.51	
    153	   7.78	   1.31	 -0.008	1.00057	   7.79	   1.14	 -0.044	1.00153			#	   1.22	  74.83	
    154	   4.33	   0.79	 -0.012	1.00026	   4.32	   0.60	 -0.046	1.00029			#	   0.35	  83.33	
    155	   3.83	   1.54	 -0.019	1.00023	   3.72	   1.92	 -0.041	1.00070			#	   0.30	  84.68	
    156	   4.59	   0.54	 -0.006	1.00021	   4.12	   0.97	 -0.054	1.00015			#	   0.36	  84.46	
    157	   5.50	   0.65	  0.003	1.00036	   4.82	   0.58	 -0.031	1.00083			#	   0.51	  83.38	
    158	   6.50	   0.14	 -0.007	1.00030	   5.93	   0.80	 -0.050	1.00057			#	   0.68	  83.20	
    159	   7.26	  -1.02	 -0.023	1.00092	   6.70	  -0.28	 -0.068	1.00135			#	   1.08	  72.35	
    160	   6.97	  -0.93	 -0.018	1.00055	   7.62	  -1.06	 -0.085	1.00130			#	   1.12	  76.48	
    161	   4.21	   0.18	  0.010	1.00035	   5.27	  -0.60	 -0.020	1.00065			#	   0.51	  85.63	
    162	   2.87	   0.80	  0.022	1.00030	   2.58	   1.33	  0.015	1.00049			#	   0.27	  85.11	
    163	   4.21	   0.64	  0.002	1.00010	   3.61	   0.65	 -0.033	1.00043			#	   0.53	  84.38	
    164	   4.33	   0.50	  0.000	1.00028	   4.45	   0.53	 -0.040	1.00052			#	   0.55	  86.28	
    165	   3.88	   0.29	  0.013	1.00021	   4.06	   0.50	 -0.013	1.00037			#	   0.37	  86.76	
    166	   2.56	   0.17	  0.002	1.00027	   3.14	   0.36	  0.000	1.00051			#	   0.29	  87.59	
    167	   2.98	  -0.29	 -0.010	0.99998	   2.06	  -0.18	 -0.027	0.99982			#	   0.41	  86.72	
    168	   4.63	   0.25	 -0.012	1.00035	   3.57	   0.06	 -0.034	1.00075			#	   0.82	  86.46	
    169	   6.06	   0.99	 -0.032	1.00044	   5.79	   1.02	 -0.080	1.00090			#	   1.38	  81.16	
    170	   5.18	   0.11	 -0.027	1.00019	   5.46	   0.83	 -0.068	1.00024			#	   0.60	  86.89	
    171	   4.46	  -0.36	 -0.024	1.00027	   4.56	  -0.49	 -0.049	1.00051			#	   0.49	  86.89	
    172	   4.59	   0.65	 -0.048	1.00020	   4.09	   0.13	 -0.067	1.00061			#	   0.57	  86.37	
    173	   4.35	   0.20	 -0.046	1.00009	   4.91	   0.76	 -0.090	0.99992			#	   0.50	  86.68	
    174	   3.79	   0.14	 -0.023	1.00031	   3.14	   0.30	 -0.047	1.00065			#	   0.39	  87.33	
    175	   4.70	  -0.04	 -0.014	1.00026	   4.41	  -0.36	 -0.056	1.00032			#	   0.73	  86.33	
    176	   5.19	   1.41	  0.017	1.00031	   4.74	   0.91	 -0.035	1.00055			#	   1.24	  85.03	
    177	   5.61	   1.65	  0.032	1.00002	   5.36	   2.12	 -0.012	1.00022			#	   1.15	  80.99	
    178	   4.71	   1.03	  0.014	1.00024	   5.14	   1.10	  0.001	1.00010			#	   0.74	  84.24	
    179	   4.53	   1.75	  0.006	1.00028	   4.04	   1.47	 -0.020	1.00059			#	   0.74	  82.47	
    180	   5.45	   1.23	 -0.012	1.00014	   5.04	   2.03	 -0.041	1.00005			#	   1.03	  83.03	
    181	   6.73	   0.30	 -0.026	1.00025	   5.67	   0.71	 -0.080	1.00074			#	   1.48	  83.81	
    182	   7.61	  -0.56	 -0.035	1.00062	   7.63	   0.04	 -0.084	1.00067			#	   1.48	  77.30	
    183	   6.61	  -0.88	 -0.047	1.00054	   7.38	  -0.42	 -0.099	1.00109			#	   1.09	  81.68	
    184	   4.49	  -1.91	 -0.034	1.00024	   4.93	  -1.30	 -0.063	1.00071			#	   0.58	  85.29	
    185	   3.97	  -1.63	 -0.030	1.00018	   3.97	  -2.70	 -0.049	1.00056			#	   0.48	  85.50	
    186	   4.44	   0.65	 -0.045	1.00035	   3.69	   0.66	 -0.079	1.00086			#	   0.60	  85.50	
    187	   5.85	  -0.16	 -0.033	1.00022	   5.33	  -0.02	 -0.089	1.00041			#	   0.98	  85.03	
    188	   5.83	  -0.31	 -0.008	1.00029	   5.80	   0.32	 -0.053	1.00097			#	   1.16	  82.86	
    189	   5.49	  -0.15	  0.002	0.99904	   5.63	  -0.76	 -0.040	0.99964			#	   1.13	  85.81	
    190	   4.71	   0.32	 -0.008	0.99883	   4.81	   0.70	 -0.034	0.99900			#	   0.82	  85.24	
    191	   4.98	  -0.86	 -0.010	1.00014	   4.66	  -0.08	 -0.057	1.00037			#	   1.10	  85.50	
    192	   4.89	  -1.04	 -0.002	1.00040	   4.72	  -1.03	 -0.036	1.00101			#	   0.86	  83.46	
    193	   6.06	  -0.51	  0.015	1.00162	   5.42	  -1.23	 -0.039	1.00156			#	   1.33	  81.73	
    194	   5.77	   0.47	  0.019	1.00165	   6.00	   0.73	 -0.017	1.00198			#	   1.09	  86.20	
    195	   5.55	  -0.27	  0.011	1.00013	   5.38	  -0.05	 -0.029	1.00018			#	   1.23	  85.85	
    196	   5.43	   0.36	  0.013	1.00170	   5.09	  -0.22	 -0.016	1.00189			#	   1.41	  86.98	
    197	   5.97	   1.14	 -0.015	1.00020	   5.80	   1.92	 -0.057	1.00094			#	   1.49	  81.68	
    198	   6.15	  -1.15	 -0.022	1.00054	   5.65	  -0.37	 -0.071	1.00033			#	   1.50	  82.34	
    199	   7.29	  -0.48	 -0.017	0.99939	   7.01	  -1.04	 -0.073	0.99967			#	   1.96	  78.56	
    200	   6.96	   0.85	 -0.021	0.99833	   7.42	   0.77	 -0.079	0.99832			#	   1.47	  76.56	
    201	   5.79	   0.52	 -0.006	1.00034	   5.71	   0.74	 -0.046	1.00079			#	   1.19	  84.24	
    202	   6.47	   0.10	 -0.016	0.99880	   6.36	   0.27	 -0.066	0.99913			#	   1.47	  84.07	
    203	   5.37	   0.62	 -0.014	0.99891	   5.51	   0.79	 -0.052	0.99965			#	   0.94	  84.77	
    204	   5.94	  -1.78	 -0.024	1.00022	   5.43	  -0.32	 -0.055	1.00032			#	   1.22	  82.12	
    205	   6.75	  -2.96	 -0.038	1.00018	   6.21	  -2.56	 -0.082	1.00158			#	   1.90	  80.51	
    206	   7.16	  -3.78	 -0.044	1.00116	   7.33	  -3.62	 -0.110	1.00182			#	   2.17	  80.38	
    207	   6.08	  -4.61	 -0.026	1.00129	   6.33	  -3.69	 -0.077	1.00209			#	   1.59	  80.51	
    208	   6.54	  -4.68	  0.003	1.00041	   5.76	  -5.10	 -0.052	1.00174			#	   1.89	  81.42	
    209	   7.30	  -3.89	  0.007	1.00119	   7.04	  -4.01	 -0.051	1.00182			#	   2.19	  79.64	
    210	   7.46	  -4.03	  0.011	1.00109	   7.59	  -3.10	 -0.046	1.00176			#	   2.11	  77.47	
    211	   6.56	  -4.10	  0.004	1.00046	   6.81	  -4.25	 -0.036	1.00189			#	   1.50	  79.86	
    212	   6.38	  -4.37	 -0.010	1.00091	   6.24	  -4.19	 -0.054	1.00195			#	   1.44	  83.72	
    213	   4.78	  -3.81	 -0.016	1.00095	   6.02	  -4.24	 -0.054	1.00176			#	   1.01	  83.38	
    214	   3.33	  -3.55	 -0.013	1.00056	   2.73	  -3.00	 -0.026	1.00156			#	   0.61	  86.20	
    215	   5.99	  -3.97	 -0.020	0.99997	   4.88	  -3.92	 -0.072	1.00118			#	   1.53	  81.73	
    216	   6.64	  -4.83	 -0.027	1.00044	   6.80	  -4.05	 -0.078	1.00135			#	   2.23	  81.55	
    217	   6.73	  -5.50	 -0.027	1.00017	   6.19	  -5.64	 -0.079	1.00174			#	   2.10	  79.56	
    218	   6.95	  -4.53	 -0.004	1.00051	   7.54	  -5.06	 -0.071	1.00159			#	   2.03	  81.38	
    219	   4.68	  -4.11	  0.005	1.00034	   5.42	  -3.82	 -0.024	1.00148			#	   1.07	  86.68	
    220	   3.25	  -5.21	  0.006	1.00019	   3.93	  -4.35	 -0.015	1.00110			#	   0.84	  85.24	
    221	   1.57	  -5.44	  0.000	1.00035	   2.39	  -5.93	 -0.013	1.00145			#	   0.61	  84.42	
    222	  -0.48	  -5.20	 -0.002	1.00032	   0.07	  -4.80	  0.016	1.00132			#	   0.45	  86.33	
    223	  -0.07	  -5.07	 -0.002	1.00004	  -0.61	  -5.57	 -0.002	1.00098			#	   0.46	  84.77	
    224	   0.83	  -4.07	  0.004	1.00015	   0.70	  -4.46	 -0.012	1.00091			#	   0.53	  87.37	
    225	   1.35	  -4.19	  0.013	1.00002	   1.00	  -3.47	  0.006	1.00104			#	   0.72	  86.15	
    226	   1.78	  -5.89	 -0.005	1.00010	   1.70	  -5.56	 -0.006	1.00114			#	   1.38	  83.90	
    227	   1.38	  -6.71	 -0.045	1.00019	   1.91	  -5.81	 -0.045	1.00143			#	   1.30	  84.90	
    228	   1.35	  -8.03	 -0.047	1.00017	   0.98	  -7.54	 -0.056	1.00155			#	   1.70	  85.94	
    229	   1.76	  -8.20	 -0.045	1.00035	   1.40	  -9.19	 -0.053	1.00205			#	   1.35	  85.81	
    230	   2.46	  -7.18	 -0.052	1.00014	   2.47	  -6.76	 -0.078	1.00135			#	   1.33	  85.24	
    231	   2.56	  -7.15	 -0.030	1.00035	   2.30	  -7.48	 -0.057	1.00164			#	   1.36	  82.90	
    232	   2.94	  -6.39	 -0.026	1.00026	   2.68	  -6.63	 -0.047	1.00166			#	   1.20	  83.81	
    233	   3.02	  -5.23	 -0.020	1.00032	   3.15	  -6.14	 -0.045	1.00148			#	   1.07	  83.12	
    234	   2.40	  -3.95	 -0.022	1.00017	   2.93	  -4.15	 -0.044	1.00089			#	   0.78	  85.63	
    235	   1.07	  -3.83	 -0.022	1.00017	   1.41	  -3.29	 -0.025	1.00098			#	   0.51	  85.68	
    236	   0.69	  -4.96	 -0.021	1.00006	   0.89	  -4.67	 -0.032	1.00109			#	   0.78	  85.50	
    237	   0.15	  -6.17	 -0.025	1.00011	   0.20	  -5.81	 -0.005	1.00083			#	   1.10	  85.03	
    238	   1.50	  -5.27	 -0.030	1.00013	   0.42	  -6.09	 -0.048	1.00132			#	   1.00	  84.16	
    239	   2.30	  -4.41	 -0.021	1.00005	   2.75	  -3.91	 -0.046	1.00092			#	   0.97	  83.77	
    240	   1.50	  -5.73	 -0.021	1.00037	   1.22	  -5.66	 -0.026	1.00147			#	   1.13	  81.47	
    241	   2.37	  -5.02	 -0.023	0.99998	   2.23	  -5.26	 -0.045	1.00080			#	   1.16	  84.16	
    242	   1.89	  -3.80	 -0.034	1.00033	   2.05	  -4.42	 -0.037	1.00121			#	   0.77	  84.55	
    243	   2.51	  -4.66	 -0.032	1.00012	   1.80	  -3.23	 -0.060	1.00111			#	   1.11	  83.29	
    244	   3.23	  -6.30	 -0.019	1.00028	   3.53	  -6.73	 -0.057	1.00125			#	   1.80	  82.86	
    245	   2.17	  -5.04	  0.002	1.00012	   2.68	  -5.07	 -0.022	1.00151			#	   0.84	  82.81	
    246	   0.97	  -6.15	  0.021	1.00026	   1.01	  -5.97	  0.015	1.00121			#	   1.17	  84.07	
    247	   1.36	  -5.40	  0.019	1.00005	   1.17	  -5.63	  0.018	1.00128			#	   1.02	  83.51	
    248	   1.01	  -4.92	 -0.003	1.00024	   0.91	  -5.21	  0.003	1.00101			#	   0.77	  83.59	
    249	   2.67	  -4.89	 -0.003	1.00010	   1.94	  -4.43	 -0.028	1.00085			#	   1.29	  82.51	
    250	   3.52	  -5.45	  0.007	1.00027	   3.29	  -5.25	 -0.031	1.00152			#	   1.70	  82.64	
    251	   2.60	  -5.18	  0.009	1.00021	   3.42	  -5.66	  0.000	1.00111			#	   0.96	  83.85	
    252	   1.62	  -3.26	  0.005	1.00020	   1.80	  -4.16	 -0.013	1.00125			#	   0.44	  80.12	
    253	   0.83	  -3.54	  0.019	1.00001	   1.33	  -2.85	  0.018	1.00046			#	   0.33	  86.89	
    254	   0.07	  -3.25	 -0.005	1.00010	   0.12	  -3.50	  0.007	1.00071			#	   0.26	  84.72	
    255	   0.69	  -3.97	 -0.008	1.00015	   0.33	  -3.41	 -0.008	1.00085			#	   0.39	  83.51	
    256	   0.90	  -4.88	 -0.028	1.00011	   1.07	  -4.62	 -0.038	1.00108			#	   0.69	  82.55	
    257	   0.68	  -5.60	 -0.026	1.00023	   0.41	  -5.09	 -0.026	1.00133			#	   1.00	  81.16	
    258	   2.24	  -6.54	 -0.054	1.00021	   1.35	  -6.72	 -0.058	1.00121			#	   1.96	  83.03	
    259	   2.84	  -5.27	 -0.083	1.00016	   3.14	  -5.59	 -0.106	1.00108			#	   1.06	  82.20	
    260	   2.76	  -5.08	 -0.080	1.00026	   2.29	  -4.96	 -0.105	1.00141			#	   1.21	  81.60	
    261	   3.73	  -4.80	 -0.060	1.00014	   3.41	  -5.11	 -0.099	1.00086			#	   1.36	  78.47	
    262	   3.56	  -3.44	 -0.040	1.00023	   4.01	  -4.05	 -0.091	1.00125			#	   1.09	  81.47	
    263	   2.31	  -2.87	 -0.004	0.99892	   2.68	  -2.78	 -0.026	0.99949			#	   0.52	  83.16	
    264	   1.50	  -3.38	 -0.006	0.99866	   1.76	  -2.70	 -0.009	0.99943			#	   0.43	  79.64	
    265	   1.32	  -5.41	 -0.018	1.00000	   1.39	  -4.19	 -0.029	1.00103			#	   0.69	  79.64	
    266	   0.93	  -6.04	 -0.016	0.99896	   0.93	  -6.54	 -0.006	1.00004			#	   0.79	  80.21	
    267	   1.54	  -6.00	 -0.029	0.99881	   1.19	  -5.61	 -0.042	0.99994			#	   0.96	  80.60	
    268	   1.51	  -6.92	 -0.022	1.00002	   2.13	  -6.75	 -0.055	1.00087			#	   1.31	  80.47	
    269	  -0.29	  -5.71	 -0.008	1.00007	   0.15	  -6.68	  0.010	1.00129			#	   0.66	  79.86	
    270	  -0.41	  -5.65	 -0.012	1.00069	  -0.34	  -4.95	 -0.017	1.00133			#	   0.74	  76.35	
    271	  -0.07	  -6.35	 -0.003	1.00080	  -0.43	  -6.72	  0.003	1.00194			#	   0.96	  80.64	
    272	   0.69	  -5.63	 -0.027	1.00009	   0.41	  -5.38	 -0.014	1.00130			#	   0.85	  74.13	
    273	   1.12	  -6.20	 -0.054	1.00083	   1.31	  -6.52	 -0.074	1.00178			#	   1.15	  79.73	
    274	  -0.60	  -4.97	 -0.038	1.00079	   0.60	  -5.50	 -0.043	1.00172			#	   0.68	  79.12	
    275	  -3.14	  -4.20	 -0.006	1.00019	  -2.48	  -4.62	  0.016	1.00097			#	   0.86	  81.16	
    276	  -3.05	  -3.94	  0.006	1.00067	  -3.21	  -3.74	  0.027	1.00127			#	   0.72	  79.56	
    277	  -1.87	  -4.85	 -0.008	1.00068	  -2.75	  -4.38	  0.005	1.00165			#	   0.63	  77.43	
    278	  -0.39	  -4.64	 -0.014	0.99999	  -0.53	  -5.21	 -0.014	1.00091			#	   0.45	  79.38	
    279	  -0.37	  -5.31	 -0.004	1.00003	  -0.40	  -4.10	  0.006	1.00106			#	   0.73	  79.34	
    280	   0.70	  -7.25	 -0.005	1.00012	   0.15	  -6.60	 -0.015	1.00132			#	   1.31	  79.12	
    281	   0.77	  -8.08	 -0.010	1.00019	   1.15	  -7.77	 -0.017	1.00170			#	   1.11	  78.52	
    282	  -0.14	  -9.75	 -0.029	1.00016	   0.22	  -8.77	 -0.018	1.00205			#	   1.79	  76.82	
    283	  -0.87	  -9.85	 -0.032	1.00013	  -0.34	 -10.77	 -0.031	1.00187			#	   1.64	  76.52	
    284	  -1.90	  -8.33	 -0.024	1.00009	  -1.13	  -8.70	 -0.008	1.00143			#	   1.24	  79.08	
    285	  -1.59	  -8.21	 -0.020	1.00012	  -2.56	  -8.21	  0.005	1.00170			#	   1.05	  78.73	
    286	   0.10	  -8.06	 -0.036	0.99995	  -0.00	  -8.01	 -0.041	1.00137			#	   0.90	  78.91	
    287	   0.02	  -8.46	 -0.026	1.00029	  -0.53	  -8.37	 -0.015	1.00201			#	   0.99	  77.47	
    288	   2.27	  -8.88	 -0.016	1.00009	   1.79	  -8.18	 -0.048	1.00167			#	   1.23	  75.87	
    289	   2.30	  -9.90	 -0.011	1.00038	   2.44	 -10.06	 -0.029	1.00217			#	   1.86	  76.52	
    290	   1.46	  -9.22	 -0.023	1.00022	   1.89	  -9.62	 -0.025	1.00195			#	   1.49	  76.52	
    291	   0.49	  -8.48	 -0.027	1.00027	   0.84	  -8.72	 -0.032	1.00207			#	   1.32	  75.61	
    292	   0.20	  -7.41	 -0.025	1.00003	   0.55	  -7.69	 -0.029	1.00172			#	   0.86	  76.56	
    293	  -0.73	  -7.97	 -0.032	1.00027	  -0.59	  -8.33	 -0.012	1.00130			#	   0.86	  75.87	
    294	   0.24	  -5.61	 -0.027	1.00000	  -0.44	  -6.32	 -0.034	1.00129			#	   0.43	  75.04	
    295	   1.76	  -5.48	 -0.024	1.00013	   1.08	  -4.92	 -0.034	1.00119			#	   0.50	  75.04	
    296	   3.18	  -6.54	 -0.034	1.00014	   2.87	  -5.99	 -0.069	1.00158			#	   1.00	  74.78	
    297	   2.99	  -7.90	 -0.024	1.00018	   3.25	  -7.68	 -0.052	1.00128			#	   1.28	  75.04	
    298	   0.68	  -7.07	 -0.034	1.00014	   2.14	  -7.17	 -0.025	1.00152			#	   0.90	  74.39	
    299	  -0.11	  -7.54	 -0.045	1.00020	  -0.89	  -7.16	 -0.030	1.00196			#	   1.23	  75.65	
    300	   1.10	 -21.35	 -0.089	1.00031	   0.94	 -20.48	 -0.112	1.00400			#	   6.63	  71.14	
    301	   1.78	  -8.76	 -0.025	1.00020	   1.55	 -10.14	 -0.045	1.00178			#	   0.37	  72.87	
    302	   1.40	  -6.73	 -0.030	1.00017	   1.82	  -7.02	 -0.044	1.00145			#	   0.29	  72.44	
    303	   1.53	  -7.38	 -0.015	0.99994	   1.19	  -7.05	 -0.047	1.00122			#	   0.40	  72.57	
    304	   1.09	  -5.64	  0.026	1.00049	   0.88	  -7.43	  0.030	1.00165			#	   0.28	  68.97	
    305	   2.83	  -3.32	  0.016	1.00012	   2.12	  -3.17	 -0.005	1.00119			#	   0.20	  71.01	
    306	   3.74	  -4.23	  0.001	1.00017	   2.85	  -3.68	 -0.012	1.00128			#	   0.86	  71.70	
    307	   4.46	  -5.54	 -0.040	0.99998	   4.74	  -4.15	 -0.062	1.00086			#	   1.37	  70.18	
    308	   3.73	  -8.30	 -0.034	1.00043	   3.07	  -7.51	 -0.056	1.00187			#	   1.30	  70.27	
    309	   6.15	  -9.71	 -0.035	1.00014	   5.40	  -9.10	 -0.086	1.00211			#	   2.25	  67.75	
    310	   4.77	 -10.43	 -0.052	1.00035	   5.78	  -9.94	 -0.080	1.00265			#	   1.26	  68.53	
    311	   3.30	 -10.68	 -0.025	1.00023	   3.62	 -11.46	 -0.058	1.00196			#	   1.21	  68.58	
    312	   2.20	  -8.56	  0.003	1.00033	   2.79	  -9.53	 -0.022	1.00183			#	   0.80	  69.75	
    313	   1.04	  -5.62	  0.001	1.00020	   0.96	  -6.87	  0.022	1.00142			#	   0.35	  69.14	
    314	   1.26	  -4.60	 -0.035	0.99994	   1.29	  -3.84	 -0.055	1.00086			#	   0.27	  67.93	
    315	   1.22	  -5.77	 -0.027	1.00009	   1.20	  -6.24	 -0.027	1.00114			#	   0.49	  67.80	
    316	   0.37	  -4.86	 -0.034	1.00018	   1.17	  -4.76	 -0.039	1.00111			#	   0.32	  68.23	
    317	  -0.28	  -5.36	 -0.012	1.00021	  -0.90	  -5.25	 -0.011	1.00133			#	   0.46	  67.14	
    318	   0.74	  -5.40	 -0.013	1.00010	   0.87	  -4.73	 -0.044	1.00138			#	   0.65	  67.40	
    319	  -0.30	  -7.43	  0.004	0.99956	   0.71	  -7.41	  0.014	1.00024			#	   1.05	  60.11	
    320	  -1.86	  -6.91	  0.002	1.00092	  -2.87	  -6.22	  0.043	1.00366			#	   0.73	  52.99	
    321	  -0.56	  -8.26	 -0.026	0.99992	  -0.25	  -8.22	 -0.029	1.00099			#	   1.02	  63.80	
    322	  -0.94	  -7.64	 -0.021	1.00001	  -0.23	  -8.16	 -0.029	1.00149			#	   0.80	  63.63	
    323	  -2.27	  -8.50	 -0.011	1.00010	  -2.38	  -7.01	  0.010	1.00187			#	   1.27	  63.98	
    324	  -1.46	  -9.72	 -0.013	1.00024	  -1.33	 -10.60	 -0.006	1.00170			#	   1.27	  62.54	
    325	  -1.65	  -8.05	 -0.002	1.00001	  -1.42	  -8.89	  0.019	1.00134			#	   0.84	  62.98	
    326	  -0.88	  -5.74	 -0.000	1.00026	  -1.85	  -6.63	 -0.004	1.00200			#	   0.56	  62.07	
    327	   0.60	  -6.26	  0.002	1.00002	   0.69	  -5.05	 -0.004	1.00111			#	   0.47	  62.15	
    328	   0.44	  -7.52	 -0.020	1.00007	   0.66	  -8.09	 -0.018	1.00128			#	   0.54	  61.46	
    329	   0.55	  -6.67	 -0.019	1.00006	   0.47	  -6.56	 -0.019	1.00137			#	   0.41	  60.24	
    330	  -0.03	  -7.93	 -0.038	1.00019	   0.40	  -6.13	 -0.054	1.00214			#	   0.68	  59.81	
    331	  -1.23	 -10.57	 -0.019	1.00021	  -0.35	 -11.03	  0.000	1.00178			#	   1.50	  59.46	
    332	  -1.61	  -8.65	 -0.064	1.00005	  -1.49	  -8.93	 -0.050	1.00158			#	   0.76	  59.77	
    333	  -2.12	  -7.45	 -0.048	1.00021	  -1.85	  -8.48	 -0.034	1.00166			#	   0.83	  59.24	
    334	  -1.22	  -6.85	 -0.041	0.99995	  -1.64	  -5.89	 -0.063	1.00165			#	   0.64	  58.03	
    335	  -0.60	  -9.34	  0.003	1.00016	  -1.14	  -8.11	  0.010	1.00192			#	   0.91	  58.12	
    336	   1.23	 -11.16	 -0.026	1.00007	   0.80	 -11.75	 -0.034	1.00178			#	   1.07	  56.99	
    337	   0.99	 -10.28	 -0.039	1.00009	   1.57	  -9.46	 -0.064	1.00233			#	   0.89	  56.68	
    338	   0.03	 -11.53	 -0.000	1.00025	   0.11	 -12.53	  0.019	1.00175			#	   1.30	  56.34	
    339	   0.99	  -8.58	 -0.021	1.00035	   0.54	  -9.28	 -0.060	1.00252			#	   0.71	  54.69	
    340	   1.29	  -7.54	  0.028	1.00020	   1.49	  -8.48	  0.021	1.00142			#	   0.65	  54.90	
    341	   1.56	  -6.19	  0.020	1.00020	   1.01	  -5.79	  0.010	1.00182			#	   0.49	  53.65	
    342	   1.44	  -6.41	  0.017	0.99999	   2.00	  -7.35	  0.025	1.00089			#	   0.47	  52.65	
    343	   0.35	  -3.49	 -0.012	1.00051	   0.42	  -3.82	 -0.003	1.00217			#	   0.15	  53.13	
    344	   1.09	  -5.20	  0.007	1.00016	   0.31	  -4.18	  0.012	1.00131			#	   0.33	  52.43	
    345	   1.92	  -6.32	 -0.007	1.00000	   1.97	  -6.12	 -0.028	1.00092			#	   0.54	  51.00	
    346	   1.61	  -5.95	  0.006	1.00010	   1.89	  -6.62	  0.001	1.00130			#	   0.59	  51.65	
    347	   0.84	  -6.25	 -0.018	1.00037	   0.41	  -4.71	 -0.014	1.00228			#	   0.58	  52.56	
    348	   2.08	  -9.52	 -0.021	1.00005	   1.57	  -8.78	 -0.047	1.00151			#	   1.46	  51.39	
    349	   2.09	 -10.38	 -0.044	1.00011	   2.27	  -9.96	 -0.047	1.00204			#	   1.07	  50.65	
    350	   1.66	 -10.78	 -0.039	1.00036	   2.04	 -11.05	 -0.081	1.00264			#	   1.20	  49.96	
    351	   0.07	  -9.50	 -0.038	1.00011	   1.74	 -10.13	 -0.033	1.00171			#	   0.87	  48.70	
    352	  -2.15	  -8.56	 -0.027	1.00025	  -2.06	  -9.01	 -0.006	1.00167			#	   0.84	  47.79	
    353	  -1.91	  -7.07	 -0.017	1.00023	  -1.65	  -7.52	 -0.011	1.00145			#	   0.59	  46.92	
    354	  -1.58	 -12.70	 -0.025	1.00016	  -2.06	 -11.98	 -0.042	1.00286			#	   1.51	  45.27	
    355	  -0.41	  -7.74	 -0.006	0.99996	  -0.37	  -8.84	  0.031	1.00069			#	   0.38	  46.14	
    356	   0.90	  -4.92	 -0.028	1.00004	   0.19	  -5.16	 -0.058	1.00123			#	   0.24	  45.92	
    357	   1.22	  -5.53	 -0.019	1.00007	   1.53	  -5.35	 -0.035	1.00119			#	   0.29	  45.66	
    358	   0.40	  -5.43	 -0.010	1.00054	   0.14	  -5.55	  0.007	1.00175			#	   0.29	  43.75	
    359	   1.85	  -5.48	 -0.042	1.00003	   1.40	  -5.60	 -0.071	1.00125			#	   0.33	  44.57	
    360	   1.48	  -6.32	 -0.020	1.00022	   1.70	  -5.09	 -0.031	1.00144			#	   0.62	  43.19	
    361	   1.23	  -7.07	 -0.001	1.00052	   1.01	  -7.63	  0.003	1.00223			#	   0.85	  43.88	
    362	   1.12	  -5.18	 -0.022	1.00027	   1.65	  -5.83	 -0.042	1.00167			#	   0.61	  42.10	
    363	   0.18	  -5.10	 -0.003	1.00008	   0.21	  -4.39	  0.002	1.00117			#	   0.36	  41.97	
    364	   1.02	  -5.95	 -0.009	1.00028	   0.38	  -5.71	 -0.031	1.00177			#	   0.50	  42.14	
    365	   1.66	  -6.58	  0.005	1.00002	   1.32	  -6.70	  0.002	1.00114			#	   0.63	  40.93	
    366	   2.18	  -5.18	 -0.010	1.00025	   2.24	  -5.64	 -0.058	1.00165			#	   0.48	  40.06	
    367	   1.39	  -6.44	  0.017	1.00014	   2.03	  -4.52	  0.015	1.00169			#	   0.57	  40.06	
    368	   1.32	  -9.30	  0.038	1.00003	  -0.02	  -9.78	  0.056	1.00157			#	   1.27	  39.11	
    369	   2.70	  -6.47	  0.003	1.00019	   3.21	  -7.82	 -0.042	1.00183			#	   0.52	  39.28	
    370	   1.04	  -5.10	  0.024	1.00003	   1.72	  -5.73	  0.035	1.00064			#	   0.32	  39.93	
    371	   0.04	  -3.51	  0.000	1.00011	   0.03	  -3.68	  0.002	1.00097			#	   0.15	  38.50	
    372	  -0.12	  -3.64	  0.018	0.99994	  -0.12	  -3.71	  0.017	1.00039			#	   0.13	  39.19	
    373	   0.06	  -3.19	 -0.000	1.00033	   0.09	  -2.98	  0.011	1.00121			#	   0.12	  38.54	
    374	   0.18	  -3.38	 -0.035	0.99984	  -0.23	  -3.71	 -0.018	1.00008			#	   0.16	  38.15	
    375	   1.65	  -2.50	 -0.019	1.00030	   0.78	  -3.15	 -0.046	1.00117			#	   0.17	  38.50	
    376	   1.99	  -1.26	 -0.001	1.00030	   2.17	  -1.23	 -0.002	1.00069			#	   0.13	  38.41	
    377	   2.02	  -0.70	 -0.025	1.00011	   1.57	  -1.42	 -0.041	1.00064			#	   0.12	  36.89	
    378	   3.07	   0.01	 -0.002	1.00019	   1.93	  -0.20	 -0.011	1.00054			#	   0.22	  38.93	
    379	   3.84	   0.52	 -0.030	0.99995	   4.05	   0.33	 -0.043	1.00018			#	   0.32	  38.19	
    380	   2.07	   0.02	 -0.052	1.00024	   2.78	   1.12	 -0.046	1.00058			#	   0.12	  38.41	
    381	   1.07	  -1.96	 -0.048	0.99996	   0.94	  -1.81	 -0.061	1.00069			#	   0.09	  37.76	
    382	   1.39	  -2.81	 -0.034	1.00021	   1.33	  -2.03	 -0.044	1.00109			#	   0.16	  37.07	
    383	   1.06	  -3.21	 -0.042	1.00007	   0.83	  -3.84	 -0.047	1.00091			#	   0.18	  37.15	
    384	   1.19	  -2.27	 -0.054	1.00009	   0.95	  -1.85	 -0.080	1.00093			#	   0.13	  36.72	
    385	   0.94	  -3.09	 -0.035	0.99990	   0.89	  -3.77	 -0.044	1.00024			#	   0.16	  36.98	
    386	   1.28	  -1.70	 -0.031	1.00009	   0.96	  -1.51	 -0.058	1.00060			#	   0.09	  38.15	
    387	   1.86	  -1.82	 -0.019	1.00012	   0.99	  -2.22	 -0.018	1.00054			#	   0.14	  37.02	
    388	   3.48	  -2.12	 -0.005	1.00002	   2.58	  -1.17	 -0.020	1.00076			#	   0.30	  37.59	
    389	   3.77	  -2.59	 -0.023	1.00017	   3.80	  -4.00	 -0.027	1.00076			#	   0.36	  37.02	
    390	   4.36	  -0.93	 -0.028	0.99992	   3.30	  -0.78	 -0.071	1.00047			#	   0.43	  35.20	
    391	   5.03	  -1.35	 -0.008	0.99982	   4.90	  -2.13	 -0.037	1.00038			#	   0.51	  34.59	
    392	   4.17	   0.00	  0.007	1.00015	   4.27	   0.02	 -0.010	1.00061			#	   0.36	  37.89	
    393	   4.20	   0.16	 -0.006	0.99988	   3.86	   0.03	 -0.039	1.00044			#	   0.37	  37.59	
    394	   3.44	  -0.69	 -0.004	1.00013	   4.00	  -1.20	  0.021	1.00061			#	   0.26	  37.02	
    395	   2.71	   0.15	 -0.022	0.99994	   2.21	  -0.60	 -0.025	0.99981			#	   0.19	  36.81	
    396	   4.14	   0.98	 -0.017	1.00002	   3.31	   0.95	 -0.056	1.00014			#	   0.40	  36.50	
    397	   4.16	   1.77	 -0.006	0.99984	   4.25	   0.56	 -0.027	0.99991			#	   0.43	  36.07	
    398	   3.37	   3.43	 -0.000	0.99978	   3.70	   2.99	 -0.020	0.99943			#	   0.42	  34.77	
    399	   1.85	   3.34	 -0.015	0.99997	   1.95	   4.19	 -0.013	0.99972			#	   0.27	  38.11	
    400	   2.41	   1.83	 -0.025	0.99974	   1.53	   1.49	 -0.040	0.99936			#	   0.24	  37.89	
    401	   3.11	   1.64	 -0.025	0.99993	   2.52	   1.91	 -0.043	1.00010			#	   0.33	  37.07	
    402	   3.52	   1.09	 -0.012	1.00000	   2.93	   1.76	 -0.022	1.00037			#	   0.35	  37.89	
    403	   4.34	  -0.64	 -0.040	0.99987	   3.95	  -0.48	 -0.052	1.00036			#	   0.46	  35.81	
    404	   3.38	  -1.23	 -0.076	0.99968	   3.50	  -1.79	 -0.074	0.99994			#	   0.32	  37.76	
    405	   3.23	   0.06	 -0.047	1.00026	   2.64	   0.30	 -0.101	1.00103			#	   0.27	  38.45	
    406	   4.02	  -1.79	 -0.019	0.99968	   3.34	  -0.19	 -0.042	1.00051			#	   0.40	  37.98	
    407	   4.27	  -3.89	 -0.044	0.99974	   4.18	  -5.70	 -0.055	1.00025			#	   0.55	  37.37	
    408	   3.69	  -0.00	 -0.050	1.00001	   3.81	  -1.24	 -0.070	1.00051			#	   0.32	  37.54	
    409	   3.30	   0.71	 -0.034	0.99978	   2.38	   0.78	 -0.052	0.99989			#	   0.31	  36.55	
    410	   5.08	   0.81	 -0.033	0.99971	   4.04	   0.31	 -0.076	1.00024			#	   0.61	  37.46	
    411	   5.92	   0.99	 -0.031	0.99959	   5.17	   0.13	 -0.046	0.99945			#	   0.79	  37.07	
    412	   6.67	   2.15	 -0.050	0.99954	   6.04	   1.65	 -0.092	1.00000			#	   1.06	  38.59	
    413	   5.80	   1.51	 -0.053	0.99931	   6.52	   1.51	 -0.079	0.99857			#	   0.64	  38.02	
    414	   3.98	   0.56	 -0.051	1.00106	   4.00	  -0.27	 -0.071	1.00136			#	   0.32	  38.63	
    415	   3.78	   1.97	 -0.038	0.99988	   3.21	   1.67	 -0.045	1.00000			#	   0.37	  38.15	
    416	   4.57	   2.45	 -0.073	0.99963	   3.81	   2.49	 -0.106	0.99967			#	   0.59	  38.15	
    417	   5.25	   1.42	 -0.063	0.99972	   4.56	   1.30	 -0.084	0.99985			#	   0.62	  37.80	
    418	   6.25	   0.33	 -0.070	0.99940	   5.65	   0.38	 -0.092	0.99964			#	   0.83	  38.50	
    419	   5.65	   0.76	 -0.072	0.99968	   5.89	  -0.13	 -0.118	1.00017			#	   0.64	  38.54	
    420	   4.17	   2.01	 -0.054	0.99841	   4.16	   1.12	 -0.062	0.99822			#	   0.49	  37.07	
    421	   4.20	   3.24	 -0.083	0.99826	   3.37	   2.69	 -0.094	0.99798			#	   0.65	  38.19	
    422	   5.64	   2.78	 -0.086	0.99954	   4.55	   3.30	 -0.103	1.00003			#	   0.80	  37.41	
    423	   7.46	   1.45	 -0.118	0.99763	   6.24	   0.57	 -0.152	0.99758			#	   1.28	  38.02	
    424	   8.52	   1.95	 -0.147	0.99753	   7.88	   1.41	 -0.205	0.99723			#	   1.31	  37.54	
    425	   8.47	   0.80	 -0.150	0.99900	   8.50	   0.71	 -0.207	0.99932			#	   1.07	  38.50	
    426	   7.07	   0.14	 -0.142	0.99785	   7.32	   0.26	 -0.186	0.99834			#	   0.84	  38.11	
    427	   6.51	  -0.60	 -0.101	0.99783	   5.80	  -1.36	 -0.143	0.99781			#	   0.65	  39.19	
    428	   6.77	  -0.09	 -0.119	0.99895	   6.21	  -1.01	 -0.133	0.99908			#	   0.67	  38.72	
    429	   7.24	   1.23	 -0.160	0.99775	   6.64	   0.33	 -0.207	0.99807			#	   0.80	  37.80	
    430	   7.75	   1.03	 -0.137	0.99867	   7.36	   0.69	 -0.190	0.99852			#	   0.92	  37.02	
    431	   7.25	   0.80	 -0.138	0.99869	   7.36	  -0.19	 -0.187	0.99828			#	   0.95	  37.20	
    432	   5.46	   1.56	 -0.133	0.99992	   6.04	   1.07	 -0.161	1.00010			#	   0.63	  37.93	
    433	   4.53	   0.99	 -0.133	1.00013	   4.00	   0.90	 -0.154	1.00016			#	   0.45	  37.50	
    434	   5.04	   1.74	 -0.130	0.99913	   4.67	   0.50	 -0.182	0.99912			#	   0.58	  37.50	
    435	   5.41	   1.11	 -0.111	0.99971	   4.95	   1.79	 -0.134	0.99954			#	   0.59	  38.06	
    436	   5.54	   0.07	 -0.129	1.00007	   5.00	  -0.48	 -0.160	1.00067			#	   0.58	  38.32	
    437	   6.71	   0.40	 -0.124	0.99914	   5.48	  -0.27	 -0.160	0.99948			#	   0.98	  38.28	
    438	   8.05	   1.00	 -0.127	0.99900	   7.64	  -0.55	 -0.195	0.99898			#	   1.06	  37.85	
    439	   7.42	   0.97	 -0.097	0.99944	   7.53	   1.41	 -0.117	0.99967			#	   0.91	  37.50	
    440	   6.45	   0.17	 -0.123	0.99894	   6.92	  -0.79	 -0.160	0.99912			#	   0.82	  37.50	
    441	   5.25	   0.86	 -0.120	0.99973	   4.97	  -0.17	 -0.154	0.99936			#	   0.61	  37.11	
    442	   5.70	   2.20	 -0.103	0.99927	   5.52	   1.24	 -0.160	0.99942			#	   0.75	  35.94	
    443	   5.27	   1.50	 -0.098	0.99906	   4.74	   1.35	 -0.097	0.99878			#	   0.70	  36.89	
    444	   6.26	   1.42	 -0.135	0.99876	   5.28	   0.94	 -0.182	0.99893			#	   0.85	  37.37	
    445	   6.89	  -0.27	 -0.129	0.99846	   7.01	   0.81	 -0.183	0.99861			#	   0.94	  37.07	
    446	   5.51	  -2.77	 -0.120	0.99897	   6.27	  -3.39	 -0.153	0.99918			#	   0.57	  37.41	
    447	   3.51	  -1.97	 -0.112	0.99961	   3.72	  -2.44	 -0.121	1.00015			#	   0.27	  37.72	
    448	   3.97	  -1.33	 -0.097	0.99938	   2.86	  -2.02	 -0.141	1.00017			#	   0.31	  36.94	
    449	   5.01	  -1.28	 -0.094	0.99897	   4.97	  -2.06	 -0.115	0.99889			#	   0.46	  37.46	
    450	   4.27	  -0.79	 -0.117	0.99919	   4.01	  -1.13	 -0.140	0.99928			#	   0.42	  35.98	
    451	   4.79	  -0.08	 -0.094	0.99915	   4.13	  -0.88	 -0.142	0.99950			#	   0.60	  37.33	
    452	   5.10	   0.02	 -0.084	0.99910	   5.21	   0.11	 -0.117	0.99953			#	   0.73	  35.46	
    453	   5.39	  -1.04	 -0.077	0.99908	   4.45	  -1.53	 -0.095	0.99942			#	   0.81	  36.55	
    454	   5.94	  -0.09	 -0.112	0.99887	   6.42	  -1.30	 -0.147	0.99949			#	   0.90	  36.20	
    455	   4.51	  -0.69	 -0.098	0.99881	   4.39	  -0.80	 -0.115	0.99841			#	   0.49	  35.68	
    456	   5.52	  -0.88	 -0.090	0.99868	   4.22	  -0.92	 -0.132	0.99928			#	   0.72	  35.81	
    457	   6.66	  -1.11	 -0.106	0.99868	   6.43	  -2.21	 -0.135	0.99890			#	   0.87	  35.03	
    458	   6.93	  -0.18	 -0.116	0.99861	   6.38	  -1.26	 -0.180	0.99917			#	   0.88	  35.20	
    459	   7.15	  -0.81	 -0.083	0.99827	   6.60	  -1.21	 -0.131	0.99825			#	   1.01	  34.59	
    460	   6.34	  -0.27	 -0.078	0.99898	   6.28	  -1.22	 -0.116	0.99921			#	   0.73	  34.72	
    461	   6.05	   0.04	 -0.096	0.99867	   5.82	  -0.55	 -0.100	0.99869			#	   0.77	  35.33	
    462	   6.69	   0.37	 -0.154	0.99805	   5.70	  -0.79	 -0.197	0.99797			#	   0.89	  34.77	
    463	   7.32	   0.81	 -0.131	0.99880	   7.29	  -0.06	 -0.190	0.99947			#	   0.96	  34.94	
    464	   5.99	   0.57	 -0.099	0.99859	   6.94	   0.17	 -0.134	0.99806			#	   0.68	  34.46	
    465	   3.63	   1.07	 -0.106	0.99927	   4.19	   0.33	 -0.115	0.99953			#	   0.32	  34.85	
    466	   3.46	   1.00	 -0.121	0.99941	   2.98	   1.02	 -0.132	0.99952			#	   0.30	  34.55	
    467	   4.02	  -0.25	 -0.145	0.99892	   3.58	   0.54	 -0.208	0.99868			#	   0.39	  31.90	
    468	   5.97	  -1.04	 -0.086	0.99918	   3.45	  -2.56	 -0.095	0.99999			#	   0.81	  29.08	
    469	   8.70	   0.27	 -0.128	0.99764	   8.18	  -1.29	 -0.234	0.99675			#	   1.63	  31.90	
    470	  14.55	   3.98	 -0.225	0.99667	  15.02	   1.20	 -0.289	0.99597			#	   2.66	  30.64	
    471	   6.44	   4.30	 -0.122	0.99794	   5.73	   2.15	 -0.185	0.99708			#	   0.46	  33.25	
    472	   6.86	   6.96	 -0.097	0.99867	   6.20	   6.67	 -0.109	0.99829			#	   0.89	  31.81	
    473	   9.01	   5.78	 -0.143	0.99735	   7.80	   4.39	 -0.204	0.99657			#	   1.19	  32.81	
    474	   9.13	   4.98	 -0.167	0.99737	   9.37	   4.48	 -0.228	0.99636			#	   1.32	  34.03	
    475	   7.61	   3.84	 -0.166	0.99778	   8.02	   3.16	 -0.205	0.99683			#	   0.92	  34.16	
    476	   6.58	   3.66	 -0.161	0.99821	   6.35	   3.28	 -0.196	0.99781			#	   0.86	  34.11	
    477	   6.56	   1.84	 -0.156	0.99774	   6.46	   2.17	 -0.199	0.99695			#	   0.78	  34.64	
    478	   6.43	   0.83	 -0.146	0.99821	   5.88	  -0.52	 -0.177	0.99837			#	   0.58	  34.77	
    479	   7.38	   1.21	 -0.145	0.99785	   6.83	   0.58	 -0.171	0.99804			#	   0.79	  34.46	
    480	   7.91	   1.75	 -0.134	0.99761	   7.98	   0.06	 -0.182	0.99748			#	   1.09	  34.29	
    481	   7.55	   3.41	 -0.137	0.99763	   7.92	   1.64	 -0.182	0.99749			#	   1.28	  34.03	
    482	   6.39	   3.65	 -0.130	0.99816	   6.66	   3.40	 -0.158	0.99751			#	   0.99	  33.85	
    483	   6.20	   2.83	 -0.122	0.99798	   5.78	   2.28	 -0.150	0.99739			#	   0.88	  34.07	
    484	   5.69	   3.68	 -0.118	0.99817	   6.40	   2.07	 -0.150	0.99716			#	   0.81	  32.60	
    485	   3.99	   4.72	 -0.103	0.99853	   4.18	   4.30	 -0.131	0.99740			#	   0.66	  33.68	
    486	   4.02	   5.85	 -0.082	0.99891	   3.37	   5.34	 -0.062	0.99863			#	   0.80	  33.46	
    487	   5.57	   4.76	 -0.126	0.99787	   5.64	   4.41	 -0.199	0.99646			#	   1.24	  32.90	
    488	   4.09	   4.02	 -0.106	0.99854	   4.48	   3.33	 -0.122	0.99779			#	   0.53	  33.64	
    489	   3.08	   4.47	 -0.093	0.99909	   3.25	   3.65	 -0.086	0.99798			#	   0.41	  33.90	
    490	   3.04	   5.24	 -0.082	0.99893	   2.86	   4.91	 -0.109	0.99808			#	   0.52	  34.55	
    491	   3.13	   5.90	 -0.090	0.99894	   2.81	   4.54	 -0.094	0.99772			#	   0.60	  35.03	
    492	   3.14	   7.18	 -0.100	0.99890	   3.60	   7.07	 -0.110	0.99806			#	   0.95	  35.46	
    493	   2.54	   6.53	 -0.107	0.99941	   2.32	   5.62	 -0.118	0.99746			#	   0.78	  37.63	
    494	   2.90	   7.04	 -0.106	0.99983	   3.03	   7.60	 -0.138	0.99858			#	   0.97	  40.54	
    495	   1.19	   7.29	 -0.082	1.00003	   1.90	   7.25	 -0.081	0.99885			#	   0.80	  41.32	
    496	   1.84	   6.35	 -0.080	0.99973	   0.78	   7.09	 -0.077	0.99829			#	   0.72	  41.84	
    497	   3.74	   5.00	 -0.113	0.99968	   2.72	   5.33	 -0.168	0.99851			#	   0.71	  41.45	
    498	   3.26	   4.75	 -0.066	0.99978	   3.51	   4.59	 -0.097	0.99821			#	   0.67	  42.36	
    499	   3.23	   5.74	 -0.066	0.99994	   2.69	   4.94	 -0.079	0.99876			#	   0.62	  42.71	
    500	   2.98	   7.90	 -0.104	0.99972	   2.99	   6.68	 -0.113	0.99786			#	   1.02	  43.49	
    501	   3.04	  10.33	 -0.114	0.99983	   2.79	  10.10	 -0.128	0.99816			#	   1.37	  43.32	
    502	   2.40	  10.00	 -0.114	0.99992	   2.77	  10.05	 -0.130	0.99794			#	   1.09	  44.88	
    503	   2.18	   9.56	 -0.092	0.99986	   1.99	   9.82	 -0.118	0.99789			#	   1.22	  44.97	
    504	   2.58	   9.25	 -0.091	0.99981	   2.51	   9.27	 -0.113	0.99795			#	   0.98	  44.66	
    505	   1.78	   9.86	 -0.099	0.99987	   2.29	   9.83	 -0.117	0.99826			#	   0.89	  46.92	
    506	   0.89	   8.41	 -0.072	0.99992	   0.99	   9.38	 -0.073	0.99839			#	   0.69	  46.74	
    507	   1.15	   7.22	 -0.061	0.99963	   0.61	   6.98	 -0.071	0.99817			#	   0.53	  47.53	
    508	   2.03	   7.44	 -0.061	0.99993	   2.07	   7.91	 -0.092	0.99868			#	   0.65	  48.00	
    509	   1.45	   6.48	 -0.051	0.99975	   1.15	   6.55	 -0.053	0.99840			#	   0.52	  49.13	
    510	   2.27	   6.54	 -0.050	0.99980	   1.92	   6.59	 -0.076	0.99863			#	   0.59	  47.70	
    511	   3.11	   6.47	 -0.044	0.99991	   2.44	   6.39	 -0.060	0.99883			#	   0.70	  49.22	
    512	   3.95	   5.84	 -0.042	0.99981	   3.37	   6.23	 -0.078	0.99824			#	   0.72	  48.22	
    513	   5.10	   6.84	 -0.036	0.99974	   4.61	   5.61	 -0.075	0.99831			#	   0.94	  45.75	
    514	   4.36	   8.63	 -0.053	0.99985	   5.20	   8.12	 -0.079	0.99823			#	   0.96	  46.48	
    515	   1.23	   8.50	 -0.071	0.99983	   2.38	   9.20	 -0.049	0.99817			#	   0.83	  51.17	
    516	   0.42	   6.78	 -0.077	0.99979	   0.11	   7.29	 -0.099	0.99863			#	   0.57	  51.30	
    517	   0.54	   6.63	 -0.061	0.99994	   0.84	   6.69	 -0.074	0.99865			#	   0.61	  51.43	
    518	   0.14	   6.57	 -0.055	0.99988	  -0.03	   6.68	 -0.051	0.99905			#	   0.53	  52.26	
    519	   1.53	   4.83	 -0.044	0.99980	   0.68	   6.12	 -0.060	0.99885			#	   0.30	  51.04	
    520	   1.89	   3.59	 -0.050	0.99991	   2.12	   3.61	 -0.055	0.99932			#	   0.24	  52.47	
    521	   1.76	   3.71	 -0.054	0.99984	   1.67	   3.11	 -0.084	0.99897			#	   0.26	  52.56	
    522	   1.77	   4.91	 -0.034	0.99986	   1.95	   4.40	 -0.072	0.99903			#	   0.38	  50.74	
    523	   1.06	   6.21	 -0.019	0.99984	   1.46	   5.59	 -0.019	0.99872			#	   0.51	  52.39	
    524	  -0.19	   6.88	 -0.036	0.99988	   0.67	   6.57	 -0.042	0.99881			#	   0.70	  52.86	
    525	  -1.67	   6.93	 -0.028	0.99995	  -1.65	   6.92	 -0.017	0.99866			#	   0.79	  53.04	
    526	  -0.60	   6.82	 -0.017	0.99991	  -1.43	   7.00	 -0.017	0.99885			#	   0.74	  52.86	
    527	   1.34	   6.79	 -0.013	0.99995	   0.73	   6.67	 -0.027	0.99890			#	   0.79	  53.69	
    528	   1.52	   6.52	 -0.010	0.99986	   1.94	   7.20	 -0.009	0.99867			#	   0.68	  54.69	
    529	   1.07	   5.66	 -0.046	0.99993	   1.03	   5.54	 -0.052	0.99893			#	   0.55	  53.26	
    530	   1.01	   6.32	 -0.035	0.99984	   1.26	   6.16	 -0.048	0.99883			#	   0.62	  55.12	
    531	   0.26	   5.96	 -0.021	0.99985	   0.51	   6.07	 -0.020	0.99860			#	   0.48	  54.51	
    532	  -0.47	   6.15	 -0.044	0.99984	   0.02	   6.63	 -0.021	0.99885			#	   0.45	  55.90	
    533	  -1.02	   5.18	 -0.049	0.99998	  -0.93	   5.32	 -0.035	0.99899			#	   0.38	  55.90	
    534	  -0.81	   5.45	 -0.065	0.99999	  -0.96	   5.30	 -0.048	0.99906			#	   0.45	  55.38	
    535	  -0.75	   6.41	 -0.062	0.99975	  -0.55	   5.24	 -0.082	0.99859			#	   0.60	  55.64	
    536	  -1.58	   8.49	 -0.032	1.00003	  -1.16	   8.21	 -0.019	0.99881			#	   1.11	  54.99	
    537	  -1.83	   8.13	 -0.036	1.00000	  -1.75	   8.60	 -0.012	0.99889			#	   0.81	  56.21	
    538	  -2.17	   7.20	 -0.049	0.99995	  -2.28	   7.34	 -0.019	0.99849			#	   0.83	  56.08	
    539	  -1.14	   6.77	 -0.059	0.99985	  -1.68	   6.87	 -0.053	0.99864			#	   0.64	  58.12	
    540	   0.13	   7.27	 -0.052	0.99995	  -0.35	   7.02	 -0.055	0.99882			#	   0.64	  57.29	
    541	   1.07	   7.47	 -0.040	0.99981	   0.58	   7.53	 -0.051	0.99863			#	   0.64	  59.07	
    542	   2.10	   7.07	 -0.029	0.99983	   1.85	   7.28	 -0.052	0.99869			#	   0.67	  58.03	
    543	   1.47	   7.53	 -0.028	0.99987	   2.26	   7.00	 -0.036	0.99838			#	   0.72	  58.68	
    544	  -0.18	   8.20	 -0.037	0.99996	   0.38	   8.39	 -0.019	0.99866			#	   0.95	  58.46	
    545	  -0.53	   7.18	 -0.040	0.99996	  -0.58	   7.92	 -0.033	0.99856			#	   0.64	  59.38	
    546	  -0.22	   6.38	 -0.030	1.00003	  -0.28	   6.33	 -0.035	0.99907			#	   0.63	  59.38	
    547	   0.14	   6.83	 -0.015	0.99978	  -0.15	   6.51	 -0.019	0.99858			#	   0.73	  59.90	
    548	   0.36	   7.46	  0.003	1.00008	   0.17	   7.47	  0.004	0.99861			#	   0.78	  59.64	
    549	   1.82	   6.97	  0.001	0.99992	   1.18	   7.06	 -0.012	0.99883			#	   0.73	  60.46	
    550	   2.23	   7.44	 -0.005	0.99984	   2.55	   7.13	 -0.032	0.99848			#	   1.00	  60.24	
    551	   1.22	   8.18	  0.005	0.99987	   1.69	   7.72	  0.009	0.99836			#	   0.86	  60.20	
    552	   0.74	   8.40	 -0.013	1.00000	   0.63	   8.66	 -0.016	0.99845			#	   0.80	  59.90	
    553	   0.66	   8.76	  0.013	1.00005	   0.97	   8.65	  0.001	0.99872			#	   1.00	  61.55	
    554	   1.56	   7.93	  0.014	0.99986	   1.45	   8.58	  0.009	0.99843			#	   0.82	  59.64	
    555	   0.56	   7.00	 -0.009	0.99990	   0.84	   7.23	 -0.007	0.99856			#	   0.74	  60.68	
    556	   0.45	   6.77	 -0.010	0.99996	   0.24	   6.72	 -0.005	0.99875			#	   0.70	  60.81	
    557	   1.16	   7.84	 -0.016	1.00006	   0.82	   6.68	 -0.030	0.99884			#	   0.90	  60.63	
    558	   1.99	   9.27	  0.002	0.99982	   1.64	   9.94	 -0.011	0.99826			#	   1.24	  59.94	
    559	   2.59	   8.49	 -0.018	1.00004	   2.59	   7.96	 -0.029	0.99858			#	   0.84	  60.59	
    560	   1.41	   9.92	 -0.021	0.99993	   2.36	   9.20	 -0.050	0.99819			#	   1.00	  60.37	
    561	  -0.29	  10.82	  0.014	1.00002	   0.29	  10.56	  0.008	0.99786			#	   1.38	  63.63	
    562	   0.37	  11.88	  0.059	0.99977	  -0.55	  11.92	  0.035	0.99831			#	   1.45	  63.98	
    563	   0.64	  10.39	  0.074	0.99986	   1.27	  11.30	  0.070	0.99778			#	   1.09	  64.80	
    564	  -0.83	   8.68	  0.055	0.99987	  -0.43	   9.49	  0.079	0.99827			#	   0.93	  64.24	
    565	  -1.00	   7.86	  0.039	0.99989	  -1.07	   7.74	  0.039	0.99868			#	   0.76	  65.76	
    566	  -1.47	   8.10	  0.049	1.00004	  -1.37	   8.23	  0.072	0.99852			#	   0.82	  65.23	
    567	  -0.62	   8.20	  0.017	0.99973	  -1.17	   8.07	  0.036	0.99843			#	   0.77	  67.01	
    568	  -0.49	   7.92	  0.005	0.99987	  -0.22	   8.18	  0.007	0.99846			#	   0.83	  67.36	
    569	  -1.21	   7.25	 -0.004	0.99989	  -0.78	   7.62	  0.006	0.99882			#	   0.87	  67.23	
    570	  -3.08	   6.02	 -0.014	0.99992	  -2.32	   6.39	  0.006	0.99855			#	   1.10	  65.54	
    571	  -4.67	   6.22	  0.011	0.99986	  -3.91	   5.69	  0.023	0.99877			#	   1.42	  66.84	
    572	  -6.61	   7.01	  0.038	0.99974	  -6.06	   6.83	  0.086	0.99874			#	   1.81	  65.02	
    573	  -7.80	   6.78	  0.019	0.99968	  -8.01	   6.92	  0.093	0.99850			#	   1.54	  58.77	
    574	  -6.68	   6.51	 -0.017	1.00000	  -8.48	   6.04	  0.057	0.99877			#	   1.34	  63.41	
    575	  -2.51	   7.99	 -0.037	0.99977	  -4.35	   7.04	 -0.029	0.99846			#	   0.77	  65.54	
    576	   0.17	  10.83	 -0.017	0.99977	  -0.82	  10.20	 -0.013	0.99808			#	   1.03	  67.45	
    577	   2.68	  10.07	 -0.026	1.00004	   2.02	  10.48	 -0.041	0.99802			#	   1.01	  66.36	
    578	   3.51	   9.41	 -0.047	1.00014	   3.52	   9.62	 -0.070	0.99863			#	   1.09	  66.32	
    579	   2.66	   9.46	 -0.051	0.99998	   3.41	   9.10	 -0.067	0.99824			#	   1.04	  64.32	
    580	   0.66	  10.66	 -0.060	1.00011	   1.50	  10.10	 -0.064	0.99829			#	   1.43	  69.05	
    581	   0.15	  10.97	 -0.061	0.99984	  -0.03	  11.50	 -0.056	0.99812			#	   1.30	  69.53	
    582	   0.17	   9.82	 -0.067	0.99993	   0.22	  10.62	 -0.064	0.99824			#	   1.11	  71.09	
    583	   1.00	   8.23	 -0.057	1.00002	   0.56	   8.90	 -0.070	0.99855			#	   0.80	  69.66	
    584	   1.79	   6.77	 -0.033	0.99997	   1.85	   7.18	 -0.058	0.99871			#	   0.66	  69.49	
    585	   1.08	   7.29	 -0.021	1.00009	   1.76	   7.05	 -0.038	0.99898			#	   0.73	  71.79	
    586	  -0.55	   6.96	 -0.001	1.00005	  -0.16	   7.11	  0.007	0.99886			#	   0.68	  69.92	
    587	  -0.71	   7.15	 -0.003	0.99984	  -0.79	   6.93	  0.009	0.99838			#	   0.86	  72.57	
    588	  -0.43	   7.50	 -0.016	1.00007	  -0.51	   7.37	 -0.010	0.99891			#	   1.11	  72.22	
    589	  -0.16	   7.93	 -0.017	0.99982	  -0.52	   8.09	 -0.018	0.99865			#	   1.13	  74.09	
    590	   0.78	   7.30	 -0.019	0.99989	   0.61	   7.62	 -0.027	0.99863			#	   0.77	  71.66	
    591	   0.74	   6.88	 -0.012	0.99999	   0.81	   6.91	 -0.022	0.99881			#	   0.75	  72.96	
    592	   0.44	   6.84	  0.005	1.00003	   0.71	   7.25	 -0.002	0.99884			#	   0.77	  73.57	
    593	  -0.34	   5.79	  0.014	1.00008	   0.14	   6.18	  0.016	0.99895			#	   0.64	  72.01	
    594	  -0.53	   5.01	  0.026	0.99990	  -0.78	   5.62	  0.023	0.99917			#	   0.48	  73.44	
    595	  -0.59	   4.28	  0.023	1.00005	  -0.28	   4.12	  0.036	0.99921			#	   0.46	  73.57	
    596	  -1.14	   4.81	 -0.000	1.00003	  -1.17	   4.57	  0.017	0.99928			#	   0.61	  73.61	
    597	  -0.89	   4.99	  0.007	0.99996	  -0.95	   5.13	  0.008	0.99918			#	   0.68	  74.78	
    598	  -1.39	   4.94	  0.005	1.00005	  -1.07	   4.84	  0.020	0.99922			#	   0.86	  72.83	
    599	  -1.78	   5.23	  0.002	0.99991	  -1.57	   4.88	  0.014	0.99888			#	   1.05	  73.61	
    600	  -1.77	   6.48	 -0.005	1.00012	  -2.54	   5.78	  0.025	0.99895			#	   1.17	  73.18	
    601	   0.63	   6.74	 -0.016	0.99983	  -0.15	   7.25	 -0.032	0.99880			#	   0.70	  74.96	
    602	   0.54	   6.01	  0.005	1.00012	   0.68	   5.96	 -0.001	0.99908			#	   0.66	  74.74	
    603	   1.36	   6.09	  0.021	0.99997	   1.05	   5.89	  0.005	0.99894			#	   0.70	  72.96	
    604	   0.76	   6.67	  0.025	0.99999	   1.53	   6.53	  0.010	0.99877			#	   0.87	  75.26	
    605	  -0.43	   7.05	  0.027	1.00013	  -0.37	   6.78	  0.042	0.99895			#	   0.99	  76.00	
    606	  -0.64	   7.74	  0.010	1.00000	  -0.30	   7.60	  0.013	0.99868			#	   1.18	  76.00	
    607	  -0.99	   8.39	  0.009	0.99993	  -1.18	   8.00	  0.023	0.99867			#	   1.51	  76.43	
    608	  -1.75	   8.18	 -0.014	0.99998	  -0.86	   8.54	  0.008	0.99831			#	   1.37	  77.34	
    609	  -2.62	   8.43	 -0.021	0.99994	  -2.51	   7.56	 -0.008	0.99827			#	   1.43	  76.09	
    610	  -2.73	  10.31	 -0.015	0.99997	  -3.18	   9.79	  0.016	0.99848			#	   1.77	  76.13	
    611	  -1.20	   9.05	 -0.015	1.00115	  -1.65	   9.99	 -0.021	0.99922			#	   1.04	  77.65	
    612	  -0.37	   7.76	 -0.007	0.99997	  -1.01	   7.86	 -0.004	0.99885			#	   0.87	  79.56	
    613	  -0.44	   9.17	 -0.033	0.99996	   0.23	   8.10	 -0.012	0.99812			#	   1.21	  77.99	
    614	  -2.03	  11.08	 -0.045	0.99999	  -1.25	  10.22	 -0.041	0.99796			#	   2.20	  77.99	
    615	  -2.48	  10.68	 -0.012	0.99998	  -3.62	  12.15	 -0.005	0.99846			#	   1.69	  77.91	
    616	  -0.77	   8.40	  0.023	0.99992	  -0.90	   8.91	  0.015	0.99842			#	   0.95	  79.34	
    617	  -1.52	   7.03	  0.017	0.99870	  -0.80	   7.59	  0.034	0.99762			#	   0.76	  78.99	
    618	  -2.36	   6.87	  0.008	0.99852	  -2.28	   6.73	  0.026	0.99741			#	   0.85	  79.86	
    619	  -2.79	   7.17	  0.013	0.99988	  -2.58	   6.51	  0.025	0.99816			#	   0.94	  79.86	
    620	  -2.70	   9.51	  0.030	1.00029	  -3.11	   8.39	  0.048	0.99857			#	   1.54	  80.90	
    621	  -1.48	  10.16	  0.047	1.00119	  -2.29	  10.88	  0.053	0.99966			#	   1.62	  78.21	
    622	  -1.19	   8.41	  0.032	1.00134	  -0.70	   9.22	  0.056	0.99955			#	   1.47	  81.21	
    623	  -2.08	   7.73	  0.005	0.99994	  -1.64	   7.37	  0.019	0.99861			#	   1.25	  82.34	
    624	  -3.34	   8.92	  0.017	1.00118	  -2.58	   8.38	  0.027	0.99945			#	   1.63	  82.20	
    625	  -4.97	   9.27	  0.050	1.00139	  -4.83	   8.96	  0.084	0.99968			#	   2.10	  83.03	
    626	  -3.81	   9.77	  0.067	0.99977	  -4.52	   9.61	  0.090	0.99803			#	   1.79	  80.34	
    627	  -3.97	  10.67	  0.043	0.99989	  -3.71	  10.20	  0.093	0.99817			#	   2.36	  83.51	
    628	  -3.43	   9.56	  0.018	0.99916	  -3.93	  10.75	  0.041	0.99730			#	   1.77	  83.81	
    629	  -1.75	   6.91	  0.034	0.99927	  -2.82	   7.59	  0.051	0.99809			#	   1.14	  85.42	
    630	   0.13	   5.22	  0.032	0.99996	  -0.57	   6.48	  0.024	0.99890			#	   0.57	  83.77	
    631	   1.17	   4.92	  0.014	0.99939	   0.81	   4.40	  0.028	0.99875			#	   0.44	  84.68	
    632	   1.78	   4.94	 -0.030	0.99941	   1.63	   5.21	 -0.029	0.99863			#	   0.43	  84.68	
    633	   2.33	   4.27	 -0.028	0.99995	   1.88	   4.51	 -0.059	0.99922			#	   0.44	  84.11	
    634	   2.31	   3.88	 -0.007	0.99940	   2.62	   3.82	 -0.023	0.99874			#	   0.50	  86.50	
    635	   2.07	   4.91	  0.002	0.99937	   2.04	   4.05	 -0.013	0.99839			#	   0.97	  83.68	
    636	   1.59	   4.99	 -0.006	1.00014	   1.79	   5.87	 -0.012	0.99901			#	   0.88	  84.24	
    637	   1.22	   3.15	 -0.006	1.00003	   1.79	   3.89	 -0.022	0.99939			#	   0.47	  87.76	
    638	  -0.17	   1.52	  0.001	0.99997	   0.03	   2.43	  0.007	0.99987			#	   0.12	  87.46	
    639	  -0.39	  -0.14	  0.001	0.99998	   0.12	   0.07	 -0.004	0.99957			#	   0.03	  89.63	
    640	  -1.45	   0.33	  0.012	1.00026	  -1.83	  -0.04	  0.037	1.00023			#	   0.15	  88.11	
    641	   1.14	   0.36	 -0.013	1.00003	  -0.07	   0.94	 -0.013	1.00005			#	   0.09	  88.32	
    642	   2.78	  -0.10	 -0.022	0.99996	   2.14	  -0.58	 -0.048	0.99991			#	   0.46	  88.63	
    643	   3.01	   1.29	 -0.011	1.00011	   3.46	   0.88	 -0.034	0.99976			#	   0.79	  86.20	
    644	   2.34	   0.95	 -0.004	1.00021	   2.41	   1.49	 -0.031	1.00008			#	   0.51	  85.46	
    645	   1.37	   1.43	  0.009	1.00005	   2.07	   0.50	 -0.002	0.99984			#	   0.36	  87.59	
    646	   0.04	   1.65	  0.016	0.99991	   0.58	   2.31	  0.008	0.99944			#	   0.19	  86.55	
    647	  -0.24	   1.43	  0.035	1.00003	  -0.68	   0.99	  0.040	1.00011			#	   0.15	  87.24	
    648	   0.22	   2.00	  0.004	0.99995	   0.27	   1.55	  0.014	0.99934			#	   0.26	  85.55	
    649	   1.02	   3.01	 -0.002	0.99994	   0.18	   3.25	 -0.003	0.99964			#	   0.55	  88.02	
    650	   2.19	   1.47	 -0.003	0.99991	   2.27	   2.05	 -0.032	0.99956			#	   0.55	  85.59	
    651	   2.04	   0.66	  0.022	0.99992	   2.02	   0.75	 -0.006	0.99969			#	   0.42	  88.50	
    652	   0.74	   1.79	 -0.010	1.00010	   1.88	   0.85	  0.010	0.99995			#	   0.36	  84.90	
    653	  -1.23	   2.53	 -0.031	0.99983	  -0.54	   2.98	 -0.029	0.99933			#	   0.56	  87.41	
    654	  -3.76	   1.93	 -0.002	1.00004	  -2.78	   1.97	  0.019	0.99977			#	   1.36	  84.85	
    655	  -3.54	   0.53	  0.008	0.99982	  -4.53	   1.78	  0.052	0.99983			#	   0.83	  88.45	
    656	  -1.31	  -1.90	 -0.004	1.00004	  -1.92	  -1.56	 -0.030	1.00048			#	   0.32	  87.02	
    657	  -1.30	  -2.47	  0.079	0.99999	  -1.97	  -2.46	  0.071	1.00034			#	   0.37	  86.81	
    658	   2.04	  -1.54	  0.071	0.99987	   0.58	  -1.93	  0.083	0.99975			#	   0.37	  86.81	
    659	   5.28	  -1.03	  0.004	1.00020	   3.89	  -0.75	 -0.021	1.00055			#	   1.72	  86.46	
    660	   5.33	  -1.88	  0.017	1.00035	   6.41	  -1.97	 -0.042	1.00058			#	   1.46	  80.56	
    661	   3.35	  -0.88	  0.027	1.00001	   4.27	  -1.32	  0.005	1.00011			#	   0.55	  87.37	
    662	   1.83	   0.76	  0.031	1.00010	   2.20	  -0.58	  0.020	1.00012			#	   0.23	  87.54	
    663	   0.32	   2.59	  0.014	0.99993	   1.20	   2.78	  0.019	0.99944			#	   0.25	  87.24	
    664	  -0.31	   2.67	  0.010	0.99985	  -0.76	   2.14	  0.024	0.99954			#	   0.25	  86.72	
