      1	  -2.00	  -0.45	 -0.013	1.00000							#	   0.29	  62.12	
      2	  -2.46	  -0.23	 -0.012	0.99998							#	   1.00	  62.42	
      3	  -2.44	  -0.35	 -0.014	1.00002							#	   1.14	  62.32	
      4	  -2.44	  -0.31	 -0.014	1.00001							#	   0.96	  62.27	
      5	  -2.81	  -0.42	 -0.014	0.99999							#	   1.47	  61.67	
      6	  -2.93	  -0.31	 -0.013	0.99998							#	   0.99	  61.87	
      7	  -3.27	  -0.43	 -0.014	1.00000							#	   1.21	  61.97	
      8	  -3.29	  -0.42	 -0.014	1.00002							#	   1.31	  61.36	
      9	  -3.53	  -0.45	 -0.015	1.00001							#	   1.28	  61.11	
     10	  -3.92	  -0.58	 -0.013	1.00000							#	   1.67	  57.83	
     11	  -4.81	  -0.31	 -0.013	0.99996							#	   1.12	  57.73	
     12	  -4.86	  -0.30	 -0.013	1.00005							#	   1.57	  56.82	
     13	  -4.97	  -0.27	 -0.013	1.00008							#	   1.35	  56.72	
     14	  -5.27	  -0.38	 -0.014	1.00009							#	   1.63	  56.72	
     15	  -6.48	  -0.56	 -0.022	1.00009							#	   3.48	  53.43	
     16	  -6.76	  -0.01	 -0.025	1.00015							#	   1.20	  48.43	
     17	  -7.56	  -0.40	 -0.017	0.99998							#	   3.22	  48.74	
     18	  -7.43	  -0.32	 -0.017	1.00049							#	   1.77	  46.01	
     19	  -7.55	  -0.05	 -0.016	1.00040							#	   1.35	  46.06	
     20	  -7.68	  -0.05	 -0.017	1.00044							#	   1.43	  47.42	
     21	  -8.01	  -0.07	 -0.018	1.00026							#	   1.49	  47.17	
     22	  -8.08	  -0.11	 -0.014	1.00023							#	   1.37	  45.71	
     23	  -8.11	  -0.25	 -0.014	1.00041							#	   1.78	  48.59	
     24	  -8.29	  -0.17	 -0.013	1.00047							#	   2.05	  46.82	
     25	  -8.91	  -0.21	 -0.012	1.00050							#	   1.99	  46.11	
     26	  -9.85	  -0.71	 -0.007	1.00007							#	   3.36	  38.94	
     27	 -10.38	  -0.51	 -0.006	0.99995							#	   2.55	  38.03	
     28	 -10.70	  -0.33	 -0.011	0.99995							#	   2.09	  38.99	
     29	 -11.70	  -0.78	 -0.006	0.99992							#	   3.86	  37.02	
     30	 -11.89	  -1.31	  0.003	0.99970							#	   3.63	  31.77	
     31	 -11.65	  -0.35	 -0.004	0.99966							#	   2.22	  31.62	
     32	 -11.63	  -0.33	 -0.006	0.99970							#	   1.77	  35.66	
     33	 -11.78	  -0.69	 -0.003	0.99976							#	   2.69	  33.54	
     34	 -12.33	  -0.97	 -0.001	0.99986							#	   3.35	  32.93	
     35	 -12.65	  -1.64	  0.019	1.00012							#	   6.54	  23.48	
     36	 -11.71	  -0.11	 -0.008	1.00018							#	   1.64	  35.20	
     37	 -11.77	  -0.15	 -0.006	1.00060							#	   1.92	  41.97	
     38	 -11.76	  -0.16	 -0.005	1.00060							#	   2.02	  42.07	
     39	 -11.91	  -0.19	 -0.006	1.00061							#	   2.10	  43.33	
     40	 -11.96	  -0.20	 -0.004	1.00044							#	   2.01	  42.22	
     41	 -11.42	  -0.10	 -0.004	1.00071							#	   3.45	  44.55	
     42	 -11.33	  -0.07	 -0.004	1.00068							#	   2.80	  45.25	
     43	 -11.50	  -0.03	 -0.003	1.00061							#	   2.86	  45.10	
     44	 -11.63	  -0.23	 -0.003	1.00064							#	   2.72	  42.58	
     45	 -11.24	  -0.20	 -0.001	1.00089							#	   5.72	  43.48	
     46	 -11.27	  -0.23	 -0.001	1.00084							#	   1.77	  45.15	
     47	 -11.39	  -0.39	  0.004	1.00086							#	   4.27	  40.05	
     48	 -10.99	  -0.36	 -0.002	1.00087							#	   1.87	  45.25	
     49	 -11.09	  -0.17	 -0.002	1.00087							#	   2.07	  46.21	
     50	 -10.91	  -0.19	 -0.003	1.00092							#	   1.58	  48.23	
     51	 -10.76	  -0.13	 -0.001	1.00091							#	   1.37	  48.74	
     52	 -10.57	  -0.30	  0.002	1.00096							#	   1.21	  46.46	
     53	 -10.59	  -0.31	 -0.001	1.00100							#	   1.70	  46.46	
     54	 -10.46	  -0.36	  0.002	1.00096							#	   1.53	  46.72	
     55	 -10.11	  -0.36	  0.002	1.00094							#	   1.95	  46.31	
     56	  -9.63	  -0.41	  0.004	1.00099							#	   1.83	  46.52	
     57	 -10.24	  -0.38	  0.004	1.00086							#	   2.29	  46.97	
     58	 -10.20	  -0.35	  0.002	1.00089							#	   1.93	  49.09	
     59	  -9.97	  -0.35	 -0.000	1.00084							#	   2.40	  50.05	
     60	  -9.69	  -0.36	  0.001	1.00077							#	   2.05	  48.38	
     61	  -9.45	  -0.30	  0.002	1.00078							#	   2.27	  49.80	
     62	  -9.81	  -0.45	  0.004	1.00080							#	   2.40	  49.55	
     63	  -9.79	  -0.37	  0.002	1.00077							#	   2.17	  50.56	
     64	  -9.57	  -0.28	  0.002	1.00072							#	   2.65	  49.44	
     65	  -9.44	  -0.37	  0.003	1.00077							#	   2.29	  49.90	
     66	  -9.34	  -0.37	  0.003	1.00077							#	   2.20	  50.71	
     67	  -9.33	  -0.37	  0.006	1.00086							#	   2.40	  47.37	
     68	  -9.56	  -0.22	  0.002	1.00080							#	   2.51	  50.05	
     69	  -9.30	  -0.39	  0.002	1.00085							#	   2.30	  47.83	
     70	  -9.33	  -0.39	  0.005	1.00082							#	   2.33	  47.73	
     71	  -9.25	  -0.34	  0.002	1.00085							#	   2.21	  48.69	
     72	  -9.19	  -0.41	  0.003	1.00089							#	   2.18	  47.88	
     73	  -9.30	  -0.39	  0.006	1.00082							#	   2.18	  47.58	
     74	  -9.18	  -0.41	  0.002	1.00087							#	   2.57	  47.68	
     75	  -9.26	  -0.36	  0.003	1.00083							#	   2.34	  48.08	
     76	  -9.41	  -0.33	  0.001	1.00088							#	   2.13	  48.33	
     77	  -9.30	  -0.38	  0.001	1.00090							#	   2.04	  47.32	
     78	  -9.69	  -0.40	  0.000	1.00091							#	   2.30	  47.93	
     79	  -9.50	  -0.27	  0.004	1.00087							#	   2.40	  48.28	
     80	  -9.33	  -0.35	 -0.000	1.00092							#	   2.41	  46.62	
     81	  -9.36	  -0.22	  0.002	1.00087							#	   2.31	  47.73	
     82	  -9.40	  -0.29	 -0.001	1.00091							#	   2.15	  47.47	
     83	  -9.47	  -0.20	  0.003	1.00090							#	   2.26	  47.22	
     84	  -9.57	  -0.33	  0.000	1.00091							#	   1.93	  46.77	
     85	  -9.68	  -0.24	  0.001	1.00092							#	   1.72	  47.12	
     86	  -9.78	  -0.24	  0.000	1.00092							#	   1.90	  45.81	
     87	  -9.80	  -0.29	 -0.000	1.00091							#	   1.81	  46.67	
     88	  -9.35	  -0.31	  0.004	1.00101							#	   1.64	  44.65	
     89	  -9.42	  -0.26	  0.005	1.00097							#	   1.71	  44.44	
     90	  -9.59	  -0.26	  0.003	1.00091							#	   1.51	  44.65	
     91	  -9.63	  -0.20	  0.002	1.00090							#	   1.56	  44.19	
     92	  -9.27	  -0.20	  0.001	1.00089							#	   1.66	  44.19	
     93	  -9.65	  -0.28	  0.004	1.00091							#	   1.76	  44.65	
     94	  -9.78	  -0.39	  0.001	1.00096							#	   1.77	  44.34	
     95	  -9.80	  -0.26	  0.001	1.00095							#	   1.73	  44.29	
     96	  -9.90	  -0.30	  0.003	1.00096							#	   1.77	  44.70	
     97	 -10.40	  -0.40	  0.003	1.00098							#	   1.64	  43.74	
     98	 -10.39	  -0.18	  0.003	1.00100							#	   1.84	  43.43	
     99	 -10.37	  -0.10	  0.004	1.00097							#	   1.47	  43.79	
    100	 -10.19	  -0.23	  0.001	1.00099							#	   1.69	  43.79	
    101	 -10.19	  -0.13	  0.004	1.00098							#	   1.66	  43.08	
    102	 -10.85	  -0.19	  0.007	1.00097							#	   1.58	  43.23	
    103	 -10.98	  -0.24	  0.005	1.00096							#	   1.65	  42.78	
    104	 -10.61	  -0.28	  0.004	1.00096							#	   1.55	  41.67	
    105	 -10.59	  -0.16	  0.008	1.00101							#	   1.69	  41.62	
    106	 -11.00	  -0.14	  0.009	1.00088							#	   1.45	  43.99	
    107	 -10.89	  -0.19	  0.007	1.00095							#	   1.61	  41.62	
    108	 -10.68	  -0.15	  0.011	1.00096							#	   1.54	  41.62	
    109	 -11.14	  -0.18	  0.011	1.00088							#	   1.61	  41.41	
    110	 -11.41	  -0.14	  0.013	1.00089							#	   1.72	  40.71	
    111	 -11.39	  -0.17	  0.011	1.00090							#	   1.61	  40.25	
    112	 -11.39	  -0.24	  0.013	1.00091							#	   1.68	  40.00	
    113	 -11.32	  -0.35	  0.014	1.00089							#	   1.72	  37.47	
    114	 -11.56	  -0.23	  0.018	1.00084							#	   1.67	  38.18	
    115	 -11.86	  -0.28	  0.016	1.00085							#	   1.74	  36.72	
    116	 -11.91	  -0.30	  0.012	1.00101							#	   1.80	  37.02	
    117	 -11.72	  -0.36	  0.016	1.00081							#	   1.67	  36.67	
    118	 -11.61	  -0.36	  0.015	1.00087							#	   1.64	  38.38	
    119	 -11.35	  -0.28	  0.013	1.00085							#	   1.72	  37.78	
    120	 -11.31	  -0.10	  0.015	1.00082							#	   1.77	  38.08	
    121	 -11.52	  -0.21	  0.014	1.00081							#	   1.67	  38.38	
    122	 -11.48	  -0.03	  0.012	1.00076							#	   1.97	  38.69	
    123	 -11.30	  -0.28	  0.014	1.00074							#	   1.49	  38.33	
    124	 -11.21	  -0.21	  0.014	1.00083							#	   1.79	  39.24	
    125	 -11.17	  -0.35	  0.012	1.00081							#	   1.45	  39.14	
    126	 -10.94	  -0.39	  0.012	1.00081							#	   1.60	  39.90	
    127	 -10.77	  -0.30	  0.014	1.00089							#	   1.87	  37.93	
    128	 -11.15	  -0.39	  0.016	1.00082							#	   1.62	  39.75	
    129	 -11.32	  -0.36	  0.012	1.00077							#	   1.64	  39.80	
    130	 -10.94	  -0.39	  0.013	1.00088							#	   1.57	  40.86	
    131	 -10.69	  -0.52	  0.012	1.00111							#	   1.67	  41.57	
    132	 -10.63	  -0.39	  0.014	1.00108							#	   1.85	  41.77	
    133	 -10.44	  -0.60	  0.012	1.00118							#	   1.61	  42.53	
    134	 -10.10	  -0.59	  0.014	1.00116							#	   1.46	  42.17	
    135	  -9.64	  -0.71	  0.010	1.00117							#	   1.71	  41.82	
    136	  -9.57	  -0.71	  0.014	1.00118							#	   1.62	  41.92	
    137	 -10.08	  -0.86	  0.013	1.00113							#	   2.00	  42.47	
    138	  -9.69	  -0.83	  0.012	1.00121							#	   1.59	  41.41	
    139	  -9.17	  -0.83	  0.013	1.00116							#	   1.49	  41.62	
    140	  -9.41	  -0.83	  0.015	1.00109							#	   2.07	  42.58	
    141	  -9.62	  -1.09	  0.012	1.00110							#	   1.54	  42.07	
    142	  -9.79	  -1.01	  0.013	1.00108							#	   1.70	  43.18	
    143	  -9.18	  -0.93	  0.015	1.00091							#	   1.68	  41.97	
    144	  -9.16	  -1.09	  0.014	1.00108							#	   1.72	  42.07	
    145	  -9.27	  -1.12	  0.015	1.00107							#	   1.67	  42.98	
    146	  -9.62	  -1.27	  0.015	1.00106							#	   1.84	  42.78	
    147	  -9.19	  -1.48	  0.011	1.00118							#	   1.96	  40.71	
    148	  -9.50	  -1.40	  0.013	1.00114							#	   1.70	  41.87	
    149	  -9.78	  -1.66	  0.011	1.00116							#	   1.68	  40.10	
    150	  -9.41	  -1.70	  0.011	1.00116							#	   1.76	  39.95	
    151	  -9.64	  -1.67	  0.010	1.00112							#	   1.70	  40.61	
    152	  -9.79	  -1.71	  0.009	1.00115							#	   1.62	  40.30	
    153	  -9.76	  -1.53	  0.011	1.00106							#	   1.80	  41.82	
    154	  -9.19	  -1.48	  0.014	1.00115							#	   1.49	  39.95	
    155	  -9.32	  -1.59	  0.013	1.00111							#	   1.63	  41.72	
    156	  -9.73	  -1.78	  0.009	1.00108							#	   1.73	  39.95	
    157	  -9.68	  -1.68	  0.009	1.00108							#	   1.64	  41.41	
    158	  -9.53	  -1.70	  0.009	1.00114							#	   1.67	  40.20	
    159	  -9.24	  -1.50	  0.013	1.00110							#	   1.57	  40.66	
    160	  -9.46	  -1.49	  0.012	1.00112							#	   1.65	  40.56	
    161	  -9.57	  -1.52	  0.011	1.00105							#	   1.55	  40.91	
    162	  -9.21	  -1.35	  0.014	1.00108							#	   1.49	  41.36	
    163	  -9.46	  -1.38	  0.014	1.00109							#	   1.45	  41.36	
    164	  -9.42	  -1.23	  0.013	1.00102							#	   1.54	  42.22	
    165	  -9.33	  -1.18	  0.015	1.00101							#	   1.57	  42.27	
    166	  -9.46	  -1.16	  0.016	1.00101							#	   1.55	  42.02	
    167	  -9.68	  -1.13	  0.017	1.00101							#	   1.44	  41.67	
    168	  -9.80	  -1.18	  0.017	1.00111							#	   1.51	  41.72	
    169	 -10.75	  -1.18	  0.018	1.00105							#	   1.62	  41.82	
    170	 -11.11	  -1.19	  0.022	1.00119							#	   1.61	  40.30	
    171	 -11.29	  -1.14	  0.019	1.00119							#	   1.51	  40.71	
    172	 -11.77	  -1.13	  0.019	1.00124							#	   1.68	  40.15	
    173	 -12.15	  -1.04	  0.020	1.00140							#	   1.74	  39.44	
    174	 -12.84	  -1.03	  0.015	1.00137							#	   1.98	  39.19	
    175	 -12.78	  -0.96	  0.018	1.00140							#	   1.74	  39.04	
    176	 -13.13	  -0.82	  0.020	1.00148							#	   1.71	  38.69	
    177	 -13.41	  -0.82	  0.019	1.00151							#	   1.84	  38.64	
    178	 -13.52	  -0.75	  0.017	1.00150							#	   2.00	  38.79	
    179	 -13.63	  -0.64	  0.018	1.00155							#	   1.89	  38.03	
    180	 -13.95	  -0.42	  0.026	1.00151							#	   1.74	  36.87	
    181	 -14.06	  -0.61	  0.024	1.00153							#	   1.89	  39.49	
    182	 -14.07	  -0.56	  0.031	1.00159							#	   1.99	  38.08	
    183	 -14.32	  -0.65	  0.026	1.00160							#	   1.99	  38.94	
    184	 -14.58	  -0.67	  0.029	1.00164							#	   1.68	  37.73	
    185	 -15.06	  -0.61	  0.021	1.00155							#	   1.80	  37.32	
    186	 -15.18	  -0.71	  0.019	1.00162							#	   2.01	  37.42	
    187	 -15.55	  -0.61	  0.018	1.00164							#	   1.99	  37.47	
    188	 -15.95	  -0.55	  0.017	1.00158							#	   1.73	  36.97	
    189	 -16.21	  -0.67	  0.024	1.00157							#	   1.92	  36.16	
    190	 -15.79	  -0.91	  0.020	1.00151							#	   2.10	  37.17	
    191	 -15.79	  -0.84	  0.025	1.00152							#	   1.83	  36.36	
    192	 -16.50	  -0.73	  0.026	1.00155							#	   1.87	  36.16	
    193	 -17.07	  -0.62	  0.026	1.00160							#	   2.15	  34.75	
    194	 -17.45	  -0.36	  0.026	1.00156							#	   2.13	  33.99	
    195	 -17.53	  -0.13	  0.028	1.00159							#	   1.86	  35.20	
    196	 -17.85	  -0.13	  0.028	1.00153							#	   1.88	  34.14	
    197	 -17.98	  -0.12	  0.030	1.00150							#	   2.25	  33.43	
    198	 -18.34	  -0.17	  0.032	1.00146							#	   1.94	  33.38	
    199	 -18.72	  -0.36	  0.030	1.00128							#	   2.01	  32.78	
    200	 -19.16	  -0.33	  0.038	1.00155							#	   2.38	  32.37	
    201	 -19.84	  -0.40	  0.045	1.00147							#	   2.26	  32.22	
    202	 -20.25	  -0.59	  0.045	1.00145							#	   2.22	  30.51	
    203	 -20.68	  -0.63	  0.048	1.00140							#	   2.49	  30.81	
    204	 -21.39	  -0.57	  0.051	1.00130							#	   2.56	  29.65	
    205	 -21.64	  -0.60	  0.049	1.00131							#	   2.37	  29.55	
    206	 -21.88	  -0.69	  0.044	1.00114							#	   2.62	  29.85	
    207	 -21.97	  -0.56	  0.044	1.00112							#	   2.49	  28.64	
    208	 -21.97	  -0.45	  0.038	1.00106							#	   2.40	  28.84	
    209	 -21.83	  -0.34	  0.037	1.00101							#	   2.73	  28.84	
    210	 -22.06	  -0.40	  0.036	1.00082							#	   2.44	  27.32	
    211	 -22.32	  -0.29	  0.040	1.00078							#	   2.68	  27.27	
    212	 -22.34	  -0.46	  0.039	1.00081							#	   2.93	  27.78	
    213	 -22.45	  -0.35	  0.038	1.00002							#	   2.40	  26.97	
    214	 -22.22	  -0.55	  0.038	1.00003							#	   2.70	  25.66	
    215	 -22.04	  -0.68	  0.036	1.00028							#	   2.59	  25.30	
    216	 -22.08	  -0.78	  0.033	1.00024							#	   2.56	  26.36	
    217	 -22.15	  -0.85	  0.023	0.99977							#	   2.54	  25.40	
    218	 -22.14	  -0.85	  0.023	0.99981							#	   2.90	  24.39	
    219	 -22.32	  -0.95	  0.016	0.99983							#	   2.63	  24.19	
    220	 -21.85	  -1.01	  0.019	0.99986							#	   2.37	  22.88	
    221	 -21.93	  -0.98	  0.012	0.99944							#	   3.01	  23.08	
    222	 -22.37	  -0.98	  0.015	0.99964							#	   2.56	  23.18	
    223	 -22.21	  -0.99	  0.009	0.99947							#	   2.75	  21.72	
    224	 -22.56	  -0.87	  0.010	0.99945							#	   3.57	  22.98	
    225	 -22.67	  -0.86	  0.012	0.99948							#	   2.26	  23.84	
    226	 -22.63	  -0.80	  0.011	0.99953							#	   2.87	  23.23	
    227	 -22.49	  -0.70	  0.012	0.99957							#	   2.88	  24.55	
    228	 -22.33	  -0.80	  0.013	0.99920							#	   2.63	  22.47	
    229	 -22.08	  -0.82	  0.008	0.99935							#	   3.03	  23.18	
    230	 -22.10	  -0.86	  0.021	0.99959							#	   2.79	  24.19	
    231	 -22.00	  -0.96	  0.012	0.99991							#	   2.84	  25.10	
    232	 -21.78	  -0.87	  0.016	1.00047							#	   2.88	  27.68	
    233	 -21.66	  -0.94	  0.018	1.00051							#	   2.78	  27.53	
    234	 -21.50	  -0.94	  0.010	1.00043							#	   2.73	  27.98	
    235	 -21.38	  -0.98	  0.014	1.00034							#	   2.83	  27.47	
    236	 -21.65	  -0.99	  0.017	1.00007							#	   3.07	  27.93	
    237	 -21.91	  -0.90	  0.011	1.00034							#	   2.77	  28.18	
    238	 -21.63	  -0.99	  0.014	1.00028							#	   3.01	  26.62	
    239	 -21.40	  -0.83	  0.013	1.00026							#	   2.89	  27.83	
    240	 -21.45	  -0.58	  0.014	1.00025							#	   2.60	  28.08	
    241	 -21.80	  -0.48	  0.013	0.99985							#	   3.18	  28.03	
    242	 -21.54	  -0.20	  0.013	0.99996							#	   2.66	  27.22	
    243	 -21.23	  -0.08	  0.014	0.99995							#	   2.55	  27.63	
    244	 -21.13	  -0.11	  0.014	1.00008							#	   3.06	  28.48	
    245	 -20.90	   0.15	  0.011	1.00002							#	   2.51	  28.99	
    246	 -20.75	   0.16	  0.013	0.99973							#	   2.57	  27.83	
    247	 -20.62	   0.12	  0.019	0.99992							#	   2.82	  28.13	
    248	 -20.43	   0.23	  0.012	0.99983							#	   2.55	  28.99	
    249	 -20.09	   0.40	  0.013	0.99968							#	   2.55	  29.04	
    250	 -19.87	   0.51	  0.011	0.99964							#	   2.55	  29.65	
    251	 -19.57	   0.42	  0.018	0.99965							#	   2.52	  29.24	
    252	 -19.49	   0.51	  0.010	0.99960							#	   2.40	  29.19	
    253	 -19.29	   0.50	  0.014	0.99956							#	   2.49	  29.14	
    254	 -20.63	   0.55	  0.007	0.99947							#	   2.99	  29.24	
    255	 -20.19	   0.63	  0.011	0.99947							#	   2.40	  28.48	
    256	 -19.84	   0.85	  0.007	0.99944							#	   2.63	  29.80	
    257	 -20.20	   0.86	  0.010	0.99946							#	   2.79	  29.75	
    258	 -20.33	   1.14	  0.009	0.99933							#	   2.82	  28.48	
    259	 -18.69	   1.13	  0.008	0.99938							#	   2.40	  29.34	
    260	 -18.23	   1.30	  0.009	0.99936							#	   2.42	  30.15	
    261	 -18.46	   1.39	  0.012	0.99933							#	   2.53	  29.39	
    262	 -18.56	   1.42	  0.011	0.99927							#	   2.47	  29.80	
    263	 -18.11	   1.45	  0.009	0.99924							#	   2.40	  29.95	
    264	 -18.17	   1.52	  0.011	0.99924							#	   2.65	  28.33	
    265	 -18.22	   1.63	  0.008	0.99919							#	   2.59	  29.04	
    266	 -18.00	   1.88	  0.004	0.99930							#	   2.51	  31.72	
    267	 -17.84	   2.01	  0.005	0.99922							#	   2.57	  31.57	
    268	 -17.44	   2.13	  0.006	0.99919							#	   2.37	  31.36	
    269	 -16.18	   2.02	  0.004	0.99922							#	   2.10	  34.34	
    270	 -16.33	   2.08	  0.004	0.99922							#	   2.11	  32.73	
    271	 -16.54	   2.23	  0.007	0.99931							#	   2.31	  32.88	
    272	 -16.61	   2.26	  0.006	0.99924							#	   2.28	  32.12	
    273	 -16.54	   2.29	  0.008	0.99916							#	   2.35	  32.22	
    274	 -16.50	   2.36	  0.007	0.99918							#	   2.50	  32.12	
    275	 -16.57	   2.42	  0.011	0.99911							#	   2.52	  31.67	
    276	 -17.00	   2.43	  0.011	0.99906							#	   2.40	  32.42	
    277	 -16.90	   2.49	  0.010	0.99897							#	   2.51	  32.53	
    278	 -16.70	   2.54	  0.012	0.99898							#	   2.82	  32.58	
    279	 -16.40	   2.54	  0.014	0.99914							#	   2.05	  33.94	
    280	 -16.06	   2.57	  0.011	0.99897							#	   2.20	  31.62	
    281	 -15.95	   2.57	  0.014	0.99897							#	   2.32	  32.27	
    282	 -15.95	   2.67	  0.015	0.99899							#	   2.31	  33.23	
    283	 -15.79	   2.75	  0.013	0.99894							#	   2.09	  32.88	
    284	 -15.40	   2.78	  0.014	0.99889							#	   2.36	  32.32	
    285	 -15.28	   2.96	  0.012	0.99900							#	   2.44	  32.07	
    286	 -15.28	   2.91	  0.011	0.99905							#	   2.30	  32.17	
    287	 -15.03	   2.90	  0.012	0.99898							#	   2.16	  31.82	
    288	 -15.03	   2.75	  0.016	0.99897							#	   2.40	  32.17	
    289	 -14.79	   2.78	  0.014	0.99897							#	   2.18	  33.03	
    290	 -14.76	   2.83	  0.015	0.99895							#	   2.15	  33.59	
    291	 -14.54	   2.74	  0.017	0.99896							#	   2.29	  32.98	
    292	 -14.53	   2.78	  0.015	0.99894							#	   2.33	  33.13	
    293	 -14.45	   2.76	  0.017	0.99887							#	   2.14	  32.83	
    294	 -14.48	   2.73	  0.016	0.99894							#	   2.31	  34.19	
    295	 -14.69	   2.82	  0.015	0.99894							#	   2.55	  34.65	
    296	 -14.42	   2.82	  0.017	0.99890							#	   2.04	  34.29	
    297	 -14.34	   2.71	  0.016	0.99889							#	   2.23	  35.30	
    298	 -14.24	   2.74	  0.016	0.99883							#	   2.36	  34.70	
    299	 -14.35	   2.66	  0.017	0.99880							#	   2.39	  35.30	
    300	 -14.36	   2.71	  0.015	0.99869							#	   2.23	  35.71	
    301	 -14.48	   2.58	  0.013	0.99906							#	   2.32	  34.55	
    302	 -14.59	   2.69	  0.016	0.99881							#	   2.49	  37.88	
    303	 -14.67	   2.57	  0.017	0.99900							#	   2.36	  36.62	
    304	 -14.66	   2.77	  0.013	0.99868							#	   2.42	  37.27	
    305	 -14.62	   2.53	  0.015	0.99889							#	   2.35	  35.40	
    306	 -14.44	   2.57	  0.014	0.99889							#	   2.50	  35.40	
    307	 -14.74	   2.45	  0.018	0.99899							#	   2.39	  36.11	
    308	 -15.35	   2.43	  0.011	0.99899							#	   2.64	  35.10	
    309	 -15.06	   2.30	  0.012	0.99923							#	   2.28	  35.05	
    310	 -14.68	   2.38	  0.014	0.99891							#	   2.37	  36.36	
    311	 -15.28	   1.92	  0.013	1.00021							#	   2.60	  34.44	
    312	 -15.21	   1.78	  0.015	1.00039							#	   2.32	  33.54	
    313	 -15.29	   1.91	  0.016	1.00016							#	   2.33	  34.29	
    314	 -15.17	   1.75	  0.013	1.00046							#	   2.40	  33.74	
    315	 -15.00	   1.66	  0.011	1.00073							#	   2.53	  33.99	
    316	 -14.85	   1.52	  0.016	1.00080							#	   2.42	  33.38	
    317	 -14.98	   1.48	  0.017	1.00077							#	   2.39	  33.48	
    318	 -14.66	   1.08	  0.007	1.00154							#	   2.37	  37.02	
    319	 -14.79	   1.14	  0.008	1.00149							#	   2.59	  36.01	
    320	 -14.44	   1.06	  0.008	1.00152							#	   2.46	  35.61	
    321	 -14.25	   1.17	  0.009	1.00140							#	   2.28	  36.57	
    322	 -14.16	   1.06	  0.008	1.00147							#	   2.24	  35.71	
    323	 -14.23	   1.07	  0.012	1.00143							#	   2.36	  37.27	
    324	 -14.31	   1.16	  0.012	1.00135							#	   2.50	  37.07	
    325	 -14.16	   1.11	  0.010	1.00132							#	   2.26	  36.77	
    326	 -13.86	   1.19	  0.008	1.00130							#	   2.16	  37.58	
    327	 -13.55	   1.33	  0.008	1.00122							#	   2.25	  37.63	
    328	 -12.08	   0.03	  0.018	1.00113							#	   1.84	  39.75	
    329	 -12.15	   0.04	  0.019	1.00112							#	   1.81	  39.95	
    330	 -12.13	   0.24	  0.015	1.00106							#	   1.74	  38.79	
    331	 -12.57	   0.75	  0.014	1.00104							#	   2.00	  38.23	
    332	 -12.57	   1.06	  0.011	1.00112							#	   2.06	  39.34	
    333	 -12.76	   1.30	  0.009	1.00105							#	   2.13	  39.75	
    334	 -12.40	   1.49	  0.010	1.00101							#	   2.16	  40.76	
    335	 -12.20	   1.64	  0.008	1.00094							#	   2.01	  41.41	
    336	 -12.26	   1.68	  0.010	1.00096							#	   2.05	  39.49	
    337	 -12.36	   1.71	  0.010	1.00101							#	   2.04	  39.65	
    338	 -12.27	   1.79	  0.010	1.00091							#	   2.02	  40.91	
    339	 -12.23	   1.70	  0.009	1.00090							#	   2.09	  41.21	
    340	 -12.21	   1.67	  0.006	1.00087							#	   2.15	  41.82	
    341	 -12.15	   1.75	  0.010	1.00087							#	   2.03	  41.77	
    342	 -11.89	   1.77	  0.008	1.00087							#	   1.96	  41.77	
    343	 -10.57	   0.27	  0.019	1.00095							#	   1.56	  44.34	
    344	 -10.75	   0.41	  0.015	1.00088							#	   1.64	  45.66	
    345	  -9.90	  -0.17	  0.019	1.00087							#	   1.48	  45.66	
    346	 -10.55	   0.44	  0.017	1.00091							#	   1.69	  44.60	
    347	 -10.77	   0.83	  0.014	1.00088							#	   1.74	  43.99	
    348	 -11.01	   1.19	  0.011	1.00088							#	   1.99	  43.03	
    349	 -11.12	   1.59	  0.010	1.00083							#	   1.91	  44.80	
    350	 -10.98	   1.82	  0.011	1.00083							#	   2.02	  43.48	
    351	 -11.38	   1.91	  0.012	1.00077							#	   2.18	  43.08	
    352	 -11.17	   2.02	  0.010	1.00081							#	   1.85	  42.88	
    353	 -11.14	   2.04	  0.012	1.00079							#	   1.91	  43.08	
    354	 -11.35	   2.09	  0.014	1.00076							#	   1.96	  42.78	
    355	 -11.49	   2.10	  0.013	1.00076							#	   2.05	  42.07	
    356	 -11.28	   2.03	  0.014	1.00079							#	   2.01	  43.08	
    357	 -11.01	   2.01	  0.014	1.00087							#	   2.01	  43.54	
    358	 -11.36	   2.12	  0.015	1.00075							#	   1.97	  43.08	
    359	 -11.65	   2.00	  0.015	1.00069							#	   2.06	  43.59	
    360	 -11.68	   1.97	  0.014	1.00072							#	   2.07	  42.47	
    361	 -11.88	   2.01	  0.015	1.00059							#	   2.11	  41.72	
    362	 -11.90	   2.07	  0.014	1.00058							#	   2.17	  42.58	
    363	 -11.89	   2.02	  0.015	1.00050							#	   2.07	  42.42	
    364	 -11.77	   1.90	  0.017	1.00058							#	   1.98	  42.78	
    365	 -11.93	   1.93	  0.017	1.00056							#	   2.13	  42.37	
    366	 -12.15	   1.86	  0.014	1.00053							#	   2.15	  42.07	
    367	 -11.85	   1.78	  0.013	1.00053							#	   1.98	  44.04	
    368	 -11.33	   1.85	  0.016	1.00071							#	   2.06	  44.49	
    369	 -11.20	   1.84	  0.018	1.00073							#	   1.80	  44.55	
    370	 -11.33	   1.82	  0.016	1.00063							#	   1.90	  44.85	
    371	 -11.19	   1.70	  0.016	1.00066							#	   1.90	  45.86	
    372	 -10.98	   1.76	  0.015	1.00057							#	   1.84	  47.02	
    373	 -10.69	   1.74	  0.017	1.00065							#	   1.86	  47.83	
    374	 -10.46	   1.80	  0.018	1.00064							#	   1.83	  48.48	
    375	 -10.39	   1.91	  0.019	1.00064							#	   1.70	  48.13	
    376	 -10.54	   1.91	  0.018	1.00066							#	   1.90	  48.18	
    377	 -10.70	   2.00	  0.015	1.00066							#	   1.89	  46.87	
    378	 -10.74	   2.10	  0.018	1.00070							#	   1.95	  47.68	
    379	 -10.63	   2.03	  0.016	1.00073							#	   1.92	  47.22	
    380	 -10.70	   2.02	  0.014	1.00059							#	   2.05	  47.22	
    381	 -10.60	   2.00	  0.016	1.00061							#	   1.84	  47.37	
    382	 -10.63	   2.03	  0.016	1.00062							#	   2.02	  47.83	
    383	 -10.54	   2.04	  0.016	1.00064							#	   1.83	  47.42	
    384	 -10.60	   2.07	  0.015	1.00072							#	   1.90	  47.88	
    385	 -10.81	   2.05	  0.016	1.00071							#	   2.00	  49.24	
    386	 -11.04	   2.06	  0.014	1.00065							#	   2.12	  48.94	
    387	 -11.07	   2.03	  0.014	1.00068							#	   1.94	  49.29	
    388	 -10.92	   2.07	  0.016	1.00068							#	   1.96	  49.29	
    389	 -10.71	   2.01	  0.017	1.00066							#	   1.88	  48.59	
    390	 -11.45	   1.87	  0.018	1.00052							#	   2.13	  48.69	
    391	 -11.92	   1.79	  0.015	1.00031							#	   2.10	  49.49	
    392	 -11.77	   1.73	  0.017	1.00035							#	   2.05	  48.94	
    393	 -11.90	   1.58	  0.017	1.00032							#	   2.08	  46.82	
    394	 -11.88	   1.56	  0.017	1.00032							#	   2.17	  46.36	
    395	 -11.48	   1.51	  0.018	1.00029							#	   1.99	  46.01	
    396	 -11.64	   1.42	  0.018	1.00018							#	   2.07	  46.67	
    397	 -11.93	   1.48	  0.018	1.00030							#	   2.04	  46.26	
    398	 -12.14	   1.46	  0.015	1.00030							#	   2.10	  45.51	
    399	 -12.17	   1.57	  0.016	1.00023							#	   2.18	  46.36	
    400	 -11.87	   1.60	  0.012	1.00036							#	   2.11	  47.98	
    401	 -11.84	   1.56	  0.013	1.00038							#	   2.12	  48.59	
    402	 -11.84	   1.59	  0.011	1.00039							#	   1.93	  48.94	
    403	 -11.85	   1.52	  0.014	1.00034							#	   2.03	  48.28	
    404	 -11.88	   1.39	  0.013	1.00036							#	   2.06	  48.54	
    405	 -11.68	   1.51	  0.015	1.00035							#	   2.09	  47.88	
    406	 -11.57	   1.30	  0.012	1.00007							#	   2.14	  46.01	
    407	 -11.73	   1.21	  0.014	0.99984							#	   1.98	  44.29	
    408	 -11.80	   1.20	  0.011	0.99988							#	   1.99	  45.91	
    409	 -11.30	   1.32	  0.012	1.00003							#	   1.93	  46.97	
    410	 -11.31	   1.28	  0.013	0.99989							#	   2.05	  46.06	
    411	 -11.59	   1.32	  0.012	1.00001							#	   2.07	  44.70	
    412	 -11.67	   1.31	  0.010	1.00000							#	   1.97	  46.11	
    413	 -11.12	   1.38	  0.012	0.99990							#	   1.87	  45.40	
    414	 -11.09	   1.26	  0.008	0.99995							#	   1.83	  46.21	
    415	 -11.06	   1.30	  0.011	0.99977							#	   1.93	  45.61	
    416	 -10.00	   0.66	  0.006	0.99981							#	   1.64	  47.63	
    417	 -10.32	   0.64	  0.008	1.00018							#	   1.64	  52.32	
    418	 -10.47	   0.93	  0.010	1.00018							#	   1.71	  51.46	
    419	 -10.38	   1.12	  0.006	1.00005							#	   1.69	  52.83	
    420	 -10.32	   1.18	  0.008	1.00015							#	   1.71	  51.46	
    421	 -10.11	   1.35	  0.006	1.00017							#	   1.97	  52.53	
    422	  -9.68	   1.26	  0.007	1.00013							#	   1.74	  52.47	
    423	  -9.51	   1.21	  0.005	1.00005							#	   1.60	  53.18	
    424	  -9.56	   1.15	  0.009	1.00005							#	   1.58	  52.53	
    425	  -9.83	   1.23	  0.004	1.00002							#	   1.69	  53.33	
    426	  -9.57	   1.15	  0.006	1.00002							#	   1.58	  54.70	
    427	  -9.56	   1.11	  0.006	1.00005							#	   1.65	  54.19	
    428	  -9.47	   1.17	  0.005	1.00006							#	   1.70	  54.75	
    429	  -9.50	   1.15	  0.006	1.00002							#	   1.66	  54.29	
    430	  -9.80	   1.12	  0.007	0.99996							#	   1.69	  53.18	
    431	  -9.99	   1.00	  0.006	0.99989							#	   1.94	  52.53	
    432	  -9.67	   1.08	  0.007	1.00000							#	   1.50	  53.74	
    433	  -9.64	   0.86	  0.008	1.00007							#	   1.60	  54.24	
    434	  -9.35	   0.96	  0.008	1.00007							#	   1.54	  55.76	
    435	  -9.45	   1.04	  0.009	1.00007							#	   1.51	  56.52	
    436	  -9.52	   0.95	  0.008	1.00007							#	   1.53	  55.76	
    437	 -10.00	   1.05	  0.010	0.99979							#	   1.91	  54.29	
    438	  -9.88	   1.09	  0.007	0.99979							#	   1.64	  54.14	
    439	 -10.09	   0.99	  0.008	0.99984							#	   1.71	  52.68	
    440	  -9.88	   0.97	  0.008	0.99981							#	   1.69	  54.49	
    441	  -9.87	   1.15	  0.005	0.99974							#	   1.69	  52.58	
    442	  -9.77	   1.03	  0.009	0.99974							#	   1.66	  53.28	
    443	  -9.97	   0.96	  0.008	0.99971							#	   1.80	  52.98	
    444	  -9.81	   0.87	  0.007	0.99984							#	   1.63	  55.25	
    445	 -10.22	   0.83	  0.008	0.99990							#	   1.80	  55.15	
    446	  -9.98	   0.75	  0.008	0.99984							#	   1.56	  55.10	
    447	  -9.96	   0.85	  0.008	0.99992							#	   1.63	  54.75	
    448	  -9.81	   0.92	  0.008	0.99989							#	   1.65	  54.60	
    449	  -9.82	   0.85	  0.008	0.99982							#	   1.63	  54.34	
    450	  -9.64	   0.64	  0.010	0.99990							#	   1.61	  55.40	
    451	  -9.48	   0.73	  0.009	0.99996							#	   1.58	  57.58	
    452	  -9.41	   0.50	  0.013	0.99943							#	   1.62	  52.07	
    453	  -9.43	   0.60	  0.009	0.99949							#	   1.51	  52.58	
    454	  -9.56	   0.63	  0.009	0.99950							#	   1.59	  52.47	
    455	  -9.53	   0.39	  0.012	0.99948							#	   1.59	  52.58	
    456	  -9.38	   0.44	  0.011	0.99948							#	   1.70	  53.69	
    457	  -9.29	   0.29	  0.013	0.99951							#	   1.59	  52.93	
    458	  -9.40	   0.42	  0.013	0.99947							#	   1.70	  52.93	
    459	  -9.49	   0.37	  0.013	0.99947							#	   1.54	  52.07	
    460	  -9.34	   0.32	  0.012	0.99949							#	   1.48	  54.14	
    461	  -9.35	   0.29	  0.013	0.99948							#	   1.53	  53.64	
    462	  -9.66	   0.13	  0.013	0.99979							#	   1.70	  58.18	
    463	  -9.45	   0.13	  0.012	0.99967							#	   1.65	  54.04	
    464	  -9.46	   0.18	  0.012	0.99966							#	   1.66	  57.17	
    465	  -9.41	   0.16	  0.013	0.99968							#	   1.53	  55.20	
    466	  -9.37	   0.13	  0.012	0.99970							#	   1.57	  56.87	
    467	  -9.50	   0.08	  0.015	0.99972							#	   1.58	  53.59	
    468	  -9.93	   0.02	  0.014	0.99967							#	   1.76	  56.41	
    469	  -9.83	   0.01	  0.013	0.99970							#	   1.76	  55.05	
    470	  -9.75	  -0.09	  0.016	0.99973							#	   1.64	  57.32	
    471	  -9.55	  -0.17	  0.012	0.99941							#	   1.62	  51.92	
    472	  -9.56	  -0.05	  0.013	0.99947							#	   1.58	  53.64	
    473	  -9.67	  -0.19	  0.014	0.99951							#	   1.67	  53.69	
    474	  -9.68	  -0.11	  0.015	0.99957							#	   1.61	  55.45	
    475	  -9.54	  -0.20	  0.011	0.99940							#	   1.85	  53.64	
    476	  -9.38	  -0.25	  0.012	0.99946							#	   1.51	  55.25	
    477	  -9.22	  -0.22	  0.009	0.99954							#	   1.53	  56.16	
    478	  -9.17	  -0.40	  0.013	0.99950							#	   1.53	  56.52	
    479	  -9.25	  -0.53	  0.014	0.99950							#	   1.63	  55.91	
    480	  -9.36	  -0.58	  0.012	0.99948							#	   1.62	  55.30	
    481	  -9.03	  -0.69	  0.012	0.99948							#	   1.55	  56.01	
    482	  -9.04	  -0.77	  0.013	0.99953							#	   1.54	  57.53	
    483	  -9.33	  -0.86	  0.014	0.99949							#	   1.64	  56.31	
    484	  -9.29	  -0.96	  0.014	0.99942							#	   1.58	  55.00	
    485	  -9.34	  -1.02	  0.012	0.99943							#	   1.80	  54.75	
    486	  -9.24	  -1.09	  0.010	0.99942							#	   1.49	  55.81	
    487	  -9.18	  -1.17	  0.012	0.99946							#	   1.50	  56.11	
    488	  -9.12	  -1.19	  0.010	0.99945							#	   1.48	  56.36	
    489	  -9.16	  -1.21	  0.010	0.99954							#	   1.53	  56.67	
    490	  -9.30	  -1.40	  0.010	0.99935							#	   1.58	  54.70	
    491	  -9.56	  -1.53	  0.014	0.99946							#	   1.79	  53.23	
    492	  -9.91	  -1.59	  0.008	0.99950							#	   1.77	  53.33	
    493	  -9.79	  -1.67	  0.009	0.99949							#	   1.60	  54.55	
    494	  -9.63	  -1.74	  0.009	0.99947							#	   1.60	  54.95	
    495	  -9.70	  -1.75	  0.009	0.99947							#	   1.76	  55.15	
    496	  -9.62	  -1.70	  0.008	0.99947							#	   1.70	  54.95	
    497	  -9.62	  -1.81	  0.008	0.99949							#	   1.74	  56.26	
    498	  -9.31	  -1.64	  0.007	0.99937							#	   1.63	  54.24	
    499	  -9.35	  -1.69	  0.008	0.99939							#	   1.54	  54.49	
    500	  -9.17	  -1.56	  0.005	0.99938							#	   1.41	  54.60	
    501	  -9.15	  -1.66	  0.007	0.99955							#	   1.61	  54.29	
    502	  -8.99	  -1.56	  0.005	0.99956							#	   1.66	  54.90	
    503	  -8.90	  -1.57	  0.005	0.99953							#	   1.54	  55.20	
    504	  -8.89	  -1.50	  0.006	0.99952							#	   1.47	  55.86	
    505	  -8.90	  -1.41	  0.005	0.99951							#	   1.42	  55.96	
    506	  -8.71	  -1.37	  0.006	0.99952							#	   1.34	  55.00	
    507	  -8.39	  -1.29	  0.002	0.99951							#	   1.27	  56.57	
    508	  -8.05	  -1.32	  0.004	0.99950							#	   1.36	  56.06	
    509	  -8.23	  -1.19	  0.004	0.99947							#	   1.48	  56.36	
    510	  -8.36	  -1.15	  0.004	0.99947							#	   1.49	  56.41	
    511	  -8.29	  -1.03	  0.004	0.99950							#	   1.30	  56.06	
    512	  -8.23	  -1.02	  0.004	0.99950							#	   1.27	  56.92	
    513	  -8.20	  -1.00	  0.006	0.99958							#	   1.29	  56.21	
    514	  -8.23	  -0.96	  0.003	0.99956							#	   1.42	  57.07	
    515	  -8.25	  -0.80	  0.003	0.99954							#	   1.38	  57.17	
    516	  -7.94	  -0.64	  0.003	0.99960							#	   1.31	  57.58	
    517	  -8.08	  -0.40	  0.003	0.99970							#	   1.34	  56.16	
    518	  -7.91	  -0.23	  0.003	0.99966							#	   1.23	  57.58	
    519	  -7.98	  -0.07	  0.002	0.99971							#	   1.11	  60.00	
    520	  -8.12	   0.13	  0.003	0.99964							#	   1.19	  58.79	
    521	  -7.77	   0.33	  0.001	0.99962							#	   1.24	  58.74	
    522	  -7.25	   0.52	  0.001	0.99964							#	   1.11	  58.43	
    523	  -7.08	   0.76	  0.004	0.99970							#	   1.11	  58.69	
    524	  -7.55	   0.81	  0.003	1.00022							#	   1.20	  63.89	
    525	  -7.13	   0.90	  0.002	1.00033							#	   1.15	  63.28	
    526	  -7.04	   1.16	  0.000	1.00037							#	   1.07	  61.72	
    527	  -7.35	   1.24	  0.002	1.00029							#	   1.20	  62.42	
    528	  -7.31	   1.50	 -0.000	1.00043							#	   1.12	  61.21	
    529	  -6.92	   1.62	  0.001	1.00044							#	   1.09	  61.21	
    530	  -6.75	   1.86	 -0.001	1.00039							#	   1.12	  61.92	
    531	  -6.95	   1.91	  0.000	1.00034							#	   1.18	  62.73	
    532	  -7.11	   2.16	  0.000	1.00030							#	   1.25	  63.59	
    533	  -7.01	   2.33	  0.001	1.00031							#	   1.20	  63.74	
    534	  -7.14	   2.60	  0.000	1.00034							#	   1.25	  61.72	
    535	  -7.28	   2.83	  0.000	1.00032							#	   1.35	  63.38	
    536	  -7.22	   2.95	  0.002	1.00029							#	   1.20	  64.70	
    537	  -7.06	   3.27	  0.002	1.00028							#	   1.26	  63.84	
    538	  -7.19	   3.45	  0.002	1.00027							#	   1.39	  64.85	
    539	  -7.10	   3.60	  0.000	1.00029							#	   1.23	  65.61	
    540	  -7.02	   3.86	  0.002	1.00027							#	   1.33	  64.49	
    541	  -6.88	   4.13	  0.002	1.00016							#	   1.34	  66.26	
    542	  -6.83	   4.20	  0.002	1.00019							#	   1.35	  66.36	
    543	  -6.93	   4.38	  0.001	1.00019							#	   1.41	  66.77	
    544	  -6.77	   4.45	  0.001	1.00022							#	   1.35	  67.78	
    545	  -6.46	   4.64	  0.002	1.00009							#	   1.29	  70.66	
    546	  -5.85	   4.79	  0.000	1.00013							#	   1.24	  69.90	
    547	  -6.06	   4.83	  0.002	1.00006							#	   1.26	  70.61	
    548	  -6.28	   4.93	  0.003	1.00004							#	   1.33	  73.08	
    549	  -6.00	   5.00	  0.003	1.00000							#	   1.26	  70.91	
    550	  -5.95	   5.10	  0.005	1.00005							#	   1.31	  70.25	
    551	  -6.09	   5.12	  0.004	1.00007							#	   1.34	  72.53	
    552	  -5.97	   5.22	  0.003	1.00005							#	   1.29	  72.22	
    553	  -5.37	   5.39	  0.004	1.00009							#	   1.25	  73.08	
    554	  -5.70	   5.44	  0.006	1.00009							#	   1.35	  71.87	
    555	  -5.93	   5.59	  0.004	1.00007							#	   1.39	  73.48	
    556	  -5.63	   5.78	  0.004	1.00002							#	   1.35	  73.08	
    557	  -5.35	   5.89	  0.003	1.00001							#	   1.41	  74.04	
    558	  -5.18	   6.07	  0.005	1.00002							#	   1.38	  71.87	
    559	  -5.07	   6.18	  0.004	1.00002							#	   1.41	  75.05	
    560	  -4.93	   6.30	  0.006	1.00004							#	   1.38	  73.79	
    561	  -4.94	   6.35	  0.004	1.00004							#	   1.45	  74.34	
    562	  -4.49	   6.53	  0.008	1.00008							#	   1.31	  75.05	
    563	  -4.38	   6.39	  0.006	1.00006							#	   1.25	  77.42	
    564	  -4.18	   6.63	  0.006	1.00010							#	   1.32	  79.34	
    565	  -3.75	   6.33	  0.006	1.00006							#	   1.16	  77.42	
    566	  -3.56	   6.56	  0.008	1.00008							#	   1.23	  78.43	
    567	  -3.33	   6.29	  0.007	1.00007							#	   1.22	  80.96	
    568	  -3.17	   6.36	  0.008	1.00010							#	   1.21	  80.25	
    569	  -2.91	   6.07	  0.009	1.00005							#	   1.09	  81.46	
    570	  -2.68	   5.93	  0.012	1.00007							#	   1.08	  83.08	
    571	  -2.26	   6.11	  0.010	1.00010							#	   1.15	  83.79	
    572	  -1.96	   6.17	  0.011	1.00008							#	   1.11	  81.97	
    573	  -2.11	   6.42	  0.008	1.00010							#	   1.16	  80.91	
    574	  -1.99	   6.39	  0.011	1.00010							#	   1.17	  82.27	
    575	  -1.70	   6.27	  0.011	1.00003							#	   1.11	  79.80	
    576	  -1.73	   6.42	  0.010	1.00003							#	   1.28	  79.95	
    577	  -1.43	   6.64	  0.008	1.00010							#	   1.22	  80.61	
    578	  -1.29	   6.91	  0.005	1.00003							#	   1.35	  80.25	
    579	  -1.27	   7.02	  0.003	1.00002							#	   1.32	  80.71	
    580	  -1.26	   7.27	  0.002	1.00005							#	   1.44	  79.14	
    581	  -1.04	   7.37	 -0.002	1.00005							#	   1.43	  75.66	
    582	  -0.83	   7.53	 -0.001	1.00006							#	   1.40	  78.48	
    583	  -0.55	   7.59	 -0.001	1.00002							#	   1.33	  79.39	
    584	  -0.52	   7.68	 -0.003	0.99999							#	   1.40	  79.09	
    585	  -0.76	   7.68	 -0.003	0.99998							#	   1.43	  78.99	
    586	  -0.62	   7.74	 -0.004	0.99998							#	   1.47	  79.55	
    587	  -0.56	   7.64	 -0.005	0.99998							#	   1.42	  78.99	
    588	  -0.05	   7.66	 -0.004	0.99996							#	   1.48	  78.13	
    589	   0.22	   7.83	 -0.003	0.99996							#	   1.62	  78.94	
    590	  -0.31	   8.02	 -0.001	0.99997							#	   1.55	  78.43	
    591	  -0.30	   8.06	 -0.000	0.99994							#	   1.49	  77.07	
    592	  -0.06	   8.14	 -0.003	0.99996							#	   1.46	  75.66	
    593	   0.29	   8.21	 -0.004	1.00000							#	   1.53	  76.97	
    594	   0.45	   8.44	 -0.000	1.00000							#	   1.69	  78.33	
    595	   0.04	   8.56	 -0.002	1.00001							#	   1.63	  76.21	
    596	   0.03	   8.56	 -0.004	0.99995							#	   1.69	  76.01	
    597	   0.03	   8.87	 -0.004	0.99987							#	   1.93	  76.82	
    598	   0.20	   8.84	 -0.004	0.99986							#	   1.65	  78.69	
    599	   0.18	   9.04	 -0.001	0.99992							#	   1.61	  79.60	
    600	   0.21	   9.07	  0.000	0.99994							#	   1.65	  78.79	
    601	   0.09	   9.28	 -0.002	0.99994							#	   1.83	  77.98	
    602	   0.13	   9.36	  0.001	0.99998							#	   1.80	  77.42	
    603	   0.23	   9.55	  0.002	0.99998							#	   1.83	  80.91	
    604	   0.14	   9.58	  0.002	0.99998							#	   2.03	  78.69	
    605	  -0.03	   9.60	  0.004	1.00000							#	   1.80	  79.09	
    606	  -0.08	   9.66	  0.003	0.99992							#	   1.70	  78.94	
    607	  -0.11	   9.87	  0.003	0.99987							#	   1.87	  80.45	
    608	  -0.13	   9.90	  0.005	0.99988							#	   1.91	  81.16	
    609	   0.03	   9.89	  0.005	0.99983							#	   1.96	  77.42	
    610	   0.17	  10.08	  0.007	0.99990							#	   1.99	  79.39	
    611	  -0.16	   9.99	  0.007	0.99980							#	   2.10	  75.00	
    612	  -0.24	   9.98	  0.006	0.99983							#	   1.80	  77.63	
    613	  -0.33	   9.99	  0.009	0.99985							#	   1.74	  78.74	
    614	  -0.42	   9.89	  0.010	0.99985							#	   1.90	  78.48	
    615	  -0.17	   9.73	  0.012	0.99984							#	   1.88	  76.52	
    616	  -0.42	   9.71	  0.013	0.99995							#	   1.79	  76.21	
    617	  -0.73	   9.56	  0.014	0.99988							#	   1.94	  77.78	
    618	  -0.74	   9.45	  0.015	0.99987							#	   1.88	  78.08	
    619	  -0.72	   9.42	  0.017	0.99988							#	   1.71	  80.40	
    620	  -0.76	   9.38	  0.017	0.99991							#	   1.80	  81.67	
    621	  -0.87	   9.32	  0.018	0.99986							#	   1.79	  80.00	
    622	  -0.90	   9.35	  0.018	0.99989							#	   1.79	  82.22	
    623	  -1.14	   9.24	  0.018	0.99988							#	   1.73	  81.67	
    624	  -1.01	   9.27	  0.018	0.99990							#	   1.95	  83.38	
    625	  -0.98	   9.26	  0.019	0.99985							#	   1.82	  82.17	
    626	  -1.29	   9.17	  0.018	0.99984							#	   1.69	  81.72	
    627	  -1.56	   9.11	  0.020	0.99988							#	   1.76	  82.78	
    628	  -1.91	   9.17	  0.022	0.99990							#	   1.77	  82.27	
    629	  -1.45	   9.02	  0.022	0.99995							#	   1.71	  82.07	
    630	  -1.83	   8.98	  0.024	0.99992							#	   1.73	  81.31	
    631	  -1.92	   8.98	  0.022	0.99993							#	   1.95	  79.49	
    632	  -2.00	   8.87	  0.023	0.99998							#	   1.73	  81.16	
    633	  -2.09	   8.61	  0.021	1.00002							#	   1.58	  80.40	
    634	  -2.24	   8.45	  0.021	0.99990							#	   1.55	  80.66	
    635	  -2.42	   8.35	  0.021	0.99995							#	   1.57	  80.15	
    636	  -2.49	   8.35	  0.021	0.99995							#	   1.55	  80.45	
    637	  -2.39	   8.06	  0.022	0.99998							#	   1.49	  79.65	
    638	  -2.41	   8.19	  0.020	0.99997							#	   1.78	  80.35	
    639	  -2.60	   8.18	  0.021	0.99998							#	   1.68	  80.66	
    640	  -2.78	   8.27	  0.020	0.99998							#	   1.75	  80.10	
    641	  -2.85	   8.27	  0.020	0.99996							#	   1.67	  79.39	
    642	  -2.94	   8.25	  0.021	0.99996							#	   1.67	  79.24	
    643	  -3.00	   8.26	  0.023	0.99997							#	   1.68	  78.59	
    644	  -3.44	   8.13	  0.024	1.00004							#	   1.72	  77.73	
    645	  -3.58	   8.09	  0.026	1.00006							#	   1.88	  76.11	
    646	  -3.56	   8.18	  0.025	1.00001							#	   1.82	  77.42	
    647	  -3.82	   8.06	  0.027	1.00003							#	   1.72	  74.90	
    648	  -4.00	   8.01	  0.026	1.00006							#	   1.71	  74.75	
    649	  -4.11	   7.95	  0.026	1.00007							#	   1.78	  73.89	
    650	  -4.19	   7.71	  0.023	1.00002							#	   1.62	  75.00	
    651	  -4.18	   7.65	  0.023	1.00000							#	   1.61	  75.66	
    652	  -4.27	   7.46	  0.021	0.99996							#	   1.63	  76.01	
    653	  -4.33	   7.36	  0.019	1.00001							#	   1.75	  76.01	
    654	  -4.38	   7.11	  0.018	1.00002							#	   1.61	  75.35	
    655	  -4.23	   7.10	  0.017	1.00004							#	   1.59	  74.49	
    656	  -4.57	   7.04	  0.017	1.00002							#	   1.70	  73.99	
    657	  -4.90	   6.87	  0.017	1.00010							#	   1.67	  71.36	
    658	  -5.10	   6.85	  0.016	1.00004							#	   1.62	  72.98	
    659	  -5.39	   6.58	  0.014	1.00001							#	   1.65	  72.53	
    660	  -5.33	   6.41	  0.015	0.99999							#	   1.64	  70.10	
    661	  -5.46	   6.22	  0.013	1.00009							#	   1.58	  69.49	
    662	  -5.75	   6.22	  0.014	1.00009							#	   1.73	  68.23	
    663	  -5.68	   6.15	  0.013	1.00010							#	   1.59	  67.47	
    664	  -6.13	   6.10	  0.013	1.00011							#	   1.78	  67.53	
    665	  -6.16	   6.05	  0.013	1.00013							#	   1.71	  66.16	
    666	  -6.14	   5.98	  0.012	1.00011							#	   1.71	  67.47	
    667	  -6.25	   5.85	  0.014	1.00011							#	   1.72	  66.72	
    668	  -6.27	   5.83	  0.010	1.00016							#	   1.67	  66.31	
    669	  -6.30	   5.58	  0.010	1.00008							#	   1.61	  66.92	
    670	  -6.47	   5.53	  0.009	1.00008							#	   1.59	  67.83	
    671	  -6.43	   5.46	  0.008	1.00010							#	   1.70	  66.41	
    672	  -6.44	   5.47	  0.008	1.00010							#	   1.58	  66.21	
    673	  -6.40	   5.36	  0.008	1.00011							#	   1.59	  64.24	
    674	  -6.57	   5.19	  0.006	1.00007							#	   1.62	  65.86	
    675	  -6.45	   5.24	  0.005	1.00008							#	   1.62	  66.06	
    676	  -6.39	   5.12	  0.004	1.00013							#	   1.57	  65.86	
    677	  -6.25	   5.07	  0.002	1.00007							#	   1.59	  68.08	
    678	  -6.21	   4.99	 -0.001	1.00018							#	   1.54	  69.85	
    679	  -6.10	   5.08	 -0.004	1.00035							#	   1.53	  72.17	
    680	  -6.01	   4.98	 -0.008	1.00040							#	   1.55	  75.10	
    681	  -5.91	   4.77	 -0.008	1.00039							#	   1.42	  74.24	
    682	  -5.91	   4.76	 -0.008	1.00035							#	   1.41	  74.09	
    683	  -5.93	   4.48	 -0.004	1.00033							#	   1.35	  71.52	
    684	  -5.85	   4.37	 -0.007	1.00035							#	   1.33	  73.13	
    685	  -5.65	   4.28	 -0.012	1.00034							#	   1.31	  75.51	
    686	  -5.75	   4.26	 -0.009	1.00031							#	   1.34	  77.12	
    687	  -5.71	   4.10	 -0.011	1.00029							#	   1.33	  75.86	
    688	  -5.75	   4.11	 -0.014	1.00026							#	   1.47	  76.41	
    689	  -5.67	   4.00	 -0.013	1.00029							#	   1.35	  76.26	
    690	  -5.71	   4.03	 -0.013	1.00024							#	   1.40	  75.81	
    691	  -5.73	   3.94	 -0.015	1.00021							#	   1.34	  77.53	
    692	  -5.80	   3.95	 -0.012	1.00040							#	   1.40	  79.85	
    693	  -5.64	   3.83	 -0.015	1.00024							#	   1.28	  79.09	
    694	  -5.78	   3.79	 -0.013	1.00043							#	   1.36	  79.34	
    695	  -5.89	   3.74	 -0.012	1.00037							#	   1.38	  79.29	
    696	  -5.79	   3.68	 -0.014	1.00040							#	   1.35	  80.30	
    697	  -5.79	   3.61	 -0.014	1.00041							#	   1.37	  80.05	
    698	  -5.77	   3.64	 -0.014	1.00045							#	   1.41	  79.04	
    699	  -5.72	   3.61	 -0.014	1.00042							#	   1.39	  79.70	
    700	  -5.73	   3.58	 -0.012	1.00043							#	   1.37	  79.90	
    701	  -5.82	   3.44	 -0.014	1.00037							#	   1.32	  81.31	
    702	  -5.87	   3.40	 -0.014	1.00034							#	   1.29	  82.58	
    703	  -5.74	   3.35	 -0.014	1.00026							#	   1.30	  82.22	
    704	  -5.69	   3.29	 -0.014	1.00029							#	   1.28	  83.23	
    705	  -5.70	   3.07	 -0.012	1.00019							#	   1.26	  84.70	
    706	  -5.71	   3.13	 -0.013	1.00018							#	   1.23	  85.25	
    707	  -5.71	   3.02	 -0.013	1.00012							#	   1.21	  85.86	
    708	  -5.79	   2.99	 -0.012	1.00006							#	   1.23	  85.66	
    709	  -5.65	   3.00	 -0.013	1.00007							#	   1.19	  86.92	
    710	  -5.46	   2.98	 -0.011	1.00014							#	   1.16	  87.88	
    711	  -5.40	   2.98	 -0.010	1.00013							#	   1.18	  88.38	
    712	  -5.26	   2.91	 -0.010	1.00017							#	   1.13	  88.64	
    713	  -5.38	   2.91	 -0.008	1.00015							#	   1.14	  88.69	
    714	  -5.51	   2.86	 -0.010	1.00017							#	   1.22	  90.25	
    715	  -5.30	   2.90	 -0.008	1.00016							#	   1.11	  89.14	
    716	  -5.04	   2.91	 -0.009	1.00018							#	   1.09	  90.66	
    717	  -4.87	   2.86	 -0.007	1.00017							#	   1.01	  89.60	
    718	  -4.89	   2.88	 -0.007	1.00015							#	   1.00	  91.52	
    719	  -4.75	   2.86	 -0.007	1.00012							#	   0.95	  91.62	
    720	  -4.81	   2.75	 -0.005	1.00012							#	   1.07	  91.92	
    721	  -4.82	   2.71	 -0.007	1.00014							#	   0.99	  93.13	
    722	  -4.87	   2.62	 -0.007	1.00010							#	   1.01	  94.39	
    723	  -4.38	   2.56	 -0.006	1.00013							#	   0.90	  94.75	
    724	  -4.24	   2.48	 -0.004	1.00014							#	   0.85	  95.00	
    725	  -4.36	   2.49	 -0.005	1.00011							#	   0.92	  95.86	
    726	  -4.33	   2.48	 -0.005	1.00009							#	   0.95	  97.02	
    727	  -4.02	   2.47	 -0.005	1.00008							#	   0.84	  95.91	
    728	  -4.17	   2.37	 -0.006	1.00007							#	   0.94	  96.97	
    729	  -4.20	   2.37	 -0.006	1.00005							#	   0.95	  97.27	
    730	  -3.86	   2.42	 -0.005	1.00003							#	   0.84	  96.01	
    731	  -5.76	   2.44	 -0.004	0.99572							#	   2.86	  88.69	
    732	  -0.72	   1.96	  0.000	0.99948							#	   0.13	  93.79	
    733	  -5.11	   2.34	 -0.004	1.00005							#	   0.71	  97.02	
    734	  -2.91	   2.30	 -0.006	1.00019							#	   0.35	  97.37	
    735	  -3.92	   2.30	 -0.003	1.00019							#	   0.51	  97.68	
    736	  -3.73	   2.39	 -0.004	1.00019							#	   0.48	  98.13	
    737	  -3.62	   2.39	 -0.005	1.00015							#	   0.71	  97.47	
    738	  -3.44	   2.29	 -0.003	1.00015							#	   0.64	  97.98	
    739	  -3.50	   2.23	 -0.003	1.00013							#	   0.74	  98.13	
    740	  -3.31	   2.25	 -0.003	1.00007							#	   0.69	  98.38	
    741	  -3.21	   2.24	 -0.003	1.00008							#	   0.71	  98.28	
    742	  -3.01	   2.13	 -0.003	1.00004							#	   0.65	  98.43	
    743	  -3.08	   2.00	 -0.002	1.00005							#	   0.67	  98.84	
    744	  -2.85	   2.04	 -0.003	1.00004							#	   0.63	  98.64	
    745	  -2.56	   1.96	 -0.003	1.00003							#	   0.55	  98.69	
    746	  -2.53	   1.89	 -0.001	1.00007							#	   0.54	  98.64	
    747	  -2.75	   1.85	 -0.001	1.00004							#	   0.57	  98.94	
    748	  -2.64	   1.85	 -0.003	1.00008							#	   0.56	  98.69	
    749	  -2.37	   1.70	 -0.001	1.00008							#	   0.48	  98.79	
    750	  -2.08	   1.83	  0.000	1.00008							#	   0.44	  98.13	
    751	  -2.23	   1.71	  0.001	1.00009							#	   0.47	  97.88	
    752	  -2.20	   1.71	 -0.002	1.00008							#	   0.46	  97.58	
    753	  -1.88	   1.72	 -0.002	1.00003							#	   0.38	  98.84	
    754	  -1.88	   1.68	 -0.001	1.00004							#	   0.39	  98.43	
    755	  -1.77	   1.69	 -0.002	0.99995							#	   0.35	  98.74	
    756	  -1.42	   1.62	 -0.002	0.99996							#	   0.30	  98.59	
    757	  -1.38	   1.56	 -0.002	0.99997							#	   0.29	  98.33	
    758	  -1.86	   1.45	  0.000	1.00000							#	   0.34	  98.54	
    759	  -1.19	   1.52	 -0.003	1.00000							#	   0.25	  98.18	
    760	  -1.31	   1.65	 -0.001	1.00006							#	   0.29	  98.48	
    761	  -1.32	   1.49	 -0.001	1.00008							#	   0.27	  98.84	
    762	  -1.43	   1.58	 -0.002	1.00008							#	   0.31	  98.69	
    763	  -1.38	   1.59	 -0.003	1.00006							#	   0.29	  98.33	
    764	  -0.71	   1.47	 -0.003	1.00019							#	   0.21	  98.48	
    765	  -1.45	   1.52	  0.001	1.00008							#	   0.30	  98.43	
    766	  -1.24	   1.65	 -0.002	1.00012							#	   0.28	  98.08	
    767	  -1.12	   1.54	 -0.002	1.00011							#	   0.26	  98.38	
