      1	  -2.15	   0.11	  0.004	1.00005							#	   0.07	  74.14	
      2	  -2.19	   0.11	  0.003	1.00005							#	   0.25	  73.18	
      3	  -2.10	   0.12	  0.003	1.00006							#	   0.23	  72.32	
      4	  -2.13	   0.16	  0.005	1.00009							#	   0.24	  71.92	
      5	  -2.41	   0.15	  0.003	1.00006							#	   0.29	  72.47	
      6	  -2.31	   0.09	  0.003	1.00007							#	   0.27	  70.51	
      7	  -2.45	   0.15	  0.001	1.00012							#	   0.30	  70.91	
      8	  -2.61	   0.16	  0.004	1.00009							#	   0.32	  71.62	
      9	  -2.65	   0.33	  0.005	1.00006							#	   0.32	  69.44	
     10	  -2.91	   0.38	  0.004	1.00008							#	   0.37	  68.38	
     11	  -2.88	   0.38	  0.003	1.00008							#	   0.37	  68.74	
     12	  -2.92	   0.38	  0.005	1.00009							#	   0.40	  69.29	
     13	  -3.11	   0.42	  0.005	1.00008							#	   0.44	  68.54	
     14	  -3.25	   0.49	  0.005	1.00008							#	   0.47	  68.13	
     15	  -3.33	   0.49	  0.006	1.00010							#	   0.49	  68.54	
     16	  -3.40	   0.55	  0.005	1.00010							#	   0.50	  68.23	
     17	  -3.40	   0.49	  0.006	1.00009							#	   0.50	  68.94	
     18	  -3.48	   0.59	  0.007	1.00010							#	   0.52	  68.64	
     19	  -3.68	   0.63	  0.005	1.00011							#	   0.58	  68.74	
     20	  -3.70	   0.60	  0.007	1.00009							#	   0.59	  69.39	
     21	  -3.77	   0.58	  0.006	1.00009							#	   0.59	  69.39	
     22	  -3.78	   0.61	  0.008	1.00008							#	   0.59	  70.30	
     23	  -3.79	   0.68	  0.007	1.00014							#	   0.61	  70.56	
     24	  -4.15	   0.68	  0.008	1.00011							#	   0.73	  68.94	
     25	  -4.42	   0.47	  0.007	1.00008							#	   0.83	  70.10	
     26	  -4.32	   0.50	  0.008	1.00011							#	   0.78	  68.48	
     27	  -4.01	   0.63	  0.007	1.00014							#	   0.67	  70.35	
     28	  -4.31	   0.66	  0.009	1.00013							#	   0.78	  68.79	
     29	  -4.73	   0.72	  0.009	1.00017							#	   0.97	  69.65	
     30	  -4.82	   0.62	  0.009	1.00015							#	   0.84	  70.81	
     31	  -4.38	   0.72	  0.009	1.00018							#	   0.76	  69.09	
     32	  -4.52	   0.83	  0.006	1.00020							#	   0.80	  67.93	
     33	  -4.87	   0.93	  0.009	1.00019							#	   0.90	  65.05	
     34	  -4.99	   1.04	  0.010	1.00014							#	   0.92	  65.66	
     35	  -4.95	   0.91	  0.009	1.00023							#	   0.90	  66.21	
     36	  -5.08	   0.96	  0.010	1.00019							#	   0.95	  66.06	
     37	  -5.19	   0.91	  0.011	1.00022							#	   0.95	  65.66	
     38	  -5.11	   0.94	  0.009	1.00025							#	   0.94	  65.71	
     39	  -5.16	   0.87	  0.010	1.00023							#	   0.98	  66.21	
     40	  -5.36	   0.79	  0.011	1.00025							#	   1.05	  67.02	
     41	  -5.69	   0.77	  0.011	1.00020							#	   1.07	  68.03	
     42	  -5.63	   0.76	  0.011	1.00024							#	   1.01	  68.13	
     43	  -5.37	   0.76	  0.011	1.00027							#	   1.01	  66.16	
     44	  -5.40	   0.73	  0.013	1.00023							#	   1.00	  67.68	
     45	  -6.30	   0.71	  0.013	1.00020							#	   1.30	  67.32	
     46	  -5.84	   0.70	  0.011	1.00024							#	   0.92	  65.66	
     47	  -6.06	   0.65	  0.015	1.00018							#	   1.09	  67.22	
     48	  -6.15	   0.64	  0.015	1.00019							#	   1.10	  66.31	
     49	  -6.10	   0.73	  0.014	1.00025							#	   1.11	  65.35	
     50	  -6.02	   0.67	  0.014	1.00027							#	   1.09	  64.24	
     51	  -6.20	   0.57	  0.013	1.00024							#	   1.19	  64.55	
     52	  -6.42	   0.58	  0.016	1.00021							#	   1.19	  65.15	
     53	  -6.41	   0.69	  0.013	1.00027							#	   1.20	  65.56	
     54	  -6.35	   0.60	  0.015	1.00020							#	   1.18	  66.41	
     55	  -6.31	   0.68	  0.017	1.00029							#	   1.19	  64.90	
     56	  -6.51	   0.53	  0.016	1.00022							#	   1.23	  63.99	
     57	  -6.46	   0.63	  0.015	1.00030							#	   1.19	  63.28	
     58	  -6.84	   0.55	  0.017	1.00011							#	   1.28	  66.72	
     59	  -6.65	   0.56	  0.016	1.00023							#	   1.26	  60.56	
     60	  -6.76	   0.63	  0.014	1.00022							#	   1.32	  62.17	
     61	  -6.73	   0.54	  0.015	1.00028							#	   1.20	  63.33	
     62	  -6.89	   0.56	  0.017	1.00020							#	   1.25	  65.15	
     63	  -6.81	   0.48	  0.016	1.00020							#	   1.25	  59.75	
     64	  -6.93	   0.64	  0.017	1.00024							#	   1.29	  60.71	
     65	  -7.02	   0.72	  0.015	1.00031							#	   1.28	  61.87	
     66	  -7.03	   0.56	  0.014	1.00021							#	   1.26	  63.69	
     67	  -6.61	   0.56	  0.012	1.00026							#	   1.23	  64.04	
     68	  -6.37	   0.58	  0.012	1.00028							#	   1.15	  64.55	
     69	  -6.19	   0.58	  0.016	1.00018							#	   1.11	  65.35	
     70	  -6.35	   0.62	  0.012	1.00021							#	   1.15	  65.40	
     71	  -6.56	   0.53	  0.010	1.00021							#	   1.22	  64.90	
     72	  -6.55	   0.55	  0.014	1.00020							#	   1.17	  64.75	
     73	  -6.49	   0.61	  0.013	1.00024							#	   1.18	  64.75	
     74	  -6.42	   0.56	  0.014	1.00027							#	   1.17	  62.73	
     75	  -6.55	   0.58	  0.013	1.00025							#	   1.19	  65.05	
     76	  -6.51	   0.58	  0.015	1.00016							#	   1.21	  64.95	
     77	  -5.79	  -0.04	  0.016	1.00023							#	   1.03	  66.31	
     78	  -6.08	  -0.03	  0.021	1.00018							#	   1.14	  66.26	
     79	  -6.75	   0.33	  0.027	1.00025							#	   1.40	  65.71	
     80	  -7.73	   0.48	  0.025	1.00042							#	   1.56	  59.85	
     81	  -8.19	   0.73	  0.023	1.00045							#	   1.42	  58.89	
     82	  -8.70	   0.81	  0.024	1.00051							#	   1.66	  55.40	
     83	  -6.67	   0.12	  0.029	1.00019							#	   0.90	  66.31	
     84	  -7.08	   0.21	  0.022	1.00031							#	   1.08	  62.98	
     85	  -6.54	  -0.23	  0.023	1.00027							#	   0.95	  63.69	
     86	  -6.61	  -0.15	  0.021	1.00032							#	   1.03	  63.23	
     87	  -6.43	  -0.30	  0.023	1.00031							#	   1.00	  62.02	
     88	  -6.67	  -0.26	  0.022	1.00032							#	   1.26	  61.36	
     89	  -6.75	  -0.24	  0.025	1.00027							#	   1.21	  62.78	
     90	  -7.22	  -0.03	  0.025	1.00035							#	   1.35	  62.12	
     91	  -7.82	   0.39	  0.027	1.00039							#	   1.46	  59.49	
     92	  -8.30	   0.62	  0.026	1.00053							#	   1.62	  57.88	
     93	  -8.76	   0.93	  0.022	1.00052							#	   1.57	  54.49	
     94	  -9.09	   1.08	  0.024	1.00053							#	   1.77	  54.09	
     95	  -9.44	   1.23	  0.023	1.00053							#	   1.79	  55.71	
     96	  -9.36	   1.37	  0.025	1.00056							#	   1.67	  56.57	
     97	  -9.40	   1.45	  0.026	1.00051							#	   1.67	  56.46	
     98	  -9.34	   1.48	  0.023	1.00058							#	   1.67	  56.26	
     99	  -9.22	   1.55	  0.023	1.00059							#	   1.63	  56.52	
    100	  -9.16	   1.53	  0.024	1.00065							#	   1.59	  55.25	
    101	  -9.67	   1.49	  0.024	1.00052							#	   1.88	  54.65	
    102	  -9.60	   1.54	  0.021	1.00057							#	   1.74	  55.30	
    103	  -9.28	   1.52	  0.021	1.00063							#	   1.68	  55.61	
    104	  -9.22	   1.69	  0.022	1.00053							#	   1.65	  55.91	
    105	  -9.25	   1.71	  0.021	1.00057							#	   1.56	  56.31	
    106	  -9.41	   1.81	  0.021	1.00057							#	   1.57	  56.11	
    107	  -9.37	   1.79	  0.020	1.00044							#	   1.65	  55.20	
    108	  -9.20	   1.93	  0.021	1.00041							#	   1.71	  55.45	
    109	  -8.98	   2.01	  0.021	1.00039							#	   1.73	  55.20	
    110	  -9.60	   2.00	  0.023	1.00037							#	   1.88	  56.87	
    111	  -9.45	   2.02	  0.021	1.00040							#	   1.68	  56.26	
    112	  -9.31	   2.10	  0.020	1.00034							#	   1.64	  55.96	
    113	  -9.42	   2.14	  0.020	1.00036							#	   1.69	  57.73	
    114	  -9.60	   2.17	  0.020	1.00033							#	   1.87	  58.38	
    115	  -9.36	   2.19	  0.019	1.00041							#	   1.68	  57.68	
    116	  -9.25	   2.27	  0.021	1.00040							#	   1.78	  59.04	
    117	  -9.46	   2.36	  0.023	1.00048							#	   1.76	  57.93	
    118	  -9.22	   2.53	  0.021	1.00069							#	   1.69	  54.39	
    119	  -8.96	   2.63	  0.022	1.00055							#	   1.55	  56.92	
    120	  -9.62	   2.83	  0.026	1.00041							#	   1.89	  55.15	
    121	  -9.62	   2.90	  0.025	1.00041							#	   1.66	  55.45	
    122	  -9.66	   3.19	  0.028	1.00030							#	   1.88	  57.27	
    123	  -9.56	   3.31	  0.027	1.00036							#	   1.80	  56.41	
    124	  -9.67	   3.51	  0.026	1.00038							#	   1.87	  57.32	
    125	  -9.59	   3.74	  0.029	1.00038							#	   1.93	  53.69	
    126	  -9.62	   3.90	  0.029	1.00025							#	   1.79	  60.25	
    127	  -9.57	   3.88	  0.031	1.00019							#	   1.91	  51.87	
    128	  -9.69	   4.04	  0.029	1.00027							#	   1.88	  58.54	
    129	  -9.74	   4.13	  0.034	1.00003							#	   2.06	  55.66	
    130	  -9.55	   4.30	  0.029	1.00033							#	   1.78	  58.84	
    131	  -9.30	   4.37	  0.035	1.00049							#	   1.86	  51.41	
    132	  -9.61	   4.52	  0.029	1.00043							#	   1.87	  57.17	
    133	  -9.61	   4.72	  0.037	1.00044							#	   1.93	  52.98	
    134	  -9.69	   4.97	  0.031	1.00014							#	   1.97	  61.57	
    135	  -9.42	   5.03	  0.033	1.00018							#	   2.08	  52.98	
    136	  -9.58	   5.20	  0.029	1.00029							#	   1.94	  62.22	
    137	  -9.38	   5.18	  0.035	1.00014							#	   1.97	  55.35	
    138	  -9.63	   5.28	  0.028	1.00031							#	   1.95	  61.97	
    139	  -9.39	   5.19	  0.034	1.00017							#	   1.96	  55.56	
    140	  -9.58	   5.39	  0.028	1.00041							#	   1.98	  60.10	
    141	  -9.35	   5.32	  0.033	1.00041							#	   2.03	  56.06	
    142	  -9.61	   5.24	  0.030	1.00031							#	   2.04	  60.35	
    143	  -9.56	   5.10	  0.031	1.00020							#	   1.96	  57.63	
    144	  -9.64	   5.16	  0.030	1.00035							#	   1.97	  59.49	
    145	  -9.80	   5.20	  0.028	1.00044							#	   2.10	  58.18	
    146	  -8.93	   5.24	  0.025	1.00047							#	   1.76	  58.79	
    147	  -8.93	   5.34	  0.038	1.00042							#	   1.89	  54.85	
    148	  -9.33	   5.15	  0.025	1.00040							#	   1.85	  61.67	
    149	  -8.92	   5.01	  0.026	1.00041							#	   1.78	  58.03	
    150	  -8.73	   4.94	  0.025	1.00027							#	   1.71	  63.03	
    151	  -8.55	   4.96	  0.027	1.00031							#	   1.75	  61.72	
    152	  -8.78	   4.92	  0.024	1.00020							#	   1.77	  65.30	
    153	  -8.62	   4.89	  0.027	1.00019							#	   1.79	  60.10	
    154	  -8.65	   4.85	  0.024	1.00025							#	   1.76	  65.96	
    155	  -8.35	   4.66	  0.023	1.00026							#	   1.68	  61.62	
    156	  -8.36	   4.65	  0.021	1.00030							#	   1.75	  65.81	
    157	  -8.12	   4.59	  0.025	1.00042							#	   1.74	  61.62	
    158	  -8.20	   4.50	  0.023	1.00035							#	   1.63	  63.23	
    159	  -8.03	   4.52	  0.023	1.00038							#	   1.67	  62.73	
    160	  -7.99	   4.40	  0.021	1.00039							#	   1.69	  64.65	
    161	  -8.03	   4.33	  0.023	1.00040							#	   1.71	  61.67	
    162	  -8.07	   4.13	  0.023	1.00041							#	   1.64	  62.58	
    163	  -8.06	   4.16	  0.019	1.00035							#	   1.68	  63.94	
    164	  -8.08	   3.97	  0.020	1.00018							#	   1.64	  69.85	
    165	  -7.97	   4.00	  0.024	1.00022							#	   1.60	  64.14	
    166	  -8.04	   4.13	  0.023	1.00041							#	   1.65	  63.79	
    167	  -8.07	   4.00	  0.021	1.00038							#	   1.72	  64.24	
    168	  -8.01	   4.10	  0.020	1.00037							#	   1.68	  64.70	
    169	  -7.97	   4.16	  0.023	1.00036							#	   1.76	  64.60	
    170	  -8.29	   4.14	  0.020	1.00035							#	   1.81	  63.13	
    171	  -7.98	   4.03	  0.021	1.00033							#	   1.58	  67.17	
    172	  -7.73	   4.09	  0.020	1.00030							#	   1.51	  67.22	
    173	  -7.80	   4.19	  0.021	1.00027							#	   1.55	  66.62	
    174	  -7.77	   4.12	  0.020	1.00026							#	   1.57	  66.97	
    175	  -7.81	   4.19	  0.021	1.00026							#	   1.57	  68.03	
    176	  -7.75	   4.33	  0.021	1.00028							#	   1.74	  68.89	
    177	  -7.63	   4.43	  0.023	1.00025							#	   1.68	  68.99	
    178	  -7.60	   4.47	  0.022	1.00017							#	   1.70	  70.66	
    179	  -7.70	   4.58	  0.021	1.00018							#	   1.78	  70.71	
    180	  -7.67	   4.74	  0.019	1.00016							#	   1.77	  70.25	
    181	  -7.62	   4.78	  0.023	1.00009							#	   1.73	  66.92	
    182	  -7.70	   4.86	  0.022	1.00011							#	   1.78	  67.98	
    183	  -7.75	   4.84	  0.021	1.00016							#	   1.76	  68.33	
    184	  -7.86	   4.91	  0.021	1.00023							#	   1.83	  67.68	
    185	  -7.71	   4.96	  0.018	1.00023							#	   1.75	  69.44	
    186	  -7.67	   4.85	  0.018	1.00012							#	   1.70	  70.40	
    187	  -7.78	   4.86	  0.019	1.00016							#	   1.74	  70.71	
    188	  -7.70	   4.96	  0.021	1.00018							#	   1.81	  69.14	
    189	  -7.76	   4.91	  0.018	1.00020							#	   1.83	  68.84	
    190	  -7.88	   4.89	  0.023	1.00029							#	   1.87	  67.73	
    191	  -7.95	   4.99	  0.021	1.00027							#	   1.87	  67.02	
    192	  -7.68	   5.07	  0.020	1.00030							#	   1.90	  68.94	
    193	  -7.85	   5.06	  0.027	1.00027							#	   1.98	  66.41	
    194	  -8.10	   5.10	  0.023	1.00028							#	   2.01	  67.78	
    195	  -8.06	   5.17	  0.024	1.00033							#	   1.86	  68.48	
    196	  -7.94	   5.35	  0.024	1.00028							#	   1.81	  67.73	
    197	  -8.06	   5.41	  0.026	1.00032							#	   1.85	  67.78	
    198	  -8.00	   5.44	  0.023	1.00022							#	   1.83	  68.89	
    199	  -8.04	   5.46	  0.025	1.00023							#	   1.89	  70.15	
    200	  -8.23	   5.53	  0.024	1.00020							#	   2.09	  70.05	
    201	  -7.96	   5.57	  0.022	1.00017							#	   1.81	  71.46	
    202	  -7.97	   5.56	  0.022	1.00010							#	   1.96	  69.70	
    203	  -8.23	   5.66	  0.026	1.00004							#	   2.16	  68.84	
    204	  -8.48	   5.67	  0.023	1.00004							#	   2.01	  69.55	
    205	  -8.52	   5.66	  0.022	1.00004							#	   2.15	  68.79	
    206	  -8.53	   5.75	  0.021	1.00011							#	   1.93	  73.64	
    207	  -8.31	   5.75	  0.022	0.99997							#	   2.03	  65.81	
    208	  -8.65	   5.78	  0.023	1.00007							#	   1.98	  72.27	
    209	  -8.65	   5.70	  0.025	1.00006							#	   2.03	  63.89	
    210	  -8.71	   5.73	  0.022	1.00002							#	   2.06	  69.14	
    211	  -8.82	   5.66	  0.024	0.99987							#	   2.17	  63.94	
    212	  -9.33	   5.73	  0.020	1.00001							#	   2.19	  71.82	
    213	  -9.08	   5.61	  0.023	0.99983							#	   2.12	  63.28	
    214	  -9.19	   5.73	  0.021	1.00002							#	   2.39	  72.32	
    215	  -8.93	   5.57	  0.024	0.99996							#	   2.17	  61.92	
    216	  -9.47	   5.58	  0.019	1.00006							#	   2.25	  69.60	
    217	  -9.53	   5.48	  0.022	1.00006							#	   2.45	  63.89	
    218	  -9.32	   5.35	  0.020	1.00011							#	   2.05	  69.70	
    219	  -9.45	   4.90	  0.023	0.99965							#	   2.15	  61.31	
    220	  -9.93	   4.89	  0.023	1.00006							#	   2.53	  68.08	
    221	  -9.94	   4.71	  0.025	1.00004							#	   2.17	  60.91	
    222	 -10.21	   4.69	  0.022	0.99998							#	   2.40	  68.33	
    223	  -9.98	   4.38	  0.025	0.99998							#	   2.33	  59.85	
    224	  -9.87	   4.31	  0.022	1.00001							#	   2.12	  63.89	
    225	  -9.71	   4.13	  0.025	0.99982							#	   2.42	  60.35	
    226	  -9.93	   4.02	  0.020	0.99987							#	   2.36	  65.86	
    227	  -9.61	   3.86	  0.022	0.99968							#	   2.16	  64.34	
    228	  -9.57	   3.78	  0.020	0.99996							#	   2.13	  65.81	
    229	  -8.01	   3.09	  0.034	0.99990							#	   1.62	  67.88	
    230	  -8.34	   2.75	  0.038	0.99994							#	   1.66	  70.30	
    231	  -8.68	   2.73	  0.036	0.99984							#	   1.74	  63.69	
    232	  -8.71	   2.58	  0.036	0.99982							#	   1.86	  65.66	
    233	  -9.14	   2.48	  0.037	0.99992							#	   2.09	  64.80	
    234	 -10.45	   2.84	  0.040	0.99978							#	   2.42	  64.44	
    235	 -10.56	   2.80	  0.039	0.99977							#	   2.34	  60.05	
    236	 -10.32	   2.64	  0.038	0.99980							#	   2.25	  60.00	
    237	 -10.61	   2.55	  0.040	0.99976							#	   2.28	  58.69	
    238	 -10.98	   2.57	  0.034	0.99971							#	   2.49	  58.64	
    239	 -10.22	   1.91	  0.033	0.99978							#	   2.12	  57.73	
    240	 -11.08	   2.02	  0.024	0.99973							#	   2.39	  57.93	
    241	 -11.32	   2.40	  0.025	0.99974							#	   2.53	  56.57	
    242	 -11.66	   2.52	  0.026	0.99979							#	   2.51	  56.92	
    243	 -12.05	   2.62	  0.025	0.99974							#	   2.64	  55.56	
    244	 -10.86	   2.10	  0.015	0.99962							#	   2.09	  59.49	
    245	 -11.05	   2.04	  0.021	0.99963							#	   2.28	  57.63	
    246	 -11.64	   2.16	  0.017	0.99961							#	   2.54	  58.03	
    247	 -11.94	   2.19	  0.019	0.99961							#	   2.63	  57.12	
    248	 -12.00	   2.33	  0.019	0.99966							#	   2.54	  55.71	
    249	 -12.24	   2.21	  0.020	0.99947							#	   2.66	  54.14	
    250	 -12.87	   2.35	  0.021	0.99959							#	   3.02	  54.34	
    251	 -12.86	   2.14	  0.023	0.99961							#	   2.91	  54.24	
    252	 -12.82	   2.01	  0.021	0.99964							#	   2.77	  54.85	
    253	 -12.80	   1.92	  0.025	0.99979							#	   2.68	  53.28	
    254	 -13.33	   1.86	  0.021	0.99960							#	   2.99	  51.92	
    255	 -13.39	   1.83	  0.020	0.99965							#	   2.95	  50.61	
    256	 -13.93	   1.48	  0.026	0.99929							#	   3.43	  53.18	
    257	 -14.19	   1.67	  0.022	0.99924							#	   2.91	  51.97	
    258	 -14.13	   1.44	  0.024	0.99920							#	   3.05	  50.71	
    259	 -14.43	   1.52	  0.025	0.99932							#	   3.30	  49.09	
    260	 -14.89	   1.48	  0.027	0.99933							#	   3.45	  48.89	
    261	 -14.94	   1.45	  0.023	0.99929							#	   3.26	  48.38	
    262	 -15.33	   1.67	  0.024	0.99928							#	   3.56	  47.68	
    263	 -15.44	   1.71	  0.022	0.99989							#	   3.57	  45.20	
    264	 -15.50	   1.74	  0.023	0.99996							#	   3.38	  43.99	
    265	 -15.63	   1.74	  0.021	0.99993							#	   3.79	  43.84	
    266	 -15.65	   1.84	  0.025	0.99996							#	   3.53	  43.84	
    267	 -15.74	   1.79	  0.027	0.99992							#	   3.61	  43.08	
    268	 -15.75	   1.84	  0.024	0.99994							#	   3.66	  43.03	
    269	 -15.64	   1.93	  0.026	0.99991							#	   3.74	  43.03	
    270	 -15.65	   1.85	  0.028	0.99988							#	   3.63	  43.03	
    271	 -15.70	   1.96	  0.029	0.99978							#	   3.76	  43.28	
    272	 -15.57	   2.00	  0.031	0.99977							#	   3.71	  42.98	
    273	 -15.84	   1.96	  0.036	0.99976							#	   4.05	  41.77	
    274	 -16.17	   1.95	  0.038	0.99979							#	   3.94	  42.42	
    275	 -16.34	   2.23	  0.035	0.99960							#	   4.02	  41.57	
    276	 -16.27	   1.96	  0.038	0.99966							#	   3.92	  42.07	
    277	 -16.16	   2.15	  0.037	0.99976							#	   3.99	  42.47	
    278	 -16.54	   2.38	  0.040	0.99961							#	   3.91	  41.31	
    279	 -17.45	   2.84	  0.036	0.99958							#	   4.63	  40.51	
    280	 -17.87	   3.05	  0.036	0.99945							#	   4.20	  40.10	
    281	 -18.39	   3.31	  0.038	0.99947							#	   4.30	  39.70	
    282	 -18.57	   3.46	  0.036	0.99937							#	   4.88	  38.69	
    283	 -18.91	   3.62	  0.035	0.99952							#	   4.42	  39.34	
    284	 -19.11	   3.88	  0.037	0.99943							#	   4.70	  38.48	
    285	 -19.71	   3.96	  0.037	0.99951							#	   4.80	  38.43	
    286	 -19.37	   3.89	  0.038	0.99923							#	   4.88	  37.27	
    287	 -19.67	   4.00	  0.039	0.99927							#	   4.56	  39.14	
    288	 -19.72	   4.02	  0.041	0.99942							#	   4.76	  37.88	
    289	 -19.94	   4.02	  0.043	0.99917							#	   5.02	  39.04	
    290	 -20.14	   3.99	  0.043	0.99912							#	   4.88	  38.79	
    291	 -20.34	   4.04	  0.044	0.99915							#	   4.62	  37.73	
    292	 -20.60	   3.96	  0.047	0.99910							#	   5.17	  36.97	
    293	 -20.41	   3.94	  0.043	0.99908							#	   4.55	  37.02	
    294	 -20.49	   3.63	  0.051	0.99906							#	   4.76	  34.19	
    295	 -20.59	   3.53	  0.049	0.99882							#	   5.21	  36.06	
    296	 -20.30	   3.38	  0.049	0.99862							#	   4.73	  35.91	
    297	 -20.48	   3.23	  0.055	0.99854							#	   4.99	  34.80	
    298	 -20.42	   3.41	  0.047	0.99892							#	   5.33	  34.49	
    299	 -20.32	   3.37	  0.047	0.99896							#	   4.78	  34.24	
    300	 -20.47	   3.36	  0.048	0.99925							#	   4.91	  33.08	
    301	 -20.69	   3.20	  0.051	0.99917							#	   5.46	  33.43	
    302	 -20.69	   3.31	  0.044	0.99955							#	   4.65	  35.00	
    303	 -20.35	   3.26	  0.046	0.99994							#	   4.70	  34.49	
    304	 -20.07	   3.32	  0.044	1.00032							#	   4.82	  34.85	
    305	 -19.75	   3.15	  0.041	1.00009							#	   4.51	  34.95	
    306	 -19.56	   3.23	  0.044	1.00010							#	   4.24	  36.11	
    307	 -19.22	   2.96	  0.043	1.00054							#	   4.59	  36.26	
    308	 -19.28	   2.97	  0.046	1.00075							#	   4.59	  37.27	
    309	 -19.31	   2.94	  0.042	1.00054							#	   4.40	  37.73	
    310	 -19.07	   3.00	  0.037	1.00070							#	   4.61	  37.22	
    311	 -18.62	   3.08	  0.038	1.00076							#	   4.69	  37.58	
    312	 -17.67	   2.03	  0.026	1.00043							#	   3.94	  39.60	
    313	 -17.99	   2.09	  0.022	1.00037							#	   4.10	  40.91	
    314	 -17.80	   2.31	  0.021	1.00037							#	   4.54	  40.45	
    315	 -17.98	   2.54	  0.022	1.00039							#	   4.16	  38.54	
    316	 -19.26	   3.14	  0.026	1.00052							#	   4.52	  37.37	
    317	 -19.23	   3.13	  0.030	1.00060							#	   5.48	  36.41	
    318	 -18.96	   3.12	  0.028	1.00040							#	   3.96	  38.79	
    319	 -18.48	   3.02	  0.024	1.00050							#	   4.00	  37.63	
    320	 -17.97	   3.14	  0.022	1.00041							#	   4.82	  39.39	
    321	 -16.38	   2.67	  0.018	1.00036							#	   3.29	  39.60	
    322	 -15.93	   2.79	  0.013	1.00035							#	   3.10	  41.41	
    323	 -15.73	   2.73	  0.016	1.00037							#	   3.48	  41.67	
    324	 -17.04	   3.05	  0.023	1.00026							#	   4.09	  39.34	
    325	 -16.87	   2.92	  0.021	1.00039							#	   3.76	  38.79	
    326	 -16.63	   3.03	  0.019	1.00037							#	   3.74	  39.70	
    327	 -16.43	   2.96	  0.020	1.00039							#	   4.13	  39.65	
    328	 -16.35	   2.98	  0.022	1.00039							#	   4.12	  41.21	
    329	 -14.81	   2.58	  0.016	1.00029							#	   3.11	  41.57	
    330	 -14.69	   2.48	  0.015	1.00015							#	   3.22	  42.32	
    331	 -15.90	   3.17	  0.019	1.00016							#	   4.29	  41.87	
    332	 -15.68	   3.22	  0.022	1.00031							#	   3.65	  41.82	
    333	 -15.78	   3.17	  0.018	1.00009							#	   3.80	  42.22	
    334	 -15.57	   3.25	  0.017	1.00009							#	   3.77	  41.87	
    335	 -15.17	   3.26	  0.016	1.00019							#	   3.89	  42.93	
    336	 -12.74	   3.02	  0.007	1.00013							#	   2.89	  44.70	
    337	  -9.88	   2.21	 -0.003	1.00009							#	   1.75	  53.43	
    338	  -9.90	   2.33	 -0.005	1.00001							#	   1.88	  53.59	
    339	 -10.03	   2.29	 -0.005	1.00000							#	   2.04	  53.69	
    340	 -10.18	   2.35	 -0.000	0.99985							#	   2.00	  53.84	
    341	 -10.51	   2.56	 -0.002	0.99980							#	   2.35	  51.82	
    342	 -10.73	   2.82	  0.005	1.00007							#	   3.04	  49.24	
    343	 -11.04	   2.80	  0.003	0.99996							#	   3.12	  48.84	
    344	 -11.05	   2.87	  0.001	1.00006							#	   2.96	  48.79	
    345	 -11.07	   2.85	  0.004	0.99992							#	   3.01	  49.04	
    346	 -11.19	   2.76	  0.003	0.99996							#	   2.82	  49.14	
    347	 -10.79	   2.70	  0.004	0.99988							#	   2.78	  48.69	
    348	 -10.60	   2.68	  0.007	1.00003							#	   2.74	  47.98	
    349	 -10.98	   2.87	  0.009	1.00027							#	   2.95	  49.29	
    350	 -11.39	   2.90	  0.008	1.00023							#	   3.14	  49.44	
    351	 -11.44	   2.84	  0.008	1.00023							#	   2.82	  47.73	
    352	 -11.64	   2.73	  0.008	1.00012							#	   3.04	  46.52	
    353	 -11.85	   2.82	  0.008	1.00011							#	   2.96	  45.76	
    354	 -11.67	   2.71	  0.007	1.00006							#	   3.07	  45.05	
    355	 -11.65	   2.81	  0.008	1.00003							#	   3.20	  46.36	
    356	 -11.96	   2.81	  0.007	1.00001							#	   3.17	  45.66	
    357	 -11.78	   2.91	  0.007	1.00002							#	   2.86	  44.55	
    358	 -11.91	   2.81	  0.007	0.99997							#	   2.91	  44.24	
    359	 -11.96	   2.84	  0.006	0.99994							#	   3.24	  44.44	
    360	 -12.09	   2.86	  0.008	0.99991							#	   3.28	  43.33	
    361	 -12.07	   2.92	  0.007	0.99988							#	   3.06	  42.73	
    362	 -12.01	   2.98	  0.007	1.00007							#	   2.86	  42.98	
    363	 -12.10	   3.03	  0.005	1.00005							#	   2.93	  44.65	
    364	 -12.07	   3.12	  0.005	1.00001							#	   3.11	  46.41	
    365	 -11.95	   3.04	  0.003	1.00006							#	   3.14	  46.46	
    366	 -11.94	   3.01	  0.007	1.00006							#	   3.19	  44.90	
    367	 -12.11	   3.03	  0.009	1.00010							#	   3.03	  46.77	
    368	 -12.20	   2.94	  0.007	1.00011							#	   3.27	  44.95	
    369	 -12.34	   2.88	  0.006	1.00008							#	   3.16	  46.77	
    370	 -12.30	   2.79	  0.010	0.99971							#	   3.23	  44.80	
    371	 -12.40	   2.66	  0.009	0.99972							#	   3.37	  44.65	
    372	 -12.59	   2.82	  0.009	0.99994							#	   3.13	  45.76	
    373	 -12.54	   2.84	  0.009	0.99989							#	   3.03	  45.45	
    374	 -12.65	   2.96	  0.011	0.99983							#	   3.13	  43.64	
    375	 -12.48	   2.78	  0.005	0.99979							#	   3.14	  46.21	
    376	 -12.59	   2.74	  0.007	0.99984							#	   3.04	  44.60	
    377	 -12.53	   2.75	  0.008	0.99969							#	   3.08	  43.69	
    378	 -12.93	   2.54	  0.007	0.99960							#	   3.19	  44.80	
    379	 -13.22	   2.60	  0.006	0.99955							#	   3.38	  42.88	
    380	 -12.81	   2.55	  0.008	0.99965							#	   3.03	  45.00	
    381	 -12.90	   2.59	  0.009	0.99956							#	   3.24	  44.55	
    382	 -13.14	   2.42	  0.011	0.99950							#	   3.39	  42.02	
    383	 -13.16	   2.55	  0.009	0.99962							#	   3.27	  45.20	
    384	 -13.16	   2.53	  0.006	0.99954							#	   3.25	  44.19	
    385	 -13.07	   2.37	  0.007	0.99963							#	   3.27	  45.56	
    386	 -13.33	   2.31	  0.010	0.99956							#	   3.41	  44.29	
    387	 -13.46	   2.16	  0.014	0.99938							#	   3.17	  44.85	
    388	 -13.67	   2.18	  0.016	0.99940							#	   3.42	  43.54	
    389	 -13.95	   2.16	  0.020	0.99928							#	   3.51	  44.14	
    390	 -14.16	   2.24	  0.017	0.99933							#	   3.37	  43.48	
    391	 -14.36	   2.17	  0.021	0.99924							#	   3.68	  43.18	
    392	 -14.34	   2.12	  0.020	0.99925							#	   3.51	  43.94	
    393	 -14.38	   2.02	  0.023	0.99924							#	   3.65	  42.83	
    394	 -14.66	   1.93	  0.022	0.99916							#	   3.77	  43.28	
    395	 -14.59	   1.92	  0.022	0.99916							#	   3.53	  43.03	
    396	 -14.45	   1.88	  0.020	0.99924							#	   3.46	  43.43	
    397	 -14.53	   2.12	  0.022	0.99987							#	   3.66	  42.47	
    398	 -14.71	   2.09	  0.023	1.00007							#	   3.77	  40.15	
    399	 -14.53	   2.17	  0.017	1.00011							#	   3.49	  42.53	
    400	 -14.13	   2.21	  0.020	1.00042							#	   3.29	  42.37	
    401	 -14.46	   2.15	  0.019	1.00014							#	   3.74	  43.43	
    402	 -14.20	   2.20	  0.017	1.00015							#	   3.57	  42.88	
    403	 -14.01	   2.04	  0.020	1.00024							#	   3.42	  42.27	
    404	 -13.91	   1.95	  0.019	1.00013							#	   3.45	  42.93	
    405	 -13.94	   2.01	  0.021	1.00018							#	   3.86	  43.84	
    406	 -13.95	   2.06	  0.020	1.00016							#	   3.27	  43.13	
    407	 -14.19	   1.88	  0.021	0.99995							#	   3.61	  43.18	
    408	 -13.74	   1.86	  0.019	0.99996							#	   3.50	  42.73	
    409	 -13.65	   1.95	  0.022	0.99996							#	   3.40	  42.47	
    410	 -13.52	   1.84	  0.017	0.99985							#	   3.43	  43.54	
    411	 -13.64	   1.77	  0.021	0.99984							#	   3.37	  44.14	
    412	 -13.35	   1.66	  0.018	0.99978							#	   3.51	  43.64	
    413	 -13.25	   1.76	  0.020	0.99980							#	   3.39	  44.44	
    414	 -13.06	   1.79	  0.018	0.99977							#	   3.24	  42.93	
    415	 -12.93	   1.73	  0.019	0.99979							#	   3.33	  44.75	
    416	 -12.95	   1.87	  0.021	0.99978							#	   3.41	  45.30	
    417	 -12.78	   1.87	  0.018	0.99975							#	   3.22	  44.19	
    418	 -12.54	   1.71	  0.018	0.99977							#	   3.02	  44.70	
    419	 -12.41	   1.71	  0.017	0.99975							#	   3.07	  45.25	
    420	 -12.59	   1.67	  0.019	0.99970							#	   3.33	  43.13	
    421	 -12.53	   1.68	  0.019	0.99976							#	   3.25	  44.90	
    422	 -12.72	   1.69	  0.021	0.99965							#	   3.34	  44.65	
    423	 -12.63	   1.60	  0.020	0.99968							#	   3.14	  43.18	
    424	 -12.43	   1.42	  0.020	0.99961							#	   3.36	  43.69	
    425	 -12.43	   1.28	  0.021	0.99960							#	   3.19	  42.47	
    426	 -12.38	   1.19	  0.025	0.99965							#	   3.28	  42.58	
    427	 -12.61	   1.30	  0.023	0.99972							#	   3.36	  41.72	
    428	 -12.60	   1.26	  0.020	0.99960							#	   3.27	  43.18	
    429	 -12.62	   1.42	  0.019	0.99977							#	   3.39	  42.07	
    430	 -12.42	   1.41	  0.019	0.99969							#	   3.13	  41.01	
    431	 -12.38	   1.38	  0.021	0.99940							#	   3.42	  42.22	
    432	 -12.42	   1.33	  0.020	0.99949							#	   3.07	  42.53	
    433	 -12.40	   1.32	  0.017	0.99945							#	   3.27	  42.63	
    434	 -12.19	   1.32	  0.020	0.99943							#	   3.14	  42.27	
    435	 -12.20	   1.27	  0.022	0.99941							#	   3.08	  42.12	
    436	 -12.15	   1.30	  0.021	0.99943							#	   3.01	  41.52	
    437	 -12.26	   1.29	  0.023	0.99945							#	   3.03	  41.57	
    438	 -12.30	   1.11	  0.023	0.99944							#	   3.28	  42.68	
    439	 -12.27	   1.09	  0.021	0.99941							#	   3.14	  42.63	
    440	 -12.55	   1.12	  0.025	0.99945							#	   3.20	  41.36	
    441	 -12.45	   0.98	  0.022	0.99933							#	   3.36	  41.57	
    442	 -12.67	   1.10	  0.025	0.99935							#	   3.13	  42.37	
    443	 -12.64	   0.99	  0.025	0.99925							#	   3.42	  40.10	
    444	 -12.64	   0.87	  0.024	0.99925							#	   3.25	  41.57	
    445	 -12.62	   0.95	  0.023	0.99929							#	   3.30	  42.17	
    446	 -12.57	   0.99	  0.022	0.99928							#	   3.17	  42.63	
    447	 -12.66	   0.94	  0.023	0.99923							#	   3.26	  43.64	
    448	 -12.39	   0.99	  0.022	0.99926							#	   3.43	  43.64	
    449	 -12.26	   0.81	  0.022	0.99916							#	   3.26	  44.49	
    450	 -12.24	   0.66	  0.027	0.99911							#	   3.14	  43.28	
    451	 -12.21	   0.62	  0.023	0.99910							#	   3.29	  43.33	
    452	 -12.32	   0.39	  0.026	0.99906							#	   3.42	  42.17	
    453	 -12.38	   0.36	  0.028	0.99902							#	   3.31	  42.58	
    454	 -12.54	   0.09	  0.030	0.99896							#	   3.62	  40.25	
    455	 -12.59	  -0.02	  0.031	0.99901							#	   3.20	  41.06	
    456	 -12.74	  -0.11	  0.033	0.99899							#	   3.40	  39.24	
    457	 -13.00	  -0.24	  0.032	0.99897							#	   3.60	  39.80	
    458	 -13.10	  -0.54	  0.032	0.99881							#	   3.60	  39.80	
    459	 -13.20	  -0.51	  0.031	0.99889							#	   3.72	  40.35	
    460	 -13.06	  -0.74	  0.031	0.99873							#	   3.43	  37.68	
    461	 -13.15	  -0.99	  0.033	0.99882							#	   3.59	  37.47	
    462	 -13.25	  -1.04	  0.031	0.99889							#	   3.89	  38.13	
    463	 -13.16	  -1.14	  0.034	0.99894							#	   3.61	  38.03	
    464	 -13.06	  -1.28	  0.033	0.99887							#	   3.56	  38.59	
    465	 -13.14	  -1.24	  0.032	0.99891							#	   3.48	  37.63	
    466	 -13.17	  -1.50	  0.032	0.99881							#	   3.78	  38.59	
    467	 -13.18	  -1.68	  0.032	0.99873							#	   3.90	  38.18	
    468	 -13.12	  -1.62	  0.029	0.99880							#	   3.69	  38.23	
    469	 -13.10	  -1.94	  0.031	0.99865							#	   3.88	  36.57	
    470	 -13.46	  -1.94	  0.031	0.99893							#	   3.95	  37.68	
    471	 -13.30	  -2.46	  0.035	0.99864							#	   4.06	  37.83	
    472	 -13.44	  -2.51	  0.035	0.99873							#	   4.07	  38.08	
    473	 -14.72	  -2.20	  0.028	0.99845							#	   4.22	  39.19	
    474	 -13.01	  -2.44	  0.028	0.99885							#	   3.40	  33.84	
    475	 -13.75	  -2.58	  0.034	0.99951							#	   3.77	  35.15	
    476	 -14.04	  -2.36	  0.029	0.99992							#	   3.92	  34.75	
    477	 -14.71	  -1.83	  0.028	1.00066							#	   3.99	  35.30	
    478	 -13.41	  -2.10	  0.032	1.00118							#	   3.48	  35.76	
    479	 -12.83	  -1.81	  0.034	1.00132							#	   3.39	  33.89	
    480	 -13.19	  -2.13	  0.034	1.00120							#	   3.74	  33.18	
    481	 -12.93	  -2.01	  0.031	1.00125							#	   3.39	  34.65	
    482	 -13.05	  -2.03	  0.031	1.00123							#	   3.33	  34.39	
    483	 -12.75	  -2.21	  0.031	1.00119							#	   3.34	  34.80	
    484	 -12.52	  -2.36	  0.032	1.00116							#	   3.53	  33.99	
    485	 -12.64	  -2.45	  0.031	1.00107							#	   3.34	  34.70	
    486	 -12.44	  -2.49	  0.029	1.00106							#	   3.29	  35.00	
    487	 -12.48	  -2.49	  0.030	1.00099							#	   3.27	  35.20	
    488	 -12.30	  -2.78	  0.027	1.00101							#	   3.52	  35.56	
    489	 -12.39	  -2.79	  0.026	1.00074							#	   3.28	  37.32	
    490	 -12.19	  -3.26	  0.019	1.00027							#	   3.05	  38.13	
    491	 -12.09	  -3.31	  0.020	1.00031							#	   3.01	  38.89	
    492	 -11.41	  -3.05	  0.021	1.00062							#	   3.10	  39.44	
    493	 -11.17	  -3.17	  0.019	1.00069							#	   3.15	  38.03	
    494	 -11.06	  -3.20	  0.018	1.00053							#	   2.89	  40.76	
    495	  -9.81	  -2.17	  0.027	1.00049							#	   2.52	  40.86	
    496	 -10.82	  -2.30	  0.031	1.00038							#	   2.80	  39.95	
    497	 -10.52	  -2.21	  0.033	1.00036							#	   2.79	  39.04	
    498	 -10.69	  -2.24	  0.031	1.00034							#	   2.90	  41.21	
    499	 -10.83	  -2.53	  0.040	1.00088							#	   3.16	  39.95	
    500	 -10.79	  -2.47	  0.038	1.00093							#	   3.00	  40.35	
    501	 -11.23	  -2.75	  0.038	1.00090							#	   3.16	  40.81	
    502	 -11.24	  -2.92	  0.036	1.00078							#	   3.05	  41.97	
    503	 -10.98	  -3.39	  0.028	1.00091							#	   3.34	  39.14	
    504	 -11.07	  -4.01	  0.025	1.00081							#	   3.14	  42.58	
    505	 -10.79	  -4.25	  0.021	1.00083							#	   3.03	  41.21	
    506	  -8.13	  -3.77	  0.015	1.00044							#	   1.93	  50.61	
    507	  -8.29	  -3.96	  0.016	1.00039							#	   1.85	  50.91	
    508	  -8.08	  -4.09	  0.013	1.00023							#	   1.77	  53.43	
    509	  -7.66	  -4.29	  0.017	1.00036							#	   1.90	  50.15	
    510	  -7.82	  -4.35	  0.016	1.00024							#	   1.94	  53.94	
    511	  -5.09	  -3.46	  0.008	1.00018							#	   1.48	  60.10	
    512	  -5.28	  -3.58	  0.007	1.00017							#	   1.55	  62.07	
    513	  -5.44	  -3.61	  0.007	1.00020							#	   1.56	  60.81	
    514	  -5.70	  -3.84	  0.007	1.00015							#	   1.57	  63.23	
    515	  -6.23	  -3.96	  0.006	1.00009							#	   1.76	  60.76	
    516	  -6.27	  -4.02	  0.009	1.00018							#	   1.89	  63.18	
    517	  -6.25	  -4.05	  0.011	1.00023							#	   1.91	  58.64	
    518	  -6.69	  -4.36	  0.012	1.00021							#	   2.10	  59.34	
    519	  -6.90	  -4.35	  0.012	1.00030							#	   2.19	  56.41	
    520	  -7.34	  -4.55	  0.013	1.00011							#	   2.21	  61.06	
    521	  -6.86	  -4.58	  0.013	1.00015							#	   2.26	  55.76	
    522	  -6.82	  -4.69	  0.014	1.00015							#	   2.25	  57.42	
    523	  -7.07	  -4.82	  0.013	1.00029							#	   2.35	  58.64	
    524	  -7.18	  -4.79	  0.012	1.00017							#	   2.25	  59.85	
    525	  -6.95	  -4.82	  0.015	1.00020							#	   2.32	  56.77	
    526	  -7.27	  -5.03	  0.014	1.00016							#	   2.31	  61.01	
    527	  -7.13	  -5.00	  0.015	1.00025							#	   2.41	  56.41	
    528	  -6.77	  -5.01	  0.013	1.00015							#	   2.09	  58.99	
    529	  -6.71	  -5.06	  0.014	1.00022							#	   2.19	  57.27	
    530	  -7.19	  -5.19	  0.015	1.00020							#	   2.11	  60.05	
    531	  -7.16	  -5.17	  0.016	1.00022							#	   2.21	  58.69	
    532	  -7.04	  -5.13	  0.013	1.00012							#	   2.04	  59.55	
    533	  -6.88	  -5.31	  0.018	1.00022							#	   2.23	  59.24	
    534	  -7.18	  -5.26	  0.015	1.00012							#	   2.04	  62.58	
    535	  -7.05	  -5.22	  0.014	1.00016							#	   2.12	  58.43	
    536	  -7.08	  -5.34	  0.014	1.00014							#	   2.04	  60.91	
    537	  -7.01	  -5.25	  0.016	1.00022							#	   2.12	  59.49	
    538	  -7.06	  -5.20	  0.013	1.00019							#	   2.13	  59.29	
    539	  -6.96	  -5.34	  0.013	1.00012							#	   2.25	  60.15	
    540	  -7.11	  -5.48	  0.013	1.00011							#	   2.19	  58.28	
    541	  -7.16	  -5.38	  0.013	1.00008							#	   2.19	  61.16	
    542	  -6.90	  -5.50	  0.014	1.00008							#	   2.03	  60.76	
    543	  -6.91	  -5.58	  0.016	1.00010							#	   2.07	  59.19	
    544	  -6.85	  -5.54	  0.012	1.00003							#	   1.76	  61.11	
    545	  -7.05	  -5.56	  0.013	1.00015							#	   1.86	  60.10	
    546	  -7.10	  -5.60	  0.013	1.00000							#	   1.69	  62.02	
    547	  -6.78	  -5.20	  0.015	1.00014							#	   1.57	  60.40	
    548	  -6.38	  -5.31	  0.012	1.00005							#	   1.31	  64.34	
    549	  -6.27	  -5.28	  0.012	1.00006							#	   1.42	  64.34	
    550	  -6.03	  -5.30	  0.014	1.00001							#	   1.34	  62.83	
    551	  -5.71	  -5.40	  0.014	1.00006							#	   1.35	  63.13	
    552	  -5.47	  -5.34	  0.014	1.00004							#	   1.25	  68.08	
    553	  -4.90	  -5.15	  0.013	1.00005							#	   1.22	  64.24	
    554	  -4.62	  -5.07	  0.010	1.00001							#	   1.15	  66.36	
    555	  -4.42	  -5.07	  0.011	1.00003							#	   1.10	  69.29	
    556	  -4.38	  -5.15	  0.009	0.99998							#	   1.14	  68.23	
    557	  -4.25	  -5.07	  0.012	1.00000							#	   1.19	  67.12	
    558	  -4.24	  -5.11	  0.010	1.00002							#	   1.21	  67.88	
    559	  -4.33	  -5.38	  0.011	1.00005							#	   1.25	  69.95	
    560	  -4.27	  -5.08	  0.007	0.99998							#	   1.18	  67.63	
    561	  -4.26	  -4.96	  0.009	1.00006							#	   1.24	  67.02	
    562	  -4.25	  -4.94	  0.009	1.00002							#	   1.22	  68.79	
    563	  -4.16	  -4.81	  0.008	1.00000							#	   1.13	  66.57	
    564	  -4.08	  -4.96	  0.007	1.00000							#	   1.11	  69.14	
    565	  -3.96	  -4.77	  0.012	0.99998							#	   1.07	  66.26	
    566	  -3.80	  -4.88	  0.009	1.00003							#	   1.02	  67.42	
    567	  -3.82	  -4.96	  0.009	1.00000							#	   1.07	  68.13	
    568	  -3.90	  -5.31	  0.007	1.00002							#	   1.21	  66.97	
    569	  -4.16	  -5.60	  0.011	0.99996							#	   1.34	  68.59	
    570	  -4.78	  -5.66	  0.009	1.00000							#	   1.34	  68.28	
    571	  -4.98	  -5.92	  0.008	0.99998							#	   1.46	  67.68	
    572	  -5.20	  -5.85	  0.009	0.99996							#	   1.32	  67.37	
    573	  -5.35	  -5.55	  0.015	0.99998							#	   1.41	  67.17	
    574	  -5.45	  -5.62	  0.014	0.99997							#	   1.41	  67.27	
    575	  -5.12	  -5.36	  0.016	0.99998							#	   1.30	  65.30	
    576	  -5.17	  -5.40	  0.013	1.00000							#	   1.26	  68.08	
    577	  -4.94	  -5.15	  0.015	0.99994							#	   1.23	  65.56	
    578	  -5.11	  -5.26	  0.010	0.99995							#	   1.28	  66.31	
    579	  -5.04	  -5.08	  0.013	0.99998							#	   1.29	  64.04	
    580	  -4.90	  -5.06	  0.010	0.99997							#	   1.27	  66.21	
    581	  -4.73	  -4.90	  0.012	0.99996							#	   1.27	  65.40	
    582	  -4.85	  -4.77	  0.009	0.99997							#	   1.20	  65.61	
    583	  -4.75	  -4.79	  0.011	0.99995							#	   1.19	  65.61	
    584	  -4.55	  -4.66	  0.009	0.99997							#	   1.08	  67.22	
    585	  -4.24	  -4.64	  0.008	0.99996							#	   1.11	  66.46	
    586	  -4.20	  -4.56	  0.009	0.99997							#	   1.10	  67.53	
    587	  -4.08	  -4.40	  0.008	0.99995							#	   1.03	  67.07	
    588	  -4.23	  -4.37	  0.003	0.99999							#	   1.12	  68.43	
    589	  -4.03	  -4.16	  0.010	0.99999							#	   1.04	  68.69	
    590	  -3.86	  -4.12	  0.006	0.99995							#	   0.93	  68.18	
    591	  -3.83	  -3.93	  0.007	0.99996							#	   0.90	  70.96	
    592	  -3.88	  -3.93	  0.008	0.99993							#	   0.91	  73.18	
    593	  -3.78	  -3.78	  0.009	0.99995							#	   0.82	  71.72	
    594	  -4.00	  -3.73	  0.009	0.99996							#	   0.91	  71.31	
    595	  -3.79	  -3.59	  0.009	0.99997							#	   0.86	  70.86	
    596	  -3.59	  -3.51	  0.008	0.99997							#	   0.80	  71.26	
    597	  -3.49	  -3.50	  0.010	0.99999							#	   0.76	  71.67	
    598	  -3.55	  -3.45	  0.009	1.00002							#	   0.84	  72.73	
    599	  -3.54	  -3.33	  0.007	1.00003							#	   0.86	  71.46	
    600	  -3.66	  -3.33	  0.007	1.00000							#	   1.00	  67.07	
    601	  -3.24	  -3.22	  0.007	0.99997							#	   0.76	  70.51	
    602	  -3.04	  -3.25	  0.009	1.00001							#	   0.74	  71.31	
    603	  -2.94	  -3.18	  0.007	0.99998							#	   0.71	  71.36	
    604	  -3.04	  -3.21	  0.008	1.00008							#	   0.72	  71.36	
    605	  -2.28	  -3.22	  0.007	1.00157							#	   0.62	  69.39	
    606	  -4.12	  -3.03	  0.008	1.00045							#	   1.03	  69.70	
    607	  -2.98	  -3.18	  0.003	1.00003							#	   0.65	  72.42	
    608	  -2.29	  -3.31	  0.004	1.00001							#	   0.66	  72.07	
    609	  -2.64	  -3.24	  0.004	0.99992							#	   0.69	  71.26	
    610	  -2.76	  -3.26	  0.003	0.99992							#	   0.71	  72.98	
    611	  -2.59	  -3.20	  0.003	1.00001							#	   0.63	  74.14	
    612	  -2.56	  -3.15	  0.003	0.99994							#	   0.69	  72.83	
    613	  -2.47	  -3.18	  0.004	0.99997							#	   0.71	  72.83	
    614	  -2.57	  -3.07	  0.005	0.99994							#	   0.72	  73.79	
    615	  -2.56	  -3.04	  0.005	0.99998							#	   0.72	  73.79	
    616	  -2.55	  -3.06	  0.003	1.00001							#	   0.73	  73.48	
    617	  -2.36	  -3.08	  0.005	1.00000							#	   0.69	  72.58	
    618	  -2.52	  -3.02	  0.004	0.99998							#	   0.73	  73.43	
    619	  -2.21	  -3.02	  0.005	1.00002							#	   0.66	  73.03	
    620	  -2.27	  -2.94	  0.006	1.00000							#	   0.67	  73.94	
    621	  -2.20	  -2.87	  0.005	0.99998							#	   0.63	  73.03	
    622	  -2.17	  -2.77	  0.006	1.00000							#	   0.59	  72.63	
    623	  -2.15	  -2.71	  0.007	1.00001							#	   0.59	  71.67	
    624	  -2.45	  -2.81	  0.006	1.00003							#	   0.71	  72.58	
    625	  -2.30	  -2.78	  0.007	1.00003							#	   0.68	  72.37	
    626	  -2.04	  -2.72	  0.006	1.00001							#	   0.63	  70.81	
    627	  -1.96	  -2.77	  0.007	0.99999							#	   0.67	  71.36	
    628	  -2.24	  -2.73	  0.006	1.00004							#	   0.74	  71.67	
    629	  -2.16	  -2.90	  0.005	1.00001							#	   0.77	  73.08	
    630	  -1.93	  -2.68	  0.005	1.00003							#	   0.64	  71.62	
    631	  -1.97	  -2.84	  0.004	1.00007							#	   0.65	  72.53	
    632	  -2.24	  -2.86	  0.002	1.00004							#	   0.72	  72.07	
    633	  -2.07	  -2.74	  0.003	1.00005							#	   0.66	  71.57	
    634	  -1.90	  -2.56	  0.004	1.00004							#	   0.57	  70.86	
    635	  -1.92	  -2.75	  0.005	1.00005							#	   0.60	  71.92	
    636	  -2.10	  -2.64	  0.004	1.00005							#	   0.59	  71.31	
    637	  -1.50	  -2.71	  0.002	1.00002							#	   0.52	  72.47	
    638	  -1.65	  -2.71	  0.004	1.00009							#	   0.53	  73.48	
    639	  -1.97	  -2.71	  0.005	1.00007							#	   0.57	  72.83	
    640	  -1.88	  -2.69	  0.002	1.00006							#	   0.53	  72.83	
    641	  -1.90	  -2.64	  0.003	1.00005							#	   0.54	  71.87	
    642	  -1.58	  -2.41	  0.000	1.00004							#	   0.48	  71.41	
    643	  -1.52	  -2.50	  0.002	1.00006							#	   0.47	  71.11	
    644	  -1.54	  -2.38	  0.003	1.00007							#	   0.42	  71.57	
    645	  -1.56	  -2.22	  0.001	1.00001							#	   0.41	  73.28	
    646	  -1.37	  -2.35	  0.003	1.00007							#	   0.41	  72.42	
