      1	   1.38	   6.75	 -0.003	1.00011							#	   0.25	  46.67	
      2	   1.39	   6.88	 -0.004	1.00010							#	   0.87	  47.37	
      3	   1.48	   6.90	 -0.002	1.00011							#	   0.84	  47.32	
      4	   1.51	   7.01	 -0.003	1.00010							#	   0.89	  47.27	
      5	   1.50	   6.94	 -0.001	1.00011							#	   0.85	  47.32	
      6	   1.41	   7.08	 -0.000	1.00009							#	   0.88	  47.58	
      7	   0.97	   7.26	 -0.016	1.00002							#	   0.87	  43.48	
      8	   1.25	   7.11	 -0.003	1.00009							#	   0.80	  46.52	
      9	   1.15	   7.18	 -0.003	1.00008							#	   0.84	  46.06	
     10	   1.07	   7.24	 -0.004	1.00007							#	   0.87	  46.72	
     11	   1.16	   7.32	 -0.003	1.00010							#	   0.91	  46.52	
     12	   1.08	   7.49	 -0.004	1.00007							#	   0.96	  46.87	
     13	   0.73	   7.62	 -0.004	1.00008							#	   0.93	  48.74	
     14	   0.70	   7.66	 -0.004	1.00006							#	   0.99	  49.14	
     15	   0.26	   7.97	 -0.013	1.00016							#	   0.99	  42.22	
     16	   0.09	   7.64	 -0.001	1.00006							#	   0.87	  49.49	
     17	  -0.06	   7.61	  0.001	1.00007							#	   0.88	  49.90	
     18	   0.03	   7.39	  0.001	1.00014							#	   0.83	  49.39	
     19	   1.06	   7.33	 -0.001	1.00014							#	   0.83	  50.25	
     20	  -0.10	   7.36	  0.003	1.00019							#	   0.87	  46.26	
     21	  -0.22	   7.47	  0.002	1.00007							#	   1.00	  50.86	
     22	  -0.05	   7.82	  0.001	1.00008							#	   1.04	  51.16	
     23	   0.10	   7.67	  0.002	1.00015							#	   0.92	  48.59	
     24	  -0.11	   7.89	  0.004	1.00010							#	   0.99	  52.53	
     25	  -0.07	   8.20	  0.005	1.00013							#	   1.07	  51.16	
     26	  -0.10	   8.67	  0.005	1.00017							#	   1.09	  49.60	
     27	  -0.21	   8.81	  0.003	1.00014							#	   1.07	  50.20	
     28	  -0.21	   9.07	 -0.005	1.00016							#	   1.17	  49.34	
     29	  -1.46	   9.21	 -0.030	1.00009							#	   1.38	  42.37	
     30	  -0.05	   8.91	  0.001	1.00017							#	   0.98	  50.76	
     31	  -0.45	   9.13	 -0.010	1.00012							#	   1.14	  45.45	
     32	  -0.63	   8.85	 -0.010	1.00018							#	   1.09	  44.90	
     33	  -0.70	   8.91	 -0.008	1.00021							#	   1.07	  46.82	
     34	  -0.47	   8.85	 -0.009	1.00013							#	   1.02	  48.84	
     35	  -2.14	   9.99	 -0.085	1.00009							#	   1.70	  38.38	
     36	  -0.26	   9.00	 -0.000	1.00006							#	   0.80	  52.37	
     37	  -0.32	   9.11	  0.000	1.00010							#	   1.01	  52.12	
     38	  -0.29	   9.13	 -0.000	1.00010							#	   1.03	  52.63	
     39	  -0.26	   9.26	 -0.001	1.00010							#	   1.05	  52.78	
     40	  -0.29	   9.16	 -0.001	1.00011							#	   0.96	  52.37	
     41	  -0.25	   9.06	 -0.001	1.00012							#	   1.09	  53.59	
     42	  -0.25	   9.18	 -0.001	1.00009							#	   1.10	  54.19	
     43	  -0.24	   9.14	  0.002	1.00009							#	   1.15	  53.54	
     44	  -0.34	   9.05	 -0.009	1.00007							#	   1.17	  52.32	
     45	  -0.48	   9.16	 -0.008	1.00013							#	   1.27	  51.36	
     46	  -0.07	   8.94	 -0.002	1.00016							#	   1.10	  54.65	
     47	  -0.14	   8.90	 -0.001	1.00016							#	   1.05	  54.44	
     48	  -0.20	   8.88	 -0.003	1.00010							#	   1.02	  55.91	
     49	  -0.04	   8.68	 -0.000	1.00016							#	   0.97	  56.11	
     50	  -0.19	   8.57	  0.000	1.00012							#	   1.00	  56.77	
     51	  -0.29	   8.52	  0.001	1.00010							#	   1.11	  55.05	
     52	  -0.16	   8.40	 -0.000	1.00014							#	   1.07	  56.36	
     53	  -0.22	   8.37	  0.000	1.00012							#	   1.13	  56.36	
     54	  -0.26	   8.17	  0.001	1.00007							#	   0.98	  57.02	
     55	  -0.21	   8.16	 -0.001	1.00013							#	   0.98	  56.06	
     56	   0.09	   8.08	 -0.003	1.00012							#	   0.97	  57.53	
     57	  -0.07	   8.15	 -0.004	1.00012							#	   1.00	  56.72	
     58	  -0.06	   8.01	 -0.002	1.00008							#	   1.01	  57.78	
     59	  -0.20	   7.93	 -0.005	1.00011							#	   1.03	  57.73	
     60	   0.03	   7.79	 -0.005	1.00010							#	   1.05	  54.80	
     61	  -0.17	   7.67	 -0.004	1.00003							#	   1.04	  56.31	
     62	  -0.16	   7.65	 -0.001	1.00011							#	   0.96	  57.93	
     63	   0.00	   7.45	 -0.003	1.00015							#	   0.88	  57.63	
     64	  -0.09	   7.38	 -0.001	1.00015							#	   0.87	  57.98	
     65	  -0.18	   7.38	 -0.002	1.00014							#	   0.87	  59.29	
     66	  -0.29	   7.37	 -0.002	1.00010							#	   0.88	  59.09	
     67	  -0.30	   7.39	 -0.003	1.00009							#	   0.96	  59.95	
     68	  -0.27	   7.54	 -0.003	1.00006							#	   1.00	  60.71	
     69	  -0.28	   7.36	 -0.003	1.00007							#	   1.00	  60.05	
     70	  -0.15	   7.37	 -0.003	1.00005							#	   0.97	  59.85	
     71	  -0.39	   7.45	 -0.004	1.00003							#	   0.93	  60.86	
     72	  -0.41	   7.42	 -0.003	1.00007							#	   0.93	  60.61	
     73	  -0.44	   7.36	 -0.001	1.00008							#	   0.89	  60.61	
     74	  -0.46	   7.42	 -0.002	1.00004							#	   0.89	  61.52	
     75	  -0.39	   7.34	 -0.003	1.00007							#	   0.93	  61.31	
     76	  -0.31	   7.12	 -0.001	1.00008							#	   0.88	  61.77	
     77	  -0.45	   7.07	 -0.002	1.00007							#	   0.91	  62.93	
     78	  -0.49	   7.13	 -0.001	1.00005							#	   1.02	  62.22	
     79	  -0.39	   7.05	 -0.002	1.00007							#	   0.88	  62.63	
     80	  -0.35	   6.88	 -0.001	1.00006							#	   0.82	  64.34	
     81	  -0.39	   6.84	 -0.000	1.00009							#	   0.80	  64.39	
     82	  -0.55	   6.60	 -0.002	1.00010							#	   0.74	  62.78	
     83	  -0.21	   6.47	 -0.000	1.00013							#	   0.69	  63.43	
     84	  -0.36	   6.39	 -0.000	1.00006							#	   0.71	  64.39	
     85	  -0.48	   6.25	  0.000	1.00006							#	   0.78	  63.79	
     86	  -0.38	   6.15	  0.002	1.00008							#	   0.74	  64.49	
     87	  -0.25	   6.02	  0.000	1.00009							#	   0.79	  66.52	
     88	  -0.27	   5.98	  0.000	1.00007							#	   0.83	  66.72	
     89	  -0.36	   5.97	  0.001	1.00004							#	   0.82	  66.46	
     90	  -0.26	   5.88	  0.000	1.00006							#	   0.75	  66.77	
     91	  -0.10	   5.78	  0.000	1.00008							#	   0.72	  65.56	
     92	  -0.16	   5.72	  0.002	1.00005							#	   0.69	  65.51	
     93	  -0.19	   5.59	  0.001	1.00006							#	   0.64	  65.51	
     94	  -0.20	   5.40	  0.003	1.00007							#	   0.61	  66.11	
     95	  -0.13	   5.42	  0.002	1.00007							#	   0.63	  65.20	
     96	  -0.11	   5.19	  0.003	1.00005							#	   0.62	  66.11	
     97	  -0.09	   5.16	  0.002	1.00006							#	   0.63	  65.71	
     98	   0.01	   4.94	  0.002	1.00004							#	   0.57	  67.37	
     99	  -0.09	   4.97	  0.001	1.00005							#	   0.63	  67.42	
    100	  -0.05	   5.01	  0.002	1.00003							#	   0.66	  68.03	
    101	   0.11	   4.87	  0.003	1.00005							#	   0.63	  68.54	
    102	   0.01	   4.74	  0.003	1.00008							#	   0.57	  67.88	
    103	  -0.02	   4.68	  0.002	1.00004							#	   0.53	  67.93	
    104	  -0.01	   4.64	  0.003	1.00005							#	   0.54	  67.58	
    105	  -0.02	   4.59	  0.003	1.00007							#	   0.51	  67.88	
    106	  -0.09	   4.55	  0.003	1.00005							#	   0.48	  67.93	
    107	  -0.07	   4.50	  0.002	1.00003							#	   0.47	  67.98	
    108	  -0.39	   4.49	  0.002	1.00000							#	   0.46	  68.38	
    109	  -0.52	   4.39	  0.003	1.00004							#	   0.46	  68.69	
    110	  -0.29	   4.41	  0.002	1.00004							#	   0.49	  68.84	
    111	  -0.46	   4.37	  0.003	1.00004							#	   0.50	  68.28	
    112	  -0.51	   4.32	  0.002	1.00006							#	   0.48	  67.83	
    113	  -0.55	   4.26	  0.002	1.00004							#	   0.51	  68.94	
    114	  -0.61	   4.26	  0.001	1.00005							#	   0.53	  70.00	
    115	  -0.85	   4.13	  0.002	1.00004							#	   0.50	  70.81	
    116	  -0.89	   4.21	  0.002	1.00003							#	   0.51	  70.61	
    117	  -0.46	   4.30	  0.002	1.00047							#	   0.49	  66.11	
    118	  -1.85	   4.29	  0.003	1.00603							#	   2.84	  62.12	
    119	  -4.67	   4.69	 -0.002	0.99913							#	   0.57	  73.03	
    120	   3.57	   4.02	  0.003	0.99998							#	   0.53	  71.67	
    121	  -1.84	   4.12	  0.002	0.99973							#	   0.29	  74.55	
    122	   0.11	   4.21	 -0.001	0.99820							#	   0.30	  72.07	
    123	  -0.64	   3.96	  0.005	1.00005							#	   0.22	  73.23	
    124	  -0.77	   4.13	  0.001	1.00019							#	   0.36	  74.34	
    125	  -0.89	   4.27	  0.003	1.00009							#	   0.48	  74.34	
    126	  -0.50	   4.07	  0.001	1.00022							#	   0.48	  73.89	
    127	  -0.70	   4.12	  0.001	1.00003							#	   0.50	  73.89	
    128	  -0.17	   4.09	  0.000	1.00011							#	   0.50	  74.90	
    129	  -0.26	   4.08	  0.002	1.00000							#	   0.53	  75.10	
    130	  -0.21	   4.12	  0.002	1.00003							#	   0.52	  75.45	
    131	  -0.14	   3.96	  0.000	1.00005							#	   0.48	  75.56	
    132	  -0.04	   4.05	  0.001	1.00004							#	   0.49	  76.21	
    133	   0.02	   4.11	  0.001	0.99999							#	   0.49	  76.01	
    134	   0.00	   4.01	 -0.001	1.00003							#	   0.48	  76.57	
    135	   0.16	   4.00	  0.001	1.00003							#	   0.48	  76.21	
    136	   0.21	   4.07	  0.000	1.00001							#	   0.47	  75.66	
    137	   0.12	   4.09	 -0.001	0.99999							#	   0.46	  76.06	
    138	   0.39	   4.06	 -0.001	1.00001							#	   0.47	  74.95	
    139	   0.36	   4.14	 -0.002	0.99994							#	   0.50	  75.66	
    140	   0.35	   4.09	 -0.001	0.99998							#	   0.52	  75.71	
    141	   0.55	   4.13	  0.000	0.99999							#	   0.54	  75.30	
    142	   0.51	   4.12	 -0.000	1.00001							#	   0.53	  75.25	
    143	   0.43	   4.12	 -0.000	0.99997							#	   0.55	  75.56	
    144	   0.46	   4.10	 -0.001	0.99999							#	   0.55	  75.56	
    145	   0.63	   4.03	  0.002	0.99999							#	   0.57	  75.71	
    146	   0.49	   4.03	 -0.001	0.99997							#	   0.59	  74.80	
    147	   0.52	   4.07	 -0.001	0.99999							#	   0.59	  75.51	
    148	   0.85	   3.89	  0.002	1.00001							#	   0.57	  75.86	
    149	   0.76	   3.85	 -0.001	1.00001							#	   0.52	  75.71	
    150	   0.91	   3.73	  0.001	1.00004							#	   0.53	  76.21	
    151	   0.95	   3.75	  0.001	0.99998							#	   0.54	  75.66	
    152	   1.09	   3.56	  0.000	0.99997							#	   0.51	  75.56	
    153	   1.15	   3.55	 -0.000	0.99993							#	   0.53	  75.20	
    154	   1.21	   3.51	 -0.000	0.99995							#	   0.49	  75.30	
    155	   1.23	   3.43	  0.000	0.99992							#	   0.51	  75.61	
    156	   1.48	   3.37	  0.002	0.99993							#	   0.55	  75.20	
    157	   1.48	   3.22	  0.002	0.99993							#	   0.54	  73.94	
    158	   1.40	   3.19	  0.003	0.99993							#	   0.54	  74.75	
    159	   1.30	   3.18	  0.003	0.99989							#	   0.56	  75.30	
    160	   1.15	   3.02	  0.003	0.99994							#	   0.50	  75.30	
    161	   1.00	   2.97	  0.004	0.99992							#	   0.50	  75.45	
    162	   0.83	   2.91	  0.004	0.99989							#	   0.44	  76.06	
    163	   0.57	   2.89	  0.005	0.99989							#	   0.41	  74.75	
    164	   0.32	   2.79	  0.003	0.99990							#	   0.41	  73.84	
    165	   0.38	   2.80	  0.003	0.99989							#	   0.46	  73.18	
    166	   0.05	   2.88	  0.003	0.99992							#	   0.43	  73.69	
    167	   0.01	   2.85	  0.003	0.99992							#	   0.46	  73.89	
    168	  -0.09	   2.85	  0.005	0.99989							#	   0.47	  74.04	
    169	  -0.24	   2.68	  0.007	0.99990							#	   0.42	  72.27	
    170	  -0.59	   2.75	  0.006	0.99990							#	   0.44	  71.82	
    171	  -0.52	   2.76	  0.007	0.99989							#	   0.47	  72.07	
    172	  -0.60	   2.69	  0.005	0.99988							#	   0.48	  72.27	
    173	  -0.63	   2.62	  0.006	0.99991							#	   0.44	  70.20	
    174	  -0.54	   2.64	  0.007	0.99993							#	   0.45	  70.96	
    175	  -0.64	   2.70	  0.007	0.99990							#	   0.46	  71.57	
    176	  -0.46	   2.79	  0.007	0.99989							#	   0.45	  71.82	
    177	  -0.33	   2.93	  0.007	1.00001							#	   0.52	  72.83	
    178	  -0.54	   2.93	  0.008	1.00108							#	   0.61	  70.76	
    179	  -0.94	   3.01	  0.006	0.99996							#	   0.65	  73.13	
    180	  -0.17	   3.00	  0.006	0.99987							#	   0.69	  70.15	
    181	  -0.24	   3.04	  0.009	0.99983							#	   0.59	  71.16	
    182	  -0.09	   3.31	  0.006	0.99982							#	   0.70	  71.97	
    183	  -0.17	   3.36	  0.007	0.99982							#	   0.78	  71.41	
    184	  -0.10	   3.58	  0.007	0.99984							#	   0.96	  69.90	
    185	  -0.13	   3.83	  0.008	0.99975							#	   0.82	  71.16	
    186	  -0.33	   3.70	  0.009	0.99985							#	   0.79	  70.15	
    187	  -0.49	   3.85	  0.008	0.99979							#	   0.79	  71.21	
    188	  -0.50	   3.92	  0.009	0.99980							#	   0.82	  71.11	
    189	  -0.71	   4.00	  0.007	0.99974							#	   0.91	  71.41	
    190	  -0.68	   4.05	  0.008	0.99977							#	   0.91	  71.41	
    191	  -0.79	   3.91	  0.007	0.99977							#	   0.81	  70.86	
    192	  -0.97	   4.07	  0.007	0.99972							#	   0.86	  70.61	
    193	  -0.98	   3.96	  0.007	0.99974							#	   0.83	  70.76	
    194	  -0.98	   3.98	  0.008	0.99973							#	   0.84	  71.06	
    195	  -0.86	   3.87	  0.005	0.99974							#	   0.91	  70.91	
    196	  -0.79	   3.75	  0.007	0.99968							#	   0.93	  71.11	
    197	  -0.81	   3.66	  0.006	0.99970							#	   0.97	  70.56	
    198	  -0.84	   3.55	  0.006	0.99969							#	   0.83	  71.06	
    199	  -0.75	   3.30	  0.006	0.99966							#	   0.75	  70.96	
    200	  -0.87	   3.11	  0.006	0.99968							#	   0.82	  69.95	
    201	  -0.51	   3.13	  0.005	0.99967							#	   0.92	  70.66	
    202	  -0.28	   2.96	  0.005	0.99969							#	   0.99	  71.21	
    203	  -0.25	   2.99	  0.005	0.99963							#	   0.98	  71.11	
    204	  -0.21	   2.84	  0.005	0.99963							#	   0.94	  70.81	
    205	  -0.05	   2.79	  0.005	0.99968							#	   1.05	  70.81	
    206	   0.20	   2.81	  0.005	0.99963							#	   1.08	  71.11	
    207	   0.19	   2.57	  0.006	0.99958							#	   1.17	  71.67	
    208	   0.16	   2.42	  0.006	0.99956							#	   1.05	  71.31	
    209	   0.04	   2.31	  0.006	0.99960							#	   1.00	  69.90	
    210	   0.02	   2.18	  0.005	0.99959							#	   1.06	  68.99	
    211	  -0.19	   2.04	  0.007	0.99957							#	   1.27	  68.79	
    212	   0.03	   1.91	  0.005	0.99954							#	   1.15	  68.38	
    213	  -0.16	   1.67	  0.007	0.99949							#	   1.14	  67.98	
    214	  -0.39	   1.50	  0.006	0.99944							#	   1.25	  68.08	
    215	  -0.37	   1.17	  0.007	0.99947							#	   1.46	  68.13	
    216	  -0.46	   0.95	  0.007	0.99941							#	   1.25	  67.27	
    217	  -0.37	   0.77	  0.007	0.99938							#	   1.25	  68.94	
    218	  -0.27	   0.64	  0.007	0.99936							#	   1.40	  68.64	
    219	   0.06	   0.47	  0.007	0.99937							#	   1.48	  66.36	
    220	   0.10	   0.35	  0.008	0.99945							#	   1.25	  64.65	
    221	   0.39	   0.29	  0.007	0.99941							#	   1.25	  65.25	
    222	   0.56	  -0.12	  0.007	0.99936							#	   1.46	  66.21	
    223	   0.65	  -0.26	  0.004	0.99936							#	   1.34	  66.36	
    224	   0.90	  -0.41	  0.006	0.99936							#	   1.59	  66.36	
    225	   0.97	  -0.63	  0.005	0.99939							#	   1.44	  66.87	
    226	   0.67	  -0.58	  0.005	0.99936							#	   1.36	  68.03	
    227	   0.64	  -0.74	  0.000	0.99936							#	   1.52	  67.02	
    228	   0.72	  -0.69	  0.003	0.99935							#	   1.30	  67.27	
    229	   0.75	  -0.62	  0.003	0.99932							#	   1.64	  67.47	
    230	   0.55	  -0.59	  0.002	0.99934							#	   1.50	  66.82	
    231	   0.38	  -0.16	  0.000	0.99938							#	   1.69	  66.46	
    232	   0.13	  -0.04	  0.002	0.99935							#	   1.57	  65.15	
    233	   0.58	   0.27	  0.000	0.99933							#	   1.72	  65.10	
    234	   0.86	   0.50	  0.006	0.99928							#	   1.85	  65.76	
    235	   0.12	   0.60	  0.003	0.99928							#	   1.50	  65.10	
    236	   0.22	   0.64	  0.004	0.99930							#	   1.87	  66.82	
    237	   0.42	   0.91	  0.002	0.99936							#	   1.71	  65.71	
    238	   0.44	   0.88	  0.002	0.99935							#	   1.50	  66.52	
    239	   0.06	   1.02	  0.001	0.99936							#	   1.72	  66.26	
    240	   0.25	   1.01	  0.000	0.99932							#	   1.65	  64.70	
    241	   0.63	   1.32	 -0.000	0.99925							#	   1.63	  67.02	
    242	   0.31	   1.30	 -0.001	0.99931							#	   1.67	  68.33	
    243	   0.28	   1.26	 -0.002	0.99933							#	   1.59	  68.43	
    244	   0.36	   1.46	 -0.002	0.99938							#	   1.52	  68.13	
    245	   0.13	   1.65	 -0.001	0.99939							#	   1.64	  67.63	
    246	   0.63	   1.84	 -0.001	0.99947							#	   1.60	  68.84	
    247	   0.58	   1.89	  0.003	0.99943							#	   1.34	  68.74	
    248	   0.73	   2.07	 -0.000	0.99936							#	   1.28	  68.38	
    249	   0.85	   1.96	  0.002	0.99938							#	   0.98	  67.12	
    250	   1.12	   1.76	  0.001	0.99941							#	   1.08	  67.58	
    251	   1.24	   1.64	  0.002	0.99935							#	   0.74	  68.28	
    252	   1.60	   1.63	  0.001	0.99933							#	   1.01	  70.30	
    253	   1.77	   1.49	  0.004	0.99929							#	   0.86	  67.37	
    254	   1.94	   1.30	  0.002	0.99926							#	   1.08	  68.38	
    255	   2.09	   1.32	  0.003	0.99922							#	   0.74	  67.63	
    256	   2.65	   1.14	  0.007	0.99927							#	   1.40	  65.35	
    257	   2.82	   1.07	  0.006	0.99936							#	   0.72	  68.54	
    258	   3.03	   1.07	  0.008	0.99919							#	   1.17	  65.91	
    259	   3.58	   1.08	  0.009	0.99911							#	   0.92	  64.90	
    260	   3.62	   0.99	  0.012	0.99914							#	   1.09	  65.40	
    261	   4.12	   0.88	  0.012	0.99917							#	   1.04	  65.10	
    262	   4.12	   0.80	  0.015	0.99908							#	   1.13	  64.09	
    263	   4.30	   0.98	  0.014	0.99902							#	   0.83	  64.60	
    264	   4.97	   0.93	  0.017	0.99912							#	   1.06	  65.05	
    265	   4.05	   1.02	  0.020	0.99899							#	   0.72	  62.93	
    266	   4.52	   1.14	  0.018	0.99904							#	   0.85	  63.23	
    267	   4.62	   1.43	  0.023	0.99899							#	   0.88	  61.92	
    268	   4.36	   1.54	  0.024	0.99900							#	   0.88	  60.40	
    269	   4.64	   1.61	  0.021	0.99896							#	   0.93	  62.93	
    270	   4.85	   1.73	  0.023	0.99897							#	   1.14	  62.47	
    271	   4.70	   1.71	  0.022	0.99900							#	   1.03	  62.02	
    272	   4.70	   1.81	  0.023	0.99900							#	   1.14	  61.36	
    273	   4.99	   1.93	  0.019	0.99894							#	   1.12	  62.27	
    274	   5.37	   2.15	  0.021	0.99898							#	   1.28	  61.57	
    275	   5.21	   2.19	  0.024	0.99894							#	   1.04	  58.33	
    276	   5.31	   2.27	  0.024	0.99896							#	   1.14	  58.79	
    277	   5.77	   2.40	  0.023	0.99896							#	   1.32	  56.97	
    278	   5.61	   2.34	  0.023	0.99903							#	   1.16	  56.16	
    279	   5.68	   2.02	  0.019	0.99891							#	   1.27	  61.97	
    280	   5.75	   1.89	  0.018	0.99895							#	   1.19	  62.68	
    281	   5.89	   1.67	  0.016	0.99898							#	   1.22	  64.19	
    282	   5.87	   1.51	  0.014	0.99897							#	   1.25	  63.84	
    283	   5.91	   1.71	  0.013	0.99899							#	   1.27	  64.29	
    284	   6.04	   1.89	  0.015	0.99897							#	   1.31	  62.93	
    285	   6.14	   2.39	  0.012	0.99889							#	   1.38	  63.33	
    286	   6.27	   2.60	  0.014	0.99896							#	   1.46	  61.11	
    287	   6.39	   2.89	  0.015	0.99870							#	   1.41	  59.14	
    288	   6.46	   3.10	  0.014	0.99906							#	   1.41	  60.30	
    289	   6.42	   3.17	  0.014	0.99895							#	   1.39	  58.43	
    290	   6.59	   3.24	  0.014	0.99903							#	   1.46	  60.61	
    291	   6.40	   3.34	  0.014	0.99901							#	   1.38	  59.34	
    292	   6.37	   3.29	  0.012	0.99893							#	   1.41	  60.00	
    293	   6.46	   3.38	  0.014	0.99900							#	   1.56	  58.33	
    294	   6.45	   3.37	  0.010	0.99905							#	   1.42	  61.31	
    295	   6.57	   3.36	  0.011	0.99917							#	   1.40	  59.75	
    296	   6.38	   3.05	  0.009	0.99914							#	   1.26	  61.57	
    297	   6.22	   2.88	  0.010	0.99900							#	   1.25	  62.02	
    298	   6.27	   2.63	  0.010	0.99909							#	   1.18	  60.81	
    299	   6.14	   2.52	  0.008	0.99915							#	   1.17	  61.21	
    300	   5.99	   2.21	  0.008	0.99919							#	   1.17	  60.10	
    301	   6.18	   1.91	  0.009	0.99915							#	   1.30	  59.75	
    302	   6.01	   1.78	  0.007	0.99918							#	   1.24	  60.71	
    303	   6.05	   1.54	  0.006	0.99912							#	   1.22	  61.06	
    304	   6.11	   1.28	  0.005	0.99921							#	   1.28	  59.49	
    305	   6.14	   1.06	  0.006	0.99913							#	   1.23	  60.81	
    306	   6.16	   0.85	  0.005	0.99905							#	   1.21	  61.62	
    307	   6.03	   0.60	  0.004	0.99904							#	   1.15	  60.05	
    308	   5.86	   0.22	  0.002	0.99908							#	   1.17	  59.60	
    309	   5.97	  -0.02	  0.002	0.99929							#	   1.28	  59.65	
    310	   5.96	  -0.02	  0.002	0.99914							#	   1.19	  61.31	
    311	   6.00	  -0.20	  0.001	0.99911							#	   1.29	  60.15	
    312	   5.86	  -0.07	 -0.006	0.99844							#	   1.48	  49.55	
    313	   6.15	  -0.49	 -0.000	0.99902							#	   1.18	  60.71	
    314	   6.13	  -0.38	  0.000	0.99907							#	   1.21	  59.80	
    315	   6.04	  -0.71	 -0.003	0.99916							#	   1.14	  60.15	
    316	   6.00	  -0.65	 -0.002	0.99905							#	   1.17	  61.31	
    317	   6.23	  -0.64	 -0.003	0.99905							#	   1.28	  61.41	
    318	   6.15	  -0.63	 -0.003	0.99904							#	   1.22	  61.41	
    319	   6.15	  -0.68	 -0.004	0.99900							#	   1.33	  62.42	
    320	   6.12	  -0.74	 -0.005	0.99900							#	   1.36	  60.86	
    321	   6.14	  -0.79	 -0.006	0.99914							#	   1.34	  61.82	
    322	   6.19	  -0.64	 -0.006	0.99906							#	   1.26	  63.59	
    323	   6.25	  -0.67	 -0.011	0.99909							#	   1.31	  62.42	
    324	   6.30	  -0.51	 -0.009	0.99909							#	   1.22	  62.22	
    325	   6.39	  -0.35	 -0.010	0.99911							#	   1.25	  61.46	
    326	   6.24	  -0.34	 -0.013	0.99911							#	   1.24	  60.20	
    327	   6.63	  -0.29	 -0.045	0.99675							#	   2.72	  31.16	
    328	   6.34	  -0.27	 -0.011	0.99905							#	   0.77	  57.32	
    329	   6.37	  -0.35	 -0.013	0.99902							#	   0.95	  58.28	
    330	   6.34	  -0.49	 -0.013	0.99916							#	   0.96	  60.86	
    331	   6.51	  -1.20	 -0.044	0.99789							#	   1.53	  38.33	
    332	   6.83	  -0.26	 -0.015	0.99914							#	   1.00	  60.05	
    333	   6.94	  -0.04	 -0.014	0.99908							#	   1.23	  62.12	
    334	   7.23	  -0.10	 -0.012	0.99914							#	   1.30	  61.26	
    335	   7.33	   0.15	 -0.013	0.99922							#	   1.31	  61.06	
    336	   7.51	  -0.06	 -0.011	0.99903							#	   1.36	  59.60	
    337	   7.73	  -0.12	 -0.012	0.99912							#	   1.51	  58.74	
    338	   7.82	  -0.04	 -0.011	0.99900							#	   1.72	  60.45	
    339	   7.98	   0.04	 -0.011	0.99887							#	   1.62	  60.35	
    340	   7.97	  -0.04	 -0.010	0.99904							#	   1.65	  59.65	
    341	   7.88	  -0.10	 -0.009	0.99903							#	   1.59	  58.69	
    342	   7.95	  -0.13	 -0.010	0.99909							#	   1.58	  57.68	
    343	   7.77	  -0.19	 -0.021	0.99854							#	   1.60	  48.38	
    344	   8.01	  -0.35	 -0.009	0.99896							#	   1.65	  58.59	
    345	   8.08	  -0.37	 -0.009	0.99902							#	   1.60	  58.23	
    346	   7.99	  -0.40	 -0.008	0.99893							#	   1.74	  59.44	
    347	   8.19	  -0.56	 -0.007	0.99903							#	   1.74	  59.44	
    348	   8.34	  -0.53	 -0.008	0.99915							#	   1.69	  58.64	
    349	   8.14	  -0.66	 -0.007	0.99889							#	   1.65	  57.98	
    350	   7.01	  -0.62	 -0.004	0.99893							#	   1.30	  58.03	
    351	   9.17	  -0.69	 -0.008	0.99903							#	   2.09	  57.93	
    352	   8.64	  -0.99	  0.000	0.99886							#	   1.38	  56.52	
    353	   8.46	  -0.96	 -0.002	0.99903							#	   1.78	  54.90	
    354	   8.66	  -1.09	  0.001	0.99919							#	   1.81	  52.78	
    355	   8.66	  -1.04	  0.001	0.99919							#	   1.81	  53.48	
    356	   8.73	  -1.09	  0.002	0.99915							#	   1.84	  52.98	
    357	   8.96	  -1.26	  0.002	0.99892							#	   1.91	  54.29	
    358	   8.62	  -1.42	  0.003	0.99888							#	   1.75	  54.39	
    359	   8.91	  -1.55	  0.000	0.99888							#	   1.95	  55.45	
    360	   8.94	  -1.65	  0.003	0.99893							#	   1.89	  52.37	
    361	   8.66	  -1.64	  0.003	0.99890							#	   1.95	  52.88	
    362	   8.67	  -1.59	  0.006	0.99881							#	   1.95	  53.89	
    363	   8.57	  -1.54	  0.006	0.99876							#	   1.85	  54.65	
    364	   8.69	  -1.49	  0.008	0.99874							#	   1.88	  53.43	
    365	   8.97	  -1.65	  0.007	0.99874							#	   1.94	  53.84	
    366	   5.47	  -0.48	  0.015	0.99891							#	   0.74	  57.73	
    367	   6.25	  -0.38	  0.018	0.99881							#	   0.99	  57.47	
    368	   7.22	  -0.52	  0.021	0.99875							#	   1.41	  53.94	
    369	   8.69	  -0.69	  0.018	0.99857							#	   1.96	  53.74	
    370	   9.86	  -0.90	  0.019	0.99866							#	   2.12	  51.82	
    371	   8.47	  -0.05	  0.028	0.99847							#	   1.55	  54.19	
    372	   7.84	   0.04	  0.028	0.99874							#	   1.40	  52.93	
    373	   7.67	   0.29	  0.030	0.99852							#	   1.32	  54.49	
    374	   7.66	   0.19	  0.028	0.99855							#	   1.39	  56.21	
    375	   7.47	   0.13	  0.026	0.99853							#	   1.31	  56.67	
    376	   7.66	   0.07	  0.026	0.99852							#	   1.48	  55.91	
    377	   7.43	   0.03	  0.022	0.99856							#	   1.62	  56.46	
    378	   7.72	  -0.09	  0.020	0.99863							#	   1.46	  56.06	
    379	   7.71	  -0.10	  0.018	0.99862							#	   1.44	  55.45	
    380	   7.42	  -0.26	  0.017	0.99864							#	   1.58	  55.45	
    381	   7.61	  -0.27	  0.016	0.99863							#	   1.64	  56.31	
    382	   7.68	  -0.01	  0.018	0.99859							#	   1.63	  57.37	
    383	   8.59	  -0.30	  0.022	0.99847							#	   2.08	  54.65	
    384	   8.58	  -0.05	  0.027	0.99776							#	   1.86	  43.38	
    385	  10.19	  -0.20	  0.032	0.99866							#	   1.96	  51.92	
    386	   9.98	   0.51	  0.039	0.99751							#	   2.54	  43.54	
    387	  10.31	   0.52	  0.034	0.99790							#	   1.94	  42.12	
    388	  10.79	  -0.09	  0.019	0.99887							#	   2.20	  48.84	
    389	   7.87	   0.60	  0.008	0.99880							#	   1.17	  57.68	
    390	   4.96	   1.13	 -0.004	0.99909							#	   0.49	  60.56	
    391	   4.33	   1.25	 -0.012	0.99830							#	   0.48	  51.67	
    392	   5.90	   1.06	 -0.004	0.99901							#	   0.71	  61.01	
    393	   6.23	   0.83	 -0.002	0.99904							#	   0.78	  60.10	
    394	   6.37	   0.67	 -0.006	0.99908							#	   1.07	  60.86	
    395	   7.98	   0.56	 -0.002	0.99889							#	   2.03	  57.68	
    396	   7.29	   0.46	 -0.005	0.99902							#	   1.27	  60.00	
    397	   8.39	   0.43	 -0.003	0.99882							#	   1.72	  57.98	
    398	   8.23	   0.46	 -0.003	0.99889							#	   1.30	  59.80	
    399	   7.98	   0.35	 -0.005	0.99891							#	   1.52	  59.65	
    400	   6.87	   0.28	 -0.007	0.99897							#	   1.19	  60.86	
    401	   6.59	   0.25	 -0.007	0.99888							#	   1.20	  60.61	
    402	   6.63	   0.31	 -0.006	0.99887							#	   1.25	  60.71	
    403	   6.13	   0.20	 -0.005	0.99896							#	   1.12	  61.87	
    404	   6.96	   0.04	 -0.003	0.99896							#	   1.25	  60.45	
    405	   7.75	  -0.03	 -0.002	0.99888							#	   1.56	  57.93	
    406	   8.57	   0.03	 -0.001	0.99883							#	   1.66	  57.93	
    407	   8.89	   0.07	  0.001	0.99888							#	   1.66	  56.77	
    408	   9.19	   0.01	 -0.001	0.99892							#	   2.01	  56.77	
    409	   9.42	  -0.08	  0.001	0.99883							#	   1.84	  56.21	
    410	   9.52	  -0.43	 -0.003	0.99883							#	   1.91	  59.39	
    411	   9.56	  -0.42	 -0.000	0.99883							#	   1.78	  57.17	
    412	   9.58	  -0.60	 -0.004	0.99885							#	   1.74	  57.27	
    413	   9.74	  -0.53	 -0.005	0.99891							#	   1.80	  58.03	
    414	   9.85	  -0.68	 -0.005	0.99894							#	   2.04	  56.97	
    415	   9.79	  -0.71	 -0.006	0.99889							#	   1.78	  58.03	
    416	   9.86	  -0.91	 -0.007	0.99894							#	   1.93	  57.27	
    417	   9.96	  -1.24	 -0.006	0.99897							#	   2.05	  55.61	
    418	   9.87	  -1.23	 -0.010	0.99899							#	   1.83	  57.02	
    419	  10.09	  -1.18	 -0.011	0.99894							#	   2.03	  55.81	
    420	  10.40	  -1.09	 -0.013	0.99891							#	   1.84	  55.81	
    421	   6.96	  -0.99	 -0.019	0.99891							#	   1.05	  59.70	
    422	   8.01	  -0.81	 -0.020	0.99895							#	   1.34	  60.51	
    423	   9.01	  -0.42	 -0.019	0.99878							#	   1.74	  58.18	
    424	  10.20	  -0.37	 -0.017	0.99874							#	   1.93	  56.67	
    425	  10.38	  -0.33	 -0.017	0.99873							#	   1.92	  55.66	
    426	  10.80	  -0.43	 -0.016	0.99869							#	   1.97	  53.03	
    427	  11.03	  -0.46	 -0.016	0.99876							#	   2.03	  53.69	
    428	  11.18	  -0.41	 -0.016	0.99852							#	   2.28	  52.37	
    429	  11.83	  -0.09	 -0.016	0.99844							#	   2.28	  51.57	
    430	  12.31	   0.14	 -0.016	0.99848							#	   2.11	  51.11	
    431	  12.70	   0.17	 -0.016	0.99844							#	   2.30	  50.96	
    432	  13.23	   0.33	 -0.014	0.99861							#	   2.61	  50.56	
    433	  13.51	   0.76	 -0.006	0.99847							#	   2.44	  48.84	
    434	  13.40	   0.84	 -0.008	0.99835							#	   2.19	  48.79	
    435	  13.89	   0.83	 -0.004	0.99849							#	   2.32	  48.18	
    436	  14.06	   1.26	 -0.000	0.99844							#	   2.39	  48.89	
    437	  14.24	   1.11	  0.000	0.99839							#	   2.62	  46.57	
    438	  14.33	   1.16	  0.002	0.99844							#	   2.47	  46.31	
    439	  14.29	   1.16	  0.003	0.99831							#	   2.46	  47.07	
    440	  14.44	   1.34	  0.008	0.99805							#	   2.46	  48.13	
    441	  14.50	   1.30	  0.007	0.99804							#	   2.54	  47.93	
    442	  14.24	   1.80	 -0.002	0.99761							#	   2.44	  44.49	
    443	  14.31	   1.28	  0.008	0.99804							#	   2.39	  47.53	
    444	  14.36	   1.18	  0.004	0.99810							#	   2.35	  47.68	
    445	  14.45	   1.20	  0.006	0.99808							#	   2.41	  47.32	
    446	  14.67	   1.06	  0.002	0.99810							#	   2.52	  47.37	
    447	  14.75	   0.87	  0.004	0.99801							#	   2.52	  45.56	
    448	  14.88	   0.73	  0.007	0.99808							#	   2.51	  46.16	
    449	  15.03	   0.73	  0.008	0.99805							#	   2.65	  44.70	
    450	  15.33	   0.70	  0.009	0.99807							#	   2.62	  43.99	
    451	  15.37	   0.71	  0.004	0.99802							#	   2.54	  43.94	
    452	  15.92	   0.43	  0.003	0.99795							#	   2.60	  42.53	
    453	  16.00	   0.56	  0.013	0.99780							#	   2.77	  42.78	
    454	  16.38	   0.43	  0.016	0.99779							#	   2.67	  41.67	
    455	  16.65	   0.28	  0.016	0.99775							#	   2.72	  41.67	
    456	  16.89	   0.40	  0.025	0.99772							#	   3.05	  40.66	
    457	  17.13	   0.34	  0.022	0.99767							#	   2.59	  40.45	
    458	  17.21	   0.33	  0.024	0.99778							#	   2.90	  38.84	
    459	  17.08	   0.34	  0.022	0.99776							#	   2.87	  39.80	
    460	  16.83	   0.17	  0.015	0.99780							#	   2.71	  39.80	
    461	  16.57	   0.25	  0.020	0.99786							#	   2.67	  40.40	
    462	  16.20	   0.41	  0.022	0.99776							#	   2.64	  39.34	
    463	  16.04	   0.61	  0.021	0.99771							#	   2.53	  40.20	
    464	  15.84	   0.54	  0.021	0.99771							#	   2.51	  40.15	
    465	  15.41	   0.50	  0.021	0.99767							#	   2.68	  40.00	
    466	  15.02	   0.74	  0.029	0.99763							#	   2.47	  39.34	
    467	  14.79	   0.86	  0.035	0.99767							#	   2.13	  39.29	
    468	  14.60	   0.64	  0.035	0.99770							#	   2.50	  40.86	
    469	  14.38	   0.55	  0.033	0.99770							#	   2.38	  39.80	
    470	  14.32	   0.61	  0.033	0.99778							#	   2.16	  39.24	
    471	  15.99	   0.39	  0.040	0.99881							#	   2.41	  38.69	
    472	  16.20	   0.58	  0.047	0.99870							#	   3.01	  37.78	
    473	  17.33	   0.51	  0.052	0.99877							#	   2.45	  34.39	
    474	  16.96	   0.92	  0.056	0.99856							#	   2.58	  34.14	
    475	  17.20	   0.70	  0.051	0.99873							#	   2.95	  36.41	
    476	  17.02	   0.87	  0.054	0.99875							#	   2.54	  35.56	
    477	  13.39	   1.22	  0.037	0.99786							#	   1.79	  42.47	
    478	  12.97	   1.34	  0.034	0.99794							#	   1.59	  42.53	
    479	  12.91	   1.55	  0.033	0.99799							#	   1.66	  43.69	
    480	  10.22	   1.66	  0.031	0.99842							#	   1.13	  48.74	
    481	  10.58	   1.04	  0.028	0.99838							#	   1.21	  49.24	
    482	  11.01	   1.18	  0.027	0.99829							#	   1.51	  47.78	
    483	  11.34	   1.10	  0.021	0.99827							#	   1.58	  48.03	
    484	  11.34	   0.99	  0.023	0.99816							#	   1.65	  46.62	
    485	  12.82	   0.82	  0.011	0.99787							#	   2.44	  42.88	
    486	  14.10	   0.86	  0.018	0.99786							#	   2.19	  42.83	
    487	  13.82	   0.91	  0.020	0.99777							#	   2.14	  42.02	
    488	  13.83	   0.81	  0.016	0.99784							#	   2.35	  42.83	
    489	  13.96	   0.81	  0.011	0.99786							#	   2.26	  43.54	
    490	  13.88	   1.06	  0.018	0.99783							#	   2.37	  42.42	
    491	  11.87	   1.14	  0.012	0.99822							#	   1.87	  47.02	
    492	  11.51	   1.26	  0.012	0.99827							#	   1.73	  45.91	
    493	  10.46	   0.91	  0.005	0.99854							#	   1.42	  51.92	
    494	  10.13	   0.98	  0.004	0.99861							#	   1.29	  54.09	
    495	   7.11	   0.82	  0.000	0.99909							#	   0.67	  58.69	
    496	   7.88	   0.65	 -0.006	0.99941							#	   0.88	  61.21	
    497	   8.32	   0.40	 -0.007	0.99929							#	   1.07	  59.49	
    498	  10.09	   0.38	 -0.010	0.99921							#	   1.58	  57.07	
    499	  10.01	   0.24	 -0.012	0.99920							#	   1.51	  55.35	
    500	  11.82	   0.45	 -0.012	0.99938							#	   2.28	  52.32	
    501	  11.81	   0.44	 -0.014	0.99943							#	   1.85	  50.61	
    502	  11.96	   0.43	 -0.016	0.99940							#	   1.94	  51.06	
    503	  11.97	   0.48	 -0.016	0.99935							#	   1.98	  50.30	
    504	  11.88	   0.25	 -0.015	0.99938							#	   1.81	  49.90	
    505	  10.23	   0.28	 -0.017	0.99919							#	   1.47	  56.16	
    506	  10.09	   0.43	 -0.017	0.99931							#	   1.46	  58.28	
    507	   6.76	   0.24	 -0.018	0.99938							#	   0.75	  63.08	
    508	   7.23	   0.09	 -0.018	0.99951							#	   0.81	  62.83	
    509	   7.50	   0.06	 -0.019	0.99950							#	   0.94	  62.47	
    510	   7.68	   0.05	 -0.019	0.99948							#	   1.06	  61.62	
    511	   7.83	  -0.03	 -0.016	0.99947							#	   1.10	  63.59	
    512	   7.56	   0.00	 -0.021	0.99943							#	   1.23	  60.56	
    513	   7.79	   0.06	 -0.020	0.99945							#	   1.30	  61.31	
    514	   7.72	   0.12	 -0.020	0.99945							#	   1.29	  61.21	
    515	   7.67	   0.20	 -0.019	0.99942							#	   1.44	  63.08	
    516	   7.51	   0.37	 -0.022	0.99946							#	   1.22	  61.82	
    517	   7.39	   0.31	 -0.024	0.99944							#	   1.24	  61.62	
    518	   7.43	   0.34	 -0.024	0.99946							#	   1.19	  62.73	
    519	   7.28	   0.35	 -0.025	0.99947							#	   1.12	  63.79	
    520	   6.96	   0.44	 -0.024	0.99944							#	   1.10	  63.99	
    521	   6.84	   0.45	 -0.029	0.99946							#	   1.08	  61.82	
    522	   6.84	   0.31	 -0.026	0.99954							#	   1.11	  65.00	
    523	   6.60	   0.27	 -0.027	0.99945							#	   1.06	  64.04	
    524	   6.47	   0.42	 -0.028	0.99952							#	   1.09	  65.76	
    525	   6.24	   0.42	 -0.029	0.99956							#	   1.05	  65.61	
    526	   6.39	   0.59	 -0.028	0.99957							#	   1.13	  65.05	
    527	   6.53	   0.88	 -0.028	0.99960							#	   1.12	  59.34	
    528	   6.60	   0.84	 -0.029	0.99960							#	   1.14	  61.26	
    529	   6.35	   0.99	 -0.029	0.99962							#	   1.06	  61.52	
    530	   6.65	   1.16	 -0.030	0.99963							#	   1.21	  59.29	
    531	   6.73	   1.38	 -0.031	0.99953							#	   1.08	  57.73	
    532	   6.56	   1.43	 -0.033	0.99948							#	   1.09	  58.54	
    533	   6.63	   1.50	 -0.032	0.99944							#	   1.16	  57.53	
    534	   6.65	   1.57	 -0.032	0.99940							#	   1.11	  57.17	
    535	   6.81	   1.79	 -0.030	0.99945							#	   1.24	  59.09	
    536	   6.63	   2.00	 -0.029	0.99937							#	   1.16	  61.57	
    537	   6.75	   2.00	 -0.031	0.99947							#	   1.15	  60.81	
    538	   6.82	   2.29	 -0.033	0.99938							#	   1.17	  60.30	
    539	   6.95	   2.29	 -0.033	0.99934							#	   1.30	  61.92	
    540	   6.82	   2.51	 -0.032	0.99940							#	   1.27	  61.01	
    541	   7.17	   2.56	 -0.029	0.99939							#	   1.20	  61.72	
    542	   7.22	   2.72	 -0.031	0.99940							#	   1.29	  61.21	
    543	   7.36	   2.83	 -0.027	0.99935							#	   1.25	  60.56	
    544	   7.52	   3.01	 -0.026	0.99934							#	   1.31	  60.40	
    545	   7.64	   3.10	 -0.028	0.99933							#	   1.38	  61.26	
    546	   7.81	   3.22	 -0.025	0.99928							#	   1.26	  60.40	
    547	   7.97	   3.40	 -0.025	0.99923							#	   1.40	  60.81	
    548	   8.04	   3.28	 -0.023	0.99924							#	   1.39	  56.36	
    549	   8.52	   3.30	 -0.028	0.99918							#	   1.54	  55.61	
    550	   8.65	   3.28	 -0.024	0.99914							#	   1.35	  57.17	
    551	   8.38	   3.35	 -0.025	0.99906							#	   1.55	  59.49	
    552	   8.74	   3.43	 -0.024	0.99907							#	   1.49	  57.42	
    553	   8.73	   3.37	 -0.023	0.99909							#	   1.42	  56.62	
    554	   8.64	   3.50	 -0.022	0.99901							#	   1.39	  59.24	
    555	   8.91	   3.57	 -0.020	0.99889							#	   1.54	  53.74	
    556	   8.83	   3.68	 -0.019	0.99888							#	   1.60	  57.42	
    557	   8.86	   4.04	 -0.017	0.99868							#	   1.58	  51.06	
    558	   8.96	   4.12	 -0.013	0.99863							#	   1.61	  49.29	
    559	   9.29	   4.08	 -0.015	0.99863							#	   1.63	  49.09	
    560	   8.89	   4.39	 -0.010	0.99845							#	   1.50	  47.27	
    561	   8.78	   4.39	 -0.012	0.99839							#	   1.57	  47.83	
    562	   9.27	   4.62	 -0.000	0.99841							#	   1.73	  46.11	
    563	   8.76	   4.59	 -0.001	0.99830							#	   1.55	  45.40	
    564	   8.88	   4.84	  0.004	0.99831							#	   1.63	  44.49	
    565	   8.87	   5.04	  0.005	0.99820							#	   1.55	  44.39	
    566	   8.61	   5.01	  0.007	0.99815							#	   1.41	  45.00	
    567	   8.72	   5.16	  0.010	0.99823							#	   1.52	  43.43	
    568	   8.52	   5.28	  0.012	0.99823							#	   1.66	  45.40	
    569	   8.50	   5.32	  0.013	0.99821							#	   1.67	  45.61	
    570	   8.48	   5.43	  0.014	0.99815							#	   1.64	  44.14	
    571	   8.08	   5.08	  0.011	0.99816							#	   1.58	  44.70	
    572	   8.11	   5.36	  0.012	0.99813							#	   1.45	  44.55	
    573	   8.59	   5.73	  0.010	0.99818							#	   1.65	  46.26	
    574	   9.18	   6.15	  0.008	0.99825							#	   1.72	  50.00	
    575	   9.62	   7.07	  0.004	0.99822							#	   1.93	  47.07	
    576	   9.90	   7.33	 -0.000	0.99827							#	   1.81	  47.58	
    577	  10.04	   8.29	 -0.001	0.99825							#	   2.19	  46.16	
    578	  10.11	   9.11	 -0.007	0.99806							#	   1.99	  42.58	
    579	  10.41	  10.23	 -0.008	0.99813							#	   2.52	  43.59	
    580	  10.58	  11.34	 -0.005	0.99848							#	   2.41	  41.92	
    581	  10.71	  12.20	 -0.008	0.99850							#	   2.42	  40.81	
    582	  10.65	  13.87	 -0.005	0.99848							#	   2.68	  42.07	
    583	  10.98	  14.68	 -0.016	0.99899							#	   2.81	  49.39	
    584	  11.06	  15.63	 -0.015	0.99910							#	   3.13	  46.67	
    585	  10.92	  16.45	 -0.017	0.99930							#	   3.01	  45.10	
    586	  11.10	  17.22	 -0.015	0.99952							#	   3.10	  40.76	
    587	  10.93	  17.74	 -0.012	0.99928							#	   3.16	  40.10	
    588	  11.27	  18.11	 -0.010	0.99961							#	   3.56	  41.06	
    589	  11.51	  18.41	 -0.009	0.99928							#	   3.27	  40.66	
    590	  11.61	  18.48	 -0.011	0.99949							#	   3.14	  40.81	
    591	  10.45	  17.90	 -0.015	0.99961							#	   3.17	  42.27	
    592	  10.43	  18.28	 -0.013	0.99963							#	   3.63	  44.14	
    593	  10.78	  18.39	 -0.020	0.99981							#	   3.04	  47.07	
    594	  10.50	  18.56	 -0.016	1.00003							#	   3.13	  46.41	
    595	  10.61	  18.62	 -0.026	1.00003							#	   3.59	  47.88	
    596	  10.63	  18.36	 -0.022	1.00001							#	   3.36	  46.67	
    597	  10.53	  18.60	 -0.029	1.00001							#	   3.24	  47.53	
    598	  10.42	  18.59	 -0.030	1.00001							#	   3.63	  48.38	
    599	  10.45	  18.56	 -0.035	0.99992							#	   3.73	  50.10	
    600	  10.23	  18.33	 -0.038	0.99991							#	   3.09	  50.20	
    601	  10.21	  18.42	 -0.046	0.99988							#	   3.33	  53.03	
    602	   9.81	  18.75	 -0.050	0.99966							#	   3.77	  51.01	
    603	  10.95	  19.35	 -0.043	0.99979							#	   3.67	  49.09	
    604	  11.73	  20.08	 -0.044	0.99965							#	   3.82	  48.43	
    605	  11.89	  20.14	 -0.045	0.99967							#	   4.07	  48.59	
    606	  11.95	  19.78	 -0.047	0.99953							#	   3.76	  50.71	
    607	  12.13	  18.49	 -0.042	0.99930							#	   3.20	  47.53	
    608	  11.89	  14.81	 -0.023	0.99933							#	   2.73	  48.28	
    609	   8.16	   9.69	 -0.029	0.99965							#	   1.35	  60.56	
    610	   7.38	   8.41	 -0.023	0.99944							#	   1.11	  62.22	
    611	   4.66	   6.62	 -0.017	0.99938							#	   0.62	  64.04	
    612	   4.08	   6.08	 -0.013	0.99923							#	   0.55	  70.20	
    613	   4.24	   6.08	 -0.005	0.99919							#	   0.58	  66.92	
    614	   2.61	   4.34	 -0.014	0.99928							#	   0.49	  68.74	
    615	   3.65	   4.86	 -0.007	0.99934							#	   0.81	  62.53	
    616	   4.73	   5.57	 -0.004	0.99932							#	   1.39	  57.42	
    617	   5.21	   6.12	 -0.001	0.99973							#	   1.60	  46.26	
    618	   5.72	   6.83	 -0.001	0.99979							#	   1.76	  43.38	
    619	   5.85	   6.90	  0.002	0.99980							#	   1.69	  42.63	
    620	   6.26	   6.91	  0.003	0.99979							#	   1.84	  41.87	
    621	   6.43	   7.02	  0.007	0.99980							#	   1.76	  41.72	
    622	   6.62	   7.24	  0.004	0.99983							#	   1.73	  40.51	
    623	   6.81	   7.37	  0.008	0.99977							#	   1.77	  40.61	
    624	   6.96	   7.54	  0.005	0.99970							#	   1.98	  42.68	
    625	   7.05	   7.56	  0.005	0.99967							#	   1.81	  41.52	
    626	   7.15	   7.58	  0.004	0.99972							#	   2.01	  42.12	
    627	   7.30	   7.63	  0.003	0.99965							#	   1.94	  42.22	
    628	   7.28	   7.73	  0.001	0.99970							#	   1.97	  40.56	
    629	   7.29	   7.68	 -0.000	0.99964							#	   1.91	  39.44	
    630	   7.58	   7.51	 -0.003	0.99974							#	   1.90	  40.45	
    631	   7.43	   7.22	  0.002	0.99962							#	   1.71	  38.99	
    632	   7.33	   7.15	  0.001	0.99961							#	   1.67	  39.14	
    633	   7.36	   6.95	  0.002	0.99972							#	   1.76	  40.00	
    634	   7.25	   6.96	  0.003	0.99975							#	   1.84	  39.44	
    635	   7.45	   6.59	  0.003	0.99970							#	   1.70	  40.66	
    636	   7.40	   6.55	  0.005	0.99979							#	   1.61	  40.10	
    637	   7.51	   5.94	  0.001	0.99934							#	   1.66	  45.25	
    638	   7.55	   5.97	  0.003	0.99931							#	   1.68	  46.36	
    639	   7.53	   5.88	 -0.000	0.99932							#	   1.51	  45.91	
    640	   7.82	   5.60	 -0.000	0.99904							#	   1.71	  48.43	
    641	   7.79	   5.95	  0.000	0.99991							#	   1.71	  41.92	
    642	   7.72	   6.02	 -0.002	0.99996							#	   1.78	  40.91	
    643	   7.90	   6.07	 -0.004	1.00004							#	   1.73	  40.76	
    644	   8.07	   6.21	 -0.009	1.00020							#	   1.86	  41.92	
    645	   8.00	   6.17	 -0.010	1.00021							#	   1.75	  40.96	
    646	   8.40	   6.04	 -0.011	1.00017							#	   1.81	  44.85	
    647	   8.52	   6.11	 -0.010	1.00014							#	   1.82	  45.81	
    648	   8.71	   5.93	 -0.009	1.00008							#	   1.81	  46.26	
    649	   8.85	   5.82	 -0.006	1.00014							#	   1.87	  45.15	
    650	   9.09	   5.85	 -0.006	1.00016							#	   1.76	  45.71	
    651	   9.27	   5.75	 -0.004	1.00014							#	   1.97	  44.44	
    652	   9.38	   5.87	 -0.007	1.00013							#	   1.85	  45.66	
    653	   9.54	   5.56	 -0.000	0.99992							#	   1.83	  48.43	
    654	   9.34	   5.87	 -0.004	1.00014							#	   1.85	  46.31	
    655	   9.35	   5.90	 -0.003	1.00010							#	   1.75	  47.22	
    656	   9.41	   6.02	 -0.003	1.00007							#	   1.75	  46.41	
    657	   9.43	   5.98	 -0.003	1.00003							#	   1.82	  45.45	
    658	   9.35	   5.97	 -0.002	1.00006							#	   1.88	  46.92	
    659	   9.58	   5.32	  0.006	0.99923							#	   1.93	  56.46	
    660	   9.36	   5.29	  0.007	0.99902							#	   1.85	  56.41	
    661	   9.17	   5.32	  0.009	0.99914							#	   1.79	  56.41	
    662	   9.24	   5.27	  0.010	0.99923							#	   1.67	  57.42	
    663	   9.07	   5.18	  0.011	0.99928							#	   1.59	  59.85	
    664	   8.95	   5.12	  0.013	0.99931							#	   1.61	  60.30	
    665	   8.64	   4.86	  0.013	0.99926							#	   1.62	  60.45	
    666	   8.54	   4.69	  0.014	0.99929							#	   1.67	  59.80	
    667	   8.32	   4.61	  0.016	0.99931							#	   1.63	  62.68	
    668	   8.03	   4.65	  0.018	0.99937							#	   1.49	  63.59	
    669	   7.95	   4.72	  0.023	0.99928							#	   1.44	  65.81	
    670	   7.87	   4.70	  0.020	0.99929							#	   1.42	  66.57	
    671	   7.84	   4.83	  0.025	0.99934							#	   1.46	  64.95	
    672	   7.75	   4.78	  0.025	0.99922							#	   1.56	  67.02	
    673	   7.72	   4.84	  0.028	0.99922							#	   1.62	  68.33	
    674	   7.74	   4.93	  0.028	0.99934							#	   1.66	  66.77	
    675	   7.63	   4.95	  0.031	0.99932							#	   1.55	  68.23	
    676	   7.78	   5.00	  0.033	0.99935							#	   1.56	  69.29	
    677	   7.76	   4.71	  0.031	0.99930							#	   1.47	  69.55	
    678	   7.79	   4.85	  0.034	0.99932							#	   1.54	  70.35	
    679	   7.85	   4.97	  0.035	0.99931							#	   1.55	  70.05	
    680	   7.95	   4.78	  0.034	0.99930							#	   1.67	  70.25	
    681	   7.98	   4.91	  0.036	0.99934							#	   1.57	  72.17	
    682	   8.00	   4.93	  0.035	0.99937							#	   1.62	  69.65	
    683	   8.18	   4.81	  0.034	0.99935							#	   1.70	  69.14	
    684	   8.33	   4.94	  0.034	0.99938							#	   1.74	  68.84	
    685	   8.30	   5.01	  0.034	0.99940							#	   1.63	  68.18	
    686	   8.47	   5.16	  0.033	0.99944							#	   1.78	  69.65	
    687	   8.76	   5.20	  0.032	0.99939							#	   1.85	  68.59	
    688	   8.87	   5.19	  0.030	0.99962							#	   1.66	  65.86	
    689	   8.98	   5.23	  0.029	0.99966							#	   1.66	  66.16	
    690	   9.12	   4.95	  0.026	0.99968							#	   1.73	  63.54	
    691	   9.21	   4.69	  0.025	0.99969							#	   1.87	  62.27	
    692	   9.08	   4.52	  0.024	0.99963							#	   1.71	  64.19	
    693	   9.24	   4.46	  0.026	1.00009							#	   1.84	  64.90	
    694	   9.13	   4.66	  0.024	1.00005							#	   1.73	  64.95	
    695	   9.13	   4.57	  0.024	1.00005							#	   1.69	  63.89	
    696	   9.06	   4.43	  0.027	1.00011							#	   1.64	  62.88	
    697	   9.64	   4.50	  0.023	1.00007							#	   1.92	  62.58	
    698	   9.63	   4.19	  0.027	1.00005							#	   1.75	  62.32	
    699	   9.48	   4.16	  0.025	0.99998							#	   1.79	  61.21	
    700	   9.45	   4.17	  0.028	0.99995							#	   1.77	  62.73	
    701	   9.69	   4.00	  0.025	0.99965							#	   1.74	  63.74	
    702	   9.50	   3.86	  0.025	0.99953							#	   1.68	  62.88	
    703	   9.41	   3.73	  0.028	0.99958							#	   1.64	  63.79	
    704	   9.40	   3.72	  0.028	0.99949							#	   1.74	  63.69	
    705	   9.24	   3.72	  0.025	0.99944							#	   1.76	  63.89	
    706	   9.17	   3.51	  0.027	0.99948							#	   1.76	  64.04	
    707	   8.93	   3.46	  0.031	0.99959							#	   1.68	  65.35	
    708	   8.78	   3.23	  0.031	0.99962							#	   1.52	  68.23	
    709	   8.57	   3.08	  0.031	0.99951							#	   1.43	  68.43	
    710	   8.40	   3.03	  0.032	0.99944							#	   1.40	  68.03	
    711	   8.16	   2.90	  0.033	0.99942							#	   1.39	  69.09	
    712	   7.78	   2.75	  0.035	0.99942							#	   1.40	  71.41	
    713	   7.69	   2.66	  0.034	0.99949							#	   1.38	  72.12	
    714	   7.50	   2.50	  0.041	0.99949							#	   1.37	  71.72	
    715	   7.34	   2.40	  0.043	0.99953							#	   1.32	  72.83	
    716	   7.20	   2.38	  0.046	0.99949							#	   1.21	  73.99	
    717	   7.25	   2.40	  0.044	0.99947							#	   1.18	  73.69	
    718	   7.29	   2.43	  0.049	0.99950							#	   1.26	  74.65	
    719	   7.10	   2.28	  0.048	0.99954							#	   1.26	  74.85	
    720	   7.13	   2.11	  0.048	0.99965							#	   1.39	  76.41	
    721	   6.98	   2.35	  0.048	0.99958							#	   1.35	  76.97	
    722	   6.78	   2.19	  0.047	0.99962							#	   1.31	  76.77	
    723	   6.67	   2.09	  0.047	0.99965							#	   1.26	  79.39	
    724	   6.40	   1.95	  0.047	0.99974							#	   1.04	  79.75	
    725	   6.62	   1.88	  0.047	0.99971							#	   1.03	  81.01	
    726	   6.37	   1.78	  0.048	0.99976							#	   1.01	  81.36	
    727	   6.20	   1.60	  0.047	0.99992							#	   0.93	  85.10	
    728	   6.11	   1.48	  0.046	0.99981							#	   0.98	  84.24	
    729	   5.92	   1.33	  0.045	0.99974							#	   1.05	  82.88	
    730	   5.79	   1.34	  0.044	0.99975							#	   1.05	  83.13	
    731	   5.82	   1.32	  0.043	0.99986							#	   1.06	  87.63	
    732	   5.61	   1.20	  0.044	0.99991							#	   1.03	  89.39	
    733	   5.31	   1.24	  0.042	0.99986							#	   0.94	  89.90	
    734	   5.19	   1.14	  0.044	0.99992							#	   0.84	  91.06	
    735	   5.04	   1.09	  0.041	0.99981							#	   0.76	  92.63	
    736	   5.36	   1.04	  0.039	0.99756							#	   1.31	  86.82	
    737	   5.57	   0.99	  0.042	0.99979							#	   0.72	  91.97	
    738	   4.66	   1.16	  0.042	0.99998							#	   0.65	  91.21	
    739	   4.49	   1.17	  0.041	0.99999							#	   0.64	  92.68	
    740	   4.44	   1.18	  0.039	1.00002							#	   0.66	  92.68	
    741	   4.36	   1.22	  0.040	1.00000							#	   0.65	  93.69	
    742	   4.53	   1.09	  0.038	0.99995							#	   0.80	  93.79	
    743	   4.33	   1.10	  0.039	1.00000							#	   0.83	  93.59	
    744	   4.19	   1.06	  0.037	0.99997							#	   0.80	  95.00	
    745	   4.26	   1.05	  0.038	1.00003							#	   0.76	  94.85	
    746	   4.29	   0.97	  0.035	0.99996							#	   0.77	  95.45	
    747	   4.07	   0.97	  0.035	0.99997							#	   0.63	  95.81	
    748	   4.16	   0.82	  0.035	0.99998							#	   0.67	  96.67	
    749	   4.08	   0.83	  0.036	0.99998							#	   0.68	  96.21	
    750	   4.03	   0.77	  0.032	0.99998							#	   0.65	  96.62	
    751	   4.07	   0.78	  0.033	0.99999							#	   0.72	  96.57	
    752	   3.95	   0.63	  0.033	1.00000							#	   0.71	  96.16	
    753	   3.80	   0.69	  0.031	0.99999							#	   0.69	  95.96	
    754	   3.83	   0.50	  0.033	0.99999							#	   0.72	  96.67	
    755	   3.58	   0.47	  0.030	0.99997							#	   0.64	  96.67	
    756	   3.52	   0.54	  0.030	0.99996							#	   0.62	  96.92	
    757	   3.71	   0.62	  0.031	0.99998							#	   0.69	  96.92	
    758	   3.56	   0.70	  0.029	0.99998							#	   0.65	  97.12	
    759	   3.72	   0.57	  0.030	0.99999							#	   0.67	  96.92	
    760	   3.62	   0.34	  0.027	1.00004							#	   0.59	  97.83	
    761	   3.50	   0.32	  0.028	1.00000							#	   0.57	  97.37	
    762	   3.46	   0.33	  0.027	0.99997							#	   0.53	  97.37	
    763	   3.56	   0.40	  0.028	1.00001							#	   0.55	  97.32	
    764	   3.44	   0.41	  0.026	0.99999							#	   0.51	  96.62	
    765	   3.50	   0.45	  0.027	0.99999							#	   0.51	  96.92	
