      1	  -0.80	   0.65	 -0.016	1.00008							#	   0.01	  71.97	
      2	  -1.13	   0.71	 -0.015	1.00000							#	   0.06	  71.57	
      3	  -0.59	   0.75	 -0.017	1.00008							#	   0.05	  71.36	
      4	  -0.32	   0.64	 -0.015	1.00002							#	   0.04	  72.07	
      5	  -1.10	   0.69	 -0.016	1.00005							#	   0.06	  71.16	
      6	  -1.11	   0.57	 -0.017	1.00006							#	   0.06	  71.77	
      7	  -0.95	   0.60	 -0.018	1.00005							#	   0.05	  71.26	
      8	  -0.82	   0.56	 -0.018	1.00006							#	   0.04	  71.52	
      9	  -1.04	   0.64	 -0.016	1.00002							#	   0.05	  71.57	
     10	  -1.32	   0.75	 -0.016	1.00007							#	   0.08	  71.11	
     11	  -1.41	   0.65	 -0.017	1.00008							#	   0.08	  71.26	
     12	  -1.19	   0.65	 -0.017	1.00007							#	   0.07	  70.81	
     13	  -1.61	   0.77	 -0.015	1.00010							#	   0.10	  71.41	
     14	  -1.77	   0.74	 -0.017	1.00009							#	   0.10	  70.40	
     15	  -1.21	   0.92	 -0.018	1.00010							#	   0.08	  71.21	
     16	  -1.27	   0.83	 -0.018	1.00007							#	   0.08	  71.46	
     17	  -1.50	   0.76	 -0.018	1.00011							#	   0.09	  71.16	
     18	  -1.44	   0.94	 -0.017	1.00008							#	   0.09	  71.21	
     19	  -1.54	   0.91	 -0.019	1.00007							#	   0.10	  71.01	
     20	  -1.93	   0.84	 -0.017	1.00012							#	   0.12	  70.15	
     21	  -1.70	   0.88	 -0.019	1.00009							#	   0.10	  70.81	
     22	  -1.47	   0.98	 -0.018	1.00011							#	   0.10	  71.72	
     23	  -1.43	   1.03	 -0.017	1.00009							#	   0.10	  71.87	
     24	  -1.63	   0.98	 -0.019	1.00008							#	   0.11	  71.26	
     25	  -1.83	   1.15	 -0.018	1.00007							#	   0.13	  72.47	
     26	  -1.59	   1.04	 -0.018	1.00005							#	   0.10	  72.07	
     27	  -1.54	   1.07	 -0.018	1.00007							#	   0.11	  72.17	
     28	  -1.50	   1.06	 -0.016	1.00007							#	   0.10	  71.92	
     29	  -2.73	   1.15	 -0.013	1.00007							#	   0.22	  71.92	
     30	  -2.77	   0.71	 -0.008	1.00009							#	   0.19	  71.62	
     31	  -1.52	   1.02	 -0.014	1.00009							#	   0.10	  72.32	
     32	  -2.07	   0.88	 -0.012	1.00010							#	   0.13	  72.12	
     33	  -1.58	   1.09	 -0.013	1.00010							#	   0.11	  73.03	
     34	  -2.03	   1.21	 -0.012	1.00005							#	   0.16	  73.03	
     35	  -3.44	   1.47	 -0.003	1.00001							#	   0.35	  70.45	
     36	  -1.49	   1.38	 -0.017	1.00002							#	   0.14	  73.28	
     37	  -1.30	   1.38	 -0.019	1.00005							#	   0.12	  73.94	
     38	  -1.37	   1.39	 -0.017	1.00000							#	   0.13	  73.74	
     39	  -1.35	   1.47	 -0.017	1.00001							#	   0.14	  74.09	
     40	  -1.26	   1.47	 -0.017	1.00002							#	   0.14	  74.44	
     41	  -1.20	   1.47	 -0.017	1.00003							#	   0.13	  74.55	
     42	  -1.28	   1.48	 -0.016	1.00003							#	   0.14	  74.55	
     43	  -1.22	   1.45	 -0.016	1.00002							#	   0.12	  74.70	
     44	  -1.29	   1.52	 -0.015	1.00000							#	   0.14	  74.90	
     45	  -1.29	   1.55	 -0.016	1.00003							#	   0.14	  74.80	
     46	  -1.29	   1.66	 -0.017	1.00006							#	   0.16	  75.15	
     47	  -1.23	   1.76	 -0.017	1.00004							#	   0.16	  74.39	
     48	  -1.07	   1.89	 -0.019	1.00001							#	   0.17	  73.79	
     49	  -1.13	   2.18	 -0.019	1.00000							#	   0.22	  75.40	
     50	  -1.08	   2.15	 -0.020	1.00002							#	   0.22	  75.35	
     51	  -1.10	   2.27	 -0.020	1.00003							#	   0.23	  75.10	
     52	  -1.14	   2.30	 -0.020	1.00003							#	   0.24	  74.95	
     53	  -1.82	   2.41	 -0.017	1.00002							#	   0.32	  75.51	
     54	  -1.34	   2.49	 -0.020	1.00003							#	   0.29	  75.20	
     55	  -1.25	   2.66	 -0.022	1.00002							#	   0.29	  75.15	
     56	  -1.42	   2.92	 -0.022	0.99999							#	   0.34	  75.45	
     57	  -1.37	   3.12	 -0.025	0.99996							#	   0.37	  75.05	
     58	  -1.10	   3.14	 -0.025	1.00002							#	   0.38	  74.04	
     59	  -1.06	   3.23	 -0.023	1.00001							#	   0.38	  74.75	
     60	  -1.48	   3.46	 -0.024	1.00003							#	   0.47	  72.02	
     61	  -1.35	   3.50	 -0.024	1.00001							#	   0.42	  73.79	
     62	  -1.13	   3.68	 -0.025	1.00000							#	   0.45	  75.30	
     63	  -1.03	   3.74	 -0.025	1.00001							#	   0.52	  75.76	
     64	  -1.32	   3.97	 -0.023	1.00003							#	   0.64	  75.61	
     65	  -1.78	   4.58	 -0.019	1.00002							#	   0.83	  76.31	
     66	  -2.31	   5.04	 -0.016	1.00004							#	   0.84	  77.02	
     67	  -2.51	   5.37	 -0.018	1.00000							#	   0.91	  74.85	
     68	  -2.44	   5.60	 -0.018	0.99999							#	   1.06	  75.05	
     69	  -2.81	   5.89	 -0.018	1.00002							#	   1.09	  73.18	
     70	  -2.96	   5.89	 -0.022	0.99998							#	   0.92	  73.23	
     71	  -2.76	   6.02	 -0.025	0.99998							#	   1.00	  73.99	
     72	  -2.49	   6.23	 -0.028	0.99999							#	   0.95	  74.09	
     73	  -2.11	   6.59	 -0.031	1.00000							#	   0.97	  75.10	
     74	  -2.14	   6.96	 -0.034	0.99997							#	   1.04	  75.51	
     75	  -2.11	   7.42	 -0.035	0.99996							#	   1.45	  76.36	
     76	  -1.97	   7.77	 -0.037	0.99998							#	   1.06	  76.72	
     77	  -2.01	   7.99	 -0.038	0.99998							#	   1.19	  77.32	
     78	  -1.95	   8.24	 -0.040	0.99995							#	   1.58	  76.01	
     79	  -1.98	   8.62	 -0.042	0.99991							#	   1.31	  76.11	
     80	  -1.91	   8.94	 -0.042	0.99997							#	   1.46	  75.30	
     81	  -1.98	   9.13	 -0.043	0.99997							#	   1.27	  74.34	
     82	  -2.03	   9.21	 -0.038	0.99994							#	   1.27	  76.46	
     83	  -2.16	   9.30	 -0.036	0.99993							#	   1.75	  76.67	
     84	  -2.35	   9.43	 -0.033	0.99992							#	   1.16	  75.86	
     85	  -2.30	   9.64	 -0.032	0.99983							#	   1.67	  74.70	
     86	  -2.16	   9.45	 -0.032	0.99993							#	   1.52	  74.09	
     87	  -2.29	   9.43	 -0.029	0.99984							#	   1.43	  71.67	
     88	  -2.41	   9.43	 -0.029	0.99984							#	   1.20	  73.28	
     89	  -2.24	   9.18	 -0.029	0.99979							#	   1.19	  78.64	
     90	  -2.40	   9.10	 -0.029	0.99975							#	   1.44	  77.88	
     91	  -2.64	   9.12	 -0.028	0.99968							#	   1.29	  78.74	
     92	  -2.43	   9.02	 -0.028	0.99970							#	   1.64	  77.73	
     93	  -2.47	   8.94	 -0.027	0.99972							#	   1.51	  77.73	
     94	  -2.61	   8.84	 -0.028	0.99966							#	   1.40	  77.53	
     95	  -2.47	   8.78	 -0.028	0.99965							#	   1.12	  77.32	
     96	  -2.36	   8.81	 -0.029	0.99963							#	   1.13	  80.76	
     97	  -2.31	   8.61	 -0.029	0.99963							#	   1.32	  81.87	
     98	  -2.18	   8.27	 -0.027	0.99972							#	   1.16	  81.36	
     99	  -2.23	   8.24	 -0.027	0.99965							#	   1.36	  80.35	
    100	  -2.12	   8.08	 -0.026	0.99961							#	   1.31	  81.92	
    101	  -1.76	   7.96	 -0.026	0.99957							#	   1.32	  82.27	
    102	  -1.57	   7.77	 -0.024	0.99961							#	   0.94	  86.11	
    103	  -1.35	   7.78	 -0.022	0.99956							#	   0.84	  85.30	
    104	  -1.39	   7.65	 -0.021	0.99958							#	   0.92	  85.30	
    105	  -1.55	   7.45	 -0.018	0.99959							#	   1.01	  86.01	
    106	  -1.51	   7.28	 -0.020	0.99957							#	   0.99	  86.62	
    107	  -1.57	   6.46	 -0.016	0.99953							#	   1.02	  87.12	
    108	  -1.97	   6.06	 -0.011	0.99952							#	   0.93	  86.92	
    109	  -2.16	   5.93	 -0.008	0.99952							#	   0.88	  86.41	
    110	  -2.54	   5.94	 -0.008	0.99947							#	   1.00	  85.61	
    111	  -2.56	   6.07	 -0.009	0.99945							#	   0.85	  85.61	
    112	  -2.61	   6.18	 -0.010	0.99943							#	   0.90	  84.70	
    113	  -2.70	   6.25	 -0.012	0.99941							#	   0.89	  84.80	
    114	  -2.76	   6.39	 -0.013	0.99940							#	   1.02	  84.24	
    115	  -2.72	   6.37	 -0.012	0.99939							#	   1.01	  85.71	
    116	  -2.85	   6.35	 -0.012	0.99939							#	   1.13	  84.34	
    117	  -2.87	   6.41	 -0.013	0.99936							#	   1.09	  84.80	
    118	  -2.81	   6.37	 -0.012	0.99929							#	   1.11	  84.39	
    119	  -2.47	   6.45	 -0.014	0.99937							#	   1.04	  81.82	
    120	  -2.70	   6.62	 -0.013	0.99930							#	   1.16	  80.05	
    121	  -2.72	   6.60	 -0.014	0.99931							#	   0.86	  81.67	
    122	  -2.63	   6.55	 -0.012	0.99926							#	   0.85	  82.63	
    123	  -2.52	   6.07	 -0.006	0.99929							#	   0.77	  82.32	
    124	  -2.27	   5.80	 -0.000	0.99927							#	   0.76	  83.89	
    125	  -2.19	   5.83	 -0.001	0.99926							#	   0.74	  84.09	
    126	  -2.29	   6.02	  0.003	0.99931							#	   0.95	  82.98	
    127	  -2.46	   6.22	  0.007	0.99928							#	   0.96	  81.62	
    128	  -2.31	   6.48	  0.010	0.99925							#	   1.12	  84.29	
    129	  -2.45	   6.91	  0.011	0.99921							#	   1.06	  80.51	
    130	  -2.37	   7.47	  0.004	0.99926							#	   1.11	  80.35	
    131	  -1.85	   8.00	 -0.002	0.99921							#	   1.02	  76.77	
    132	  -2.01	   8.47	 -0.008	0.99917							#	   1.03	  75.35	
    133	  -1.98	   8.62	 -0.013	0.99920							#	   1.27	  76.87	
    134	  -1.81	   8.77	 -0.015	0.99918							#	   1.29	  76.01	
    135	  -1.80	   9.04	 -0.018	0.99914							#	   1.21	  78.08	
    136	  -1.76	   9.31	 -0.018	0.99919							#	   1.46	  77.58	
    137	  -1.34	   9.23	 -0.017	0.99924							#	   1.15	  75.10	
    138	  -1.29	   9.52	 -0.015	0.99933							#	   1.08	  73.84	
    139	  -0.66	   9.31	 -0.015	0.99948							#	   0.91	  73.08	
    140	  -1.63	   9.69	 -0.011	0.99926							#	   1.19	  74.34	
    141	  -1.79	   9.85	 -0.013	0.99936							#	   1.47	  76.62	
    142	  -1.46	   9.94	 -0.015	0.99924							#	   1.38	  77.63	
    143	  -1.56	   9.83	 -0.019	0.99922							#	   1.44	  74.24	
    144	  -1.44	   9.97	 -0.022	0.99928							#	   1.16	  76.72	
    145	  -0.90	   9.95	 -0.022	0.99928							#	   1.00	  75.40	
    146	  -1.06	  10.23	 -0.024	0.99928							#	   1.28	  73.74	
    147	  -1.04	  10.32	 -0.028	0.99923							#	   1.57	  76.57	
    148	  -0.74	  10.20	 -0.030	0.99923							#	   1.46	  76.46	
    149	  -0.89	  10.05	 -0.027	0.99924							#	   1.50	  75.76	
    150	  -0.94	  10.07	 -0.029	0.99919							#	   1.16	  76.26	
    151	  -0.72	   9.89	 -0.030	0.99917							#	   1.04	  76.21	
    152	  -0.42	   9.81	 -0.033	0.99914							#	   1.08	  75.40	
    153	  -0.33	   9.77	 -0.033	0.99913							#	   1.38	  77.12	
    154	  -0.24	   9.74	 -0.032	0.99911							#	   1.46	  75.51	
    155	  -0.02	   9.62	 -0.031	0.99912							#	   1.37	  77.78	
    156	  -0.08	   9.55	 -0.030	0.99907							#	   1.17	  77.37	
    157	   0.04	   9.56	 -0.027	0.99908							#	   1.07	  75.30	
    158	   0.05	   9.39	 -0.025	0.99903							#	   0.99	  80.15	
    159	   0.01	   9.34	 -0.022	0.99910							#	   1.27	  79.90	
    160	   0.14	   9.28	 -0.023	0.99901							#	   1.44	  79.60	
    161	   0.36	   9.33	 -0.024	0.99901							#	   1.36	  79.55	
    162	   0.02	   9.35	 -0.026	0.99900							#	   1.40	  80.15	
    163	   0.10	   9.24	 -0.026	0.99899							#	   1.15	  79.29	
    164	   0.25	   9.15	 -0.025	0.99897							#	   1.11	  79.55	
    165	   0.47	   9.07	 -0.027	0.99894							#	   1.18	  79.24	
    166	   0.57	   9.02	 -0.027	0.99895							#	   1.51	  79.24	
    167	   0.48	   9.02	 -0.026	0.99892							#	   1.32	  78.99	
    168	   0.39	   8.83	 -0.023	0.99895							#	   1.42	  79.04	
    169	   0.86	   8.42	 -0.021	0.99890							#	   1.19	  79.39	
    170	   0.40	   6.59	 -0.009	0.99888							#	   0.65	  79.34	
    171	  -0.01	   6.02	 -0.008	0.99887							#	   0.51	  79.34	
    172	   0.44	   5.64	 -0.008	0.99879							#	   0.46	  79.29	
    173	   0.60	   5.53	 -0.006	0.99882							#	   0.51	  79.60	
    174	   0.37	   5.44	 -0.004	0.99880							#	   0.55	  80.61	
    175	   0.39	   5.29	  0.001	0.99883							#	   0.70	  81.06	
    176	   0.28	   5.20	  0.005	0.99882							#	   0.82	  81.16	
    177	   0.21	   5.07	  0.007	0.99886							#	   0.73	  81.36	
    178	   0.25	   5.27	  0.004	0.99880							#	   0.76	  81.41	
    179	   0.24	   5.40	  0.002	0.99881							#	   0.79	  80.91	
    180	   0.03	   5.23	  0.003	0.99881							#	   0.74	  80.66	
    181	   0.04	   5.56	 -0.001	0.99879							#	   0.74	  79.85	
    182	  -0.13	   5.69	 -0.000	0.99870							#	   0.84	  81.62	
    183	  -0.11	   5.47	  0.002	0.99867							#	   0.79	  81.16	
    184	  -0.11	   5.14	  0.004	0.99870							#	   0.74	  82.68	
    185	  -0.24	   4.38	  0.010	0.99869							#	   0.56	  84.04	
    186	  -0.24	   4.01	  0.014	0.99871							#	   0.49	  84.29	
    187	  -0.35	   3.89	  0.013	0.99863							#	   0.47	  85.05	
    188	  -0.26	   3.94	  0.009	0.99863							#	   0.47	  82.22	
    189	  -0.16	   3.78	  0.009	0.99865							#	   0.46	  84.85	
    190	   0.03	   3.84	  0.007	0.99879							#	   0.45	  80.96	
    191	   0.05	   3.61	  0.007	0.99870							#	   0.40	  81.62	
    192	   0.10	   3.61	  0.009	0.99876							#	   0.40	  83.99	
    193	  -0.01	   3.23	  0.008	0.99877							#	   0.32	  78.59	
    194	   0.49	   3.00	  0.008	0.99869							#	   0.31	  81.92	
    195	   0.13	   2.87	  0.013	0.99871							#	   0.29	  82.07	
    196	  -0.16	   2.51	  0.010	0.99870							#	   0.27	  81.16	
    197	  -0.21	   2.50	  0.009	0.99859							#	   0.28	  82.22	
    198	   0.02	   2.51	  0.009	0.99854							#	   0.28	  83.48	
    199	   0.16	   2.25	  0.010	0.99855							#	   0.24	  82.93	
    200	  -0.21	   1.96	  0.012	0.99852							#	   0.24	  81.57	
    201	  -0.22	   1.72	  0.009	0.99846							#	   0.22	  83.28	
    202	  -0.09	   1.70	  0.008	0.99846							#	   0.21	  83.08	
    203	   0.03	   1.73	  0.006	0.99844							#	   0.20	  82.47	
    204	  -0.18	   1.72	  0.007	0.99841							#	   0.21	  82.27	
    205	  -0.66	   2.05	  0.005	0.99843							#	   0.25	  80.56	
    206	  -0.94	   2.10	  0.002	0.99838							#	   0.26	  81.92	
    207	  -0.87	   2.38	  0.002	0.99835							#	   0.29	  80.71	
    208	  -0.80	   2.59	  0.003	0.99830							#	   0.31	  81.21	
    209	  -1.14	   2.86	  0.004	0.99831							#	   0.34	  80.00	
    210	  -1.56	   2.87	  0.003	0.99829							#	   0.36	  80.71	
    211	  -1.21	   3.14	  0.003	0.99822							#	   0.39	  80.91	
    212	  -1.46	   3.39	  0.006	0.99820							#	   0.45	  81.77	
    213	  -1.62	   3.67	  0.005	0.99825							#	   0.53	  80.20	
    214	  -1.59	   4.09	  0.004	0.99828							#	   0.68	  82.42	
    215	  -1.74	   4.60	  0.004	0.99831							#	   0.78	  81.31	
    216	  -1.50	   4.35	  0.003	0.99827							#	   0.75	  82.73	
    217	  -1.47	   4.63	  0.005	0.99833							#	   0.74	  82.12	
    218	  -1.89	   5.16	  0.003	0.99830							#	   0.93	  83.38	
    219	  -1.43	   4.99	  0.003	0.99834							#	   0.69	  83.23	
    220	  -0.99	   4.79	  0.006	0.99834							#	   0.63	  81.97	
    221	  -1.44	   4.42	  0.007	0.99828							#	   0.56	  83.89	
    222	  -2.02	   4.01	  0.010	0.99826							#	   0.53	  84.60	
    223	  -2.07	   4.01	  0.010	0.99822							#	   0.56	  84.95	
    224	  -2.04	   3.82	  0.009	0.99817							#	   0.57	  86.82	
    225	  -1.59	   3.31	  0.014	0.99830							#	   0.45	  88.28	
    226	  -1.89	   3.17	  0.014	0.99834							#	   0.46	  87.22	
    227	  -1.75	   3.05	  0.016	0.99835							#	   0.41	  89.70	
    228	  -1.65	   2.70	  0.017	0.99829							#	   0.34	  88.59	
    229	  -1.59	   2.53	  0.017	0.99824							#	   0.30	  90.20	
    230	  -1.75	   2.43	  0.017	0.99825							#	   0.31	  88.74	
    231	  -2.53	   2.29	  0.017	0.99817							#	   0.38	  89.75	
    232	  -2.08	   2.27	  0.013	0.99812							#	   0.33	  88.89	
    233	  -1.67	   2.02	  0.018	0.99805							#	   0.26	  88.38	
    234	  -2.23	   1.98	  0.015	0.99810							#	   0.28	  87.47	
    235	  -2.47	   2.13	  0.012	0.99805							#	   0.32	  87.63	
    236	  -2.63	   2.36	  0.008	0.99803							#	   0.38	  88.64	
    237	  -2.65	   2.55	  0.006	0.99800							#	   0.43	  87.88	
    238	  -2.59	   2.75	  0.004	0.99793							#	   0.46	  87.88	
    239	  -2.42	   2.97	  0.006	0.99802							#	   0.47	  87.88	
    240	  -2.36	   3.20	  0.007	0.99796							#	   0.54	  85.96	
    241	  -2.38	   3.52	  0.009	0.99797							#	   0.53	  86.21	
    242	  -2.30	   4.01	  0.009	0.99789							#	   0.55	  87.07	
    243	  -2.19	   4.56	  0.011	0.99797							#	   0.59	  85.91	
    244	  -2.31	   5.05	  0.010	0.99799							#	   0.78	  83.79	
    245	  -2.08	   5.44	  0.001	0.99794							#	   0.82	  81.77	
    246	  -1.35	   5.95	 -0.000	0.99791							#	   0.88	  80.66	
    247	  -1.21	   6.81	 -0.006	0.99791							#	   1.11	  79.04	
    248	  -1.44	   7.17	 -0.013	0.99794							#	   0.98	  79.19	
    249	  -1.25	   7.71	 -0.019	0.99787							#	   1.07	  79.75	
    250	  -0.63	   8.43	 -0.017	0.99798							#	   1.10	  79.24	
    251	  -1.01	   9.21	 -0.009	0.99815							#	   1.12	  80.30	
    252	  -1.70	   9.27	 -0.007	0.99785							#	   1.16	  79.29	
    253	  -1.83	   9.96	 -0.006	0.99776							#	   1.26	  80.05	
    254	  -1.69	   9.41	 -0.004	0.99775							#	   1.03	  80.91	
    255	  -2.04	   9.01	  0.000	0.99782							#	   1.04	  82.32	
    256	  -2.44	   8.74	  0.001	0.99776							#	   1.02	  83.03	
    257	  -2.38	   8.04	  0.001	0.99778							#	   0.91	  84.14	
    258	  -2.72	   7.29	  0.001	0.99784							#	   0.76	  86.11	
    259	  -3.11	   6.81	  0.001	0.99783							#	   0.77	  83.33	
    260	  -3.65	   6.33	  0.002	0.99773							#	   0.79	  86.67	
    261	  -3.53	   6.12	  0.002	0.99775							#	   0.74	  87.02	
    262	  -3.69	   6.21	  0.002	0.99776							#	   0.81	  85.86	
    263	  -3.58	   6.00	  0.004	0.99760							#	   0.86	  86.57	
    264	  -3.47	   5.80	  0.003	0.99762							#	   0.85	  86.11	
    265	  -3.59	   5.68	  0.005	0.99763							#	   0.82	  85.51	
    266	  -3.41	   5.23	  0.005	0.99754							#	   0.72	  86.77	
    267	  -2.92	   5.31	  0.007	0.99755							#	   0.71	  85.05	
    268	  -2.62	   5.32	  0.008	0.99752							#	   0.76	  84.29	
    269	  -2.11	   5.19	  0.014	0.99746							#	   0.69	  84.09	
    270	  -1.87	   5.15	  0.018	0.99756							#	   0.66	  83.23	
    271	  -1.50	   4.96	  0.024	0.99758							#	   0.64	  83.33	
    272	  -1.11	   4.19	  0.026	0.99754							#	   0.51	  81.16	
    273	  -1.27	   3.34	  0.028	0.99754							#	   0.40	  80.25	
    274	  -1.27	   2.01	  0.019	0.99757							#	   0.26	  78.08	
    275	  -1.11	   2.30	  0.014	0.99757							#	   0.26	  76.57	
    276	  -0.97	   2.72	  0.007	0.99753							#	   0.31	  74.24	
    277	  -0.86	   3.31	  0.001	0.99746							#	   0.40	  74.19	
    278	  -1.11	   3.97	 -0.001	0.99745							#	   0.48	  72.93	
    279	  -1.26	   4.76	 -0.002	0.99740							#	   0.63	  71.92	
    280	  -1.10	   5.36	 -0.007	0.99733							#	   0.75	  72.83	
    281	  -0.63	   6.74	 -0.008	0.99748							#	   1.09	  70.35	
    282	  -1.15	   6.47	 -0.008	0.99742							#	   0.79	  72.58	
    283	  -1.00	   6.10	 -0.006	0.99737							#	   0.82	  74.19	
    284	  -0.97	   6.01	 -0.004	0.99757							#	   0.78	  73.94	
    285	  -0.85	   6.45	 -0.002	0.99778							#	   0.85	  70.76	
    286	  -1.58	   6.44	  0.003	0.99730							#	   0.91	  71.57	
    287	  -0.99	   6.17	  0.007	0.99683							#	   0.85	  74.85	
    288	  -0.78	   4.70	  0.013	0.99732							#	   0.54	  77.83	
    289	  -3.20	   3.35	  0.008	0.99780							#	   0.49	  77.83	
    290	  -2.96	   2.70	  0.001	0.99795							#	   0.40	  77.53	
    291	  -2.57	   1.68	  0.004	0.99801							#	   0.26	  76.01	
    292	  -2.95	   0.65	  0.005	0.99795							#	   0.26	  76.26	
    293	  -2.91	  -0.15	  0.006	0.99794							#	   0.26	  74.34	
    294	  -3.08	  -0.42	  0.007	0.99794							#	   0.28	  71.87	
    295	  -2.91	  -0.40	  0.008	0.99782							#	   0.29	  71.92	
    296	  -2.19	  -0.67	  0.006	0.99781							#	   0.22	  70.35	
    297	  -2.06	  -1.23	  0.008	0.99773							#	   0.22	  69.44	
    298	  -1.73	  -1.36	  0.004	0.99760							#	   0.21	  67.98	
    299	  -1.02	  -1.67	  0.003	0.99767							#	   0.19	  66.72	
    300	  -0.77	  -2.37	  0.003	0.99773							#	   0.26	  65.15	
    301	  -0.77	  -2.30	 -0.001	0.99772							#	   0.22	  68.28	
    302	  -0.15	  -2.48	 -0.003	0.99778							#	   0.23	  67.17	
    303	   0.16	  -2.41	 -0.001	0.99772							#	   0.21	  69.49	
    304	   0.12	  -1.90	 -0.000	0.99776							#	   0.18	  69.80	
    305	  -0.03	  -1.51	  0.001	0.99770							#	   0.16	  70.30	
    306	   0.30	  -0.84	 -0.003	0.99768							#	   0.16	  70.51	
    307	   0.84	  -0.28	 -0.006	0.99762							#	   0.19	  68.23	
    308	   0.65	   0.45	 -0.010	0.99762							#	   0.19	  69.29	
    309	   0.63	   1.27	 -0.011	0.99761							#	   0.23	  68.79	
    310	   0.44	   1.86	 -0.013	0.99757							#	   0.27	  67.42	
    311	   0.68	   2.70	 -0.017	0.99759							#	   0.36	  68.28	
    312	   0.86	   3.19	 -0.012	0.99757							#	   0.41	  68.03	
    313	  -0.07	   4.29	 -0.012	0.99764							#	   0.52	  68.89	
    314	  -0.32	   3.65	 -0.008	0.99780							#	   0.40	  65.86	
    315	  -1.04	   4.04	 -0.008	0.99711							#	   0.54	  67.47	
    316	   0.05	   5.03	 -0.004	0.99694							#	   0.79	  68.99	
    317	  -0.64	   4.55	 -0.001	0.99758							#	   0.55	  68.23	
    318	  -0.96	   3.74	 -0.003	0.99770							#	   0.42	  69.34	
    319	  -1.03	   3.06	 -0.010	0.99769							#	   0.35	  71.21	
    320	  -1.40	   2.55	 -0.010	0.99761							#	   0.31	  73.54	
    321	  -2.15	   1.88	 -0.004	0.99744							#	   0.28	  75.15	
    322	  -2.65	   1.15	 -0.003	0.99742							#	   0.27	  76.31	
    323	  -2.95	   0.55	 -0.001	0.99745							#	   0.26	  75.30	
    324	  -2.69	  -0.12	 -0.001	0.99757							#	   0.22	  73.99	
    325	  -2.62	  -0.35	 -0.002	0.99763							#	   0.21	  71.92	
    326	  -2.66	  -0.67	 -0.001	0.99758							#	   0.23	  69.39	
    327	  -2.79	  -1.33	 -0.003	0.99764							#	   0.25	  67.02	
    328	  -3.17	  -2.61	 -0.003	0.99769							#	   0.33	  64.34	
    329	  -3.24	  -3.50	 -0.001	0.99763							#	   0.43	  65.10	
    330	  -3.28	  -3.74	  0.000	0.99751							#	   0.47	  65.10	
    331	  -3.15	  -3.94	  0.001	0.99751							#	   0.50	  63.08	
    332	  -3.24	  -4.08	 -0.000	0.99751							#	   0.51	  64.85	
    333	  -3.21	  -4.00	 -0.001	0.99756							#	   0.48	  64.75	
    334	  -3.28	  -3.91	 -0.002	0.99758							#	   0.48	  65.45	
    335	  -3.45	  -3.66	 -0.002	0.99750							#	   0.52	  65.45	
    336	  -3.49	  -3.47	 -0.002	0.99744							#	   0.47	  67.32	
    337	  -3.31	  -2.95	 -0.002	0.99746							#	   0.42	  67.17	
    338	  -3.19	  -2.20	 -0.004	0.99737							#	   0.37	  68.79	
    339	  -3.02	  -1.56	 -0.006	0.99736							#	   0.32	  69.80	
    340	  -3.19	  -0.56	 -0.007	0.99728							#	   0.30	  70.66	
    341	  -3.02	   0.35	 -0.010	0.99722							#	   0.29	  69.24	
    342	  -2.78	   0.97	 -0.011	0.99713							#	   0.28	  69.19	
    343	  -2.83	   1.62	 -0.012	0.99713							#	   0.32	  70.10	
    344	  -2.91	   2.26	 -0.014	0.99717							#	   0.34	  70.51	
    345	  -3.17	   2.78	 -0.013	0.99731							#	   0.42	  68.84	
    346	  -3.02	   2.95	 -0.017	0.99716							#	   0.45	  68.69	
    347	  -3.40	   4.22	 -0.014	0.99727							#	   0.60	  69.19	
    348	  -3.06	   4.89	 -0.014	0.99725							#	   0.67	  69.55	
    349	  -2.66	   3.66	 -0.015	0.99714							#	   0.48	  70.86	
    350	  -3.09	   2.42	 -0.024	0.99720							#	   0.41	  71.06	
    351	  -3.07	   2.56	 -0.035	0.99735							#	   0.39	  72.68	
    352	  -2.31	   2.66	 -0.028	0.99758							#	   0.32	  69.65	
    353	  -3.04	   2.15	 -0.017	0.99719							#	   0.34	  70.40	
    354	  -3.63	   1.95	 -0.016	0.99713							#	   0.39	  70.96	
    355	  -4.44	   1.41	 -0.016	0.99719							#	   0.46	  72.47	
    356	  -5.10	   1.05	 -0.008	0.99720							#	   0.53	  72.78	
    357	  -5.34	   0.18	 -0.004	0.99719							#	   0.55	  70.45	
    358	  -4.73	  -0.60	 -0.004	0.99716							#	   0.46	  69.34	
    359	  -4.29	  -1.34	 -0.005	0.99739							#	   0.38	  67.27	
    360	  -4.93	  -1.92	 -0.004	0.99745							#	   0.51	  64.85	
    361	  -4.81	  -2.33	 -0.003	0.99744							#	   0.50	  62.63	
    362	  -4.50	  -2.72	 -0.001	0.99750							#	   0.48	  66.72	
    363	  -4.43	  -2.53	  0.001	0.99765							#	   0.44	  64.29	
    364	  -4.76	  -2.57	  0.005	0.99747							#	   0.53	  67.93	
    365	  -4.74	  -2.10	  0.003	0.99731							#	   0.52	  66.21	
    366	  -4.20	  -1.87	  0.000	0.99722							#	   0.40	  69.19	
    367	  -3.78	  -1.77	  0.003	0.99731							#	   0.38	  66.16	
    368	  -3.77	  -1.97	  0.000	0.99716							#	   0.37	  69.60	
    369	  -3.33	  -1.64	  0.002	0.99734							#	   0.32	  65.81	
    370	  -2.90	  -1.43	 -0.002	0.99714							#	   0.26	  68.69	
    371	  -2.77	  -0.70	  0.001	0.99716							#	   0.23	  67.37	
    372	  -2.14	  -0.26	 -0.001	0.99701							#	   0.21	  69.49	
    373	  -1.68	   0.32	 -0.002	0.99713							#	   0.20	  67.27	
    374	  -1.30	   1.15	 -0.001	0.99704							#	   0.22	  65.30	
    375	  -1.58	   1.93	 -0.006	0.99701							#	   0.27	  68.43	
    376	  -1.08	   2.73	 -0.005	0.99688							#	   0.31	  65.51	
    377	  -0.57	   3.26	 -0.007	0.99692							#	   0.33	  69.39	
    378	  -0.61	   3.67	 -0.008	0.99695							#	   0.37	  68.48	
    379	  -0.63	   3.90	 -0.007	0.99696							#	   0.39	  67.93	
    380	  -0.54	   5.58	 -0.008	0.99703							#	   0.60	  69.70	
    381	  -1.22	   5.03	 -0.007	0.99729							#	   0.51	  67.73	
    382	  -1.83	   4.29	 -0.006	0.99679							#	   0.48	  69.39	
    383	  -0.66	   4.87	 -0.004	0.99670							#	   0.56	  66.11	
    384	  -1.38	   4.62	 -0.002	0.99686							#	   0.55	  69.60	
    385	  -1.03	   3.79	 -0.005	0.99713							#	   0.43	  68.59	
    386	  -1.32	   3.43	 -0.006	0.99712							#	   0.39	  69.14	
    387	  -1.69	   2.75	 -0.003	0.99696							#	   0.34	  67.93	
    388	  -2.19	   1.96	 -0.004	0.99701							#	   0.32	  68.43	
    389	  -2.39	   0.90	 -0.001	0.99699							#	   0.26	  70.10	
    390	  -2.68	   0.38	 -0.002	0.99716							#	   0.24	  67.12	
    391	  -2.51	   0.09	 -0.002	0.99720							#	   0.24	  63.94	
    392	  -2.12	  -0.73	 -0.006	0.99716							#	   0.22	  60.76	
    393	  -2.06	  -1.48	 -0.003	0.99717							#	   0.23	  62.58	
    394	  -2.22	  -2.29	 -0.006	0.99722							#	   0.26	  61.26	
    395	  -1.85	  -2.53	 -0.008	0.99723							#	   0.24	  60.40	
    396	  -1.49	  -3.57	 -0.008	0.99727							#	   0.27	  59.95	
    397	  -1.01	  -3.77	 -0.007	0.99734							#	   0.27	  59.70	
    398	  -0.84	  -4.14	 -0.008	0.99724							#	   0.35	  59.39	
    399	  -0.46	  -4.57	 -0.008	0.99722							#	   0.40	  60.91	
    400	  -0.37	  -4.55	 -0.009	0.99720							#	   0.41	  60.10	
    401	  -0.20	  -4.71	 -0.007	0.99725							#	   0.39	  61.52	
    402	  -0.63	  -4.93	 -0.003	0.99725							#	   0.42	  60.96	
    403	  -0.76	  -4.66	 -0.004	0.99725							#	   0.40	  62.22	
    404	  -0.86	  -4.45	 -0.003	0.99723							#	   0.38	  61.82	
    405	  -0.46	  -4.05	 -0.006	0.99713							#	   0.36	  61.62	
    406	  -0.60	  -3.69	 -0.008	0.99706							#	   0.34	  63.33	
    407	  -1.08	  -3.16	 -0.008	0.99700							#	   0.32	  61.92	
    408	  -0.77	  -2.89	 -0.012	0.99690							#	   0.31	  61.67	
    409	  -0.70	  -2.66	 -0.011	0.99690							#	   0.31	  64.04	
    410	  -1.17	  -1.94	 -0.008	0.99689							#	   0.26	  63.69	
    411	  -1.26	  -1.25	 -0.011	0.99686							#	   0.23	  64.65	
    412	  -1.04	  -0.35	 -0.012	0.99679							#	   0.21	  64.24	
    413	  -0.61	   0.40	 -0.009	0.99680							#	   0.21	  63.94	
    414	  -0.79	   1.93	 -0.007	0.99696							#	   0.22	  63.43	
    415	  -0.22	   0.86	 -0.005	0.99678							#	   0.21	  64.14	
    416	   0.12	   0.97	 -0.002	0.99673							#	   0.23	  66.36	
    417	  -0.42	   1.06	 -0.010	0.99698							#	   0.20	  67.12	
    418	  -0.17	   0.26	 -0.018	0.99726							#	   0.17	  67.27	
    419	   0.04	   0.01	 -0.027	0.99729							#	   0.16	  67.83	
    420	  -0.46	  -0.58	 -0.030	0.99732							#	   0.18	  67.02	
    421	  -1.22	  -0.49	 -0.030	0.99710							#	   0.17	  72.93	
    422	  -0.91	  -0.82	 -0.024	0.99709							#	   0.15	  68.64	
    423	  -0.46	  -1.07	 -0.014	0.99722							#	   0.14	  70.20	
    424	  -1.17	  -1.51	 -0.007	0.99711							#	   0.17	  70.71	
    425	  -1.13	  -1.77	 -0.005	0.99721							#	   0.17	  67.32	
    426	  -0.50	  -2.28	 -0.004	0.99703							#	   0.19	  65.45	
    427	  -0.43	  -2.92	 -0.008	0.99717							#	   0.21	  66.97	
    428	  -1.12	  -3.76	 -0.007	0.99710							#	   0.26	  71.06	
    429	  -1.35	  -4.24	 -0.005	0.99715							#	   0.32	  67.17	
    430	  -0.37	  -4.24	  0.001	0.99704							#	   0.34	  66.36	
    431	  -0.47	  -4.20	  0.004	0.99701							#	   0.32	  66.77	
    432	   0.20	  -3.87	  0.003	0.99698							#	   0.29	  65.00	
    433	   1.06	  -3.90	  0.004	0.99702							#	   0.32	  64.85	
    434	   1.45	  -3.70	  0.001	0.99703							#	   0.32	  61.77	
    435	   1.99	  -3.56	  0.000	0.99694							#	   0.35	  64.85	
    436	   2.58	  -3.15	 -0.001	0.99695							#	   0.38	  63.99	
    437	   2.71	  -2.97	  0.000	0.99697							#	   0.38	  63.94	
    438	   2.60	  -2.53	  0.002	0.99692							#	   0.35	  62.17	
    439	   2.75	  -1.91	 -0.001	0.99684							#	   0.32	  66.26	
    440	   2.92	  -1.24	  0.000	0.99682							#	   0.33	  64.80	
    441	   2.87	  -0.40	 -0.000	0.99673							#	   0.32	  64.14	
    442	   2.84	   0.14	 -0.001	0.99667							#	   0.35	  64.85	
    443	   2.93	   1.26	 -0.003	0.99673							#	   0.33	  63.79	
    444	   2.69	   1.47	  0.001	0.99665							#	   0.33	  64.49	
    445	   2.90	   2.17	 -0.001	0.99664							#	   0.36	  63.54	
    446	   3.19	   2.20	 -0.000	0.99651							#	   0.40	  64.39	
    447	   3.23	   3.45	 -0.005	0.99692							#	   0.42	  63.89	
    448	   2.21	   2.71	 -0.003	0.99760							#	   0.23	  63.69	
    449	   0.36	   1.94	  0.008	0.99662							#	   0.21	  63.23	
    450	   2.94	   2.17	  0.012	0.99555							#	   0.46	  66.01	
    451	   2.17	   2.01	  0.018	0.99634							#	   0.36	  64.29	
    452	   1.06	   1.04	  0.004	0.99696							#	   0.20	  65.86	
    453	   1.55	   0.45	 -0.007	0.99691							#	   0.21	  66.67	
    454	   1.36	  -0.21	 -0.011	0.99700							#	   0.20	  67.73	
    455	   1.19	  -1.37	 -0.016	0.99703							#	   0.20	  66.52	
    456	   0.94	  -2.01	 -0.019	0.99723							#	   0.19	  67.58	
    457	   0.74	  -2.60	 -0.017	0.99734							#	   0.18	  68.28	
    458	   0.70	  -3.27	 -0.015	0.99707							#	   0.24	  66.57	
    459	   0.92	  -3.59	 -0.013	0.99704							#	   0.26	  64.29	
    460	   1.12	  -3.92	 -0.011	0.99703							#	   0.29	  64.39	
    461	   1.17	  -4.38	 -0.014	0.99708							#	   0.32	  63.38	
    462	   1.46	  -4.79	 -0.013	0.99712							#	   0.35	  63.33	
    463	   1.37	  -5.09	 -0.012	0.99707							#	   0.36	  61.21	
    464	   1.89	  -5.16	 -0.015	0.99705							#	   0.40	  60.76	
    465	   2.17	  -5.61	 -0.011	0.99703							#	   0.44	  61.21	
    466	   1.99	  -5.48	 -0.014	0.99703							#	   0.42	  58.28	
    467	   2.18	  -5.49	 -0.008	0.99695							#	   0.44	  64.90	
    468	   2.05	  -4.87	 -0.008	0.99688							#	   0.43	  63.03	
    469	   2.04	  -4.33	 -0.007	0.99682							#	   0.40	  65.00	
    470	   2.23	  -3.71	 -0.009	0.99683							#	   0.38	  61.77	
    471	   2.38	  -3.13	 -0.005	0.99666							#	   0.36	  65.20	
    472	   1.83	  -2.41	 -0.005	0.99657							#	   0.32	  64.55	
    473	   1.56	  -1.61	 -0.003	0.99651							#	   0.30	  64.70	
    474	   1.30	  -0.72	 -0.003	0.99648							#	   0.27	  64.14	
    475	   1.20	   0.15	 -0.003	0.99632							#	   0.24	  65.45	
    476	   0.79	   1.08	 -0.001	0.99626							#	   0.23	  64.90	
    477	   0.63	   1.47	 -0.001	0.99625							#	   0.22	  59.60	
    478	   0.51	   2.22	  0.004	0.99624							#	   0.23	  58.59	
    479	   0.22	   3.66	  0.008	0.99626							#	   0.26	  65.45	
    480	  -0.28	   5.07	  0.011	0.99620							#	   0.34	  62.42	
    481	   1.07	   3.20	  0.014	0.99607							#	   0.30	  66.11	
    482	   0.22	   2.65	  0.014	0.99609							#	   0.27	  65.30	
    483	  -0.35	   3.10	  0.006	0.99637							#	   0.25	  67.37	
    484	   0.13	   2.59	 -0.002	0.99678							#	   0.19	  65.66	
    485	  -0.37	   2.02	  0.001	0.99663							#	   0.20	  65.10	
    486	  -0.41	   1.40	 -0.004	0.99629							#	   0.22	  67.32	
    487	   0.11	   0.80	 -0.001	0.99638							#	   0.21	  68.03	
    488	  -0.92	  -0.32	 -0.000	0.99641							#	   0.19	  67.17	
    489	  -1.23	  -0.74	 -0.002	0.99656							#	   0.18	  67.78	
    490	  -0.74	  -1.37	 -0.005	0.99668							#	   0.17	  65.51	
    491	  -0.42	  -2.32	 -0.007	0.99673							#	   0.19	  64.14	
    492	  -0.41	  -2.91	 -0.004	0.99679							#	   0.20	  62.07	
    493	  -0.31	  -3.35	 -0.003	0.99673							#	   0.24	  63.23	
    494	  -0.10	  -3.35	  0.002	0.99671							#	   0.24	  59.65	
    495	   0.56	  -3.52	  0.007	0.99667							#	   0.27	  65.71	
    496	   0.91	  -3.20	  0.006	0.99663							#	   0.26	  62.32	
    497	   1.58	  -2.78	  0.007	0.99660							#	   0.28	  59.85	
    498	   1.92	  -2.83	  0.005	0.99651							#	   0.33	  57.63	
    499	   1.90	  -2.53	  0.006	0.99654							#	   0.30	  60.66	
    500	   1.94	  -2.33	  0.005	0.99649							#	   0.28	  61.11	
    501	   1.80	  -1.71	  0.004	0.99646							#	   0.28	  61.36	
    502	   1.82	  -1.04	  0.003	0.99640							#	   0.28	  60.05	
    503	   2.01	  -0.28	  0.002	0.99643							#	   0.28	  63.54	
    504	   2.03	   0.36	  0.006	0.99640							#	   0.29	  63.48	
    505	   1.63	   0.99	  0.002	0.99629							#	   0.28	  63.08	
    506	   1.69	   1.65	  0.005	0.99623							#	   0.31	  62.22	
    507	   1.60	   2.25	  0.003	0.99610							#	   0.30	  62.78	
    508	   1.64	   2.96	  0.004	0.99603							#	   0.32	  61.41	
    509	   1.63	   3.93	  0.004	0.99605							#	   0.35	  61.06	
    510	   1.67	   4.24	  0.004	0.99608							#	   0.35	  59.09	
    511	   1.81	   5.29	  0.002	0.99619							#	   0.38	  60.71	
    512	   1.63	   5.10	  0.004	0.99640							#	   0.35	  59.95	
    513	   0.55	   4.51	  0.013	0.99570							#	   0.36	  61.16	
    514	   1.45	   4.95	  0.014	0.99531							#	   0.49	  57.22	
    515	   1.64	   4.47	  0.012	0.99611							#	   0.40	  53.94	
    516	   0.63	   3.80	  0.000	0.99640							#	   0.28	  56.06	
    517	   0.91	   3.33	 -0.011	0.99642							#	   0.27	  64.90	
    518	   0.36	   2.44	 -0.017	0.99634							#	   0.23	  61.67	
    519	   0.02	   1.20	 -0.016	0.99646							#	   0.20	  63.89	
    520	  -0.42	   0.47	 -0.014	0.99647							#	   0.19	  59.14	
    521	  -0.05	  -0.08	 -0.014	0.99672							#	   0.18	  60.40	
    522	   0.07	  -0.75	 -0.013	0.99683							#	   0.17	  53.59	
    523	   0.75	  -1.36	 -0.014	0.99685							#	   0.18	  57.47	
    524	   1.14	  -1.66	 -0.013	0.99682							#	   0.19	  54.60	
    525	   1.12	  -2.04	 -0.013	0.99675							#	   0.21	  55.71	
    526	   1.02	  -2.75	 -0.012	0.99668							#	   0.23	  51.97	
    527	   1.24	  -3.57	 -0.016	0.99670							#	   0.25	  54.49	
    528	   1.27	  -4.19	 -0.014	0.99669							#	   0.26	  52.02	
    529	   1.38	  -4.69	 -0.016	0.99663							#	   0.28	  53.89	
    530	   1.55	  -4.54	 -0.014	0.99666							#	   0.29	  53.33	
    531	   1.42	  -4.59	 -0.014	0.99659							#	   0.30	  53.84	
    532	   1.29	  -4.42	 -0.013	0.99653							#	   0.29	  51.41	
    533	   1.16	  -4.11	 -0.013	0.99650							#	   0.27	  52.32	
    534	   0.83	  -3.54	 -0.012	0.99636							#	   0.24	  51.87	
    535	   0.72	  -2.99	 -0.011	0.99637							#	   0.23	  55.30	
    536	   0.69	  -2.50	 -0.009	0.99629							#	   0.22	  53.38	
    537	   0.37	  -1.72	 -0.006	0.99625							#	   0.20	  58.99	
    538	   0.10	  -1.08	 -0.007	0.99616							#	   0.20	  57.73	
    539	   0.10	  -0.37	 -0.008	0.99610							#	   0.19	  59.95	
    540	   0.04	   0.19	 -0.006	0.99611							#	   0.20	  54.75	
    541	  -0.34	   0.94	 -0.007	0.99602							#	   0.20	  58.79	
    542	  -0.34	   1.87	 -0.005	0.99596							#	   0.20	  56.36	
    543	  -0.50	   2.22	 -0.007	0.99597							#	   0.21	  54.85	
    544	  -0.60	   3.01	 -0.003	0.99596							#	   0.23	  54.65	
    545	  -0.63	   4.39	 -0.002	0.99599							#	   0.26	  51.67	
    546	  -0.86	   4.56	  0.002	0.99597							#	   0.28	  49.80	
    547	  -0.30	   3.39	  0.003	0.99574							#	   0.24	  52.58	
    548	  -0.46	   2.70	 -0.002	0.99565							#	   0.24	  52.88	
    549	  -1.65	   2.97	 -0.010	0.99598							#	   0.25	  49.85	
    550	  -1.16	   2.66	 -0.012	0.99648							#	   0.20	  51.16	
    551	  -1.48	   2.06	 -0.011	0.99626							#	   0.21	  54.19	
    552	  -2.10	   1.20	 -0.016	0.99618							#	   0.24	  52.88	
    553	  -2.09	   0.16	 -0.015	0.99665							#	   0.26	  50.05	
    554	  -2.21	  -0.51	 -0.004	0.99686							#	   0.28	  47.12	
    555	  -2.34	  -0.77	  0.003	0.99671							#	   0.29	  47.37	
    556	  -1.75	  -1.47	  0.012	0.99694							#	   0.24	  48.79	
    557	  -1.89	  -2.21	  0.014	0.99704							#	   0.25	  43.38	
    558	  -1.53	  -2.76	  0.021	0.99710							#	   0.25	  44.29	
    559	  -0.78	  -3.75	  0.022	0.99693							#	   0.24	  43.99	
    560	  -0.71	  -3.95	  0.025	0.99697							#	   0.25	  40.81	
    561	  -0.60	  -4.00	  0.030	0.99697							#	   0.25	  40.91	
    562	  -0.28	  -4.03	  0.032	0.99687							#	   0.26	  39.70	
    563	  -0.28	  -3.96	  0.035	0.99665							#	   0.26	  40.66	
    564	   0.36	  -4.01	  0.037	0.99649							#	   0.25	  36.87	
    565	   0.92	  -4.04	  0.034	0.99663							#	   0.24	  41.41	
    566	   0.88	  -3.86	  0.039	0.99653							#	   0.23	  37.22	
    567	   0.88	  -3.79	  0.031	0.99639							#	   0.25	  39.90	
    568	   1.05	  -3.69	  0.032	0.99640							#	   0.26	  38.94	
    569	   0.93	  -3.36	  0.032	0.99631							#	   0.26	  39.24	
    570	   0.78	  -2.75	  0.028	0.99633							#	   0.25	  37.78	
    571	   0.62	  -2.55	  0.017	0.99612							#	   0.26	  41.41	
    572	   0.31	  -1.35	  0.022	0.99601							#	   0.26	  36.72	
    573	  -0.79	  -0.48	  0.008	0.99541							#	   0.27	  44.75	
    574	  -0.25	   0.26	  0.008	0.99532							#	   0.25	  42.73	
    575	  -0.17	   1.04	  0.008	0.99521							#	   0.27	  43.59	
    576	   0.17	   1.61	  0.010	0.99520							#	   0.28	  41.16	
    577	   0.22	   1.97	  0.009	0.99516							#	   0.27	  41.41	
    578	   0.52	   3.31	  0.008	0.99536							#	   0.26	  38.48	
    579	  -0.16	   3.06	  0.007	0.99550							#	   0.24	  40.81	
    580	   0.07	   2.50	  0.012	0.99480							#	   0.30	  38.54	
    581	  -0.03	   3.51	  0.015	0.99479							#	   0.35	  38.84	
    582	   1.04	   2.56	  0.015	0.99509							#	   0.29	  34.49	
    583	   1.20	   2.16	  0.013	0.99518							#	   0.32	  38.13	
    584	   0.77	   1.77	  0.005	0.99519							#	   0.29	  31.11	
    585	   0.79	   0.78	 -0.007	0.99539							#	   0.25	  34.19	
    586	   0.80	  -0.36	 -0.016	0.99551							#	   0.24	  31.52	
    587	   0.52	  -1.01	 -0.017	0.99562							#	   0.22	  33.33	
    588	   0.56	  -1.89	 -0.017	0.99579							#	   0.20	  32.27	
    589	   0.53	  -2.22	 -0.008	0.99579							#	   0.21	  31.82	
    590	   0.29	  -2.30	 -0.006	0.99573							#	   0.22	  29.80	
    591	   0.21	  -2.88	  0.001	0.99556							#	   0.24	  30.56	
    592	   0.34	  -2.85	  0.002	0.99559							#	   0.24	  28.69	
    593	   0.43	  -3.08	  0.003	0.99542							#	   0.26	  29.29	
    594	   0.12	  -3.62	  0.001	0.99537							#	   0.28	  28.94	
    595	  -0.02	  -3.93	 -0.002	0.99529							#	   0.26	  28.99	
    596	  -0.07	  -3.98	 -0.005	0.99531							#	   0.25	  26.01	
    597	  -0.12	  -3.96	 -0.006	0.99526							#	   0.27	  27.02	
    598	   0.06	  -3.78	 -0.005	0.99522							#	   0.26	  24.90	
    599	  -0.05	  -3.62	 -0.006	0.99516							#	   0.28	  27.47	
    600	  -0.10	  -3.25	 -0.004	0.99519							#	   0.30	  26.11	
    601	   0.17	  -2.67	 -0.002	0.99512							#	   0.28	  26.57	
    602	  -0.10	  -2.00	 -0.002	0.99512							#	   0.28	  26.21	
    603	  -0.14	  -1.13	 -0.000	0.99500							#	   0.27	  26.21	
    604	  -0.00	  -0.12	  0.002	0.99493							#	   0.27	  23.13	
    605	   0.11	   0.52	 -0.002	0.99480							#	   0.30	  25.20	
    606	  -0.34	   1.48	 -0.001	0.99476							#	   0.31	  25.15	
    607	  -1.00	   2.15	  0.001	0.99470							#	   0.33	  24.70	
    608	  -1.46	   2.75	 -0.001	0.99470							#	   0.36	  28.43	
    609	  -1.33	   3.34	 -0.001	0.99473							#	   0.37	  25.66	
    610	  -1.31	   4.06	 -0.001	0.99503							#	   0.40	  26.21	
    611	  -2.18	   4.56	 -0.002	0.99461							#	   0.43	  25.66	
    612	  -2.25	   5.48	  0.000	0.99471							#	   0.44	  25.10	
    613	  -2.37	   6.29	  0.002	0.99465							#	   0.48	  24.29	
    614	  -2.48	   3.83	  0.002	0.99462							#	   0.42	  23.94	
    615	  -2.68	   3.62	 -0.006	0.99459							#	   0.39	  22.42	
    616	  -2.82	   4.80	 -0.006	0.99494							#	   0.39	  22.83	
    617	  -2.22	   4.90	 -0.004	0.99480							#	   0.40	  23.08	
    618	  -2.39	   3.84	  0.001	0.99475							#	   0.39	  23.38	
    619	  -3.47	   3.17	 -0.002	0.99461							#	   0.47	  21.01	
    620	  -3.85	   2.37	 -0.004	0.99498							#	   0.45	  18.74	
    621	  -3.36	   1.18	 -0.007	0.99516							#	   0.36	  18.89	
    622	  -3.86	   0.10	 -0.007	0.99540							#	   0.35	  18.69	
    623	  -4.54	  -1.05	 -0.005	0.99542							#	   0.44	  20.10	
    624	  -3.72	  -1.70	 -0.003	0.99547							#	   0.35	  18.94	
    625	  -3.49	  -2.21	 -0.002	0.99551							#	   0.33	  18.69	
    626	  -3.86	  -2.48	  0.003	0.99548							#	   0.35	  17.78	
    627	  -3.71	  -3.32	 -0.001	0.99534							#	   0.37	  18.54	
    628	  -3.16	  -3.84	 -0.002	0.99539							#	   0.33	  18.38	
    629	  -2.50	  -4.25	  0.001	0.99521							#	   0.31	  16.92	
    630	  -1.99	  -4.14	  0.003	0.99512							#	   0.30	  16.72	
    631	  -1.65	  -3.97	 -0.000	0.99485							#	   0.28	  16.52	
    632	  -0.49	  -3.71	  0.002	0.99469							#	   0.24	  11.31	
    633	   0.05	  -3.53	  0.003	0.99468							#	   0.23	  14.19	
    634	   0.30	  -3.19	  0.006	0.99470							#	   0.22	  13.28	
    635	  -0.03	  -3.09	 -0.001	0.99453							#	   0.23	  13.28	
    636	  -0.23	  -2.62	  0.000	0.99457							#	   0.20	  12.22	
    637	  -0.42	  -2.00	  0.005	0.99457							#	   0.21	  13.43	
    638	  -1.05	  -0.81	  0.005	0.99456							#	   0.19	  12.27	
    639	  -0.40	   0.09	  0.002	0.99448							#	   0.20	  12.88	
    640	   0.09	   1.94	  0.025	0.99468							#	   0.22	  16.62	
    641	   0.04	   2.93	  0.019	0.99464							#	   0.22	  15.91	
    642	  -0.13	   3.38	  0.006	0.99468							#	   0.23	  14.44	
    643	   0.50	   4.64	  0.007	0.99402							#	   0.27	  14.55	
    644	   0.90	   5.33	 -0.000	0.99420							#	   0.33	  12.78	
    645	   1.11	   6.60	  0.014	0.99352							#	   0.39	  12.22	
    646	   1.27	   6.67	  0.010	0.99331							#	   0.41	  12.17	
    647	   1.45	   7.28	  0.017	0.99362							#	   0.44	  10.96	
    648	   0.40	   5.92	  0.015	0.99375							#	   0.31	  11.46	
    649	   0.97	   5.62	  0.024	0.99286							#	   0.47	  11.16	
    650	   2.76	   5.94	  0.031	0.99253							#	   0.72	  10.71	
    651	   1.30	   5.08	  0.041	0.99387							#	   0.38	  11.52	
    652	   1.08	   1.79	 -0.019	0.99786							#	   0.22	  52.27	
    653	   1.49	   0.50	 -0.029	0.99714							#	   0.28	  51.97	
    654	   1.19	   0.30	 -0.033	0.99718							#	   0.27	  57.07	
    655	   0.72	  -1.05	 -0.020	0.99771							#	   0.24	  61.82	
    656	   0.50	  -1.19	 -0.017	0.99762							#	   0.23	  64.14	
    657	   0.20	  -1.82	 -0.011	0.99779							#	   0.24	  57.63	
    658	  -0.05	  -1.39	 -0.015	0.99790							#	   0.22	  62.02	
    659	   0.02	  -1.50	 -0.009	0.99778							#	   0.26	  58.48	
    660	  -0.15	  -1.84	 -0.011	0.99766							#	   0.32	  56.72	
    661	  -0.15	  -2.64	 -0.018	0.99770							#	   0.31	  51.41	
    662	  -0.25	  -2.86	 -0.016	0.99788							#	   0.30	  53.33	
    663	  -0.15	  -3.80	 -0.015	0.99771							#	   0.35	  48.79	
    664	  -0.11	  -4.00	 -0.016	0.99774							#	   0.34	  54.19	
    665	   0.00	  -5.30	 -0.021	0.99781							#	   0.44	  48.43	
    666	   0.15	  -5.77	 -0.022	0.99783							#	   0.47	  52.07	
    667	  -0.07	  -5.88	 -0.023	0.99798							#	   0.51	  48.94	
    668	  -0.25	  -6.17	 -0.027	0.99797							#	   0.54	  53.74	
    669	  -0.27	  -6.19	 -0.032	0.99798							#	   0.56	  52.68	
    670	  -0.07	  -5.96	 -0.031	0.99780							#	   0.52	  62.32	
    671	  -0.23	  -5.40	 -0.033	0.99777							#	   0.50	  51.82	
    672	  -0.28	  -5.04	 -0.028	0.99762							#	   0.50	  58.59	
    673	  -0.14	  -4.97	 -0.027	0.99773							#	   0.56	  54.04	
    674	   0.25	  -4.64	 -0.026	0.99738							#	   0.60	  57.12	
    675	   0.65	  -4.23	 -0.024	0.99696							#	   0.57	  52.47	
    676	   0.30	  -3.67	 -0.032	0.99727							#	   0.49	  57.68	
    677	   0.39	  -3.28	 -0.028	0.99694							#	   0.39	  50.00	
    678	   0.66	  -2.44	 -0.035	0.99696							#	   0.26	  51.62	
    679	   1.01	  -2.67	 -0.033	0.99684							#	   0.28	  50.71	
    680	   1.08	  -2.14	 -0.035	0.99715							#	   0.23	  51.87	
    681	   0.57	  -1.50	 -0.033	0.99713							#	   0.19	  51.06	
    682	   0.72	  -0.99	 -0.026	0.99738							#	   0.16	  53.89	
    683	   1.56	  -1.59	 -0.026	0.99710							#	   0.19	  52.93	
    684	   1.60	  -2.54	 -0.031	0.99737							#	   0.23	  56.87	
    685	   0.21	  -3.78	 -0.048	0.99717							#	   0.28	  57.22	
    686	   0.19	  -3.70	 -0.062	0.99762							#	   0.26	  60.00	
    687	   0.69	  -2.74	 -0.049	0.99801							#	   0.18	  52.73	
    688	  -0.40	  -2.99	 -0.036	0.99724							#	   0.22	  54.90	
    689	   0.16	  -2.89	 -0.010	0.99667							#	   0.19	  59.95	
    690	   0.44	  -2.84	 -0.004	0.99719							#	   0.18	  67.93	
    691	  -0.53	  -3.57	  0.005	0.99783							#	   0.22	  59.90	
    692	  -0.94	  -3.85	 -0.000	0.99777							#	   0.24	  66.97	
    693	   0.04	  -2.34	 -0.003	0.99800							#	   0.14	  59.44	
    694	   0.08	  -3.28	 -0.007	0.99775							#	   0.20	  70.25	
    695	  -0.28	  -3.76	 -0.008	0.99796							#	   0.22	  60.45	
    696	  -0.18	  -5.46	 -0.008	0.99782							#	   0.38	  68.38	
    697	  -0.42	  -7.30	  0.005	0.99808							#	   0.54	  55.20	
    698	  -0.27	  -8.38	  0.007	0.99795							#	   0.65	  64.90	
    699	   0.08	  -8.92	  0.019	0.99801							#	   0.74	  56.52	
    700	   0.37	  -9.44	  0.024	0.99808							#	   0.82	  55.25	
    701	   0.51	  -9.50	  0.029	0.99804							#	   0.80	  57.42	
    702	   0.58	  -9.13	  0.030	0.99807							#	   0.76	  58.48	
    703	   0.94	  -9.39	  0.028	0.99820							#	   0.85	  55.25	
    704	   1.05	  -8.99	  0.028	0.99817							#	   0.78	  57.63	
    705	   1.41	  -8.98	  0.023	0.99806							#	   0.77	  59.85	
    706	   1.62	  -8.64	  0.020	0.99813							#	   0.72	  59.60	
    707	   1.56	  -8.46	  0.017	0.99819							#	   0.72	  57.07	
    708	   1.23	  -8.05	  0.017	0.99787							#	   0.66	  58.38	
    709	   1.67	  -7.49	  0.016	0.99732							#	   0.63	  55.20	
    710	   2.54	  -6.88	  0.019	0.99733							#	   0.66	  54.75	
    711	   2.02	  -6.64	  0.024	0.99726							#	   0.60	  51.52	
    712	   1.79	  -6.18	  0.023	0.99729							#	   0.58	  52.12	
    713	   2.71	  -6.01	  0.028	0.99735							#	   0.63	  51.82	
    714	   2.87	  -5.98	  0.031	0.99728							#	   0.66	  52.68	
    715	   2.89	  -5.70	  0.027	0.99733							#	   0.63	  51.97	
    716	   2.90	  -4.57	  0.021	0.99786							#	   0.57	  51.46	
    717	   1.73	  -6.50	  0.039	0.99752							#	   0.62	  45.20	
    718	   2.37	  -6.13	  0.043	0.99723							#	   0.67	  56.97	
    719	   2.69	  -5.59	  0.057	0.99733							#	   0.59	  51.72	
    720	   2.06	  -8.06	  0.047	0.99718							#	   0.85	  51.77	
    721	   3.43	  -6.67	  0.036	0.99723							#	   0.81	  54.85	
    722	   2.44	  -2.71	  0.009	0.99792							#	   0.32	  61.46	
    723	   2.25	  -1.77	 -0.004	0.99801							#	   0.26	  61.57	
    724	   1.92	  -1.58	 -0.014	0.99796							#	   0.22	  67.12	
    725	   1.53	  -2.30	 -0.012	0.99803							#	   0.23	  65.25	
    726	   1.34	  -2.33	 -0.015	0.99805							#	   0.20	  68.84	
    727	   1.22	  -2.80	 -0.010	0.99808							#	   0.22	  62.68	
    728	   1.01	  -3.19	 -0.006	0.99792							#	   0.23	  70.91	
    729	   1.23	  -3.44	 -0.003	0.99793							#	   0.24	  67.53	
    730	   1.08	  -3.80	  0.001	0.99783							#	   0.26	  72.42	
    731	   0.88	  -4.06	 -0.001	0.99784							#	   0.27	  67.78	
    732	   1.04	  -4.33	  0.001	0.99791							#	   0.30	  67.47	
    733	   1.04	  -4.72	  0.002	0.99803							#	   0.30	  65.71	
    734	   0.63	  -4.54	  0.001	0.99790							#	   0.28	  68.08	
    735	   0.64	  -4.53	  0.003	0.99789							#	   0.28	  67.78	
    736	   0.81	  -4.44	  0.000	0.99788							#	   0.30	  68.69	
    737	   1.25	  -4.44	  0.003	0.99799							#	   0.32	  66.36	
    738	   0.80	  -4.30	  0.005	0.99789							#	   0.29	  67.78	
    739	   0.94	  -3.99	  0.003	0.99796							#	   0.27	  67.37	
    740	   1.11	  -3.93	  0.006	0.99801							#	   0.29	  64.04	
    741	   0.78	  -3.38	  0.009	0.99799							#	   0.23	  62.32	
    742	   0.59	  -2.91	  0.009	0.99796							#	   0.21	  61.26	
    743	   0.31	  -2.35	  0.011	0.99796							#	   0.17	  59.39	
    744	   0.04	  -1.89	  0.011	0.99785							#	   0.17	  59.04	
    745	  -0.41	  -1.66	  0.009	0.99786							#	   0.18	  55.81	
    746	  -0.39	  -1.09	  0.007	0.99785							#	   0.16	  57.98	
    747	  -0.40	  -0.54	  0.010	0.99799							#	   0.15	  55.96	
    748	  -1.00	  -0.11	  0.012	0.99788							#	   0.17	  54.34	
    749	  -1.05	  -0.45	  0.011	0.99779							#	   0.19	  55.10	
    750	  -0.66	   0.12	  0.010	0.99794							#	   0.16	  55.40	
    751	  -0.72	   0.71	  0.017	0.99779							#	   0.18	  57.02	
    752	  -0.55	   0.36	  0.017	0.99789							#	   0.15	  58.18	
    753	  -1.05	   0.46	  0.022	0.99792							#	   0.17	  60.51	
    754	  -1.43	  -0.11	  0.014	0.99778							#	   0.20	  63.59	
    755	  -1.07	  -0.50	  0.012	0.99785							#	   0.17	  63.43	
    756	  -0.78	  -0.70	  0.007	0.99802							#	   0.16	  65.91	
    757	  -1.22	  -0.99	  0.003	0.99806							#	   0.19	  68.79	
    758	  -1.22	  -1.33	 -0.003	0.99811							#	   0.20	  69.44	
    759	  -0.99	  -1.45	 -0.001	0.99826							#	   0.17	  72.32	
    760	  -1.05	  -1.79	  0.004	0.99814							#	   0.18	  73.28	
    761	  -0.91	  -1.73	  0.005	0.99823							#	   0.15	  72.93	
    762	  -0.67	  -1.89	  0.010	0.99824							#	   0.15	  73.43	
    763	  -0.70	  -2.08	  0.014	0.99816							#	   0.16	  71.82	
    764	  -0.43	  -1.95	  0.017	0.99809							#	   0.14	  72.27	
    765	  -0.24	  -2.30	  0.016	0.99801							#	   0.17	  71.57	
    766	  -0.04	  -2.10	  0.018	0.99805							#	   0.15	  69.90	
    767	   0.18	  -2.37	  0.016	0.99793							#	   0.17	  70.96	
    768	   0.75	  -2.33	  0.018	0.99804							#	   0.18	  69.14	
    769	   0.76	  -2.34	  0.017	0.99804							#	   0.18	  69.55	
    770	   0.91	  -2.10	  0.015	0.99808							#	   0.17	  70.45	
    771	   1.45	  -2.01	  0.013	0.99815							#	   0.21	  64.95	
    772	   1.66	  -1.78	  0.011	0.99808							#	   0.24	  67.47	
    773	   1.69	  -1.60	  0.010	0.99808							#	   0.24	  64.70	
    774	   1.47	  -1.17	  0.010	0.99814							#	   0.20	  64.80	
    775	   1.56	  -0.67	  0.007	0.99812							#	   0.20	  63.48	
    776	   1.40	   0.18	  0.007	0.99804							#	   0.21	  58.54	
    777	   1.04	   0.71	  0.005	0.99794							#	   0.19	  57.32	
    778	   0.93	   1.28	  0.005	0.99800							#	   0.20	  56.11	
    779	   0.79	   1.87	  0.005	0.99798							#	   0.21	  54.49	
    780	   0.53	   2.45	  0.004	0.99796							#	   0.28	  52.22	
    781	   0.96	   3.22	  0.002	0.99801							#	   0.33	  54.14	
    782	   1.61	   3.59	 -0.001	0.99803							#	   0.40	  51.41	
    783	   1.46	   4.34	  0.004	0.99841							#	   0.45	  53.33	
    784	   0.34	   4.21	  0.004	0.99849							#	   0.35	  54.04	
    785	   0.91	   2.99	  0.009	0.99838							#	   0.32	  56.26	
    786	   0.24	   4.56	  0.008	0.99766							#	   0.41	  55.35	
    787	   0.47	   4.11	  0.011	0.99814							#	   0.40	  56.97	
    788	   0.70	   4.39	  0.004	0.99829							#	   0.39	  56.57	
    789	   0.32	   4.49	 -0.003	0.99895							#	   0.36	  56.57	
    790	   0.57	   4.47	 -0.013	0.99821							#	   0.40	  58.89	
    791	   0.74	   3.92	 -0.007	0.99797							#	   0.37	  64.44	
    792	   0.58	   3.88	 -0.015	0.99806							#	   0.34	  63.69	
    793	   0.18	   3.24	 -0.007	0.99814							#	   0.28	  65.81	
    794	   0.02	   3.25	 -0.011	0.99805							#	   0.26	  63.08	
    795	   0.14	   3.00	 -0.003	0.99814							#	   0.25	  67.02	
    796	   0.18	   2.91	 -0.010	0.99807							#	   0.23	  68.74	
    797	   0.17	   2.82	 -0.002	0.99808							#	   0.24	  66.92	
    798	  -0.14	   2.64	 -0.004	0.99803							#	   0.24	  67.83	
    799	  -0.36	   2.67	 -0.004	0.99803							#	   0.23	  68.99	
    800	  -0.51	   2.31	 -0.004	0.99799							#	   0.21	  70.71	
    801	  -0.71	   1.96	 -0.002	0.99800							#	   0.20	  71.21	
    802	  -0.88	   1.78	 -0.004	0.99804							#	   0.20	  71.82	
    803	  -1.03	   1.71	 -0.003	0.99802							#	   0.19	  72.42	
    804	  -1.35	   1.75	 -0.002	0.99806							#	   0.22	  73.13	
    805	  -1.43	   1.70	 -0.000	0.99806							#	   0.23	  74.44	
    806	  -1.39	   2.07	 -0.001	0.99806							#	   0.26	  72.83	
    807	  -1.50	   2.30	 -0.001	0.99804							#	   0.29	  73.23	
    808	  -1.56	   2.74	 -0.001	0.99806							#	   0.33	  72.42	
    809	  -1.76	   2.96	 -0.000	0.99806							#	   0.38	  71.72	
    810	  -1.79	   2.97	 -0.000	0.99802							#	   0.38	  71.26	
    811	  -2.19	   3.14	 -0.002	0.99794							#	   0.46	  69.60	
    812	  -2.56	   3.58	 -0.003	0.99794							#	   0.53	  64.75	
    813	  -2.95	   3.64	 -0.001	0.99795							#	   0.58	  67.17	
    814	  -3.00	   3.46	 -0.004	0.99803							#	   0.59	  62.42	
    815	  -3.25	   3.54	 -0.001	0.99793							#	   0.68	  62.88	
    816	  -3.28	   3.51	 -0.004	0.99797							#	   0.66	  61.52	
    817	  -3.58	   4.33	 -0.001	0.99798							#	   0.80	  61.01	
    818	  -3.85	   3.78	 -0.002	0.99794							#	   0.81	  61.82	
    819	  -3.63	   3.18	 -0.004	0.99794							#	   0.71	  60.81	
    820	  -3.67	   3.71	 -0.003	0.99781							#	   0.71	  63.69	
    821	  -3.62	   3.96	 -0.001	0.99785							#	   0.67	  66.21	
    822	  -3.33	   3.72	 -0.001	0.99795							#	   0.58	  65.56	
    823	  -3.38	   3.59	 -0.001	0.99790							#	   0.57	  63.74	
    824	  -3.40	   3.46	  0.000	0.99779							#	   0.59	  68.28	
    825	  -3.16	   3.41	 -0.000	0.99773							#	   0.54	  70.81	
    826	  -2.45	   3.11	  0.003	0.99785							#	   0.40	  72.12	
    827	  -1.99	   2.84	  0.003	0.99798							#	   0.33	  73.18	
    828	  -2.31	   2.30	  0.005	0.99792							#	   0.31	  75.96	
    829	  -2.15	   2.03	  0.005	0.99799							#	   0.27	  76.26	
    830	  -1.82	   1.74	  0.005	0.99806							#	   0.20	  77.07	
    831	  -1.58	   1.66	  0.007	0.99808							#	   0.18	  79.85	
    832	  -1.34	   1.60	  0.008	0.99812							#	   0.16	  77.93	
    833	  -1.05	   1.52	  0.007	0.99809							#	   0.15	  77.58	
    834	  -0.44	   1.40	  0.003	0.99809							#	   0.14	  77.42	
    835	  -0.27	   1.36	  0.006	0.99810							#	   0.15	  77.58	
    836	  -0.66	   1.08	  0.007	0.99804							#	   0.13	  78.74	
    837	  -0.58	   0.71	  0.004	0.99804							#	   0.13	  75.35	
    838	   0.02	   0.53	  0.007	0.99813							#	   0.14	  77.17	
    839	  -0.02	   0.45	  0.005	0.99807							#	   0.13	  77.22	
    840	  -0.02	   0.36	  0.006	0.99806							#	   0.16	  73.89	
    841	   0.32	   0.47	  0.005	0.99808							#	   0.15	  77.17	
    842	   0.42	   0.23	  0.005	0.99806							#	   0.15	  76.77	
    843	   0.74	   0.24	  0.004	0.99811							#	   0.17	  75.91	
    844	   1.30	   0.58	  0.005	0.99811							#	   0.21	  74.14	
    845	   1.42	   0.68	  0.005	0.99806							#	   0.24	  74.19	
    846	   1.60	   0.94	  0.003	0.99809							#	   0.25	  73.48	
    847	   1.82	   1.01	  0.005	0.99810							#	   0.29	  71.06	
    848	   2.04	   1.35	  0.003	0.99811							#	   0.32	  68.03	
    849	   2.24	   1.51	  0.008	0.99814							#	   0.34	  68.54	
    850	   2.18	   1.94	  0.007	0.99811							#	   0.35	  66.46	
    851	   2.33	   1.96	  0.005	0.99813							#	   0.36	  66.77	
    852	   3.27	   1.90	  0.005	0.99821							#	   0.51	  66.31	
    853	   3.33	   2.36	  0.004	0.99811							#	   0.56	  57.83	
    854	   2.96	   2.22	  0.007	0.99813							#	   0.50	  62.58	
    855	   2.84	   2.36	  0.005	0.99817							#	   0.49	  64.65	
    856	   3.10	   2.37	  0.005	0.99834							#	   0.50	  64.09	
    857	   2.55	   2.00	  0.006	0.99821							#	   0.39	  63.79	
    858	   1.83	   1.70	  0.002	0.99801							#	   0.27	  63.43	
    859	   2.07	   2.30	  0.001	0.99799							#	   0.33	  60.05	
    860	   1.59	   2.32	  0.003	0.99789							#	   0.31	  65.51	
    861	   2.58	   2.66	  0.001	0.99803							#	   0.43	  66.52	
    862	   1.92	   2.26	  0.003	0.99822							#	   0.30	  69.29	
    863	   0.94	   1.82	 -0.000	0.99816							#	   0.19	  67.93	
    864	   0.54	   1.80	 -0.005	0.99799							#	   0.17	  68.18	
    865	   0.18	   1.71	 -0.003	0.99788							#	   0.15	  68.84	
    866	  -0.02	   1.25	 -0.001	0.99794							#	   0.12	  73.79	
