      1	   0.17	  -0.95	 -0.001	1.00009							#	   0.06	  66.87	
      2	   0.11	  -0.84	 -0.000	1.00001							#	   0.22	  64.44	
      3	   0.18	  -0.88	 -0.000	1.00001							#	   0.23	  64.14	
      4	   0.12	  -0.80	 -0.001	1.00006							#	   0.25	  62.02	
      5	   0.16	  -0.77	  0.001	1.00002							#	   0.21	  63.48	
      6	   0.03	  -0.70	 -0.002	0.99999							#	   0.23	  65.61	
      7	   0.03	  -0.70	 -0.000	1.00001							#	   0.23	  65.56	
      8	  -0.03	  -0.63	 -0.001	0.99999							#	   0.20	  64.09	
      9	   0.00	  -0.53	 -0.001	0.99997							#	   0.20	  64.04	
     10	   0.05	  -0.45	 -0.001	1.00002							#	   0.21	  63.08	
     11	   0.04	  -0.22	  0.000	1.00007							#	   0.20	  66.06	
     12	  -0.05	  -0.24	 -0.000	0.99999							#	   0.19	  63.08	
     13	   0.06	  -0.23	  0.000	1.00005							#	   0.22	  63.94	
     14	   0.02	  -0.20	  0.000	1.00005							#	   0.20	  65.71	
     15	   0.06	  -0.25	 -0.001	1.00002							#	   0.20	  62.88	
     16	   0.08	  -0.28	 -0.002	1.00001							#	   0.21	  63.74	
     17	  -0.11	  -0.34	 -0.001	1.00002							#	   0.20	  64.14	
     18	  -0.02	  -0.27	 -0.001	1.00002							#	   0.20	  64.65	
     19	   0.01	  -0.28	 -0.000	1.00003							#	   0.19	  63.43	
     20	  -0.07	  -0.17	  0.001	1.00001							#	   0.20	  63.48	
     21	  -0.23	  -0.11	 -0.000	1.00000							#	   0.20	  65.86	
     22	  -0.19	  -0.19	  0.001	1.00005							#	   0.20	  65.61	
     23	  -0.25	  -0.18	  0.001	1.00004							#	   0.23	  64.90	
     24	  -0.22	  -0.16	  0.001	1.00006							#	   0.24	  64.90	
     25	  -0.31	  -0.11	  0.001	1.00001							#	   0.22	  64.65	
     26	  -0.30	  -0.12	  0.001	1.00001							#	   0.23	  65.61	
     27	  -0.39	  -0.09	  0.001	1.00003							#	   0.22	  64.04	
     28	  -0.34	  -0.11	  0.003	1.00000							#	   0.69	  46.36	
     29	  -0.53	  -0.10	  0.002	1.00007							#	   0.20	  66.82	
     30	  -0.37	  -0.17	  0.003	1.00000							#	   0.24	  64.29	
     31	  -0.36	  -0.10	  0.003	1.00003							#	   0.22	  63.79	
     32	  -0.29	  -0.07	  0.002	1.00005							#	   0.68	  44.44	
     33	  -0.47	  -0.23	  0.003	0.99998							#	   0.21	  65.00	
     34	  -0.46	  -0.32	  0.002	1.00000							#	   0.24	  61.62	
     35	  -0.43	  -0.34	  0.004	1.00000							#	   1.30	  36.87	
     36	  -0.49	  -0.43	  0.004	1.00002							#	   0.12	  64.80	
     37	  -0.47	  -0.47	  0.003	1.00008							#	   0.17	  62.63	
     38	  -0.53	  -0.46	  0.004	1.00008							#	   0.18	  61.16	
     39	  -0.44	  -0.51	  0.002	1.00004							#	   0.16	  62.98	
     40	  -0.56	  -0.63	  0.003	1.00008							#	   0.19	  62.63	
     41	  -0.57	  -0.60	  0.002	1.00007							#	   0.24	  62.68	
     42	  -0.41	  -0.52	  0.003	1.00005							#	   0.22	  61.87	
     43	  -0.45	  -0.67	  0.003	1.00002							#	   0.25	  63.48	
     44	  -0.40	  -0.61	  0.003	1.00005							#	   0.24	  63.33	
     45	  -0.31	  -0.72	  0.002	1.00001							#	   0.22	  62.53	
     46	  -0.32	  -0.70	  0.002	0.99999							#	   0.22	  62.83	
     47	  -0.24	  -0.76	  0.001	1.00001							#	   0.22	  64.14	
     48	  -0.01	  -0.80	  0.004	1.00003							#	   0.22	  65.71	
     49	   0.01	  -0.67	  0.002	1.00000							#	   0.22	  63.23	
     50	   0.13	  -0.87	  0.004	1.00004							#	   0.25	  63.69	
     51	   0.08	  -0.92	  0.003	1.00006							#	   0.26	  64.19	
     52	   0.22	  -0.96	  0.003	1.00005							#	   0.26	  63.23	
     53	   0.30	  -1.07	  0.004	1.00004							#	   0.26	  62.88	
     54	   0.31	  -1.05	  0.003	1.00005							#	   0.27	  62.12	
     55	   0.29	  -1.07	  0.003	1.00005							#	   0.27	  61.92	
     56	   0.45	  -1.19	  0.003	1.00004							#	   0.28	  63.13	
     57	   0.40	  -1.20	  0.003	1.00005							#	   0.29	  61.31	
     58	   0.37	  -1.07	  0.003	1.00013							#	   0.26	  62.68	
     59	   0.45	  -1.13	  0.003	1.00007							#	   0.27	  62.73	
     60	   0.55	  -1.08	  0.003	1.00002							#	   0.43	  58.69	
     61	   0.66	  -1.09	  0.002	1.00005							#	   0.24	  65.00	
     62	   0.47	  -1.03	  0.002	1.00008							#	   0.27	  63.33	
     63	   0.47	  -1.04	  0.003	1.00004							#	   0.27	  63.28	
     64	   0.72	  -1.01	  0.002	1.00004							#	   0.25	  64.39	
     65	   0.66	  -0.93	  0.003	1.00003							#	   0.23	  64.39	
     66	   0.51	  -0.98	  0.003	1.00006							#	   0.24	  64.55	
     67	   0.56	  -1.02	  0.002	1.00004							#	   0.25	  64.34	
     68	   0.63	  -0.95	  0.004	1.00004							#	   0.22	  65.00	
     69	   0.64	  -0.81	  0.002	1.00004							#	   0.22	  66.16	
     70	   0.62	  -0.80	  0.002	1.00006							#	   0.21	  66.16	
     71	   0.59	  -0.78	  0.001	1.00001							#	   0.20	  66.52	
     72	   0.66	  -0.74	  0.002	1.00006							#	   0.20	  65.25	
     73	   0.64	  -0.73	  0.002	1.00001							#	   0.19	  65.86	
     74	   0.66	  -0.57	  0.002	0.99999							#	   0.19	  63.79	
     75	   0.60	  -0.57	  0.001	1.00000							#	   0.20	  63.79	
     76	   0.77	  -0.57	  0.002	1.00008							#	   0.21	  62.93	
     77	   0.61	  -0.52	 -0.000	1.00000							#	   0.21	  63.33	
     78	   0.82	  -0.42	 -0.000	1.00005							#	   0.21	  62.42	
     79	   0.59	  -0.31	 -0.000	1.00001							#	   0.21	  63.43	
     80	   0.89	  -0.31	  0.001	1.00006							#	   0.21	  61.46	
     81	   0.67	  -0.24	 -0.000	1.00012							#	   0.20	  63.89	
     82	   0.75	  -0.20	 -0.001	1.00004							#	   0.20	  62.83	
     83	   0.92	  -0.38	 -0.001	1.00002							#	   0.21	  62.02	
     84	   0.89	  -0.15	 -0.002	1.00006							#	   0.21	  65.05	
     85	   0.89	  -0.10	 -0.001	0.99998							#	   0.20	  64.60	
     86	   0.97	  -0.08	 -0.003	1.00005							#	   0.20	  65.86	
     87	   0.87	  -0.11	 -0.002	1.00010							#	   0.19	  64.95	
     88	   0.99	  -0.11	 -0.002	1.00007							#	   0.19	  65.25	
     89	   0.95	  -0.07	 -0.005	1.00005							#	   0.18	  65.81	
     90	   0.94	  -0.04	 -0.003	1.00004							#	   0.19	  64.80	
     91	   0.99	  -0.04	 -0.004	1.00003							#	   0.19	  64.60	
     92	   1.01	  -0.10	 -0.003	1.00007							#	   0.20	  65.30	
     93	   0.86	  -0.11	 -0.005	1.00008							#	   0.18	  65.56	
     94	   0.79	  -0.07	 -0.004	1.00011							#	   0.18	  65.51	
     95	   1.05	  -0.04	 -0.003	1.00007							#	   0.19	  63.94	
     96	   0.98	   0.01	 -0.003	1.00005							#	   0.18	  65.71	
     97	   0.83	   0.01	 -0.001	1.00003							#	   0.19	  66.46	
     98	   0.96	  -0.01	 -0.002	1.00002							#	   0.18	  66.01	
     99	   1.05	   0.05	 -0.003	1.00006							#	   0.21	  65.96	
    100	   0.97	   0.02	 -0.001	1.00004							#	   0.19	  66.26	
    101	   0.96	   0.07	 -0.002	1.00006							#	   0.18	  65.66	
    102	   0.94	   0.08	  0.000	1.00002							#	   0.19	  65.56	
    103	   0.98	   0.10	 -0.000	1.00005							#	   0.19	  65.71	
    104	   0.96	   0.05	  0.000	1.00001							#	   0.18	  66.41	
    105	   1.20	   0.21	 -0.001	1.00002							#	   0.21	  63.28	
    106	   1.14	   0.22	 -0.002	0.99999							#	   0.20	  63.69	
    107	   1.26	   0.20	 -0.001	1.00001							#	   0.20	  64.39	
    108	   1.29	   0.28	 -0.000	0.99995							#	   0.21	  63.74	
    109	   1.37	   0.33	 -0.000	0.99997							#	   0.21	  62.53	
    110	   1.54	   0.27	 -0.002	1.00000							#	   0.23	  65.20	
    111	   1.64	   0.23	 -0.001	0.99999							#	   0.25	  64.49	
    112	   1.73	   0.31	 -0.000	0.99997							#	   0.26	  62.37	
    113	   1.76	   0.26	 -0.001	1.00002							#	   0.29	  63.54	
    114	   1.98	   0.47	 -0.000	1.00004							#	   0.31	  60.96	
    115	   1.93	   0.44	  0.001	1.00005							#	   0.30	  60.71	
    116	   2.04	   0.43	  0.000	0.99996							#	   0.30	  61.97	
    117	   2.00	   0.40	  0.001	1.00000							#	   0.31	  61.01	
    118	   1.97	   0.38	  0.001	1.00000							#	   0.30	  63.38	
    119	   2.11	   0.39	  0.000	0.99998							#	   0.33	  62.53	
    120	   2.07	   0.36	  0.000	0.99998							#	   0.50	  58.28	
    121	   2.15	   0.41	  0.001	0.99998							#	   0.31	  64.49	
    122	   2.10	   0.34	  0.001	0.99993							#	   0.32	  63.18	
    123	   2.22	   0.35	 -0.000	1.00001							#	   0.34	  60.96	
    124	   2.37	   0.26	 -0.001	0.99996							#	   0.33	  62.88	
    125	   2.28	   0.26	 -0.000	1.00000							#	   0.34	  62.73	
    126	   2.41	   0.21	 -0.000	1.00002							#	   0.34	  62.78	
    127	   2.17	   0.16	 -0.000	1.00000							#	   0.30	  63.13	
    128	   2.31	   0.10	 -0.001	0.99997							#	   0.32	  63.13	
    129	   2.38	   0.09	  0.000	1.00004							#	   0.35	  64.19	
    130	   2.41	   0.08	 -0.001	1.00000							#	   0.34	  63.59	
    131	   2.45	   0.07	 -0.002	1.00005							#	   0.33	  61.36	
    132	   2.28	   0.05	 -0.000	1.00002							#	   0.30	  62.68	
    133	   2.48	   0.00	 -0.003	1.00006							#	   0.32	  62.32	
    134	   2.37	   0.10	 -0.002	1.00005							#	   0.34	  62.27	
    135	   2.45	   0.12	 -0.001	1.00005							#	   0.36	  61.77	
    136	   2.37	   0.12	 -0.002	1.00003							#	   0.35	  62.27	
    137	   2.43	   0.05	 -0.001	1.00008							#	   0.36	  63.38	
    138	   2.37	   0.03	 -0.001	1.00008							#	   0.34	  61.97	
    139	   2.43	   0.12	 -0.002	1.00006							#	   0.35	  61.97	
    140	   2.47	   0.03	 -0.001	1.00007							#	   0.36	  62.17	
    141	   2.42	   0.06	 -0.002	1.00005							#	   0.33	  62.42	
    142	   2.58	   0.03	  0.000	1.00008							#	   0.37	  62.02	
    143	   2.42	   0.09	 -0.003	1.00002							#	   0.33	  62.22	
    144	   2.52	   0.06	 -0.000	1.00006							#	   0.36	  62.37	
    145	   2.49	   0.10	 -0.002	1.00007							#	   0.36	  62.88	
    146	   2.36	   0.07	 -0.000	1.00007							#	   0.35	  63.59	
    147	   2.52	   0.11	 -0.002	1.00003							#	   0.35	  63.94	
    148	   2.54	  -0.01	 -0.001	1.00008							#	   0.37	  61.41	
    149	   2.33	   0.03	 -0.001	1.00005							#	   0.32	  62.37	
    150	   2.55	  -0.09	 -0.002	1.00011							#	   0.33	  61.97	
    151	   2.41	  -0.01	 -0.002	1.00005							#	   0.32	  61.46	
    152	   2.61	  -0.05	 -0.002	1.00006							#	   0.34	  61.41	
    153	   2.29	  -0.05	 -0.001	1.00006							#	   0.32	  62.22	
    154	   2.30	  -0.03	  0.001	1.00006							#	   0.32	  61.82	
    155	   2.42	  -0.05	 -0.002	1.00008							#	   0.31	  62.07	
    156	   2.24	  -0.02	 -0.000	1.00006							#	   0.30	  61.11	
    157	   2.36	  -0.05	 -0.003	1.00004							#	   0.33	  61.06	
    158	   2.27	  -0.03	 -0.000	1.00006							#	   0.33	  62.68	
    159	   2.13	  -0.08	 -0.001	1.00008							#	   0.31	  63.23	
    160	   2.06	  -0.08	 -0.001	1.00006							#	   0.28	  61.97	
    161	   2.11	  -0.14	 -0.002	1.00010							#	   0.31	  61.82	
    162	   2.14	  -0.21	 -0.001	1.00005							#	   0.30	  60.00	
    163	   1.95	  -0.19	 -0.001	1.00007							#	   0.28	  60.61	
    164	   2.00	  -0.24	 -0.001	1.00006							#	   0.27	  60.56	
    165	   1.93	  -0.24	 -0.001	1.00008							#	   0.28	  60.20	
    166	   2.00	  -0.20	 -0.000	1.00008							#	   0.28	  61.31	
    167	   1.99	  -0.39	 -0.001	1.00003							#	   0.28	  59.19	
    168	   1.73	  -0.38	 -0.001	1.00006							#	   0.25	  59.49	
    169	   1.70	  -0.51	 -0.001	1.00010							#	   0.26	  59.44	
    170	   1.65	  -0.55	 -0.001	1.00000							#	   0.25	  60.40	
    171	   1.83	  -0.56	 -0.001	0.99999							#	   0.29	  58.99	
    172	   1.74	  -0.57	 -0.001	1.00004							#	   0.28	  60.05	
    173	   1.55	  -0.73	  0.001	1.00003							#	   0.28	  62.58	
    174	   1.72	  -0.52	  0.001	1.00003							#	   0.25	  61.67	
    175	   1.81	  -0.51	  0.002	0.99997							#	   0.27	  61.92	
    176	   1.67	  -0.57	  0.001	1.00004							#	   0.25	  62.27	
    177	   1.75	  -0.55	  0.000	1.00001							#	   0.26	  61.82	
    178	   1.69	  -0.51	  0.002	1.00004							#	   0.24	  60.86	
    179	   1.74	  -0.60	  0.001	1.00007							#	   0.27	  61.72	
    180	   1.73	  -0.47	  0.001	1.00002							#	   0.39	  56.72	
    181	   1.82	  -0.46	  0.003	1.00000							#	   0.24	  62.93	
    182	   1.73	  -0.50	  0.003	1.00001							#	   0.26	  61.31	
    183	   1.63	  -0.48	  0.003	1.00005							#	   0.26	  60.61	
    184	   1.63	  -0.68	  0.003	1.00002							#	   0.29	  61.92	
    185	   1.74	  -0.57	  0.003	1.00001							#	   0.28	  60.81	
    186	   1.56	  -0.70	  0.003	0.99997							#	   0.26	  65.05	
    187	   1.61	  -0.62	  0.001	1.00002							#	   0.26	  61.82	
    188	   1.47	  -0.67	  0.004	1.00006							#	   0.25	  61.52	
    189	   1.29	  -0.72	  0.004	0.99998							#	   0.23	  63.28	
    190	   1.56	  -0.66	  0.002	1.00003							#	   0.25	  62.73	
    191	   1.54	  -0.72	  0.004	1.00004							#	   0.25	  62.02	
    192	   1.49	  -0.78	  0.002	1.00003							#	   0.25	  62.88	
    193	   1.39	  -0.81	  0.004	1.00002							#	   0.26	  62.98	
    194	   1.55	  -0.69	  0.003	1.00000							#	   0.28	  62.83	
    195	   1.58	  -0.78	  0.001	1.00002							#	   0.29	  64.19	
    196	   1.59	  -0.77	  0.003	1.00005							#	   0.28	  63.48	
    197	   1.50	  -0.70	  0.002	1.00005							#	   0.25	  62.17	
    198	   1.67	  -0.71	  0.002	1.00000							#	   0.27	  61.36	
    199	   1.63	  -0.77	  0.002	1.00002							#	   0.26	  63.99	
    200	   1.73	  -0.73	  0.003	1.00001							#	   0.27	  63.23	
    201	   1.71	  -0.82	  0.002	1.00000							#	   0.29	  65.00	
    202	   1.68	  -0.76	  0.002	1.00003							#	   0.28	  64.14	
    203	   1.71	  -0.78	  0.002	1.00000							#	   0.28	  63.18	
    204	   1.78	  -0.79	  0.002	1.00003							#	   0.28	  63.79	
    205	   1.73	  -0.74	  0.001	1.00003							#	   0.27	  63.38	
    206	   1.74	  -0.68	  0.002	0.99997							#	   0.27	  63.03	
    207	   1.70	  -0.78	  0.001	1.00001							#	   0.26	  63.54	
    208	   1.72	  -0.73	  0.003	0.99998							#	   0.26	  63.54	
    209	   1.67	  -0.78	  0.002	1.00000							#	   0.26	  63.89	
    210	   1.58	  -0.74	  0.002	1.00003							#	   0.26	  63.89	
    211	   1.73	  -0.77	  0.000	1.00001							#	   0.28	  65.76	
    212	   1.70	  -0.71	  0.001	1.00003							#	   0.27	  64.19	
    213	   1.72	  -0.77	  0.002	1.00001							#	   0.28	  64.95	
    214	   1.72	  -0.74	  0.000	1.00002							#	   0.27	  64.85	
    215	   1.81	  -0.75	  0.000	1.00003							#	   0.29	  63.08	
    216	   1.77	  -0.77	 -0.000	1.00002							#	   0.27	  64.55	
    217	   1.70	  -0.75	 -0.000	0.99997							#	   0.27	  65.20	
    218	   1.70	  -0.80	  0.001	1.00001							#	   0.28	  64.90	
    219	   1.76	  -0.82	 -0.001	1.00005							#	   0.28	  64.70	
    220	   1.83	  -0.80	 -0.001	1.00003							#	   0.30	  64.90	
    221	   1.78	  -0.72	 -0.001	1.00001							#	   0.30	  63.03	
    222	   1.67	  -0.82	 -0.001	1.00003							#	   0.29	  64.70	
    223	   1.89	  -0.79	 -0.001	1.00000							#	   0.30	  64.75	
    224	   1.82	  -0.81	 -0.001	1.00004							#	   0.29	  65.66	
    225	   1.89	  -0.75	 -0.002	1.00002							#	   0.30	  64.29	
    226	   1.90	  -0.73	 -0.001	0.99999							#	   0.29	  65.51	
    227	   1.95	  -0.67	 -0.001	0.99999							#	   0.29	  63.03	
    228	   2.06	  -0.58	 -0.001	0.99999							#	   0.31	  62.53	
    229	   2.06	  -0.59	 -0.002	0.99998							#	   0.29	  62.07	
    230	   2.16	  -0.49	 -0.002	1.00001							#	   0.30	  61.72	
    231	   2.20	  -0.51	 -0.003	0.99996							#	   0.29	  61.46	
    232	   2.12	  -0.51	 -0.002	0.99998							#	   0.31	  58.99	
    233	   2.18	  -0.64	 -0.003	1.00004							#	   0.31	  61.97	
    234	   2.21	  -0.47	 -0.003	1.00005							#	   0.30	  60.35	
    235	   2.21	  -0.42	 -0.004	1.00000							#	   0.29	  59.39	
    236	   2.37	  -0.41	 -0.002	1.00001							#	   0.32	  61.16	
    237	   2.23	  -0.54	 -0.004	1.00001							#	   0.33	  62.22	
    238	   2.27	  -0.47	 -0.002	0.99998							#	   0.34	  63.08	
    239	   2.40	  -0.41	 -0.002	1.00003							#	   0.35	  61.01	
    240	   2.43	  -0.32	 -0.002	0.99999							#	   0.50	  57.42	
    241	   2.72	  -0.22	 -0.003	1.00006							#	   0.37	  63.59	
    242	   2.63	  -0.35	 -0.001	1.00001							#	   0.36	  61.41	
    243	   2.51	  -0.43	 -0.001	1.00001							#	   0.36	  61.41	
    244	   2.64	  -0.42	 -0.002	1.00007							#	   0.40	  61.16	
    245	   2.78	  -0.35	 -0.002	1.00004							#	   0.38	  61.06	
    246	   2.66	  -0.37	 -0.000	1.00001							#	   0.38	  61.46	
    247	   2.60	  -0.46	 -0.001	1.00006							#	   0.36	  60.51	
    248	   2.76	  -0.38	 -0.001	1.00005							#	   0.38	  60.86	
    249	   2.69	  -0.39	 -0.001	1.00004							#	   0.36	  61.01	
    250	   2.67	  -0.29	 -0.001	1.00003							#	   0.38	  60.91	
    251	   2.68	  -0.46	  0.001	1.00005							#	   0.38	  60.76	
    252	   2.61	  -0.37	  0.000	1.00006							#	   0.35	  61.62	
    253	   2.65	  -0.41	  0.002	1.00005							#	   0.38	  60.61	
    254	   2.66	  -0.37	  0.003	1.00003							#	   0.39	  61.52	
    255	   2.72	  -0.40	  0.001	1.00005							#	   0.38	  61.36	
    256	   2.61	  -0.42	  0.002	1.00004							#	   0.39	  61.11	
    257	   2.36	  -0.55	  0.004	1.00004							#	   0.34	  62.22	
    258	   2.60	  -0.44	  0.002	1.00004							#	   0.38	  61.06	
    259	   2.61	  -0.50	  0.002	1.00001							#	   0.38	  60.51	
    260	   2.62	  -0.55	  0.002	1.00006							#	   0.40	  61.41	
    261	   2.49	  -0.52	  0.003	1.00000							#	   0.38	  62.07	
    262	   2.35	  -0.62	  0.001	1.00004							#	   0.36	  61.57	
    263	   2.50	  -0.50	  0.004	1.00003							#	   0.38	  62.58	
    264	   2.37	  -0.55	  0.003	1.00007							#	   0.35	  60.51	
    265	   2.41	  -0.60	  0.001	1.00000							#	   0.37	  61.92	
    266	   2.45	  -0.56	  0.002	1.00001							#	   0.36	  62.07	
    267	   2.43	  -0.53	  0.001	1.00006							#	   0.34	  62.32	
    268	   2.60	  -0.46	  0.002	1.00004							#	   0.36	  62.22	
    269	   2.60	  -0.61	  0.001	1.00002							#	   0.38	  60.56	
    270	   2.57	  -0.53	  0.004	1.00002							#	   0.38	  60.51	
    271	   2.66	  -0.68	  0.002	0.99999							#	   0.42	  62.63	
    272	   2.55	  -0.65	  0.003	1.00004							#	   0.40	  61.67	
    273	   2.50	  -0.75	  0.003	0.99997							#	   0.39	  61.82	
    274	   2.45	  -0.79	  0.003	1.00006							#	   0.38	  62.47	
    275	   2.37	  -0.72	  0.002	1.00007							#	   0.37	  62.47	
    276	   2.55	  -0.63	  0.002	0.99998							#	   0.38	  61.87	
    277	   2.54	  -0.72	  0.002	1.00004							#	   0.39	  62.27	
    278	   2.39	  -0.73	  0.003	1.00004							#	   0.37	  62.32	
    279	   2.46	  -0.72	  0.002	1.00005							#	   0.38	  63.54	
    280	   2.35	  -0.72	  0.002	1.00001							#	   0.37	  61.31	
    281	   2.43	  -0.79	  0.003	1.00000							#	   0.38	  63.99	
    282	   2.50	  -0.77	  0.002	1.00003							#	   0.39	  63.38	
    283	   2.54	  -0.58	  0.004	1.00001							#	   0.36	  60.40	
    284	   2.36	  -0.60	  0.002	0.99997							#	   0.32	  61.87	
    285	   2.45	  -0.72	  0.004	1.00003							#	   0.36	  63.28	
    286	   2.33	  -0.67	  0.003	1.00002							#	   0.33	  62.27	
    287	   2.36	  -0.74	  0.004	1.00000							#	   0.34	  63.79	
    288	   2.35	  -0.63	  0.002	1.00001							#	   0.31	  62.58	
    289	   2.22	  -0.74	  0.002	0.99999							#	   0.31	  64.09	
    290	   2.25	  -0.62	  0.003	0.99997							#	   0.30	  62.98	
    291	   2.16	  -0.61	  0.004	1.00008							#	   0.30	  63.59	
    292	   2.25	  -0.52	  0.005	1.00002							#	   0.30	  63.79	
    293	   2.28	  -0.46	  0.004	1.00004							#	   0.30	  64.24	
    294	   2.24	  -0.33	  0.004	0.99999							#	   0.28	  64.09	
    295	   2.22	  -0.43	  0.005	1.00009							#	   0.28	  62.78	
    296	   2.13	  -0.31	  0.004	1.00004							#	   0.26	  64.29	
    297	   1.99	  -0.40	  0.006	1.00003							#	   0.25	  64.65	
    298	   1.82	  -0.51	  0.004	1.00003							#	   0.25	  62.93	
    299	   1.91	  -0.43	  0.004	1.00003							#	   0.26	  64.14	
    300	   1.97	  -0.42	  0.005	1.00002							#	   0.41	  59.04	
    301	   1.84	  -0.51	  0.003	1.00009							#	   0.25	  64.19	
    302	   1.64	  -0.54	  0.003	1.00008							#	   0.25	  63.48	
    303	   1.80	  -0.50	  0.006	1.00002							#	   0.27	  63.43	
    304	   1.82	  -0.37	  0.004	1.00001							#	   0.25	  63.28	
    305	   1.92	  -0.37	  0.005	1.00005							#	   0.27	  63.13	
    306	   1.79	  -0.37	  0.005	1.00003							#	   0.25	  62.83	
    307	   1.85	  -0.35	  0.003	1.00005							#	   0.25	  63.23	
    308	   1.65	  -0.55	  0.003	1.00003							#	   0.26	  63.18	
    309	   1.84	  -0.41	  0.004	1.00003							#	   0.27	  63.69	
    310	   1.76	  -0.39	  0.004	1.00003							#	   0.25	  63.94	
    311	   1.89	  -0.31	  0.003	1.00004							#	   0.26	  63.33	
    312	   1.93	  -0.41	  0.004	1.00008							#	   0.27	  62.32	
    313	   1.78	  -0.36	  0.005	1.00006							#	   0.25	  62.78	
    314	   1.93	  -0.40	  0.004	1.00004							#	   0.25	  63.59	
    315	   2.04	  -0.23	  0.004	1.00002							#	   0.26	  65.20	
    316	   1.79	  -0.29	  0.005	1.00005							#	   0.24	  64.95	
    317	   1.92	  -0.35	  0.005	1.00005							#	   0.25	  65.15	
    318	   1.84	  -0.24	  0.006	1.00006							#	   0.24	  66.26	
    319	   1.77	  -0.22	  0.007	1.00002							#	   0.21	  65.76	
    320	   1.82	  -0.16	  0.005	1.00002							#	   0.23	  66.62	
    321	   1.88	  -0.21	  0.006	1.00007							#	   0.23	  66.16	
    322	   1.77	  -0.23	  0.007	1.00002							#	   0.24	  66.16	
    323	   1.89	  -0.22	  0.007	1.00001							#	   0.25	  65.86	
    324	   1.80	  -0.11	  0.006	1.00000							#	   0.23	  68.03	
    325	   1.89	   0.01	  0.005	0.99998							#	   0.25	  68.23	
    326	   1.76	   0.03	  0.006	0.99998							#	   0.24	  66.46	
    327	   1.73	   0.06	  0.005	1.00001							#	   0.25	  67.32	
    328	   1.68	   0.04	  0.006	0.99998							#	   0.25	  67.17	
    329	   1.75	  -0.00	  0.005	1.00001							#	   0.25	  67.32	
    330	   1.70	   0.03	  0.005	1.00000							#	   0.25	  67.17	
    331	   1.76	  -0.00	  0.006	1.00000							#	   0.25	  67.93	
    332	   1.65	   0.07	  0.007	1.00000							#	   0.26	  67.12	
    333	   1.59	   0.01	  0.007	0.99999							#	   0.23	  66.41	
    334	   1.72	  -0.09	  0.006	0.99999							#	   0.24	  66.01	
    335	   1.72	   0.08	  0.008	0.99999							#	   0.25	  65.40	
    336	   1.83	   0.11	  0.008	0.99997							#	   0.28	  64.14	
    337	   1.84	   0.08	  0.009	0.99998							#	   0.26	  65.25	
    338	   1.81	   0.12	  0.007	0.99994							#	   0.26	  63.13	
    339	   1.93	   0.01	  0.007	0.99997							#	   0.28	  65.20	
    340	   1.93	   0.05	  0.007	0.99999							#	   0.28	  63.59	
    341	   1.97	  -0.03	  0.006	1.00002							#	   0.27	  66.21	
    342	   1.99	  -0.08	  0.006	1.00002							#	   0.27	  65.71	
    343	   2.16	  -0.10	  0.007	1.00001							#	   0.31	  66.62	
    344	   2.16	  -0.16	  0.006	0.99998							#	   0.30	  65.05	
    345	   2.15	  -0.13	  0.008	1.00000							#	   0.30	  65.66	
    346	   2.22	  -0.15	  0.006	1.00002							#	   0.31	  66.26	
    347	   2.19	  -0.13	  0.007	0.99999							#	   0.31	  65.96	
    348	   2.13	  -0.19	  0.007	1.00002							#	   0.30	  64.39	
    349	   2.27	  -0.28	  0.008	1.00002							#	   0.31	  63.54	
    350	   2.22	  -0.16	  0.008	0.99998							#	   0.32	  65.45	
    351	   2.19	  -0.21	  0.006	1.00004							#	   0.30	  63.89	
    352	   2.34	  -0.30	  0.006	1.00008							#	   0.31	  63.79	
    353	   2.22	  -0.26	  0.006	1.00002							#	   0.29	  64.09	
    354	   2.22	  -0.28	  0.006	1.00001							#	   0.29	  65.15	
    355	   2.27	  -0.22	  0.006	1.00000							#	   0.29	  64.70	
    356	   2.28	  -0.23	  0.006	1.00001							#	   0.29	  64.49	
    357	   2.17	  -0.23	  0.006	1.00000							#	   0.28	  64.70	
    358	   2.18	  -0.25	  0.006	1.00000							#	   0.30	  65.25	
    359	   2.31	  -0.33	  0.006	1.00004							#	   0.30	  64.49	
    360	   2.17	  -0.43	  0.006	0.99999							#	   0.45	  60.91	
    361	   2.30	  -0.49	  0.005	1.00008							#	   0.31	  64.85	
    362	   2.20	  -0.47	  0.006	1.00009							#	   0.32	  63.48	
    363	   2.26	  -0.54	  0.005	1.00004							#	   0.33	  63.69	
    364	   2.17	  -0.61	  0.004	1.00000							#	   0.31	  63.03	
    365	   2.34	  -0.73	  0.005	1.00001							#	   0.35	  64.04	
    366	   2.24	  -0.80	  0.004	0.99998							#	   0.35	  65.56	
    367	   2.22	  -0.68	  0.004	1.00000							#	   0.33	  63.18	
    368	   2.27	  -0.68	  0.003	0.99996							#	   0.32	  63.33	
    369	   2.15	  -0.80	  0.003	0.99999							#	   0.33	  65.61	
    370	   2.17	  -0.65	  0.002	0.99997							#	   0.29	  61.41	
    371	   2.05	  -0.68	  0.003	0.99998							#	   0.29	  64.75	
    372	   2.09	  -0.62	  0.002	1.00000							#	   0.31	  63.18	
    373	   2.06	  -0.62	  0.001	1.00001							#	   0.29	  63.59	
    374	   1.86	  -0.61	  0.002	1.00000							#	   0.27	  63.08	
    375	   1.94	  -0.51	  0.001	1.00001							#	   0.27	  60.96	
    376	   1.87	  -0.52	  0.000	1.00008							#	   0.26	  62.02	
    377	   1.85	  -0.41	  0.002	1.00001							#	   0.25	  62.53	
    378	   1.85	  -0.50	  0.000	1.00001							#	   0.26	  62.07	
    379	   1.72	  -0.45	 -0.000	1.00005							#	   0.22	  62.12	
    380	   1.66	  -0.49	  0.000	0.99997							#	   0.22	  63.33	
    381	   1.59	  -0.59	 -0.001	1.00004							#	   0.22	  63.33	
    382	   1.32	  -0.65	 -0.002	1.00000							#	   0.21	  65.40	
    383	   1.45	  -0.62	 -0.002	0.99999							#	   0.19	  65.71	
    384	   1.34	  -0.62	 -0.002	1.00000							#	   0.20	  64.85	
    385	   1.13	  -0.73	 -0.003	1.00002							#	   0.19	  66.06	
    386	   1.17	  -0.84	 -0.003	1.00001							#	   0.21	  65.81	
    387	   1.14	  -0.89	 -0.003	1.00003							#	   0.20	  67.27	
    388	   1.17	  -0.85	 -0.003	1.00001							#	   0.21	  66.97	
    389	   0.99	  -0.88	 -0.001	1.00002							#	   0.21	  67.47	
    390	   0.91	  -0.88	 -0.003	1.00004							#	   0.21	  66.97	
    391	   1.03	  -0.85	 -0.004	0.99999							#	   0.22	  66.62	
    392	   0.90	  -0.90	 -0.002	1.00004							#	   0.21	  67.78	
    393	   0.90	  -0.77	 -0.004	1.00002							#	   0.20	  67.27	
    394	   0.81	  -0.73	 -0.003	1.00001							#	   0.19	  67.17	
    395	   0.87	  -0.79	 -0.003	1.00003							#	   0.20	  68.74	
    396	   0.75	  -0.79	 -0.003	1.00005							#	   0.19	  68.03	
    397	   0.60	  -0.72	 -0.002	1.00001							#	   0.17	  67.17	
    398	   0.76	  -0.82	 -0.004	1.00006							#	   0.19	  68.64	
    399	   0.51	  -0.82	 -0.003	1.00005							#	   0.19	  69.09	
    400	   0.49	  -0.85	 -0.002	1.00003							#	   0.19	  69.04	
    401	   0.45	  -0.71	 -0.004	1.00000							#	   0.18	  66.31	
    402	   0.44	  -0.70	 -0.002	0.99999							#	   0.17	  67.73	
    403	   0.66	  -0.58	 -0.002	1.00001							#	   0.17	  66.06	
    404	   0.47	  -0.66	 -0.004	0.99998							#	   0.17	  67.37	
    405	   0.34	  -0.53	 -0.001	0.99997							#	   0.18	  66.01	
    406	   0.11	  -0.53	 -0.001	1.00002							#	   0.17	  66.11	
    407	   0.41	  -0.47	  0.002	1.00001							#	   0.16	  65.91	
    408	   0.24	  -0.46	  0.000	1.00000							#	   0.14	  66.82	
    409	   0.22	  -0.46	 -0.000	1.00006							#	   0.14	  66.87	
    410	   0.22	  -0.46	 -0.001	1.00001							#	   0.12	  67.17	
    411	   0.23	  -0.28	 -0.001	1.00002							#	   0.12	  68.54	
    412	   0.29	  -0.28	  0.000	1.00004							#	   0.13	  68.08	
    413	   0.25	  -0.39	 -0.001	1.00003							#	   0.13	  68.59	
    414	   0.31	  -0.31	 -0.000	1.00004							#	   0.13	  68.54	
    415	   0.16	  -0.19	  0.001	1.00002							#	   0.13	  71.36	
    416	   0.21	  -0.23	 -0.000	1.00003							#	   0.13	  69.39	
    417	   0.14	  -0.24	  0.000	1.00002							#	   0.13	  70.45	
    418	   0.21	  -0.30	  0.000	1.00006							#	   0.13	  68.64	
    419	   0.28	  -0.28	 -0.001	1.00002							#	   0.14	  69.34	
    420	   0.01	  -0.31	 -0.000	1.00001							#	   0.33	  63.28	
    421	   0.25	  -0.26	 -0.000	1.00011							#	   0.13	  70.05	
    422	   0.11	  -0.29	 -0.001	1.00003							#	   0.16	  68.84	
    423	   0.24	  -0.24	  0.001	1.00004							#	   0.14	  69.70	
    424	   0.26	  -0.17	  0.001	1.00005							#	   0.15	  70.15	
    425	   0.29	  -0.14	  0.000	1.00003							#	   0.17	  70.45	
    426	   0.37	  -0.18	  0.001	1.00010							#	   0.15	  70.71	
    427	   0.37	  -0.16	  0.001	1.00004							#	   0.14	  69.90	
    428	   0.35	  -0.17	  0.001	1.00003							#	   0.15	  68.94	
    429	   0.50	  -0.18	  0.001	1.00005							#	   0.15	  70.35	
    430	   0.67	  -0.23	 -0.000	1.00013							#	   0.15	  68.89	
    431	   0.39	  -0.32	  0.000	1.00009							#	   0.15	  68.79	
    432	   0.49	  -0.34	  0.001	1.00006							#	   0.15	  68.28	
    433	   0.64	  -0.35	  0.001	1.00004							#	   0.16	  69.09	
    434	   0.55	  -0.39	  0.000	1.00005							#	   0.16	  67.42	
    435	   0.60	  -0.45	  0.001	1.00003							#	   0.16	  67.83	
    436	   0.51	  -0.57	  0.001	1.00001							#	   0.16	  67.53	
    437	   0.54	  -0.55	  0.001	1.00002							#	   0.15	  67.78	
    438	   0.38	  -0.58	  0.001	1.00005							#	   0.15	  67.47	
    439	   0.43	  -0.71	  0.000	1.00003							#	   0.16	  70.30	
    440	   0.32	  -0.69	  0.001	1.00001							#	   0.15	  68.74	
    441	   0.30	  -0.78	 -0.000	1.00004							#	   0.17	  69.39	
    442	   0.30	  -0.74	  0.002	1.00003							#	   0.17	  68.43	
    443	   0.28	  -0.73	 -0.000	1.00003							#	   0.16	  68.43	
    444	   0.47	  -0.54	  0.001	1.00005							#	   0.15	  66.87	
    445	   0.30	  -0.71	  0.001	1.00005							#	   0.17	  68.69	
    446	   0.26	  -0.74	 -0.000	1.00004							#	   0.15	  68.28	
    447	   0.16	  -0.65	  0.002	1.00001							#	   0.14	  66.97	
    448	   0.24	  -0.58	 -0.002	1.00004							#	   0.13	  67.17	
    449	   0.33	  -0.42	  0.001	1.00007							#	   0.13	  67.47	
    450	   0.45	  -0.36	  0.000	1.00002							#	   0.14	  67.02	
    451	   0.21	  -0.44	  0.000	1.00007							#	   0.14	  68.13	
    452	   0.06	  -0.49	 -0.000	1.00004							#	   0.14	  67.53	
    453	   0.16	  -0.40	 -0.000	1.00008							#	   0.14	  67.27	
    454	   0.20	  -0.52	 -0.002	1.00006							#	   0.15	  66.67	
    455	   0.10	  -0.39	 -0.000	1.00003							#	   0.15	  67.68	
    456	   0.06	  -0.53	 -0.001	1.00001							#	   0.14	  66.41	
    457	  -0.01	  -0.53	  0.000	1.00001							#	   0.15	  68.48	
    458	  -0.02	  -0.52	  0.001	1.00000							#	   0.15	  66.67	
    459	  -0.04	  -0.60	  0.000	1.00002							#	   0.15	  68.08	
    460	  -0.01	  -0.50	  0.001	1.00004							#	   0.14	  67.02	
    461	  -0.05	  -0.48	  0.003	1.00008							#	   0.14	  66.92	
    462	  -0.11	  -0.57	  0.002	1.00002							#	   0.14	  68.54	
    463	  -0.10	  -0.47	  0.001	1.00007							#	   0.14	  67.53	
    464	  -0.15	  -0.59	  0.001	1.00005							#	   0.14	  68.94	
    465	  -0.17	  -0.58	  0.002	1.00006							#	   0.15	  68.43	
    466	  -0.11	  -0.63	 -0.002	1.00002							#	   0.14	  70.20	
    467	  -0.04	  -0.48	  0.002	1.00009							#	   0.13	  67.73	
    468	  -0.20	  -0.55	  0.002	1.00005							#	   0.15	  68.74	
    469	   0.05	  -0.34	  0.003	1.00004							#	   0.13	  69.09	
    470	   0.01	  -0.46	  0.001	1.00005							#	   0.13	  67.17	
    471	  -0.00	  -0.36	  0.004	1.00010							#	   0.14	  69.85	
    472	  -0.06	  -0.43	  0.002	1.00008							#	   0.13	  67.68	
    473	   0.04	  -0.33	  0.003	1.00009							#	   0.14	  67.98	
    474	   0.03	  -0.47	  0.002	1.00010							#	   0.15	  68.03	
    475	   0.05	  -0.39	  0.003	1.00003							#	   0.14	  69.09	
    476	   0.06	  -0.37	  0.002	1.00003							#	   0.14	  67.53	
    477	   0.18	  -0.36	  0.003	1.00008							#	   0.14	  68.38	
    478	   0.03	  -0.39	  0.005	1.00003							#	   0.15	  67.68	
    479	   0.09	  -0.39	  0.003	1.00008							#	   0.14	  68.43	
    480	   0.19	  -0.35	  0.004	1.00004							#	   0.31	  62.88	
    481	   0.21	  -0.36	  0.002	1.00010							#	   0.11	  69.65	
    482	   0.11	  -0.32	  0.003	1.00009							#	   0.12	  67.37	
    483	   0.15	  -0.31	  0.002	1.00004							#	   0.14	  67.32	
    484	   0.21	  -0.42	  0.004	1.00013							#	   0.13	  68.28	
    485	   0.14	  -0.31	  0.003	1.00006							#	   0.13	  67.63	
    486	   0.16	  -0.40	  0.004	1.00009							#	   0.14	  66.77	
    487	   0.10	  -0.40	  0.003	1.00005							#	   0.14	  67.98	
    488	   0.13	  -0.48	  0.004	1.00005							#	   0.15	  66.41	
    489	   0.15	  -0.48	  0.004	1.00004							#	   0.13	  68.54	
    490	   0.20	  -0.41	  0.003	1.00005							#	   0.14	  67.37	
    491	   0.30	  -0.36	  0.003	1.00008							#	   0.14	  67.47	
    492	   0.28	  -0.39	  0.004	1.00009							#	   0.12	  67.02	
    493	   0.23	  -0.50	  0.004	1.00009							#	   0.14	  67.68	
    494	   0.18	  -0.56	  0.002	1.00004							#	   0.14	  67.17	
    495	   0.39	  -0.43	  0.004	1.00011							#	   0.15	  67.58	
    496	   0.32	  -0.47	  0.002	1.00010							#	   0.15	  67.12	
    497	   0.19	  -0.62	  0.002	1.00004							#	   0.17	  67.83	
    498	   0.43	  -0.53	  0.004	1.00005							#	   0.17	  67.58	
    499	   0.34	  -0.45	  0.004	0.99998							#	   0.16	  66.97	
    500	   0.51	  -0.54	  0.002	1.00010							#	   0.18	  67.27	
    501	   0.39	  -0.46	  0.004	1.00006							#	   0.15	  68.28	
    502	   0.48	  -0.47	  0.002	1.00001							#	   0.16	  66.62	
    503	   0.61	  -0.44	  0.002	1.00011							#	   0.15	  66.26	
    504	   0.54	  -0.32	  0.003	1.00006							#	   0.15	  67.53	
    505	   0.56	  -0.39	  0.004	1.00002							#	   0.14	  65.51	
    506	   0.52	  -0.29	  0.003	1.00008							#	   0.13	  69.60	
    507	   0.61	  -0.40	  0.003	1.00004							#	   0.14	  66.36	
    508	   0.55	  -0.36	  0.002	1.00006							#	   0.16	  66.21	
    509	   0.55	  -0.40	  0.003	1.00002							#	   0.14	  66.06	
    510	   0.56	  -0.30	  0.001	1.00006							#	   0.13	  68.54	
    511	   0.35	  -0.38	  0.003	1.00005							#	   0.12	  68.48	
    512	   0.55	  -0.30	  0.002	1.00001							#	   0.13	  68.13	
    513	   0.51	  -0.30	  0.001	1.00005							#	   0.12	  68.38	
    514	   0.45	  -0.32	  0.002	1.00012							#	   0.12	  68.43	
    515	   0.26	  -0.40	  0.002	1.00004							#	   0.12	  67.88	
    516	   0.35	  -0.31	  0.001	1.00005							#	   0.12	  68.48	
    517	   0.64	  -0.21	  0.003	1.00005							#	   0.12	  70.76	
    518	   0.32	  -0.21	  0.001	1.00006							#	   0.13	  70.15	
    519	   0.34	  -0.29	  0.003	1.00006							#	   0.14	  67.53	
    520	   0.27	  -0.23	  0.002	1.00007							#	   0.13	  69.39	
    521	   0.32	  -0.42	  0.001	1.00005							#	   0.13	  67.78	
    522	   0.31	  -0.24	  0.001	1.00007							#	   0.13	  69.90	
    523	   0.36	  -0.25	  0.002	1.00006							#	   0.13	  69.44	
    524	   0.36	  -0.18	  0.002	1.00007							#	   0.13	  68.59	
    525	   0.10	  -0.23	  0.002	1.00004							#	   0.12	  68.79	
    526	   0.20	  -0.31	  0.001	1.00007							#	   0.13	  66.41	
    527	   0.30	  -0.26	  0.002	1.00013							#	   0.13	  67.88	
    528	   0.06	  -0.27	  0.002	1.00006							#	   0.14	  69.24	
    529	   0.21	  -0.16	  0.002	1.00009							#	   0.14	  70.51	
    530	   0.11	  -0.26	  0.000	1.00006							#	   0.15	  69.19	
    531	   0.05	  -0.21	  0.001	1.00005							#	   0.15	  71.77	
    532	  -0.02	  -0.29	  0.002	1.00010							#	   0.15	  70.20	
    533	  -0.01	  -0.22	  0.001	1.00004							#	   0.14	  70.86	
    534	   0.05	  -0.18	  0.001	1.00004							#	   0.13	  70.30	
    535	  -0.04	  -0.17	  0.002	1.00005							#	   0.12	  72.78	
    536	  -0.13	  -0.11	  0.001	1.00004							#	   0.13	  73.43	
    537	  -0.24	  -0.08	  0.002	1.00003							#	   0.13	  74.44	
    538	  -0.04	  -0.11	  0.002	1.00003							#	   0.12	  74.14	
    539	  -0.18	  -0.18	  0.002	1.00009							#	   0.13	  71.06	
    540	  -0.22	  -0.06	  0.002	1.00003							#	   0.28	  70.00	
    541	  -0.13	  -0.06	  0.000	1.00004							#	   0.10	  74.34	
    542	  -0.22	  -0.10	  0.002	1.00004							#	   0.12	  73.18	
    543	  -0.17	  -0.08	  0.001	1.00007							#	   0.13	  73.48	
    544	  -0.28	  -0.13	  0.002	1.00006							#	   0.12	  73.13	
    545	  -0.18	  -0.14	  0.001	1.00007							#	   0.13	  73.23	
    546	  -0.18	  -0.13	  0.003	1.00006							#	   0.11	  73.08	
    547	  -0.18	  -0.15	  0.001	1.00005							#	   0.12	  71.87	
    548	  -0.26	  -0.19	  0.003	1.00008							#	   0.12	  72.98	
    549	  -0.17	  -0.26	  0.003	1.00006							#	   0.13	  71.06	
    550	   0.02	  -0.25	  0.003	1.00003							#	   0.12	  71.82	
    551	  -0.06	  -0.25	  0.002	1.00007							#	   0.13	  70.40	
    552	  -0.18	  -0.22	  0.003	1.00003							#	   0.13	  73.23	
    553	  -0.19	  -0.20	  0.002	1.00005							#	   0.15	  71.92	
    554	  -0.12	  -0.19	  0.002	1.00006							#	   0.13	  72.78	
    555	  -0.21	  -0.15	  0.002	1.00003							#	   0.14	  72.73	
    556	  -0.09	  -0.18	  0.001	1.00005							#	   0.13	  71.01	
    557	  -0.05	  -0.18	  0.002	1.00008							#	   0.13	  72.37	
    558	  -0.15	  -0.17	  0.002	1.00005							#	   0.13	  73.28	
    559	  -0.05	  -0.33	  0.003	1.00005							#	   0.13	  69.14	
    560	   0.00	  -0.29	  0.002	1.00007							#	   0.13	  71.06	
    561	  -0.03	  -0.24	  0.000	1.00009							#	   0.13	  70.96	
    562	   0.03	  -0.24	  0.002	1.00005							#	   0.12	  70.81	
    563	  -0.02	  -0.18	  0.001	1.00004							#	   0.12	  75.15	
    564	   0.08	  -0.13	  0.001	1.00007							#	   0.11	  73.13	
    565	   0.04	  -0.21	  0.001	1.00005							#	   0.13	  72.83	
    566	   0.04	  -0.19	  0.001	1.00007							#	   0.13	  71.62	
    567	   0.02	  -0.18	  0.001	1.00007							#	   0.13	  73.23	
    568	   0.13	  -0.21	 -0.001	1.00006							#	   0.12	  72.58	
    569	   0.04	  -0.06	  0.001	1.00002							#	   0.11	  75.61	
    570	   0.11	  -0.09	  0.001	1.00005							#	   0.11	  75.35	
    571	   0.16	   0.01	  0.001	1.00002							#	   0.11	  76.52	
    572	   0.12	   0.03	  0.001	1.00004							#	   0.10	  76.31	
    573	   0.20	   0.08	  0.001	1.00002							#	   0.11	  74.19	
    574	   0.23	   0.06	  0.000	1.00002							#	   0.12	  75.61	
    575	   0.21	   0.11	 -0.000	1.00003							#	   0.13	  74.95	
    576	   0.25	   0.16	  0.002	1.00000							#	   0.11	  73.23	
    577	   0.21	   0.19	  0.000	0.99997							#	   0.12	  73.38	
    578	   0.45	   0.15	 -0.001	1.00001							#	   0.11	  73.74	
    579	   0.38	   0.26	  0.000	0.99998							#	   0.12	  72.58	
    580	   0.19	   0.24	 -0.000	0.99997							#	   0.11	  73.23	
    581	   0.49	   0.26	  0.000	1.00001							#	   0.14	  64.80	
    582	   0.25	   0.26	  0.001	0.99998							#	   0.11	  75.30	
    583	   0.36	   0.31	  0.000	0.99998							#	   0.15	  67.73	
    584	   0.44	   0.24	  0.001	0.99999							#	   0.14	  72.78	
    585	   0.35	   0.18	  0.000	0.99997							#	   0.15	  66.57	
    586	   0.66	   0.35	  0.001	1.00001							#	   0.15	  73.84	
    587	   0.66	   0.54	  0.002	0.99996							#	   0.18	  70.56	
    588	   0.76	   0.56	  0.001	0.99996							#	   0.17	  68.08	
    589	   0.79	   0.48	  0.003	1.00003							#	   0.19	  66.26	
    590	   0.77	   0.58	  0.002	0.99994							#	   0.16	  69.60	
    591	   0.98	   0.60	  0.003	0.99998							#	   0.20	  64.29	
    592	   0.90	   0.62	  0.003	0.99999							#	   0.16	  70.91	
    593	   0.95	   0.64	  0.005	1.00005							#	   0.18	  64.95	
    594	   1.02	   0.67	  0.002	0.99999							#	   0.18	  70.91	
    595	   1.11	   0.67	  0.004	1.00002							#	   0.18	  68.33	
    596	   1.12	   0.68	  0.003	1.00001							#	   0.19	  67.58	
    597	   1.22	   0.79	  0.001	1.00005							#	   0.21	  69.14	
    598	   1.32	   0.66	  0.002	1.00004							#	   0.20	  67.98	
    599	   1.23	   0.77	  0.001	0.99999							#	   0.20	  69.55	
    600	   1.16	   0.82	  0.003	0.99998							#	   0.37	  66.62	
    601	   1.32	   0.83	  0.002	1.00003							#	   0.21	  71.87	
    602	   1.18	   0.95	  0.002	0.99998							#	   0.22	  70.66	
    603	   1.24	   0.92	  0.003	0.99992							#	   0.22	  71.31	
    604	   1.29	   0.84	  0.003	1.00000							#	   0.21	  69.90	
    605	   1.31	   0.95	  0.001	0.99999							#	   0.24	  73.79	
    606	   1.34	   0.78	  0.003	1.00004							#	   0.24	  68.59	
    607	   1.46	   0.87	  0.001	1.00002							#	   0.25	  71.82	
    608	   1.40	   0.83	  0.003	1.00000							#	   0.24	  69.75	
    609	   1.43	   0.78	  0.002	1.00000							#	   0.24	  69.55	
    610	   1.37	   0.80	 -0.000	1.00004							#	   0.24	  70.20	
    611	   1.49	   0.81	  0.002	0.99998							#	   0.27	  70.20	
    612	   1.49	   0.77	  0.000	0.99997							#	   0.26	  70.00	
    613	   1.49	   0.65	  0.003	0.99997							#	   0.25	  68.89	
    614	   1.43	   0.59	  0.001	0.99996							#	   0.24	  68.18	
    615	   1.50	   0.62	  0.001	1.00000							#	   0.23	  68.69	
    616	   1.51	   0.60	 -0.000	0.99999							#	   0.23	  69.09	
    617	   1.35	   0.49	  0.001	0.99998							#	   0.22	  68.23	
    618	   1.40	   0.49	  0.001	0.99996							#	   0.22	  70.05	
    619	   1.60	   0.60	  0.001	0.99996							#	   0.24	  68.89	
    620	   1.69	   0.60	  0.001	0.99997							#	   0.25	  69.09	
    621	   1.66	   0.57	  0.001	0.99998							#	   0.26	  69.55	
    622	   1.62	   0.63	  0.002	0.99992							#	   0.26	  68.59	
    623	   1.80	   0.62	  0.001	0.99996							#	   0.28	  68.74	
    624	   1.60	   0.70	  0.001	1.00001							#	   0.25	  68.38	
    625	   1.68	   0.60	  0.001	0.99991							#	   0.25	  68.33	
    626	   1.70	   0.62	 -0.000	0.99999							#	   0.26	  68.69	
    627	   1.76	   0.55	  0.001	0.99995							#	   0.26	  68.54	
    628	   1.60	   0.58	 -0.001	1.00000							#	   0.24	  68.64	
    629	   1.60	   0.65	  0.001	1.00000							#	   0.25	  68.69	
    630	   1.77	   0.70	  0.000	1.00003							#	   0.28	  69.75	
    631	   1.70	   0.63	  0.001	0.99992							#	   0.26	  67.78	
    632	   1.73	   0.71	 -0.000	0.99999							#	   0.27	  69.04	
    633	   1.83	   0.74	 -0.001	0.99999							#	   0.27	  68.38	
    634	   1.68	   0.79	 -0.000	0.99999							#	   0.27	  68.84	
    635	   1.80	   0.87	  0.001	0.99997							#	   0.29	  71.16	
    636	   1.81	   0.85	 -0.001	0.99999							#	   0.27	  69.70	
    637	   1.88	   0.87	  0.000	0.99998							#	   0.31	  70.15	
    638	   1.97	   0.85	  0.001	1.00002							#	   0.31	  69.85	
    639	   1.86	   0.89	 -0.001	0.99998							#	   0.30	  71.01	
    640	   2.12	   1.01	 -0.001	0.99997							#	   0.36	  71.82	
    641	   2.09	   1.05	 -0.001	0.99999							#	   0.37	  71.97	
    642	   2.13	   1.08	 -0.002	0.99996							#	   0.38	  73.23	
    643	   2.07	   1.10	 -0.002	0.99996							#	   0.35	  71.77	
    644	   2.11	   1.04	 -0.002	0.99997							#	   0.36	  73.59	
    645	   2.33	   1.09	 -0.004	0.99999							#	   0.40	  72.53	
    646	   2.20	   1.12	 -0.003	0.99994							#	   0.38	  72.47	
    647	   2.27	   1.14	 -0.005	0.99994							#	   0.40	  72.17	
    648	   2.14	   1.09	 -0.003	0.99999							#	   0.38	  72.93	
    649	   2.13	   1.09	 -0.005	0.99997							#	   0.38	  72.02	
    650	   2.19	   0.97	 -0.004	1.00001							#	   0.36	  71.06	
    651	   1.90	   1.03	 -0.005	0.99998							#	   0.31	  72.07	
    652	   1.91	   1.09	 -0.003	0.99998							#	   0.32	  72.93	
    653	   1.86	   1.02	 -0.004	0.99998							#	   0.31	  69.65	
    654	   1.61	   1.02	 -0.005	0.99997							#	   0.30	  72.58	
    655	   1.56	   0.90	 -0.005	0.99998							#	   0.27	  69.44	
    656	   1.32	   0.84	 -0.004	1.00001							#	   0.23	  71.21	
