      1	   2.47	  -1.42	 -0.001	1.00001							#	   0.06	  97.32	
      2	   2.13	  -1.61	 -0.002	0.99989							#	   0.19	  96.67	
      3	   2.37	  -1.80	 -0.004	0.99996							#	   0.22	  97.12	
      4	   2.58	  -1.85	 -0.002	0.99994							#	   0.24	  96.72	
      5	   2.41	  -1.87	 -0.002	1.00002							#	   0.22	  96.52	
      6	   2.18	  -2.10	 -0.003	1.00005							#	   0.22	  95.91	
      7	   2.19	  -1.98	 -0.001	1.00002							#	   0.22	  95.30	
      8	   2.35	  -1.89	 -0.004	1.00001							#	   0.21	  96.11	
      9	   2.50	  -1.98	 -0.002	1.00003							#	   0.23	  95.81	
     10	   2.38	  -1.94	 -0.002	1.00004							#	   0.22	  95.81	
     11	   2.11	  -1.78	 -0.001	1.00000							#	   0.19	  95.76	
     12	   2.10	  -1.90	 -0.002	0.99999							#	   0.20	  95.96	
     13	   2.31	  -1.70	 -0.003	0.99999							#	   0.19	  97.17	
     14	   2.12	  -1.72	 -0.001	1.00001							#	   0.19	  96.62	
     15	   1.89	  -1.59	 -0.001	0.99994							#	   0.16	  96.62	
     16	   2.19	  -1.45	 -0.001	0.99998							#	   0.17	  96.62	
     17	   2.11	  -1.71	 -0.001	0.99999							#	   0.19	  96.87	
     18	   1.63	  -1.47	 -0.002	0.99998							#	   0.15	  96.72	
     19	   1.59	  -1.66	 -0.002	0.99996							#	   0.18	  96.67	
     20	   1.45	  -1.86	 -0.004	1.00002							#	   0.22	  96.52	
     21	   1.40	  -1.72	 -0.002	1.00002							#	   0.21	  95.81	
     22	   1.45	  -1.72	 -0.004	0.99999							#	   0.24	  95.76	
     23	   1.28	  -1.66	 -0.003	1.00002							#	   0.26	  95.86	
     24	   1.23	  -1.57	 -0.002	1.00002							#	   0.27	  95.86	
     25	   1.07	  -1.60	 -0.002	1.00005							#	   0.27	  95.20	
     26	   1.03	  -1.47	 -0.004	1.00002							#	   0.23	  95.10	
     27	   1.15	  -1.52	 -0.004	1.00003							#	   0.21	  94.90	
     28	   1.12	  -1.52	 -0.004	1.00006							#	   0.19	  94.90	
     29	   0.91	  -1.32	 -0.001	1.00005							#	   0.17	  94.60	
     30	   0.82	  -1.21	 -0.001	1.00005							#	   0.15	  94.75	
     31	   0.83	  -1.21	 -0.003	1.00005							#	   0.17	  94.49	
     32	   0.89	  -1.25	 -0.004	1.00006							#	   0.19	  94.80	
     33	   0.83	  -1.20	 -0.003	1.00005							#	   0.20	  94.90	
     34	   0.70	  -1.14	 -0.002	1.00006							#	   0.20	  94.70	
     35	   0.64	  -1.09	 -0.002	1.00007							#	   0.21	  94.95	
     36	   0.46	  -0.93	 -0.003	1.00006							#	   0.12	  94.95	
     37	   0.50	  -0.87	 -0.001	1.00006							#	   0.14	  95.81	
     38	   0.51	  -0.81	 -0.002	1.00006							#	   0.15	  96.06	
     39	   0.43	  -0.66	 -0.003	1.00005							#	   0.13	  96.72	
     40	   0.22	  -0.64	 -0.003	1.00004							#	   0.10	  96.41	
     41	   0.21	  -0.53	 -0.002	1.00005							#	   0.07	  96.41	
     42	   0.26	  -0.50	 -0.003	1.00002							#	   0.07	  96.62	
     43	   0.56	  -0.42	 -0.005	1.00009							#	   0.07	  96.92	
     44	   0.43	  -0.45	 -0.002	1.00003							#	   0.07	  96.72	
     45	   0.15	  -0.48	 -0.003	1.00002							#	   0.06	  96.06	
     46	   0.27	  -0.31	 -0.003	1.00007							#	   0.06	  96.06	
     47	   0.38	  -0.27	 -0.002	1.00005							#	   0.07	  96.26	
     48	   0.48	  -0.24	 -0.000	1.00004							#	   0.07	  96.87	
     49	   0.43	  -0.09	 -0.001	1.00005							#	   0.08	  96.82	
     50	   0.12	  -0.12	  0.001	1.00006							#	   0.08	  97.02	
     51	   0.15	   0.02	 -0.001	1.00003							#	   0.06	  96.97	
     52	   0.34	  -0.01	  0.002	1.00006							#	   0.05	  96.82	
     53	   0.22	   0.23	  0.001	1.00006							#	   0.05	  96.62	
     54	   0.24	   0.13	  0.002	1.00006							#	   0.05	  96.21	
     55	   0.04	   0.23	  0.003	1.00007							#	   0.06	  95.91	
     56	   0.04	   0.27	  0.002	1.00008							#	   0.05	  96.11	
     57	   0.02	   0.37	  0.004	1.00006							#	   0.05	  95.91	
     58	   0.08	   0.40	  0.005	1.00003							#	   0.06	  96.87	
     59	   0.11	   0.41	  0.006	1.00010							#	   0.06	  96.46	
     60	   0.24	   0.52	  0.007	1.00004							#	   0.14	  96.06	
     61	   0.10	   0.66	  0.006	1.00004							#	   0.07	  96.82	
     62	   0.06	   0.66	  0.005	1.00009							#	   0.06	  96.82	
     63	   0.16	   0.60	  0.007	1.00006							#	   0.07	  96.62	
     64	   0.09	   0.68	  0.008	1.00009							#	   0.08	  96.57	
     65	   0.11	   0.61	  0.006	1.00009							#	   0.09	  96.82	
     66	   0.02	   0.70	  0.007	1.00007							#	   0.08	  96.72	
     67	   0.50	   0.76	  0.006	1.00007							#	   0.09	  96.36	
     68	   0.77	   0.68	  0.008	1.00010							#	   0.09	  96.87	
     69	   0.28	   0.77	  0.011	1.00003							#	   0.07	  97.22	
     70	   0.37	   0.87	  0.007	1.00005							#	   0.08	  97.27	
     71	   0.68	   0.93	  0.009	1.00005							#	   0.09	  96.72	
     72	   0.95	   0.91	  0.009	1.00004							#	   0.09	  96.92	
     73	   0.94	   0.97	  0.008	1.00007							#	   0.09	  96.82	
     74	   0.92	   1.00	  0.009	1.00007							#	   0.09	  96.87	
     75	   0.87	   0.90	  0.010	1.00006							#	   0.08	  96.41	
     76	   0.87	   0.92	  0.009	1.00010							#	   0.08	  96.41	
     77	   1.08	   0.91	  0.009	1.00007							#	   0.09	  96.77	
     78	   1.14	   1.01	  0.010	1.00009							#	   0.10	  96.87	
     79	   0.86	   0.96	  0.010	1.00010							#	   0.09	  96.41	
     80	   0.81	   0.95	  0.012	1.00012							#	   0.09	  96.41	
     81	   1.04	   1.01	  0.010	1.00010							#	   0.12	  96.72	
     82	   1.20	   0.97	  0.011	1.00013							#	   0.11	  97.12	
     83	   1.05	   0.92	  0.013	1.00014							#	   0.09	  96.46	
     84	   0.77	   0.95	  0.014	1.00018							#	   0.08	  93.99	
     85	   1.01	   0.78	  0.016	1.00018							#	   0.08	  94.34	
     86	   1.10	   0.67	  0.015	1.00016							#	   0.08	  96.01	
     87	   1.35	   0.70	  0.017	1.00022							#	   0.10	  94.65	
     88	   0.98	   0.57	  0.019	1.00034							#	   0.08	  87.98	
     89	   0.77	   0.70	  0.017	1.00036							#	   0.07	  84.80	
     90	   0.62	   0.65	  0.017	1.00034							#	   0.07	  83.84	
     91	   0.97	   0.70	  0.017	1.00037							#	   0.08	  83.69	
     92	   0.80	   0.40	  0.022	1.00043							#	   0.08	  80.86	
     93	   0.15	   0.21	  0.019	1.00046							#	   0.05	  79.75	
     94	   0.47	   0.21	  0.018	1.00044							#	   0.06	  78.13	
     95	   0.58	   0.22	  0.017	1.00048							#	   0.07	  78.18	
     96	   0.23	   0.00	  0.019	1.00052							#	   0.06	  71.82	
     97	   0.29	  -0.22	  0.017	1.00053							#	   0.06	  73.28	
     98	   0.01	  -0.24	  0.017	1.00053							#	   0.06	  71.82	
     99	   0.19	  -0.40	  0.017	1.00049							#	   0.06	  71.57	
    100	   0.57	  -0.46	  0.013	1.00057							#	   0.07	  71.82	
    101	   0.53	  -0.62	  0.015	1.00052							#	   0.07	  69.85	
    102	   0.65	  -0.54	  0.015	1.00057							#	   0.08	  68.79	
    103	   0.50	  -0.76	  0.014	1.00053							#	   0.09	  70.15	
    104	   0.48	  -0.44	  0.011	1.00049							#	   0.07	  66.97	
    105	   0.60	  -0.37	  0.012	1.00041							#	   0.08	  70.20	
    106	   0.79	  -0.72	  0.013	1.00048							#	   0.09	  67.47	
    107	   0.47	  -0.90	  0.014	1.00050							#	   0.09	  65.61	
    108	   0.54	  -0.85	  0.012	1.00033							#	   0.08	  71.01	
    109	   0.96	  -0.72	  0.013	1.00040							#	   0.09	  65.56	
    110	   0.81	  -1.25	  0.013	1.00043							#	   0.10	  64.80	
    111	   0.40	  -1.12	  0.010	1.00044							#	   0.09	  66.16	
    112	   0.46	  -1.18	  0.010	1.00036							#	   0.08	  66.46	
    113	   0.54	  -1.17	  0.012	1.00035							#	   0.09	  63.69	
    114	   0.41	  -1.27	  0.011	1.00028							#	   0.09	  64.49	
    115	   0.44	  -1.24	  0.009	1.00031							#	   0.10	  67.07	
    116	   0.19	  -1.20	  0.011	1.00025							#	   0.08	  61.57	
    117	   0.41	  -0.75	  0.012	1.00014							#	   0.07	  62.83	
    118	   0.34	  -0.79	  0.012	1.00011							#	   0.07	  61.46	
    119	   0.23	  -0.87	  0.014	1.00019							#	   0.08	  60.71	
    120	   0.19	  -0.67	  0.012	1.00013							#	   0.14	  60.61	
    121	   0.18	  -0.57	  0.013	1.00015							#	   0.06	  59.90	
    122	  -0.01	  -0.67	  0.015	1.00014							#	   0.06	  59.60	
    123	   0.03	  -0.55	  0.012	1.00017							#	   0.06	  60.00	
    124	   0.03	  -0.62	  0.013	1.00013							#	   0.06	  59.55	
    125	   0.16	  -0.48	  0.010	1.00016							#	   0.05	  60.10	
    126	   0.15	  -0.61	  0.013	1.00018							#	   0.07	  55.51	
    127	   0.01	  -0.42	  0.011	1.00014							#	   0.06	  58.43	
    128	  -0.30	  -0.45	  0.012	1.00010							#	   0.06	  57.98	
    129	  -0.28	  -0.30	  0.012	1.00014							#	   0.06	  56.11	
    130	  -0.46	  -0.29	  0.012	1.00009							#	   0.06	  55.25	
    131	  -0.53	  -0.10	  0.011	1.00008							#	   0.06	  55.05	
    132	  -0.37	   0.44	  0.009	1.00000							#	   0.07	  50.61	
    133	  -0.31	   0.51	  0.011	1.00000							#	   0.08	  53.03	
    134	  -0.78	   0.33	  0.013	0.99996							#	   0.08	  50.25	
    135	  -0.93	   0.44	  0.010	0.99997							#	   0.08	  51.26	
    136	  -1.23	   0.70	  0.013	0.99994							#	   0.11	  48.84	
    137	  -1.56	   0.50	  0.010	0.99992							#	   0.12	  45.20	
    138	  -1.31	   0.70	  0.002	0.99966							#	   0.13	  40.61	
    139	  -1.25	   0.60	  0.000	0.99958							#	   0.14	  39.09	
    140	  -1.57	   0.44	  0.005	0.99947							#	   0.18	  36.97	
    141	  -1.64	   0.58	  0.002	0.99937							#	   0.19	  39.04	
    142	  -1.92	   0.29	  0.006	0.99950							#	   0.18	  38.43	
    143	  -2.04	   0.09	  0.003	0.99948							#	   0.20	  36.77	
    144	  -2.19	  -0.28	 -0.000	0.99943							#	   0.24	  38.43	
    145	  -2.49	  -0.45	 -0.002	0.99942							#	   0.28	  41.01	
    146	  -2.44	  -0.38	 -0.003	0.99933							#	   0.27	  39.70	
    147	  -2.44	  -0.79	 -0.004	0.99928							#	   0.30	  38.69	
    148	  -2.94	  -0.65	 -0.004	0.99947							#	   0.33	  40.91	
    149	  -3.00	  -0.53	 -0.002	0.99946							#	   0.35	  38.89	
    150	  -2.93	  -0.46	 -0.005	0.99940							#	   0.35	  37.93	
    151	  -2.98	  -0.42	 -0.004	0.99946							#	   0.38	  37.73	
    152	  -3.29	  -0.55	 -0.005	0.99940							#	   0.41	  39.39	
    153	  -3.45	  -0.60	 -0.008	0.99954							#	   0.44	  39.04	
    154	  -3.71	  -0.64	 -0.006	0.99960							#	   0.47	  39.55	
    155	  -3.49	  -0.66	 -0.007	0.99946							#	   0.45	  39.65	
    156	  -3.38	  -0.71	 -0.011	0.99959							#	   0.45	  40.66	
    157	  -3.28	  -0.53	 -0.011	0.99961							#	   0.45	  38.18	
    158	  -3.46	  -0.65	 -0.011	0.99973							#	   0.42	  40.35	
    159	  -2.97	  -0.78	 -0.013	0.99961							#	   0.38	  40.81	
    160	  -2.78	  -0.61	 -0.014	0.99966							#	   0.34	  38.89	
    161	  -2.62	  -0.72	 -0.015	0.99970							#	   0.36	  37.27	
    162	  -2.37	  -0.79	 -0.016	0.99981							#	   0.33	  39.90	
    163	  -2.49	  -0.65	 -0.011	0.99988							#	   0.31	  40.35	
    164	  -1.64	  -0.52	 -0.016	0.99972							#	   0.27	  39.09	
    165	  -1.59	  -0.64	 -0.017	0.99984							#	   0.25	  38.59	
    166	  -1.38	  -0.62	 -0.016	0.99978							#	   0.23	  37.47	
    167	  -1.28	  -0.71	 -0.015	0.99971							#	   0.21	  37.17	
    168	  -1.17	  -0.61	 -0.016	0.99970							#	   0.21	  37.47	
    169	  -0.92	  -0.64	 -0.016	0.99966							#	   0.18	  37.68	
    170	  -0.75	  -0.64	 -0.014	0.99968							#	   0.18	  36.52	
    171	  -0.75	  -0.53	 -0.014	0.99968							#	   0.19	  36.36	
    172	  -0.70	  -0.33	 -0.013	0.99966							#	   0.17	  36.46	
    173	  -0.55	  -0.16	 -0.009	0.99982							#	   0.15	  34.65	
    174	  -1.02	   0.00	  0.001	1.00010							#	   0.14	  39.19	
    175	  -0.79	   0.15	  0.002	1.00014							#	   0.15	  37.58	
    176	  -0.84	   0.26	  0.008	1.00025							#	   0.15	  37.53	
    177	  -0.38	   0.54	  0.000	0.99999							#	   0.14	  36.46	
    178	  -0.46	   0.51	  0.000	1.00006							#	   0.14	  35.00	
    179	  -0.37	   0.90	 -0.001	0.99995							#	   0.16	  34.24	
    180	  -0.54	   0.82	  0.001	0.99997							#	   0.28	  32.63	
    181	  -0.17	   0.80	 -0.002	0.99993							#	   0.17	  33.94	
    182	   0.06	   0.89	  0.001	0.99995							#	   0.17	  32.42	
    183	  -0.19	   0.85	  0.001	0.99997							#	   0.18	  33.84	
    184	  -0.51	   0.53	  0.010	1.00016							#	   0.16	  33.79	
    185	  -0.73	   0.67	  0.009	1.00020							#	   0.17	  33.18	
    186	  -0.63	   0.48	  0.000	0.99995							#	   0.19	  32.78	
    187	  -0.31	   0.39	  0.003	1.00017							#	   0.19	  33.48	
    188	   0.05	   0.62	  0.004	1.00015							#	   0.17	  32.07	
    189	  -0.28	   0.72	  0.006	1.00006							#	   0.19	  33.33	
    190	  -0.46	   0.57	  0.011	1.00021							#	   0.18	  33.03	
    191	  -0.20	   0.58	  0.007	1.00016							#	   0.18	  32.22	
    192	  -0.28	   0.61	  0.008	1.00011							#	   0.19	  32.68	
    193	  -0.32	   0.52	  0.008	1.00014							#	   0.24	  33.33	
    194	  -0.22	   0.56	  0.008	1.00020							#	   0.23	  32.78	
    195	   0.04	   0.27	  0.011	1.00026							#	   0.25	  32.12	
    196	  -0.52	   0.52	  0.011	1.00021							#	   0.29	  32.42	
    197	  -0.41	   0.54	  0.011	1.00011							#	   0.30	  31.16	
    198	  -1.08	   0.12	  0.016	1.00057							#	   0.31	  34.44	
    199	  -0.80	   0.28	  0.016	1.00064							#	   0.28	  32.22	
    200	  -0.75	   0.37	  0.019	1.00053							#	   0.29	  32.47	
    201	  -0.87	   0.56	  0.017	1.00059							#	   0.28	  30.71	
    202	  -0.00	   0.88	  0.009	1.00028							#	   0.30	  28.43	
    203	   0.13	   0.97	  0.012	1.00031							#	   0.31	  28.33	
    204	   0.50	   1.30	  0.010	1.00023							#	   0.33	  29.24	
    205	   0.41	   1.12	  0.015	1.00028							#	   0.33	  28.54	
    206	   0.51	   1.17	  0.011	1.00017							#	   0.33	  29.24	
    207	   0.30	   1.16	  0.016	1.00031							#	   0.35	  29.34	
    208	   0.51	   1.12	  0.016	1.00025							#	   0.34	  28.59	
    209	   0.40	   1.21	  0.012	1.00024							#	   0.35	  28.08	
    210	  -0.55	   1.42	  0.015	1.00023							#	   0.39	  29.90	
    211	   0.33	   1.25	  0.016	1.00034							#	   0.35	  29.95	
    212	   0.74	   1.24	  0.013	1.00038							#	   0.33	  29.95	
    213	   1.03	   1.24	  0.016	1.00040							#	   0.33	  29.09	
    214	   0.43	   0.98	  0.019	1.00041							#	   0.34	  29.95	
    215	   0.54	   1.23	  0.016	1.00055							#	   0.35	  30.66	
    216	   0.59	   1.50	  0.015	1.00059							#	   0.33	  30.10	
    217	   0.66	   1.69	  0.021	1.00056							#	   0.36	  31.41	
    218	   0.70	   1.66	  0.017	1.00060							#	   0.36	  30.51	
    219	   1.04	   1.73	  0.017	1.00050							#	   0.35	  30.71	
    220	   1.20	   1.81	  0.014	1.00045							#	   0.34	  30.30	
    221	   1.04	   1.77	  0.017	1.00050							#	   0.34	  29.85	
    222	   0.70	   1.85	  0.020	1.00065							#	   0.35	  31.72	
    223	   0.88	   1.36	  0.018	1.00052							#	   0.32	  30.81	
    224	   0.92	   1.37	  0.017	1.00056							#	   0.30	  32.88	
    225	   1.09	   1.43	  0.018	1.00064							#	   0.29	  32.83	
    226	   0.96	   1.24	  0.019	1.00060							#	   0.27	  33.64	
    227	   0.78	   0.72	  0.018	1.00061							#	   0.26	  33.99	
    228	   0.84	   0.98	  0.019	1.00060							#	   0.25	  34.14	
    229	   1.11	   0.47	  0.019	1.00047							#	   0.22	  35.15	
    230	   0.67	   0.45	  0.019	1.00070							#	   0.22	  36.06	
    231	   0.84	   0.25	  0.019	1.00068							#	   0.21	  36.62	
    232	   0.88	   0.17	  0.018	1.00062							#	   0.19	  40.45	
    233	   0.98	   0.03	  0.018	1.00060							#	   0.19	  39.80	
    234	   0.96	  -0.46	  0.018	1.00060							#	   0.20	  38.99	
    235	   0.74	  -0.78	  0.021	1.00079							#	   0.20	  42.63	
    236	   0.65	  -0.51	  0.022	1.00075							#	   0.18	  43.89	
    237	   0.82	  -1.21	  0.019	1.00065							#	   0.20	  43.69	
    238	   0.65	  -1.27	  0.022	1.00067							#	   0.19	  45.76	
    239	   0.33	  -1.84	  0.025	1.00086							#	   0.23	  47.17	
    240	   0.42	  -1.94	  0.026	1.00081							#	   0.36	  48.13	
    241	   0.38	  -1.88	  0.022	1.00085							#	   0.22	  49.44	
    242	   0.26	  -1.86	  0.025	1.00075							#	   0.21	  52.98	
    243	   0.22	  -1.74	  0.023	1.00077							#	   0.21	  52.53	
    244	   0.11	  -1.86	  0.023	1.00082							#	   0.21	  53.84	
    245	  -0.17	  -1.60	  0.021	1.00071							#	   0.19	  56.31	
    246	  -0.29	  -1.71	  0.020	1.00071							#	   0.21	  56.97	
    247	  -0.72	  -1.36	  0.018	1.00067							#	   0.19	  57.47	
    248	  -0.51	  -1.33	  0.016	1.00060							#	   0.19	  59.14	
    249	  -0.68	  -1.44	  0.016	1.00065							#	   0.20	  59.14	
    250	  -0.33	  -1.59	  0.015	1.00040							#	   0.22	  67.37	
    251	  -0.35	  -1.26	  0.015	1.00044							#	   0.21	  67.47	
    252	  -0.57	  -1.34	  0.015	1.00043							#	   0.21	  68.38	
    253	  -0.59	  -1.50	  0.013	1.00048							#	   0.23	  68.84	
    254	  -0.59	  -1.02	  0.012	1.00058							#	   0.23	  68.43	
    255	  -0.47	  -1.33	  0.013	1.00045							#	   0.22	  68.94	
    256	  -0.76	  -1.01	  0.010	1.00060							#	   0.23	  69.80	
    257	  -0.67	  -0.61	  0.011	1.00054							#	   0.22	  69.90	
    258	  -0.52	  -0.44	  0.009	1.00056							#	   0.22	  70.81	
    259	  -0.44	  -0.39	  0.008	1.00057							#	   0.23	  70.25	
    260	  -0.59	  -0.27	  0.008	1.00055							#	   0.26	  70.40	
    261	  -1.02	   0.14	  0.009	1.00051							#	   0.27	  70.51	
    262	  -0.45	   0.38	  0.005	1.00055							#	   0.26	  69.04	
    263	  -1.27	   0.79	  0.009	1.00066							#	   0.33	  68.43	
    264	  -0.47	   0.60	  0.008	1.00062							#	   0.25	  62.88	
    265	  -1.17	   1.02	  0.002	1.00072							#	   0.32	  64.39	
    266	  -0.81	   1.05	  0.002	1.00065							#	   0.30	  62.68	
    267	  -0.90	   1.47	  0.002	1.00055							#	   0.31	  60.51	
    268	  -0.90	   1.21	  0.003	1.00052							#	   0.27	  59.55	
    269	  -1.21	   1.41	  0.005	1.00053							#	   0.28	  59.70	
    270	  -1.40	   1.56	  0.006	1.00050							#	   0.30	  57.88	
    271	  -1.98	   1.44	  0.010	1.00048							#	   0.35	  55.71	
    272	  -2.32	   1.45	  0.008	1.00047							#	   0.42	  56.01	
    273	  -2.37	   1.49	  0.006	1.00046							#	   0.49	  55.61	
    274	  -2.32	   1.30	  0.004	1.00053							#	   0.50	  54.14	
    275	  -2.47	   1.18	  0.005	1.00058							#	   0.47	  57.22	
    276	  -2.51	   1.31	  0.001	1.00058							#	   0.49	  55.15	
    277	  -2.64	   1.18	  0.003	1.00050							#	   0.47	  55.61	
    278	  -2.62	   0.89	  0.004	1.00054							#	   0.44	  59.39	
    279	  -2.69	   1.13	  0.002	1.00050							#	   0.47	  58.89	
    280	  -2.40	   0.99	  0.003	1.00048							#	   0.44	  58.74	
    281	  -2.24	   0.93	  0.003	1.00045							#	   0.45	  58.23	
    282	  -2.48	   0.53	 -0.001	1.00050							#	   0.46	  57.58	
    283	  -2.55	   0.32	  0.001	1.00047							#	   0.48	  58.13	
    284	  -2.21	   0.03	 -0.000	1.00062							#	   0.44	  59.14	
    285	  -2.06	   0.04	  0.000	1.00059							#	   0.43	  59.09	
    286	  -2.03	  -0.26	 -0.000	1.00060							#	   0.45	  58.59	
    287	  -2.11	  -0.26	  0.001	1.00065							#	   0.48	  60.05	
    288	  -1.65	  -0.47	 -0.002	1.00059							#	   0.37	  59.85	
    289	  -1.38	  -0.00	 -0.002	1.00083							#	   0.32	  61.52	
    290	  -1.04	  -0.22	 -0.004	1.00074							#	   0.27	  60.66	
    291	  -0.84	  -0.12	 -0.001	1.00075							#	   0.27	  61.72	
    292	  -0.73	   0.05	 -0.002	1.00072							#	   0.28	  63.28	
    293	  -0.49	   0.22	 -0.002	1.00087							#	   0.23	  61.52	
    294	  -0.22	   0.53	 -0.002	1.00085							#	   0.22	  61.31	
    295	   0.15	   0.52	 -0.003	1.00102							#	   0.19	  58.23	
    296	   0.44	   0.53	 -0.000	1.00098							#	   0.17	  60.30	
    297	   0.58	   0.45	 -0.003	1.00098							#	   0.15	  60.40	
    298	   0.57	   0.84	 -0.000	1.00106							#	   0.16	  60.71	
    299	   0.81	   0.60	 -0.000	1.00093							#	   0.14	  60.76	
    300	   0.64	   0.75	 -0.001	1.00109							#	   0.23	  63.33	
    301	   0.66	   0.74	 -0.002	1.00112							#	   0.15	  66.62	
    302	   0.78	   0.86	 -0.002	1.00121							#	   0.14	  70.91	
    303	   0.67	   0.78	  0.000	1.00117							#	   0.13	  71.62	
    304	   0.65	   1.01	  0.001	1.00121							#	   0.13	  74.29	
    305	   0.64	   1.25	  0.005	1.00108							#	   0.14	  73.43	
    306	   0.72	   1.03	  0.007	1.00106							#	   0.12	  73.59	
    307	   0.60	   1.12	  0.007	1.00107							#	   0.12	  75.45	
    308	   0.68	   1.31	  0.008	1.00101							#	   0.14	  73.33	
    309	   0.80	   0.89	  0.010	1.00103							#	   0.12	  71.62	
    310	   0.54	   0.58	  0.012	1.00107							#	   0.11	  68.79	
    311	   0.68	   0.57	  0.010	1.00111							#	   0.12	  71.16	
    312	   0.53	   0.37	  0.013	1.00108							#	   0.11	  68.74	
    313	   1.18	  -0.12	  0.017	1.00085							#	   0.11	  60.05	
    314	   1.33	  -0.21	  0.022	1.00085							#	   0.11	  60.56	
    315	   1.23	  -0.40	  0.022	1.00091							#	   0.12	  59.85	
    316	   1.26	  -0.54	  0.023	1.00083							#	   0.19	  56.57	
    317	   1.11	  -0.62	  0.021	1.00094							#	   0.21	  60.15	
    318	   0.88	  -0.79	  0.024	1.00083							#	   0.19	  57.93	
    319	   1.36	  -0.53	  0.023	1.00080							#	   0.21	  58.18	
    320	   1.38	  -0.84	  0.026	1.00079							#	   0.17	  58.08	
    321	   1.01	  -0.90	  0.026	1.00076							#	   0.14	  57.02	
    322	   0.63	  -1.01	  0.025	1.00083							#	   0.14	  57.78	
    323	   0.66	  -1.02	  0.026	1.00084							#	   0.14	  58.48	
    324	   0.84	  -0.92	  0.027	1.00072							#	   0.14	  57.37	
    325	   0.70	  -0.63	  0.024	1.00082							#	   0.14	  58.94	
    326	   0.90	  -0.64	  0.028	1.00065							#	   0.14	  56.26	
    327	   0.70	  -0.63	  0.027	1.00071							#	   0.13	  57.68	
    328	   0.81	  -0.32	  0.025	1.00074							#	   0.13	  60.51	
    329	   0.96	  -0.24	  0.025	1.00072							#	   0.13	  61.31	
    330	   1.17	  -0.26	  0.024	1.00072							#	   0.13	  61.46	
    331	   1.05	  -0.57	  0.022	1.00092							#	   0.14	  68.03	
    332	   1.02	  -0.48	  0.021	1.00093							#	   0.13	  71.21	
    333	   1.17	  -0.31	  0.016	1.00089							#	   0.12	  76.46	
    334	   1.33	   0.21	  0.014	1.00088							#	   0.12	  78.59	
    335	   1.63	  -0.24	  0.014	1.00084							#	   0.13	  79.24	
    336	   1.81	  -0.28	  0.011	1.00080							#	   0.13	  83.23	
    337	   2.26	  -0.26	  0.009	1.00073							#	   0.16	  89.24	
    338	   2.52	   0.20	  0.005	1.00069							#	   0.16	  92.37	
    339	   2.86	   0.14	  0.001	1.00058							#	   0.18	  96.06	
    340	   2.98	   0.38	  0.001	1.00056							#	   0.20	  97.58	
    341	   3.11	   0.22	 -0.001	1.00048							#	   0.21	  98.03	
    342	   3.39	   0.37	 -0.002	1.00041							#	   0.23	  97.88	
    343	   3.64	   0.69	 -0.004	1.00030							#	   0.28	  97.47	
    344	   4.13	   0.92	 -0.004	1.00023							#	   0.33	  95.25	
    345	   4.38	   1.01	 -0.005	1.00013							#	   0.38	  93.54	
    346	   4.70	   1.10	 -0.008	1.00009							#	   0.44	  92.32	
    347	   4.80	   1.07	 -0.008	1.00002							#	   0.46	  88.64	
    348	   4.83	   1.04	 -0.011	0.99998							#	   0.49	  83.54	
    349	   4.86	   1.17	 -0.013	1.00024							#	   0.51	  77.63	
    350	   4.76	   1.49	 -0.013	1.00030							#	   0.55	  77.22	
    351	   4.58	   1.74	 -0.016	1.00027							#	   0.52	  81.77	
    352	   4.36	   1.68	 -0.017	1.00018							#	   0.47	  87.12	
    353	   4.03	   1.57	 -0.017	1.00020							#	   0.42	  82.83	
    354	   4.03	   1.72	 -0.017	1.00021							#	   0.48	  83.69	
    355	   3.49	   1.85	 -0.017	1.00017							#	   0.41	  77.63	
    356	   3.13	   1.99	 -0.018	1.00016							#	   0.36	  81.06	
    357	   2.87	   1.91	 -0.021	1.00016							#	   0.32	  82.02	
    358	   2.16	   1.93	 -0.018	1.00027							#	   0.25	  83.89	
    359	   1.99	   1.99	 -0.023	1.00020							#	   0.23	  86.26	
    360	   1.73	   1.99	 -0.022	1.00018							#	   0.29	  86.92	
    361	   1.51	   1.82	 -0.021	1.00018							#	   0.20	  89.24	
    362	   1.81	   2.04	 -0.022	1.00016							#	   0.21	  91.82	
    363	   1.05	   2.31	 -0.019	1.00020							#	   0.19	  91.52	
    364	   0.55	   2.25	 -0.020	1.00009							#	   0.18	  92.88	
    365	   0.79	   1.86	 -0.018	1.00018							#	   0.15	  95.81	
    366	   0.51	   1.37	 -0.016	1.00030							#	   0.11	  95.00	
    367	   0.21	   1.40	 -0.019	1.00026							#	   0.11	  95.40	
    368	   0.22	   1.34	 -0.020	1.00033							#	   0.11	  94.90	
    369	   0.07	   1.36	 -0.020	1.00041							#	   0.11	  94.85	
    370	  -0.24	   1.15	 -0.022	1.00050							#	   0.11	  93.38	
    371	  -0.13	   1.09	 -0.022	1.00048							#	   0.11	  93.13	
    372	   0.00	   1.15	 -0.021	1.00046							#	   0.12	  93.84	
    373	  -0.46	   1.22	 -0.022	1.00049							#	   0.13	  94.80	
    374	  -0.48	   0.95	 -0.021	1.00048							#	   0.11	  94.29	
    375	  -0.57	   0.97	 -0.021	1.00041							#	   0.11	  95.05	
    376	  -0.58	   1.02	 -0.023	1.00039							#	   0.10	  95.66	
    377	  -0.87	   0.90	 -0.023	1.00035							#	   0.10	  96.46	
    378	  -0.96	   0.91	 -0.020	1.00031							#	   0.10	  96.26	
    379	  -1.17	   0.67	 -0.020	1.00033							#	   0.11	  96.67	
    380	  -1.52	   0.47	 -0.019	1.00035							#	   0.12	  96.87	
    381	  -1.54	   0.55	 -0.019	1.00032							#	   0.11	  97.12	
    382	  -1.38	   0.60	 -0.018	1.00024							#	   0.11	  96.82	
    383	  -1.09	   0.49	 -0.016	1.00022							#	   0.09	  97.07	
    384	  -1.53	   0.32	 -0.014	1.00023							#	   0.10	  97.02	
    385	  -1.71	   0.14	 -0.012	1.00024							#	   0.11	  96.82	
    386	  -1.69	   0.17	 -0.014	1.00028							#	   0.10	  96.62	
    387	  -1.69	   0.12	 -0.014	1.00027							#	   0.10	  96.67	
    388	  -1.74	  -0.01	 -0.012	1.00033							#	   0.11	  96.26	
    389	  -2.05	   0.06	 -0.013	1.00038							#	   0.13	  95.86	
    390	  -1.94	  -0.03	 -0.014	1.00035							#	   0.13	  96.16	
    391	  -1.76	  -0.20	 -0.013	1.00034							#	   0.11	  96.46	
    392	  -1.95	  -0.20	 -0.013	1.00032							#	   0.12	  96.82	
    393	  -2.26	  -0.35	 -0.013	1.00027							#	   0.15	  96.46	
    394	  -2.32	  -0.46	 -0.011	1.00030							#	   0.16	  96.36	
    395	  -2.32	  -0.59	 -0.010	1.00025							#	   0.16	  97.02	
    396	  -2.31	  -0.46	 -0.011	1.00023							#	   0.15	  97.27	
    397	  -2.46	  -0.63	 -0.010	1.00020							#	   0.16	  97.42	
    398	  -2.69	  -0.64	 -0.009	1.00023							#	   0.19	  97.68	
    399	  -2.62	  -0.77	 -0.009	1.00019							#	   0.18	  97.53	
    400	  -2.42	  -0.73	 -0.008	1.00017							#	   0.16	  97.12	
    401	  -2.53	  -0.82	 -0.007	1.00015							#	   0.18	  97.58	
    402	  -2.93	  -0.93	 -0.008	1.00015							#	   0.22	  96.31	
    403	  -2.97	  -0.89	 -0.009	1.00013							#	   0.21	  97.22	
    404	  -2.71	  -0.98	 -0.008	1.00009							#	   0.19	  96.92	
    405	  -2.72	  -1.03	 -0.009	1.00004							#	   0.19	  97.22	
    406	  -2.55	  -1.15	 -0.008	1.00004							#	   0.18	  97.37	
    407	  -2.75	  -1.18	 -0.009	1.00001							#	   0.20	  97.12	
    408	  -2.73	  -1.23	 -0.009	1.00001							#	   0.20	  97.02	
    409	  -2.64	  -1.15	 -0.007	1.00000							#	   0.19	  97.58	
    410	  -2.57	  -1.29	 -0.009	1.00002							#	   0.18	  98.79	
    411	  -2.58	  -1.38	 -0.009	1.00003							#	   0.19	  98.38	
    412	  -2.63	  -1.43	 -0.007	1.00002							#	   0.20	  99.44	
    413	  -2.35	  -1.47	 -0.009	1.00003							#	   0.18	  99.14	
    414	  -2.27	  -1.49	 -0.006	1.00004							#	   0.18	  99.24	
    415	  -2.31	  -1.56	 -0.006	1.00005							#	   0.19	  99.39	
    416	  -2.40	  -1.58	 -0.006	1.00007							#	   0.20	  99.04	
    417	  -2.39	  -1.81	 -0.006	1.00008							#	   0.22	  99.29	
    418	  -2.39	  -1.82	 -0.005	1.00007							#	   0.22	  98.84	
    419	  -2.47	  -1.89	 -0.005	1.00006							#	   0.23	  99.09	
    420	  -2.53	  -1.97	 -0.005	1.00007							#	   0.29	  98.33	
    421	  -2.11	  -1.87	 -0.005	1.00006							#	   0.19	  98.38	
    422	  -2.12	  -1.95	 -0.003	1.00004							#	   0.18	  98.03	
    423	  -2.41	  -1.98	 -0.003	1.00003							#	   0.21	  98.43	
    424	  -2.51	  -1.92	 -0.004	1.00004							#	   0.22	  98.48	
    425	  -2.28	  -1.85	 -0.004	0.99998							#	   0.19	  98.23	
    426	  -1.86	  -1.81	 -0.003	1.00000							#	   0.16	  98.59	
    427	  -2.15	  -1.88	 -0.000	1.00003							#	   0.19	  98.79	
    428	  -2.05	  -1.88	 -0.002	1.00001							#	   0.18	  98.23	
    429	  -2.17	  -1.73	  0.000	0.99996							#	   0.19	  98.28	
    430	  -2.04	  -1.73	 -0.001	0.99997							#	   0.18	  98.54	
    431	  -1.85	  -1.87	  0.000	0.99995							#	   0.16	  98.38	
    432	  -1.85	  -1.86	  0.002	1.00001							#	   0.17	  98.13	
    433	  -1.87	  -1.68	  0.001	0.99999							#	   0.16	  98.03	
    434	  -1.84	  -1.66	 -0.001	0.99995							#	   0.16	  97.68	
    435	  -1.20	  -1.59	  0.002	1.00003							#	   0.12	  97.47	
    436	  -1.33	  -1.73	  0.003	0.99998							#	   0.15	  97.17	
    437	  -1.29	  -1.71	  0.001	0.99994							#	   0.15	  97.07	
    438	  -1.37	  -1.69	  0.001	0.99990							#	   0.16	  97.88	
    439	  -1.56	  -1.66	  0.002	0.99991							#	   0.17	  98.28	
    440	  -1.29	  -1.62	  0.000	0.99996							#	   0.16	  98.03	
    441	  -1.16	  -1.75	  0.001	0.99994							#	   0.17	  97.88	
    442	  -1.19	  -1.77	  0.000	0.99993							#	   0.18	  97.78	
    443	  -1.31	  -1.89	 -0.000	0.99993							#	   0.18	  97.73	
    444	  -1.18	  -1.67	  0.000	0.99996							#	   0.15	  97.37	
    445	  -1.27	  -1.69	  0.001	0.99999							#	   0.17	  97.42	
    446	  -1.47	  -1.65	  0.001	0.99993							#	   0.17	  97.47	
    447	  -1.37	  -1.66	  0.002	0.99994							#	   0.16	  97.53	
    448	  -1.23	  -1.61	  0.002	0.99997							#	   0.14	  97.78	
    449	  -1.23	  -1.64	  0.003	1.00001							#	   0.16	  97.22	
    450	  -1.11	  -1.64	  0.003	0.99997							#	   0.15	  96.72	
    451	  -1.12	  -1.60	  0.004	0.99993							#	   0.14	  96.92	
    452	  -1.17	  -1.64	  0.003	0.99997							#	   0.16	  96.62	
    453	  -1.12	  -1.59	  0.005	0.99995							#	   0.14	  96.72	
    454	  -1.10	  -1.72	  0.004	1.00001							#	   0.15	  96.92	
    455	  -1.15	  -1.74	  0.005	0.99997							#	   0.18	  97.12	
    456	  -1.18	  -1.72	  0.005	1.00002							#	   0.15	  96.97	
    457	  -1.19	  -1.78	  0.005	1.00002							#	   0.14	  96.72	
    458	  -1.12	  -1.64	  0.005	1.00007							#	   0.14	  97.22	
    459	  -1.10	  -1.68	  0.006	1.00005							#	   0.14	  97.12	
    460	  -1.29	  -1.76	  0.006	1.00006							#	   0.15	  97.42	
    461	  -1.31	  -1.63	  0.006	1.00004							#	   0.14	  97.32	
    462	  -1.34	  -1.73	  0.006	1.00009							#	   0.15	  97.73	
    463	  -1.25	  -1.70	  0.005	1.00009							#	   0.14	  97.88	
    464	  -1.38	  -1.56	  0.004	1.00008							#	   0.14	  97.73	
    465	  -1.33	  -1.51	  0.006	1.00007							#	   0.14	  97.68	
    466	  -1.12	  -1.54	  0.006	1.00008							#	   0.12	  97.17	
    467	  -1.37	  -1.30	  0.006	1.00009							#	   0.11	  96.82	
    468	  -1.34	  -1.28	  0.003	1.00003							#	   0.12	  96.67	
    469	  -1.13	  -1.31	  0.005	1.00005							#	   0.11	  96.52	
    470	  -1.19	  -1.12	  0.003	1.00004							#	   0.10	  96.26	
    471	  -1.26	  -1.15	  0.005	1.00004							#	   0.11	  96.41	
    472	  -1.27	  -1.09	  0.003	1.00002							#	   0.11	  96.21	
    473	  -1.36	  -1.09	  0.003	1.00005							#	   0.11	  96.57	
    474	  -1.20	  -1.10	  0.003	1.00012							#	   0.11	  96.52	
    475	  -0.95	  -1.13	  0.003	1.00012							#	   0.09	  96.16	
    476	  -0.94	  -1.05	  0.004	1.00008							#	   0.10	  95.96	
    477	  -0.94	  -0.87	  0.003	1.00009							#	   0.09	  95.56	
    478	  -0.77	  -1.10	  0.004	1.00009							#	   0.09	  95.86	
    479	  -0.72	  -0.90	  0.003	1.00009							#	   0.07	  96.36	
    480	  -0.79	  -1.00	  0.003	1.00006							#	   0.14	  96.26	
    481	  -0.30	  -0.84	  0.004	1.00009							#	   0.07	  96.87	
    482	  -0.21	  -0.85	  0.003	1.00009							#	   0.08	  96.57	
    483	  -0.57	  -0.95	  0.005	1.00002							#	   0.11	  96.92	
    484	  -0.59	  -0.91	  0.001	1.00005							#	   0.11	  97.07	
    485	  -0.22	  -0.89	  0.001	1.00005							#	   0.10	  96.46	
    486	   0.01	  -0.95	  0.002	1.00004							#	   0.08	  96.62	
    487	  -0.19	  -0.83	  0.002	0.99997							#	   0.07	  96.52	
    488	  -0.23	  -0.92	  0.001	0.99997							#	   0.09	  96.41	
    489	  -0.13	  -0.85	  0.004	1.00000							#	   0.09	  96.82	
    490	  -0.07	  -0.90	  0.001	1.00001							#	   0.10	  96.67	
    491	  -0.04	  -0.94	  0.003	0.99999							#	   0.09	  97.27	
    492	   0.10	  -0.94	  0.003	1.00005							#	   0.08	  96.72	
    493	   0.16	  -0.88	  0.004	1.00002							#	   0.07	  96.62	
    494	   0.05	  -0.89	  0.003	1.00002							#	   0.07	  96.52	
    495	  -0.24	  -0.90	  0.005	1.00002							#	   0.07	  96.06	
    496	   0.06	  -0.95	  0.003	1.00006							#	   0.07	  96.26	
    497	   0.25	  -1.05	  0.004	1.00003							#	   0.07	  95.66	
    498	   0.43	  -1.09	  0.005	1.00005							#	   0.07	  95.91	
    499	   0.14	  -1.02	  0.005	1.00002							#	   0.07	  95.56	
    500	  -0.01	  -1.05	  0.006	1.00003							#	   0.07	  95.71	
    501	   0.03	  -1.00	  0.006	1.00002							#	   0.06	  95.56	
    502	   0.15	  -0.97	  0.005	1.00002							#	   0.06	  95.56	
    503	   0.17	  -1.00	  0.005	1.00005							#	   0.06	  95.66	
    504	   0.32	  -0.97	  0.004	1.00005							#	   0.06	  96.01	
    505	   0.20	  -0.96	  0.004	1.00002							#	   0.05	  95.96	
    506	   0.30	  -0.98	  0.006	1.00005							#	   0.05	  95.66	
    507	   0.02	  -0.84	  0.005	1.00001							#	   0.05	  96.11	
    508	   0.13	  -0.90	  0.003	1.00003							#	   0.05	  96.06	
    509	   0.15	  -0.90	  0.003	1.00002							#	   0.05	  96.11	
    510	   0.21	  -0.88	  0.004	1.00002							#	   0.05	  96.16	
    511	   0.10	  -0.84	  0.004	1.00001							#	   0.05	  96.16	
    512	   0.31	  -0.82	  0.005	1.00000							#	   0.05	  95.81	
    513	   0.44	  -0.72	  0.004	1.00002							#	   0.04	  96.11	
    514	   0.64	  -0.83	  0.005	0.99997							#	   0.05	  96.21	
    515	   0.47	  -0.64	  0.005	1.00000							#	   0.05	  96.01	
    516	   0.44	  -0.72	  0.006	0.99998							#	   0.04	  95.91	
    517	   0.29	  -0.67	  0.007	1.00001							#	   0.04	  95.86	
    518	   0.51	  -0.46	  0.007	1.00002							#	   0.04	  95.96	
    519	   0.80	  -0.44	  0.006	1.00002							#	   0.04	  95.71	
    520	   0.78	  -0.20	  0.006	0.99996							#	   0.04	  95.56	
    521	   0.67	  -0.31	  0.005	1.00007							#	   0.04	  95.86	
    522	   0.58	  -0.14	  0.005	1.00002							#	   0.04	  95.96	
    523	   0.48	  -0.14	  0.004	0.99999							#	   0.03	  95.86	
    524	   0.69	  -0.08	  0.005	0.99996							#	   0.04	  96.57	
    525	   0.84	  -0.03	  0.003	0.99997							#	   0.04	  96.87	
    526	   0.85	   0.02	  0.004	0.99998							#	   0.04	  96.97	
    527	   0.65	  -0.10	  0.004	0.99998							#	   0.04	  97.22	
    528	   0.69	   0.00	  0.003	0.99998							#	   0.04	  97.32	
    529	   0.68	  -0.04	  0.005	0.99997							#	   0.04	  97.27	
    530	   0.94	  -0.04	  0.003	0.99998							#	   0.04	  97.53	
    531	   0.78	  -0.08	  0.006	0.99995							#	   0.04	  97.32	
    532	   0.84	  -0.11	  0.004	1.00000							#	   0.04	  97.17	
    533	   0.92	  -0.14	  0.006	1.00000							#	   0.05	  97.37	
    534	   0.91	  -0.10	  0.005	0.99997							#	   0.04	  97.12	
    535	   0.65	  -0.15	  0.007	0.99999							#	   0.04	  97.27	
    536	   0.83	  -0.17	  0.006	1.00001							#	   0.04	  97.22	
    537	   0.82	  -0.12	  0.006	1.00000							#	   0.04	  96.77	
    538	   0.78	  -0.10	  0.006	1.00000							#	   0.04	  96.52	
    539	   0.76	  -0.09	  0.003	1.00003							#	   0.04	  96.41	
    540	   0.99	  -0.10	 -0.001	1.00003							#	   0.09	  95.76	
    541	   1.14	  -0.19	 -0.000	1.00000							#	   0.05	  96.11	
    542	   1.07	  -0.04	  0.001	1.00003							#	   0.06	  95.61	
    543	   1.23	  -0.14	  0.000	1.00000							#	   0.06	  96.01	
    544	   1.13	  -0.25	  0.001	1.00000							#	   0.05	  95.71	
    545	   1.01	  -0.21	  0.000	1.00003							#	   0.05	  95.91	
    546	   1.28	  -0.21	 -0.001	1.00001							#	   0.06	  95.71	
    547	   1.62	  -0.29	 -0.001	0.99998							#	   0.08	  96.46	
    548	   1.56	  -0.08	  0.001	1.00002							#	   0.07	  96.77	
    549	   1.44	  -0.28	  0.001	0.99996							#	   0.06	  96.36	
    550	   1.37	  -0.16	 -0.001	0.99996							#	   0.06	  96.21	
    551	   1.74	  -0.22	  0.001	1.00001							#	   0.08	  97.07	
    552	   1.78	  -0.28	  0.001	0.99998							#	   0.08	  96.46	
    553	   1.59	  -0.17	  0.003	0.99997							#	   0.07	  95.96	
    554	   1.70	  -0.23	  0.001	0.99991							#	   0.08	  96.11	
    555	   1.60	  -0.23	  0.002	0.99993							#	   0.07	  96.11	
    556	   1.70	  -0.18	  0.002	1.00000							#	   0.08	  96.52	
    557	   1.60	  -0.23	  0.003	0.99997							#	   0.07	  96.57	
    558	   1.86	  -0.28	  0.002	0.99999							#	   0.09	  96.41	
    559	   1.88	  -0.17	  0.004	0.99997							#	   0.09	  96.67	
    560	   1.91	  -0.20	  0.003	0.99995							#	   0.09	  97.53	
    561	   1.98	  -0.21	  0.003	0.99993							#	   0.10	  96.26	
    562	   2.14	  -0.11	  0.003	0.99991							#	   0.11	  96.52	
    563	   2.15	  -0.17	  0.004	0.99991							#	   0.11	  96.57	
    564	   2.15	  -0.21	  0.004	0.99989							#	   0.11	  96.82	
    565	   2.12	  -0.14	  0.003	0.99986							#	   0.11	  97.17	
    566	   2.21	  -0.15	  0.003	0.99986							#	   0.12	  96.62	
    567	   2.32	  -0.25	  0.003	0.99986							#	   0.12	  97.42	
    568	   2.18	  -0.14	  0.004	0.99988							#	   0.11	  97.37	
    569	   2.16	  -0.26	  0.001	0.99988							#	   0.11	  96.26	
    570	   2.18	  -0.38	  0.004	0.99991							#	   0.11	  96.41	
    571	   2.07	  -0.19	  0.004	0.99990							#	   0.11	  96.21	
    572	   2.14	  -0.15	  0.002	0.99990							#	   0.10	  96.26	
    573	   2.16	  -0.27	  0.003	0.99991							#	   0.11	  96.62	
    574	   2.12	  -0.08	  0.003	0.99991							#	   0.11	  97.02	
    575	   2.17	  -0.09	  0.003	0.99990							#	   0.11	  97.78	
    576	   2.43	  -0.14	  0.002	0.99995							#	   0.13	  97.88	
    577	   2.86	  -0.02	  0.005	0.99992							#	   0.18	  97.02	
    578	   2.03	  -0.07	  0.004	0.99992							#	   0.11	  97.68	
    579	   2.00	  -0.05	  0.003	0.99991							#	   0.11	  96.97	
    580	   2.01	  -0.06	  0.004	0.99992							#	   0.11	  97.63	
    581	   2.13	   0.01	  0.002	0.99994							#	   0.11	  97.27	
    582	   2.11	  -0.03	  0.004	0.99992							#	   0.12	  97.53	
    583	   2.03	   0.08	  0.003	0.99994							#	   0.11	  97.17	
    584	   1.90	  -0.10	  0.003	0.99993							#	   0.10	  96.87	
    585	   1.89	  -0.04	  0.004	0.99996							#	   0.10	  97.02	
    586	   1.71	  -0.01	  0.003	0.99995							#	   0.09	  96.57	
    587	   1.97	  -0.02	  0.003	0.99997							#	   0.11	  96.92	
    588	   1.84	  -0.02	  0.004	0.99997							#	   0.10	  96.72	
    589	   1.56	   0.07	  0.002	0.99995							#	   0.08	  97.17	
    590	   1.56	   0.15	  0.002	0.99993							#	   0.08	  97.32	
    591	   1.87	   0.02	  0.005	0.99996							#	   0.11	  96.97	
    592	   1.86	   0.07	  0.004	0.99996							#	   0.10	  96.77	
    593	   1.52	   0.08	  0.000	0.99992							#	   0.07	  96.92	
    594	   1.46	   0.01	  0.004	0.99996							#	   0.08	  96.82	
    595	   1.30	   0.12	  0.002	0.99997							#	   0.06	  97.12	
    596	   1.24	   0.03	  0.002	0.99995							#	   0.06	  97.22	
    597	   1.12	   0.01	  0.003	0.99997							#	   0.06	  97.17	
    598	   1.17	  -0.01	  0.003	0.99997							#	   0.06	  97.07	
    599	   1.19	  -0.04	  0.003	0.99997							#	   0.06	  97.22	
    600	   1.31	  -0.04	  0.004	0.99997							#	   0.13	  96.67	
    601	   1.41	   0.06	  0.004	1.00000							#	   0.09	  97.17	
    602	   0.78	  -0.08	  0.004	0.99997							#	   0.05	  97.73	
    603	   0.83	  -0.02	  0.004	1.00000							#	   0.06	  96.87	
    604	   0.92	  -0.10	  0.004	1.00000							#	   0.06	  97.42	
    605	   0.92	   0.10	  0.004	0.99996							#	   0.06	  97.27	
    606	   0.87	   0.09	  0.002	0.99994							#	   0.05	  97.53	
    607	   0.89	  -0.03	  0.003	0.99996							#	   0.06	  96.92	
    608	   0.81	  -0.03	  0.004	0.99994							#	   0.06	  97.42	
    609	   0.47	   0.02	  0.003	0.99992							#	   0.05	  97.32	
    610	   0.46	  -0.01	  0.001	0.99991							#	   0.04	  97.68	
    611	   0.52	  -0.12	  0.000	0.99998							#	   0.04	  97.63	
    612	   0.48	  -0.04	  0.002	0.99996							#	   0.04	  97.88	
    613	   0.79	  -0.05	  0.001	0.99999							#	   0.04	  97.83	
    614	   0.57	  -0.01	  0.002	0.99999							#	   0.03	  97.83	
    615	   0.21	  -0.07	 -0.001	0.99997							#	   0.03	  97.68	
    616	   0.35	  -0.07	  0.003	1.00000							#	   0.04	  98.18	
    617	   0.55	   0.04	  0.000	1.00000							#	   0.04	  97.98	
    618	   0.49	  -0.09	  0.002	0.99998							#	   0.03	  98.23	
    619	   0.29	   0.02	  0.002	0.99995							#	   0.02	  98.28	
    620	   0.39	  -0.05	  0.002	0.99998							#	   0.03	  98.43	
    621	   0.20	  -0.06	  0.003	0.99996							#	   0.03	  98.48	
    622	   0.24	  -0.03	  0.003	0.99995							#	   0.02	  98.33	
    623	   0.22	  -0.12	  0.002	0.99995							#	   0.02	  98.28	
    624	   0.26	  -0.05	  0.003	0.99996							#	   0.03	  98.08	
    625	   0.32	  -0.11	  0.003	0.99997							#	   0.03	  97.98	
    626	   0.27	  -0.22	  0.000	0.99996							#	   0.03	  98.23	
    627	   0.27	  -0.11	  0.001	0.99998							#	   0.02	  98.08	
    628	   0.40	  -0.05	  0.001	0.99998							#	   0.03	  97.63	
    629	   0.38	  -0.25	  0.002	0.99998							#	   0.04	  97.58	
    630	   0.10	  -0.12	  0.001	1.00001							#	   0.02	  97.88	
    631	  -0.01	  -0.13	  0.003	1.00001							#	   0.02	  97.68	
    632	   0.05	  -0.07	 -0.000	0.99998							#	   0.02	  97.63	
    633	   0.07	  -0.05	  0.003	0.99997							#	   0.03	  97.68	
    634	   0.08	   0.03	  0.002	0.99997							#	   0.02	  97.53	
    635	   0.32	  -0.06	  0.001	1.00001							#	   0.02	  98.13	
    636	   0.39	  -0.03	  0.002	0.99998							#	   0.03	  98.08	
    637	   0.32	  -0.10	  0.002	0.99999							#	   0.03	  97.98	
    638	   0.28	  -0.15	  0.001	1.00001							#	   0.03	  98.54	
    639	   0.21	  -0.14	  0.003	1.00000							#	   0.02	  98.59	
    640	   0.38	  -0.16	  0.001	1.00001							#	   0.03	  98.13	
    641	   0.37	  -0.18	  0.001	0.99999							#	   0.03	  98.08	
    642	   0.12	  -0.17	  0.002	1.00003							#	   0.02	  98.43	
    643	   0.31	  -0.24	  0.003	1.00007							#	   0.03	  98.43	
    644	   0.54	  -0.16	  0.000	0.99999							#	   0.03	  98.28	
    645	   0.82	  -0.18	  0.000	1.00003							#	   0.04	  98.18	
    646	   0.95	  -0.20	  0.003	1.00001							#	   0.05	  97.78	
    647	   0.15	  -0.06	  0.001	0.99998							#	   0.02	  98.13	
    648	   0.07	  -0.21	  0.001	0.99998							#	   0.03	  97.68	
    649	   0.12	  -0.07	  0.000	0.99997							#	   0.03	  97.58	
    650	   0.39	  -0.17	  0.001	1.00001							#	   0.03	  97.37	
    651	   0.38	  -0.18	  0.001	0.99996							#	   0.03	  97.42	
    652	   0.13	  -0.13	  0.001	0.99999							#	   0.03	  97.42	
    653	   0.31	  -0.16	  0.001	1.00001							#	   0.03	  97.42	
    654	   0.23	  -0.11	  0.000	1.00001							#	   0.03	  97.07	
    655	   0.29	  -0.15	  0.001	1.00006							#	   0.03	  97.07	
    656	   0.14	  -0.16	  0.001	0.99998							#	   0.03	  96.72	
    657	   0.45	  -0.12	  0.002	1.00006							#	   0.03	  96.72	
    658	   0.79	  -0.21	  0.001	1.00004							#	   0.04	  96.87	
    659	   0.18	  -0.24	  0.002	1.00004							#	   0.03	  96.46	
    660	  -0.02	  -0.44	  0.000	1.00002							#	   0.08	  96.26	
    661	   0.05	  -0.31	  0.001	1.00002							#	   0.03	  97.02	
    662	   0.21	  -0.25	 -0.000	1.00003							#	   0.03	  96.97	
    663	   0.31	  -0.24	  0.001	1.00004							#	   0.03	  96.11	
    664	   0.07	  -0.26	  0.000	1.00001							#	   0.02	  95.91	
    665	   0.02	  -0.20	  0.001	1.00001							#	   0.02	  96.21	
    666	   0.08	  -0.19	 -0.000	1.00000							#	   0.03	  95.71	
    667	   0.30	  -0.16	  0.000	1.00003							#	   0.03	  96.06	
    668	   0.09	  -0.08	  0.001	1.00004							#	   0.02	  96.26	
    669	  -0.03	  -0.11	  0.000	1.00002							#	   0.03	  96.31	
    670	  -0.11	  -0.08	  0.001	1.00001							#	   0.03	  96.16	
    671	  -0.15	   0.04	  0.000	1.00004							#	   0.03	  97.02	
    672	  -0.03	   0.01	 -0.000	1.00003							#	   0.02	  96.46	
    673	   0.00	  -0.02	  0.002	1.00006							#	   0.02	  97.07	
    674	  -0.31	   0.12	  0.001	1.00005							#	   0.03	  97.22	
    675	  -0.34	   0.15	  0.001	1.00007							#	   0.03	  97.32	
    676	  -0.48	   0.19	  0.002	1.00004							#	   0.03	  97.58	
    677	  -0.35	   0.23	 -0.000	1.00007							#	   0.04	  97.53	
    678	  -0.22	   0.32	  0.001	1.00007							#	   0.04	  97.42	
    679	  -0.38	   0.48	  0.004	1.00006							#	   0.04	  96.62	
    680	  -0.82	   0.39	  0.001	1.00005							#	   0.05	  96.82	
    681	  -0.51	   0.59	  0.003	1.00009							#	   0.04	  96.41	
    682	  -0.57	   0.80	  0.003	1.00005							#	   0.05	  96.06	
    683	  -0.78	   0.81	  0.001	1.00001							#	   0.06	  96.01	
    684	  -0.85	   0.95	  0.002	1.00005							#	   0.07	  96.67	
    685	  -0.72	   0.95	  0.001	1.00006							#	   0.06	  96.41	
    686	  -0.68	   0.90	  0.001	1.00008							#	   0.06	  96.16	
    687	  -0.61	   0.96	  0.001	1.00007							#	   0.05	  96.77	
    688	  -0.73	   1.05	  0.001	1.00008							#	   0.06	  96.87	
    689	  -0.77	   1.04	  0.001	1.00004							#	   0.06	  97.83	
    690	  -0.78	   1.05	 -0.000	1.00008							#	   0.07	  97.02	
    691	  -0.92	   1.14	  0.002	1.00004							#	   0.08	  97.32	
    692	  -1.02	   1.22	  0.001	1.00007							#	   0.08	  96.92	
    693	  -0.97	   1.24	  0.001	1.00007							#	   0.08	  96.41	
    694	  -1.04	   1.25	 -0.000	1.00007							#	   0.09	  96.97	
    695	  -0.86	   1.25	  0.001	1.00009							#	   0.08	  96.97	
    696	  -1.00	   1.29	  0.002	1.00009							#	   0.08	  97.27	
    697	  -1.14	   1.30	  0.001	1.00008							#	   0.09	  97.27	
    698	  -0.96	   1.23	  0.001	1.00010							#	   0.08	  97.22	
    699	  -0.71	   1.20	 -0.000	1.00012							#	   0.08	  97.07	
    700	  -0.92	   1.13	  0.002	1.00010							#	   0.07	  97.17	
    701	  -1.26	   1.12	  0.002	1.00010							#	   0.09	  97.17	
    702	  -1.02	   1.06	  0.002	1.00009							#	   0.07	  97.02	
    703	  -1.01	   1.14	  0.000	1.00007							#	   0.08	  97.47	
    704	  -0.79	   0.93	  0.000	1.00010							#	   0.06	  96.92	
    705	  -0.55	   0.93	  0.002	1.00010							#	   0.05	  97.27	
    706	  -0.77	   0.91	  0.002	1.00010							#	   0.06	  96.92	
    707	  -0.82	   0.90	 -0.001	1.00008							#	   0.07	  96.77	
    708	  -0.72	   0.83	  0.001	1.00012							#	   0.06	  96.67	
    709	  -0.69	   0.82	  0.001	1.00012							#	   0.05	  97.07	
    710	  -0.82	   0.63	  0.000	1.00009							#	   0.06	  96.87	
    711	  -0.94	   0.81	 -0.002	1.00009							#	   0.07	  97.17	
    712	  -0.95	   0.51	 -0.000	1.00008							#	   0.05	  97.07	
    713	  -0.84	   0.66	 -0.001	1.00009							#	   0.06	  96.57	
    714	  -0.96	   0.53	 -0.001	1.00010							#	   0.06	  96.82	
    715	  -0.59	   0.54	 -0.001	1.00019							#	   0.05	  97.68	
    716	  -0.58	   0.51	 -0.001	1.00011							#	   0.04	  97.83	
    717	  -0.75	   0.54	 -0.000	1.00010							#	   0.05	  97.47	
    718	  -0.99	   0.55	 -0.002	1.00008							#	   0.07	  97.63	
    719	  -0.95	   0.51	 -0.004	1.00013							#	   0.07	  97.53	
    720	  -0.72	   0.50	 -0.003	1.00010							#	   0.14	  96.46	
    721	  -0.62	   0.46	 -0.003	1.00014							#	   0.07	  97.78	
    722	  -0.74	   0.33	 -0.004	1.00013							#	   0.06	  97.83	
    723	  -0.85	   0.37	 -0.004	1.00012							#	   0.07	  97.32	
    724	  -0.94	   0.48	 -0.003	1.00009							#	   0.08	  97.47	
    725	  -0.87	   0.16	 -0.003	1.00013							#	   0.06	  97.47	
    726	  -0.76	   0.30	 -0.004	1.00013							#	   0.06	  97.37	
    727	  -0.90	   0.30	 -0.004	1.00010							#	   0.07	  97.27	
    728	  -0.90	   0.18	 -0.003	1.00012							#	   0.07	  96.77	
    729	  -1.02	   0.22	 -0.004	1.00012							#	   0.07	  96.72	
    730	  -0.86	   0.26	 -0.005	1.00007							#	   0.07	  96.62	
    731	  -0.65	   0.19	 -0.004	1.00011							#	   0.07	  96.67	
    732	  -0.77	   0.10	 -0.004	1.00010							#	   0.08	  96.36	
    733	  -0.84	   0.18	 -0.004	1.00007							#	   0.08	  96.16	
    734	  -0.74	   0.26	 -0.005	1.00008							#	   0.07	  96.16	
    735	  -0.60	   0.21	 -0.004	1.00007							#	   0.07	  96.06	
    736	  -0.60	   0.11	 -0.004	1.00004							#	   0.07	  95.91	
    737	  -0.56	   0.21	 -0.004	1.00007							#	   0.08	  95.81	
    738	  -0.43	   0.14	 -0.003	1.00006							#	   0.09	  95.61	
    739	  -0.59	   0.10	 -0.003	1.00006							#	   0.13	  95.35	
    740	  -0.77	   0.09	 -0.004	1.00004							#	   0.15	  94.75	
    741	  -0.49	   0.20	 -0.004	1.00005							#	   0.15	  94.60	
    742	  -0.46	   0.11	 -0.002	1.00004							#	   0.17	  94.39	
    743	  -0.51	   0.05	 -0.003	1.00006							#	   0.21	  94.24	
    744	  -0.44	   0.19	 -0.003	1.00008							#	   0.20	  93.79	
    745	  -0.53	   0.11	 -0.004	1.00003							#	   0.23	  93.33	
    746	  -0.26	   0.32	 -0.005	0.99998							#	   0.16	  93.08	
    747	  -0.41	   0.51	 -0.007	0.99996							#	   0.13	  93.23	
    748	  -0.39	   0.39	 -0.006	0.99994							#	   0.12	  93.48	
    749	  -0.37	   0.38	 -0.006	0.99996							#	   0.13	  93.79	
    750	  -0.16	   0.45	 -0.004	0.99993							#	   0.11	  94.09	
    751	   0.00	   0.43	 -0.004	0.99996							#	   0.10	  94.65	
    752	  -0.09	   0.45	 -0.003	0.99994							#	   0.09	  95.05	
    753	  -0.19	   0.49	 -0.005	0.99991							#	   0.10	  95.91	
    754	  -0.01	   0.39	 -0.004	0.99994							#	   0.10	  95.56	
    755	  -0.03	   0.40	 -0.003	0.99994							#	   0.11	  95.61	
    756	  -0.08	   0.31	 -0.002	0.99992							#	   0.10	  94.85	
    757	   0.09	   0.34	 -0.004	0.99995							#	   0.10	  95.10	
    758	   0.21	   0.46	 -0.003	0.99988							#	   0.10	  94.60	
    759	   0.14	   0.32	 -0.004	0.99990							#	   0.10	  95.10	
    760	   0.32	   0.32	 -0.003	0.99989							#	   0.08	  95.15	
    761	   0.67	   0.55	 -0.003	0.99991							#	   0.07	  95.76	
    762	   0.61	   0.43	 -0.005	0.99984							#	   0.07	  95.66	
    763	   0.81	   0.54	 -0.004	0.99991							#	   0.08	  95.61	
    764	   0.71	   0.53	 -0.002	0.99983							#	   0.08	  96.41	
    765	   0.59	   0.30	 -0.004	0.99979							#	   0.07	  96.52	
    766	   0.65	   0.63	 -0.004	0.99990							#	   0.07	  96.41	
    767	   0.54	   0.47	 -0.004	0.99982							#	   0.08	  96.57	
    768	   0.85	   0.55	 -0.003	0.99992							#	   0.08	  96.11	
    769	   1.19	   0.63	 -0.003	0.99987							#	   0.08	  95.86	
    770	   1.42	   0.51	 -0.001	0.99982							#	   0.09	  96.21	
    771	   0.76	   0.57	 -0.002	0.99992							#	   0.06	  95.96	
