      1	  -1.04	  -0.07	  0.038	0.99994	  -0.58	   0.33	  0.047	0.99980			#	   0.02	  86.28	
      2	  -0.99	   0.18	  0.010	0.99997	  -1.00	  -0.91	  0.018	0.99950			#	   0.05	  85.72	
      3	  -1.33	   2.72	  0.004	1.00026	  -1.87	   2.24	  0.029	1.00029			#	   0.20	  85.85	
      4	   1.68	   1.43	 -0.014	0.99973	  -0.02	   2.29	 -0.025	0.99947			#	   0.13	  86.11	
      5	   3.39	   1.10	  0.003	0.99997	   3.12	   1.19	 -0.036	0.99947			#	   0.26	  86.15	
      6	   4.27	   1.38	  0.015	1.00008	   4.38	   0.77	 -0.040	1.00008			#	   0.37	  86.33	
      7	   1.80	   2.71	  0.022	1.00002	   2.75	   2.14	  0.032	0.99981			#	   0.28	  86.02	
      8	   0.38	   1.31	 -0.014	1.00010	   0.97	   3.11	 -0.011	1.00019			#	   0.09	  86.55	
      9	  -0.89	  -0.97	 -0.022	0.99994	  -0.30	  -1.22	 -0.004	0.99947			#	   0.07	  86.59	
     10	  -1.33	   0.08	 -0.003	1.00010	  -1.49	   0.27	  0.001	1.00030			#	   0.07	  86.55	
     11	  -1.52	   0.26	 -0.026	1.00004	  -1.17	  -0.24	  0.011	0.99987			#	   0.08	  86.41	
     12	  -0.70	   0.23	 -0.058	1.00014	  -1.91	   0.26	 -0.063	1.00019			#	   0.06	  86.76	
     13	   2.10	   1.14	 -0.007	0.99973	   1.42	   0.56	 -0.053	0.99961			#	   0.16	  86.68	
     14	   0.46	   1.97	  0.015	1.00004	   2.24	   1.72	 -0.004	0.99957			#	   0.15	  86.81	
     15	  -1.69	   3.04	  0.091	1.00005	  -3.40	   3.99	  0.108	0.99990			#	   0.31	  87.11	
     16	   1.64	  -0.31	  0.033	1.00009	   2.28	  -0.24	  0.025	0.99984			#	   0.09	  86.81	
     17	  -0.13	   0.32	  0.024	0.99990	   0.13	   0.85	  0.049	1.00025			#	   0.04	  86.81	
     18	   0.17	  -2.04	 -0.035	0.99999	   0.16	  -1.48	 -0.020	1.00011			#	   0.15	  87.02	
     19	  -0.24	  -0.70	 -0.039	1.00000	  -0.03	  -2.10	 -0.044	1.00018			#	   0.06	  86.72	
     20	  -0.94	   0.63	 -0.009	1.00020	  -0.82	   1.33	 -0.019	1.00021			#	   0.06	  86.63	
     21	  -0.92	  -1.52	 -0.003	0.99992	  -0.99	  -1.19	  0.026	1.00003			#	   0.11	  86.81	
     22	  -0.59	  -0.13	 -0.033	0.99996	  -0.73	  -1.29	 -0.037	1.00012			#	   0.05	  86.81	
     23	   0.17	   0.13	 -0.004	1.00000	  -0.76	   1.34	 -0.001	1.00001			#	   0.04	  86.68	
     24	   3.12	  -1.66	 -0.008	0.99999	   2.19	  -2.16	 -0.044	1.00015			#	   0.27	  86.28	
     25	   1.28	   0.77	 -0.004	1.00013	   3.17	   0.08	 -0.018	0.99995			#	   0.10	  86.50	
     26	  -1.13	  -0.15	 -0.021	1.00017	  -0.76	   1.21	  0.006	1.00027			#	   0.07	  86.63	
     27	  -1.10	  -2.03	 -0.021	0.99992	  -1.75	  -2.13	 -0.011	1.00030			#	   0.18	  86.68	
     28	   0.81	  -0.28	 -0.009	1.00000	   0.00	  -1.53	 -0.042	1.00015			#	   0.06	  86.85	
     29	   1.16	   1.07	  0.026	0.99979	   1.97	   1.35	  0.021	0.99947			#	   0.10	  86.50	
     30	  -2.26	  -0.10	 -0.026	1.00014	  -0.49	   0.84	  0.014	1.00034			#	   0.27	  86.11	
     31	  -3.33	  -1.67	 -0.013	1.00009	  -4.24	  -1.70	  0.013	1.00025			#	   0.28	  86.24	
     32	  -0.82	  -1.16	  0.004	1.00024	  -1.98	  -1.39	  0.010	1.00045			#	   0.08	  86.33	
     33	   2.32	  -1.20	 -0.002	0.99984	   1.36	  -1.08	 -0.036	0.99986			#	   0.14	  86.46	
     34	   1.03	  -0.69	 -0.019	1.00023	   2.62	  -1.31	 -0.021	1.00054			#	   0.07	  86.33	
     35	  -1.54	  -1.35	 -0.009	1.00002	  -1.42	  -0.37	  0.011	1.00030			#	   0.12	  86.24	
     36	   0.34	  -1.31	  0.005	0.99977	  -0.29	  -2.27	 -0.015	1.00013			#	   0.07	  86.15	
     37	  -1.61	  -0.14	 -0.007	1.00021	  -0.30	   0.10	  0.021	1.00017			#	   0.08	  86.46	
     38	  -1.03	  -0.97	 -0.011	0.99997	  -2.64	  -0.91	  0.008	1.00014			#	   0.08	  86.11	
     39	   1.18	  -1.03	 -0.017	1.00012	   0.61	  -0.52	 -0.028	1.00045			#	   0.08	  85.81	
     40	   1.95	  -1.40	 -0.020	1.00000	   2.12	  -2.27	 -0.046	0.99969			#	   0.14	  85.81	
     41	   2.36	   2.10	 -0.025	1.00019	   1.77	   0.95	 -0.035	1.00033			#	   0.25	  85.42	
     42	   3.33	   0.65	 -0.032	1.00019	   2.60	   2.17	 -0.065	1.00015			#	   0.26	  85.63	
     43	   4.36	  -0.37	 -0.019	0.99987	   4.35	  -0.96	 -0.067	0.99958			#	   0.41	  85.89	
     44	   3.87	   2.17	 -0.007	1.00019	   3.46	   0.67	 -0.026	1.00004			#	   0.43	  83.33	
     45	   3.94	   4.73	 -0.031	0.99983	   4.33	   4.45	 -0.061	0.99908			#	   0.75	  83.20	
     46	   3.41	   3.49	 -0.033	1.00017	   3.13	   4.54	 -0.065	0.99971			#	   0.51	  86.11	
     47	   3.23	   2.00	 -0.013	0.99995	   3.15	   2.50	 -0.038	0.99964			#	   0.31	  86.02	
     48	   3.43	   0.64	 -0.026	1.00000	   3.77	   1.55	 -0.055	0.99939			#	   0.29	  86.50	
     49	   1.83	   0.19	 -0.005	1.00039	   2.63	  -0.20	 -0.039	1.00071			#	   0.10	  86.72	
     50	   0.86	   0.29	 -0.024	1.00005	   0.68	  -0.04	  0.009	0.99981			#	   0.05	  86.94	
     51	   2.45	   1.61	 -0.050	1.00029	   0.67	   1.21	 -0.078	1.00043			#	   0.25	  85.81	
     52	   6.30	   2.01	 -0.022	0.99960	   5.16	   1.84	 -0.092	0.99926			#	   0.67	  82.03	
     53	   5.19	   2.89	 -0.004	0.99984	   7.14	   2.03	 -0.065	0.99895			#	   0.66	  83.59	
     54	   1.40	   4.12	  0.009	1.00022	   1.71	   4.67	  0.017	0.99991			#	   0.41	  83.98	
     55	   2.61	   1.17	  0.008	0.99986	   1.61	   2.56	 -0.011	0.99947			#	   0.21	  87.15	
     56	   4.31	   0.25	 -0.008	1.00002	   3.53	   0.59	 -0.034	1.00004			#	   0.40	  86.50	
     57	   6.11	  -0.51	 -0.031	0.99978	   6.08	  -1.30	 -0.102	0.99953			#	   0.71	  82.38	
     58	   2.85	   0.22	 -0.004	1.00010	   4.34	   0.83	 -0.021	1.00010			#	   0.24	  87.24	
     59	  -0.02	  -1.26	 -0.049	1.00020	   0.76	  -0.09	 -0.002	1.00072			#	   0.10	  87.15	
     60	   0.05	  -3.55	 -0.102	0.99994	  -0.31	  -3.63	 -0.101	0.99985			#	   0.46	  86.11	
     61	   2.40	  -1.78	 -0.069	1.00026	   0.69	  -2.22	 -0.112	1.00111			#	   0.25	  86.72	
     62	   3.38	  -1.57	 -0.031	0.99993	   4.45	  -2.07	 -0.086	0.99980			#	   0.30	  86.76	
     63	   2.93	  -0.35	 -0.026	1.00019	   1.31	  -0.76	 -0.016	1.00049			#	   0.23	  85.94	
     64	   4.74	  -0.37	 -0.061	1.00007	   5.01	  -0.42	 -0.119	0.99986			#	   0.47	  85.68	
     65	   3.54	   0.13	  0.010	1.00004	   3.58	   0.11	 -0.045	0.99984			#	   0.28	  86.07	
     66	   4.50	  -0.19	  0.050	1.00001	   3.47	   0.30	  0.012	1.00035			#	   0.46	  86.07	
     67	   4.81	  -1.56	  0.025	1.00009	   5.04	  -0.77	  0.013	1.00037			#	   0.54	  84.81	
     68	   4.71	  -2.73	 -0.022	0.99987	   4.76	  -3.11	 -0.039	0.99978			#	   0.56	  84.16	
     69	   2.48	  -1.13	 -0.044	1.00033	   3.91	  -1.28	 -0.078	1.00057			#	   0.17	  85.16	
     70	   1.81	  -1.26	  0.010	0.99989	   0.59	  -1.32	 -0.005	1.00015			#	   0.16	  85.50	
     71	   4.19	  -0.20	 -0.029	1.00000	   3.50	  -1.24	 -0.055	0.99950			#	   0.37	  85.20	
     72	   4.63	   2.05	 -0.040	1.00016	   4.45	   1.06	 -0.075	1.00015			#	   0.56	  84.81	
     73	   3.29	   3.27	 -0.049	1.00034	   3.99	   3.00	 -0.082	0.99956			#	   0.47	  82.86	
     74	   4.05	   2.92	  0.024	0.99961	   3.26	   2.94	 -0.039	0.99881			#	   0.52	  84.42	
     75	   4.63	   3.43	 -0.017	1.00149	   3.96	   4.09	  0.007	1.00083			#	   0.68	  80.69	
     76	   6.79	   1.51	 -0.038	1.00017	   6.18	   1.71	 -0.125	0.99933			#	   0.98	  77.26	
     77	   7.13	   3.35	 -0.018	0.99982	   6.46	   2.39	 -0.061	0.99996			#	   1.08	  74.22	
     78	   7.51	   2.28	 -0.023	0.99917	   7.91	   2.79	 -0.086	0.99747			#	   0.90	  73.09	
     79	   5.76	   2.68	 -0.038	0.99982	   6.54	   2.20	 -0.077	0.99946			#	   0.64	  78.86	
     80	   3.31	   2.93	 -0.032	0.99845	   4.19	   2.97	 -0.061	0.99820			#	   0.33	  85.37	
     81	   2.67	   2.05	 -0.005	0.99877	   1.84	   2.58	 -0.029	0.99812			#	   0.22	  86.02	
     82	   3.76	   1.76	 -0.001	0.99863	   3.96	   1.19	 -0.028	0.99807			#	   0.30	  86.02	
     83	   2.20	   2.84	 -0.035	0.99997	   2.58	   3.02	 -0.016	0.99920			#	   0.25	  84.90	
     84	   3.15	   1.32	 -0.078	1.00068	   2.50	   1.87	 -0.102	1.00021			#	   0.36	  85.50	
     85	   3.41	   0.10	 -0.060	1.00050	   3.20	   1.32	 -0.108	1.00055			#	   0.29	  85.76	
     86	   4.40	  -1.80	 -0.056	1.00075	   3.55	  -2.35	 -0.086	1.00046			#	   0.50	  84.16	
     87	   5.00	   0.82	 -0.055	1.00066	   5.21	  -0.21	 -0.105	1.00082			#	   0.55	  84.85	
     88	   3.05	   0.36	 -0.071	1.00015	   3.94	   1.60	 -0.070	0.99988			#	   0.24	  85.59	
     89	   2.27	  -0.91	 -0.077	1.00005	   2.12	  -1.47	 -0.113	0.99992			#	   0.18	  85.72	
     90	   4.67	   0.27	 -0.008	0.99971	   2.55	   0.38	 -0.070	1.00013			#	   0.57	  79.90	
     91	   7.80	   0.22	  0.006	0.99927	   7.11	  -1.70	 -0.069	0.99859			#	   1.08	  72.44	
     92	   5.40	   3.20	  0.012	0.99976	   7.60	   2.99	 -0.032	0.99945			#	   0.68	  78.91	
     93	   3.22	   0.95	  0.015	1.00013	   2.11	   2.14	 -0.007	0.99966			#	   0.26	  83.55	
     94	   4.90	   1.77	  0.034	0.99993	   5.04	   0.38	 -0.018	0.99931			#	   0.51	  83.77	
     95	   4.48	   2.91	  0.012	0.99997	   3.93	   3.64	  0.003	0.99959			#	   0.54	  84.77	
     96	   6.10	   1.33	 -0.014	0.99990	   5.10	   1.41	 -0.063	0.99921			#	   0.80	  82.12	
     97	   6.53	   1.27	 -0.012	0.99994	   6.75	   1.56	 -0.062	0.99929			#	   0.77	  80.69	
     98	   6.46	   0.63	 -0.007	0.99982	   6.37	  -0.19	 -0.078	0.99877			#	   0.75	  80.03	
     99	   5.83	   3.74	  0.016	0.99956	   5.80	   2.78	 -0.023	1.00008			#	   0.92	  72.31	
    100	   6.71	   2.36	  0.006	0.99924	   6.56	   3.06	 -0.038	0.99826			#	   0.81	  74.87	
    101	   6.62	   1.81	 -0.028	0.99950	   6.26	   1.15	 -0.058	0.99962			#	   0.88	  73.91	
    102	   7.80	   2.11	 -0.033	0.99888	   7.34	   2.08	 -0.101	0.99850			#	   1.07	  72.35	
    103	   7.12	   1.38	 -0.021	0.99901	   8.09	   0.82	 -0.089	0.99804			#	   0.78	  73.65	
    104	   3.56	   1.90	 -0.025	1.00005	   4.42	   1.51	 -0.012	0.99920			#	   0.34	  81.68	
    105	   3.92	   2.30	 -0.040	0.99983	   3.18	   2.66	 -0.094	0.99967			#	   0.43	  84.03	
    106	   4.47	   0.39	 -0.023	0.99987	   3.95	   1.37	 -0.046	0.99892			#	   0.39	  82.51	
    107	   6.33	  -0.16	 -0.021	0.99964	   5.54	  -0.47	 -0.086	0.99986			#	   0.60	  78.08	
    108	   6.43	  -0.66	 -0.001	0.99951	   6.63	  -0.94	 -0.057	0.99929			#	   0.64	  78.13	
    109	   5.38	  -0.57	 -0.032	1.00000	   5.51	  -0.67	 -0.044	0.99951			#	   0.56	  81.34	
    110	   5.39	  -0.06	 -0.065	0.99966	   5.40	  -0.66	 -0.111	0.99942			#	   0.64	  82.64	
    111	   4.68	   0.98	 -0.065	1.00012	   4.44	   1.04	 -0.090	0.99965			#	   0.53	  81.16	
    112	   6.57	   0.58	 -0.053	0.99940	   5.39	   0.07	 -0.118	0.99907			#	   0.93	  76.87	
    113	   7.06	   1.30	 -0.050	0.99928	   7.15	   1.27	 -0.098	0.99877			#	   0.95	  73.61	
    114	   6.14	  -0.12	 -0.050	1.00001	   6.61	   0.25	 -0.098	0.99921			#	   0.54	  77.65	
    115	   5.55	  -0.76	 -0.033	0.99971	   5.39	  -0.65	 -0.073	0.99962			#	   0.53	  80.43	
    116	   6.51	  -1.00	 -0.052	0.99983	   5.45	  -1.81	 -0.089	0.99926			#	   0.69	  77.17	
    117	   6.89	   1.69	 -0.065	0.99948	   7.17	   0.15	 -0.119	0.99969			#	   0.75	  74.09	
    118	   6.30	   2.50	 -0.059	0.99959	   6.40	   3.02	 -0.113	0.99858			#	   0.77	  75.13	
    119	   5.63	   0.85	 -0.029	0.99976	   5.69	   1.11	 -0.089	0.99941			#	   0.77	  78.08	
    120	   5.41	   0.51	  0.008	0.99985	   4.92	   0.82	 -0.046	0.99971			#	   0.81	  77.34	
    121	   6.25	   0.80	  0.009	0.99975	   5.56	  -0.35	 -0.019	0.99932			#	   0.92	  75.30	
    122	   6.39	   2.92	 -0.044	1.00002	   6.67	   2.40	 -0.075	0.99905			#	   1.01	  73.31	
    123	   6.63	   2.56	 -0.034	0.99970	   6.04	   2.35	 -0.107	0.99907			#	   1.03	  72.31	
    124	   7.14	   2.44	  0.003	0.99946	   6.65	   3.24	 -0.047	0.99896			#	   0.87	  71.57	
    125	   7.20	   1.14	 -0.019	0.99960	   7.61	   0.19	 -0.075	0.99871			#	   0.72	  68.40	
    126	   3.35	   2.40	 -0.055	1.00041	   5.21	   2.11	 -0.064	0.99951			#	   0.76	  73.78	
    127	   2.72	   3.75	 -0.002	0.99997	   1.45	   3.36	 -0.050	0.99951			#	   1.20	  73.96	
    128	   4.58	   3.21	  0.054	1.00012	   3.97	   4.32	  0.009	0.99929			#	   0.95	  75.61	
    129	   5.65	   1.23	  0.012	0.99986	   5.05	   1.46	 -0.004	0.99924			#	   0.94	  73.35	
    130	   4.67	   1.64	 -0.011	1.00042	   5.27	   2.05	 -0.047	0.99984			#	   1.00	  74.26	
    131	   4.99	   0.67	  0.006	1.00014	   4.21	   0.91	 -0.036	0.99990			#	   0.69	  74.52	
    132	   6.48	   0.66	  0.024	1.00044	   5.02	   0.20	 -0.027	0.99965			#	   0.93	  68.62	
    133	   9.97	   2.76	  0.007	0.99899	   8.65	   1.62	 -0.070	0.99929			#	   1.32	  58.07	
    134	   9.60	   2.27	 -0.012	0.99991	  10.47	   2.81	 -0.063	0.99832			#	   0.87	  59.51	
    135	   8.75	   2.27	 -0.014	0.99949	   8.75	   1.60	 -0.077	0.99866			#	   0.82	  64.32	
    136	   9.28	   2.55	 -0.021	0.99899	   8.28	   2.90	 -0.066	0.99875			#	   0.98	  60.07	
    137	  11.17	   1.54	 -0.051	0.99919	  10.07	   0.52	 -0.109	0.99845			#	   1.48	  56.08	
    138	  12.26	   3.62	 -0.068	0.99883	  12.61	   2.20	 -0.164	0.99802			#	   1.46	  54.69	
    139	  10.35	   2.86	 -0.078	0.99924	  10.89	   3.95	 -0.141	0.99867			#	   0.81	  57.90	
    140	   9.92	   0.96	 -0.048	0.99934	   9.66	   0.60	 -0.126	0.99803			#	   0.80	  60.81	
    141	   9.79	   2.11	 -0.059	0.99948	   9.76	   1.19	 -0.113	0.99890			#	   0.81	  60.59	
    142	   9.99	   1.86	 -0.073	0.99906	   9.57	   2.35	 -0.151	0.99885			#	   0.90	  59.90	
    143	   8.57	   0.97	 -0.026	0.99947	   9.62	   0.60	 -0.097	0.99912			#	   0.60	  61.50	
    144	   7.01	   0.92	  0.019	0.99984	   7.02	   0.98	 -0.023	0.99935			#	   0.52	  67.88	
    145	   7.38	   1.21	 -0.030	0.99970	   7.16	   0.74	 -0.059	0.99890			#	   0.62	  65.49	
    146	   7.17	   0.84	 -0.045	0.99974	   6.37	   1.39	 -0.104	0.99974			#	   0.55	  64.76	
    147	   8.91	   0.16	  0.006	0.99900	   8.19	  -0.37	 -0.081	0.99828			#	   0.80	  62.11	
    148	   9.65	   0.68	  0.050	0.99880	   8.81	  -0.25	 -0.025	0.99840			#	   1.10	  59.55	
    149	  10.46	   0.61	  0.071	0.99836	  10.38	   1.26	  0.008	0.99927			#	   1.23	  56.55	
    150	  10.49	  -2.66	  0.043	0.99847	  10.39	  -3.58	 -0.009	0.99739			#	   1.08	  58.12	
    151	  10.54	  -0.49	  0.016	0.99836	  10.28	  -2.09	 -0.067	0.99809			#	   1.05	  59.42	
    152	  10.56	   1.89	  0.015	0.99825	  10.52	  -0.27	 -0.057	0.99789			#	   1.23	  57.77	
    153	   9.16	   2.95	  0.025	0.99846	  10.22	   3.11	 -0.040	0.99801			#	   0.91	  61.02	
    154	   7.29	   0.46	  0.031	0.99945	   7.67	   0.72	 -0.021	0.99796			#	   0.55	  69.84	
    155	   5.24	   1.19	  0.041	0.99998	   5.92	   1.15	  0.019	0.99942			#	   0.34	  74.18	
    156	   6.08	   0.85	  0.033	0.99965	   4.51	   0.57	 -0.004	0.99898			#	   0.35	  72.53	
    157	   7.91	   0.85	  0.006	0.99871	   6.48	   0.90	 -0.011	0.99801			#	   0.61	  63.54	
    158	  10.01	   0.65	 -0.018	0.99854	   9.66	  -0.33	 -0.116	0.99820			#	   1.09	  59.29	
    159	   9.11	   0.21	 -0.011	0.99831	   9.97	  -0.31	 -0.062	0.99753			#	   0.79	  59.90	
    160	   5.71	  -0.24	 -0.060	1.00026	   7.02	   0.41	 -0.079	0.99975			#	   0.36	  72.70	
    161	   3.44	   0.80	 -0.045	0.99984	   3.51	  -0.60	 -0.054	0.99932			#	   0.19	  74.96	
    162	   6.31	   1.21	 -0.030	0.99980	   3.93	   1.70	 -0.107	0.99917			#	   0.48	  70.40	
    163	   8.19	   1.16	  0.004	0.99914	   7.66	   0.66	 -0.049	0.99838			#	   0.84	  61.50	
    164	   9.30	   1.70	  0.006	0.99828	   8.81	   0.53	 -0.060	0.99782			#	   1.09	  57.90	
    165	   8.38	   2.17	 -0.031	0.99893	   9.22	   1.96	 -0.080	0.99833			#	   0.75	  58.38	
    166	   6.39	   1.32	  0.021	0.99986	   6.28	   1.56	 -0.038	0.99868			#	   0.47	  69.05	
    167	   7.50	   0.61	  0.036	0.99906	   6.88	   0.57	 -0.002	0.99800			#	   0.58	  67.10	
    168	   7.62	   0.88	 -0.035	0.99941	   6.77	  -0.23	 -0.047	0.99887			#	   0.71	  63.63	
    169	   7.37	   2.02	 -0.101	0.99941	   8.27	   2.25	 -0.135	0.99882			#	   0.65	  63.89	
    170	   5.57	  -0.08	 -0.099	0.99985	   5.69	   0.16	 -0.159	0.99880			#	   0.41	  72.18	
    171	   7.12	   0.40	 -0.034	0.99993	   4.52	   0.79	 -0.073	0.99880			#	   0.85	  64.84	
    172	  11.52	   0.60	 -0.046	0.99776	  10.02	  -0.79	 -0.109	0.99836			#	   2.02	  52.78	
    173	  14.65	  -1.34	 -0.077	0.99634	  13.78	  -2.97	 -0.239	0.99499			#	   1.53	  51.65	
    174	   9.86	   1.58	 -0.084	0.99946	  13.15	   0.53	 -0.113	1.00047			#	   0.60	  49.18	
    175	   8.74	   0.60	 -0.044	0.99823	   6.23	   0.41	 -0.089	0.99766			#	   0.67	  55.38	
    176	  11.78	   2.18	 -0.077	0.99764	  11.44	  -0.65	 -0.178	0.99679			#	   1.15	  52.60	
    177	  10.00	   6.27	 -0.073	0.99788	  11.21	   3.67	 -0.138	0.99669			#	   1.34	  52.95	
    178	   7.29	   7.30	 -0.072	0.99854	   8.57	   7.48	 -0.128	0.99697			#	   1.18	  55.38	
    179	   6.26	   6.32	 -0.050	0.99950	   5.33	   5.77	 -0.088	0.99745			#	   0.89	  64.54	
    180	   7.13	   7.62	 -0.011	0.99917	   7.21	   6.88	 -0.093	0.99716			#	   1.48	  63.54	
    181	   6.11	   5.44	  0.053	0.99911	   6.09	   7.68	  0.002	0.99755			#	   0.64	  66.54	
    182	   5.28	   2.59	  0.018	0.99944	   5.07	   2.07	  0.014	0.99828			#	   0.38	  69.36	
    183	   4.28	   4.50	 -0.012	0.99985	   4.45	   3.44	 -0.031	0.99893			#	   0.57	  71.74	
    184	   5.33	   4.40	 -0.027	0.99949	   4.64	   5.11	 -0.053	0.99839			#	   0.53	  72.74	
    185	   4.54	   3.70	 -0.053	0.99992	   5.30	   3.13	 -0.103	0.99844			#	   0.41	  72.31	
    186	   4.42	   4.31	 -0.001	0.99970	   3.18	   4.66	 -0.023	0.99873			#	   0.64	  70.44	
    187	   7.13	   3.85	 -0.040	0.99891	   6.46	   3.54	 -0.080	0.99775			#	   1.19	  66.10	
    188	   7.35	   2.90	 -0.048	0.99898	   6.81	   2.87	 -0.120	0.99811			#	   0.80	  64.41	
    189	   6.73	   2.93	  0.008	0.99914	   7.08	   1.97	 -0.049	0.99771			#	   0.94	  66.15	
    190	   5.86	   4.65	 -0.016	0.99940	   6.28	   3.92	 -0.053	0.99846			#	   0.96	  67.40	
    191	   3.52	   4.60	  0.006	0.99960	   4.70	   5.18	 -0.019	0.99850			#	   0.62	  71.88	
    192	   1.76	   3.23	  0.005	1.00000	   1.36	   3.16	  0.005	0.99878			#	   0.37	  72.53	
    193	   5.41	   2.48	  0.033	0.99974	   3.13	   3.26	 -0.031	0.99935			#	   0.57	  72.40	
    194	   5.47	   3.11	  0.017	0.99960	   7.28	   1.79	 -0.012	0.99816			#	   0.67	  70.01	
    195	   1.24	   4.84	  0.006	0.99983	   2.82	   4.42	 -0.009	0.99894			#	   0.65	  72.83	
    196	  -0.91	   5.03	  0.019	0.99997	  -0.74	   5.11	  0.042	0.99899			#	   0.98	  72.40	
    197	   0.18	   4.19	  0.008	0.99994	  -0.98	   4.95	  0.005	0.99928			#	   0.57	  73.05	
    198	   3.63	   3.90	  0.047	0.99966	   2.69	   3.14	 -0.018	0.99890			#	   0.76	  73.05	
    199	   2.14	   6.40	  0.052	1.00009	   3.74	   4.75	  0.044	0.99852			#	   1.76	  73.18	
    200	   0.44	   6.93	  0.045	0.99979	   0.11	   8.72	  0.069	0.99904			#	   0.79	  73.39	
    201	   1.35	   3.72	  0.032	0.99997	   1.24	   4.34	  0.006	0.99907			#	   0.38	  75.17	
    202	   1.71	   4.08	  0.033	0.99977	   1.30	   2.47	  0.019	0.99883			#	   0.49	  73.57	
    203	   1.83	   7.94	  0.030	1.00102	   1.84	   7.43	  0.045	0.99969			#	   1.50	  73.78	
    204	   4.02	   5.47	  0.020	0.99993	   2.60	   7.14	 -0.020	0.99896			#	   0.56	  74.57	
    205	   5.15	   3.17	  0.008	0.99958	   4.97	   3.32	 -0.027	0.99861			#	   0.60	  74.05	
    206	   4.54	   2.76	  0.021	0.99965	   5.72	   3.10	 -0.037	0.99890			#	   0.50	  75.39	
    207	   3.09	   0.87	  0.050	0.99975	   2.21	   1.35	  0.037	0.99910			#	   0.19	  76.56	
    208	   4.54	   2.68	 -0.005	1.00120	   4.59	   0.65	 -0.027	1.00041			#	   0.74	  72.70	
    209	   3.10	   4.90	 -0.023	1.00002	   3.65	   5.52	 -0.013	0.99932			#	   0.84	  73.31	
    210	   3.87	   3.36	 -0.057	0.99854	   3.16	   3.59	 -0.094	0.99801			#	   0.73	  73.05	
    211	   4.58	   4.07	 -0.015	0.99834	   4.83	   3.23	 -0.079	0.99763			#	   1.13	  72.48	
    212	   5.01	   3.35	  0.014	0.99813	   3.92	   4.55	  0.002	0.99754			#	   0.68	  75.00	
    213	   6.02	   3.00	 -0.071	0.99976	   6.54	   1.73	 -0.111	0.99860			#	   0.88	  72.53	
    214	   3.91	   4.02	 -0.061	1.00116	   4.53	   4.59	 -0.078	1.00030			#	   0.77	  73.87	
    215	   2.70	   2.71	 -0.080	1.00112	   3.64	   3.00	 -0.100	1.00026			#	   0.42	  75.17	
    216	   2.16	   2.73	 -0.026	1.00134	   1.77	   2.51	 -0.092	1.00084			#	   0.46	  75.26	
    217	   1.89	   4.34	  0.029	1.00011	   2.75	   2.69	 -0.014	0.99931			#	   1.02	  75.09	
    218	  -0.72	   7.88	  0.025	0.99890	   0.04	   7.35	  0.066	0.99770			#	   1.88	  74.91	
    219	  -0.09	   6.70	  0.023	0.99844	  -0.45	   7.51	 -0.002	0.99760			#	   0.81	  75.13	
    220	  -0.96	   5.95	  0.025	0.99845	  -0.38	   5.46	  0.025	0.99699			#	   1.06	  74.44	
    221	  -1.73	  10.05	  0.044	0.99997	  -1.49	   6.96	  0.045	0.99796			#	   3.84	  75.48	
    222	  -0.32	  13.42	  0.056	1.00094	  -2.08	  13.58	  0.080	0.99864			#	   2.65	  76.09	
    223	   4.90	  10.87	  0.046	1.00087	   2.34	  13.52	  0.011	0.99912			#	   1.75	  73.31	
    224	   7.89	   5.87	  0.059	0.99958	   8.97	   6.49	 -0.055	0.99780			#	   1.05	  66.62	
    225	   2.37	   5.37	  0.088	1.00064	   4.08	   4.40	  0.074	0.99890			#	   0.60	  73.61	
    226	   1.80	   8.38	  0.051	1.00083	   1.51	   8.00	  0.082	0.99940			#	   1.18	  76.82	
    227	   3.43	   6.90	  0.004	1.00082	   2.23	   8.41	 -0.016	0.99977			#	   0.83	  77.26	
    228	   5.74	   2.45	  0.031	0.99999	   5.54	   2.51	 -0.071	0.99794			#	   0.48	  70.57	
    229	   4.89	   7.35	  0.020	1.00018	   5.30	   4.39	  0.001	0.99977			#	   2.21	  73.61	
    230	   3.42	  10.12	 -0.030	1.00025	   4.78	  10.54	 -0.025	0.99812			#	   2.04	  78.13	
    231	   1.15	   8.48	 -0.049	0.99985	   1.99	   8.93	 -0.084	0.99884			#	   1.41	  79.90	
    232	   0.45	   7.82	 -0.007	0.99995	  -0.39	   7.93	  0.004	0.99837			#	   1.39	  80.25	
    233	   2.74	   7.11	 -0.020	0.99971	   2.98	   7.18	 -0.071	0.99817			#	   1.21	  79.86	
    234	   2.15	   5.98	  0.030	1.00005	   1.53	   7.43	  0.014	0.99914			#	   0.85	  80.30	
    235	   2.60	   4.46	 -0.025	1.00011	   3.52	   3.07	 -0.024	0.99882			#	   0.62	  79.60	
    236	   0.09	   7.61	 -0.047	0.99979	   1.01	   7.74	 -0.063	0.99897			#	   1.66	  80.90	
    237	   0.03	   5.34	 -0.003	0.99996	  -0.54	   6.12	 -0.016	0.99869			#	   0.80	  80.95	
    238	   1.06	   4.89	  0.004	1.00012	   1.01	   5.36	 -0.006	0.99928			#	   0.93	  80.16	
    239	   2.93	   3.37	 -0.008	0.99987	   1.54	   3.47	 -0.029	0.99937			#	   0.55	  81.90	
    240	   5.24	   5.13	 -0.037	1.00003	   4.26	   4.04	 -0.066	0.99889			#	   1.47	  76.09	
    241	   8.16	   5.40	  0.008	0.99937	   7.06	   5.12	 -0.106	0.99777			#	   1.68	  69.62	
    242	   9.65	   5.04	  0.065	0.99771	   9.23	   4.70	 -0.014	0.99737			#	   1.93	  60.63	
    243	   8.89	   1.71	  0.055	0.99837	  10.62	   2.84	 -0.014	0.99752			#	   1.12	  63.80	
    244	   5.38	   0.46	  0.051	0.99950	   6.27	  -0.15	  0.035	0.99939			#	   0.42	  73.22	
    245	   4.81	  -0.67	  0.022	1.00002	   4.78	   0.74	 -0.008	0.99996			#	   0.35	  82.99	
    246	   5.63	  -2.02	  0.029	0.99966	   4.95	  -2.86	 -0.023	0.99910			#	   0.57	  76.13	
    247	   6.99	  -0.24	  0.036	0.99932	   6.43	  -0.90	 -0.021	0.99927			#	   0.65	  75.30	
    248	   6.31	  -0.39	  0.044	0.99991	   6.56	  -0.73	  0.001	0.99867			#	   0.71	  74.83	
    249	   8.50	   1.07	  0.027	0.99875	   6.61	  -0.82	 -0.019	0.99954			#	   1.67	  67.88	
    250	   8.72	   2.22	 -0.002	0.99840	  10.83	   1.76	 -0.084	0.99719			#	   1.32	  64.06	
    251	   5.86	   2.08	  0.021	0.99967	   5.68	   2.06	 -0.003	1.00001			#	   0.69	  71.88	
    252	   6.87	   1.08	  0.030	0.99916	   6.62	   1.42	 -0.030	0.99880			#	   0.80	  73.61	
    253	   8.36	   0.11	  0.043	0.99880	   7.77	  -0.10	 -0.034	0.99923			#	   1.09	  67.53	
    254	   9.01	  -0.07	  0.062	0.99880	   8.13	  -1.85	  0.003	0.99807			#	   1.40	  64.67	
    255	   9.56	   1.28	  0.107	0.99791	  10.06	   1.69	 -0.013	0.99853			#	   1.51	  60.11	
    256	  10.05	   0.82	  0.188	0.99776	   9.17	  -3.04	  0.084	0.99569			#	   1.92	  57.99	
    257	   9.10	   5.62	  0.146	0.99908	  10.26	   4.40	  0.091	0.99910			#	   2.50	  62.85	
    258	   6.89	   4.53	  0.137	0.99872	   8.62	   5.19	  0.087	0.99779			#	   1.25	  69.49	
    259	   3.98	   1.88	  0.141	0.99996	   4.17	   2.95	  0.114	0.99955			#	   0.39	  80.82	
    260	   4.40	   0.96	  0.122	0.99982	   4.44	   0.61	  0.114	0.99918			#	   0.31	  82.03	
    261	   3.90	   1.27	  0.081	0.99996	   3.80	   1.72	  0.070	0.99985			#	   0.26	  83.55	
    262	   5.24	  -0.92	  0.068	0.99985	   4.57	   0.05	  0.026	0.99993			#	   0.30	  83.03	
    263	   4.45	  -3.37	  0.083	0.99963	   4.70	  -3.36	  0.039	0.99863			#	   0.69	  72.61	
    264	   5.70	  -0.13	  0.006	0.99924	   5.23	  -2.21	 -0.004	1.00038			#	   0.69	  71.05	
    265	   6.77	   0.22	 -0.013	1.00004	   6.02	  -0.12	 -0.070	0.99867			#	   0.95	  72.31	
    266	   7.98	   4.02	 -0.051	0.99872	   8.16	   1.34	 -0.099	0.99851			#	   2.61	  66.19	
    267	   7.13	   5.03	 -0.052	0.99898	   7.36	   5.80	 -0.113	0.99950			#	   1.47	  61.68	
    268	   9.63	   2.32	  0.014	0.99766	   7.68	   1.08	 -0.060	0.99647			#	   1.64	  58.55	
    269	  10.39	   3.60	 -0.054	0.99737	  11.15	   2.34	 -0.095	0.99668			#	   2.10	  55.34	
    270	   9.42	   3.07	 -0.085	0.99790	  10.26	   3.01	 -0.142	0.99785			#	   1.44	  60.24	
    271	   7.00	   1.60	 -0.075	0.99926	   8.66	   0.97	 -0.145	0.99786			#	   0.75	  75.87	
    272	   3.38	   3.09	 -0.050	0.99990	   4.86	   2.39	 -0.076	0.99904			#	   0.58	  78.43	
    273	   0.86	   2.68	 -0.043	0.99996	   1.25	   3.72	 -0.049	0.99978			#	   0.32	  84.51	
    274	   2.44	   1.18	 -0.040	0.99993	   0.98	   1.00	 -0.043	0.99938			#	   0.16	  84.72	
    275	   3.81	   1.81	 -0.089	0.99976	   4.19	   1.31	 -0.111	0.99967			#	   0.40	  85.03	
    276	   2.85	   2.41	 -0.066	0.99977	   2.64	   2.86	 -0.103	0.99926			#	   0.56	  83.64	
    277	   4.10	   1.48	 -0.077	1.00018	   4.07	   1.10	 -0.092	0.99967			#	   0.63	  84.94	
    278	   3.90	   0.98	 -0.068	1.00017	   3.25	   1.82	 -0.112	1.00033			#	   0.61	  85.46	
    279	   5.19	   0.72	 -0.038	0.99951	   5.15	  -0.35	 -0.086	0.99889			#	   1.03	  82.16	
    280	   5.02	   2.52	 -0.037	0.99994	   4.78	   2.23	 -0.076	0.99967			#	   1.16	  85.20	
    281	   4.33	   1.28	 -0.025	0.99992	   5.24	   2.23	 -0.056	0.99923			#	   0.63	  85.72	
    282	   4.04	   0.43	 -0.042	1.00006	   3.29	   0.80	 -0.065	1.00043			#	   0.43	  86.20	
    283	   5.05	  -0.71	 -0.014	0.99988	   4.81	  -0.42	 -0.068	0.99981			#	   0.68	  84.16	
    284	   6.19	  -0.81	  0.010	0.99976	   5.37	  -1.17	 -0.047	0.99943			#	   1.00	  79.47	
    285	   7.73	  -0.69	  0.032	0.99921	   6.41	  -1.67	 -0.024	0.99878			#	   1.32	  69.57	
    286	   7.98	   1.45	 -0.009	0.99880	   9.38	   0.55	 -0.069	0.99893			#	   1.28	  66.97	
    287	   5.97	  -0.87	  0.011	0.99967	   5.89	   0.00	 -0.029	0.99861			#	   0.77	  75.48	
    288	   6.70	  -0.64	 -0.013	0.99911	   6.25	  -1.31	 -0.061	0.99971			#	   1.06	  69.44	
    289	   6.97	  -0.83	 -0.011	0.99893	   6.50	  -1.28	 -0.043	0.99926			#	   1.16	  65.06	
    290	   9.38	  -1.40	 -0.028	0.99808	   8.51	  -1.57	 -0.079	0.99809			#	   2.22	  64.37	
    291	   9.31	  -0.40	 -0.072	0.99827	  10.25	  -2.41	 -0.149	0.99843			#	   1.41	  63.54	
    292	   7.36	  -0.83	 -0.041	0.99907	   8.02	  -0.14	 -0.090	0.99882			#	   1.02	  68.27	
    293	   4.82	  -2.54	 -0.059	0.99966	   5.93	  -2.62	 -0.083	0.99948			#	   0.73	  74.61	
    294	   4.21	  -1.79	 -0.033	1.00021	   3.45	  -2.56	 -0.074	1.00032			#	   0.44	  84.07	
    295	   6.85	   0.46	 -0.020	0.99926	   5.99	  -0.74	 -0.074	0.99977			#	   0.80	  72.74	
    296	   8.47	   0.46	 -0.018	0.99851	   7.17	   0.41	 -0.064	0.99876			#	   1.34	  61.11	
    297	  11.53	  -0.80	  0.017	0.99746	  11.11	  -1.68	 -0.105	0.99759			#	   2.48	  59.42	
    298	  11.55	  -0.54	  0.043	0.99736	  11.12	  -2.24	 -0.014	0.99676			#	   1.79	  54.08	
    299	  11.51	   0.45	  0.057	0.99751	  12.36	  -0.41	 -0.036	0.99744			#	   2.15	  55.64	
    300	  12.11	   1.21	  0.075	0.99725	  10.34	  -1.02	  0.012	0.99770			#	   2.12	  53.56	
    301	  13.30	   1.49	  0.018	0.99682	  14.96	   1.10	 -0.070	0.99647			#	   2.74	  55.51	
    302	   9.26	  -0.32	 -0.031	0.99822	  10.74	  -0.93	 -0.060	0.99722			#	   1.15	  61.37	
    303	   5.95	  -0.33	 -0.027	0.99962	   7.81	  -0.77	 -0.097	0.99901			#	   0.55	  76.00	
    304	   3.66	   0.99	  0.042	1.00058	   2.43	   0.16	  0.020	0.99999			#	   0.22	  78.34	
    305	  15.55	  -0.40	  0.124	0.99518	  14.62	  -0.47	 -0.022	0.99472			#	   3.50	  51.39	
    306	   7.17	  -0.50	  0.065	0.99918	   6.41	  -2.84	  0.073	0.99935			#	   0.53	  60.16	
    307	   9.13	   1.98	  0.007	0.99816	   8.85	   1.19	 -0.066	0.99867			#	   1.11	  58.85	
    308	   8.48	   0.36	  0.018	0.99823	   9.16	   0.32	 -0.035	0.99752			#	   0.93	  58.85	
    309	   7.34	  -0.84	  0.015	0.99864	   8.06	  -0.52	 -0.038	0.99934			#	   0.68	  61.63	
    310	   6.57	  -3.10	  0.064	0.99983	   6.27	  -3.36	  0.002	0.99872			#	   0.74	  73.52	
    311	   8.80	  -0.61	  0.054	0.99858	   6.98	  -2.26	  0.023	0.99910			#	   1.46	  58.38	
    312	  11.77	   0.15	 -0.026	0.99732	  11.56	  -1.46	 -0.112	0.99756			#	   2.79	  56.08	
    313	  10.14	  -0.18	 -0.060	0.99792	  11.30	  -0.54	 -0.110	0.99684			#	   1.61	  59.42	
    314	   7.35	   0.49	 -0.071	0.99884	   8.52	  -1.16	 -0.153	0.99852			#	   1.00	  63.02	
    315	   4.14	   2.22	  0.014	1.00035	   5.18	   1.80	 -0.043	1.00013			#	   0.48	  78.47	
    316	   5.73	   2.35	  0.086	1.00004	   4.39	   2.70	  0.017	0.99963			#	   0.60	  78.39	
    317	   6.35	   0.78	  0.077	0.99999	   6.51	   2.90	  0.033	1.00032			#	   0.62	  78.17	
    318	   5.23	  -0.30	  0.010	1.00007	   6.84	  -1.95	  0.003	1.00030			#	   0.48	  83.94	
    319	   1.74	   0.09	  0.004	0.99993	   2.98	   0.91	 -0.031	0.99953			#	   0.12	  84.90	
    320	   0.96	  -0.42	  0.069	1.00032	   0.39	  -0.54	  0.042	1.00047			#	   0.09	  84.55	
    321	   3.55	  -0.03	  0.129	0.99992	   1.84	  -0.57	  0.104	0.99989			#	   0.42	  84.03	
    322	   7.53	   0.32	  0.103	1.00007	   6.38	   0.77	  0.049	0.99979			#	   1.67	  74.35	
    323	   7.70	   0.82	  0.041	0.99990	   8.74	   0.39	 -0.010	0.99998			#	   1.17	  77.43	
    324	   6.55	   0.87	  0.051	1.00039	   5.95	   1.23	  0.001	1.00028			#	   1.12	  77.56	
    325	   8.70	  -0.57	  0.061	1.00090	   7.99	   0.96	 -0.021	1.00110			#	   2.08	  64.41	
    326	  11.00	  -0.16	  0.059	1.00157	   9.72	  -1.06	 -0.001	1.00085			#	   2.06	  57.16	
    327	  10.70	   1.71	  0.009	1.00185	  12.24	   3.31	 -0.089	1.00267			#	   1.57	  55.12	
    328	   7.66	  -1.06	  0.034	1.00039	   8.10	  -0.36	 -0.015	0.99910			#	   0.85	  68.97	
    329	   8.90	  -0.28	  0.034	1.00091	   8.08	  -1.10	 -0.036	1.00120			#	   1.24	  63.85	
    330	   8.40	   1.42	  0.028	1.00063	   9.30	   1.36	 -0.033	1.00046			#	   1.27	  65.63	
    331	   6.54	   2.05	  0.048	1.00031	   7.00	   2.03	 -0.018	1.00021			#	   0.94	  76.52	
    332	   6.33	   2.75	  0.045	0.99974	   6.89	   2.48	  0.003	0.99934			#	   1.11	  81.77	
    333	   4.77	   2.06	  0.037	1.00029	   4.45	   2.45	  0.007	0.99960			#	   0.79	  77.43	
    334	   6.46	   2.44	  0.081	0.99995	   6.58	   2.91	 -0.016	1.00003			#	   1.27	  74.31	
    335	   5.12	   1.40	  0.109	1.00037	   4.69	   1.44	  0.096	0.99937			#	   0.70	  75.04	
    336	   8.07	   0.63	  0.140	1.00030	   6.97	   2.39	  0.059	1.00039			#	   1.34	  70.62	
    337	   8.32	  -1.59	  0.057	1.00071	   8.74	  -1.36	  0.048	1.00090			#	   1.50	  69.01	
    338	   7.29	  -1.70	 -0.010	1.00046	   7.55	  -1.87	 -0.063	1.00028			#	   1.13	  72.79	
    339	   6.58	  -0.08	 -0.022	0.99986	   7.33	  -0.67	 -0.075	0.99985			#	   0.96	  79.17	
    340	   7.33	   0.32	  0.021	1.00040	   5.86	   0.22	 -0.060	0.99993			#	   1.21	  74.00	
    341	   9.85	   1.38	  0.092	1.00057	   9.52	   1.37	 -0.030	1.00097			#	   2.50	  63.37	
    342	   8.57	  -0.04	  0.107	1.00060	   9.13	   1.50	  0.055	1.00014			#	   1.16	  67.62	
    343	   7.65	  -0.98	  0.074	1.00030	   9.17	  -0.99	  0.015	1.00081			#	   1.12	  68.97	
    344	   2.26	   0.38	  0.048	1.00013	   4.18	  -0.28	  0.058	0.99987			#	   0.16	  82.86	
    345	   1.68	   0.14	  0.050	0.99992	   1.44	   1.14	  0.028	0.99997			#	   0.08	  84.38	
    346	   1.16	  -1.38	  0.077	1.00027	   0.66	  -1.44	  0.074	1.00058			#	   0.18	  82.38	
    347	   4.15	  -1.35	  0.032	0.99996	   2.55	  -1.19	  0.038	1.00026			#	   0.42	  83.77	
    348	   7.63	  -1.19	 -0.021	0.99971	   6.47	  -1.29	 -0.080	1.00028			#	   1.21	  75.52	
    349	   8.68	  -2.07	  0.009	0.99952	   8.43	  -2.25	 -0.090	0.99969			#	   1.52	  68.23	
    350	  10.08	  -3.26	  0.056	1.00034	   8.88	  -1.02	 -0.050	1.00263			#	   2.47	  57.73	
    351	  12.23	  -5.78	  0.051	1.00161	  12.52	  -6.36	 -0.049	1.00151			#	   2.96	  53.56	
    352	   9.50	  -3.21	  0.054	1.00098	  11.19	  -3.05	 -0.020	1.00191			#	   1.22	  59.03	
    353	   8.15	  -2.77	  0.016	1.00017	   7.70	  -3.00	 -0.003	1.00054			#	   1.01	  68.88	
    354	   9.86	  -2.32	 -0.024	1.00080	   8.61	  -1.94	 -0.124	1.00204			#	   1.12	  57.81	
    355	  11.18	  -2.38	  0.013	1.00082	  11.62	  -2.02	 -0.098	1.00182			#	   1.41	  54.21	
    356	   8.18	  -4.54	  0.023	0.99986	   9.31	  -3.46	 -0.026	0.99851			#	   1.36	  62.76	
    357	   8.26	  -3.25	 -0.036	1.00044	   7.49	  -4.42	 -0.073	1.00064			#	   1.48	  65.80	
    358	   8.75	  -2.46	 -0.060	0.99973	   9.68	  -1.52	 -0.148	1.00052			#	   1.43	  64.76	
    359	   7.37	  -4.10	 -0.015	1.00029	   7.18	  -4.32	 -0.103	1.00018			#	   1.45	  71.31	
    360	   7.33	  -1.81	  0.017	0.99981	   8.16	  -2.81	 -0.044	1.00068			#	   1.04	  69.70	
    361	   6.47	  -2.02	 -0.006	1.00033	   5.43	  -1.81	 -0.025	0.99985			#	   0.75	  70.57	
    362	   9.23	  -1.32	 -0.010	0.99977	   8.71	  -1.28	 -0.113	1.00057			#	   1.22	  61.72	
    363	   8.90	  -1.88	 -0.008	0.99996	   9.59	  -2.39	 -0.059	0.99866			#	   1.29	  62.50	
    364	   8.10	  -0.76	 -0.033	0.99932	   8.10	  -0.97	 -0.115	0.99995			#	   1.05	  65.45	
    365	   5.67	  -1.43	  0.022	0.99973	   7.05	  -0.86	 -0.034	0.99913			#	   0.80	  72.83	
    366	   6.10	  -1.54	  0.039	1.00001	   4.50	  -2.16	  0.004	1.00048			#	   0.81	  76.87	
    367	   8.60	  -2.08	  0.047	0.99911	   7.82	  -1.51	 -0.046	0.99965			#	   1.63	  63.02	
    368	   9.06	  -1.83	  0.029	0.99925	   8.85	  -3.75	 -0.009	0.99900			#	   1.40	  59.90	
    369	   9.14	  -0.21	 -0.010	0.99886	   9.21	  -0.05	 -0.082	0.99916			#	   1.22	  60.50	
    370	   8.96	  -2.06	  0.006	0.99902	   8.96	  -2.01	 -0.074	0.99929			#	   1.33	  61.89	
    371	   8.02	  -2.51	  0.029	0.99951	   8.51	  -3.43	 -0.044	0.99918			#	   1.24	  65.84	
    372	   6.20	  -1.13	  0.021	0.99995	   6.29	  -1.12	  0.001	0.99940			#	   0.69	  67.49	
    373	   8.05	  -1.24	  0.003	0.99945	   6.67	  -1.56	 -0.052	0.99966			#	   1.02	  66.54	
    374	   9.06	  -0.87	  0.017	0.99903	   9.14	  -1.40	 -0.083	0.99896			#	   1.49	  59.38	
    375	   7.59	  -2.28	  0.073	0.99951	   8.39	  -1.20	  0.006	0.99862			#	   1.25	  64.89	
    376	   6.16	  -1.90	  0.080	1.00000	   6.43	  -3.10	  0.040	1.00036			#	   0.96	  73.96	
    377	   4.84	  -0.36	  0.034	1.00001	   5.46	  -0.42	  0.036	0.99986			#	   0.47	  76.43	
    378	   4.19	  -1.54	  0.004	1.00018	   3.66	  -0.57	 -0.046	1.00065			#	   0.43	  74.87	
    379	   6.05	  -1.62	  0.060	1.00020	   4.85	  -2.49	 -0.003	0.99983			#	   0.78	  71.61	
    380	   9.64	  -0.31	  0.084	1.00023	   7.51	  -0.31	  0.012	0.99886			#	   1.48	  57.38	
    381	  11.77	  -0.06	  0.054	0.99785	  12.39	  -1.28	 -0.033	0.99759			#	   1.93	  52.39	
    382	   9.19	   0.23	  0.000	0.99866	   9.42	   0.03	 -0.031	0.99783			#	   1.01	  56.08	
    383	   9.26	   0.29	 -0.010	0.99867	   9.20	  -0.86	 -0.105	0.99827			#	   1.27	  58.72	
    384	   8.22	   0.93	  0.017	0.99914	   8.54	   0.74	 -0.049	0.99870			#	   1.05	  59.03	
    385	   6.72	  -0.41	  0.019	0.99938	   8.38	   0.36	 -0.023	0.99895			#	   0.72	  68.40	
    386	   4.01	  -1.27	  0.017	1.00035	   2.97	  -2.08	 -0.002	1.00043			#	   0.30	  72.53	
    387	   6.63	   0.31	  0.015	0.99968	   6.43	   0.31	 -0.046	1.00023			#	   0.67	  68.79	
    388	   5.21	  -1.36	  0.014	0.99985	   6.21	  -1.22	 -0.032	0.99941			#	   0.56	  72.57	
    389	   4.33	  -0.60	  0.020	1.00010	   3.62	  -0.61	 -0.008	1.00046			#	   0.35	  75.56	
    390	   5.31	  -1.31	  0.028	0.99997	   5.46	  -1.03	 -0.024	0.99999			#	   0.78	  75.30	
    391	   4.70	  -0.87	  0.037	0.99991	   4.83	  -1.02	  0.001	1.00009			#	   0.58	  76.91	
    392	   4.21	  -1.74	  0.056	0.99986	   4.56	  -1.64	  0.019	0.99990			#	   0.75	  76.69	
    393	   2.94	  -2.76	  0.022	1.00009	   3.48	  -1.36	  0.018	1.00092			#	   0.91	  75.26	
    394	   3.32	  -5.39	  0.023	1.00013	   2.15	  -4.73	 -0.003	1.00078			#	   2.35	  74.57	
    395	   5.46	  -3.82	  0.022	1.00014	   5.02	  -4.94	 -0.024	1.00091			#	   0.92	  74.35	
    396	   6.88	  -2.32	  0.024	1.00016	   5.35	  -2.91	 -0.014	1.00003			#	   0.94	  67.93	
    397	   8.89	  -1.38	 -0.026	0.99892	   9.00	  -2.35	 -0.102	0.99867			#	   1.20	  56.12	
    398	   7.63	  -0.20	 -0.016	0.99891	   7.67	  -1.05	 -0.064	0.99892			#	   0.88	  56.81	
    399	   8.96	   0.34	 -0.043	0.99904	   7.41	   0.45	 -0.100	1.00015			#	   1.07	  52.30	
    400	  11.42	  -1.96	 -0.057	0.99744	  11.07	  -3.54	 -0.177	0.99700			#	   2.12	  47.53	
    401	   7.24	  -0.27	 -0.041	0.99884	  10.08	  -0.94	 -0.099	0.99816			#	   0.60	  57.16	
    402	   4.16	  -0.45	  0.011	1.00006	   3.18	  -0.17	 -0.030	0.99983			#	   0.23	  70.62	
    403	   6.74	  -0.52	  0.017	1.00026	   6.27	  -0.14	 -0.036	1.00000			#	   0.59	  69.75	
    404	   7.10	  -1.09	  0.014	1.00001	   6.46	  -1.61	 -0.044	0.99917			#	   0.67	  64.06	
    405	   8.64	  -0.95	  0.070	0.99874	   8.15	   0.10	 -0.054	0.99899			#	   0.97	  56.64	
    406	   7.50	  -2.40	  0.096	0.99910	   8.19	  -4.19	  0.078	0.99898			#	   1.12	  59.51	
    407	   5.87	   0.55	  0.003	0.99994	   6.40	   0.16	 -0.027	0.99945			#	   0.51	  69.88	
    408	   6.74	   0.66	  0.017	1.00033	   5.94	   0.54	 -0.036	1.00002			#	   0.66	  68.88	
    409	   6.35	   0.85	 -0.003	0.99989	   8.11	   0.59	 -0.064	0.99926			#	   0.59	  69.53	
    410	   3.30	   1.84	  0.041	0.99988	   2.64	   2.15	  0.023	0.99961			#	   0.30	  70.10	
    411	   5.98	  -0.38	  0.059	1.00003	   5.41	   1.42	 -0.006	0.99972			#	   0.60	  69.97	
    412	   6.88	  -2.46	  0.069	1.00047	   5.85	  -2.78	  0.023	0.99989			#	   1.43	  64.50	
    413	   9.27	   0.01	  0.018	1.00150	   8.53	   0.57	 -0.053	1.00230			#	   1.30	  52.00	
    414	   7.46	  -0.93	 -0.030	1.00074	   8.84	   0.40	 -0.037	1.00206			#	   0.81	  57.64	
    415	   5.33	  -3.00	 -0.063	0.99997	   5.43	  -2.63	 -0.107	1.00018			#	   0.73	  70.79	
    416	   6.49	  -2.45	 -0.030	1.00029	   6.23	  -2.91	 -0.111	1.00091			#	   0.85	  68.45	
    417	   4.87	  -2.65	 -0.014	1.00001	   6.04	  -2.20	 -0.041	0.99981			#	   0.64	  68.75	
    418	   5.30	  -0.62	 -0.021	1.00003	   4.32	  -2.29	 -0.062	1.00070			#	   0.45	  71.31	
    419	   4.77	  -0.11	 -0.034	0.99957	   6.29	   1.03	 -0.057	0.99911			#	   0.45	  71.01	
    420	   4.91	  -1.25	 -0.024	1.00051	   2.03	  -2.30	 -0.060	0.99993			#	   0.71	  65.06	
    421	  10.52	   1.28	 -0.054	1.00193	   9.48	   2.77	 -0.147	1.00272			#	   2.29	  50.48	
    422	   9.43	  -1.65	 -0.075	1.00149	   9.68	  -0.30	 -0.125	0.99974			#	   0.92	  46.40	
    423	  11.71	   0.87	 -0.093	1.00264	  10.70	   1.61	 -0.203	1.00394			#	   1.91	  47.31	
    424	  10.44	  -1.13	 -0.075	1.00012	  11.17	  -0.81	 -0.155	0.99645			#	   1.10	  46.35	
    425	  10.90	   2.90	 -0.045	1.00262	   9.35	   2.88	 -0.200	1.00398			#	   1.67	  45.83	
    426	  10.00	   0.75	  0.051	1.00204	  10.44	   3.53	  0.024	1.00221			#	   1.24	  48.22	
    427	  11.18	  -0.71	 -0.004	1.00235	  10.34	  -0.38	 -0.086	1.00240			#	   1.54	  48.48	
    428	  10.27	  -0.40	 -0.001	1.00188	  11.13	   1.96	 -0.061	1.00309			#	   1.31	  50.82	
    429	   8.28	  -3.12	 -0.008	1.00080	   8.58	  -2.81	 -0.061	1.00077			#	   1.05	  54.30	
    430	   9.55	  -0.48	 -0.014	1.00200	   7.79	  -0.46	 -0.091	1.00284			#	   1.09	  51.09	
    431	   9.62	  -1.61	 -0.050	1.00180	  10.39	   0.68	 -0.111	1.00199			#	   1.29	  50.35	
    432	   9.48	  -2.19	 -0.027	1.00190	   7.92	  -1.94	 -0.098	1.00279			#	   1.36	  48.78	
    433	  11.31	  -3.51	 -0.013	1.00214	  11.93	  -1.02	 -0.125	1.00263			#	   2.25	  48.09	
    434	   9.36	  -3.61	  0.022	1.00182	   9.07	  -4.39	 -0.008	1.00144			#	   1.18	  47.66	
    435	  13.33	  -0.94	  0.035	1.00297	  10.10	   1.13	 -0.101	1.00380			#	   1.65	  45.53	
    436	  14.64	  -5.10	  0.035	1.00367	  15.99	  -1.78	 -0.074	1.00425			#	   2.80	  44.66	
    437	  11.62	  -2.61	 -0.014	1.00233	  12.75	  -3.90	 -0.064	1.00340			#	   1.18	  47.61	
    438	   8.42	   0.15	 -0.046	1.00158	   8.43	   0.70	 -0.080	1.00237			#	   0.64	  51.65	
    439	   7.49	  -0.73	 -0.079	1.00128	   8.02	   0.08	 -0.133	1.00186			#	   0.51	  54.21	
    440	   7.81	  -0.42	 -0.054	1.00130	   5.43	  -0.87	 -0.125	1.00074			#	   0.45	  54.47	
    441	  11.23	   2.08	 -0.045	1.00205	  11.54	   2.91	 -0.131	1.00264			#	   0.90	  50.04	
    442	   9.61	   1.51	 -0.058	1.00164	   8.44	   2.45	 -0.111	1.00134			#	   0.97	  51.09	
    443	  11.63	   0.34	 -0.062	1.00240	  11.70	   2.40	 -0.159	1.00267			#	   1.73	  48.91	
    444	  10.93	  -1.08	 -0.060	1.00193	  10.17	   0.25	 -0.156	1.00183			#	   1.33	  48.78	
    445	  11.81	  -0.12	 -0.017	1.00242	  11.99	   0.33	 -0.118	1.00281			#	   1.49	  49.96	
    446	  11.43	  -0.63	  0.041	1.00224	  10.14	   1.36	 -0.059	1.00234			#	   1.20	  48.48	
    447	  12.52	  -1.37	  0.043	1.00239	  13.54	   0.03	 -0.057	1.00320			#	   1.63	  47.53	
    448	   9.91	  -3.04	  0.029	1.00158	   9.82	  -2.11	 -0.015	1.00105			#	   1.12	  50.09	
    449	  10.10	  -1.32	  0.000	1.00183	  10.52	  -1.15	 -0.074	1.00249			#	   1.18	  51.91	
    450	  10.28	  -0.26	 -0.022	1.00166	   8.53	   0.32	 -0.079	1.00192			#	   1.09	  50.17	
    451	  12.44	  -0.43	 -0.024	1.00246	  12.63	   1.26	 -0.154	1.00256			#	   1.36	  49.22	
    452	   9.24	   0.61	 -0.064	1.00118	  10.55	  -0.01	 -0.083	1.00265			#	   0.74	  55.64	
    453	   8.41	   0.13	 -0.051	1.00122	   6.31	   2.01	 -0.140	1.00132			#	   0.69	  54.34	
    454	  11.53	  -1.73	 -0.018	1.00245	  11.18	  -0.85	 -0.122	1.00261			#	   1.42	  48.70	
    455	  11.09	  -0.70	  0.046	1.00236	   9.83	   0.48	 -0.054	1.00388			#	   1.04	  47.14	
    456	  11.93	  -1.13	  0.034	1.00240	  12.42	  -0.04	 -0.037	1.00324			#	   1.54	  49.65	
    457	   8.80	  -0.99	 -0.014	1.00077	   8.74	  -1.00	 -0.074	1.00012			#	   0.70	  54.30	
    458	  10.83	   0.03	  0.001	1.00231	   9.19	   1.57	 -0.088	1.00302			#	   1.05	  48.74	
    459	  10.19	  -0.70	  0.000	1.00190	  11.29	  -0.47	 -0.067	1.00236			#	   0.96	  50.69	
    460	   8.49	   0.89	 -0.012	1.00133	   7.86	   1.25	 -0.065	1.00198			#	   0.71	  56.16	
    461	   8.37	   0.33	 -0.015	1.00116	   8.36	   1.23	 -0.061	1.00137			#	   0.65	  56.55	
    462	   9.24	   0.42	 -0.019	1.00131	   8.18	   0.83	 -0.095	1.00192			#	   0.96	  56.08	
    463	   8.45	  -0.65	 -0.008	1.00084	   9.56	  -0.34	 -0.082	1.00054			#	   0.81	  57.81	
    464	   7.38	   2.14	 -0.001	1.00059	   6.06	   1.54	 -0.073	1.00190			#	   0.68	  61.94	
    465	   8.22	   0.23	  0.032	1.00112	   8.73	   2.87	 -0.065	1.00191			#	   0.79	  60.33	
    466	   5.98	  -3.02	  0.063	1.00043	   6.17	  -2.84	  0.042	1.00141			#	   0.74	  66.49	
    467	   5.21	  -3.38	  0.057	1.00029	   5.45	  -2.85	  0.016	1.00113			#	   0.71	  69.79	
    468	   7.39	  -3.07	  0.070	1.00068	   4.53	  -3.59	  0.030	1.00204			#	   1.06	  61.89	
    469	  11.15	  -2.07	  0.057	1.00260	   8.87	  -0.78	 -0.037	1.00399			#	   1.66	  48.44	
    470	  15.44	  -3.29	  0.062	1.00451	  12.63	  -0.46	 -0.058	1.00559			#	   2.13	  42.66	
    471	  15.57	  -5.37	  0.087	1.00460	  16.92	  -2.42	 -0.062	1.00596			#	   1.58	  41.15	
    472	  12.11	  -5.62	  0.123	1.00361	  13.32	  -4.49	  0.103	1.00565			#	   1.38	  43.53	
    473	   9.25	  -4.63	  0.039	1.00275	   8.95	  -4.97	  0.026	1.00466			#	   0.97	  46.66	
    474	   9.50	  -3.56	  0.019	1.00242	   9.23	  -2.28	 -0.060	1.00359			#	   0.82	  47.66	
    475	   9.41	  -3.97	  0.044	1.00221	   9.17	  -3.04	 -0.037	1.00365			#	   0.81	  49.35	
    476	   5.94	  -4.93	  0.082	1.00047	   8.75	  -3.79	  0.020	1.00244			#	   0.50	  65.58	
    477	   3.77	  -6.05	  0.133	1.00033	   1.27	  -7.21	  0.149	1.00166			#	   0.64	  68.71	
    478	   7.31	  -2.71	  0.018	1.00052	   7.86	  -3.05	 -0.026	1.00187			#	   0.59	  63.76	
    479	   5.40	  -3.64	 -0.004	1.00045	   4.88	  -3.20	 -0.020	1.00167			#	   0.51	  68.40	
    480	   6.97	  -3.11	 -0.031	1.00039	   6.84	  -3.60	 -0.091	1.00135			#	   0.65	  66.67	
    481	   6.03	  -2.25	  0.029	1.00064	   4.91	  -2.72	 -0.022	1.00215			#	   0.59	  65.15	
    482	   9.46	  -1.74	  0.014	1.00127	   8.36	  -1.27	 -0.052	1.00168			#	   1.40	  51.95	
    483	   8.95	  -0.18	  0.014	1.00045	   8.49	  -1.42	 -0.013	1.00363			#	   0.73	  52.34	
    484	  10.76	   0.06	 -0.006	1.00002	  10.14	  -0.05	 -0.047	1.00169			#	   0.95	  47.87	
    485	  11.13	  -0.43	 -0.031	1.00025	  10.97	  -0.24	 -0.091	1.00240			#	   0.94	  50.78	
    486	  10.87	  -0.59	  0.003	1.00092	   9.95	  -1.71	 -0.049	1.00389			#	   1.04	  47.48	
    487	  12.30	   0.08	  0.010	1.00318	  10.83	   1.21	 -0.081	1.00364			#	   1.59	  47.40	
    488	  12.52	   0.82	  0.021	1.00330	  12.41	   1.98	 -0.075	1.00424			#	   1.37	  46.09	
    489	  10.57	  -0.18	  0.043	1.00254	  10.31	   1.23	  0.002	1.00356			#	   0.72	  48.05	
    490	  12.13	  -0.39	  0.024	1.00300	  11.04	   0.14	 -0.050	1.00367			#	   0.93	  47.14	
    491	  10.50	   0.34	  0.005	1.00248	  11.36	   1.36	 -0.047	1.00336			#	   0.82	  48.48	
    492	   8.51	   0.08	 -0.006	1.00159	   8.38	   0.37	 -0.044	1.00255			#	   0.60	  54.04	
    493	   7.34	   0.01	 -0.020	1.00127	   7.44	   1.03	 -0.092	1.00226			#	   0.54	  57.34	
    494	   6.20	  -0.22	 -0.002	1.00039	   6.04	  -0.79	 -0.035	1.00138			#	   0.39	  68.71	
    495	   3.77	  -1.64	  0.020	0.99992	   8.10	   0.58	 -0.054	1.00025			#	   0.22	  72.92	
    496	  -3.97	  -4.37	  0.133	1.00048	  -5.24	  -4.55	  0.148	1.00182			#	   0.48	  66.62	
    497	   4.21	  -4.60	  0.231	0.99988	   0.82	  -4.22	  0.128	1.00040			#	   0.73	  70.57	
    498	   6.04	  -3.30	  0.257	1.00062	   6.75	  -4.59	  0.266	1.00154			#	   0.80	  66.84	
    499	   4.02	  -1.22	  0.130	1.00002	   2.84	  -1.22	  0.106	1.00074			#	   0.27	  66.71	
    500	   8.87	  -0.87	  0.124	1.00140	   5.53	  -1.54	  0.058	1.00078			#	   0.87	  52.30	
    501	  11.17	   2.59	  0.134	1.00241	  12.04	   3.82	  0.011	1.00395			#	   1.27	  49.26	
    502	   7.41	  -0.71	  0.137	1.00135	   7.66	   0.82	  0.131	1.00142			#	   0.47	  53.82	
    503	   8.46	  -1.00	  0.084	1.00174	   6.81	  -0.20	  0.048	1.00315			#	   0.78	  53.65	
    504	   9.08	  -1.88	  0.042	1.00154	   9.85	  -1.93	 -0.014	1.00231			#	   0.86	  54.95	
    505	   5.55	   0.02	 -0.018	1.00054	   6.96	  -0.52	 -0.009	1.00142			#	   0.28	  67.66	
    506	   2.99	   0.25	 -0.063	0.99988	   3.32	   0.86	 -0.090	1.00026			#	   0.10	  72.14	
    507	   4.11	  -0.85	 -0.051	1.00010	   2.73	  -0.56	 -0.098	1.00035			#	   0.17	  72.05	
    508	   6.37	  -1.89	  0.009	1.00030	   4.88	  -1.64	 -0.046	1.00129			#	   0.34	  66.97	
    509	   8.30	  -1.27	 -0.025	1.00138	   7.70	  -1.47	 -0.079	1.00261			#	   0.61	  55.16	
    510	   7.48	  -2.48	 -0.007	1.00144	   7.16	  -0.51	 -0.043	1.00305			#	   0.68	  55.30	
    511	   8.25	  -2.54	 -0.049	1.00124	   7.38	  -3.96	 -0.097	1.00182			#	   0.83	  55.38	
    512	   9.23	   0.02	 -0.001	1.00208	   8.00	   1.21	 -0.111	1.00289			#	   1.00	  51.87	
    513	   9.99	  -0.78	 -0.011	1.00225	   9.45	  -0.09	 -0.041	1.00272			#	   0.87	  50.26	
    514	  10.05	   0.97	 -0.082	1.00215	   9.84	   0.48	 -0.139	1.00253			#	   0.86	  50.74	
    515	   8.83	   0.92	 -0.019	1.00169	   9.61	   3.83	 -0.149	1.00263			#	   0.89	  53.65	
    516	   6.06	  -1.71	  0.029	1.00049	   6.32	  -2.31	  0.017	1.00169			#	   0.35	  65.58	
    517	   6.20	  -0.69	  0.022	1.00094	   5.61	  -0.30	 -0.035	1.00169			#	   0.31	  62.67	
    518	   4.60	  -0.42	  0.028	1.00050	   6.05	  -1.11	 -0.013	1.00125			#	   0.22	  66.36	
    519	   2.43	  -0.07	  0.081	1.00045	   0.82	   0.21	  0.079	1.00176			#	   0.09	  67.27	
    520	   5.37	  -1.07	  0.042	0.99986	   5.60	   0.04	 -0.002	0.99976			#	   0.37	  64.54	
    521	   5.42	  -3.15	  0.060	1.00060	   3.54	  -2.80	  0.034	1.00119			#	   0.56	  64.15	
    522	   8.33	  -2.80	  0.030	1.00161	   7.47	  -1.62	 -0.042	1.00337			#	   0.91	  54.08	
    523	   8.67	  -4.16	 -0.021	1.00152	   9.05	  -3.64	 -0.119	1.00222			#	   0.89	  53.17	
    524	   7.13	  -3.37	  0.079	1.00139	   5.38	  -3.85	  0.068	1.00390			#	   0.65	  54.90	
    525	  10.38	  -2.17	  0.062	1.00216	   9.26	  -0.77	 -0.073	1.00329			#	   1.03	  49.74	
    526	  11.85	  -2.86	  0.144	1.00311	   9.53	  -2.50	  0.046	1.00343			#	   1.18	  45.23	
    527	  13.20	  -0.02	  0.172	1.00336	  13.90	   1.14	  0.047	1.00484			#	   1.15	  44.88	
    528	   8.65	  -1.50	  0.227	1.00164	  11.22	   1.03	  0.128	1.00287			#	   0.61	  51.82	
    529	   1.42	  -4.05	  0.227	1.00069	   2.12	  -4.29	  0.289	1.00235			#	   0.49	  65.76	
    530	   5.61	  -2.93	  0.179	1.00048	   2.77	  -3.73	  0.147	1.00102			#	   0.36	  62.98	
    531	   8.63	  -1.31	  0.064	1.00149	   6.80	  -0.15	  0.035	1.00295			#	   0.50	  53.86	
    532	   9.85	  -2.85	 -0.018	1.00157	   9.39	  -3.08	 -0.044	1.00114			#	   0.57	  49.09	
    533	  11.00	   0.91	 -0.103	1.00262	   8.68	   0.80	 -0.175	1.00385			#	   0.93	  47.09	
    534	  12.66	   0.40	 -0.092	1.00287	  13.35	   3.47	 -0.264	1.00386			#	   1.25	  44.92	
    535	   8.78	  -1.76	  0.034	1.00145	   9.10	  -1.15	 -0.043	1.00259			#	   0.52	  52.65	
    536	   7.24	  -1.64	  0.048	1.00081	   8.25	  -1.37	 -0.006	1.00233			#	   0.41	  60.33	
    537	   3.52	  -2.88	  0.017	1.00013	   4.81	  -2.53	  0.021	1.00093			#	   0.21	  66.54	
    538	   2.75	  -2.15	 -0.003	1.00033	   0.66	  -3.14	  0.002	1.00173			#	   0.13	  64.50	
    539	   8.56	  -0.79	  0.003	1.00080	   6.22	  -0.28	 -0.108	1.00205			#	   0.43	  53.65	
    540	  10.11	  -1.58	 -0.006	1.00210	   8.54	  -0.67	 -0.058	1.00245			#	   0.87	  47.05	
    541	  12.25	  -0.37	 -0.031	1.00309	  10.99	   0.44	 -0.156	1.00394			#	   1.08	  45.14	
    542	  10.78	  -0.45	 -0.004	1.00234	  12.29	   0.59	 -0.068	1.00314			#	   0.82	  47.92	
    543	   6.95	   0.16	 -0.008	1.00056	   7.77	   0.75	 -0.097	1.00199			#	   0.38	  61.94	
    544	   5.55	  -1.98	  0.037	1.00065	   4.55	  -1.80	  0.033	1.00167			#	   0.32	  61.85	
    545	   8.45	  -0.61	 -0.039	1.00040	   6.41	  -1.34	 -0.117	1.00225			#	   0.51	  54.38	
    546	   9.30	  -0.72	 -0.019	1.00099	   9.58	   0.37	 -0.082	1.00274			#	   0.50	  52.17	
    547	   7.86	  -3.00	 -0.011	1.00076	   6.44	  -2.70	 -0.091	1.00234			#	   0.48	  56.34	
    548	  10.19	  -2.35	  0.037	1.00212	   9.34	  -1.86	 -0.059	1.00349			#	   0.83	  47.05	
    549	   7.64	  -0.77	 -0.012	1.00082	   8.24	  -1.49	 -0.049	1.00172			#	   0.44	  53.47	
    550	   8.89	   0.14	  0.014	1.00156	   6.68	   0.82	 -0.087	1.00228			#	   0.79	  50.69	
    551	   9.09	  -1.15	  0.053	1.00156	   9.56	   0.23	 -0.062	1.00257			#	   0.96	  51.04	
    552	   7.82	  -0.90	  0.100	1.00091	   8.10	  -1.18	  0.042	1.00185			#	   0.51	  54.25	
    553	   1.56	  -0.48	  0.060	1.00014	   5.68	  -0.19	  0.070	1.00068			#	   0.11	  64.37	
    554	  -1.19	  -0.93	  0.056	1.00011	  -2.91	  -1.62	  0.111	1.00015			#	   0.04	  65.63	
    555	   1.28	   1.48	  0.009	1.00010	   0.56	   0.15	 -0.009	1.00003			#	   0.07	  65.06	
    556	   4.14	   4.30	 -0.004	0.99985	   3.08	   3.61	 -0.048	0.99935			#	   0.38	  62.76	
    557	   3.04	   2.93	 -0.008	0.99998	   3.81	   4.39	 -0.013	0.99977			#	   0.31	  65.32	
    558	   1.94	  -0.02	 -0.044	1.00003	   1.99	   1.01	 -0.052	1.00002			#	   0.06	  66.54	
    559	   3.57	  -1.04	 -0.017	1.00021	   1.40	  -1.11	 -0.065	1.00088			#	   0.16	  65.97	
    560	   7.39	  -1.67	  0.005	1.00072	   6.50	  -0.24	 -0.073	1.00148			#	   0.65	  56.42	
    561	   7.82	  -3.12	 -0.046	1.00093	   6.11	  -3.85	 -0.004	1.00245			#	   1.06	  52.34	
    562	  10.69	  -1.43	 -0.173	1.00208	  10.98	   0.29	 -0.365	1.00352			#	   1.44	  47.14	
    563	   5.77	  -2.74	 -0.033	1.00053	   6.77	  -3.59	 -0.027	1.00197			#	   0.50	  61.63	
    564	   4.97	  -1.29	 -0.142	1.00009	   4.23	  -1.13	 -0.172	1.00058			#	   0.32	  63.54	
    565	   4.86	  -1.31	 -0.130	1.00034	   5.41	  -1.25	 -0.185	1.00100			#	   0.31	  64.06	
    566	   3.57	  -1.86	 -0.105	0.99998	   4.06	  -1.79	 -0.130	1.00041			#	   0.19	  64.97	
    567	   3.97	  -1.85	 -0.034	1.00024	   2.69	  -2.01	 -0.114	1.00061			#	   0.18	  64.63	
    568	   5.17	  -0.32	  0.000	1.00046	   4.67	  -1.10	 -0.018	1.00152			#	   0.37	  62.98	
    569	   5.86	  -0.64	 -0.014	1.00018	   4.56	   0.04	 -0.054	1.00074			#	   0.44	  62.24	
    570	   7.65	  -0.24	 -0.070	0.99982	   7.95	  -1.49	 -0.147	0.99996			#	   0.78	  55.21	
    571	   4.58	   0.75	 -0.018	1.00007	   5.12	   1.07	 -0.071	1.00023			#	   0.30	  62.89	
    572	   4.65	   2.59	  0.028	1.00009	   4.40	   0.72	 -0.009	1.00026			#	   0.41	  63.45	
    573	   1.07	   3.24	  0.045	0.99984	   3.18	   4.92	  0.021	0.99946			#	   0.19	  65.23	
    574	   1.69	   0.02	  0.051	1.00030	  -0.74	  -0.22	  0.086	1.00064			#	   0.09	  64.19	
    575	   4.65	   0.79	 -0.040	0.99996	   3.58	   0.98	 -0.087	1.00064			#	   0.38	  63.76	
    576	   7.51	   0.32	  0.029	0.99997	   6.91	   0.61	 -0.076	1.00028			#	   1.06	  56.73	
    577	   5.75	  -0.08	  0.070	1.00037	   4.60	  -1.13	  0.049	1.00166			#	   0.53	  59.07	
    578	   8.94	   1.82	  0.049	0.99937	   8.84	   1.65	 -0.025	1.00009			#	   1.18	  52.73	
    579	   3.64	   0.56	  0.021	0.99995	   7.77	   0.83	  0.016	0.99964			#	   0.20	  63.80	
    580	  -1.03	  -0.05	  0.013	0.99996	  -1.76	   0.08	  0.039	1.00009			#	   0.02	  66.06	
    581	  -0.91	   0.81	  0.001	1.00001	  -0.26	  -0.61	  0.012	0.99995			#	   0.03	  65.97	
    582	  -1.12	   2.67	 -0.033	0.99976	  -0.80	   3.01	 -0.003	0.99904			#	   0.10	  66.32	
    583	  -2.31	   2.40	 -0.080	0.99995	  -1.84	   2.11	 -0.074	0.99958			#	   0.15	  65.45	
    584	  -3.75	   2.75	 -0.021	1.00010	  -2.74	   2.80	 -0.008	0.99942			#	   0.39	  65.71	
    585	  -3.74	   2.34	 -0.015	0.99975	  -5.26	   2.49	  0.037	0.99919			#	   0.48	  65.89	
    586	  -0.10	   1.20	 -0.080	0.99961	  -1.62	   3.05	 -0.085	0.99992			#	   0.09	  66.23	
    587	   3.49	  -3.13	 -0.050	0.99995	   3.11	  -2.87	 -0.132	0.99980			#	   0.37	  65.23	
    588	   0.90	  -1.56	  0.080	1.00039	   2.46	  -2.07	  0.062	1.00116			#	   0.15	  65.80	
    589	   0.65	  -1.63	  0.051	0.99990	  -1.42	  -1.58	  0.082	1.00019			#	   0.07	  67.01	
    590	   3.56	  -0.88	  0.034	1.00001	   3.58	  -1.46	 -0.029	1.00014			#	   0.34	  66.58	
    591	   2.45	   0.72	  0.074	1.00012	   3.02	   0.03	  0.054	1.00033			#	   0.14	  65.93	
    592	   1.93	   0.95	  0.080	0.99979	   2.01	   1.58	  0.042	0.99977			#	   0.09	  66.06	
    593	   1.07	  -0.53	  0.102	1.00002	   1.03	  -0.68	  0.140	0.99980			#	   0.06	  66.58	
    594	   1.56	   1.03	  0.051	0.99993	   1.57	   0.63	  0.018	1.00022			#	   0.07	  67.06	
    595	   1.65	   0.35	  0.080	0.99997	   1.15	   1.10	  0.081	0.99986			#	   0.06	  67.75	
    596	   2.92	  -0.58	  0.015	1.00012	   2.21	  -0.72	  0.035	1.00050			#	   0.16	  67.23	
    597	   3.50	  -0.82	 -0.026	1.00002	   3.32	  -0.72	 -0.053	1.00036			#	   0.22	  67.80	
    598	   4.10	  -0.48	 -0.030	1.00009	   3.16	  -0.83	 -0.055	1.00064			#	   0.27	  67.75	
    599	   5.35	  -0.58	 -0.026	0.99984	   5.49	  -0.25	 -0.078	0.99997			#	   0.43	  66.75	
    600	   3.57	   0.45	 -0.029	1.00002	   4.03	  -0.64	 -0.051	1.00043			#	   0.24	  65.10	
    601	   2.64	   0.38	 -0.013	1.00014	   3.09	   1.64	 -0.033	1.00025			#	   0.12	  67.36	
