      1	   0.02	  -0.18	 -0.001	1.00004							#	   0.03	  91.01	
      2	   0.20	   0.38	  0.001	0.99996							#	   0.11	  83.54	
      3	  -0.12	   0.41	  0.002	0.99993							#	   0.11	  82.73	
      4	  -0.42	   0.22	 -0.004	0.99998							#	   0.15	  81.77	
      5	  -0.09	   0.46	  0.001	1.00000							#	   0.13	  80.56	
      6	   0.13	   0.88	 -0.002	0.99993							#	   0.16	  81.97	
      7	  -0.34	   0.11	  0.007	0.99998							#	   0.14	  84.49	
      8	  -0.15	  -0.30	  0.008	1.00003							#	   0.14	  83.54	
      9	  -0.16	   1.01	  0.002	0.99999							#	   0.18	  82.07	
     10	  -0.19	   0.58	  0.004	0.99998							#	   0.15	  80.86	
     11	   0.16	   0.52	  0.008	0.99998							#	   0.14	  81.52	
     12	  -0.05	   1.18	  0.009	0.99999							#	   0.20	  79.44	
     13	   0.08	   0.52	  0.005	0.99997							#	   0.15	  80.35	
     14	   0.21	   1.11	  0.021	0.99998							#	   0.19	  80.56	
     15	  -0.44	   1.10	  0.026	0.99997							#	   0.22	  80.91	
     16	  -0.35	   0.63	  0.017	1.00002							#	   0.17	  78.79	
     17	  -0.44	   1.11	  0.019	1.00003							#	   0.20	  80.71	
     18	  -0.09	   0.70	  0.015	1.00001							#	   0.16	  81.31	
     19	  -0.37	   0.90	  0.017	1.00001							#	   0.18	  81.01	
     20	  -0.67	   0.88	  0.014	1.00002							#	   0.20	  80.25	
     21	  -1.05	   1.07	  0.014	1.00002							#	   0.25	  79.90	
     22	  -0.80	   0.92	  0.005	1.00001							#	   0.21	  81.52	
     23	  -0.73	   1.16	  0.010	0.99999							#	   0.22	  79.60	
     24	  -0.37	   0.96	  0.018	1.00002							#	   0.20	  80.45	
     25	  -1.45	   1.17	  0.016	0.99999							#	   0.34	  75.25	
     26	  -1.02	   1.04	  0.012	1.00002							#	   0.26	  78.74	
     27	  -0.71	   1.27	  0.016	1.00000							#	   0.24	  78.64	
     28	  -0.82	   1.59	  0.014	0.99999							#	   0.30	  76.06	
     29	  -0.49	   1.33	  0.026	0.99998							#	   0.25	  78.64	
     30	  -0.49	   1.65	  0.016	1.00001							#	   0.40	  70.40	
     31	  -0.23	   1.34	  0.014	0.99999							#	   0.28	  79.24	
     32	  -0.64	   1.59	  0.005	1.00001							#	   0.28	  78.48	
     33	  -0.04	   1.29	  0.006	0.99998							#	   0.20	  77.98	
     34	  -0.54	   1.87	  0.013	1.00001							#	   0.34	  79.60	
     35	  -0.55	   1.51	  0.014	1.00001							#	   0.27	  78.84	
     36	  -0.16	   1.67	  0.010	1.00002							#	   0.25	  80.35	
     37	  -0.34	   1.62	  0.016	1.00002							#	   0.27	  78.48	
     38	  -0.60	   2.07	  0.015	0.99997							#	   0.37	  78.59	
     39	  -0.56	   1.74	  0.014	0.99996							#	   0.31	  77.47	
     40	  -0.55	   2.07	  0.011	0.99999							#	   0.37	  80.25	
     41	  -0.59	   2.21	  0.011	1.00000							#	   0.41	  77.07	
     42	  -0.64	   2.68	  0.010	0.99998							#	   0.53	  73.23	
     43	  -0.37	   3.24	  0.010	0.99991							#	   0.67	  70.76	
     44	  -0.24	   3.35	  0.024	0.99993							#	   0.75	  71.57	
     45	  -0.26	   3.87	  0.011	0.99992							#	   0.89	  69.44	
     46	  -0.58	   4.18	  0.018	0.99993							#	   0.96	  62.27	
     47	  -0.69	   4.72	  0.012	0.99980							#	   1.10	  53.54	
     48	   0.01	   4.91	  0.009	0.99954							#	   0.95	  54.34	
     49	  -0.29	   5.41	  0.017	0.99948							#	   1.27	  49.85	
     50	  -0.91	   5.07	  0.006	0.99970							#	   1.01	  49.95	
     51	  -0.55	   5.15	  0.006	0.99940							#	   1.08	  50.20	
     52	  -0.21	   5.09	  0.011	0.99994							#	   1.02	  52.27	
     53	  -0.25	   5.29	  0.010	1.00003							#	   1.07	  53.54	
     54	  -0.56	   5.26	  0.007	0.99925							#	   1.12	  48.08	
     55	  -0.81	   5.24	  0.006	0.99944							#	   1.08	  49.04	
     56	  -0.71	   5.46	  0.005	0.99950							#	   1.15	  48.43	
     57	  -0.36	   5.79	  0.007	0.99924							#	   1.24	  46.82	
     58	  -0.56	   6.05	  0.008	0.99903							#	   1.23	  43.54	
     59	  -0.14	   5.62	  0.016	0.99972							#	   1.04	  48.28	
     60	  -0.55	   5.03	  0.017	0.99947							#	   0.93	  47.32	
     61	  -0.26	   5.20	  0.009	0.99958							#	   0.96	  46.77	
     62	  -0.60	   4.96	  0.019	0.99951							#	   0.86	  51.06	
     63	  -0.39	   4.88	  0.013	0.99953							#	   0.79	  51.11	
     64	  -0.62	   4.67	  0.010	1.00020							#	   0.76	  52.27	
     65	  -0.50	   5.02	  0.015	0.99986							#	   0.90	  49.75	
     66	  -0.30	   5.61	  0.011	0.99966							#	   1.06	  50.45	
     67	  -0.29	   6.00	  0.010	0.99917							#	   1.17	  44.34	
     68	  -0.35	   5.88	  0.009	0.99932							#	   1.05	  43.59	
     69	  -0.09	   7.22	  0.008	0.99923							#	   1.59	  42.37	
     70	  -0.39	   7.26	  0.016	0.99937							#	   1.23	  36.36	
     71	  -0.12	   7.59	  0.021	0.99967							#	   1.48	  39.49	
     72	  -0.35	   7.21	  0.013	0.99914							#	   1.27	  39.60	
     73	  -0.43	   7.69	  0.014	1.00009							#	   1.44	  37.07	
     74	  -0.18	   7.33	  0.012	0.99980							#	   1.27	  39.55	
     75	  -0.35	   7.24	  0.011	0.99979							#	   1.29	  39.04	
     76	  -0.51	   6.98	  0.017	0.99980							#	   1.17	  38.74	
     77	  -0.49	   5.98	  0.018	0.99997							#	   0.92	  45.61	
     78	  -0.40	   5.69	  0.015	1.00003							#	   0.86	  47.63	
     79	  -0.63	   5.38	  0.011	0.99997							#	   0.79	  47.37	
     80	  -0.40	   5.01	  0.010	0.99985							#	   0.67	  51.46	
     81	  -0.19	   4.37	  0.013	0.99986							#	   0.57	  59.04	
     82	  -0.58	   4.63	  0.012	0.99981							#	   0.70	  54.60	
     83	  -0.45	   4.45	  0.017	0.99984							#	   0.69	  58.08	
     84	  -0.61	   5.10	  0.018	0.99933							#	   0.97	  48.84	
     85	  -0.49	   5.87	  0.003	0.99999							#	   1.13	  48.03	
     86	  -0.85	   6.54	  0.009	0.99967							#	   1.28	  42.17	
     87	  -0.58	   7.79	  0.007	0.99943							#	   1.60	  35.81	
     88	  -0.23	   8.27	  0.011	0.99927							#	   1.46	  34.24	
     89	  -0.62	   9.04	  0.005	0.99912							#	   1.76	  29.44	
     90	  -0.44	   9.52	  0.012	0.99882							#	   1.77	  27.37	
     91	  -0.21	  10.36	  0.011	0.99812							#	   1.98	  30.45	
     92	  -0.39	  10.64	  0.009	0.99796							#	   1.99	  24.49	
     93	   0.17	  10.41	  0.013	0.99825							#	   1.85	  25.05	
     94	  -0.23	  10.70	  0.017	0.99886							#	   1.97	  27.73	
     95	   0.35	  10.29	  0.012	0.99801							#	   1.83	  28.74	
     96	   0.03	  10.68	  0.005	0.99830							#	   1.93	  23.43	
     97	  -0.14	  10.15	  0.018	0.99862							#	   1.79	  26.36	
     98	  -0.34	  10.65	  0.014	0.99840							#	   1.98	  27.22	
     99	  -0.29	  10.14	  0.017	0.99854							#	   1.80	  24.80	
    100	   0.05	  10.30	  0.002	0.99857							#	   1.86	  25.81	
    101	  -0.08	  10.32	  0.004	0.99822							#	   1.78	  27.73	
    102	   0.04	  10.19	  0.021	0.99792							#	   1.80	  26.57	
    103	   0.09	   9.71	  0.012	0.99843							#	   1.64	  27.98	
    104	  -0.09	   9.43	  0.011	0.99829							#	   1.60	  29.24	
    105	   0.20	   8.46	  0.014	0.99853							#	   1.25	  32.17	
    106	  -0.42	   8.05	  0.020	0.99899							#	   1.24	  34.09	
    107	  -0.17	   7.99	  0.018	0.99892							#	   1.18	  35.30	
    108	  -0.31	   8.27	  0.009	0.99897							#	   1.29	  32.42	
    109	  -0.31	   8.62	  0.017	0.99896							#	   1.45	  32.78	
    110	  -0.22	   8.76	  0.012	0.99821							#	   1.61	  31.82	
    111	  -0.70	   9.53	  0.025	0.99798							#	   1.79	  25.96	
    112	  -0.13	  10.09	  0.009	0.99806							#	   1.84	  25.81	
    113	  -0.14	  10.16	  0.025	0.99794							#	   1.88	  27.12	
    114	  -0.25	   9.80	  0.010	0.99765							#	   1.67	  25.76	
    115	  -0.36	   9.88	  0.015	0.99898							#	   1.66	  27.58	
    116	  -0.63	   9.64	  0.015	0.99905							#	   1.58	  29.14	
    117	  -0.27	  10.06	  0.021	0.99989							#	   1.75	  28.23	
    118	  -0.13	  10.16	  0.013	0.99975							#	   1.74	  28.43	
    119	  -0.47	  10.78	  0.024	0.99952							#	   2.00	  24.34	
    120	  -0.40	  10.50	  0.020	0.99995							#	   1.79	  21.41	
    121	  -0.76	  11.01	  0.011	0.99970							#	   1.94	  26.82	
    122	  -0.35	  10.86	  0.009	0.99953							#	   1.89	  24.55	
    123	  -0.06	  11.41	  0.002	0.99970							#	   2.12	  24.04	
    124	  -0.38	  11.14	  0.010	0.99956							#	   1.72	  25.51	
    125	  -0.01	  11.20	  0.006	0.99949							#	   1.98	  24.04	
    126	  -0.10	  11.00	  0.018	0.99965							#	   1.81	  25.81	
    127	  -0.14	  10.46	  0.006	0.99957							#	   1.59	  26.57	
    128	  -0.07	  10.24	  0.014	0.99940							#	   1.54	  26.92	
    129	  -0.46	   9.41	  0.020	0.99917							#	   1.39	  27.73	
    130	  -0.09	   9.04	  0.013	0.99913							#	   1.26	  30.56	
    131	  -0.60	   8.93	  0.028	0.99937							#	   1.23	  31.31	
    132	  -0.05	   8.50	  0.018	0.99927							#	   1.25	  29.09	
    133	  -0.08	   8.08	  0.013	0.99925							#	   1.14	  34.19	
    134	  -0.08	   8.57	  0.024	0.99914							#	   1.28	  33.28	
    135	  -0.45	   8.56	  0.009	1.00010							#	   1.32	  30.45	
    136	  -0.44	   8.37	  0.004	0.99999							#	   1.25	  32.98	
    137	  -0.25	   8.28	  0.012	0.99996							#	   1.26	  31.16	
    138	  -0.45	   8.45	  0.020	1.00002							#	   1.38	  31.01	
    139	  -0.41	   9.05	  0.002	0.99923							#	   1.54	  30.81	
    140	  -0.70	   9.32	  0.009	0.99922							#	   1.50	  27.98	
    141	   0.04	   9.04	  0.005	0.99916							#	   1.36	  28.38	
    142	  -0.32	   9.64	  0.005	0.99876							#	   1.50	  27.98	
    143	  -0.63	   9.32	  0.010	0.99894							#	   1.42	  29.44	
    144	  -0.37	   9.20	  0.008	0.99914							#	   1.37	  28.38	
    145	  -0.51	   8.82	  0.005	0.99910							#	   1.25	  30.66	
    146	  -0.18	   8.81	  0.017	0.99874							#	   1.29	  29.60	
    147	  -0.43	   8.96	  0.011	0.99883							#	   1.36	  29.95	
    148	  -0.55	   9.43	 -0.001	0.99880							#	   1.46	  27.27	
    149	  -0.73	   9.61	  0.016	0.99895							#	   1.43	  26.16	
    150	  -0.39	   9.95	  0.005	0.99995							#	   1.62	  19.34	
    151	  -0.64	   9.39	  0.010	0.99999							#	   1.30	  24.65	
    152	  -0.24	   9.63	  0.003	1.00015							#	   1.44	  22.58	
    153	  -0.59	   9.16	 -0.005	0.99989							#	   1.31	  25.91	
    154	  -0.67	   8.86	  0.005	0.99989							#	   1.25	  28.08	
    155	  -0.40	   8.77	  0.007	0.99985							#	   1.17	  27.12	
    156	  -0.63	   8.84	 -0.004	1.00011							#	   1.20	  25.25	
    157	  -0.51	   8.55	  0.008	1.00003							#	   1.17	  27.27	
    158	  -0.44	   9.09	  0.010	1.00013							#	   1.38	  25.00	
    159	  -0.48	   9.70	  0.004	0.99990							#	   1.42	  24.04	
    160	  -0.88	   9.72	  0.014	0.99956							#	   1.44	  24.44	
    161	  -0.51	   9.90	  0.012	1.00000							#	   1.59	  22.63	
    162	  -0.25	   9.59	 -0.002	0.99987							#	   1.35	  24.65	
    163	  -0.23	   9.41	  0.005	0.99994							#	   1.39	  25.71	
    164	  -0.63	   9.20	 -0.005	0.99982							#	   1.31	  25.51	
    165	  -0.96	  10.07	  0.003	0.99955							#	   1.53	  22.02	
    166	  -0.39	  10.35	  0.006	0.99950							#	   1.47	  23.94	
    167	  -0.40	  11.16	 -0.004	0.99945							#	   1.88	  21.67	
    168	  -0.43	  12.41	  0.011	1.00008							#	   1.88	  18.48	
    169	  -0.99	  12.73	  0.003	0.99931							#	   1.82	  19.29	
    170	  -0.93	  12.99	  0.007	0.99964							#	   1.85	  17.02	
    171	  -0.67	  11.96	  0.004	0.99960							#	   1.80	  18.79	
    172	  -0.92	  11.70	  0.006	0.99913							#	   1.76	  19.60	
    173	  -0.84	  10.36	  0.010	0.99923							#	   1.41	  20.40	
    174	  -0.84	   9.76	 -0.000	0.99913							#	   1.25	  23.69	
    175	  -0.34	   9.21	 -0.001	0.99977							#	   1.03	  26.26	
    176	  -0.84	   8.54	  0.004	0.99886							#	   1.01	  25.45	
    177	  -0.71	   7.49	  0.006	0.99912							#	   0.80	  29.65	
    178	  -0.75	   7.53	  0.015	0.99959							#	   0.84	  29.44	
    179	  -0.70	   7.53	 -0.004	0.99961							#	   0.95	  30.30	
    180	  -1.13	   7.87	 -0.010	0.99929							#	   1.24	  22.53	
    181	  -0.49	   8.34	  0.000	0.99989							#	   1.18	  26.97	
    182	  -0.95	   9.06	 -0.008	0.99946							#	   1.55	  23.23	
    183	  -0.53	   9.88	 -0.018	0.99937							#	   1.52	  21.82	
    184	  -0.59	  10.85	  0.000	0.99906							#	   1.66	  20.61	
    185	  -0.99	  10.84	 -0.004	0.99880							#	   1.68	  21.16	
    186	  -0.95	  10.71	 -0.005	0.99876							#	   1.65	  20.51	
    187	  -0.62	  10.85	 -0.009	0.99856							#	   1.69	  19.95	
    188	  -0.90	  11.00	 -0.011	0.99852							#	   1.74	  19.70	
    189	  -0.27	  10.05	 -0.011	0.99856							#	   1.60	  21.72	
    190	  -0.82	  10.08	 -0.007	0.99861							#	   1.65	  21.16	
    191	  -1.38	   9.37	 -0.003	0.99899							#	   1.34	  21.52	
    192	  -0.89	   8.98	 -0.007	0.99897							#	   1.21	  23.33	
    193	  -0.98	   7.86	 -0.003	0.99915							#	   0.99	  28.18	
    194	  -0.65	   7.35	 -0.010	0.99924							#	   0.89	  29.44	
    195	  -1.17	   6.97	  0.001	0.99889							#	   0.85	  32.12	
    196	  -0.73	   6.83	 -0.004	0.99887							#	   0.87	  30.20	
    197	  -0.73	   6.96	 -0.012	0.99903							#	   0.92	  30.10	
    198	  -0.59	   7.28	 -0.005	0.99924							#	   1.03	  28.69	
    199	  -0.89	   7.47	  0.009	0.99903							#	   1.11	  30.91	
    200	  -0.71	   8.54	  0.009	0.99854							#	   1.52	  25.30	
    201	  -1.11	   8.62	 -0.006	0.99839							#	   1.41	  22.98	
    202	  -1.11	   8.98	  0.009	0.99928							#	   1.31	  24.55	
    203	  -0.86	  10.01	 -0.000	0.99854							#	   1.70	  23.18	
    204	  -0.99	   9.94	 -0.008	0.99860							#	   1.49	  22.32	
    205	  -1.54	  10.48	 -0.002	0.99848							#	   1.69	  19.34	
    206	  -1.14	  10.86	 -0.012	0.99842							#	   1.69	  19.70	
    207	  -0.96	  11.25	 -0.006	0.99827							#	   1.81	  18.54	
    208	  -0.93	  11.83	 -0.008	0.99858							#	   1.78	  18.99	
    209	  -0.97	  13.09	 -0.002	0.99826							#	   2.19	  16.36	
    210	  -1.23	  13.59	 -0.013	0.99840							#	   1.98	  11.11	
    211	  -1.28	  13.72	 -0.014	0.99846							#	   2.02	  13.99	
    212	  -1.21	  13.45	  0.003	0.99838							#	   1.95	  15.20	
    213	  -1.23	  11.99	  0.002	0.99860							#	   1.60	  17.32	
    214	  -0.78	  10.64	 -0.004	0.99856							#	   1.28	  17.83	
    215	  -0.98	   9.70	 -0.006	0.99833							#	   1.09	  19.85	
    216	  -1.47	   8.88	 -0.001	0.99906							#	   0.98	  23.28	
    217	  -0.97	   8.48	 -0.000	0.99907							#	   0.88	  20.96	
    218	  -1.02	   8.90	  0.003	0.99912							#	   0.98	  23.13	
    219	  -0.81	   8.02	 -0.008	0.99914							#	   0.95	  26.26	
    220	  -1.13	   8.02	 -0.005	0.99980							#	   1.01	  24.75	
    221	  -0.53	   7.51	  0.012	1.00005							#	   0.94	  26.57	
    222	  -0.69	   7.74	  0.007	1.00017							#	   1.06	  28.74	
    223	  -1.00	   7.19	  0.007	1.00055							#	   0.98	  29.55	
    224	  -1.16	   6.41	  0.006	1.00065							#	   0.85	  32.88	
    225	  -1.09	   5.97	  0.009	1.00057							#	   0.74	  33.18	
    226	  -1.16	   5.83	 -0.001	1.00001							#	   0.76	  33.64	
    227	  -0.56	   5.88	  0.004	0.99998							#	   0.70	  36.26	
    228	  -1.13	   6.05	 -0.000	1.00033							#	   0.83	  33.48	
    229	  -0.94	   5.13	  0.002	1.00025							#	   0.67	  40.00	
    230	  -1.10	   6.09	 -0.003	1.00023							#	   1.01	  32.98	
    231	  -1.00	   5.53	  0.001	1.00041							#	   0.78	  33.08	
    232	  -0.87	   5.67	  0.006	1.00034							#	   0.89	  36.31	
    233	  -1.07	   5.64	 -0.005	1.00032							#	   0.94	  34.39	
    234	  -0.96	   5.70	 -0.002	1.00022							#	   0.90	  34.80	
    235	  -1.18	   5.34	 -0.006	1.00011							#	   0.84	  34.19	
    236	  -0.99	   5.53	  0.004	1.00013							#	   0.85	  36.72	
    237	  -1.28	   6.11	 -0.004	1.00029							#	   1.07	  31.62	
    238	  -1.30	   5.86	 -0.003	0.99995							#	   0.87	  37.78	
    239	  -1.04	   6.24	 -0.008	1.00040							#	   1.08	  32.22	
    240	  -0.64	   6.25	 -0.002	1.00049							#	   1.03	  24.39	
    241	  -0.58	   6.37	 -0.007	0.99999							#	   1.00	  36.01	
    242	  -0.66	   6.01	  0.009	1.00005							#	   1.00	  32.53	
    243	  -1.31	   6.05	  0.005	1.00013							#	   1.08	  30.81	
    244	  -0.73	   6.60	  0.003	1.00011							#	   1.11	  31.31	
    245	  -0.98	   6.74	 -0.001	1.00041							#	   1.11	  30.76	
    246	  -0.51	   6.93	  0.000	1.00007							#	   1.07	  34.04	
    247	  -0.71	   7.41	  0.001	1.00019							#	   1.32	  32.37	
    248	  -0.70	   7.83	  0.012	1.00028							#	   1.31	  30.51	
    249	  -0.74	   7.63	 -0.005	1.00043							#	   1.14	  28.84	
    250	  -0.84	   8.01	 -0.001	1.00037							#	   1.31	  28.89	
    251	  -0.46	   7.77	  0.016	1.00012							#	   1.22	  33.28	
    252	  -0.55	   7.45	  0.004	0.99995							#	   1.21	  29.44	
    253	  -0.35	   7.62	  0.006	1.00029							#	   1.17	  32.73	
    254	  -0.62	   7.26	  0.012	1.00013							#	   1.11	  33.18	
    255	  -0.56	   6.63	  0.010	1.00013							#	   0.93	  36.16	
    256	  -0.68	   6.47	  0.017	0.99996							#	   0.97	  33.43	
    257	  -0.55	   6.85	  0.002	1.00018							#	   1.10	  32.98	
    258	  -1.04	   6.78	  0.016	1.00028							#	   1.11	  31.67	
    259	  -0.65	   6.68	  0.008	0.99998							#	   1.11	  29.65	
    260	  -0.97	   7.07	  0.016	0.99995							#	   1.33	  30.71	
    261	  -0.68	   7.67	  0.002	1.00019							#	   1.32	  31.77	
    262	  -0.68	   7.98	  0.010	1.00018							#	   1.35	  29.65	
    263	  -0.63	   7.75	  0.011	1.00009							#	   1.23	  28.84	
    264	  -0.72	   7.87	 -0.003	1.00021							#	   1.41	  28.33	
    265	  -0.36	   8.07	 -0.003	0.99991							#	   1.38	  32.07	
    266	  -0.63	   7.28	  0.006	1.00010							#	   1.17	  33.79	
    267	  -0.77	   7.47	 -0.000	1.00008							#	   1.18	  32.63	
    268	  -0.66	   6.57	  0.005	0.99996							#	   1.01	  31.01	
    269	  -0.11	   6.67	  0.000	0.99991							#	   1.03	  33.59	
    270	  -0.75	   6.24	  0.008	0.99986							#	   0.92	  26.11	
    271	  -0.96	   6.23	 -0.003	0.99969							#	   1.01	  35.66	
    272	  -0.84	   6.60	 -0.001	0.99973							#	   1.15	  33.84	
    273	  -0.77	   6.65	 -0.003	1.00011							#	   1.15	  31.46	
    274	  -0.65	   6.69	 -0.004	0.99949							#	   1.25	  31.72	
    275	  -0.66	   7.13	  0.004	1.00003							#	   1.29	  31.72	
    276	  -0.47	   7.16	  0.008	1.00004							#	   1.23	  31.52	
    277	  -0.88	   7.18	  0.001	1.00039							#	   1.38	  31.11	
    278	  -0.87	   7.36	 -0.001	1.00041							#	   1.37	  30.30	
    279	  -0.42	   7.77	 -0.005	1.00032							#	   1.49	  30.45	
    280	  -0.50	   7.45	  0.007	1.00028							#	   1.26	  29.60	
    281	  -0.39	   7.78	  0.002	1.00014							#	   1.39	  31.72	
    282	  -0.60	   7.62	  0.007	1.00015							#	   1.31	  32.53	
    283	  -0.95	   7.16	  0.001	1.00029							#	   1.14	  31.52	
    284	  -1.02	   7.44	 -0.001	1.00035							#	   1.28	  31.92	
    285	  -0.85	   6.80	 -0.002	1.00011							#	   1.13	  30.76	
    286	  -0.48	   6.67	  0.007	0.99991							#	   1.20	  31.41	
    287	  -0.61	   6.88	  0.006	1.00003							#	   1.24	  33.48	
    288	  -0.90	   6.92	 -0.004	1.00027							#	   1.25	  31.21	
    289	  -0.71	   7.15	 -0.009	1.00038							#	   1.29	  31.21	
    290	  -0.83	   7.70	 -0.001	1.00053							#	   1.41	  27.98	
    291	  -0.75	   7.79	 -0.005	1.00008							#	   1.35	  29.29	
    292	  -0.98	   8.51	 -0.006	1.00020							#	   1.66	  25.81	
    293	  -0.71	   9.27	 -0.010	1.00015							#	   1.76	  23.43	
    294	  -1.21	   8.94	 -0.006	1.00020							#	   1.50	  23.23	
    295	  -0.76	   9.86	 -0.004	1.00022							#	   1.85	  23.43	
    296	  -0.59	   9.50	  0.004	1.00006							#	   1.52	  22.93	
    297	  -0.45	   9.87	 -0.010	0.99986							#	   1.67	  24.60	
    298	  -0.51	   9.98	 -0.008	0.99996							#	   1.76	  23.28	
    299	  -0.91	   9.55	 -0.001	0.99990							#	   1.59	  23.79	
    300	  -0.56	  10.03	  0.004	1.00008							#	   1.79	  18.28	
    301	  -1.08	  10.18	  0.004	1.00020							#	   1.78	  21.31	
    302	  -0.66	   9.94	  0.002	1.00008							#	   1.52	  22.22	
    303	  -0.74	  10.31	  0.001	0.99986							#	   1.71	  20.35	
    304	  -0.55	  10.82	 -0.007	0.99977							#	   1.79	  22.07	
    305	  -0.60	  10.63	  0.002	0.99979							#	   1.70	  20.61	
    306	  -0.47	  10.92	  0.000	0.99973							#	   1.86	  21.72	
    307	  -0.89	  11.03	  0.007	0.99980							#	   1.82	  22.63	
    308	  -0.53	  11.30	  0.000	0.99971							#	   1.80	  22.42	
    309	  -0.57	  11.21	 -0.006	0.99959							#	   1.84	  21.11	
    310	  -0.99	  12.00	 -0.002	0.99959							#	   1.97	  22.02	
    311	  -1.04	  11.52	 -0.002	0.99968							#	   1.72	  21.72	
    312	  -0.82	  11.45	  0.002	0.99955							#	   1.85	  20.91	
    313	  -0.58	  11.40	  0.000	0.99957							#	   1.71	  22.12	
    314	  -0.72	  11.43	 -0.003	0.99957							#	   1.71	  22.58	
    315	  -1.11	  11.29	 -0.001	0.99954							#	   1.65	  21.72	
    316	  -0.54	  11.04	 -0.003	0.99936							#	   1.58	  21.21	
    317	  -0.51	  10.98	  0.000	0.99932							#	   1.62	  20.35	
    318	  -0.85	  10.67	 -0.008	0.99937							#	   1.59	  22.02	
    319	  -1.05	  10.46	  0.004	0.99948							#	   1.44	  20.91	
    320	  -0.95	  10.15	 -0.006	0.99930							#	   1.45	  22.53	
    321	  -0.98	  10.18	 -0.006	0.99961							#	   1.48	  21.57	
    322	  -0.80	   9.87	 -0.001	0.99944							#	   1.39	  23.38	
    323	  -0.70	  10.10	  0.000	0.99937							#	   1.49	  22.22	
    324	  -0.38	   9.48	 -0.006	0.99928							#	   1.42	  22.83	
    325	  -0.70	   9.44	  0.001	0.99923							#	   1.35	  23.89	
    326	  -0.75	   9.62	 -0.011	0.99918							#	   1.44	  23.89	
    327	  -1.25	   8.88	  0.003	0.99940							#	   1.31	  24.34	
    328	  -1.02	   8.92	  0.004	0.99951							#	   1.28	  24.75	
    329	  -0.74	   8.84	 -0.003	0.99922							#	   1.29	  24.14	
    330	  -0.51	   8.02	 -0.002	0.99919							#	   1.11	  20.81	
    331	  -0.48	   8.53	  0.001	0.99928							#	   1.21	  27.07	
    332	  -0.56	   8.30	  0.006	0.99923							#	   1.21	  26.67	
    333	  -0.39	   8.67	  0.006	0.99911							#	   1.35	  24.95	
    334	  -0.49	   8.47	 -0.008	0.99928							#	   1.28	  24.90	
    335	  -0.35	   8.94	  0.003	0.99916							#	   1.53	  21.97	
    336	  -0.55	   9.19	 -0.007	0.99908							#	   1.37	  22.17	
    337	  -0.77	   9.69	 -0.010	0.99903							#	   1.59	  19.19	
    338	  -0.75	  10.63	  0.005	0.99893							#	   1.74	  18.84	
    339	  -0.59	  11.50	 -0.012	0.99870							#	   1.86	  19.04	
    340	  -1.07	  11.62	 -0.009	0.99874							#	   1.69	  18.94	
    341	  -0.69	  12.41	  0.001	0.99880							#	   2.04	  15.71	
    342	  -1.06	  12.71	  0.000	0.99865							#	   1.85	  16.36	
    343	  -0.68	  12.90	 -0.021	0.99868							#	   2.13	  14.95	
    344	  -0.35	  12.47	  0.002	0.99843							#	   1.80	  16.21	
    345	  -0.50	  11.94	 -0.000	0.99848							#	   1.73	  16.11	
    346	   0.23	  11.94	  0.004	0.99836							#	   1.75	  15.20	
    347	  -0.03	  11.25	  0.007	0.99813							#	   1.55	  17.22	
    348	  -0.29	  10.91	  0.011	0.99817							#	   1.48	  17.63	
    349	   0.08	  10.26	  0.011	0.99826							#	   1.44	  19.34	
    350	  -0.29	  11.02	  0.012	0.99815							#	   1.63	  19.24	
    351	  -0.60	  11.12	  0.015	0.99791							#	   1.59	  17.02	
    352	  -0.04	  10.94	 -0.005	0.99799							#	   1.75	  19.29	
    353	  -0.66	  10.99	  0.007	0.99806							#	   1.74	  16.82	
    354	  -0.13	  10.74	  0.004	0.99806							#	   1.74	  18.89	
    355	  -0.33	  10.98	  0.022	0.99803							#	   1.84	  17.32	
    356	  -0.14	  10.61	  0.016	0.99783							#	   1.60	  20.86	
    357	  -0.17	  11.05	  0.001	0.99777							#	   1.77	  18.94	
    358	  -0.15	  11.22	  0.017	0.99754							#	   1.87	  18.23	
    359	  -0.03	  12.08	 -0.001	0.99740							#	   2.07	  18.28	
    360	  -0.46	  11.98	 -0.001	0.99743							#	   1.84	  13.84	
    361	   0.06	  11.50	  0.018	0.99743							#	   1.80	  19.14	
    362	  -0.22	  11.14	  0.003	0.99758							#	   1.70	  18.64	
    363	   0.21	  10.74	 -0.002	0.99767							#	   1.69	  18.18	
    364	  -0.24	   9.93	  0.011	0.99759							#	   1.51	  19.75	
    365	  -0.23	   9.99	  0.000	0.99764							#	   1.47	  18.99	
    366	  -0.22	   9.63	  0.006	0.99776							#	   1.57	  18.94	
    367	   0.08	  10.15	 -0.008	0.99757							#	   1.69	  19.29	
    368	  -0.66	  10.27	  0.016	0.99768							#	   1.78	  19.55	
    369	   0.09	  10.75	  0.004	0.99742							#	   2.13	  18.38	
    370	   0.07	  10.91	  0.003	0.99734							#	   1.76	  18.28	
    371	  -0.53	  10.94	  0.012	0.99729							#	   1.94	  18.74	
    372	  -0.33	  11.01	  0.007	0.99727							#	   1.86	  18.54	
    373	  -0.65	  10.89	  0.019	0.99739							#	   1.86	  18.08	
    374	  -0.55	  10.29	  0.012	0.99766							#	   1.76	  18.03	
    375	  -0.44	  10.53	  0.007	0.99740							#	   1.79	  18.74	
    376	  -0.24	   9.99	  0.014	0.99756							#	   1.68	  17.12	
    377	  -0.76	  10.02	  0.009	0.99747							#	   1.74	  17.53	
    378	  -0.76	   9.85	  0.024	0.99744							#	   1.77	  18.64	
    379	  -0.07	   9.88	 -0.000	0.99758							#	   1.90	  18.99	
    380	  -0.30	   9.76	  0.007	0.99771							#	   1.64	  18.18	
    381	  -0.32	   9.57	  0.001	0.99753							#	   1.68	  16.72	
    382	  -0.38	   9.59	  0.008	0.99747							#	   1.67	  16.62	
    383	  -0.51	   9.77	  0.018	0.99756							#	   1.75	  18.03	
    384	  -0.27	   9.70	  0.000	0.99751							#	   1.87	  16.16	
    385	   0.08	   9.34	  0.002	0.99755							#	   1.66	  16.77	
    386	   0.07	   9.74	  0.004	0.99748							#	   1.80	  16.06	
    387	   0.39	   9.55	  0.012	0.99715							#	   1.85	  15.25	
    388	  -0.04	   9.40	  0.002	0.99758							#	   1.64	  14.85	
    389	   0.15	   9.34	  0.014	0.99747							#	   1.81	  16.31	
    390	  -0.12	   8.96	  0.014	0.99755							#	   1.71	  11.16	
    391	   0.42	   8.61	  0.019	0.99779							#	   1.54	  16.67	
    392	   0.67	   8.21	 -0.002	0.99769							#	   1.46	  15.81	
    393	   0.50	   7.85	  0.004	0.99782							#	   1.33	  14.70	
    394	   0.35	   8.28	  0.009	0.99783							#	   1.39	  13.69	
    395	   0.50	   8.32	  0.022	0.99784							#	   1.49	  14.60	
    396	   0.21	   8.63	  0.012	0.99795							#	   1.71	  14.49	
    397	   0.48	   9.67	 -0.003	0.99736							#	   1.96	  13.54	
    398	   0.02	  10.24	  0.021	0.99730							#	   1.99	  12.17	
    399	   0.40	  10.82	 -0.004	0.99709							#	   2.00	  11.11	
    400	   0.87	  10.98	 -0.004	0.99690							#	   2.17	   9.85	
    401	   0.53	  11.59	  0.002	0.99708							#	   2.19	  10.81	
    402	   0.27	  11.45	  0.004	0.99743							#	   2.05	  11.41	
    403	   0.43	  11.30	  0.012	0.99815							#	   2.05	  11.67	
    404	   0.65	  11.08	  0.005	0.99786							#	   1.99	  12.53	
    405	   0.10	  10.21	  0.015	0.99866							#	   1.57	  13.89	
    406	   0.89	   9.59	  0.007	0.99902							#	   1.51	  14.24	
    407	   0.71	   9.22	  0.012	0.99844							#	   1.50	  15.56	
    408	   0.48	   8.35	  0.010	0.99877							#	   1.24	  16.92	
    409	   0.80	   8.22	  0.005	0.99908							#	   1.24	  19.14	
    410	   0.86	   8.33	  0.015	0.99924							#	   1.48	  17.98	
    411	   0.74	   7.67	  0.003	0.99920							#	   1.20	  20.15	
    412	   0.77	   7.53	 -0.005	0.99912							#	   1.28	  17.63	
    413	   0.22	   7.26	  0.006	0.99940							#	   1.22	  19.65	
    414	   0.26	   6.94	  0.007	0.99925							#	   1.13	  20.61	
    415	   0.47	   7.02	  0.008	0.99938							#	   1.09	  19.39	
    416	   0.44	   6.98	  0.004	0.99928							#	   1.21	  20.05	
    417	   0.66	   7.10	 -0.003	0.99926							#	   1.32	  18.28	
    418	   0.45	   7.05	 -0.011	0.99879							#	   1.41	  18.89	
    419	   0.66	   7.80	  0.001	0.99927							#	   1.70	  19.55	
    420	   0.16	   8.20	  0.003	0.99922							#	   1.54	  11.62	
    421	   0.55	   8.30	  0.007	0.99922							#	   1.73	  15.05	
    422	   0.69	   9.15	 -0.013	0.99879							#	   1.91	  16.21	
    423	   0.25	   9.65	  0.009	0.99880							#	   1.82	  13.69	
    424	   0.08	  10.00	 -0.005	0.99885							#	   1.95	  13.79	
    425	   0.34	  10.14	 -0.008	0.99883							#	   2.04	  13.89	
    426	   0.33	   9.99	  0.002	0.99900							#	   1.97	  12.12	
    427	  -0.13	   9.50	 -0.003	0.99848							#	   1.86	  14.04	
    428	  -0.04	   9.66	 -0.004	0.99837							#	   1.92	  13.64	
    429	  -0.32	   9.00	 -0.001	0.99866							#	   1.58	  14.09	
    430	   0.08	   8.72	  0.003	0.99836							#	   1.56	  14.09	
    431	   0.37	   8.04	 -0.001	0.99846							#	   1.41	  15.66	
    432	   0.05	   8.17	 -0.011	0.99859							#	   1.54	  15.66	
    433	   0.46	   7.62	 -0.009	0.99805							#	   1.43	  15.76	
    434	  -0.41	   7.82	 -0.010	0.99868							#	   1.48	  17.47	
    435	   0.25	   7.48	 -0.009	0.99838							#	   1.40	  16.46	
    436	  -0.38	   8.07	 -0.002	0.99852							#	   1.59	  15.35	
    437	   0.67	   8.41	 -0.022	0.99841							#	   1.77	  15.30	
    438	   0.17	   9.02	 -0.017	0.99835							#	   1.94	  13.74	
    439	   0.42	   9.49	 -0.016	0.99823							#	   2.10	  13.54	
    440	   0.21	   9.82	 -0.024	0.99794							#	   1.96	  14.04	
    441	   0.47	  10.46	 -0.015	0.99786							#	   2.28	  13.13	
    442	  -0.30	  10.08	 -0.023	0.99795							#	   1.90	  12.42	
    443	   0.02	   9.12	 -0.017	0.99781							#	   1.68	  13.43	
    444	   0.01	   8.21	 -0.021	0.99806							#	   1.47	  11.67	
    445	   0.02	   7.34	 -0.018	0.99831							#	   1.19	  14.85	
    446	  -0.57	   6.52	 -0.020	0.99868							#	   0.90	  17.63	
    447	  -0.03	   6.24	 -0.024	0.99854							#	   0.88	  14.85	
    448	  -0.20	   6.03	 -0.017	0.99903							#	   0.80	  17.88	
    449	  -0.11	   5.56	 -0.028	0.99871							#	   0.84	  18.18	
    450	   0.18	   5.80	 -0.028	0.99876							#	   1.00	  12.07	
    451	  -0.16	   6.04	 -0.024	0.99875							#	   1.18	  18.38	
    452	  -0.32	   6.75	 -0.024	0.99897							#	   1.39	  15.35	
    453	  -0.05	   5.99	 -0.019	0.99887							#	   1.11	  14.80	
    454	  -0.16	   7.00	 -0.032	0.99869							#	   1.58	  13.79	
    455	  -0.63	   7.01	 -0.026	0.99869							#	   1.15	  15.45	
    456	  -0.20	   6.38	 -0.039	0.99882							#	   1.11	  15.96	
    457	  -0.96	   6.26	 -0.033	0.99866							#	   1.05	  15.25	
    458	  -1.00	   5.64	 -0.035	0.99909							#	   0.82	  12.93	
    459	  -0.48	   4.51	 -0.048	0.99892							#	   0.63	  17.78	
    460	  -0.77	   4.50	 -0.042	0.99879							#	   0.66	  19.60	
    461	  -0.78	   3.75	 -0.026	0.99917							#	   0.48	  21.67	
    462	  -0.59	   2.97	 -0.037	0.99919							#	   0.36	  18.89	
    463	  -1.31	   2.20	 -0.035	0.99938							#	   0.29	  20.86	
    464	  -1.58	   1.86	 -0.029	0.99969							#	   0.27	  23.08	
    465	  -1.64	   1.83	 -0.027	0.99958							#	   0.28	  23.64	
    466	  -1.74	   2.57	 -0.024	0.99961							#	   0.42	  21.72	
    467	  -1.16	   1.79	 -0.025	0.99938							#	   0.30	  22.83	
    468	  -1.27	   1.78	 -0.014	0.99947							#	   0.27	  22.17	
    469	  -1.07	   2.27	 -0.012	0.99916							#	   0.36	  21.87	
    470	  -1.00	   2.04	 -0.013	0.99908							#	   0.31	  19.65	
    471	  -1.22	   1.73	 -0.012	0.99876							#	   0.33	  22.58	
    472	  -0.81	   2.47	 -0.019	0.99861							#	   0.43	  20.51	
    473	  -0.59	   2.30	 -0.021	0.99850							#	   0.43	  20.35	
    474	  -0.55	   2.19	 -0.005	0.99799							#	   0.51	  17.78	
    475	  -0.14	   2.00	 -0.015	0.99772							#	   0.56	  17.98	
    476	   0.66	   2.13	 -0.016	0.99738							#	   0.70	  14.34	
    477	  -0.10	   1.50	  0.004	0.99735							#	   0.69	  13.38	
    478	  -0.29	   1.18	 -0.004	0.99705							#	   0.84	  11.82	
    479	  -0.44	   0.83	 -0.005	0.99718							#	   1.02	  10.86	
    480									skipped		#	   0.95	   5.96	
    481	  -0.34	   0.06	 -0.004	0.99645							#	   1.14	  10.15	
    482	  -0.56	  -1.11	 -0.004	0.99641							#	   1.14	   9.75	
    483	  -0.30	  -1.18	 -0.024	0.99619							#	   1.34	   8.54	
    484	  -0.51	  -2.15	 -0.035	0.99611							#	   1.31	   9.65	
    485	  -1.11	  -2.42	 -0.019	0.99630							#	   1.39	   9.14	
    486	  -0.23	  -2.29	 -0.030	0.99605							#	   1.37	   9.80	
    487									skipped		#	   1.41	   6.46	
    488									skipped		#	   1.41	   7.68	
    489									skipped		#	   1.53	   7.17	
    490									skipped		#	   1.23	   7.02	
    491	  -0.64	  -2.01	 -0.053	0.99611							#	   1.23	   8.48	
    492									skipped		#	   1.17	   7.02	
    493									skipped		#	   1.15	   7.17	
    494									skipped		#	   0.88	   7.53	
    495									skipped		#	   0.88	   6.67	
    496									skipped		#	   0.84	   5.05	
    497	  -1.75	  -0.13	 -0.055	0.99564							#	   0.89	   8.38	
    498	  -1.88	   0.67	 -0.046	0.99556							#	   0.85	   8.99	
    499									skipped		#	   1.12	   7.78	
    500									skipped		#	   1.13	   7.93	
    501									skipped		#	   1.41	   7.78	
    502									skipped		#	   1.31	   7.83	
    503									skipped		#	   1.58	   7.73	
    504									skipped		#	   1.21	   7.78	
    505									skipped		#	   1.44	   7.47	
    506	  -4.79	   3.20	 -0.012	0.99616							#	   1.22	   8.54	
    507									skipped		#	   1.56	   7.73	
    508									skipped		#	   2.13	   6.01	
    509									skipped		#	   2.13	   6.82	
    510									skipped		#	   1.57	   6.31	
    511									skipped		#	   1.25	   7.53	
    512									skipped		#	   1.16	   6.21	
    513									skipped		#	   1.47	   6.06	
    514									skipped		#	   1.52	   6.41	
    515									skipped		#	   1.85	   6.21	
    516									skipped		#	   1.87	   6.82	
    517									skipped		#	   1.99	   6.31	
    518									skipped		#	   1.84	   6.11	
    519									skipped		#	   1.73	   6.31	
    520									skipped		#	   1.79	   6.31	
    521									skipped		#	   1.60	   7.93	
    522									skipped		#	   1.43	   6.62	
    523									skipped		#	   1.18	   7.42	
    524									skipped		#	   1.15	   7.53	
    525	  -3.44	  -4.32	  0.160	0.99624							#	   0.94	   9.80	
    526	  -3.00	  -3.75	  0.167	0.99645							#	   0.86	   9.55	
    527	  -2.26	  -2.88	  0.168	0.99664							#	   0.75	  10.66	
    528	  -1.83	  -2.95	  0.163	0.99669							#	   0.73	  10.30	
    529	  -1.69	  -2.37	  0.178	0.99683							#	   0.72	  10.71	
    530	  -0.80	  -1.98	  0.174	0.99669							#	   0.70	  10.05	
    531	  -0.28	  -1.45	  0.170	0.99678							#	   0.67	   9.55	
    532	   1.08	  -1.42	  0.149	0.99647							#	   0.77	  10.15	
    533	   0.95	  -1.01	  0.134	0.99659							#	   1.08	   9.95	
    534	   1.66	  -0.71	  0.132	0.99652							#	   1.06	   9.80	
    535	   2.26	  -1.45	  0.047	0.99633							#	   1.00	   9.70	
    536	   2.59	  -1.36	  0.034	0.99634							#	   1.10	   9.60	
    537	   3.30	  -1.99	  0.032	0.99628							#	   1.22	   9.60	
    538	   3.80	  -2.30	  0.018	0.99595							#	   1.31	   9.39	
    539	   4.03	  -1.57	 -0.006	0.99584							#	   1.32	   9.29	
    540									skipped		#	   1.57	   7.93	
    541									skipped		#	   1.62	   7.78	
    542									skipped		#	   1.40	   7.47	
    543									skipped		#	   1.46	   7.93	
    544	   5.43	  -5.73	 -0.052	0.99530							#	   1.68	   8.13	
    545									skipped		#	   1.84	   7.17	
    546									skipped		#	   1.84	   7.68	
    547									skipped		#	   1.98	   7.37	
    548									skipped		#	   2.02	   7.12	
    549									skipped		#	   1.93	   5.81	
    550	   6.38	  -6.62	 -0.227	0.99529							#	   1.98	   8.64	
    551	   6.09	  -6.27	 -0.230	0.99532							#	   1.83	   9.09	
    552	   5.80	  -5.44	 -0.248	0.99525							#	   1.67	   8.54	
    553	   6.08	  -4.65	 -0.235	0.99526							#	   1.78	   9.75	
    554	   5.33	  -4.76	 -0.230	0.99595							#	   1.49	   9.14	
    555	   4.66	  -5.07	 -0.235	0.99624							#	   1.18	   9.70	
    556	   4.06	  -4.58	 -0.213	0.99672							#	   1.04	   8.84	
    557	   3.75	  -4.99	 -0.214	0.99734							#	   0.96	   8.23	
    558	   3.34	  -4.99	 -0.211	0.99669							#	   0.89	   9.29	
    559	   2.77	  -5.28	 -0.119	0.99696							#	   0.59	  10.05	
    560	   2.29	  -5.07	 -0.145	0.99742							#	   0.64	   9.85	
    561	   1.68	  -4.46	 -0.140	0.99719							#	   0.59	  10.76	
    562	   1.10	  -4.63	 -0.133	0.99751							#	   0.51	  10.71	
    563	   1.02	  -4.29	 -0.093	0.99754							#	   0.39	  11.06	
    564	   0.31	  -3.82	 -0.098	0.99760							#	   0.51	  11.21	
    565	   0.28	  -3.68	 -0.096	0.99742							#	   0.65	  10.76	
    566	  -0.38	  -3.58	 -0.075	0.99744							#	   0.53	  11.36	
    567	  -0.10	  -2.71	 -0.074	0.99727							#	   0.47	  11.06	
    568	  -1.11	  -2.66	 -0.076	0.99725							#	   0.45	  10.91	
    569	  -0.47	  -1.94	 -0.054	0.99703							#	   0.42	  10.81	
    570	  -0.92	  -1.70	 -0.061	0.99718							#	   0.49	  10.15	
    571	  -1.00	  -1.44	 -0.031	0.99744							#	   0.48	  11.16	
    572	  -1.28	  -1.11	 -0.004	0.99784							#	   0.42	  12.42	
    573	  -0.82	  -0.24	 -0.001	0.99795							#	   0.47	  11.01	
    574	  -0.79	  -0.26	 -0.008	0.99827							#	   0.41	  11.46	
    575	  -1.19	  -0.35	 -0.008	0.99816							#	   0.41	  11.21	
    576	  -1.04	   0.05	 -0.004	0.99814							#	   0.41	  10.66	
    577	  -0.76	  -0.25	 -0.008	0.99838							#	   0.30	  11.92	
    578	  -0.71	  -0.73	 -0.015	0.99850							#	   0.23	  11.72	
    579	  -0.55	  -0.67	  0.009	0.99888							#	   0.19	  12.07	
    580	  -0.66	  -0.78	 -0.010	0.99911							#	   0.18	  11.77	
    581	  -0.68	  -0.67	 -0.015	0.99943							#	   0.16	  13.03	
    582	  -1.03	  -0.66	 -0.007	0.99941							#	   0.19	  12.83	
    583	  -0.87	  -0.56	 -0.010	0.99936							#	   0.15	  12.17	
    584	  -0.61	  -0.62	 -0.019	0.99954							#	   0.12	  13.94	
    585	  -1.04	   0.45	 -0.011	0.99935							#	   0.21	  11.77	
    586	  -1.02	   0.79	 -0.024	0.99922							#	   0.21	  11.82	
    587	  -0.89	   0.88	 -0.024	0.99976							#	   0.19	  13.08	
    588	  -0.75	   0.87	 -0.017	0.99956							#	   0.15	  12.88	
    589	  -0.85	   1.04	 -0.034	1.00003							#	   0.16	  12.63	
    590	  -0.87	   1.47	 -0.037	0.99985							#	   0.19	  12.98	
    591	  -0.65	   2.17	 -0.045	0.99945							#	   0.29	  12.22	
    592	  -0.82	   2.49	 -0.041	0.99952							#	   0.32	  12.42	
    593	  -0.95	   2.38	 -0.035	0.99965							#	   0.31	  11.36	
    594	  -0.63	   2.58	 -0.044	0.99961							#	   0.32	  12.12	
    595	  -0.70	   2.26	 -0.041	1.00021							#	   0.26	  11.77	
    596	  -0.92	   1.41	 -0.040	1.00001							#	   0.17	  13.38	
    597	  -0.99	   0.67	 -0.039	1.00016							#	   0.13	  14.39	
    598	  -1.01	   0.58	 -0.049	1.00030							#	   0.18	  13.89	
    599	  -0.76	   0.08	 -0.039	1.00017							#	   0.12	  15.56	
    600	  -2.66	   3.31	 -0.051	1.00039							#	   0.89	  10.30	
    601	  -3.12	   5.04	 -0.039	0.96369							#	  43.96	   8.84	
    602									skipped		#	  10.83	   4.29	
    603									skipped		#	   8.93	   0.15	
    604									skipped		#	  12.49	   0.10	
    605									skipped		#	  11.29	   0.30	
    606									skipped		#	   9.50	   1.11	
    607	   9.20	 -10.89	 -0.021	1.00026							#	   0.39	  32.68	
    608	   6.80	 -12.17	 -0.023	1.00044							#	   0.35	  34.55	
    609	   6.93	 -11.94	 -0.005	1.00042							#	   0.36	  35.61	
    610	   4.69	  -9.06	  0.020	1.00031							#	   0.18	  36.97	
    611	   0.58	  -1.33	 -0.002	1.00009							#	   0.01	  41.31	
    612	   0.19	  -0.52	 -0.020	1.00022							#	   0.02	  46.41	
    613	   0.10	  -0.86	 -0.021	1.00010							#	   0.02	  46.46	
    614	  -0.33	  -0.86	 -0.023	1.00005							#	   0.02	  48.13	
    615	  -0.27	  -0.57	 -0.014	1.00020							#	   0.03	  47.98	
    616	  -0.32	  -1.20	 -0.016	1.00011							#	   0.08	  48.99	
    617	  -0.20	  -0.99	 -0.017	1.00016							#	   0.06	  50.45	
    618	  -0.42	  -0.84	 -0.004	1.00013							#	   0.06	  49.39	
    619	  -0.24	  -0.53	 -0.012	1.00018							#	   0.04	  49.80	
    620	  -0.30	  -0.50	 -0.008	1.00018							#	   0.05	  50.40	
    621	  -0.38	  -0.39	 -0.015	1.00025							#	   0.05	  51.36	
    622	  -0.25	  -0.82	 -0.014	1.00028							#	   0.06	  51.21	
    623	  -0.44	  -0.58	 -0.005	1.00021							#	   0.06	  48.99	
    624	   0.32	  -0.74	  0.005	1.00017							#	   0.05	  50.66	
    625	  -0.02	  -0.74	 -0.009	1.00015							#	   0.05	  51.36	
    626	   0.01	  -0.55	 -0.005	1.00010							#	   0.04	  51.11	
    627	  -0.39	  -0.53	 -0.012	0.99996							#	   0.05	  50.10	
    628	  -0.32	  -0.78	 -0.000	0.99999							#	   0.05	  50.10	
    629	  -0.00	  -0.31	 -0.009	0.99994							#	   0.03	  52.98	
    630	  -0.77	  -1.38	  0.005	0.99978							#	   0.15	  45.25	
    631	  -0.54	  -1.05	  0.006	1.00007							#	   0.08	  50.81	
    632	  -0.32	  -0.83	 -0.005	1.00001							#	   0.05	  50.71	
    633	  -0.96	  -1.40	  0.008	1.00000							#	   0.13	  49.39	
    634	  -1.01	  -1.16	  0.005	0.99998							#	   0.11	  50.71	
    635	  -0.44	  -1.03	 -0.009	0.99979							#	   0.07	  49.80	
    636	  -0.51	  -1.20	 -0.000	0.99982							#	   0.08	  47.78	
    637	   0.08	  -0.94	 -0.011	0.99976							#	   0.05	  53.08	
    638	  -0.46	  -0.65	 -0.008	0.99971							#	   0.05	  51.26	
    639	  -0.04	  -1.31	 -0.013	0.99988							#	   0.07	  53.13	
    640	  -0.06	  -1.18	 -0.008	0.99996							#	   0.07	  52.32	
    641	   0.15	  -1.14	 -0.026	0.99986							#	   0.06	  53.03	
    642	  -0.06	  -1.45	 -0.009	0.99988							#	   0.08	  52.63	
    643	   0.18	  -0.98	 -0.013	0.99978							#	   0.06	  51.82	
    644	   0.60	  -0.55	 -0.020	0.99971							#	   0.06	  51.31	
    645	   0.32	  -0.88	 -0.019	0.99967							#	   0.07	  50.71	
    646	   2.83	  -3.31	 -0.021	0.99931							#	   0.62	  48.99	
    647	   1.63	  -1.51	 -0.023	0.99973							#	   0.20	  49.70	
    648	   1.02	  -1.07	 -0.025	0.99960							#	   0.11	  50.15	
    649	   1.17	  -1.01	 -0.024	0.99952							#	   0.13	  50.20	
    650	   0.50	  -1.31	 -0.022	0.99966							#	   0.09	  50.05	
    651	   1.06	  -2.06	 -0.033	0.99971							#	   0.19	  50.86	
    652	   0.58	  -1.08	 -0.029	0.99972							#	   0.09	  51.67	
    653	   1.43	  -1.83	 -0.029	0.99961							#	   0.20	  50.05	
    654	   1.28	  -0.93	 -0.032	0.99959							#	   0.13	  50.20	
    655	   1.57	  -1.61	 -0.029	0.99972							#	   0.20	  50.15	
    656	   1.16	  -1.93	 -0.014	0.99968							#	   0.17	  51.01	
    657	   1.26	  -1.44	 -0.038	0.99966							#	   0.16	  50.15	
    658	   1.32	  -1.15	 -0.021	0.99964							#	   0.14	  49.55	
    659	   1.08	  -1.90	 -0.036	0.99958							#	   0.17	  48.64	
    660	   1.94	  -1.17	 -0.017	0.99967							#	   0.26	  45.00	
    661	   1.42	  -1.72	 -0.027	0.99961							#	   0.19	  51.41	
    662	   1.13	  -1.25	 -0.024	0.99967							#	   0.12	  49.44	
    663	   0.90	  -1.43	 -0.024	0.99969							#	   0.12	  50.51	
    664	   1.23	  -1.22	 -0.011	0.99990							#	   0.12	  50.61	
    665	   1.26	  -1.23	 -0.031	0.99988							#	   0.13	  51.72	
    666	   0.79	  -1.23	 -0.017	0.99982							#	   0.09	  52.63	
    667	   1.41	  -1.49	 -0.025	0.99979							#	   0.15	  51.11	
    668	   1.38	  -0.70	 -0.017	0.99965							#	   0.12	  52.98	
    669	   1.43	  -1.05	 -0.017	0.99976							#	   0.13	  51.52	
    670	   1.29	  -0.47	 -0.014	0.99965							#	   0.10	  51.92	
    671	   1.47	  -0.93	 -0.017	0.99975							#	   0.14	  51.26	
    672	   1.14	  -0.48	 -0.026	0.99967							#	   0.09	  51.57	
    673	   1.49	  -0.60	 -0.020	0.99967							#	   0.13	  52.53	
    674	   0.98	  -0.33	 -0.022	0.99971							#	   0.08	  52.73	
    675	   1.79	  -0.23	 -0.024	0.99976							#	   0.17	  51.77	
    676	   1.30	   0.32	 -0.025	0.99978							#	   0.11	  51.57	
    677	   1.62	  -0.02	 -0.024	0.99983							#	   0.15	  52.27	
    678	   1.32	   0.06	 -0.025	0.99986							#	   0.11	  51.57	
    679	   1.10	  -0.36	 -0.028	0.99996							#	   0.09	  51.72	
    680	   1.42	  -0.24	 -0.027	0.99999							#	   0.12	  50.45	
    681	   1.24	   0.07	 -0.027	0.99995							#	   0.11	  51.31	
    682	   0.72	   0.44	 -0.029	0.99989							#	   0.07	  52.22	
    683	   1.37	  -0.32	 -0.032	0.99981							#	   0.12	  51.62	
    684	   1.21	  -0.67	 -0.034	0.99979							#	   0.11	  51.62	
    685	   0.86	  -0.22	 -0.018	0.99986							#	   0.07	  54.39	
    686	   1.39	   0.29	 -0.021	0.99986							#	   0.13	  52.12	
    687	   1.39	   0.36	 -0.027	0.99992							#	   0.13	  52.83	
    688	   1.43	   0.74	 -0.034	0.99989							#	   0.15	  51.77	
    689	   0.95	   1.20	 -0.016	0.99996							#	   0.11	  54.04	
    690	   0.34	   0.74	 -0.029	1.00003							#	   0.09	  47.53	
    691	   0.19	   0.61	 -0.023	1.00005							#	   0.04	  54.55	
    692	   0.57	  -0.05	 -0.020	1.00006							#	   0.05	  53.38	
    693	   0.04	   0.93	 -0.024	1.00015							#	   0.05	  54.09	
    694	  -0.32	   0.51	 -0.020	1.00024							#	   0.04	  53.48	
    695	  -0.71	   0.45	 -0.029	1.00024							#	   0.06	  52.53	
    696	  -0.74	   0.53	 -0.023	1.00014							#	   0.06	  50.96	
    697	  -0.21	   0.55	 -0.030	1.00000							#	   0.04	  53.64	
    698	   0.48	   0.55	 -0.031	0.99999							#	   0.06	  52.93	
    699	   0.89	   0.24	 -0.017	0.99999							#	   0.07	  53.89	
    700	   0.39	   0.41	 -0.024	1.00019							#	   0.05	  53.13	
    701	   0.12	   0.77	 -0.026	1.00006							#	   0.05	  54.80	
    702	  -1.09	   0.29	 -0.026	1.00028							#	   0.09	  52.88	
    703	   0.08	  -0.04	 -0.025	1.00009							#	   0.03	  55.15	
    704	  -0.24	   0.72	 -0.023	1.00012							#	   0.05	  54.09	
    705	  -0.14	   0.92	 -0.032	1.00014							#	   0.05	  54.39	
    706	  -0.66	   2.65	 -0.025	1.00016							#	   0.22	  51.57	
    707	  -1.00	   0.47	 -0.026	1.00004							#	   0.07	  52.73	
    708	  -0.72	   0.94	 -0.030	1.00013							#	   0.08	  50.45	
    709	   0.55	   1.17	 -0.022	1.00021							#	   0.08	  50.25	
    710	   0.46	   0.29	 -0.023	1.00002							#	   0.06	  51.01	
    711	  -0.20	   1.18	 -0.017	0.99995							#	   0.10	  45.15	
    712	   0.40	  -0.84	 -0.012	1.00023							#	   0.06	  50.40	
    713	  -0.44	   0.13	 -0.005	1.00014							#	   0.04	  51.01	
    714	   0.04	   0.46	 -0.002	1.00014							#	   0.04	  52.42	
    715	  -0.37	   1.09	 -0.002	1.00004							#	   0.07	  50.00	
    716	   0.04	  -0.71	 -0.006	1.00027							#	   0.05	  51.16	
    717	  -0.64	   1.02	 -0.010	1.00022							#	   0.07	  49.95	
    718	  -0.14	   0.00	  0.001	1.00030							#	   0.04	  52.42	
    719	  -0.87	  -0.15	  0.000	1.00021							#	   0.07	  51.62	
    720	  -1.07	   0.53	 -0.017	1.00016							#	   0.14	  44.65	
    721	  -0.82	  -0.93	 -0.005	1.00012							#	   0.09	  51.36	
    722	  -1.10	   0.76	 -0.005	0.99999							#	   0.10	  50.61	
    723	  -0.50	  -0.21	 -0.004	1.00016							#	   0.05	  52.17	
    724	   0.22	   0.18	 -0.010	1.00007							#	   0.04	  52.98	
    725	  -0.92	   0.09	 -0.009	0.99979							#	   0.06	  43.89	
