      1	   0.35	   0.29	  0.000	1.00001							#	   0.02	  82.83	
      2	   0.06	  -0.12	  0.002	1.00007							#	   0.07	  75.00	
      3	   1.09	  -0.11	  0.014	1.00020							#	   0.12	  72.53	
      4	   1.41	   0.07	  0.014	1.00006							#	   0.19	  78.99	
      5	   2.73	  -0.34	  0.005	0.99997							#	   0.52	  78.59	
      6	   1.37	   0.61	  0.037	0.99992							#	   0.19	  76.82	
      7	   0.95	  -1.48	  0.037	0.99998							#	   0.21	  80.20	
      8	   1.22	  -1.26	  0.033	1.00000							#	   0.21	  79.24	
      9	   1.07	  -1.35	  0.028	0.99993							#	   0.21	  80.35	
     10	   1.21	  -1.04	  0.030	0.99975							#	   0.22	  79.29	
     11	   1.51	  -1.54	  0.028	0.99973							#	   0.29	  77.58	
     12	   0.63	  -2.51	  0.029	0.99995							#	   0.33	  82.02	
     13	   0.42	  -0.72	  0.030	1.00007							#	   0.11	  84.39	
     14	   0.49	  -1.78	  0.024	1.00001							#	   0.20	  81.72	
     15	   0.78	  -1.94	  0.021	1.00003							#	   0.21	  83.08	
     16	   1.29	  -1.02	  0.023	0.99993							#	   0.19	  82.58	
     17	   1.11	  -2.19	  0.024	0.99993							#	   0.30	  81.36	
     18	   1.19	  -1.15	  0.025	1.00002							#	   0.18	  82.27	
     19	   0.41	  -1.68	  0.013	0.99997							#	   0.16	  84.75	
     20	   1.38	  -1.63	  0.015	1.00013							#	   0.22	  82.27	
     21	   2.26	  -1.05	  0.012	0.99995							#	   0.35	  83.48	
     22	   2.78	  -3.02	  0.008	1.00005							#	   0.72	  76.41	
     23	   2.53	  -1.94	  0.008	0.99997							#	   0.55	  72.12	
     24	   1.83	  -1.35	  0.003	1.00006							#	   0.37	  64.14	
     25	   2.25	  -1.64	  0.001	0.99995							#	   0.44	  73.23	
     26	   2.33	  -2.15	 -0.013	0.99995							#	   0.54	  70.66	
     27	   2.25	  -1.49	 -0.003	0.99999							#	   0.47	  72.53	
     28	   2.08	  -1.50	 -0.017	0.99996							#	   0.43	  67.27	
     29	   2.91	  -0.28	 -0.007	1.00005							#	   0.53	  73.28	
     30	   2.73	  -0.95	 -0.002	0.99997							#	   0.51	  68.18	
     31	   2.44	  -0.80	 -0.020	1.00002							#	   0.38	  73.89	
     32	   2.61	  -2.11	 -0.023	1.00002							#	   0.50	  74.75	
     33	   2.33	  -3.95	 -0.016	0.99993							#	   0.71	  72.83	
     34	   2.39	  -4.65	 -0.017	1.00000							#	   0.93	  67.53	
     35	   2.63	  -4.42	 -0.019	0.99984							#	   0.81	  64.04	
     36	   1.58	  -4.74	 -0.018	0.99963							#	   0.76	  64.34	
     37	   2.74	  -6.39	 -0.018	0.99998							#	   1.39	  65.35	
     38	   3.01	  -5.87	 -0.021	1.00006							#	   0.87	  70.96	
     39	   2.13	  -6.74	 -0.020	0.99999							#	   1.08	  75.51	
     40	   2.70	  -6.77	 -0.022	1.00013							#	   1.12	  77.27	
     41	   3.14	  -6.50	 -0.023	1.00007							#	   1.13	  77.12	
     42	   2.88	  -6.59	 -0.022	0.99999							#	   1.02	  78.69	
     43	   3.12	  -5.47	 -0.019	1.00003							#	   0.81	  77.68	
     44	   3.22	  -5.12	 -0.033	1.00018							#	   0.77	  79.24	
     45	   3.26	  -5.07	 -0.023	1.00034							#	   0.79	  71.06	
     46	   2.59	  -5.03	 -0.029	0.99938							#	   0.72	  59.14	
     47	   2.36	  -4.78	 -0.035	0.99959							#	   0.70	  53.59	
     48	   2.77	  -3.88	 -0.033	0.99991							#	   0.78	  56.16	
     49	   3.15	  -5.61	 -0.028	0.99977							#	   1.20	  60.81	
     50	   2.89	  -5.56	 -0.042	0.99985							#	   0.85	  65.96	
     51	   3.68	  -5.51	 -0.039	1.00004							#	   1.11	  67.68	
     52	   3.43	  -5.55	 -0.046	1.00017							#	   0.88	  71.52	
     53	   3.54	  -4.74	 -0.036	1.00011							#	   0.81	  81.52	
     54	   3.34	  -5.43	 -0.040	1.00002							#	   0.99	  75.81	
     55	   3.41	  -5.99	 -0.047	0.99997							#	   1.12	  67.22	
     56	   3.36	  -5.95	 -0.050	1.00005							#	   0.98	  71.11	
     57	   2.54	  -5.05	 -0.041	1.00015							#	   0.70	  80.35	
     58	   3.33	  -6.61	 -0.054	1.00007							#	   1.13	  76.57	
     59	   4.48	  -5.35	 -0.046	1.00019							#	   1.03	  77.12	
     60	   3.69	  -6.34	 -0.056	1.00002							#	   1.14	  71.21	
     61	   3.91	  -7.82	 -0.057	1.00008							#	   1.41	  74.60	
     62	   4.05	  -6.20	 -0.051	1.00010							#	   0.96	  76.06	
     63	   3.55	  -8.06	 -0.042	1.00006							#	   1.32	  68.23	
     64	   3.93	  -7.73	 -0.061	1.00010							#	   1.27	  64.95	
     65	   3.08	  -7.59	 -0.050	1.00011							#	   1.12	  65.56	
     66	   4.03	  -7.45	 -0.043	1.00036							#	   1.36	  54.55	
     67	   3.74	  -8.18	 -0.048	0.99994							#	   1.09	  62.02	
     68	   3.96	  -7.51	 -0.051	1.00015							#	   1.08	  61.57	
     69	   2.85	  -7.17	 -0.044	1.00011							#	   0.90	  59.24	
     70	   3.82	  -8.25	 -0.055	0.99986							#	   1.18	  64.09	
     71	   2.84	  -7.59	 -0.041	1.00018							#	   1.00	  63.23	
     72	   3.53	  -7.64	 -0.050	0.99995							#	   1.18	  67.63	
     73	   3.10	  -8.26	 -0.049	1.00000							#	   1.18	  61.11	
     74	   2.92	  -6.77	 -0.052	1.00010							#	   0.89	  66.82	
     75	   3.03	  -7.88	 -0.055	1.00000							#	   1.12	  67.17	
     76	   2.90	  -6.84	 -0.041	1.00008							#	   0.88	  68.48	
     77	   2.53	  -8.18	 -0.057	1.00000							#	   1.07	  67.73	
     78	   2.78	  -8.19	 -0.044	1.00006							#	   1.10	  66.92	
     79	   3.07	  -8.17	 -0.048	1.00002							#	   1.16	  69.65	
     80	   2.95	  -8.37	 -0.055	1.00021							#	   1.23	  65.25	
     81	   3.93	  -6.72	 -0.043	1.00008							#	   1.12	  62.98	
     82	   3.20	  -7.27	 -0.040	0.99995							#	   1.07	  69.19	
     83	   2.50	  -8.82	 -0.053	0.99996							#	   1.34	  62.07	
     84	   2.95	  -7.48	 -0.050	1.00008							#	   0.90	  71.97	
     85	   2.82	  -8.32	 -0.039	1.00006							#	   1.13	  66.52	
     86	   2.98	  -7.82	 -0.039	1.00009							#	   1.08	  60.25	
     87	   1.97	  -9.82	 -0.049	0.99982							#	   1.30	  60.25	
     88	   2.40	  -8.75	 -0.042	1.00027							#	   1.03	  66.31	
     89	   2.84	  -9.20	 -0.035	1.00030							#	   1.31	  61.57	
     90	   2.27	  -8.08	 -0.040	1.00008							#	   1.03	  58.18	
     91	   2.51	  -9.50	 -0.040	1.00027							#	   1.38	  66.11	
     92	   2.81	  -8.17	 -0.033	0.99997							#	   0.99	  65.00	
     93	   2.47	  -8.52	 -0.040	1.00010							#	   1.06	  64.49	
     94	   1.84	  -6.88	 -0.028	1.00005							#	   0.67	  68.89	
     95	   2.31	  -7.80	 -0.035	1.00015							#	   0.89	  71.52	
     96	   2.28	  -7.27	 -0.035	0.99996							#	   0.84	  72.27	
     97	   2.04	  -8.56	 -0.038	0.99994							#	   1.18	  68.69	
     98	   2.20	  -8.61	 -0.036	1.00008							#	   1.14	  66.06	
     99	   1.81	  -8.04	 -0.039	1.00002							#	   1.07	  71.06	
    100	   2.67	  -9.09	 -0.036	1.00027							#	   1.49	  61.16	
    101	   1.89	  -8.60	 -0.032	1.00019							#	   0.99	  61.31	
    102	   1.72	  -9.11	 -0.036	1.00019							#	   1.11	  63.89	
    103	   2.67	  -7.80	 -0.038	1.00020							#	   0.92	  67.42	
    104	   1.82	  -8.94	 -0.022	0.99998							#	   1.09	  65.10	
    105	   1.76	  -9.51	 -0.042	1.00023							#	   1.19	  64.90	
    106	   2.31	  -9.53	 -0.035	1.00009							#	   1.32	  64.14	
    107	   2.02	  -9.92	 -0.029	1.00000							#	   1.38	  63.69	
    108	   2.02	 -10.77	 -0.036	0.99992							#	   1.47	  58.43	
    109	   1.92	 -11.10	 -0.040	1.00005							#	   1.37	  62.07	
    110	   1.93	 -10.47	 -0.030	1.00014							#	   1.31	  60.20	
    111	   2.62	 -11.23	 -0.046	1.00020							#	   1.44	  61.52	
    112	   2.47	 -10.08	 -0.031	1.00005							#	   1.30	  60.81	
    113	   2.10	 -11.10	 -0.029	0.99998							#	   1.50	  57.47	
    114	   2.38	 -10.48	 -0.038	1.00001							#	   1.28	  54.95	
    115	   1.73	 -10.30	 -0.030	0.99995							#	   1.21	  53.23	
    116	   2.53	  -9.96	 -0.030	1.00018							#	   1.25	  58.28	
    117	   1.41	 -10.14	 -0.041	1.00002							#	   1.13	  69.04	
    118	   2.44	  -9.54	 -0.043	1.00023							#	   1.15	  68.94	
    119	   2.22	  -9.34	 -0.038	0.99997							#	   1.09	  74.55	
    120	   1.90	  -9.70	 -0.042	1.00011							#	   1.25	  65.96	
    121	   1.73	  -9.15	 -0.043	0.99987							#	   1.04	  74.29	
    122	   1.63	  -9.71	 -0.047	1.00006							#	   1.25	  73.94	
    123	   2.48	  -9.32	 -0.042	1.00005							#	   1.17	  69.75	
    124	   2.09	 -11.79	 -0.039	1.00027							#	   1.84	  57.58	
    125	   1.23	  -9.83	 -0.046	0.99973							#	   1.03	  56.72	
    126	   3.41	  -9.46	 -0.042	1.00011							#	   1.24	  60.91	
    127	   2.24	  -8.84	 -0.041	0.99999							#	   0.99	  66.72	
    128	   2.32	 -10.77	 -0.050	1.00002							#	   1.28	  60.10	
    129	   2.80	  -7.53	 -0.043	0.99995							#	   0.79	  59.34	
    130	   3.71	  -7.12	 -0.038	1.00019							#	   0.91	  54.39	
    131	   3.35	  -7.60	 -0.046	1.00026							#	   0.93	  63.64	
    132	   3.97	  -7.87	 -0.050	1.00005							#	   0.97	  70.86	
    133	   3.52	  -7.97	 -0.037	1.00009							#	   0.95	  75.45	
    134	   4.01	  -8.61	 -0.042	1.00003							#	   1.30	  75.15	
    135	   3.31	  -8.54	 -0.050	1.00006							#	   1.15	  73.08	
    136	   4.09	  -8.31	 -0.058	1.00010							#	   1.20	  70.56	
    137	   3.97	  -8.21	 -0.046	0.99994							#	   1.15	  68.54	
    138	   4.71	  -6.22	 -0.044	0.99991							#	   0.91	  65.25	
    139	   5.86	  -5.53	 -0.046	1.00030							#	   1.16	  56.06	
    140	   8.14	  -4.70	 -0.047	1.00039							#	   1.65	  49.39	
    141	  10.18	  -4.31	 -0.059	1.00075							#	   1.92	  45.56	
    142	  12.65	  -2.97	 -0.047	1.00007							#	   2.05	  45.91	
    143	  12.52	  -4.16	 -0.058	1.00003							#	   1.75	  43.64	
    144	  12.67	  -3.90	 -0.070	1.00016							#	   2.05	  44.80	
    145	  12.74	  -3.80	 -0.055	1.00012							#	   1.96	  46.31	
    146	  12.52	  -4.56	 -0.066	1.00027							#	   2.12	  42.12	
    147	  12.61	  -4.47	 -0.068	0.99985							#	   2.02	  40.71	
    148	  13.63	  -5.46	 -0.078	1.00056							#	   2.37	  43.13	
    149	  12.36	  -5.08	 -0.075	1.00056							#	   1.66	  42.98	
    150	  11.71	  -5.26	 -0.064	1.00038							#	   1.57	  42.63	
    151	  11.61	  -5.05	 -0.068	1.00042							#	   1.55	  54.70	
    152	  10.71	  -6.11	 -0.069	1.00030							#	   1.36	  56.36	
    153	   9.64	  -4.30	 -0.065	1.00045							#	   1.07	  59.44	
    154	   8.89	  -6.07	 -0.070	1.00013							#	   1.10	  69.80	
    155	   8.35	  -5.77	 -0.060	1.00011							#	   0.97	  67.93	
    156	   7.36	  -4.91	 -0.069	1.00000							#	   0.81	  67.47	
    157	   6.85	  -5.08	 -0.059	1.00008							#	   0.78	  64.39	
    158	   6.98	  -4.51	 -0.059	1.00021							#	   0.97	  59.70	
    159	   6.16	  -4.14	 -0.072	1.00009							#	   0.83	  66.06	
    160	   6.16	  -4.52	 -0.071	1.00004							#	   0.89	  72.83	
    161	   6.42	  -4.08	 -0.078	1.00001							#	   0.98	  72.37	
    162	   7.37	  -3.19	 -0.068	1.00070							#	   1.19	  66.92	
    163	   7.16	  -1.85	 -0.069	1.00019							#	   1.04	  61.01	
    164	   6.68	  -0.82	 -0.077	1.00022							#	   1.05	  56.72	
    165	   7.19	   0.87	 -0.083	1.00006							#	   1.34	  50.81	
    166	   7.42	  -0.45	 -0.050	0.99945							#	   1.21	  46.06	
    167	   8.50	  -1.02	 -0.052	0.99986							#	   1.59	  47.32	
    168	   8.45	   0.46	 -0.053	0.99955							#	   1.37	  47.53	
    169	   9.74	   0.02	 -0.059	1.00022							#	   1.70	  49.85	
    170	  10.70	   1.05	 -0.068	0.99984							#	   1.69	  52.78	
    171	  10.01	  -0.52	 -0.063	1.00013							#	   1.36	  51.77	
    172	  10.73	   0.77	 -0.066	1.00014							#	   1.75	  47.78	
    173	  10.77	   1.39	 -0.077	0.99988							#	   1.77	  44.75	
    174	  10.66	   1.06	 -0.068	0.99974							#	   1.59	  49.29	
    175	  11.50	   0.94	 -0.070	1.00008							#	   1.74	  55.81	
    176	  10.92	   1.04	 -0.067	0.99988							#	   1.55	  56.11	
    177	  10.67	   0.57	 -0.068	0.99974							#	   1.49	  51.67	
    178	  10.77	   1.01	 -0.079	0.99986							#	   1.74	  49.04	
    179	  10.39	   0.55	 -0.062	0.99982							#	   1.51	  49.70	
    180	  10.51	   1.06	 -0.073	0.99974							#	   1.73	  47.83	
    181	  10.75	   0.36	 -0.065	0.99998							#	   1.69	  49.39	
    182	  10.16	   0.60	 -0.068	0.99996							#	   1.59	  46.72	
    183	  11.25	   0.67	 -0.066	1.00021							#	   2.00	  45.15	
    184	  10.65	   0.66	 -0.064	1.00008							#	   1.54	  48.28	
    185	  11.17	   0.54	 -0.049	1.00016							#	   1.80	  52.37	
    186	  10.57	  -0.40	 -0.065	0.99980							#	   1.63	  52.17	
    187	  10.78	  -0.76	 -0.057	0.99965							#	   1.62	  54.95	
    188	  10.43	  -0.51	 -0.063	1.00018							#	   1.62	  48.94	
    189	  10.85	   0.63	 -0.061	0.99990							#	   1.82	  48.99	
    190	  10.10	  -0.64	 -0.050	0.99988							#	   1.59	  44.95	
    191	  10.21	   1.15	 -0.056	0.99977							#	   1.79	  49.65	
    192	  10.28	  -0.38	 -0.053	0.99970							#	   1.56	  53.79	
    193	   9.88	   0.12	 -0.050	0.99969							#	   1.46	  53.18	
    194	  11.11	   0.87	 -0.047	0.99988							#	   1.92	  51.67	
    195	   9.79	   0.81	 -0.050	0.99951							#	   1.41	  41.87	
    196	  11.17	  -0.06	 -0.056	0.99983							#	   1.79	  48.43	
    197	  11.22	   0.55	 -0.045	0.99972							#	   1.78	  46.06	
    198	  11.53	   0.08	 -0.052	0.99983							#	   1.88	  45.86	
    199	  11.93	   0.58	 -0.051	1.00006							#	   1.97	  49.39	
    200	  11.19	   1.39	 -0.056	0.99990							#	   1.87	  47.07	
    201	  11.36	   0.51	 -0.054	0.99992							#	   1.75	  45.10	
    202	  11.67	   2.20	 -0.052	1.00016							#	   1.87	  53.38	
    203	  10.44	   0.60	 -0.052	0.99970							#	   1.50	  49.44	
    204	  11.01	   0.88	 -0.061	0.99968							#	   1.77	  45.71	
    205	  10.87	   0.83	 -0.058	0.99957							#	   1.66	  49.75	
    206	  10.89	   1.42	 -0.064	0.99998							#	   1.79	  47.12	
    207	  10.40	   1.78	 -0.062	0.99954							#	   1.60	  48.48	
    208	  10.60	   1.57	 -0.053	0.99959							#	   1.67	  48.54	
    209	  10.92	   1.81	 -0.063	0.99956							#	   1.74	  46.97	
    210	  10.79	   3.26	 -0.062	0.99956							#	   1.83	  48.84	
    211	  10.02	   1.17	 -0.060	0.99926							#	   1.59	  52.98	
    212	   9.76	   3.25	 -0.044	0.99921							#	   1.75	  47.53	
    213	  10.76	   2.68	 -0.058	0.99939							#	   1.79	  50.91	
    214	   9.83	   3.05	 -0.055	0.99950							#	   1.54	  51.26	
    215	  10.26	   3.33	 -0.054	0.99950							#	   1.67	  51.26	
    216	   9.60	   2.48	 -0.056	0.99964							#	   1.49	  47.73	
    217	   9.29	   5.00	 -0.046	0.99979							#	   1.77	  57.12	
    218	   9.17	   3.99	 -0.049	0.99997							#	   1.50	  62.27	
    219	   8.46	   4.95	 -0.048	0.99979							#	   1.55	  61.01	
    220	   8.20	   5.51	 -0.040	0.99983							#	   1.49	  59.29	
    221	   8.06	   5.47	 -0.047	1.00004							#	   1.48	  58.43	
    222	   7.20	   6.86	 -0.049	0.99997							#	   1.58	  60.05	
    223	   7.10	   5.10	 -0.040	0.99996							#	   1.41	  66.97	
    224	   6.76	   5.98	 -0.047	0.99995							#	   1.48	  68.38	
    225	   6.55	   5.49	 -0.039	0.99995							#	   1.38	  68.59	
    226	   6.75	   5.28	 -0.053	1.00011							#	   1.39	  65.25	
    227	   6.45	   5.81	 -0.050	1.00007							#	   1.44	  64.55	
    228	   5.74	   4.55	 -0.049	0.99997							#	   1.09	  71.31	
    229	   5.68	   3.71	 -0.040	1.00002							#	   0.89	  81.11	
    230	   5.59	   6.03	 -0.050	1.00003							#	   1.29	  77.42	
    231	   5.26	   4.64	 -0.040	1.00000							#	   0.91	  77.58	
    232	   4.33	   5.52	 -0.040	0.99999							#	   0.95	  81.26	
    233	   4.63	   4.29	 -0.033	1.00007							#	   0.94	  83.33	
    234	   4.47	   3.44	 -0.043	1.00007							#	   0.77	  84.80	
    235	   3.73	   3.65	 -0.043	1.00008							#	   0.65	  84.39	
    236	   4.61	   4.16	 -0.038	0.99992							#	   1.08	  81.87	
    237	   3.35	   3.92	 -0.031	1.00006							#	   0.71	  82.53	
    238	   3.97	   4.26	 -0.037	1.00002							#	   0.98	  83.69	
    239	   4.22	   5.03	 -0.030	0.99913							#	   1.30	  73.43	
    240	   3.35	   4.09	 -0.037	0.99985							#	   0.80	  59.65	
    241	   3.26	   4.37	 -0.028	0.99957							#	   0.86	  66.72	
    242	   3.01	   4.69	 -0.031	0.99987							#	   0.85	  79.70	
    243	   3.44	   3.85	 -0.022	0.99997							#	   0.73	  83.33	
    244	   3.36	   4.73	 -0.028	1.00002							#	   0.86	  83.54	
    245	   3.33	   4.80	 -0.025	0.99996							#	   0.94	  83.84	
    246	   3.85	   5.14	 -0.030	0.99995							#	   1.28	  79.80	
    247	   3.61	   6.77	 -0.023	0.99992							#	   1.48	  70.45	
    248	   4.03	   7.57	 -0.017	0.99990							#	   1.47	  70.66	
    249	   3.17	   8.79	 -0.017	0.99987							#	   1.55	  66.92	
    250	   3.32	   7.33	 -0.014	0.99992							#	   1.20	  75.56	
    251	   2.90	  10.45	 -0.014	0.99978							#	   1.97	  66.52	
    252	   3.55	   9.82	 -0.007	0.99985							#	   1.48	  62.83	
    253	   3.57	   9.88	 -0.018	0.99987							#	   1.71	  63.89	
    254	   4.37	  11.23	 -0.013	0.99975							#	   2.30	  61.82	
    255	   3.75	  11.23	 -0.011	0.99984							#	   1.86	  59.75	
    256	   4.12	  11.20	 -0.006	0.99974							#	   2.08	  61.97	
    257	   4.32	  11.25	 -0.011	0.99964							#	   2.09	  55.56	
    258	   3.73	  10.72	  0.001	0.99981							#	   1.84	  61.72	
    259	   3.92	  11.16	 -0.008	0.99992							#	   2.02	  61.57	
    260	   3.30	  11.14	  0.001	0.99985							#	   1.88	  68.89	
    261	   3.14	  10.55	  0.001	0.99965							#	   1.85	  64.80	
    262	   3.45	  10.81	  0.007	0.99996							#	   1.96	  70.25	
    263	   3.45	   9.16	  0.014	0.99998							#	   1.46	  68.48	
    264	   3.21	   8.47	  0.005	0.99988							#	   1.28	  74.04	
    265	   3.31	   8.72	  0.013	0.99997							#	   1.40	  72.68	
    266	   4.74	   8.29	  0.009	0.99984							#	   1.52	  72.93	
    267	   4.45	   8.07	  0.001	0.99990							#	   1.49	  70.76	
    268	   3.22	   8.94	 -0.002	0.99990							#	   1.86	  66.41	
    269	   3.23	   8.33	 -0.005	0.99983							#	   1.56	  71.06	
    270	   3.88	   6.87	  0.009	0.99982							#	   1.30	  66.11	
    271	   3.18	   7.81	  0.003	0.99984							#	   1.32	  75.00	
    272	   2.81	   7.35	 -0.002	0.99979							#	   1.16	  73.38	
    273	   3.07	   7.78	  0.006	0.99990							#	   1.27	  75.00	
    274	   2.45	   7.06	  0.015	0.99977							#	   1.06	  75.56	
    275	   2.14	   7.01	  0.014	0.99986							#	   1.19	  75.91	
    276	   2.45	   7.33	  0.013	0.99987							#	   1.36	  76.62	
    277	   2.82	   7.57	  0.020	0.99986							#	   1.45	  73.08	
    278	   2.96	   5.79	  0.002	0.99973							#	   0.97	  70.71	
    279	   2.59	   6.81	  0.016	0.99991							#	   1.11	  75.35	
    280	   2.15	   5.88	  0.013	0.99983							#	   0.85	  72.68	
    281	   1.66	   7.69	  0.024	0.99989							#	   1.28	  73.48	
    282	   1.99	   7.44	  0.017	0.99972							#	   1.24	  56.16	
    283	   1.91	   9.02	  0.020	0.99946							#	   1.69	  44.95	
    284	   2.30	  10.11	  0.018	0.99940							#	   1.99	  44.09	
    285	   3.66	  10.03	  0.017	0.99932							#	   1.80	  44.80	
    286	   2.03	  11.97	  0.014	0.99938							#	   2.05	  31.97	
    287	   1.52	  12.14	 -0.001	0.99936							#	   1.83	  35.05	
    288	   2.34	  10.85	  0.012	0.99973							#	   1.66	  45.25	
    289	   2.67	  11.10	  0.008	0.99970							#	   1.81	  53.84	
    290	   2.46	  10.36	  0.003	0.99977							#	   1.60	  54.04	
    291	   1.65	   9.00	 -0.007	0.99981							#	   1.18	  58.33	
    292	   2.96	   8.17	  0.000	0.99986							#	   1.09	  55.05	
    293	   3.44	   7.41	  0.001	0.99977							#	   1.10	  57.83	
    294	   1.56	   6.53	  0.001	0.99970							#	   0.69	  58.94	
    295	   3.02	   5.52	 -0.001	1.00008							#	   0.72	  56.11	
    296	   1.98	   5.13	 -0.003	0.99981							#	   0.67	  57.27	
    297	   3.67	   6.59	  0.012	0.99988							#	   1.34	  54.75	
    298	   2.56	   5.26	  0.011	0.99957							#	   0.72	  56.36	
    299	   3.48	   5.37	  0.022	0.99976							#	   1.03	  57.83	
    300	   3.58	   6.87	  0.019	0.99961							#	   1.40	  49.95	
    301	   4.77	   5.46	  0.024	0.99959							#	   1.13	  51.87	
    302	   5.08	   4.11	  0.027	0.99976							#	   1.17	  60.40	
    303	   6.38	   4.79	  0.023	0.99976							#	   1.73	  50.86	
    304	   5.90	   4.05	  0.009	0.99910							#	   1.29	  43.64	
    305	   5.40	   6.19	  0.019	0.99911							#	   1.70	  33.54	
    306	   5.44	   6.56	 -0.003	0.99819							#	   1.80	  25.81	
    307	   6.22	   6.29	  0.015	0.99850							#	   1.79	  27.22	
    308	   6.82	   7.64	  0.017	0.99956							#	   1.84	  47.98	
    309	   6.37	   6.71	  0.015	0.99962							#	   1.62	  41.82	
    310	   8.14	   8.54	  0.006	0.99982							#	   2.44	  50.66	
    311	   7.75	   8.12	  0.020	0.99953							#	   1.72	  45.86	
    312	   8.43	   6.83	  0.011	1.00010							#	   2.11	  35.71	
    313	   8.87	   7.98	  0.014	1.00017							#	   2.51	  27.73	
    314	   9.90	   8.88	  0.001	1.00064							#	   2.62	  29.14	
    315	  10.48	   9.84	  0.014	1.00060							#	   2.72	  29.60	
    316	  11.72	  10.26	  0.014	1.00055							#	   3.24	  22.32	
    317	  13.65	  10.84	  0.017	1.00025							#	   3.31	  22.68	
    318	  12.68	  10.72	  0.025	1.00012							#	   2.77	  25.96	
    319	  14.32	  10.32	  0.034	1.00038							#	   3.42	  21.11	
    320	  13.93	  10.52	  0.017	1.00041							#	   3.04	  24.04	
    321	  14.69	  10.90	  0.022	1.00027							#	   3.69	  25.61	
    322	  14.02	  10.13	  0.020	1.00012							#	   3.13	  25.30	
    323	  14.29	  11.99	  0.010	1.00035							#	   3.44	  25.91	
    324	  14.16	  11.02	  0.008	1.00034							#	   3.36	  25.40	
    325	  13.80	  11.27	  0.009	1.00012							#	   3.47	  24.39	
    326	  14.72	  10.01	  0.035	1.00023							#	   3.63	  26.01	
    327	  15.13	   7.89	  0.012	1.00063							#	   3.43	  28.43	
    328	  14.75	   8.61	  0.003	1.00116							#	   3.72	  24.85	
    329	  16.12	   9.32	  0.016	1.00114							#	   4.58	  18.69	
    330	  16.08	  11.21	  0.008	1.00078							#	   4.08	  15.86	
    331	  17.74	   9.56	  0.017	1.00058							#	   3.99	  19.39	
    332	  18.57	   8.51	  0.014	1.00045							#	   4.26	  21.67	
    333	  18.64	   9.01	  0.006	1.00073							#	   4.92	  22.02	
    334	  19.06	   8.09	  0.003	1.00092							#	   4.18	  23.59	
    335	  18.51	   7.95	 -0.008	1.00095							#	   4.12	  22.73	
    336	  19.19	   8.18	 -0.011	1.00107							#	   5.32	  22.88	
    337	  18.59	   8.46	  0.003	1.00062							#	   4.08	  21.87	
    338	  19.16	   7.83	 -0.016	1.00074							#	   4.15	  23.43	
    339	  18.31	   8.96	 -0.001	1.00079							#	   4.28	  22.73	
    340	  19.20	   7.25	 -0.008	1.00046							#	   4.95	  22.12	
    341	  19.06	   5.86	 -0.019	1.00064							#	   3.85	  22.37	
    342	  20.07	   6.16	 -0.001	1.00085							#	   4.87	  19.70	
    343	  20.23	   5.92	 -0.031	1.00071							#	   4.81	  21.46	
    344	  19.51	   5.22	  0.004	1.00074							#	   4.21	  21.11	
    345	  18.95	   3.77	 -0.017	1.00037							#	   3.90	  21.72	
    346	  18.33	   3.56	 -0.016	1.00059							#	   4.29	  23.94	
    347	  17.45	   2.69	 -0.015	1.00039							#	   3.70	  23.79	
    348	  16.91	   2.54	 -0.016	1.00055							#	   3.13	  26.36	
    349	  14.97	   1.29	 -0.015	1.00062							#	   2.76	  29.60	
    350	  14.26	   0.94	 -0.013	1.00045							#	   2.85	  33.74	
    351	  12.88	   0.04	 -0.017	1.00056							#	   2.27	  42.53	
    352	  11.14	  -0.72	 -0.013	1.00059							#	   1.74	  44.34	
    353	  10.05	  -0.52	 -0.017	1.00052							#	   1.60	  44.60	
    354	   9.60	  -0.35	 -0.017	1.00039							#	   1.67	  36.41	
    355	   9.15	   0.50	 -0.009	1.00024							#	   1.62	  39.34	
    356	   8.67	  -0.95	 -0.010	0.99990							#	   1.82	  39.80	
    357	   7.89	  -0.90	 -0.002	1.00016							#	   1.79	  46.26	
    358	   8.82	  -0.06	 -0.009	1.00004							#	   2.21	  41.16	
    359	   7.80	   0.52	  0.003	1.00015							#	   1.85	  37.07	
    360	   8.12	  -0.78	 -0.003	1.00014							#	   2.05	  33.28	
    361	   7.38	  -0.64	 -0.010	1.00037							#	   1.87	  28.94	
    362	   8.31	   1.31	 -0.008	1.00025							#	   2.17	  30.25	
    363	   8.01	   0.32	 -0.009	1.00019							#	   2.17	  32.17	
    364	   8.57	  -0.75	 -0.009	1.00003							#	   2.36	  42.78	
    365	   8.62	  -0.99	 -0.004	1.00003							#	   2.37	  41.16	
    366	   7.65	  -4.07	 -0.012	1.00000							#	   2.11	  38.89	
    367	   8.78	  -4.63	 -0.002	1.00018							#	   2.42	  35.61	
    368	   7.92	  -5.78	  0.005	0.99999							#	   2.27	  30.66	
    369	   9.14	  -5.94	 -0.014	1.00016							#	   2.88	  29.19	
    370	  10.42	  -5.20	 -0.019	1.00058							#	   2.86	  36.26	
    371	   9.95	  -5.13	 -0.009	1.00048							#	   2.70	  37.22	
    372	  10.44	  -3.98	 -0.020	1.00044							#	   3.00	  37.47	
    373	  11.07	  -2.94	 -0.014	1.00010							#	   3.04	  31.62	
    374	  11.40	  -3.89	 -0.024	0.99988							#	   3.03	  30.66	
    375	  13.04	  -3.21	 -0.014	1.00017							#	   3.46	  31.36	
    376	  12.38	  -3.52	 -0.033	1.00008							#	   3.14	  28.84	
    377	  12.12	  -3.89	 -0.021	1.00020							#	   3.38	  31.11	
    378	  13.99	  -2.80	 -0.020	1.00010							#	   4.04	  30.10	
    379	  13.50	  -3.42	 -0.019	1.00018							#	   2.90	  31.92	
    380	  13.72	  -2.04	 -0.028	0.99994							#	   3.23	  30.71	
    381	  13.98	  -2.45	 -0.029	0.99986							#	   3.62	  29.49	
    382	  13.62	  -2.00	 -0.035	0.99990							#	   3.54	  30.71	
    383	  13.61	  -3.00	 -0.023	0.99985							#	   3.53	  31.72	
    384	  13.15	  -3.54	 -0.031	0.99988							#	   3.10	  31.87	
    385	  12.88	  -2.97	 -0.031	1.00002							#	   2.87	  32.53	
    386	  13.50	  -2.91	 -0.039	1.00029							#	   3.30	  34.55	
    387	  12.30	  -2.54	 -0.036	1.00013							#	   2.99	  31.31	
    388	  13.55	  -3.62	 -0.034	1.00017							#	   3.35	  29.55	
    389	  12.17	  -2.06	 -0.051	0.99982							#	   2.73	  27.47	
    390	  12.18	  -3.66	 -0.029	0.99966							#	   2.82	  25.71	
    391	  12.69	  -4.64	 -0.039	0.99977							#	   3.05	  31.11	
    392	  11.96	  -4.19	 -0.029	1.00011							#	   2.80	  36.72	
    393	  11.15	  -3.66	 -0.030	1.00005							#	   2.43	  34.65	
    394	  12.06	  -3.23	 -0.033	0.99997							#	   2.80	  38.43	
    395	  11.20	  -4.49	 -0.035	1.00004							#	   2.23	  39.80	
    396	  10.90	  -1.93	 -0.045	1.00009							#	   2.02	  40.00	
    397	  10.76	  -2.55	 -0.057	1.00000							#	   2.41	  40.25	
    398	   9.75	  -1.36	 -0.045	1.00001							#	   2.20	  35.61	
    399	  10.24	  -1.17	 -0.041	0.99987							#	   2.27	  36.06	
    400	   9.82	  -0.41	 -0.038	1.00023							#	   2.50	  30.05	
    401	   9.51	  -1.42	 -0.049	1.00026							#	   2.23	  31.16	
    402	   9.81	  -0.49	 -0.042	1.00021							#	   2.17	  32.12	
    403	  10.51	  -1.17	 -0.050	1.00016							#	   2.51	  33.38	
    404	   9.62	  -0.42	 -0.053	1.00051							#	   2.23	  44.04	
    405	   9.23	  -0.90	 -0.043	1.00008							#	   1.92	  54.60	
    406	   8.26	  -1.40	 -0.056	1.00010							#	   1.61	  59.60	
    407	   7.62	  -0.87	 -0.056	1.00000							#	   1.41	  64.34	
    408	   6.83	  -1.93	 -0.064	1.00007							#	   1.11	  66.97	
    409	   6.84	  -2.29	 -0.059	1.00018							#	   1.12	  67.02	
    410	   6.60	  -2.09	 -0.064	1.00039							#	   1.28	  58.59	
    411	   6.07	  -1.17	 -0.060	1.00037							#	   1.27	  49.70	
    412	   4.54	  -0.76	 -0.056	1.00017							#	   0.85	  55.35	
    413	   3.57	  -0.12	 -0.068	1.00004							#	   0.67	  69.49	
    414	   4.06	  -1.29	 -0.071	1.00012							#	   0.79	  65.10	
    415	   3.41	  -0.85	 -0.076	1.00013							#	   0.59	  62.32	
    416	   2.79	   0.64	 -0.081	1.00012							#	   0.50	  68.03	
    417	   2.80	  -0.20	 -0.082	1.00000							#	   0.65	  69.14	
    418	   2.74	  -1.60	 -0.076	0.99992							#	   0.70	  70.76	
    419	   2.75	  -2.44	 -0.085	0.99994							#	   0.80	  69.70	
    420	   3.09	  -1.90	 -0.083	1.00004							#	   1.09	  57.78	
    421	   2.89	  -2.10	 -0.072	0.99963							#	   0.98	  49.29	
    422	   2.19	  -0.65	 -0.086	0.99998							#	   0.63	  64.90	
    423	   3.12	  -0.03	 -0.072	1.00000							#	   0.79	  67.37	
    424	   2.64	  -0.25	 -0.069	0.99994							#	   0.61	  70.56	
    425	   2.98	  -1.64	 -0.062	1.00003							#	   0.76	  69.95	
    426	   2.51	  -1.41	 -0.064	0.99986							#	   0.74	  68.84	
    427	   2.31	  -1.45	 -0.059	0.99983							#	   0.87	  70.96	
    428	   3.00	  -1.38	 -0.050	1.00013							#	   1.05	  71.62	
    429	   2.74	  -0.52	 -0.050	1.00002							#	   0.72	  73.08	
    430	   3.99	   0.42	 -0.040	1.00009							#	   1.27	  59.04	
    431	   2.89	  -0.28	 -0.050	0.99951							#	   0.83	  44.55	
    432	   2.65	   0.17	 -0.041	0.99944							#	   0.82	  46.72	
    433	   2.92	  -0.46	 -0.036	0.99976							#	   0.94	  45.35	
    434	   3.61	   0.45	 -0.036	1.00037							#	   1.27	  49.70	
    435	   4.22	   0.59	 -0.036	1.00012							#	   1.31	  51.82	
    436	   3.70	  -1.01	 -0.039	1.00043							#	   0.94	  57.42	
    437	   4.59	  -1.15	 -0.034	1.00041							#	   1.32	  57.83	
    438	   4.38	  -1.45	 -0.032	0.99996							#	   1.02	  69.80	
    439	   4.43	  -1.62	 -0.028	1.00000							#	   1.11	  71.72	
    440	   4.28	  -0.51	 -0.023	1.00007							#	   1.02	  68.28	
    441	   3.99	  -0.32	 -0.022	0.99999							#	   0.98	  71.82	
    442	   4.12	  -2.06	 -0.016	1.00003							#	   1.02	  72.93	
    443	   3.82	  -0.60	 -0.020	1.00016							#	   0.96	  66.72	
    444	   3.69	  -1.07	 -0.011	1.00004							#	   0.93	  69.75	
    445	   3.39	  -2.04	 -0.015	1.00016							#	   0.92	  68.99	
    446	   3.46	  -0.80	 -0.007	1.00004							#	   0.84	  69.80	
    447	   2.79	  -0.50	 -0.012	1.00009							#	   0.67	  68.38	
    448	   2.81	  -0.79	 -0.008	1.00007							#	   0.68	  68.08	
    449	   2.97	  -0.90	 -0.013	1.00005							#	   0.67	  70.20	
    450	   2.28	  -1.07	 -0.008	1.00019							#	   0.65	  65.20	
    451	   3.06	  -0.11	 -0.005	1.00007							#	   0.84	  74.65	
    452	   3.32	   0.41	  0.002	0.99945							#	   1.14	  52.73	
    453	   3.08	  -1.00	 -0.007	0.99945							#	   0.95	  51.41	
    454	   3.02	  -0.80	 -0.008	0.99997							#	   0.87	  60.81	
    455	   3.03	  -1.03	 -0.013	1.00035							#	   0.85	  59.75	
    456	   2.89	  -0.97	 -0.016	1.00025							#	   0.70	  61.57	
    457	   2.93	  -0.64	 -0.017	1.00004							#	   0.75	  69.85	
    458	   2.76	  -1.65	 -0.015	1.00007							#	   0.81	  70.91	
    459	   2.99	  -2.78	 -0.006	1.00009							#	   1.06	  69.24	
    460	   2.60	  -1.20	 -0.006	1.00015							#	   0.66	  68.54	
    461	   2.72	  -2.22	 -0.013	1.00026							#	   0.85	  66.57	
    462	   3.00	  -2.46	 -0.007	1.00037							#	   0.98	  58.79	
    463	   3.15	  -2.81	  0.001	1.00034							#	   1.03	  54.14	
    464	   3.27	  -2.25	  0.006	1.00031							#	   1.12	  54.85	
    465	   2.80	  -1.55	  0.002	1.00013							#	   0.81	  60.10	
    466	   2.26	  -2.55	  0.013	1.00016							#	   0.72	  66.67	
    467	   1.47	  -3.49	  0.010	1.00012							#	   0.67	  69.09	
    468	   0.78	  -4.85	  0.007	1.00014							#	   0.75	  70.51	
    469	   0.65	  -7.63	  0.017	1.00001							#	   1.48	  63.74	
    470	   1.86	  -7.92	  0.011	1.00018							#	   1.20	  66.31	
    471	   1.71	  -8.50	  0.023	1.00035							#	   1.45	  58.79	
    472	   1.38	  -7.46	  0.018	1.00022							#	   1.15	  63.03	
    473	   0.85	  -7.44	  0.025	1.00030							#	   1.26	  52.17	
    474	   1.82	  -6.54	  0.030	1.00019							#	   1.11	  63.94	
    475	   1.32	  -6.32	  0.037	1.00019							#	   0.99	  70.91	
    476	   1.53	  -6.00	  0.025	1.00013							#	   0.90	  67.32	
    477	   1.10	  -8.19	  0.039	1.00009							#	   1.42	  69.19	
    478	   0.15	  -6.60	  0.027	1.00020							#	   0.85	  69.95	
    479	   0.36	  -7.34	  0.037	1.00020							#	   1.14	  70.91	
    480	   1.15	  -7.14	  0.031	1.00013							#	   1.23	  59.85	
    481	   1.09	  -6.97	  0.026	1.00015							#	   1.18	  59.60	
    482	   1.02	  -6.83	  0.018	1.00031							#	   1.15	  57.98	
    483	   0.51	  -5.10	  0.030	1.00022							#	   0.77	  57.17	
    484	  -0.17	  -5.48	  0.027	1.00025							#	   0.74	  60.10	
    485	  -0.42	  -5.56	  0.020	1.00020							#	   0.80	  61.16	
    486	  -0.40	  -4.67	  0.039	1.00003							#	   0.59	  60.71	
    487	   0.27	  -6.20	  0.030	1.00015							#	   0.95	  61.87	
    488	  -0.37	  -4.57	  0.039	1.00008							#	   0.58	  61.77	
    489	  -0.77	  -5.05	  0.037	1.00006							#	   0.75	  61.01	
    490	   0.07	  -4.68	  0.047	1.00008							#	   0.70	  65.45	
    491	   0.15	  -3.51	  0.029	1.00004							#	   0.42	  63.74	
    492	  -0.23	  -3.74	  0.040	1.00012							#	   0.49	  70.45	
    493	  -1.12	  -2.85	  0.043	1.00011							#	   0.48	  70.10	
    494	  -2.09	  -2.29	  0.035	1.00006							#	   0.61	  70.81	
    495	  -1.57	  -2.78	  0.039	0.99990							#	   0.60	  71.21	
    496	  -1.61	  -2.62	  0.034	1.00003							#	   0.56	  71.97	
    497	  -1.80	  -3.67	  0.029	0.99994							#	   0.79	  73.28	
    498	  -1.66	  -3.99	  0.018	0.99994							#	   0.81	  74.80	
    499	  -2.15	  -4.16	  0.022	0.99989							#	   0.98	  76.82	
    500	  -2.05	  -3.87	  0.026	0.99999							#	   0.73	  76.77	
    501	  -2.88	  -1.78	  0.021	1.00003							#	   0.67	  74.75	
    502	  -2.70	  -2.34	  0.017	0.99992							#	   0.69	  73.23	
    503	  -2.41	  -2.43	  0.024	0.99995							#	   0.65	  73.99	
    504	  -2.38	  -2.54	  0.031	0.99997							#	   0.70	  72.42	
    505	  -1.86	  -3.02	  0.021	1.00004							#	   0.68	  72.93	
    506	  -1.97	  -0.64	  0.018	0.99997							#	   0.40	  78.03	
    507	  -2.95	  -1.30	  0.013	1.00001							#	   0.81	  77.98	
    508	  -2.24	  -1.67	  0.009	1.00002							#	   0.56	  77.47	
    509	  -2.71	  -2.21	  0.012	1.00005							#	   0.86	  78.74	
    510	  -2.10	  -1.81	  0.010	1.00004							#	   0.66	  72.17	
    511	  -2.93	  -0.75	  0.011	1.00002							#	   0.75	  78.28	
    512	  -2.53	  -1.30	  0.005	0.99986							#	   0.61	  76.41	
    513	  -1.06	  -2.07	  0.000	0.99980							#	   0.29	  79.09	
    514	  -2.11	  -1.24	  0.010	1.00004							#	   0.46	  79.24	
    515	  -2.53	  -2.41	  0.004	1.00006							#	   0.77	  76.97	
    516	  -3.15	  -2.05	  0.010	1.00006							#	   0.93	  75.10	
    517	  -2.55	  -1.80	  0.003	0.99986							#	   0.57	  72.68	
    518	  -2.26	  -1.50	  0.018	1.00008							#	   0.52	  76.92	
    519	  -2.54	  -1.75	  0.014	1.00004							#	   0.61	  75.91	
    520	  -2.58	  -1.09	  0.016	1.00008							#	   0.54	  78.38	
    521	  -2.39	  -0.99	  0.006	1.00000							#	   0.45	  78.38	
    522	  -2.31	  -1.98	  0.017	1.00003							#	   0.59	  79.75	
    523	  -1.96	  -0.86	  0.009	0.99997							#	   0.35	  79.75	
    524	  -2.05	  -1.44	  0.020	1.00006							#	   0.46	  79.09	
    525	  -1.77	  -0.57	  0.006	1.00007							#	   0.28	  79.34	
    526	  -2.55	  -0.82	  0.006	1.00002							#	   0.53	  78.74	
    527	  -2.57	  -0.41	  0.002	1.00008							#	   0.51	  80.61	
    528	  -2.80	  -0.99	  0.016	0.99999							#	   0.67	  78.54	
    529	  -2.81	  -0.93	  0.003	1.00000							#	   0.64	  77.27	
    530	  -2.43	  -1.37	  0.013	0.99983							#	   0.63	  68.18	
    531	  -2.42	  -0.89	  0.002	0.99996							#	   0.50	  78.94	
    532	  -1.50	  -0.70	  0.007	0.99999							#	   0.24	  77.27	
    533	  -2.08	  -0.50	  0.005	1.00001							#	   0.38	  78.84	
    534	  -2.02	   0.24	  0.011	0.99997							#	   0.36	  81.11	
    535	  -1.95	  -0.96	  0.008	1.00004							#	   0.38	  78.59	
    536	  -1.13	   0.94	  0.004	0.99999							#	   0.20	  79.44	
    537	  -1.67	   0.84	  0.005	1.00001							#	   0.32	  79.09	
    538	  -1.23	  -0.34	  0.012	1.00000							#	   0.20	  79.85	
    539	  -2.63	   0.28	 -0.001	0.99998							#	   0.59	  79.65	
    540	  -2.63	  -0.81	  0.002	0.99990							#	   0.76	  73.89	
    541	  -2.61	  -0.63	  0.004	1.00002							#	   0.63	  79.60	
    542	  -2.33	  -0.06	  0.003	0.99996							#	   0.52	  80.81	
    543	  -2.82	  -0.61	  0.005	0.99998							#	   0.70	  79.29	
    544	  -2.69	  -0.52	  0.015	0.99998							#	   0.66	  77.73	
    545	  -2.86	  -0.82	  0.015	0.99964							#	   0.83	  66.11	
    546	  -2.71	  -0.80	  0.011	0.99985							#	   0.68	  68.13	
    547	  -2.44	  -0.15	  0.013	0.99993							#	   0.52	  82.22	
    548	  -2.46	  -1.02	  0.004	0.99994							#	   0.55	  79.19	
    549	  -3.01	  -2.00	  0.016	0.99991							#	   0.87	  79.34	
    550	  -2.77	  -1.24	  0.014	1.00006							#	   0.63	  78.69	
    551	  -3.66	   0.28	  0.013	0.99974							#	   1.08	  69.75	
    552	  -3.09	  -0.12	  0.010	0.99966							#	   0.57	  68.23	
    553	  -2.11	  -0.00	  0.010	0.99994							#	   0.33	  80.20	
    554	  -1.70	  -0.14	  0.009	0.99992							#	   0.23	  81.21	
    555	  -2.08	   0.02	  0.005	1.00000							#	   0.31	  80.40	
    556	  -2.35	  -0.33	  0.012	1.00000							#	   0.40	  79.09	
    557	  -3.35	   0.42	  0.014	0.99991							#	   0.86	  78.43	
    558	  -3.48	   1.04	  0.015	0.99995							#	   0.90	  77.47	
    559	  -2.18	   0.18	  0.011	0.99988							#	   0.35	  80.20	
    560	  -2.67	  -0.22	  0.011	0.99994							#	   0.56	  79.85	
    561	  -3.88	   0.67	  0.029	0.99994							#	   1.12	  78.84	
    562	  -3.88	   0.83	  0.007	0.99930							#	   1.07	  54.44	
    563	  -3.58	   1.33	  0.017	0.99997							#	   0.98	  41.52	
    564	  -4.06	   1.40	  0.020	0.99960							#	   1.20	  45.96	
    565	  -3.00	   0.94	  0.007	0.99992							#	   0.54	  63.69	
    566	  -3.19	   1.76	  0.022	0.99985							#	   0.71	  67.27	
    567	  -3.02	   1.72	  0.017	0.99982							#	   0.65	  66.97	
    568	  -4.20	   1.17	  0.016	0.99976							#	   1.03	  65.56	
    569	  -3.44	   1.65	  0.017	0.99985							#	   0.71	  64.55	
    570	  -3.88	   4.01	  0.016	0.99988							#	   1.43	  56.36	
    571	  -3.40	   4.39	  0.011	0.99979							#	   0.84	  67.68	
    572	  -3.96	   5.49	  0.022	0.99992							#	   1.46	  69.24	
    573	  -4.10	   5.06	  0.014	0.99979							#	   1.11	  63.54	
    574	  -4.50	   4.70	  0.013	0.99996							#	   1.29	  67.78	
    575	  -4.43	   5.20	  0.012	0.99981							#	   1.38	  62.83	
    576	  -4.78	   3.95	  0.012	0.99985							#	   1.28	  62.27	
    577	  -4.90	   3.04	  0.013	0.99958							#	   1.26	  58.13	
    578	  -4.09	   3.94	  0.008	0.99995							#	   1.10	  69.60	
    579	  -4.37	   3.56	  0.018	0.99995							#	   1.15	  75.45	
    580	  -5.19	   3.55	  0.019	0.99975							#	   1.56	  59.95	
    581	  -5.75	   4.05	  0.014	0.99979							#	   1.72	  49.55	
    582	  -4.90	   4.01	  0.015	0.99981							#	   1.11	  62.32	
    583	  -5.01	   3.39	  0.013	0.99976							#	   1.24	  57.58	
    584	  -5.39	   2.33	  0.012	0.99985							#	   1.21	  60.91	
    585	  -6.25	   3.36	  0.019	0.99990							#	   1.56	  62.32	
    586	  -6.72	   2.64	  0.025	0.99961							#	   1.58	  53.03	
    587	  -6.15	   2.87	  0.026	1.00003							#	   1.64	  42.53	
    588	  -6.19	   3.23	  0.023	1.00025							#	   1.50	  46.36	
    589	  -5.91	   2.86	  0.022	1.00015							#	   1.40	  47.47	
    590	  -6.64	   2.19	  0.021	0.99970							#	   1.59	  56.16	
    591	  -6.28	   2.55	  0.018	0.99982							#	   1.61	  46.72	
    592	  -6.47	   2.24	  0.024	0.99947							#	   1.76	  49.80	
    593	  -7.23	   2.10	  0.038	1.00021							#	   2.07	  51.01	
    594	  -9.40	   1.96	  0.026	1.00010							#	   2.84	  36.46	
    595	  -7.16	   1.67	  0.026	1.00033							#	   1.10	  52.93	
    596	  -9.79	   2.41	  0.029	0.99982							#	   2.24	  40.00	
    597	 -11.65	   1.84	  0.027	1.00005							#	   2.76	  37.27	
    598	 -11.64	   2.30	  0.036	0.99993							#	   2.69	  41.01	
    599	 -11.87	   2.06	  0.030	0.99951							#	   3.08	  38.38	
    600	 -11.52	   2.97	  0.028	0.99938							#	   2.86	  31.26	
    601	 -10.34	   0.82	  0.025	0.99969							#	   2.10	  39.75	
    602	  -9.45	   1.16	  0.030	1.00041							#	   1.70	  44.75	
    603	  -7.71	   2.08	  0.035	1.00021							#	   1.18	  54.85	
    604	  -7.80	   2.16	  0.030	1.00010							#	   1.27	  55.56	
    605	  -7.29	   2.57	  0.025	1.00002							#	   1.18	  63.89	
    606	  -6.55	   1.86	  0.028	1.00009							#	   1.25	  57.93	
    607	  -5.86	   1.69	  0.022	1.00022							#	   1.07	  57.93	
    608	  -5.44	   2.28	  0.020	1.00003							#	   1.14	  61.06	
    609	  -4.69	   2.60	  0.027	0.99993							#	   0.89	  68.94	
    610	  -4.90	   2.92	  0.014	0.99997							#	   0.95	  67.53	
    611	  -4.99	   3.13	  0.013	0.99981							#	   1.01	  66.97	
    612	  -5.14	   2.07	  0.021	1.00002							#	   1.13	  67.02	
    613	  -5.13	   2.41	  0.021	1.00020							#	   1.32	  61.06	
    614	  -4.28	   2.59	  0.020	0.99998							#	   0.91	  69.60	
    615	  -4.94	   3.50	  0.024	1.00007							#	   1.35	  67.07	
    616	  -5.10	   4.48	  0.021	1.00002							#	   1.44	  61.41	
    617	  -5.68	   4.77	  0.026	1.00010							#	   1.76	  57.88	
    618	  -5.49	   5.46	  0.028	0.99999							#	   1.57	  56.82	
    619	  -6.06	   5.43	  0.024	0.99993							#	   1.91	  57.12	
    620	  -6.30	   6.26	  0.021	0.99991							#	   1.99	  55.05	
    621	  -7.43	   4.96	  0.033	0.99999							#	   2.12	  46.21	
    622	  -7.02	   5.57	  0.036	1.00033							#	   1.86	  40.96	
    623	  -7.86	   5.47	  0.024	1.00029							#	   2.18	  40.30	
    624	  -7.22	   6.08	  0.025	0.99996							#	   1.75	  46.06	
    625	  -7.07	   5.33	  0.029	0.99993							#	   1.65	  44.60	
    626	  -7.13	   6.00	  0.033	1.00001							#	   1.75	  50.05	
    627	  -7.95	   6.39	  0.027	0.99993							#	   2.22	  48.59	
    628	  -8.21	   7.21	  0.029	0.99982							#	   2.19	  45.91	
    629	  -8.53	   6.63	  0.026	0.99998							#	   2.25	  45.30	
    630	  -8.58	   7.11	  0.029	0.99979							#	   2.52	  40.00	
    631	  -8.02	   4.86	  0.028	1.00004							#	   1.67	  42.42	
    632	  -9.05	   6.21	  0.032	1.00007							#	   2.16	  41.06	
    633	  -9.25	   5.53	  0.038	1.00026							#	   2.20	  37.47	
    634	  -9.25	   6.36	  0.036	1.00030							#	   2.42	  38.03	
    635	  -9.73	   6.70	  0.031	1.00017							#	   2.67	  37.07	
    636	  -8.93	   5.67	  0.032	0.99952							#	   2.05	  39.14	
    637	  -8.73	   4.81	  0.032	1.00011							#	   2.06	  39.19	
    638	  -8.11	   4.06	  0.044	1.00002							#	   1.69	  44.39	
    639	  -8.24	   5.07	  0.035	0.99997							#	   1.64	  50.15	
    640	  -8.45	   4.71	  0.031	0.99989							#	   1.71	  47.88	
    641	  -7.96	   4.72	  0.035	0.99992							#	   1.84	  46.92	
    642	  -7.51	   4.17	  0.037	0.99993							#	   1.61	  41.67	
    643	  -8.00	   4.24	  0.030	0.99982							#	   1.97	  46.01	
    644	  -7.00	   3.79	  0.036	0.99987							#	   1.82	  48.99	
    645	  -7.22	   4.86	  0.038	0.99989							#	   2.01	  47.47	
    646	  -6.40	   4.04	  0.029	0.99990							#	   1.52	  53.69	
    647	  -6.04	   3.93	  0.034	0.99991							#	   1.43	  53.59	
    648	  -5.72	   3.86	  0.030	1.00009							#	   1.33	  44.44	
    649	  -5.67	   4.15	  0.034	1.00000							#	   1.21	  51.46	
    650	  -4.48	   4.48	  0.027	1.00001							#	   1.00	  60.35	
    651	  -4.71	   4.10	  0.027	0.99996							#	   1.16	  63.18	
    652	  -4.98	   4.24	  0.027	1.00001							#	   1.28	  65.25	
    653	  -5.02	   5.32	  0.012	0.99993							#	   1.59	  59.85	
    654	  -5.76	   3.93	  0.031	0.99993							#	   1.78	  51.21	
    655	  -5.22	   4.15	  0.025	0.99985							#	   1.54	  53.79	
    656	  -4.68	   3.27	  0.018	0.99990							#	   1.24	  60.35	
    657	  -4.54	   4.53	  0.023	0.99988							#	   1.31	  65.20	
    658	  -4.21	   3.62	  0.016	1.00000							#	   1.05	  70.25	
    659	  -3.98	   3.10	  0.020	1.00005							#	   0.88	  69.75	
    660	  -3.38	   4.44	  0.007	0.99994							#	   0.91	  60.61	
    661	  -3.50	   4.20	  0.014	0.99993							#	   1.00	  70.00	
    662	  -3.81	   4.97	  0.012	0.99995							#	   1.21	  65.15	
    663	  -2.80	   6.47	  0.003	0.99993							#	   1.27	  63.79	
    664	  -2.35	   5.78	  0.009	0.99987							#	   1.02	  63.28	
    665	  -3.03	   5.88	  0.001	0.99991							#	   1.24	  68.59	
    666	  -3.39	   6.55	  0.017	1.00001							#	   1.53	  65.10	
    667	  -2.99	   6.48	  0.010	0.99992							#	   1.24	  60.91	
    668	  -3.12	   5.46	  0.009	0.99982							#	   1.21	  61.46	
    669	  -2.23	   6.31	  0.011	0.99987							#	   1.24	  63.74	
    670	  -2.84	   6.83	  0.014	0.99991							#	   1.50	  63.69	
    671	  -2.27	   6.97	  0.009	0.99991							#	   1.27	  62.22	
    672	  -2.80	   7.16	 -0.008	0.99990							#	   1.50	  61.06	
    673	  -2.84	   7.53	 -0.001	0.99984							#	   1.58	  60.81	
    674	  -3.33	   8.45	  0.011	0.99989							#	   1.84	  59.29	
    675	  -2.94	   6.50	 -0.003	0.99970							#	   1.27	  57.22	
    676	  -2.69	   7.11	 -0.002	0.99989							#	   1.40	  59.39	
    677	  -2.78	   7.34	 -0.007	0.99986							#	   1.41	  58.94	
    678	  -2.45	   6.09	 -0.001	0.99990							#	   1.19	  61.72	
    679	  -2.91	   7.28	 -0.007	0.99990							#	   1.47	  58.28	
    680	  -2.18	   6.64	 -0.003	0.99986							#	   1.11	  60.35	
    681	  -1.80	   7.00	 -0.006	0.99980							#	   1.25	  61.11	
    682	  -3.27	   7.51	 -0.013	0.99984							#	   1.70	  58.54	
    683	  -2.32	   6.79	  0.001	0.99985							#	   1.10	  58.99	
    684	  -2.61	   7.01	 -0.003	0.99986							#	   1.34	  61.87	
    685	  -1.85	   6.64	  0.009	0.99987							#	   1.12	  63.79	
    686	  -1.81	   6.97	 -0.010	0.99982							#	   1.15	  61.97	
    687	  -1.93	   7.16	 -0.007	0.99985							#	   1.21	  64.14	
    688	  -1.50	   7.17	 -0.007	0.99987							#	   1.32	  64.04	
    689	  -2.05	   7.46	 -0.008	0.99978							#	   1.45	  63.89	
    690	  -1.63	   7.78	 -0.009	0.99982							#	   1.42	  54.14	
    691	  -1.53	   7.96	 -0.001	0.99984							#	   1.40	  59.34	
    692	  -1.55	   7.16	 -0.003	0.99978							#	   1.18	  62.58	
    693	  -1.61	   6.44	  0.000	0.99987							#	   0.98	  64.04	
    694	  -1.72	   8.03	 -0.012	0.99988							#	   1.40	  62.83	
    695	  -1.25	   8.03	 -0.015	0.99980							#	   1.16	  60.56	
    696	  -0.39	   8.17	 -0.012	0.99991							#	   1.41	  62.73	
    697	  -1.16	   8.45	 -0.009	0.99972							#	   1.58	  62.37	
    698	  -0.36	   7.21	 -0.009	0.99990							#	   1.04	  66.21	
    699	  -1.23	   6.18	 -0.001	0.99979							#	   0.87	  65.96	
    700	  -0.20	   6.54	 -0.006	1.00004							#	   0.95	  61.72	
    701	   0.79	   5.65	 -0.004	0.99992							#	   0.72	  66.97	
    702	  -0.41	   5.62	  0.000	0.99992							#	   0.65	  68.23	
    703	  -0.29	   5.18	  0.003	1.00000							#	   0.74	  68.18	
    704	  -0.37	   5.67	 -0.001	0.99990							#	   0.90	  69.04	
    705	   0.11	   5.17	 -0.007	0.99997							#	   0.75	  69.70	
    706	  -0.35	   5.33	 -0.003	0.99986							#	   0.94	  66.67	
    707	   0.14	   6.35	 -0.014	0.99988							#	   1.44	  67.63	
    708	  -0.17	   5.63	  0.005	0.99988							#	   0.85	  65.20	
    709	   0.06	   5.36	  0.003	0.99986							#	   0.86	  68.18	
    710	  -0.15	   4.48	  0.004	0.99996							#	   0.67	  69.14	
    711	  -0.66	   4.90	  0.006	1.00003							#	   0.82	  58.99	
    712	  -0.54	   3.05	  0.009	0.99992							#	   0.40	  63.84	
    713	  -0.02	   2.85	  0.012	1.00006							#	   0.43	  76.21	
    714	   0.46	   2.38	  0.009	1.00003							#	   0.41	  74.44	
    715	   0.24	   3.66	 -0.004	1.00004							#	   0.63	  76.77	
    716	   0.87	   4.25	 -0.008	0.99991							#	   0.81	  73.79	
    717	   0.64	   3.70	 -0.005	1.00000							#	   0.67	  68.69	
    718	   0.70	   4.03	 -0.004	0.99990							#	   0.84	  68.94	
    719	   0.33	   4.18	 -0.005	0.99992							#	   0.80	  71.46	
    720	   0.77	   4.28	 -0.000	0.99993							#	   0.86	  64.14	
    721	   0.35	   5.17	  0.002	0.99992							#	   1.15	  71.57	
    722	   0.77	   5.11	  0.006	0.99988							#	   0.95	  72.68	
    723	  -0.09	   3.88	  0.009	0.99994							#	   0.66	  75.81	
    724	   0.02	   4.11	  0.006	0.99995							#	   0.78	  72.63	
    725	   0.51	   4.25	  0.011	0.99994							#	   0.82	  75.76	
    726	   0.90	   4.98	  0.012	1.00000							#	   1.09	  71.87	
    727	   0.74	   5.24	  0.007	0.99985							#	   1.03	  69.39	
    728	   1.02	   3.86	  0.007	0.99991							#	   0.65	  75.56	
    729	   1.27	   3.08	  0.000	0.99993							#	   0.52	  75.00	
    730	   1.34	   3.21	  0.011	0.99999							#	   0.54	  75.05	
    731	   1.21	   3.95	 -0.005	0.99998							#	   0.66	  76.82	
    732	   1.31	   3.47	  0.004	0.99998							#	   0.58	  74.65	
    733	   0.77	   3.68	 -0.002	0.99998							#	   0.76	  70.51	
    734	   0.68	   3.31	 -0.004	0.99995							#	   0.67	  71.77	
    735	   0.95	   3.01	  0.008	0.99999							#	   0.60	  75.20	
    736	   1.13	   3.38	 -0.002	0.99989							#	   0.72	  71.67	
    737	   1.21	   2.82	 -0.001	0.99999							#	   0.63	  73.18	
    738	   0.77	   3.06	  0.006	0.99997							#	   0.65	  74.14	
    739	   1.11	   4.01	 -0.001	0.99992							#	   1.06	  73.84	
    740	   1.47	   4.07	 -0.001	0.99988							#	   0.91	  73.38	
    741	   1.43	   4.04	  0.008	0.99992							#	   0.95	  69.49	
    742	   0.98	   3.08	 -0.000	0.99989							#	   0.65	  59.70	
    743	   1.38	   3.12	 -0.006	0.99990							#	   0.75	  61.87	
    744	   1.87	   3.20	 -0.005	0.99994							#	   0.84	  68.64	
    745	   1.72	   3.36	 -0.003	1.00002							#	   0.81	  72.02	
    746	   1.21	   2.85	  0.000	1.00004							#	   0.62	  74.34	
    747	   0.94	   3.80	  0.011	0.99993							#	   0.88	  72.37	
    748	   1.50	   3.19	 -0.006	0.99993							#	   0.66	  73.48	
    749	   2.07	   2.90	 -0.003	0.99992							#	   0.78	  72.17	
    750	   1.32	   2.83	 -0.005	0.99985							#	   0.74	  60.05	
    751	   1.55	   3.01	 -0.006	0.99996							#	   0.76	  67.93	
    752	   2.83	   2.95	 -0.001	1.00002							#	   1.04	  72.98	
    753	   2.33	   2.40	 -0.006	0.99988							#	   0.66	  70.20	
    754	   1.39	   2.27	 -0.009	1.00012							#	   0.47	  70.40	
    755	   2.02	   2.39	 -0.005	1.00000							#	   0.63	  69.44	
    756	   2.18	   1.99	 -0.007	0.99999							#	   0.63	  70.91	
    757	   2.02	   2.79	  0.001	0.99994							#	   0.69	  70.15	
    758	   2.55	   1.85	 -0.011	1.00004							#	   0.78	  73.03	
    759	   2.62	   1.74	 -0.005	1.00004							#	   0.92	  71.97	
    760	   2.13	   2.03	 -0.006	0.99999							#	   0.68	  61.11	
    761	   2.39	   1.62	 -0.008	1.00009							#	   0.67	  62.17	
    762	   3.79	   2.03	  0.009	1.00005							#	   1.31	  70.76	
    763	   2.55	   1.88	  0.001	1.00011							#	   0.53	  74.55	
    764	   2.44	   2.32	  0.010	1.00014							#	   0.69	  68.54	
    765	   2.36	   2.73	 -0.005	1.00017							#	   0.73	  69.75	
    766	   2.97	   3.10	 -0.014	0.99998							#	   0.94	  67.63	
    767	   2.95	   3.08	 -0.009	0.99987							#	   0.93	  62.53	
    768	   2.42	   2.81	  0.001	0.99990							#	   0.77	  62.53	
    769	   3.15	   1.44	 -0.006	0.99995							#	   0.73	  68.18	
    770	   2.62	   1.42	 -0.013	0.99998							#	   0.60	  71.36	
    771	   2.34	   2.27	 -0.007	0.99993							#	   0.68	  72.07	
    772	   3.38	   2.15	 -0.010	0.99995							#	   1.01	  73.28	
    773	   4.07	   1.86	 -0.007	0.99999							#	   1.11	  69.90	
    774	   4.36	   1.32	 -0.010	0.99989							#	   1.07	  66.97	
    775	   4.54	   1.66	 -0.005	0.99946							#	   1.43	  47.83	
    776	   4.20	   0.60	 -0.012	0.99931							#	   1.10	  44.29	
    777	   4.95	   0.79	  0.005	0.99958							#	   1.55	  46.92	
    778	   6.15	   0.82	 -0.004	0.99944							#	   1.82	  41.26	
    779	   6.18	   1.02	 -0.004	0.99943							#	   1.55	  36.62	
    780	   7.06	   1.08	  0.001	0.99984							#	   2.21	  29.75	
    781	   7.57	   1.25	 -0.018	0.99926							#	   1.85	  33.43	
    782	   9.10	   1.95	 -0.005	0.99920							#	   2.38	  32.47	
    783	   9.44	   0.80	  0.009	0.99965							#	   1.91	  38.59	
    784	  11.57	   0.62	  0.015	0.99980							#	   3.54	  29.85	
    785	  10.99	   0.67	 -0.012	1.00066							#	   2.34	  34.24	
    786	  11.92	   1.13	  0.025	1.00011							#	   3.94	  24.39	
    787	  13.86	   0.52	  0.005	0.99997							#	   3.02	  23.94	
    788	  14.33	   0.22	  0.010	1.00023							#	   3.30	  23.64	
    789	  14.69	   0.14	  0.000	1.00047							#	   3.86	  22.07	
    790	  16.44	   1.43	  0.011	1.00051							#	   4.66	  22.12	
    791	  15.96	   2.70	  0.003	1.00049							#	   3.26	  22.83	
    792	  16.45	   1.54	 -0.005	1.00012							#	   3.44	  23.38	
    793	  16.33	   0.56	  0.002	0.99996							#	   3.99	  24.09	
    794	  16.17	   1.08	 -0.003	1.00003							#	   4.18	  21.57	
    795	  16.25	   1.27	 -0.003	1.00001							#	   3.61	  21.31	
    796	  16.15	   1.31	 -0.020	0.99993							#	   3.47	  22.98	
    797	  15.22	   0.61	  0.014	0.99955							#	   3.39	  23.84	
    798	  14.69	   0.08	  0.007	0.99894							#	   2.81	  33.84	
    799	  12.88	  -2.22	 -0.009	0.99920							#	   2.25	  37.32	
    800	  11.91	  -0.84	  0.011	1.00023							#	   2.05	  39.34	
    801	  11.22	  -1.65	  0.004	0.99994							#	   2.12	  40.86	
    802	   9.43	  -0.53	 -0.003	1.00004							#	   1.42	  40.51	
    803	   8.71	  -1.33	  0.005	0.99991							#	   1.37	  40.96	
    804	   8.67	  -0.50	  0.015	0.99989							#	   1.56	  44.44	
    805	   7.10	  -0.32	  0.002	0.99966							#	   1.15	  42.68	
    806	   7.38	  -0.65	  0.005	0.99955							#	   1.31	  35.51	
    807	   6.51	  -1.54	  0.009	0.99962							#	   1.22	  55.81	
    808	   4.79	  -1.13	  0.015	0.99999							#	   0.77	  48.84	
    809	   5.14	  -1.25	  0.012	1.00003							#	   0.89	  42.83	
    810	   5.13	  -1.41	 -0.001	0.99975							#	   1.10	  43.18	
    811	   5.32	  -0.11	  0.011	0.99965							#	   0.93	  51.72	
    812	   4.54	   0.63	 -0.003	0.99935							#	   0.82	  54.80	
    813	   4.57	   0.33	 -0.002	0.99938							#	   0.95	  56.36	
    814	   4.74	   0.55	 -0.006	0.99916							#	   1.07	  51.11	
    815	   2.79	   0.33	  0.004	0.99914							#	   0.59	  44.49	
    816	   3.24	  -0.30	 -0.003	0.99917							#	   0.75	  54.09	
    817	   2.23	  -0.97	  0.010	0.99923							#	   0.54	  63.48	
    818	   1.45	  -0.74	  0.004	0.99941							#	   0.34	  59.29	
    819	   1.56	  -1.19	 -0.001	0.99888							#	   0.45	  43.99	
    820	   1.94	  -0.59	  0.004	0.99907							#	   0.58	  58.59	
    821	   2.26	  -0.96	  0.000	0.99932							#	   0.73	  62.22	
    822	   1.75	  -2.09	 -0.009	0.99956							#	   0.85	  60.61	
    823	   2.17	  -0.04	  0.003	0.99947							#	   0.93	  61.97	
    824	   3.07	  -0.91	  0.008	0.99924							#	   1.10	  55.61	
    825	   1.61	   0.85	  0.009	0.99861							#	   0.50	  46.26	
    826	   1.26	  -2.46	  0.008	0.99861							#	   0.91	  43.23	
    827	   1.68	  -0.15	  0.022	0.99923							#	   0.47	  60.96	
    828	   2.35	  -2.53	  0.003	0.99938							#	   1.11	  63.38	
    829	   2.22	  -2.07	  0.013	0.99950							#	   0.84	  58.69	
    830	   1.67	  -1.51	  0.019	0.99857							#	   0.95	  42.02	
    831	   2.84	   0.02	  0.018	0.99825							#	   1.19	  34.49	
    832	   3.57	  -0.37	  0.027	0.99869							#	   1.39	  32.12	
    833	   4.28	  -0.33	  0.026	0.99960							#	   1.39	  35.40	
    834	   5.90	  -1.29	  0.011	0.99940							#	   1.81	  37.73	
    835	   6.47	  -1.37	  0.018	0.99952							#	   1.60	  32.93	
    836	   8.16	  -1.44	 -0.010	1.00095							#	   2.34	  21.11	
    837	   8.98	  -1.61	  0.014	1.00070							#	   2.36	  20.00	
    838	  11.57	  -2.10	  0.029	1.00022							#	   3.59	  20.40	
    839	  13.99	  -1.90	  0.023	1.00039							#	   3.48	  20.25	
    840	  15.33	  -2.56	  0.021	1.00038							#	   3.03	  17.42	
    841	  16.80	  -5.13	  0.029	1.00026							#	   4.32	  17.73	
    842	  18.16	  -5.73	  0.014	1.00108							#	   4.80	  15.71	
    843	  17.94	  -4.08	  0.019	1.00074							#	   3.22	  15.10	
    844	  19.43	  -6.65	  0.035	1.00040							#	   4.61	  14.65	
    845	  19.95	  -5.18	  0.038	1.00063							#	   4.98	  11.87	
    846	  20.92	  -4.03	  0.041	1.00031							#	   3.91	  12.12	
    847	  20.74	  -4.49	  0.056	1.00026							#	   3.93	  18.59	
    848	  19.50	  -5.01	  0.065	0.99986							#	   4.10	  25.10	
    849	  17.67	  -3.35	  0.054	0.99995							#	   3.61	  21.26	
    850	  17.11	  -0.54	  0.057	0.99968							#	   2.92	  19.14	
    851	  16.87	  -2.39	  0.049	0.99945							#	   3.26	  18.79	
    852	  17.73	  -2.87	  0.046	0.99973							#	   4.27	  20.05	
    853	  16.87	  -1.69	  0.053	0.99991							#	   3.02	  24.85	
    854	  16.91	  -0.93	  0.043	0.99985							#	   3.07	  21.77	
    855	  17.13	  -1.90	  0.040	0.99980							#	   4.00	  20.10	
    856	  16.36	   0.02	  0.064	0.99991							#	   3.56	  20.61	
    857	  17.43	  -0.71	  0.049	0.99974							#	   3.25	  23.08	
    858	  15.99	   0.18	  0.034	0.99990							#	   3.01	  23.08	
    859	  14.73	   0.50	  0.035	0.99964							#	   2.75	  40.10	
    860	  13.68	  -0.37	  0.037	1.00022							#	   2.37	  41.52	
    861	  11.38	  -0.94	  0.029	1.00057							#	   1.68	  36.52	
    862	   9.65	   0.01	  0.016	1.00104							#	   1.56	  30.30	
    863	  10.22	  -0.59	  0.017	1.00080							#	   1.75	  30.86	
    864	   9.73	  -1.57	  0.018	1.00043							#	   1.69	  36.52	
    865	   8.43	   0.23	  0.030	1.00030							#	   1.44	  40.25	
    866	   7.92	  -0.99	  0.013	1.00020							#	   1.53	  39.49	
    867	   7.90	   0.24	  0.000	1.00009							#	   1.49	  47.47	
    868	   7.32	  -0.09	  0.001	0.99974							#	   1.15	  59.09	
    869	   6.20	   0.57	  0.006	0.99981							#	   0.89	  52.32	
    870	   5.47	  -0.82	  0.010	0.99988							#	   0.84	  48.43	
    871	   4.81	   0.49	  0.001	0.99966							#	   0.68	  62.83	
    872	   4.34	  -1.55	 -0.006	0.99959							#	   0.74	  63.08	
    873	   4.23	  -1.32	 -0.000	0.99969							#	   0.83	  62.93	
    874	   3.71	  -1.87	  0.004	0.99969							#	   0.97	  59.44	
    875	   3.18	  -0.60	 -0.006	0.99970							#	   0.79	  61.06	
    876	   2.94	  -1.17	  0.001	0.99976							#	   1.02	  60.20	
    877	   3.21	  -0.78	 -0.004	0.99971							#	   0.96	  60.56	
    878	   2.40	  -1.49	  0.003	0.99960							#	   0.97	  58.69	
    879	   2.58	  -0.67	 -0.008	0.99952							#	   0.98	  61.46	
    880	   1.79	  -1.99	 -0.004	0.99965							#	   1.09	  57.83	
    881	   1.93	   0.48	 -0.002	0.99898							#	   2.78	  48.54	
    882	   4.57	  -1.06	 -0.009	0.99973							#	   0.74	  51.21	
    883	   3.34	   0.38	 -0.012	1.00121							#	   0.93	  26.72	
    884	   4.55	  -1.78	 -0.019	1.00113							#	   1.67	  18.84	
    885	   6.64	  -2.09	 -0.041	1.00172							#	   2.10	  11.36	
    886	  11.09	  -1.15	 -0.068	1.00045							#	   2.43	  25.61	
    887	  11.66	  -0.49	 -0.082	1.00025							#	   2.18	  26.92	
    888	  14.01	  -1.03	 -0.084	1.00010							#	   3.71	  21.31	
    889	  16.31	  -0.34	 -0.089	1.00074							#	   3.52	  20.51	
    890	  18.75	   0.34	 -0.099	1.00098							#	   3.48	  18.84	
    891	  18.58	   0.31	 -0.102	1.00101							#	   3.85	  11.92	
    892	  21.67	  -0.96	 -0.111	1.00157							#	   5.01	  13.23	
    893	  21.46	  -1.14	 -0.071	1.00220							#	   3.48	  12.83	
    894	  24.17	  -1.73	 -0.094	1.00150							#	   5.10	  13.18	
    895	  23.08	  -2.41	 -0.085	1.00148							#	   3.74	  14.44	
    896	  24.32	  -3.03	 -0.075	1.00065							#	   4.42	  16.31	
    897	  23.49	  -3.01	 -0.084	1.00034							#	   4.02	  20.35	
    898	  22.79	  -2.40	 -0.071	1.00006							#	   3.84	  22.07	
    899	  22.23	  -2.92	 -0.083	0.99837							#	   3.84	  20.71	
    900	  23.51	  -2.43	 -0.080	0.99816							#	   4.25	  15.51	
    901	  25.46	  -2.12	 -0.079	0.99806							#	   5.01	  14.24	
    902	  27.79	  -2.87	 -0.081	0.99786							#	   4.55	  14.60	
    903	  30.20	  -3.81	 -0.068	0.99778							#	   6.00	  13.23	
    904	  33.08	  -5.26	 -0.087	0.99686							#	   4.87	   9.34	
    905									skipped		#	   4.20	   7.88	
    906									skipped		#	   3.46	   4.49	
    907									skipped		#	   3.12	   6.16	
    908									skipped		#	   2.87	   6.16	
    909									skipped		#	   3.03	   4.85	
    910									skipped		#	   3.31	   5.61	
    911									skipped		#	   3.53	   4.80	
    912									skipped		#	   3.78	   5.86	
    913									skipped		#	   4.33	   4.95	
    914									skipped		#	   4.56	   7.58	
    915	  39.45	  -6.91	  0.030	1.00117							#	   4.42	   9.70	
    916	  37.32	  -6.76	  0.044	1.00143							#	   4.73	   9.09	
    917	  37.63	  -4.31	  0.035	1.00115							#	   4.90	   9.09	
    918	  35.89	  -3.83	  0.020	1.00021							#	   5.24	  10.30	
    919	  35.03	  -3.77	  0.018	1.00086							#	   4.82	  11.21	
    920	  32.29	  -1.95	  0.018	1.00039							#	   6.55	   8.74	
    921	  31.95	  -0.53	 -0.007	1.00056							#	   5.07	  12.32	
    922	  31.09	  -0.74	 -0.013	1.00036							#	   5.64	  14.39	
    923	  30.37	  -0.09	 -0.015	1.00063							#	   5.43	  11.97	
    924	  30.08	   0.79	 -0.041	1.00006							#	   5.34	  12.83	
    925	  28.51	  -1.81	 -0.058	1.00002							#	   4.69	  12.68	
    926	  28.16	  -1.25	 -0.102	1.00035							#	   4.83	  14.04	
    927	  27.32	  -1.47	 -0.117	1.00021							#	   4.44	  14.60	
    928	  25.95	  -1.81	 -0.104	1.00034							#	   4.19	  14.70	
    929	  24.38	  -0.56	 -0.122	1.00035							#	   3.85	  15.76	
    930	  22.86	  -1.81	 -0.110	0.99991							#	   3.75	  12.27	
    931	  21.40	  -1.72	 -0.111	1.00040							#	   3.23	  15.45	
    932	  20.36	  -0.77	 -0.082	1.00024							#	   3.09	  21.16	
    933	  18.84	  -1.54	 -0.082	1.00021							#	   2.47	  20.96	
    934	  16.86	  -2.90	 -0.076	1.00025							#	   2.11	  22.22	
    935	  15.94	  -2.96	 -0.074	1.00071							#	   2.20	  26.82	
    936	  14.24	  -3.71	 -0.077	1.00060							#	   1.67	  28.84	
    937	  12.90	  -2.59	 -0.066	1.00011							#	   1.34	  38.54	
    938	  11.26	  -3.03	 -0.067	0.99974							#	   1.30	  38.69	
    939	  10.59	  -4.70	 -0.053	0.99988							#	   1.62	  35.51	
    940	   9.76	  -4.76	 -0.058	0.99948							#	   1.78	  31.77	
    941	  10.05	  -4.12	 -0.095	0.99993							#	   1.73	  36.31	
    942	   8.48	  -2.40	 -0.097	0.99994							#	   1.58	  38.74	
    943	   9.04	  -4.71	 -0.104	0.99998							#	   1.69	  50.45	
    944	   8.36	  -4.51	 -0.099	1.00029							#	   1.62	  58.08	
    945	   8.38	  -3.83	 -0.097	1.00003							#	   1.59	  51.97	
    946	   8.17	  -3.65	 -0.094	1.00009							#	   1.95	  51.21	
    947	   7.23	  -3.26	 -0.088	1.00044							#	   2.00	  38.69	
    948	   6.47	  -2.61	 -0.080	1.00073							#	   2.08	  34.04	
    949	   6.43	  -4.02	 -0.090	1.00021							#	   1.99	  36.11	
    950	   8.00	  -4.99	 -0.085	1.00039							#	   2.22	  40.86	
    951	   7.64	  -4.37	 -0.072	0.99984							#	   2.10	  45.66	
    952	   7.16	  -3.10	 -0.071	1.00000							#	   1.87	  52.83	
    953	   7.30	  -4.45	 -0.055	0.99981							#	   1.90	  52.98	
    954	   6.72	  -4.84	 -0.059	1.00008							#	   1.96	  43.33	
    955	   6.46	  -3.96	 -0.046	1.00040							#	   2.01	  37.47	
    956	   7.01	  -4.29	 -0.045	1.00026							#	   2.24	  36.67	
    957	   6.24	  -3.17	 -0.052	1.00059							#	   2.01	  38.79	
    958	   6.55	  -3.70	 -0.044	1.00023							#	   2.21	  40.56	
    959	   7.10	  -4.22	 -0.048	1.00054							#	   2.18	  38.74	
    960	   7.01	  -3.32	 -0.055	0.99982							#	   2.26	  42.68	
    961	   6.92	  -3.08	 -0.047	1.00001							#	   2.13	  51.41	
    962	   6.36	  -3.29	 -0.043	0.99983							#	   2.07	  53.13	
    963	   6.37	  -2.66	 -0.052	0.99991							#	   2.05	  52.93	
    964	   6.23	  -2.65	 -0.044	0.99991							#	   2.10	  55.96	
    965	   6.30	  -2.90	 -0.057	0.99990							#	   2.30	  46.31	
    966	   5.37	  -1.91	 -0.049	1.00028							#	   2.19	  38.08	
    967	   6.31	  -1.60	 -0.051	1.00036							#	   2.27	  42.93	
    968	   5.31	  -1.72	 -0.052	1.00024							#	   2.18	  38.28	
    969	   6.71	  -2.04	 -0.052	1.00007							#	   2.26	  52.88	
    970	   5.55	  -1.98	 -0.055	1.00010							#	   1.98	  61.16	
    971	   5.94	  -1.61	 -0.060	0.99998							#	   1.73	  63.54	
    972	   5.39	  -1.49	 -0.055	0.99952							#	   1.42	  49.90	
    973	   5.69	  -1.81	 -0.065	0.99966							#	   1.27	  47.12	
    974	   5.83	  -2.33	 -0.056	0.99988							#	   1.25	  57.12	
    975	   5.89	  -2.78	 -0.057	0.99972							#	   1.28	  51.72	
    976	   4.90	  -1.49	 -0.066	1.00065							#	   1.29	  41.52	
    977	   6.10	  -0.95	 -0.051	1.00033							#	   1.69	  39.14	
    978	   6.41	  -0.67	 -0.059	1.00010							#	   1.63	  39.49	
    979	   6.43	  -2.41	 -0.055	1.00033							#	   2.17	  37.32	
    980	   6.66	   0.02	 -0.044	1.00034							#	   1.92	  39.09	
    981	   7.13	  -1.37	 -0.058	0.99957							#	   1.85	  49.70	
    982	   6.37	  -1.65	 -0.045	0.99984							#	   2.22	  46.77	
    983	   5.58	  -0.36	 -0.028	0.99918							#	   1.85	  44.39	
    984	   6.43	  -0.86	 -0.033	0.99963							#	   2.54	  51.97	
    985	   5.91	  -0.01	 -0.030	0.99970							#	   2.09	  51.77	
    986	   6.23	  -2.05	 -0.019	0.99987							#	   2.48	  61.46	
    987	   5.23	  -0.86	 -0.029	1.00002							#	   2.58	  55.51	
    988	   5.27	  -1.23	 -0.020	0.99988							#	   2.32	  59.80	
    989	   5.51	  -1.71	 -0.031	1.00018							#	   2.34	  61.11	
    990	   4.22	  -1.60	 -0.014	1.00006							#	   2.08	  54.24	
    991	   3.68	  -1.46	 -0.014	1.00014							#	   1.63	  60.61	
    992	   3.66	  -0.60	 -0.001	1.00005							#	   1.43	  61.62	
    993	   3.23	  -1.35	 -0.010	1.00001							#	   1.34	  60.35	
    994	   3.13	  -1.18	 -0.003	0.99988							#	   1.56	  59.85	
    995	   1.83	   0.92	 -0.005	0.99994							#	   1.46	  65.10	
    996	   1.83	   0.75	 -0.006	1.00003							#	   1.55	  56.31	
    997	   1.22	  -0.17	 -0.012	1.00040							#	   2.15	  46.26	
    998	   1.96	  -1.52	 -0.015	0.99985							#	   1.85	  44.55	
    999	   2.91	  -1.34	 -0.032	0.99975							#	   2.18	  51.26	
   1000	   1.99	  -2.17	 -0.030	0.99959							#	   2.11	  50.00	
   1001	   2.22	  -0.82	 -0.028	0.99894							#	   2.32	  33.08	
   1002	   1.47	  -0.12	 -0.035	0.99965							#	   2.12	  41.16	
   1003	   2.10	  -0.33	 -0.050	0.99966							#	   2.41	  33.94	
   1004	   2.49	   0.29	 -0.040	1.00011							#	   2.36	  46.62	
   1005	   1.68	   1.03	 -0.041	1.00008							#	   2.06	  56.41	
   1006	   1.06	  -0.49	 -0.046	0.99973							#	   1.95	  44.04	
   1007	   0.77	  -1.01	 -0.043	1.00026							#	   2.08	  51.97	
   1008	   1.76	  -0.71	 -0.027	0.99776							#	   2.36	  53.74	
   1009	   1.90	  -0.93	 -0.019	1.00015							#	   2.45	  60.71	
   1010	   1.66	  -0.18	 -0.004	1.00287							#	   2.62	  52.47	
   1011	   1.46	  -0.27	 -0.005	1.00284							#	   2.59	  50.20	
   1012	   1.73	  -0.41	  0.006	0.99937							#	   2.83	  51.31	
   1013	   1.47	   0.39	 -0.003	0.99642							#	   3.04	  62.47	
   1014	   0.94	  -0.94	  0.006	0.99990							#	   2.13	  61.62	
   1015	   1.69	  -1.44	 -0.006	1.00285							#	   1.93	  56.62	
   1016	   3.13	  -1.27	  0.004	0.99973							#	   1.92	  47.88	
   1017	   2.16	  -0.04	  0.012	0.99593							#	   2.00	  34.04	
   1018	   1.57	   0.60	  0.015	0.99912							#	   1.09	  33.59	
   1019	   1.53	  -0.18	  0.012	0.99919							#	   0.68	  34.75	
   1020	   2.03	   0.72	  0.015	0.99920							#	   0.27	  31.16	
   1021	   3.15	   1.48	  0.025	0.99604							#	   0.43	  56.87	
   1022	   2.12	   0.02	  0.013	0.99938							#	   0.18	  56.72	
   1023	   1.73	   0.32	  0.012	0.99935							#	   0.26	  58.18	
   1024	   3.52	  -0.75	  0.008	0.99980							#	   0.49	  56.52	
   1025	   2.46	  -1.22	  0.005	1.00139							#	   0.52	  58.38	
   1026	   3.48	   0.85	  0.015	1.00064							#	   0.69	  57.47	
   1027	   2.51	   2.26	  0.008	0.99963							#	   0.82	  55.81	
   1028	   3.47	   0.04	  0.023	0.99940							#	   0.96	  55.20	
   1029	   2.68	   0.64	  0.013	0.99935							#	   0.73	  55.30	
   1030	   2.32	  -0.79	  0.011	0.99971							#	   0.78	  58.28	
   1031	   3.15	  -0.01	  0.007	0.99975							#	   0.95	  58.94	
   1032	   3.05	  -0.67	  0.013	0.99962							#	   0.75	  62.63	
   1033	   2.57	  -1.43	  0.012	0.99965							#	   0.89	  60.40	
   1034	   2.43	  -0.59	  0.009	0.99976							#	   0.73	  61.26	
   1035	   3.43	   0.07	  0.002	0.99977							#	   0.95	  61.77	
   1036	   1.97	   1.90	  0.012	0.99971							#	   1.05	  62.83	
   1037	   2.45	   0.85	  0.005	0.99976							#	   1.00	  60.20	
   1038	   1.85	   1.53	  0.009	0.99955							#	   1.05	  61.72	
   1039	   2.30	   1.45	  0.017	0.99839							#	   1.05	  61.01	
   1040	   2.92	   1.48	  0.010	0.99952							#	   0.92	  56.26	
   1041	   2.74	   0.28	  0.009	0.99882							#	   0.87	  62.73	
   1042	   3.59	   0.93	  0.009	0.99993							#	   0.85	  51.36	
   1043	   4.07	   0.31	  0.021	1.00018							#	   0.89	  50.66	
   1044	   4.21	   3.08	  0.024	1.00019							#	   1.14	  44.65	
   1045	   3.80	   2.29	  0.038	1.00072							#	   1.07	  30.96	
   1046	   5.40	   3.23	  0.037	1.00081							#	   1.52	  28.59	
   1047	   5.60	   1.37	  0.046	1.00053							#	   1.25	  24.55	
   1048	   6.83	   3.63	  0.018	1.00026							#	   1.37	  37.83	
   1049	   7.82	   4.04	  0.019	0.99998							#	   1.42	  37.02	
   1050	   7.77	   5.01	  0.027	1.00013							#	   1.38	  37.42	
   1051	   7.21	   4.29	  0.038	0.99991							#	   1.22	  48.94	
   1052	   6.97	   5.59	  0.035	1.00004							#	   1.38	  48.94	
   1053	   7.50	   4.71	  0.030	0.99965							#	   1.27	  50.40	
   1054	   7.62	   5.95	  0.025	1.00003							#	   1.66	  39.04	
   1055	   7.29	   6.29	  0.046	1.00026							#	   1.42	  32.93	
   1056	   9.32	   3.56	  0.041	1.00080							#	   1.94	  24.65	
   1057	  10.46	   4.17	  0.038	1.00092							#	   1.68	  27.17	
   1058	  11.82	   3.55	  0.037	1.00103							#	   1.85	  30.00	
   1059	  12.69	   3.19	  0.028	1.00030							#	   1.97	  32.88	
   1060	  13.34	   2.48	  0.036	1.00033							#	   2.13	  28.33	
   1061	  13.88	   3.30	  0.051	1.00075							#	   2.16	  23.08	
   1062	  15.33	   2.63	  0.033	1.00045							#	   2.37	  25.40	
   1063	  15.27	   4.58	  0.029	0.99962							#	   2.06	  26.36	
   1064	  14.75	   2.95	  0.021	0.99992							#	   1.81	  23.59	
   1065	  14.52	   3.29	  0.026	1.00058							#	   1.89	  29.90	
   1066	  12.82	   4.33	  0.030	0.99984							#	   1.71	  43.08	
   1067	  11.86	   2.96	  0.031	1.00019							#	   1.25	  43.38	
   1068	  10.38	   3.95	  0.032	1.00001							#	   1.07	  45.56	
   1069	   8.70	   3.52	  0.032	1.00002							#	   0.89	  44.65	
   1070	   7.55	   3.75	  0.034	0.99978							#	   0.87	  39.29	
   1071	   7.39	   3.35	  0.033	1.00117							#	   0.85	  39.09	
   1072	   7.58	   4.24	  0.029	1.00015							#	   1.10	  41.62	
   1073	   7.12	   4.92	  0.039	1.00022							#	   1.23	  42.68	
   1074	   7.01	   4.54	  0.048	0.99997							#	   1.16	  45.66	
   1075	   7.50	   4.28	  0.039	0.99990							#	   1.10	  46.62	
   1076	   6.74	   5.77	  0.036	0.99979							#	   1.27	  43.89	
   1077	   6.59	   6.95	  0.029	0.99990							#	   1.42	  36.67	
   1078	   7.34	   6.91	  0.038	1.00001							#	   1.57	  42.63	
   1079	   5.68	   8.82	  0.024	0.99989							#	   1.33	  43.54	
   1080	   5.58	   7.53	  0.033	0.99965							#	   1.22	  38.03	
   1081	   4.74	   7.26	  0.036	0.99973							#	   1.08	  44.14	
   1082	   4.14	   4.98	  0.046	0.99978							#	   0.74	  47.53	
   1083	   3.53	   4.63	  0.029	1.00010							#	   0.64	  48.08	
   1084	   2.91	   3.85	  0.026	1.00011							#	   0.54	  48.59	
   1085	   2.28	   4.75	  0.020	1.00018							#	   0.52	  50.56	
   1086	   1.99	   4.19	  0.025	1.00055							#	   0.54	  46.31	
   1087	   1.01	   3.14	  0.029	1.00037							#	   0.52	  45.30	
   1088	   1.61	   2.25	  0.017	1.00043							#	   0.41	  44.80	
   1089	   1.94	   2.46	  0.011	0.99998							#	   0.40	  55.05	
   1090	   0.06	   3.33	  0.005	0.99951							#	   0.41	  56.57	
   1091	   0.65	   2.70	  0.009	0.99991							#	   0.34	  53.28	
   1092	   0.37	   1.76	  0.012	1.00020							#	   0.30	  54.60	
   1093	   1.30	   1.92	  0.008	1.00014							#	   0.29	  54.04	
   1094	   0.67	   2.50	  0.002	1.00001							#	   0.29	  53.38	
   1095	  -0.46	   4.04	  0.013	1.00000							#	   0.50	  53.94	
   1096	   0.44	   2.60	  0.011	1.00007							#	   0.31	  49.85	
   1097	   1.20	   2.42	  0.016	0.99980							#	   0.31	  51.82	
   1098	   1.08	   2.10	  0.017	0.99969							#	   0.29	  51.01	
   1099	   1.02	   0.97	  0.011	0.99973							#	   0.26	  53.38	
   1100	   1.07	  -0.07	  0.014	1.00005							#	   0.25	  53.89	
   1101	   0.67	   1.36	  0.012	1.00009							#	   0.27	  52.63	
   1102	   0.47	   0.74	  0.005	1.00003							#	   0.23	  52.58	
   1103	  -0.37	   0.96	  0.018	1.00023							#	   0.27	  54.39	
   1104	   0.66	   0.44	  0.007	1.00011							#	   0.22	  53.84	
   1105	   1.37	   2.75	  0.012	0.99979							#	   0.39	  54.95	
   1106	   0.04	   1.66	  0.011	0.99981							#	   0.26	  50.76	
   1107	  -0.33	   3.34	  0.002	0.99974							#	   0.44	  55.00	
   1108	  -1.50	   1.88	  0.001	0.99995							#	   0.36	  51.01	
   1109	   0.26	   0.71	  0.013	1.00009							#	   0.20	  52.42	
   1110	   0.65	   0.12	  0.017	0.99996							#	   0.20	  52.17	
   1111	   0.39	   1.26	  0.003	1.00001							#	   0.21	  58.28	
   1112	  -0.93	   2.85	  0.007	0.99990							#	   0.33	  58.33	
   1113	  -1.08	   1.14	  0.003	0.99993							#	   0.24	  55.05	
   1114	  -0.50	   1.13	  0.004	0.99995							#	   0.18	  56.77	
   1115	   0.39	   0.37	  0.006	1.00020							#	   0.15	  57.88	
   1116	  -0.48	   1.18	 -0.000	1.00003							#	   0.19	  55.81	
   1117	  -1.52	   1.89	 -0.004	0.99976							#	   0.29	  58.18	
   1118	  -0.84	   1.70	  0.008	0.99977							#	   0.29	  56.62	
   1119	  -1.56	   1.73	  0.009	1.00002							#	   0.39	  57.58	
   1120	  -1.65	   0.81	  0.002	1.00004							#	   0.38	  51.72	
   1121	  -1.56	   0.28	  0.006	1.00029							#	   0.36	  52.83	
   1122	  -1.36	   1.71	  0.004	0.99998							#	   0.35	  53.43	
   1123	  -1.28	   0.58	 -0.003	1.00017							#	   0.34	  55.35	
   1124	  -2.38	   1.76	 -0.000	1.00015							#	   0.48	  50.35	
   1125	  -1.89	   1.42	  0.002	0.99996							#	   0.39	  47.12	
   1126	  -0.82	   1.46	 -0.010	0.99988							#	   0.28	  52.83	
   1127	  -1.68	   1.70	  0.005	0.99969							#	   0.37	  51.62	
   1128	  -2.14	   1.48	 -0.005	1.00010							#	   0.46	  54.49	
   1129	  -2.68	   0.74	 -0.001	0.99983							#	   0.45	  53.54	
   1130	  -2.98	   1.05	 -0.007	0.99994							#	   0.49	  53.94	
   1131	  -2.47	   1.35	 -0.010	1.00007							#	   0.47	  53.99	
   1132	  -2.75	   1.29	 -0.005	1.00007							#	   0.47	  49.95	
   1133	  -2.18	   0.43	 -0.003	1.00009							#	   0.38	  56.11	
   1134	  -3.01	   1.23	  0.002	1.00011							#	   0.49	  56.46	
   1135	  -2.43	   1.88	 -0.002	1.00002							#	   0.44	  56.67	
   1136	  -2.95	   0.95	 -0.007	1.00023							#	   0.47	  53.38	
   1137	  -2.79	   1.71	 -0.012	0.99997							#	   0.48	  53.03	
   1138	  -3.09	   1.54	  0.001	1.00025							#	   0.68	  52.37	
   1139	  -3.03	   1.97	  0.004	0.99992							#	   0.56	  59.34	
   1140	  -3.04	   0.37	  0.001	1.00012							#	   0.61	  49.70	
   1141	  -2.74	   0.19	 -0.009	1.00003							#	   0.49	  58.48	
   1142	  -3.20	   1.35	  0.005	1.00008							#	   0.56	  56.92	
   1143	  -3.05	   2.08	 -0.009	1.00011							#	   0.51	  58.54	
   1144	  -3.15	   0.72	 -0.007	1.00016							#	   0.47	  54.85	
   1145	  -2.57	   1.62	 -0.007	1.00003							#	   0.38	  58.13	
   1146	  -3.02	   0.97	 -0.010	0.99990							#	   0.52	  61.87	
   1147	  -3.13	  -0.08	 -0.012	1.00001							#	   0.55	  62.27	
   1148	  -3.30	   1.78	 -0.009	1.00003							#	   0.50	  60.51	
   1149	  -3.46	   0.62	  0.002	1.00015							#	   0.52	  56.82	
   1150	  -2.25	   0.84	 -0.004	1.00034							#	   0.34	  51.67	
   1151	  -2.51	   1.89	 -0.010	0.99998							#	   0.43	  58.59	
   1152	  -2.45	   1.87	 -0.013	0.99994							#	   0.37	  57.37	
   1153	  -2.54	  -0.48	 -0.015	0.99997							#	   0.36	  59.65	
   1154	  -2.78	   1.43	 -0.008	1.00009							#	   0.46	  59.85	
   1155	  -2.13	  -0.35	 -0.015	1.00005							#	   0.41	  60.25	
   1156	  -2.65	  -0.07	 -0.011	1.00006							#	   0.48	  59.55	
   1157	  -2.80	   0.70	 -0.017	1.00009							#	   0.50	  58.94	
   1158	  -2.63	   1.77	 -0.020	1.00013							#	   0.54	  58.03	
   1159	  -0.70	   1.19	 -0.003	1.00003							#	   0.31	  59.65	
   1160	  -0.99	   2.09	  0.000	1.00000							#	   0.31	  62.68	
   1161	  -1.00	   1.52	  0.006	0.99976							#	   0.21	  57.78	
   1162	  -1.59	   1.02	  0.000	1.00007							#	   0.28	  63.28	
   1163	  -1.60	   0.93	 -0.004	0.99994							#	   0.31	  60.61	
   1164	  -0.84	  -0.43	  0.006	0.99998							#	   0.21	  60.86	
   1165	  -0.94	   0.79	 -0.014	1.00009							#	   0.21	  63.03	
   1166	  -1.35	   0.61	 -0.002	0.99998							#	   0.22	  62.78	
   1167	  -1.89	   0.41	 -0.005	1.00019							#	   0.28	  61.77	
   1168	  -1.01	   1.60	 -0.010	1.00004							#	   0.23	  61.72	
   1169	  -1.40	   1.56	 -0.004	0.99997							#	   0.29	  60.66	
   1170	  -1.28	   0.66	  0.004	1.00003							#	   0.29	  54.80	
   1171	  -1.90	   0.86	 -0.007	1.00003							#	   0.30	  63.13	
   1172	  -1.68	   0.92	 -0.005	0.99994							#	   0.25	  63.43	
   1173	  -2.15	   0.24	 -0.008	1.00012							#	   0.55	  63.99	
   1174	  -1.39	   0.65	 -0.016	1.00004							#	   0.21	  64.39	
   1175	  -1.75	   0.70	 -0.017	0.99999							#	   0.27	  64.19	
   1176	  -2.15	   0.77	 -0.013	1.00002							#	   0.35	  65.40	
   1177	  -1.49	   0.41	 -0.016	1.00005							#	   0.22	  66.06	
   1178	  -4.07	   0.24	 -0.009	1.00019							#	   0.71	  66.16	
   1179	  -3.48	   0.76	 -0.014	1.00014							#	   0.55	  63.89	
   1180	  -4.43	   0.35	 -0.018	1.00018							#	   0.69	  61.82	
   1181	  -3.43	  -0.75	 -0.012	1.00016							#	   0.47	  61.87	
   1182	  -3.79	   0.16	 -0.010	1.00026							#	   0.54	  59.65	
   1183	  -3.27	   0.05	 -0.010	1.00025							#	   0.51	  56.72	
   1184	  -3.05	  -0.18	 -0.015	1.00029							#	   0.55	  52.93	
   1185	  -2.95	  -1.09	 -0.014	1.00028							#	   0.52	  53.94	
   1186	  -2.76	  -0.95	 -0.016	1.00020							#	   0.45	  55.00	
   1187	  -0.70	  -0.49	 -0.013	1.00008							#	   0.12	  59.65	
   1188	  -1.36	  -1.03	 -0.014	1.00013							#	   0.20	  60.10	
   1189	  -1.89	  -0.18	 -0.012	1.00006							#	   0.25	  61.36	
   1190	  -1.68	  -0.17	 -0.019	1.00011							#	   0.27	  60.56	
   1191	  -1.88	  -0.60	 -0.006	0.99997							#	   0.28	  59.85	
   1192	  -1.90	   0.05	 -0.013	1.00012							#	   0.29	  62.12	
   1193	  -2.17	   0.33	 -0.009	1.00008							#	   0.34	  60.40	
   1194	  -2.42	   0.12	 -0.014	1.00003							#	   0.39	  60.81	
   1195	  -2.11	  -0.49	 -0.012	1.00017							#	   0.30	  56.97	
   1196	  -1.12	  -0.38	 -0.009	0.99997							#	   0.17	  63.89	
   1197	  -0.58	  -1.15	 -0.001	0.99996							#	   0.18	  60.91	
   1198	  -1.42	  -1.32	 -0.010	1.00008							#	   0.24	  62.93	
   1199	  -1.93	  -1.56	 -0.024	1.00017							#	   0.39	  61.06	
   1200	  -1.62	  -1.71	 -0.013	1.00012							#	   0.37	  53.59	
   1201	  -0.93	  -2.18	 -0.023	1.00019							#	   0.29	  60.81	
   1202	  -1.07	  -1.49	 -0.013	1.00001							#	   0.33	  62.47	
   1203	  -1.16	  -2.15	 -0.017	1.00008							#	   0.52	  62.22	
   1204	  -1.93	  -4.84	 -0.016	1.00017							#	   1.04	  58.94	
   1205	  -1.40	  -5.74	 -0.015	1.00025							#	   0.80	  55.56	
   1206	  -2.05	  -7.05	 -0.020	1.00023							#	   1.39	  52.22	
   1207	  -1.25	  -7.60	 -0.023	1.00021							#	   0.96	  51.41	
   1208	  -0.06	  -9.13	 -0.034	1.00041							#	   1.36	  48.28	
   1209	  -0.01	  -6.69	 -0.021	1.00012							#	   0.85	  51.97	
   1210	  -1.29	  -8.30	 -0.023	1.00013							#	   1.16	  54.90	
   1211	  -1.23	  -7.70	 -0.015	1.00024							#	   0.93	  52.78	
   1212	  -1.94	  -7.49	 -0.014	1.00017							#	   1.02	  57.02	
   1213	  -2.03	  -6.57	 -0.024	1.00009							#	   0.90	  55.15	
   1214	  -0.36	  -5.86	 -0.031	1.00019							#	   0.65	  58.13	
   1215	  -0.46	  -6.16	 -0.033	1.00005							#	   0.77	  58.79	
   1216	  -0.89	  -6.31	 -0.037	0.99995							#	   0.82	  57.68	
   1217	  -1.05	  -4.57	 -0.019	1.00006							#	   0.58	  59.70	
   1218	  -0.19	  -3.75	 -0.016	1.00078							#	   0.57	  62.02	
   1219	  -1.72	  -3.78	 -0.016	1.00018							#	   0.75	  61.92	
   1220	  -1.41	  -2.84	 -0.010	1.00017							#	   0.66	  60.30	
   1221	  -0.90	  -2.64	 -0.006	1.00002							#	   0.60	  62.07	
   1222	  -0.51	  -3.52	 -0.013	1.00008							#	   0.69	  62.22	
   1223	  -1.18	  -2.16	 -0.016	1.00007							#	   0.66	  62.42	
   1224	  -1.47	  -1.32	 -0.012	1.00006							#	   0.65	  61.31	
   1225	  -0.76	  -1.04	 -0.015	1.00013							#	   0.57	  63.28	
   1226	  -0.70	  -0.98	 -0.020	1.00007							#	   0.51	  63.03	
   1227	  -0.65	   0.04	 -0.010	1.00008							#	   0.60	  64.65	
   1228	  -0.32	   0.23	 -0.014	0.99998							#	   0.51	  63.59	
   1229	  -0.34	  -0.26	 -0.017	1.00005							#	   0.54	  64.04	
   1230	  -0.16	  -0.37	 -0.015	1.00031							#	   0.64	  55.96	
   1231	   0.37	  -0.16	 -0.013	1.00013							#	   0.60	  64.09	
   1232	  -0.26	  -0.84	 -0.011	1.00010							#	   0.71	  62.63	
   1233	  -0.51	  -0.14	 -0.008	1.00001							#	   0.92	  61.52	
   1234	  -0.13	  -0.75	 -0.011	0.99991							#	   0.86	  60.30	
   1235	   0.66	   0.24	 -0.017	0.99998							#	   0.99	  59.60	
   1236	   0.65	  -0.38	 -0.016	0.99999							#	   1.04	  60.76	
   1237	   0.08	  -0.79	 -0.018	0.99996							#	   1.02	  58.13	
   1238	   0.09	  -2.24	 -0.016	1.00004							#	   1.17	  61.11	
   1239	  -0.21	  -1.18	 -0.017	1.00012							#	   1.21	  60.00	
   1240	  -0.30	  -0.61	 -0.021	1.00009							#	   1.00	  60.86	
   1241	   0.29	  -0.68	 -0.014	1.00004							#	   1.21	  60.20	
   1242	   0.45	  -0.98	 -0.017	1.00006							#	   1.18	  60.10	
   1243	   0.33	  -0.60	 -0.018	0.99998							#	   1.56	  60.20	
   1244	   0.10	  -0.53	 -0.015	1.00008							#	   1.21	  58.54	
   1245	   0.31	  -1.31	 -0.012	1.00007							#	   1.70	  56.52	
   1246	   0.19	  -2.75	 -0.020	1.00019							#	   1.24	  57.98	
   1247	  -0.17	  -1.65	 -0.009	1.00018							#	   1.65	  58.94	
   1248	  -0.12	  -2.53	 -0.005	1.00012							#	   1.22	  56.97	
   1249	   0.16	  -2.48	 -0.014	1.00009							#	   1.71	  58.64	
   1250	   0.66	  -5.16	 -0.006	1.00009							#	   1.28	  57.73	
   1251	  -0.06	  -5.43	 -0.005	1.00025							#	   1.81	  54.85	
   1252	  -0.58	  -6.09	 -0.007	1.00030							#	   1.41	  52.83	
   1253	   0.12	  -6.81	 -0.005	1.00034							#	   1.62	  48.64	
   1254	   0.32	  -8.38	 -0.002	1.00033							#	   1.74	  49.39	
   1255	   0.50	  -8.36	 -0.002	1.00043							#	   1.58	  50.56	
   1256	   0.21	  -9.11	 -0.004	1.00029							#	   1.50	  47.02	
   1257	   0.17	  -9.03	 -0.017	1.00025							#	   1.20	  42.63	
   1258	   0.07	 -10.60	 -0.011	1.00043							#	   1.58	  48.94	
   1259	  -0.72	 -12.32	 -0.009	1.00039							#	   1.83	  47.68	
   1260	  -0.27	 -12.60	 -0.014	1.00029							#	   1.69	  44.19	
   1261	   0.40	 -13.01	 -0.011	1.00047							#	   1.42	  45.45	
   1262	   0.69	 -13.33	 -0.006	1.00050							#	   1.39	  37.53	
   1263	   0.97	 -12.99	 -0.018	1.00051							#	   1.29	  37.63	
   1264	   0.21	 -13.07	 -0.018	1.00063							#	   1.25	  41.87	
   1265	   0.54	 -13.98	 -0.019	1.00066							#	   1.33	  39.29	
   1266	   0.90	 -13.18	 -0.016	1.00059							#	   1.32	  41.67	
   1267	   0.58	 -14.73	 -0.024	1.00064							#	   1.63	  38.84	
   1268	  -0.22	 -16.26	 -0.014	1.00059							#	   1.72	  40.35	
   1269	  -0.27	 -15.64	 -0.019	1.00061							#	   1.53	  40.86	
   1270	   0.18	 -17.06	 -0.022	1.00060							#	   1.87	  37.17	
   1271	   0.23	 -15.00	 -0.011	1.00060							#	   1.27	  38.43	
   1272	   0.38	 -15.39	 -0.020	1.00038							#	   1.47	  34.44	
   1273	  -0.08	 -14.64	 -0.015	1.00032							#	   1.39	  38.18	
   1274	   0.29	 -15.22	 -0.003	1.00034							#	   1.35	  38.13	
   1275	   0.47	 -13.97	 -0.001	1.00049							#	   1.28	  38.84	
   1276	   0.28	 -13.35	 -0.011	1.00034							#	   1.33	  40.61	
   1277	  -0.60	 -13.54	 -0.001	1.00044							#	   1.42	  47.58	
   1278	  -0.18	 -14.10	  0.000	1.00056							#	   1.58	  47.42	
   1279	  -0.65	 -12.17	 -0.012	1.00052							#	   1.20	  47.83	
   1280	   0.05	 -10.48	 -0.007	1.00029							#	   0.91	  53.54	
   1281	  -0.12	  -9.58	 -0.000	1.00022							#	   0.96	  58.48	
   1282	  -1.60	  -8.53	 -0.007	1.00032							#	   0.87	  61.36	
   1283	  -0.49	  -7.35	 -0.016	1.00007							#	   0.75	  62.98	
   1284	  -0.68	  -7.89	 -0.010	1.00025							#	   0.99	  61.97	
   1285	  -0.76	  -6.15	 -0.010	1.00039							#	   0.83	  62.17	
   1286	  -0.38	  -6.22	 -0.012	1.00026							#	   1.01	  67.07	
   1287	  -0.15	  -6.15	 -0.003	0.99988							#	   1.15	  66.62	
   1288	   0.28	  -6.97	 -0.009	0.99994							#	   1.08	  59.60	
   1289	  -0.50	  -4.30	 -0.016	1.00025							#	   1.18	  66.57	
   1290	  -0.51	  -4.75	 -0.007	1.00011							#	   1.04	  63.99	
   1291	  -0.68	  -3.24	 -0.011	1.00008							#	   1.35	  68.59	
   1292	  -1.14	  -4.64	 -0.018	1.00011							#	   1.17	  70.56	
   1293	  -0.59	  -3.51	 -0.016	1.00004							#	   1.50	  69.04	
   1294	  -0.85	  -3.99	 -0.007	1.00012							#	   1.22	  68.94	
   1295	  -0.53	  -3.33	 -0.007	1.00011							#	   1.38	  69.65	
   1296	  -0.84	  -3.12	 -0.013	1.00007							#	   1.21	  71.06	
   1297	  -0.26	  -2.83	 -0.020	0.99997							#	   1.42	  71.46	
   1298	  -0.25	  -3.01	 -0.005	1.00007							#	   1.16	  70.40	
   1299	  -0.61	  -2.14	 -0.012	1.00009							#	   1.44	  71.72	
   1300	  -0.24	  -2.49	 -0.000	1.00005							#	   1.00	  71.01	
   1301	  -0.95	  -1.58	 -0.001	1.00002							#	   1.36	  70.25	
   1302	  -1.65	  -2.00	 -0.007	1.00008							#	   1.12	  70.61	
   1303	  -0.58	  -2.57	 -0.015	1.00003							#	   1.35	  70.86	
   1304	  -0.59	  -2.06	 -0.011	1.00003							#	   1.05	  72.58	
   1305	  -0.09	  -1.95	 -0.013	1.00002							#	   1.10	  72.58	
   1306	  -0.85	  -1.28	 -0.012	1.00006							#	   0.79	  73.18	
   1307	  -0.49	  -1.33	 -0.010	0.99994							#	   0.80	  72.17	
   1308	  -0.90	  -0.95	 -0.011	1.00003							#	   0.63	  74.44	
   1309	  -0.37	  -1.04	 -0.007	1.00000							#	   0.83	  72.42	
   1310	  -0.08	  -1.32	  0.002	0.99999							#	   0.66	  72.88	
   1311	  -1.41	  -0.31	  0.005	1.00011							#	   0.98	  71.57	
   1312	  -1.56	  -1.34	 -0.001	1.00008							#	   0.95	  71.21	
   1313	  -1.44	   1.15	 -0.010	1.00019							#	   0.80	  66.01	
   1314	  -0.74	   0.87	 -0.004	0.99980							#	   0.73	  67.63	
   1315	   0.81	  -0.55	 -0.011	0.99968							#	   0.61	  71.97	
   1316	   0.58	  -2.86	  0.001	1.00006							#	   0.62	  52.78	
