      1	  -3.36	  -1.73	 -0.022	0.99899							#	   0.29	  77.17	
      2	  -3.32	  -1.70	 -0.022	0.99899							#	   0.91	  75.05	
      3	  -3.63	  -1.42	 -0.023	0.99893							#	   1.01	  75.86	
      4	  -3.79	  -1.40	 -0.025	0.99884							#	   1.02	  73.28	
      5	  -3.71	  -1.14	 -0.022	0.99888							#	   0.94	  72.47	
      6	  -4.03	  -1.15	 -0.026	0.99867							#	   1.12	  70.81	
      7	  -4.01	  -0.67	 -0.024	0.99857							#	   1.02	  71.36	
      8	  -4.17	  -0.71	 -0.024	0.99851							#	   1.07	  71.57	
      9	  -4.41	  -0.85	 -0.026	0.99856							#	   1.19	  70.10	
     10	  -4.49	  -0.54	 -0.028	0.99846							#	   1.19	  69.19	
     11	  -4.82	  -0.72	 -0.026	0.99838							#	   1.32	  69.09	
     12	  -5.15	  -1.13	 -0.030	0.99832							#	   1.30	  67.47	
     13	  -5.29	  -1.14	 -0.031	0.99819							#	   1.38	  66.92	
     14	  -5.52	  -1.17	 -0.032	0.99819							#	   1.50	  66.16	
     15	  -5.75	  -1.38	 -0.031	0.99796							#	   1.53	  65.81	
     16	  -5.66	  -1.38	 -0.034	0.99789							#	   1.46	  65.86	
     17	  -5.45	  -1.50	 -0.035	0.99777							#	   1.42	  65.86	
     18	  -5.29	  -1.82	 -0.036	0.99773							#	   1.50	  65.51	
     19	  -5.17	  -2.04	 -0.037	0.99765							#	   1.60	  66.21	
     20	  -4.82	  -2.10	 -0.037	0.99765							#	   1.38	  66.36	
     21	  -4.62	  -1.95	 -0.036	0.99764							#	   1.26	  67.32	
     22	  -4.10	  -2.27	 -0.036	0.99769							#	   1.19	  68.23	
     23	  -3.65	  -2.08	 -0.035	0.99759							#	   1.09	  68.59	
     24	  -3.25	  -2.12	 -0.035	0.99761							#	   1.02	  68.69	
     25	  -2.50	  -2.17	 -0.036	0.99775							#	   0.97	  67.98	
     26	  -2.04	  -2.53	 -0.038	0.99784							#	   1.03	  68.94	
     27	  -0.68	  -8.00	 -0.047	0.99583							#	   4.53	  65.00	
     28	  -1.04	  -3.16	 -0.040	0.99804							#	   0.51	  66.31	
     29	  -0.67	  -2.91	 -0.037	0.99778							#	   0.56	  67.53	
     30	  -0.47	  -2.93	 -0.038	0.99789							#	   0.55	  68.03	
     31	   0.27	  -8.43	 -0.031	0.99578							#	   2.86	  61.46	
     32	   0.44	  -3.25	 -0.028	0.99794							#	   0.46	  63.64	
     33	   0.44	  -3.05	 -0.027	0.99788							#	   0.60	  65.20	
     34	   0.75	  -2.67	 -0.025	0.99782							#	   0.51	  64.95	
     35	   2.36	 -18.48	 -0.005	0.99186							#	  10.04	  52.42	
     36	   0.23	  -1.68	 -0.028	0.99803							#	   0.14	  63.79	
     37	   0.34	  -1.38	 -0.033	0.99790							#	   0.17	  68.84	
     38	   0.12	  -0.49	 -0.031	0.99786							#	   0.15	  67.78	
     39	  -0.27	   0.04	 -0.029	0.99771							#	   0.17	  68.89	
     40	  -0.17	   0.44	 -0.028	0.99775							#	   0.17	  68.33	
     41	  -0.31	   0.86	 -0.033	0.99760							#	   0.90	  70.20	
     42	  -0.06	   1.49	 -0.027	0.99775							#	   0.87	  67.07	
     43	   0.16	   1.64	 -0.034	0.99752							#	   0.93	  71.46	
     44	   0.48	   2.28	 -0.026	0.99771							#	   1.01	  67.73	
     45	   0.62	   1.87	 -0.034	0.99744							#	   0.93	  73.08	
     46	   0.73	   1.74	 -0.026	0.99763							#	   0.91	  70.10	
     47	   0.83	   1.26	 -0.032	0.99749							#	   0.86	  73.38	
     48	   0.82	   1.14	 -0.028	0.99762							#	   0.77	  71.06	
     49	   0.98	   0.68	 -0.030	0.99745							#	   0.77	  73.13	
     50	   1.21	   0.28	 -0.030	0.99753							#	   0.77	  74.14	
     51	   1.18	   0.26	 -0.031	0.99750							#	   0.77	  75.10	
     52	   1.31	   0.18	 -0.029	0.99750							#	   0.79	  76.31	
     53	   1.25	   0.23	 -0.028	0.99750							#	   0.81	  77.37	
     54	   1.30	   0.09	 -0.024	0.99744							#	   0.79	  77.73	
     55	   1.27	   0.21	 -0.023	0.99739							#	   0.81	  77.83	
     56	   1.01	   0.31	 -0.021	0.99732							#	   0.84	  77.37	
     57	   0.51	   0.46	 -0.018	0.99725							#	   0.90	  76.57	
     58	   0.11	   0.88	 -0.017	0.99720							#	   1.02	  75.66	
     59	  -0.32	   0.93	 -0.016	0.99714							#	   0.96	  73.43	
     60	  -1.40	   1.08	 -0.010	0.99720							#	   1.28	  72.42	
     61	  -2.64	   1.25	 -0.009	0.99721							#	   1.20	  71.52	
     62	  -3.34	   1.18	 -0.009	0.99723							#	   1.26	  69.29	
     63	  -4.20	   0.82	 -0.006	0.99735							#	   1.45	  66.82	
     64	  -4.99	   1.09	 -0.006	0.99739							#	   1.64	  65.35	
     65	  -5.77	   1.03	 -0.006	0.99726							#	   1.71	  64.34	
     66	  -5.92	   0.75	 -0.005	0.99730							#	   1.51	  63.48	
     67	  -6.46	   0.64	 -0.002	0.99726							#	   1.92	  63.79	
     68	  -7.10	   0.27	 -0.002	0.99722							#	   1.90	  62.98	
     69	  -7.82	  -0.21	 -0.002	0.99728							#	   1.93	  62.32	
     70	  -8.42	  -0.92	 -0.002	0.99731							#	   2.20	  61.97	
     71	  -8.78	  -0.69	 -0.002	0.99724							#	   2.35	  61.26	
     72	  -9.25	  -0.92	 -0.004	0.99716							#	   2.10	  60.20	
     73	  -9.39	  -2.08	 -0.008	0.99734							#	   2.27	  60.00	
     74	  -9.68	  -2.34	 -0.008	0.99740							#	   2.41	  58.84	
     75	  -9.92	  -2.65	 -0.011	0.99729							#	   2.42	  57.93	
     76	  -9.77	  -3.18	 -0.008	0.99734							#	   2.47	  57.73	
     77	  -9.77	  -2.95	 -0.007	0.99738							#	   2.32	  56.21	
     78	  -9.94	  -3.68	 -0.003	0.99737							#	   2.62	  58.03	
     79	 -10.25	  -3.00	  0.001	0.99737							#	   2.39	  55.35	
     80	 -10.42	  -3.04	 -0.001	0.99754							#	   2.42	  56.67	
     81	 -10.50	  -2.99	 -0.000	0.99775							#	   2.46	  56.16	
     82	 -10.33	  -3.34	 -0.003	0.99804							#	   2.40	  55.00	
     83	 -10.70	  -3.32	 -0.002	0.99801							#	   2.39	  54.90	
     84	 -11.35	  -2.95	  0.001	0.99818							#	   2.59	  54.80	
     85	 -11.66	  -3.15	 -0.006	0.99826							#	   2.57	  54.24	
     86	 -11.59	  -2.78	 -0.003	0.99831							#	   2.38	  54.60	
     87	 -11.69	  -2.66	 -0.004	0.99829							#	   2.52	  54.85	
     88	 -12.19	  -2.45	 -0.001	0.99848							#	   2.47	  55.40	
     89	 -12.59	  -2.29	 -0.008	0.99859							#	   2.69	  55.00	
     90	 -12.88	  -2.24	 -0.010	0.99858							#	   2.53	  53.84	
     91	 -12.95	  -1.97	 -0.006	0.99852							#	   2.61	  54.04	
     92	 -13.07	  -1.56	 -0.009	0.99844							#	   2.63	  52.02	
     93	 -13.32	  -1.39	 -0.006	0.99844							#	   2.81	  52.88	
     94	 -13.58	  -0.92	 -0.008	0.99817							#	   2.63	  50.20	
     95	 -13.52	  -0.64	 -0.008	0.99808							#	   2.42	  51.06	
     96	 -13.59	  -0.51	 -0.005	0.99804							#	   2.64	  52.07	
     97	 -13.34	  -0.26	 -0.006	0.99804							#	   2.59	  51.72	
     98	 -13.28	  -0.31	 -0.004	0.99794							#	   2.53	  52.32	
     99	 -13.32	   0.23	 -0.006	0.99798							#	   2.65	  53.28	
    100	 -13.25	   0.36	 -0.005	0.99792							#	   2.43	  54.09	
    101	 -13.35	   0.28	 -0.004	0.99777							#	   2.53	  52.98	
    102	 -13.21	   0.59	 -0.007	0.99788							#	   2.61	  52.68	
    103	 -12.99	   0.93	 -0.005	0.99768							#	   2.45	  52.22	
    104	 -12.95	   1.08	 -0.005	0.99763							#	   2.52	  52.58	
    105	 -13.00	   1.08	 -0.004	0.99763							#	   2.50	  52.17	
    106	 -12.95	   1.69	 -0.005	0.99776							#	   2.46	  51.41	
    107	 -12.94	   2.02	 -0.004	0.99760							#	   2.65	  52.02	
    108	 -13.04	   2.30	 -0.005	0.99750							#	   2.67	  51.87	
    109	 -13.16	   2.64	 -0.001	0.99733							#	   2.63	  52.12	
    110	 -13.08	   3.06	 -0.005	0.99732							#	   2.92	  51.67	
    111	 -13.21	   3.07	 -0.002	0.99719							#	   2.58	  50.00	
    112	 -13.49	   3.34	 -0.003	0.99705							#	   2.87	  50.61	
    113	 -13.54	   3.45	 -0.001	0.99688							#	   2.70	  49.14	
    114	 -13.60	   3.46	 -0.003	0.99687							#	   2.76	  50.51	
    115	 -13.43	   3.79	 -0.005	0.99673							#	   2.96	  48.99	
    116	 -13.55	   3.80	 -0.003	0.99651							#	   2.76	  49.29	
    117	 -13.60	   3.96	 -0.006	0.99640							#	   2.87	  49.70	
    118	 -13.37	   3.96	 -0.005	0.99623							#	   2.82	  49.09	
    119	 -13.35	   3.94	 -0.005	0.99622							#	   2.81	  48.23	
    120	 -13.27	   3.91	 -0.005	0.99603							#	   2.81	  47.78	
    121	 -13.22	   3.76	 -0.007	0.99596							#	   2.78	  47.88	
    122	 -12.89	   3.44	 -0.007	0.99586							#	   2.55	  46.57	
    123	 -12.94	   3.37	 -0.008	0.99565							#	   2.70	  46.62	
    124	 -13.02	   2.97	 -0.009	0.99561							#	   2.58	  45.35	
    125	 -13.09	   2.80	 -0.010	0.99543							#	   2.67	  44.70	
    126	 -12.99	   2.64	 -0.011	0.99540							#	   2.65	  44.80	
    127	 -12.98	   2.33	 -0.012	0.99538							#	   2.57	  44.39	
    128	 -13.29	   1.87	 -0.010	0.99537							#	   2.55	  44.19	
    129	 -13.78	   1.57	 -0.011	0.99544							#	   2.74	  42.93	
    130	 -14.16	   1.45	 -0.014	0.99550							#	   2.69	  42.37	
    131	 -14.11	   0.95	 -0.014	0.99552							#	   2.72	  43.18	
    132	 -13.39	   0.43	 -0.015	0.99576							#	   2.37	  43.08	
    133	 -14.52	   0.07	 -0.010	0.99563							#	   2.59	  42.68	
    134	 -14.40	  -0.46	 -0.018	0.99584							#	   2.47	  42.02	
    135	 -14.83	  -0.89	 -0.018	0.99610							#	   2.63	  42.63	
    136	 -14.93	  -0.94	 -0.019	0.99622							#	   2.60	  42.88	
    137	 -15.56	  -1.16	 -0.020	0.99637							#	   2.79	  41.82	
    138	 -16.48	  -1.21	 -0.022	0.99642							#	   2.87	  41.46	
    139	 -17.33	  -1.34	 -0.027	0.99636							#	   2.95	  40.56	
    140	 -17.96	  -1.31	 -0.030	0.99646							#	   3.22	  39.85	
    141	 -18.84	  -1.58	 -0.030	0.99647							#	   2.90	  40.40	
    142	 -19.65	  -1.43	 -0.030	0.99659							#	   3.29	  39.14	
    143	 -20.24	  -1.28	 -0.029	0.99665							#	   3.22	  37.32	
    144	 -21.07	  -1.28	 -0.034	0.99677							#	   3.33	  37.02	
    145	 -21.20	  -1.31	 -0.032	0.99662							#	   3.54	  37.07	
    146	 -21.95	  -1.32	 -0.027	0.99655							#	   3.25	  35.35	
    147	 -23.56	  -1.16	 -0.031	0.99655							#	   4.00	  35.66	
    148	 -24.23	  -1.11	 -0.035	0.99642							#	   3.50	  34.65	
    149	 -24.68	  -1.05	 -0.045	0.99702							#	   3.88	  34.44	
    150	 -25.41	  -0.87	 -0.041	0.99718							#	   4.35	  33.18	
    151	 -26.71	  -0.71	 -0.045	0.99715							#	   4.03	  32.63	
    152	 -27.56	  -0.46	 -0.049	0.99700							#	   4.32	  31.72	
    153	 -27.85	  -0.42	 -0.050	0.99690							#	   4.66	  31.31	
    154	 -28.66	  -0.39	 -0.045	0.99638							#	   4.36	  31.11	
    155	 -29.42	  -0.32	 -0.044	0.99634							#	   4.88	  30.20	
    156	 -30.42	  -0.25	 -0.043	0.99632							#	   4.60	  30.15	
    157	 -31.64	  -0.29	 -0.043	0.99636							#	   4.18	  29.29	
    158	 -32.81	  -0.18	 -0.045	0.99627							#	   4.02	  28.69	
    159	 -33.98	  -0.22	 -0.048	0.99635							#	   3.59	  28.54	
    160	 -35.10	  -0.07	 -0.046	0.99673							#	   3.33	  27.22	
    161	 -36.48	  -0.15	 -0.044	0.99694							#	   3.01	  26.21	
    162	 -37.96	  -0.17	 -0.035	0.99698							#	   2.96	  24.44	
    163	 -39.43	  -0.37	 -0.037	0.99679							#	   2.47	  24.55	
    164	 -40.18	  -0.38	 -0.037	0.99616							#	   2.64	  25.00	
    165	 -40.93	  -0.53	 -0.035	0.99563							#	   2.53	  24.39	
    166	 -41.54	  -0.61	 -0.036	0.99579							#	   2.38	  23.69	
    167	 -42.18	  -0.49	 -0.033	0.99594							#	   2.44	  23.84	
    168	 -42.74	  -0.54	 -0.031	0.99593							#	   2.36	  23.03	
    169	 -43.22	  -0.32	 -0.029	0.99607							#	   2.35	  23.79	
    170	 -43.79	   0.13	 -0.040	0.99599							#	   2.83	  22.07	
    171	 -44.20	   0.59	 -0.031	0.99600							#	   2.29	  23.23	
    172	 -45.19	   0.29	 -0.032	0.99629							#	   1.88	  21.41	
    173	 -45.94	   0.82	 -0.032	0.99720							#	   1.71	  22.47	
    174	 -47.03	   0.75	 -0.039	0.99726							#	   1.41	  21.46	
    175	 -48.26	   0.69	 -0.031	0.99741							#	   1.15	  21.41	
    176	 -49.49	   0.53	 -0.030	0.99747							#	   0.98	  21.31	
    177	 -50.95	   0.35	 -0.031	0.99703							#	   0.88	  21.62	
    178	 -51.88	   0.23	 -0.035	0.99710							#	   0.80	  20.91	
    179	 -52.94	   0.52	 -0.033	0.99726							#	   0.79	  20.86	
    180	 -53.79	   0.62	 -0.028	0.99711							#	   0.85	  20.15	
    181	 -54.33	   1.09	 -0.031	0.99714							#	   0.89	  19.85	
    182	 -54.51	   1.38	 -0.031	0.99663							#	   1.01	  20.00	
    183	 -54.77	   1.63	 -0.034	0.99678							#	   1.03	  20.81	
    184	 -55.05	   1.92	 -0.031	0.99659							#	   1.08	  20.81	
    185	 -54.80	   1.80	 -0.033	0.99632							#	   1.04	  19.90	
    186	 -54.70	   1.35	 -0.033	0.99639							#	   0.87	  20.45	
    187	 -54.33	   1.27	 -0.032	0.99591							#	   0.94	  20.35	
    188	 -54.04	   1.45	 -0.031	0.99610							#	   0.92	  19.60	
    189	 -53.50	   1.08	 -0.026	0.99573							#	   0.87	  20.56	
    190	 -53.26	   1.05	 -0.031	0.99553							#	   0.89	  20.45	
    191	 -52.74	   0.83	 -0.026	0.99533							#	   1.06	  20.45	
    192	 -52.47	   0.53	 -0.027	0.99534							#	   0.94	  20.05	
    193	 -52.06	   0.32	 -0.029	0.99504							#	   0.98	  19.95	
    194	 -51.96	   0.16	 -0.029	0.99492							#	   0.84	  21.41	
    195	 -52.74	   0.01	 -0.023	0.99460							#	   0.80	  19.14	
    196	 -53.70	   0.01	 -0.025	0.99453							#	   0.77	  19.95	
    197	 -53.12	   0.14	 -0.027	0.99395							#	   0.86	  18.43	
    198	 -52.95	   0.09	 -0.024	0.99348							#	   0.77	  20.71	
    199	 -52.75	   0.03	 -0.021	0.99358							#	   0.76	  18.18	
    200	 -52.50	  -0.09	 -0.013	0.99349							#	   0.76	  18.28	
    201	 -48.90	  -0.39	 -0.002	0.99315							#	   1.33	  16.92	
    202	 -48.01	  -0.03	 -0.018	0.99322							#	   1.23	  17.78	
    203	 -46.08	  -0.23	 -0.012	0.99284							#	   1.38	  17.42	
    204	 -43.40	   0.15	 -0.023	0.99270							#	   1.63	  17.83	
    205	 -41.39	  -0.12	 -0.020	0.99261							#	   2.18	  17.53	
    206	 -40.31	   0.08	 -0.016	0.99221							#	   1.70	  16.46	
    207	 -39.69	  -0.02	 -0.014	0.99217							#	   1.80	  16.46	
    208	 -39.49	  -0.18	 -0.011	0.99194							#	   2.13	  16.92	
    209	 -38.75	  -0.29	 -0.011	0.99169							#	   1.79	  16.77	
    210	 -37.82	  -0.22	 -0.014	0.99148							#	   2.04	  15.91	
    211	 -36.31	  -0.12	 -0.015	0.99151							#	   2.27	  16.16	
    212	 -34.44	   0.32	 -0.018	0.99181							#	   2.13	  18.48	
    213	 -33.24	   0.35	 -0.029	0.99166							#	   2.60	  18.48	
    214	 -32.29	   0.34	 -0.033	0.99122							#	   2.02	  18.23	
    215	 -30.72	   0.18	 -0.035	0.99078							#	   2.60	  17.63	
    216	 -28.59	  -0.50	 -0.033	0.99036							#	   2.42	  20.00	
    217	 -24.01	  -0.69	 -0.035	0.98995							#	   2.07	  18.84	
    218	 -16.97	  -1.49	 -0.033	0.98928							#	   1.48	  16.31	
    219	 -12.33	  -2.38	 -0.030	0.98862							#	   0.98	  12.12	
    220	 -10.42	  -2.15	 -0.023	0.98847							#	   1.02	  10.71	
    221	  -5.07	  -3.61	 -0.006	0.98812							#	   0.75	   9.24	
    222	  -3.55	  -4.42	 -0.000	0.98803							#	   0.72	   8.64	
    223	  -2.38	  -5.32	  0.003	0.98789							#	   0.80	   8.13	
    224									skipped		#	   1.03	   7.42	
    225									skipped		#	   0.88	   7.63	
    226									skipped		#	   0.91	   7.12	
    227									skipped		#	   0.96	   6.21	
    228									skipped		#	   0.97	   6.01	
    229									skipped		#	   0.96	   5.40	
    230									skipped		#	   0.99	   5.20	
    231									skipped		#	   1.09	   4.95	
    232									skipped		#	   1.21	   4.85	
    233									skipped		#	   0.99	   4.80	
    234									skipped		#	   1.08	   4.90	
    235									skipped		#	   1.13	   4.85	
    236									skipped		#	   0.97	   4.29	
    237									skipped		#	   0.97	   5.00	
    238									skipped		#	   1.12	   4.44	
    239									skipped		#	   1.04	   4.49	
    240									skipped		#	   1.02	   4.55	
    241									skipped		#	   1.10	   4.65	
    242									skipped		#	   0.99	   4.70	
    243									skipped		#	   1.04	   4.49	
    244									skipped		#	   1.11	   4.70	
    245	  -9.56	  -6.23	 -0.059	0.99600							#	   1.02	  20.20	
    246	  -9.64	  -6.00	 -0.048	0.99569							#	   1.07	  22.42	
    247	  -9.95	  -5.99	 -0.050	0.99576							#	   1.07	  20.91	
    248	 -10.01	  -5.81	 -0.042	0.99573							#	   1.14	  21.01	
    249	  -9.74	  -5.83	 -0.051	0.99549							#	   1.16	  20.71	
    250	  -9.58	  -5.59	 -0.038	0.99548							#	   1.20	  23.84	
    251	  -9.60	  -5.65	 -0.035	0.99546							#	   1.05	  21.62	
    252	 -10.17	  -4.29	 -0.009	0.99712							#	   1.19	  35.71	
    253	 -10.26	  -4.10	  0.003	0.99752							#	   1.19	  30.91	
    254	  -9.66	  -4.66	 -0.007	0.99707							#	   1.19	  34.44	
    255	  -9.66	  -4.27	  0.004	0.99729							#	   1.14	  30.81	
    256	  -9.52	  -4.53	  0.004	0.99698							#	   1.10	  35.20	
    257	  -9.56	  -4.57	  0.007	0.99690							#	   1.02	  35.00	
    258	  -8.89	  -5.00	  0.001	0.99691							#	   1.19	  36.72	
    259	  -8.56	  -5.16	  0.001	0.99681							#	   1.06	  33.84	
    260	  -7.72	  -5.70	  0.009	0.99683							#	   1.01	  36.57	
    261	  -7.66	  -5.75	  0.008	0.99670							#	   1.08	  36.82	
    262	  -6.86	  -6.29	  0.002	0.99660							#	   1.03	  38.23	
    263	  -6.33	  -6.34	  0.006	0.99685							#	   1.01	  36.72	
    264	  -5.50	  -6.46	  0.009	0.99641							#	   1.04	  38.03	
    265	  -4.98	  -6.48	  0.007	0.99638							#	   0.99	  33.23	
    266	  -4.20	  -6.89	  0.016	0.99658							#	   0.93	  38.13	
    267	  -3.57	  -7.26	  0.009	0.99642							#	   0.95	  33.94	
    268	  -3.00	  -7.71	  0.019	0.99656							#	   1.04	  37.73	
    269	  -1.86	  -7.93	  0.020	0.99630							#	   0.93	  32.78	
    270	  -1.00	  -7.97	  0.024	0.99699							#	   0.95	  36.01	
    271	  -0.12	  -8.09	  0.041	0.99590							#	   0.94	  35.10	
    272	   0.19	  -7.62	  0.025	0.99704							#	   0.94	  36.67	
    273	   1.52	  -7.64	  0.043	0.99590							#	   0.78	  34.95	
    274	   1.56	  -7.10	  0.034	0.99714							#	   0.97	  35.40	
    275	   1.95	  -7.07	  0.037	0.99642							#	   0.93	  29.39	
    276	   1.91	  -5.83	  0.040	0.99708							#	   0.98	  30.86	
    277	   2.25	  -6.44	  0.032	0.99597							#	   0.94	  29.14	
    278	   2.60	  -4.94	  0.036	0.99676							#	   1.04	  31.46	
    279	   2.50	  -5.39	  0.031	0.99609							#	   0.93	  29.24	
    280	   2.26	  -4.62	  0.031	0.99675							#	   1.05	  31.31	
    281	   1.99	  -4.59	  0.030	0.99625							#	   0.91	  30.81	
    282	   1.54	  -3.30	  0.032	0.99672							#	   0.99	  32.32	
    283	   1.48	  -3.24	  0.033	0.99620							#	   0.94	  30.71	
    284	   1.55	  -2.01	  0.035	0.99656							#	   0.99	  34.60	
    285	   1.35	  -2.02	  0.032	0.99613							#	   0.96	  31.62	
    286	   0.67	  -1.35	  0.040	0.99675							#	   1.11	  33.74	
    287	   0.26	  -1.18	  0.021	0.99586							#	   0.86	  31.72	
    288	   0.15	  -0.44	  0.028	0.99684							#	   0.92	  37.63	
    289	  -0.35	  -0.02	  0.028	0.99574							#	   0.97	  35.20	
    290	  -1.37	   0.38	  0.020	0.99685							#	   1.01	  36.92	
    291	  -1.78	   0.37	  0.011	0.99601							#	   1.08	  35.61	
    292	  -2.72	   1.30	  0.014	0.99688							#	   1.30	  39.65	
    293	  -2.94	   1.65	  0.015	0.99575							#	   1.16	  35.71	
    294	  -3.68	   1.86	  0.009	0.99660							#	   1.36	  39.44	
    295	  -4.11	   1.99	  0.011	0.99583							#	   1.30	  38.03	
    296	  -4.68	   2.08	  0.004	0.99658							#	   1.46	  41.72	
    297	  -4.30	   2.21	 -0.003	0.99620							#	   1.38	  41.36	
    298	  -4.51	   1.94	  0.008	0.99658							#	   1.41	  44.80	
    299	  -5.17	   2.00	 -0.002	0.99617							#	   1.63	  45.40	
    300	  -5.71	   1.50	  0.001	0.99636							#	   1.59	  44.09	
    301	  -5.63	   1.37	 -0.011	0.99597							#	   1.49	  44.65	
    302	  -5.55	   0.77	 -0.004	0.99615							#	   1.67	  43.03	
    303	  -5.32	   0.63	 -0.012	0.99609							#	   1.54	  42.07	
    304	  -5.23	   0.20	 -0.010	0.99609							#	   1.70	  44.75	
    305	  -4.48	  -0.17	 -0.016	0.99592							#	   1.50	  42.32	
    306	  -4.50	  -0.46	 -0.014	0.99607							#	   1.48	  42.93	
    307	  -3.89	  -0.58	 -0.021	0.99589							#	   1.51	  39.44	
    308	  -3.13	  -0.75	 -0.020	0.99624							#	   1.43	  43.54	
    309	  -2.13	  -0.85	 -0.028	0.99607							#	   1.32	  41.26	
    310	  -1.66	  -1.03	 -0.014	0.99609							#	   1.42	  43.33	
    311	  -0.86	  -0.96	 -0.027	0.99609							#	   1.35	  43.79	
    312	  -0.26	  -0.96	 -0.019	0.99627							#	   1.36	  45.40	
    313	   0.58	  -0.71	 -0.026	0.99616							#	   1.28	  43.64	
    314	   0.84	  -0.74	 -0.020	0.99624							#	   1.48	  45.86	
    315	   1.72	  -0.85	 -0.027	0.99637							#	   1.34	  48.13	
    316	   1.83	  -0.82	 -0.018	0.99637							#	   1.48	  45.81	
    317	   2.74	  -0.68	 -0.021	0.99557							#	   1.41	  40.00	
    318	   2.40	  -0.39	 -0.022	0.99660							#	   1.49	  44.90	
    319	   3.49	  -0.50	 -0.027	0.99642							#	   1.43	  44.24	
    320	   3.99	  -0.48	 -0.019	0.99652							#	   1.45	  45.00	
    321	   4.66	  -0.82	 -0.017	0.99536							#	   1.59	  34.09	
    322	   4.19	  -0.77	 -0.017	0.99654							#	   1.30	  43.84	
    323	   5.16	  -1.25	 -0.016	0.99526							#	   1.30	  31.16	
    324	   4.84	  -1.49	 -0.014	0.99698							#	   1.05	  43.84	
    325	   4.55	  -2.52	  0.014	0.99719							#	   0.75	  33.64	
    326	   4.14	  -2.10	 -0.019	0.99720							#	   0.70	  44.24	
    327	   4.84	  -3.16	  0.011	0.99741							#	   0.79	  40.30	
    328	   4.81	  -2.90	 -0.011	0.99691							#	   0.81	  44.90	
    329	   4.84	  -3.67	  0.018	0.99754							#	   0.89	  37.53	
    330	   4.68	  -2.66	 -0.024	0.99756							#	   1.06	  42.07	
    331	   5.40	  -3.68	  0.018	0.99763							#	   1.05	  38.38	
    332	   5.29	  -2.63	 -0.026	0.99770							#	   1.18	  40.81	
    333	   6.03	  -3.34	  0.006	0.99785							#	   1.12	  37.83	
    334	   5.64	  -2.53	 -0.027	0.99755							#	   1.08	  37.73	
    335	   5.83	  -3.47	  0.009	0.99806							#	   1.26	  37.73	
    336	   6.00	  -2.64	 -0.018	0.99693							#	   1.04	  36.92	
    337	   6.75	  -3.36	 -0.015	0.99598							#	   1.18	  30.91	
    338	   6.61	  -2.39	 -0.027	0.99784							#	   1.22	  37.88	
    339	   6.92	  -3.54	  0.016	0.99824							#	   1.24	  36.46	
    340	   7.20	  -2.73	 -0.001	0.99713							#	   1.23	  43.74	
    341	   7.10	  -2.86	 -0.013	0.99606							#	   1.29	  34.19	
    342	   7.46	  -2.34	 -0.011	0.99739							#	   1.21	  42.93	
    343	   7.89	  -2.16	 -0.013	0.99599							#	   1.32	  33.94	
    344	   8.33	  -1.03	 -0.017	0.99724							#	   1.28	  37.98	
    345	   8.29	  -0.91	 -0.011	0.99570							#	   1.41	  30.10	
    346	   9.07	  -0.45	 -0.007	0.99759							#	   1.26	  42.53	
    347	   8.91	   0.38	 -0.008	0.99566							#	   1.36	  33.13	
    348	   9.25	   1.01	 -0.013	0.99738							#	   1.37	  36.26	
    349	   9.68	   1.43	 -0.015	0.99613							#	   1.40	  35.81	
    350	   9.73	   1.82	 -0.009	0.99669							#	   1.49	  27.78	
    351	  10.73	   2.15	 -0.011	0.99659							#	   1.52	  40.66	
    352	  10.60	   2.32	 -0.006	0.99634							#	   1.61	  27.73	
    353	  11.34	   2.58	 -0.008	0.99648							#	   1.53	  39.49	
    354	  10.49	   2.86	  0.002	0.99627							#	   1.66	  25.05	
    355	  10.99	   2.84	  0.001	0.99656							#	   1.68	  40.05	
    356	  10.33	   3.05	  0.002	0.99591							#	   1.46	  25.61	
    357	  11.28	   2.96	  0.005	0.99687							#	   1.58	  39.60	
    358	   9.97	   3.12	  0.016	0.99538							#	   1.51	  25.30	
    359	  10.49	   2.82	  0.012	0.99698							#	   1.41	  40.51	
    360	   9.56	   2.42	  0.043	0.99634							#	   1.44	  16.62	
    361	  10.57	   3.05	  0.015	0.99687							#	   1.55	  44.09	
    362	   9.02	   3.06	  0.036	0.99499							#	   1.48	  20.45	
    363	  10.85	   3.17	 -0.017	0.99721							#	   1.46	  32.07	
    364	   9.21	   2.24	  0.063	0.99589							#	   1.51	  18.03	
    365	  10.55	   1.88	  0.017	0.99723							#	   1.45	  25.40	
    366	   9.41	   1.78	  0.055	0.99568							#	   1.54	  15.81	
    367	  11.29	   3.56	 -0.005	0.99733							#	   1.77	  21.16	
    368	  11.28	   3.15	 -0.004	0.99715							#	   1.60	  11.46	
    369	  11.58	   2.08	 -0.006	0.99735							#	   1.69	  13.79	
    370	  11.99	   1.60	 -0.011	0.99716							#	   1.98	  16.16	
    371	  12.00	   0.37	  0.046	0.99609							#	   1.91	  23.43	
    372	  12.32	   0.08	  0.043	0.99606							#	   1.86	  25.00	
    373	  12.46	  -0.35	  0.035	0.99612							#	   2.07	  26.57	
    374	  12.31	  -0.32	  0.033	0.99498							#	   2.13	  26.57	
    375	  12.55	  -0.27	  0.044	0.99471							#	   2.03	  29.75	
    376	  12.89	  -0.02	  0.048	0.99471							#	   2.30	  28.18	
    377	  13.06	  -0.07	  0.049	0.99476							#	   1.98	  28.03	
    378	  13.36	  -0.69	  0.049	0.99504							#	   2.30	  24.29	
    379	  13.46	  -0.48	  0.055	0.99468							#	   2.23	  26.97	
    380	  13.58	  -0.90	  0.055	0.99460							#	   2.32	  24.65	
    381	  14.28	  -1.03	  0.055	0.99576							#	   2.19	  22.53	
    382	  14.39	  -1.31	  0.060	0.99583							#	   2.41	  23.79	
    383	  14.30	  -1.46	  0.062	0.99566							#	   2.45	  23.54	
    384	  14.53	  -2.00	  0.064	0.99581							#	   2.59	  21.46	
    385	  15.42	  -1.26	  0.052	0.99600							#	   2.24	  18.23	
    386	  15.88	  -1.29	  0.073	0.99607							#	   2.61	  19.14	
    387	  16.15	  -1.31	  0.069	0.99630							#	   2.71	  18.33	
    388	  17.18	  -1.18	  0.049	0.99645							#	   2.68	  17.32	
    389	  18.02	  -1.61	  0.062	0.99627							#	   3.23	  19.70	
    390	  18.96	  -1.43	  0.057	0.99608							#	   3.01	  20.25	
    391	  19.63	  -1.37	  0.059	0.99616							#	   3.38	  20.61	
    392	  20.55	  -1.30	  0.059	0.99627							#	   3.20	  19.39	
    393	  21.27	  -1.08	  0.051	0.99548							#	   3.71	  21.06	
    394	  22.07	  -1.35	  0.051	0.99566							#	   3.47	  20.86	
    395	  22.54	  -1.20	  0.049	0.99608							#	   3.56	  19.49	
    396	  23.37	  -0.64	  0.052	0.99593							#	   3.79	  20.35	
    397	  24.31	  -0.66	  0.054	0.99600							#	   3.70	  19.65	
    398	  25.04	  -0.22	  0.054	0.99596							#	   3.99	  19.95	
    399	  25.92	  -0.15	  0.053	0.99584							#	   4.01	  19.04	
    400	  26.99	  -0.18	  0.046	0.99583							#	   4.11	  19.14	
    401	  27.53	  -0.24	  0.049	0.99583							#	   4.20	  18.84	
    402	  27.70	  -0.09	  0.045	0.99589							#	   3.99	  18.84	
    403	  27.79	  -0.29	  0.044	0.99590							#	   4.11	  18.79	
    404	  27.68	  -0.54	  0.046	0.99606							#	   3.90	  18.59	
    405	  27.48	  -0.69	  0.049	0.99628							#	   3.95	  17.83	
    406	  27.42	  -0.88	  0.047	0.99645							#	   3.60	  16.11	
    407	  27.19	  -0.95	  0.046	0.99640							#	   3.38	  17.07	
    408	  26.77	  -0.91	  0.050	0.99624							#	   2.70	  16.92	
    409	  26.76	  -1.18	  0.056	0.99649							#	   2.88	  18.08	
    410	  27.04	  -2.66	  0.059	0.99633							#	   2.83	  16.36	
    411	  26.38	  -3.30	  0.041	0.99689							#	   3.14	  19.39	
    412	  25.62	  -3.32	  0.063	0.99684							#	   3.08	  18.64	
    413	  25.59	  -1.77	  0.052	0.99686							#	   3.11	  24.39	
    414	  25.90	  -2.05	  0.054	0.99659							#	   3.14	  14.19	
    415	  27.57	  -2.34	  0.065	0.99720							#	   3.27	  11.77	
    416	  27.50	  -1.83	  0.054	0.99698							#	   3.20	  14.70	
    417	  28.25	  -1.48	  0.050	0.99740							#	   3.45	  19.39	
    418	  27.81	  -2.50	  0.049	0.99639							#	   3.21	  14.39	
    419	  27.58	  -3.56	  0.050	0.99716							#	   3.59	  17.98	
    420	  20.10	  -3.68	  0.030	0.99707							#	   2.25	  15.30	
    421	  20.08	  -3.95	  0.019	0.99736							#	   2.37	  24.24	
    422	  19.77	  -3.87	  0.037	0.99737							#	   2.41	  21.92	
    423	  20.05	  -3.65	  0.025	0.99759							#	   2.35	  24.70	
    424	  21.37	  -3.50	  0.044	0.99743							#	   2.54	  21.36	
    425	  22.52	  -3.27	  0.037	0.99764							#	   2.92	  26.01	
    426	  22.38	  -2.87	  0.048	0.99743							#	   2.94	  21.97	
    427	  22.47	  -2.72	  0.048	0.99730							#	   2.79	  24.29	
    428	  22.24	  -2.36	  0.044	0.99725							#	   2.78	  22.63	
    429	  22.22	  -2.15	  0.045	0.99760							#	   2.58	  26.31	
    430	  19.82	  -1.77	  0.042	0.99726							#	   2.29	  24.55	
    431	  18.85	  -2.04	  0.037	0.99747							#	   2.19	  26.16	
    432	  18.33	  -1.84	  0.042	0.99723							#	   2.09	  26.11	
    433	  18.13	  -1.73	  0.037	0.99742							#	   2.18	  28.84	
    434	  17.58	  -1.33	  0.046	0.99744							#	   2.15	  26.46	
    435	  17.12	  -1.10	  0.042	0.99775							#	   2.04	  30.10	
    436	  16.85	  -0.67	  0.043	0.99754							#	   2.20	  30.56	
    437	  17.02	  -0.85	  0.044	0.99769							#	   2.16	  30.91	
    438	  14.58	  -0.39	  0.044	0.99756							#	   1.71	  30.81	
    439	  14.96	  -0.25	  0.039	0.99796							#	   1.80	  32.58	
    440	  15.46	  -0.50	  0.048	0.99761							#	   2.06	  31.41	
    441	  15.95	  -0.73	  0.048	0.99783							#	   2.17	  32.73	
    442	  16.53	  -0.60	  0.043	0.99772							#	   2.20	  32.42	
    443	  16.71	  -0.81	  0.047	0.99771							#	   2.44	  32.88	
    444	  16.70	  -0.78	  0.042	0.99773							#	   2.33	  31.26	
    445	  17.14	  -1.09	  0.045	0.99770							#	   2.39	  31.06	
    446	  17.23	  -1.12	  0.043	0.99744							#	   2.43	  30.71	
    447	  16.67	  -1.18	  0.048	0.99747							#	   2.20	  33.74	
    448	  16.51	  -0.98	  0.042	0.99735							#	   2.30	  33.38	
    449	  16.27	  -1.04	  0.044	0.99707							#	   2.17	  32.42	
    450	  16.16	  -1.34	  0.038	0.99727							#	   2.26	  33.64	
    451	  16.36	  -1.82	  0.040	0.99725							#	   2.43	  34.60	
    452	  16.45	  -1.97	  0.035	0.99694							#	   2.51	  35.71	
    453	  16.46	  -2.23	  0.040	0.99667							#	   2.45	  33.84	
    454	  16.51	  -2.31	  0.029	0.99689							#	   2.75	  32.53	
    455	  16.77	  -2.55	  0.023	0.99668							#	   2.63	  30.51	
    456	  17.25	  -2.67	  0.022	0.99643							#	   2.68	  28.89	
    457	  17.11	  -2.84	  0.021	0.99635							#	   2.75	  26.97	
    458	  16.71	  -3.41	  0.019	0.99629							#	   2.71	  26.11	
    459	  16.29	  -3.74	  0.016	0.99649							#	   2.69	  27.32	
    460	  15.94	  -4.15	  0.017	0.99660							#	   2.39	  27.88	
    461	  15.55	  -4.90	  0.022	0.99654							#	   2.37	  29.29	
    462	  15.25	  -5.45	  0.020	0.99648							#	   2.36	  28.94	
    463	  15.23	  -5.51	  0.019	0.99648							#	   2.51	  28.94	
    464	  15.06	  -6.40	  0.025	0.99638							#	   3.47	  27.32	
    465	  14.47	  -6.67	  0.024	0.99635							#	   3.18	  29.34	
    466	  14.51	  -6.47	  0.013	0.99646							#	   3.09	  28.48	
    467	  15.06	  -5.81	  0.010	0.99765							#	   2.94	  25.56	
    468	  14.63	  -6.13	  0.009	0.99716							#	   2.49	  24.09	
    469	  15.37	  -6.33	  0.045	0.99671							#	   2.44	  23.99	
    470	  15.69	  -6.95	  0.023	0.99630							#	   2.33	  22.27	
    471	  15.85	  -7.11	  0.030	0.99627							#	   2.63	  22.32	
    472	  16.28	  -7.00	  0.032	0.99651							#	   3.19	  24.90	
    473	  16.24	  -7.23	  0.025	0.99639							#	   3.16	  23.33	
    474	  15.98	  -6.79	  0.017	0.99712							#	   2.90	  25.35	
    475	  12.16	  -6.84	 -0.000	0.99715							#	   2.18	  28.69	
    476	   8.92	  -6.23	 -0.007	0.99785							#	   1.42	  29.90	
    477	   8.87	  -7.16	  0.002	0.99703							#	   1.72	  34.29	
    478	   9.22	  -7.26	  0.005	0.99714							#	   2.00	  38.13	
    479	   9.33	  -7.18	  0.002	0.99710							#	   2.43	  34.39	
    480	   9.97	  -6.36	 -0.002	0.99785							#	   2.62	  31.87	
    481	   9.93	  -7.06	 -0.003	0.99718							#	   2.30	  37.68	
    482	   9.93	  -5.86	  0.003	0.99720							#	   1.76	  39.09	
    483	   9.94	  -5.83	  0.009	0.99711							#	   1.59	  45.91	
    484	   9.43	  -5.21	 -0.013	0.99703							#	   1.53	  39.19	
    485	   9.67	  -5.24	 -0.004	0.99711							#	   1.44	  44.19	
    486	   9.30	  -4.96	 -0.002	0.99709							#	   1.55	  40.71	
    487	   9.14	  -4.82	 -0.006	0.99690							#	   1.90	  45.71	
    488	   8.60	  -4.37	  0.003	0.99698							#	   2.15	  41.11	
    489	   8.39	  -4.14	 -0.003	0.99663							#	   2.00	  48.08	
    490	   8.05	  -3.93	 -0.002	0.99682							#	   1.84	  40.81	
    491	   8.19	  -3.62	  0.002	0.99627							#	   1.59	  46.57	
    492	   7.40	  -3.73	 -0.001	0.99690							#	   1.35	  39.24	
    493	   7.87	  -3.48	  0.001	0.99668							#	   1.36	  46.26	
    494	   7.36	  -3.79	  0.005	0.99727							#	   1.39	  39.19	
    495	   7.60	  -3.04	 -0.000	0.99648							#	   1.39	  41.92	
    496	   7.44	  -3.96	  0.009	0.99720							#	   1.43	  40.76	
    497	   7.27	  -3.61	  0.003	0.99689							#	   1.47	  42.42	
    498	   7.05	  -3.97	  0.001	0.99680							#	   1.71	  35.56	
    499	   7.17	  -3.63	 -0.000	0.99653							#	   1.66	  40.91	
    500	   7.24	  -4.65	  0.001	0.99692							#	   2.42	  34.29	
    501	   7.18	  -4.44	 -0.001	0.99665							#	   1.98	  36.21	
    502	   6.66	  -5.47	 -0.006	0.99661							#	   2.60	  33.79	
    503	   6.76	  -5.30	 -0.007	0.99641							#	   2.06	  37.58	
    504	   6.31	  -5.73	 -0.014	0.99581							#	   2.35	  35.91	
    505	   6.07	  -6.24	 -0.015	0.99577							#	   1.95	  40.81	
    506	   5.76	  -6.99	 -0.016	0.99567							#	   1.75	  40.15	
    507	   5.63	  -7.46	 -0.022	0.99566							#	   1.98	  39.65	
    508	   5.06	  -7.76	 -0.024	0.99557							#	   2.93	  36.46	
    509	   5.19	  -8.49	 -0.026	0.99577							#	   3.14	  36.11	
    510	   5.50	  -8.92	 -0.030	0.99637							#	   2.89	  35.05	
    511	   5.76	  -9.26	 -0.025	0.99683							#	   2.34	  31.46	
    512	   5.55	 -10.18	 -0.021	0.99671							#	   1.86	  33.38	
    513	   4.92	 -11.03	 -0.036	0.99637							#	   2.37	  34.65	
    514	   5.34	 -10.72	 -0.022	0.99715							#	   2.96	  30.56	
    515	   4.97	 -11.17	 -0.031	0.99699							#	   3.30	  38.74	
    516	   4.69	 -11.44	 -0.024	0.99688							#	   2.10	  33.74	
    517	   4.88	 -11.30	 -0.019	0.99730							#	   2.36	  34.80	
    518	   4.74	 -11.15	 -0.021	0.99767							#	   2.38	  35.00	
    519	   3.88	 -11.57	 -0.011	0.99718							#	   2.75	  32.53	
    520	   3.94	 -11.07	 -0.014	0.99770							#	   2.72	  37.27	
    521	   3.50	 -10.89	  0.000	0.99740							#	   2.65	  36.97	
    522	   3.09	 -10.67	 -0.012	0.99768							#	   3.03	  35.20	
    523	   2.67	 -10.22	 -0.012	0.99747							#	   2.11	  36.57	
    524	   2.47	  -9.85	 -0.010	0.99744							#	   2.04	  38.18	
    525	   2.05	  -9.63	 -0.017	0.99719							#	   1.79	  37.58	
    526	   1.21	  -9.01	 -0.011	0.99721							#	   2.30	  38.64	
    527	   0.97	  -8.70	 -0.014	0.99704							#	   2.04	  42.37	
    528	   1.34	  -7.81	 -0.013	0.99713							#	   1.79	  41.87	
    529	   0.77	  -7.42	 -0.017	0.99697							#	   1.49	  43.33	
    530	   0.45	  -6.81	 -0.013	0.99691							#	   1.14	  46.67	
    531	   0.07	  -6.20	 -0.015	0.99676							#	   1.00	  45.81	
    532	  -0.05	  -5.30	 -0.014	0.99683							#	   1.01	  44.29	
    533	   0.33	  -4.67	 -0.010	0.99686							#	   0.96	  44.60	
    534	   0.08	  -3.83	 -0.006	0.99688							#	   0.84	  41.62	
    535	  -0.10	  -3.07	 -0.003	0.99688							#	   0.78	  43.23	
    536	  -0.37	  -2.08	  0.006	0.99687							#	   0.62	  39.65	
    537	  -0.54	  -1.44	  0.002	0.99679							#	   0.48	  40.91	
    538	  -0.35	  -0.50	  0.005	0.99676							#	   0.40	  39.39	
    539	  -0.20	   0.25	  0.006	0.99664							#	   0.43	  39.34	
    540	  -0.64	   1.04	  0.010	0.99659							#	   0.53	  37.27	
    541	  -0.59	   1.56	  0.014	0.99667							#	   0.50	  38.23	
    542	  -0.71	   2.09	  0.013	0.99649							#	   0.59	  35.96	
    543	   0.18	   2.86	  0.021	0.99654							#	   0.71	  35.45	
    544	   0.18	   3.57	  0.017	0.99639							#	   0.84	  34.34	
    545	   0.37	   3.34	  0.016	0.99637							#	   0.73	  36.31	
    546	   0.83	   3.16	  0.015	0.99662							#	   0.68	  38.33	
    547	   0.97	   2.76	  0.017	0.99655							#	   0.60	  37.42	
    548	   1.50	   2.24	  0.012	0.99682							#	   0.56	  39.75	
    549	   1.73	   2.25	  0.007	0.99663							#	   0.62	  41.41	
    550	   2.45	   2.12	  0.013	0.99669							#	   0.63	  43.23	
    551	   3.08	   2.29	  0.010	0.99682							#	   0.66	  43.79	
    552	   3.45	   2.33	  0.013	0.99685							#	   0.70	  43.48	
    553	   3.89	   2.59	  0.008	0.99676							#	   0.75	  44.55	
    554	   4.32	   2.61	  0.006	0.99671							#	   0.82	  44.09	
    555	   4.53	   2.75	  0.007	0.99690							#	   0.86	  45.25	
    556	   4.68	   2.86	  0.004	0.99700							#	   0.86	  47.22	
    557	   4.75	   3.02	  0.001	0.99710							#	   0.95	  46.67	
    558	   4.85	   3.25	  0.003	0.99716							#	   0.87	  51.36	
    559	   4.81	   3.26	 -0.002	0.99722							#	   0.88	  52.47	
    560	   4.83	   3.56	 -0.003	0.99733							#	   0.87	  53.03	
    561	   4.62	   3.82	 -0.001	0.99738							#	   0.91	  56.21	
    562	   4.48	   4.26	 -0.003	0.99727							#	   0.94	  55.71	
    563	   4.62	   4.65	 -0.005	0.99738							#	   1.03	  53.99	
    564	   4.40	   4.89	 -0.004	0.99724							#	   0.98	  55.35	
    565	   4.14	   5.26	 -0.007	0.99727							#	   1.20	  54.49	
    566	   3.78	   5.40	 -0.011	0.99719							#	   1.19	  52.83	
    567	   3.74	   5.37	 -0.011	0.99728							#	   1.22	  52.78	
    568	   3.48	   5.25	 -0.012	0.99729							#	   1.24	  50.91	
    569	   3.35	   5.31	 -0.015	0.99724							#	   1.31	  49.34	
    570	   3.27	   5.10	 -0.015	0.99711							#	   1.28	  51.21	
    571	   3.31	   4.86	 -0.015	0.99729							#	   1.35	  50.56	
    572	   3.27	   4.51	 -0.016	0.99713							#	   1.22	  50.30	
    573	   3.38	   4.05	 -0.017	0.99717							#	   0.99	  51.11	
    574	   3.32	   3.64	 -0.014	0.99722							#	   0.77	  52.17	
    575	   3.32	   3.29	 -0.014	0.99706							#	   0.75	  52.07	
    576	   3.18	   2.63	 -0.015	0.99712							#	   0.55	  50.00	
    577	   3.21	   2.34	 -0.015	0.99695							#	   0.59	  52.12	
    578	   3.16	   1.77	 -0.014	0.99718							#	   0.60	  51.67	
    579	   3.07	   1.60	 -0.012	0.99695							#	   0.61	  49.70	
    580	   2.68	   0.99	 -0.013	0.99714							#	   0.61	  50.61	
    581	   2.59	   0.76	 -0.007	0.99680							#	   0.72	  51.41	
    582	   2.07	   0.17	 -0.009	0.99706							#	   0.82	  50.91	
    583	   2.00	  -0.16	 -0.009	0.99662							#	   0.90	  48.99	
    584	   1.72	  -0.46	 -0.010	0.99670							#	   0.85	  46.97	
    585	   1.40	  -0.74	 -0.011	0.99635							#	   1.02	  48.43	
    586	   1.32	  -1.36	 -0.011	0.99680							#	   0.98	  45.00	
    587	   1.37	  -1.55	 -0.013	0.99642							#	   1.15	  46.57	
    588	   1.37	  -2.23	 -0.017	0.99644							#	   1.25	  45.81	
    589	   1.69	  -2.36	 -0.016	0.99606							#	   1.12	  46.62	
    590	   2.26	  -2.55	 -0.021	0.99618							#	   1.18	  44.19	
    591	   2.74	  -2.77	 -0.022	0.99589							#	   1.32	  45.86	
    592	   3.19	  -3.25	 -0.021	0.99570							#	   1.48	  42.98	
    593	   3.68	  -3.35	 -0.024	0.99560							#	   1.53	  44.80	
    594	   4.30	  -3.34	 -0.022	0.99554							#	   1.70	  43.84	
    595	   4.79	  -3.88	 -0.025	0.99531							#	   1.87	  38.54	
    596	   5.30	  -3.26	 -0.023	0.99521							#	   1.53	  38.94	
    597	   5.87	  -2.98	 -0.021	0.99516							#	   1.64	  39.55	
    598	   5.56	  -3.18	 -0.026	0.99511							#	   1.55	  40.35	
    599	   5.54	  -3.37	 -0.026	0.99505							#	   1.49	  41.41	
    600	   4.79	  -4.04	 -0.028	0.99528							#	   1.53	  39.75	
    601	   4.55	  -3.78	 -0.031	0.99579							#	   1.54	  41.62	
    602	   4.80	  -4.12	 -0.034	0.99599							#	   1.89	  40.25	
    603	   5.30	  -4.35	 -0.026	0.99555							#	   1.67	  39.60	
    604	   4.57	  -4.83	 -0.028	0.99564							#	   2.26	  32.58	
    605	   3.96	  -4.19	 -0.038	0.99554							#	   1.83	  35.10	
    606	   3.26	  -3.35	 -0.039	0.99646							#	   1.78	  33.74	
    607	   3.59	  -3.59	 -0.024	0.99601							#	   1.52	  33.43	
    608	   2.94	  -3.06	 -0.035	0.99697							#	   1.58	  29.75	
    609	   2.76	  -3.52	 -0.042	0.99695							#	   2.29	  27.47	
    610	   2.68	  -3.63	 -0.040	0.99708							#	   2.14	  31.16	
    611	   2.47	  -3.79	 -0.047	0.99687							#	   2.14	  31.67	
    612	   2.17	  -3.70	 -0.042	0.99711							#	   2.06	  31.72	
    613	   1.95	  -4.46	 -0.016	0.99678							#	   1.88	  27.37	
    614	   1.39	  -4.40	 -0.013	0.99698							#	   1.77	  32.58	
    615	   1.22	  -4.45	  0.005	0.99673							#	   2.01	  32.22	
    616	   0.61	  -4.92	 -0.011	0.99702							#	   2.58	  31.57	
    617	   0.46	  -5.23	  0.008	0.99657							#	   2.28	  32.53	
    618	   0.13	  -5.05	 -0.008	0.99710							#	   2.67	  32.88	
    619	  -0.35	  -5.50	 -0.003	0.99699							#	   2.29	  31.87	
    620	  -0.80	  -5.51	  0.001	0.99710							#	   2.23	  33.08	
    621	  -1.21	  -5.86	  0.005	0.99714							#	   2.51	  32.17	
    622	  -1.24	  -6.24	  0.002	0.99717							#	   2.39	  34.24	
    623	  -1.31	  -6.73	  0.010	0.99686							#	   2.35	  39.44	
    624	  -1.08	  -6.72	  0.005	0.99704							#	   2.36	  37.83	
    625	  -1.17	  -6.79	  0.006	0.99712							#	   2.42	  37.83	
    626	  -1.31	  -7.24	  0.007	0.99692							#	   2.47	  43.33	
    627	  -1.13	  -7.20	  0.011	0.99719							#	   2.16	  39.60	
    628	  -1.15	  -7.30	  0.012	0.99664							#	   1.79	  42.32	
    629	  -1.17	  -6.97	  0.010	0.99650							#	   1.60	  46.21	
    630	  -1.37	  -6.68	  0.009	0.99641							#	   1.67	  42.37	
    631	  -1.49	  -6.33	  0.009	0.99603							#	   1.58	  49.19	
    632	  -1.82	  -5.65	  0.007	0.99586							#	   1.54	  44.75	
    633	  -2.39	  -4.86	  0.008	0.99570							#	   1.60	  47.17	
    634	  -2.58	  -4.35	  0.006	0.99553							#	   1.54	  44.49	
    635	  -2.46	  -4.25	  0.008	0.99554							#	   1.53	  45.15	
    636	  -2.79	  -3.49	  0.009	0.99544							#	   1.23	  43.33	
    637	  -3.11	  -2.85	  0.010	0.99527							#	   1.21	  44.80	
    638	  -3.11	  -2.39	  0.008	0.99570							#	   1.20	  39.14	
    639	  -2.81	  -2.58	  0.011	0.99590							#	   1.33	  41.06	
    640	  -3.08	  -2.86	  0.009	0.99553							#	   1.41	  42.42	
    641	  -2.91	  -3.02	  0.016	0.99542							#	   1.76	  36.62	
    642	  -3.06	  -3.06	  0.005	0.99585							#	   1.71	  40.00	
    643	  -2.80	  -3.16	  0.015	0.99621							#	   2.07	  39.29	
    644	  -2.33	  -3.24	  0.020	0.99688							#	   1.99	  31.46	
    645	  -2.18	  -3.55	  0.029	0.99697							#	   2.13	  26.36	
    646	  -1.76	  -3.46	  0.023	0.99714							#	   2.27	  23.99	
    647	  -1.38	  -3.29	  0.043	0.99713							#	   2.02	  20.61	
    648	  -1.03	  -4.75	  0.006	0.99696							#	   2.19	  21.46	
    649	  -1.04	  -4.87	 -0.001	0.99690							#	   1.87	  19.14	
    650	  -1.08	  -5.39	 -0.013	0.99689							#	   1.74	  18.89	
    651	  -1.14	  -5.65	 -0.012	0.99687							#	   2.06	  18.08	
    652	  -1.21	  -6.05	 -0.001	0.99668							#	   2.62	  18.08	
    653	  -1.46	  -5.83	  0.007	0.99654							#	   2.13	  15.35	
    654	  -1.61	  -6.72	 -0.021	0.99606							#	   2.12	  19.80	
    655	  -1.25	  -7.28	 -0.001	0.99602							#	   1.74	  19.14	
    656	  -1.69	  -7.63	  0.001	0.99604							#	   1.61	  19.39	
    657	  -2.33	  -7.71	 -0.005	0.99617							#	   1.69	  19.44	
    658	  -2.96	  -8.03	 -0.008	0.99621							#	   2.11	  20.86	
    659	  -3.31	  -8.32	 -0.026	0.99618							#	   2.37	  20.20	
    660	  -3.57	  -8.64	 -0.024	0.99600							#	   2.35	  19.24	
    661	  -3.91	  -8.76	 -0.018	0.99592							#	   2.49	  20.20	
    662	  -4.25	  -8.45	 -0.018	0.99595							#	   2.18	  22.63	
    663	  -4.82	  -8.04	 -0.035	0.99580							#	   2.06	  23.38	
    664	  -5.08	  -7.96	 -0.036	0.99582							#	   2.16	  24.85	
    665	  -5.65	  -7.89	 -0.046	0.99565							#	   2.04	  23.89	
    666	  -5.71	  -7.85	 -0.042	0.99569							#	   1.90	  26.82	
    667	  -5.91	  -7.80	 -0.050	0.99551							#	   1.93	  26.52	
    668	  -5.92	  -7.67	 -0.041	0.99563							#	   2.21	  28.69	
    669	  -5.34	  -6.80	  0.003	0.99649							#	   2.29	  37.78	
    670	  -5.51	  -6.32	 -0.000	0.99688							#	   2.29	  41.21	
    671	  -5.25	  -6.31	  0.005	0.99614							#	   2.26	  43.64	
    672	  -5.60	  -5.47	 -0.000	0.99615							#	   1.95	  44.49	
    673	  -5.63	  -4.85	  0.001	0.99598							#	   1.50	  39.60	
    674	  -5.24	  -4.31	 -0.003	0.99610							#	   1.12	  42.98	
    675	  -5.23	  -3.97	 -0.005	0.99610							#	   1.05	  46.26	
    676	  -4.95	  -3.76	 -0.003	0.99604							#	   1.14	  44.04	
    677	  -5.06	  -3.23	 -0.002	0.99610							#	   1.31	  43.64	
    678	  -5.03	  -3.34	 -0.002	0.99637							#	   1.62	  44.14	
    679	  -4.73	  -4.08	  0.003	0.99633							#	   1.94	  43.89	
    680	  -4.83	  -4.31	  0.005	0.99638							#	   1.81	  42.93	
    681	  -4.75	  -4.45	  0.007	0.99601							#	   1.91	  38.64	
    682	  -4.77	  -5.31	  0.015	0.99594							#	   2.17	  35.66	
    683	  -4.50	  -5.97	  0.020	0.99591							#	   2.09	  31.62	
    684	  -4.33	  -6.89	  0.017	0.99603							#	   2.29	  26.82	
    685	  -4.25	  -7.14	 -0.002	0.99652							#	   2.62	  19.70	
    686	  -4.28	  -8.19	 -0.008	0.99664							#	   2.45	  20.71	
    687	  -4.31	  -8.96	 -0.012	0.99661							#	   2.17	  20.25	
    688	  -4.49	  -9.66	 -0.026	0.99647							#	   1.97	  20.30	
    689	  -4.15	  -9.33	 -0.016	0.99661							#	   1.75	  20.30	
    690	  -3.32	  -8.72	 -0.026	0.99679							#	   1.92	  20.40	
    691	  -3.23	  -9.49	 -0.013	0.99674							#	   2.54	  18.23	
    692	  -3.16	  -8.90	 -0.012	0.99665							#	   2.24	  18.38	
    693	  -2.81	  -8.64	 -0.012	0.99653							#	   2.14	  20.76	
    694	  -2.11	  -8.63	 -0.012	0.99660							#	   1.48	  20.86	
    695	  -1.49	  -8.91	 -0.009	0.99659							#	   1.13	  20.91	
    696	  -1.28	  -8.99	 -0.008	0.99667							#	   1.21	  20.00	
    697	  -1.20	  -8.85	 -0.013	0.99660							#	   1.75	  19.55	
    698	  -0.78	  -8.95	 -0.002	0.99657							#	   2.12	  20.20	
    699	  -0.86	  -9.10	 -0.015	0.99643							#	   2.07	  20.30	
    700	  -0.81	  -9.23	 -0.015	0.99635							#	   1.76	  20.30	
    701	  -0.73	  -8.98	 -0.002	0.99632							#	   1.57	  23.03	
    702	  -0.79	  -8.95	 -0.000	0.99632							#	   1.88	  23.94	
    703	  -1.26	  -8.58	 -0.015	0.99642							#	   2.15	  24.70	
    704	  -2.12	  -8.19	 -0.018	0.99623							#	   2.19	  23.28	
    705	  -2.23	  -7.47	 -0.001	0.99612							#	   1.81	  26.52	
    706	  -2.06	  -5.85	  0.026	0.99674							#	   1.63	  37.68	
    707	  -2.40	  -5.39	  0.017	0.99670							#	   1.50	  43.84	
    708	  -2.71	  -5.21	  0.017	0.99672							#	   1.53	  45.00	
    709	  -2.95	  -4.78	  0.016	0.99668							#	   1.42	  48.54	
    710	  -3.23	  -4.38	  0.020	0.99654							#	   1.51	  49.55	
    711	  -3.74	  -4.02	  0.017	0.99664							#	   1.55	  44.34	
    712	  -3.76	  -3.58	  0.016	0.99655							#	   1.47	  46.87	
    713	  -3.44	  -3.52	  0.016	0.99627							#	   1.30	  45.61	
    714	  -3.50	  -3.33	  0.016	0.99653							#	   1.31	  47.22	
    715	  -3.32	  -2.96	  0.013	0.99628							#	   1.24	  45.81	
    716	  -2.24	  -3.28	  0.009	0.99634							#	   1.31	  46.67	
    717	  -1.15	  -2.99	  0.011	0.99650							#	   1.24	  41.41	
    718	  -0.37	  -3.34	  0.004	0.99675							#	   1.31	  44.95	
    719	   0.28	  -3.74	  0.003	0.99704							#	   1.42	  43.18	
    720	   0.77	  -3.86	 -0.006	0.99719							#	   1.38	  35.45	
    721	   2.02	  -4.23	  0.020	0.99680							#	   1.35	  26.31	
    722	   2.23	  -3.83	  0.017	0.99652							#	   1.18	  32.17	
    723	   3.31	  -4.08	  0.038	0.99660							#	   1.54	  26.11	
    724	   3.82	  -4.47	 -0.005	0.99640							#	   1.51	  26.87	
    725	   4.50	  -4.20	  0.016	0.99637							#	   1.49	  27.42	
    726	   3.03	  -4.82	  0.000	0.99652							#	   1.75	  28.84	
    727	   2.71	  -4.72	  0.025	0.99656							#	   1.35	  25.86	
    728	   2.21	  -3.88	  0.019	0.99654							#	   0.95	  27.17	
    729	   2.56	  -2.82	  0.016	0.99646							#	   0.78	  27.47	
    730	   4.65	  -0.49	  0.018	0.99616							#	   0.59	  24.34	
    731	   6.47	  -0.05	  0.016	0.99637							#	   0.64	  23.59	
    732	   7.95	   1.45	 -0.013	0.99644							#	   0.79	  24.90	
    733	   7.18	   1.93	 -0.010	0.99662							#	   0.87	  24.80	
    734	   4.96	   1.76	  0.000	0.99670							#	   0.72	  26.36	
    735	   3.31	   2.34	 -0.006	0.99692							#	   0.64	  28.59	
    736	   2.23	   2.00	 -0.009	0.99690							#	   0.62	  32.12	
    737	   2.02	   1.14	  0.002	0.99632							#	   0.67	  41.52	
    738	   1.36	   0.28	  0.005	0.99627							#	   0.72	  41.97	
    739	   0.97	   0.02	  0.004	0.99627							#	   0.88	  49.80	
    740	   0.57	  -0.05	  0.005	0.99634							#	   0.86	  47.63	
    741	   0.39	  -0.49	  0.005	0.99631							#	   0.92	  49.34	
    742	   0.31	  -0.47	  0.008	0.99642							#	   0.87	  49.70	
    743	   0.22	  -0.61	  0.012	0.99631							#	   1.03	  43.99	
    744	   0.21	  -0.60	  0.014	0.99631							#	   0.92	  47.02	
    745	   0.37	  -0.57	  0.015	0.99636							#	   0.88	  49.09	
    746	   0.17	  -0.32	  0.016	0.99644							#	   0.80	  47.47	
    747	  -0.14	  -0.34	  0.012	0.99633							#	   0.82	  49.80	
    748	  -0.22	  -0.42	  0.011	0.99642							#	   0.82	  46.36	
    749	  -0.38	  -0.30	  0.008	0.99634							#	   0.95	  47.32	
    750	  -0.42	  -0.41	  0.009	0.99626							#	   0.92	  47.63	
    751	  -0.55	  -0.56	  0.007	0.99617							#	   1.01	  48.43	
    752	  -0.74	  -1.05	  0.009	0.99601							#	   1.14	  44.29	
    753	  -0.86	  -1.24	  0.009	0.99595							#	   1.06	  46.52	
    754	  -0.90	  -1.72	  0.012	0.99598							#	   1.22	  45.45	
    755	  -0.77	  -2.60	  0.014	0.99606							#	   1.33	  44.09	
    756	  -0.66	  -3.56	  0.011	0.99595							#	   1.50	  41.52	
    757	  -0.27	  -4.45	  0.017	0.99563							#	   1.69	  38.23	
    758	   0.05	  -5.71	  0.020	0.99554							#	   1.78	  33.18	
    759	   0.70	  -7.25	  0.022	0.99574							#	   1.89	  28.38	
    760	   1.15	  -8.49	  0.021	0.99591							#	   2.36	  24.49	
    761	   1.26	  -9.27	  0.028	0.99604							#	   2.43	  22.98	
    762	   1.01	  -9.59	  0.014	0.99639							#	   2.39	  21.06	
    763	   1.46	  -9.95	 -0.006	0.99651							#	   2.28	  19.85	
    764	   2.09	 -10.60	  0.013	0.99645							#	   2.51	  19.80	
    765	   1.93	 -10.62	  0.018	0.99662							#	   2.93	  18.84	
    766	   1.20	 -11.11	  0.013	0.99650							#	   2.85	  18.79	
    767	   1.15	 -11.12	  0.010	0.99670							#	   2.76	  18.54	
    768	   0.99	 -11.29	  0.006	0.99687							#	   2.40	  18.84	
    769	   0.84	 -11.34	  0.009	0.99688							#	   1.89	  21.21	
    770	   0.89	 -10.53	  0.016	0.99709							#	   1.55	  20.45	
    771	   1.00	 -10.68	  0.009	0.99698							#	   2.07	  19.19	
    772	   0.85	 -10.70	  0.011	0.99702							#	   2.64	  19.70	
    773	   0.99	 -10.39	  0.020	0.99712							#	   2.11	  18.18	
    774	   1.04	 -10.31	  0.017	0.99720							#	   1.58	  18.18	
    775	   1.11	 -10.13	  0.025	0.99720							#	   1.14	  18.48	
    776	   1.12	 -10.64	  0.023	0.99697							#	   1.44	  16.41	
    777	   0.96	 -10.19	  0.026	0.99706							#	   2.08	  20.40	
    778	   1.12	  -9.99	  0.030	0.99701							#	   2.07	  22.53	
    779	   1.23	  -9.65	  0.029	0.99701							#	   2.00	  23.28	
    780	   1.36	  -9.49	  0.027	0.99701							#	   1.61	  21.72	
    781	   1.19	  -8.66	  0.040	0.99689							#	   1.16	  27.93	
    782	   1.56	  -7.95	  0.046	0.99695							#	   1.22	  28.74	
    783	   2.02	  -7.28	  0.055	0.99693							#	   1.44	  34.75	
    784	   1.61	  -6.09	  0.029	0.99743							#	   1.50	  42.22	
    785	   1.73	  -5.36	  0.025	0.99737							#	   1.49	  43.59	
    786	   1.59	  -4.63	  0.026	0.99723							#	   1.15	  47.53	
    787	   0.98	  -4.02	  0.025	0.99695							#	   0.90	  49.75	
    788	   0.84	  -3.42	  0.028	0.99688							#	   0.79	  50.86	
    789	   0.84	  -2.56	  0.029	0.99661							#	   0.75	  49.04	
    790	   0.67	  -2.07	  0.028	0.99682							#	   0.70	  49.95	
    791	   0.31	  -1.82	  0.030	0.99652							#	   0.82	  48.23	
    792	   0.24	  -1.38	  0.028	0.99669							#	   0.79	  49.04	
    793	   0.32	  -1.15	  0.030	0.99640							#	   0.81	  48.23	
    794	   0.47	  -0.63	  0.029	0.99644							#	   0.75	  47.93	
    795	   0.51	  -0.59	  0.030	0.99644							#	   0.78	  49.39	
    796	   0.85	  -0.40	  0.033	0.99663							#	   0.78	  48.74	
    797	   1.05	  -0.35	  0.032	0.99650							#	   0.89	  47.47	
    798	   1.29	  -0.21	  0.032	0.99662							#	   0.90	  47.78	
    799	   1.56	  -0.88	  0.024	0.99631							#	   1.04	  47.53	
    800	   1.62	  -1.10	  0.027	0.99684							#	   1.00	  44.90	
    801	   1.09	  -1.71	  0.025	0.99710							#	   1.34	  37.07	
    802	   1.07	  -1.70	  0.023	0.99710							#	   1.15	  35.96	
    803	   1.20	  -1.35	  0.017	0.99733							#	   1.37	  30.25	
    804	   1.49	  -2.33	  0.044	0.99677							#	   1.33	  30.56	
    805	   1.50	  -1.81	  0.024	0.99725							#	   1.42	  26.67	
    806	   1.50	  -2.47	  0.054	0.99711							#	   1.43	  22.83	
    807	   1.44	  -2.49	  0.021	0.99741							#	   1.45	  19.19	
    808	   1.04	  -2.61	  0.039	0.99743							#	   1.49	  18.13	
    809	   1.07	  -2.24	  0.002	0.99757							#	   1.86	  15.76	
    810	   0.66	  -2.34	  0.018	0.99754							#	   1.71	  15.45	
    811	   0.55	  -3.39	  0.001	0.99761							#	   2.05	  15.86	
    812	   0.48	  -3.28	 -0.011	0.99764							#	   1.70	  16.26	
    813	   0.51	  -3.42	 -0.026	0.99772							#	   1.71	  16.21	
    814	   0.42	  -4.44	 -0.006	0.99754							#	   1.45	  18.08	
    815	   0.15	  -4.62	 -0.021	0.99766							#	   1.08	  17.73	
    816	  -0.52	  -4.88	 -0.021	0.99778							#	   1.24	  18.74	
    817	  -0.80	  -5.28	 -0.018	0.99759							#	   1.74	  19.34	
    818	  -1.03	  -5.19	 -0.032	0.99759							#	   1.75	  20.71	
    819	  -0.71	  -4.90	 -0.020	0.99749							#	   1.67	  23.23	
    820	  -1.06	  -4.68	 -0.019	0.99745							#	   1.69	  25.91	
    821	  -1.55	  -4.35	 -0.029	0.99739							#	   1.48	  30.56	
    822	  -1.85	  -4.07	 -0.036	0.99734							#	   1.24	  33.38	
    823	  -1.63	  -3.90	 -0.026	0.99707							#	   1.16	  38.99	
    824	  -1.51	  -3.54	 -0.023	0.99667							#	   1.00	  45.51	
    825	  -1.79	  -3.16	 -0.020	0.99665							#	   0.99	  45.86	
    826	  -1.63	  -2.19	 -0.017	0.99638							#	   0.84	  47.37	
    827	  -1.79	  -0.98	 -0.018	0.99646							#	   0.66	  45.71	
    828	  -2.20	   0.04	 -0.022	0.99631							#	   0.56	  43.79	
    829	  -1.55	   0.72	 -0.024	0.99605							#	   0.59	  41.31	
    830	  -1.48	   2.08	 -0.025	0.99613							#	   0.62	  37.47	
    831	  -1.30	   2.84	 -0.024	0.99596							#	   0.70	  37.93	
    832	  -0.79	   3.05	 -0.028	0.99599							#	   0.88	  36.01	
    833	  -0.21	   3.07	 -0.026	0.99596							#	   0.92	  35.56	
    834	   0.11	   3.04	 -0.027	0.99606							#	   0.97	  36.87	
    835	   0.54	   3.46	 -0.025	0.99595							#	   1.14	  37.27	
    836	   0.89	   3.46	 -0.024	0.99587							#	   1.06	  37.68	
    837	   1.20	   2.78	 -0.023	0.99576							#	   0.96	  37.37	
    838	   1.47	   2.03	 -0.026	0.99595							#	   0.90	  36.41	
    839	   2.42	   1.61	 -0.025	0.99546							#	   1.02	  38.38	
    840	   3.00	   0.70	 -0.019	0.99520							#	   1.25	  36.11	
    841	   3.48	  -0.14	 -0.017	0.99506							#	   1.21	  39.24	
    842	   3.86	  -1.87	 -0.015	0.99492							#	   1.50	  37.47	
    843	   4.15	  -2.44	 -0.019	0.99523							#	   1.53	  37.83	
    844	   4.54	  -3.39	 -0.014	0.99521							#	   1.75	  37.27	
    845	   4.78	  -4.79	 -0.015	0.99522							#	   1.96	  35.71	
    846	   4.78	  -5.64	 -0.016	0.99543							#	   1.82	  32.37	
    847	   5.04	  -6.17	 -0.015	0.99564							#	   1.87	  31.82	
    848	   5.05	  -6.73	 -0.017	0.99575							#	   1.92	  32.68	
    849	   5.05	  -7.05	 -0.015	0.99581							#	   2.46	  29.39	
    850	   4.79	  -7.15	 -0.013	0.99608							#	   2.35	  29.49	
    851	   4.44	  -7.10	 -0.012	0.99612							#	   2.11	  27.37	
    852	   4.56	  -6.46	 -0.015	0.99628							#	   1.86	  29.65	
    853	   4.66	  -6.06	 -0.015	0.99640							#	   1.40	  29.14	
    854	   3.38	  -5.20	 -0.003	0.99650							#	   0.99	  30.00	
    855	   2.98	  -5.27	 -0.013	0.99671							#	   0.88	  27.83	
    856	   3.14	  -5.25	 -0.008	0.99676							#	   0.78	  27.12	
    857	   2.41	  -4.76	 -0.006	0.99678							#	   0.77	  28.54	
    858	   2.00	  -4.27	 -0.006	0.99673							#	   0.84	  27.22	
    859	   1.62	  -3.91	 -0.005	0.99676							#	   1.12	  25.20	
    860	   1.17	  -3.46	 -0.009	0.99671							#	   1.11	  30.81	
    861	   1.25	  -3.29	  0.003	0.99650							#	   1.21	  29.80	
    862	   1.07	  -3.00	 -0.008	0.99665							#	   1.15	  31.16	
    863	   1.20	  -2.72	  0.001	0.99632							#	   1.09	  31.57	
    864	   0.71	  -2.71	 -0.010	0.99661							#	   1.02	  34.95	
    865	   0.52	  -2.37	 -0.003	0.99644							#	   0.98	  37.88	
    866	   0.10	  -2.10	 -0.016	0.99648							#	   0.93	  45.00	
    867	   0.15	  -1.92	 -0.010	0.99615							#	   0.98	  45.56	
    868	  -0.35	  -1.60	 -0.014	0.99636							#	   0.93	  48.74	
    869	  -0.97	  -1.38	 -0.008	0.99612							#	   0.90	  45.61	
    870	  -1.93	  -1.31	 -0.010	0.99658							#	   0.96	  48.13	
    871	  -2.00	  -1.61	 -0.005	0.99629							#	   0.96	  50.61	
    872	  -2.91	  -1.33	 -0.006	0.99639							#	   1.06	  52.63	
    873	  -3.56	  -1.08	 -0.007	0.99629							#	   1.07	  53.74	
    874	  -3.58	  -1.09	 -0.010	0.99648							#	   1.00	  53.99	
    875	  -3.95	  -1.26	 -0.012	0.99635							#	   1.12	  53.48	
    876	  -4.79	  -1.23	 -0.013	0.99641							#	   1.11	  50.91	
    877	  -4.98	  -1.59	 -0.015	0.99647							#	   1.32	  52.47	
    878	  -4.76	  -1.95	 -0.017	0.99641							#	   1.23	  49.75	
    879	  -4.44	  -2.02	 -0.019	0.99656							#	   1.37	  46.21	
    880	  -4.05	  -2.83	 -0.018	0.99656							#	   1.56	  44.95	
    881	  -3.57	  -3.76	 -0.020	0.99683							#	   1.65	  41.52	
    882	  -3.10	  -4.24	 -0.020	0.99682							#	   1.58	  39.75	
    883	  -2.83	  -5.10	 -0.020	0.99671							#	   2.00	  38.43	
    884	  -2.30	  -5.54	 -0.023	0.99686							#	   1.91	  33.38	
    885	  -1.20	  -6.06	 -0.020	0.99721							#	   2.09	  30.91	
    886	  -0.49	  -6.22	 -0.030	0.99726							#	   2.28	  28.84	
    887	   0.10	  -6.19	 -0.037	0.99735							#	   2.14	  27.68	
    888	   0.55	  -6.59	 -0.028	0.99723							#	   2.27	  25.61	
    889	   0.71	  -6.78	 -0.024	0.99710							#	   2.31	  25.05	
    890	   0.71	  -6.81	 -0.026	0.99710							#	   2.39	  25.51	
    891	   0.64	  -6.38	 -0.021	0.99717							#	   2.13	  23.74	
    892	   0.66	  -6.63	 -0.026	0.99715							#	   2.08	  20.96	
    893	   0.63	  -6.12	 -0.023	0.99744							#	   2.10	  21.41	
    894	   0.59	  -5.05	 -0.035	0.99759							#	   1.87	  21.82	
    895	   0.52	  -4.46	 -0.036	0.99765							#	   1.59	  21.87	
    896	   0.27	  -4.06	 -0.023	0.99763							#	   1.52	  20.30	
    897	   0.34	  -3.26	 -0.023	0.99771							#	   1.15	  19.95	
    898	   0.45	  -3.09	 -0.019	0.99763							#	   0.91	  21.57	
    899	   0.47	  -2.86	 -0.018	0.99743							#	   0.90	  23.08	
    900	   0.46	  -2.67	 -0.012	0.99736							#	   1.13	  19.80	
    901	   0.53	  -2.59	 -0.017	0.99721							#	   1.07	  26.77	
    902	   0.55	  -2.56	 -0.023	0.99714							#	   1.27	  29.65	
    903	   0.43	  -2.80	 -0.031	0.99705							#	   1.58	  32.47	
    904	   0.40	  -3.47	 -0.030	0.99712							#	   1.54	  34.14	
    905	   0.67	  -3.87	 -0.039	0.99716							#	   1.68	  34.80	
    906	   0.83	  -4.11	 -0.034	0.99710							#	   1.56	  36.11	
    907	   0.63	  -4.15	 -0.034	0.99716							#	   1.54	  35.81	
    908	   0.50	  -4.32	 -0.030	0.99701							#	   1.49	  41.57	
    909	   0.24	  -4.36	 -0.028	0.99707							#	   1.47	  39.44	
    910	   0.41	  -4.01	 -0.027	0.99693							#	   1.30	  43.84	
    911	   0.47	  -3.79	 -0.029	0.99697							#	   1.16	  41.11	
    912	   0.05	  -3.41	 -0.028	0.99673							#	   1.03	  49.60	
    913	  -0.67	  -3.50	 -0.025	0.99667							#	   1.02	  50.76	
    914	  -1.34	  -3.10	 -0.024	0.99662							#	   0.95	  48.03	
    915	  -2.09	  -3.12	 -0.021	0.99647							#	   1.06	  50.40	
    916	  -2.60	  -2.81	 -0.020	0.99677							#	   1.04	  46.82	
    917	  -3.04	  -2.48	 -0.018	0.99658							#	   1.07	  49.65	
    918	  -3.34	  -2.41	 -0.016	0.99673							#	   1.15	  46.36	
    919	  -3.63	  -2.16	 -0.017	0.99657							#	   1.18	  45.86	
    920	  -3.76	  -2.01	 -0.017	0.99663							#	   1.17	  43.23	
    921	  -3.88	  -2.08	 -0.016	0.99648							#	   1.30	  42.17	
    922	  -4.35	  -2.70	 -0.013	0.99657							#	   1.46	  40.86	
    923	  -4.70	  -3.32	 -0.014	0.99658							#	   1.61	  39.19	
    924	  -4.88	  -3.18	 -0.018	0.99670							#	   1.43	  39.04	
    925	  -5.02	  -3.54	 -0.022	0.99679							#	   1.61	  40.40	
    926	  -4.93	  -3.82	 -0.023	0.99651							#	   1.70	  40.96	
    927	  -4.39	  -3.28	 -0.022	0.99641							#	   1.46	  38.08	
    928	  -3.81	  -3.01	 -0.023	0.99635							#	   1.45	  39.85	
    929	  -3.44	  -2.86	 -0.023	0.99653							#	   1.34	  37.78	
    930	  -2.90	  -2.81	 -0.021	0.99662							#	   1.31	  41.16	
    931	  -1.96	  -2.99	 -0.018	0.99674							#	   1.46	  38.48	
    932	  -1.86	  -3.07	 -0.017	0.99679							#	   1.45	  40.91	
    933	  -1.27	  -2.28	 -0.011	0.99677							#	   1.38	  36.72	
    934	  -0.80	  -1.73	 -0.006	0.99671							#	   1.12	  40.40	
    935	  -0.11	  -1.21	  0.001	0.99684							#	   1.06	  37.58	
    936	   0.43	  -0.39	  0.006	0.99691							#	   0.79	  40.00	
    937	   0.82	  -0.08	  0.006	0.99698							#	   0.65	  40.86	
    938	   1.27	   0.42	  0.013	0.99699							#	   0.67	  39.09	
    939	   1.73	   0.73	  0.015	0.99698							#	   0.74	  38.33	
    940	   2.04	   0.81	  0.019	0.99689							#	   0.74	  38.74	
    941	   2.73	   1.16	  0.020	0.99682							#	   0.95	  36.67	
    942	   2.91	   0.75	  0.021	0.99658							#	   1.04	  40.05	
    943	   3.64	   0.68	  0.021	0.99660							#	   1.21	  37.17	
    944	   3.95	   0.16	  0.021	0.99640							#	   1.30	  39.55	
    945	   4.32	  -0.14	  0.022	0.99645							#	   1.30	  36.72	
    946	   4.73	  -0.59	  0.018	0.99653							#	   1.36	  37.42	
    947	   5.01	  -1.09	  0.019	0.99653							#	   1.51	  37.58	
    948	   4.98	  -1.60	  0.018	0.99663							#	   1.56	  36.82	
    949	   5.05	  -1.82	  0.021	0.99667							#	   1.50	  36.62	
    950	   5.26	  -1.75	  0.020	0.99665							#	   1.55	  36.87	
    951	   5.15	  -1.87	  0.022	0.99672							#	   1.53	  37.22	
    952	   4.86	  -1.65	  0.024	0.99677							#	   1.43	  37.88	
    953	   4.46	  -1.26	  0.023	0.99664							#	   1.30	  38.23	
    954	   4.39	  -1.13	  0.023	0.99658							#	   1.29	  37.93	
    955	   4.31	  -0.89	  0.026	0.99651							#	   1.19	  37.93	
    956	   4.02	  -0.94	  0.021	0.99631							#	   1.27	  35.61	
    957	   3.70	  -0.83	  0.023	0.99632							#	   1.23	  35.10	
    958	   3.51	  -1.15	  0.028	0.99638							#	   1.32	  35.51	
    959	   3.37	  -1.00	  0.021	0.99641							#	   1.25	  33.48	
    960	   3.26	  -1.61	  0.023	0.99653							#	   1.44	  33.13	
    961	   3.16	  -2.39	  0.021	0.99650							#	   1.57	  33.38	
    962	   2.83	  -3.04	  0.015	0.99634							#	   1.61	  31.31	
    963	   2.89	  -3.43	  0.011	0.99632							#	   1.60	  30.61	
    964	   2.77	  -4.30	  0.007	0.99634							#	   2.03	  29.80	
    965	   2.97	  -5.04	  0.002	0.99659							#	   1.94	  28.64	
    966	   3.13	  -5.67	 -0.002	0.99654							#	   2.09	  28.08	
    967	   3.02	  -5.91	 -0.014	0.99648							#	   2.10	  26.26	
    968	   2.88	  -6.83	 -0.010	0.99663							#	   2.38	  25.25	
    969	   2.71	  -7.82	 -0.025	0.99656							#	   2.79	  23.43	
    970	   2.89	  -8.31	 -0.015	0.99663							#	   2.74	  22.63	
    971	   2.95	  -8.24	 -0.021	0.99673							#	   2.68	  22.07	
    972	   2.83	  -8.29	 -0.019	0.99683							#	   2.70	  21.46	
    973	   2.84	  -9.43	 -0.012	0.99695							#	   2.92	  20.96	
    974	   2.52	  -9.07	 -0.028	0.99713							#	   2.91	  19.55	
    975	   2.30	  -9.22	 -0.014	0.99725							#	   3.01	  18.28	
    976	   2.20	  -9.15	 -0.017	0.99712							#	   3.06	  19.75	
    977	   2.28	  -8.54	 -0.019	0.99711							#	   2.74	  20.20	
    978	   2.25	  -8.52	 -0.022	0.99697							#	   2.55	  21.31	
    979	   1.79	  -8.92	 -0.038	0.99663							#	   2.31	  22.68	
    980	   1.46	  -8.60	 -0.027	0.99659							#	   2.01	  22.98	
    981	   1.36	  -8.26	 -0.031	0.99649							#	   2.05	  24.55	
    982	   1.19	  -8.21	 -0.019	0.99645							#	   2.19	  26.06	
    983	   0.65	  -8.00	 -0.025	0.99637							#	   2.03	  25.66	
    984	   0.34	  -7.91	 -0.037	0.99628							#	   1.99	  28.13	
    985	  -0.15	  -7.79	 -0.037	0.99616							#	   1.99	  31.52	
    986	  -0.38	  -6.94	 -0.025	0.99630							#	   1.87	  32.58	
    987	  -0.51	  -6.08	 -0.026	0.99620							#	   1.68	  34.49	
    988	  -0.56	  -5.67	 -0.019	0.99629							#	   1.48	  36.97	
    989	  -1.09	  -5.15	 -0.019	0.99628							#	   1.30	  37.32	
    990	  -1.60	  -4.80	 -0.014	0.99608							#	   1.26	  43.18	
    991	  -2.58	  -4.43	 -0.015	0.99575							#	   1.20	  42.42	
    992	  -3.08	  -3.91	 -0.009	0.99588							#	   1.23	  43.89	
    993	  -3.91	  -3.94	 -0.012	0.99564							#	   1.44	  43.23	
    994	  -3.90	  -3.67	 -0.006	0.99601							#	   1.46	  42.88	
    995	  -4.53	  -3.70	 -0.009	0.99579							#	   1.58	  41.62	
    996	  -4.69	  -3.80	 -0.002	0.99596							#	   1.67	  41.46	
    997	  -4.76	  -4.22	  0.002	0.99593							#	   1.78	  40.91	
    998	  -4.77	  -4.81	  0.007	0.99627							#	   2.01	  41.36	
    999	  -4.75	  -5.32	  0.004	0.99632							#	   1.95	  37.02	
   1000	  -4.36	  -5.40	  0.012	0.99615							#	   1.92	  38.79	
   1001	  -3.90	  -5.40	  0.013	0.99600							#	   2.14	  36.01	
   1002	  -3.53	  -5.78	  0.022	0.99610							#	   2.17	  37.32	
   1003	  -3.62	  -6.32	  0.023	0.99625							#	   2.49	  31.82	
   1004	  -3.22	  -6.90	  0.033	0.99646							#	   2.36	  32.88	
   1005	  -2.52	  -7.33	  0.031	0.99660							#	   2.53	  28.69	
   1006	  -1.76	  -7.46	  0.047	0.99668							#	   2.36	  29.14	
   1007	  -0.92	  -6.91	  0.042	0.99701							#	   2.19	  24.85	
   1008	  -0.72	  -6.44	  0.047	0.99685							#	   1.90	  28.94	
   1009	   0.20	  -5.85	  0.034	0.99672							#	   1.66	  27.93	
   1010	   0.66	  -5.45	  0.027	0.99681							#	   1.47	  30.35	
   1011	   1.04	  -5.01	  0.032	0.99684							#	   1.31	  29.90	
   1012	   1.27	  -4.08	  0.031	0.99703							#	   1.09	  32.37	
   1013	   1.55	  -3.02	  0.040	0.99709							#	   0.86	  31.16	
   1014	   1.57	  -2.01	  0.042	0.99688							#	   0.75	  33.74	
   1015	   1.70	  -0.81	  0.040	0.99673							#	   0.65	  34.85	
   1016	   1.60	  -0.76	  0.033	0.99659							#	   0.65	  34.65	
   1017	   2.01	   0.10	  0.041	0.99641							#	   0.69	  36.41	
   1018	   2.33	  -0.06	  0.042	0.99640							#	   0.82	  37.02	
   1019	   2.45	  -0.19	  0.040	0.99645							#	   1.00	  37.32	
   1020	   2.46	  -0.59	  0.038	0.99646							#	   1.21	  36.31	
   1021	   2.46	  -0.05	  0.025	0.99650							#	   1.01	  39.90	
   1022	   2.42	  -0.42	  0.038	0.99653							#	   1.06	  38.23	
   1023	   2.19	  -0.61	  0.033	0.99647							#	   1.00	  39.34	
   1024	   2.23	  -0.20	  0.029	0.99661							#	   1.02	  43.59	
   1025	   2.46	   0.43	  0.025	0.99660							#	   0.99	  47.02	
   1026	   3.02	   0.59	  0.028	0.99651							#	   1.02	  47.12	
   1027	   3.15	   0.68	  0.022	0.99655							#	   0.97	  50.71	
   1028	   3.34	   1.10	  0.021	0.99668							#	   0.97	  51.62	
   1029	   3.22	   0.90	  0.022	0.99647							#	   1.04	  52.37	
   1030	   3.68	   1.31	  0.019	0.99658							#	   1.06	  51.46	
   1031	   3.82	   1.39	  0.017	0.99650							#	   1.09	  52.37	
   1032	   3.73	   1.54	  0.014	0.99640							#	   1.07	  52.98	
   1033	   3.54	   1.60	  0.011	0.99641							#	   1.09	  51.87	
   1034	   3.03	   1.75	  0.010	0.99637							#	   1.01	  51.72	
   1035	   2.62	   1.71	  0.006	0.99633							#	   1.06	  50.51	
   1036	   2.13	   1.83	  0.002	0.99631							#	   1.02	  49.34	
   1037	   1.73	   1.30	  0.001	0.99624							#	   0.96	  49.09	
   1038	   1.28	   1.03	  0.000	0.99616							#	   0.99	  46.77	
   1039	   0.83	   1.02	 -0.001	0.99604							#	   0.98	  46.31	
   1040	   0.31	   0.92	 -0.002	0.99601							#	   1.01	  45.66	
   1041	  -0.34	   0.14	  0.003	0.99588							#	   1.11	  42.12	
   1042	  -0.63	  -0.49	  0.002	0.99580							#	   1.19	  40.15	
   1043	  -0.48	  -1.51	  0.002	0.99604							#	   1.29	  37.78	
   1044	  -0.41	  -2.32	 -0.004	0.99613							#	   1.26	  37.58	
   1045	  -0.22	  -2.94	 -0.008	0.99592							#	   1.41	  35.81	
   1046	   0.05	  -3.97	 -0.006	0.99574							#	   1.66	  33.94	
   1047	   0.20	  -4.65	 -0.009	0.99556							#	   1.66	  33.08	
   1048	   0.29	  -4.94	 -0.005	0.99541							#	   1.62	  30.71	
   1049	   0.41	  -4.67	 -0.013	0.99581							#	   1.60	  30.96	
   1050	   0.69	  -5.28	 -0.010	0.99575							#	   1.73	  28.38	
   1051	   0.80	  -5.34	 -0.025	0.99605							#	   1.74	  28.94	
   1052	   1.17	  -5.48	 -0.028	0.99613							#	   1.69	  28.23	
   1053	   1.30	  -5.71	 -0.040	0.99627							#	   1.71	  25.66	
   1054	   1.43	  -6.16	 -0.037	0.99639							#	   1.79	  25.56	
   1055	   1.30	  -6.40	 -0.048	0.99646							#	   1.81	  25.51	
   1056	   1.14	  -6.07	 -0.039	0.99644							#	   1.72	  26.62	
   1057	   1.13	  -5.39	 -0.036	0.99630							#	   1.64	  27.12	
   1058	   1.38	  -5.16	 -0.029	0.99612							#	   1.70	  27.37	
   1059	   1.85	  -4.78	 -0.023	0.99595							#	   1.63	  28.18	
   1060	   1.01	  -4.81	 -0.027	0.99588							#	   1.69	  29.19	
   1061	   0.96	  -4.16	 -0.012	0.99576							#	   1.60	  34.55	
   1062	   1.20	  -3.78	 -0.012	0.99561							#	   1.57	  36.41	
   1063	   1.07	  -3.89	 -0.008	0.99567							#	   1.63	  40.05	
   1064	   0.74	  -4.30	 -0.008	0.99576							#	   1.84	  40.91	
   1065	   0.42	  -4.50	 -0.004	0.99574							#	   1.79	  42.27	
   1066	  -0.07	  -4.45	  0.001	0.99581							#	   1.70	  43.69	
   1067	  -0.39	  -4.25	  0.005	0.99583							#	   1.64	  46.72	
   1068	  -1.06	  -3.82	  0.008	0.99576							#	   1.47	  49.60	
   1069	  -1.73	  -3.34	  0.008	0.99592							#	   1.35	  49.80	
   1070	  -2.38	  -2.67	  0.010	0.99592							#	   1.17	  48.84	
   1071	  -2.60	  -2.37	  0.011	0.99587							#	   1.08	  51.36	
   1072	  -2.89	  -2.03	  0.011	0.99586							#	   0.98	  51.41	
   1073	  -3.08	  -1.22	  0.012	0.99571							#	   0.94	  51.41	
   1074	  -3.34	  -1.08	  0.015	0.99567							#	   0.94	  51.06	
   1075	  -3.60	  -1.31	  0.015	0.99563							#	   1.03	  50.40	
   1076	  -3.91	  -1.05	  0.016	0.99577							#	   1.05	  49.80	
   1077	  -4.19	  -0.90	  0.013	0.99574							#	   1.02	  49.19	
   1078	  -4.24	  -0.74	  0.016	0.99560							#	   1.15	  47.32	
   1079	  -4.50	  -1.27	  0.016	0.99560							#	   1.31	  48.43	
   1080	  -4.80	  -1.52	  0.016	0.99591							#	   1.47	  43.18	
   1081	  -4.93	  -1.74	  0.010	0.99593							#	   1.16	  40.56	
   1082	  -4.78	  -1.57	  0.013	0.99568							#	   1.29	  39.44	
   1083	  -4.56	  -2.42	  0.020	0.99564							#	   1.59	  40.96	
   1084	  -5.04	  -2.89	  0.022	0.99570							#	   1.60	  38.08	
   1085	  -5.19	  -3.18	  0.014	0.99577							#	   1.55	  37.42	
   1086	  -4.52	  -3.20	  0.026	0.99589							#	   1.65	  36.41	
   1087	  -3.67	  -3.59	  0.027	0.99577							#	   1.61	  34.24	
   1088	  -3.63	  -3.69	  0.037	0.99593							#	   1.66	  35.86	
   1089	  -3.42	  -3.94	  0.033	0.99583							#	   1.56	  31.92	
   1090	  -3.04	  -4.00	  0.034	0.99619							#	   1.60	  33.08	
   1091	  -2.72	  -4.23	  0.037	0.99633							#	   1.58	  31.31	
   1092	  -1.89	  -4.16	  0.040	0.99641							#	   1.46	  29.09	
   1093	  -1.11	  -3.40	  0.047	0.99638							#	   1.22	  30.15	
   1094	  -0.54	  -2.86	  0.025	0.99673							#	   1.04	  29.49	
   1095	  -0.12	  -2.59	  0.034	0.99668							#	   0.90	  30.96	
   1096	  -0.17	  -2.34	  0.045	0.99659							#	   0.86	  29.49	
   1097	   0.01	  -2.13	  0.045	0.99652							#	   0.85	  31.41	
   1098	   0.28	  -1.78	  0.047	0.99632							#	   0.92	  30.86	
   1099	   0.79	  -1.16	  0.050	0.99604							#	   1.01	  33.59	
   1100	   0.73	  -1.12	  0.047	0.99603							#	   1.10	  32.78	
   1101	   0.77	  -0.97	  0.050	0.99591							#	   1.20	  32.83	
   1102	   0.91	  -0.80	  0.045	0.99576							#	   1.24	  33.69	
   1103	   1.15	  -0.69	  0.053	0.99575							#	   1.27	  35.35	
   1104	   1.45	  -0.54	  0.052	0.99567							#	   1.19	  35.20	
   1105	   1.83	  -0.71	  0.048	0.99565							#	   1.22	  34.75	
   1106	   1.97	  -0.75	  0.051	0.99560							#	   1.28	  36.06	
   1107	   2.23	  -0.74	  0.044	0.99564							#	   1.28	  37.42	
   1108	   2.79	  -0.83	  0.041	0.99565							#	   1.27	  37.63	
   1109	   2.92	  -0.50	  0.041	0.99570							#	   1.21	  39.24	
   1110	   3.06	  -0.65	  0.038	0.99570							#	   1.31	  41.57	
   1111	   2.89	  -0.49	  0.032	0.99579							#	   1.27	  40.76	
   1112	   2.76	  -0.21	  0.026	0.99589							#	   1.20	  44.19	
   1113	   2.77	   0.40	  0.024	0.99583							#	   1.11	  46.87	
   1114	   2.62	   0.66	  0.023	0.99574							#	   1.03	  46.11	
   1115	   2.29	   0.62	  0.020	0.99574							#	   1.01	  47.63	
   1116	   2.21	   0.64	  0.015	0.99572							#	   1.14	  48.18	
   1117	   2.70	   0.41	  0.015	0.99567							#	   1.25	  48.03	
   1118	   2.79	   0.58	  0.013	0.99573							#	   1.23	  47.07	
   1119	   2.25	   0.09	  0.022	0.99576							#	   1.21	  41.57	
   1120	   2.10	  -0.97	  0.014	0.99557							#	   1.35	  42.63	
   1121	   3.04	  -1.64	  0.012	0.99548							#	   1.55	  43.84	
   1122	   3.31	  -2.52	  0.021	0.99554							#	   1.61	  41.52	
   1123	   2.73	  -3.53	  0.005	0.99551							#	   1.74	  41.01	
   1124	   3.27	  -4.05	  0.003	0.99555							#	   1.77	  41.01	
   1125	   3.28	  -4.30	 -0.002	0.99547							#	   1.75	  40.51	
   1126	   2.91	  -5.33	 -0.002	0.99536							#	   2.13	  38.13	
   1127	   2.65	  -6.77	  0.005	0.99513							#	   2.21	  36.72	
   1128	   2.43	  -7.66	  0.004	0.99536							#	   2.33	  34.34	
   1129	   2.67	  -7.99	  0.005	0.99548							#	   2.20	  31.41	
   1130	   3.05	  -8.80	  0.004	0.99563							#	   2.44	  29.70	
   1131	   2.90	  -9.21	 -0.007	0.99587							#	   2.24	  27.37	
   1132	   2.92	  -9.35	 -0.006	0.99603							#	   2.25	  26.77	
   1133	   2.56	  -9.77	 -0.004	0.99608							#	   2.34	  28.08	
   1134	   2.58	 -10.11	 -0.011	0.99624							#	   2.25	  28.59	
   1135	   2.42	 -10.25	 -0.006	0.99641							#	   2.44	  26.77	
   1136	   2.17	 -10.40	 -0.016	0.99644							#	   2.38	  25.35	
   1137	   1.88	 -10.66	 -0.008	0.99637							#	   2.54	  29.09	
   1138	   1.46	 -10.76	 -0.012	0.99629							#	   2.51	  25.76	
   1139	   1.19	 -11.01	 -0.013	0.99612							#	   2.56	  26.82	
   1140	   1.43	 -11.00	 -0.010	0.99604							#	   2.73	  25.76	
   1141	   1.30	 -11.34	 -0.009	0.99604							#	   2.38	  25.71	
   1142	   1.03	 -11.40	 -0.010	0.99594							#	   2.40	  26.87	
   1143	   0.94	 -10.95	 -0.003	0.99575							#	   2.30	  28.18	
   1144	   0.96	 -10.73	  0.000	0.99572							#	   2.39	  29.39	
   1145	   1.05	 -10.51	  0.001	0.99572							#	   2.53	  30.66	
   1146	   1.10	 -10.52	  0.000	0.99564							#	   2.53	  29.85	
   1147	   0.98	 -10.13	  0.000	0.99568							#	   2.40	  30.00	
   1148	   0.89	 -10.20	  0.000	0.99571							#	   2.43	  30.56	
   1149	   0.90	  -9.99	 -0.000	0.99573							#	   2.33	  28.74	
   1150	   0.74	  -9.82	  0.001	0.99565							#	   2.35	  29.55	
   1151	   0.56	  -9.46	 -0.011	0.99591							#	   2.32	  30.05	
   1152	   0.74	  -9.46	 -0.012	0.99602							#	   2.55	  28.99	
   1153	   0.89	  -9.90	 -0.009	0.99604							#	   2.69	  29.24	
   1154	   0.70	  -9.87	 -0.017	0.99617							#	   2.53	  28.38	
   1155	   0.59	  -9.38	 -0.023	0.99609							#	   2.53	  26.06	
   1156	   0.28	  -9.46	 -0.014	0.99587							#	   2.44	  28.89	
   1157	  -0.02	  -8.91	 -0.018	0.99568							#	   2.38	  24.44	
   1158	  -0.35	  -8.53	 -0.011	0.99540							#	   2.27	  29.29	
   1159	  -0.68	  -7.48	 -0.015	0.99538							#	   2.01	  27.63	
   1160	  -0.92	  -7.32	 -0.021	0.99561							#	   1.80	  26.31	
   1161	  -0.81	  -6.85	 -0.031	0.99537							#	   1.72	  29.80	
   1162	  -0.65	  -5.85	 -0.018	0.99519							#	   1.46	  27.88	
   1163	  -0.81	  -5.36	 -0.025	0.99499							#	   1.31	  32.42	
   1164	  -1.61	  -4.72	 -0.023	0.99509							#	   1.24	  31.92	
   1165	  -2.06	  -4.24	 -0.023	0.99503							#	   1.27	  33.28	
   1166	  -2.19	  -3.97	 -0.015	0.99497							#	   1.23	  31.01	
   1167	  -2.73	  -3.83	 -0.015	0.99524							#	   1.49	  31.46	
   1168	  -2.71	  -4.51	 -0.003	0.99518							#	   1.63	  30.76	
   1169	  -2.98	  -4.38	 -0.017	0.99535							#	   1.63	  31.77	
   1170	  -3.16	  -3.31	  0.003	0.99549							#	   1.36	  32.93	
   1171	  -3.34	  -2.51	 -0.006	0.99597							#	   1.14	  35.66	
   1172	  -3.58	  -2.05	  0.001	0.99607							#	   1.03	  36.46	
   1173	  -4.56	  -0.64	 -0.012	0.99648							#	   0.88	  47.58	
   1174	  -4.02	   0.86	 -0.006	0.99673							#	   0.64	  54.60	
   1175	  -4.55	   3.45	 -0.005	0.99684							#	   1.00	  62.02	
   1176	  -4.42	   2.02	  0.001	0.99696							#	   0.84	  61.41	
   1177	  -4.09	   1.92	  0.004	0.99682							#	   0.87	  58.84	
   1178	  -3.72	   0.37	  0.017	0.99657							#	   0.94	  53.64	
   1179	  -4.22	   0.98	  0.025	0.99610							#	   1.21	  50.35	
   1180	  -4.39	   0.26	  0.023	0.99596							#	   1.24	  46.41	
   1181	  -3.87	  -1.56	  0.035	0.99569							#	   1.51	  40.10	
   1182	  -4.40	  -3.35	  0.043	0.99556							#	   1.95	  35.76	
   1183	  -4.02	  -3.81	  0.037	0.99539							#	   1.57	  31.41	
   1184	  -3.62	  -4.49	  0.048	0.99491							#	   2.16	  29.39	
   1185	  -3.30	  -5.33	  0.045	0.99486							#	   2.12	  26.11	
   1186	  -3.00	  -6.53	  0.048	0.99440							#	   2.31	  26.52	
   1187	  -2.29	  -5.61	  0.051	0.99420							#	   1.95	  25.81	
   1188	  -1.79	  -6.23	  0.051	0.99455							#	   2.11	  24.90	
   1189	  -1.31	  -7.17	  0.058	0.99455							#	   2.24	  22.98	
   1190	  -1.07	  -7.80	  0.060	0.99476							#	   2.51	  22.42	
   1191	  -0.84	  -8.02	  0.060	0.99478							#	   2.33	  21.21	
   1192	  -0.60	  -7.46	  0.062	0.99460							#	   2.29	  21.67	
   1193	  -0.74	  -7.50	  0.061	0.99439							#	   2.37	  21.87	
   1194	  -0.65	  -7.95	  0.067	0.99431							#	   2.56	  20.05	
   1195	  -0.53	  -8.45	  0.065	0.99445							#	   2.78	  19.90	
   1196	  -0.54	  -9.03	  0.043	0.99505							#	   3.15	  21.21	
   1197	  -1.28	  -8.80	  0.005	0.99485							#	   2.57	  22.17	
   1198	  -1.79	  -8.85	 -0.007	0.99471							#	   2.79	  21.01	
   1199	  -1.51	 -10.08	 -0.010	0.99453							#	   3.25	  19.65	
   1200	  -1.28	 -11.52	  0.001	0.99466							#	   3.70	  19.95	
   1201	  -1.44	 -12.60	 -0.018	0.99468							#	   3.28	  19.34	
   1202	  -0.75	 -12.92	 -0.008	0.99486							#	   3.46	  19.70	
   1203	  -0.49	 -13.21	  0.002	0.99489							#	   3.40	  19.04	
   1204	  -0.81	 -14.40	 -0.009	0.99501							#	   3.52	  20.45	
   1205	  -0.71	 -14.01	 -0.013	0.99515							#	   3.39	  19.85	
   1206	  -0.76	 -14.06	 -0.012	0.99541							#	   3.46	  19.80	
   1207	  -0.16	 -13.58	  0.001	0.99543							#	   3.07	  21.62	
   1208	   0.14	 -13.83	 -0.003	0.99553							#	   3.19	  20.91	
   1209	   0.34	 -14.45	 -0.019	0.99605							#	   3.25	  17.68	
   1210	   0.80	 -14.14	 -0.012	0.99622							#	   3.05	  19.75	
   1211	   0.82	 -14.39	 -0.005	0.99624							#	   3.06	  20.66	
   1212	   0.30	 -14.85	 -0.007	0.99641							#	   3.69	  20.56	
   1213	  -0.19	 -15.26	 -0.019	0.99632							#	   3.23	  19.75	
   1214	  -0.19	 -15.78	 -0.022	0.99625							#	   3.58	  18.48	
   1215	   0.51	 -16.09	 -0.018	0.99620							#	   3.45	  19.55	
   1216	   0.88	 -16.21	 -0.016	0.99624							#	   3.46	  17.12	
   1217	  -0.16	 -16.30	 -0.013	0.99584							#	   4.01	  19.70	
   1218	  -0.36	 -16.40	 -0.013	0.99579							#	   3.43	  19.55	
   1219	  -0.39	 -16.04	 -0.008	0.99577							#	   3.55	  20.10	
   1220	  -0.95	 -15.72	 -0.042	0.99560							#	   3.33	  19.55	
   1221	  -0.60	 -14.77	 -0.024	0.99551							#	   3.06	  19.60	
   1222	  -0.52	 -14.78	 -0.020	0.99543							#	   3.18	  18.94	
   1223	  -0.46	 -13.16	 -0.021	0.99607							#	   3.10	  25.20	
   1224	  -0.25	 -12.69	 -0.019	0.99617							#	   2.61	  24.85	
   1225	  -0.08	 -11.59	 -0.001	0.99610							#	   2.12	  30.05	
   1226	  -0.12	 -11.59	  0.011	0.99615							#	   2.25	  25.96	
   1227	  -0.71	 -11.29	 -0.003	0.99626							#	   2.26	  28.54	
   1228	  -0.70	 -11.57	  0.004	0.99628							#	   2.20	  25.61	
   1229	  -0.60	 -11.53	  0.005	0.99626							#	   2.17	  27.12	
   1230	  -0.63	 -11.46	 -0.001	0.99644							#	   2.30	  24.09	
   1231	  -0.97	 -12.18	 -0.012	0.99648							#	   2.63	  26.67	
   1232	  -2.04	 -12.17	 -0.041	0.99658							#	   2.46	  23.64	
   1233	  -2.29	 -13.34	 -0.052	0.99693							#	   2.89	  25.10	
   1234	  -2.28	 -13.48	 -0.054	0.99680							#	   2.44	  22.37	
   1235	  -2.75	 -12.87	 -0.048	0.99638							#	   2.56	  24.24	
   1236	  -2.96	 -14.03	 -0.060	0.99617							#	   3.03	  22.47	
   1237	  -3.55	 -14.08	 -0.065	0.99631							#	   2.98	  23.84	
   1238	  -3.89	 -14.77	 -0.070	0.99597							#	   2.70	  21.31	
   1239	  -3.34	 -14.74	 -0.068	0.99597							#	   2.76	  22.02	
   1240	  -2.62	 -15.14	 -0.062	0.99627							#	   2.95	  20.30	
   1241	  -3.31	 -14.92	 -0.059	0.99649							#	   3.05	  21.77	
   1242	  -3.19	 -14.83	 -0.065	0.99659							#	   2.73	  19.29	
   1243	  -2.58	 -14.67	 -0.055	0.99660							#	   2.63	  21.06	
   1244	  -2.33	 -14.61	 -0.065	0.99683							#	   2.64	  19.19	
   1245	  -1.86	 -14.38	 -0.035	0.99707							#	   2.49	  20.10	
   1246	  -1.61	 -14.26	 -0.029	0.99740							#	   2.63	  20.25	
   1247	  -1.82	 -13.51	 -0.032	0.99763							#	   2.64	  22.42	
   1248	  -2.09	 -13.19	 -0.038	0.99756							#	   2.74	  21.97	
   1249	  -2.07	 -12.79	 -0.037	0.99742							#	   2.42	  22.88	
   1250	  -2.00	 -12.34	 -0.034	0.99741							#	   2.40	  23.13	
   1251	  -1.92	 -12.09	 -0.025	0.99727							#	   2.17	  25.20	
   1252	  -2.34	 -11.50	 -0.028	0.99727							#	   2.12	  26.11	
   1253	  -2.44	 -11.30	 -0.027	0.99715							#	   1.87	  27.37	
   1254	  -2.64	 -11.02	 -0.029	0.99707							#	   1.87	  28.84	
   1255	  -3.00	 -10.75	 -0.029	0.99705							#	   1.91	  30.45	
   1256	  -3.29	 -10.24	 -0.040	0.99701							#	   2.06	  33.89	
   1257	  -3.33	 -10.09	 -0.034	0.99707							#	   2.02	  35.05	
   1258	  -3.54	  -9.47	 -0.035	0.99699							#	   1.99	  34.09	
   1259	  -3.54	  -9.03	 -0.024	0.99682							#	   1.82	  37.73	
   1260	  -3.48	  -9.00	 -0.031	0.99681							#	   1.88	  35.51	
   1261	  -2.86	  -9.17	 -0.017	0.99693							#	   1.54	  40.51	
   1262	  -2.48	  -8.76	 -0.022	0.99713							#	   1.53	  38.64	
   1263	  -1.92	  -8.47	 -0.018	0.99699							#	   1.52	  42.58	
   1264	  -0.38	  -7.15	  0.002	0.99767							#	   1.39	  44.29	
   1265	   0.76	  -7.07	  0.005	0.99733							#	   1.31	  48.28	
   1266	   0.98	  -6.45	 -0.001	0.99742							#	   1.36	  45.56	
   1267	   1.80	  -6.03	  0.001	0.99718							#	   1.22	  48.64	
   1268	   2.23	  -5.83	 -0.002	0.99722							#	   1.23	  47.27	
   1269	   3.08	  -5.86	  0.001	0.99711							#	   1.30	  48.33	
   1270	   2.61	  -5.29	  0.005	0.99864							#	   0.98	  42.78	
   1271	   2.64	  -4.77	  0.002	0.99735							#	   1.10	  44.60	
   1272	   2.99	  -5.23	  0.003	0.99724							#	   1.48	  43.23	
   1273	   1.04	  -5.08	  0.003	0.99639							#	   1.33	  47.42	
   1274	   7.92	  -5.29	  0.006	0.99695							#	   2.53	  37.83	
   1275	   2.47	  -5.25	  0.008	0.99664							#	   1.17	  36.36	
   1276	   4.22	  -5.51	  0.012	0.99668							#	   1.50	  34.09	
   1277	   4.32	  -5.77	  0.013	0.99698							#	   1.54	  29.49	
   1278	   3.73	  -6.68	  0.027	0.99802							#	   1.70	  25.40	
   1279	   2.27	  -7.22	  0.004	0.99738							#	   2.05	  22.58	
   1280	   2.46	  -8.04	 -0.006	0.99667							#	   2.04	  23.38	
   1281	   2.26	  -8.45	 -0.008	0.99662							#	   2.04	  21.67	
   1282	   2.01	  -8.03	 -0.012	0.99715							#	   2.00	  21.67	
