      1	   0.39	   2.44	  0.002	1.00004							#	   0.04	  85.15	
      2	   0.49	   2.49	  0.003	1.00007							#	   0.16	  84.95	
      3	   0.46	   2.53	  0.000	1.00005							#	   0.17	  85.15	
      4	   0.64	   2.59	 -0.000	1.00008							#	   0.16	  85.51	
      5	   0.47	   2.58	  0.002	1.00006							#	   0.17	  85.40	
      6	   0.29	   2.59	  0.002	1.00001							#	   0.17	  85.15	
      7	   0.55	   2.62	 -0.001	1.00004							#	   0.17	  85.35	
      8	   0.59	   2.71	  0.001	1.00002							#	   0.17	  84.65	
      9	   0.65	   2.78	  0.002	1.00002							#	   0.18	  85.30	
     10	   0.77	   2.89	  0.002	1.00002							#	   0.20	  85.66	
     11	   0.88	   2.85	  0.001	1.00004							#	   0.22	  85.20	
     12	   0.66	   2.85	  0.002	1.00002							#	   0.23	  85.35	
     13	   0.57	   2.93	  0.000	1.00003							#	   0.23	  85.30	
     14	   0.72	   3.10	  0.002	1.00003							#	   0.26	  85.40	
     15	   1.04	   3.11	  0.001	1.00002							#	   0.28	  85.10	
     16	   0.91	   3.16	  0.003	1.00004							#	   0.27	  85.76	
     17	   0.85	   3.14	  0.003	1.00001							#	   0.26	  85.20	
     18	   1.05	   3.19	  0.002	1.00002							#	   0.27	  85.96	
     19	   1.05	   3.40	  0.003	1.00000							#	   0.29	  85.35	
     20	   0.96	   3.39	  0.004	1.00004							#	   0.28	  85.40	
     21	   1.14	   3.39	  0.003	1.00000							#	   0.30	  85.35	
     22	   1.13	   3.37	  0.004	1.00004							#	   0.31	  85.40	
     23	   1.10	   3.43	  0.002	1.00003							#	   0.32	  85.10	
     24	   1.13	   3.41	  0.003	1.00000							#	   0.30	  86.01	
     25	   1.23	   3.45	  0.004	1.00000							#	   0.32	  85.96	
     26	   1.24	   3.54	  0.004	0.99999							#	   0.33	  86.62	
     27	   1.26	   3.60	  0.004	1.00001							#	   0.35	  86.06	
     28	   1.47	   3.55	  0.005	1.00000							#	   0.34	  86.31	
     29	   1.29	   3.72	  0.004	1.00000							#	   0.37	  86.11	
     30	   1.32	   3.65	  0.004	0.99997							#	   0.36	  86.36	
     31	   1.41	   3.76	  0.004	1.00000							#	   0.40	  86.36	
     32	   1.32	   3.90	  0.005	0.99997							#	   0.43	  86.52	
     33	   1.33	   3.90	  0.004	0.99999							#	   0.42	  86.31	
     34	   1.69	   4.05	  0.004	0.99992							#	   0.50	  83.54	
     35	   1.60	   3.99	  0.005	1.00001							#	   0.41	  86.97	
     36	   1.57	   4.07	  0.006	0.99996							#	   0.44	  87.53	
     37	   1.41	   4.09	  0.006	0.99996							#	   0.45	  87.37	
     38	   1.24	   4.25	  0.005	0.99998							#	   0.47	  87.12	
     39	   1.67	   4.41	  0.005	0.99998							#	   0.49	  86.62	
     40	   1.54	   4.28	  0.008	0.99999							#	   0.46	  86.01	
     41	   1.58	   4.37	  0.008	1.00000							#	   0.51	  85.66	
     42	   1.53	   4.72	  0.005	0.99996							#	   0.58	  86.82	
     43	   1.83	   4.68	  0.007	0.99999							#	   0.57	  86.06	
     44	   1.65	   4.80	  0.006	0.99996							#	   0.58	  86.87	
     45	   1.56	   4.73	  0.007	0.99998							#	   0.60	  85.25	
     46	   1.73	   4.96	  0.007	0.99998							#	   0.65	  85.91	
     47	   1.64	   5.11	  0.007	1.00000							#	   0.69	  85.61	
     48	   1.89	   5.16	  0.006	0.99998							#	   0.72	  86.52	
     49	   1.96	   5.30	  0.008	1.00000							#	   0.76	  85.76	
     50	   1.78	   5.25	  0.010	0.99998							#	   0.71	  86.67	
     51	   1.74	   5.32	  0.008	0.99999							#	   0.74	  86.62	
     52	   1.95	   5.52	  0.008	0.99999							#	   0.80	  86.62	
     53	   2.14	   5.55	  0.007	0.99999							#	   0.83	  86.67	
     54	   2.08	   5.54	  0.009	0.99999							#	   0.84	  86.16	
     55	   1.99	   5.53	  0.009	0.99998							#	   0.81	  87.07	
     56	   2.06	   5.60	  0.008	0.99995							#	   0.85	  87.22	
     57	   1.80	   5.86	  0.007	0.99997							#	   0.89	  86.92	
     58	   1.91	   5.81	  0.008	0.99996							#	   0.89	  87.02	
     59	   1.98	   5.81	  0.008	0.99998							#	   0.89	  87.27	
     60	   2.11	   5.99	  0.009	0.99999							#	   1.01	  85.66	
     61	   1.95	   6.03	  0.009	0.99997							#	   0.77	  87.07	
     62	   1.95	   5.98	  0.008	0.99995							#	   0.83	  86.87	
     63	   2.14	   5.96	  0.008	0.99996							#	   0.88	  87.17	
     64	   2.04	   6.06	  0.011	1.00001							#	   0.91	  87.93	
     65	   2.05	   6.10	  0.010	0.99997							#	   0.95	  87.73	
     66	   2.21	   6.24	  0.010	0.99995							#	   0.99	  88.99	
     67	   2.33	   6.08	  0.010	0.99997							#	   0.86	  88.89	
     68	   2.08	   6.21	  0.010	0.99997							#	   0.95	  89.49	
     69	   2.30	   6.14	  0.010	0.99999							#	   1.00	  89.55	
     70	   2.29	   6.35	  0.011	0.99996							#	   1.00	  89.39	
     71	   2.40	   6.33	  0.010	0.99997							#	   1.00	  90.05	
     72	   2.25	   6.36	  0.012	0.99997							#	   0.98	  89.85	
     73	   2.15	   6.33	  0.012	1.00001							#	   1.01	  90.86	
     74	   2.42	   6.39	  0.010	0.99997							#	   1.07	  90.45	
     75	   2.85	   6.44	  0.012	1.00004							#	   1.07	  90.40	
     76	   2.40	   6.45	  0.012	0.99998							#	   1.00	  90.30	
     77	   2.46	   6.39	  0.012	0.99998							#	   1.03	  89.90	
     78	   2.84	   6.41	  0.012	1.00000							#	   1.11	  90.35	
     79	   2.83	   6.48	  0.014	1.00002							#	   1.14	  90.25	
     80	   2.73	   6.51	  0.013	1.00001							#	   1.13	  90.96	
     81	   2.67	   6.47	  0.013	1.00001							#	   1.09	  90.30	
     82	   2.70	   6.57	  0.012	0.99998							#	   1.11	  90.10	
     83	   2.92	   6.49	  0.012	1.00000							#	   1.11	  90.15	
     84	   2.76	   6.54	  0.012	1.00001							#	   1.17	  90.66	
     85	   2.90	   6.47	  0.012	1.00001							#	   1.10	  90.51	
     86	   2.82	   6.52	  0.012	0.99999							#	   1.18	  91.16	
     87	   2.75	   6.49	  0.013	0.99999							#	   1.14	  91.41	
     88	   2.90	   6.52	  0.011	1.00000							#	   1.20	  91.26	
     89	   2.90	   6.54	  0.013	1.00000							#	   1.27	  91.72	
     90	   2.84	   6.48	  0.012	1.00002							#	   1.21	  91.21	
     91	   2.75	   6.46	  0.012	1.00002							#	   1.16	  91.72	
     92	   2.64	   6.46	  0.011	0.99998							#	   1.11	  92.58	
     93	   2.71	   6.41	  0.014	0.99998							#	   1.11	  92.37	
     94	   2.52	   6.42	  0.012	1.00001							#	   1.22	  92.32	
     95	   2.79	   6.50	  0.012	0.99999							#	   1.21	  92.42	
     96	   2.70	   6.48	  0.012	1.00000							#	   1.26	  91.62	
     97	   2.52	   6.57	  0.014	0.99999							#	   1.26	  92.37	
     98	   2.60	   6.42	  0.012	0.99999							#	   1.25	  92.47	
     99	   2.66	   6.44	  0.014	1.00002							#	   1.31	  93.23	
    100	   2.66	   6.62	  0.013	0.99998							#	   1.35	  92.17	
    101	   2.68	   6.69	  0.014	1.00001							#	   1.22	  92.47	
    102	   2.83	   6.67	  0.013	1.00001							#	   1.23	  91.92	
    103	   2.73	   6.69	  0.015	1.00002							#	   1.22	  92.58	
    104	   2.59	   6.75	  0.013	0.99998							#	   1.21	  92.12	
    105	   2.95	   6.82	  0.013	1.00002							#	   1.31	  92.12	
    106	   2.89	   6.88	  0.015	1.00000							#	   1.24	  92.68	
    107	   2.79	   6.85	  0.014	1.00003							#	   1.25	  92.88	
    108	   3.03	   6.79	  0.014	1.00000							#	   1.29	  92.68	
    109	   2.89	   6.86	  0.015	1.00001							#	   1.29	  93.03	
    110	   2.92	   6.85	  0.013	0.99999							#	   1.30	  92.47	
    111	   3.27	   6.88	  0.013	0.99998							#	   1.31	  93.33	
    112	   3.42	   6.83	  0.013	0.99998							#	   1.29	  91.01	
    113	   3.57	   6.86	  0.015	1.00002							#	   1.32	  91.57	
    114	   3.49	   6.94	  0.013	0.99998							#	   1.39	  91.46	
    115	   3.72	   6.95	  0.015	1.00002							#	   1.40	  91.57	
    116	   3.78	   7.00	  0.013	0.99996							#	   1.35	  90.45	
    117	   3.81	   6.97	  0.013	0.99998							#	   1.40	  90.35	
    118	   4.02	   7.07	  0.014	0.99997							#	   1.42	  90.35	
    119	   4.08	   7.01	  0.017	1.00000							#	   1.33	  90.45	
    120	   4.30	   7.11	  0.013	0.99993							#	   1.54	  89.04	
    121	   4.61	   7.16	  0.018	1.00000							#	   1.31	  88.74	
    122	   4.59	   7.31	  0.015	0.99996							#	   1.54	  89.04	
    123	   4.81	   7.36	  0.017	0.99999							#	   1.50	  89.04	
    124	   4.94	   7.42	  0.017	0.99991							#	   1.56	  87.37	
    125	   5.21	   7.55	  0.017	0.99995							#	   1.50	  87.32	
    126	   5.45	   7.68	  0.018	0.99997							#	   1.60	  85.56	
    127	   5.39	   7.81	  0.017	0.99993							#	   1.60	  82.78	
    128	   5.59	   7.77	  0.017	0.99998							#	   1.62	  82.98	
    129	   5.64	   7.87	  0.021	1.00003							#	   1.68	  80.81	
    130	   5.85	   7.93	  0.018	0.99992							#	   1.58	  81.77	
    131	   5.89	   7.95	  0.021	0.99996							#	   1.73	  80.81	
    132	   6.02	   8.19	  0.018	0.99995							#	   1.74	  81.26	
    133	   6.33	   8.18	  0.022	1.00000							#	   1.75	  80.61	
    134	   6.28	   8.13	  0.021	0.99993							#	   1.73	  77.47	
    135	   6.52	   8.15	  0.024	0.99997							#	   1.71	  79.14	
    136	   6.46	   8.19	  0.020	0.99998							#	   1.83	  76.16	
    137	   6.64	   8.30	  0.025	0.99999							#	   1.86	  76.36	
    138	   6.82	   8.32	  0.023	0.99998							#	   1.81	  75.86	
    139	   6.84	   8.37	  0.025	1.00002							#	   1.79	  75.56	
    140	   7.11	   8.31	  0.022	0.99990							#	   1.83	  75.20	
    141	   7.30	   8.39	  0.024	0.99994							#	   2.03	  73.64	
    142	   7.40	   8.36	  0.026	0.99996							#	   1.82	  73.59	
    143	   7.59	   8.37	  0.027	1.00001							#	   1.91	  72.37	
    144	   7.52	   8.24	  0.026	1.00005							#	   1.87	  71.31	
    145	   7.24	   7.99	  0.027	1.00001							#	   1.87	  71.92	
    146	   7.36	   8.10	  0.027	1.00005							#	   1.86	  71.41	
    147	   7.50	   8.05	  0.030	1.00003							#	   1.83	  73.13	
    148	   7.18	   8.01	  0.034	1.00003							#	   1.79	  74.14	
    149	   7.29	   8.14	  0.034	1.00003							#	   1.94	  71.87	
    150	   7.30	   8.43	  0.036	1.00002							#	   1.97	  71.46	
    151	   7.53	   8.51	  0.034	1.00006							#	   1.91	  70.20	
    152	   7.44	   8.57	  0.039	1.00007							#	   1.94	  71.11	
    153	   7.50	   8.64	  0.038	0.99998							#	   2.02	  70.20	
    154	   7.67	   8.81	  0.036	1.00001							#	   2.14	  69.44	
    155	   7.82	   8.86	  0.039	1.00003							#	   1.94	  70.00	
    156	   8.06	   8.84	  0.038	1.00007							#	   2.05	  69.34	
    157	   8.16	   8.79	  0.043	1.00009							#	   2.12	  68.38	
    158	   8.27	   8.84	  0.046	1.00009							#	   2.04	  67.12	
    159	   8.28	   8.99	  0.049	1.00006							#	   2.05	  67.12	
    160	   8.43	   9.26	  0.056	1.00005							#	   2.28	  68.69	
    161	   8.39	   9.32	  0.059	1.00003							#	   2.13	  67.83	
    162	   8.35	   9.59	  0.064	1.00006							#	   2.17	  66.21	
    163	   8.25	  10.05	  0.068	1.00005							#	   2.16	  65.56	
    164	   8.20	  10.22	  0.070	0.99999							#	   2.14	  67.07	
    165	   8.02	  10.41	  0.072	1.00012							#	   2.20	  66.52	
    166	   8.09	  10.60	  0.073	0.99998							#	   2.27	  67.53	
    167	   8.20	  10.65	  0.073	0.99993							#	   2.25	  67.17	
    168	   8.29	  10.63	  0.077	1.00006							#	   2.29	  65.40	
    169	   8.66	  10.84	  0.079	1.00009							#	   2.44	  64.24	
    170	   8.66	  10.87	  0.081	1.00004							#	   2.23	  64.55	
    171	   8.85	  10.84	  0.083	1.00008							#	   2.19	  63.59	
    172	   9.45	  10.80	  0.082	1.00000							#	   2.29	  62.93	
    173	  10.12	  10.85	  0.083	1.00005							#	   2.54	  61.72	
    174	  10.62	  10.58	  0.088	1.00017							#	   2.34	  58.89	
    175	  10.79	  10.63	  0.087	1.00009							#	   2.72	  59.80	
    176	  11.61	  10.30	  0.090	0.99990							#	   2.36	  57.17	
    177	  12.21	  10.14	  0.093	1.00000							#	   2.49	  55.30	
    178	  12.79	   9.14	  0.102	1.00010							#	   2.45	  55.56	
    179	  12.00	  11.18	  0.091	0.99987							#	   2.62	  53.59	
    180	  14.03	   9.71	  0.105	1.00003							#	   2.84	  52.63	
    181	  13.43	   9.65	  0.100	0.99994							#	   2.29	  52.83	
    182	  13.94	   9.78	  0.101	0.99991							#	   2.57	  53.08	
    183	  14.14	  10.06	  0.103	1.00004							#	   2.45	  52.88	
    184	  14.72	  10.31	  0.096	0.99996							#	   2.87	  49.60	
    185	  15.06	   9.99	  0.104	0.99987							#	   2.68	  50.05	
    186	  15.32	   9.83	  0.101	0.99986							#	   2.64	  49.49	
    187	  15.81	   9.73	  0.101	0.99989							#	   2.47	  48.08	
    188	  16.09	   9.65	  0.106	0.99977							#	   2.77	  47.02	
    189	  16.54	   9.62	  0.103	0.99990							#	   2.78	  46.92	
    190	  17.07	   9.90	  0.105	0.99979							#	   2.75	  45.71	
    191	  17.38	   9.72	  0.107	0.99982							#	   2.80	  45.05	
    192	  17.79	   9.73	  0.111	0.99982							#	   3.10	  44.55	
    193	  18.04	   9.70	  0.108	0.99976							#	   2.71	  43.74	
    194	  17.90	   9.66	  0.108	0.99970							#	   2.70	  43.74	
    195	  18.62	   9.68	  0.108	0.99974							#	   2.97	  43.69	
    196	  18.73	   9.48	  0.110	0.99973							#	   2.74	  43.43	
    197	  18.79	   9.47	  0.105	0.99967							#	   2.81	  43.89	
    198	  19.09	   9.47	  0.108	0.99973							#	   2.77	  43.69	
    199	  19.14	   9.23	  0.108	0.99971							#	   2.79	  43.18	
    200	  19.13	   9.24	  0.106	0.99978							#	   2.82	  43.33	
    201	  19.06	   9.03	  0.116	0.99961							#	   2.77	  43.64	
    202	  19.96	   8.69	  0.111	0.99950							#	   2.88	  42.53	
    203	  20.16	   8.66	  0.113	0.99950							#	   3.10	  41.62	
    204	  20.60	   8.46	  0.108	0.99950							#	   2.70	  41.52	
    205	  20.93	   8.49	  0.102	0.99945							#	   2.94	  41.01	
    206	  20.94	   8.50	  0.105	0.99956							#	   3.01	  41.16	
    207	  20.95	   8.40	  0.105	0.99956							#	   2.83	  41.62	
    208	  20.93	   7.95	  0.100	0.99943							#	   2.82	  41.82	
    209	  21.23	   7.66	  0.105	0.99943							#	   2.79	  40.96	
    210	  21.12	   7.57	  0.101	0.99940							#	   2.73	  41.92	
    211	  20.66	   7.61	  0.102	0.99948							#	   2.67	  43.08	
    212	  20.76	   7.35	  0.100	0.99952							#	   2.74	  42.53	
    213	  20.45	   7.32	  0.098	0.99967							#	   2.83	  43.99	
    214	  20.19	   7.31	  0.108	0.99968							#	   2.58	  43.64	
    215	  19.95	   7.29	  0.102	0.99966							#	   2.71	  44.75	
    216	  19.52	   7.21	  0.107	0.99952							#	   2.65	  44.65	
    217	  19.49	   6.74	  0.099	0.99946							#	   2.58	  44.85	
    218	  19.34	   6.55	  0.103	0.99958							#	   2.49	  46.31	
    219	  18.81	   6.35	  0.101	0.99958							#	   2.55	  46.11	
    220	  18.77	   6.15	  0.102	0.99941							#	   2.44	  45.45	
    221	  20.36	   4.94	  0.076	0.99920							#	   2.64	  44.19	
    222	  19.44	   6.06	  0.116	0.99936							#	   2.65	  42.27	
    223	  19.52	   6.21	  0.122	0.99936							#	   2.62	  43.99	
    224	  19.42	   5.94	  0.121	0.99954							#	   2.50	  44.19	
    225	  19.73	   6.00	  0.126	0.99944							#	   2.75	  43.13	
    226	  19.75	   5.69	  0.130	0.99957							#	   2.38	  44.29	
    227	  19.64	   5.57	  0.131	0.99950							#	   2.55	  44.80	
    228	  19.17	   5.25	  0.135	0.99950							#	   2.55	  43.94	
    229	  18.50	   4.72	  0.137	0.99944							#	   2.13	  45.45	
    230	  14.82	   3.08	  0.084	0.99968							#	   1.40	  50.45	
    231	  15.16	   3.31	  0.082	0.99966							#	   1.58	  53.08	
    232	  15.01	   3.12	  0.091	0.99939							#	   1.51	  52.93	
    233	  14.74	   3.06	  0.089	0.99933							#	   1.42	  53.03	
    234	  14.84	   2.99	  0.087	0.99935							#	   1.57	  53.59	
    235	  15.04	   2.92	  0.087	0.99933							#	   2.02	  53.28	
    236	  14.83	   2.13	  0.083	0.99924							#	   1.88	  52.88	
    237	  14.25	   2.07	  0.088	0.99922							#	   1.65	  53.94	
    238	  12.99	   1.57	  0.079	0.99932							#	   1.48	  57.78	
    239	  12.52	   1.42	  0.078	0.99933							#	   1.42	  60.00	
    240	  12.30	   1.29	  0.079	0.99937							#	   1.36	  61.41	
    241	  11.81	   1.11	  0.082	0.99924							#	   1.28	  61.72	
    242	  11.57	   0.72	  0.083	0.99929							#	   1.32	  63.33	
    243	  11.41	   0.39	  0.087	0.99924							#	   1.38	  62.22	
    244	  11.40	   0.26	  0.089	0.99936							#	   1.34	  62.83	
    245	  11.33	   0.38	  0.093	0.99937							#	   1.43	  62.88	
    246	  11.18	   0.02	  0.096	0.99934							#	   1.44	  64.90	
    247	  11.15	   0.06	  0.098	0.99941							#	   1.46	  63.99	
    248	  11.43	  -0.19	  0.100	0.99945							#	   1.51	  64.04	
    249	  11.51	  -0.34	  0.104	0.99947							#	   1.46	  66.36	
    250	  10.30	  -0.89	  0.084	0.99941							#	   1.24	  67.42	
    251	  10.44	  -1.02	  0.085	0.99950							#	   1.24	  67.27	
    252	  11.20	  -1.14	  0.088	0.99955							#	   1.41	  67.42	
    253	  10.65	  -1.60	  0.094	0.99964							#	   1.26	  66.52	
    254	  10.49	  -1.47	  0.092	0.99962							#	   1.34	  67.68	
    255	  11.17	  -1.40	  0.092	0.99982							#	   1.50	  68.99	
    256	  10.98	  -1.37	  0.095	0.99975							#	   1.35	  67.78	
    257	  11.01	  -1.59	  0.091	0.99968							#	   1.41	  67.32	
    258	  10.95	  -1.92	  0.091	0.99945							#	   1.47	  68.48	
    259	  10.88	  -1.79	  0.090	0.99940							#	   1.43	  67.68	
    260	  10.98	  -2.03	  0.090	0.99937							#	   1.50	  67.83	
    261	  10.77	  -2.33	  0.086	0.99928							#	   1.37	  67.42	
    262	  11.25	  -2.34	  0.084	0.99955							#	   1.42	  68.38	
    263	  11.28	  -1.86	  0.084	0.99947							#	   1.48	  69.29	
    264	  11.04	  -1.74	  0.082	0.99932							#	   1.46	  68.54	
    265	  11.05	  -1.80	  0.079	0.99931							#	   1.44	  69.75	
    266	  10.62	  -1.76	  0.077	0.99927							#	   1.35	  71.01	
    267	  10.56	  -1.53	  0.081	0.99924							#	   1.30	  71.41	
    268	  10.01	  -1.36	  0.086	0.99919							#	   1.21	  70.96	
    269	  10.32	  -1.53	  0.089	0.99919							#	   1.21	  71.97	
    270	  10.82	  -1.30	  0.093	0.99922							#	   1.33	  71.72	
    271	  10.98	  -0.62	  0.091	0.99920							#	   1.35	  69.75	
    272	  11.23	  -0.55	  0.092	0.99930							#	   1.40	  68.84	
    273	  11.29	  -0.10	  0.093	0.99941							#	   1.36	  66.11	
    274	  11.39	  -0.06	  0.091	0.99936							#	   1.40	  67.53	
    275	  11.12	   0.08	  0.093	0.99960							#	   1.34	  67.02	
    276	  10.96	   0.35	  0.089	0.99962							#	   1.34	  69.49	
    277	  10.50	   0.59	  0.091	1.00001							#	   1.27	  72.37	
    278	   9.95	   1.06	  0.095	0.99987							#	   1.17	  72.47	
    279	   9.65	   1.38	  0.094	0.99983							#	   1.15	  72.93	
    280	   9.70	   1.19	  0.094	0.99980							#	   1.15	  75.66	
    281	   8.63	   0.67	  0.096	0.99946							#	   0.94	  80.91	
    282	   8.37	   0.60	  0.090	0.99941							#	   0.92	  82.93	
    283	   8.98	   0.43	  0.092	0.99920							#	   1.00	  87.47	
    284	   8.47	   0.73	  0.090	0.99948							#	   0.93	  81.72	
    285	   7.82	   0.94	  0.088	0.99942							#	   0.84	  86.87	
    286	   7.96	   0.76	  0.090	0.99951							#	   1.02	  84.09	
    287	   8.31	   1.77	  0.084	0.99965							#	   1.23	  80.86	
    288	   9.48	  -0.52	  0.082	0.99845							#	   1.11	  87.32	
    289	  10.17	  -0.69	  0.103	0.99858							#	   1.31	  86.57	
    290	   9.57	   0.13	  0.099	0.99922							#	   1.05	  85.15	
    291	   9.62	  -0.11	  0.098	0.99983							#	   1.21	  78.38	
    292	   9.51	   0.49	  0.094	0.99922							#	   1.21	  81.82	
    293	  10.43	   1.38	  0.093	0.99904							#	   1.47	  86.82	
    294	   8.73	   1.30	  0.070	0.99889							#	   0.93	  91.16	
    295	   8.09	   1.68	  0.059	0.99911							#	   0.88	  96.36	
    296	   5.97	   2.07	  0.036	0.99920							#	   0.59	  94.29	
    297	   6.57	  -0.61	  0.038	0.99919							#	   0.49	  89.04	
    298	   6.46	  -1.25	  0.032	0.99911							#	   0.47	  94.80	
    299	   6.26	   0.52	  0.035	0.99923							#	   0.61	  94.34	
    300	   6.47	   0.82	  0.035	0.99912							#	   0.76	  92.58	
    301	   6.98	   1.19	  0.038	0.99892							#	   0.95	  92.07	
    302	   6.90	   1.28	  0.039	0.99887							#	   0.90	  89.55	
    303	   6.30	   1.65	  0.040	0.99872							#	   0.88	  91.52	
    304	   6.13	   1.89	  0.041	0.99886							#	   0.86	  90.15	
    305	   5.84	   1.98	  0.039	0.99895							#	   0.81	  90.86	
    306	   5.46	   2.11	  0.037	0.99892							#	   0.74	  91.21	
    307	   4.94	   1.44	  0.037	0.99915							#	   0.58	  80.40	
    308	   5.21	  -0.22	  0.035	0.99894							#	   0.54	  77.32	
    309	   4.80	   0.77	  0.029	0.99887							#	   0.54	  82.73	
    310	   4.37	   1.47	  0.031	0.99896							#	   0.52	  81.62	
    311	   4.19	   1.19	  0.037	0.99884							#	   0.55	  75.56	
    312	   3.87	   0.96	  0.036	0.99893							#	   0.51	  77.17	
    313	   3.37	   1.49	  0.035	0.99897							#	   0.47	  73.54	
    314	   2.88	   1.69	  0.041	0.99895							#	   0.40	  66.46	
    315	   2.86	   1.68	  0.040	0.99887							#	   0.42	  64.80	
    316	   2.62	   2.22	  0.040	0.99877							#	   0.46	  66.67	
    317	   2.08	   2.05	  0.036	0.99906							#	   0.36	  64.14	
    318	   2.08	   1.46	  0.037	0.99910							#	   0.28	  62.07	
    319	   1.45	   1.24	  0.034	0.99915							#	   0.22	  58.89	
    320	   1.45	   1.05	  0.028	0.99922							#	   0.21	  59.85	
    321	   1.27	   0.56	  0.023	0.99935							#	   0.18	  60.00	
    322	   0.85	   0.64	  0.014	0.99905							#	   0.17	  62.58	
    323	   2.29	   1.22	  0.007	0.99888							#	   0.31	  62.07	
    324	   2.66	   1.16	  0.012	0.99888							#	   0.35	  61.62	
    325	   1.91	   0.67	  0.005	0.99900							#	   0.27	  61.06	
    326	   1.71	   0.04	 -0.000	0.99901							#	   0.25	  61.01	
    327	   2.05	  -0.73	 -0.005	0.99903							#	   0.34	  58.94	
    328	   2.09	  -1.25	 -0.006	0.99910							#	   0.39	  58.48	
    329	   1.68	  -1.66	 -0.008	0.99900							#	   0.46	  55.35	
    330	   1.97	  -2.10	 -0.010	0.99892							#	   0.64	  54.70	
    331	   2.25	  -2.56	 -0.011	0.99890							#	   0.69	  54.70	
    332	   2.23	  -3.13	 -0.012	0.99889							#	   0.78	  54.55	
    333	   2.26	  -3.64	 -0.012	0.99883							#	   0.90	  54.49	
    334	   2.25	  -3.78	 -0.013	0.99881							#	   0.86	  54.09	
    335	   2.40	  -4.01	 -0.012	0.99877							#	   0.89	  54.65	
    336	   2.37	  -4.14	 -0.011	0.99877							#	   0.89	  54.34	
    337	   2.27	  -4.43	 -0.013	0.99866							#	   1.00	  55.51	
    338	   2.29	  -4.31	 -0.012	0.99871							#	   0.83	  55.61	
    339	   1.94	  -4.71	 -0.012	0.99866							#	   0.86	  55.61	
    340	   1.70	  -4.79	 -0.012	0.99859							#	   0.99	  55.96	
    341	   1.76	  -4.49	 -0.010	0.99863							#	   0.79	  56.87	
    342	   1.47	  -4.15	 -0.004	0.99854							#	   0.79	  56.46	
    343	   1.34	  -3.93	 -0.001	0.99847							#	   0.76	  60.05	
    344	   1.03	  -3.47	  0.005	0.99846							#	   0.67	  57.73	
    345	   0.90	  -2.99	  0.005	0.99837							#	   0.61	  59.70	
    346	   0.48	  -2.46	  0.014	0.99836							#	   0.62	  59.44	
    347	   0.63	  -1.88	  0.016	0.99833							#	   0.59	  58.89	
    348	   0.49	  -1.09	  0.020	0.99842							#	   0.47	  56.46	
    349	   0.53	  -0.82	  0.024	0.99834							#	   0.49	  58.69	
    350	   0.19	  -0.67	  0.025	0.99826							#	   0.49	  56.57	
    351	   0.21	  -0.63	  0.030	0.99822							#	   0.51	  57.83	
    352	   0.21	  -0.25	  0.028	0.99818							#	   0.49	  56.06	
    353	   0.54	  -0.10	  0.029	0.99836							#	   0.50	  55.30	
    354	   1.03	  -1.08	  0.023	0.99839							#	   0.48	  55.25	
    355	   1.33	  -0.98	  0.022	0.99841							#	   0.47	  57.27	
    356	   1.63	  -1.44	  0.018	0.99848							#	   0.52	  54.09	
    357	   2.16	  -2.29	  0.019	0.99849							#	   0.65	  53.79	
    358	   2.03	  -3.25	  0.015	0.99850							#	   0.87	  53.13	
    359	   2.06	  -3.86	  0.016	0.99866							#	   1.06	  52.02	
    360	   1.87	  -4.77	  0.015	0.99868							#	   1.13	  49.14	
    361	   1.61	  -5.66	  0.011	0.99884							#	   1.00	  50.35	
    362	   1.60	  -5.90	  0.009	0.99891							#	   1.20	  48.38	
    363	   1.66	  -6.57	  0.006	0.99891							#	   1.27	  52.27	
    364	   1.75	  -6.49	  0.004	0.99888							#	   1.18	  51.31	
    365	   1.88	  -6.78	  0.005	0.99893							#	   1.19	  50.05	
    366	   1.77	  -6.73	  0.004	0.99896							#	   1.17	  49.85	
    367	   1.86	  -6.76	  0.002	0.99888							#	   1.18	  51.82	
    368	   2.14	  -6.28	  0.002	0.99891							#	   1.07	  54.09	
    369	   2.40	  -5.95	  0.007	0.99882							#	   1.02	  54.70	
    370	   2.39	  -5.34	  0.011	0.99872							#	   0.80	  56.11	
    371	   2.80	  -4.35	  0.017	0.99876							#	   0.64	  56.82	
    372	   3.31	  -3.46	  0.019	0.99880							#	   0.54	  57.63	
    373	   3.52	  -3.15	  0.026	0.99876							#	   0.55	  57.17	
    374	   3.75	  -2.65	  0.030	0.99876							#	   0.54	  58.18	
    375	   3.71	  -2.04	  0.034	0.99861							#	   0.56	  56.46	
    376	   3.81	  -1.33	  0.040	0.99857							#	   0.56	  56.67	
    377	   3.56	  -0.74	  0.039	0.99851							#	   0.56	  55.00	
    378	   4.35	  -0.25	  0.039	0.99855							#	   0.69	  53.54	
    379	   4.02	   0.59	  0.039	0.99847							#	   0.67	  54.65	
    380	   3.83	   0.61	  0.040	0.99834							#	   0.71	  52.07	
    381	   4.15	   1.19	  0.036	0.99827							#	   0.81	  51.67	
    382	   4.47	   1.39	  0.034	0.99834							#	   0.92	  50.86	
    383	   3.56	   1.82	  0.033	0.99823							#	   0.71	  48.43	
    384	   3.40	   1.68	  0.036	0.99810							#	   0.71	  51.92	
    385	   3.09	   2.23	  0.034	0.99811							#	   0.68	  50.25	
    386	   3.27	   2.19	  0.034	0.99823							#	   0.69	  51.46	
    387	   3.01	   1.55	  0.028	0.99828							#	   0.60	  51.01	
    388	   2.48	   0.98	  0.021	0.99800							#	   0.63	  47.02	
    389	   2.12	   0.22	  0.015	0.99762							#	   0.62	  46.72	
    390	   2.33	  -0.10	  0.006	0.99787							#	   0.68	  45.81	
    391	   2.46	  -0.43	  0.000	0.99796							#	   0.71	  45.71	
    392	   1.98	  -1.11	 -0.008	0.99811							#	   0.77	  45.20	
    393	   2.31	  -2.27	 -0.014	0.99804							#	   0.97	  44.75	
    394	   2.34	  -2.44	 -0.016	0.99807							#	   0.90	  44.14	
    395	   2.52	  -2.96	 -0.019	0.99808							#	   1.01	  42.63	
    396	   2.42	  -3.65	 -0.020	0.99820							#	   1.12	  40.86	
    397	   2.48	  -4.06	 -0.022	0.99808							#	   1.08	  40.86	
    398	   2.44	  -4.00	 -0.021	0.99818							#	   1.16	  41.41	
    399	   2.30	  -4.06	 -0.017	0.99824							#	   1.15	  42.83	
    400	   2.18	  -4.01	 -0.017	0.99823							#	   1.13	  41.06	
    401	   1.44	  -4.09	 -0.011	0.99822							#	   1.12	  42.07	
    402	   0.79	  -4.22	 -0.010	0.99821							#	   1.16	  41.36	
    403	  -0.10	  -3.53	 -0.006	0.99841							#	   1.19	  45.05	
    404	  -0.16	  -2.81	 -0.001	0.99833							#	   0.92	  43.23	
    405	  -1.37	  -2.53	  0.002	0.99808							#	   0.92	  41.97	
    406	  -2.34	  -1.53	  0.006	0.99777							#	   0.93	  41.06	
    407	  -2.66	  -0.98	  0.011	0.99768							#	   1.03	  41.41	
    408	  -2.65	  -0.20	  0.009	0.99756							#	   0.86	  42.02	
    409	  -2.85	   0.33	  0.019	0.99741							#	   0.87	  42.68	
    410	  -3.22	   0.96	  0.020	0.99734							#	   0.92	  43.33	
    411	  -3.31	   1.88	  0.022	0.99729							#	   1.00	  42.93	
    412	  -3.07	   1.73	  0.024	0.99755							#	   0.83	  40.96	
    413	  -3.34	   2.01	  0.025	0.99747							#	   0.95	  42.47	
    414	  -4.13	   1.52	  0.030	0.99726							#	   1.22	  40.35	
    415	  -3.71	   0.95	  0.025	0.99683							#	   0.95	  39.39	
    416	  -3.75	   1.59	  0.025	0.99681							#	   1.01	  39.65	
    417	  -4.02	   1.31	  0.016	0.99784							#	   0.89	  41.01	
    418	  -3.93	   0.62	  0.009	0.99796							#	   0.89	  37.88	
    419	  -3.53	   0.11	  0.004	0.99771							#	   0.93	  38.94	
    420	  -3.26	   0.05	  0.000	0.99780							#	   0.99	  37.58	
    421	  -3.19	  -0.63	  0.003	0.99791							#	   0.89	  37.17	
    422	  -3.16	  -1.38	 -0.004	0.99801							#	   1.05	  38.08	
    423	  -3.03	  -1.73	 -0.009	0.99813							#	   0.99	  37.42	
    424	  -2.66	  -1.90	 -0.012	0.99808							#	   1.12	  37.02	
    425	  -2.45	  -2.45	 -0.014	0.99811							#	   1.08	  37.68	
    426	  -2.47	  -2.33	 -0.012	0.99812							#	   1.00	  37.37	
    427	  -2.15	  -2.57	 -0.019	0.99807							#	   1.08	  35.91	
    428	  -1.99	  -2.64	 -0.024	0.99812							#	   1.14	  36.77	
    429	  -2.36	  -2.84	 -0.021	0.99809							#	   1.08	  36.77	
    430	  -1.61	  -2.82	 -0.025	0.99811							#	   0.94	  38.18	
    431	  -1.69	  -2.60	 -0.018	0.99813							#	   1.03	  38.99	
    432	  -1.76	  -2.59	 -0.017	0.99797							#	   0.91	  39.39	
    433	  -1.40	  -2.16	 -0.017	0.99788							#	   0.73	  39.95	
    434	  -1.20	  -1.73	 -0.014	0.99775							#	   0.69	  40.20	
    435	  -0.94	  -1.28	 -0.012	0.99770							#	   0.66	  40.56	
    436	  -0.63	  -0.52	 -0.015	0.99769							#	   0.54	  41.72	
    437	  -0.24	   0.62	 -0.014	0.99751							#	   0.46	  42.58	
    438	   0.11	   1.77	 -0.013	0.99756							#	   0.54	  41.11	
    439	  -0.04	   2.47	 -0.011	0.99753							#	   0.61	  43.08	
    440	   0.08	   2.84	 -0.007	0.99765							#	   0.61	  42.27	
    441	   0.58	   3.77	 -0.008	0.99779							#	   0.86	  40.81	
    442	   0.45	   4.46	 -0.005	0.99776							#	   0.92	  41.41	
    443	   0.21	   3.97	 -0.011	0.99765							#	   0.84	  40.51	
    444	   0.30	   4.18	 -0.013	0.99762							#	   0.97	  39.39	
    445	   0.02	   4.21	 -0.015	0.99756							#	   0.89	  40.66	
    446	  -0.65	   4.59	 -0.018	0.99766							#	   0.95	  40.61	
    447	  -0.77	   4.19	 -0.018	0.99764							#	   0.82	  40.25	
    448	  -0.88	   4.05	 -0.014	0.99757							#	   0.81	  40.61	
    449	  -0.55	   3.15	 -0.018	0.99752							#	   0.68	  41.92	
    450	  -0.91	   2.29	 -0.022	0.99795							#	   0.52	  43.64	
    451	  -1.28	   0.79	 -0.023	0.99827							#	   0.52	  40.96	
    452	  -1.50	  -1.93	 -0.025	0.99795							#	   0.88	  40.91	
    453	  -1.45	  -3.15	 -0.027	0.99791							#	   1.08	  41.26	
    454	  -0.87	  -5.13	 -0.026	0.99794							#	   1.22	  40.76	
    455	  -0.77	  -6.35	 -0.025	0.99818							#	   1.36	  40.71	
    456	  -1.33	  -7.22	 -0.024	0.99844							#	   1.51	  41.57	
    457	  -1.53	  -7.70	 -0.018	0.99838							#	   1.53	  39.39	
    458	  -1.58	  -8.97	 -0.021	0.99815							#	   1.71	  40.71	
    459	  -1.08	  -9.81	 -0.020	0.99819							#	   1.79	  41.26	
    460	  -1.27	  -9.77	 -0.014	0.99833							#	   1.71	  41.72	
    461	  -1.85	  -9.38	 -0.005	0.99851							#	   1.81	  41.62	
    462	  -1.95	  -9.56	 -0.004	0.99837							#	   1.78	  42.58	
    463	  -1.98	  -9.69	 -0.001	0.99823							#	   1.76	  41.82	
    464	  -1.68	  -9.40	  0.006	0.99827							#	   1.63	  44.49	
    465	  -2.60	  -8.22	  0.004	0.99812							#	   1.46	  43.28	
    466	  -2.81	  -7.46	  0.003	0.99801							#	   1.32	  45.30	
    467	  -2.52	  -7.43	  0.002	0.99803							#	   1.26	  46.62	
    468	  -2.32	  -6.42	  0.008	0.99827							#	   0.99	  47.98	
    469	  -2.71	  -5.46	  0.012	0.99818							#	   0.86	  47.58	
    470	  -2.46	  -5.21	  0.022	0.99824							#	   0.80	  49.65	
    471	  -2.46	  -4.34	  0.025	0.99857							#	   0.65	  48.28	
    472	  -3.16	  -4.19	  0.029	0.99936							#	   0.71	  46.16	
    473	  -4.26	  -5.73	  0.020	0.99866							#	   1.37	  42.98	
    474	  -3.67	  -5.92	  0.013	0.99665							#	   1.28	  39.60	
    475	  -3.73	  -4.72	  0.021	0.99764							#	   1.01	  41.97	
    476	  -4.43	  -5.97	  0.009	0.99824							#	   1.35	  40.51	
    477	  -3.87	  -6.07	  0.004	0.99878							#	   1.18	  42.98	
    478	  -2.84	  -5.85	  0.002	0.99817							#	   1.10	  42.22	
    479	  -2.21	  -6.84	 -0.008	0.99818							#	   1.32	  45.30	
    480	  -1.88	  -8.09	 -0.009	0.99825							#	   1.75	  43.54	
    481	  -1.97	  -8.83	 -0.018	0.99826							#	   1.50	  43.13	
    482	  -1.51	 -10.16	 -0.030	0.99856							#	   1.85	  40.45	
    483	  -1.50	 -10.41	 -0.038	0.99880							#	   1.87	  40.10	
    484	  -1.49	 -10.12	 -0.038	0.99886							#	   1.66	  37.47	
    485	  -1.20	  -9.33	 -0.040	0.99885							#	   1.60	  40.91	
    486	  -0.27	  -8.49	 -0.034	0.99897							#	   1.33	  38.74	
    487	  -0.81	  -7.75	 -0.023	0.99879							#	   1.17	  42.83	
    488	  -0.18	  -7.42	 -0.017	0.99872							#	   1.07	  43.84	
    489	  -0.76	  -6.31	 -0.013	0.99865							#	   0.94	  47.17	
    490	  -1.25	  -5.30	 -0.005	0.99825							#	   0.70	  47.37	
    491	  -1.20	  -3.89	 -0.003	0.99830							#	   0.52	  50.10	
    492	  -1.49	  -3.42	 -0.002	0.99830							#	   0.51	  48.38	
    493	  -1.87	  -2.78	 -0.006	0.99818							#	   0.45	  50.96	
    494	  -1.61	  -1.11	 -0.005	0.99837							#	   0.33	  50.71	
    495	  -1.79	  -1.73	  0.001	0.99833							#	   0.46	  50.91	
    496	  -2.73	  -1.60	  0.008	0.99776							#	   0.77	  51.52	
    497	  -2.60	  -1.51	  0.013	0.99734							#	   0.81	  51.11	
    498	  -2.78	  -1.20	  0.015	0.99802							#	   0.68	  51.36	
    499	  -3.70	  -1.96	  0.009	0.99820							#	   0.97	  52.78	
    500	  -3.57	  -2.40	  0.000	0.99839							#	   0.89	  51.72	
    501	  -3.49	  -2.55	 -0.003	0.99832							#	   0.89	  52.12	
    502	  -2.70	  -2.20	 -0.004	0.99841							#	   0.68	  53.08	
    503	  -2.52	  -2.49	 -0.005	0.99834							#	   0.76	  53.74	
    504	  -2.53	  -2.69	 -0.006	0.99819							#	   0.81	  54.04	
    505	  -1.76	  -2.89	 -0.008	0.99825							#	   0.78	  56.46	
    506	  -1.84	  -2.47	 -0.005	0.99850							#	   0.75	  55.91	
    507	  -2.15	  -2.31	 -0.004	0.99841							#	   0.76	  55.00	
    508	  -2.10	  -2.03	 -0.004	0.99855							#	   0.74	  55.61	
    509	  -2.31	  -1.75	  0.001	0.99872							#	   0.72	  53.64	
    510	  -2.95	  -1.36	  0.005	0.99847							#	   0.85	  53.13	
    511	  -3.03	  -0.86	  0.008	0.99813							#	   0.84	  51.11	
    512	  -2.64	  -0.70	  0.008	0.99801							#	   0.82	  50.40	
    513	  -2.45	  -0.43	  0.008	0.99791							#	   0.82	  49.44	
    514	  -2.82	  -0.54	  0.012	0.99756							#	   1.00	  45.96	
    515	  -2.33	  -1.16	  0.005	0.99742							#	   0.84	  47.22	
    516	  -2.09	  -0.89	  0.008	0.99722							#	   0.95	  45.25	
    517	  -2.43	  -0.02	  0.006	0.99675							#	   1.06	  45.96	
    518	  -1.22	   0.03	  0.005	0.99615							#	   0.92	  46.31	
    519	  -0.57	  -0.21	  0.004	0.99682							#	   0.77	  42.68	
    520	  -1.27	  -0.81	 -0.006	0.99700							#	   0.80	  42.73	
    521	  -0.41	  -1.55	 -0.010	0.99740							#	   0.73	  41.67	
    522	  -0.75	  -1.78	 -0.015	0.99725							#	   0.90	  41.57	
    523	  -0.60	  -1.75	 -0.018	0.99754							#	   0.84	  41.82	
    524	  -0.38	  -1.99	 -0.025	0.99793							#	   0.89	  40.96	
    525	  -0.30	  -2.94	 -0.028	0.99823							#	   0.94	  40.96	
    526	   0.42	  -2.63	 -0.035	0.99782							#	   0.88	  41.87	
    527	   0.33	  -2.31	 -0.031	0.99775							#	   0.78	  45.10	
    528	  -0.09	  -2.83	 -0.035	0.99794							#	   0.87	  41.62	
    529	  -0.14	  -3.47	 -0.036	0.99809							#	   1.02	  43.59	
    530	  -0.33	  -3.64	 -0.035	0.99800							#	   0.97	  44.55	
    531	   0.04	  -4.11	 -0.042	0.99808							#	   1.10	  45.25	
    532	  -0.27	  -4.44	 -0.041	0.99810							#	   1.01	  47.27	
    533	  -0.84	  -4.75	 -0.041	0.99807							#	   1.21	  47.73	
    534	  -0.88	  -5.04	 -0.044	0.99801							#	   1.06	  48.54	
    535	  -0.32	  -5.41	 -0.054	0.99770							#	   1.10	  56.46	
    536	  -0.24	  -5.80	 -0.046	0.99792							#	   1.19	  54.39	
    537	  -1.17	  -5.98	 -0.046	0.99784							#	   1.28	  55.66	
    538	  -0.20	  -6.16	 -0.043	0.99786							#	   1.15	  55.35	
    539	  -0.17	  -6.32	 -0.041	0.99785							#	   1.19	  54.44	
    540	  -0.05	  -6.26	 -0.039	0.99789							#	   1.34	  56.62	
    541	  -0.04	  -6.11	 -0.037	0.99781							#	   1.03	  57.17	
    542	   0.67	  -5.84	 -0.035	0.99773							#	   0.95	  56.36	
    543	   0.73	  -5.33	 -0.033	0.99774							#	   0.87	  58.43	
    544	   0.78	  -4.89	 -0.032	0.99781							#	   0.75	  57.02	
    545	   1.08	  -4.61	 -0.033	0.99783							#	   0.67	  58.59	
    546	   1.37	  -4.30	 -0.036	0.99785							#	   0.74	  57.73	
    547	   1.64	  -4.15	 -0.042	0.99802							#	   0.83	  58.89	
    548	   1.99	  -4.22	 -0.042	0.99805							#	   0.87	  60.30	
    549	   1.55	  -3.96	 -0.047	0.99808							#	   0.85	  59.34	
    550	   1.17	  -3.90	 -0.054	0.99821							#	   0.89	  60.71	
    551	   1.02	  -3.83	 -0.060	0.99831							#	   0.84	  61.46	
    552	   1.50	  -3.88	 -0.060	0.99821							#	   0.91	  59.19	
    553	   1.01	  -3.80	 -0.059	0.99823							#	   0.88	  58.28	
    554	   0.51	  -4.27	 -0.072	0.99822							#	   1.11	  56.92	
    555	   0.36	  -4.66	 -0.074	0.99830							#	   0.98	  58.48	
    556	   0.28	  -4.51	 -0.072	0.99853							#	   1.17	  50.10	
    557	   0.30	  -4.78	 -0.072	0.99854							#	   1.16	  49.44	
    558	   0.84	  -5.08	 -0.080	0.99859							#	   1.23	  48.69	
    559	   0.70	  -5.74	 -0.079	0.99861							#	   1.47	  47.47	
    560	   0.30	  -6.05	 -0.087	0.99875							#	   1.40	  48.79	
    561	   0.66	  -6.21	 -0.085	0.99880							#	   1.39	  47.63	
    562	   0.99	  -6.73	 -0.085	0.99862							#	   1.53	  48.18	
    563	   1.29	  -6.51	 -0.089	0.99871							#	   1.39	  48.48	
    564	   1.36	  -6.57	 -0.092	0.99868							#	   1.44	  48.54	
    565	   1.92	  -6.36	 -0.090	0.99860							#	   1.39	  50.56	
    566	   2.77	  -6.48	 -0.094	0.99865							#	   1.47	  49.34	
    567	   3.03	  -6.67	 -0.090	0.99867							#	   1.49	  49.44	
    568	   3.00	  -6.92	 -0.091	0.99860							#	   1.62	  49.44	
    569	   3.26	  -6.89	 -0.092	0.99868							#	   1.45	  50.25	
    570	   3.74	  -7.13	 -0.092	0.99864							#	   1.62	  50.81	
    571	   3.81	  -7.19	 -0.089	0.99857							#	   1.52	  50.15	
    572	   4.24	  -6.85	 -0.086	0.99840							#	   1.57	  52.83	
    573	   4.29	  -6.45	 -0.080	0.99845							#	   1.45	  51.72	
    574	   3.97	  -6.29	 -0.077	0.99834							#	   1.32	  54.49	
    575	   4.09	  -5.65	 -0.076	0.99835							#	   1.22	  56.06	
    576	   4.37	  -4.89	 -0.070	0.99826							#	   1.06	  56.16	
    577	   4.11	  -4.27	 -0.070	0.99836							#	   0.90	  57.12	
    578	   4.19	  -4.04	 -0.064	0.99849							#	   0.92	  55.56	
    579	   3.29	  -4.18	 -0.059	0.99856							#	   0.95	  54.80	
    580	   2.05	  -4.09	 -0.050	0.99792							#	   0.99	  55.15	
    581	   1.98	  -3.27	 -0.054	0.99742							#	   0.93	  59.04	
    582	   1.77	  -3.18	 -0.046	0.99800							#	   0.88	  53.54	
    583	   1.54	  -3.72	 -0.052	0.99847							#	   0.93	  55.40	
    584	   1.30	  -3.75	 -0.049	0.99862							#	   0.93	  52.88	
    585	   1.38	  -3.61	 -0.049	0.99846							#	   0.98	  51.82	
    586	   1.43	  -3.74	 -0.050	0.99865							#	   1.20	  47.68	
    587	   1.37	  -4.46	 -0.047	0.99855							#	   1.27	  50.51	
    588	   1.23	  -4.57	 -0.047	0.99866							#	   1.18	  47.68	
    589	   1.35	  -4.85	 -0.047	0.99862							#	   1.35	  48.59	
    590	   1.41	  -5.33	 -0.048	0.99867							#	   1.41	  47.07	
    591	   1.47	  -5.88	 -0.045	0.99869							#	   1.48	  45.86	
    592	   1.35	  -6.26	 -0.044	0.99864							#	   1.48	  45.71	
    593	   1.62	  -6.52	 -0.051	0.99872							#	   1.48	  46.21	
    594	   1.98	  -6.29	 -0.049	0.99888							#	   1.60	  44.09	
    595	   2.02	  -6.83	 -0.047	0.99875							#	   1.65	  45.96	
    596	   2.42	  -7.25	 -0.045	0.99891							#	   1.82	  41.26	
    597	   2.47	  -7.29	 -0.047	0.99867							#	   1.49	  46.31	
    598	   2.60	  -6.91	 -0.042	0.99867							#	   1.44	  43.59	
    599	   2.65	  -6.91	 -0.046	0.99868							#	   1.49	  44.90	
    600	   2.44	  -6.78	 -0.044	0.99848							#	   1.58	  47.12	
    601	   2.18	  -6.09	 -0.055	0.99845							#	   1.30	  50.66	
    602	   2.09	  -5.41	 -0.049	0.99815							#	   1.09	  54.29	
    603	   2.25	  -4.15	 -0.047	0.99818							#	   0.81	  55.71	
    604	   2.21	  -3.65	 -0.040	0.99800							#	   0.67	  54.90	
    605	   2.37	  -3.12	 -0.036	0.99791							#	   0.59	  57.02	
    606	   2.37	  -2.47	 -0.037	0.99788							#	   0.62	  57.53	
    607	   2.68	  -2.44	 -0.033	0.99776							#	   0.68	  57.88	
    608	   2.85	  -2.35	 -0.033	0.99753							#	   0.75	  58.08	
    609	   3.00	  -2.33	 -0.029	0.99746							#	   0.91	  56.01	
    610	   3.06	  -1.07	 -0.029	0.99737							#	   0.86	  55.86	
    611	   3.20	  -2.07	 -0.027	0.99715							#	   1.14	  51.52	
    612	   3.16	  -4.65	 -0.024	0.99680							#	   1.40	  51.06	
    613	   2.25	  -4.29	 -0.038	0.99703							#	   0.99	  50.81	
    614	   2.12	  -5.40	 -0.036	0.99691							#	   1.48	  47.22	
    615	   1.90	  -6.87	 -0.040	0.99685							#	   1.61	  49.39	
    616	   1.45	  -7.54	 -0.037	0.99707							#	   1.60	  48.43	
    617	   0.73	  -7.36	 -0.039	0.99715							#	   1.59	  48.64	
    618	   0.23	  -7.59	 -0.034	0.99705							#	   1.86	  49.75	
    619	  -0.07	  -7.96	 -0.031	0.99675							#	   1.94	  47.68	
    620	  -1.76	  -7.75	 -0.035	0.99642							#	   1.95	  49.29	
    621	  -1.70	  -7.95	 -0.041	0.99645							#	   1.94	  48.54	
    622	  -1.84	  -8.42	 -0.041	0.99708							#	   2.24	  49.65	
    623	  -3.78	  -8.19	 -0.036	0.99750							#	   2.30	  46.87	
    624	  -4.18	  -8.94	 -0.050	0.99735							#	   2.25	  47.73	
    625	  -3.72	  -7.98	 -0.044	0.99777							#	   1.99	  47.88	
    626	  -3.88	  -8.23	 -0.042	0.99746							#	   2.22	  49.75	
    627	  -4.49	  -7.01	 -0.041	0.99748							#	   1.97	  50.10	
    628	  -4.45	  -5.72	 -0.043	0.99730							#	   1.79	  51.57	
    629	  -4.25	  -4.95	 -0.040	0.99745							#	   1.49	  52.07	
    630	  -4.01	  -4.90	 -0.037	0.99768							#	   1.40	  52.02	
    631	  -4.00	  -4.11	 -0.042	0.99765							#	   1.24	  55.00	
    632	  -3.47	  -3.41	 -0.046	0.99818							#	   1.05	  56.77	
    633	  -4.46	  -2.40	 -0.052	0.99829							#	   1.07	  59.44	
    634	  -5.25	  -0.27	 -0.050	0.99929							#	   1.06	  55.86	
    635	  -5.95	  -5.57	 -0.033	0.99691							#	   2.39	  48.38	
    636	  -4.79	  -3.86	 -0.029	0.99648							#	   1.57	  51.52	
    637	  -6.61	  -1.01	 -0.050	0.99876							#	   1.43	  52.17	
    638	  -5.92	  -3.34	 -0.075	0.99949							#	   1.45	  48.69	
    639	  -4.54	  -3.74	 -0.079	0.99827							#	   1.26	  52.83	
    640	  -4.02	  -3.56	 -0.066	0.99829							#	   1.11	  51.06	
    641	  -4.08	  -4.55	 -0.067	0.99852							#	   1.30	  53.33	
    642	  -4.57	  -4.87	 -0.069	0.99863							#	   1.76	  50.66	
    643	  -1.24	  -4.88	 -0.059	0.99858							#	   1.09	  54.19	
    644	  -1.32	  -4.84	 -0.049	0.99858							#	   1.30	  48.74	
    645	  -1.94	  -5.44	 -0.044	0.99828							#	   1.54	  44.24	
    646	  -2.74	  -4.81	 -0.045	0.99825							#	   1.44	  42.98	
    647	  -3.35	  -4.51	 -0.047	0.99848							#	   1.51	  42.02	
    648	  -3.84	  -5.12	 -0.056	0.99860							#	   1.95	  40.45	
    649	  -3.84	  -4.51	 -0.060	0.99863							#	   1.54	  41.82	
    650	  -4.18	  -4.03	 -0.059	0.99871							#	   1.50	  41.87	
    651	  -4.41	  -3.31	 -0.061	0.99862							#	   1.42	  42.93	
    652	  -4.12	  -2.72	 -0.062	0.99846							#	   1.22	  43.43	
    653	  -4.05	  -1.87	 -0.062	0.99841							#	   1.07	  46.26	
    654	  -3.75	  -1.13	 -0.056	0.99840							#	   0.90	  43.33	
    655	  -3.32	  -0.78	 -0.062	0.99852							#	   0.76	  46.41	
    656	  -2.86	  -0.41	 -0.067	0.99848							#	   0.61	  44.80	
    657	  -2.59	   0.70	 -0.071	0.99851							#	   0.53	  46.41	
    658	  -2.61	   2.05	 -0.078	0.99850							#	   0.58	  48.64	
    659	  -2.18	   2.93	 -0.086	0.99851							#	   0.67	  47.47	
    660	  -2.13	   3.21	 -0.088	0.99866							#	   0.92	  47.98	
    661	  -2.06	   4.27	 -0.089	0.99882							#	   0.90	  46.52	
    662	  -1.83	   4.46	 -0.091	0.99880							#	   1.00	  47.07	
    663	  -1.67	   4.93	 -0.088	0.99873							#	   1.11	  45.40	
    664	  -1.35	   5.81	 -0.090	0.99888							#	   1.19	  47.07	
    665	  -1.25	   6.24	 -0.084	0.99861							#	   1.21	  43.03	
    666	  -1.47	   6.40	 -0.096	0.99861							#	   1.38	  49.60	
    667	  -2.04	   6.66	 -0.094	0.99848							#	   1.28	  45.25	
    668	  -1.70	   6.81	 -0.080	0.99853							#	   1.20	  44.04	
    669	  -2.57	   6.78	 -0.083	0.99883							#	   1.23	  43.54	
    670	  -3.00	   6.68	 -0.084	0.99887							#	   1.17	  43.59	
    671	  -2.94	   6.68	 -0.081	0.99876							#	   1.20	  45.25	
    672	  -2.91	   6.95	 -0.078	0.99874							#	   1.32	  45.71	
    673	  -2.77	   6.43	 -0.076	0.99888							#	   1.15	  43.99	
    674	  -2.41	   5.92	 -0.078	0.99902							#	   0.94	  45.05	
    675	  -2.61	   5.39	 -0.077	0.99914							#	   0.85	  46.16	
    676	  -3.43	   5.30	 -0.078	0.99910							#	   0.89	  45.40	
    677	  -3.21	   4.98	 -0.081	0.99914							#	   0.81	  44.55	
    678	  -3.11	   4.71	 -0.086	0.99923							#	   0.80	  47.47	
    679	  -3.28	   4.90	 -0.076	0.99918							#	   0.97	  45.15	
    680	  -3.15	   4.55	 -0.087	0.99915							#	   1.00	  46.97	
    681	  -3.12	   4.07	 -0.081	0.99903							#	   0.90	  43.64	
    682	  -3.40	   4.03	 -0.085	0.99907							#	   1.05	  44.70	
    683	  -4.25	   4.21	 -0.083	0.99906							#	   1.09	  45.20	
    684	  -4.45	   4.09	 -0.082	0.99916							#	   1.03	  45.20	
    685	  -5.16	   4.15	 -0.082	0.99915							#	   1.27	  46.26	
    686	  -5.31	   4.26	 -0.083	0.99911							#	   1.23	  46.06	
    687	  -5.68	   4.69	 -0.079	0.99911							#	   1.42	  47.58	
    688	  -6.20	   5.01	 -0.085	0.99907							#	   1.47	  48.08	
    689	  -5.58	   5.05	 -0.089	0.99910							#	   1.25	  49.44	
    690	  -5.59	   5.12	 -0.087	0.99907							#	   1.30	  50.76	
    691	  -6.13	   4.97	 -0.082	0.99894							#	   1.33	  50.10	
    692	  -6.14	   4.34	 -0.082	0.99881							#	   1.34	  55.00	
    693	  -6.48	   2.94	 -0.062	0.99881							#	   1.33	  53.48	
    694	  -6.25	   2.66	 -0.058	0.99878							#	   1.33	  54.14	
    695	  -6.05	   2.87	 -0.056	0.99862							#	   1.40	  55.86	
    696	  -6.36	   3.51	 -0.056	0.99862							#	   1.42	  54.75	
    697	  -6.44	   3.79	 -0.058	0.99850							#	   1.52	  54.39	
    698	  -6.19	   4.17	 -0.059	0.99848							#	   1.53	  54.44	
    699	  -6.09	   4.07	 -0.053	0.99843							#	   1.48	  54.04	
    700	  -6.34	   4.43	 -0.058	0.99828							#	   1.64	  53.84	
    701	  -6.49	   4.53	 -0.058	0.99818							#	   1.47	  51.97	
    702	  -6.70	   4.91	 -0.067	0.99821							#	   1.79	  53.13	
    703	  -7.02	   5.02	 -0.068	0.99812							#	   1.65	  52.63	
    704	  -7.70	   5.05	 -0.078	0.99807							#	   2.01	  50.05	
    705	  -8.65	   5.45	 -0.080	0.99813							#	   1.88	  48.64	
    706	  -9.50	   5.83	 -0.085	0.99812							#	   2.02	  49.55	
    707	  -9.84	   5.78	 -0.088	0.99812							#	   2.11	  45.15	
    708	  -9.98	   5.50	 -0.085	0.99807							#	   2.07	  45.20	
    709	 -10.59	   6.28	 -0.091	0.99809							#	   2.37	  43.74	
    710	 -10.84	   6.42	 -0.086	0.99820							#	   2.21	  41.97	
    711	 -10.79	   6.46	 -0.083	0.99828							#	   2.03	  41.72	
    712	 -10.90	   6.19	 -0.085	0.99799							#	   2.07	  41.62	
    713	 -10.71	   6.21	 -0.086	0.99812							#	   2.11	  42.02	
    714	 -10.49	   6.45	 -0.082	0.99834							#	   2.16	  41.41	
    715	 -10.44	   6.31	 -0.086	0.99857							#	   1.90	  40.45	
    716	 -10.36	   5.74	 -0.085	0.99845							#	   1.87	  41.52	
    717	 -10.11	   5.75	 -0.080	0.99843							#	   1.83	  41.06	
    718	 -10.15	   5.13	 -0.089	0.99860							#	   1.80	  41.16	
    719	 -10.15	   4.58	 -0.084	0.99848							#	   1.70	  39.34	
    720	 -10.38	   4.19	 -0.083	0.99864							#	   1.90	  38.23	
    721	 -10.97	   4.03	 -0.077	0.99881							#	   2.01	  35.86	
    722	 -11.24	   3.64	 -0.078	0.99899							#	   2.05	  35.71	
    723	 -11.58	   3.18	 -0.080	0.99899							#	   2.14	  35.91	
    724	 -12.11	   3.07	 -0.082	0.99894							#	   2.25	  33.99	
    725	 -12.95	   2.75	 -0.076	0.99915							#	   2.35	  33.94	
    726	 -13.36	   2.84	 -0.085	0.99915							#	   2.32	  33.48	
    727	 -13.54	   2.93	 -0.082	0.99905							#	   2.36	  32.58	
    728	 -13.60	   2.79	 -0.074	0.99905							#	   2.38	  32.02	
    729	 -13.69	   2.31	 -0.082	0.99894							#	   2.59	  33.38	
    730	 -13.82	   2.16	 -0.089	0.99880							#	   2.35	  34.14	
    731	 -13.53	   2.15	 -0.086	0.99882							#	   2.39	  34.09	
    732	 -12.94	   2.36	 -0.096	0.99879							#	   2.25	  35.56	
    733	 -12.61	   2.80	 -0.092	0.99873							#	   2.20	  34.75	
    734	 -12.28	   3.25	 -0.104	0.99882							#	   2.08	  37.37	
    735	 -11.83	   3.62	 -0.099	0.99883							#	   2.03	  36.21	
    736	 -11.43	   4.23	 -0.109	0.99880							#	   1.89	  36.82	
    737	 -10.88	   4.95	 -0.113	0.99878							#	   1.90	  37.68	
    738	 -10.63	   5.32	 -0.113	0.99867							#	   1.89	  39.09	
    739	 -10.49	   5.59	 -0.125	0.99881							#	   1.79	  40.71	
    740	 -10.67	   5.83	 -0.124	0.99889							#	   1.84	  39.09	
    741	 -10.51	   6.24	 -0.130	0.99893							#	   2.01	  39.65	
    742	 -10.78	   6.41	 -0.132	0.99902							#	   2.25	  38.89	
    743	 -11.29	   6.79	 -0.140	0.99895							#	   2.12	  39.70	
    744	 -11.65	   7.38	 -0.154	0.99894							#	   2.33	  39.14	
    745	 -11.93	   7.55	 -0.161	0.99889							#	   2.49	  37.37	
    746	 -12.31	   8.15	 -0.159	0.99915							#	   2.41	  38.38	
    747	 -12.27	   8.86	 -0.168	0.99897							#	   2.55	  37.73	
    748	 -11.35	   8.98	 -0.198	0.99749							#	   2.42	  42.12	
    749	 -11.44	   9.18	 -0.203	0.99753							#	   2.47	  41.72	
    750	 -11.46	   9.05	 -0.205	0.99759							#	   2.66	  42.88	
    751	 -11.60	   9.45	 -0.207	0.99766							#	   2.62	  44.14	
    752	 -11.74	   9.62	 -0.207	0.99763							#	   2.54	  44.60	
    753	 -11.80	   9.89	 -0.208	0.99781							#	   2.58	  45.71	
    754	 -11.57	  10.18	 -0.210	0.99796							#	   2.53	  45.91	
    755	 -11.36	  10.18	 -0.207	0.99779							#	   2.63	  48.48	
    756	 -11.45	  10.41	 -0.206	0.99821							#	   2.71	  50.40	
    757	 -11.41	  10.29	 -0.205	0.99823							#	   2.35	  49.39	
    758	 -11.83	  10.19	 -0.204	0.99825							#	   2.43	  50.20	
    759	 -12.42	  10.02	 -0.208	0.99835							#	   2.75	  48.74	
    760	 -12.77	   9.94	 -0.203	0.99831							#	   2.44	  48.13	
    761	 -13.59	  10.06	 -0.202	0.99839							#	   2.82	  47.32	
    762	 -14.06	  10.06	 -0.206	0.99857							#	   2.59	  47.68	
    763	 -14.51	  10.25	 -0.206	0.99868							#	   2.98	  46.77	
    764	 -14.93	  10.51	 -0.209	0.99877							#	   2.81	  45.05	
    765	 -15.29	  10.48	 -0.203	0.99879							#	   2.75	  45.66	
    766	 -15.87	  10.90	 -0.200	0.99901							#	   3.04	  44.09	
    767	 -16.80	  11.28	 -0.200	0.99899							#	   3.12	  45.81	
    768	 -17.14	  11.36	 -0.198	0.99898							#	   3.20	  42.17	
    769	 -17.59	  11.45	 -0.196	0.99897							#	   2.87	  43.69	
    770	 -18.02	  11.33	 -0.192	0.99918							#	   3.26	  40.45	
    771	 -18.88	  11.62	 -0.190	0.99918							#	   3.24	  40.35	
    772	 -19.08	  11.53	 -0.192	0.99904							#	   3.32	  38.94	
    773	 -20.08	  11.55	 -0.187	0.99889							#	   3.56	  39.24	
    774	 -20.23	  11.72	 -0.181	0.99976							#	   3.13	  41.06	
    775	 -20.77	  11.75	 -0.188	0.99959							#	   3.70	  39.65	
    776	 -20.86	  11.31	 -0.179	0.99973							#	   3.09	  39.04	
    777	 -21.00	  11.03	 -0.178	0.99985							#	   3.16	  40.30	
    778	 -21.01	  10.86	 -0.181	0.99973							#	   3.47	  38.03	
    779	 -21.01	  10.57	 -0.182	0.99974							#	   3.19	  40.15	
    780	 -20.83	  10.33	 -0.181	0.99977							#	   3.24	  40.20	
    781	 -20.62	  10.27	 -0.178	0.99978							#	   3.52	  40.76	
    782	 -20.14	  10.41	 -0.180	1.00037							#	   3.03	  41.72	
    783	 -19.95	   9.66	 -0.183	1.00002							#	   3.07	  42.73	
    784	 -19.81	   9.29	 -0.182	1.00013							#	   2.91	  42.68	
    785	 -19.82	   8.19	 -0.181	0.99964							#	   2.81	  43.74	
    786	 -19.70	   7.55	 -0.181	0.99965							#	   2.87	  42.58	
    787	 -19.82	   7.32	 -0.183	0.99953							#	   2.95	  42.37	
    788	 -19.94	   6.89	 -0.182	0.99998							#	   2.96	  42.63	
    789	 -20.22	   6.03	 -0.176	0.99988							#	   3.06	  42.12	
    790	 -20.56	   5.68	 -0.183	0.99998							#	   3.06	  42.27	
    791	 -20.30	   5.65	 -0.181	0.99992							#	   3.02	  41.87	
    792	 -20.39	   5.64	 -0.175	0.99992							#	   3.06	  42.02	
    793	 -20.87	   5.39	 -0.181	0.99949							#	   3.09	  43.18	
    794	 -20.61	   5.22	 -0.174	0.99989							#	   3.12	  41.72	
    795	 -20.53	   5.29	 -0.175	0.99976							#	   2.92	  43.84	
    796	 -20.16	   5.08	 -0.177	0.99974							#	   2.73	  43.74	
    797	 -19.68	   4.96	 -0.178	0.99955							#	   2.82	  44.39	
    798	 -19.40	   5.00	 -0.179	0.99968							#	   2.71	  43.69	
    799	 -19.04	   5.15	 -0.185	0.99964							#	   2.51	  45.20	
    800	 -18.72	   5.01	 -0.188	0.99971							#	   2.70	  46.11	
    801	 -18.21	   5.07	 -0.194	0.99965							#	   2.64	  46.21	
    802	 -18.03	   4.79	 -0.192	0.99957							#	   2.38	  46.67	
    803	 -17.18	   4.50	 -0.191	0.99954							#	   2.33	  49.39	
    804	 -16.56	   4.63	 -0.197	0.99964							#	   2.34	  49.09	
    805	 -16.63	   4.55	 -0.202	0.99949							#	   2.24	  50.00	
    806	 -16.67	   4.66	 -0.209	0.99959							#	   2.45	  48.03	
    807	 -17.19	   4.32	 -0.213	0.99952							#	   2.51	  49.09	
    808	 -16.86	   4.33	 -0.219	0.99956							#	   2.68	  48.18	
    809	 -16.87	   4.52	 -0.212	0.99931							#	   2.48	  49.75	
    810	 -17.05	   4.78	 -0.218	0.99976							#	   2.57	  48.13	
    811	 -16.91	   4.86	 -0.217	0.99962							#	   2.66	  49.55	
    812	 -16.91	   5.01	 -0.218	0.99962							#	   2.61	  49.44	
    813	 -17.25	   5.06	 -0.215	0.99943							#	   2.66	  48.69	
    814	 -17.09	   5.11	 -0.214	0.99953							#	   2.57	  49.09	
    815	 -17.16	   5.24	 -0.212	0.99936							#	   2.61	  47.78	
    816	 -17.16	   5.43	 -0.213	0.99940							#	   2.51	  48.69	
    817	 -17.25	   5.02	 -0.210	0.99941							#	   2.71	  48.79	
    818	 -17.50	   5.06	 -0.208	0.99988							#	   2.62	  49.44	
    819	 -17.84	   5.00	 -0.204	0.99979							#	   2.67	  48.13	
    820	 -17.58	   5.12	 -0.200	1.00006							#	   2.74	  47.58	
    821	 -17.52	   5.13	 -0.202	0.99961							#	   2.59	  48.64	
    822	 -17.59	   5.35	 -0.202	0.99982							#	   2.59	  48.74	
    823	 -17.39	   5.25	 -0.198	0.99974							#	   2.53	  48.94	
    824	 -17.28	   5.31	 -0.201	1.00000							#	   2.52	  48.03	
    825	 -17.24	   5.39	 -0.199	0.99997							#	   2.54	  47.63	
    826	 -17.27	   5.28	 -0.202	0.99997							#	   2.63	  47.32	
    827	 -17.44	   5.25	 -0.200	0.99985							#	   2.62	  47.12	
    828	 -17.24	   5.42	 -0.203	1.00043							#	   2.79	  47.53	
    829	 -17.11	   5.46	 -0.203	1.00037							#	   2.57	  46.77	
    830	 -16.99	   5.24	 -0.201	1.00025							#	   2.54	  47.32	
    831	 -16.99	   5.30	 -0.201	1.00025							#	   2.55	  47.47	
    832	 -16.83	   5.40	 -0.203	1.00030							#	   2.42	  47.02	
    833	 -16.53	   5.44	 -0.205	1.00040							#	   2.37	  47.93	
    834	 -16.52	   5.47	 -0.206	1.00039							#	   2.49	  47.32	
    835	 -16.56	   5.45	 -0.210	1.00041							#	   2.43	  48.03	
    836	 -16.34	   5.42	 -0.212	1.00034							#	   2.53	  48.23	
    837	 -16.52	   5.59	 -0.213	1.00033							#	   2.65	  47.17	
    838	 -16.70	   5.58	 -0.214	1.00033							#	   2.44	  47.63	
    839	 -16.85	   5.67	 -0.212	1.00031							#	   2.39	  47.17	
    840	 -16.79	   5.63	 -0.212	1.00025							#	   2.55	  47.47	
    841	 -17.08	   5.52	 -0.211	1.00033							#	   2.57	  45.86	
    842	 -17.45	   5.48	 -0.213	1.00038							#	   2.54	  46.11	
    843	 -17.56	   5.41	 -0.212	1.00037							#	   2.79	  45.35	
    844	 -17.63	   5.32	 -0.214	1.00036							#	   2.59	  45.91	
    845	 -17.90	   5.18	 -0.211	1.00037							#	   2.52	  45.00	
    846	 -18.17	   5.20	 -0.214	1.00039							#	   2.64	  45.40	
    847	 -18.34	   5.12	 -0.214	1.00050							#	   2.50	  43.84	
    848	 -18.77	   5.04	 -0.218	1.00042							#	   2.68	  44.55	
    849	 -18.82	   4.99	 -0.217	1.00053							#	   2.70	  42.98	
    850	 -19.01	   5.19	 -0.215	1.00061							#	   2.78	  43.13	
    851	 -19.26	   5.21	 -0.218	1.00056							#	   2.72	  42.22	
    852	 -19.19	   5.25	 -0.215	1.00070							#	   2.79	  42.58	
    853	 -19.28	   5.16	 -0.214	1.00069							#	   2.73	  41.62	
    854	 -19.27	   5.22	 -0.216	1.00071							#	   2.81	  42.17	
    855	 -19.10	   5.36	 -0.216	1.00079							#	   2.76	  40.76	
    856	 -19.27	   5.44	 -0.213	1.00064							#	   2.59	  42.42	
    857	 -19.41	   5.32	 -0.218	1.00059							#	   2.76	  41.16	
    858	 -19.18	   5.27	 -0.214	1.00069							#	   2.59	  41.97	
    859	 -18.82	   5.14	 -0.220	1.00074							#	   2.54	  42.17	
    860	 -18.72	   5.01	 -0.214	1.00067							#	   2.54	  42.22	
    861	 -18.37	   5.09	 -0.217	1.00056							#	   2.49	  41.72	
    862	 -18.30	   4.92	 -0.221	1.00056							#	   2.53	  42.73	
    863	 -18.11	   4.85	 -0.221	1.00059							#	   2.50	  41.87	
    864	 -18.14	   4.70	 -0.222	1.00058							#	   2.47	  41.92	
    865	 -18.20	   4.61	 -0.226	1.00057							#	   2.42	  41.72	
    866	 -18.08	   4.64	 -0.224	1.00056							#	   2.54	  42.27	
    867	 -17.62	   4.70	 -0.228	1.00076							#	   2.41	  44.75	
    868	 -17.91	   4.30	 -0.220	1.00035							#	   2.30	  42.17	
    869	 -18.00	   4.34	 -0.224	1.00037							#	   2.51	  41.57	
    870	 -17.97	   4.44	 -0.222	1.00043							#	   2.43	  43.89	
    871	 -17.82	   4.55	 -0.226	1.00077							#	   2.34	  43.18	
    872	 -18.16	   4.30	 -0.220	1.00036							#	   2.49	  43.54	
    873	 -17.86	   4.43	 -0.228	1.00072							#	   2.45	  43.08	
    874	 -17.71	   4.20	 -0.225	1.00028							#	   2.46	  44.29	
    875	 -17.99	   4.33	 -0.225	1.00054							#	   2.50	  42.78	
    876	 -18.07	   4.09	 -0.228	1.00038							#	   2.52	  44.55	
    877	 -17.95	   4.02	 -0.228	1.00045							#	   2.31	  42.07	
    878	 -17.99	   3.86	 -0.228	1.00039							#	   2.45	  42.47	
    879	 -18.28	   3.72	 -0.230	1.00041							#	   2.50	  42.73	
    880	 -18.58	   3.85	 -0.229	1.00045							#	   2.44	  42.63	
    881	 -18.57	   3.72	 -0.232	1.00050							#	   2.59	  41.36	
    882	 -18.78	   3.80	 -0.228	1.00052							#	   2.63	  41.77	
    883	 -19.17	   3.71	 -0.229	1.00048							#	   2.42	  40.96	
    884	 -19.27	   3.74	 -0.232	1.00057							#	   2.68	  40.00	
    885	 -19.33	   3.70	 -0.230	1.00055							#	   2.60	  39.04	
    886	 -19.47	   3.67	 -0.233	1.00055							#	   2.53	  39.80	
    887	 -20.03	   3.59	 -0.236	1.00067							#	   2.87	  39.34	
    888	 -20.20	   3.70	 -0.232	1.00055							#	   2.52	  38.69	
    889	 -20.33	   3.69	 -0.227	1.00065							#	   2.57	  38.23	
    890	 -20.96	   3.67	 -0.229	1.00059							#	   2.89	  38.13	
    891	 -20.76	   3.47	 -0.228	1.00051							#	   2.43	  37.07	
    892	 -20.94	   3.42	 -0.227	1.00053							#	   2.71	  37.37	
    893	 -20.94	   3.49	 -0.221	1.00057							#	   2.82	  35.91	
    894	 -20.69	   3.47	 -0.224	1.00051							#	   2.48	  36.82	
    895	 -21.08	   3.37	 -0.217	1.00049							#	   2.77	  36.16	
    896	 -21.10	   3.33	 -0.216	1.00050							#	   2.49	  35.81	
    897	 -21.02	   3.30	 -0.215	1.00052							#	   2.74	  36.21	
    898	 -21.04	   3.32	 -0.213	1.00049							#	   2.65	  35.91	
    899	 -21.02	   3.29	 -0.213	1.00047							#	   2.59	  36.11	
    900	 -20.94	   3.16	 -0.212	1.00052							#	   2.89	  36.67	
    901	 -20.51	   3.07	 -0.211	1.00058							#	   2.29	  36.26	
    902	 -20.52	   2.87	 -0.207	1.00049							#	   2.41	  35.61	
    903	 -20.56	   2.77	 -0.210	1.00054							#	   2.51	  36.72	
    904	 -20.51	   2.45	 -0.209	1.00048							#	   2.42	  36.36	
    905	 -20.63	   2.46	 -0.212	1.00051							#	   2.38	  37.07	
    906	 -20.51	   2.25	 -0.210	1.00044							#	   2.52	  36.52	
    907	 -20.73	   1.81	 -0.211	1.00041							#	   2.58	  37.37	
    908	 -20.64	   1.68	 -0.214	1.00058							#	   2.44	  36.36	
    909	 -20.67	   1.71	 -0.215	1.00072							#	   2.43	  37.93	
    910	 -20.59	   1.15	 -0.221	1.00041							#	   2.41	  37.58	
    911	 -20.49	   1.07	 -0.215	1.00051							#	   2.36	  36.72	
    912	 -20.33	   1.00	 -0.220	1.00064							#	   2.19	  38.13	
    913	 -20.22	   0.82	 -0.220	1.00064							#	   2.26	  38.03	
    914	 -19.97	   0.62	 -0.217	1.00063							#	   2.17	  39.14	
    915	 -19.83	   0.20	 -0.218	1.00048							#	   2.18	  38.94	
    916	 -19.78	   0.05	 -0.219	1.00050							#	   2.12	  39.65	
    917	 -19.11	  -0.06	 -0.219	1.00052							#	   2.00	  40.20	
    918	 -19.12	  -0.24	 -0.215	1.00055							#	   2.16	  39.39	
    919	 -18.92	  -0.21	 -0.221	1.00117							#	   2.11	  41.97	
    920	 -18.79	  -0.20	 -0.217	1.00128							#	   2.11	  40.96	
    921	 -18.41	  -0.34	 -0.217	1.00129							#	   2.11	  41.36	
    922	 -18.39	  -0.41	 -0.212	1.00132							#	   2.17	  41.01	
    923	 -18.31	  -0.79	 -0.214	1.00130							#	   1.99	  41.52	
    924	 -18.25	  -0.85	 -0.213	1.00127							#	   2.17	  41.36	
    925	 -18.42	  -0.84	 -0.209	1.00119							#	   2.05	  41.77	
    926	 -18.29	  -0.92	 -0.209	1.00125							#	   1.94	  42.78	
    927	 -18.16	  -0.84	 -0.211	1.00141							#	   2.15	  43.08	
    928	 -18.00	  -1.09	 -0.213	1.00136							#	   1.97	  42.17	
    929	 -17.91	  -1.12	 -0.212	1.00139							#	   1.92	  43.69	
    930	 -18.03	  -1.15	 -0.211	1.00132							#	   2.04	  43.99	
    931	 -17.88	  -1.53	 -0.210	1.00119							#	   1.91	  43.69	
    932	 -17.54	  -1.39	 -0.212	1.00138							#	   1.94	  44.85	
    933	 -17.61	  -1.48	 -0.210	1.00124							#	   2.00	  45.56	
    934	 -17.63	  -1.60	 -0.215	1.00120							#	   2.02	  46.11	
    935	 -17.42	  -1.74	 -0.215	1.00118							#	   1.89	  45.45	
    936	 -17.07	  -1.95	 -0.218	1.00118							#	   1.82	  46.31	
    937	 -17.29	  -1.91	 -0.218	1.00111							#	   1.99	  47.12	
    938	 -17.31	  -1.92	 -0.216	1.00102							#	   1.81	  46.31	
    939	 -17.35	  -2.09	 -0.216	1.00097							#	   1.88	  47.27	
    940	 -17.10	  -2.28	 -0.217	1.00103							#	   1.98	  46.77	
    941	 -17.20	  -2.50	 -0.213	1.00089							#	   1.90	  47.53	
    942	 -17.17	  -2.35	 -0.212	1.00087							#	   1.73	  47.63	
    943	 -17.36	  -2.26	 -0.208	1.00092							#	   1.93	  48.23	
    944	 -17.08	  -2.28	 -0.208	1.00091							#	   1.78	  48.74	
    945	 -16.96	  -2.31	 -0.204	1.00091							#	   1.69	  48.13	
    946	 -16.97	  -2.24	 -0.199	1.00095							#	   1.78	  47.93	
    947	 -16.98	  -2.20	 -0.193	1.00098							#	   1.87	  47.58	
    948	 -16.94	  -2.37	 -0.188	1.00078							#	   1.73	  48.74	
    949	 -16.71	  -2.39	 -0.185	1.00088							#	   1.71	  48.79	
    950	 -16.54	  -2.49	 -0.182	1.00080							#	   1.80	  48.48	
    951	 -16.46	  -2.55	 -0.180	1.00075							#	   1.67	  49.34	
    952	 -16.19	  -2.77	 -0.177	1.00088							#	   1.59	  50.20	
    953	 -15.84	  -2.85	 -0.173	1.00055							#	   1.60	  50.00	
    954	 -15.71	  -2.80	 -0.168	1.00079							#	   1.62	  50.76	
    955	 -15.48	  -2.86	 -0.168	1.00074							#	   1.51	  51.11	
    956	 -14.97	  -3.13	 -0.164	1.00072							#	   1.53	  51.52	
    957	 -14.87	  -3.11	 -0.162	1.00072							#	   1.53	  53.08	
    958	 -14.76	  -2.98	 -0.159	1.00073							#	   1.40	  52.73	
    959	 -14.77	  -2.97	 -0.156	1.00068							#	   1.48	  53.89	
    960	 -14.42	  -3.23	 -0.153	1.00073							#	   1.57	  53.89	
    961	 -14.55	  -2.91	 -0.153	1.00072							#	   1.59	  54.55	
    962	 -14.22	  -3.06	 -0.152	1.00066							#	   1.52	  55.40	
    963	 -14.09	  -2.93	 -0.150	1.00065							#	   1.42	  56.52	
    964	 -14.13	  -2.85	 -0.147	1.00064							#	   1.41	  57.07	
    965	 -14.21	  -2.66	 -0.144	1.00058							#	   1.36	  57.17	
    966	 -14.01	  -2.77	 -0.145	1.00053							#	   1.43	  56.46	
    967	 -13.83	  -2.63	 -0.141	1.00056							#	   1.34	  56.11	
    968	 -13.85	  -2.51	 -0.140	1.00049							#	   1.40	  57.12	
    969	 -13.63	  -2.50	 -0.144	1.00051							#	   1.34	  58.03	
    970	 -13.30	  -2.42	 -0.140	1.00047							#	   1.37	  57.07	
    971	 -12.50	  -3.23	 -0.122	1.00045							#	   1.26	  60.10	
    972	 -12.35	  -3.22	 -0.121	1.00045							#	   1.31	  61.77	
    973	 -11.84	  -3.10	 -0.128	1.00040							#	   1.18	  63.28	
    974	 -12.02	  -2.64	 -0.135	1.00040							#	   1.20	  62.83	
    975	 -12.09	  -2.29	 -0.139	1.00034							#	   1.19	  62.12	
    976	 -12.33	  -2.13	 -0.138	1.00033							#	   1.30	  61.16	
    977	 -12.51	  -1.87	 -0.141	1.00032							#	   1.34	  60.71	
    978	 -12.44	  -1.56	 -0.141	1.00031							#	   1.23	  61.57	
    979	 -12.10	  -1.40	 -0.138	1.00016							#	   1.21	  62.53	
    980	 -12.05	  -1.27	 -0.134	1.00019							#	   1.25	  61.57	
    981	 -12.21	  -1.28	 -0.131	1.00018							#	   1.27	  62.27	
    982	 -11.87	  -1.19	 -0.127	1.00016							#	   1.18	  63.59	
    983	 -11.51	  -1.19	 -0.121	1.00011							#	   1.14	  64.80	
    984	 -11.08	  -1.27	 -0.121	1.00014							#	   1.10	  65.15	
    985	 -10.88	  -1.34	 -0.116	1.00011							#	   1.06	  65.51	
    986	 -10.40	  -1.43	 -0.118	1.00013							#	   0.99	  66.21	
    987	 -10.27	  -1.18	 -0.121	1.00020							#	   0.97	  68.69	
    988	  -9.90	  -1.12	 -0.123	1.00016							#	   0.96	  69.29	
    989	 -10.22	  -1.00	 -0.125	1.00014							#	   0.99	  69.44	
    990	 -10.15	  -0.87	 -0.126	1.00009							#	   0.99	  70.56	
    991	  -9.88	  -0.48	 -0.129	1.00007							#	   1.03	  71.77	
    992	  -9.77	  -0.39	 -0.128	0.99993							#	   1.03	  72.58	
    993	  -9.78	  -0.29	 -0.130	0.99994							#	   0.98	  73.23	
    994	  -9.76	  -0.22	 -0.129	0.99980							#	   1.01	  72.98	
    995	  -9.67	  -0.16	 -0.131	0.99982							#	   1.01	  73.03	
    996	  -9.85	  -0.05	 -0.130	0.99977							#	   1.04	  73.18	
    997	  -9.66	   0.06	 -0.132	0.99982							#	   1.05	  73.84	
    998	  -9.39	  -0.07	 -0.128	0.99970							#	   1.00	  73.28	
    999	  -9.32	   0.10	 -0.127	0.99972							#	   0.92	  74.34	
   1000	  -8.95	   0.05	 -0.125	0.99968							#	   0.95	  73.94	
   1001	  -9.20	   0.16	 -0.126	0.99969							#	   0.96	  75.91	
   1002	  -8.85	   0.15	 -0.123	0.99966							#	   0.91	  76.16	
   1003	  -8.56	   0.19	 -0.122	0.99967							#	   0.87	  76.72	
   1004	  -8.83	   0.17	 -0.120	0.99969							#	   0.95	  77.42	
   1005	  -8.56	   0.26	 -0.121	0.99972							#	   0.87	  77.22	
   1006	  -8.42	   0.26	 -0.118	0.99972							#	   0.91	  77.02	
   1007	  -8.42	   0.36	 -0.114	0.99981							#	   0.91	  78.43	
   1008	  -8.29	   0.30	 -0.114	0.99986							#	   0.84	  78.74	
   1009	  -8.01	   0.33	 -0.113	0.99980							#	   0.84	  79.24	
   1010	  -7.91	   0.43	 -0.109	0.99985							#	   0.80	  79.85	
   1011	  -7.95	   0.34	 -0.109	0.99980							#	   0.81	  80.05	
   1012	  -7.60	   0.30	 -0.106	0.99982							#	   0.78	  81.01	
   1013	  -7.72	   0.37	 -0.108	0.99979							#	   0.84	  81.52	
   1014	  -7.73	   0.40	 -0.105	0.99978							#	   0.81	  82.98	
   1015	  -7.66	   0.34	 -0.108	0.99978							#	   0.83	  82.22	
   1016	  -7.47	   0.42	 -0.109	0.99980							#	   0.82	  82.88	
   1017	  -7.44	   0.44	 -0.110	0.99979							#	   0.82	  82.63	
   1018	  -7.50	   0.43	 -0.109	0.99979							#	   0.82	  82.78	
   1019	  -7.50	   0.41	 -0.110	0.99984							#	   0.85	  82.98	
   1020	  -7.10	   0.21	 -0.108	0.99984							#	   0.94	  82.07	
   1021	  -7.21	   0.30	 -0.106	0.99984							#	   0.77	  82.93	
   1022	  -7.29	   0.33	 -0.105	0.99982							#	   0.72	  83.79	
   1023	  -7.34	   0.30	 -0.101	0.99978							#	   0.78	  83.99	
   1024	  -7.09	   0.25	 -0.102	0.99983							#	   0.73	  85.00	
   1025	  -7.01	   0.22	 -0.098	0.99982							#	   0.71	  86.16	
   1026	  -6.80	   0.22	 -0.094	0.99978							#	   0.73	  87.27	
   1027	  -6.61	   0.21	 -0.094	0.99975							#	   0.71	  87.02	
   1028	  -6.41	   0.22	 -0.092	0.99973							#	   0.68	  86.72	
   1029	  -6.62	   0.26	 -0.087	0.99976							#	   0.68	  87.88	
   1030	  -6.70	   0.23	 -0.085	0.99974							#	   0.73	  88.18	
   1031	  -6.61	   0.19	 -0.084	0.99977							#	   0.70	  88.33	
   1032	  -6.51	   0.35	 -0.081	0.99995							#	   0.68	  89.95	
   1033	  -6.62	   0.23	 -0.079	0.99992							#	   0.68	  86.26	
   1034	  -6.35	   0.27	 -0.078	0.99991							#	   0.67	  87.47	
   1035	  -6.34	   0.31	 -0.074	0.99988							#	   0.68	  89.95	
   1036	  -6.26	   0.25	 -0.074	0.99984							#	   0.64	  91.01	
   1037	  -6.25	   0.26	 -0.071	0.99987							#	   0.65	  92.32	
   1038	  -5.90	   0.11	 -0.071	0.99990							#	   0.58	  91.01	
   1039	  -5.80	   0.09	 -0.068	0.99993							#	   0.55	  93.18	
   1040	  -5.74	   0.14	 -0.066	0.99988							#	   0.54	  93.64	
   1041	  -5.66	   0.01	 -0.064	0.99995							#	   0.52	  94.85	
   1042	  -5.76	  -0.02	 -0.062	0.99994							#	   0.51	  95.76	
   1043	  -5.97	  -0.01	 -0.060	0.99993							#	   0.58	  94.85	
   1044	  -5.77	   0.09	 -0.059	0.99990							#	   0.57	  95.20	
   1045	  -5.44	   0.07	 -0.058	0.99991							#	   0.49	  95.25	
   1046	  -5.39	   0.15	 -0.056	0.99989							#	   0.47	  96.82	
   1047	  -5.47	   0.19	 -0.055	0.99991							#	   0.50	  97.88	
   1048	  -5.67	   0.36	 -0.052	0.99991							#	   0.53	  97.83	
   1049	  -5.08	   0.49	 -0.052	0.99992							#	   0.46	  96.87	
   1050	  -4.88	   0.63	 -0.050	0.99989							#	   0.42	  97.53	
   1051	  -4.77	   0.50	 -0.050	0.99995							#	   0.38	  98.48	
   1052	  -4.65	   0.41	 -0.047	0.99991							#	   0.38	  98.64	
   1053	  -4.60	   0.59	 -0.047	0.99989							#	   0.39	  98.94	
   1054	  -4.41	   0.45	 -0.047	0.99987							#	   0.36	  99.29	
   1055	  -4.09	   0.54	 -0.046	0.99994							#	   0.33	  99.49	
   1056	  -5.21	   0.71	 -0.043	0.99973							#	   0.50	  99.65	
   1057	  -3.61	   0.39	 -0.048	0.99975							#	   0.28	  98.89	
   1058	  -3.25	   0.33	 -0.042	0.99992							#	   0.22	  99.65	
   1059	  -3.91	   0.29	 -0.041	0.99997							#	   0.30	  99.34	
   1060	  -3.82	   0.41	 -0.040	0.99997							#	   0.28	  99.55	
   1061	  -3.42	   0.29	 -0.041	0.99998							#	   0.25	  99.39	
   1062	  -3.17	   0.29	 -0.038	0.99999							#	   0.22	  99.75	
   1063	  -3.34	   0.21	 -0.035	0.99996							#	   0.21	 100.00	
   1064	  -3.09	   0.51	 -0.035	0.99994							#	   0.21	  99.95	
   1065	  -2.87	   0.25	 -0.034	0.99996							#	   0.18	  99.95	
   1066	  -2.84	   0.16	 -0.031	0.99998							#	   0.17	  99.95	
   1067	  -2.91	   0.39	 -0.032	0.99998							#	   0.18	  99.95	
   1068	  -2.45	   0.35	 -0.031	1.00001							#	   0.14	 100.00	
   1069	  -2.40	  -0.18	 -0.029	1.00001							#	   0.13	  99.95	
   1070	  -2.16	  -0.12	 -0.026	1.00007							#	   0.12	  99.90	
   1071	  -2.49	  -0.07	 -0.027	0.99994							#	   0.14	  99.44	
   1072	  -2.10	  -0.41	 -0.020	1.00000							#	   0.11	 100.00	
