      1	   1.99	   1.48	 -0.030	1.00017	   0.33	   0.78	 -0.040	0.99975			#	   0.12	  63.63	
      2	   4.53	   2.96	 -0.035	1.00100	   3.37	   3.17	 -0.080	1.00120			#	   1.21	  63.32	
      3	   5.96	   1.70	 -0.032	1.00088	   5.98	   2.02	 -0.063	1.00088			#	   0.76	  62.85	
      4	   3.35	   1.06	 -0.065	1.00127	   4.20	   1.73	 -0.047	1.00169			#	   0.32	  64.58	
      5	   3.15	   0.10	 -0.110	1.00087	   2.71	  -0.57	 -0.126	1.00092			#	   0.34	  65.02	
      6	   2.21	   1.56	 -0.067	1.00096	   2.75	   1.40	 -0.114	1.00124			#	   0.27	  65.28	
      7	   1.92	   1.63	 -0.033	1.00075	   1.21	   1.90	 -0.040	1.00084			#	   0.26	  65.63	
      8	   3.75	   1.43	 -0.055	1.00032	   2.41	   1.20	 -0.059	1.00024			#	   0.55	  65.97	
      9	   6.39	   1.72	 -0.093	1.00051	   5.45	   1.56	 -0.142	1.00047			#	   1.33	  62.11	
     10	   6.06	   2.19	 -0.045	1.00090	   5.76	   2.17	 -0.100	1.00122			#	   0.89	  62.46	
     11	   5.85	   1.66	 -0.030	1.00048	   6.57	   2.46	 -0.069	1.00064			#	   0.66	  66.41	
     12	   3.49	   1.70	 -0.039	1.00041	   4.07	   0.93	 -0.053	1.00068			#	   0.42	  66.80	
     13	   2.56	   2.32	 -0.026	1.00042	   1.64	   2.23	 -0.029	1.00054			#	   0.49	  67.53	
     14	   5.79	   2.02	 -0.011	1.00061	   3.60	   2.15	 -0.048	1.00019			#	   1.03	  63.76	
     15	   9.18	   3.03	 -0.028	1.00172	   7.26	   3.58	 -0.083	1.00254			#	   2.12	  53.99	
     16	   9.20	   2.25	 -0.056	1.00176	  10.26	   2.95	 -0.115	1.00144			#	   0.96	  53.08	
     17	   7.37	   2.30	 -0.044	1.00153	   6.62	   3.26	 -0.084	1.00184			#	   0.92	  56.16	
     18	   7.54	   0.58	 -0.028	1.00123	   8.26	   1.44	 -0.088	1.00127			#	   0.60	  56.90	
     19	   5.55	   0.23	 -0.019	1.00061	   5.78	   0.41	 -0.042	1.00142			#	   0.33	  67.23	
     20	   4.31	  -0.22	 -0.042	1.00033	   4.89	   0.14	 -0.065	1.00067			#	   0.20	  69.92	
     21	   1.94	  -0.43	 -0.031	1.00031	   2.56	  -0.84	 -0.033	1.00068			#	   0.11	  69.66	
     22	   2.76	   0.13	 -0.028	1.00029	   1.02	   0.32	 -0.051	1.00065			#	   0.26	  69.44	
     23	   5.53	  -0.14	 -0.021	1.00036	   4.28	  -0.28	 -0.069	1.00075			#	   0.66	  67.80	
     24	   5.68	   1.37	 -0.011	1.00050	   6.37	   0.82	 -0.050	1.00081			#	   1.02	  68.53	
     25	   4.61	   0.51	 -0.017	1.00039	   3.46	   1.57	 -0.038	1.00112			#	   0.54	  70.05	
     26	   6.25	  -0.73	 -0.008	1.00051	   5.31	  -1.11	 -0.049	1.00101			#	   0.92	  68.92	
     27	   6.85	   0.20	 -0.006	1.00060	   6.84	   0.25	 -0.061	1.00118			#	   0.94	  65.71	
     28	   5.23	  -0.15	  0.016	1.00084	   4.57	   0.13	  0.026	1.00168			#	   0.60	  67.32	
     29	   6.87	  -0.11	 -0.030	1.00104	   5.48	   0.49	 -0.087	1.00141			#	   1.00	  60.11	
     30	   8.88	  -0.85	 -0.043	1.00166	   8.18	   0.05	 -0.104	1.00179			#	   1.38	  54.43	
     31	   9.03	  -0.71	 -0.045	1.00196	   8.91	  -0.61	 -0.110	1.00255			#	   0.98	  54.51	
     32	   7.60	  -0.26	 -0.041	1.00145	   8.50	   0.25	 -0.070	1.00177			#	   0.87	  56.64	
     33	   6.26	   0.50	 -0.069	1.00117	   5.91	   0.22	 -0.099	1.00142			#	   0.80	  58.94	
     34	   6.67	   1.51	 -0.076	1.00146	   5.35	   1.52	 -0.102	1.00147			#	   1.16	  58.46	
     35	  10.15	   2.06	 -0.071	1.00209	   8.19	   3.04	 -0.177	1.00217			#	   2.01	  53.13	
     36	  10.37	   2.32	 -0.033	1.00261	  10.29	   3.02	 -0.096	1.00321			#	   1.26	  51.00	
     37	   9.31	   1.81	 -0.049	1.00209	   9.44	   2.63	 -0.078	1.00212			#	   1.33	  53.39	
     38	   6.71	   1.96	 -0.109	1.00107	   8.15	   2.64	 -0.145	1.00131			#	   0.67	  60.11	
     39	   4.94	   1.22	 -0.094	1.00087	   3.95	   1.45	 -0.120	1.00089			#	   0.46	  63.59	
     40	   6.81	   0.69	 -0.094	1.00091	   6.21	   2.03	 -0.158	1.00122			#	   0.75	  61.76	
     41	   6.44	  -0.86	 -0.092	1.00103	   6.81	  -0.65	 -0.130	1.00106			#	   0.59	  62.28	
     42	   6.17	   0.55	 -0.080	1.00103	   4.91	  -0.29	 -0.118	1.00146			#	   0.76	  63.76	
     43	   7.64	   0.58	 -0.067	1.00130	   7.12	   2.08	 -0.128	1.00140			#	   1.18	  60.68	
     44	   8.83	  -0.12	 -0.066	1.00164	   7.24	   0.34	 -0.118	1.00208			#	   1.71	  57.64	
     45	  10.46	  -0.73	 -0.073	1.00189	  10.12	   0.35	 -0.162	1.00202			#	   1.37	  55.51	
     46	   8.73	  -0.90	 -0.032	1.00183	   9.28	  -0.06	 -0.103	1.00312			#	   0.86	  57.16	
     47	   7.10	  -1.77	  0.008	1.00121	   6.78	  -0.69	 -0.037	1.00205			#	   0.75	  63.76	
     48	   8.00	  -3.36	  0.010	1.00130	   6.89	  -2.07	 -0.041	1.00241			#	   1.29	  60.68	
     49	   9.19	  -3.24	 -0.017	1.00159	   8.18	  -3.52	 -0.049	1.00222			#	   1.33	  57.29	
     50	  10.12	  -0.90	 -0.047	1.00235	   8.75	  -1.49	 -0.073	1.00337			#	   1.61	  53.52	
     51	  10.35	  -0.09	 -0.070	1.00234	  10.45	   2.14	 -0.186	1.00354			#	   1.54	  53.17	
     52	   9.34	  -1.03	 -0.032	1.00205	   8.82	  -0.77	 -0.087	1.00306			#	   1.03	  54.25	
     53	   9.74	  -1.53	 -0.033	1.00239	   8.31	  -0.05	 -0.071	1.00315			#	   1.18	  52.86	
     54	  11.14	  -1.86	 -0.062	1.00289	  10.21	  -1.54	 -0.122	1.00318			#	   1.84	  51.78	
     55	  12.64	  -0.53	 -0.030	1.00339	  11.23	   0.48	 -0.125	1.00407			#	   1.71	  49.31	
     56	  12.47	   0.19	 -0.018	1.00349	  12.33	   1.12	 -0.079	1.00430			#	   1.75	  50.56	
     57	  11.38	   0.41	 -0.056	1.00279	  11.07	   1.88	 -0.099	1.00387			#	   1.41	  52.60	
     58	  10.24	  -1.33	 -0.069	1.00265	   9.90	   0.21	 -0.130	1.00307			#	   1.05	  52.52	
     59	  10.41	  -1.28	 -0.042	1.00234	  10.12	  -0.69	 -0.116	1.00321			#	   1.09	  55.43	
     60	  10.19	  -0.94	 -0.036	1.00233	   9.32	   0.41	 -0.097	1.00323			#	   1.19	  56.38	
     61	  10.34	  -1.41	 -0.027	1.00240	   9.43	  -1.08	 -0.098	1.00346			#	   1.06	  56.64	
     62	  10.04	  -1.35	 -0.021	1.00221	  10.28	  -0.19	 -0.071	1.00304			#	   1.11	  55.99	
     63	   8.64	  -1.30	 -0.047	1.00201	   8.29	  -0.89	 -0.085	1.00295			#	   0.91	  56.47	
     64	   8.76	  -1.28	 -0.029	1.00166	   7.95	  -0.08	 -0.103	1.00267			#	   0.89	  57.94	
     65	   9.90	  -2.11	 -0.016	1.00198	   8.55	  -1.32	 -0.060	1.00281			#	   1.27	  56.94	
     66	  10.56	  -2.13	 -0.055	1.00377	  10.00	  -1.67	 -0.103	1.00487			#	   1.28	  56.42	
     67	  10.28	  -1.19	 -0.041	1.00259	   9.12	  -0.94	 -0.096	1.00362			#	   1.29	  53.99	
     68	  12.36	  -0.38	 -0.045	1.00323	  10.62	   1.03	 -0.113	1.00347			#	   2.17	  51.91	
     69	  14.48	  -0.30	 -0.046	1.00394	  13.40	   1.40	 -0.143	1.00462			#	   1.84	  49.09	
     70	  14.14	   0.26	 -0.074	1.00411	  13.59	   1.61	 -0.117	1.00545			#	   1.82	  49.65	
     71	  13.48	  -1.12	 -0.119	1.00238	  13.71	   0.69	 -0.179	1.00287			#	   1.63	  49.39	
     72	  12.50	  -0.47	 -0.111	1.00201	  12.54	   0.86	 -0.203	1.00255			#	   1.43	  51.22	
     73	  11.29	  -0.90	 -0.075	1.00129	  11.21	   1.14	 -0.152	1.00297			#	   1.14	  54.82	
     74	  10.36	  -2.84	 -0.086	1.00114	  10.29	  -2.34	 -0.119	1.00123			#	   1.00	  53.47	
     75	  10.04	  -1.33	 -0.097	1.00200	   9.49	  -1.05	 -0.153	1.00357			#	   0.74	  58.42	
     76	  10.26	  -1.70	 -0.092	1.00273	   9.74	  -0.33	 -0.170	1.00345			#	   0.97	  57.42	
     77	   8.91	  -1.77	 -0.050	1.00227	   9.38	  -1.09	 -0.127	1.00400			#	   0.86	  61.24	
     78	   7.58	  -3.02	 -0.021	1.00198	   7.04	  -2.19	 -0.057	1.00299			#	   0.76	  62.98	
     79	   8.23	  -2.63	  0.005	1.00207	   7.25	  -2.76	 -0.054	1.00331			#	   0.95	  61.63	
     80	   9.12	  -2.63	  0.004	1.00242	   8.34	  -1.62	 -0.043	1.00315			#	   1.10	  59.11	
     81	   9.09	  -2.31	 -0.005	1.00269	   8.28	  -1.95	 -0.061	1.00433			#	   1.06	  58.85	
     82	  10.37	  -2.68	  0.002	1.00217	   9.67	  -1.46	 -0.068	1.00259			#	   1.40	  56.29	
     83	   9.10	  -1.94	 -0.010	1.00185	   9.75	  -1.38	 -0.053	1.00351			#	   1.01	  57.47	
     84	   8.03	  -2.43	 -0.012	1.00163	   7.26	  -1.66	 -0.049	1.00257			#	   0.95	  60.72	
     85	   9.12	  -3.27	 -0.044	1.00156	   7.80	  -1.75	 -0.095	1.00322			#	   1.22	  59.81	
     86	   9.50	  -5.62	 -0.035	1.00207	   9.60	  -4.25	 -0.116	1.00324			#	   1.58	  57.47	
     87	   8.50	  -6.69	 -0.038	1.00103	   8.44	  -4.81	 -0.068	1.00424			#	   1.53	  58.03	
     88	   9.01	  -8.88	 -0.073	1.00146	   7.71	  -9.89	 -0.098	1.00401			#	   2.03	  55.34	
     89	   9.75	  -5.89	 -0.083	1.00173	   9.55	  -5.99	 -0.191	1.00504			#	   1.11	  56.94	
     90	   7.73	  -6.92	 -0.040	1.00131	   7.94	  -6.01	 -0.062	1.00282			#	   1.35	  60.55	
     91	   8.68	  -7.06	 -0.058	1.00166	   7.47	  -6.20	 -0.114	1.00354			#	   1.29	  59.55	
     92	   9.46	  -7.33	 -0.082	1.00200	   9.18	  -6.10	 -0.152	1.00449			#	   1.72	  57.12	
     93	   8.11	  -7.72	 -0.070	1.00184	   7.95	  -8.46	 -0.099	1.00388			#	   1.30	  58.29	
     94	   7.74	  -5.37	 -0.072	1.00116	   8.65	  -4.36	 -0.147	1.00272			#	   0.94	  60.72	
     95	   5.76	  -6.07	 -0.063	1.00094	   4.72	  -6.62	 -0.052	1.00324			#	   0.86	  66.15	
     96	   9.16	  -3.30	 -0.086	1.00159	   7.40	  -3.77	 -0.183	1.00359			#	   0.77	  56.86	
     97	   9.03	  -2.91	 -0.062	1.00150	   9.48	  -2.85	 -0.101	1.00211			#	   0.70	  59.51	
     98	   7.41	  -1.75	 -0.066	1.00143	   7.84	  -1.13	 -0.139	1.00291			#	   0.51	  61.11	
     99	   4.68	  -3.33	 -0.026	1.00051	   5.37	  -2.76	 -0.037	1.00165			#	   0.52	  72.18	
    100	   4.89	  -4.10	 -0.056	1.00038	   3.98	  -3.42	 -0.081	1.00158			#	   0.70	  72.22	
    101	   5.94	  -6.93	 -0.061	1.00062	   5.06	  -4.22	 -0.120	1.00265			#	   1.81	  68.71	
    102	   7.38	  -9.63	 -0.071	1.00104	   6.44	  -9.06	 -0.140	1.00417			#	   1.98	  62.28	
    103	   6.56	 -14.49	 -0.035	1.00104	   6.82	 -12.47	 -0.032	1.00263			#	   3.24	  59.59	
    104	   8.52	 -13.27	 -0.093	1.00132	   7.39	 -13.41	 -0.158	1.00541			#	   1.89	  56.38	
    105	   7.31	 -14.20	 -0.099	1.00117	   7.94	 -13.11	 -0.143	1.00459			#	   2.50	  59.24	
    106	   6.14	 -13.14	 -0.115	1.00092	   6.07	 -14.36	 -0.140	1.00445			#	   2.08	  62.41	
    107	   6.86	  -9.78	 -0.111	1.00094	   5.30	 -11.74	 -0.147	1.00393			#	   1.27	  59.24	
    108	   9.59	  -6.11	 -0.122	1.00201	   8.10	  -6.52	 -0.208	1.00367			#	   0.89	  52.34	
    109	   9.93	  -3.81	 -0.088	1.00224	   9.48	  -4.31	 -0.149	1.00411			#	   0.75	  51.52	
    110	   8.81	  -2.40	 -0.088	1.00204	   8.76	  -1.15	 -0.149	1.00346			#	   0.49	  52.82	
    111	   9.57	  -3.90	 -0.078	1.00225	   7.76	  -3.74	 -0.107	1.00273			#	   0.67	  49.05	
    112	  11.18	  -2.84	 -0.109	1.00273	  10.65	  -1.46	 -0.173	1.00358			#	   1.01	  48.18	
    113	  12.03	  -2.39	 -0.106	1.00272	  10.96	  -1.73	 -0.194	1.00371			#	   1.33	  47.44	
    114	  12.19	  -2.64	 -0.106	1.00318	  11.08	  -0.41	 -0.165	1.00430			#	   1.51	  46.18	
    115	  13.51	  -3.45	 -0.143	1.00345	  12.37	  -2.18	 -0.241	1.00460			#	   1.83	  44.84	
    116	  12.03	  -2.90	 -0.149	1.00313	  12.81	  -2.39	 -0.199	1.00426			#	   1.24	  46.09	
    117	  10.17	  -2.22	 -0.164	1.00245	  10.13	  -0.51	 -0.236	1.00364			#	   0.97	  47.61	
    118	   8.13	  -4.96	 -0.146	1.00170	   8.93	  -4.20	 -0.195	1.00284			#	   1.05	  49.74	
    119	   7.46	  -3.82	 -0.131	1.00119	   6.67	  -3.98	 -0.203	1.00261			#	   0.72	  55.47	
    120	   8.28	  -3.40	 -0.117	1.00147	   6.88	  -3.32	 -0.156	1.00213			#	   0.80	  52.04	
    121	   9.50	  -1.99	 -0.136	1.00202	   8.43	  -1.54	 -0.205	1.00304			#	   0.95	  50.26	
    122	  10.00	  -2.08	 -0.144	1.00180	  10.01	  -0.30	 -0.228	1.00263			#	   1.10	  49.57	
    123	   9.40	  -1.98	 -0.117	1.00205	   7.44	  -2.53	 -0.171	1.00381			#	   1.07	  49.48	
    124	  11.89	  -2.48	 -0.149	1.00257	  10.90	  -0.89	 -0.244	1.00282			#	   1.73	  45.49	
    125	  11.60	  -2.82	 -0.153	1.00314	  10.70	  -1.51	 -0.200	1.00387			#	   1.21	  43.84	
    126	  12.70	  -3.48	 -0.176	1.00320	  12.38	  -1.35	 -0.283	1.00389			#	   1.74	  42.84	
    127	  11.20	  -3.21	 -0.152	1.00334	  10.68	  -2.69	 -0.228	1.00522			#	   1.28	  42.80	
    128	  10.16	  -3.24	 -0.130	1.00267	   9.88	  -2.15	 -0.174	1.00321			#	   1.20	  43.75	
    129	  10.38	  -2.85	 -0.144	1.00280	   9.36	  -2.30	 -0.221	1.00422			#	   1.15	  43.84	
    130	  10.13	  -2.30	 -0.178	1.00227	  10.31	  -1.64	 -0.248	1.00271			#	   0.99	  44.70	
    131	   8.44	  -0.21	 -0.163	1.00180	   7.80	  -0.68	 -0.220	1.00248			#	   0.68	  48.83	
    132	   9.34	   1.14	 -0.128	1.00169	   8.09	   1.35	 -0.221	1.00153			#	   0.84	  48.31	
    133	  10.51	   1.46	 -0.101	1.00198	   9.10	   2.87	 -0.157	1.00164			#	   1.20	  46.14	
    134	  12.11	   0.93	 -0.146	1.00290	  10.49	   2.65	 -0.208	1.00255			#	   1.48	  41.97	
    135	  14.34	   0.73	 -0.145	1.00409	  12.32	   2.16	 -0.250	1.00470			#	   1.74	  40.15	
    136	  15.26	  -0.67	 -0.128	1.00398	  14.63	   1.33	 -0.241	1.00309			#	   1.65	  39.28	
    137	  15.55	   0.94	 -0.102	1.00483	  14.38	   2.71	 -0.191	1.00565			#	   1.83	  38.85	
    138	  14.73	  -0.40	 -0.144	1.00342	  15.55	   1.88	 -0.216	1.00283			#	   1.56	  39.63	
    139	  11.68	  -0.85	 -0.195	1.00329	  12.17	   0.19	 -0.269	1.00393			#	   1.06	  42.58	
    140	  10.11	  -0.28	 -0.176	1.00214	   9.65	   0.63	 -0.235	1.00248			#	   0.88	  43.58	
    141	  10.50	  -0.03	 -0.151	1.00260	   8.81	   0.51	 -0.227	1.00291			#	   1.02	  44.31	
    142	  12.90	  -0.20	 -0.174	1.00290	  10.41	   1.20	 -0.216	1.00141			#	   1.47	  40.49	
    143	  17.90	   1.57	 -0.210	1.00537	  14.96	   4.08	 -0.352	1.00538			#	   2.72	  37.85	
    144	  21.04	  -0.33	 -0.208	1.00567	  19.89	   3.54	 -0.348	1.00472			#	   2.36	  35.85	
    145	  21.03	  -1.73	 -0.193	1.00584	  21.48	   0.78	 -0.319	1.00495			#	   2.54	  35.37	
    146	  18.97	  -1.51	 -0.190	1.00533	  20.03	   1.78	 -0.319	1.00565			#	   2.30	  36.89	
    147	  15.38	  -2.50	 -0.151	1.00315	  17.37	  -1.55	 -0.238	1.00281			#	   1.46	  39.97	
    148	  10.97	  -2.23	 -0.189	1.00256	  11.97	  -0.05	 -0.253	1.00387			#	   0.88	  44.01	
    149	   6.94	  -3.96	 -0.173	1.00180	   7.64	  -4.99	 -0.208	1.00254			#	   0.54	  48.13	
    150	   7.14	  -0.33	 -0.163	1.00000	   5.04	  -0.69	 -0.208	0.99853			#	   0.45	  54.34	
    151	  12.42	   1.04	 -0.166	1.00294	   9.65	   2.23	 -0.293	1.00274			#	   1.22	  44.05	
    152	  14.30	   2.36	 -0.142	1.00392	  13.68	   3.06	 -0.214	1.00370			#	   1.88	  41.36	
    153	  15.37	   3.32	 -0.144	1.00434	  13.43	   5.30	 -0.238	1.00432			#	   2.05	  39.76	
    154	  17.47	   2.68	 -0.121	1.00475	  17.28	   4.67	 -0.257	1.00410			#	   2.80	  38.28	
    155	  16.66	   2.65	 -0.090	1.00541	  15.11	   5.78	 -0.169	1.00695			#	   2.08	  38.32	
    156	  16.23	  -1.08	 -0.150	1.00455	  17.61	   0.41	 -0.187	1.00420			#	   1.99	  37.63	
    157	  13.20	  -0.05	 -0.186	1.00384	  13.15	   2.03	 -0.265	1.00538			#	   1.41	  42.27	
    158	  11.43	  -1.88	 -0.184	1.00315	  11.94	  -0.38	 -0.253	1.00402			#	   1.13	  43.79	
    159	  11.24	  -1.66	 -0.131	1.00289	   9.89	  -0.74	 -0.220	1.00393			#	   0.96	  45.10	
    160	  11.98	  -2.07	 -0.124	1.00276	  11.91	  -0.61	 -0.194	1.00326			#	   1.24	  46.35	
    161	  12.36	  -1.38	 -0.130	1.00287	  11.87	  -0.81	 -0.203	1.00357			#	   1.30	  46.05	
    162	  11.95	  -1.30	 -0.154	1.00282	  11.69	  -0.02	 -0.211	1.00353			#	   1.48	  46.53	
    163	  11.13	  -2.27	 -0.144	1.00239	  11.37	  -0.76	 -0.232	1.00286			#	   1.35	  46.83	
    164	  11.48	  -2.09	 -0.105	1.00262	  10.71	  -1.80	 -0.179	1.00286			#	   1.48	  46.88	
    165	  12.96	  -0.46	 -0.104	1.00311	  11.66	   0.35	 -0.182	1.00341			#	   1.66	  45.14	
    166	  14.07	   0.03	 -0.116	1.00330	  13.68	   1.58	 -0.200	1.00371			#	   1.87	  43.32	
    167	  13.79	  -1.37	 -0.110	1.00358	  13.31	   0.19	 -0.194	1.00369			#	   1.71	  42.71	
    168	  14.18	  -0.52	 -0.076	1.00445	  12.05	   0.17	 -0.143	1.00591			#	   2.07	  39.50	
    169	  15.99	  -0.87	 -0.106	1.00449	  15.16	   1.31	 -0.192	1.00469			#	   2.13	  38.50	
    170	  15.87	  -0.50	 -0.091	1.00585	  13.81	   0.99	 -0.182	1.00779			#	   2.09	  36.81	
    171	  16.87	  -0.88	 -0.104	1.00482	  16.58	   0.62	 -0.177	1.00540			#	   2.31	  37.67	
    172	  13.34	  -0.59	 -0.130	1.00410	  13.71	   1.54	 -0.170	1.00650			#	   1.44	  39.80	
    173	  12.80	  -2.08	 -0.147	1.00373	  10.76	  -0.66	 -0.218	1.00489			#	   1.38	  41.54	
    174	  15.07	  -2.22	 -0.166	1.00394	  14.52	  -1.21	 -0.282	1.00392			#	   1.81	  40.71	
    175	  13.83	  -2.38	 -0.086	1.00354	  14.28	  -0.60	 -0.167	1.00355			#	   1.57	  39.80	
    176	  13.94	  -0.62	 -0.086	1.00419	  11.90	  -0.00	 -0.183	1.00686			#	   1.52	  39.97	
    177	  12.95	  -0.78	 -0.084	1.00346	  13.01	   0.37	 -0.158	1.00467			#	   1.31	  40.93	
    178	  10.69	  -1.26	 -0.085	1.00297	  10.46	   0.32	 -0.143	1.00456			#	   1.04	  43.01	
    179	  10.43	  -1.63	 -0.061	1.00243	   8.92	  -1.38	 -0.143	1.00340			#	   0.98	  43.92	
    180	  11.45	  -1.33	 -0.031	1.00302	  10.00	   0.15	 -0.090	1.00471			#	   1.20	  42.75	
    181	  12.66	  -2.10	 -0.081	1.00331	  10.75	  -1.03	 -0.152	1.00404			#	   1.51	  41.71	
    182	  13.70	  -2.52	 -0.090	1.00363	  13.45	  -1.50	 -0.190	1.00415			#	   1.54	  40.15	
    183	  12.57	  -1.02	 -0.043	1.00337	  12.32	  -0.57	 -0.142	1.00429			#	   1.55	  40.41	
    184	  11.18	  -0.86	 -0.020	1.00303	  11.28	   1.24	 -0.080	1.00408			#	   1.21	  41.41	
    185	   9.59	   0.07	 -0.070	1.00191	   9.16	  -0.59	 -0.106	1.00319			#	   0.84	  47.87	
    186	   9.10	   0.76	 -0.114	1.00158	   8.10	   0.79	 -0.162	1.00197			#	   0.76	  49.48	
    187	  10.38	   2.04	 -0.100	1.00229	   8.88	   3.04	 -0.211	1.00303			#	   0.89	  45.62	
    188	  10.24	   0.53	 -0.045	1.00242	  10.16	   1.75	 -0.103	1.00263			#	   0.91	  44.57	
    189	   9.99	   1.38	 -0.072	1.00234	   8.65	   1.30	 -0.130	1.00287			#	   1.12	  45.62	
    190	  10.12	   1.88	 -0.109	1.00230	   9.71	   2.72	 -0.149	1.00305			#	   1.25	  45.27	
    191	   9.52	   1.62	 -0.126	1.00203	   8.72	   2.13	 -0.202	1.00190			#	   1.12	  47.18	
    192	   9.71	   1.80	 -0.074	1.00240	   8.41	   3.04	 -0.170	1.00347			#	   1.17	  47.09	
    193	  10.18	   0.51	 -0.066	1.00189	   9.59	   0.95	 -0.105	1.00157			#	   1.20	  46.44	
    194	  10.30	   2.00	 -0.132	1.00256	   9.96	   3.63	 -0.202	1.00340			#	   1.25	  45.49	
    195	   9.57	  -0.11	 -0.146	1.00037	   9.69	   0.34	 -0.231	0.99852			#	   0.95	  53.82	
    196	   9.80	   1.77	 -0.071	1.00248	   7.71	   2.10	 -0.182	1.00396			#	   1.19	  46.35	
    197	  11.26	   0.56	 -0.023	1.00264	  10.28	   1.56	 -0.072	1.00255			#	   1.45	  43.79	
    198	  12.24	   1.90	 -0.094	1.00347	  10.10	   2.79	 -0.161	1.00451			#	   1.65	  42.97	
    199	  12.81	   1.48	 -0.109	1.00304	  12.74	   3.87	 -0.214	1.00310			#	   1.38	  42.36	
    200	  12.20	  -1.27	 -0.058	1.00361	  10.65	   0.91	 -0.144	1.00422			#	   1.37	  41.49	
    201	  13.90	  -0.36	 -0.045	1.00386	  13.56	  -0.27	 -0.179	1.00475			#	   1.82	  41.32	
    202	  10.49	   0.08	 -0.028	1.00307	  11.17	   1.05	 -0.041	1.00334			#	   1.01	  42.06	
    203	   9.85	   2.62	 -0.073	1.00255	   8.72	   2.26	 -0.143	1.00306			#	   1.11	  42.93	
    204	   9.31	   4.36	 -0.037	1.00227	   9.09	   4.61	 -0.120	1.00244			#	   1.05	  44.92	
    205	   9.70	   4.72	  0.009	1.00232	   7.32	   5.19	 -0.064	1.00258			#	   1.02	  45.27	
    206	  13.33	   3.56	  0.011	1.00310	  11.70	   5.45	 -0.065	1.00139			#	   1.82	  40.80	
    207	  13.80	   5.59	 -0.052	1.00390	  13.65	   7.10	 -0.143	1.00463			#	   1.58	  41.02	
    208	  12.06	   3.26	 -0.054	1.00302	  11.80	   5.29	 -0.138	1.00250			#	   1.47	  42.49	
    209	  12.16	   2.64	 -0.038	1.00346	  11.07	   4.71	 -0.107	1.00358			#	   1.31	  43.79	
    210	  13.39	   2.10	 -0.029	1.00342	  11.73	   3.01	 -0.102	1.00360			#	   1.75	  43.32	
    211	  13.58	   3.02	 -0.073	1.00359	  14.21	   4.27	 -0.175	1.00361			#	   1.59	  42.71	
    212	  10.59	   4.03	 -0.051	1.00242	  11.04	   4.89	 -0.124	1.00310			#	   1.22	  47.05	
    213	   9.31	   2.48	 -0.019	1.00207	   7.99	   3.37	 -0.068	1.00219			#	   0.99	  50.30	
    214	  12.07	   2.68	 -0.012	1.00275	   9.80	   3.42	 -0.097	1.00246			#	   1.54	  45.70	
    215	  14.41	   3.78	 -0.047	1.00394	  13.06	   5.02	 -0.114	1.00315			#	   2.13	  42.40	
    216	  31.96	   7.46	 -0.148	1.01044	  31.78	  12.76	 -0.341	1.00697			#	   5.75	  30.34	
    217	  16.25	   3.18	 -0.044	1.00504	  15.72	   5.52	 -0.137	1.00462			#	   1.18	  37.67	
    218	  15.49	   2.67	 -0.070	1.00443	  16.60	   4.52	 -0.159	1.00483			#	   1.25	  41.58	
    219	  12.31	   1.77	 -0.067	1.00355	  12.58	   3.21	 -0.110	1.00383			#	   0.84	  43.79	
    220	  12.75	   1.21	 -0.079	1.00309	  11.75	   2.35	 -0.151	1.00255			#	   0.94	  46.61	
    221	  14.14	   2.00	 -0.078	1.00302	  13.20	   3.37	 -0.180	1.00398			#	   1.09	  46.74	
    222	  13.35	   0.35	 -0.088	1.00282	  13.49	   2.41	 -0.131	1.00278			#	   1.46	  46.61	
    223	  12.94	  -1.48	 -0.116	1.00282	  12.73	   0.68	 -0.214	1.00305			#	   1.48	  47.48	
    224	  12.96	  -2.53	 -0.098	1.00318	  12.50	  -1.57	 -0.168	1.00292			#	   1.93	  46.48	
    225	  13.11	   0.13	 -0.123	1.00260	  12.64	   0.29	 -0.194	1.00486			#	   1.51	  46.53	
    226	  13.08	  -0.89	 -0.154	1.00322	  12.10	   1.08	 -0.211	1.00295			#	   1.89	  45.96	
    227	  15.37	  -0.42	 -0.182	1.00380	  14.67	   0.25	 -0.292	1.00380			#	   2.13	  44.92	
    228	  14.45	   0.15	 -0.123	1.00356	  15.54	   2.01	 -0.233	1.00328			#	   1.65	  43.92	
    229	  12.42	   1.39	 -0.102	1.00307	  12.88	   1.10	 -0.174	1.00356			#	   1.33	  45.40	
    230	  10.47	   3.03	 -0.103	1.00191	  10.99	   3.92	 -0.149	1.00171			#	   1.19	  49.78	
    231	   8.98	   3.11	 -0.117	1.00150	   8.87	   3.71	 -0.160	1.00149			#	   0.90	  52.43	
    232	   8.65	   1.07	 -0.085	1.00139	   8.34	   3.18	 -0.164	1.00110			#	   0.69	  54.21	
    233	   9.66	   0.67	 -0.048	1.00142	   8.85	   0.86	 -0.117	1.00204			#	   0.87	  54.08	
    234	   9.82	   0.62	 -0.053	1.00148	   9.56	   1.28	 -0.107	1.00148			#	   0.95	  52.99	
    235	  10.01	   1.53	 -0.083	1.00131	   9.30	   1.05	 -0.134	1.00211			#	   1.11	  54.69	
    236	   9.89	   0.99	 -0.091	1.00125	   9.81	   2.19	 -0.159	1.00058			#	   1.49	  52.39	
    237	  10.24	   1.54	 -0.076	1.00162	   9.33	   1.38	 -0.143	1.00172			#	   1.48	  52.30	
    238	  11.31	   2.80	 -0.066	1.00163	  11.07	   3.57	 -0.147	1.00179			#	   1.71	  51.56	
    239	   9.33	   1.70	 -0.081	1.00136	  10.27	   2.65	 -0.112	1.00130			#	   0.93	  53.08	
    240	   7.71	   2.58	 -0.128	1.00034	   7.49	   1.62	 -0.167	1.00173			#	   0.72	  63.06	
    241	   8.49	   1.15	 -0.097	0.99963	   7.68	   2.85	 -0.170	1.00107			#	   0.74	  60.11	
    242	  10.73	  -0.11	 -0.065	0.99990	   9.06	  -1.12	 -0.115	1.00250			#	   1.35	  53.91	
    243	  12.16	  -0.41	 -0.125	0.99720	  11.58	  -0.86	 -0.164	0.99664			#	   1.96	  47.74	
    244	  12.02	   0.79	 -0.179	0.99773	  12.07	  -1.57	 -0.287	0.99823			#	   1.41	  47.57	
    245	   9.81	  -0.36	 -0.115	0.99998	   9.84	  -0.72	 -0.219	0.99815			#	   1.08	  51.82	
    246	   9.90	   2.23	 -0.023	0.99951	   9.26	   1.12	 -0.108	1.00139			#	   0.85	  55.69	
    247	  10.14	   2.16	 -0.032	0.99802	   9.10	   0.05	 -0.069	0.99609			#	   0.98	  49.09	
    248	  11.38	   6.60	 -0.113	0.99927	  10.95	   5.43	 -0.188	1.00122			#	   1.72	  51.00	
    249	  10.96	   4.75	 -0.094	0.99885	  11.37	   4.31	 -0.143	0.99934			#	   1.22	  49.57	
    250	  11.89	   5.29	 -0.071	0.99792	  10.60	   4.25	 -0.174	0.99819			#	   1.75	  48.22	
    251	  12.74	   4.56	 -0.024	0.99549	  12.29	   3.19	 -0.115	0.99462			#	   1.68	  47.48	
    252	  12.03	   5.27	 -0.072	0.99619	  11.48	   3.85	 -0.075	0.99506			#	   1.69	  47.57	
    253	  13.04	   5.69	 -0.129	0.99789	  13.16	   5.66	 -0.220	0.99931			#	   1.78	  48.09	
    254	  13.43	   2.76	 -0.099	0.99504	  11.64	   1.63	 -0.158	0.99357			#	   1.91	  46.88	
    255	  27.19	   1.66	 -0.172	0.98982	  27.46	  -0.79	 -0.293	0.99008			#	   6.17	  35.59	
    256	  11.52	   1.03	 -0.069	0.99676	  12.06	   0.07	 -0.110	0.99645			#	   0.46	  42.14	
    257	  10.79	   1.21	 -0.047	0.99840	  10.59	   0.85	 -0.093	0.99904			#	   0.53	  53.47	
    258	  12.07	   0.68	 -0.019	0.99750	  10.36	  -0.75	 -0.104	0.99780			#	   0.69	  50.82	
    259	  14.32	   1.45	  0.003	0.99663	  12.95	  -0.77	 -0.088	0.99656			#	   0.95	  48.13	
    260	  14.46	   2.12	 -0.004	0.99632	  14.21	   0.38	 -0.057	0.99562			#	   0.88	  46.79	
    261	  13.10	   3.02	 -0.036	0.99698	  13.60	   2.18	 -0.084	0.99658			#	   1.39	  48.78	
    262	  12.06	   2.49	 -0.051	0.99729	  11.86	   1.31	 -0.122	0.99743			#	   1.29	  49.39	
    263	  11.63	   1.63	 -0.033	0.99728	  11.18	   0.73	 -0.097	0.99628			#	   1.16	  51.61	
    264	   9.80	   1.37	 -0.028	0.99815	  10.74	   1.19	 -0.075	0.99747			#	   0.81	  53.39	
    265	   8.62	   1.52	 -0.025	0.99832	   7.77	   0.27	 -0.059	0.99796			#	   0.60	  55.38	
    266	   9.44	   2.43	 -0.051	0.99851	   8.58	   0.86	 -0.089	0.99747			#	   0.84	  53.78	
    267	  10.22	   5.07	 -0.088	0.99789	  10.64	   3.44	 -0.171	0.99780			#	   1.21	  54.34	
    268	   8.52	   5.36	 -0.090	0.99861	   8.59	   4.59	 -0.097	0.99753			#	   1.19	  55.08	
    269	   9.06	   5.89	 -0.118	0.99846	   8.92	   5.47	 -0.172	0.99805			#	   1.53	  56.73	
    270	   9.51	   4.58	 -0.136	0.99835	   8.29	   3.55	 -0.171	0.99650			#	   1.20	  54.86	
    271	  10.05	   6.82	 -0.180	0.99798	  10.17	   5.11	 -0.257	0.99752			#	   1.77	  54.51	
    272	   9.97	   6.41	 -0.102	0.99792	   9.47	   6.30	 -0.179	0.99682			#	   1.29	  53.91	
    273	   9.93	   4.18	 -0.072	0.99804	   9.17	   4.18	 -0.119	0.99572			#	   1.19	  53.17	
    274	  10.50	   4.38	 -0.093	0.99783	  10.48	   3.15	 -0.155	0.99723			#	   1.21	  56.42	
    275	   9.49	   5.32	 -0.131	0.99821	   9.81	   3.36	 -0.171	0.99710			#	   1.24	  56.99	
    276	   9.32	   5.55	 -0.098	0.99805	   8.53	   5.96	 -0.170	0.99696			#	   1.22	  56.60	
    277	  10.00	   3.82	 -0.046	0.99825	   9.90	   2.98	 -0.117	0.99682			#	   1.08	  55.43	
    278	   8.40	   5.09	 -0.035	0.99838	   9.47	   3.34	 -0.103	0.99701			#	   1.10	  58.51	
    279	   6.12	   6.15	 -0.036	0.99893	   5.78	   5.28	 -0.037	0.99742			#	   1.01	  61.07	
    280	   5.92	   6.06	 -0.077	0.99906	   6.38	   6.51	 -0.099	0.99796			#	   0.97	  62.76	
    281	   5.37	   4.71	 -0.054	0.99931	   4.69	   3.84	 -0.099	0.99756			#	   0.65	  62.93	
    282	   6.90	   5.76	 -0.036	0.99890	   5.61	   5.51	 -0.073	0.99767			#	   1.06	  60.63	
    283	   9.60	   6.20	 -0.056	0.99796	   8.35	   4.75	 -0.102	0.99752			#	   1.75	  58.81	
    284	  10.27	   5.53	 -0.099	0.99769	  10.53	   5.56	 -0.145	0.99657			#	   1.21	  56.64	
    285	   9.94	   4.14	 -0.090	0.99804	   9.38	   3.31	 -0.138	0.99690			#	   1.14	  56.47	
    286	  10.64	   3.92	 -0.074	0.99775	  10.37	   3.10	 -0.153	0.99681			#	   1.24	  57.25	
    287	  10.08	   3.74	 -0.057	0.99781	   9.69	   2.56	 -0.099	0.99657			#	   1.23	  55.73	
    288	  10.27	   4.47	 -0.087	0.99788	  10.31	   3.22	 -0.136	0.99749			#	   1.34	  57.77	
    289	   9.48	   2.78	 -0.086	0.99814	   9.02	   3.20	 -0.129	0.99591			#	   0.93	  57.34	
    290	   9.21	   3.27	 -0.110	0.99812	   9.40	   1.43	 -0.158	0.99774			#	   0.97	  58.90	
    291	   8.34	   4.15	 -0.107	0.99909	   7.54	   2.99	 -0.141	0.99633			#	   0.92	  55.38	
    292	  10.72	   5.64	 -0.106	0.99765	   9.22	   4.58	 -0.159	0.99759			#	   1.53	  56.94	
    293	  12.04	   5.99	 -0.139	0.99709	  11.99	   3.96	 -0.201	0.99561			#	   1.56	  53.73	
    294	  11.69	   7.55	 -0.131	0.99725	  11.58	   6.17	 -0.190	0.99678			#	   1.53	  54.34	
    295	  11.24	   7.96	 -0.126	0.99709	  11.60	   6.21	 -0.176	0.99548			#	   1.84	  54.30	
    296	  10.48	   6.94	 -0.137	0.99766	  10.30	   7.52	 -0.167	0.99651			#	   1.34	  55.03	
    297	  10.07	   5.52	 -0.139	0.99753	   9.63	   4.46	 -0.179	0.99628			#	   1.21	  53.60	
    298	  10.55	   6.00	 -0.116	0.99771	   9.93	   5.03	 -0.167	0.99655			#	   1.27	  54.60	
    299	  11.12	   5.34	 -0.100	0.99723	  10.90	   4.44	 -0.161	0.99628			#	   1.32	  54.38	
    300	  10.59	   4.77	 -0.094	0.99755	  10.37	   3.79	 -0.129	0.99645			#	   1.17	  53.65	
    301	  10.68	   4.92	 -0.122	0.99729	  10.36	   4.03	 -0.156	0.99680			#	   1.25	  53.60	
    302	   9.36	   4.03	 -0.145	0.99781	  10.31	   2.96	 -0.178	0.99675			#	   1.02	  54.51	
    303	   7.30	   4.06	 -0.109	0.99850	   7.18	   3.64	 -0.145	0.99719			#	   0.81	  57.03	
    304	   8.38	   4.88	 -0.082	0.99826	   6.43	   3.04	 -0.113	0.99761			#	   1.20	  54.95	
    305	  11.11	   6.70	 -0.050	0.99698	  10.06	   5.41	 -0.129	0.99650			#	   1.69	  52.04	
    306	  13.00	   7.00	 -0.004	0.99644	  11.47	   5.08	 -0.059	0.99555			#	   1.77	  49.35	
    307	  14.89	   7.29	 -0.010	0.99578	  14.08	   5.43	 -0.083	0.99443			#	   1.95	  48.52	
    308	  14.26	   7.94	 -0.016	0.99650	  14.16	   5.57	 -0.069	0.99401			#	   2.15	  44.84	
    309	  14.41	   8.69	  0.008	0.99568	  14.67	   7.00	 -0.115	0.99457			#	   1.82	  48.70	
    310	  10.44	   7.84	  0.008	0.99812	  11.80	   7.52	  0.016	0.99412			#	   1.37	  47.14	
    311	   8.45	   7.05	 -0.043	0.99797	   8.36	   6.36	 -0.073	0.99598			#	   1.04	  56.03	
    312	   6.77	   5.87	 -0.047	0.99889	   6.11	   6.07	 -0.055	0.99744			#	   0.65	  54.17	
    313	   7.55	   4.75	 -0.031	0.99909	   6.43	   4.90	 -0.075	0.99767			#	   0.61	  53.30	
    314	   8.94	   3.42	 -0.005	0.99779	   7.18	   3.16	 -0.015	0.99707			#	   0.85	  52.43	
    315	  12.28	   3.91	 -0.037	0.99688	   9.82	   1.19	 -0.079	0.99622			#	   1.78	  48.78	
    316	  13.46	   5.51	 -0.053	0.99628	  12.48	   4.00	 -0.090	0.99462			#	   1.71	  45.36	
    317	  15.08	   6.01	 -0.020	0.99541	  13.96	   3.98	 -0.124	0.99492			#	   2.09	  45.36	
    318	  14.46	   5.52	  0.043	0.99533	  14.63	   3.87	 -0.028	0.99392			#	   1.76	  44.14	
    319	  11.53	   5.79	  0.045	0.99656	  12.55	   3.89	  0.004	0.99468			#	   1.34	  45.70	
    320	   7.60	   6.64	  0.052	0.99861	   8.96	   5.79	  0.035	0.99658			#	   0.84	  52.99	
    321	   5.52	   7.19	  0.066	0.99902	   4.59	   6.63	  0.075	0.99735			#	   0.80	  53.73	
    322	   6.95	   7.12	  0.060	0.99855	   5.29	   6.62	  0.034	0.99697			#	   0.93	  53.73	
    323	   8.37	   6.98	  0.041	0.99803	   6.80	   5.65	  0.016	0.99595			#	   1.10	  51.35	
    324	   8.69	   8.36	  0.023	0.99812	   7.81	   6.87	 -0.010	0.99595			#	   1.54	  51.48	
    325	   8.24	   7.69	  0.064	0.99775	   7.43	   8.61	  0.044	0.99628			#	   1.34	  49.13	
    326	   9.23	   4.81	  0.048	0.99814	   7.37	   4.23	  0.031	0.99584			#	   1.22	  49.87	
    327	   9.96	   4.39	  0.013	0.99786	   9.28	   3.86	 -0.026	0.99615			#	   1.32	  49.87	
    328	   9.13	   4.82	 -0.013	0.99755	   8.00	   3.20	 -0.020	0.99620			#	   1.27	  48.78	
    329	   8.59	   5.79	 -0.012	0.99800	   9.14	   5.28	 -0.083	0.99724			#	   1.12	  48.87	
    330	   6.51	   4.08	  0.052	0.99845	   5.47	   3.89	  0.043	0.99706			#	   0.74	  51.17	
    331	   6.11	   3.15	  0.020	0.99881	   5.61	   3.02	  0.006	0.99701			#	   0.62	  56.21	
    332	   6.12	   4.93	  0.004	0.99893	   4.95	   3.40	 -0.005	0.99801			#	   0.92	  54.08	
    333	   7.36	   5.65	  0.024	0.99819	   5.81	   4.92	 -0.029	0.99687			#	   1.16	  51.52	
    334	   7.95	   5.84	  0.035	0.99820	   7.34	   5.13	  0.009	0.99713			#	   1.37	  50.65	
    335	   6.94	   5.39	  0.018	0.99838	   6.29	   5.10	  0.022	0.99680			#	   1.12	  50.74	
    336	   7.05	   4.37	 -0.009	0.99830	   6.12	   3.66	 -0.034	0.99702			#	   1.07	  51.17	
    337	   6.58	   4.89	  0.001	0.99844	   5.62	   3.85	 -0.022	0.99660			#	   0.99	  53.82	
    338	   6.85	   5.36	 -0.001	0.99863	   5.72	   5.11	 -0.006	0.99727			#	   1.05	  51.87	
    339	   7.18	   4.45	 -0.022	0.99813	   6.79	   3.99	 -0.061	0.99713			#	   0.99	  49.26	
    340	   6.37	   3.69	 -0.008	0.99828	   5.66	   3.77	 -0.009	0.99720			#	   0.89	  52.60	
    341	   5.96	   2.83	 -0.003	0.99880	   5.28	   2.41	 -0.010	0.99756			#	   0.73	  55.03	
    342	   5.61	   2.45	 -0.029	0.99887	   5.20	   2.55	 -0.032	0.99797			#	   0.62	  55.90	
    343	   5.88	   2.48	 -0.041	0.99889	   5.05	   1.72	 -0.069	0.99820			#	   0.72	  54.04	
    344	   6.40	   2.34	 -0.019	0.99854	   5.30	   1.99	 -0.064	0.99769			#	   0.89	  52.95	
    345	   6.71	   3.02	  0.017	0.99863	   6.13	   1.71	 -0.022	0.99770			#	   1.01	  52.43	
    346	   6.33	   3.86	  0.049	0.99842	   5.31	   3.43	  0.040	0.99735			#	   0.97	  49.83	
    347	   7.10	   3.59	  0.029	0.99822	   6.02	   2.83	  0.004	0.99695			#	   1.23	  49.61	
    348	   7.23	   4.24	 -0.013	0.99827	   6.91	   3.36	 -0.018	0.99701			#	   1.25	  49.18	
    349	   5.97	   3.87	 -0.063	0.99867	   6.37	   3.29	 -0.076	0.99748			#	   0.91	  50.69	
    350	   2.91	   3.08	 -0.088	0.99917	   3.53	   3.53	 -0.065	0.99747			#	   0.45	  55.03	
    351	   3.55	   3.38	 -0.105	0.99957	   2.43	   2.16	 -0.116	0.99922			#	   0.53	  53.69	
    352	   5.06	   4.92	 -0.108	0.99911	   4.08	   3.60	 -0.134	0.99828			#	   1.05	  52.65	
    353	   6.92	   5.83	 -0.096	0.99842	   5.14	   5.04	 -0.107	0.99679			#	   1.48	  49.18	
    354	   7.94	   5.56	 -0.143	0.99745	   7.08	   4.10	 -0.174	0.99580			#	   1.50	  45.36	
    355	   8.50	   6.82	 -0.143	0.99762	   8.32	   4.89	 -0.219	0.99629			#	   1.58	  44.14	
    356	   6.88	   7.56	 -0.087	0.99784	   6.89	   6.22	 -0.132	0.99584			#	   1.38	  45.23	
    357	   5.24	   8.29	 -0.043	0.99878	   6.24	   7.68	 -0.067	0.99708			#	   1.47	  49.70	
    358	   3.18	   7.42	 -0.092	0.99909	   3.98	   6.80	 -0.080	0.99760			#	   1.19	  54.08	
    359	   1.29	   8.47	 -0.106	0.99933	   1.33	   7.31	 -0.109	0.99793			#	   1.44	  54.69	
    360	   2.76	   8.85	 -0.076	0.99949	   1.77	   8.75	 -0.080	0.99847			#	   1.55	  51.61	
    361	   4.87	   7.32	 -0.063	0.99848	   2.61	   6.71	 -0.102	0.99634			#	   1.38	  51.87	
    362	   7.41	   7.37	 -0.072	0.99797	   6.17	   5.70	 -0.114	0.99594			#	   1.85	  48.52	
    363	   7.39	   8.75	 -0.088	0.99837	   7.61	   8.15	 -0.103	0.99709			#	   1.71	  46.57	
    364	   7.16	   6.23	 -0.098	0.99792	   6.11	   5.96	 -0.145	0.99596			#	   1.30	  50.43	
    365	   7.26	   6.82	 -0.069	0.99816	   5.65	   5.09	 -0.079	0.99627			#	   1.40	  46.83	
    366	   8.81	   6.83	 -0.063	0.99714	   7.05	   5.03	 -0.147	0.99472			#	   1.76	  45.88	
    367	   8.02	   8.57	 -0.049	0.99789	   8.75	   6.96	 -0.089	0.99587			#	   1.63	  46.88	
    368	   5.31	   8.66	 -0.012	0.99867	   5.69	   8.41	 -0.054	0.99676			#	   1.41	  52.78	
    369	   4.13	   7.85	  0.022	0.99888	   3.20	   7.14	  0.025	0.99727			#	   1.25	  54.12	
    370	   5.78	   7.47	 -0.025	0.99867	   4.87	   7.18	 -0.035	0.99749			#	   1.40	  52.86	
    371	   5.73	   6.79	 -0.045	0.99840	   4.47	   5.18	 -0.081	0.99609			#	   1.25	  52.21	
    372	   7.01	   8.29	 -0.039	0.99847	   5.79	   7.41	 -0.052	0.99684			#	   1.76	  55.16	
    373	   8.61	   7.71	 -0.057	0.99764	   6.03	   6.81	 -0.093	0.99560			#	   1.83	  49.00	
    374	  10.95	   7.20	 -0.046	0.99636	   8.96	   5.84	 -0.113	0.99507			#	   2.27	  42.58	
    375	  11.03	   5.96	 -0.028	0.99653	  11.18	   4.93	 -0.129	0.99478			#	   1.72	  42.88	
    376	   7.61	   4.47	  0.042	0.99730	   7.29	   4.49	  0.021	0.99558			#	   0.99	  47.53	
    377	   6.63	   3.54	  0.038	0.99799	   5.50	   1.86	  0.002	0.99659			#	   0.69	  51.26	
    378	   6.59	   4.72	  0.047	0.99810	   4.88	   4.03	  0.029	0.99643			#	   0.80	  51.17	
    379	   8.72	   4.43	  0.076	0.99745	   5.64	   3.94	  0.043	0.99599			#	   1.40	  49.44	
    380	  10.86	   3.36	  0.083	0.99671	   9.41	   2.64	  0.004	0.99564			#	   2.13	  44.18	
    381	   9.86	   2.37	  0.124	0.99685	   8.33	   1.52	  0.100	0.99507			#	   1.43	  46.79	
    382	   8.56	   1.81	  0.104	0.99707	   7.72	   0.88	  0.064	0.99561			#	   1.10	  46.96	
    383	   6.66	   1.22	  0.082	0.99790	   6.42	   1.07	  0.064	0.99700			#	   0.67	  47.92	
    384	   4.27	   0.43	  0.083	0.99843	   4.15	  -0.48	  0.064	0.99785			#	   0.34	  51.04	
    385	   1.77	  -0.00	  0.062	0.99877	   1.35	  -0.58	  0.093	0.99770			#	   0.13	  50.30	
    386	   2.05	   0.74	  0.034	0.99944	   0.34	   0.14	  0.042	0.99971			#	   0.15	  52.73	
    387	   6.26	   1.99	  0.019	0.99826	   2.77	   0.03	 -0.006	0.99831			#	   1.19	  49.00	
    388	   8.60	   1.61	  0.006	0.99726	   6.91	   1.78	 -0.036	0.99599			#	   1.99	  46.96	
    389	   9.20	   0.81	  0.025	0.99713	   7.42	  -0.78	 -0.040	0.99627			#	   1.56	  47.40	
    390	   8.27	   1.44	  0.066	0.99727	   7.63	   0.71	  0.035	0.99564			#	   1.29	  43.88	
    391	   6.28	   1.16	  0.050	0.99796	   6.10	   0.01	  0.015	0.99675			#	   0.72	  48.05	
    392	   2.95	   2.12	  0.019	0.99871	   4.14	   1.17	  0.029	0.99780			#	   0.26	  51.78	
    393	   0.24	   1.99	  0.025	0.99974	   0.25	   2.25	  0.030	0.99975			#	   0.07	  57.55	
    394	  -0.21	   0.80	  0.040	0.99958	  -0.56	  -0.28	  0.040	0.99908			#	   0.04	  54.73	
    395	   0.90	   3.62	  0.051	0.99955	  -0.61	   2.32	  0.052	0.99928			#	   0.27	  50.56	
    396	   3.79	   3.77	  0.044	0.99919	   2.64	   3.48	  0.013	0.99885			#	   0.68	  49.52	
    397	   5.03	   3.40	  0.038	0.99907	   4.26	   2.66	  0.014	0.99869			#	   1.14	  51.82	
    398	   5.32	   3.21	  0.027	0.99812	   4.14	   2.19	 -0.002	0.99687			#	   1.16	  47.53	
    399	   6.20	   3.66	 -0.001	0.99883	   6.33	   2.48	 -0.039	0.99766			#	   1.15	  51.61	
    400	   5.27	   5.41	 -0.003	0.99894	   4.98	   4.38	 -0.019	0.99823			#	   1.38	  49.26	
    401	   5.15	   4.05	 -0.019	0.99865	   5.05	   3.72	 -0.043	0.99757			#	   0.97	  50.35	
    402	   4.03	   3.39	 -0.043	0.99907	   3.65	   3.42	 -0.037	0.99801			#	   0.62	  51.00	
    403	   4.89	   3.54	 -0.049	0.99855	   3.89	   2.00	 -0.084	0.99774			#	   0.78	  49.31	
    404	   5.45	   3.52	 -0.049	0.99890	   5.01	   3.35	 -0.066	0.99825			#	   0.89	  50.74	
    405	   4.30	   3.03	 -0.060	0.99899	   4.90	   2.12	 -0.089	0.99791			#	   0.65	  50.13	
    406	   2.88	   2.86	 -0.030	0.99923	   2.86	   2.92	 -0.032	0.99871			#	   0.45	  52.99	
    407	   2.90	   1.31	 -0.041	0.99949	   2.17	   1.04	 -0.041	0.99882			#	   0.36	  54.60	
    408	   5.08	   1.70	 -0.070	0.99887	   3.47	  -0.10	 -0.101	0.99822			#	   1.01	  51.43	
    409	   7.14	   3.68	 -0.101	0.99846	   6.59	   1.64	 -0.152	0.99783			#	   1.58	  45.96	
    410	   6.57	   4.04	 -0.062	0.99777	   5.57	   3.48	 -0.100	0.99599			#	   1.25	  45.96	
    411	   6.98	   3.68	 -0.054	0.99821	   7.17	   2.87	 -0.084	0.99697			#	   1.41	  47.87	
    412	   6.26	   3.15	 -0.081	0.99830	   6.18	   1.54	 -0.116	0.99730			#	   1.01	  45.83	
    413	   5.19	   3.00	 -0.092	0.99861	   5.27	   2.04	 -0.125	0.99718			#	   0.73	  49.09	
    414	   3.46	   3.93	 -0.093	0.99928	   5.21	   3.35	 -0.105	0.99842			#	   0.60	  51.52	
    415	   0.30	   2.73	 -0.070	0.99976	   1.25	   2.23	 -0.070	0.99865			#	   0.26	  54.73	
    416	  -0.21	   3.90	 -0.075	0.99964	  -0.20	   3.18	 -0.054	0.99962			#	   0.45	  54.69	
    417	  -0.73	   3.12	 -0.058	0.99985	  -0.56	   2.81	 -0.051	0.99950			#	   0.39	  53.26	
    418	  -0.93	   3.84	 -0.034	0.99990	  -0.43	   2.94	 -0.033	0.99955			#	   0.65	  53.30	
    419	  -1.84	   3.45	 -0.013	0.99979	  -1.65	   3.21	 -0.010	0.99882			#	   0.72	  52.39	
    420	  -2.12	   4.64	  0.022	1.00012	  -2.21	   4.25	  0.039	0.99976			#	   1.20	  50.30	
    421	  -1.10	   4.62	 -0.001	0.99961	  -2.20	   3.98	  0.040	0.99890			#	   0.71	  59.51	
    422	   1.47	   5.32	 -0.017	0.99940	   0.17	   4.31	 -0.017	0.99909			#	   0.84	  55.64	
    423	   2.91	   5.03	 -0.019	0.99947	   3.30	   4.99	 -0.042	0.99830			#	   0.84	  53.86	
    424	   1.80	   4.17	 -0.012	0.99937	   1.43	   3.59	 -0.018	0.99866			#	   0.57	  55.60	
    425	   3.14	   3.26	  0.004	0.99936	   1.95	   3.66	 -0.011	0.99880			#	   0.53	  58.42	
    426	   5.34	   2.52	  0.014	0.99888	   4.34	   1.96	 -0.019	0.99856			#	   1.06	  53.39	
    427	   4.67	   2.19	  0.017	0.99855	   4.64	   1.55	  0.016	0.99710			#	   0.73	  53.43	
    428	   4.25	   2.42	 -0.011	0.99884	   3.56	   1.60	 -0.018	0.99816			#	   0.73	  56.29	
    429	   3.78	   1.41	 -0.017	0.99897	   4.21	   1.70	 -0.037	0.99847			#	   0.57	  57.64	
    430	   1.34	   1.41	  0.005	0.99966	   2.81	  -0.20	 -0.041	0.99910			#	   0.21	  55.77	
    431	  -3.26	   4.01	  0.063	0.99995	  -2.11	   3.26	  0.108	0.99944			#	   1.27	  55.25	
    432	  -3.08	   4.43	  0.056	1.00015	  -4.81	   4.55	  0.095	0.99980			#	   0.94	  52.52	
    433	  -0.02	   4.16	  0.053	0.99977	  -0.95	   4.27	  0.048	0.99933			#	   0.63	  55.47	
    434	   1.20	   3.30	  0.054	0.99954	   0.22	   3.80	  0.068	0.99958			#	   0.36	  57.77	
    435	   1.67	  -0.38	  0.042	0.99907	   1.90	   0.12	 -0.012	0.99846			#	   0.18	  56.99	
    436	  -0.83	   0.37	  0.084	1.00025	   0.24	  -0.98	  0.107	1.00026			#	   0.14	  58.64	
    437	  -0.17	   2.29	  0.061	0.99972	  -2.58	   1.49	  0.114	0.99959			#	   0.17	  59.46	
    438	   3.52	   2.45	 -0.008	0.99945	   2.84	   2.45	 -0.028	0.99927			#	   0.60	  59.24	
    439	   2.02	   1.00	  0.029	0.99930	   3.09	   0.66	 -0.010	0.99835			#	   0.29	  56.64	
    440	  -0.93	   2.06	  0.064	0.99990	   0.80	   1.22	  0.076	0.99996			#	   0.34	  58.90	
    441	  -4.36	   2.62	  0.048	1.00042	  -3.22	   2.39	  0.108	1.00044			#	   1.30	  56.60	
    442	  -5.14	   1.99	  0.030	1.00058	  -5.67	   2.39	  0.067	1.00022			#	   0.98	  55.51	
    443	  -4.37	   2.13	  0.035	1.00171	  -3.81	   2.29	  0.036	1.00223			#	   0.95	  57.34	
    444	  -5.56	   0.58	  0.093	1.00064	  -5.49	   1.57	  0.129	1.00046			#	   1.01	  57.07	
    445	  -4.92	   0.12	  0.071	1.00037	  -5.63	   0.09	  0.130	1.00069			#	   0.67	  58.46	
    446	  -2.48	  -0.41	  0.011	1.00009	  -3.95	   0.36	  0.051	1.00053			#	   0.18	  61.41	
