      1	  -0.20	   0.03	  0.008	1.00003							#	   0.06	  90.40	
      2	  -0.32	   0.09	  0.005	1.00004							#	   0.25	  89.90	
      3	  -0.39	  -0.02	  0.003	1.00002							#	   0.27	  89.65	
      4	  -0.86	  -0.17	  0.009	1.00008							#	   0.30	  89.19	
      5	  -0.64	  -0.01	  0.008	1.00013							#	   0.33	  90.00	
      6	  -0.68	  -0.17	  0.009	1.00007							#	   0.45	  89.19	
      7	  -0.76	  -0.14	  0.012	1.00008							#	   0.33	  89.09	
      8	  -0.54	   0.04	  0.009	1.00005							#	   0.37	  89.09	
      9	  -0.77	   0.18	  0.013	1.00002							#	   0.26	  89.39	
     10	  -0.90	   0.14	  0.015	1.00002							#	   0.24	  90.56	
     11	  -0.83	  -0.15	  0.007	1.00002							#	   0.28	  89.44	
     12	  -0.32	  -0.05	  0.011	1.00002							#	   0.23	  90.15	
     13	  -0.17	  -0.36	  0.012	0.99998							#	   0.23	  88.99	
     14	  -0.38	  -0.32	  0.014	0.99996							#	   0.30	  89.49	
     15	  -0.16	   0.05	  0.008	0.99995							#	   0.32	  89.49	
     16	  -0.23	   0.14	  0.013	0.99988							#	   0.35	  90.05	
     17	  -0.81	  -0.09	  0.012	0.99982							#	   0.39	  89.34	
     18	  -0.72	   0.13	  0.014	0.99971							#	   0.38	  89.70	
     19	  -0.64	  -0.39	  0.011	0.99969							#	   0.51	  89.29	
     20	  -0.79	  -0.47	  0.008	0.99969							#	   0.44	  90.00	
     21	  -0.74	  -0.14	  0.008	0.99962							#	   0.46	  89.24	
     22	  -0.80	  -0.33	  0.006	0.99957							#	   0.41	  89.60	
     23	  -0.47	  -0.29	  0.005	0.99935							#	   0.40	  88.84	
     24	  -0.22	  -0.15	  0.012	0.99906							#	   0.38	  88.54	
     25	  -0.32	  -0.22	  0.017	0.99889							#	   0.42	  84.90	
     26	   0.06	  -0.27	  0.014	0.99877							#	   0.38	  85.45	
     27	   0.10	  -0.26	  0.009	0.99887							#	   0.32	  77.42	
     28	  -0.20	  -0.22	  0.016	0.99885							#	   0.31	  76.92	
     29	   0.05	  -0.31	  0.012	0.99896							#	   0.29	  73.38	
     30	   0.73	  -0.65	  0.011	0.99886							#	   0.34	  73.33	
     31	   0.85	  -0.54	  0.014	0.99885							#	   0.34	  69.85	
     32	   0.96	  -0.27	  0.009	0.99880							#	   0.36	  68.54	
     33	   1.11	  -0.60	  0.006	0.99873							#	   0.51	  69.19	
     34	   1.33	  -0.65	  0.006	0.99873							#	   0.54	  67.73	
     35	   1.43	  -0.41	  0.002	0.99866							#	   0.49	  66.67	
     36	   1.49	  -0.31	  0.003	0.99860							#	   0.64	  65.35	
     37	   1.65	  -0.58	  0.001	0.99852							#	   0.80	  66.41	
     38	   1.83	  -0.55	  0.006	0.99831							#	   0.88	  66.26	
     39	   2.00	  -0.89	  0.002	0.99844							#	   0.91	  63.94	
     40	   1.50	  -0.57	  0.007	0.99822							#	   0.89	  65.10	
     41	   1.38	  -0.75	  0.003	0.99818							#	   0.94	  64.04	
     42	   1.82	  -0.86	 -0.003	0.99816							#	   0.97	  64.39	
     43	   1.26	  -1.00	 -0.002	0.99799							#	   0.92	  63.23	
     44	   0.97	  -1.35	 -0.004	0.99797							#	   0.98	  64.65	
     45	   0.93	  -1.20	  0.001	0.99785							#	   0.98	  62.88	
     46	   0.58	  -1.28	  0.007	0.99794							#	   0.95	  62.27	
     47	   1.30	  -1.24	  0.010	0.99767							#	   1.07	  62.93	
     48	   0.67	  -1.69	  0.012	0.99776							#	   1.01	  61.36	
     49	   0.69	  -2.09	  0.004	0.99776							#	   1.00	  61.11	
     50	   0.32	  -1.62	  0.001	0.99802							#	   0.88	  62.02	
     51	   0.21	  -1.34	  0.011	0.99794							#	   0.98	  60.91	
     52	  -0.21	  -0.82	  0.009	0.99772							#	   0.96	  59.49	
     53	   0.69	  -0.85	  0.013	0.99758							#	   0.98	  59.44	
     54	   0.38	  -0.92	  0.015	0.99760							#	   0.92	  59.80	
     55	   0.38	  -1.17	  0.014	0.99768							#	   0.97	  59.49	
     56	   0.31	  -1.69	  0.020	0.99797							#	   0.97	  60.45	
     57	   0.95	  -1.54	  0.020	0.99768							#	   0.96	  60.61	
     58	   3.44	  -1.13	  0.019	0.99758							#	   0.98	  58.59	
     59	   6.64	  -1.05	  0.021	0.99741							#	   1.35	  57.98	
     60	   9.30	  -0.65	  0.031	0.99685							#	   1.73	  54.80	
     61	  10.97	  -0.26	  0.049	0.99804							#	   1.39	  52.53	
     62	  12.79	  -0.18	  0.054	0.99722							#	   1.73	  54.14	
     63	  11.89	   0.39	  0.078	0.99807							#	   1.47	  49.75	
     64	   6.44	   1.19	  0.068	0.99720							#	   0.80	  53.03	
     65	   5.80	   1.06	  0.086	0.99643							#	   0.77	  50.86	
     66	   8.06	   0.71	  0.061	0.99647							#	   1.07	  51.26	
     67	  12.86	   1.12	  0.073	0.99640							#	   1.85	  51.11	
     68	  13.85	   0.84	  0.087	0.99614							#	   1.61	  52.42	
     69	  13.13	   0.49	  0.082	0.99590							#	   1.73	  53.79	
     70	  12.51	  -0.23	  0.084	0.99609							#	   1.70	  55.45	
     71	  11.17	  -0.12	  0.068	0.99662							#	   1.35	  57.88	
     72	   9.93	  -0.10	  0.066	0.99671							#	   1.04	  59.29	
     73	  10.08	  -0.39	  0.053	0.99652							#	   1.09	  57.12	
     74	   9.49	   0.07	  0.053	0.99640							#	   1.01	  60.66	
     75	   9.93	   0.48	  0.054	0.99632							#	   1.21	  61.46	
     76	  10.10	   0.37	  0.045	0.99609							#	   1.43	  61.57	
     77	  10.12	   0.14	  0.040	0.99613							#	   1.41	  61.77	
     78	   9.55	  -0.15	  0.041	0.99618							#	   1.22	  62.42	
     79	   8.12	   0.00	  0.033	0.99614							#	   1.02	  63.18	
     80	   9.21	   0.08	  0.024	0.99638							#	   1.14	  63.13	
     81	   7.88	   0.25	  0.039	0.99608							#	   0.96	  62.63	
     82	   7.23	   0.13	  0.041	0.99622							#	   0.84	  63.59	
     83	   6.90	   0.40	  0.043	0.99569							#	   0.93	  63.48	
     84	   6.74	   0.70	  0.043	0.99575							#	   0.98	  62.58	
     85	   6.22	   1.10	  0.041	0.99573							#	   0.90	  64.04	
     86	   7.23	   0.47	  0.035	0.99562							#	   1.03	  63.03	
     87	   5.28	   0.28	  0.038	0.99591							#	   0.77	  63.94	
     88	   4.97	  -0.20	  0.030	0.99602							#	   0.71	  66.26	
     89	   3.38	  -0.47	  0.041	0.99602							#	   0.58	  68.43	
     90	   2.65	  -0.72	  0.060	0.99576							#	   0.64	  66.72	
     91	   2.98	  -1.57	  0.060	0.99585							#	   0.58	  66.11	
     92	   2.44	  -1.64	  0.059	0.99604							#	   0.70	  67.88	
     93	   2.61	  -1.79	  0.065	0.99621							#	   0.73	  66.26	
     94	   2.92	  -2.31	  0.062	0.99611							#	   0.83	  64.60	
     95	   2.51	  -2.31	  0.063	0.99571							#	   0.79	  64.09	
     96	   4.18	  -2.93	  0.058	0.99556							#	   1.00	  61.77	
     97	   5.87	  -2.58	  0.051	0.99531							#	   1.12	  61.97	
     98	   8.00	  -2.49	  0.060	0.99519							#	   1.46	  61.92	
     99	  11.40	  -1.95	  0.063	0.99486							#	   1.72	  60.86	
    100	  11.75	  -1.58	  0.066	0.99503							#	   1.42	  58.43	
    101	  12.47	  -0.87	  0.067	0.99481							#	   1.90	  58.38	
    102	  12.74	  -0.36	  0.079	0.99493							#	   1.66	  53.28	
    103	  12.56	   0.17	  0.083	0.99479							#	   1.73	  53.48	
    104	  13.15	   1.11	  0.093	0.99493							#	   1.93	  50.86	
    105	  13.27	   0.97	  0.110	0.99478							#	   1.85	  49.95	
    106	  20.23	   1.76	  0.152	0.99369							#	   3.59	  42.98	
    107	  15.82	   0.80	  0.125	0.99379							#	   1.45	  47.63	
    108	  14.65	   0.64	  0.109	0.99397							#	   1.56	  51.62	
    109	  12.30	  -0.59	  0.113	0.99401							#	   1.29	  55.56	
    110	  14.01	  -1.67	  0.114	0.99442							#	   1.50	  53.18	
    111	  14.57	  -1.04	  0.110	0.99418							#	   1.47	  56.11	
    112	  13.04	  -0.81	  0.097	0.99467							#	   1.53	  57.68	
    113	  11.46	  -0.57	  0.099	0.99419							#	   1.36	  60.45	
    114	  10.30	  -0.90	  0.090	0.99398							#	   1.21	  59.60	
    115	   9.41	  -1.06	  0.090	0.99398							#	   1.19	  61.06	
    116	   8.31	  -0.71	  0.066	0.99415							#	   0.92	  61.31	
    117	   7.39	  -0.74	  0.054	0.99440							#	   0.81	  60.15	
    118	   5.00	  -0.82	  0.045	0.99468							#	   0.58	  60.30	
    119	   3.16	  -0.49	  0.046	0.99497							#	   0.51	  59.19	
    120	   2.24	   0.12	  0.036	0.99513							#	   0.49	  56.52	
    121	   1.62	   0.92	  0.022	0.99482							#	   0.49	  58.03	
    122	   1.74	   0.79	  0.009	0.99417							#	   0.63	  59.19	
    123	   2.97	   0.95	  0.013	0.99462							#	   0.80	  55.45	
    124	   3.33	  -0.01	  0.016	0.99398							#	   0.96	  59.65	
    125	   1.41	  -0.78	  0.012	0.99509							#	   0.58	  60.20	
    126	   1.77	  -1.85	  0.010	0.99596							#	   0.57	  59.95	
    127	   1.17	  -2.49	  0.023	0.99567							#	   0.66	  60.96	
    128	   2.93	  -2.62	  0.037	0.99489							#	   0.74	  59.90	
    129	   3.32	  -2.52	  0.043	0.99482							#	   0.83	  58.18	
    130	   5.52	  -2.58	  0.039	0.99491							#	   1.25	  54.09	
    131	   7.47	  -2.44	  0.033	0.99471							#	   1.25	  50.51	
    132	   8.86	  -3.60	  0.032	0.99445							#	   1.39	  48.69	
    133	  10.66	  -3.68	  0.026	0.99457							#	   1.54	  48.74	
    134	  12.07	  -3.45	  0.020	0.99443							#	   1.76	  52.17	
    135	  12.61	  -3.66	  0.032	0.99432							#	   1.74	  53.13	
    136	  13.03	  -3.80	  0.040	0.99387							#	   1.77	  53.64	
    137	  13.75	  -4.55	  0.047	0.99374							#	   1.96	  50.86	
    138	  15.68	  -3.73	  0.063	0.99321							#	   2.25	  48.59	
    139	  16.06	  -3.33	  0.060	0.99321							#	   2.35	  46.06	
    140	  16.62	  -4.11	  0.054	0.99348							#	   2.04	  46.57	
    141	  12.89	  -3.77	  0.060	0.99366							#	   1.44	  48.84	
    142	  13.35	  -4.62	  0.075	0.99303							#	   1.78	  49.70	
    143	  13.47	  -3.71	  0.077	0.99340							#	   1.81	  45.76	
    144	  13.59	  -2.77	  0.070	0.99332							#	   1.58	  49.09	
    145	  12.25	  -2.59	  0.076	0.99373							#	   1.37	  50.15	
    146	  11.17	  -3.30	  0.072	0.99448							#	   1.28	  47.73	
    147	  10.24	  -3.29	  0.072	0.99452							#	   1.18	  47.78	
    148	  10.44	  -3.40	  0.052	0.99481							#	   1.20	  45.66	
    149	   9.80	  -3.18	  0.047	0.99490							#	   1.17	  44.65	
    150	   9.88	  -2.72	  0.041	0.99595							#	   1.26	  48.79	
    151	   9.56	  -2.29	  0.027	0.99637							#	   1.18	  46.72	
    152	   8.73	  -2.14	  0.028	0.99530							#	   1.12	  47.27	
    153	   7.53	  -1.62	  0.024	0.99555							#	   0.91	  47.32	
    154	   7.96	  -2.37	  0.022	0.99452							#	   1.06	  48.13	
    155	   7.82	  -3.10	  0.017	0.99499							#	   1.09	  44.34	
    156	   7.53	  -5.95	  0.003	0.99489							#	   1.45	  44.95	
    157	   7.13	  -6.70	 -0.000	0.99502							#	   1.36	  43.54	
    158	   6.61	  -8.37	 -0.009	0.99528							#	   1.69	  44.49	
    159	   6.33	  -9.82	 -0.024	0.99589							#	   1.77	  43.94	
    160	   4.55	  -9.66	 -0.023	0.99583							#	   1.40	  46.62	
    161	   5.16	 -10.07	 -0.035	0.99613							#	   1.59	  50.10	
    162	   2.99	  -9.67	 -0.037	0.99656							#	   1.41	  52.17	
    163	   1.87	  -9.44	 -0.001	0.99574							#	   1.45	  53.13	
    164	   2.24	  -8.12	  0.010	0.99568							#	   1.22	  49.90	
    165	   2.62	  -6.29	  0.010	0.99549							#	   1.02	  50.45	
    166	   2.01	  -4.94	  0.015	0.99539							#	   0.82	  46.87	
    167	   2.11	  -4.19	  0.019	0.99550							#	   0.72	  47.53	
    168	   2.62	  -3.25	  0.019	0.99540							#	   0.69	  46.87	
    169	   3.19	  -2.92	  0.012	0.99569							#	   0.70	  54.09	
    170	   3.81	  -2.72	  0.006	0.99517							#	   0.83	  47.47	
    171	   3.91	  -2.59	 -0.004	0.99532							#	   1.05	  47.58	
    172	   4.41	  -3.08	  0.004	0.99495							#	   1.15	  48.18	
    173	   4.13	  -3.43	  0.015	0.99483							#	   1.16	  45.76	
    174	   4.35	  -4.00	  0.005	0.99482							#	   1.30	  44.49	
    175	   3.84	  -3.20	 -0.003	0.99495							#	   1.04	  42.83	
    176	   3.04	  -2.83	 -0.009	0.99511							#	   1.02	  45.10	
    177	   2.49	  -2.98	  0.017	0.99500							#	   0.96	  44.80	
    178	   2.50	  -1.95	  0.009	0.99430							#	   0.92	  47.98	
    179	   5.19	  -2.01	  0.006	0.99456							#	   1.25	  43.74	
    180	   4.00	  -2.88	  0.006	0.99449							#	   1.10	  46.82	
    181	   2.85	  -3.74	  0.000	0.99523							#	   0.98	  46.77	
    182	   0.20	  -4.33	 -0.012	0.99534							#	   0.94	  48.18	
    183	   0.19	  -4.10	 -0.004	0.99533							#	   0.96	  47.78	
    184	   1.53	  -3.33	  0.004	0.99603							#	   0.88	  54.04	
    185	   1.27	  -3.59	  0.000	0.99511							#	   0.97	  49.60	
    186	   0.50	  -2.58	 -0.008	0.99505							#	   0.96	  51.41	
    187	   0.02	  -2.69	 -0.010	0.99575							#	   0.93	  47.22	
    188	   0.47	  -2.44	 -0.007	0.99614							#	   0.94	  50.66	
    189	   0.72	  -2.01	 -0.017	0.99710							#	   0.85	  50.15	
    190	   1.37	  -1.23	 -0.014	0.99700							#	   0.88	  49.75	
    191	   0.30	  -0.70	 -0.007	0.99494							#	   1.00	  46.01	
    192	   0.58	  -0.23	 -0.001	0.99489							#	   0.97	  46.11	
    193	   0.57	  -0.64	  0.007	0.99480							#	   1.01	  45.61	
    194	   0.09	  -2.37	  0.001	0.99529							#	   1.11	  47.68	
    195	   0.47	  -3.58	 -0.015	0.99712							#	   1.05	  50.30	
    196	  -0.80	  -4.42	 -0.024	0.99792							#	   1.45	  52.12	
    197	  -0.93	  -5.06	 -0.014	0.99775							#	   1.35	  52.47	
    198	  -0.72	  -4.06	  0.003	0.99700							#	   1.10	  49.39	
    199	  -0.77	  -3.30	  0.006	0.99737							#	   1.15	  48.54	
    200	  -0.67	  -2.93	  0.013	0.99730							#	   1.16	  46.82	
    201	  -0.37	  -2.62	  0.014	0.99722							#	   1.11	  46.31	
    202	   1.08	  -2.90	  0.004	0.99707							#	   1.01	  45.61	
    203	   1.20	  -3.52	  0.005	0.99713							#	   1.12	  46.62	
    204	   0.93	  -5.23	  0.005	0.99720							#	   1.47	  48.64	
    205	   1.33	  -7.31	 -0.009	0.99720							#	   1.61	  47.17	
    206	   1.02	  -7.48	 -0.014	0.99724							#	   1.39	  47.78	
    207	   0.62	  -7.86	  0.003	0.99449							#	   1.62	  48.94	
    208	   3.19	  -7.48	 -0.002	0.99626							#	   1.52	  46.21	
    209	   1.61	  -4.51	  0.017	0.99413							#	   1.15	  47.22	
    210	   0.44	  -2.71	  0.008	0.99460							#	   0.90	  47.17	
    211	   0.74	  -2.91	  0.003	0.99510							#	   0.79	  46.87	
    212	   1.87	  -3.01	  0.006	0.99749							#	   0.73	  47.32	
    213	   1.36	  -0.73	  0.032	0.99408							#	   0.84	  48.33	
    214	   4.50	  -0.03	  0.042	0.99366							#	   1.34	  48.54	
    215	   5.95	   0.28	  0.046	0.99365							#	   1.46	  47.27	
    216	   4.78	  -1.25	  0.045	0.99703							#	   0.87	  46.62	
    217	   3.28	  -2.35	  0.037	0.99710							#	   0.91	  50.00	
    218	   3.58	  -2.29	  0.024	0.99688							#	   0.89	  51.36	
    219	   4.76	  -1.18	  0.014	0.99730							#	   0.82	  51.11	
    220	   5.09	  -1.13	  0.005	0.99690							#	   0.89	  52.73	
    221	   4.21	  -1.68	  0.007	0.99669							#	   1.10	  51.67	
    222	   3.76	  -1.55	 -0.000	0.99680							#	   1.07	  51.82	
    223	   4.13	  -0.66	 -0.012	0.99686							#	   1.10	  51.82	
    224	   4.20	  -0.26	 -0.017	0.99651							#	   1.27	  50.71	
    225	   4.44	   0.13	 -0.023	0.99680							#	   1.22	  49.70	
    226	   4.22	   0.34	 -0.011	0.99670							#	   1.14	  50.10	
    227	   5.28	   0.76	 -0.008	0.99631							#	   1.31	  46.67	
    228	   5.80	   0.46	  0.003	0.99623							#	   1.37	  48.28	
    229	   4.88	  -0.46	 -0.004	0.99677							#	   0.97	  51.92	
    230	   4.42	  -1.44	 -0.014	0.99712							#	   0.93	  52.78	
    231	   1.87	  -2.54	  0.001	0.99751							#	   0.81	  56.67	
    232	   2.31	  -2.05	  0.018	0.99717							#	   0.89	  55.56	
    233	   2.40	  -1.62	  0.014	0.99688							#	   0.91	  53.79	
    234	   1.63	  -2.19	  0.015	0.99698							#	   1.10	  53.28	
    235	   2.40	  -2.17	  0.018	0.99732							#	   1.12	  53.69	
    236	   2.76	  -1.87	  0.018	0.99686							#	   1.07	  52.42	
    237	   2.83	  -1.99	  0.010	0.99626							#	   1.09	  53.79	
    238	   2.99	  -1.22	 -0.004	0.99690							#	   1.06	  55.51	
    239	   3.38	  -0.93	 -0.009	0.99668							#	   1.11	  55.15	
    240	   3.55	  -0.14	 -0.007	0.99680							#	   1.25	  54.80	
    241	   3.07	   0.62	 -0.011	0.99689							#	   1.05	  52.98	
    242	   3.70	   1.47	 -0.008	0.99685							#	   1.27	  52.02	
    243	   3.00	   2.26	  0.002	0.99622							#	   1.29	  52.73	
    244	   3.55	   2.15	 -0.011	0.99687							#	   1.21	  48.94	
    245	   2.88	   2.24	 -0.001	0.99660							#	   1.10	  42.78	
    246	   2.92	   2.05	  0.004	0.99676							#	   1.19	  49.29	
    247	   3.83	   2.55	  0.016	0.99612							#	   1.34	  49.19	
    248	   6.91	   1.72	 -0.005	0.99596							#	   1.60	  48.54	
    249	   5.86	   1.35	 -0.006	0.99668							#	   1.02	  54.65	
    250	   3.08	   0.46	  0.006	0.99791							#	   0.70	  51.92	
    251	   2.57	  -0.97	 -0.003	0.99662							#	   0.71	  55.40	
    252	   2.31	  -0.42	 -0.008	0.99659							#	   0.67	  57.53	
    253	   3.11	  -0.03	 -0.016	0.99607							#	   0.82	  59.04	
    254	   3.28	   0.46	 -0.015	0.99620							#	   1.08	  52.88	
    255	   3.31	   0.48	 -0.019	0.99652							#	   1.02	  55.91	
    256	   3.30	   0.04	 -0.020	0.99653							#	   1.06	  55.56	
    257	   2.83	   0.13	 -0.027	0.99650							#	   1.08	  54.09	
    258	   2.52	   1.01	 -0.024	0.99678							#	   1.17	  52.37	
    259	   2.78	   0.74	 -0.031	0.99657							#	   1.14	  51.46	
    260	   2.78	   1.38	 -0.022	0.99640							#	   1.21	  51.46	
    261	   2.85	   1.00	 -0.017	0.99619							#	   1.15	  51.16	
    262	   2.90	   0.81	 -0.009	0.99622							#	   1.15	  52.07	
    263	   2.52	  -0.24	 -0.008	0.99684							#	   0.97	  52.42	
    264	   1.61	  -1.21	 -0.008	0.99648							#	   0.95	  52.83	
    265	   2.18	  -0.90	  0.002	0.99645							#	   0.96	  55.30	
    266	   3.69	  -0.69	  0.003	0.99728							#	   1.10	  54.24	
    267	   2.55	  -1.48	  0.002	0.99620							#	   1.06	  54.70	
    268	   2.39	  -2.02	  0.004	0.99627							#	   1.28	  53.64	
    269	   3.03	  -2.22	  0.011	0.99662							#	   1.25	  50.25	
    270	   3.29	  -3.04	  0.016	0.99588							#	   1.48	  55.20	
    271	   4.04	  -2.54	  0.007	0.99600							#	   1.25	  54.44	
    272	   8.48	  -2.25	  0.006	0.99578							#	   2.21	  51.01	
    273	  11.30	  -1.45	  0.017	0.99612							#	   2.04	  46.67	
    274	  11.45	  -0.62	  0.029	0.99622							#	   2.02	  44.04	
    275	   6.89	   0.12	  0.030	0.99614							#	   1.11	  46.21	
    276	   7.71	   0.48	  0.037	0.99627							#	   1.33	  42.27	
    277	   8.14	   0.37	  0.036	0.99613							#	   1.49	  42.22	
    278	   9.68	   0.51	  0.028	0.99696							#	   1.68	  39.80	
    279	  13.03	   1.26	  0.077	0.99298							#	   2.99	  44.49	
    280	  11.83	  -1.26	  0.057	0.99589							#	   1.64	  40.20	
    281	   8.31	  -1.67	  0.047	0.99627							#	   1.28	  41.52	
    282	   6.42	  -1.97	  0.049	0.99545							#	   0.99	  49.49	
    283	   4.49	  -2.64	  0.049	0.99590							#	   0.90	  50.35	
    284	   3.80	  -3.52	  0.039	0.99605							#	   0.95	  50.25	
    285	   3.78	  -3.48	  0.036	0.99575							#	   1.09	  49.65	
    286	   5.11	  -1.93	  0.024	0.99558							#	   1.27	  49.55	
    287	   4.75	  -1.27	  0.014	0.99581							#	   1.32	  50.66	
    288	   4.13	  -1.67	  0.008	0.99585							#	   1.28	  47.78	
    289	   3.70	  -1.10	  0.009	0.99602							#	   1.27	  49.75	
    290	   2.60	  -0.60	 -0.001	0.99620							#	   1.14	  48.59	
    291	   2.48	   0.73	  0.001	0.99619							#	   1.13	  48.48	
    292	   2.71	   1.08	  0.002	0.99778							#	   1.23	  45.15	
    293	   1.91	   1.62	 -0.015	0.99785							#	   1.29	  44.80	
    294	   1.69	   1.49	 -0.004	0.99792							#	   1.31	  44.75	
    295	   1.48	   1.83	  0.002	0.99763							#	   1.56	  46.72	
    296	   1.44	   1.17	 -0.013	0.99677							#	   1.28	  47.32	
    297	   0.53	   0.73	  0.010	0.99673							#	   1.36	  50.00	
    298	  -0.49	   0.10	  0.008	0.99664							#	   1.32	  51.82	
    299	  -1.54	  -0.92	  0.005	0.99695							#	   1.33	  50.40	
    300	  -0.89	  -0.39	 -0.010	0.99686							#	   1.26	  51.21	
    301	  -1.02	   0.16	 -0.003	0.99685							#	   1.29	  50.35	
    302	  -0.32	   2.12	 -0.004	0.99682							#	   1.46	  49.55	
    303	  -0.92	   2.94	 -0.007	0.99630							#	   1.43	  51.72	
    304	  -2.01	   3.59	 -0.005	0.99607							#	   1.39	  56.01	
    305	  -2.17	   4.49	 -0.011	0.99582							#	   1.67	  51.16	
    306	  -1.91	   4.55	 -0.008	0.99686							#	   1.40	  51.82	
    307	  -2.66	   3.82	 -0.011	0.99708							#	   1.46	  50.35	
    308	  -3.54	   3.06	 -0.017	0.99700							#	   1.69	  49.44	
    309	  -3.80	   2.43	 -0.015	0.99690							#	   1.64	  50.00	
    310	  -4.29	   2.38	 -0.013	0.99689							#	   1.57	  49.14	
    311	  -3.60	   2.70	 -0.003	0.99685							#	   1.55	  48.94	
    312	  -3.94	   3.74	 -0.005	0.99703							#	   1.79	  51.16	
    313	  -2.90	   3.97	 -0.008	0.99561							#	   1.88	  43.94	
    314	  -4.60	   2.22	  0.006	0.99622							#	   1.78	  46.41	
    315	  -6.30	   1.54	  0.011	0.99710							#	   1.79	  47.73	
    316	  -6.26	   1.61	  0.011	0.99691							#	   1.91	  48.74	
    317	  -6.20	   1.59	  0.011	0.99651							#	   1.96	  48.23	
    318	  -6.44	   1.71	  0.001	0.99664							#	   1.84	  46.06	
    319	  -7.42	  -1.68	  0.022	0.99389							#	   2.71	  42.58	
    320	  -7.14	  -1.53	  0.018	0.99355							#	   1.99	  42.22	
    321	  -6.74	  -1.07	  0.014	0.99333							#	   1.99	  43.43	
    322	  -8.25	  -0.08	  0.009	0.99338							#	   2.58	  43.03	
    323	  -9.40	   0.23	 -0.004	0.99333							#	   2.36	  43.23	
    324	 -11.43	   2.00	 -0.012	0.99638							#	   2.56	  45.56	
    325	 -13.61	   2.18	 -0.011	0.99619							#	   3.24	  44.39	
    326	 -15.93	   3.76	 -0.044	0.99288							#	   3.04	  40.56	
    327	 -17.24	   4.83	 -0.047	0.99262							#	   3.43	  39.09	
    328	 -16.71	   4.86	 -0.050	0.99247							#	   2.66	  38.23	
    329	 -13.05	   4.02	 -0.018	0.99598							#	   1.59	  44.49	
    330	 -13.19	   3.12	 -0.040	0.99289							#	   1.91	  45.00	
    331	 -12.97	   1.78	 -0.029	0.99222							#	   1.92	  43.79	
    332	 -15.38	   1.54	 -0.019	0.99225							#	   2.16	  44.29	
    333	 -17.44	   0.68	 -0.006	0.99263							#	   2.70	  42.98	
    334	 -17.00	  -0.18	 -0.010	0.99274							#	   3.01	  41.46	
    335	 -15.93	  -1.15	  0.017	0.99268							#	   2.59	  41.21	
    336	 -10.75	  -1.56	  0.027	0.99274							#	   1.76	  42.73	
    337	  -3.34	  -1.33	  0.016	0.99241							#	   1.06	  39.24	
    338	   0.40	  -1.10	 -0.000	0.99203							#	   0.91	  37.93	
    339	   2.75	   0.39	 -0.006	0.99197							#	   1.00	  36.77	
    340	   4.52	   0.86	 -0.010	0.99174							#	   1.17	  36.57	
    341	   0.85	   2.30	 -0.032	0.99571							#	   1.49	  46.26	
    342	   1.28	   2.71	 -0.027	0.99589							#	   2.11	  42.98	
    343	   1.14	   2.58	 -0.025	0.99574							#	   1.85	  44.44	
    344	   1.33	   2.28	 -0.028	0.99586							#	   2.31	  43.23	
    345	   1.01	   1.89	 -0.021	0.99586							#	   1.74	  42.58	
    346	   0.85	   0.73	 -0.011	0.99627							#	   1.67	  44.49	
    347	  -0.34	   2.90	 -0.015	0.99607							#	   1.68	  43.23	
    348	   0.52	   3.08	 -0.009	0.99591							#	   1.98	  41.26	
    349	   4.78	   0.78	  0.021	0.99061							#	   1.76	  34.55	
    350	   2.57	  -1.10	  0.008	0.99092							#	   1.68	  37.37	
    351	   3.35	  -1.18	  0.022	0.99098							#	   1.50	  36.01	
    352	   3.83	  -2.28	  0.044	0.99095							#	   1.53	  35.86	
    353	   3.76	  -2.92	  0.041	0.99102							#	   1.38	  34.14	
    354	   4.39	  -3.13	  0.039	0.99086							#	   1.56	  32.42	
    355	   3.53	  -2.20	  0.043	0.99071							#	   1.58	  33.33	
    356	   3.27	  -0.87	  0.035	0.99069							#	   1.77	  35.00	
    357	   2.82	   0.60	  0.021	0.99046							#	   1.65	  36.11	
    358	   2.20	   1.95	  0.012	0.99038							#	   1.65	  36.21	
    359	   1.05	   2.89	 -0.007	0.98992							#	   1.76	  35.25	
    360	  -1.92	   2.78	 -0.005	0.98973							#	   1.78	  35.20	
    361	  -1.71	   2.63	 -0.007	0.98974							#	   1.77	  35.61	
    362	  -1.67	   1.86	 -0.005	0.98983							#	   1.82	  36.11	
    363	   0.61	   1.52	 -0.002	0.98974							#	   1.87	  35.45	
    364	   2.63	   0.39	  0.022	0.98936							#	   1.94	  35.56	
    365	   2.34	  -0.80	  0.029	0.98873							#	   2.03	  31.82	
    366	   0.66	  -3.53	  0.045	0.99024							#	   1.51	  32.32	
    367	  -4.12	  -6.87	  0.058	0.99121							#	   1.75	  30.86	
    368	  -1.66	  -7.38	  0.060	0.99089							#	   1.63	  29.70	
    369	   0.49	  -6.79	  0.073	0.99076							#	   1.41	  28.38	
    370	   0.98	  -6.63	  0.076	0.99062							#	   1.41	  28.03	
    371	   1.17	  -6.51	  0.056	0.99061							#	   1.42	  25.91	
    372	   2.09	  -6.13	  0.055	0.99032							#	   1.47	  24.04	
    373	  -2.20	   0.17	 -0.002	0.99768							#	   1.35	  36.77	
    374	  -2.31	  -0.04	 -0.001	0.99753							#	   1.26	  40.20	
    375	  -2.18	  -0.03	  0.008	0.99739							#	   1.32	  42.53	
    376	  -3.07	   0.01	  0.011	0.99720							#	   1.41	  43.54	
    377	  -4.31	  -0.32	  0.010	0.99694							#	   1.40	  45.71	
    378	  -4.64	  -0.49	  0.009	0.99692							#	   1.43	  44.49	
    379	  -4.67	   0.32	  0.014	0.99690							#	   1.56	  43.59	
    380	  -4.98	   1.32	  0.013	0.99709							#	   1.53	  40.96	
    381	  -5.30	  -0.26	  0.028	0.99743							#	   1.41	  40.81	
    382	  -6.76	  -1.20	  0.019	0.99732							#	   1.65	  41.97	
    383	  -7.45	  -1.71	  0.031	0.99752							#	   1.72	  42.07	
    384	  -7.57	  -1.79	  0.019	0.99732							#	   1.74	  41.11	
    385	  -6.97	  -1.54	  0.015	0.99724							#	   1.56	  40.96	
    386	  -6.48	  -2.46	  0.021	0.99715							#	   1.87	  40.96	
    387	  -6.69	  -2.39	  0.014	0.99734							#	   1.66	  40.40	
    388	  -5.71	  -1.46	  0.017	0.99719							#	   1.62	  42.42	
    389	  -5.54	  -1.30	  0.008	0.99697							#	   1.49	  41.92	
    390	  -8.05	  -1.89	  0.017	0.99682							#	   1.80	  44.75	
    391	  -7.31	  -1.49	  0.010	0.99703							#	   1.39	  46.57	
    392	  -5.76	  -0.52	  0.010	0.99679							#	   1.35	  49.34	
    393	  -4.81	   0.03	  0.017	0.99704							#	   1.71	  48.94	
    394	  -1.97	   0.43	  0.017	0.99707							#	   1.90	  46.26	
    395	  -1.93	   0.82	  0.009	0.99747							#	   1.84	  44.85	
    396	  -0.74	  -0.24	  0.008	0.99681							#	   2.53	  46.16	
    397	  -1.14	  -1.71	  0.011	0.99660							#	   1.46	  46.52	
    398	  -1.29	  -1.90	  0.004	0.99661							#	   1.45	  46.16	
    399	  -0.52	  -0.94	  0.006	0.99730							#	   1.68	  40.00	
    400	  -1.74	  -0.30	  0.006	0.99787							#	   1.66	  38.03	
    401	  -0.33	  -2.21	  0.011	0.99771							#	   1.48	  38.94	
    402	  -1.87	  -2.73	  0.001	0.99804							#	   1.64	  40.86	
    403	  -0.08	  -2.92	  0.021	0.99694							#	   1.30	  40.35	
    404	  -0.38	  -2.37	  0.005	0.99796							#	   1.48	  41.11	
    405	  -0.26	  -1.35	 -0.000	0.99841							#	   1.60	  38.48	
    406	  -0.34	  -2.00	  0.002	0.99774							#	   1.29	  40.30	
    407	  -0.51	  -2.27	 -0.002	0.99790							#	   1.38	  42.32	
    408	  -0.38	  -2.38	  0.008	0.99764							#	   1.32	  43.08	
    409	   1.24	  -2.80	  0.016	0.99652							#	   5.99	  31.72	
    410	   1.15	  -0.79	  0.001	0.99771							#	   0.99	  47.63	
    411	   1.14	   0.06	  0.005	0.99807							#	   1.58	  46.26	
    412	   1.04	   0.19	  0.007	0.99809							#	   1.67	  46.16	
    413	   1.15	   0.24	  0.004	0.99809							#	   1.58	  46.06	
    414	   0.56	  -0.39	  0.001	0.99834							#	   1.28	  45.56	
    415	   0.18	   0.32	  0.013	0.99806							#	   1.59	  44.95	
    416	   0.43	  -0.77	  0.019	0.99766							#	   1.48	  44.09	
    417	  -0.33	  -2.11	 -0.001	0.99733							#	   1.19	  45.86	
    418	   0.19	  -3.52	  0.012	0.99651							#	   1.17	  48.33	
    419	   0.69	  -2.23	  0.009	0.99748							#	   1.51	  43.74	
    420	   1.74	  -1.12	  0.001	0.99833							#	   1.99	  43.13	
    421	   2.07	  -0.72	 -0.008	0.99874							#	   1.89	  42.47	
    422	   2.08	  -1.25	 -0.010	0.99881							#	   2.01	  41.57	
    423	   2.03	  -1.69	 -0.002	0.99852							#	   2.24	  43.28	
    424	   2.43	  -2.72	 -0.000	0.99801							#	   2.22	  42.78	
    425	   2.86	  -2.28	 -0.009	0.99792							#	   2.21	  43.79	
    426	   2.29	  -1.86	 -0.023	0.99821							#	   2.54	  42.53	
    427	   3.05	  -0.93	 -0.024	0.99804							#	   2.49	  44.49	
    428	   2.79	  -0.18	 -0.018	0.99799							#	   2.73	  45.05	
    429	   2.77	  -0.35	 -0.019	0.99831							#	   2.70	  46.26	
    430	   2.90	  -0.46	 -0.021	0.99811							#	   2.52	  47.17	
    431	   2.94	  -1.06	 -0.028	0.99796							#	   2.80	  47.63	
    432	   3.28	  -0.60	 -0.032	0.99829							#	   2.49	  45.40	
    433	   3.22	  -1.35	 -0.037	0.99820							#	   2.67	  45.05	
    434	   2.59	  -2.11	 -0.031	0.99780							#	   2.21	  44.14	
    435	   2.60	  -2.63	 -0.020	0.99781							#	   2.12	  44.85	
    436	   1.77	  -2.19	 -0.021	0.99871							#	   1.96	  46.16	
    437	   0.98	  -3.49	 -0.021	0.99800							#	   1.77	  44.24	
    438	   1.23	  -2.46	 -0.034	0.99897							#	   1.74	  44.60	
    439	   1.27	  -2.13	 -0.026	0.99885							#	   2.01	  45.30	
    440	   1.45	  -2.24	 -0.024	0.99887							#	   1.97	  44.85	
    441	   1.13	  -3.00	 -0.016	0.99791							#	   1.98	  46.92	
    442	   0.72	  -3.21	 -0.021	0.99798							#	   1.89	  47.98	
    443	   1.26	  -2.92	 -0.020	0.99787							#	   1.89	  52.02	
    444	   1.63	  -2.27	 -0.020	0.99792							#	   1.88	  54.29	
    445	   1.61	  -1.52	 -0.014	0.99835							#	   2.07	  54.85	
    446	   1.47	  -1.11	 -0.025	0.99847							#	   1.82	  55.96	
    447	   0.92	  -0.68	 -0.017	0.99824							#	   1.76	  54.70	
    448	   1.70	  -1.11	 -0.009	0.99801							#	   1.25	  53.03	
    449	   0.39	  -0.80	 -0.014	0.99838							#	   0.75	  55.20	
    450	   1.71	  -1.16	 -0.014	0.99796							#	   0.35	  55.66	
    451	   0.60	  -1.94	 -0.021	0.99779							#	   0.38	  51.62	
    452	   0.81	  -2.13	 -0.021	0.99821							#	   0.35	  53.59	
    453	   1.03	  -1.16	 -0.003	0.99835							#	   0.43	  55.40	
    454	   2.25	  -0.18	 -0.000	0.99796							#	   0.60	  53.48	
    455	   1.79	  -0.09	 -0.009	0.99827							#	   0.74	  54.60	
    456	   0.94	  -0.09	  0.003	0.99795							#	   0.80	  56.01	
    457	   0.07	  -1.44	  0.003	0.99780							#	   1.01	  54.65	
    458	  -0.09	  -2.02	  0.008	0.99775							#	   1.08	  54.65	
    459	  -0.08	  -1.55	  0.018	0.99786							#	   0.82	  55.40	
    460	   0.06	  -1.93	 -0.003	0.99791							#	   0.91	  55.51	
    461	   0.28	  -2.19	 -0.005	0.99780							#	   0.96	  54.34	
    462	   0.36	  -2.42	 -0.014	0.99785							#	   0.94	  52.73	
    463	   0.61	  -2.19	 -0.010	0.99768							#	   0.83	  53.99	
    464	   0.51	  -1.71	  0.000	0.99769							#	   0.68	  53.64	
    465	   1.04	  -0.86	  0.001	0.99764							#	   0.59	  53.08	
    466	   0.57	  -0.55	  0.007	0.99753							#	   0.55	  53.69	
    467	   0.54	  -0.34	  0.011	0.99747							#	   0.63	  52.27	
    468	   0.96	  -0.62	  0.008	0.99751							#	   0.59	  53.99	
    469	   0.31	  -0.14	  0.017	0.99775							#	   0.71	  51.62	
    470	   1.15	  -0.34	  0.018	0.99707							#	   0.81	  52.42	
    471	   0.51	  -1.27	  0.015	0.99759							#	   0.82	  51.77	
    472	   0.22	  -1.54	  0.009	0.99764							#	   0.87	  52.17	
    473	   0.91	  -1.68	  0.009	0.99761							#	   0.94	  54.90	
    474	   0.99	  -1.67	  0.013	0.99774							#	   0.95	  51.36	
    475	   0.88	  -1.42	 -0.003	0.99838							#	   0.94	  54.24	
    476	   1.10	  -1.31	 -0.005	0.99847							#	   0.97	  51.62	
    477	   1.03	  -0.99	 -0.005	0.99860							#	   0.81	  52.88	
    478	   0.75	  -1.29	 -0.002	0.99858							#	   0.87	  52.88	
    479	   1.32	  -1.19	 -0.001	0.99839							#	   0.74	  55.91	
    480	   1.24	  -1.01	  0.011	0.99860							#	   0.83	  52.42	
    481	   1.22	  -0.81	  0.021	0.99860							#	   0.63	  55.71	
    482	   1.44	  -0.82	  0.027	0.99811							#	   0.54	  58.79	
    483	   0.90	  -0.46	  0.031	0.99815							#	   0.52	  58.43	
    484	   1.60	  -0.41	  0.031	0.99753							#	   0.54	  54.65	
    485	   1.61	   0.08	  0.033	0.99804							#	   0.51	  58.79	
    486	   1.25	   0.03	  0.030	0.99861							#	   0.48	  56.82	
    487	   0.66	   0.28	  0.033	0.99873							#	   0.46	  59.44	
    488	   1.91	   0.28	  0.033	0.99815							#	   0.56	  56.52	
    489	   1.68	  -0.92	  0.027	0.99843							#	   0.66	  56.97	
    490	   1.39	  -1.35	  0.023	0.99788							#	   0.68	  54.60	
    491	   1.30	  -1.19	  0.026	0.99793							#	   0.65	  54.90	
    492	   1.86	  -0.78	  0.024	0.99827							#	   0.77	  55.51	
    493	   2.16	  -0.21	  0.029	0.99834							#	   0.71	  54.85	
    494	   2.83	  -0.60	  0.024	0.99860							#	   0.87	  54.85	
    495	   4.48	  -0.81	  0.017	0.99859							#	   1.05	  55.30	
    496	   4.32	  -0.82	  0.014	0.99869							#	   0.75	  54.70	
    497	   3.48	  -1.74	  0.009	0.99774							#	   0.65	  54.04	
    498	   2.96	  -1.30	  0.009	0.99762							#	   0.54	  54.75	
    499	   2.59	  -0.33	  0.014	0.99882							#	   0.46	  58.64	
    500	   2.70	   0.78	  0.016	0.99863							#	   0.45	  58.48	
    501	   4.19	   0.80	  0.017	0.99861							#	   0.65	  61.36	
    502	   3.64	   0.71	  0.014	0.99875							#	   0.76	  59.44	
    503	   2.35	  -0.32	  0.010	0.99894							#	   0.66	  53.99	
    504	   3.39	  -0.30	 -0.001	0.99926							#	   0.71	  54.75	
    505	   3.15	  -0.59	 -0.005	0.99913							#	   0.69	  55.61	
    506	   4.28	  -1.19	 -0.019	0.99775							#	   0.76	  54.85	
    507	   4.23	  -1.38	 -0.005	0.99762							#	   0.82	  53.74	
    508	   3.52	  -1.43	 -0.004	0.99890							#	   0.96	  55.20	
    509	   4.08	  -0.95	 -0.015	0.99883							#	   0.87	  54.44	
    510	   3.03	  -1.13	 -0.015	0.99879							#	   1.03	  53.64	
    511	   3.47	  -1.64	 -0.020	0.99898							#	   0.90	  54.60	
    512	   3.27	  -1.48	 -0.021	0.99890							#	   0.81	  55.30	
    513	   3.18	  -1.78	 -0.017	0.99890							#	   0.87	  54.14	
    514	   3.20	  -1.44	 -0.020	0.99878							#	   0.87	  54.60	
    515	   2.61	  -1.01	 -0.015	0.99869							#	   0.84	  56.46	
    516	   2.70	  -1.07	 -0.011	0.99860							#	   0.69	  58.59	
    517	   3.34	  -0.92	 -0.005	0.99870							#	   0.61	  59.44	
    518	   2.93	  -1.02	 -0.001	0.99866							#	   0.54	  60.30	
    519	   2.52	  -0.71	  0.011	0.99850							#	   0.49	  59.04	
    520	   3.51	  -0.61	  0.005	0.99863							#	   0.58	  61.46	
    521	   3.03	  -0.84	  0.005	0.99860							#	   0.66	  58.64	
    522	   3.95	  -1.21	  0.004	0.99860							#	   0.76	  60.61	
    523	   3.33	  -2.08	 -0.004	0.99892							#	   0.80	  59.29	
    524	   2.72	  -2.28	 -0.010	0.99959							#	   0.67	  57.73	
    525	   2.49	  -1.79	  0.015	0.99857							#	   0.63	  62.37	
    526	   5.31	  -0.66	  0.020	0.99763							#	   1.04	  62.32	
    527	   6.30	  -0.30	 -0.001	0.99797							#	   0.93	  63.08	
    528	   4.21	  -0.78	  0.011	0.99831							#	   0.61	  60.00	
    529	   3.05	  -2.54	  0.012	0.99747							#	   0.70	  55.61	
    530	   1.31	  -3.25	  0.020	0.99734							#	   0.78	  54.09	
    531	   2.27	  -2.47	  0.017	0.99735							#	   0.68	  55.15	
    532	   2.50	  -1.75	  0.002	0.99734							#	   0.57	  55.05	
    533	   2.19	  -1.81	 -0.017	0.99697							#	   0.59	  56.16	
    534	   2.57	  -1.76	 -0.015	0.99723							#	   0.60	  55.45	
    535	   1.88	  -0.61	 -0.007	0.99864							#	   0.52	  55.61	
    536	   2.76	  -0.29	 -0.004	0.99855							#	   0.53	  57.07	
    537	   3.28	   0.29	 -0.003	0.99862							#	   0.49	  55.96	
    538	   4.01	   0.57	  0.000	0.99850							#	   0.60	  54.60	
    539	   3.81	   0.82	  0.003	0.99846							#	   0.60	  56.11	
    540	   4.04	   0.42	  0.003	0.99862							#	   0.67	  55.15	
    541	   3.16	  -0.20	  0.023	0.99818							#	   0.55	  61.01	
    542	   3.18	  -1.12	  0.003	0.99878							#	   0.56	  55.25	
    543	   2.29	  -1.42	 -0.008	0.99797							#	   0.54	  49.55	
    544	   2.60	  -0.86	  0.019	0.99856							#	   0.62	  55.30	
    545	   3.88	  -0.34	  0.024	0.99747							#	   0.81	  59.80	
    546	   3.51	  -0.25	  0.017	0.99721							#	   0.78	  58.48	
    547	   5.58	  -0.65	  0.002	0.99727							#	   1.04	  57.27	
    548	   7.66	  -1.57	 -0.008	0.99776							#	   1.16	  53.99	
    549	   9.05	  -2.75	 -0.039	0.99765							#	   1.24	  56.26	
    550	   9.01	  -2.21	 -0.051	0.99753							#	   1.05	  56.06	
    551	   9.08	  -2.12	 -0.046	0.99775							#	   1.15	  55.30	
    552	  12.18	  -1.54	 -0.043	0.99733							#	   1.61	  57.07	
    553	  17.36	  -0.85	 -0.027	0.99710							#	   2.27	  57.73	
    554	  18.62	  -1.15	 -0.008	0.99713							#	   1.93	  58.74	
    555	  18.28	  -0.76	  0.011	0.99700							#	   1.80	  57.73	
    556	  17.41	  -0.47	  0.023	0.99711							#	   1.83	  56.62	
    557	  17.50	  -0.96	  0.014	0.99706							#	   1.78	  56.36	
    558	  13.18	  -1.55	 -0.003	0.99778							#	   1.11	  58.64	
    559	  13.88	  -1.89	  0.021	0.99731							#	   1.20	  58.59	
    560	  19.40	  -2.29	  0.032	0.99668							#	   2.39	  52.42	
    561	  20.07	  -0.79	  0.040	0.99588							#	   2.08	  51.16	
    562	  18.67	  -1.22	  0.016	0.99655							#	   1.82	  55.35	
    563	  17.46	  -1.91	  0.023	0.99695							#	   1.78	  59.44	
    564	  16.82	  -2.60	  0.014	0.99693							#	   1.80	  54.60	
    565	  18.57	  -2.78	  0.008	0.99659							#	   2.03	  55.05	
    566	  20.29	  -1.78	 -0.006	0.99589							#	   2.47	  52.47	
    567	  20.97	  -1.41	 -0.012	0.99572							#	   2.45	  52.02	
    568	  20.10	  -1.87	 -0.011	0.99492							#	   2.56	  50.66	
    569	  19.40	  -2.14	 -0.008	0.99603							#	   2.19	  55.45	
    570	  16.95	  -1.71	  0.001	0.99644							#	   1.78	  56.41	
    571	  14.59	  -1.05	  0.016	0.99653							#	   1.33	  59.49	
    572	  12.98	  -0.89	  0.017	0.99683							#	   1.11	  58.89	
    573	  11.74	  -0.04	  0.030	0.99665							#	   1.02	  56.82	
    574	  10.54	   0.22	  0.031	0.99683							#	   0.90	  55.56	
    575	  10.48	   1.47	  0.042	0.99683							#	   1.05	  55.76	
    576	   8.74	   1.08	  0.038	0.99684							#	   0.93	  56.82	
    577	   7.43	   1.42	  0.038	0.99674							#	   0.82	  62.58	
    578	   3.77	  -0.88	  0.028	0.99663							#	   0.47	  56.11	
    579	   2.44	  -0.99	  0.035	0.99622							#	   0.49	  55.81	
    580	   3.50	  -1.08	  0.036	0.99680							#	   0.55	  60.66	
    581	   3.42	  -0.85	  0.034	0.99646							#	   0.65	  60.15	
    582	   4.44	  -2.16	  0.027	0.99665							#	   0.95	  58.43	
    583	   6.91	  -2.91	  0.005	0.99674							#	   1.45	  52.93	
    584	   7.41	  -3.03	 -0.020	0.99644							#	   1.22	  54.70	
    585	   7.65	  -3.55	 -0.019	0.99662							#	   1.38	  55.05	
    586	   7.26	  -3.06	 -0.009	0.99674							#	   1.18	  54.14	
    587	   4.93	  -2.63	  0.011	0.99665							#	   0.88	  58.89	
    588	   5.09	  -1.63	  0.020	0.99661							#	   0.78	  60.20	
    589	   6.33	  -0.43	  0.045	0.99646							#	   0.85	  61.77	
    590	  10.39	   0.55	  0.075	0.99607							#	   1.65	  55.81	
    591	  10.54	   1.08	  0.100	0.99634							#	   1.35	  52.27	
    592	  11.71	   0.85	  0.108	0.99627							#	   1.76	  50.91	
    593	  10.94	   1.32	  0.080	0.99644							#	   1.41	  50.61	
    594	  11.49	   0.94	  0.107	0.99580							#	   1.64	  49.95	
    595	   9.40	  -0.62	  0.062	0.99619							#	   1.16	  57.63	
    596	   8.01	  -0.24	  0.081	0.99607							#	   1.09	  58.89	
    597	   9.82	  -1.11	  0.080	0.99586							#	   1.41	  57.73	
    598	  10.48	  -1.53	  0.071	0.99551							#	   1.55	  54.85	
    599	  13.09	  -1.57	  0.056	0.99553							#	   2.06	  52.22	
    600	  13.34	  -1.12	  0.057	0.99536							#	   1.85	  52.53	
    601	  12.55	  -1.45	  0.054	0.99540							#	   1.71	  52.37	
    602	   9.84	  -2.38	  0.058	0.99577							#	   1.28	  55.05	
    603	   7.13	  -2.43	  0.087	0.99603							#	   0.96	  58.64	
    604	   3.89	  -2.47	  0.082	0.99586							#	   0.66	  58.89	
    605	   2.55	  -1.42	  0.093	0.99586							#	   0.50	  58.03	
    606	   2.13	  -0.45	  0.103	0.99570							#	   0.49	  56.46	
    607	   1.42	  -0.13	  0.106	0.99563							#	   0.60	  55.00	
    608	   1.52	  -0.17	  0.107	0.99518							#	   0.64	  54.29	
    609	   1.37	  -0.61	  0.092	0.99537							#	   0.77	  51.41	
    610	   2.25	  -0.61	  0.095	0.99507							#	   1.00	  50.86	
    611	   1.86	  -1.74	  0.102	0.99549							#	   0.93	  56.67	
    612	   0.46	  -2.56	  0.091	0.99601							#	   1.01	  54.60	
    613	  -0.79	  -4.25	  0.098	0.99627							#	   1.38	  55.66	
    614	  -0.40	  -4.10	  0.098	0.99588							#	   1.02	  55.96	
    615	   1.14	  -3.69	  0.101	0.99607							#	   1.18	  56.57	
    616	   0.59	  -3.41	  0.093	0.99574							#	   1.11	  58.23	
    617	   1.33	  -3.34	  0.080	0.99579							#	   1.14	  55.81	
    618	   1.78	  -4.01	  0.075	0.99593							#	   1.27	  55.25	
    619	   1.80	  -4.44	  0.066	0.99596							#	   1.16	  55.66	
    620	   3.75	  -4.49	  0.058	0.99602							#	   1.27	  57.07	
    621	   5.91	  -4.20	  0.053	0.99571							#	   1.37	  55.15	
    622	   7.13	  -2.83	  0.052	0.99559							#	   1.28	  55.66	
    623	   7.04	  -1.58	  0.081	0.99617							#	   1.27	  52.02	
    624	   8.30	  -0.28	  0.103	0.99592							#	   1.63	  52.32	
    625	   9.91	   0.21	  0.112	0.99582							#	   1.76	  52.73	
    626	  11.66	   0.61	  0.111	0.99586							#	   1.75	  53.18	
    627	  12.81	   0.43	  0.104	0.99616							#	   1.89	  53.89	
    628	  17.54	   0.07	  0.123	0.99573							#	   3.18	  54.75	
    629	  14.88	  -0.15	  0.105	0.99562							#	   1.50	  54.14	
    630	  14.00	  -0.75	  0.076	0.99597							#	   1.66	  53.48	
    631	  11.00	  -1.98	  0.067	0.99597							#	   1.25	  54.85	
    632	  12.17	  -3.01	  0.047	0.99639							#	   1.32	  55.86	
    633	  12.63	  -3.40	  0.026	0.99649							#	   1.51	  54.55	
    634	  14.02	  -2.81	  0.008	0.99647							#	   1.97	  55.10	
    635	  14.83	  -2.68	  0.004	0.99643							#	   2.04	  55.35	
    636	  14.35	  -2.59	  0.005	0.99603							#	   2.19	  57.37	
    637	  13.69	  -2.92	  0.003	0.99640							#	   1.81	  58.43	
    638	  12.62	  -2.08	 -0.000	0.99663							#	   1.56	  59.60	
    639	  11.91	  -1.91	 -0.009	0.99696							#	   1.42	  60.96	
    640	  11.38	  -1.34	 -0.005	0.99687							#	   1.25	  61.31	
    641	  10.77	  -1.67	  0.003	0.99686							#	   1.12	  61.36	
    642	   8.85	  -2.11	  0.004	0.99679							#	   1.00	  61.16	
    643	   7.93	  -2.41	 -0.001	0.99691							#	   0.97	  60.40	
    644	   7.25	  -3.21	 -0.004	0.99692							#	   0.91	  57.63	
    645	   6.61	  -4.84	  0.006	0.99659							#	   1.01	  55.05	
    646	   6.76	  -5.06	  0.001	0.99693							#	   1.08	  52.98	
    647	   5.39	  -4.40	  0.008	0.99711							#	   1.00	  57.42	
    648	   6.24	  -3.81	 -0.011	0.99717							#	   1.15	  59.29	
    649	   5.38	  -4.04	 -0.033	0.99738							#	   1.07	  58.74	
    650	   5.55	  -4.59	 -0.030	0.99683							#	   1.11	  55.81	
    651	   3.50	  -4.51	 -0.036	0.99746							#	   1.04	  55.81	
    652	   4.52	  -3.70	 -0.026	0.99718							#	   1.08	  56.77	
    653	   6.25	  -3.14	 -0.037	0.99687							#	   1.14	  59.70	
    654	   6.02	  -2.99	 -0.034	0.99677							#	   1.14	  60.61	
    655	   3.49	  -2.78	 -0.027	0.99714							#	   0.80	  58.03	
    656	   2.98	  -3.80	 -0.021	0.99658							#	   0.79	  55.45	
    657	   3.07	  -3.65	 -0.021	0.99652							#	   0.72	  58.89	
    658	   3.24	  -3.85	 -0.014	0.99658							#	   0.77	  58.33	
    659	   2.95	  -4.61	 -0.015	0.99671							#	   0.87	  55.30	
    660	   3.30	  -5.17	  0.002	0.99640							#	   1.37	  54.60	
    661	   2.76	  -6.25	  0.003	0.99612							#	   1.13	  55.30	
    662	   2.42	  -6.75	 -0.002	0.99611							#	   1.28	  54.55	
    663	   1.40	  -6.77	 -0.014	0.99694							#	   1.14	  51.06	
    664	   1.70	  -5.68	 -0.013	0.99628							#	   0.97	  55.61	
    665	   2.92	  -5.06	 -0.019	0.99632							#	   0.94	  57.37	
    666	   2.59	  -4.14	 -0.029	0.99684							#	   0.79	  60.96	
    667	   2.24	  -4.97	 -0.042	0.99650							#	   0.85	  58.13	
    668	   2.28	  -5.41	 -0.030	0.99692							#	   0.93	  57.17	
    669	   2.85	  -4.23	 -0.036	0.99730							#	   0.89	  60.86	
    670	   3.03	  -3.86	 -0.043	0.99680							#	   0.83	  60.45	
    671	   2.85	  -2.98	 -0.041	0.99667							#	   0.70	  60.86	
    672	   2.83	  -2.77	 -0.028	0.99661							#	   0.75	  62.68	
    673	   2.44	  -2.60	 -0.028	0.99680							#	   0.66	  62.07	
    674	   1.98	  -3.07	 -0.024	0.99652							#	   1.73	  39.85	
    675	   1.37	  -3.05	 -0.033	0.99735							#	   0.36	  60.20	
    676	   1.63	  -2.71	 -0.027	0.99700							#	   0.43	  61.67	
    677	   1.99	  -2.19	 -0.022	0.99708							#	   0.43	  60.81	
    678	   2.18	  -2.04	 -0.019	0.99686							#	   0.45	  61.41	
    679	   1.46	  -2.51	 -0.027	0.99702							#	   0.46	  60.86	
    680	   1.00	  -2.90	 -0.031	0.99706							#	   0.76	  60.51	
    681	   0.39	  -4.59	 -0.041	0.99737							#	   0.98	  60.20	
    682	   0.49	  -4.81	 -0.057	0.99813							#	   0.87	  54.24	
    683	   0.49	  -4.70	 -0.055	0.99803							#	   0.94	  54.44	
    684	  -0.91	  -4.42	 -0.057	0.99787							#	   1.08	  52.98	
    685	  -0.02	  -4.01	 -0.054	0.99787							#	   0.80	  53.64	
    686	  -1.93	  -4.12	 -0.062	0.99723							#	   0.84	  61.46	
    687	  -0.75	  -3.46	 -0.054	0.99856							#	   0.83	  53.79	
    688	  -2.85	  -4.37	 -0.061	0.99708							#	   1.03	  59.75	
    689	  -1.93	  -3.34	 -0.056	0.99701							#	   0.67	  59.90	
    690	  -2.78	  -2.23	 -0.052	0.99835							#	   1.16	  55.66	
    691	  -4.68	  -3.50	 -0.072	0.99629							#	   0.97	  56.52	
    692	  -5.16	  -2.48	 -0.059	0.99851							#	   1.38	  55.45	
    693	  -5.63	  -2.49	 -0.043	0.99864							#	   1.28	  55.00	
    694	  -5.73	  -1.96	 -0.037	0.99856							#	   1.17	  56.62	
    695	  -6.21	  -2.24	 -0.045	0.99651							#	   1.06	  58.43	
    696	  -5.64	  -1.16	 -0.034	0.99855							#	   1.04	  60.15	
    697	  -4.91	  -1.10	 -0.040	0.99832							#	   1.01	  61.11	
    698	  -6.35	  -0.84	 -0.049	0.99856							#	   1.35	  61.31	
    699	  -6.81	  -0.34	 -0.046	0.99846							#	   1.37	  60.71	
    700	  -6.68	  -0.45	 -0.044	0.99866							#	   1.26	  60.56	
    701	  -5.79	  -0.49	 -0.028	0.99872							#	   1.24	  59.70	
    702	  -9.11	  -0.08	 -0.020	0.99574							#	   1.29	  50.66	
    703	  -7.49	  -0.94	 -0.011	0.99876							#	   1.69	  58.43	
    704	  -7.63	  -0.86	 -0.005	0.99881							#	   1.38	  55.86	
    705	  -8.41	  -1.38	  0.001	0.99886							#	   1.82	  56.72	
    706	  -9.62	  -2.32	 -0.002	0.99899							#	   1.78	  54.55	
    707	 -13.23	  -2.34	  0.002	0.99950							#	   2.73	  49.80	
    708	 -13.67	  -2.01	  0.012	0.99949							#	   2.21	  49.55	
    709	 -13.59	  -1.56	  0.019	0.99937							#	   1.94	  50.86	
    710	 -14.33	  -1.49	  0.018	0.99928							#	   2.17	  52.37	
    711	 -12.38	  -1.15	  0.005	0.99943							#	   1.99	  53.54	
    712	 -13.66	  -1.14	  0.008	0.99957							#	   2.07	  50.45	
    713	 -16.33	  -1.33	  0.008	1.00023							#	   2.75	  46.52	
    714	 -18.59	  -1.51	  0.003	1.00015							#	   2.97	  44.90	
    715	 -22.37	  -1.55	  0.002	0.99973							#	   3.33	  42.88	
    716	 -21.36	  -1.71	  0.004	1.00030							#	   2.85	  44.09	
    717	 -22.38	  -2.19	 -0.007	0.99940							#	   3.14	  44.09	
    718	 -23.63	  -1.55	 -0.007	1.00017							#	   3.36	  44.44	
    719	 -25.39	  -2.06	 -0.010	0.99920							#	   3.93	  42.47	
    720	 -27.77	  -1.94	 -0.013	0.99941							#	   3.49	  41.36	
    721	 -30.91	  -2.52	 -0.026	0.99899							#	   3.15	  40.00	
    722	 -34.11	  -2.88	 -0.028	0.99876							#	   2.80	  38.54	
    723	 -36.42	  -3.09	 -0.029	0.99856							#	   2.27	  38.38	
    724	 -36.35	  -2.99	 -0.027	0.99836							#	   2.38	  38.43	
    725	 -36.57	  -3.15	 -0.036	0.99804							#	   2.20	  38.33	
    726	 -37.73	  -3.61	 -0.034	0.99784							#	   2.15	  37.53	
    727	 -41.49	  -4.60	 -0.040	0.99757							#	   1.71	  35.66	
    728	 -43.24	  -5.45	 -0.040	0.99751							#	   1.46	  33.18	
    729	 -45.64	  -6.36	 -0.051	0.99724							#	   1.12	  32.07	
    730	 -47.67	  -6.98	 -0.069	0.99719							#	   0.94	  30.76	
    731	 -48.93	  -5.96	 -0.063	0.99704							#	   0.84	  30.35	
    732	 -49.24	  -4.81	 -0.062	0.99691							#	   0.78	  30.51	
    733	 -47.45	  -2.44	 -0.022	1.00488							#	   0.89	  27.22	
    734	 -46.60	  -2.45	 -0.027	1.00477							#	   1.19	  27.78	
    735	 -47.27	  -2.04	 -0.016	1.00489							#	   1.15	  27.78	
    736	 -47.92	  -2.93	 -0.067	0.99721							#	   1.21	  32.02	
    737	 -48.32	  -2.78	 -0.069	0.99736							#	   1.19	  31.82	
    738	 -49.47	  -2.24	 -0.072	0.99731							#	   1.03	  31.52	
    739	 -50.01	  -1.95	 -0.074	0.99719							#	   0.91	  31.11	
    740	 -49.65	  -1.29	 -0.065	0.99864							#	   1.07	  31.01	
    741	 -48.21	  -1.07	 -0.060	0.99823							#	   1.24	  32.32	
    742	 -45.36	  -0.58	 -0.053	0.99824							#	   1.81	  33.54	
    743	 -42.50	  -0.86	 -0.032	0.99859							#	   1.91	  35.40	
    744	 -40.37	  -0.70	 -0.028	0.99871							#	   2.00	  36.57	
    745	 -38.72	  -0.86	 -0.019	0.99906							#	   2.13	  37.73	
    746	 -38.71	  -0.89	 -0.019	0.99898							#	   2.15	  37.83	
    747	 -37.38	  -0.62	 -0.011	0.99889							#	   2.13	  38.74	
    748	 -37.95	  -0.78	 -0.002	0.99894							#	   2.08	  39.24	
    749	 -37.12	  -0.40	 -0.004	0.99874							#	   2.30	  39.24	
    750	 -37.40	  -0.10	  0.002	0.99875							#	   1.91	  39.60	
    751	 -36.73	   0.00	  0.008	0.99892							#	   2.14	  40.10	
    752	 -35.35	  -0.14	  0.012	0.99898							#	   2.26	  38.94	
    753	 -34.70	  -0.43	  0.004	0.99895							#	   2.24	  40.10	
    754	 -33.97	  -0.52	  0.005	0.99896							#	   2.27	  40.30	
    755	 -34.04	  -0.59	  0.001	0.99890							#	   2.33	  39.49	
    756	 -34.11	  -0.57	  0.004	0.99900							#	   2.13	  38.79	
    757	 -34.36	  -0.04	  0.010	0.99875							#	   2.10	  38.99	
    758	 -33.75	   0.53	  0.011	0.99856							#	   2.16	  39.34	
    759	 -33.32	   1.21	  0.015	0.99879							#	   2.15	  39.55	
    760	 -33.08	   1.67	  0.015	0.99857							#	   2.23	  39.55	
    761	 -31.48	   1.75	  0.016	0.99717							#	   2.27	  42.88	
    762	 -31.37	   2.20	  0.016	0.99899							#	   2.48	  39.55	
    763	 -30.31	   2.42	  0.009	0.99859							#	   2.33	  41.01	
    764	 -29.30	   2.49	  0.007	0.99889							#	   2.20	  41.26	
    765	 -28.82	   2.71	  0.004	0.99870							#	   2.20	  41.46	
    766	 -28.16	   2.62	  0.011	0.99888							#	   2.04	  41.72	
    767	 -28.23	   2.76	  0.007	0.99858							#	   2.07	  42.12	
    768	 -26.75	   2.63	  0.016	0.99741							#	   1.94	  47.12	
    769	 -26.43	   2.37	  0.005	0.99764							#	   1.95	  47.37	
    770	 -26.68	   2.82	  0.010	0.99993							#	   1.93	  44.44	
    771	 -25.58	   2.67	  0.004	0.99945							#	   1.83	  47.02	
    772	 -25.04	   2.72	  0.002	0.99953							#	   1.75	  47.17	
    773	 -24.83	   2.68	  0.006	0.99914							#	   1.79	  48.48	
    774	 -23.83	   2.88	  0.001	0.99971							#	   1.72	  47.68	
    775	 -23.43	   2.83	 -0.002	0.99915							#	   1.65	  50.20	
    776	 -23.18	   3.06	  0.002	0.99933							#	   1.72	  48.48	
    777	 -23.88	   3.29	 -0.002	0.99920							#	   1.86	  47.73	
    778	 -23.59	   3.25	  0.002	0.99920							#	   1.81	  47.37	
    779	 -23.69	   3.50	  0.004	0.99903							#	   1.91	  47.27	
    780	 -23.72	   3.38	 -0.005	0.99877							#	   1.97	  47.88	
    781	 -23.91	   3.68	 -0.001	0.99877							#	   1.89	  47.53	
    782	 -23.76	   3.64	 -0.003	0.99889							#	   1.95	  46.57	
    783	 -23.62	   3.52	 -0.010	0.99868							#	   1.96	  47.07	
    784	 -24.02	   3.40	 -0.001	0.99863							#	   2.04	  47.07	
    785	 -24.10	   3.15	 -0.004	0.99857							#	   2.06	  47.12	
    786	 -24.25	   2.53	 -0.004	0.99808							#	   1.96	  49.65	
    787	 -24.59	   2.38	 -0.003	0.99852							#	   2.12	  45.30	
    788	 -24.91	   1.94	 -0.000	0.99867							#	   2.07	  44.44	
    789	 -25.20	   1.64	  0.002	0.99839							#	   2.27	  45.45	
    790	 -25.48	   1.31	 -0.004	0.99857							#	   2.16	  44.29	
    791	 -25.07	   1.00	 -0.005	0.99802							#	   2.22	  45.15	
    792	 -24.85	   1.00	 -0.008	0.99845							#	   2.19	  44.75	
    793	 -24.12	   0.99	 -0.007	0.99827							#	   2.13	  45.05	
    794	 -24.60	   0.78	 -0.004	0.99803							#	   2.24	  45.35	
    795	 -24.86	   1.17	 -0.013	0.99826							#	   2.28	  44.70	
    796	 -24.49	   1.30	 -0.010	0.99824							#	   2.04	  45.10	
    797	 -24.82	   1.35	 -0.013	0.99815							#	   2.26	  45.91	
    798	 -24.64	   1.68	 -0.016	0.99818							#	   2.18	  44.04	
    799	 -25.60	   1.61	 -0.019	0.99804							#	   2.36	  44.24	
    800	 -25.57	   1.68	 -0.019	0.99788							#	   2.39	  44.55	
    801	 -25.82	   1.41	 -0.017	0.99799							#	   2.19	  44.44	
    802	 -26.22	   1.29	 -0.014	0.99758							#	   2.60	  42.93	
    803	 -26.98	   1.19	 -0.012	0.99765							#	   2.24	  41.52	
    804	 -27.55	   1.17	 -0.012	0.99767							#	   2.67	  40.35	
    805	 -28.00	   1.01	 -0.013	0.99744							#	   2.34	  39.75	
    806	 -28.55	   0.85	 -0.004	0.99734							#	   2.73	  38.64	
    807	 -29.60	   0.78	 -0.007	0.99762							#	   2.53	  37.68	
    808	 -29.76	   0.71	 -0.009	0.99700							#	   2.86	  38.23	
    809	 -29.08	   0.51	 -0.003	0.99711							#	   2.48	  37.93	
    810	 -29.37	   0.43	 -0.007	0.99714							#	   2.88	  37.07	
    811	 -28.92	   0.62	 -0.001	0.99665							#	   2.43	  38.84	
    812	 -28.48	   0.20	 -0.012	0.99678							#	   2.73	  39.19	
    813	 -28.70	   0.45	 -0.007	0.99680							#	   2.52	  37.47	
    814	 -28.31	   0.17	 -0.011	0.99641							#	   2.81	  38.79	
    815	 -28.01	   0.09	 -0.008	0.99639							#	   2.45	  36.97	
    816	 -28.71	   0.31	 -0.017	0.99688							#	   2.86	  37.93	
    817	 -28.35	   0.08	 -0.015	0.99636							#	   2.48	  38.74	
    818	 -27.67	   0.86	 -0.028	0.99657							#	   2.67	  40.66	
    819	 -27.02	   0.25	 -0.017	0.99635							#	   2.38	  39.55	
    820	 -26.86	   0.85	 -0.027	0.99642							#	   2.46	  40.00	
    821	 -26.85	   0.79	 -0.021	0.99641							#	   2.39	  39.34	
    822	 -26.37	   1.04	 -0.026	0.99641							#	   2.35	  38.64	
    823	 -25.65	   0.86	 -0.031	0.99652							#	   2.40	  39.85	
    824	 -24.51	   0.70	 -0.023	0.99660							#	   2.20	  38.08	
    825	 -24.07	   0.89	 -0.023	0.99697							#	   2.21	  41.26	
    826	 -23.96	   1.71	 -0.056	0.99707							#	   2.10	  38.38	
    827	 -22.47	   1.39	 -0.043	0.99697							#	   2.02	  37.88	
    828	 -22.27	   1.44	 -0.039	0.99711							#	   1.97	  38.48	
    829	 -22.40	   1.95	 -0.057	0.99759							#	   2.04	  41.41	
    830	 -22.11	   1.68	 -0.049	0.99719							#	   2.06	  36.11	
    831	 -21.88	   1.21	 -0.036	0.99720							#	   2.03	  38.23	
    832	 -22.16	   2.05	 -0.051	0.99739							#	   2.10	  39.09	
    833	 -21.96	   1.79	 -0.052	0.99750							#	   1.98	  38.54	
    834	 -21.91	   1.64	 -0.050	0.99726							#	   2.16	  36.41	
    835	 -22.86	   1.98	 -0.053	0.99729							#	   2.18	  36.87	
    836	 -23.02	   1.89	 -0.066	0.99703							#	   2.22	  35.61	
    837	 -24.42	   2.02	 -0.066	0.99697							#	   2.57	  34.09	
    838	 -24.54	   1.96	 -0.060	0.99706							#	   2.15	  34.65	
    839	 -25.66	   2.50	 -0.085	0.99677							#	   2.59	  31.57	
    840	 -27.20	   3.10	 -0.096	0.99677							#	   2.57	  30.20	
    841	 -27.25	   2.88	 -0.085	0.99636							#	   2.54	  30.51	
    842	 -28.25	   3.23	 -0.098	0.99660							#	   2.90	  27.68	
    843	 -28.50	   3.42	 -0.103	0.99613							#	   2.54	  27.02	
    844	 -29.46	   3.11	 -0.109	0.99648							#	   2.97	  25.96	
    845	 -29.53	   3.17	 -0.107	0.99631							#	   2.55	  25.91	
    846	 -30.21	   2.92	 -0.113	0.99639							#	   2.84	  26.97	
    847	 -30.53	   3.63	 -0.113	0.99604							#	   2.77	  27.37	
    848	 -29.84	   3.66	 -0.116	0.99616							#	   2.75	  24.70	
    849	 -30.50	   3.53	 -0.121	0.99601							#	   2.92	  24.24	
    850	 -29.60	   3.60	 -0.125	0.99616							#	   2.65	  24.49	
    851	 -29.80	   3.48	 -0.126	0.99605							#	   3.00	  23.69	
    852	 -29.80	   3.59	 -0.130	0.99591							#	   2.62	  22.17	
    853	 -29.31	   3.29	 -0.124	0.99613							#	   3.01	  22.73	
    854	 -29.13	   3.47	 -0.131	0.99604							#	   2.59	  22.88	
    855	 -28.79	   3.49	 -0.127	0.99609							#	   2.87	  23.33	
    856	 -28.70	   3.31	 -0.124	0.99630							#	   2.54	  22.78	
    857	 -28.36	   3.56	 -0.132	0.99610							#	   2.65	  22.27	
    858	 -27.21	   3.18	 -0.127	0.99631							#	   2.40	  22.32	
    859	 -27.27	   3.62	 -0.128	0.99616							#	   2.51	  21.87	
    860	 -27.33	   3.46	 -0.135	0.99626							#	   2.46	  21.06	
    861	 -27.23	   3.72	 -0.134	0.99620							#	   2.51	  20.45	
    862	 -26.65	   3.61	 -0.134	0.99630							#	   2.35	  20.05	
    863	 -26.86	   3.00	 -0.122	0.99677							#	   2.53	  20.86	
    864	 -26.68	   2.83	 -0.119	0.99705							#	   2.31	  21.82	
    865	 -26.20	   2.41	 -0.107	0.99740							#	   2.39	  22.98	
    866	 -25.22	   1.16	 -0.072	0.99809							#	   2.06	  24.19	
    867	 -24.28	   0.64	 -0.057	0.99860							#	   2.03	  23.33	
    868	 -23.36	   0.45	 -0.046	0.99773							#	   2.02	  23.08	
    869	 -23.68	   0.56	 -0.061	0.99888							#	   1.95	  23.23	
    870	 -23.85	   1.34	 -0.091	0.99806							#	   1.85	  20.25	
    871	 -24.00	   0.77	 -0.070	0.99818							#	   2.13	  25.51	
    872	 -22.70	   0.60	 -0.063	0.99825							#	   1.78	  24.24	
    873	 -22.10	   0.38	 -0.060	0.99834							#	   1.86	  24.14	
    874	 -22.26	   0.61	 -0.064	0.99835							#	   2.00	  24.95	
    875	 -22.75	   0.67	 -0.067	0.99901							#	   1.61	  26.06	
    876	 -22.35	   0.68	 -0.064	0.99926							#	   1.88	  23.03	
    877	 -22.34	   0.19	 -0.058	0.99834							#	   2.07	  25.71	
    878	 -24.02	   0.19	 -0.069	0.99945							#	   1.77	  26.67	
    879	 -23.80	   0.36	 -0.061	0.99816							#	   2.42	  25.05	
    880	 -24.68	   0.14	 -0.051	0.99902							#	   1.89	  21.36	
    881	 -25.22	  -0.03	 -0.045	0.99919							#	   2.15	  19.39	
    882	 -25.74	   0.14	 -0.047	0.99813							#	   2.75	  20.91	
    883	 -26.24	  -0.39	 -0.057	1.00002							#	   1.67	  21.41	
    884	 -26.71	  -0.01	 -0.048	0.99925							#	   2.49	  21.41	
    885	 -26.96	  -0.28	 -0.059	0.99960							#	   1.88	  21.67	
    886	 -27.12	  -0.26	 -0.058	0.99966							#	   2.22	  21.16	
    887	 -26.75	  -0.35	 -0.056	1.00010							#	   2.37	  20.56	
    888	 -27.24	  -0.46	 -0.056	1.00022							#	   2.14	  20.61	
    889	 -27.02	  -0.54	 -0.067	0.99997							#	   2.30	  21.67	
    890	 -27.86	  -0.83	 -0.070	1.00027							#	   2.34	  21.72	
    891	 -27.29	  -0.25	 -0.058	0.99962							#	   2.19	  22.63	
    892	 -26.80	  -0.73	 -0.039	1.00038							#	   2.38	  20.10	
    893	 -26.81	  -1.00	 -0.043	1.00110							#	   2.02	  20.86	
    894	 -26.66	  -0.68	 -0.042	1.00036							#	   2.24	  21.52	
    895	 -26.47	  -1.00	 -0.033	1.00105							#	   2.16	  21.67	
    896	 -25.03	  -0.85	 -0.028	1.00018							#	   2.01	  19.34	
    897	 -24.55	  -0.73	 -0.023	0.99981							#	   2.03	  19.60	
    898	 -24.09	  -0.88	 -0.016	0.99986							#	   1.87	  20.81	
    899	 -25.22	  -0.67	 -0.006	1.00059							#	   1.90	  20.40	
    900	 -23.38	  -0.89	 -0.032	0.99999							#	   1.84	  17.78	
    901	 -21.88	  -0.36	 -0.020	1.00057							#	   1.68	  20.40	
    902	 -23.19	  -0.58	 -0.009	1.00027							#	   1.58	  20.40	
    903	 -22.28	  -0.80	 -0.007	1.00185							#	   1.50	  20.51	
    904	 -19.78	  -0.72	 -0.023	1.00105							#	   1.32	  21.16	
    905	 -19.52	  -0.98	 -0.039	1.00126							#	   1.13	  21.26	
    906	 -18.69	  -1.00	 -0.033	1.00141							#	   1.21	  22.07	
    907	 -18.55	  -0.97	 -0.030	1.00136							#	   1.26	  19.49	
    908	 -18.48	  -0.60	 -0.026	1.00081							#	   1.09	  23.74	
    909	 -17.64	  -0.07	 -0.018	0.99949							#	   1.08	  21.52	
    910	 -18.39	  -0.73	 -0.024	1.00092							#	   1.16	  22.73	
    911	 -16.61	  -0.30	 -0.023	0.99962							#	   1.11	  25.81	
    912	 -16.15	  -0.92	 -0.044	1.00129							#	   1.00	  23.03	
    913	 -16.37	  -0.46	 -0.037	1.00006							#	   1.07	  26.11	
    914	 -17.10	  -0.96	 -0.037	1.00022							#	   1.23	  25.00	
    915	 -15.98	  -0.54	 -0.042	1.00017							#	   1.07	  25.81	
    916	 -15.94	  -0.83	 -0.042	1.00067							#	   1.14	  26.52	
    917	 -15.24	  -0.61	 -0.048	1.00005							#	   1.02	  25.56	
    918	 -15.34	  -0.64	 -0.054	1.00090							#	   1.06	  26.82	
    919	 -15.67	  -0.86	 -0.052	1.00006							#	   1.17	  28.79	
    920	 -14.82	  -0.68	 -0.061	1.00093							#	   1.00	  26.31	
    921	 -14.91	  -0.45	 -0.046	0.99956							#	   1.11	  25.76	
    922	 -15.19	  -0.19	 -0.053	1.00052							#	   1.14	  26.82	
    923	 -16.22	  -0.44	 -0.049	1.00043							#	   0.96	  25.05	
    924	 -14.78	  -0.25	 -0.045	0.99962							#	   1.17	  24.85	
    925	 -14.46	  -0.23	 -0.049	1.00031							#	   1.03	  26.11	
    926	 -14.70	  -0.26	 -0.043	0.99960							#	   1.05	  25.56	
    927	 -14.69	  -0.47	 -0.056	1.00047							#	   0.88	  25.35	
    928	 -15.11	  -0.35	 -0.052	1.00044							#	   0.99	  26.41	
    929	 -14.69	  -0.61	 -0.042	0.99974							#	   1.03	  29.65	
    930	 -14.50	  -0.59	 -0.044	1.00009							#	   1.03	  26.11	
    931	 -14.12	  -0.59	 -0.045	1.00005							#	   0.89	  26.92	
    932	 -13.73	  -0.40	 -0.042	0.99985							#	   0.80	  24.85	
    933	 -13.00	  -0.27	 -0.039	0.99972							#	   0.77	  26.92	
    934	 -12.23	  -0.02	 -0.048	1.00026							#	   0.64	  29.14	
    935	 -11.42	  -0.19	 -0.045	1.00047							#	   0.62	  31.06	
    936	  -9.56	  -0.58	 -0.037	1.00021							#	   0.57	  30.25	
    937	  -8.29	  -0.29	 -0.041	1.00033							#	   0.44	  32.68	
    938	  -7.31	  -0.29	 -0.038	1.00033							#	   0.40	  30.66	
    939	  -6.80	  -0.40	 -0.033	1.00030							#	   0.42	  32.17	
    940	  -6.85	  -0.11	 -0.026	1.00025							#	   0.42	  32.78	
    941	  -5.87	  -0.24	 -0.027	1.00014							#	   0.36	  32.27	
    942	  -6.20	  -0.35	 -0.029	1.00026							#	   0.41	  31.41	
    943	  -6.40	  -0.42	 -0.019	1.00050							#	   0.42	  30.56	
    944	  -5.02	  -0.29	 -0.026	1.00043							#	   0.30	  31.72	
    945	  -5.26	  -0.36	 -0.025	1.00178							#	   0.30	  33.03	
    946	  -3.88	  -0.37	 -0.021	1.00020							#	   0.27	  32.88	
    947	  -4.01	  -0.30	 -0.022	1.00077							#	   0.27	  32.12	
    948	  -3.11	  -0.42	 -0.020	1.00037							#	   0.28	  32.83	
    949	  -2.81	   0.01	 -0.033	1.00011							#	   0.26	  32.12	
    950	  -2.40	  -0.19	 -0.031	1.00029							#	   0.24	  32.47	
    951	  -2.38	  -0.47	 -0.025	1.00041							#	   0.25	  31.21	
    952	  -2.74	  -0.26	 -0.030	1.00050							#	   0.27	  31.62	
    953	  -2.42	  -0.53	 -0.025	1.00046							#	   0.27	  33.03	
    954	  -2.43	  -0.12	 -0.028	1.00026							#	   0.24	  33.13	
    955	  -2.33	  -0.24	 -0.031	1.00034							#	   0.25	  32.32	
    956	  -1.81	  -0.22	 -0.023	1.00022							#	   0.22	  32.68	
    957	  -1.84	  -0.33	 -0.025	1.00029							#	   0.22	  32.53	
    958	  -1.82	  -0.25	 -0.026	1.00034							#	   0.22	  33.03	
    959	  -1.96	  -0.49	 -0.028	1.00030							#	   0.23	  33.43	
    960	  -1.16	  -0.55	 -0.027	0.99956							#	   0.31	  29.34	
    961	  -2.02	   0.05	  0.008	0.99971							#	   0.24	  34.95	
    962	  -0.51	   0.29	  0.003	0.99896							#	   0.25	  31.11	
    963	  -1.61	   0.10	  0.010	1.00051							#	   0.22	  35.61	
