      1	   0.75	  -1.54	  0.014	1.00006							#	   0.16	  66.87	
      2	   0.57	  -1.41	  0.014	1.00009							#	   0.56	  66.11	
      3	   0.61	  -1.31	  0.014	1.00004							#	   0.58	  66.16	
      4	   0.79	  -1.30	  0.016	1.00004							#	   0.60	  66.57	
      5	   0.64	  -1.28	  0.015	1.00003							#	   0.64	  66.77	
      6	   0.63	  -1.22	  0.015	1.00000							#	   0.67	  66.31	
      7	   0.57	  -1.19	  0.015	1.00000							#	   0.74	  65.76	
      8	   0.59	  -1.19	  0.015	1.00001							#	   0.88	  65.61	
      9	   0.57	  -1.20	  0.015	0.99999							#	   0.77	  65.00	
     10	   0.49	  -1.22	  0.013	1.00003							#	   0.90	  65.40	
     11	   0.35	  -1.17	  0.013	1.00000							#	   0.95	  65.15	
     12	   0.39	  -1.38	  0.012	1.00009							#	   0.97	  65.61	
     13	   0.35	  -1.28	  0.013	1.00004							#	   0.99	  64.85	
     14	   0.26	  -1.24	  0.013	1.00005							#	   0.97	  64.44	
     15	   0.21	  -1.20	  0.014	1.00005							#	   1.04	  64.95	
     16	   0.09	  -1.22	  0.015	1.00009							#	   1.20	  64.55	
     17	   0.15	  -1.29	  0.015	1.00006							#	   1.03	  65.10	
     18	   0.04	  -1.12	  0.016	1.00002							#	   1.16	  63.84	
     19	  -0.02	  -1.05	  0.014	1.00005							#	   1.24	  63.54	
     20	  -0.09	  -1.02	  0.015	1.00001							#	   1.24	  64.04	
     21	  -0.12	  -1.08	  0.016	1.00000							#	   1.25	  64.19	
     22	  -0.19	  -1.13	  0.015	1.00001							#	   1.38	  63.89	
     23	  -0.29	  -1.15	  0.016	0.99999							#	   1.29	  64.60	
     24	  -0.38	  -1.15	  0.014	1.00001							#	   1.33	  63.08	
     25	  -0.41	  -1.17	  0.013	1.00002							#	   1.40	  63.03	
     26	  -0.52	  -1.21	  0.014	1.00000							#	   1.27	  63.38	
     27	  -0.56	  -1.23	  0.012	1.00000							#	   1.36	  62.47	
     28	  -0.73	  -1.26	  0.012	1.00006							#	   1.20	  62.68	
     29	  -0.92	  -1.21	  0.011	1.00004							#	   1.40	  61.97	
     30	  -0.86	  -1.20	  0.013	1.00002							#	   1.28	  61.46	
     31	  -0.96	  -1.20	  0.013	1.00000							#	   1.20	  61.92	
     32	  -1.06	  -1.23	  0.012	1.00004							#	   1.20	  61.46	
     33	  -1.21	  -1.24	  0.013	1.00005							#	   1.22	  61.82	
     34	  -1.31	  -1.26	  0.011	1.00007							#	   1.11	  61.92	
     35	  -1.17	  -1.34	  0.014	1.00031							#	   1.01	  62.47	
     36	  -1.68	  -1.08	  0.013	1.00014							#	   1.13	  61.06	
     37	  -1.67	  -1.10	  0.012	1.00007							#	   1.19	  62.22	
     38	  -1.68	  -1.14	  0.013	1.00005							#	   1.13	  61.57	
     39	  -1.98	  -1.10	  0.014	1.00041							#	   1.26	  61.62	
     40	  -2.19	  -1.12	  0.011	1.00011							#	   1.33	  61.46	
     41	  -2.20	  -1.16	  0.013	0.99996							#	   1.13	  61.97	
     42	  -2.38	  -1.12	  0.013	0.99993							#	   1.35	  60.05	
     43	  -2.50	  -1.16	  0.010	0.99998							#	   1.30	  61.31	
     44	  -2.54	  -1.23	  0.012	0.99997							#	   1.20	  61.41	
     45	  -2.65	  -1.08	  0.012	0.99993							#	   1.24	  60.35	
     46	  -2.77	  -1.18	  0.012	0.99994							#	   1.36	  60.71	
     47	  -2.94	  -1.16	  0.011	0.99861							#	   1.49	  60.51	
     48	  -2.29	  -1.44	  0.012	0.99946							#	   1.16	  60.96	
     49	  -3.05	  -1.37	  0.012	0.99988							#	   1.35	  60.61	
     50	  -3.32	  -1.02	  0.012	1.00006							#	   1.27	  58.28	
     51	  -3.71	  -0.96	  0.012	1.00152							#	   1.18	  57.63	
     52	  -4.17	  -0.95	  0.010	1.00035							#	   1.49	  57.58	
     53	  -3.84	  -1.13	  0.011	0.99998							#	   1.34	  59.95	
     54	  -3.83	  -1.11	  0.011	0.99993							#	   1.37	  59.95	
     55	  -4.09	  -1.08	  0.011	0.99993							#	   1.56	  60.20	
     56	  -4.22	  -1.08	  0.010	0.99989							#	   1.50	  59.60	
     57	  -4.36	  -1.18	  0.010	0.99994							#	   1.44	  60.30	
     58	  -4.43	  -1.22	  0.010	0.99994							#	   1.61	  59.75	
     59	  -4.51	  -1.16	  0.011	1.00002							#	   1.49	  59.95	
     60	  -4.79	  -1.14	  0.011	1.00006							#	   1.71	  56.92	
     61	  -4.77	  -1.20	  0.010	0.99998							#	   1.45	  58.48	
     62	  -4.83	  -1.11	  0.011	0.99994							#	   1.62	  57.63	
     63	  -4.55	  -1.37	  0.012	1.00025							#	   1.49	  59.14	
     64	  -5.06	  -1.19	  0.011	0.99993							#	   1.40	  57.17	
     65	  -5.04	  -1.22	  0.010	0.99996							#	   1.60	  56.97	
     66	  -5.13	  -1.29	  0.011	0.99997							#	   1.47	  57.22	
     67	  -5.23	  -1.28	  0.011	0.99992							#	   1.36	  57.73	
     68	  -5.24	  -1.33	  0.010	0.99996							#	   1.61	  56.77	
     69	  -5.38	  -1.23	  0.009	0.99995							#	   1.52	  57.42	
     70	  -5.30	  -1.31	  0.011	0.99996							#	   1.57	  57.32	
     71	  -5.83	  -1.16	  0.010	0.99974							#	   2.16	  56.46	
     72	  -5.42	  -1.20	  0.009	0.99987							#	   1.42	  55.76	
     73	  -5.43	  -1.23	  0.009	0.99990							#	   2.04	  55.51	
     74	  -5.72	  -1.18	  0.010	0.99993							#	   1.57	  55.10	
     75	  -5.67	  -1.31	  0.010	1.00011							#	   1.73	  55.66	
     76	  -5.87	  -1.21	  0.010	1.00008							#	   1.82	  54.90	
     77	  -5.77	  -1.12	  0.011	1.00003							#	   1.60	  56.11	
     78	  -5.79	  -1.10	  0.010	1.00001							#	   1.84	  55.45	
     79	  -5.86	  -1.18	  0.009	0.99996							#	   1.45	  56.16	
     80	  -5.81	  -1.13	  0.009	1.00001							#	   1.64	  55.35	
     81	  -5.94	  -1.05	  0.010	1.00003							#	   1.38	  56.82	
     82	  -5.96	  -1.08	  0.011	0.99993							#	   1.42	  57.42	
     83	  -5.92	  -1.06	  0.008	0.99991							#	   1.31	  57.53	
     84	  -5.93	  -1.03	  0.010	0.99983							#	   1.26	  57.42	
     85	  -6.09	  -1.00	  0.009	0.99993							#	   1.33	  59.49	
     86	  -6.15	  -1.00	  0.010	0.99980							#	   1.21	  58.08	
     87	  -6.27	  -1.01	  0.008	0.99876							#	   1.34	  59.60	
     88	  -6.14	  -1.26	  0.008	0.99955							#	   1.40	  58.43	
     89	  -6.42	  -1.11	  0.008	0.99985							#	   1.44	  58.48	
     90	  -6.63	  -1.11	  0.006	0.99994							#	   1.54	  58.18	
     91	  -6.75	  -1.05	  0.008	0.99990							#	   1.56	  57.53	
     92	  -6.95	  -1.01	  0.008	0.99988							#	   1.38	  58.64	
     93	  -7.06	  -1.08	  0.007	0.99983							#	   1.58	  59.65	
     94	  -7.16	  -1.11	  0.007	0.99986							#	   1.40	  59.95	
     95	  -7.29	  -1.17	  0.008	0.99975							#	   1.55	  58.33	
     96	  -7.55	  -1.12	  0.008	0.99979							#	   1.41	  60.56	
     97	  -7.55	  -1.27	  0.008	0.99974							#	   1.36	  59.80	
     98	  -7.78	  -1.47	  0.009	0.99968							#	   1.40	  59.34	
     99	  -8.01	  -1.47	  0.009	0.99979							#	   1.05	  59.19	
    100	  -8.11	  -1.50	  0.008	0.99977							#	   0.91	  58.74	
    101	  -8.21	  -1.64	  0.009	0.99962							#	   0.95	  60.25	
    102	  -8.43	  -1.78	  0.009	0.99952							#	   1.00	  58.59	
    103	  -8.53	  -1.82	  0.008	0.99948							#	   0.88	  59.34	
    104	  -8.55	  -1.90	  0.003	0.99982							#	   0.96	  60.51	
    105	  -8.19	  -2.19	  0.014	1.00256							#	   1.04	  47.73	
    106	  -9.29	  -1.94	  0.007	0.99969							#	   1.04	  59.29	
    107	  -8.73	  -2.17	  0.006	0.99945							#	   0.91	  59.65	
    108	  -8.82	  -2.18	  0.007	0.99947							#	   0.95	  58.43	
    109	  -9.00	  -2.27	  0.007	0.99939							#	   0.96	  59.90	
    110	  -8.99	  -2.20	  0.007	0.99938							#	   0.93	  59.04	
    111	  -9.15	  -2.26	  0.007	0.99938							#	   1.00	  60.45	
    112	  -9.31	  -2.39	  0.009	0.99939							#	   1.02	  57.98	
    113	  -9.35	  -2.46	  0.006	0.99932							#	   1.11	  55.71	
    114	  -9.45	  -2.15	  0.007	0.99931							#	   1.04	  56.87	
    115	  -9.51	  -2.17	  0.005	0.99932							#	   1.05	  58.38	
    116	  -9.65	  -2.20	  0.005	0.99939							#	   1.04	  57.88	
    117	  -9.86	  -2.25	  0.005	0.99936							#	   1.11	  56.06	
    118	  -9.99	  -2.16	  0.005	0.99931							#	   1.08	  57.53	
    119	 -10.09	  -2.06	  0.005	0.99928							#	   1.06	  57.78	
    120	  -9.69	  -1.94	  0.011	0.99931							#	   1.13	  55.35	
    121	  -9.40	  -1.79	  0.008	0.99938							#	   0.90	  56.67	
    122	  -9.35	  -1.70	  0.011	0.99931							#	   0.94	  55.91	
    123	  -9.58	  -1.68	  0.009	0.99927							#	   0.96	  56.11	
    124	 -10.04	  -1.64	  0.008	0.99930							#	   1.01	  55.35	
    125	 -10.27	  -1.65	  0.007	0.99924							#	   1.04	  53.13	
    126	 -10.58	  -1.66	  0.007	0.99922							#	   1.16	  52.22	
    127	 -10.90	  -1.74	  0.008	0.99918							#	   1.14	  52.73	
    128	 -11.10	  -1.63	  0.005	0.99910							#	   1.20	  51.62	
    129	 -11.19	  -1.56	  0.004	0.99912							#	   1.11	  50.81	
    130	 -11.45	  -1.39	  0.001	0.99929							#	   1.11	  50.00	
    131	 -11.50	  -1.62	  0.003	0.99898							#	   1.16	  49.34	
    132	 -11.92	  -1.68	  0.002	0.99908							#	   1.32	  50.96	
    133	 -12.03	  -1.60	  0.004	0.99904							#	   1.23	  50.45	
    134	 -12.26	  -1.44	  0.006	0.99909							#	   1.20	  48.54	
    135	 -12.41	  -1.49	  0.005	0.99915							#	   1.18	  47.73	
    136	 -12.55	  -1.41	  0.005	0.99917							#	   1.20	  45.61	
    137	 -12.83	  -1.35	  0.004	0.99927							#	   1.33	  46.01	
    138	 -12.66	  -1.32	  0.005	0.99898							#	   1.22	  49.14	
    139	 -12.75	  -1.31	  0.006	0.99900							#	   1.20	  49.49	
    140	 -12.88	  -1.15	  0.005	0.99899							#	   1.18	  49.04	
    141	 -12.92	  -1.27	  0.004	0.99908							#	   1.24	  47.93	
    142	 -13.01	  -1.27	  0.006	0.99907							#	   1.32	  46.92	
    143	 -13.03	  -1.26	  0.004	0.99906							#	   1.25	  46.52	
    144	 -12.91	  -1.25	  0.004	0.99901							#	   1.19	  47.83	
    145	 -12.75	  -1.33	  0.004	0.99888							#	   1.15	  47.98	
    146	 -12.82	  -1.39	  0.006	0.99893							#	   1.21	  46.11	
    147	 -12.90	  -1.30	  0.002	0.99894							#	   1.26	  47.12	
    148	 -12.88	  -1.20	  0.000	0.99897							#	   1.23	  48.28	
    149	 -12.72	  -1.19	 -0.001	0.99892							#	   1.22	  47.93	
    150	 -12.57	  -1.10	 -0.003	0.99892							#	   1.21	  48.18	
    151	 -12.27	  -0.93	 -0.007	0.99889							#	   1.17	  47.78	
    152	 -12.20	  -0.83	 -0.002	0.99887							#	   1.16	  48.33	
    153	 -12.11	  -0.72	 -0.003	0.99890							#	   1.12	  48.99	
    154	 -12.22	  -0.76	 -0.000	0.99889							#	   1.15	  48.38	
    155	 -12.12	  -0.78	 -0.003	0.99888							#	   1.19	  47.93	
    156	 -12.19	  -0.69	 -0.004	0.99890							#	   1.13	  47.68	
    157	 -12.30	  -0.74	 -0.003	0.99879							#	   1.19	  46.97	
    158	 -12.28	  -0.72	 -0.001	0.99883							#	   1.19	  47.58	
    159	 -12.30	  -0.85	  0.002	0.99881							#	   1.22	  46.16	
    160	 -12.24	  -0.92	  0.006	0.99875							#	   1.15	  45.30	
    161	 -11.87	  -0.85	 -0.001	0.99885							#	   1.06	  46.97	
    162	 -11.61	  -0.78	  0.003	0.99888							#	   1.06	  44.90	
    163	 -11.74	  -0.83	  0.003	0.99886							#	   1.11	  44.90	
    164	 -11.67	  -0.89	  0.002	0.99892							#	   1.11	  47.73	
    165	 -11.68	  -0.98	  0.003	0.99895							#	   1.06	  47.58	
    166	 -11.65	  -1.00	  0.000	0.99895							#	   1.08	  46.92	
    167	 -11.47	  -1.01	 -0.000	0.99895							#	   1.06	  48.33	
    168	 -11.51	  -0.95	  0.002	0.99895							#	   1.07	  46.52	
    169	 -11.22	  -0.87	  0.003	0.99885							#	   1.08	  46.21	
    170	 -11.25	  -0.76	  0.003	0.99905							#	   1.10	  46.21	
    171	 -11.18	  -0.71	  0.002	0.99898							#	   1.09	  44.55	
    172	 -11.13	  -0.62	  0.002	0.99895							#	   1.03	  43.28	
    173	 -10.94	  -0.77	  0.000	0.99895							#	   1.01	  44.95	
    174	 -10.93	  -0.81	  0.001	0.99902							#	   1.00	  45.56	
    175	 -10.97	  -1.04	  0.001	0.99895							#	   1.07	  45.76	
    176	 -11.06	  -1.00	  0.002	0.99900							#	   1.04	  45.35	
    177	 -10.91	  -0.92	  0.003	0.99897							#	   1.04	  46.46	
    178	 -11.07	  -0.92	  0.004	0.99898							#	   1.04	  44.85	
    179	 -10.75	  -0.93	  0.004	0.99899							#	   0.99	  44.90	
    180	 -10.99	  -0.87	  0.006	0.99894							#	   1.11	  42.37	
    181	 -10.90	  -1.05	  0.003	0.99893							#	   1.01	  45.45	
    182	 -10.87	  -1.24	  0.006	0.99899							#	   1.05	  44.04	
    183	 -10.75	  -1.30	  0.002	0.99895							#	   1.03	  44.24	
    184	 -10.78	  -1.31	  0.005	0.99905							#	   0.98	  44.80	
    185	 -10.70	  -1.30	  0.002	0.99903							#	   1.00	  45.05	
    186	 -10.60	  -1.27	  0.003	0.99901							#	   0.96	  45.71	
    187	 -10.75	  -1.18	  0.006	0.99900							#	   1.04	  45.76	
    188	 -10.65	  -1.12	  0.006	0.99898							#	   1.02	  44.75	
    189	 -10.55	  -1.22	  0.005	0.99899							#	   0.99	  44.04	
    190	 -10.47	  -1.33	  0.008	0.99898							#	   0.96	  42.63	
    191	 -10.47	  -1.32	  0.003	0.99902							#	   0.93	  45.00	
    192	 -10.53	  -1.40	  0.007	0.99903							#	   0.99	  43.28	
    193	 -10.47	  -1.40	  0.007	0.99898							#	   1.05	  43.23	
    194	 -10.47	  -1.39	  0.008	0.99901							#	   0.98	  42.98	
    195	 -10.26	  -1.37	  0.008	0.99898							#	   0.92	  44.19	
    196	 -10.18	  -1.33	  0.013	0.99897							#	   0.90	  43.38	
    197	 -10.25	  -1.40	  0.012	0.99895							#	   0.94	  43.69	
    198	 -10.59	  -1.28	  0.013	0.99903							#	   0.90	  44.19	
    199	 -10.42	  -1.28	  0.010	0.99895							#	   0.98	  44.29	
    200	 -10.31	  -1.30	  0.011	0.99898							#	   0.97	  44.04	
    201	 -10.57	  -1.26	  0.009	0.99896							#	   1.00	  43.13	
    202	 -10.58	  -1.35	  0.010	0.99900							#	   0.99	  42.68	
    203	 -10.08	  -1.35	  0.009	0.99897							#	   0.91	  42.63	
    204	  -9.90	  -1.36	  0.009	0.99907							#	   0.90	  42.12	
    205	  -9.83	  -1.38	  0.008	0.99904							#	   0.96	  42.02	
    206	 -10.06	  -1.39	  0.007	0.99909							#	   0.94	  41.92	
    207	 -10.04	  -1.50	  0.005	0.99894							#	   0.95	  41.92	
    208	 -10.23	  -1.46	  0.006	0.99900							#	   0.99	  40.35	
    209	 -10.09	  -1.61	  0.005	0.99890							#	   1.00	  41.21	
    210	 -10.18	  -1.60	  0.008	0.99893							#	   1.02	  39.90	
    211	 -10.24	  -1.67	  0.008	0.99889							#	   1.03	  39.85	
    212	 -10.31	  -1.61	  0.007	0.99893							#	   0.98	  40.05	
    213	 -10.06	  -1.70	  0.005	0.99885							#	   0.94	  40.05	
    214	 -10.06	  -1.75	  0.003	0.99886							#	   0.96	  39.39	
    215	 -10.07	  -1.76	  0.005	0.99892							#	   0.93	  40.25	
    216	 -10.01	  -1.83	  0.004	0.99887							#	   0.94	  40.05	
    217	 -10.21	  -1.80	  0.005	0.99889							#	   0.96	  40.56	
    218	 -10.21	  -1.81	  0.007	0.99890							#	   0.97	  38.54	
    219	 -10.10	  -1.82	  0.004	0.99901							#	   0.93	  41.72	
    220	 -10.09	  -1.88	  0.006	0.99904							#	   0.95	  39.55	
    221	  -9.98	  -1.80	  0.007	0.99896							#	   0.89	  40.15	
    222	  -9.92	  -1.70	  0.006	0.99899							#	   0.88	  38.69	
    223	  -9.99	  -1.61	  0.003	0.99907							#	   0.89	  39.49	
    224	 -10.00	  -1.70	  0.007	0.99910							#	   0.91	  38.89	
    225	  -9.96	  -1.67	  0.005	0.99899							#	   0.92	  39.44	
    226	  -9.93	  -1.51	  0.003	0.99909							#	   0.88	  38.89	
    227	  -9.83	  -1.49	  0.004	0.99900							#	   0.90	  38.64	
    228	  -9.75	  -1.46	  0.002	0.99899							#	   0.89	  38.23	
    229	  -9.98	  -1.56	  0.004	0.99913							#	   0.89	  39.65	
    230	  -9.96	  -1.58	  0.003	0.99911							#	   0.91	  38.54	
    231	  -9.83	  -1.68	  0.003	0.99900							#	   0.91	  40.15	
    232	  -9.99	  -1.72	  0.002	0.99911							#	   0.91	  39.65	
    233	 -10.01	  -1.60	  0.001	0.99911							#	   0.91	  40.81	
    234	 -10.02	  -1.59	  0.002	0.99911							#	   0.87	  39.44	
    235	 -10.14	  -1.66	  0.005	0.99907							#	   0.91	  39.44	
    236	 -10.18	  -1.52	  0.001	0.99911							#	   0.90	  38.43	
    237	 -10.07	  -1.54	  0.003	0.99915							#	   0.86	  39.09	
    238	 -10.11	  -1.47	  0.002	0.99917							#	   0.95	  38.43	
    239	 -10.06	  -1.52	  0.003	0.99910							#	   0.85	  38.99	
    240	 -10.12	  -1.45	  0.003	0.99912							#	   0.94	  33.38	
    241	 -10.09	  -1.54	  0.002	0.99907							#	   0.90	  38.69	
    242	 -10.11	  -1.58	  0.006	0.99907							#	   0.94	  36.16	
    243	 -10.09	  -1.58	  0.005	0.99906							#	   0.90	  37.37	
    244	 -10.01	  -1.48	  0.003	0.99905							#	   0.93	  38.28	
    245	 -10.02	  -1.56	  0.002	0.99908							#	   0.87	  37.17	
    246	 -10.01	  -1.58	  0.003	0.99905							#	   0.85	  34.80	
    247	 -10.05	  -1.57	  0.001	0.99908							#	   0.90	  37.83	
    248	 -10.25	  -1.66	  0.003	0.99898							#	   1.03	  34.80	
    249	 -10.21	  -1.75	  0.007	0.99901							#	   0.87	  35.76	
    250	 -10.22	  -1.45	  0.001	0.99907							#	   0.87	  36.46	
    251	 -10.23	  -1.41	  0.000	0.99912							#	   0.79	  35.66	
    252	  -9.75	  -1.38	  0.003	0.99912							#	   0.75	  35.40	
    253	  -9.68	  -1.30	 -0.002	0.99908							#	   0.80	  36.77	
    254	  -9.77	  -1.32	  0.002	0.99913							#	   0.85	  35.86	
    255	  -9.95	  -1.22	 -0.002	0.99913							#	   0.84	  37.47	
    256	 -10.12	  -1.22	 -0.001	0.99914							#	   0.85	  38.59	
    257	 -10.27	  -1.28	  0.003	0.99916							#	   0.81	  38.23	
    258	 -10.16	  -1.27	  0.002	0.99908							#	   0.87	  35.96	
    259	 -10.10	  -1.35	  0.000	0.99904							#	   0.90	  37.17	
    260	 -10.19	  -1.29	  0.001	0.99909							#	   0.88	  34.39	
    261	 -10.39	  -1.38	  0.002	0.99909							#	   0.90	  35.71	
    262	 -10.37	  -1.39	  0.000	0.99891							#	   0.91	  31.11	
    263	 -10.70	  -1.40	 -0.001	0.99901							#	   0.91	  33.69	
    264	 -10.59	  -1.41	  0.001	0.99897							#	   0.91	  33.03	
    265	 -10.48	  -1.40	 -0.004	0.99900							#	   0.92	  33.43	
    266	 -10.35	  -1.34	 -0.004	0.99891							#	   0.88	  33.08	
    267	 -10.48	  -1.23	 -0.007	0.99900							#	   0.92	  34.95	
    268	 -10.62	  -1.17	 -0.005	0.99901							#	   0.87	  33.43	
    269	 -10.51	  -1.05	 -0.009	0.99894							#	   0.83	  33.54	
    270	 -10.62	  -1.18	 -0.009	0.99904							#	   0.83	  34.44	
    271	 -10.68	  -1.09	 -0.008	0.99905							#	   0.79	  34.70	
    272	 -10.44	  -1.14	 -0.007	0.99892							#	   0.83	  31.11	
    273	 -10.28	  -1.07	 -0.008	0.99881							#	   0.85	  31.92	
    274	 -10.59	  -1.07	 -0.008	0.99891							#	   0.87	  32.93	
    275	 -10.69	  -1.17	 -0.006	0.99899							#	   0.89	  34.04	
    276	 -10.84	  -1.06	 -0.008	0.99889							#	   0.86	  34.19	
    277	 -10.92	  -1.01	 -0.005	0.99891							#	   0.88	  33.48	
    278	 -10.77	  -1.03	 -0.011	0.99885							#	   0.88	  29.90	
    279	 -10.79	  -1.32	 -0.004	0.99894							#	   0.95	  34.09	
    280	 -10.96	  -1.07	 -0.008	0.99891							#	   0.83	  29.85	
    281	 -10.91	  -1.28	 -0.002	0.99886							#	   0.81	  34.39	
    282	 -10.70	  -1.13	 -0.007	0.99887							#	   0.86	  30.56	
    283	 -10.51	  -1.21	 -0.005	0.99881							#	   0.86	  31.87	
    284	 -10.68	  -1.07	 -0.009	0.99897							#	   0.89	  30.15	
    285	 -10.74	  -1.08	 -0.007	0.99896							#	   0.86	  34.49	
    286	 -10.66	  -1.05	 -0.004	0.99881							#	   0.85	  31.06	
    287	 -10.88	  -1.06	 -0.006	0.99899							#	   0.82	  34.19	
    288	 -10.80	  -0.86	 -0.009	0.99886							#	   0.85	  30.05	
    289	 -10.67	  -0.94	 -0.005	0.99882							#	   0.83	  33.48	
    290	 -10.82	  -1.09	  0.000	0.99884							#	   0.85	  32.17	
    291	 -10.95	  -1.03	  0.000	0.99878							#	   0.87	  31.16	
    292	 -10.94	  -0.89	 -0.005	0.99883							#	   0.82	  31.41	
    293	 -10.95	  -0.99	 -0.005	0.99892							#	   0.85	  33.43	
    294	 -10.79	  -0.82	 -0.009	0.99871							#	   0.91	  28.38	
    295	 -11.16	  -1.00	 -0.001	0.99882							#	   0.89	  33.38	
    296	 -11.17	  -0.74	 -0.007	0.99878							#	   0.83	  31.06	
    297	 -11.05	  -0.85	 -0.003	0.99877							#	   0.87	  31.72	
    298	 -11.02	  -0.67	 -0.007	0.99881							#	   0.84	  32.32	
    299	 -11.18	  -0.62	 -0.003	0.99903							#	   0.86	  34.95	
    300	 -10.87	  -0.71	 -0.000	0.99854							#	   0.99	  24.29	
    301	 -11.21	  -0.81	 -0.002	0.99879							#	   0.71	  31.41	
    302	 -11.42	  -0.93	  0.002	0.99881							#	   0.81	  31.46	
    303	 -11.54	  -1.08	  0.007	0.99879							#	   0.84	  30.05	
    304	 -11.61	  -0.96	  0.002	0.99878							#	   0.85	  29.55	
    305	 -11.76	  -1.01	  0.004	0.99891							#	   0.89	  31.77	
    306	 -11.95	  -1.01	  0.002	0.99908							#	   0.82	  33.84	
    307	 -11.82	  -0.99	  0.006	0.99894							#	   0.89	  31.21	
    308	 -11.81	  -0.89	  0.004	0.99896							#	   0.88	  28.64	
    309	 -12.04	  -0.98	  0.006	0.99904							#	   0.90	  32.32	
    310	 -11.90	  -1.01	  0.005	0.99901							#	   0.91	  32.98	
    311	 -11.81	  -1.03	  0.004	0.99905							#	   0.86	  31.31	
    312	 -11.80	  -1.03	  0.007	0.99899							#	   0.90	  31.82	
    313	 -11.64	  -1.07	  0.010	0.99901							#	   0.90	  30.56	
    314	 -11.58	  -0.95	  0.010	0.99896							#	   0.91	  30.10	
    315	 -11.58	  -0.97	  0.011	0.99899							#	   0.87	  30.96	
    316	 -11.54	  -1.06	  0.010	0.99909							#	   0.92	  31.21	
    317	 -11.51	  -1.07	  0.011	0.99913							#	   0.86	  31.87	
    318	 -11.48	  -0.99	  0.013	0.99921							#	   0.95	  31.21	
    319	 -11.46	  -0.96	  0.011	0.99907							#	   0.86	  31.77	
    320	 -11.44	  -1.04	  0.012	0.99914							#	   0.91	  31.92	
    321	 -11.37	  -0.89	  0.010	0.99910							#	   0.95	  32.02	
    322	 -11.29	  -1.03	  0.009	0.99915							#	   0.90	  31.46	
    323	 -11.44	  -0.89	  0.014	0.99917							#	   0.92	  30.96	
    324	 -11.35	  -0.87	  0.010	0.99913							#	   0.83	  31.46	
    325	 -11.13	  -0.88	  0.008	0.99911							#	   0.80	  30.91	
    326	 -11.29	  -0.91	  0.011	0.99920							#	   0.88	  31.16	
    327	 -11.39	  -0.90	  0.012	0.99921							#	   0.85	  31.41	
    328	 -11.41	  -0.88	  0.008	0.99928							#	   0.85	  32.83	
    329	 -11.53	  -0.84	  0.008	0.99938							#	   0.85	  32.53	
    330	 -11.36	  -0.72	  0.006	0.99911							#	   0.86	  31.92	
    331	 -11.35	  -0.66	  0.005	0.99910							#	   0.88	  30.56	
    332	 -11.40	  -0.66	  0.008	0.99916							#	   0.89	  31.62	
    333	 -11.26	  -0.62	  0.004	0.99920							#	   0.84	  31.36	
    334	 -11.22	  -0.62	  0.007	0.99915							#	   0.86	  30.86	
    335	 -11.27	  -0.68	  0.007	0.99930							#	   0.84	  31.87	
    336	 -11.27	  -0.68	  0.004	0.99929							#	   0.87	  31.82	
    337	 -11.32	  -0.65	  0.005	0.99924							#	   0.90	  30.15	
    338	 -11.47	  -0.65	  0.006	0.99929							#	   0.86	  31.06	
    339	 -11.57	  -0.61	  0.006	0.99935							#	   0.89	  29.60	
    340	 -11.42	  -0.57	  0.003	0.99924							#	   0.85	  31.41	
    341	 -11.19	  -0.54	  0.002	0.99923							#	   0.80	  31.46	
    342	 -11.29	  -0.45	  0.001	0.99930							#	   0.85	  30.61	
    343	 -11.33	  -0.50	  0.000	0.99930							#	   0.87	  29.55	
    344	 -11.23	  -0.48	 -0.000	0.99922							#	   0.86	  29.75	
    345	 -11.46	  -0.56	  0.003	0.99921							#	   0.93	  30.30	
    346	 -11.73	  -0.64	  0.007	0.99924							#	   0.88	  29.49	
    347	 -11.87	  -0.73	  0.004	0.99916							#	   0.98	  31.01	
    348	 -12.03	  -0.77	  0.007	0.99925							#	   0.93	  32.58	
    349	 -12.07	  -0.71	  0.008	0.99916							#	   1.01	  31.26	
    350	 -12.23	  -0.50	  0.008	0.99945							#	   0.98	  30.71	
    351	 -12.30	  -0.53	  0.008	0.99945							#	   1.02	  28.89	
    352	 -12.22	  -0.59	  0.006	0.99940							#	   0.95	  28.59	
    353	 -12.40	  -0.35	  0.004	0.99984							#	   0.94	  29.09	
    354	 -12.45	  -0.49	  0.007	0.99985							#	   1.06	  28.89	
    355	 -12.61	  -0.49	  0.007	0.99990							#	   0.96	  29.39	
    356	 -12.65	  -0.45	  0.010	0.99996							#	   1.06	  27.27	
    357	 -12.77	  -0.60	  0.010	0.99994							#	   0.94	  27.88	
    358	 -12.74	  -0.45	  0.006	0.99990							#	   1.08	  26.11	
    359	 -12.54	  -0.45	  0.002	0.99983							#	   0.95	  26.87	
    360	 -12.30	  -0.37	 -0.005	0.99901							#	   1.06	  22.58	
    361	 -12.22	  -0.55	 -0.002	0.99884							#	   0.94	  28.13	
    362	 -11.88	  -0.49	  0.000	0.99902							#	   0.84	  27.32	
    363	 -11.70	  -0.43	 -0.003	0.99905							#	   0.88	  26.97	
    364	 -11.44	  -0.42	 -0.003	0.99906							#	   0.83	  27.83	
    365	 -11.36	  -0.33	 -0.007	0.99907							#	   0.90	  27.07	
    366	 -11.29	  -0.37	 -0.007	0.99907							#	   0.88	  28.54	
    367	 -11.14	  -0.38	 -0.005	0.99903							#	   0.88	  27.88	
    368	 -10.98	  -0.35	 -0.007	0.99909							#	   0.84	  27.98	
    369	 -11.13	  -0.28	 -0.006	0.99927							#	   0.86	  27.63	
    370	 -11.14	  -0.19	 -0.008	0.99924							#	   0.97	  27.47	
    371	 -11.18	  -0.10	 -0.007	0.99931							#	   0.84	  28.08	
    372	 -12.46	  -0.08	 -0.006	0.99933							#	   1.08	  26.01	
    373	 -12.41	  -0.15	 -0.006	0.99909							#	   0.86	  26.82	
    374	 -12.49	   0.02	 -0.008	0.99917							#	   1.02	  28.03	
    375	 -12.22	  -0.07	 -0.003	0.99910							#	   0.98	  28.33	
    376	 -12.23	  -0.06	 -0.001	0.99894							#	   0.96	  27.78	
    377	 -12.27	  -0.04	 -0.002	0.99924							#	   0.86	  29.70	
    378	 -11.22	  -0.01	 -0.006	0.99929							#	   0.71	  28.38	
    379	 -10.90	   0.13	 -0.010	0.99905							#	   0.79	  27.17	
    380	  -9.69	   0.24	 -0.010	0.99936							#	   0.63	  30.61	
    381	  -9.95	   0.22	 -0.006	0.99922							#	   0.70	  29.60	
    382	 -10.18	   0.12	 -0.004	0.99933							#	   0.69	  30.81	
    383	 -10.24	   0.09	 -0.005	0.99937							#	   0.69	  31.92	
    384	 -10.49	  -0.01	  0.000	0.99934							#	   0.77	  30.71	
    385	 -10.77	  -0.06	  0.001	0.99927							#	   0.89	  29.24	
    386	 -10.81	  -0.05	 -0.002	0.99927							#	   0.88	  30.05	
    387	 -10.71	   0.02	 -0.004	0.99923							#	   0.78	  29.29	
    388	 -10.73	  -0.02	 -0.002	0.99926							#	   0.79	  29.04	
    389	 -10.89	  -0.08	 -0.001	0.99926							#	   0.79	  29.65	
    390	 -11.03	   0.04	 -0.004	0.99932							#	   0.84	  30.56	
    391	 -10.94	  -0.03	 -0.004	0.99934							#	   0.85	  29.65	
    392	 -11.05	   0.01	 -0.005	0.99923							#	   0.87	  30.51	
    393	 -11.16	   0.00	 -0.002	0.99927							#	   0.87	  30.05	
    394	 -11.29	  -0.01	 -0.004	0.99924							#	   0.84	  30.35	
    395	 -11.46	  -0.13	 -0.002	0.99928							#	   0.92	  28.13	
    396	 -11.76	  -0.12	 -0.001	0.99968							#	   0.93	  28.43	
    397	 -11.83	  -0.17	 -0.002	0.99940							#	   0.87	  27.98	
    398	 -12.11	  -0.09	  0.005	0.99949							#	   0.88	  28.69	
    399	 -12.30	  -0.13	  0.010	0.99941							#	   0.92	  28.89	
    400	 -12.29	  -0.16	  0.006	0.99945							#	   1.00	  29.09	
    401	 -12.27	  -0.24	  0.008	0.99943							#	   1.00	  27.68	
    402	 -12.29	  -0.16	  0.009	0.99943							#	   0.91	  28.48	
    403	 -12.19	  -0.30	  0.011	0.99925							#	   0.93	  28.94	
    404	 -12.14	  -0.38	  0.010	0.99923							#	   0.98	  27.63	
    405	 -12.19	  -0.52	  0.013	0.99928							#	   1.04	  26.21	
    406	 -12.13	  -0.49	  0.014	0.99919							#	   0.99	  27.02	
    407	 -12.05	  -0.40	  0.010	0.99916							#	   0.93	  28.08	
    408	 -11.99	  -0.38	  0.015	0.99905							#	   0.95	  28.84	
    409	 -11.89	  -0.49	  0.014	0.99886							#	   1.00	  27.32	
    410	 -12.08	  -0.48	  0.015	0.99892							#	   1.12	  27.83	
    411	 -12.37	  -0.39	  0.013	0.99898							#	   1.08	  27.88	
    412	 -12.24	  -0.42	  0.012	0.99890							#	   0.97	  29.09	
    413	 -12.27	  -0.39	  0.012	0.99892							#	   1.02	  28.84	
    414	 -12.28	  -0.26	  0.016	0.99895							#	   1.05	  29.19	
    415	 -12.44	  -0.30	  0.018	0.99894							#	   1.10	  27.73	
    416	 -12.46	  -0.21	  0.018	0.99898							#	   1.01	  28.79	
    417	 -12.44	  -0.19	  0.022	0.99889							#	   1.00	  27.73	
    418	 -12.37	  -0.17	  0.022	0.99887							#	   1.11	  26.82	
    419	 -12.47	  -0.19	  0.024	0.99896							#	   1.19	  27.12	
    420	 -12.52	   0.16	  0.017	0.99884							#	   1.19	  17.88	
    421	 -12.26	  -0.03	  0.023	0.99898							#	   0.92	  25.91	
    422	 -12.25	   0.04	  0.025	0.99907							#	   0.93	  23.74	
    423	 -12.03	  -0.11	  0.024	0.99901							#	   1.11	  23.08	
    424	 -12.06	  -0.14	  0.024	0.99895							#	   1.07	  24.70	
    425	 -11.77	  -0.11	  0.022	0.99900							#	   0.99	  23.28	
    426	 -11.82	  -0.04	  0.025	0.99902							#	   0.94	  25.91	
    427	 -11.75	  -0.16	  0.025	0.99894							#	   1.03	  24.65	
    428	 -11.52	  -0.30	  0.030	0.99893							#	   1.15	  24.75	
    429	 -11.51	  -0.24	  0.027	0.99906							#	   0.99	  24.85	
    430	 -10.84	  -0.59	  0.028	0.99881							#	   0.94	  23.79	
    431	 -11.31	  -0.47	  0.026	0.99887							#	   1.00	  24.95	
    432	 -11.66	  -0.26	  0.027	0.99886							#	   1.08	  23.59	
    433	 -11.74	   0.14	  0.024	0.99895							#	   1.17	  23.64	
    434	 -11.94	   0.22	  0.019	0.99889							#	   1.30	  21.97	
    435	 -12.12	   0.21	  0.023	0.99872							#	   1.08	  22.02	
    436	 -12.19	   0.62	  0.016	0.99870							#	   1.14	  22.68	
    437	 -12.34	   0.61	  0.019	0.99859							#	   1.16	  23.74	
    438	 -12.55	   0.52	  0.016	0.99857							#	   1.31	  22.07	
    439	 -12.48	   0.65	  0.017	0.99851							#	   1.18	  21.97	
    440	 -12.72	   0.59	  0.021	0.99882							#	   1.15	  23.18	
    441	 -12.89	   0.72	  0.022	0.99923							#	   1.13	  22.98	
    442	 -12.87	   0.75	  0.024	0.99929							#	   1.20	  23.13	
    443	 -12.64	   0.61	  0.023	0.99933							#	   1.20	  21.06	
    444	 -12.90	   0.67	  0.025	0.99951							#	   1.16	  22.68	
    445	 -12.78	   0.65	  0.023	0.99981							#	   1.07	  24.19	
    446	 -12.77	   0.87	  0.026	1.00007							#	   1.11	  24.04	
    447	 -12.74	   0.80	  0.029	1.00013							#	   1.19	  23.08	
    448	 -12.63	   0.77	  0.026	1.00009							#	   1.06	  25.61	
    449	 -12.29	   0.66	  0.021	1.00019							#	   1.01	  25.30	
    450	 -12.32	   0.66	  0.023	1.00025							#	   0.98	  26.01	
    451	 -12.33	   0.73	  0.022	1.00022							#	   0.99	  26.97	
    452	 -12.09	   0.80	  0.024	1.00088							#	   1.05	  30.00	
    453	 -11.65	   0.79	  0.021	1.00104							#	   0.95	  29.75	
    454	 -11.52	   0.70	  0.022	1.00103							#	   0.94	  28.48	
    455	 -11.65	   0.70	  0.022	1.00076							#	   0.94	  31.92	
    456	 -11.56	   0.64	  0.021	1.00075							#	   0.88	  32.83	
    457	 -11.40	   0.59	  0.022	1.00073							#	   0.92	  33.74	
    458	 -11.37	   0.52	  0.022	1.00071							#	   0.95	  33.54	
    459	 -11.36	   0.48	  0.020	1.00080							#	   0.96	  32.07	
    460	 -11.09	   0.43	  0.021	1.00083							#	   0.90	  33.03	
    461	 -11.11	   0.60	  0.024	1.00077							#	   0.91	  33.18	
    462	 -10.89	   0.59	  0.022	1.00089							#	   0.91	  31.57	
    463	 -10.89	   0.66	  0.023	1.00082							#	   0.90	  32.98	
    464	 -10.76	   0.67	  0.024	1.00079							#	   0.88	  33.69	
    465	 -10.85	   0.63	  0.025	1.00079							#	   0.88	  33.13	
    466	 -10.77	   0.71	  0.022	1.00085							#	   0.87	  33.18	
    467	 -10.64	   0.74	  0.021	1.00079							#	   0.89	  33.03	
    468	 -10.50	   0.81	  0.024	1.00076							#	   0.87	  34.44	
    469	 -10.64	   0.83	  0.024	1.00077							#	   0.89	  34.49	
    470	 -10.67	   0.91	  0.026	1.00077							#	   0.86	  34.60	
    471	 -10.92	   0.87	  0.024	1.00076							#	   0.87	  34.70	
    472	 -10.94	   0.75	  0.024	1.00073							#	   0.91	  34.49	
    473	 -10.90	   0.87	  0.025	1.00071							#	   0.96	  35.25	
    474	 -10.71	   0.76	  0.023	1.00079							#	   0.91	  34.24	
    475	 -10.83	   0.81	  0.023	1.00083							#	   0.93	  34.44	
    476	 -11.11	   0.79	  0.025	1.00074							#	   0.92	  35.45	
    477	 -11.18	   0.76	  0.023	1.00074							#	   0.92	  35.45	
    478	 -11.16	   0.60	  0.019	1.00079							#	   0.96	  33.69	
    479	 -11.19	   0.65	  0.023	1.00059							#	   1.02	  34.49	
    480	 -11.17	   0.63	  0.018	1.00081							#	   0.98	  28.08	
    481	 -11.37	   0.76	  0.021	1.00075							#	   0.89	  34.70	
    482	 -10.81	   0.72	  0.016	1.00090							#	   0.83	  30.86	
    483	 -11.08	   0.79	  0.016	1.00084							#	   0.87	  31.57	
    484	 -10.94	   0.65	  0.016	1.00089							#	   0.95	  31.77	
    485	 -11.07	   0.87	  0.018	1.00082							#	   0.97	  32.47	
    486	 -11.03	   0.84	  0.016	1.00074							#	   0.89	  34.49	
    487	 -10.78	   0.88	  0.013	1.00080							#	   0.82	  32.88	
    488	 -10.64	   0.98	  0.016	1.00081							#	   0.80	  32.58	
    489	 -10.62	   0.99	  0.014	1.00084							#	   0.86	  32.68	
    490	 -10.69	   1.00	  0.014	1.00079							#	   0.91	  33.03	
    491	 -10.60	   1.02	  0.013	1.00072							#	   0.88	  34.49	
    492	 -10.33	   1.14	  0.015	1.00080							#	   0.82	  33.23	
    493	 -10.42	   1.02	  0.013	1.00073							#	   0.79	  34.55	
    494	 -10.30	   0.99	  0.012	1.00079							#	   0.82	  34.09	
    495	 -10.41	   0.99	  0.011	1.00078							#	   0.90	  34.65	
    496	 -10.33	   0.94	  0.013	1.00082							#	   0.84	  35.10	
    497	 -10.66	   1.03	  0.013	1.00073							#	   0.92	  35.25	
    498	 -10.65	   1.05	  0.014	1.00077							#	   0.84	  34.75	
    499	 -10.52	   1.06	  0.010	1.00082							#	   0.87	  34.65	
    500	 -10.40	   1.15	  0.010	1.00089							#	   0.88	  33.54	
    501	 -10.45	   1.22	  0.011	1.00090							#	   0.93	  32.47	
    502	 -10.44	   1.32	  0.011	1.00094							#	   0.91	  32.58	
    503	 -10.22	   1.25	  0.007	1.00093							#	   0.86	  32.47	
    504	 -10.10	   1.33	  0.007	1.00097							#	   0.82	  32.98	
    505	 -10.04	   1.64	  0.010	1.00097							#	   0.82	  30.86	
    506	 -10.20	   1.57	  0.008	1.00093							#	   0.87	  31.87	
    507	 -10.24	   1.64	  0.013	1.00088							#	   0.88	  33.59	
    508	 -10.20	   1.70	  0.012	1.00083							#	   0.94	  34.19	
    509	 -10.36	   1.67	  0.011	1.00077							#	   0.83	  35.15	
    510	 -10.25	   1.59	  0.006	1.00087							#	   0.86	  32.78	
    511	 -10.31	   1.73	  0.011	1.00085							#	   0.89	  33.99	
    512	 -10.38	   1.73	  0.011	1.00091							#	   0.95	  33.03	
    513	 -10.10	   1.72	  0.008	1.00110							#	   0.90	  31.11	
    514	 -10.30	   1.73	  0.010	1.00100							#	   0.94	  31.26	
    515	 -10.46	   1.72	  0.008	1.00097							#	   0.90	  31.67	
    516	 -10.28	   1.84	  0.013	1.00101							#	   0.87	  31.31	
    517	 -10.44	   1.82	  0.013	1.00093							#	   0.92	  33.08	
    518	  -9.93	   1.82	  0.009	1.00109							#	   0.92	  31.82	
    519	 -10.06	   1.73	  0.010	1.00102							#	   0.92	  31.11	
    520	 -10.04	   1.75	  0.013	1.00101							#	   0.92	  31.31	
    521	 -10.44	   1.77	  0.014	1.00082							#	   0.89	  35.25	
    522	 -10.30	   1.65	  0.012	1.00098							#	   0.86	  32.98	
    523	 -10.34	   1.66	  0.013	1.00101							#	   0.91	  32.53	
    524	 -10.36	   1.49	  0.010	1.00102							#	   0.96	  32.83	
    525	 -10.15	   1.41	  0.009	1.00103							#	   0.87	  33.74	
    526	 -10.12	   1.47	  0.012	1.00104							#	   0.87	  33.74	
    527	 -10.02	   1.29	  0.011	1.00098							#	   0.80	  33.64	
    528	  -9.91	   1.32	  0.011	1.00099							#	   0.77	  33.13	
    529	 -10.02	   1.21	  0.011	1.00097							#	   0.83	  34.65	
    530	 -10.31	   1.21	  0.011	1.00091							#	   0.96	  35.56	
    531	 -10.09	   1.23	  0.011	1.00098							#	   0.83	  34.34	
    532	 -10.13	   1.29	  0.012	1.00094							#	   0.80	  33.89	
    533	  -9.91	   1.32	  0.011	1.00104							#	   0.81	  33.69	
    534	 -10.07	   1.20	  0.011	1.00092							#	   0.79	  35.96	
    535	 -10.22	   1.26	  0.009	1.00102							#	   0.90	  34.60	
    536	 -10.30	   1.31	  0.010	1.00097							#	   0.90	  34.44	
    537	 -10.32	   1.50	  0.011	1.00109							#	   0.93	  33.33	
    538	 -10.27	   1.45	  0.008	1.00105							#	   0.86	  32.63	
    539	 -10.32	   1.44	  0.007	1.00111							#	   0.90	  33.13	
    540	 -10.02	   1.46	  0.007	1.00117							#	   0.92	  30.56	
    541	 -10.24	   1.44	  0.009	1.00112							#	   0.94	  33.43	
    542	 -10.06	   1.35	  0.007	1.00116							#	   0.92	  30.96	
    543	 -10.35	   1.21	  0.010	1.00103							#	   0.87	  33.38	
    544	 -10.19	   1.15	  0.008	1.00111							#	   0.85	  31.16	
    545	 -10.37	   0.99	  0.008	1.00117							#	   0.86	  32.88	
    546	 -10.00	   0.87	  0.009	1.00132							#	   0.90	  32.17	
    547	  -9.93	   0.85	  0.010	1.00133							#	   0.98	  32.02	
    548	 -10.11	   0.78	  0.010	1.00123							#	   0.87	  32.93	
    549	  -9.97	   0.70	  0.008	1.00131							#	   0.83	  32.32	
    550	 -10.14	   0.66	  0.008	1.00118							#	   0.82	  33.64	
    551	 -10.28	   0.43	  0.001	1.00106							#	   0.88	  34.85	
    552	 -10.25	   0.43	  0.006	1.00109							#	   0.95	  35.56	
    553	 -10.38	   0.44	  0.006	1.00115							#	   0.95	  34.14	
    554	 -10.41	   0.57	  0.007	1.00123							#	   1.02	  33.48	
    555	 -10.64	   0.63	  0.007	1.00119							#	   0.92	  35.56	
    556	 -10.86	   0.66	  0.005	1.00114							#	   0.98	  35.81	
    557	 -11.07	   0.67	  0.004	1.00116							#	   1.07	  35.10	
    558	 -11.01	   0.75	  0.009	1.00135							#	   1.02	  34.75	
    559	 -11.06	   0.65	  0.005	1.00132							#	   1.10	  34.34	
    560	 -11.44	   0.89	  0.008	1.00140							#	   1.14	  33.33	
    561	 -11.64	   0.63	  0.004	1.00126							#	   1.01	  34.34	
    562	 -11.45	   0.65	  0.004	1.00143							#	   1.05	  34.75	
    563	 -11.67	   0.64	  0.001	1.00137							#	   1.11	  34.70	
    564	 -11.93	   0.65	  0.000	1.00142							#	   1.18	  35.35	
    565	 -12.76	   0.61	 -0.002	1.00148							#	   1.22	  35.30	
    566	 -13.38	   0.75	 -0.001	1.00167							#	   1.28	  34.19	
    567	 -14.17	   0.55	 -0.009	1.00168							#	   1.34	  34.49	
    568	 -14.79	   0.76	 -0.004	1.00179							#	   1.41	  34.29	
    569	 -15.29	   0.89	 -0.007	1.00181							#	   1.41	  31.52	
    570	 -15.84	   0.95	 -0.006	1.00186							#	   1.50	  32.63	
    571	 -16.47	   1.26	 -0.001	1.00188							#	   1.47	  32.17	
    572	 -16.78	   1.16	 -0.008	1.00176							#	   1.50	  31.67	
    573	 -17.30	   1.36	  0.001	1.00184							#	   1.79	  31.31	
    574	 -17.47	   1.29	 -0.002	1.00177							#	   1.49	  32.07	
    575	 -17.69	   1.22	 -0.006	1.00177							#	   1.44	  31.41	
    576	 -17.81	   1.43	 -0.001	1.00183							#	   1.74	  31.97	
    577	 -17.81	   1.36	 -0.008	1.00165							#	   1.57	  31.67	
    578	 -18.01	   1.38	 -0.012	1.00163							#	   1.45	  32.32	
    579	 -18.51	   1.39	 -0.015	1.00147							#	   1.82	  32.53	
    580	 -18.70	   1.50	 -0.009	1.00168							#	   1.69	  32.27	
    581	 -19.21	   1.27	 -0.020	1.00138							#	   1.49	  30.91	
    582	 -19.57	   1.46	 -0.015	1.00204							#	   1.94	  32.12	
    583	 -20.20	   1.19	 -0.025	1.00166							#	   1.79	  30.86	
    584	 -20.90	   1.33	 -0.028	1.00187							#	   1.75	  30.66	
    585	 -21.83	   1.19	 -0.022	1.00140							#	   2.30	  30.15	
    586	 -22.41	   1.08	 -0.030	1.00151							#	   1.78	  30.81	
    587	 -22.55	   1.19	 -0.023	1.00153							#	   2.19	  30.05	
    588	 -22.97	   1.32	 -0.023	1.00168							#	   2.02	  31.67	
    589	 -23.34	   1.17	 -0.022	1.00156							#	   2.21	  29.39	
    590	 -23.50	   1.36	 -0.018	1.00162							#	   2.28	  32.47	
    591	 -23.52	   1.21	 -0.020	1.00151							#	   2.05	  29.34	
    592	 -23.37	   1.33	 -0.017	1.00149							#	   2.26	  31.52	
    593	 -23.61	   1.13	 -0.018	1.00126							#	   2.07	  30.20	
    594	 -23.86	   1.23	 -0.019	1.00131							#	   2.21	  30.66	
    595	 -23.90	   1.18	 -0.024	1.00118							#	   2.26	  29.95	
    596	 -23.67	   1.13	 -0.021	1.00116							#	   2.12	  30.10	
    597	 -23.90	   0.84	 -0.022	1.00116							#	   2.26	  30.51	
    598	 -24.03	   0.67	 -0.023	1.00118							#	   2.20	  32.12	
    599	 -24.33	   0.39	 -0.018	1.00087							#	   2.24	  30.51	
    600	 -24.15	   0.34	 -0.029	1.00109							#	   2.45	  30.71	
    601	 -24.00	   0.29	 -0.022	1.00061							#	   2.00	  30.91	
    602	 -23.87	   0.21	 -0.029	1.00071							#	   2.20	  30.35	
    603	 -23.62	   0.10	 -0.025	1.00087							#	   2.10	  30.81	
    604	 -23.64	   0.19	 -0.012	1.00092							#	   2.03	  32.63	
    605	 -23.24	   0.15	 -0.020	1.00105							#	   2.16	  30.66	
    606	 -23.06	   0.25	 -0.019	1.00101							#	   1.94	  30.51	
    607	 -23.09	   0.29	 -0.015	1.00080							#	   2.13	  32.32	
    608	 -22.95	   0.17	 -0.016	1.00078							#	   2.06	  32.83	
    609	 -23.02	   0.11	 -0.016	1.00071							#	   2.09	  32.58	
    610	 -23.19	   0.29	 -0.009	1.00071							#	   2.24	  33.69	
    611	 -23.10	   0.13	 -0.010	1.00071							#	   1.96	  32.78	
    612	 -22.92	   0.11	 -0.012	1.00074							#	   2.15	  35.35	
    613	 -22.83	   0.18	 -0.009	1.00073							#	   2.16	  33.94	
    614	 -22.82	   0.18	 -0.006	1.00072							#	   2.16	  34.44	
    615	 -22.68	   0.14	 -0.009	1.00077							#	   2.20	  35.00	
    616	 -22.74	   0.22	 -0.005	1.00094							#	   2.14	  35.86	
    617	 -22.69	   0.16	 -0.005	1.00071							#	   2.20	  35.30	
    618	 -22.64	   0.23	 -0.000	1.00079							#	   2.20	  37.32	
    619	 -22.42	   0.21	 -0.006	1.00071							#	   2.16	  34.34	
    620	 -22.15	   0.36	 -0.001	1.00066							#	   2.12	  35.05	
    621	 -21.99	   0.31	 -0.000	1.00067							#	   2.16	  34.95	
    622	 -21.93	   0.21	 -0.001	1.00040							#	   2.18	  37.47	
    623	 -21.48	   0.32	 -0.000	1.00040							#	   2.13	  36.72	
    624	 -21.54	   0.23	  0.002	1.00054							#	   2.13	  37.42	
    625	 -21.45	   0.25	  0.002	1.00057							#	   2.28	  35.81	
    626	 -21.53	   0.07	  0.008	1.00052							#	   2.15	  35.81	
    627	 -21.43	   0.13	  0.001	1.00057							#	   2.19	  36.21	
    628	 -21.63	   0.14	  0.007	1.00049							#	   2.40	  37.17	
    629	 -21.37	   0.00	  0.004	1.00031							#	   2.19	  35.96	
    630	 -21.42	   0.03	  0.009	1.00029							#	   2.17	  36.92	
    631	 -21.43	   0.14	  0.003	1.00036							#	   2.49	  34.34	
    632	 -21.49	   0.09	  0.008	1.00039							#	   2.19	  36.41	
    633	 -21.42	   0.04	  0.004	1.00051							#	   2.18	  36.11	
    634	 -21.42	   0.04	  0.012	1.00025							#	   2.59	  37.63	
    635	 -21.28	  -0.03	  0.007	1.00035							#	   2.01	  35.40	
    636	 -21.40	  -0.02	  0.012	1.00037							#	   2.21	  36.82	
    637	 -21.56	  -0.09	  0.012	1.00056							#	   2.65	  35.61	
    638	 -21.51	  -0.08	  0.019	1.00047							#	   1.99	  37.37	
    639	 -21.19	  -0.21	  0.014	1.00017							#	   2.31	  36.57	
    640	 -21.36	  -0.31	  0.020	1.00019							#	   2.60	  37.78	
    641	 -21.25	  -0.42	  0.015	1.00017							#	   2.17	  36.26	
    642	 -21.42	  -0.51	  0.021	1.00011							#	   2.43	  38.94	
    643	 -21.44	  -0.56	  0.016	1.00012							#	   2.60	  37.17	
    644	 -21.10	  -0.57	  0.024	1.00024							#	   2.26	  38.94	
    645	 -20.67	  -0.85	  0.024	0.99998							#	   2.27	  36.87	
    646	 -20.23	  -1.03	  0.025	1.00011							#	   2.29	  37.98	
    647	 -19.91	  -1.04	  0.026	1.00011							#	   2.14	  37.42	
    648	 -19.70	  -1.12	  0.021	0.99999							#	   2.10	  38.79	
    649	 -19.11	  -1.07	  0.022	1.00009							#	   2.23	  38.38	
    650	 -18.67	  -1.08	  0.026	1.00004							#	   2.16	  40.30	
    651	 -18.55	  -1.26	  0.026	1.00013							#	   2.05	  39.65	
    652	 -18.79	  -1.21	  0.029	1.00018							#	   2.19	  41.67	
    653	 -19.80	  -1.18	  0.019	1.00026							#	   2.76	  39.39	
    654	 -19.79	  -1.04	  0.025	1.00018							#	   2.09	  38.64	
    655	 -20.33	  -1.04	  0.023	1.00027							#	   2.34	  38.79	
    656	 -20.51	  -1.01	  0.030	1.00028							#	   2.60	  38.13	
    657	 -20.33	  -1.04	  0.023	1.00022							#	   2.38	  37.78	
    658	 -20.10	  -0.90	  0.021	1.00023							#	   2.27	  38.08	
    659	 -19.66	  -1.03	  0.023	1.00020							#	   2.35	  38.89	
    660	 -17.33	  -0.93	  0.022	1.00031							#	   2.08	  41.36	
    661	 -17.21	  -0.92	  0.022	1.00026							#	   1.73	  42.73	
    662	 -16.92	  -0.72	  0.025	1.00055							#	   1.65	  44.75	
    663	 -15.87	  -0.88	  0.021	1.00052							#	   1.68	  45.40	
    664	 -15.30	  -0.80	  0.023	1.00048							#	   1.54	  45.81	
    665	 -14.82	  -0.85	  0.026	1.00040							#	   1.34	  46.11	
    666	 -13.27	  -0.61	  0.025	1.00014							#	   1.13	  53.08	
    667	 -13.36	  -0.75	  0.026	1.00010							#	   1.29	  51.41	
    668	 -14.95	  -0.77	  0.023	1.00064							#	   1.78	  50.81	
    669	 -15.81	  -1.13	  0.023	1.00035							#	   1.73	  46.06	
    670	 -15.92	  -1.06	  0.021	1.00030							#	   1.79	  46.87	
    671	 -16.08	  -1.02	  0.023	1.00033							#	   1.90	  46.57	
    672	 -16.10	  -0.97	  0.015	1.00030							#	   2.11	  45.96	
    673	 -16.00	  -0.86	  0.019	1.00011							#	   1.80	  46.26	
    674	 -13.96	  -0.62	  0.018	1.00009							#	   1.36	  47.17	
    675	 -13.88	  -0.44	  0.019	1.00020							#	   1.34	  51.01	
    676	 -11.17	  -0.29	  0.015	1.00046							#	   0.95	  61.11	
    677	 -10.98	  -0.30	  0.016	1.00052							#	   0.99	  59.75	
    678	 -10.91	  -0.27	  0.015	1.00053							#	   0.94	  59.75	
    679	 -10.47	  -0.30	  0.014	1.00046							#	   1.01	  59.65	
    680	 -10.93	  -0.25	  0.016	1.00051							#	   1.04	  60.40	
    681	 -11.23	  -0.27	  0.014	1.00052							#	   1.31	  58.48	
    682	 -11.71	  -0.13	  0.017	1.00043							#	   1.52	  59.55	
    683	 -11.99	  -0.11	  0.013	1.00042							#	   1.51	  58.59	
    684	 -12.47	  -0.26	  0.013	1.00030							#	   1.50	  56.97	
    685	 -12.36	  -0.37	  0.014	1.00030							#	   1.43	  55.25	
    686	 -12.47	  -0.56	  0.015	1.00018							#	   1.46	  57.47	
    687	 -12.54	  -0.48	  0.016	1.00024							#	   1.59	  54.55	
    688	 -12.58	  -0.52	  0.015	1.00023							#	   1.53	  54.19	
    689	 -12.74	  -0.45	  0.014	1.00021							#	   1.61	  54.70	
    690	 -12.79	  -0.42	  0.016	1.00022							#	   1.50	  55.00	
    691	 -12.89	  -0.38	  0.016	1.00020							#	   1.47	  54.95	
    692	 -12.87	  -0.37	  0.016	1.00024							#	   1.59	  54.70	
    693	 -12.98	  -0.30	  0.018	1.00026							#	   1.57	  55.30	
    694	 -12.94	  -0.48	  0.015	1.00021							#	   1.66	  55.45	
    695	 -12.99	  -0.35	  0.015	1.00031							#	   1.54	  55.10	
    696	 -12.92	  -0.32	  0.016	1.00039							#	   1.52	  55.15	
    697	 -12.83	  -0.30	  0.011	1.00038							#	   1.93	  54.09	
    698	 -12.91	  -0.22	  0.012	1.00040							#	   1.53	  54.80	
    699	 -12.83	  -0.22	  0.014	1.00041							#	   1.65	  55.35	
    700	 -12.56	  -0.16	  0.011	1.00028							#	   1.61	  55.10	
    701	 -12.40	  -0.04	  0.012	1.00038							#	   1.41	  56.31	
    702	 -12.48	  -0.08	  0.011	1.00039							#	   1.65	  55.91	
    703	 -12.55	  -0.12	  0.010	1.00026							#	   1.49	  55.81	
    704	 -12.35	  -0.06	  0.012	1.00030							#	   1.65	  56.36	
    705	 -12.22	  -0.05	  0.009	1.00031							#	   1.60	  57.32	
    706	 -12.11	  -0.05	  0.009	1.00033							#	   1.46	  57.53	
    707	 -12.00	  -0.10	  0.007	1.00033							#	   1.65	  57.42	
    708	 -11.79	  -0.04	  0.008	1.00039							#	   1.48	  58.38	
    709	 -11.74	  -0.06	  0.009	1.00040							#	   1.48	  59.04	
    710	 -11.63	  -0.08	  0.007	1.00025							#	   1.57	  57.37	
    711	 -11.60	  -0.01	  0.006	1.00027							#	   1.40	  58.18	
    712	 -11.48	   0.01	  0.008	1.00024							#	   1.39	  58.13	
    713	 -11.33	   0.11	  0.006	1.00055							#	   1.55	  58.13	
    714	 -11.24	   0.18	  0.008	1.00037							#	   1.40	  58.03	
    715	 -11.30	   0.31	  0.008	1.00036							#	   1.44	  58.48	
    716	 -11.18	   0.34	  0.007	1.00036							#	   1.42	  58.84	
    717	 -11.02	   0.38	  0.004	1.00038							#	   1.37	  58.13	
    718	 -11.01	   0.31	  0.008	0.99985							#	   1.52	  60.61	
    719	 -10.98	   0.40	  0.009	1.00008							#	   1.36	  59.55	
    720	 -10.59	   0.32	  0.006	1.00008							#	   1.49	  58.38	
    721	 -10.79	   0.25	  0.008	1.00010							#	   1.37	  58.54	
    722	 -10.50	   0.35	  0.006	0.99998							#	   1.36	  59.95	
    723	 -10.60	   0.32	  0.006	1.00005							#	   1.34	  59.49	
    724	 -10.62	   0.34	  0.008	1.00005							#	   1.50	  58.54	
    725	 -10.77	   0.28	  0.005	1.00005							#	   1.43	  59.09	
    726	 -10.58	   0.31	  0.004	1.00004							#	   1.32	  59.44	
    727	 -10.53	   0.30	  0.005	0.99983							#	   1.35	  59.39	
    728	 -10.80	   0.43	  0.008	1.00007							#	   1.45	  58.89	
    729	 -10.95	   0.32	  0.004	1.00000							#	   1.48	  57.68	
    730	 -10.81	   0.48	  0.003	0.99996							#	   1.52	  57.83	
    731	 -10.78	   0.51	  0.005	0.99995							#	   1.45	  57.42	
    732	 -10.67	   0.61	  0.004	0.99998							#	   1.36	  58.18	
    733	 -10.61	   0.58	  0.004	1.00000							#	   1.30	  58.33	
    734	 -10.39	   0.55	  0.002	0.99991							#	   1.32	  58.43	
    735	 -10.16	   0.62	  0.002	0.99990							#	   1.29	  60.00	
    736	 -10.04	   0.58	  0.002	0.99963							#	   1.23	  61.82	
    737	  -9.93	   0.70	  0.001	0.99969							#	   1.25	  61.97	
    738	  -9.68	   0.78	  0.001	0.99978							#	   1.15	  61.62	
    739	  -9.49	   0.79	  0.002	0.99984							#	   1.13	  60.51	
    740	  -9.41	   0.76	  0.000	0.99982							#	   1.15	  62.27	
    741	  -9.20	   0.85	 -0.001	0.99966							#	   1.24	  62.68	
    742	  -9.13	   0.86	  0.002	0.99968							#	   1.21	  63.33	
    743	  -9.03	   0.83	  0.000	0.99970							#	   1.21	  64.75	
    744	  -8.70	   0.95	 -0.000	0.99979							#	   1.07	  65.96	
    745	  -8.41	   0.96	  0.000	0.99981							#	   0.96	  67.02	
    746	  -8.14	   0.98	 -0.001	0.99982							#	   0.96	  68.48	
    747	  -7.99	   0.98	 -0.001	0.99984							#	   0.96	  70.20	
    748	  -7.87	   1.07	 -0.000	1.00029							#	   1.01	  72.47	
    749	  -7.76	   1.07	 -0.000	1.00031							#	   1.02	  73.38	
    750	  -7.60	   1.00	 -0.001	1.00035							#	   0.93	  73.18	
    751	  -7.32	   1.11	 -0.003	1.00028							#	   0.84	  73.69	
    752	  -7.08	   1.07	 -0.003	1.00027							#	   0.79	  76.16	
    753	  -6.71	   1.16	 -0.004	1.00022							#	   0.73	  79.09	
    754	  -6.65	   1.15	 -0.002	1.00013							#	   0.77	  79.19	
    755	  -6.57	   1.15	 -0.002	1.00009							#	   0.86	  80.15	
    756	  -6.17	   1.17	 -0.004	1.00012							#	   0.82	  80.71	
    757	  -6.18	   1.17	 -0.004	1.00015							#	   0.86	  81.92	
    758	  -5.89	   1.17	 -0.003	1.00011							#	   0.76	  84.29	
    759	  -5.81	   1.18	 -0.004	1.00009							#	   0.72	  85.96	
    760	  -5.45	   1.15	 -0.006	1.00012							#	   0.63	  85.71	
    761	  -5.37	   1.31	 -0.005	1.00003							#	   0.67	  88.84	
    762	  -5.19	   1.27	 -0.004	1.00006							#	   0.59	  88.33	
    763	  -5.18	   1.28	 -0.004	1.00002							#	   0.61	  89.19	
    764	  -4.67	   1.28	 -0.005	1.00005							#	   0.58	  90.40	
    765	  -4.59	   1.37	 -0.004	0.99999							#	   0.62	  90.91	
    766	  -4.27	   1.32	 -0.006	1.00001							#	   0.63	  91.26	
    767	  -4.23	   1.28	 -0.004	1.00001							#	   0.65	  91.26	
    768	  -4.06	   1.29	 -0.005	0.99998							#	   0.56	  91.62	
    769	  -3.92	   1.24	 -0.004	0.99998							#	   0.54	  91.62	
    770	  -3.78	   1.25	 -0.005	1.00001							#	   0.52	  91.26	
    771	  -3.71	   1.29	 -0.007	0.99998							#	   0.52	  91.52	
    772	  -3.62	   1.23	 -0.006	1.00001							#	   0.47	  91.46	
    773	  -3.31	   1.18	 -0.005	0.99999							#	   0.43	  91.26	
    774	  -3.28	   1.17	 -0.006	0.99999							#	   0.40	  91.26	
    775	  -3.90	   1.27	 -0.005	0.99974							#	   0.49	  90.76	
    776	  -3.46	   1.24	 -0.008	0.99981							#	   0.44	  92.22	
    777	  -2.32	   1.12	 -0.007	0.99993							#	   0.31	  91.52	
    778	  -2.74	   1.13	 -0.004	0.99988							#	   0.34	  91.62	
    779	  -2.81	   1.02	 -0.007	0.99976							#	   0.34	  92.12	
    780	  -2.64	   1.10	 -0.007	0.99970							#	   0.59	  90.51	
    781	  -2.52	   1.08	 -0.005	0.99989							#	   0.36	  90.86	
    782	  -2.55	   1.01	 -0.006	0.99995							#	   0.32	  91.72	
    783	  -2.52	   0.95	 -0.005	0.99999							#	   0.28	  91.77	
    784	  -2.45	   0.85	 -0.007	0.99999							#	   0.29	  91.26	
    785	  -2.11	   0.96	 -0.007	0.99997							#	   0.26	  91.36	
    786	  -2.10	   0.83	 -0.005	0.99998							#	   0.25	  91.36	
    787	  -2.11	   0.81	 -0.006	0.99998							#	   0.24	  91.67	
    788	  -2.13	   0.81	 -0.007	0.99992							#	   0.25	  92.17	
    789	  -2.02	   0.86	 -0.005	0.99993							#	   0.23	  91.82	
    790	  -1.85	   0.74	 -0.007	0.99994							#	   0.22	  92.83	
    791	  -1.67	   0.84	 -0.004	0.99996							#	   0.20	  90.56	
    792	  -1.79	   0.80	 -0.007	0.99995							#	   0.21	  92.02	
    793	  -1.78	   0.67	 -0.005	0.99993							#	   0.18	  91.62	
    794	  -1.88	   0.77	 -0.006	0.99993							#	   0.20	  92.22	
    795	  -1.84	   0.82	 -0.007	0.99992							#	   0.23	  92.02	
    796	  -1.58	   0.84	 -0.006	0.99992							#	   0.19	  91.77	
    797	  -1.57	   0.83	 -0.006	0.99995							#	   0.19	  91.46	
    798	  -1.77	   0.83	 -0.007	0.99994							#	   0.20	  91.92	
    799	  -1.79	   0.79	 -0.006	0.99993							#	   0.22	  91.31	
    800	  -1.82	   0.56	 -0.005	0.99992							#	   0.19	  92.07	
    801	  -1.89	   0.74	 -0.006	0.99994							#	   0.21	  92.68	
    802	  -1.56	   0.61	 -0.007	0.99993							#	   0.17	  91.62	
    803	  -1.72	   0.60	 -0.003	0.99995							#	   0.18	  91.11	
    804	  -1.79	   0.46	 -0.005	0.99991							#	   0.18	  92.17	
    805	  -1.62	   0.55	 -0.005	0.99994							#	   0.18	  92.22	
    806	  -1.63	   0.57	 -0.004	0.99989							#	   0.18	  92.88	
    807	  -1.41	   0.47	 -0.004	0.99990							#	   0.15	  92.83	
    808	  -1.43	   0.39	 -0.003	0.99991							#	   0.15	  92.68	
    809	  -1.29	   0.57	 -0.003	0.99992							#	   0.15	  91.41	
    810	  -1.32	   0.52	 -0.003	0.99990							#	   0.15	  92.58	
    811	  -1.26	   0.49	 -0.003	0.99990							#	   0.15	  92.58	
    812	  -1.09	   0.57	 -0.003	0.99993							#	   0.14	  92.58	
    813	  -1.11	   0.50	 -0.002	0.99992							#	   0.17	  91.72	
    814	  -1.04	   0.53	 -0.004	0.99993							#	   0.18	  92.02	
    815	  -1.03	   0.64	 -0.003	0.99987							#	   0.18	  93.33	
    816	  -0.91	   0.59	 -0.001	0.99996							#	   0.16	  91.26	
    817	  -0.90	   0.61	 -0.002	0.99990							#	   0.15	  92.07	
    818	  -0.77	   0.60	 -0.002	0.99990							#	   0.14	  92.47	
    819	  -0.81	   0.63	 -0.001	0.99993							#	   0.14	  90.96	
    820	  -0.51	   0.56	 -0.005	0.99989							#	   0.13	  92.93	
    821	  -0.27	   0.69	 -0.001	0.99994							#	   0.15	  91.46	
    822	  -0.34	   0.64	 -0.003	0.99992							#	   0.15	  92.42	
    823	  -0.53	   0.59	 -0.003	0.99990							#	   0.14	  92.42	
    824	  -0.38	   0.71	 -0.001	0.99990							#	   0.13	  92.27	
    825	  -0.33	   0.57	 -0.002	0.99991							#	   0.12	  92.32	
    826	  -0.53	   0.57	 -0.001	0.99993							#	   0.13	  91.87	
    827	  -0.35	   0.59	 -0.001	0.99989							#	   0.12	  92.58	
    828	  -0.11	   0.65	 -0.001	0.99994							#	   0.12	  91.41	
    829	  -0.00	   0.56	 -0.000	0.99997							#	   0.12	  91.92	
    830	  -0.07	   0.52	  0.001	0.99991							#	   0.10	  91.26	
    831	  -0.01	   0.55	  0.001	0.99993							#	   0.11	  92.47	
    832	   0.01	   0.71	  0.001	0.99992							#	   0.13	  90.86	
    833	   0.31	   0.44	  0.002	0.99999							#	   0.12	  91.57	
    834	   0.23	   0.53	  0.002	0.99989							#	   0.12	  91.82	
    835	   0.18	   0.41	  0.001	0.99989							#	   0.12	  92.22	
    836	   0.11	   0.36	  0.002	0.99991							#	   0.13	  91.97	
    837	   0.04	   0.40	  0.001	0.99994							#	   0.15	  91.97	
    838	   0.11	   0.49	  0.002	0.99993							#	   0.14	  91.21	
    839	   0.26	   0.48	 -0.000	0.99995							#	   0.13	  92.27	
    840	   0.38	   0.59	  0.001	0.99989							#	   0.32	  90.15	
    841	   0.53	   0.48	  0.002	0.99992							#	   0.18	  91.87	
    842	   0.30	   0.56	  0.002	0.99988							#	   0.16	  92.37	
    843	   0.22	   0.46	  0.002	0.99993							#	   0.17	  91.67	
    844	   0.48	   0.53	  0.001	0.99993							#	   0.19	  91.36	
    845	   0.48	   0.58	  0.003	0.99988							#	   0.16	  91.72	
    846	   0.49	   0.33	  0.001	0.99986							#	   0.14	  92.68	
    847	   0.72	   0.33	  0.002	0.99991							#	   0.12	  92.02	
    848	   0.34	   0.37	  0.002	0.99990							#	   0.14	  92.17	
    849	   0.57	   0.27	  0.002	0.99994							#	   0.12	  92.63	
    850	   0.58	   0.33	  0.001	0.99990							#	   0.11	  91.21	
    851	   0.48	   0.21	 -0.000	0.99985							#	   0.12	  93.33	
    852	   0.50	   0.20	  0.001	0.99988							#	   0.11	  92.47	
    853	   0.48	   0.04	  0.001	0.99992							#	   0.10	  92.47	
    854	   0.54	   0.18	  0.000	0.99992							#	   0.12	  91.72	
    855	   0.47	   0.15	  0.000	0.99991							#	   0.10	  92.17	
    856	   0.51	   0.12	  0.000	0.99991							#	   0.10	  91.72	
    857	   0.62	   0.16	  0.000	0.99991							#	   0.12	  91.57	
    858	   0.55	   0.08	  0.001	0.99992							#	   0.10	  92.32	
    859	   0.56	   0.11	  0.001	0.99995							#	   0.11	  91.41	
    860	   0.33	   0.09	  0.000	0.99991							#	   0.11	  91.21	
    861	   0.49	   0.00	  0.000	0.99991							#	   0.11	  91.16	
    862	   0.43	  -0.02	  0.001	0.99993							#	   0.11	  91.36	
    863	   0.37	  -0.08	  0.001	0.99995							#	   0.10	  91.26	
    864	   0.42	  -0.06	  0.000	0.99993							#	   0.10	  91.36	
    865	   0.42	  -0.03	  0.001	0.99995							#	   0.12	  91.16	
    866	   0.49	   0.03	  0.000	0.99991							#	   0.11	  92.12	
    867	   0.60	  -0.08	  0.000	0.99992							#	   0.11	  91.67	
    868	   0.62	  -0.00	  0.002	0.99994							#	   0.11	  91.97	
    869	   0.44	  -0.03	  0.001	0.99995							#	   0.10	  91.41	
    870	   0.43	   0.02	  0.001	0.99993							#	   0.10	  92.07	
    871	   0.46	   0.02	  0.000	0.99996							#	   0.10	  93.08	
    872	   0.34	  -0.01	  0.002	0.99999							#	   0.11	  91.26	
    873	   0.33	  -0.03	  0.002	0.99993							#	   0.10	  91.87	
    874	   0.38	  -0.16	  0.001	1.00000							#	   0.10	  91.52	
    875	   0.16	   0.20	  0.002	0.99991							#	   0.11	  92.68	
    876	   0.27	  -0.02	  0.002	0.99995							#	   0.09	  92.32	
    877	   0.38	   0.02	  0.003	0.99993							#	   0.11	  91.67	
    878	   0.45	  -0.08	  0.001	0.99997							#	   0.10	  92.07	
    879	   0.64	  -0.02	  0.003	0.99994							#	   0.11	  91.82	
    880	   0.78	  -0.09	  0.003	0.99991							#	   0.12	  90.61	
    881	   0.55	  -0.11	  0.003	0.99997							#	   0.11	  90.45	
    882	   0.53	  -0.15	  0.002	0.99992							#	   0.10	  90.61	
    883	   0.72	  -0.22	  0.002	0.99993							#	   0.11	  90.91	
    884	   0.94	  -0.26	  0.001	0.99996							#	   0.11	  90.45	
    885	   0.82	  -0.39	  0.003	0.99998							#	   0.11	  88.99	
    886	   0.67	  -0.46	  0.002	0.99995							#	   0.11	  90.00	
    887	   0.78	  -0.31	  0.001	0.99995							#	   0.11	  90.20	
    888	   0.80	  -0.34	  0.002	0.99996							#	   0.11	  89.95	
    889	   0.82	  -0.38	  0.002	0.99994							#	   0.12	  90.91	
    890	   0.91	  -0.32	  0.001	0.99996							#	   0.12	  90.51	
    891	   1.02	  -0.38	  0.004	0.99996							#	   0.13	  89.55	
    892	   1.00	  -0.35	  0.001	0.99995							#	   0.11	  90.66	
    893	   1.03	  -0.29	  0.003	0.99994							#	   0.12	  90.10	
    894	   1.07	  -0.31	  0.001	0.99996							#	   0.12	  89.75	
    895	   1.10	  -0.29	  0.001	0.99999							#	   0.12	  90.20	
    896	   1.06	  -0.36	  0.002	0.99994							#	   0.12	  90.81	
    897	   1.09	  -0.31	  0.001	0.99996							#	   0.11	  90.00	
    898	   1.14	  -0.37	  0.002	0.99995							#	   0.12	  90.40	
    899	   1.09	  -0.26	  0.002	0.99995							#	   0.12	  91.06	
    900	   1.10	  -0.26	  0.002	0.99998							#	   0.30	  89.44	
    901	   1.03	  -0.19	  0.002	0.99995							#	   0.15	  90.66	
    902	   1.05	  -0.10	  0.001	0.99997							#	   0.13	  90.61	
    903	   0.99	  -0.05	  0.003	0.99995							#	   0.13	  90.81	
    904	   0.91	   0.03	  0.004	0.99993							#	   0.12	  91.01	
    905	   0.84	   0.05	  0.002	0.99996							#	   0.14	  91.31	
    906	   0.86	   0.02	  0.004	0.99997							#	   0.13	  90.91	
    907	   0.66	   0.14	  0.002	0.99994							#	   0.12	  91.67	
    908	   0.70	   0.22	  0.004	0.99993							#	   0.15	  91.11	
    909	   0.66	   0.31	  0.003	0.99993							#	   0.12	  91.41	
    910	   0.73	   0.13	  0.004	0.99996							#	   0.12	  91.62	
    911	   0.74	   0.15	  0.002	0.99993							#	   0.12	  91.67	
    912	   0.84	   0.22	  0.001	0.99994							#	   0.11	  92.42	
    913	   1.01	   0.15	  0.002	0.99995							#	   0.13	  91.31	
    914	   1.04	   0.12	  0.002	0.99993							#	   0.13	  91.57	
    915	   0.99	   0.04	  0.002	0.99996							#	   0.11	  91.67	
    916	   0.98	   0.18	  0.002	0.99992							#	   0.12	  91.62	
    917	   1.27	  -0.01	 -0.000	0.99991							#	   0.14	  91.31	
    918	   1.30	   0.07	  0.001	0.99994							#	   0.13	  90.30	
    919	   1.22	  -0.05	  0.000	0.99992							#	   0.13	  90.96	
    920	   1.16	  -0.04	  0.001	0.99996							#	   0.12	  91.62	
    921	   1.20	  -0.02	 -0.001	0.99996							#	   0.13	  91.06	
    922	   1.32	   0.10	  0.001	0.99996							#	   0.13	  90.96	
    923	   1.29	   0.10	  0.000	0.99997							#	   0.12	  90.96	
    924	   1.28	   0.33	  0.001	0.99990							#	   0.13	  90.76	
    925	   1.37	   0.21	  0.001	0.99992							#	   0.13	  90.76	
    926	   1.30	   0.44	  0.000	0.99989							#	   0.14	  90.40	
