      1	  -0.03	  -0.63	 -0.004	1.00000							#	   0.01	  53.89	
      2	  -0.02	  -0.68	 -0.001	1.00000							#	   0.03	  52.93	
      3	  -0.16	  -0.78	 -0.001	0.99993							#	   0.04	  49.75	
      4	  -0.08	  -0.68	 -0.005	1.00000							#	   0.03	  51.92	
      5	  -0.15	  -0.69	 -0.001	0.99997							#	   0.04	  51.11	
      6	  -0.07	  -0.71	 -0.001	0.99998							#	   0.05	  51.52	
      7	  -0.05	  -0.76	 -0.002	1.00002							#	   0.05	  52.32	
      8	  -0.15	  -0.76	 -0.002	1.00000							#	   0.04	  52.32	
      9	  -0.06	  -0.72	 -0.002	1.00000							#	   0.04	  52.73	
     10	  -0.10	  -0.85	 -0.002	0.99998							#	   0.05	  52.02	
     11	  -0.16	  -0.82	 -0.002	1.00003							#	   0.04	  53.33	
     12	  -0.07	  -0.82	 -0.002	1.00002							#	   0.04	  52.68	
     13	  -0.17	  -0.82	 -0.002	1.00003							#	   0.04	  53.03	
     14	  -0.12	  -0.86	 -0.003	1.00001							#	   0.05	  53.18	
     15	  -0.31	  -0.87	 -0.002	1.00002							#	   0.05	  52.17	
     16	  -0.26	  -0.91	 -0.001	0.99998							#	   0.05	  52.22	
     17	  -0.28	  -0.77	 -0.002	0.99999							#	   0.05	  52.63	
     18	  -0.11	  -0.83	 -0.001	0.99999							#	   0.04	  53.08	
     19	  -0.21	  -0.79	 -0.001	1.00001							#	   0.04	  52.32	
     20	  -0.23	  -0.81	 -0.001	1.00003							#	   0.04	  52.98	
     21	  -0.24	  -0.82	 -0.001	1.00001							#	   0.05	  53.54	
     22	  -0.19	  -0.84	 -0.001	1.00002							#	   0.05	  52.98	
     23	  -0.20	  -0.85	 -0.002	1.00001							#	   0.05	  50.76	
     24	  -0.34	  -0.87	 -0.002	1.00001							#	   0.05	  53.43	
     25	  -0.32	  -0.85	 -0.002	1.00002							#	   0.05	  52.73	
     26	  -0.36	  -0.99	 -0.001	0.99997							#	   0.07	  49.24	
     27	  -0.41	  -0.83	 -0.003	1.00001							#	   0.05	  53.99	
     28	  -0.49	  -0.90	 -0.003	1.00004							#	   0.05	  53.08	
     29	  -0.38	  -0.91	 -0.003	1.00003							#	   0.05	  53.43	
     30	  -0.39	  -0.82	 -0.001	0.99997							#	   0.05	  52.93	
     31	  -0.70	  -0.85	  0.002	0.99997							#	   0.07	  49.75	
     32	  -0.43	  -0.89	 -0.003	1.00004							#	   0.05	  53.48	
     33	  -0.46	  -0.88	 -0.001	0.99995							#	   0.06	  49.65	
     34	  -0.72	  -0.84	 -0.002	1.00000							#	   0.06	  49.95	
     35	  -0.24	  -0.90	  0.001	0.99999							#	   0.08	  49.19	
     36	  -0.43	  -0.67	 -0.002	0.99999							#	   0.04	  52.93	
     37	  -0.44	  -0.65	 -0.003	1.00000							#	   0.04	  52.12	
     38	  -0.56	  -0.66	 -0.001	1.00002							#	   0.04	  52.88	
     39	  -0.64	  -0.71	 -0.001	0.99996							#	   0.05	  53.03	
     40	  -0.76	  -0.70	 -0.001	1.00001							#	   0.05	  52.78	
     41	  -0.68	  -0.73	 -0.002	1.00003							#	   0.05	  52.68	
     42	  -0.74	  -0.72	 -0.001	1.00002							#	   0.05	  53.13	
     43	  -0.59	  -0.70	 -0.003	1.00002							#	   0.04	  52.42	
     44	  -0.57	  -0.62	 -0.001	0.99998							#	   0.04	  49.34	
     45	  -0.83	  -0.58	 -0.001	1.00001							#	   0.04	  51.52	
     46	  -0.75	  -0.56	  0.001	0.99994							#	   0.04	  52.07	
     47	  -0.77	  -0.53	  0.000	1.00000							#	   0.04	  51.72	
     48	  -0.83	  -0.48	 -0.001	1.00001							#	   0.04	  52.07	
     49	  -0.72	  -0.64	 -0.000	1.00002							#	   0.04	  52.37	
     50	  -0.74	  -0.61	 -0.001	1.00004							#	   0.04	  52.63	
     51	  -0.81	  -0.59	  0.001	0.99998							#	   0.04	  51.97	
     52	  -0.80	  -0.56	 -0.000	0.99995							#	   0.04	  51.82	
     53	  -0.83	  -0.52	  0.001	1.00000							#	   0.04	  51.46	
     54	  -0.66	  -0.63	  0.003	0.99990							#	   0.05	  49.60	
     55	  -0.75	  -0.50	  0.000	1.00002							#	   0.04	  52.42	
     56	  -0.74	  -0.48	  0.001	1.00001							#	   0.04	  52.63	
     57	  -0.78	  -0.51	  0.001	1.00002							#	   0.04	  51.87	
     58	  -0.73	  -0.54	 -0.000	0.99997							#	   0.04	  51.92	
     59	  -0.65	  -0.52	  0.003	1.00002							#	   0.04	  51.87	
     60	  -0.69	  -0.59	  0.002	0.99998							#	   0.08	  50.76	
     61	  -0.66	  -0.50	 -0.000	1.00001							#	   0.05	  51.16	
     62	  -0.72	  -0.56	  0.000	0.99999							#	   0.04	  50.96	
     63	  -0.95	  -0.62	  0.004	1.00002							#	   0.04	  51.16	
     64	  -0.78	  -0.48	  0.001	0.99998							#	   0.04	  50.66	
     65	  -0.79	  -0.53	  0.001	1.00000							#	   0.04	  50.61	
     66	  -0.88	  -0.50	  0.002	1.00001							#	   0.04	  50.45	
     67	  -0.91	  -0.49	  0.002	1.00002							#	   0.04	  50.61	
     68	  -0.90	  -0.45	  0.002	0.99999							#	   0.04	  51.31	
     69	  -0.92	  -0.49	  0.002	1.00002							#	   0.04	  50.71	
     70	  -0.94	  -0.53	  0.001	1.00004							#	   0.05	  51.36	
     71	  -0.96	  -0.47	  0.002	1.00003							#	   0.04	  51.31	
     72	  -1.01	  -0.50	  0.001	1.00005							#	   0.04	  51.62	
     73	  -1.09	  -0.59	  0.002	1.00002							#	   0.05	  51.57	
     74	  -1.01	  -0.54	  0.002	0.99999							#	   0.05	  51.16	
     75	  -0.97	  -0.55	  0.001	1.00002							#	   0.04	  51.26	
     76	  -0.99	  -0.67	  0.003	0.99999							#	   0.05	  52.07	
     77	  -0.90	  -0.75	  0.002	1.00003							#	   0.05	  52.78	
     78	  -0.95	  -0.77	  0.002	1.00000							#	   0.05	  52.37	
     79	  -0.78	  -0.81	  0.000	1.00000							#	   0.05	  53.03	
     80	  -0.63	  -0.81	  0.002	1.00001							#	   0.05	  53.18	
     81	  -0.72	  -0.86	  0.001	1.00003							#	   0.05	  52.93	
     82	  -0.60	  -0.85	  0.001	1.00002							#	   0.05	  52.22	
     83	  -0.56	  -0.89	 -0.000	1.00006							#	   0.05	  53.18	
     84	  -0.58	  -0.79	  0.002	0.99998							#	   0.04	  51.52	
     85	  -0.49	  -0.86	  0.002	1.00005							#	   0.05	  52.93	
     86	  -0.59	  -0.86	  0.001	1.00001							#	   0.05	  52.22	
     87	  -0.61	  -0.84	  0.002	1.00001							#	   0.05	  52.02	
     88	  -0.58	  -0.95	  0.003	1.00006							#	   0.05	  52.27	
     89	  -0.58	  -0.81	  0.002	0.99999							#	   0.05	  52.22	
     90	  -0.55	  -0.87	  0.002	1.00001							#	   0.05	  52.58	
     91	  -0.57	  -0.86	  0.003	1.00000							#	   0.05	  52.02	
     92	  -0.55	  -0.82	  0.002	1.00002							#	   0.04	  52.02	
     93	  -0.62	  -0.92	  0.002	1.00002							#	   0.05	  52.12	
     94	  -0.69	  -0.83	  0.003	0.99999							#	   0.05	  51.97	
     95	  -0.64	  -0.83	  0.001	1.00003							#	   0.04	  52.73	
     96	  -0.72	  -0.83	  0.002	0.99999							#	   0.05	  51.72	
     97	  -0.68	  -0.84	  0.003	1.00007							#	   0.05	  52.47	
     98	  -0.86	  -0.84	  0.003	1.00000							#	   0.05	  51.72	
     99	  -0.89	  -0.83	  0.001	1.00001							#	   0.06	  52.42	
    100	  -0.93	  -0.86	  0.002	1.00003							#	   0.06	  51.57	
    101	  -0.85	  -0.83	  0.001	1.00004							#	   0.05	  51.87	
    102	  -0.74	  -0.84	  0.002	1.00001							#	   0.05	  51.82	
    103	  -0.51	  -0.89	  0.001	1.00003							#	   0.05	  52.42	
    104	  -0.76	  -0.87	  0.002	0.99997							#	   0.06	  51.06	
    105	  -0.68	  -0.80	 -0.000	1.00000							#	   0.05	  51.52	
    106	  -0.70	  -0.81	  0.002	0.99999							#	   0.05	  51.97	
    107	  -0.65	  -0.81	  0.002	0.99998							#	   0.05	  52.22	
    108	  -0.37	  -0.84	  0.000	1.00003							#	   0.05	  51.11	
    109	  -0.42	  -0.94	  0.001	1.00003							#	   0.05	  52.07	
    110	  -0.52	  -0.85	 -0.000	1.00001							#	   0.05	  51.57	
    111	  -0.72	  -0.88	 -0.001	1.00005							#	   0.05	  51.21	
    112	  -0.50	  -0.86	 -0.001	1.00003							#	   0.05	  51.72	
    113	  -0.27	  -0.83	  0.000	1.00001							#	   0.04	  50.56	
    114	  -0.35	  -0.85	 -0.001	1.00002							#	   0.05	  50.91	
    115	  -0.48	  -0.83	  0.001	1.00004							#	   0.05	  50.45	
    116	  -0.41	  -0.88	 -0.001	1.00001							#	   0.05	  51.16	
    117	  -0.37	  -0.85	 -0.000	0.99996							#	   0.05	  50.56	
    118	  -0.43	  -0.86	 -0.001	1.00002							#	   0.05	  51.11	
    119	  -0.27	  -0.79	 -0.000	0.99996							#	   0.04	  50.15	
    120	  -0.35	  -0.86	 -0.001	1.00001							#	   0.07	  49.14	
    121	  -0.25	  -0.85	 -0.000	0.99998							#	   0.05	  50.71	
    122	  -0.22	  -0.80	 -0.001	0.99998							#	   0.04	  50.61	
    123	  -0.27	  -0.94	  0.001	1.00002							#	   0.05	  50.10	
    124	  -0.19	  -0.78	 -0.000	1.00001							#	   0.04	  50.71	
    125	  -0.18	  -0.78	  0.000	0.99999							#	   0.05	  49.39	
    126	  -0.10	  -0.74	 -0.001	1.00002							#	   0.04	  50.45	
    127	  -0.22	  -0.79	  0.000	0.99999							#	   0.04	  50.71	
    128	  -0.14	  -0.99	 -0.001	1.00001							#	   0.06	  51.21	
    129	  -0.12	  -0.96	 -0.001	1.00002							#	   0.06	  50.30	
    130	  -0.16	  -0.89	 -0.001	1.00005							#	   0.05	  51.11	
    131	  -0.14	  -0.91	 -0.001	0.99998							#	   0.05	  50.05	
    132	  -0.10	  -0.89	 -0.002	1.00001							#	   0.05	  51.11	
    133	  -0.09	  -0.87	 -0.001	1.00002							#	   0.05	  50.66	
    134	  -0.09	  -0.79	 -0.001	1.00000							#	   0.04	  50.91	
    135	  -0.08	  -0.86	 -0.002	1.00001							#	   0.05	  50.66	
    136	  -0.16	  -0.84	 -0.001	0.99998							#	   0.04	  51.01	
    137	  -0.16	  -0.82	 -0.001	1.00002							#	   0.04	  49.95	
    138	  -0.17	  -0.80	 -0.001	1.00001							#	   0.04	  50.51	
    139	  -0.17	  -0.75	 -0.002	1.00003							#	   0.04	  50.86	
    140	  -0.32	  -0.77	 -0.001	0.99997							#	   0.04	  49.49	
    141	  -0.18	  -0.77	 -0.001	1.00003							#	   0.04	  49.90	
    142	  -0.18	  -0.75	 -0.002	1.00002							#	   0.04	  49.29	
    143	  -0.13	  -0.71	 -0.002	1.00003							#	   0.04	  49.95	
    144	  -0.28	  -0.79	 -0.001	1.00000							#	   0.04	  49.80	
    145	  -0.27	  -0.66	 -0.002	0.99999							#	   0.04	  49.24	
    146	  -0.31	  -0.72	 -0.001	1.00001							#	   0.04	  49.34	
    147	  -0.20	  -0.53	 -0.002	1.00001							#	   0.03	  49.04	
    148	  -0.27	  -0.70	 -0.001	0.99997							#	   0.04	  50.45	
    149	  -0.19	  -0.69	 -0.002	1.00004							#	   0.04	  49.24	
    150	  -0.11	  -0.52	 -0.002	0.99999							#	   0.03	  49.09	
    151	  -0.19	  -0.57	 -0.001	1.00002							#	   0.03	  48.54	
    152	  -0.20	  -0.64	 -0.002	1.00002							#	   0.03	  49.49	
    153	  -0.13	  -0.59	 -0.001	1.00000							#	   0.03	  49.04	
    154	  -0.10	  -0.61	 -0.002	1.00001							#	   0.03	  48.74	
    155	  -0.09	  -0.64	  0.001	1.00003							#	   0.03	  49.49	
    156	  -0.00	  -0.60	 -0.003	1.00003							#	   0.03	  49.19	
    157	  -0.09	  -0.55	 -0.000	1.00000							#	   0.03	  48.38	
    158	  -0.06	  -0.61	 -0.002	1.00004							#	   0.03	  49.19	
    159	  -0.08	  -0.66	 -0.003	1.00002							#	   0.03	  49.29	
    160	  -0.14	  -0.68	 -0.001	1.00000							#	   0.03	  49.65	
    161	  -0.17	  -0.59	 -0.001	1.00005							#	   0.03	  49.04	
    162	  -0.28	  -0.55	 -0.003	0.99998							#	   0.03	  49.09	
    163	  -0.17	  -0.51	 -0.001	1.00003							#	   0.03	  48.38	
    164	   0.01	  -0.44	 -0.001	1.00004							#	   0.02	  48.99	
    165	   0.06	  -0.40	 -0.000	0.99998							#	   0.03	  48.94	
    166	  -0.09	  -0.54	 -0.001	1.00004							#	   0.03	  49.04	
    167	  -0.08	  -0.51	 -0.001	1.00007							#	   0.03	  48.64	
    168	  -0.09	  -0.40	 -0.001	1.00005							#	   0.03	  49.04	
    169	  -0.03	  -0.43	 -0.001	1.00004							#	   0.03	  48.79	
    170	  -0.06	  -0.48	 -0.002	1.00005							#	   0.03	  48.38	
    171	  -0.08	  -0.44	 -0.001	1.00006							#	   0.03	  48.59	
    172	  -0.10	  -0.46	 -0.001	1.00005							#	   0.03	  48.69	
    173	  -0.10	  -0.42	 -0.001	1.00006							#	   0.03	  48.89	
    174	  -0.11	  -0.40	 -0.002	1.00004							#	   0.03	  48.38	
    175	  -0.08	  -0.39	 -0.003	1.00005							#	   0.03	  48.79	
    176	  -0.06	  -0.35	 -0.002	1.00005							#	   0.02	  49.85	
    177	  -0.14	  -0.36	 -0.001	1.00005							#	   0.03	  49.39	
    178	  -0.04	  -0.33	 -0.001	1.00004							#	   0.03	  49.34	
    179	  -0.07	  -0.35	 -0.001	1.00003							#	   0.03	  49.24	
    180	  -0.02	  -0.30	 -0.001	1.00007							#	   0.04	  48.69	
    181	  -0.07	  -0.24	 -0.000	1.00002							#	   0.02	  49.19	
    182	  -0.06	  -0.22	  0.000	1.00004							#	   0.03	  49.39	
    183	  -0.04	  -0.24	 -0.002	1.00005							#	   0.03	  49.39	
    184	   0.03	  -0.27	 -0.001	1.00003							#	   0.05	  48.79	
    185	  -0.11	  -0.19	 -0.000	1.00002							#	   0.04	  49.49	
    186	  -0.07	  -0.21	 -0.000	1.00006							#	   0.03	  50.10	
    187	  -0.02	  -0.15	 -0.000	1.00003							#	   0.04	  50.51	
    188	  -0.07	  -0.18	  0.000	1.00003							#	   0.04	  49.95	
    189	   0.04	  -0.13	 -0.001	1.00004							#	   0.04	  51.01	
    190	   0.07	  -0.10	  0.000	1.00002							#	   0.03	  50.76	
    191	   0.07	  -0.18	  0.001	1.00003							#	   0.04	  50.35	
    192	   0.08	  -0.14	  0.001	1.00002							#	   0.04	  49.65	
    193	   0.05	  -0.17	 -0.000	1.00002							#	   0.05	  49.34	
    194	   0.06	  -0.14	 -0.000	1.00006							#	   0.05	  50.66	
    195	   0.06	  -0.22	 -0.001	1.00002							#	   0.05	  49.09	
    196	   0.09	  -0.08	  0.000	1.00003							#	   0.05	  51.62	
    197	   0.09	  -0.15	  0.001	1.00003							#	   0.05	  49.95	
    198	  -0.05	  -0.17	 -0.000	1.00002							#	   0.06	  50.05	
    199	  -0.08	  -0.09	  0.000	1.00004							#	   0.09	  50.91	
    200	  -0.04	  -0.14	 -0.000	1.00002							#	   0.12	  48.43	
    201	  -0.09	  -0.08	 -0.001	1.00004							#	   0.07	  50.71	
    202	  -0.05	  -0.18	  0.001	1.00003							#	   0.05	  50.20	
    203	   0.01	  -0.11	 -0.000	1.00005							#	   0.08	  50.51	
    204	  -0.02	  -0.11	 -0.000	1.00003							#	   0.10	  50.66	
    205	   0.03	  -0.16	  0.001	1.00003							#	   0.07	  49.55	
    206	   0.05	  -0.06	  0.001	1.00002							#	   0.05	  51.21	
    207	   0.13	  -0.13	  0.001	1.00003							#	   0.05	  50.20	
    208	   0.08	  -0.12	  0.000	1.00001							#	   0.05	  49.49	
    209	   0.10	  -0.10	 -0.000	1.00003							#	   0.06	  50.81	
    210	   0.06	  -0.19	  0.000	1.00002							#	   0.06	  49.39	
    211	   0.07	  -0.17	 -0.001	1.00005							#	   0.06	  49.80	
    212	  -0.05	  -0.18	  0.001	1.00004							#	   0.06	  48.79	
    213	   0.07	  -0.20	 -0.001	1.00005							#	   0.08	  49.09	
    214	   0.05	  -0.23	 -0.001	1.00004							#	   0.08	  48.69	
    215	   0.05	  -0.21	  0.000	1.00004							#	   0.09	  49.34	
    216	  -0.02	  -0.19	 -0.001	1.00003							#	   0.07	  48.23	
    217	  -0.05	  -0.13	 -0.001	1.00003							#	   0.09	  49.65	
    218	   0.04	  -0.12	 -0.000	1.00002							#	   0.08	  50.20	
    219	   0.06	  -0.17	 -0.000	1.00000							#	   0.08	  48.99	
    220	   0.08	  -0.19	 -0.000	1.00002							#	   0.08	  48.48	
    221	   0.15	  -0.20	 -0.001	1.00003							#	   0.08	  48.48	
    222	   0.11	  -0.19	 -0.001	1.00001							#	   0.06	  49.24	
    223	   0.14	  -0.21	 -0.002	1.00005							#	   0.05	  49.55	
    224	   0.12	  -0.23	 -0.001	1.00004							#	   0.05	  48.74	
    225	   0.07	  -0.21	 -0.001	1.00005							#	   0.06	  49.65	
    226	   0.10	  -0.21	 -0.002	1.00004							#	   0.07	  49.90	
    227	   0.09	  -0.25	 -0.002	1.00004							#	   0.09	  49.44	
    228	   0.28	  -0.21	 -0.002	1.00005							#	   0.08	  48.74	
    229	   0.26	  -0.23	 -0.001	1.00003							#	   0.07	  48.94	
    230	   0.24	  -0.23	 -0.002	1.00005							#	   0.06	  48.99	
    231	   0.35	  -0.20	 -0.002	1.00003							#	   0.08	  48.64	
    232	   0.43	  -0.21	 -0.001	1.00004							#	   0.06	  48.69	
    233	   0.40	  -0.22	 -0.001	1.00005							#	   0.06	  48.84	
    234	   0.30	  -0.20	 -0.002	1.00002							#	   0.05	  48.79	
    235	   0.30	  -0.09	 -0.002	1.00005							#	   0.05	  50.30	
    236	   0.37	  -0.12	 -0.000	1.00001							#	   0.05	  49.29	
    237	   0.48	  -0.10	 -0.002	1.00002							#	   0.06	  48.79	
    238	   0.34	  -0.09	 -0.001	1.00003							#	   0.05	  49.04	
    239	   0.34	  -0.21	 -0.001	1.00003							#	   0.05	  48.08	
    240	   0.27	  -0.24	 -0.002	1.00004							#	   0.07	  47.12	
    241	   0.34	  -0.15	 -0.001	1.00004							#	   0.08	  48.64	
    242	   0.31	  -0.19	 -0.002	1.00004							#	   0.08	  49.34	
    243	   0.40	  -0.15	 -0.002	1.00003							#	   0.06	  48.79	
    244	   0.34	  -0.13	 -0.002	1.00001							#	   0.06	  49.04	
    245	   0.36	  -0.12	 -0.002	1.00001							#	   0.05	  49.09	
    246	   0.29	  -0.14	 -0.001	1.00004							#	   0.05	  49.44	
    247	   0.24	  -0.19	 -0.003	1.00003							#	   0.04	  49.49	
    248	   0.43	  -0.12	 -0.001	1.00003							#	   0.04	  49.90	
    249	   0.44	  -0.10	 -0.002	1.00002							#	   0.04	  50.00	
    250	   0.42	  -0.15	 -0.002	1.00004							#	   0.04	  50.00	
    251	   0.28	  -0.30	 -0.002	1.00002							#	   0.04	  49.14	
    252	   0.31	  -0.17	 -0.002	1.00003							#	   0.04	  50.35	
    253	   0.39	  -0.17	 -0.001	1.00006							#	   0.04	  49.34	
    254	   0.29	  -0.15	 -0.002	1.00006							#	   0.03	  50.66	
    255	   0.15	  -0.10	 -0.000	1.00001							#	   0.03	  50.20	
    256	   0.27	  -0.09	 -0.002	1.00003							#	   0.03	  50.61	
    257	   0.44	  -0.16	 -0.001	1.00003							#	   0.04	  48.89	
    258	   0.40	  -0.17	 -0.001	1.00005							#	   0.03	  49.29	
    259	   0.44	  -0.16	 -0.001	1.00002							#	   0.03	  49.44	
    260	   0.27	  -0.12	 -0.001	1.00003							#	   0.03	  50.20	
    261	   0.29	  -0.17	 -0.002	1.00001							#	   0.03	  49.09	
    262	   0.32	  -0.13	 -0.000	1.00002							#	   0.03	  49.49	
    263	   0.28	  -0.16	 -0.002	1.00004							#	   0.03	  50.00	
    264	   0.27	  -0.22	 -0.001	1.00005							#	   0.03	  49.29	
    265	   0.25	  -0.24	 -0.001	1.00005							#	   0.03	  48.69	
    266	   0.20	  -0.30	 -0.001	1.00002							#	   0.03	  48.54	
    267	   0.24	  -0.26	 -0.002	1.00007							#	   0.03	  49.85	
    268	   0.23	  -0.22	 -0.002	1.00005							#	   0.02	  49.49	
    269	   0.36	  -0.20	 -0.001	1.00003							#	   0.03	  49.65	
    270	   0.53	  -0.19	 -0.000	1.00006							#	   0.03	  50.20	
    271	   0.47	  -0.18	 -0.001	1.00000							#	   0.02	  49.60	
    272	   0.43	  -0.19	 -0.001	1.00004							#	   0.02	  50.40	
    273	   0.53	  -0.12	 -0.001	1.00003							#	   0.03	  48.79	
    274	   0.51	  -0.15	  0.000	1.00004							#	   0.03	  49.85	
    275	   0.47	  -0.06	 -0.002	1.00004							#	   0.02	  51.06	
    276	   0.58	  -0.16	 -0.001	1.00005							#	   0.02	  50.05	
    277	   0.54	  -0.17	 -0.002	1.00009							#	   0.03	  49.14	
    278	   0.55	  -0.19	 -0.001	1.00007							#	   0.03	  49.60	
    279	   0.59	  -0.08	 -0.001	1.00004							#	   0.02	  49.65	
    280	   0.50	  -0.11	 -0.001	1.00009							#	   0.02	  50.00	
    281	   0.59	   0.03	 -0.000	1.00004							#	   0.03	  50.81	
    282	   0.59	  -0.02	  0.000	1.00006							#	   0.03	  51.31	
    283	   0.59	  -0.03	 -0.001	1.00005							#	   0.02	  51.06	
    284	   0.61	  -0.01	  0.000	1.00004							#	   0.03	  50.96	
    285	   0.65	   0.01	  0.000	1.00002							#	   0.03	  51.36	
    286	   0.57	  -0.01	 -0.000	1.00004							#	   0.02	  51.26	
    287	   0.51	   0.01	 -0.001	1.00001							#	   0.02	  51.57	
    288	   0.57	  -0.00	  0.000	1.00005							#	   0.02	  51.36	
    289	   0.47	  -0.03	  0.000	1.00005							#	   0.02	  51.52	
    290	   0.50	   0.01	 -0.001	1.00001							#	   0.02	  51.06	
    291	   0.48	   0.02	 -0.000	1.00004							#	   0.02	  51.21	
    292	   0.38	  -0.01	  0.001	1.00003							#	   0.02	  51.57	
    293	   0.37	   0.04	 -0.000	1.00004							#	   0.02	  51.46	
    294	   0.41	   0.01	 -0.001	1.00003							#	   0.02	  51.52	
    295	   0.40	  -0.04	  0.000	1.00006							#	   0.02	  52.07	
    296	   0.24	  -0.03	 -0.001	1.00004							#	   0.02	  51.97	
    297	   0.32	   0.11	 -0.001	1.00005							#	   0.02	  50.45	
    298	   0.34	   0.09	  0.000	1.00003							#	   0.02	  51.52	
    299	   0.44	   0.10	 -0.001	1.00003							#	   0.02	  50.61	
    300	   0.33	   0.09	 -0.000	1.00004							#	   0.04	  49.04	
    301	   0.28	   0.14	 -0.000	1.00000							#	   0.02	  50.40	
    302	   0.36	   0.03	 -0.000	1.00005							#	   0.02	  51.36	
    303	   0.31	   0.07	 -0.001	1.00003							#	   0.02	  51.46	
    304	   0.27	  -0.00	 -0.001	1.00005							#	   0.02	  51.26	
    305	   0.34	   0.03	 -0.001	1.00005							#	   0.02	  50.81	
    306	   0.30	   0.05	 -0.001	1.00006							#	   0.02	  50.81	
    307	   0.28	   0.02	 -0.002	1.00003							#	   0.02	  52.37	
    308	   0.32	   0.03	 -0.000	1.00004							#	   0.02	  51.41	
    309	   0.32	   0.16	 -0.001	1.00004							#	   0.02	  50.20	
    310	   0.31	   0.12	  0.000	1.00003							#	   0.02	  50.71	
    311	   0.27	   0.13	  0.000	1.00004							#	   0.02	  49.80	
    312	   0.25	   0.10	 -0.000	1.00005							#	   0.02	  50.56	
    313	   0.24	   0.06	 -0.000	1.00005							#	   0.03	  51.62	
    314	   0.35	   0.09	  0.000	1.00003							#	   0.03	  50.10	
    315	   0.26	   0.09	 -0.001	1.00006							#	   0.02	  50.56	
    316	   0.27	   0.02	  0.001	1.00001							#	   0.03	  50.66	
    317	   0.23	   0.12	 -0.000	1.00005							#	   0.03	  50.86	
    318	   0.29	   0.07	 -0.000	1.00003							#	   0.03	  50.56	
    319	   0.23	   0.09	  0.000	1.00004							#	   0.03	  50.10	
    320	   0.22	   0.10	 -0.001	1.00004							#	   0.03	  50.15	
    321	   0.23	   0.07	 -0.001	1.00005							#	   0.02	  50.66	
    322	   0.22	   0.12	 -0.000	1.00004							#	   0.03	  50.66	
    323	   0.12	   0.08	 -0.000	1.00007							#	   0.02	  51.06	
    324	   0.11	   0.03	 -0.001	1.00005							#	   0.03	  51.21	
    325	   0.16	  -0.00	 -0.000	1.00006							#	   0.05	  51.52	
    326	   0.10	   0.00	  0.000	1.00005							#	   0.04	  52.22	
    327	   0.04	  -0.02	 -0.000	1.00004							#	   0.03	  51.87	
    328	   0.05	  -0.02	 -0.001	1.00004							#	   0.04	  51.41	
    329	   0.07	   0.01	 -0.001	1.00003							#	   0.04	  50.81	
    330	   0.09	   0.07	 -0.000	1.00005							#	   0.03	  50.66	
    331	   0.18	   0.05	  0.000	1.00003							#	   0.04	  50.15	
    332	   0.10	  -0.01	 -0.001	1.00005							#	   0.03	  51.21	
    333	   0.13	   0.03	  0.001	1.00006							#	   0.03	  51.67	
    334	   0.15	   0.04	 -0.002	1.00006							#	   0.04	  49.70	
    335	   0.19	   0.00	 -0.000	1.00005							#	   0.04	  51.21	
    336	   0.17	   0.06	 -0.001	1.00007							#	   0.04	  50.66	
    337	   0.16	  -0.00	 -0.000	1.00006							#	   0.04	  50.71	
    338	   0.15	   0.04	 -0.001	1.00007							#	   0.04	  51.06	
    339	   0.13	   0.09	 -0.001	1.00004							#	   0.04	  49.60	
    340	   0.18	  -0.02	 -0.000	1.00004							#	   0.03	  51.36	
    341	   0.21	   0.09	 -0.002	1.00007							#	   0.04	  49.70	
    342	   0.25	   0.10	 -0.001	1.00003							#	   0.04	  50.20	
    343	   0.31	  -0.00	 -0.001	1.00005							#	   0.04	  51.26	
    344	   0.29	   0.09	 -0.000	1.00002							#	   0.04	  49.85	
    345	   0.27	   0.18	  0.000	1.00002							#	   0.05	  49.34	
    346	   0.24	   0.11	 -0.001	1.00004							#	   0.05	  50.51	
    347	   0.27	   0.01	 -0.000	1.00004							#	   0.04	  51.41	
    348	   0.29	   0.10	 -0.000	1.00004							#	   0.04	  50.81	
    349	   0.27	   0.04	 -0.000	1.00003							#	   0.04	  50.66	
    350	   0.42	   0.02	 -0.002	1.00004							#	   0.04	  50.56	
    351	   0.44	   0.01	  0.000	1.00005							#	   0.04	  50.76	
    352	   0.45	   0.05	 -0.001	1.00005							#	   0.04	  50.86	
    353	   0.63	   0.00	  0.001	1.00005							#	   0.05	  50.51	
    354	   0.63	   0.01	  0.001	1.00003							#	   0.06	  50.66	
    355	   0.72	  -0.02	  0.001	1.00006							#	   0.06	  50.30	
    356	   0.79	  -0.04	 -0.000	1.00004							#	   0.06	  49.24	
    357	   0.89	  -0.04	  0.000	1.00004							#	   0.08	  49.29	
    358	   0.98	  -0.09	  0.001	1.00002							#	   0.07	  48.79	
    359	   1.01	  -0.06	  0.000	1.00005							#	   0.10	  48.99	
    360	   1.12	  -0.13	  0.001	1.00004							#	   0.11	  48.18	
    361	   1.15	  -0.13	  0.001	1.00005							#	   0.07	  49.29	
    362	   1.18	  -0.11	  0.000	1.00004							#	   0.09	  47.93	
    363	   1.23	  -0.14	 -0.000	1.00007							#	   0.09	  49.55	
    364	   1.27	  -0.17	  0.001	1.00006							#	   0.11	  48.33	
    365	   1.26	  -0.13	  0.001	1.00004							#	   0.08	  48.84	
    366	   1.29	  -0.10	  0.001	1.00004							#	   0.09	  49.34	
    367	   1.35	  -0.12	  0.001	1.00004							#	   0.09	  48.74	
    368	   1.35	  -0.14	  0.002	1.00005							#	   0.10	  47.53	
    369	   1.40	  -0.10	  0.002	1.00005							#	   0.10	  48.38	
    370	   1.36	  -0.08	 -0.000	1.00003							#	   0.10	  48.59	
    371	   1.38	  -0.08	  0.002	1.00001							#	   0.09	  48.08	
    372	   1.39	  -0.06	  0.001	1.00006							#	   0.09	  48.18	
    373	   1.36	  -0.11	  0.002	1.00002							#	   0.08	  47.98	
    374	   1.40	  -0.12	  0.003	1.00005							#	   0.08	  48.59	
    375	   1.43	  -0.14	  0.001	1.00003							#	   0.09	  47.63	
    376	   1.29	  -0.12	  0.002	1.00006							#	   0.08	  48.89	
    377	   1.26	  -0.18	  0.001	1.00007							#	   0.08	  48.84	
    378	   1.25	  -0.13	  0.002	1.00007							#	   0.07	  48.89	
    379	   1.16	  -0.17	  0.002	1.00004							#	   0.07	  48.13	
    380	   1.14	  -0.17	  0.001	1.00008							#	   0.07	  48.43	
    381	   1.12	  -0.22	  0.002	1.00007							#	   0.07	  48.59	
    382	   1.16	  -0.19	  0.002	1.00006							#	   0.07	  48.28	
    383	   1.16	  -0.12	  0.003	1.00005							#	   0.06	  48.94	
    384	   1.16	  -0.13	  0.002	1.00006							#	   0.07	  48.69	
    385	   1.18	  -0.09	  0.002	1.00004							#	   0.07	  48.18	
    386	   1.12	  -0.17	  0.002	1.00007							#	   0.07	  49.09	
    387	   1.18	  -0.12	  0.002	1.00004							#	   0.07	  49.55	
    388	   1.24	  -0.07	  0.002	1.00006							#	   0.08	  48.03	
    389	   1.23	  -0.08	  0.003	1.00006							#	   0.08	  48.89	
    390	   1.23	  -0.03	  0.001	1.00008							#	   0.08	  49.55	
    391	   1.29	  -0.05	  0.003	1.00007							#	   0.08	  49.44	
    392	   1.29	   0.02	  0.003	1.00003							#	   0.09	  49.09	
    393	   1.26	  -0.04	  0.002	1.00007							#	   0.07	  49.65	
    394	   1.29	  -0.08	  0.002	1.00005							#	   0.08	  48.89	
    395	   1.19	  -0.04	  0.002	1.00006							#	   0.06	  48.38	
    396	   1.21	  -0.04	  0.002	1.00005							#	   0.08	  47.63	
    397	   1.27	   0.07	  0.003	1.00005							#	   0.08	  48.28	
    398	   1.35	   0.01	  0.002	1.00005							#	   0.08	  47.12	
    399	   1.47	   0.12	  0.002	1.00004							#	   0.11	  47.17	
    400	   1.36	   0.03	  0.003	1.00004							#	   0.11	  47.27	
    401	   1.33	   0.07	  0.002	1.00002							#	   0.11	  48.08	
    402	   1.29	   0.08	  0.003	1.00003							#	   0.09	  47.93	
    403	   1.24	   0.02	  0.002	1.00004							#	   0.10	  48.48	
    404	   1.26	   0.05	  0.002	1.00003							#	   0.11	  47.63	
    405	   1.29	   0.03	  0.002	1.00003							#	   0.08	  47.73	
    406	   1.23	  -0.01	  0.002	1.00003							#	   0.07	  47.93	
    407	   1.29	   0.05	  0.003	1.00003							#	   0.07	  47.93	
    408	   1.28	  -0.01	  0.002	1.00005							#	   0.07	  48.08	
    409	   1.34	   0.02	  0.001	1.00004							#	   0.08	  47.53	
    410	   1.35	   0.03	  0.002	1.00001							#	   0.08	  47.63	
    411	   1.39	   0.02	  0.002	1.00002							#	   0.07	  47.27	
    412	   1.46	   0.10	  0.002	1.00002							#	   0.08	  47.47	
    413	   1.57	   0.10	  0.002	1.00002							#	   0.08	  47.27	
    414	   1.58	   0.08	  0.003	1.00003							#	   0.07	  47.73	
    415	   1.52	   0.17	  0.002	0.99999							#	   0.08	  46.87	
    416	   1.48	   0.10	  0.001	1.00002							#	   0.08	  47.02	
    417	   1.53	   0.13	  0.002	1.00004							#	   0.09	  47.47	
    418	   1.52	   0.13	  0.001	1.00002							#	   0.09	  47.32	
    419	   1.52	   0.17	  0.001	1.00002							#	   0.09	  47.73	
    420	   1.44	   0.07	  0.002	1.00003							#	   0.10	  46.01	
    421	   1.48	   0.15	  0.001	1.00000							#	   0.08	  46.77	
    422	   1.53	   0.07	  0.003	1.00005							#	   0.07	  47.53	
    423	   1.50	   0.14	  0.001	1.00004							#	   0.08	  46.36	
    424	   1.45	   0.06	  0.002	1.00001							#	   0.08	  46.41	
    425	   1.50	   0.12	  0.002	1.00005							#	   0.08	  46.57	
    426	   1.51	   0.08	  0.002	1.00004							#	   0.07	  47.42	
    427	   1.59	   0.04	  0.003	1.00004							#	   0.09	  47.32	
    428	   1.54	   0.07	  0.002	0.99999							#	   0.09	  46.77	
    429	   1.49	  -0.00	  0.002	1.00000							#	   0.08	  47.27	
    430	   1.40	  -0.01	  0.001	1.00004							#	   0.08	  47.37	
    431	   1.55	  -0.02	  0.002	1.00002							#	   0.08	  47.07	
    432	   1.54	  -0.08	  0.001	1.00006							#	   0.09	  46.77	
    433	   1.51	  -0.15	  0.002	1.00005							#	   0.08	  47.07	
    434	   1.43	  -0.19	  0.001	1.00004							#	   0.08	  46.87	
    435	   1.47	  -0.20	  0.001	1.00002							#	   0.08	  46.97	
    436	   1.50	  -0.26	  0.001	1.00004							#	   0.10	  46.77	
    437	   1.43	  -0.23	  0.001	1.00004							#	   0.12	  46.11	
    438	   1.37	  -0.30	  0.002	1.00004							#	   0.12	  46.92	
    439	   1.48	  -0.17	  0.000	1.00005							#	   0.11	  47.02	
    440	   1.53	  -0.19	  0.002	1.00005							#	   0.12	  47.12	
    441	   1.65	  -0.15	  0.002	1.00001							#	   0.14	  46.67	
    442	   1.61	  -0.19	  0.000	1.00004							#	   0.15	  46.62	
    443	   1.59	  -0.19	  0.001	1.00006							#	   0.16	  46.72	
    444	   1.61	  -0.28	  0.001	1.00004							#	   0.17	  46.62	
    445	   1.54	  -0.20	  0.001	1.00006							#	   0.17	  46.92	
    446	   1.63	  -0.29	  0.001	1.00005							#	   0.18	  47.02	
    447	   1.59	  -0.29	  0.001	1.00005							#	   0.17	  47.07	
    448	   1.64	  -0.29	  0.001	1.00004							#	   0.18	  47.02	
    449	   1.52	  -0.34	 -0.000	1.00006							#	   0.21	  46.36	
    450	   1.62	  -0.31	  0.001	1.00005							#	   0.26	  46.06	
    451	   1.53	  -0.27	  0.002	1.00005							#	   0.17	  46.31	
    452	   1.50	  -0.35	  0.000	1.00006							#	   0.24	  45.86	
    453	   1.44	  -0.26	 -0.001	1.00001							#	   0.31	  45.91	
    454	   1.47	  -0.26	 -0.000	1.00006							#	   0.17	  46.26	
    455	   1.64	  -0.25	  0.001	1.00002							#	   0.23	  46.46	
    456	   1.50	  -0.29	  0.001	1.00002							#	   0.26	  45.81	
    457	   1.45	  -0.30	  0.001	1.00003							#	   0.21	  45.56	
    458	   1.44	  -0.27	 -0.000	1.00005							#	   0.22	  46.31	
    459	   1.41	  -0.26	 -0.000	1.00004							#	   0.20	  46.62	
    460	   1.40	  -0.37	  0.000	1.00004							#	   0.20	  45.86	
    461	   1.34	  -0.32	 -0.000	1.00000							#	   0.20	  46.06	
    462	   1.30	  -0.27	  0.001	1.00004							#	   0.20	  46.21	
    463	   1.29	  -0.35	 -0.002	1.00004							#	   0.20	  46.11	
    464	   1.22	  -0.34	 -0.001	1.00003							#	   0.21	  45.66	
    465	   1.31	  -0.29	 -0.002	1.00005							#	   0.21	  46.57	
    466	   1.45	  -0.27	 -0.000	1.00006							#	   0.21	  47.17	
    467	   1.50	  -0.32	  0.001	1.00004							#	   0.22	  46.06	
    468	   1.38	  -0.33	  0.001	1.00003							#	   0.21	  46.31	
    469	   1.35	  -0.30	 -0.002	1.00002							#	   0.24	  46.77	
    470	   1.33	  -0.43	  0.000	1.00007							#	   0.26	  46.21	
    471	   1.33	  -0.32	 -0.000	1.00004							#	   0.27	  46.52	
    472	   1.28	  -0.32	 -0.000	1.00003							#	   0.24	  46.16	
    473	   1.32	  -0.33	  0.001	1.00005							#	   0.22	  46.36	
    474	   1.32	  -0.32	 -0.000	1.00004							#	   0.22	  46.36	
    475	   1.31	  -0.33	 -0.000	1.00003							#	   0.24	  45.66	
    476	   1.22	  -0.42	  0.002	1.00007							#	   0.25	  45.71	
    477	   1.23	  -0.32	 -0.001	1.00002							#	   0.21	  46.26	
    478	   1.24	  -0.28	  0.001	1.00005							#	   0.21	  46.21	
    479	   1.28	  -0.29	  0.001	1.00003							#	   0.19	  45.91	
    480	   1.24	  -0.34	  0.000	1.00003							#	   0.26	  45.10	
    481	   1.22	  -0.28	  0.002	1.00006							#	   0.21	  46.01	
    482	   1.10	  -0.26	 -0.000	1.00003							#	   0.20	  46.11	
    483	   1.16	  -0.37	  0.002	1.00007							#	   0.27	  45.91	
    484	   1.23	  -0.27	 -0.000	1.00003							#	   0.20	  46.06	
    485	   1.17	  -0.28	  0.001	1.00007							#	   0.20	  46.36	
    486	   1.20	  -0.30	 -0.001	1.00006							#	   0.24	  46.31	
    487	   1.22	  -0.36	  0.000	1.00004							#	   0.20	  44.80	
    488	   1.18	  -0.29	  0.001	1.00005							#	   0.23	  45.15	
    489	   1.07	  -0.25	  0.001	1.00003							#	   0.27	  45.05	
    490	   1.19	  -0.25	  0.001	1.00002							#	   0.26	  45.20	
    491	   1.28	  -0.29	  0.001	1.00003							#	   0.30	  45.00	
    492	   1.29	  -0.27	  0.001	1.00003							#	   0.27	  45.61	
    493	   1.22	  -0.27	  0.000	1.00003							#	   0.23	  45.45	
    494	   1.32	  -0.32	  0.001	1.00002							#	   0.22	  45.56	
    495	   1.33	  -0.28	  0.002	1.00005							#	   0.21	  45.76	
    496	   1.32	  -0.27	  0.002	1.00004							#	   0.23	  45.86	
    497	   1.30	  -0.37	  0.000	1.00005							#	   0.24	  45.00	
    498	   1.30	  -0.31	  0.000	1.00004							#	   0.23	  45.66	
    499	   1.28	  -0.28	 -0.000	1.00006							#	   0.22	  45.51	
    500	   1.32	  -0.27	  0.001	1.00006							#	   0.25	  45.40	
    501	   1.24	  -0.27	  0.001	1.00006							#	   0.21	  46.06	
    502	   1.23	  -0.26	  0.001	1.00001							#	   0.18	  45.51	
    503	   1.19	  -0.24	 -0.001	1.00006							#	   0.22	  46.16	
    504	   1.19	  -0.25	  0.002	1.00001							#	   0.22	  45.15	
    505	   1.16	  -0.19	  0.000	1.00001							#	   0.23	  45.76	
    506	   1.28	  -0.16	  0.001	1.00005							#	   0.24	  46.11	
    507	   1.24	  -0.11	  0.001	1.00004							#	   0.23	  46.06	
    508	   1.15	  -0.18	  0.001	1.00004							#	   0.22	  46.16	
    509	   1.13	  -0.15	  0.001	1.00004							#	   0.22	  46.16	
    510	   1.11	  -0.13	  0.001	1.00006							#	   0.24	  46.52	
    511	   1.14	  -0.13	  0.001	1.00006							#	   0.26	  46.41	
    512	   1.06	  -0.12	  0.001	1.00004							#	   0.23	  45.91	
    513	   1.06	  -0.08	  0.002	1.00004							#	   0.24	  46.21	
    514	   1.08	  -0.14	  0.000	1.00008							#	   0.30	  46.01	
    515	   1.03	  -0.14	  0.000	1.00008							#	   0.27	  46.92	
    516	   1.07	  -0.05	  0.001	1.00007							#	   0.22	  47.22	
    517	   0.87	   0.01	  0.001	1.00002							#	   0.25	  45.76	
    518	   0.94	  -0.05	  0.001	1.00004							#	   0.26	  45.96	
    519	   0.91	   0.03	  0.000	1.00004							#	   0.29	  46.11	
    520	   0.96	   0.00	  0.000	1.00009							#	   0.24	  47.22	
    521	   1.07	  -0.01	  0.001	1.00005							#	   0.34	  46.62	
    522	   1.18	  -0.01	  0.001	1.00005							#	   0.26	  46.82	
    523	   1.10	   0.05	  0.001	1.00005							#	   0.22	  46.46	
    524	   1.08	  -0.06	 -0.000	1.00005							#	   0.33	  46.92	
    525	   1.12	   0.01	  0.001	1.00002							#	   0.31	  45.56	
    526	   1.14	  -0.02	  0.001	1.00009							#	   0.26	  46.67	
    527	   1.15	  -0.04	  0.001	1.00003							#	   0.27	  46.67	
    528	   1.10	  -0.03	  0.001	1.00003							#	   0.22	  45.91	
    529	   1.08	   0.01	  0.002	1.00007							#	   0.20	  46.31	
    530	   1.16	  -0.05	  0.001	1.00004							#	   0.20	  46.31	
    531	   1.20	  -0.02	  0.001	1.00007							#	   0.19	  46.62	
    532	   1.25	  -0.02	  0.000	1.00006							#	   0.20	  47.58	
    533	   1.15	   0.10	  0.002	1.00005							#	   0.19	  46.36	
    534	   1.14	   0.02	  0.001	1.00007							#	   0.19	  46.67	
    535	   1.09	   0.05	  0.001	1.00002							#	   0.19	  46.01	
    536	   1.13	   0.02	  0.002	1.00008							#	   0.18	  46.87	
    537	   1.11	   0.10	  0.001	1.00000							#	   0.20	  45.71	
    538	   1.17	   0.04	  0.001	1.00003							#	   0.23	  45.66	
    539	   1.07	   0.08	  0.001	1.00003							#	   0.22	  45.61	
    540	   1.04	  -0.01	  0.000	1.00005							#	   0.22	  45.20	
    541	   1.18	   0.01	  0.000	1.00003							#	   0.23	  45.81	
    542	   1.13	  -0.03	  0.000	1.00007							#	   0.27	  46.06	
    543	   1.13	  -0.02	  0.001	1.00004							#	   0.27	  44.90	
    544	   1.19	  -0.07	  0.000	1.00005							#	   0.21	  46.41	
    545	   1.12	  -0.09	 -0.000	1.00005							#	   0.19	  46.46	
    546	   1.14	  -0.12	 -0.000	1.00004							#	   0.28	  46.11	
    547	   1.16	  -0.15	  0.000	1.00008							#	   0.26	  46.52	
    548	   1.24	  -0.08	  0.000	1.00003							#	   0.25	  46.97	
    549	   1.23	  -0.18	  0.001	1.00007							#	   0.29	  46.16	
    550	   1.32	  -0.11	 -0.000	1.00006							#	   0.31	  46.77	
    551	   1.38	  -0.04	 -0.000	1.00002							#	   0.24	  46.57	
    552	   1.33	  -0.07	  0.001	1.00006							#	   0.23	  46.87	
    553	   1.33	  -0.10	  0.001	1.00002							#	   0.24	  45.61	
    554	   1.21	  -0.10	 -0.000	1.00006							#	   0.22	  46.26	
    555	   1.36	  -0.08	  0.000	1.00006							#	   0.22	  46.41	
    556	   1.36	  -0.10	  0.000	1.00008							#	   0.20	  46.67	
    557	   1.30	  -0.09	  0.000	1.00003							#	   0.19	  46.11	
    558	   1.30	  -0.09	  0.001	1.00006							#	   0.18	  46.97	
    559	   1.27	   0.03	  0.000	1.00006							#	   0.17	  46.26	
    560	   1.28	   0.02	  0.001	1.00005							#	   0.16	  46.82	
    561	   1.40	  -0.04	  0.000	1.00004							#	   0.16	  45.76	
    562	   1.33	   0.01	  0.000	1.00006							#	   0.14	  46.77	
    563	   1.23	  -0.02	  0.001	1.00006							#	   0.12	  46.82	
    564	   1.16	   0.00	  0.001	1.00006							#	   0.13	  47.07	
    565	   1.39	   0.06	 -0.001	1.00005							#	   0.17	  45.71	
    566	   1.48	   0.03	  0.001	1.00011							#	   0.18	  46.82	
    567	   1.35	  -0.01	  0.001	1.00006							#	   0.17	  46.97	
    568	   1.38	   0.03	  0.001	1.00005							#	   0.17	  45.71	
    569	   1.36	   0.04	  0.001	1.00005							#	   0.17	  45.61	
    570	   1.42	  -0.01	 -0.000	1.00007							#	   0.16	  46.67	
    571	   1.42	  -0.03	  0.001	1.00008							#	   0.14	  47.02	
    572	   1.39	  -0.05	  0.001	1.00007							#	   0.17	  46.41	
    573	   1.36	  -0.03	  0.002	1.00003							#	   0.19	  45.66	
    574	   1.31	  -0.04	  0.000	1.00010							#	   0.17	  47.22	
    575	   1.35	  -0.07	  0.000	1.00004							#	   0.19	  46.46	
    576	   1.29	  -0.07	  0.001	1.00007							#	   0.16	  46.01	
    577	   1.34	  -0.06	  0.001	1.00005							#	   0.16	  46.16	
    578	   1.26	  -0.14	  0.001	1.00007							#	   0.19	  47.53	
    579	   1.19	  -0.13	  0.001	1.00008							#	   0.16	  47.42	
    580	   1.18	  -0.14	  0.001	1.00010							#	   0.14	  47.27	
    581	   1.11	  -0.22	  0.001	1.00009							#	   0.13	  47.12	
    582	   1.11	  -0.12	  0.001	1.00008							#	   0.16	  47.73	
    583	   1.11	  -0.14	  0.001	1.00009							#	   0.13	  48.03	
    584	   1.06	  -0.15	  0.001	1.00009							#	   0.15	  47.12	
    585	   1.11	  -0.10	  0.000	1.00008							#	   0.12	  47.37	
    586	   1.02	  -0.19	  0.002	1.00008							#	   0.15	  46.97	
    587	   1.04	  -0.13	  0.001	1.00010							#	   0.16	  47.63	
    588	   1.00	  -0.18	  0.001	1.00008							#	   0.11	  46.87	
    589	   0.97	  -0.10	  0.001	1.00009							#	   0.11	  47.17	
    590	   1.00	  -0.08	  0.002	1.00008							#	   0.11	  47.27	
    591	   0.99	  -0.07	  0.001	1.00008							#	   0.13	  46.72	
    592	   0.91	  -0.06	  0.001	1.00006							#	   0.13	  46.52	
    593	   0.84	  -0.09	  0.002	1.00009							#	   0.11	  47.22	
    594	   0.83	  -0.19	  0.001	1.00011							#	   0.10	  46.87	
    595	   0.70	  -0.04	  0.001	1.00007							#	   0.11	  46.36	
    596	   0.76	  -0.13	 -0.000	1.00012							#	   0.11	  47.17	
    597	   0.75	  -0.13	  0.001	1.00007							#	   0.11	  46.41	
    598	   0.67	  -0.13	  0.001	1.00008							#	   0.09	  46.67	
    599	   0.68	  -0.07	  0.001	1.00008							#	   0.08	  46.87	
    600	   0.64	  -0.03	  0.001	1.00006							#	   0.10	  45.45	
    601	   0.63	  -0.06	  0.000	1.00004							#	   0.09	  46.41	
    602	   0.65	  -0.03	  0.001	1.00007							#	   0.09	  46.87	
    603	   0.66	  -0.05	  0.000	1.00006							#	   0.10	  46.92	
    604	   0.60	  -0.09	  0.001	1.00007							#	   0.11	  46.82	
    605	   0.50	  -0.14	  0.001	1.00004							#	   0.11	  45.51	
    606	   0.54	  -0.18	 -0.000	1.00007							#	   0.10	  45.45	
    607	   0.48	  -0.20	 -0.000	1.00006							#	   0.08	  46.46	
    608	   0.48	  -0.23	  0.000	1.00009							#	   0.10	  45.76	
    609	   0.63	  -0.24	  0.000	1.00009							#	   0.13	  45.56	
    610	   0.49	  -0.15	  0.001	1.00009							#	   0.13	  46.31	
    611	   0.50	  -0.16	 -0.000	1.00007							#	   0.15	  45.71	
    612	   0.52	  -0.20	  0.001	1.00008							#	   0.12	  45.81	
    613	   0.40	  -0.09	  0.000	1.00006							#	   0.12	  46.62	
    614	   0.50	  -0.08	 -0.001	1.00006							#	   0.14	  46.36	
    615	   0.44	  -0.17	 -0.000	1.00010							#	   0.13	  46.11	
    616	   0.32	  -0.16	 -0.000	1.00005							#	   0.17	  46.01	
    617	   0.36	  -0.12	 -0.001	1.00009							#	   0.13	  46.52	
    618	   0.39	  -0.20	 -0.000	1.00008							#	   0.15	  45.86	
    619	   0.44	  -0.19	 -0.001	1.00008							#	   0.14	  45.56	
    620	   0.40	  -0.09	 -0.000	1.00006							#	   0.15	  46.26	
    621	   0.41	  -0.11	  0.000	1.00005							#	   0.15	  45.96	
    622	   0.36	  -0.11	 -0.001	1.00009							#	   0.15	  45.71	
    623	   0.36	  -0.06	 -0.000	1.00005							#	   0.18	  46.31	
    624	   0.33	  -0.04	 -0.000	1.00004							#	   0.22	  44.85	
    625	   0.50	   0.01	 -0.001	1.00006							#	   0.25	  45.71	
    626	   0.43	  -0.05	 -0.001	1.00007							#	   0.21	  46.11	
    627	   0.31	  -0.06	  0.000	1.00004							#	   0.19	  45.56	
    628	   0.44	  -0.04	 -0.001	1.00008							#	   0.26	  46.31	
    629	   0.48	  -0.04	 -0.000	1.00003							#	   0.24	  45.40	
    630	   0.43	  -0.04	 -0.000	1.00003							#	   0.20	  45.30	
    631	   0.48	  -0.03	 -0.001	1.00005							#	   0.22	  44.39	
    632	   0.45	  -0.03	 -0.000	1.00007							#	   0.22	  45.66	
    633	   0.42	  -0.06	 -0.001	1.00002							#	   0.23	  44.70	
    634	   0.45	   0.01	  0.001	1.00004							#	   0.21	  45.71	
    635	   0.46	  -0.05	 -0.000	1.00001							#	   0.17	  44.44	
    636	   0.49	  -0.04	 -0.001	1.00010							#	   0.20	  45.56	
    637	   0.43	  -0.03	  0.000	1.00005							#	   0.24	  45.40	
    638	   0.54	   0.01	  0.000	1.00003							#	   0.22	  44.34	
    639	   0.54	   0.01	  0.000	1.00007							#	   0.18	  45.40	
    640	   0.52	  -0.02	 -0.001	1.00009							#	   0.17	  45.20	
    641	   0.72	   0.05	  0.001	1.00003							#	   0.18	  44.44	
    642	   0.71	   0.00	  0.001	1.00008							#	   0.18	  44.80	
    643	   0.78	   0.03	 -0.000	1.00008							#	   0.18	  45.66	
    644	   0.72	   0.00	  0.003	1.00006							#	   0.18	  45.30	
    645	   0.81	   0.03	  0.001	1.00009							#	   0.21	  45.56	
    646	   0.77	   0.04	  0.002	1.00001							#	   0.21	  44.39	
    647	   0.90	  -0.01	  0.001	1.00011							#	   0.21	  45.81	
    648	   0.89	   0.01	  0.001	1.00010							#	   0.24	  46.21	
    649	   0.80	  -0.04	  0.001	1.00005							#	   0.21	  46.01	
    650	   0.92	  -0.06	  0.001	1.00010							#	   0.23	  46.06	
    651	   0.83	  -0.02	  0.001	1.00007							#	   0.25	  45.71	
    652	   0.81	  -0.03	  0.001	1.00008							#	   0.28	  45.61	
    653	   0.85	  -0.04	  0.001	1.00009							#	   0.25	  45.96	
    654	   0.85	   0.02	  0.001	1.00004							#	   0.23	  45.15	
    655	   0.96	  -0.01	  0.001	1.00006							#	   0.26	  45.66	
    656	   0.95	   0.04	  0.002	1.00007							#	   0.26	  45.96	
    657	   0.92	  -0.00	  0.001	1.00007							#	   0.22	  45.30	
    658	   0.95	   0.01	  0.001	1.00007							#	   0.31	  45.25	
    659	   0.85	   0.05	  0.002	1.00006							#	   0.24	  45.25	
    660	   1.01	   0.05	 -0.000	1.00005							#	   0.23	  43.59	
    661	   1.00	   0.01	  0.001	1.00007							#	   0.22	  44.60	
    662	   0.99	  -0.03	 -0.001	1.00008							#	   0.22	  44.70	
    663	   1.05	  -0.01	 -0.000	1.00009							#	   0.29	  44.60	
    664	   1.06	  -0.03	 -0.000	1.00006							#	   0.25	  44.65	
    665	   1.08	  -0.06	  0.001	1.00007							#	   0.32	  45.35	
    666	   1.05	  -0.07	 -0.001	1.00007							#	   0.27	  45.10	
    667	   1.05	  -0.05	 -0.002	1.00007							#	   0.21	  44.95	
    668	   1.16	  -0.07	  0.000	1.00004							#	   0.33	  44.34	
    669	   1.27	  -0.06	 -0.000	1.00007							#	   0.27	  45.40	
    670	   1.24	  -0.12	  0.001	1.00006							#	   0.27	  44.34	
    671	   1.22	  -0.06	  0.000	1.00002							#	   0.21	  44.55	
    672	   1.24	  -0.03	 -0.000	1.00006							#	   0.21	  46.01	
    673	   1.32	  -0.00	 -0.000	1.00004							#	   0.17	  45.25	
    674	   1.31	  -0.04	  0.002	1.00002							#	   0.21	  45.05	
    675	   1.21	  -0.07	 -0.000	1.00001							#	   0.23	  44.24	
    676	   1.36	  -0.03	  0.000	1.00004							#	   0.24	  44.85	
    677	   1.42	  -0.05	 -0.000	1.00006							#	   0.22	  45.45	
    678	   1.50	  -0.07	  0.000	1.00008							#	   0.24	  45.61	
    679	   1.51	  -0.04	  0.001	1.00003							#	   0.23	  45.35	
    680	   1.45	  -0.08	  0.000	1.00003							#	   0.21	  44.75	
    681	   1.44	   0.00	  0.000	1.00005							#	   0.18	  45.25	
    682	   1.48	   0.02	  0.000	1.00004							#	   0.17	  45.05	
    683	   1.50	   0.03	  0.001	1.00002							#	   0.22	  44.49	
    684	   1.49	   0.05	  0.001	1.00003							#	   0.22	  44.65	
    685	   1.47	   0.11	  0.001	0.99997							#	   0.21	  44.34	
    686	   1.51	   0.02	  0.002	1.00005							#	   0.18	  46.36	
    687	   1.48	   0.08	  0.002	1.00001							#	   0.22	  45.56	
    688	   1.45	   0.03	  0.001	1.00001							#	   0.21	  45.76	
    689	   1.47	   0.05	  0.001	1.00004							#	   0.23	  45.61	
    690	   1.54	   0.12	  0.001	1.00002							#	   0.20	  45.45	
    691	   1.65	   0.18	  0.003	1.00003							#	   0.22	  45.56	
    692	   1.55	   0.09	  0.002	1.00000							#	   0.20	  45.40	
    693	   1.49	   0.07	  0.001	1.00000							#	   0.21	  46.16	
    694	   1.40	   0.07	  0.000	1.00005							#	   0.21	  46.77	
    695	   1.42	   0.07	  0.000	1.00003							#	   0.24	  46.16	
    696	   1.58	   0.06	  0.001	1.00007							#	   0.28	  45.76	
    697	   1.48	   0.07	  0.001	1.00001							#	   0.29	  46.01	
    698	   1.47	   0.05	 -0.001	1.00006							#	   0.29	  45.25	
    699	   1.53	  -0.01	  0.000	1.00005							#	   0.29	  46.01	
    700	   1.37	   0.01	  0.000	1.00003							#	   0.26	  46.01	
    701	   1.40	  -0.04	  0.001	1.00008							#	   0.28	  45.76	
    702	   1.44	   0.02	 -0.001	1.00006							#	   0.32	  46.36	
    703	   1.54	  -0.01	 -0.000	1.00007							#	   0.33	  45.71	
    704	   1.59	   0.04	  0.002	1.00009							#	   0.31	  45.96	
    705	   1.37	  -0.02	  0.000	1.00007							#	   0.26	  46.21	
    706	   1.39	  -0.01	 -0.000	1.00005							#	   0.24	  46.36	
    707	   1.36	   0.01	 -0.000	1.00005							#	   0.25	  46.77	
    708	   1.36	   0.06	  0.001	1.00007							#	   0.25	  46.67	
    709	   1.34	   0.06	 -0.000	1.00004							#	   0.23	  46.62	
    710	   1.32	   0.03	 -0.001	1.00006							#	   0.28	  47.02	
    711	   1.36	   0.12	 -0.001	1.00004							#	   0.28	  46.57	
    712	   1.41	   0.12	 -0.001	1.00004							#	   0.27	  45.76	
    713	   1.38	   0.16	  0.000	0.99999							#	   0.32	  44.95	
    714	   1.42	   0.19	 -0.000	1.00002							#	   0.36	  45.20	
    715	   1.47	   0.12	 -0.000	1.00004							#	   0.33	  45.91	
    716	   1.43	   0.24	 -0.002	1.00006							#	   0.23	  45.96	
    717	   1.42	   0.22	  0.000	1.00004							#	   0.37	  46.06	
    718	   1.37	   0.24	  0.001	1.00007							#	   0.36	  46.11	
    719	   1.26	   0.34	  0.001	1.00002							#	   0.28	  46.16	
    720	   1.22	   0.27	  0.002	1.00005							#	   0.28	  44.60	
    721	   1.19	   0.26	  0.000	1.00005							#	   0.24	  46.16	
    722	   1.00	   0.20	  0.001	1.00005							#	   0.24	  45.00	
    723	   1.05	   0.19	  0.001	1.00004							#	   0.21	  45.86	
    724	   0.93	   0.19	  0.002	1.00006							#	   0.20	  46.01	
    725	   0.94	   0.26	 -0.000	1.00008							#	   0.19	  45.71	
    726	   0.89	   0.17	  0.003	1.00003							#	   0.19	  45.96	
    727	   0.74	   0.19	  0.001	1.00004							#	   0.19	  45.71	
    728	   0.74	   0.13	  0.002	1.00006							#	   0.24	  45.91	
    729	   0.74	   0.17	  0.002	1.00000							#	   0.22	  46.11	
    730	   0.62	   0.20	 -0.000	1.00004							#	   0.23	  45.45	
    731	   0.59	   0.18	  0.000	1.00002							#	   0.23	  46.01	
    732	   0.70	   0.12	  0.001	1.00004							#	   0.24	  46.31	
    733	   0.68	   0.09	  0.001	1.00005							#	   0.25	  46.41	
    734	   0.51	   0.10	  0.000	1.00007							#	   0.24	  46.82	
    735	   0.56	   0.06	  0.000	1.00003							#	   0.25	  46.82	
    736	   0.51	   0.09	 -0.000	1.00005							#	   0.23	  46.16	
    737	   0.46	   0.02	  0.001	1.00001							#	   0.24	  45.10	
    738	   0.48	   0.03	 -0.001	1.00003							#	   0.24	  46.52	
    739	   0.54	  -0.01	  0.001	1.00008							#	   0.25	  46.72	
    740	   0.53	  -0.08	 -0.000	1.00004							#	   0.24	  46.31	
    741	   0.45	  -0.02	  0.000	1.00003							#	   0.25	  46.72	
    742	   0.58	  -0.04	  0.001	1.00006							#	   0.23	  46.21	
    743	   0.56	  -0.07	  0.001	1.00007							#	   0.25	  46.62	
    744	   0.39	  -0.06	  0.001	1.00005							#	   0.19	  46.87	
    745	   0.47	  -0.07	  0.000	1.00003							#	   0.20	  46.92	
    746	   0.56	  -0.05	  0.000	1.00005							#	   0.25	  46.31	
    747	   0.41	  -0.06	  0.000	1.00004							#	   0.27	  47.32	
    748	   0.55	  -0.06	  0.001	1.00004							#	   0.24	  46.01	
    749	   0.35	  -0.10	 -0.000	1.00006							#	   0.22	  46.36	
    750	   0.30	  -0.11	  0.001	1.00002							#	   0.23	  46.77	
    751	   0.38	  -0.13	  0.001	1.00006							#	   0.25	  46.97	
    752	   0.34	  -0.08	  0.000	1.00005							#	   0.27	  47.12	
    753	   0.41	  -0.09	 -0.000	1.00006							#	   0.24	  47.02	
    754	   0.41	  -0.07	  0.001	1.00007							#	   0.25	  47.02	
    755	   0.35	  -0.03	  0.001	1.00005							#	   0.19	  47.73	
    756	   0.22	  -0.03	  0.001	1.00004							#	   0.15	  47.88	
    757	   0.35	  -0.02	  0.001	1.00005							#	   0.17	  48.18	
    758	   0.36	  -0.07	  0.001	1.00003							#	   0.17	  47.27	
    759	   0.33	  -0.12	  0.001	1.00006							#	   0.21	  47.27	
    760	   0.37	  -0.09	  0.000	1.00003							#	   0.20	  47.17	
    761	   0.23	  -0.09	  0.002	1.00008							#	   0.20	  47.53	
    762	   0.17	  -0.09	  0.001	1.00004							#	   0.17	  47.42	
    763	   0.23	  -0.10	  0.001	1.00005							#	   0.16	  47.12	
    764	   0.25	  -0.12	  0.001	1.00003							#	   0.18	  47.27	
    765	   0.33	  -0.13	  0.001	1.00007							#	   0.16	  47.32	
    766	   0.36	  -0.07	  0.001	1.00004							#	   0.20	  47.02	
    767	   0.32	  -0.08	 -0.000	1.00006							#	   0.18	  47.12	
    768	   0.33	  -0.07	  0.002	1.00005							#	   0.18	  47.53	
    769	   0.31	  -0.01	  0.001	1.00004							#	   0.17	  47.42	
    770	   0.33	  -0.02	  0.001	1.00003							#	   0.16	  47.47	
    771	   0.35	   0.02	  0.001	1.00002							#	   0.19	  47.37	
    772	   0.32	  -0.02	  0.001	1.00002							#	   0.20	  47.07	
    773	   0.49	   0.02	  0.000	1.00004							#	   0.20	  47.68	
    774	   0.45	  -0.02	  0.001	1.00004							#	   0.20	  47.27	
    775	   0.42	  -0.03	 -0.000	1.00002							#	   0.21	  47.27	
    776	   0.44	  -0.02	 -0.000	1.00006							#	   0.19	  47.47	
    777	   0.38	  -0.05	  0.001	1.00004							#	   0.17	  47.53	
    778	   0.32	  -0.03	  0.001	1.00007							#	   0.19	  47.83	
    779	   0.33	   0.00	 -0.000	1.00000							#	   0.15	  47.27	
    780	   0.47	   0.02	 -0.000	1.00006							#	   0.20	  46.11	
    781	   0.48	   0.11	  0.000	1.00003							#	   0.19	  46.92	
    782	   0.40	   0.09	 -0.000	1.00005							#	   0.22	  47.12	
    783	   0.34	   0.03	  0.001	1.00002							#	   0.23	  46.72	
    784	   0.37	   0.16	  0.000	1.00002							#	   0.21	  46.36	
    785	   0.41	   0.14	  0.001	0.99998							#	   0.19	  46.92	
    786	   0.26	   0.16	  0.001	1.00001							#	   0.19	  45.96	
    787	   0.24	   0.18	  0.002	1.00001							#	   0.18	  45.56	
    788	   0.18	   0.17	 -0.000	1.00003							#	   0.19	  45.61	
    789	   0.38	   0.15	 -0.001	1.00002							#	   0.21	  45.61	
    790	   0.58	   0.13	 -0.000	1.00002							#	   0.23	  45.96	
    791	   0.15	   0.11	  0.000	1.00002							#	   0.20	  46.26	
    792	   0.12	   0.18	  0.001	1.00001							#	   0.19	  46.92	
    793	   0.29	   0.16	 -0.000	1.00003							#	   0.20	  46.72	
    794	   0.30	   0.19	  0.001	1.00002							#	   0.22	  47.17	
    795	   0.33	   0.13	  0.000	1.00001							#	   0.23	  47.22	
    796	   0.18	   0.12	  0.001	1.00002							#	   0.29	  47.02	
    797	   0.16	   0.11	  0.001	1.00003							#	   0.33	  46.87	
    798	   0.16	   0.11	  0.000	1.00003							#	   0.33	  46.41	
    799	   0.11	   0.08	  0.002	1.00003							#	   0.35	  47.12	
    800	  -0.14	   0.09	  0.002	1.00000							#	   0.32	  46.87	
    801	  -0.03	   0.13	  0.002	1.00001							#	   0.41	  46.62	
    802	   0.09	   0.04	  0.001	1.00004							#	   0.36	  46.57	
    803	   0.18	   0.04	  0.001	1.00004							#	   0.29	  46.57	
    804	   0.20	   0.14	 -0.000	1.00003							#	   0.42	  46.72	
    805	   0.04	   0.03	  0.003	1.00003							#	   0.32	  46.87	
    806	   0.06	   0.01	  0.001	1.00004							#	   0.32	  46.92	
    807	  -0.00	   0.07	  0.003	1.00005							#	   0.28	  46.36	
    808	   0.01	   0.11	  0.001	1.00001							#	   0.32	  46.72	
    809	   0.06	   0.10	  0.002	1.00003							#	   0.30	  46.57	
    810	  -0.07	   0.14	  0.002	1.00001							#	   0.26	  46.36	
    811	   0.01	   0.13	  0.002	1.00001							#	   0.25	  46.16	
    812	  -0.05	   0.09	  0.002	1.00001							#	   0.29	  46.57	
    813	  -0.09	   0.05	  0.001	1.00003							#	   0.23	  46.67	
    814	  -0.08	   0.05	  0.001	1.00005							#	   0.28	  46.31	
    815	  -0.15	  -0.05	  0.001	1.00005							#	   0.27	  46.87	
    816	  -0.09	   0.01	  0.002	1.00006							#	   0.25	  46.82	
    817	  -0.27	  -0.05	  0.001	1.00004							#	   0.25	  46.16	
    818	   0.01	  -0.03	 -0.000	1.00004							#	   0.24	  47.02	
    819	  -0.00	  -0.07	  0.001	1.00005							#	   0.26	  47.17	
    820	   0.05	  -0.02	  0.002	1.00000							#	   0.30	  47.12	
    821	  -0.19	  -0.03	  0.002	1.00003							#	   0.31	  46.57	
    822	  -0.10	   0.02	  0.001	1.00002							#	   0.33	  46.62	
    823	  -0.04	   0.05	  0.000	1.00002							#	   0.35	  47.12	
    824	  -0.03	   0.05	 -0.000	1.00005							#	   0.35	  47.12	
    825	   0.06	  -0.10	 -0.001	1.00005							#	   0.39	  47.12	
    826	   0.00	  -0.04	 -0.001	1.00003							#	   0.35	  47.02	
    827	   0.01	  -0.10	 -0.001	1.00007							#	   0.33	  47.32	
    828	   0.05	  -0.09	  0.000	1.00005							#	   0.34	  47.42	
    829	   0.00	  -0.08	 -0.002	1.00004							#	   0.34	  46.72	
    830	   0.14	  -0.04	 -0.002	1.00005							#	   0.33	  47.42	
    831	   0.13	   0.02	 -0.001	1.00003							#	   0.28	  47.37	
    832	   0.13	   0.01	 -0.000	1.00004							#	   0.28	  46.82	
    833	   0.15	  -0.05	 -0.001	1.00005							#	   0.26	  47.12	
    834	   0.11	  -0.07	 -0.001	1.00003							#	   0.28	  47.17	
    835	   0.13	  -0.04	  0.000	1.00005							#	   0.29	  46.87	
    836	  -0.01	  -0.13	 -0.001	1.00005							#	   0.28	  47.17	
    837	   0.18	  -0.12	 -0.002	1.00008							#	   0.30	  47.32	
    838	   0.18	  -0.16	 -0.001	1.00004							#	   0.39	  47.02	
    839	   0.10	  -0.09	  0.002	1.00001							#	   0.33	  47.53	
    840	   0.12	  -0.07	  0.000	1.00004							#	   0.29	  46.36	
    841	   0.15	  -0.01	 -0.001	1.00004							#	   0.24	  48.03	
    842	   0.19	  -0.04	  0.001	1.00003							#	   0.18	  47.63	
    843	   0.20	  -0.05	  0.000	1.00003							#	   0.14	  47.58	
    844	   0.15	  -0.09	  0.000	1.00006							#	   0.14	  47.47	
    845	   0.09	  -0.12	  0.000	1.00004							#	   0.11	  47.02	
    846	   0.19	  -0.13	 -0.000	1.00004							#	   0.13	  47.22	
    847	   0.22	  -0.19	 -0.000	1.00006							#	   0.13	  47.27	
    848	   0.26	  -0.17	 -0.000	1.00004							#	   0.12	  47.47	
    849	   0.22	  -0.15	  0.002	1.00003							#	   0.10	  47.32	
    850	   0.30	  -0.17	 -0.000	1.00004							#	   0.09	  47.32	
    851	   0.22	  -0.17	  0.002	1.00007							#	   0.09	  47.73	
    852	   0.26	  -0.27	  0.001	1.00004							#	   0.09	  47.02	
    853	   0.13	  -0.32	 -0.001	1.00007							#	   0.11	  47.22	
    854	   0.22	  -0.30	 -0.001	1.00003							#	   0.11	  46.52	
    855	   0.15	  -0.35	  0.002	1.00005							#	   0.12	  46.36	
    856	   0.15	  -0.31	  0.000	1.00005							#	   0.11	  46.57	
    857	   0.11	  -0.32	  0.001	1.00003							#	   0.12	  46.36	
    858	   0.08	  -0.41	  0.002	1.00005							#	   0.12	  46.36	
    859	   0.17	  -0.29	  0.000	1.00005							#	   0.12	  47.02	
    860	   0.18	  -0.31	  0.003	1.00003							#	   0.11	  46.36	
    861	   0.22	  -0.32	  0.001	1.00006							#	   0.11	  46.97	
    862	   0.15	  -0.30	 -0.000	1.00001							#	   0.11	  46.62	
