      1	  -4.85	   1.16	  0.090	0.99158	  -3.40	  -2.29	  0.190	0.99238			#	   0.04	  54.38	
      2	  -5.39	   1.34	  0.034	0.99156	  -5.30	  -1.10	  0.116	0.99271			#	   0.18	  52.56	
      3	  -3.58	   0.58	  0.030	0.99151	  -2.87	  -2.53	  0.080	0.99238			#	   0.10	  55.95	
      4	  -4.52	   0.19	  0.081	0.99145	  -3.39	  -2.10	  0.117	0.99292			#	   0.13	  52.34	
      5	  -5.99	  -0.92	  0.107	0.99144	  -4.67	  -4.50	  0.222	0.99282			#	   0.22	  52.17	
      6	  -6.99	   0.78	  0.023	0.99106	  -6.54	  -3.70	  0.156	0.99283			#	   0.30	  50.09	
      7	  -6.95	   1.90	 -0.026	0.99070	  -6.55	  -0.78	  0.043	0.99185			#	   0.37	  48.83	
      8	  -6.45	  -0.08	  0.050	0.99101	  -6.64	  -2.50	  0.095	0.99259			#	   0.31	  51.35	
      9	  -4.81	  -1.46	  0.095	0.99118	  -4.94	  -4.79	  0.191	0.99195			#	   0.20	  55.21	
     10	  -3.47	   0.14	  0.022	0.99144	  -2.82	  -3.61	  0.094	0.99287			#	   0.09	  55.03	
     11	  -4.79	   0.34	  0.033	0.99109	  -3.18	  -2.47	  0.093	0.99255			#	   0.12	  52.95	
     12	  -6.43	  -0.60	  0.084	0.99129	  -6.24	  -3.75	  0.162	0.99286			#	   0.26	  51.04	
     13	  -4.38	  -0.85	  0.097	0.99125	  -4.86	  -4.02	  0.160	0.99229			#	   0.15	  56.12	
     14	  -3.94	  -0.42	  0.048	0.99140	  -2.80	  -4.24	  0.159	0.99207			#	   0.10	  56.34	
     15	  -4.46	   1.35	 -0.028	0.99106	  -3.23	  -1.72	  0.042	0.99312			#	   0.15	  52.47	
     16	  -6.98	  -0.73	  0.024	0.99082	  -6.33	  -3.25	  0.100	0.99218			#	   0.32	  50.35	
     17	  -6.32	  -1.50	  0.066	0.99082	  -6.56	  -5.31	  0.152	0.99195			#	   0.35	  51.04	
     18	  -4.81	  -0.52	  0.025	0.99117	  -5.12	  -3.73	  0.118	0.99221			#	   0.16	  53.60	
     19	  -3.62	  -1.08	 -0.004	0.99103	  -2.85	  -2.93	  0.013	0.99222			#	   0.13	  52.21	
     20	  -5.18	  -3.05	  0.087	0.99103	  -4.30	  -6.20	  0.146	0.99208			#	   0.29	  49.18	
     21	  -5.07	  -3.95	  0.117	0.99120	  -4.93	  -6.09	  0.194	0.99262			#	   0.38	  48.96	
     22	  -3.51	  -4.19	  0.058	0.99121	  -3.52	  -8.35	  0.153	0.99239			#	   0.33	  50.13	
     23	  -2.90	  -1.93	  0.015	0.99104	  -2.45	  -5.98	  0.060	0.99185			#	   0.12	  47.31	
     24	  -3.49	  -1.04	  0.063	0.99111	  -2.48	  -3.89	  0.112	0.99194			#	   0.09	  53.04	
     25	  -3.68	  -1.11	  0.103	0.99118	  -3.20	  -5.07	  0.187	0.99166			#	   0.10	  52.47	
     26	  -4.38	   0.91	  0.047	0.99098	  -3.63	  -2.01	  0.119	0.99193			#	   0.09	  48.91	
     27	  -4.05	  -0.63	  0.063	0.99111	  -4.31	  -3.10	  0.122	0.99166			#	   0.13	  51.48	
     28	  -3.43	  -1.02	  0.074	0.99120	  -2.02	  -4.36	  0.126	0.99268			#	   0.09	  50.43	
     29	  -6.33	  -0.79	  0.094	0.99086	  -5.71	  -4.55	  0.209	0.99225			#	   0.21	  46.74	
     30	  -5.44	   0.57	  0.053	0.99099	  -5.78	  -4.04	  0.165	0.99218			#	   0.19	  47.61	
     31	  -4.08	   2.36	  0.030	0.99133	  -4.30	  -0.26	  0.059	0.99271			#	   0.17	  45.23	
     32	  -4.36	   0.03	  0.119	0.99082	  -2.95	  -2.43	  0.153	0.99154			#	   0.11	  48.00	
     33	  -6.74	  -0.42	  0.141	0.99096	  -5.98	  -4.43	  0.268	0.99237			#	   0.23	  45.62	
     34	  -6.12	   1.07	  0.071	0.99124	  -6.34	  -3.30	  0.187	0.99214			#	   0.22	  47.70	
     35	  -3.71	   2.29	  0.033	0.99260	  -4.14	   0.26	  0.058	0.99324			#	   0.12	  47.96	
     36	  -3.37	  -0.52	  0.131	0.99112	  -1.95	  -2.62	  0.173	0.99173			#	   0.09	  51.39	
     37	  -4.72	  -0.47	  0.138	0.99113	  -4.06	  -4.75	  0.240	0.99229			#	   0.10	  48.83	
     38	  -5.72	   1.36	  0.062	0.99139	  -5.35	  -2.55	  0.181	0.99243			#	   0.15	  47.22	
     39	  -5.23	   2.32	  0.002	0.99100	  -5.06	   0.00	  0.042	0.99256			#	   0.12	  49.05	
     40	  -4.66	  -0.04	  0.099	0.98970	  -4.79	  -2.48	  0.129	0.99026			#	   0.11	  49.78	
     41	  -3.70	  -0.89	  0.132	0.98965	  -2.93	  -4.06	  0.211	0.99036			#	   0.11	  50.95	
     42	  -4.86	   0.72	  0.066	0.98987	  -4.13	  -3.73	  0.176	0.99127			#	   0.10	  48.18	
     43	  -6.12	   1.27	  0.021	0.98966	  -5.21	  -1.05	  0.077	0.99026			#	   0.18	  48.74	
     44	  -5.83	  -0.10	  0.088	0.99082	  -6.00	  -3.18	  0.148	0.99187			#	   0.20	  46.18	
     45	  -5.24	  -0.55	  0.110	0.99179	  -5.14	  -3.77	  0.201	0.99279			#	   0.18	  48.70	
     46	  -3.97	  -0.11	  0.049	0.99171	  -3.92	  -3.58	  0.145	0.99239			#	   0.09	  49.52	
     47	  -3.58	   0.30	 -0.009	0.99168	  -2.66	  -2.26	  0.031	0.99219			#	   0.08	  48.91	
     48	  -4.69	  -0.67	  0.054	0.99187	  -3.60	  -4.12	  0.111	0.99278			#	   0.12	  49.65	
     49	  -5.42	   0.74	  0.044	0.99211	  -5.29	  -3.08	  0.153	0.99335			#	   0.16	  47.14	
     50	  -3.52	   1.18	 -0.022	0.99196	  -4.12	  -1.85	  0.055	0.99271			#	   0.11	  49.44	
     51	  -3.00	   1.33	 -0.042	0.99100	  -2.00	  -1.97	  0.010	0.99201			#	   0.10	  50.61	
     52	  -6.08	   0.72	 -0.013	0.99088	  -3.57	  -2.17	  0.050	0.99242			#	   0.20	  46.27	
     53	 -10.17	   0.50	  0.009	0.98984	  -9.12	  -3.92	  0.151	0.99188			#	   0.70	  40.10	
     54	 -10.78	   1.07	  0.004	0.98993	 -11.24	  -2.64	  0.081	0.99172			#	   0.85	  40.80	
     55	 -10.15	   1.07	  0.046	0.98918	  -9.60	  -3.94	  0.169	0.99052			#	   0.65	  39.24	
     56	 -10.23	   3.17	  0.041	0.98774	  -8.78	  -2.59	  0.154	0.98814			#	   1.08	  29.30	
     57	 -10.81	   4.78	  0.055	0.98775	 -11.31	  -1.25	  0.216	0.98802			#	   0.97	  32.90	
     58	  -7.66	   7.00	  0.030	0.99037	 -10.50	   3.32	  0.092	0.99095			#	   0.51	  42.23	
     59	  -3.69	   6.16	  0.091	0.99064	  -3.43	   3.75	  0.099	0.99053			#	   0.21	  42.88	
     60	  -6.68	   5.12	  0.142	0.99030	  -4.42	   1.84	  0.227	0.99068			#	   0.26	  40.54	
     61	  -9.26	   5.98	  0.125	0.98963	  -9.04	   1.98	  0.227	0.99080			#	   0.52	  38.89	
     62	  -9.63	   5.06	  0.123	0.99024	 -10.38	   2.36	  0.210	0.99059			#	   0.52	  42.01	
     63	  -7.26	   4.00	  0.187	0.99035	  -7.84	   1.19	  0.216	0.99109			#	   0.29	  42.71	
     64	  -7.09	   3.81	  0.233	0.99041	  -6.81	   0.05	  0.320	0.99133			#	   0.25	  43.62	
     65	  -9.13	   5.38	  0.227	0.98967	  -7.83	   0.55	  0.330	0.99084			#	   0.57	  40.45	
     66	 -12.75	   6.29	  0.243	0.98836	 -10.78	   2.81	  0.329	0.98923			#	   1.37	  37.67	
     67	 -17.71	   5.86	  0.318	0.98766	 -14.38	   1.16	  0.442	0.98894			#	   1.84	  29.64	
     68	 -26.45	   5.57	  0.400	0.98709	 -22.98	   0.54	  0.608	0.98688			#	   2.02	  26.22	
     69	 -29.31	   7.53	  0.403	0.98524	 -28.90	   1.22	  0.642	0.98550			#	   2.48	  23.65	
     70	 -29.87	   9.41	  0.374	0.98291	 -29.25	   2.06	  0.645	0.98368			#	   2.33	  25.22	
     71	 -30.00	  10.35	  0.365	0.98277	 -30.52	   4.30	  0.590	0.98392			#	   2.41	  24.87	
     72	 -33.64	   6.26	  0.400	0.98156	 -30.02	   2.85	  0.672	0.98274			#	   2.81	  22.92	
     73	 -34.90	   1.06	  0.484	0.97971	 -36.20	  -7.84	  0.784	0.97976			#	   2.06	  24.31	
     74	 -29.64	   2.93	  0.441	0.98178	 -31.98	  -2.08	  0.614	0.98356			#	   2.46	  24.78	
     75	 -27.05	   0.15	  0.427	0.98183	 -26.62	  -5.69	  0.615	0.98246			#	   2.76	  24.83	
     76	 -29.07	   0.98	  0.342	0.98167	 -27.73	  -5.73	  0.566	0.98342			#	   2.13	  24.65	
     77	 -31.89	   2.54	  0.292	0.98054	 -31.23	  -4.94	  0.501	0.98306			#	   2.12	  22.87	
     78	 -36.51	   3.21	  0.280	0.97847	 -34.02	  -4.76	  0.507	0.97987			#	   2.01	  19.97	
     79	 -40.26	   4.24	  0.332	0.97697	 -40.05	  -4.24	  0.577	0.97876			#	   1.24	  19.49	
     80	 -37.99	   2.21	  0.407	0.97706	 -41.47	  -4.37	  0.628	0.97713			#	   1.03	  19.27	
     81	 -28.74	   1.31	  0.448	0.97948	 -35.23	  -5.27	  0.607	0.98094			#	   3.04	  18.32	
     82	 -21.13	   0.11	  0.479	0.98256	 -24.86	  -5.44	  0.583	0.98260			#	   1.66	  17.45	
     83	 -15.88	   0.39	  0.481	0.98388	 -19.15	  -4.32	  0.561	0.98454			#	   1.21	  16.75	
     84	 -15.81	   1.17	  0.398	0.98347	 -16.14	  -4.40	  0.537	0.98539			#	   1.12	  16.19	
     85	 -19.10	   2.60	  0.308	0.98135	 -19.76	  -3.37	  0.421	0.98310			#	   1.83	  13.89	
     86	 -22.87	   0.83	  0.354	0.97998	 -23.37	  -4.52	  0.448	0.98123			#	   2.38	  13.19	
     87	 -22.51	   0.37	  0.328	0.97866	 -27.06	  -7.60	  0.555	0.98023			#	   2.14	  12.20	
     88	 -17.85	  -2.41	  0.268	0.97882	 -22.14	  -7.18	  0.422	0.98009			#	   1.85	  10.98	
     89	 -17.98	  -5.28	  0.160	0.97973	 -19.02	 -11.74	  0.297	0.97972			#	   1.75	  12.76	
     90	 -22.15	  -5.38	  0.148	0.98031	 -20.73	 -14.66	  0.285	0.97816			#	   2.35	  13.45	
     91	 -21.20	  -0.00	  0.208	0.97966	 -23.24	  -9.29	  0.255	0.97798			#	   2.25	  11.89	
     92	 -18.66	   3.61	  0.221	0.98247	 -22.34	  -2.51	  0.262	0.98125			#	   1.95	  12.67	
     93	 -13.72	   2.70	  0.226	0.98387	 -15.08	  -2.09	  0.250	0.98017			#	   1.46	  12.59	
     94	  -9.36	   5.16	  0.252	0.98587	 -14.42	  -2.16	  0.359	0.98342			#	   0.74	  13.50	
     95	   1.69	   6.54	  0.211	0.98977	  -4.34	   4.53	  0.185	0.98619			#	   0.24	  14.06	
     96	   9.31	   5.48	  0.229	0.99282	   5.89	   5.31	  0.090	0.99101			#	   0.26	  13.63	
     97	  10.87	   2.53	  0.318	0.99334	  11.91	   0.37	  0.249	0.99004			#	   0.28	  14.67	
     98	   7.10	   5.15	  0.342	0.99271	   6.62	   1.86	  0.410	0.99236			#	   0.29	  13.93	
     99	   8.55	   2.63	  0.287	0.99246	   5.80	   3.95	  0.241	0.99203			#	   0.41	  14.02	
    100	   8.72	  -3.56	  0.181	0.99309	  10.34	  -3.81	  0.165	0.99074			#	   0.51	  14.15	
    101	   4.58	  -2.52	  0.208	0.99165	   6.72	  -6.90	  0.171	0.99140			#	   0.13	  14.97	
    102	   0.75	   0.54	  0.291	0.98937	  -0.93	  -5.03	  0.395	0.99000			#	   0.17	  14.67	
    103	   3.55	   1.50	  0.184	0.99017	   0.50	  -1.15	  0.189	0.98898			#	   0.16	  14.28	
    104	   4.72	   0.61	  0.137	0.99115	   5.61	  -2.10	  0.117	0.98871			#	   0.15	  14.32	
    105	   1.86	   5.09	  0.162	0.99047	   1.25	  -2.11	  0.228	0.98955			#	   0.36	  15.10	
    106	   2.45	   9.37	  0.110	0.99039	   0.42	   5.84	  0.161	0.98842			#	   0.99	  14.06	
    107	   4.14	  10.59	  0.029	0.99103	   2.71	   7.35	  0.028	0.98833			#	   1.13	  14.41	
    108	   3.45	  10.80	  0.060	0.99021	   3.36	   8.28	  0.034	0.98800			#	   1.07	  13.11	
    109	   2.68	   8.06	  0.053	0.99025	   1.24	   5.05	  0.122	0.98731			#	   0.76	  14.32	
    110	   5.81	   7.93	  0.081	0.99182	   2.18	   6.56	  0.036	0.99076			#	   0.83	  13.06	
    111	   8.02	   5.10	  0.079	0.99183	   7.99	   4.77	 -0.034	0.99026			#	   0.78	  14.02	
    112	   3.82	   1.59	  0.098	0.99120	   5.49	  -0.77	  0.147	0.98957			#	   0.19	  14.89	
    113	   0.28	   2.62	  0.082	0.98993	  -0.24	  -0.82	  0.130	0.99077			#	   0.28	  13.63	
    114	   1.03	   0.67	  0.075	0.99010	  -0.58	  -1.53	  0.071	0.98879			#	   0.28	  14.28	
    115	   1.81	  -1.49	  0.118	0.99074	   1.50	  -3.24	  0.094	0.99003			#	   0.14	  14.37	
    116	   0.48	  -1.63	  0.166	0.99042	   0.20	  -5.70	  0.186	0.99087			#	   0.21	  13.80	
    117	   0.95	  -0.81	  0.140	0.99007	  -1.22	  -4.27	  0.199	0.99006			#	   0.23	  14.11	
    118	   2.58	  -0.43	  0.092	0.99051	   1.97	  -3.46	  0.081	0.98970			#	   0.17	  13.89	
    119	   1.26	   0.11	  0.125	0.99018	   1.17	  -3.24	  0.135	0.98997			#	   0.21	  13.76	
    120	   0.79	   0.84	  0.114	0.98991	  -0.63	  -3.43	  0.170	0.99033			#	   0.36	  12.76	
    121	   1.75	   1.40	  0.067	0.99021	  -0.71	  -2.26	  0.179	0.99118			#	   0.34	  13.41	
    122	   3.06	  -0.18	  0.025	0.99060	   2.30	  -2.61	  0.026	0.99097			#	   0.23	  13.24	
    123	   1.92	  -0.79	  0.051	0.99083	   1.42	  -4.21	  0.064	0.99036			#	   0.23	  13.54	
    124	   2.41	   0.05	  0.126	0.99073	   0.83	  -3.12	  0.109	0.99083			#	   0.16	  12.63	
    125	   3.04	   0.56	  0.089	0.99074	   2.24	  -2.23	  0.112	0.99018			#	   0.19	  12.63	
    126	   2.56	   0.55	  0.031	0.99062	   2.36	  -1.98	  0.044	0.99104			#	   0.24	  12.89	
    127	   0.27	  -0.28	  0.085	0.98971	   0.56	  -4.73	  0.131	0.99031			#	   0.31	  12.67	
    128	  -1.24	   0.21	  0.112	0.98938	  -2.41	  -3.21	  0.176	0.98997			#	   0.45	  11.46	
    129	  -0.80	  -0.28	  0.073	0.98972	  -2.13	  -4.39	  0.161	0.98989			#	   0.37	  12.28	
    130	   0.87	   0.34	  0.076	0.98976	  -0.72	  -3.59	  0.082	0.98994			#	   0.35	  12.85	
    131	  -0.17	   1.30	  0.137	0.98974	   0.19	  -2.52	  0.161	0.98974			#	   0.48	  12.80	
    132	  -1.53	   1.68	  0.246	0.98877	  -3.01	  -3.49	  0.332	0.98993			#	   0.70	  13.02	
    133	  -0.18	   2.32	  0.167	0.98925	  -3.41	  -2.31	  0.326	0.98892			#	   0.66	  12.15	
    134	   5.58	   0.88	  0.115	0.99139	   2.57	   0.59	  0.043	0.99052			#	   0.42	  12.50	
    135	   6.03	  -1.30	  0.113	0.99215	   6.38	  -2.89	  0.102	0.99169			#	   0.37	  12.28	
    136	   4.19	  -0.13	  0.187	0.99125	   4.63	  -4.65	  0.165	0.99200			#	   0.29	  12.93	
    137	   0.67	   2.36	  0.165	0.98973	   0.33	  -1.87	  0.281	0.99055			#	   0.57	  12.28	
    138	  -0.27	   1.14	  0.134	0.98919	  -0.73	  -1.41	  0.155	0.98906			#	   0.72	  12.72	
    139	  -1.34	  -0.13	  0.150	0.98923	  -2.28	  -3.80	  0.204	0.98939			#	   0.68	  12.63	
    140	  -0.32	   2.24	  0.166	0.98892	  -2.22	  -4.94	  0.297	0.98931			#	   0.72	  12.02	
    141	   2.72	   4.42	  0.147	0.98975	  -1.27	   0.97	  0.216	0.98975			#	   1.11	  12.02	
    142	   4.78	   3.29	  0.157	0.99123	   4.04	   1.61	  0.093	0.99073			#	   0.64	  11.94	
    143	   2.10	   4.74	  0.178	0.99057	   1.68	  -0.77	  0.266	0.99058			#	   0.89	  11.59	
    144	   3.50	   7.17	  0.246	0.98975	   1.10	   2.82	  0.264	0.98960			#	   1.48	  10.59	
    145	   2.76	   8.19	  0.203	0.99017	   0.56	   5.22	  0.312	0.99093			#	   1.41	  11.15	
    146	   3.17	   5.55	  0.121	0.99085	   1.56	   3.48	  0.175	0.98958			#	   0.93	  11.41	
    147	   3.76	   4.55	  0.155	0.99091	   3.21	   1.76	  0.150	0.99007			#	   0.95	  10.46	
    148	   3.02	   5.48	  0.178	0.99123	   1.57	   2.06	  0.235	0.99095			#	   1.02	  10.24	
    149	   4.79	   7.20	  0.158	0.99191	   2.00	   4.14	  0.179	0.99144			#	   1.54	  10.46	
    150	   7.32	   7.06	  0.128	0.99146	   5.23	   6.06	  0.109	0.99135			#	   1.66	   9.38	
    151	   5.83	   5.31	  0.131	0.99307	   4.86	   3.07	  0.156	0.99159			#	   1.16	  10.55	
    152	   8.20	   6.85	  0.147	0.99235	   5.89	   4.84	  0.105	0.99265			#	   2.15	  10.16	
    153	   6.40	   6.68	  0.090	0.99276	   5.77	   5.26	  0.119	0.99202			#	   1.77	   9.64	
    154	   6.85	   6.95	  0.117	0.99209	   6.00	   4.40	  0.065	0.99142			#	   1.92	   9.33	
    155	   5.13	   7.85	  0.117	0.99191	   3.51	   5.84	  0.139	0.99130			#	   2.33	   9.51	
    156	   7.12	   6.24	  0.128	0.99249	   4.93	   5.52	  0.113	0.99150			#	   2.03	   9.20	
    157	   9.61	   5.15	  0.050	0.99207	   6.80	   3.48	  0.098	0.99204			#	   2.83	   8.29	
    158									skipped		#	   2.18	   7.38	
    159									skipped		#	   1.27	   7.34	
    160									skipped		#	   1.47	   6.64	
    161									skipped		#	   1.17	   6.77	
    162									skipped		#	   1.13	   6.47	
    163									skipped		#	   1.04	   5.99	
    164									skipped		#	   1.98	   5.90	
    165									skipped		#	   1.93	   5.64	
    166									skipped		#	   2.43	   5.77	
    167									skipped		#	   1.49	   5.99	
    168									skipped		#	   2.02	   5.43	
    169									skipped		#	   2.91	   4.95	
    170									skipped		#	   1.90	   5.03	
    171									skipped		#	   2.12	   4.12	
    172	  -5.32	   4.77	  0.050	0.98550	  -6.78	   3.97	  0.088	0.98582			#	   1.99	  37.50	
    173	  -3.87	   4.52	  0.023	0.98576	  -3.96	   4.99	  0.000	0.98557			#	   2.27	  37.93	
    174	  -3.47	   1.95	  0.061	0.98622	  -3.64	   3.53	  0.005	0.98588			#	   1.77	  37.37	
    175	  -2.77	   2.47	  0.063	0.98549	  -2.48	   1.14	  0.055	0.98552			#	   1.36	  39.11	
    176	  -2.83	   3.91	 -0.014	0.98559	  -3.41	   3.94	  0.016	0.98507			#	   2.33	  39.67	
    177	  -2.80	   4.43	 -0.068	0.98544	  -1.04	   3.76	 -0.120	0.98447			#	   2.06	  40.06	
    178	  -6.30	   6.85	 -0.016	0.98433	  -4.94	   6.24	 -0.072	0.98443			#	   4.16	  39.32	
    179	  -9.17	   8.40	  0.030	0.98345	  -9.22	   7.13	  0.046	0.98352			#	   3.86	  37.80	
    180	  -7.81	   8.59	 -0.017	0.98373	  -9.86	   8.85	  0.012	0.98357			#	   3.49	  38.37	
    181	  -5.27	   6.85	 -0.130	0.98398	  -6.04	   8.16	 -0.129	0.98293			#	   2.40	  42.23	
    182	  -3.52	   6.09	 -0.138	0.98401	  -3.75	   6.06	 -0.203	0.98313			#	   1.50	  41.28	
    183	  -5.82	   7.70	 -0.089	0.98337	  -3.84	   6.59	 -0.138	0.98252			#	   1.84	  39.24	
    184	  -7.86	   9.40	 -0.048	0.98245	  -8.24	   9.02	 -0.049	0.98191			#	   2.09	  40.80	
    185	  -7.37	   7.50	 -0.008	0.98253	  -7.91	   8.60	 -0.033	0.98180			#	   1.31	  38.37	
    186	  -5.73	   6.48	 -0.001	0.98286	  -6.93	   6.32	 -0.019	0.98169			#	   1.54	  39.58	
    187	  -2.23	   6.07	  0.016	0.98534	  -3.45	   5.67	 -0.008	0.98439			#	   1.55	  34.20	
    188	  -2.28	   7.26	 -0.051	0.98292	  -2.19	   8.19	 -0.067	0.98146			#	   2.03	  33.16	
    189	  -3.57	   5.92	 -0.083	0.98250	  -2.19	   6.74	 -0.159	0.98129			#	   1.60	  32.55	
    190	  -6.43	   5.66	 -0.030	0.98106	  -5.34	   6.02	 -0.084	0.98052			#	   1.96	  30.95	
    191	  -7.31	   5.30	  0.038	0.98129	  -8.21	   4.66	  0.023	0.98059			#	   1.73	  31.90	
    192	  -4.93	   6.39	 -0.045	0.98139	  -5.94	   6.25	 -0.020	0.98016			#	   1.69	  31.81	
    193	  -3.58	   6.38	 -0.114	0.98060	  -3.55	   6.63	 -0.130	0.97992			#	   1.96	  32.25	
    194	  -4.03	   2.88	 -0.048	0.98315	  -4.15	   3.85	 -0.105	0.98237			#	   1.01	  28.78	
    195	  -5.80	   3.60	  0.014	0.97990	  -5.99	   2.86	 -0.063	0.97955			#	   1.37	  22.22	
    196	  -6.00	   5.26	 -0.027	0.97941	  -6.34	   4.93	 -0.025	0.97878			#	   1.75	  26.74	
    197	  -5.78	   4.89	 -0.015	0.98016	  -6.00	   4.77	 -0.040	0.97893			#	   1.52	  24.05	
    198	  -5.55	   5.12	 -0.026	0.97994	  -5.01	   5.94	 -0.066	0.97938			#	   1.30	  24.44	
    199	  -6.75	   3.99	  0.040	0.98036	  -5.73	   3.75	  0.003	0.97901			#	   1.69	  21.66	
    200	  -6.66	   5.92	  0.040	0.97870	  -6.30	   5.09	  0.085	0.97813			#	   1.71	  19.66	
    201	  -9.08	   5.31	 -0.006	0.97920	  -7.56	   5.26	  0.005	0.97791			#	   1.99	  16.71	
    202	 -11.37	   5.59	  0.050	0.97603	 -10.07	   3.44	  0.105	0.97516			#	   2.24	  15.54	
    203	 -15.26	   5.89	  0.031	0.97480	 -15.87	   3.49	  0.161	0.97356			#	   2.56	  13.28	
    204	 -15.79	   5.06	 -0.016	0.97381	 -18.76	   2.25	  0.198	0.97222			#	   2.06	  12.98	
    205	 -12.41	   3.66	 -0.123	0.97313	 -16.65	   1.03	  0.083	0.97156			#	   1.71	  11.28	
    206	 -10.04	   1.05	 -0.122	0.97376	 -13.93	  -2.38	  0.063	0.97028			#	   1.15	  11.85	
    207	  -4.92	   1.14	 -0.028	0.97032	 -10.30	  -6.78	  0.249	0.96556			#	   1.08	  19.57	
    208	  -5.12	   1.71	 -0.054	0.97034	  -8.53	  -5.94	  0.236	0.96337			#	   1.04	  19.57	
    209	  -5.81	   2.84	 -0.079	0.96727	 -10.57	  -5.98	  0.255	0.96384			#	   1.46	  19.75	
    210	  -5.32	   1.73	 -0.050	0.96771	  -9.10	  -6.21	  0.264	0.96297			#	   1.17	  16.19	
    211	  -5.88	   1.59	 -0.020	0.96691	  -8.22	  -7.61	  0.278	0.96100			#	   1.46	  18.40	
    212	  -8.59	   2.61	 -0.064	0.96561	 -10.69	  -7.44	  0.343	0.96320			#	   1.76	  17.36	
    213	  -7.82	   1.11	 -0.101	0.96522	 -10.91	  -7.46	  0.219	0.96143			#	   1.13	  16.80	
    214	  -5.91	  -0.60	 -0.035	0.96440	  -8.70	 -10.79	  0.284	0.96035			#	   0.71	  16.28	
    215	  -5.15	  -0.06	  0.008	0.96720	  -8.07	  -9.53	  0.307	0.96386			#	   0.62	  15.80	
    216	  -5.88	   0.98	 -0.066	0.96811	  -7.48	  -7.34	  0.244	0.96536			#	   0.53	  16.62	
    217	  -7.79	   1.81	 -0.134	0.96801	  -9.26	  -6.91	  0.238	0.96638			#	   0.62	  14.93	
    218	  -9.69	   0.01	 -0.135	0.97206	 -12.62	  -5.02	 -0.153	0.97500			#	   0.66	  17.06	
    219	  -7.82	  -1.38	 -0.083	0.97496	 -11.07	  -6.47	 -0.225	0.98075			#	   0.62	  17.23	
    220	  -5.15	  -0.40	 -0.087	0.97442	  -8.91	  -6.36	 -0.193	0.98009			#	   0.68	  17.53	
    221	  -4.04	   0.30	 -0.181	0.97261	  -5.97	  -5.87	 -0.273	0.97819			#	   0.89	  20.88	
    222	  -4.12	   0.71	 -0.135	0.97298	  -6.58	  -6.00	 -0.237	0.97882			#	   1.06	  20.23	
    223	  -4.11	   1.47	 -0.069	0.97244	  -5.41	  -5.03	 -0.193	0.97786			#	   1.20	  20.27	
    224	  -7.51	   1.73	 -0.111	0.97297	  -7.74	  -4.57	 -0.178	0.97700			#	   1.01	  18.01	
    225	  -9.30	   1.98	 -0.169	0.97226	 -10.96	  -4.37	 -0.216	0.97886			#	   1.80	  18.58	
    226	 -10.16	   1.63	 -0.132	0.97328	 -12.00	  -3.79	 -0.250	0.97822			#	   0.93	  16.54	
    227	  -9.16	   0.26	 -0.099	0.97353	 -11.95	  -5.75	 -0.230	0.97859			#	   1.16	  16.06	
    228	  -6.61	   0.52	 -0.063	0.97276	  -9.22	  -5.58	 -0.153	0.97807			#	   1.12	  16.06	
    229	  -6.64	   0.53	 -0.142	0.97154	  -8.09	  -6.33	 -0.222	0.97668			#	   0.77	  18.23	
    230	  -7.26	   1.52	 -0.237	0.97173	  -8.57	  -5.27	 -0.327	0.97616			#	   0.95	  17.88	
    231	  -8.10	   0.64	 -0.183	0.97198	  -8.95	  -5.00	 -0.328	0.97672			#	   0.84	  17.40	
    232	  -8.57	  -0.67	 -0.101	0.97135	 -11.21	  -7.61	 -0.219	0.97590			#	   0.63	  17.23	
    233	  -5.08	   0.62	 -0.035	0.97024	  -9.86	  -5.84	 -0.143	0.97511			#	   0.76	  18.45	
    234	  -3.63	  -0.17	 -0.058	0.96994	  -5.69	  -5.85	 -0.221	0.97387			#	   0.77	  18.75	
    235	  -6.13	  -1.41	 -0.012	0.96963	  -8.34	  -7.68	 -0.168	0.97311			#	   0.73	  19.44	
    236	  -7.69	  -1.84	  0.076	0.96844	 -10.04	  -8.04	 -0.083	0.97303			#	   0.91	  17.32	
    237	 -11.05	  -1.12	 -0.091	0.96944	 -12.72	  -8.63	 -0.143	0.97371			#	   1.17	  17.27	
    238	 -10.82	  -0.73	 -0.152	0.96856	 -13.33	  -7.56	 -0.259	0.97467			#	   0.98	  17.06	
    239	 -11.20	  -1.12	 -0.084	0.96821	 -14.44	  -8.39	 -0.219	0.97290			#	   1.07	  17.58	
    240	  -9.27	  -1.61	  0.031	0.96877	 -12.84	  -7.47	 -0.138	0.97391			#	   0.94	  14.67	
    241	  -8.43	  -1.49	 -0.002	0.96830	 -12.06	  -8.52	 -0.089	0.97268			#	   0.81	  18.32	
    242	  -6.22	  -0.86	 -0.062	0.96726	 -10.88	  -7.93	 -0.173	0.97185			#	   0.97	  17.62	
    243	  -4.13	  -1.51	 -0.048	0.96655	  -7.28	  -8.36	 -0.221	0.97122			#	   0.97	  17.97	
    244	  -5.85	  -2.82	  0.043	0.96643	  -8.22	  -9.05	 -0.092	0.97080			#	   0.90	  18.19	
    245	  -6.90	  -2.83	  0.010	0.96684	 -10.51	 -10.82	 -0.079	0.97028			#	   0.94	  17.71	
    246	  -5.92	  -0.29	 -0.194	0.96522	  -8.83	  -8.88	 -0.280	0.97074			#	   1.00	  19.14	
    247	  -7.03	  -0.19	 -0.225	0.96444	  -9.21	  -8.06	 -0.374	0.96884			#	   0.94	  17.71	
    248	  -8.52	  -0.40	 -0.149	0.96541	 -10.02	  -8.63	 -0.318	0.97020			#	   0.90	  14.63	
    249	 -11.73	   1.30	 -0.232	0.96484	 -12.94	  -8.40	 -0.323	0.96933			#	   1.02	  15.45	
    250	 -12.95	   1.68	 -0.222	0.96256	 -15.74	  -6.33	 -0.324	0.96827			#	   1.08	  15.06	
    251	 -13.86	  -1.18	 -0.305	0.96253	 -15.75	 -10.20	 -0.486	0.96752			#	   0.89	  12.54	
    252	 -14.48	  -0.96	 -0.213	0.96298	 -18.00	 -10.46	 -0.375	0.96681			#	   0.97	  12.28	
    253	 -12.72	   1.37	 -0.277	0.96126	 -16.44	  -9.18	 -0.404	0.96600			#	   1.04	  12.63	
    254	 -10.37	   1.22	 -0.279	0.96005	 -14.25	  -9.13	 -0.522	0.96367			#	   1.02	  11.50	
    255	 -10.14	   1.80	 -0.242	0.96000	 -12.83	  -8.35	 -0.417	0.96401			#	   1.13	  13.24	
    256	 -10.58	   3.17	 -0.190	0.95958	 -14.10	  -7.44	 -0.343	0.96140			#	   1.13	  12.85	
    257	  -8.57	   4.03	 -0.250	0.96035	 -13.63	  -5.46	 -0.402	0.96182			#	   1.52	  11.02	
    258	  -6.26	   3.25	 -0.343	0.95972	  -9.34	  -5.40	 -0.586	0.96020			#	   1.33	  12.50	
    259	  -5.49	   2.83	 -0.267	0.95950	  -9.19	  -6.92	 -0.529	0.96047			#	   1.68	  12.54	
    260	  -4.40	   4.41	 -0.192	0.95805	  -8.06	  -5.86	 -0.400	0.95858			#	   1.53	  14.41	
    261	  -4.42	   5.40	 -0.226	0.95782	  -7.60	  -4.41	 -0.403	0.95840			#	   1.84	  13.93	
    262	  -5.87	   3.33	 -0.074	0.95855	 -10.23	  -3.28	 -0.268	0.95682			#	   1.70	  10.72	
    263	  -9.91	  -1.88	  0.262	0.95947	 -14.84	  -6.41	  0.005	0.95746			#	   1.28	   8.51	
    264	 -12.53	  -4.59	  0.087	0.95647	 -16.65	 -12.62	 -0.166	0.95843			#	   1.13	   8.29	
    265									skipped		#	   1.15	   7.34	
    266									skipped		#	   1.05	   4.04	
    267									skipped		#	   1.08	   4.17	
    268									skipped		#	   1.40	   3.95	
    269									skipped		#	   1.33	   3.69	
    270	   5.24	  -8.84	 -0.060	0.99054	   6.60	 -11.77	  0.069	0.99123			#	   1.61	  21.01	
    271	   6.35	  -6.49	 -0.050	0.98982	   5.65	 -11.36	 -0.059	0.99131			#	   1.63	  20.40	
    272	   3.16	  -5.11	 -0.024	0.99048	   7.24	  -7.26	  0.072	0.99184			#	   1.89	  17.75	
    273	  -2.21	  -5.81	  0.018	0.99233	  -0.19	  -8.18	  0.073	0.99366			#	   2.22	  25.39	
    274	  -4.88	  -4.64	 -0.034	0.99289	  -3.17	  -5.94	  0.097	0.99519			#	   2.55	  26.22	
    275	  -6.96	  -9.09	 -0.062	0.99147	  -6.33	  -9.16	  0.082	0.99438			#	   2.93	  27.00	
    276	  -6.74	  -9.05	 -0.089	0.99275	  -5.82	 -11.83	  0.050	0.99526			#	   2.87	  30.73	
    277	  -5.73	  -4.81	 -0.078	0.99240	  -6.43	  -8.56	  0.041	0.99497			#	   3.46	  31.25	
    278	  -4.70	  -2.87	 -0.093	0.99172	  -3.24	  -4.88	 -0.003	0.99396			#	   3.46	  35.89	
    279	  -5.28	  -4.19	 -0.027	0.99219	  -5.28	  -5.44	  0.063	0.99436			#	   3.33	  37.54	
    280	  -3.76	  -4.20	  0.003	0.99181	  -2.66	  -6.74	  0.079	0.99477			#	   4.70	  39.50	
    281	  -5.37	  -4.35	  0.009	0.99170	  -4.03	  -6.68	  0.127	0.99376			#	   4.24	  40.84	
    282	  -6.78	  -3.55	 -0.025	0.99147	  -5.45	  -6.72	  0.125	0.99314			#	   6.38	  40.02	
    283	  -6.84	  -1.17	 -0.022	0.99116	  -7.30	  -4.03	  0.082	0.99368			#	   5.93	  43.58	
    284	  -4.54	  -2.12	  0.064	0.99057	  -4.07	  -4.19	  0.129	0.99298			#	   4.68	  45.96	
    285	  -5.42	  -2.40	  0.065	0.99114	  -4.91	  -5.83	  0.202	0.99228			#	   5.53	  41.88	
    286	  -5.55	   0.44	  0.015	0.98988	  -4.97	  -3.24	  0.139	0.99151			#	   3.60	  48.74	
    287	  -6.80	  -0.29	  0.035	0.98882	  -7.27	  -2.88	  0.125	0.98988			#	   0.81	  46.57	
    288	  -3.24	  -1.42	  0.101	0.99010	  -4.24	  -4.38	  0.162	0.99110			#	   0.47	  53.26	
    289	  -2.61	  -0.51	  0.060	0.99047	  -1.98	  -4.40	  0.170	0.99089			#	   0.30	  52.39	
    290	  -2.90	   1.51	 -0.025	0.99019	  -2.71	  -1.67	  0.088	0.99106			#	   0.35	  53.69	
    291	  -4.40	  -0.03	  0.000	0.99005	  -3.23	  -1.82	  0.049	0.99067			#	   0.31	  52.47	
    292	 -11.11	  -4.91	  0.219	0.98143	 -10.94	  -9.67	  0.465	0.98327			#	   3.74	  34.42	
    293	  -5.20	  -2.32	  0.022	0.99021	  -4.97	  -6.24	  0.156	0.99189			#	   0.54	  49.26	
    294	  -6.07	  -1.24	 -0.002	0.98937	  -5.57	  -4.20	  0.084	0.99065			#	   0.53	  49.00	
    295	  -7.38	  -4.01	  0.116	0.98965	  -6.82	  -5.47	  0.194	0.99175			#	   0.90	  46.92	
    296	  -5.76	  -9.41	  0.190	0.99001	  -7.70	 -10.09	  0.310	0.99236			#	   1.68	  50.35	
    297	  -1.95	 -11.96	  0.093	0.99048	  -2.14	 -14.59	  0.208	0.99349			#	   1.76	  55.16	
    298	  -1.68	 -15.95	  0.061	0.99057	  -1.14	 -15.63	  0.111	0.99420			#	   3.32	  53.60	
    299	  -2.65	 -19.91	  0.121	0.99093	  -1.81	 -23.06	  0.185	0.99481			#	   3.27	  55.12	
    300	  -2.41	 -17.48	  0.138	0.99075	  -2.32	 -22.87	  0.208	0.99405			#	   2.23	  55.08	
    301	  -2.99	  -9.85	  0.070	0.99059	  -1.90	 -16.86	  0.188	0.99274			#	   0.93	  57.16	
    302	  -2.56	  -2.68	  0.027	0.99041	  -3.46	  -7.33	  0.075	0.99152			#	   0.38	  57.38	
    303	   0.19	  -0.79	  0.076	0.99092	  -0.72	  -4.43	  0.121	0.99142			#	   0.25	  60.81	
    304	   2.85	   0.28	  0.057	0.99097	   2.47	  -2.90	  0.096	0.99112			#	   0.30	  63.59	
    305	   3.12	   1.42	  0.022	0.99043	   4.36	  -1.15	  0.051	0.99129			#	   0.49	  62.11	
    306	   0.23	  -0.73	  0.034	0.99075	   1.43	  -2.16	  0.070	0.99110			#	   0.53	  61.46	
    307	  -0.16	  -2.84	  0.052	0.99071	   0.44	  -5.66	  0.122	0.99160			#	   0.72	  62.80	
    308	  -1.28	  -2.86	 -0.016	0.99058	  -0.10	  -5.67	  0.062	0.99158			#	   0.68	  61.24	
    309	  -2.07	  -3.13	 -0.032	0.99022	  -1.37	  -6.19	  0.023	0.99125			#	   0.59	  60.11	
    310	  -2.95	  -3.30	 -0.005	0.99058	  -2.65	  -6.07	  0.039	0.99144			#	   0.70	  58.55	
    311	  -0.45	  -2.43	  0.040	0.99040	  -1.26	  -6.81	  0.088	0.99105			#	   0.62	  62.24	
    312	  -0.90	   0.71	 -0.011	0.99068	   0.81	  -2.98	  0.063	0.99113			#	   0.66	  61.50	
    313	  -2.62	   1.99	 -0.047	0.99012	  -1.66	  -1.51	  0.012	0.99062			#	   0.58	  58.94	
    314	  -5.67	   1.22	  0.016	0.99009	  -4.02	  -0.95	  0.060	0.99040			#	   1.09	  54.51	
    315	  -5.72	  -1.20	  0.097	0.98978	  -6.13	  -3.26	  0.172	0.99071			#	   0.87	  54.95	
    316	  -4.94	  -1.52	  0.007	0.99025	  -4.81	  -5.73	  0.154	0.99063			#	   0.87	  57.73	
    317	  -3.95	  -0.12	 -0.086	0.98978	  -3.34	  -2.73	 -0.025	0.99077			#	   0.46	  56.16	
    318	  -7.49	  -2.13	  0.013	0.98956	  -4.16	  -4.57	  0.047	0.99043			#	   1.04	  50.82	
    319	 -11.46	  -4.85	  0.165	0.98937	 -11.60	  -7.06	  0.282	0.99062			#	   2.84	  47.35	
    320	  -9.11	  -4.87	  0.105	0.98972	 -10.19	 -10.15	  0.272	0.99056			#	   0.88	  50.48	
    321	  -5.81	  -0.60	  0.027	0.98960	  -6.57	  -5.26	  0.104	0.99046			#	   0.36	  55.43	
    322	  -4.91	  -0.07	  0.059	0.99002	  -4.85	  -2.60	  0.116	0.99006			#	   0.31	  55.86	
    323	  -4.21	   0.41	  0.112	0.98988	  -3.86	  -4.18	  0.184	0.99048			#	   0.39	  58.68	
    324	  -4.82	   2.33	  0.094	0.98976	  -4.47	  -1.19	  0.179	0.98990			#	   0.44	  56.94	
    325	  -3.78	   2.06	  0.117	0.98981	  -4.09	  -0.55	  0.171	0.98966			#	   0.40	  57.55	
    326	  -3.25	   0.54	  0.163	0.99035	  -3.10	  -2.24	  0.243	0.99064			#	   0.37	  60.63	
    327	  -2.38	   0.87	  0.125	0.99017	  -1.73	  -2.69	  0.229	0.98990			#	   0.36	  61.94	
    328	  -2.65	   1.75	  0.031	0.99034	  -3.77	  -1.38	  0.128	0.99105			#	   0.36	  59.72	
    329	  -0.33	   0.63	 -0.007	0.99002	  -0.02	  -1.41	  0.020	0.99009			#	   0.59	  63.19	
    330	  -1.46	  -0.61	  0.066	0.99023	  -0.12	  -3.81	  0.089	0.99078			#	   0.61	  62.15	
    331	  -3.83	   0.02	  0.108	0.99014	  -3.03	  -3.84	  0.208	0.99048			#	   0.25	  61.15	
    332	  -3.89	   1.29	  0.039	0.99006	  -4.23	  -2.14	  0.134	0.99047			#	   0.29	  58.90	
    333	  -2.42	   0.92	  0.035	0.98995	  -1.93	  -1.54	  0.076	0.99002			#	   0.35	  62.67	
    334	  -4.81	   0.36	  0.115	0.98968	  -2.97	  -3.66	  0.172	0.99030			#	   0.26	  58.72	
    335	  -7.61	   1.13	  0.152	0.98955	  -7.39	  -2.53	  0.270	0.98958			#	   0.53	  56.51	
    336	  -5.14	   2.23	  0.096	0.98953	  -6.19	  -1.37	  0.201	0.99011			#	   0.32	  56.81	
    337	  -5.07	   1.85	  0.081	0.98939	  -3.99	  -1.50	  0.148	0.98936			#	   0.34	  58.55	
    338	  -6.35	   1.25	  0.146	0.98979	  -5.25	  -1.18	  0.239	0.99084			#	   0.38	  55.25	
    339	  -8.05	  -0.70	  0.134	0.98929	  -8.19	  -3.76	  0.283	0.98989			#	   0.63	  54.17	
    340	  -5.59	  -2.06	  0.045	0.98968	  -6.53	  -4.53	  0.164	0.99081			#	   0.52	  56.42	
    341	  -5.73	  -5.86	  0.057	0.98960	  -3.49	  -6.35	  0.140	0.99211			#	   0.99	  55.60	
    342	  -7.44	 -10.55	  0.096	0.98945	  -7.69	 -14.36	  0.222	0.99102			#	   2.08	  54.99	
    343	 -43.09	 -32.90	  0.278	0.91746	 -37.82	 -60.52	  0.844	0.92191			#	   7.10	  12.15	
    344	  -7.95	   3.54	  0.121	0.98921	  -8.59	  -0.47	  0.283	0.98885			#	   0.10	  51.43	
    345	 -10.62	   3.46	  0.232	0.97881	 -11.47	  -1.90	  0.391	0.97857			#	   0.20	  40.58	
    346	  -3.21	   1.65	  0.137	0.98947	  -2.61	  -1.82	  0.256	0.98915			#	   0.05	  56.38	
    347	  -5.08	   1.77	  0.032	0.98927	  -2.90	  -1.78	  0.188	0.98976			#	   0.05	  54.08	
    348	  -9.87	   1.23	 -0.005	0.98839	  -8.58	  -2.81	  0.126	0.98829			#	   0.19	  45.44	
    349	  -8.19	   1.07	  0.109	0.98898	  -9.82	  -2.89	  0.188	0.98891			#	   0.70	  50.26	
    350	  -4.95	   2.43	  0.132	0.98904	  -5.74	  -1.32	  0.254	0.98852			#	   0.29	  53.34	
    351	  -2.86	   2.74	  0.071	0.98939	  -3.26	  -0.50	  0.167	0.98904			#	   0.36	  56.90	
    352	  -3.69	   2.12	  0.077	0.98926	  -1.42	  -0.92	  0.133	0.98881			#	   0.27	  56.21	
    353	  -9.06	   2.92	  0.200	0.98876	  -6.95	  -2.60	  0.332	0.98819			#	   0.66	  47.22	
    354	  -9.33	   6.46	  0.183	0.98814	 -11.15	   1.90	  0.368	0.98750			#	   1.50	  44.10	
    355	  -4.44	   5.75	  0.111	0.98894	  -6.64	   3.47	  0.203	0.98792			#	   0.51	  51.82	
    356	  -0.98	   2.00	  0.096	0.98933	  -1.40	   1.38	  0.163	0.98893			#	   0.42	  59.90	
    357	  -1.00	  -3.41	  0.087	0.99061	   0.39	  -5.54	  0.184	0.99094			#	   0.47	  41.36	
    358	  -5.55	   0.82	  0.058	0.98793	  -1.65	  -7.17	  0.210	0.98885			#	   0.19	  30.47	
    359	  -9.47	   5.59	  0.039	0.98848	 -10.29	   0.97	  0.182	0.98810			#	   0.96	  36.28	
    360	  -5.89	   5.13	  0.096	0.98848	  -6.58	   3.18	  0.160	0.98793			#	   0.64	  46.48	
    361	  -6.26	   0.27	  0.188	0.98878	  -5.87	  -1.66	  0.298	0.98802			#	   0.23	  54.56	
    362	  -6.28	  -1.27	  0.120	0.98862	  -5.57	  -4.88	  0.293	0.98906			#	   0.25	  51.17	
    363	  -8.15	  -1.43	  0.013	0.98851	  -6.96	  -5.52	  0.167	0.98895			#	   0.35	  50.22	
    364	  -9.26	  -1.24	  0.016	0.99002	  -8.26	  -4.42	  0.154	0.99244			#	   0.68	  46.96	
    365	  -6.30	  -2.22	  0.075	0.98993	  -8.05	  -6.09	  0.163	0.99113			#	   0.56	  50.26	
    366	  -2.05	  -0.38	  0.056	0.99050	  -1.26	  -4.42	  0.128	0.99219			#	   0.30	  55.34	
    367	  -4.74	   1.30	  0.033	0.99028	  -1.41	  -2.61	  0.143	0.99238			#	   0.37	  49.48	
    368	  -8.95	   0.35	  0.081	0.99006	  -7.06	  -2.07	  0.200	0.99199			#	   1.08	  46.05	
    369	  -9.08	  -0.36	  0.145	0.98980	  -8.97	  -4.89	  0.284	0.99167			#	   0.84	  47.74	
    370	  -6.13	   0.79	  0.119	0.99036	  -7.04	  -2.73	  0.242	0.99187			#	   0.50	  50.30	
    371	  -2.54	   1.61	  0.083	0.99033	  -2.19	  -2.31	  0.148	0.99186			#	   0.25	  54.56	
    372	  -3.87	   1.13	  0.122	0.99029	  -1.81	  -1.28	  0.190	0.99178			#	   0.23	  53.30	
    373	  -6.23	   0.27	  0.183	0.98987	  -4.19	  -3.80	  0.305	0.99177			#	   0.27	  49.39	
    374	  -8.15	   0.74	  0.144	0.99005	  -7.73	  -2.58	  0.333	0.99156			#	   0.52	  48.18	
    375	  -4.88	   1.43	  0.064	0.99011	  -5.15	  -3.34	  0.179	0.99141			#	   0.30	  51.65	
    376	  -3.94	   3.41	  0.053	0.98988	  -2.63	  -0.08	  0.119	0.99130			#	   0.47	  52.73	
