      1	   2.96	  -0.84	  0.009	0.99963	   2.49	   0.08	 -0.019	0.99942			#	   0.05	  53.04	
      2	   1.00	  -1.17	  0.014	0.99995	   2.88	  -2.03	 -0.006	0.99993			#	   0.07	  52.47	
      3	  -1.48	   0.54	  0.053	0.99997	  -1.70	   0.55	  0.074	1.00014			#	   0.06	  52.39	
      4	   0.12	   0.06	  0.023	1.00002	  -0.71	   0.46	  0.030	1.00009			#	   0.01	  55.95	
      5	   2.50	  -0.66	  0.027	0.99979	   1.01	  -1.13	 -0.005	0.99928			#	   0.13	  53.82	
      6	   3.90	   0.66	  0.032	0.99968	   3.99	   0.35	  0.008	0.99936			#	   0.32	  51.48	
      7	   2.61	   0.70	  0.031	0.99982	   2.88	   0.69	  0.019	0.99941			#	   0.16	  52.39	
      8	   0.86	   0.83	  0.018	0.99981	   1.97	   0.86	  0.027	0.99927			#	   0.05	  53.34	
      9	  -0.24	   0.60	  0.019	0.99987	  -0.37	   0.56	  0.008	0.99973			#	   0.02	  54.30	
     10	  -0.85	   0.96	  0.026	1.00018	  -0.09	   0.92	  0.037	1.00015			#	   0.04	  52.95	
     11	  -2.06	   0.59	  0.013	1.00009	  -1.92	   1.19	  0.043	1.00002			#	   0.10	  53.73	
     12	  -1.49	  -0.06	 -0.012	0.99996	  -2.06	  -0.23	 -0.007	1.00025			#	   0.05	  56.16	
     13	  -0.79	   0.16	 -0.006	1.00002	  -1.36	   0.34	 -0.001	0.99993			#	   0.03	  56.08	
     14	   0.75	  -0.17	 -0.005	0.99993	  -0.01	  -0.33	 -0.019	0.99968			#	   0.03	  57.55	
     15	   0.96	   0.82	 -0.002	0.99990	   1.33	   0.34	 -0.004	0.99969			#	   0.04	  54.43	
     16	   0.22	   0.81	 -0.002	0.99982	  -0.31	   1.54	  0.004	0.99973			#	   0.03	  55.60	
     17	   1.15	  -0.34	  0.011	0.99959	   0.50	  -0.16	 -0.004	0.99899			#	   0.04	  55.16	
     18	   1.77	  -0.26	  0.007	0.99997	   2.21	  -0.51	 -0.015	1.00016			#	   0.07	  55.56	
     19	  -0.18	  -0.57	  0.006	0.99998	   0.26	  -0.09	  0.018	0.99958			#	   0.02	  56.90	
     20	   0.81	  -0.97	 -0.006	1.00139	  -0.29	  -1.05	 -0.017	1.00162			#	   0.04	  54.34	
     21	   1.93	  -0.79	 -0.013	0.99995	   2.28	  -1.32	 -0.045	0.99979			#	   0.07	  54.47	
     22	   0.53	   0.88	 -0.003	1.00000	   1.11	   0.54	  0.005	0.99986			#	   0.03	  54.43	
     23	  -0.31	   1.09	 -0.000	0.99993	  -0.20	   1.08	 -0.006	0.99977			#	   0.04	  54.77	
     24	  -0.57	   1.61	  0.014	0.99995	  -0.56	   1.27	  0.023	0.99946			#	   0.06	  52.99	
     25	  -0.27	   1.82	 -0.002	1.00134	  -0.51	   1.60	  0.012	1.00108			#	   0.07	  55.73	
     26	  -0.17	   2.41	 -0.034	1.00008	  -0.02	   2.14	 -0.036	0.99986			#	   0.13	  55.21	
     27	  -0.17	   3.55	 -0.014	0.99987	  -0.35	   2.70	 -0.037	0.99917			#	   0.25	  52.73	
     28	  -0.98	   5.51	  0.010	1.00019	  -0.62	   4.95	  0.037	0.99906			#	   0.54	  53.08	
     29	  -0.44	   6.83	 -0.020	0.99971	  -0.92	   5.65	 -0.029	0.99849			#	   0.83	  54.38	
     30	  -0.24	   8.65	  0.018	0.99866	  -1.01	   8.55	  0.008	0.99731			#	   1.35	  52.00	
     31	   1.71	   8.29	  0.038	0.99839	   0.98	   8.90	  0.028	0.99701			#	   0.95	  54.95	
     32	   1.54	   6.97	  0.006	0.99842	   2.09	   7.01	  0.003	0.99660			#	   0.82	  54.17	
     33	   0.84	   7.16	 -0.018	0.99841	   0.52	   7.08	 -0.010	0.99709			#	   0.84	  56.12	
     34	   1.03	   6.56	 -0.045	0.99992	   0.99	   7.05	 -0.058	0.99855			#	   0.65	  55.21	
     35	   1.54	   4.76	 -0.019	1.00096	   0.59	   5.53	 -0.035	0.99974			#	   0.37	  55.12	
     36	   2.90	   4.16	 -0.012	1.00129	   1.93	   3.70	 -0.032	0.99996			#	   0.38	  56.73	
     37	   4.95	   5.96	 -0.016	1.00109	   4.15	   5.30	 -0.055	0.99989			#	   1.01	  54.82	
     38	   5.04	   6.10	 -0.014	1.00065	   4.75	   5.28	 -0.066	0.99836			#	   0.89	  55.51	
     39	   4.56	   8.24	 -0.011	1.00108	   4.41	   7.12	 -0.041	0.99896			#	   1.30	  55.64	
     40	   4.45	   9.60	  0.003	0.99948	   3.74	  10.04	 -0.013	0.99759			#	   1.38	  56.73	
     41	   4.30	   9.19	 -0.026	0.99844	   4.80	   8.52	 -0.058	0.99605			#	   1.20	  59.24	
     42	   3.20	  10.05	 -0.017	0.99831	   3.16	   9.98	 -0.055	0.99627			#	   1.43	  60.46	
     43	   2.33	  10.10	  0.011	0.99860	   2.40	  10.16	 -0.004	0.99648			#	   1.20	  59.03	
     44	   2.82	  10.40	  0.023	0.99828	   2.06	  10.17	 -0.005	0.99616			#	   1.41	  61.07	
     45	   3.34	  10.02	  0.024	0.99976	   3.36	  10.44	  0.005	0.99768			#	   1.20	  60.16	
     46	   3.26	   8.58	  0.010	0.99956	   2.79	   9.11	 -0.009	0.99757			#	   0.97	  61.55	
     47	   3.96	   7.61	  0.004	1.00036	   2.96	   7.90	 -0.015	0.99865			#	   0.92	  62.59	
     48	   4.31	   7.57	 -0.033	1.00052	   4.85	   7.50	 -0.056	0.99890			#	   1.00	  62.33	
     49	   3.02	   7.87	 -0.034	1.00059	   2.70	   7.65	 -0.048	0.99870			#	   0.81	  61.59	
     50	   3.82	   8.49	 -0.039	1.00038	   4.00	   7.49	 -0.090	0.99854			#	   1.07	  64.76	
     51	   2.22	  10.28	 -0.019	1.00066	   2.45	  10.52	 -0.035	0.99898			#	   1.35	  65.76	
     52	   1.97	   8.83	 -0.001	1.00053	   1.84	   9.05	 -0.028	0.99855			#	   0.90	  65.80	
     53	   1.56	   9.24	  0.027	0.99969	   1.85	   9.46	  0.015	0.99817			#	   1.02	  65.54	
     54	   1.26	   7.26	  0.022	0.99968	   1.10	   8.08	  0.012	0.99833			#	   0.73	  67.01	
     55	   0.69	   6.67	  0.013	1.00000	   0.80	   6.61	  0.014	0.99853			#	   0.54	  66.41	
     56	   0.82	   6.06	 -0.004	0.99988	   0.84	   6.49	  0.001	0.99887			#	   0.49	  64.97	
     57	   1.35	   5.25	 -0.034	0.99999	   0.52	   5.30	 -0.042	0.99882			#	   0.45	  67.84	
     58	   2.22	   5.49	 -0.031	1.00002	   2.28	   6.01	 -0.042	0.99907			#	   0.60	  68.53	
     59	   2.35	   4.42	 -0.038	0.99997	   2.34	   4.58	 -0.064	0.99910			#	   0.51	  69.31	
     60	   2.44	   4.71	 -0.009	1.00000	   1.89	   4.19	 -0.038	0.99903			#	   0.64	  67.49	
     61	   2.80	   6.22	  0.015	0.99989	   3.02	   5.48	 -0.024	0.99864			#	   1.04	  70.83	
     62	   2.46	   7.43	  0.046	0.99978	   2.42	   7.07	  0.016	0.99859			#	   1.09	  71.53	
     63	   0.89	   7.80	  0.061	0.99990	   1.89	   7.54	  0.048	0.99837			#	   0.95	  72.05	
     64	  -0.89	   8.04	  0.062	0.99979	  -0.25	   8.51	  0.081	0.99847			#	   1.10	  72.44	
     65	  -1.98	   6.92	  0.032	0.99991	  -1.82	   6.87	  0.058	0.99854			#	   0.80	  72.09	
     66	  -1.10	   6.74	  0.022	1.00004	  -1.85	   7.63	  0.033	0.99920			#	   0.85	  71.88	
     67	   0.31	   4.86	  0.012	0.99991	   0.01	   5.10	  0.006	0.99898			#	   0.51	  72.31	
     68	   0.83	   5.46	  0.027	0.99992	   0.14	   5.36	  0.028	0.99888			#	   0.57	  72.01	
     69	   2.05	   4.77	  0.004	0.99989	   2.08	   4.91	 -0.012	0.99898			#	   0.57	  74.61	
     70	   1.00	   5.25	  0.008	1.00006	   1.26	   4.67	 -0.006	0.99918			#	   0.62	  73.09	
     71	   0.59	   6.32	  0.015	0.99984	   0.86	   6.03	  0.010	0.99846			#	   0.89	  74.31	
     72	   0.08	   6.82	  0.005	0.99990	   0.14	   6.77	  0.010	0.99883			#	   0.93	  75.22	
     73	   0.06	   6.71	 -0.002	0.99985	   0.02	   6.62	 -0.004	0.99861			#	   0.95	  76.26	
     74	  -0.20	   6.98	  0.002	1.00000	  -0.18	   7.08	  0.004	0.99893			#	   1.12	  76.48	
     75	  -0.13	   6.72	  0.002	0.99995	  -0.14	   6.96	  0.008	0.99874			#	   1.01	  76.22	
     76	   0.09	   6.32	 -0.008	1.00004	  -0.02	   6.45	 -0.014	0.99905			#	   0.97	  76.26	
     77	   1.21	   5.61	 -0.007	0.99997	   0.12	   5.79	 -0.013	0.99874			#	   0.92	  75.74	
     78	   3.11	   5.79	 -0.003	0.99973	   2.40	   5.55	 -0.030	0.99860			#	   1.16	  77.52	
     79	   3.59	   5.80	  0.003	0.99989	   3.75	   6.03	 -0.028	0.99884			#	   1.15	  77.30	
     80	   2.43	   5.83	  0.013	0.99991	   2.77	   5.60	 -0.005	0.99880			#	   1.05	  78.30	
     81	   1.77	   6.05	  0.007	1.00000	   1.89	   6.25	  0.003	0.99891			#	   1.12	  78.26	
     82	   2.03	   5.77	  0.011	1.00004	   1.75	   5.80	 -0.017	0.99898			#	   1.05	  79.34	
     83	   2.13	   6.15	  0.049	0.99993	   2.44	   5.53	  0.004	0.99882			#	   1.18	  79.12	
     84	   0.43	   6.93	  0.081	0.99999	   1.08	   7.10	  0.081	0.99888			#	   1.33	  81.12	
     85	  -0.31	   6.98	  0.059	0.99984	  -0.17	   6.94	  0.078	0.99860			#	   1.21	  80.64	
     86	  -0.52	   6.73	  0.055	0.99981	  -0.67	   6.56	  0.057	0.99863			#	   1.13	  80.90	
     87	   0.45	   6.12	  0.041	0.99985	  -0.34	   6.98	  0.055	0.99872			#	   1.25	  81.34	
     88	   2.18	   4.68	  0.029	1.00001	   1.67	   5.13	  0.008	0.99936			#	   0.98	  82.29	
     89	   2.13	   3.69	  0.006	0.99988	   2.50	   4.44	  0.013	0.99953			#	   0.81	  85.50	
     90	   1.32	   2.36	 -0.022	1.00005	   1.79	   2.77	 -0.032	0.99948			#	   0.44	  83.64	
     91	   1.07	   1.85	 -0.017	1.00004	   0.40	   1.88	 -0.017	0.99971			#	   0.21	  85.33	
     92	   3.53	   1.79	 -0.026	1.00007	   2.32	   1.71	 -0.050	0.99970			#	   0.68	  85.76	
     93	   5.05	   2.13	 -0.018	0.99978	   4.86	   2.05	 -0.070	0.99941			#	   1.76	  83.90	
     94	   4.99	   1.92	 -0.015	0.99995	   4.70	   2.04	 -0.045	0.99936			#	   1.14	  84.81	
     95	   4.41	   2.37	 -0.036	0.99996	   4.96	   1.81	 -0.063	0.99939			#	   1.12	  83.90	
     96	   3.57	   3.59	 -0.039	0.99991	   3.27	   3.06	 -0.066	0.99930			#	   1.03	  83.46	
     97	   3.44	   4.28	 -0.021	1.00003	   3.52	   4.52	 -0.050	0.99922			#	   1.30	  83.38	
     98	   4.69	   3.76	 -0.010	0.99986	   3.42	   3.64	 -0.044	0.99865			#	   1.64	  79.90	
     99	   6.46	   4.02	 -0.003	0.99982	   6.14	   4.14	 -0.067	0.99916			#	   2.01	  84.64	
    100	   5.78	   3.98	  0.003	1.00001	   5.99	   3.71	 -0.034	0.99897			#	   1.44	  82.99	
    101	   5.30	   4.75	 -0.020	1.00004	   5.64	   4.58	 -0.048	0.99953			#	   1.63	  83.03	
    102	   4.94	   4.63	 -0.027	1.00009	   4.74	   4.91	 -0.065	0.99912			#	   1.57	  84.16	
    103	   6.24	   4.81	 -0.016	1.00038	   5.38	   4.52	 -0.067	0.99970			#	   1.93	  81.64	
    104	   6.25	   5.83	 -0.010	0.99996	   7.04	   5.48	 -0.073	0.99931			#	   2.33	  82.25	
    105	   5.26	   6.20	  0.032	0.99979	   5.18	   6.53	 -0.013	0.99837			#	   2.17	  85.55	
    106	   5.31	   4.74	  0.030	1.00023	   5.27	   5.33	 -0.003	0.99954			#	   1.59	  83.46	
    107	   4.81	   4.41	  0.016	0.99975	   4.92	   4.56	 -0.013	0.99874			#	   1.39	  85.24	
    108	   5.38	   3.65	  0.024	1.00015	   4.75	   3.93	 -0.023	0.99920			#	   1.37	  84.90	
    109	   6.17	   4.18	  0.029	1.00015	   6.37	   3.79	 -0.025	0.99939			#	   2.00	  86.63	
    110	   5.76	   5.26	  0.030	1.00007	   5.57	   4.95	  0.000	0.99953			#	   1.93	  84.20	
    111	   6.74	   5.34	  0.006	0.99999	   6.67	   5.26	 -0.040	0.99891			#	   2.66	  83.98	
    112	   5.50	   5.72	 -0.005	0.99976	   6.11	   5.57	 -0.049	0.99840			#	   1.93	  83.20	
    113	   4.40	   6.32	  0.017	1.00000	   4.27	   5.89	 -0.026	0.99898			#	   1.55	  85.72	
    114	   5.33	   6.75	  0.024	0.99995	   4.80	   6.92	 -0.005	0.99891			#	   2.08	  86.07	
    115	   6.23	   5.90	 -0.002	1.00008	   6.25	   6.32	 -0.038	0.99891			#	   1.88	  84.72	
    116	   6.30	   5.13	 -0.011	1.00005	   6.39	   5.74	 -0.055	0.99906			#	   1.89	  86.20	
    117	   6.07	   4.70	 -0.014	1.00022	   6.45	   4.65	 -0.059	0.99931			#	   2.02	  86.15	
    118	   5.44	   5.98	 -0.014	1.00002	   5.68	   5.34	 -0.055	0.99914			#	   1.90	  88.80	
    119	   5.23	   5.55	 -0.002	1.00000	   5.20	   6.53	 -0.045	0.99906			#	   1.90	  87.59	
    120	   4.95	   4.84	  0.012	0.99990	   4.97	   4.30	 -0.029	0.99864			#	   1.65	  84.94	
    121	   4.86	   5.48	  0.013	0.99979	   4.52	   5.62	 -0.013	0.99866			#	   1.73	  88.41	
    122	   5.66	   5.06	  0.003	1.00020	   5.43	   5.25	 -0.036	0.99897			#	   1.95	  87.76	
    123	   6.68	   4.97	  0.003	1.00010	   6.45	   5.22	 -0.044	0.99906			#	   2.23	  85.81	
    124	   6.74	   4.90	  0.005	0.99995	   6.95	   4.71	 -0.050	0.99864			#	   1.89	  85.03	
    125	   6.29	   5.34	  0.015	0.99993	   6.42	   5.23	 -0.029	0.99917			#	   1.91	  88.06	
    126	   5.64	   4.74	  0.007	1.00001	   6.42	   5.27	 -0.034	0.99908			#	   1.54	  89.80	
    127	   3.72	   4.04	  0.007	1.00014	   4.36	   4.38	 -0.012	0.99940			#	   0.80	  89.76	
    128	   4.02	   3.80	  0.018	0.99999	   3.54	   3.91	 -0.014	0.99931			#	   0.84	  91.80	
    129	   5.02	   3.72	  0.030	0.99995	   4.54	   3.64	 -0.006	0.99922			#	   1.23	  90.32	
    130	   6.12	   3.76	  0.011	1.00028	   5.65	   3.96	 -0.017	0.99924			#	   1.79	  86.41	
    131	   6.71	   3.54	 -0.017	1.00044	   7.04	   3.70	 -0.063	0.99970			#	   1.70	  80.99	
    132	   5.53	   3.95	 -0.025	0.99985	   6.22	   3.93	 -0.068	0.99894			#	   1.44	  87.37	
    133	   3.81	   4.03	 -0.005	1.00003	   4.30	   3.84	 -0.043	0.99924			#	   0.98	  90.15	
    134	   3.24	   3.86	  0.012	1.00000	   3.36	   4.28	 -0.012	0.99950			#	   0.67	  89.93	
    135	   3.37	   3.03	  0.015	0.99988	   3.17	   3.49	 -0.004	0.99919			#	   0.57	  90.84	
    136	   3.61	   2.22	 -0.005	1.00014	   3.68	   2.57	 -0.023	0.99990			#	   0.51	  90.80	
    137	   3.45	   1.85	 -0.012	0.99981	   3.58	   1.93	 -0.035	0.99940			#	   0.55	  90.54	
    138	   4.44	   1.55	 -0.003	1.00029	   3.56	   1.51	 -0.041	1.00003			#	   0.94	  88.19	
    139	   5.32	   2.34	  0.016	1.00000	   5.28	   1.97	 -0.030	0.99961			#	   1.68	  88.50	
    140	   5.69	   2.89	  0.005	1.00010	   5.51	   2.75	 -0.022	0.99913			#	   1.64	  89.19	
    141	   7.17	   3.25	 -0.009	1.00040	   6.40	   3.22	 -0.059	0.99950			#	   1.74	  80.12	
    142	   8.12	   3.65	 -0.009	1.00066	   7.94	   4.32	 -0.072	1.00023			#	   2.68	  73.61	
    143	   7.78	   3.20	 -0.006	1.00076	   8.13	   3.55	 -0.065	0.99984			#	   1.67	  73.96	
    144	   8.04	   3.49	 -0.001	1.00090	   7.80	   3.64	 -0.062	1.00001			#	   1.91	  74.00	
    145	   9.39	   3.98	  0.007	1.00168	   8.62	   4.51	 -0.063	1.00083			#	   2.34	  63.28	
    146	   9.90	   4.06	  0.029	1.00150	  10.40	   5.24	 -0.062	1.00095			#	   2.54	  63.93	
    147	   8.41	   3.35	  0.046	1.00091	   9.28	   3.80	 -0.015	1.00001			#	   2.05	  68.75	
    148	   7.48	   4.05	  0.035	1.00052	   7.81	   3.79	 -0.019	0.99949			#	   1.66	  77.82	
    149	   7.40	   4.87	  0.040	1.00039	   7.60	   5.05	 -0.017	0.99965			#	   1.91	  76.82	
    150	   7.42	   3.47	  0.034	1.00065	   7.15	   4.57	 -0.016	0.99955			#	   1.46	  75.69	
    151	   8.78	   2.94	  0.010	1.00078	   8.62	   3.35	 -0.043	0.99978			#	   1.61	  72.79	
    152	   8.78	   2.53	 -0.010	1.00132	   9.09	   3.69	 -0.074	1.00080			#	   1.59	  65.58	
    153	   8.57	   1.54	 -0.005	1.00135	   8.78	   2.53	 -0.071	1.00118			#	   1.97	  65.54	
    154	   8.47	   1.15	 -0.021	1.00114	   8.61	   1.45	 -0.073	1.00045			#	   1.92	  66.67	
    155	   8.59	   2.07	 -0.039	1.00093	   8.87	   2.39	 -0.105	1.00088			#	   2.06	  68.45	
    156	   8.19	   1.42	 -0.043	1.00086	   8.38	   2.23	 -0.092	1.00021			#	   1.99	  71.48	
    157	   8.70	   1.07	 -0.084	1.00099	   8.41	   1.98	 -0.136	1.00110			#	   2.05	  69.23	
    158	   8.24	  -0.07	 -0.058	1.00100	   9.00	   0.57	 -0.150	1.00081			#	   1.54	  69.66	
    159	   7.35	   0.42	 -0.019	1.00057	   7.64	   0.62	 -0.082	1.00077			#	   1.31	  76.35	
    160	   6.98	  -0.36	 -0.017	1.00019	   7.73	   0.08	 -0.077	0.99967			#	   1.09	  81.16	
    161	   5.37	  -0.63	 -0.030	1.00040	   5.74	  -0.66	 -0.056	1.00008			#	   0.66	  85.03	
    162	   6.88	   0.46	 -0.027	1.00042	   6.02	  -0.30	 -0.091	1.00018			#	   1.15	  80.86	
    163	   9.69	   1.69	  0.007	1.00089	   8.09	   2.16	 -0.070	1.00124			#	   2.65	  64.54	
    164	  12.82	   1.92	  0.002	1.00282	  12.31	   2.76	 -0.097	1.00179			#	   3.19	  54.64	
    165	  12.96	   3.17	 -0.013	1.00295	  13.55	   4.34	 -0.103	1.00235			#	   2.59	  53.56	
    166	  13.09	   3.39	 -0.012	1.00290	  13.02	   4.34	 -0.106	1.00206			#	   2.80	  54.51	
    167	  12.81	   3.82	 -0.018	1.00296	  13.55	   5.20	 -0.109	1.00201			#	   2.71	  53.39	
    168	  11.90	   3.79	 -0.013	1.00253	  12.70	   4.98	 -0.091	1.00190			#	   2.59	  55.21	
    169	  11.43	   2.14	 -0.028	1.00234	  11.67	   4.37	 -0.102	1.00179			#	   2.23	  57.81	
    170	  11.10	   0.75	 -0.045	1.00225	  11.77	   2.12	 -0.126	1.00190			#	   1.89	  58.12	
    171	  10.85	   0.84	 -0.045	1.00241	  10.73	   1.45	 -0.113	1.00215			#	   1.64	  57.03	
    172	  12.85	   1.65	 -0.031	1.00291	  12.08	   2.58	 -0.132	1.00219			#	   2.40	  54.21	
    173	  15.79	   2.13	 -0.019	1.00430	  14.63	   3.73	 -0.132	1.00351			#	   3.80	  48.57	
    174	  16.59	   2.77	 -0.028	1.00445	  17.53	   4.77	 -0.154	1.00405			#	   2.95	  47.96	
    175	  14.17	   2.98	 -0.032	1.00364	  15.56	   4.56	 -0.117	1.00354			#	   3.00	  50.82	
    176	  12.92	   2.48	 -0.032	1.00313	  13.05	   4.63	 -0.119	1.00327			#	   2.57	  51.35	
    177	  12.47	   1.10	 -0.027	1.00298	  13.41	   2.62	 -0.133	1.00236			#	   2.53	  54.38	
    178	  11.41	   0.77	 -0.001	1.00231	  11.93	   2.59	 -0.094	1.00290			#	   2.02	  54.73	
    179	  11.15	  -0.87	  0.012	1.00222	  11.44	   0.44	 -0.071	1.00171			#	   1.46	  59.16	
    180	  11.84	  -0.52	  0.014	1.00237	  11.70	   0.33	 -0.075	1.00283			#	   2.20	  55.30	
    181	  12.92	  -0.56	  0.012	1.00281	  12.49	   0.77	 -0.079	1.00254			#	   2.63	  55.21	
    182	  14.42	  -0.60	  0.007	1.00369	  14.29	   1.55	 -0.105	1.00375			#	   3.62	  50.69	
    183	  14.52	  -1.31	 -0.000	1.00362	  15.28	   0.13	 -0.097	1.00386			#	   2.63	  52.39	
    184	  13.72	  -1.06	  0.002	1.00338	  14.12	   0.43	 -0.083	1.00368			#	   2.47	  51.39	
    185	  13.03	  -1.36	 -0.004	1.00317	  14.08	   0.55	 -0.109	1.00351			#	   2.78	  52.99	
    186	  11.12	  -2.18	 -0.012	1.00264	  11.92	  -0.40	 -0.073	1.00343			#	   2.00	  54.60	
    187	  11.22	  -2.82	 -0.025	1.00230	  11.22	  -2.32	 -0.106	1.00264			#	   1.99	  54.64	
    188	  11.07	  -2.20	 -0.018	1.00226	  11.79	  -1.13	 -0.109	1.00252			#	   1.77	  56.90	
    189	   9.35	  -1.73	 -0.003	1.00133	  10.92	  -1.40	 -0.082	1.00169			#	   1.32	  65.36	
    190	   7.21	  -1.32	 -0.005	1.00082	   7.62	  -1.04	 -0.046	1.00110			#	   0.85	  73.09	
    191	   8.66	  -1.57	 -0.017	1.00078	   8.15	  -0.68	 -0.085	1.00122			#	   1.41	  68.75	
    192	   9.50	  -3.64	 -0.026	1.00151	   9.51	  -2.08	 -0.093	1.00150			#	   1.63	  64.71	
    193	   9.55	  -4.25	 -0.049	1.00172	  10.12	  -3.69	 -0.112	1.00248			#	   1.98	  60.72	
    194	   7.98	  -3.95	 -0.036	1.00105	   9.44	  -3.36	 -0.117	1.00187			#	   1.32	  65.76	
    195	   4.89	  -4.47	 -0.011	1.00024	   6.32	  -4.27	 -0.051	1.00125			#	   0.63	  83.03	
    196	   2.35	  -4.26	 -0.018	1.00025	   3.00	  -4.56	 -0.023	1.00075			#	   0.34	  84.46	
    197	   3.44	  -3.73	 -0.011	1.00018	   2.56	  -3.91	 -0.040	1.00088			#	   0.41	  85.68	
    198	   5.43	  -2.95	 -0.003	1.00022	   4.43	  -3.51	 -0.044	1.00081			#	   0.66	  85.29	
    199	   7.86	  -2.07	  0.000	0.99966	   7.05	  -2.11	 -0.058	1.00067			#	   1.57	  78.95	
    200	   8.42	  -3.07	 -0.004	0.99966	   8.71	  -2.67	 -0.068	1.00014			#	   1.63	  72.87	
    201	   7.37	  -4.14	 -0.008	1.00010	   8.18	  -4.28	 -0.062	0.99984			#	   1.42	  76.30	
    202	   6.39	  -3.13	 -0.027	0.99998	   6.77	  -3.39	 -0.065	1.00067			#	   1.15	  84.07	
    203	   6.52	  -3.66	 -0.030	1.00013	   6.19	  -2.82	 -0.087	1.00091			#	   1.18	  82.99	
    204	   7.45	  -4.99	 -0.035	1.00034	   7.53	  -5.05	 -0.092	1.00074			#	   1.83	  80.08	
    205	   7.02	  -4.43	 -0.051	1.00033	   6.91	  -4.18	 -0.088	1.00172			#	   1.34	  78.73	
    206	   8.15	  -4.27	 -0.056	0.99976	   7.92	  -4.22	 -0.122	1.00145			#	   1.93	  76.26	
    207	   8.14	  -4.68	 -0.045	0.99956	   8.28	  -5.88	 -0.111	0.99984			#	   1.97	  71.88	
    208	   6.92	  -1.97	 -0.028	0.99957	   7.75	  -3.08	 -0.093	1.00007			#	   1.31	  77.26	
    209	   6.41	  -0.57	  0.006	0.99969	   6.47	  -1.45	 -0.051	0.99995			#	   1.18	  79.51	
    210	   5.84	   0.92	  0.007	1.00011	   6.38	   0.25	 -0.030	1.00013			#	   0.87	  86.50	
    211	   5.61	   1.97	  0.008	0.99992	   5.44	   1.87	 -0.036	0.99986			#	   0.84	  89.97	
    212	   5.66	   1.74	  0.023	0.99988	   5.86	   2.20	 -0.010	0.99969			#	   0.90	  88.80	
    213	   6.27	   0.77	 -0.002	1.00006	   5.89	   0.68	 -0.041	0.99950			#	   1.15	  87.07	
    214	   6.32	   1.86	 -0.001	0.99994	   6.60	   1.42	 -0.047	0.99993			#	   1.40	  88.76	
    215	   6.66	   1.94	  0.000	0.99985	   6.42	   2.56	 -0.047	0.99965			#	   1.56	  85.94	
    216	   7.97	   0.83	  0.003	0.99930	   7.22	   0.74	 -0.054	0.99931			#	   1.93	  75.39	
    217	   8.65	   0.53	  0.001	0.99897	   8.87	   0.17	 -0.060	0.99900			#	   1.97	  69.53	
    218	   8.16	   0.18	 -0.007	0.99937	   8.56	  -0.11	 -0.062	0.99904			#	   1.80	  75.87	
    219	   7.31	   0.31	 -0.005	0.99996	   7.94	   0.67	 -0.070	1.00066			#	   1.49	  81.47	
    220	   6.64	  -0.99	  0.002	1.00017	   6.63	  -0.76	 -0.041	0.99981			#	   1.25	  83.72	
    221	   7.15	  -0.96	 -0.006	0.99998	   7.30	  -0.86	 -0.057	0.99984			#	   1.48	  83.29	
    222	   6.83	  -1.07	 -0.021	1.00018	   6.75	  -0.87	 -0.064	1.00044			#	   1.32	  84.51	
    223	   6.95	  -1.16	 -0.016	1.00024	   7.27	  -1.09	 -0.079	1.00079			#	   1.53	  83.07	
    224	   6.36	  -1.32	 -0.003	1.00009	   6.59	  -0.89	 -0.053	1.00064			#	   1.36	  84.38	
    225	   6.45	  -1.33	  0.011	0.99996	   6.41	  -1.81	 -0.044	1.00063			#	   1.35	  87.37	
    226	   7.01	  -0.54	  0.005	1.00003	   6.63	  -1.02	 -0.032	1.00006			#	   1.59	  86.33	
    227	   8.09	  -0.41	 -0.020	0.99943	   7.61	  -0.32	 -0.069	1.00000			#	   2.08	  77.34	
    228	   9.57	  -0.84	 -0.031	0.99872	   8.82	  -1.51	 -0.101	0.99883			#	   2.72	  67.06	
    229	  10.21	  -0.52	 -0.022	0.99832	  10.49	  -1.34	 -0.102	0.99836			#	   2.31	  66.02	
    230	   8.89	  -0.19	 -0.018	0.99865	   9.85	  -0.94	 -0.083	0.99878			#	   1.94	  66.80	
    231	   7.58	  -0.21	 -0.009	0.99895	   7.93	  -0.42	 -0.048	0.99905			#	   1.61	  66.97	
    232	   8.84	  -1.02	 -0.026	0.99871	   7.98	  -1.41	 -0.080	0.99920			#	   1.93	  66.97	
    233	  10.46	  -1.37	 -0.039	0.99811	   9.98	  -2.00	 -0.105	0.99857			#	   2.66	  62.37	
    234	  11.98	  -1.86	 -0.049	0.99761	  11.65	  -2.67	 -0.127	0.99826			#	   3.35	  58.68	
    235	  12.03	  -2.38	 -0.056	0.99749	  12.50	  -3.23	 -0.132	0.99792			#	   2.89	  57.38	
    236	  11.11	  -2.25	 -0.041	0.99780	  11.75	  -3.65	 -0.118	0.99819			#	   2.76	  59.29	
    237	  10.01	  -2.66	 -0.028	0.99817	  10.69	  -2.84	 -0.099	0.99848			#	   2.44	  61.63	
    238	   8.85	  -3.50	 -0.025	0.99883	   9.35	  -3.86	 -0.076	0.99934			#	   1.69	  66.67	
    239	   8.65	  -3.22	 -0.025	0.99874	   8.75	  -4.26	 -0.093	0.99940			#	   1.76	  67.49	
    240	   8.22	  -3.21	 -0.001	0.99900	   8.44	  -2.96	 -0.061	0.99932			#	   1.60	  70.62	
    241	   8.16	  -4.16	 -0.020	0.99931	   7.93	  -4.90	 -0.058	0.99988			#	   1.82	  70.62	
    242	   8.22	  -2.97	 -0.030	0.99907	   8.51	  -4.21	 -0.098	0.99936			#	   2.07	  70.66	
    243	   7.42	  -2.50	 -0.024	0.99905	   7.33	  -2.16	 -0.064	0.99954			#	   2.11	  70.01	
    244	   7.84	  -3.12	 -0.027	0.99939	   7.96	  -3.97	 -0.086	0.99985			#	   2.03	  73.35	
    245	   7.61	  -2.38	 -0.020	0.99988	   7.55	  -2.35	 -0.073	1.00072			#	   1.85	  79.25	
    246	   8.54	  -2.61	 -0.019	0.99899	   8.13	  -3.18	 -0.084	0.99953			#	   2.54	  71.05	
    247	   8.28	  -2.30	 -0.022	0.99901	   8.53	  -2.92	 -0.070	0.99934			#	   2.10	  71.79	
    248	   8.15	  -2.40	 -0.044	0.99936	   8.13	  -2.66	 -0.085	0.99978			#	   2.17	  72.09	
    249	   8.58	  -1.95	 -0.046	0.99909	   8.68	  -2.54	 -0.119	1.00004			#	   2.27	  71.53	
    250	   8.19	  -2.34	 -0.024	0.99911	   8.81	  -2.75	 -0.092	0.99936			#	   2.50	  73.74	
    251	   6.92	  -2.02	 -0.031	1.00018	   7.18	  -2.11	 -0.068	1.00123			#	   1.71	  83.68	
    252	   7.53	  -1.27	 -0.042	0.99997	   7.28	  -1.70	 -0.093	1.00089			#	   2.09	  82.38	
    253	   7.73	  -1.19	 -0.048	0.99999	   7.74	  -1.12	 -0.100	1.00088			#	   2.16	  79.73	
    254	   8.46	  -1.63	 -0.042	0.99995	   7.91	  -1.21	 -0.102	1.00123			#	   2.56	  76.78	
    255	   8.90	  -2.07	 -0.055	1.00129	   9.04	  -1.73	 -0.111	1.00185			#	   2.39	  70.31	
    256	   9.07	  -1.78	 -0.054	1.00116	   8.89	  -1.33	 -0.126	1.00118			#	   2.60	  69.66	
    257	   9.80	  -1.16	 -0.028	1.00147	   9.62	  -1.01	 -0.101	1.00134			#	   3.50	  69.01	
    258	  10.58	  -0.85	 -0.031	1.00205	   9.93	   0.25	 -0.087	1.00267			#	   3.37	  62.89	
    259	  10.69	  -1.33	 -0.060	1.00216	  11.02	   0.00	 -0.123	1.00250			#	   3.34	  61.15	
    260	  10.30	  -2.09	 -0.062	1.00221	  10.49	  -1.03	 -0.126	1.00240			#	   2.63	  60.37	
    261	  10.39	  -1.72	 -0.069	1.00212	  10.69	  -1.48	 -0.135	1.00228			#	   2.22	  61.72	
    262	   9.47	  -0.90	 -0.075	1.00182	   9.95	   0.21	 -0.129	1.00227			#	   2.21	  61.81	
    263	   9.46	  -1.80	 -0.062	1.00190	   9.34	  -0.83	 -0.125	1.00200			#	   2.89	  62.80	
    264	   9.60	  -1.44	 -0.069	1.00169	  10.07	  -1.11	 -0.135	1.00196			#	   2.61	  63.85	
    265	   9.19	  -0.73	 -0.040	1.00169	   8.90	  -0.19	 -0.108	1.00209			#	   3.02	  64.45	
    266	   9.84	  -0.82	 -0.029	1.00177	   9.58	   0.18	 -0.090	1.00201			#	   2.93	  64.06	
    267	   8.97	  -0.33	 -0.060	1.00146	  10.00	  -0.13	 -0.117	1.00195			#	   1.82	  66.36	
    268	   7.43	  -0.24	 -0.067	1.00017	   7.88	  -0.20	 -0.121	1.00006			#	   1.29	  84.98	
    269	   7.21	   0.44	 -0.056	1.00043	   7.11	   0.21	 -0.110	1.00063			#	   1.51	  83.07	
    270	   7.91	   0.87	 -0.053	0.99943	   7.59	   0.46	 -0.110	0.99949			#	   1.84	  76.87	
    271	   8.29	   1.36	 -0.065	0.99896	   8.49	   0.84	 -0.128	0.99931			#	   2.08	  73.05	
    272	   7.78	   0.74	 -0.039	0.99946	   7.90	   0.58	 -0.104	0.99879			#	   2.44	  75.69	
    273	   6.85	   1.52	 -0.043	1.00005	   7.79	   1.05	 -0.090	0.99985			#	   1.97	  88.76	
    274	   5.38	   1.55	 -0.038	1.00000	   5.67	   2.12	 -0.078	0.99977			#	   1.21	  92.58	
    275	   5.58	   0.70	 -0.017	1.00018	   5.15	   0.84	 -0.068	1.00037			#	   1.08	  90.41	
    276	   6.86	   0.15	  0.007	1.00027	   6.30	   0.67	 -0.049	1.00010			#	   1.51	  85.07	
    277	   7.50	  -0.16	 -0.009	1.00025	   7.72	  -0.12	 -0.054	1.00038			#	   1.48	  84.29	
    278	   6.41	  -0.19	 -0.017	1.00021	   6.97	  -0.03	 -0.070	1.00033			#	   1.36	  85.50	
    279	   5.24	  -0.25	 -0.005	1.00013	   5.50	   0.19	 -0.041	1.00058			#	   1.10	  90.45	
    280	   5.37	  -1.36	 -0.021	1.00006	   5.04	  -1.06	 -0.052	1.00038			#	   1.18	  91.23	
    281	   5.47	  -0.24	 -0.027	1.00004	   5.58	  -1.08	 -0.067	1.00053			#	   1.33	  89.67	
    282	   5.92	   0.21	 -0.037	0.99993	   5.68	   0.51	 -0.071	1.00010			#	   1.62	  91.97	
    283	   6.57	  -0.85	 -0.079	1.00021	   6.13	  -0.53	 -0.103	1.00058			#	   2.30	  86.15	
    284	   7.33	  -0.20	 -0.105	1.00009	   7.34	  -0.73	 -0.160	1.00059			#	   2.11	  84.90	
    285	   5.80	   0.69	 -0.097	0.99999	   6.76	   0.69	 -0.152	1.00031			#	   1.55	  88.67	
    286	   4.74	   0.27	 -0.055	1.00005	   4.81	   0.91	 -0.104	1.00002			#	   0.95	  91.88	
    287	   5.38	  -0.57	 -0.036	1.00002	   5.16	  -0.76	 -0.080	1.00018			#	   1.03	  92.10	
    288	   6.37	   0.68	 -0.034	1.00003	   5.76	  -0.06	 -0.083	1.00018			#	   1.24	  89.97	
    289	   8.10	   1.75	 -0.018	0.99973	   7.23	   1.51	 -0.084	1.00044			#	   1.93	  78.04	
    290	   9.68	   1.96	 -0.019	0.99843	   9.17	   1.07	 -0.080	0.99838			#	   3.14	  66.88	
    291	  10.14	   2.46	 -0.023	0.99818	  10.60	   1.33	 -0.100	0.99772			#	   2.68	  65.54	
    292	   9.25	   2.86	 -0.015	0.99857	  10.07	   2.52	 -0.085	0.99831			#	   2.80	  68.49	
    293	   7.49	   2.10	 -0.004	0.99980	   8.48	   2.26	 -0.065	0.99935			#	   1.87	  85.89	
    294	   5.89	   2.52	 -0.002	1.00018	   5.95	   1.98	 -0.029	1.00024			#	   1.35	  85.72	
    295	   7.49	   3.67	 -0.006	0.99936	   6.41	   3.29	 -0.051	0.99948			#	   1.69	  81.38	
    296	  10.77	   3.25	 -0.048	0.99803	   9.33	   2.92	 -0.103	0.99799			#	   2.50	  64.28	
    297	  12.88	   2.57	 -0.062	0.99690	  12.48	   1.04	 -0.162	0.99646			#	   3.33	  56.68	
    298	  12.78	   3.06	 -0.062	0.99704	  13.19	   1.80	 -0.144	0.99678			#	   3.70	  56.68	
    299	  11.62	   2.66	 -0.066	0.99742	  12.59	   1.69	 -0.149	0.99696			#	   2.88	  57.16	
    300	   9.97	   2.61	 -0.048	0.99814	  10.51	   1.75	 -0.114	0.99736			#	   2.44	  61.28	
    301	   9.43	   2.75	 -0.042	0.99811	   9.77	   2.19	 -0.099	0.99800			#	   1.69	  62.41	
    302	   9.52	   1.43	 -0.042	0.99831	   9.49	   1.58	 -0.104	0.99813			#	   1.51	  64.84	
    303	  10.05	   0.64	 -0.039	0.99831	   9.94	  -0.18	 -0.102	0.99833			#	   1.81	  63.37	
    304	   9.41	   0.47	 -0.075	0.99838	   9.68	  -0.28	 -0.110	0.99833			#	   2.03	  62.33	
    305	  10.96	   1.14	 -0.098	0.99787	   9.91	  -0.17	 -0.165	0.99825			#	   3.32	  60.33	
    306	  13.62	   1.60	 -0.098	0.99664	  12.83	   0.20	 -0.194	0.99715			#	   4.19	  54.08	
    307	  14.79	   0.60	 -0.091	0.99600	  14.41	  -0.55	 -0.175	0.99599			#	   3.23	  50.26	
    308	  15.68	   1.08	 -0.072	0.99567	  15.88	  -1.28	 -0.183	0.99583			#	   3.85	  50.48	
    309	  14.74	   1.04	 -0.081	0.99596	  15.84	  -0.22	 -0.163	0.99561			#	   4.57	  50.09	
    310	  12.64	   0.77	 -0.094	0.99711	  14.09	  -0.49	 -0.177	0.99748			#	   2.77	  54.43	
    311	  11.23	  -0.03	 -0.062	0.99767	  11.82	  -0.35	 -0.140	0.99759			#	   2.10	  58.46	
    312	  10.17	  -0.34	 -0.041	0.99802	  11.02	  -1.64	 -0.132	0.99797			#	   1.79	  61.20	
    313	   8.24	   0.06	 -0.013	0.99857	   8.92	  -0.44	 -0.066	0.99860			#	   1.00	  66.41	
    314	   8.31	  -0.80	 -0.023	0.99949	   8.10	  -0.43	 -0.068	0.99890			#	   1.05	  72.79	
    315	   9.53	  -1.22	 -0.043	0.99885	   8.47	  -1.99	 -0.094	0.99863			#	   2.25	  64.93	
    316	  10.98	   0.09	 -0.071	0.99798	  11.24	  -1.46	 -0.159	0.99881			#	   2.60	  61.20	
    317	  10.48	  -0.51	 -0.058	0.99793	  10.72	  -0.65	 -0.131	0.99782			#	   2.62	  60.11	
    318	   9.98	  -1.51	 -0.056	0.99830	  10.73	  -2.16	 -0.133	0.99857			#	   2.71	  62.63	
    319	   8.07	  -1.10	 -0.052	1.00073	   8.84	  -1.14	 -0.105	1.00174			#	   1.53	  74.87	
    320	   7.53	  -1.24	 -0.048	1.00083	   7.09	  -0.71	 -0.104	1.00147			#	   1.48	  73.83	
    321	   9.51	  -1.36	 -0.027	1.00112	   8.51	  -0.85	 -0.100	1.00211			#	   2.28	  66.67	
    322	  10.43	  -1.05	 -0.030	1.00160	  10.81	  -0.46	 -0.116	1.00189			#	   3.11	  63.72	
    323	   8.53	  -0.48	 -0.044	1.00058	  10.03	  -0.47	 -0.094	1.00138			#	   1.55	  73.78	
    324	   4.12	  -0.26	 -0.069	1.00001	   6.32	   0.15	 -0.094	1.00050			#	   0.46	  86.15	
    325	   1.40	  -1.54	 -0.076	0.99999	   1.58	  -0.91	 -0.070	1.00024			#	   0.13	  91.32	
    326	   2.52	  -2.87	 -0.073	1.00004	   1.98	  -2.15	 -0.102	1.00060			#	   0.36	  91.10	
    327	   3.30	  -3.52	 -0.042	1.00005	   3.08	  -3.82	 -0.080	1.00070			#	   0.49	  89.54	
    328	   3.43	  -2.89	 -0.046	0.99993	   3.66	  -2.78	 -0.060	1.00079			#	   0.63	  90.06	
    329	   3.93	  -4.02	 -0.081	1.00000	   3.18	  -3.69	 -0.089	1.00061			#	   1.79	  89.89	
    330	   5.76	  -4.04	 -0.118	1.00007	   5.32	  -4.20	 -0.155	1.00112			#	   2.37	  87.46	
    331	   6.17	  -4.16	 -0.109	0.99983	   6.11	  -3.50	 -0.176	1.00106			#	   1.94	  87.24	
    332	   7.03	  -5.74	 -0.063	1.00060	   6.39	  -5.37	 -0.133	1.00180			#	   2.88	  81.60	
    333	   7.37	  -4.80	 -0.026	1.00022	   7.89	  -5.29	 -0.101	1.00182			#	   2.00	  81.64	
    334	   5.84	  -5.53	 -0.002	1.00023	   6.68	  -4.77	 -0.054	1.00137			#	   1.93	  86.81	
    335	   4.25	  -5.02	  0.039	1.00002	   4.76	  -5.95	 -0.004	1.00110			#	   1.21	  90.32	
    336	   3.93	  -2.86	  0.052	0.99988	   4.10	  -3.96	  0.026	1.00049			#	   0.81	  90.54	
    337	   3.80	  -1.06	  0.051	0.99992	   3.75	  -1.68	  0.023	1.00031			#	   0.57	  93.45	
    338	   5.05	  -0.10	  0.053	1.00001	   3.98	  -0.24	  0.027	1.00028			#	   1.00	  92.49	
    339	   7.49	  -0.64	  0.039	1.00025	   6.79	  -0.24	 -0.022	1.00035			#	   2.09	  83.81	
    340	   8.35	  -0.25	  0.051	1.00014	   7.94	  -0.20	 -0.016	1.00140			#	   2.45	  78.47	
    341	   9.32	  -0.52	  0.058	1.00123	   8.84	  -0.21	 -0.004	1.00157			#	   3.23	  68.97	
    342	   8.82	  -0.53	  0.027	1.00106	   9.86	   0.42	 -0.025	1.00134			#	   2.29	  70.01	
    343	   7.44	  -1.17	 -0.002	1.00045	   7.70	  -0.63	 -0.041	1.00112			#	   1.66	  80.73	
    344	   7.19	  -1.70	 -0.008	1.00005	   7.09	  -1.32	 -0.067	1.00115			#	   1.41	  83.55	
    345	   7.50	  -2.32	  0.017	1.00031	   7.35	  -2.04	 -0.039	1.00101			#	   1.74	  83.85	
    346	   8.10	  -2.18	 -0.005	1.00048	   7.73	  -1.96	 -0.052	1.00148			#	   2.21	  76.91	
    347	   8.84	  -3.17	 -0.018	1.00092	   8.35	  -2.16	 -0.077	1.00145			#	   2.58	  71.22	
    348	   9.44	  -3.56	 -0.020	1.00107	   9.58	  -2.58	 -0.102	1.00251			#	   2.97	  68.88	
    349	   8.85	  -5.39	 -0.018	1.00095	   9.26	  -4.34	 -0.074	1.00198			#	   3.07	  69.05	
    350	   7.49	  -5.11	 -0.020	1.00089	   8.13	  -5.02	 -0.069	1.00286			#	   2.29	  73.05	
    351	   7.18	  -7.51	 -0.019	1.00067	   6.25	  -5.45	 -0.060	1.00175			#	   2.77	  74.78	
    352	  10.35	  -7.47	 -0.020	1.00169	   9.72	  -8.41	 -0.107	1.00292			#	   3.81	  65.32	
    353	   9.51	  -5.14	 -0.032	1.00143	   9.92	  -4.46	 -0.085	1.00366			#	   2.27	  66.71	
    354	   8.08	  -5.57	 -0.037	1.00083	   9.11	  -5.65	 -0.104	1.00171			#	   2.15	  74.05	
    355	   6.75	  -2.72	 -0.013	1.00056	   6.79	  -4.45	 -0.071	1.00207			#	   1.25	  81.94	
    356	   6.06	  -1.04	  0.011	1.00027	   6.39	  -0.36	 -0.037	1.00129			#	   0.96	  84.68	
    357	   6.54	  -2.89	  0.010	1.00038	   5.85	  -2.40	 -0.029	1.00078			#	   1.33	  82.73	
    358	   7.78	  -2.98	  0.002	1.00065	   7.36	  -2.80	 -0.049	1.00109			#	   2.14	  78.17	
    359	   9.70	  -2.96	  0.015	1.00125	   8.72	  -2.03	 -0.066	1.00206			#	   3.29	  68.66	
    360	  10.56	  -3.32	  0.019	1.00224	  10.50	  -3.17	 -0.055	1.00232			#	   2.79	  61.02	
    361	  11.06	   0.60	  0.011	1.00191	  10.76	  -0.69	 -0.044	1.00289			#	   2.64	  62.20	
    362	   9.51	   3.40	 -0.022	1.00154	  10.70	   3.76	 -0.078	1.00167			#	   2.41	  63.19	
    363	   7.34	   3.17	 -0.022	1.00048	   8.01	   3.32	 -0.078	0.99974			#	   1.52	  78.52	
    364	   7.07	   3.09	 -0.024	1.00033	   6.77	   3.88	 -0.066	1.00007			#	   1.45	  80.43	
    365	   7.70	   1.86	 -0.041	1.00040	   7.65	   2.45	 -0.101	0.99989			#	   1.61	  80.99	
    366	   7.40	   1.17	 -0.029	1.00025	   7.71	   1.49	 -0.085	0.99995			#	   1.54	  81.64	
    367	   7.19	   1.06	 -0.023	1.00045	   6.86	   1.47	 -0.074	1.00066			#	   1.40	  80.12	
    368	   8.09	   0.03	 -0.020	1.00066	   7.72	   0.71	 -0.082	1.00023			#	   1.69	  76.82	
    369	   8.95	   0.12	  0.004	1.00091	   8.61	   0.21	 -0.069	1.00120			#	   1.97	  70.27	
    370	   9.03	   0.14	 -0.004	1.00069	   9.09	   0.80	 -0.057	1.00082			#	   2.37	  70.62	
    371	   8.21	  -0.41	 -0.015	1.00044	   8.66	   0.14	 -0.072	1.00096			#	   1.88	  75.56	
    372	   8.70	  -1.83	 -0.015	1.00097	   7.61	  -0.50	 -0.069	1.00089			#	   2.29	  73.83	
    373	  11.71	  -2.57	 -0.028	1.00229	  10.51	  -2.07	 -0.109	1.00228			#	   3.94	  58.20	
    374	  12.98	  -2.47	 -0.043	1.00239	  13.38	  -0.80	 -0.136	1.00264			#	   2.59	  57.42	
    375	  11.01	  -2.78	 -0.071	1.00184	  12.28	  -2.15	 -0.138	1.00237			#	   2.01	  60.68	
    376	   8.95	  -2.47	 -0.050	1.00059	  10.07	  -2.51	 -0.138	1.00057			#	   1.46	  71.31	
    377	   6.96	  -1.12	 -0.008	0.99972	   7.56	  -1.72	 -0.064	1.00057			#	   0.94	  81.94	
    378	   6.57	  -2.18	 -0.000	0.99959	   6.55	  -0.95	 -0.049	1.00000			#	   0.92	  80.73	
    379	   5.45	  -3.14	  0.008	0.99994	   6.27	  -3.86	 -0.036	1.00014			#	   0.68	  84.98	
    380	   4.79	  -1.39	  0.015	0.99999	   4.94	  -2.23	 -0.028	1.00030			#	   0.57	  87.37	
    381	   4.10	  -1.72	  0.008	1.00006	   4.18	  -1.22	 -0.008	1.00007			#	   0.52	  87.67	
    382	   3.39	  -0.64	 -0.018	1.00009	   3.78	  -2.05	 -0.033	0.99998			#	   0.40	  87.50	
    383	   3.17	   2.50	 -0.017	1.00000	   2.77	   1.83	 -0.045	0.99999			#	   0.43	  86.72	
    384	   5.98	   2.37	 -0.005	1.00024	   3.97	   2.36	 -0.043	0.99917			#	   1.20	  81.86	
    385	  27.17	   4.35	 -0.193	0.98866	  30.60	   1.05	 -0.542	0.99152			#	   9.17	  22.61	
    386	  -9.20	  -0.14	  0.092	1.00282	 -11.36	  -0.07	  0.188	1.00225			#	   0.82	  26.69	
    387	  17.70	  -1.91	 -0.160	0.99501	  18.87	  -2.29	 -0.246	0.99475			#	   3.93	  47.74	
    388	   7.98	  -2.47	 -0.085	0.99957	   8.10	  -2.49	 -0.129	1.00035			#	   0.61	  70.49	
    389	   9.69	  -2.12	 -0.090	0.99857	   8.57	  -3.32	 -0.162	0.99960			#	   1.04	  66.58	
    390	  11.55	  -1.62	 -0.085	0.99785	  10.93	  -2.65	 -0.161	0.99854			#	   1.25	  60.07	
    391	  12.35	  -1.00	 -0.086	0.99745	  12.31	  -2.93	 -0.178	0.99773			#	   1.42	  58.46	
    392	  12.54	   0.74	 -0.057	0.99732	  12.71	  -1.20	 -0.156	0.99743			#	   1.65	  58.38	
    393	  12.16	   1.37	 -0.031	0.99715	  12.08	  -0.01	 -0.106	0.99700			#	   2.18	  57.55	
    394	  12.57	   2.16	 -0.020	0.99714	  12.43	   0.82	 -0.098	0.99722			#	   2.37	  56.34	
    395	  13.73	   2.01	 -0.014	0.99694	  13.55	   0.68	 -0.114	0.99684			#	   2.30	  57.64	
    396	  12.84	   1.04	 -0.002	0.99720	  13.39	   0.42	 -0.079	0.99690			#	   2.10	  57.07	
    397	  12.50	   0.21	 -0.006	0.99706	  12.23	  -1.02	 -0.070	0.99689			#	   2.01	  56.81	
    398	  12.96	  -0.19	 -0.032	0.99702	  12.90	  -0.81	 -0.094	0.99740			#	   2.09	  56.99	
    399	  12.97	  -0.94	 -0.055	0.99733	  13.30	  -2.52	 -0.127	0.99703			#	   2.01	  57.94	
    400	  12.43	   0.78	 -0.070	0.99709	  12.47	  -1.53	 -0.148	0.99730			#	   1.68	  56.90	
    401	  12.66	   1.78	 -0.062	0.99714	  12.58	   0.58	 -0.137	0.99701			#	   1.81	  56.42	
    402	  13.65	   1.77	 -0.072	0.99691	  13.24	  -0.03	 -0.165	0.99673			#	   2.05	  56.42	
    403	  13.53	   2.56	 -0.062	0.99646	  13.87	   0.77	 -0.153	0.99595			#	   2.06	  56.12	
    404	  13.70	   2.70	 -0.057	0.99656	  13.16	   1.46	 -0.129	0.99638			#	   2.01	  54.47	
    405	  15.17	   2.79	 -0.046	0.99607	  15.03	   1.10	 -0.150	0.99612			#	   2.19	  53.65	
    406	  15.53	   2.20	 -0.023	0.99591	  15.61	   0.75	 -0.126	0.99532			#	   2.13	  52.91	
    407	  14.28	   1.39	 -0.038	0.99627	  15.11	  -0.10	 -0.116	0.99562			#	   1.98	  53.30	
    408	  12.47	   2.10	 -0.053	0.99679	  13.39	   0.18	 -0.117	0.99662			#	   1.43	  53.86	
    409	  11.23	   2.29	 -0.058	0.99722	  12.26	   1.61	 -0.126	0.99711			#	   1.09	  55.21	
    410	  10.57	   1.40	 -0.053	0.99810	  10.64	   0.19	 -0.123	0.99747			#	   0.77	  59.81	
    411	  10.88	   2.34	 -0.045	0.99785	  10.59	   1.11	 -0.117	0.99764			#	   0.98	  60.59	
    412	  11.81	   2.71	 -0.026	0.99745	  11.75	   1.76	 -0.121	0.99775			#	   1.20	  58.90	
    413	  12.08	   1.15	 -0.026	0.99747	  11.89	   0.61	 -0.094	0.99673			#	   1.40	  57.94	
    414	  11.89	   1.25	 -0.043	0.99743	  12.31	  -0.24	 -0.110	0.99732			#	   1.49	  58.94	
    415	  11.78	   1.12	 -0.067	0.99753	  11.74	   0.28	 -0.145	0.99741			#	   1.27	  58.12	
    416	  11.25	   0.60	 -0.068	0.99753	  11.77	  -0.32	 -0.137	0.99754			#	   1.19	  58.03	
    417	  10.36	   0.56	 -0.054	0.99770	  11.18	  -0.70	 -0.142	0.99766			#	   1.05	  59.68	
    418	   8.39	   0.28	 -0.026	0.99850	   9.37	  -0.12	 -0.087	0.99753			#	   0.70	  65.58	
    419	   6.37	   0.78	 -0.022	0.99918	   6.45	   0.15	 -0.054	0.99878			#	   0.42	  65.67	
    420	   7.86	   0.47	 -0.002	0.99878	   6.31	   0.31	 -0.052	0.99866			#	   0.80	  62.28	
    421	  11.37	  -0.69	 -0.010	0.99764	   9.68	  -1.16	 -0.083	0.99760			#	   1.43	  59.51	
    422	  12.98	  -0.70	 -0.041	0.99722	  12.96	  -2.63	 -0.121	0.99760			#	   1.20	  56.90	
    423	  12.85	   0.76	 -0.040	0.99697	  13.22	  -1.02	 -0.123	0.99709			#	   1.35	  56.77	
    424	  12.47	   0.90	 -0.047	0.99689	  12.92	  -0.28	 -0.133	0.99700			#	   1.46	  55.86	
    425	  10.76	  -0.08	 -0.057	0.99737	  11.85	  -0.82	 -0.122	0.99709			#	   1.14	  57.03	
    426	   9.58	  -1.29	 -0.067	0.99807	   9.73	  -1.57	 -0.125	0.99797			#	   0.87	  59.16	
    427	   8.28	  -1.96	 -0.069	0.99823	   8.73	  -2.67	 -0.122	0.99806			#	   0.72	  59.42	
    428	   8.31	  -1.94	 -0.059	0.99857	   7.42	  -2.69	 -0.107	0.99875			#	   0.61	  59.33	
    429	  10.11	  -1.55	 -0.063	0.99776	   9.16	  -2.95	 -0.129	0.99798			#	   0.93	  57.90	
    430	  10.05	  -0.71	 -0.074	0.99773	  10.58	  -2.02	 -0.140	0.99764			#	   1.01	  58.16	
    431	   9.30	   0.41	 -0.059	0.99784	   9.04	  -1.40	 -0.126	0.99732			#	   1.03	  57.25	
    432	   9.03	   1.92	 -0.031	0.99788	   9.17	   0.76	 -0.102	0.99732			#	   0.84	  58.51	
    433	   8.26	   2.56	 -0.006	0.99816	   8.13	   1.65	 -0.053	0.99745			#	   0.65	  58.29	
    434	   8.14	   3.09	 -0.019	0.99819	   8.36	   1.93	 -0.075	0.99723			#	   0.76	  58.16	
    435	   7.77	   2.72	 -0.027	0.99849	   7.19	   2.33	 -0.072	0.99743			#	   0.58	  60.03	
    436	   8.54	   2.78	 -0.020	0.99810	   7.55	   2.16	 -0.071	0.99750			#	   0.70	  57.38	
    437	   9.87	   2.93	 -0.010	0.99781	   9.43	   1.46	 -0.087	0.99700			#	   1.05	  56.73	
    438	   9.17	   3.92	 -0.016	0.99774	   9.63	   2.54	 -0.073	0.99643			#	   0.87	  56.08	
    439	   7.06	   5.75	 -0.017	0.99855	   7.54	   3.66	 -0.058	0.99677			#	   0.76	  58.03	
    440	   6.89	   7.83	 -0.012	0.99859	   6.22	   7.21	 -0.051	0.99686			#	   1.20	  59.46	
    441	   7.77	   8.08	 -0.035	0.99837	   6.80	   7.36	 -0.059	0.99681			#	   1.04	  55.21	
    442	   9.06	   7.79	 -0.040	0.99768	   9.06	   7.11	 -0.121	0.99607			#	   1.32	  53.86	
    443	   8.19	   6.18	 -0.025	0.99817	   8.12	   6.18	 -0.073	0.99624			#	   0.87	  54.21	
    444	   7.94	   6.04	 -0.045	0.99842	   8.04	   4.65	 -0.089	0.99680			#	   0.86	  56.64	
    445	   5.49	   7.31	 -0.077	0.99921	   6.08	   7.24	 -0.072	0.99683			#	   0.75	  62.59	
    446	   5.55	   6.10	 -0.060	0.99942	   4.54	   6.19	 -0.111	0.99725			#	   0.63	  63.19	
    447	   5.86	   5.98	 -0.047	0.99916	   5.38	   5.32	 -0.082	0.99689			#	   0.59	  61.81	
    448	   5.08	   6.90	 -0.054	0.99935	   5.14	   6.59	 -0.077	0.99735			#	   0.70	  63.93	
    449	   3.53	   6.92	 -0.054	0.99960	   4.05	   6.65	 -0.076	0.99746			#	   0.68	  65.19	
    450	   2.26	   7.01	 -0.042	0.99975	   2.47	   7.08	 -0.072	0.99797			#	   0.80	  64.06	
    451	   1.99	   6.49	 -0.018	0.99971	   1.62	   7.17	 -0.024	0.99854			#	   0.64	  68.27	
    452	   3.68	   4.79	 -0.006	0.99981	   2.31	   5.23	 -0.040	0.99825			#	   0.48	  64.11	
    453	   4.76	   3.81	  0.000	0.99939	   4.74	   3.90	 -0.041	0.99780			#	   0.48	  64.28	
    454	   3.71	   3.75	  0.019	0.99967	   3.33	   3.67	  0.009	0.99859			#	   0.38	  64.67	
    455	   4.56	   3.77	  0.022	0.99952	   3.36	   3.25	 -0.003	0.99774			#	   0.51	  64.24	
    456	   5.79	   4.73	  0.009	0.99937	   5.07	   4.17	 -0.015	0.99764			#	   0.87	  62.20	
    457	   6.43	   4.49	  0.014	0.99909	   5.01	   4.50	 -0.007	0.99710			#	   0.74	  61.76	
    458	   8.29	   3.25	 -0.001	0.99894	   6.79	   3.13	 -0.051	0.99670			#	   0.95	  59.07	
    459	   7.87	   4.66	 -0.009	0.99872	   7.58	   2.90	 -0.043	0.99652			#	   0.92	  58.16	
    460	   6.68	   5.87	 -0.002	0.99905	   6.60	   5.53	 -0.042	0.99672			#	   0.99	  61.76	
    461	   6.61	   6.18	  0.011	0.99907	   5.25	   5.35	 -0.015	0.99654			#	   0.86	  60.33	
    462	   8.49	   5.74	 -0.002	0.99891	   7.08	   6.06	 -0.044	0.99636			#	   1.22	  56.68	
    463	   8.06	   4.89	  0.007	0.99891	   7.90	   4.69	 -0.030	0.99613			#	   0.97	  55.86	
    464	   7.20	   3.65	  0.014	0.99906	   6.34	   3.83	 -0.017	0.99690			#	   0.78	  58.16	
    465	   6.84	   2.09	  0.009	0.99919	   6.53	   2.59	 -0.015	0.99724			#	   0.65	  59.20	
    466	   6.12	   1.51	  0.012	0.99939	   5.65	   1.08	 -0.008	0.99765			#	   0.42	  59.24	
    467	   5.46	   1.43	  0.010	0.99929	   5.41	   1.40	 -0.015	0.99791			#	   0.35	  59.51	
    468	   4.33	   0.44	 -0.006	0.99971	   4.05	   0.33	 -0.020	0.99828			#	   0.26	  61.41	
    469	   4.62	   0.76	 -0.025	0.99968	   3.80	   0.43	 -0.041	0.99836			#	   0.32	  61.63	
    470	   6.05	   1.82	 -0.008	0.99931	   4.94	   1.00	 -0.040	0.99821			#	   0.64	  58.85	
    471	   6.46	   1.86	  0.020	0.99918	   5.56	   1.37	 -0.028	0.99699			#	   0.75	  57.16	
    472	   7.05	   3.01	  0.041	0.99913	   6.11	   2.26	  0.019	0.99721			#	   1.07	  56.38	
    473	   7.58	   2.71	  0.040	0.99891	   5.89	   2.41	  0.015	0.99668			#	   0.94	  54.25	
    474	   9.73	   2.69	  0.033	0.99844	   8.05	   1.83	 -0.017	0.99608			#	   1.32	  52.30	
    475	  10.09	   2.95	  0.040	0.99760	   9.78	   1.98	 -0.035	0.99623			#	   1.25	  47.79	
    476	   9.94	   1.96	  0.037	0.99766	   9.74	   1.53	 -0.009	0.99623			#	   1.05	  47.79	
    477	   8.68	   1.36	  0.004	0.99875	   8.41	   0.34	 -0.016	0.99627			#	   0.89	  52.21	
    478	   7.95	   1.76	  0.014	0.99876	   7.28	   1.60	 -0.020	0.99695			#	   0.81	  54.08	
    479	   7.35	   0.91	  0.011	0.99888	   7.01	   0.98	 -0.014	0.99717			#	   0.62	  55.21	
    480	   5.16	   0.79	 -0.000	0.99943	   5.48	   0.14	 -0.008	0.99797			#	   0.40	  53.56	
    481	   3.69	   1.08	 -0.006	0.99960	   3.65	   0.72	 -0.019	0.99819			#	   0.23	  59.81	
    482	   4.22	   1.87	  0.005	0.99980	   3.68	   1.41	 -0.027	0.99906			#	   0.27	  59.59	
    483	   5.09	   3.00	  0.017	0.99989	   4.20	   2.49	 -0.003	0.99868			#	   0.51	  61.02	
    484	   7.95	   3.71	  0.009	0.99882	   5.24	   3.03	  0.001	0.99689			#	   1.22	  50.74	
    485	  11.24	   3.41	 -0.024	0.99752	   9.75	   2.64	 -0.089	0.99593			#	   1.50	  46.79	
    486	  11.47	   1.97	 -0.031	0.99738	  11.23	   1.10	 -0.112	0.99543			#	   1.37	  45.10	
    487	  10.11	   2.11	 -0.019	0.99736	  10.67	   0.34	 -0.099	0.99596			#	   1.19	  45.66	
    488	   7.82	   3.18	 -0.019	0.99876	   8.03	   2.09	 -0.038	0.99629			#	   0.81	  51.13	
    489	   5.52	   3.91	 -0.031	0.99919	   5.75	   3.40	 -0.057	0.99694			#	   0.51	  52.82	
    490	   4.33	   3.90	 -0.020	0.99945	   4.28	   3.88	 -0.035	0.99790			#	   0.38	  53.99	
    491	   4.83	   4.44	 -0.021	1.00006	   4.37	   3.58	 -0.054	0.99910			#	   0.39	  61.02	
    492	   6.49	   4.81	  0.006	0.99993	   5.99	   5.54	 -0.044	0.99884			#	   0.64	  59.98	
    493	   8.15	   2.84	  0.010	1.00049	   8.38	   3.25	 -0.042	0.99919			#	   1.00	  53.99	
    494	   6.98	   3.03	  0.012	0.99905	   6.69	   2.35	 -0.014	0.99674			#	   0.80	  51.91	
    495	   5.81	   3.87	 -0.006	0.99944	   5.98	   3.56	 -0.016	0.99769			#	   0.82	  55.21	
    496	   4.47	   3.46	  0.002	1.00022	   5.50	   3.58	 -0.044	0.99907			#	   0.52	  63.76	
    497	   3.53	   4.25	  0.035	1.00006	   3.51	   3.77	  0.005	0.99912			#	   0.50	  62.02	
    498	   4.23	   3.98	  0.039	1.00016	   4.01	   4.12	  0.017	0.99909			#	   0.55	  63.72	
    499	   5.59	   3.05	  0.019	0.99992	   5.23	   3.55	 -0.008	0.99900			#	   0.74	  62.98	
    500	   6.97	   2.25	 -0.007	1.00026	   6.27	   2.41	 -0.037	0.99913			#	   0.97	  60.11	
    501	   8.42	   2.01	 -0.001	0.99860	   6.96	   1.41	 -0.053	0.99643			#	   1.06	  48.52	
    502	   9.50	   1.78	  0.036	0.99836	   8.18	   1.32	 -0.011	0.99655			#	   1.35	  46.48	
    503	  10.00	   0.86	  0.050	0.99850	   8.97	   0.46	  0.002	0.99620			#	   1.36	  46.35	
    504	   9.25	   0.51	  0.029	0.99825	   9.07	  -0.31	 -0.004	0.99662			#	   1.12	  48.18	
    505	   7.12	   0.45	  0.006	0.99903	   7.27	   0.70	  0.000	0.99750			#	   0.69	  51.78	
    506	   6.22	  -0.10	 -0.008	0.99976	   6.16	  -0.50	 -0.034	0.99841			#	   0.57	  56.16	
    507	   6.54	   1.05	 -0.006	0.99979	   6.75	   0.56	 -0.050	0.99975			#	   0.55	  62.46	
    508	   6.46	   0.65	  0.006	1.00016	   6.74	   0.98	 -0.031	0.99943			#	   0.51	  63.06	
    509	   6.41	   0.35	  0.008	1.00018	   6.62	   0.40	 -0.032	0.99954			#	   0.53	  63.85	
    510	   6.61	   0.28	  0.017	1.00021	   6.81	   0.37	 -0.023	0.99952			#	   0.88	  59.68	
    511	   6.87	  -0.20	  0.012	1.00032	   7.17	   0.15	 -0.021	0.99984			#	   0.97	  62.89	
    512	   7.14	  -0.49	  0.010	1.00017	   6.97	  -0.07	 -0.021	0.99972			#	   0.87	  62.15	
    513	   8.44	  -1.59	 -0.001	0.99984	   8.23	  -1.30	 -0.046	0.99983			#	   1.18	  57.12	
    514	   9.61	  -2.84	 -0.020	1.00006	   9.84	  -2.48	 -0.063	0.99950			#	   1.47	  50.61	
    515	   9.99	  -3.11	 -0.016	1.00066	   9.94	  -2.46	 -0.054	0.99972			#	   1.41	  50.30	
    516	  11.02	  -3.75	 -0.004	1.00070	  10.80	  -3.14	 -0.047	0.99953			#	   1.50	  45.75	
    517	  12.15	  -6.74	  0.009	1.00075	  12.13	  -4.31	 -0.054	0.99891			#	   2.25	  43.75	
    518	  12.54	  -6.39	 -0.004	1.00173	  13.86	  -7.73	 -0.070	1.00086			#	   1.70	  42.88	
    519	  11.51	  -2.88	 -0.004	1.00086	  12.23	  -3.07	 -0.050	0.99993			#	   1.30	  43.71	
    520	  11.01	  -2.80	 -0.005	1.00065	  11.68	  -2.22	 -0.057	0.99910			#	   1.24	  47.83	
    521	  10.97	  -1.69	 -0.006	1.00095	  11.13	  -1.93	 -0.035	0.99941			#	   1.15	  43.19	
    522	  11.60	  -1.57	 -0.015	1.00095	  12.37	  -0.84	 -0.086	0.99938			#	   1.29	  47.66	
    523	  10.94	  -1.83	 -0.015	1.00076	  11.36	  -1.22	 -0.053	0.99905			#	   1.29	  46.35	
    524	  12.71	  -1.38	 -0.034	1.00062	  12.64	  -2.17	 -0.121	0.99925			#	   1.69	  42.80	
    525	  12.27	  -0.37	 -0.006	1.00096	  12.83	   0.70	 -0.041	0.99851			#	   1.77	  42.62	
    526	  12.06	  -1.31	  0.008	0.99994	  12.63	  -0.78	 -0.062	0.99808			#	   1.46	  43.36	
    527	  10.68	  -1.86	  0.018	1.00035	  11.45	  -1.37	 -0.037	0.99889			#	   1.28	  49.18	
    528	  10.71	  -3.27	 -0.010	1.00060	  10.46	  -2.13	 -0.044	0.99911			#	   1.37	  47.31	
    529	  12.04	  -4.18	 -0.049	1.00106	  12.20	  -3.68	 -0.087	0.99943			#	   1.71	  42.58	
    530	  12.87	  -4.01	 -0.059	1.00110	  13.06	  -3.50	 -0.114	0.99888			#	   1.92	  40.10	
    531	  13.64	  -3.73	 -0.024	1.00107	  14.25	  -3.05	 -0.086	0.99858			#	   1.69	  38.32	
    532	  12.12	  -2.08	 -0.010	1.00072	  13.18	  -1.86	 -0.021	0.99829			#	   1.62	  38.80	
    533	  11.43	  -2.02	 -0.057	1.00043	  12.53	  -2.15	 -0.111	0.99836			#	   1.36	  45.14	
    534	   9.58	  -1.63	 -0.053	0.99997	   9.95	  -1.16	 -0.088	0.99868			#	   0.91	  49.74	
    535	   9.22	  -1.46	 -0.055	1.00004	   8.97	  -2.10	 -0.118	0.99870			#	   0.95	  50.48	
    536	   9.89	   0.45	 -0.049	0.99987	   9.76	  -0.06	 -0.099	0.99845			#	   0.90	  50.09	
    537	   9.60	  -0.36	 -0.025	0.99949	   9.87	   0.83	 -0.074	0.99792			#	   0.85	  49.96	
    538	   7.59	  -2.92	 -0.045	0.99991	   9.19	  -2.28	 -0.084	0.99915			#	   0.80	  57.47	
    539	   4.51	  -3.79	 -0.049	1.00013	   5.33	  -3.79	 -0.069	1.00016			#	   0.51	  60.46	
    540	   3.51	  -2.97	 -0.067	1.00020	   3.69	  -3.25	 -0.076	1.00036			#	   0.36	  58.03	
    541	   4.13	  -2.61	 -0.054	1.00005	   3.87	  -3.18	 -0.087	1.00025			#	   0.37	  63.85	
    542	   4.33	  -1.87	 -0.049	0.99997	   4.55	  -1.60	 -0.079	1.00001			#	   0.34	  63.72	
    543	   3.12	  -1.85	 -0.025	0.99991	   3.54	  -2.28	 -0.048	1.00028			#	   0.26	  63.28	
    544	   2.32	  -1.98	 -0.003	1.00021	   2.85	  -1.84	 -0.015	1.00029			#	   0.24	  63.32	
    545	   1.32	  -2.95	 -0.003	1.00015	   1.33	  -2.27	 -0.002	1.00060			#	   0.28	  63.19	
    546	   2.32	  -4.32	  0.000	1.00002	   1.69	  -3.57	 -0.016	1.00069			#	   0.55	  61.81	
    547	   2.48	  -5.10	 -0.012	1.00008	   2.80	  -5.64	 -0.008	1.00082			#	   0.76	  61.15	
    548	   2.70	  -4.82	 -0.037	1.00016	   1.87	  -4.37	 -0.043	1.00050			#	   0.70	  59.38	
    549	   5.53	  -5.20	 -0.036	1.00011	   4.53	  -5.48	 -0.076	1.00047			#	   1.28	  59.07	
    550	   7.81	  -4.11	 -0.039	0.99995	   6.31	  -4.99	 -0.078	0.99971			#	   1.17	  51.35	
    551	   9.14	  -3.25	 -0.054	0.99955	   9.63	  -3.41	 -0.106	0.99910			#	   1.18	  47.92	
    552	   7.21	  -2.88	 -0.040	0.99966	   7.92	  -2.65	 -0.084	0.99921			#	   0.75	  50.95	
    553	   6.15	  -3.43	 -0.021	1.00005	   6.38	  -4.00	 -0.065	0.99936			#	   0.76	  54.34	
    554	   5.62	  -2.29	 -0.009	0.99969	   5.59	  -1.66	 -0.028	0.99952			#	   0.64	  54.86	
    555	   6.26	  -3.61	 -0.049	1.00000	   5.80	  -3.60	 -0.071	0.99997			#	   0.80	  56.77	
    556	   6.72	  -5.24	 -0.047	0.99994	   6.71	  -3.98	 -0.097	0.99971			#	   0.94	  53.21	
    557	   6.96	  -5.24	 -0.050	0.99988	   6.84	  -6.60	 -0.082	1.00037			#	   1.16	  54.51	
    558	   7.40	  -3.23	 -0.049	0.99994	   6.92	  -4.08	 -0.098	0.99959			#	   0.91	  53.56	
    559	   8.00	  -1.42	 -0.050	0.99939	   8.02	  -2.01	 -0.104	0.99916			#	   0.96	  49.05	
    560	   7.56	  -4.34	 -0.029	1.00193	   8.42	  -1.61	 -0.092	0.99960			#	   1.12	  18.92	
    561	   8.04	  -3.54	 -0.040	0.99830	   6.63	  -6.92	 -0.103	1.00416			#	   1.01	  12.80	
    562	   5.23	  -0.13	 -0.015	0.99930	   4.98	   0.04	 -0.028	1.00004			#	   0.89	  21.88	
    563	   6.54	  -1.32	  0.011	0.99829	   5.31	  -1.34	 -0.030	0.99664			#	   0.75	  37.07	
    564	   6.89	  -0.46	  0.017	0.99822	   6.67	  -1.06	 -0.033	0.99774			#	   0.77	  46.88	
    565	   6.83	  -0.04	  0.019	0.99955	   6.38	  -0.00	 -0.027	0.99915			#	   0.74	  45.49	
    566	   7.77	  -0.69	  0.021	0.99963	   7.29	  -1.32	 -0.013	0.99888			#	   0.98	  50.61	
    567	   7.25	  -0.31	 -0.014	1.00045	   7.32	   0.16	 -0.042	0.99923			#	   0.82	  49.96	
    568	   7.41	  -0.55	 -0.018	1.00155	   6.19	  -0.10	 -0.069	1.00245			#	   0.87	  49.52	
    569	   7.47	  -1.58	 -0.006	1.00118	   7.21	  -1.18	 -0.030	1.00161			#	   0.96	  45.49	
    570	   7.18	  -0.84	 -0.022	1.00146	   6.77	  -0.47	 -0.072	1.00286			#	   0.98	  47.40	
    571	   6.51	  -2.47	 -0.027	1.00093	   6.66	  -2.54	 -0.042	1.00079			#	   0.83	  55.51	
    572	   5.83	  -1.51	 -0.035	1.00057	   5.74	  -1.10	 -0.080	1.00162			#	   0.63	  54.77	
    573	   5.48	  -2.90	 -0.019	1.00028	   4.95	  -1.86	 -0.052	1.00126			#	   0.70	  57.42	
    574	   6.58	  -3.40	 -0.027	1.00026	   5.76	  -4.54	 -0.059	1.00087			#	   0.87	  55.77	
    575	   6.77	  -2.41	 -0.011	1.00053	   6.33	  -2.05	 -0.051	1.00173			#	   0.85	  51.61	
    576	   6.49	  -1.79	 -0.002	1.00064	   6.34	  -2.71	 -0.038	1.00121			#	   0.82	  51.39	
    577	   5.52	  -0.88	  0.018	1.00036	   5.79	  -0.47	 -0.029	1.00118			#	   0.61	  54.60	
    578	   3.81	  -0.95	  0.021	1.00018	   3.96	  -1.53	  0.016	1.00065			#	   0.30	  56.99	
    579	   3.85	  -0.66	  0.007	1.00011	   3.36	  -0.26	 -0.005	1.00034			#	   0.27	  55.95	
    580	   5.13	  -1.19	 -0.008	0.99994	   4.04	  -0.93	 -0.033	1.00074			#	   0.49	  53.91	
    581	   6.64	  -2.49	 -0.022	1.00016	   5.79	  -1.86	 -0.056	1.00109			#	   0.95	  52.17	
    582	   6.80	  -3.32	 -0.021	0.99940	   6.95	  -2.76	 -0.099	1.00271			#	   0.93	  37.98	
    583	   5.82	  -4.91	  0.015	1.00033	   4.61	  -4.89	  0.035	1.00147			#	   0.96	  31.34	
    584	   7.70	  -4.50	  0.008	1.00000	   7.96	  -4.26	 -0.030	1.00186			#	   1.41	  33.51	
    585	   8.18	  -5.62	  0.013	0.99923	   7.59	  -5.50	 -0.024	1.00008			#	   1.13	  42.01	
    586	   7.36	  -5.73	 -0.014	0.99979	   7.68	  -6.63	 -0.037	1.00027			#	   1.10	  44.88	
    587	   6.38	  -4.61	 -0.030	1.00098	   5.73	  -4.21	 -0.053	1.00255			#	   0.79	  48.52	
    588	   6.55	  -3.82	 -0.054	1.00082	   6.06	  -4.37	 -0.106	1.00229			#	   0.70	  48.48	
    589	   6.06	  -2.54	 -0.028	1.00075	   5.83	  -2.78	 -0.069	1.00221			#	   0.60	  49.44	
    590	   5.42	  -2.09	 -0.007	1.00033	   5.10	  -2.89	 -0.042	1.00110			#	   0.45	  52.78	
    591	   4.84	  -0.74	  0.004	1.00018	   4.93	  -1.12	 -0.023	1.00077			#	   0.31	  54.25	
    592	   4.04	   0.17	 -0.013	1.00018	   3.72	  -0.10	 -0.022	1.00081			#	   0.26	  53.30	
    593	   3.43	   0.03	 -0.023	1.00031	   3.62	   0.53	 -0.046	1.00065			#	   0.21	  54.04	
    594	   2.31	  -1.69	 -0.002	1.00018	   2.30	  -0.69	 -0.016	1.00033			#	   0.18	  53.21	
    595	   2.52	  -2.01	 -0.006	1.00018	   2.14	  -2.55	 -0.017	1.00101			#	   0.27	  54.60	
    596	   2.79	  -1.07	  0.001	1.00031	   1.74	  -1.72	 -0.015	1.00115			#	   0.18	  52.78	
    597	   4.53	  -0.61	  0.013	1.00008	   3.67	  -0.39	 -0.008	1.00019			#	   0.36	  51.56	
    598	   5.74	  -1.04	  0.001	1.00047	   4.41	  -0.69	 -0.024	1.00139			#	   0.64	  50.78	
    599	   6.37	  -1.46	 -0.008	1.00089	   5.91	  -1.28	 -0.046	1.00165			#	   0.86	  47.57	
    600	   5.95	  -1.54	  0.004	1.00067	   5.59	  -0.91	 -0.039	1.00216			#	   0.69	  48.57	
    601	   6.13	  -2.72	  0.008	1.00066	   5.08	  -2.41	 -0.014	1.00192			#	   0.76	  50.35	
    602	   7.23	  -2.62	 -0.017	1.00094	   6.30	  -2.56	 -0.045	1.00262			#	   1.20	  47.18	
    603	   8.20	  -2.42	 -0.030	1.00113	   6.92	  -2.09	 -0.090	1.00316			#	   0.94	  42.71	
    604	   8.87	  -3.36	  0.014	1.00154	   7.91	  -2.32	 -0.055	1.00312			#	   1.17	  42.66	
    605	   9.33	  -3.65	  0.027	1.00206	   8.16	  -3.14	 -0.025	1.00384			#	   1.20	  42.06	
    606	   9.76	  -3.23	 -0.000	1.00162	   9.15	  -2.40	 -0.050	1.00405			#	   1.34	  42.36	
    607	   8.82	  -4.66	 -0.014	1.00117	   8.77	  -3.65	 -0.035	1.00227			#	   0.97	  37.98	
    608	   7.95	  -3.80	 -0.058	1.00150	   7.76	  -4.35	 -0.102	1.00422			#	   0.95	  38.19	
    609	   9.03	  -3.39	 -0.031	1.00081	   7.33	  -3.21	 -0.068	1.00292			#	   0.97	  38.15	
    610	   9.94	  -3.36	 -0.059	1.00229	  10.22	  -3.06	 -0.114	1.00316			#	   1.18	  39.84	
    611	   8.10	  -0.90	 -0.081	1.00202	   8.58	  -1.50	 -0.123	1.00277			#	   0.73	  39.76	
    612	   6.37	   0.68	 -0.065	1.00238	   6.66	   0.92	 -0.105	1.00347			#	   0.46	  49.39	
    613	   6.07	   0.49	 -0.054	1.00080	   5.18	   0.94	 -0.088	1.00190			#	   0.45	  50.17	
    614	   6.72	  -0.37	 -0.066	1.00083	   5.39	   0.15	 -0.085	1.00183			#	   0.52	  48.44	
    615	   7.90	  -0.31	 -0.100	1.00116	   7.04	  -0.40	 -0.128	1.00220			#	   0.70	  47.61	
    616	   7.70	   0.02	 -0.088	1.00129	   7.39	   0.39	 -0.161	1.00231			#	   0.74	  47.31	
    617	   8.00	  -0.05	 -0.029	1.00128	   5.91	   0.40	 -0.087	1.00277			#	   1.00	  46.61	
    618	  10.74	  -0.93	 -0.031	1.00095	   9.41	   1.00	 -0.110	1.00147			#	   1.43	  39.32	
    619	  12.11	  -3.13	 -0.054	1.00187	  12.14	  -1.49	 -0.109	1.00176			#	   1.58	  38.02	
    620	  12.73	  -0.96	 -0.083	1.00300	  12.43	  -0.89	 -0.144	1.00374			#	   1.30	  40.02	
    621	  12.17	  -0.53	 -0.078	1.00300	  12.18	   0.42	 -0.156	1.00317			#	   1.44	  38.89	
    622	  13.55	  -1.23	 -0.040	1.00324	  11.68	  -1.13	 -0.067	1.00213			#	   1.62	  30.99	
    623	  15.82	   2.04	 -0.106	1.00274	  15.52	   2.99	 -0.216	1.00297			#	   2.10	  29.77	
    624	  14.34	   0.88	 -0.086	1.00133	  14.69	   1.46	 -0.198	1.00044			#	   1.39	  32.51	
    625	  12.26	   2.38	 -0.084	1.00257	  12.88	   3.21	 -0.174	1.00331			#	   1.30	  41.75	
    626	   9.83	   1.67	 -0.070	1.00108	  11.08	   2.01	 -0.126	1.00136			#	   0.87	  42.10	
    627	   7.32	   2.67	 -0.049	1.00013	   7.92	   2.46	 -0.097	1.00091			#	   0.54	  53.73	
    628	   4.78	   3.66	 -0.051	1.00049	   5.15	   3.27	 -0.052	1.00101			#	   0.35	  55.03	
    629	   6.06	   2.83	 -0.050	0.99964	   4.30	   3.88	 -0.107	1.00001			#	   0.45	  54.64	
    630	   6.88	   1.24	 -0.028	1.00009	   7.60	   1.32	 -0.073	0.99997			#	   0.54	  48.61	
    631	   4.54	   3.14	 -0.042	1.00049	   4.86	   3.10	 -0.077	1.00128			#	   0.44	  58.90	
    632	   3.13	   1.89	 -0.012	0.99943	   3.82	   2.31	 -0.034	0.99939			#	   0.30	  59.29	
    633	   0.21	   1.94	 -0.012	0.99935	   1.71	   1.62	 -0.014	0.99923			#	   0.13	  59.81	
    634	  -3.10	   1.38	  0.023	0.99975	  -1.82	   1.56	  0.034	0.99939			#	   0.30	  60.37	
    635	  -4.08	   0.12	  0.055	0.99960	  -4.23	   0.96	  0.085	0.99892			#	   0.39	  60.07	
    636	  -2.78	   0.38	  0.041	0.99972	  -3.34	  -0.64	  0.066	0.99932			#	   0.20	  59.51	
    637	  -1.19	   2.21	  0.037	0.99987	  -1.74	   1.34	  0.042	0.99931			#	   0.14	  58.72	
    638	  -1.51	   3.42	  0.027	0.99989	  -0.88	   2.69	  0.064	0.99908			#	   0.31	  58.20	
    639	  -1.55	   4.45	 -0.004	0.99980	  -2.37	   4.83	  0.003	0.99930			#	   0.48	  57.51	
    640	   1.73	   0.75	  0.006	0.99969	  -0.61	   4.12	 -0.019	0.99993			#	   0.17	  60.81	
    641	   5.69	  -7.30	  0.042	1.00008	   5.45	  -3.31	 -0.087	1.00156			#	   1.62	  55.56	
    642	   0.49	 -11.06	  0.207	1.00037	   3.87	 -13.68	  0.227	1.00214			#	   1.77	  56.55	
    643	  -4.10	  -4.16	  0.137	0.99989	  -3.27	  -6.97	  0.233	1.00049			#	   0.38	  56.86	
    644	  -2.96	  -0.25	  0.039	0.99976	  -4.13	  -1.09	  0.070	0.99962			#	   0.12	  58.51	
    645	  -0.82	   1.46	  0.005	0.99994	  -1.15	   0.35	  0.022	0.99949			#	   0.04	  59.72	
    646	  -0.38	   2.82	  0.011	0.99983	  -0.42	   2.82	  0.008	0.99942			#	   0.11	  59.55	
    647	   0.77	   2.39	  0.017	0.99968	  -0.22	   2.70	  0.015	0.99939			#	   0.09	  60.03	
    648	   1.42	   1.72	  0.015	1.00011	   1.54	   1.57	  0.006	0.99980			#	   0.14	  59.98	
    649	   0.84	   1.78	  0.021	1.00010	   1.12	   2.61	  0.012	1.00022			#	   0.13	  61.37	
    650	   0.73	  -0.36	  0.019	1.00003	   0.20	  -0.03	  0.031	1.00004			#	   0.06	  60.11	
