      1	   1.73	  -1.22	 -0.008	0.99846	   1.38	  -0.56	 -0.019	0.99861			#	   0.04	  54.30	
      2	   1.64	  -1.71	 -0.005	0.99884	   2.04	  -2.11	 -0.017	0.99894			#	   0.17	  54.17	
      3	   1.99	  -0.81	 -0.004	0.99997	   1.62	  -1.26	 -0.017	1.00003			#	   0.17	  53.17	
      4	   1.92	  -0.12	 -0.009	1.00069	   2.31	  -0.14	 -0.023	1.00064			#	   0.16	  54.51	
      5	   2.10	   1.76	  0.022	1.00054	   2.18	   0.59	 -0.011	1.00038			#	   0.20	  54.69	
      6	   0.94	   1.92	  0.029	1.00053	   1.79	   3.06	  0.039	1.00014			#	   0.13	  55.64	
      7	   0.10	   0.59	 -0.008	1.00074	   0.01	  -0.07	 -0.004	1.00071			#	   0.03	  57.60	
      8	  -0.13	   0.85	 -0.006	1.00054	   0.04	   1.99	 -0.004	1.00030			#	   0.03	  56.12	
      9	   0.29	  -0.38	 -0.006	1.00062	   0.13	  -1.20	 -0.013	1.00070			#	   0.03	  57.94	
     10	   0.06	   1.19	  0.004	1.00049	   0.06	   1.23	  0.010	1.00039			#	   0.04	  57.94	
     11	   1.47	  -0.58	 -0.011	1.00075	   0.83	   0.14	 -0.026	1.00039			#	   0.11	  56.08	
     12	   0.94	   0.46	 -0.010	1.00072	   1.77	  -0.04	 -0.021	1.00106			#	   0.06	  58.20	
     13	  -0.21	   0.08	 -0.001	1.00050	  -0.27	   0.58	  0.006	1.00050			#	   0.02	  59.72	
     14	   0.08	  -0.52	  0.010	1.00010	   0.40	  -0.62	 -0.006	0.99996			#	   0.02	  58.16	
     15	  -0.99	   0.28	  0.028	1.00002	  -0.88	  -0.14	  0.028	1.00015			#	   0.05	  57.29	
     16	  -1.01	   0.07	  0.039	0.99992	  -1.19	   0.44	  0.039	1.00002			#	   0.05	  57.55	
     17	  -1.37	   0.30	  0.027	1.00006	  -0.95	  -0.03	  0.046	0.99988			#	   0.08	  57.60	
     18	  -0.62	   0.15	  0.010	0.99991	  -1.83	   0.37	  0.024	0.99995			#	   0.04	  58.81	
     19	   1.20	   0.73	  0.011	1.00004	   1.15	   0.27	 -0.009	1.00006			#	   0.07	  57.42	
     20	   0.40	   1.17	  0.013	0.99991	   0.73	   1.04	  0.025	0.99958			#	   0.05	  58.46	
     21	   1.27	   0.55	 -0.005	0.99997	   0.77	   1.01	 -0.015	0.99999			#	   0.07	  57.07	
     22	   1.35	   0.42	  0.021	0.99995	   1.77	   0.64	 -0.002	0.99995			#	   0.08	  57.42	
     23	   1.47	  -0.88	  0.020	1.00000	   0.84	  -0.48	  0.014	1.00014			#	   0.11	  58.68	
     24	   2.96	  -1.10	  0.023	0.99996	   2.58	  -1.11	 -0.004	1.00021			#	   0.34	  55.21	
     25	   2.82	   0.85	  0.011	1.00014	   3.51	  -0.49	  0.005	0.99989			#	   0.30	  57.81	
     26	   2.03	   2.20	 -0.001	0.99987	   2.35	   2.36	 -0.019	1.00001			#	   0.19	  59.55	
     27	   0.13	   0.68	  0.006	1.00015	   0.99	   1.56	  0.009	0.99954			#	   0.03	  56.47	
     28	   0.45	  -0.26	 -0.010	0.99985	  -0.54	  -0.13	  0.004	1.00003			#	   0.03	  58.94	
     29	   1.54	   0.49	 -0.031	1.00005	   2.08	   0.04	 -0.045	0.99984			#	   0.09	  57.55	
     30	   0.80	  -0.43	 -0.021	0.99999	   1.09	   0.20	 -0.040	0.99997			#	   0.06	  52.86	
     31	  -0.10	   0.29	 -0.006	0.99991	   0.60	  -0.47	 -0.016	0.99993			#	   0.02	  57.29	
     32	  -0.79	   0.82	  0.009	0.99996	  -1.56	   1.16	  0.023	0.99995			#	   0.10	  56.34	
     33	   0.85	   0.79	 -0.001	0.99990	   0.64	   0.29	 -0.007	0.99976			#	   0.05	  57.47	
     34	   0.70	   0.40	 -0.011	1.00011	   0.63	   1.33	 -0.010	0.99987			#	   0.04	  56.90	
     35	   2.29	   0.03	  0.003	0.99995	   1.95	  -0.37	 -0.029	1.00012			#	   0.18	  57.38	
     36	   0.76	  -0.61	 -0.003	1.00000	   1.76	   0.18	  0.003	0.99996			#	   0.06	  56.68	
     37	   1.24	  -1.81	  0.005	0.99998	   0.43	  -1.67	 -0.006	1.00028			#	   0.13	  57.86	
     38	   0.67	  -0.38	 -0.003	1.00006	   2.33	  -1.69	 -0.016	1.00002			#	   0.08	  57.34	
     39	  -1.44	   1.35	  0.022	0.99994	  -2.30	   1.54	  0.045	0.99996			#	   0.15	  54.47	
     40	   0.90	  -1.12	  0.017	0.99999	   0.47	   0.08	  0.002	0.99988			#	   0.07	  56.47	
     41	   0.67	  -0.26	  0.009	0.99999	   1.12	  -1.53	  0.018	1.00008			#	   0.04	  56.38	
     42	   0.10	   0.12	  0.003	1.00008	  -0.05	   0.83	  0.006	1.00032			#	   0.02	  61.15	
     43	   0.50	  -1.34	  0.006	0.99995	   0.87	  -1.45	  0.001	0.99985			#	   0.07	  56.60	
     44	  -0.20	  -0.71	 -0.004	1.00020	  -0.39	  -0.14	  0.011	1.00029			#	   0.02	  58.85	
     45	   1.57	  -1.11	 -0.009	0.99993	   1.18	  -1.63	 -0.031	1.00027			#	   0.13	  56.12	
     46	   0.71	  -1.38	 -0.004	1.00009	   1.41	  -0.70	 -0.013	0.99997			#	   0.08	  56.51	
     47	  -0.23	  -0.87	 -0.008	1.00010	  -0.32	  -1.46	  0.015	1.00051			#	   0.03	  57.77	
     48	   0.98	  -0.60	 -0.018	1.00001	   0.11	  -0.62	 -0.033	1.00005			#	   0.06	  56.99	
     49	   2.46	  -0.53	  0.002	1.00003	   2.66	  -0.64	 -0.030	1.00013			#	   0.22	  55.30	
     50	   0.77	   0.65	  0.006	1.00000	   2.11	  -0.01	  0.004	0.99981			#	   0.06	  57.07	
     51	  -1.83	   1.25	  0.004	1.00005	  -1.34	   2.13	  0.030	1.00003			#	   0.18	  55.69	
     52	  -1.58	  -1.04	 -0.001	1.00013	  -2.30	  -1.52	  0.010	0.99999			#	   0.11	  54.56	
     53	   1.19	   0.60	  0.027	0.99958	  -0.49	   0.86	  0.005	0.99983			#	   0.07	  56.94	
     54	   2.78	  -1.55	  0.009	1.00019	   3.53	  -0.34	  0.004	1.00002			#	   0.36	  57.90	
     55	   0.30	  -1.76	 -0.028	1.00016	   1.30	  -2.93	 -0.023	1.00077			#	   0.10	  56.29	
     56	  -0.57	   0.08	 -0.011	0.99989	  -0.99	  -0.34	 -0.016	0.99984			#	   0.03	  58.12	
     57	  -0.52	  -0.04	  0.002	1.00021	  -0.06	   0.47	  0.005	1.00029			#	   0.03	  58.07	
     58	  -0.75	  -0.19	 -0.009	0.99991	  -1.38	  -0.51	  0.011	0.99983			#	   0.04	  59.07	
     59	   1.57	  -0.19	 -0.008	1.00005	   0.37	   0.15	 -0.027	1.00030			#	   0.09	  55.73	
     60	   2.10	  -0.79	 -0.007	0.99988	   3.41	  -0.69	 -0.027	0.99982			#	   0.20	  52.78	
     61	   0.18	  -0.82	  0.004	1.00019	   0.22	  -0.63	 -0.000	1.00028			#	   0.03	  59.03	
     62	   0.78	  -0.23	  0.018	0.99997	   0.87	  -1.09	  0.007	1.00018			#	   0.04	  56.03	
     63	  -0.25	   0.84	  0.018	1.00002	   0.34	   0.69	  0.023	0.99987			#	   0.04	  56.94	
     64	  -0.81	   1.35	  0.027	0.99986	  -1.43	   1.80	  0.048	0.99962			#	   0.08	  55.77	
     65	   0.60	   0.01	 -0.007	0.99998	   0.75	   0.28	 -0.015	0.99999			#	   0.03	  55.99	
     66	  -0.18	  -1.07	 -0.013	1.00015	  -0.10	  -0.88	  0.000	1.00033			#	   0.04	  56.77	
     67	   0.06	   0.14	 -0.017	0.99994	  -0.02	  -1.06	 -0.018	0.99996			#	   0.02	  58.77	
     68	   0.74	   2.03	 -0.008	0.99996	   0.39	   1.97	 -0.014	0.99975			#	   0.09	  57.16	
     69	   0.92	   1.00	  0.008	0.99996	   1.30	   1.56	 -0.015	0.99966			#	   0.05	  55.64	
     70	  -0.85	  -0.04	  0.009	0.99983	   0.25	   0.61	  0.028	0.99994			#	   0.05	  57.68	
     71	  -1.78	  -1.48	  0.010	1.00010	  -2.42	  -1.12	  0.023	1.00010			#	   0.12	  56.16	
     72	   0.48	  -1.26	  0.004	1.00008	  -0.58	  -2.01	  0.004	1.00037			#	   0.06	  55.43	
     73	   1.86	   0.58	  0.004	0.99985	   1.80	   0.15	 -0.011	0.99978			#	   0.11	  56.21	
     74	   2.16	   1.35	 -0.020	0.99993	   2.16	   1.27	 -0.026	0.99988			#	   0.16	  55.99	
     75	   1.81	   0.26	 -0.023	1.00005	   1.87	   0.66	 -0.035	0.99988			#	   0.12	  58.42	
     76	   3.11	  -0.37	 -0.023	1.00001	   2.52	   0.45	 -0.046	1.00030			#	   0.37	  57.68	
     77	   3.16	  -1.29	 -0.023	1.00011	   3.66	  -1.77	 -0.053	1.00029			#	   0.44	  57.64	
     78	   3.00	  -1.09	  0.001	0.99998	   3.05	  -0.56	 -0.027	1.00018			#	   0.38	  55.77	
     79	   2.30	  -1.44	 -0.009	0.99991	   3.32	  -2.05	 -0.019	1.00008			#	   0.31	  56.60	
     80	   0.01	   0.57	 -0.012	1.00006	   0.50	   0.01	 -0.011	1.00011			#	   0.02	  58.77	
     81	   1.00	   0.29	  0.003	0.99993	  -0.02	   0.34	 -0.009	1.00005			#	   0.05	  58.03	
     82	   2.00	   0.46	 -0.011	1.00007	   1.99	   0.24	 -0.019	0.99983			#	   0.14	  58.38	
     83	   2.75	   1.53	 -0.016	0.99989	   2.41	   1.02	 -0.032	0.99986			#	   0.25	  56.77	
     84	   2.96	   1.34	 -0.029	0.99999	   3.06	   1.86	 -0.050	0.99972			#	   0.25	  56.42	
     85	   3.42	   0.30	 -0.030	1.00009	   3.35	   0.56	 -0.048	0.99996			#	   0.37	  58.20	
     86	   2.98	   0.96	 -0.047	0.99998	   3.59	   0.75	 -0.073	0.99992			#	   0.26	  55.56	
     87	   2.16	   0.75	 -0.042	1.00011	   2.54	   0.67	 -0.058	0.99987			#	   0.15	  58.38	
     88	   1.00	   1.24	 -0.065	0.99995	   1.46	   1.72	 -0.047	0.99966			#	   0.05	  57.94	
     89	   2.35	  -0.31	 -0.046	1.00016	   1.29	  -0.24	 -0.086	1.00005			#	   0.19	  56.55	
     90	   3.45	  -0.75	 -0.031	0.99995	   3.42	   0.00	 -0.047	1.00025			#	   0.39	  54.64	
     91	   3.37	  -1.46	 -0.047	1.00015	   3.84	  -1.76	 -0.071	1.00024			#	   0.43	  57.73	
     92	   3.22	  -0.75	 -0.040	0.99998	   3.43	  -0.84	 -0.060	1.00017			#	   0.36	  56.38	
     93	   3.09	  -0.64	 -0.055	0.99993	   2.85	  -0.89	 -0.073	1.00017			#	   0.32	  56.38	
     94	   4.20	  -0.09	 -0.025	1.00024	   4.00	  -0.17	 -0.066	1.00029			#	   0.55	  56.94	
     95	   3.37	  -0.14	 -0.031	1.00014	   4.44	  -0.39	 -0.050	1.00002			#	   0.41	  56.99	
     96	   1.87	   1.43	 -0.037	1.00012	   2.10	   0.98	 -0.043	0.99994			#	   0.11	  56.60	
     97	   2.48	   1.52	 -0.040	1.00070	   2.52	   1.48	 -0.056	1.00023			#	   0.20	  57.34	
     98	   3.05	   2.00	 -0.048	0.99866	   2.16	   2.10	 -0.054	0.99851			#	   0.33	  53.95	
     99	   5.59	   1.25	 -0.042	1.00025	   5.17	   1.10	 -0.111	0.99976			#	   0.91	  52.52	
    100	   3.97	   1.33	 -0.017	1.00004	   5.99	   2.06	 -0.041	0.99963			#	   0.47	  54.90	
    101	   1.29	   0.80	 -0.049	0.99886	   1.73	   0.47	 -0.040	0.99894			#	   0.08	  55.77	
    102	   2.33	  -0.23	 -0.045	0.99870	   0.92	   0.58	 -0.059	0.99846			#	   0.21	  54.95	
    103	   5.73	  -0.36	 -0.038	1.00031	   5.53	  -0.91	 -0.093	1.00037			#	   1.05	  54.90	
    104	   4.87	   0.80	 -0.042	0.99868	   5.75	   0.91	 -0.074	0.99874			#	   0.54	  56.42	
    105	   3.26	  -0.64	 -0.042	0.99869	   3.72	   0.11	 -0.057	0.99868			#	   0.31	  52.56	
    106	   3.81	  -1.90	 -0.066	1.00012	   3.36	  -1.49	 -0.076	0.99990			#	   0.53	  53.34	
    107	   5.58	  -2.11	 -0.066	1.00025	   5.54	  -1.58	 -0.112	1.00065			#	   0.96	  53.26	
    108	   5.66	  -4.36	 -0.040	1.00201	   5.88	  -3.81	 -0.093	1.00139			#	   1.13	  46.61	
    109	   6.87	  -2.84	 -0.031	1.00293	   5.65	  -1.55	 -0.105	1.00492			#	   1.28	  39.32	
    110	   6.61	  -7.08	 -0.038	1.00101	   7.34	  -5.42	 -0.057	1.00139			#	   1.60	  44.31	
    111	   6.55	  -4.60	 -0.036	1.00237	   7.74	  -6.77	 -0.088	1.00309			#	   1.07	  47.53	
    112	   4.66	  -1.38	 -0.062	1.00148	   5.44	  -1.84	 -0.073	1.00211			#	   0.43	  52.95	
    113	   4.55	  -1.19	 -0.080	1.00034	   3.87	  -1.50	 -0.098	0.99979			#	   0.38	  50.30	
    114	   8.64	   1.11	 -0.090	1.00226	   7.60	   0.30	 -0.148	1.00108			#	   1.30	  46.14	
    115	   9.40	   3.68	 -0.052	1.00288	   8.30	   3.38	 -0.112	1.00343			#	   1.43	  36.28	
    116	   8.99	   3.33	 -0.058	1.00239	   9.57	   5.78	 -0.115	1.00249			#	   1.19	  37.98	
    117	   6.10	   0.91	 -0.044	1.00125	   6.40	   1.61	 -0.046	1.00190			#	   0.64	  38.41	
    118	   6.81	   0.81	 -0.037	1.00004	   7.16	   0.38	 -0.095	0.99896			#	   0.61	  50.74	
    119	   5.67	   2.14	 -0.026	1.00022	   7.49	   2.58	 -0.062	1.00006			#	   0.48	  52.99	
    120	   3.02	   1.19	 -0.045	0.99951	   3.63	   1.30	 -0.047	0.99914			#	   0.15	  51.61	
    121	   2.58	  -0.06	 -0.056	0.99927	   2.34	   0.98	 -0.065	0.99933			#	   0.12	  56.16	
    122	   4.06	  -0.71	 -0.050	1.00027	   3.40	  -1.06	 -0.075	0.99997			#	   0.40	  55.16	
    123	   6.42	  -1.28	 -0.050	1.00007	   6.15	  -0.65	 -0.093	0.99955			#	   1.12	  49.91	
    124	   5.98	  -0.69	 -0.069	0.99966	   7.51	  -0.55	 -0.106	1.00009			#	   0.74	  51.56	
    125	   3.51	  -1.20	 -0.051	1.00019	   4.21	  -1.50	 -0.079	1.00000			#	   0.34	  55.43	
    126	   3.01	  -0.52	 -0.029	0.99950	   3.67	  -0.68	 -0.053	0.99952			#	   0.22	  54.95	
    127	   1.70	   0.30	 -0.033	1.00017	   1.83	  -0.02	 -0.023	1.00027			#	   0.08	  56.34	
    128	   3.39	   0.25	 -0.033	0.99943	   2.56	   0.31	 -0.064	0.99928			#	   0.26	  56.94	
    129	   4.18	  -0.50	 -0.024	1.00060	   3.43	   1.05	 -0.050	1.00128			#	   0.49	  50.52	
    130	   5.44	  -2.73	 -0.041	1.00071	   5.57	  -2.96	 -0.066	1.00058			#	   1.13	  49.09	
    131	   4.74	  -0.37	 -0.047	1.00039	   5.80	  -1.41	 -0.075	1.00075			#	   0.48	  54.56	
    132	   3.47	  -0.75	 -0.056	1.00016	   3.34	   0.57	 -0.065	1.00031			#	   0.31	  55.16	
    133	   4.20	  -2.66	 -0.059	0.99992	   4.37	  -2.63	 -0.092	1.00037			#	   0.56	  56.25	
    134	   4.33	  -2.65	 -0.047	1.00031	   4.00	  -2.28	 -0.068	1.00025			#	   0.54	  55.56	
    135	   6.26	  -3.81	 -0.063	1.00093	   6.11	  -3.55	 -0.100	1.00104			#	   1.20	  51.61	
    136	   5.84	  -2.24	 -0.077	1.00047	   7.04	  -3.41	 -0.108	1.00043			#	   0.72	  49.96	
    137	   5.94	  -0.15	 -0.060	1.00014	   5.02	   0.26	 -0.109	1.00108			#	   0.73	  50.17	
    138	   7.20	  -1.55	 -0.065	1.00040	   7.97	  -1.58	 -0.114	1.00001			#	   1.15	  52.60	
    139	   5.45	  -0.15	 -0.025	1.00102	   5.14	  -0.78	 -0.043	1.00177			#	   0.60	  49.13	
    140	   6.13	   1.33	 -0.066	1.00053	   6.50	   1.14	 -0.083	1.00043			#	   0.72	  52.47	
    141	   6.56	   0.41	 -0.098	1.00054	   5.93	   1.08	 -0.134	1.00010			#	   0.84	  50.65	
    142	   8.13	   1.17	 -0.084	1.00059	   8.59	   1.08	 -0.150	1.00041			#	   1.17	  49.87	
    143	   6.10	   0.76	 -0.067	1.00085	   6.57	   1.12	 -0.083	1.00137			#	   0.60	  49.35	
    144	   6.05	   0.85	 -0.063	1.00083	   5.90	   0.89	 -0.114	1.00070			#	   0.62	  49.35	
    145	   6.43	  -0.31	 -0.054	1.00080	   5.82	   1.35	 -0.082	1.00115			#	   0.77	  49.87	
    146	   7.35	  -1.79	 -0.055	1.00170	   6.39	  -1.87	 -0.064	1.00205			#	   1.25	  42.93	
    147	   8.12	  -1.09	 -0.077	1.00221	   8.17	   0.13	 -0.156	1.00279			#	   1.26	  42.14	
    148	   5.38	  -1.20	 -0.057	1.00132	   6.63	  -1.15	 -0.057	1.00280			#	   0.58	  47.44	
    149	   4.13	  -1.43	 -0.065	1.00111	   3.30	  -0.91	 -0.070	1.00138			#	   0.39	  45.27	
    150	   6.34	  -1.18	 -0.069	1.00156	   5.07	  -1.13	 -0.104	1.00189			#	   0.84	  43.10	
    151	   6.79	   0.03	 -0.074	1.00132	   6.53	   0.42	 -0.115	1.00245			#	   0.80	  47.40	
    152	   7.49	  -1.64	 -0.033	1.00184	   6.37	   0.28	 -0.091	1.00239			#	   0.99	  45.01	
    153	   7.47	  -2.74	 -0.031	1.00190	   8.48	  -2.62	 -0.073	1.00281			#	   1.15	  42.53	
    154	   5.75	  -1.94	 -0.032	1.00166	   4.36	  -1.98	  0.000	1.00247			#	   0.69	  44.92	
    155	   7.70	  -0.40	 -0.101	1.00205	   7.42	   0.10	 -0.162	1.00323			#	   1.18	  44.84	
    156	   7.41	  -1.65	 -0.072	1.00173	   6.28	  -0.42	 -0.103	1.00222			#	   1.03	  44.66	
    157	   8.33	  -2.67	 -0.057	1.00223	   8.53	  -1.45	 -0.110	1.00328			#	   1.55	  43.66	
    158	   6.06	  -1.76	 -0.060	1.00155	   6.83	  -2.23	 -0.088	1.00250			#	   0.67	  48.70	
    159	   5.33	  -0.41	 -0.043	1.00131	   4.04	  -0.90	 -0.050	1.00245			#	   0.51	  49.39	
    160	   7.39	  -0.43	 -0.048	1.00166	   6.13	   1.73	 -0.120	1.00237			#	   0.98	  47.01	
    161	   7.72	  -2.45	 -0.033	1.00222	   7.18	  -2.29	 -0.049	1.00320			#	   1.05	  45.66	
    162	   7.59	  -1.42	 -0.065	1.00175	   8.18	  -0.63	 -0.110	1.00251			#	   0.95	  45.96	
    163	   5.08	  -1.53	 -0.062	1.00132	   5.34	  -1.99	 -0.055	1.00206			#	   0.48	  50.82	
    164	   6.80	   0.69	 -0.089	1.00143	   5.25	   0.50	 -0.127	1.00206			#	   0.82	  48.05	
    165	   7.29	   1.01	 -0.094	1.00172	   6.60	   1.94	 -0.121	1.00221			#	   1.03	  48.05	
    166	   8.16	  -0.20	 -0.096	1.00173	   7.41	   0.84	 -0.136	1.00255			#	   1.29	  46.88	
    167	   7.69	  -0.67	 -0.102	1.00166	   8.02	   0.33	 -0.153	1.00237			#	   1.07	  48.57	
    168	   6.33	  -1.14	 -0.085	1.00176	   5.63	  -1.08	 -0.077	1.00274			#	   0.87	  47.44	
    169	   8.28	  -0.92	 -0.132	1.00184	   6.65	  -0.05	 -0.160	1.00262			#	   1.43	  46.66	
    170	   8.86	  -0.99	 -0.156	1.00214	   8.79	  -0.30	 -0.194	1.00289			#	   1.01	  46.18	
    171	   8.74	  -1.30	 -0.166	1.00214	   8.12	  -0.80	 -0.206	1.00300			#	   1.15	  45.27	
    172	   8.30	   0.60	 -0.143	1.00179	   8.32	   0.25	 -0.201	1.00285			#	   1.15	  47.44	
    173	   7.98	   0.56	 -0.110	1.00199	   6.91	   1.66	 -0.147	1.00270			#	   1.06	  46.79	
    174	   8.50	   0.98	 -0.143	1.00181	   8.25	   0.87	 -0.160	1.00262			#	   1.32	  46.61	
    175	   8.45	   1.10	 -0.177	1.00190	   7.96	   2.66	 -0.228	1.00243			#	   1.14	  48.13	
    176	   8.24	  -0.13	 -0.169	1.00183	   7.91	   0.50	 -0.220	1.00272			#	   1.19	  46.88	
    177	   6.77	  -0.03	 -0.148	1.00124	   7.51	   0.55	 -0.188	1.00220			#	   0.73	  51.69	
    178	   6.23	  -0.77	 -0.144	1.00124	   5.41	  -0.76	 -0.171	1.00166			#	   0.51	  49.31	
    179	   6.65	   0.61	 -0.114	1.00115	   6.63	   0.43	 -0.176	1.00180			#	   0.62	  49.44	
    180	   5.90	   0.14	 -0.064	1.00097	   5.39	   1.94	 -0.111	1.00194			#	   0.56	  48.52	
    181	   6.13	  -1.72	 -0.075	1.00111	   6.20	  -2.11	 -0.099	1.00176			#	   0.74	  51.22	
    182	   4.67	  -0.44	 -0.095	1.00070	   5.00	   0.05	 -0.121	1.00208			#	   0.50	  54.12	
    183	   4.87	  -1.69	 -0.077	1.00011	   4.29	  -1.44	 -0.119	1.00020			#	   0.57	  57.90	
    184	   5.58	  -1.69	 -0.052	1.00007	   5.91	  -1.88	 -0.093	1.00056			#	   0.74	  55.95	
    185	   6.52	  -1.89	 -0.042	1.00018	   5.79	  -2.14	 -0.081	1.00027			#	   0.98	  55.51	
    186	   8.05	  -1.45	 -0.039	1.00148	   7.11	  -0.40	 -0.100	1.00263			#	   1.52	  47.87	
    187	   6.13	  -1.07	 -0.042	1.00112	   7.70	  -1.97	 -0.061	1.00212			#	   0.67	  50.78	
    188	   4.54	   0.64	 -0.042	0.99990	   4.22	   0.20	 -0.069	1.00000			#	   0.29	  58.16	
    189	   5.38	   1.47	 -0.018	1.00039	   4.92	   1.08	 -0.047	1.00083			#	   0.44	  54.86	
    190	   6.18	   2.01	 -0.010	1.00081	   5.03	   2.57	 -0.054	1.00211			#	   0.64	  52.82	
    191	   7.40	  -0.17	  0.003	1.00084	   7.09	   1.10	 -0.049	1.00125			#	   0.96	  51.91	
    192	   6.06	  -1.32	 -0.015	1.00117	   6.08	  -0.44	 -0.034	1.00235			#	   0.75	  51.56	
    193	   5.13	  -2.62	 -0.025	1.00069	   5.22	  -2.01	 -0.020	1.00167			#	   0.71	  53.56	
    194	   6.49	  -1.73	 -0.049	1.00107	   4.59	  -2.57	 -0.071	1.00252			#	   0.99	  48.87	
    195	   8.95	  -0.71	 -0.058	1.00128	   8.02	  -0.56	 -0.097	1.00241			#	   1.70	  47.01	
    196	   8.52	  -0.41	 -0.071	1.00120	   8.54	   0.45	 -0.119	1.00265			#	   1.05	  49.39	
    197	   8.43	  -1.98	 -0.055	1.00158	   8.05	  -0.54	 -0.122	1.00243			#	   1.19	  48.13	
    198	   6.55	  -1.67	 -0.038	1.00121	   7.57	  -2.29	 -0.063	1.00275			#	   0.75	  51.00	
    199	   5.23	  -0.61	 -0.047	1.00053	   4.38	  -0.31	 -0.050	1.00225			#	   0.41	  52.86	
    200	   8.33	  -2.48	 -0.075	1.00114	   6.83	  -1.85	 -0.132	1.00069			#	   1.14	  46.66	
    201	   8.40	  -1.24	 -0.077	1.00188	   8.89	  -0.30	 -0.134	1.00350			#	   1.14	  47.01	
    202	   7.47	  -2.41	 -0.083	1.00089	   6.80	  -1.47	 -0.114	1.00244			#	   1.07	  49.09	
    203	   8.90	  -4.40	 -0.060	1.00101	   7.40	  -2.67	 -0.101	1.00331			#	   1.73	  45.49	
    204	  10.04	  -5.54	 -0.096	1.00160	  10.28	  -6.09	 -0.155	1.00333			#	   1.65	  45.10	
    205	   7.55	  -4.43	 -0.094	1.00111	   8.44	  -3.54	 -0.099	1.00332			#	   0.86	  49.22	
    206	   8.04	  -4.08	 -0.119	1.00070	   6.10	  -5.21	 -0.147	1.00228			#	   0.99	  45.53	
    207	  10.79	   0.65	 -0.079	1.00113	   9.98	  -0.99	 -0.183	1.00364			#	   1.42	  45.14	
    208	   9.63	   1.38	 -0.087	1.00105	   9.77	   2.81	 -0.108	1.00253			#	   1.20	  48.00	
    209	  10.68	   0.34	 -0.087	1.00219	   9.26	   0.47	 -0.152	1.00208			#	   1.59	  44.66	
    210	  11.16	   2.13	 -0.076	1.00232	  11.53	   2.36	 -0.133	1.00265			#	   1.72	  40.28	
    211	   9.74	   3.93	 -0.089	1.00176	   9.65	   4.13	 -0.133	1.00241			#	   1.17	  42.84	
    212	  10.17	   3.04	 -0.056	1.00184	   9.23	   4.78	 -0.136	1.00194			#	   1.38	  46.31	
    213	  10.86	   1.90	 -0.044	1.00188	  10.68	   2.96	 -0.100	1.00159			#	   1.61	  46.18	
    214	   9.22	   2.89	 -0.087	1.00156	   9.99	   2.96	 -0.113	1.00240			#	   1.22	  48.00	
    215	   5.91	   3.52	 -0.115	1.00081	   7.02	   4.40	 -0.150	1.00146			#	   0.55	  53.56	
    216	   4.42	   2.13	 -0.093	1.00042	   3.55	   1.74	 -0.091	1.00042			#	   0.27	  53.13	
    217	   7.13	   3.26	 -0.071	0.99980	   6.01	   3.81	 -0.144	1.00065			#	   0.70	  51.17	
    218	   7.14	   1.86	 -0.052	1.00093	   7.15	   2.37	 -0.091	1.00093			#	   0.66	  52.82	
    219	   6.49	   1.59	 -0.053	1.00079	   6.28	   2.00	 -0.080	1.00134			#	   0.61	  55.16	
    220	   6.51	  -0.21	 -0.046	1.00077	   5.58	   1.29	 -0.092	1.00170			#	   0.88	  54.60	
    221	   7.73	  -0.71	 -0.033	1.00074	   6.86	  -1.38	 -0.068	1.00140			#	   1.36	  50.48	
    222	   8.70	   1.36	 -0.043	0.99999	   8.38	   1.09	 -0.092	1.00154			#	   1.27	  48.91	
    223	   8.35	   0.81	 -0.041	0.99998	   9.01	   1.06	 -0.080	1.00074			#	   1.16	  48.65	
    224	   5.98	   1.00	 -0.033	1.00047	   6.24	   0.29	 -0.039	1.00127			#	   0.61	  51.82	
    225	   7.08	   2.45	 -0.035	0.99999	   5.87	   2.17	 -0.069	1.00102			#	   0.88	  52.60	
    226	   8.45	   3.26	 -0.052	0.99976	   7.94	   2.94	 -0.079	1.00106			#	   1.23	  50.26	
    227	   9.93	   2.93	 -0.068	0.99930	   9.88	   3.42	 -0.139	1.00058			#	   1.59	  46.74	
    228	   8.30	   1.01	 -0.067	0.99887	   9.16	   0.27	 -0.091	0.99841			#	   0.98	  46.01	
    229	   5.51	   1.39	 -0.044	1.00056	   6.83	   2.09	 -0.101	1.00129			#	   0.47	  55.73	
    230	   3.90	  -0.08	 -0.006	1.00015	   3.18	   0.16	  0.017	1.00061			#	   0.26	  61.98	
    231	   6.42	   2.20	 -0.066	0.99988	   5.33	   0.40	 -0.093	1.00082			#	   0.71	  52.95	
    232	   8.19	   3.55	 -0.072	0.99964	   7.31	   3.87	 -0.117	1.00107			#	   1.19	  51.65	
    233	   8.55	   2.42	 -0.097	0.99941	   8.84	   1.95	 -0.118	0.99972			#	   1.17	  48.00	
    234	   8.49	   2.15	 -0.112	0.99974	   7.83	   3.01	 -0.142	1.00094			#	   1.25	  51.78	
    235	   9.67	   1.72	 -0.137	0.99874	   9.67	   0.06	 -0.178	0.99896			#	   1.74	  45.62	
    236	   9.19	   3.87	 -0.158	0.99978	   9.28	   3.80	 -0.216	1.00135			#	   1.38	  48.26	
    237	   9.42	   2.13	 -0.102	0.99866	   8.98	   2.27	 -0.149	0.99861			#	   1.77	  47.01	
    238	   9.76	   2.23	 -0.113	0.99891	   9.36	   1.53	 -0.145	1.00013			#	   1.52	  46.44	
    239	  12.07	   1.53	 -0.108	0.99821	  10.97	   1.07	 -0.131	0.99895			#	   2.22	  43.32	
    240	  13.07	   2.22	 -0.179	0.99876	  13.60	   0.98	 -0.240	0.99977			#	   2.13	  42.93	
    241	  12.11	   2.17	 -0.193	0.99827	  12.00	   1.98	 -0.226	1.00010			#	   1.92	  44.40	
    242	  12.73	   0.91	 -0.205	0.99767	  13.26	   0.38	 -0.278	0.99825			#	   2.32	  43.88	
    243	  10.94	  -0.09	 -0.195	0.99830	  11.91	  -0.61	 -0.245	0.99899			#	   1.43	  45.14	
    244	   9.07	   0.17	 -0.164	0.99920	  10.13	  -0.17	 -0.236	1.00037			#	   0.97	  48.48	
    245	   6.82	   0.31	 -0.137	0.99996	   7.07	  -0.57	 -0.152	1.00060			#	   0.56	  51.65	
    246	   8.57	   0.92	 -0.130	0.99860	   6.86	   0.39	 -0.172	0.99924			#	   0.95	  48.22	
    247	  11.25	   2.06	 -0.128	0.99848	  10.90	   0.53	 -0.227	0.99960			#	   1.68	  45.40	
    248	  10.97	   2.07	 -0.072	0.99771	  11.70	   1.39	 -0.150	0.99814			#	   1.73	  45.31	
    249	   9.08	   2.08	 -0.072	0.99872	   9.96	   1.54	 -0.104	0.99895			#	   1.29	  46.44	
    250	   8.68	   1.91	 -0.082	0.99832	   8.16	   0.64	 -0.106	0.99835			#	   1.10	  45.88	
    251	   9.68	   3.51	 -0.075	0.99854	   9.59	   2.75	 -0.140	0.99904			#	   1.34	  45.88	
    252	  10.21	   3.61	 -0.059	0.99821	  10.59	   2.90	 -0.131	0.99880			#	   1.52	  47.18	
    253	  10.63	   1.68	 -0.094	0.99782	   9.65	   2.23	 -0.105	0.99891			#	   1.95	  44.97	
    254	  13.30	  -0.49	 -0.154	0.99718	  12.44	  -2.05	 -0.204	0.99726			#	   2.84	  44.10	
    255	  14.38	   1.90	 -0.161	0.99682	  14.03	   0.11	 -0.208	0.99882			#	   2.35	  41.49	
    256	  17.54	   1.88	 -0.189	0.99552	  16.56	   0.10	 -0.274	0.99616			#	   3.35	  39.80	
    257	  19.34	   2.86	 -0.202	0.99537	  19.38	  -0.39	 -0.312	0.99610			#	   4.12	  38.32	
    258	  18.80	   3.24	 -0.135	0.99538	  20.05	   2.73	 -0.255	0.99584			#	   3.11	  40.19	
    259	  16.65	   2.26	 -0.098	0.99527	  17.60	  -0.97	 -0.210	0.99469			#	   2.77	  40.58	
    260	  13.42	   6.06	 -0.074	0.99705	  15.83	   4.33	 -0.139	0.99822			#	   2.01	  42.27	
    261	  12.61	   3.83	 -0.064	0.99688	  12.34	   4.71	 -0.090	0.99623			#	   2.03	  43.19	
    262	  13.50	   1.55	 -0.121	0.99716	  13.38	   0.10	 -0.183	0.99744			#	   2.17	  44.27	
    263	  13.34	   2.34	 -0.123	0.99674	  13.67	   0.39	 -0.198	0.99675			#	   2.01	  44.05	
    264	  12.42	   3.35	 -0.142	0.99700	  13.17	   2.68	 -0.165	0.99819			#	   2.11	  42.88	
    265	  14.42	   2.06	 -0.157	0.99621	  12.96	   0.25	 -0.216	0.99584			#	   3.62	  41.80	
    266	  16.65	   3.56	 -0.163	0.99516	  16.56	   1.74	 -0.259	0.99614			#	   3.96	  39.24	
    267	  17.34	   2.76	 -0.152	0.99536	  17.92	   0.66	 -0.273	0.99490			#	   3.08	  40.58	
    268	  15.21	   4.36	 -0.123	0.99642	  16.64	   1.65	 -0.237	0.99608			#	   2.91	  42.97	
    269	  11.57	   4.93	 -0.109	0.99749	  13.77	   4.54	 -0.170	0.99699			#	   1.97	  44.66	
    270	   9.42	   2.42	 -0.093	0.99851	   9.23	   2.93	 -0.129	0.99766			#	   1.24	  47.40	
    271	  10.26	   1.14	 -0.080	0.99774	   9.09	   0.35	 -0.140	0.99751			#	   1.07	  50.13	
    272	  11.83	   2.02	 -0.067	0.99758	  12.10	   0.43	 -0.168	0.99761			#	   1.58	  50.48	
    273	  10.65	   0.70	 -0.044	0.99765	  10.39	   1.51	 -0.074	0.99728			#	   1.63	  47.14	
    274	  12.23	  -0.90	 -0.047	0.99750	  11.08	  -2.64	 -0.132	0.99784			#	   2.78	  46.31	
    275	  12.13	  -0.03	 -0.039	0.99697	  11.80	  -1.89	 -0.066	0.99638			#	   2.28	  44.75	
    276	  13.24	   1.45	 -0.077	0.99658	  12.66	  -0.52	 -0.171	0.99628			#	   2.57	  46.31	
    277	  12.25	   2.61	 -0.081	0.99712	  13.13	   0.92	 -0.136	0.99688			#	   2.26	  46.31	
    278	  10.29	   2.30	 -0.102	0.99782	  11.35	   1.91	 -0.158	0.99668			#	   1.80	  49.00	
    279	   9.15	   2.21	 -0.097	0.99823	   8.82	   1.67	 -0.142	0.99836			#	   1.52	  48.91	
    280	   9.88	   0.90	 -0.061	0.99764	   9.18	   0.22	 -0.133	0.99664			#	   1.88	  48.57	
    281	  11.07	   1.97	 -0.045	0.99708	  10.55	   0.35	 -0.117	0.99782			#	   2.04	  47.05	
    282	  12.83	   0.47	 -0.076	0.99652	  11.46	  -0.07	 -0.112	0.99602			#	   2.71	  45.88	
    283	  13.29	  -1.24	 -0.115	0.99650	  12.23	  -2.52	 -0.156	0.99439			#	   2.42	  41.93	
    284	  14.37	   3.45	 -0.175	0.99574	  14.82	  -1.32	 -0.268	0.99683			#	   3.44	  41.62	
    285	  13.37	   4.28	 -0.156	0.99621	  14.28	   3.72	 -0.251	0.99532			#	   2.31	  43.32	
    286	  11.98	   2.38	 -0.098	0.99699	  11.80	   1.67	 -0.165	0.99458			#	   1.78	  42.88	
    287	  13.74	   4.38	 -0.090	0.99594	  11.72	   1.54	 -0.154	0.99608			#	   2.00	  41.75	
    288	  15.37	   3.82	 -0.150	0.99553	  16.41	   3.33	 -0.252	0.99468			#	   2.75	  43.36	
    289	  11.15	   1.77	 -0.170	0.99730	  12.64	   0.69	 -0.219	0.99563			#	   1.56	  43.75	
    290	   8.45	   3.08	 -0.124	0.99975	   8.75	   1.92	 -0.199	0.99751			#	   0.87	  54.30	
    291	   9.67	   4.61	 -0.099	0.99762	   9.01	   3.90	 -0.168	0.99783			#	   1.23	  48.26	
    292	  10.32	   2.71	 -0.117	0.99716	   9.99	   1.98	 -0.170	0.99628			#	   1.20	  44.36	
    293	   9.98	   2.94	 -0.119	0.99786	  10.27	   1.77	 -0.180	0.99706			#	   0.99	  44.92	
    294	   9.74	   2.59	 -0.101	0.99793	  10.20	   3.05	 -0.171	0.99815			#	   1.23	  48.44	
    295	   9.60	  -0.05	 -0.041	0.99807	   8.68	  -0.69	 -0.124	0.99661			#	   1.56	  47.66	
    296	   9.01	   1.49	 -0.030	0.99909	  10.13	   0.82	 -0.095	0.99861			#	   1.30	  57.16	
    297	   7.02	   1.45	 -0.042	0.99980	   7.00	   0.91	 -0.069	0.99914			#	   0.75	  60.37	
    298	   7.43	   2.21	 -0.054	0.99932	   6.80	   2.76	 -0.113	0.99920			#	   0.91	  58.03	
    299	   9.40	  -1.63	 -0.026	0.99983	   8.11	  -0.30	 -0.114	0.99830			#	   1.30	  52.43	
    300	  11.93	  -0.96	 -0.021	1.00022	  11.06	  -2.24	 -0.095	0.99886			#	   1.68	  45.66	
    301	  11.24	   0.47	 -0.062	0.99806	  11.87	  -0.21	 -0.123	0.99745			#	   1.76	  47.48	
    302	   9.26	   1.27	 -0.093	0.99907	  10.29	   0.04	 -0.148	0.99823			#	   1.13	  60.76	
    303	   5.32	   2.69	 -0.101	0.99958	   7.07	   1.65	 -0.148	0.99825			#	   0.46	  61.37	
    304	   3.26	   6.53	 -0.013	0.99981	   2.54	   4.61	 -0.048	0.99893			#	   0.40	  60.81	
    305	   4.20	   7.49	 -0.019	0.99933	   4.39	   8.63	 -0.013	0.99802			#	   0.61	  62.15	
    306	   3.70	   4.78	 -0.080	0.99974	   2.71	   5.36	 -0.060	0.99824			#	   0.39	  56.34	
    307	   6.67	   6.41	 -0.119	0.99913	   5.76	   4.61	 -0.177	0.99778			#	   1.17	  56.99	
    308	   7.86	   6.38	 -0.076	0.99935	   6.52	   7.73	 -0.144	0.99739			#	   1.23	  53.95	
    309	  10.32	   4.87	 -0.060	0.99954	   9.31	   3.65	 -0.132	0.99669			#	   1.61	  48.74	
    310	  11.57	   8.14	 -0.091	1.00032	  10.37	   7.03	 -0.120	0.99628			#	   2.12	  41.84	
    311	  14.44	   8.92	 -0.101	1.00107	  15.50	  10.26	 -0.149	0.99760			#	   2.65	  35.24	
    312	  11.42	   6.94	 -0.120	1.00043	  12.26	   8.00	 -0.179	0.99634			#	   1.31	  41.54	
    313	  12.03	   7.13	 -0.087	0.99954	  11.59	   5.90	 -0.173	0.99669			#	   1.63	  45.79	
    314	  10.93	   7.83	 -0.060	0.99743	  11.82	   7.42	 -0.120	0.99674			#	   1.47	  41.67	
    315	  11.61	   7.23	 -0.086	0.99860	  10.79	   6.10	 -0.161	0.99590			#	   1.47	  40.63	
    316	  10.43	   6.93	 -0.065	0.99733	  12.16	   7.58	 -0.148	0.99531			#	   1.46	  45.10	
    317	   7.52	   5.83	 -0.071	0.99948	   7.74	   4.80	 -0.098	0.99763			#	   0.94	  55.21	
    318	   7.49	   5.30	 -0.076	0.99987	   6.76	   6.30	 -0.124	0.99705			#	   0.97	  52.95	
    319	   9.75	   4.27	 -0.060	1.00004	   8.96	   4.76	 -0.115	0.99783			#	   1.75	  47.79	
    320	  10.72	   4.44	 -0.072	1.00045	  10.62	   3.66	 -0.130	0.99716			#	   1.86	  46.66	
    321	  10.33	   6.93	 -0.090	0.99979	  10.87	   6.40	 -0.127	0.99706			#	   1.78	  43.45	
    322	   9.72	   6.69	 -0.116	0.99971	   9.39	   7.11	 -0.152	0.99620			#	   1.64	  46.83	
    323	   9.16	   6.25	 -0.126	0.99821	  10.21	   5.86	 -0.213	0.99715			#	   1.38	  44.49	
    324	   6.22	   6.15	 -0.092	0.99942	   7.62	   6.02	 -0.122	0.99777			#	   0.74	  56.34	
    325	   4.21	   6.36	 -0.131	0.99963	   4.08	   5.01	 -0.152	0.99787			#	   0.47	  59.24	
    326	   4.03	   7.68	 -0.083	0.99987	   3.71	   8.54	 -0.129	0.99856			#	   0.53	  59.94	
    327	   6.34	   5.04	 -0.042	0.99954	   4.84	   5.51	 -0.095	0.99786			#	   0.87	  57.38	
    328	   7.15	   6.05	 -0.071	0.99931	   7.43	   4.41	 -0.133	0.99735			#	   1.32	  57.07	
    329	   6.10	   8.11	 -0.040	0.99962	   5.85	   8.32	 -0.069	0.99771			#	   1.07	  58.20	
    330	   6.89	   6.99	 -0.068	0.99954	   6.38	   6.29	 -0.118	0.99740			#	   1.33	  52.26	
    331	   6.66	   8.17	 -0.095	0.99957	   6.36	   8.08	 -0.115	0.99751			#	   1.41	  57.07	
    332	   6.86	   7.05	 -0.127	0.99943	   7.21	   7.52	 -0.180	0.99756			#	   1.42	  56.38	
    333	   4.50	   6.73	 -0.132	0.99971	   5.41	   5.84	 -0.161	0.99776			#	   0.81	  60.33	
    334	   4.01	   8.13	 -0.148	0.99992	   3.13	   7.95	 -0.162	0.99865			#	   0.96	  64.32	
    335	   5.80	   7.78	 -0.135	0.99981	   5.47	   7.92	 -0.192	0.99836			#	   1.21	  60.29	
    336	   6.44	   6.40	 -0.116	0.99984	   6.23	   7.45	 -0.167	0.99877			#	   1.21	  61.37	
    337	   5.53	   5.20	 -0.125	0.99966	   6.14	   5.38	 -0.156	0.99802			#	   1.00	  57.77	
    338	   4.28	   4.56	 -0.104	0.99979	   4.65	   4.74	 -0.159	0.99909			#	   0.71	  62.72	
    339	   4.56	   4.41	 -0.074	1.00010	   3.83	   4.09	 -0.105	0.99902			#	   0.76	  60.72	
    340	   6.04	   6.26	 -0.088	0.99997	   5.95	   5.58	 -0.129	0.99946			#	   1.31	  62.24	
    341	   4.47	   5.76	 -0.081	0.99960	   5.63	   6.24	 -0.117	0.99830			#	   0.85	  61.50	
    342	   3.51	   5.79	 -0.073	0.99992	   3.76	   5.24	 -0.114	0.99904			#	   0.70	  62.98	
    343	   2.39	   6.82	 -0.028	0.99976	   2.88	   6.68	 -0.070	0.99879			#	   0.77	  64.06	
    344	   2.77	   6.24	  0.022	0.99998	   2.00	   6.29	 -0.006	0.99888			#	   0.71	  61.89	
    345	   5.46	   7.30	  0.015	0.99981	   3.73	   6.36	 -0.003	0.99904			#	   1.35	  60.59	
    346	   6.41	   7.11	 -0.014	1.00014	   7.18	   8.26	 -0.071	0.99917			#	   1.53	  58.68	
    347	   6.65	   5.44	 -0.023	1.00087	   5.73	   6.04	 -0.064	0.99952			#	   1.26	  51.69	
    348	   7.00	   5.52	 -0.072	1.00068	   7.16	   6.07	 -0.092	1.00029			#	   1.41	  52.78	
    349	   5.73	   5.70	 -0.099	1.00179	   7.07	   4.61	 -0.161	0.99976			#	   1.22	  55.38	
    350	   5.38	   8.06	 -0.069	0.99982	   4.87	   8.42	 -0.113	0.99931			#	   1.27	  61.20	
    351	   6.54	   6.52	 -0.056	1.00006	   6.23	   7.04	 -0.110	0.99843			#	   1.68	  59.33	
    352	   7.23	   6.12	 -0.056	1.00066	   6.84	   6.65	 -0.110	1.00003			#	   1.62	  54.60	
    353	   7.61	   4.16	 -0.060	1.00072	   7.09	   5.90	 -0.108	1.00027			#	   1.67	  54.12	
    354	   8.24	   3.08	 -0.045	1.00166	   8.41	   3.46	 -0.115	1.00094			#	   1.85	  49.48	
    355	   7.74	   3.16	 -0.039	1.00272	   7.62	   4.90	 -0.090	1.00270			#	   1.77	  49.31	
    356	   8.00	   1.24	 -0.040	1.00272	   8.23	   1.08	 -0.091	1.00219			#	   1.65	  51.17	
    357	   5.27	   3.89	 -0.073	1.00082	   7.00	   3.49	 -0.082	1.00125			#	   1.12	  53.69	
    358	   3.80	   3.97	 -0.094	1.00110	   3.12	   4.62	 -0.112	1.00056			#	   0.49	  63.19	
    359	   5.54	   2.74	 -0.076	1.00154	   5.14	   2.85	 -0.130	1.00092			#	   0.80	  63.85	
    360	   4.81	   2.65	 -0.063	1.00023	   5.72	   3.04	 -0.108	1.00000			#	   0.71	  61.07	
    361	   2.84	   2.21	 -0.024	1.00000	   3.85	   2.63	 -0.058	0.99986			#	   0.34	  69.27	
    362	   0.68	   1.60	 -0.016	0.99882	   0.99	   1.08	  0.003	0.99864			#	   0.17	  68.84	
    363	   1.64	   2.24	 -0.051	0.99863	   1.08	   2.56	 -0.052	0.99841			#	   0.34	  69.31	
    364	   2.84	   1.75	 -0.096	0.99992	   2.42	   1.89	 -0.104	0.99917			#	   0.45	  69.27	
    365	   3.15	   2.32	 -0.118	0.99865	   3.14	   2.38	 -0.141	0.99902			#	   0.61	  69.31	
    366	   2.67	   0.87	 -0.103	0.99859	   3.33	   1.74	 -0.140	0.99814			#	   0.60	  69.14	
    367	   0.88	  -0.62	 -0.070	1.00007	   1.30	  -0.24	 -0.076	1.00002			#	   0.19	  69.62	
    368	   1.12	  -0.39	 -0.044	0.99994	   1.38	  -0.64	 -0.073	1.00009			#	   0.19	  70.10	
    369	   0.16	   0.71	 -0.015	1.00128	   0.22	  -0.51	 -0.023	1.00096			#	   0.16	  70.36	
    370	   1.57	   2.04	  0.002	1.00106	   1.34	   2.68	 -0.026	1.00085			#	   0.32	  68.97	
    371	  -1.87	   1.15	 -0.005	1.00029	   0.49	   0.07	  0.018	1.00020			#	   0.40	  68.58	
    372	  -4.29	   3.33	  0.021	1.00087	  -4.53	   3.09	  0.054	1.00027			#	   1.50	  67.49	
    373	  -2.59	   2.44	  0.024	1.00119	  -3.94	   2.89	  0.057	1.00055			#	   0.45	  71.01	
    374	   1.93	   3.34	  0.003	0.99993	   0.59	   2.68	 -0.013	0.99949			#	   0.40	  66.19	
    375	   2.36	   3.48	  0.024	1.00005	   2.65	   2.97	 -0.003	0.99988			#	   0.55	  66.41	
    376	   0.24	   3.58	 -0.001	0.99850	   1.14	   4.67	  0.024	0.99806			#	   0.41	  69.10	
    377	  -0.09	   0.91	 -0.000	0.99867	  -0.41	   1.86	 -0.010	0.99854			#	   0.11	  71.40	
    378	   1.08	  -0.68	  0.015	0.99978	   0.11	   0.65	  0.006	1.00006			#	   0.15	  71.09	
    379	   3.94	  -5.91	  0.031	0.99907	   3.85	  -4.83	 -0.104	0.99926			#	   1.52	  54.95	
    380	  -2.48	   1.89	  0.071	0.99828	   0.24	  -4.06	  0.123	1.00015			#	   0.36	  56.16	
    381	   0.70	   2.88	 -0.016	0.99979	  -1.48	   6.67	 -0.010	0.99830			#	   0.33	  70.83	
    382	   3.13	  -0.80	  0.019	0.99987	   3.39	  -1.60	  0.045	1.00016			#	   0.53	  57.90	
    383	   1.95	  -0.56	  0.040	1.00090	   3.73	  -0.78	  0.020	1.00114			#	   0.14	  53.86	
    384	  -6.02	  -0.01	  0.043	1.00029	  -5.47	  -0.61	  0.131	1.00001			#	   1.58	  65.28	
    385	  -0.26	   1.70	 -0.018	1.00008	  -1.19	   1.14	 -0.019	0.99986			#	   0.10	  73.65	
    386	   0.80	   1.26	  0.007	1.00001	   0.15	   1.59	 -0.016	0.99991			#	   0.09	  71.09	
    387	   1.33	   0.83	  0.020	0.99985	   2.15	   1.38	  0.005	0.99971			#	   0.14	  69.92	
    388	  -0.61	   0.41	  0.014	1.00020	  -0.11	  -0.10	  0.019	0.99989			#	   0.08	  74.26	
    389	  -1.66	   0.89	  0.021	1.00000	  -1.58	   1.10	  0.046	1.00025			#	   0.16	  70.40	
