      1	   1.21	 -23.13	  0.054	0.99911	   0.99	 -24.82	  0.054	1.00348			#	   2.41	  57.29	
      2	   1.38	 -19.88	  0.014	0.99911	   0.78	 -21.47	  0.018	1.00290			#	   1.95	  56.21	
      3	   2.88	 -15.56	 -0.021	0.99920	   2.61	 -18.85	 -0.015	1.00149			#	   1.42	  54.60	
      4	   1.17	  -8.75	 -0.051	0.99993	   3.04	 -11.28	 -0.034	1.00087			#	   0.48	  54.34	
      5	  -0.10	  -2.42	 -0.076	1.00169	  -0.87	  -5.71	 -0.085	1.00229			#	   0.10	  54.82	
      6	   0.28	   1.63	 -0.044	1.00117	   0.70	   1.46	 -0.065	1.00095			#	   0.02	  55.51	
      7	  -0.10	   1.95	 -0.014	1.00142	  -0.22	   1.50	 -0.017	1.00132			#	   0.02	  55.69	
      8	   0.27	   3.01	 -0.032	1.00140	   0.39	   2.53	 -0.028	1.00092			#	   0.06	  54.17	
      9	  -0.76	   3.13	 -0.032	1.00110	  -0.30	   3.87	 -0.042	1.00084			#	   0.12	  56.51	
     10	  -0.03	   1.25	 -0.010	1.00003	  -1.34	   1.55	 -0.005	0.99986			#	   0.06	  56.25	
     11	   1.45	   1.50	 -0.041	0.99939	   1.86	   0.83	 -0.047	0.99918			#	   0.08	  56.64	
     12	  -0.17	   3.24	 -0.043	0.99924	   0.30	   2.65	 -0.028	0.99863			#	   0.19	  55.25	
     13	  -0.27	   3.37	 -0.032	0.99923	  -0.53	   4.10	 -0.041	0.99888			#	   0.24	  57.29	
     14	   0.00	   0.80	 -0.006	0.99902	   0.25	   1.65	 -0.010	0.99823			#	   0.05	  57.12	
     15	  -0.99	   0.50	  0.010	0.99927	  -0.25	   0.42	  0.010	0.99958			#	   0.03	  58.42	
     16	  -2.52	  -0.01	  0.020	0.99912	  -2.61	  -0.23	  0.050	0.99864			#	   0.09	  57.94	
     17	  -1.41	   0.28	  0.017	0.99995	  -1.52	   0.56	  0.014	0.99959			#	   0.04	  57.47	
     18	  -0.18	   0.52	  0.035	0.99997	  -1.24	  -0.58	  0.049	0.99983			#	   0.02	  57.12	
     19	   1.07	   2.55	  0.009	0.99999	   0.99	   2.55	  0.001	0.99989			#	   0.17	  55.16	
     20	  -0.44	   1.03	  0.005	0.99986	   0.84	   2.36	 -0.006	0.99949			#	   0.06	  57.81	
     21	  -2.17	  -0.37	  0.021	0.99991	  -2.29	  -1.10	  0.056	0.99973			#	   0.07	  57.99	
     22	  -1.10	   1.61	 -0.027	0.99994	  -1.13	   1.17	 -0.020	0.99986			#	   0.07	  55.82	
     23	  -1.11	   0.56	 -0.004	0.99979	  -1.58	   1.45	 -0.007	0.99928			#	   0.06	  56.73	
     24	   1.39	  -0.44	  0.030	1.00011	   0.43	  -0.40	 -0.011	1.00019			#	   0.04	  58.03	
     25	   1.22	   0.76	  0.036	1.00011	   1.55	  -0.69	  0.061	0.99986			#	   0.06	  56.77	
     26	   0.06	   3.10	 -0.001	0.99999	   0.99	   2.67	 -0.005	0.99964			#	   0.17	  55.03	
     27	  -1.02	   4.26	  0.011	0.99951	  -0.53	   3.65	  0.011	0.99845			#	   0.33	  53.95	
     28	  -2.41	   4.35	  0.003	0.99964	  -1.51	   4.83	  0.021	0.99855			#	   0.40	  55.34	
     29	  -2.77	   3.17	  0.015	0.99918	  -2.86	   2.78	  0.027	0.99758			#	   0.28	  55.86	
     30	  -1.96	   3.91	  0.015	1.00022	  -2.01	   4.24	  0.024	0.99972			#	   0.31	  55.12	
     31	  -1.53	   2.85	  0.015	0.99986	  -1.28	   2.85	  0.042	0.99917			#	   0.18	  58.16	
     32	  -2.11	   4.59	 -0.037	0.99987	  -1.80	   3.49	 -0.001	0.99910			#	   0.35	  57.16	
     33	  -2.20	   6.49	 -0.070	0.99966	  -2.07	   5.39	 -0.052	0.99824			#	   0.71	  56.68	
     34	  -2.95	   7.90	 -0.048	0.99965	  -2.25	   7.71	 -0.049	0.99810			#	   1.05	  57.68	
     35	  -2.51	   8.15	 -0.003	0.99967	  -3.57	   7.27	  0.024	0.99783			#	   0.90	  57.94	
     36	   0.05	  10.36	 -0.031	0.99987	  -0.34	   9.63	 -0.031	0.99809			#	   1.32	  58.94	
     37	  -2.02	  10.16	 -0.040	0.99959	   0.10	  10.78	 -0.039	0.99766			#	   1.05	  58.64	
     38	  -5.12	   8.68	 -0.019	0.99957	  -4.24	   9.27	  0.010	0.99778			#	   0.87	  60.20	
     39	  -5.21	   7.03	  0.003	0.99922	  -5.58	   7.49	  0.054	0.99734			#	   0.76	  58.98	
     40	  -2.15	   6.34	 -0.019	0.99963	  -3.46	   5.58	  0.001	0.99791			#	   0.46	  60.55	
     41	   0.04	   7.65	 -0.031	1.00000	  -0.71	   7.64	 -0.041	0.99893			#	   0.64	  61.15	
     42	   0.59	   7.78	 -0.024	0.99982	   0.75	   7.54	 -0.027	0.99857			#	   0.69	  62.54	
     43	  -1.20	   7.64	 -0.038	0.99971	   0.15	   8.13	 -0.027	0.99836			#	   0.76	  63.11	
     44	  -2.93	   6.76	 -0.025	0.99970	  -2.76	   6.41	  0.002	0.99809			#	   0.70	  61.59	
     45	  -2.41	   7.91	 -0.020	0.99951	  -2.49	   7.18	 -0.003	0.99785			#	   0.91	  64.54	
     46	  -2.63	   8.73	 -0.009	0.99964	  -2.75	   8.30	  0.019	0.99803			#	   0.98	  63.67	
     47	  -1.49	   9.18	  0.005	0.99954	  -1.72	   8.72	 -0.006	0.99737			#	   1.03	  63.67	
     48	  -1.55	   9.85	  0.017	0.99991	  -1.18	   9.87	  0.013	0.99835			#	   1.14	  64.97	
     49	  -2.40	   9.33	  0.037	0.99974	  -2.18	   9.94	  0.035	0.99811			#	   1.09	  65.19	
     50	  -3.73	   7.32	  0.053	0.99935	  -2.39	   7.35	  0.107	0.99729			#	   0.85	  64.28	
     51	  -4.13	   8.40	  0.002	0.99947	  -4.28	   8.02	  0.032	0.99767			#	   1.04	  64.06	
     52	  -4.91	   7.15	  0.008	0.99936	  -3.72	   7.80	  0.026	0.99743			#	   0.88	  63.63	
     53	  -5.48	   6.13	  0.036	0.99905	  -5.77	   5.70	  0.084	0.99717			#	   0.70	  64.02	
     54	  -3.35	   6.68	  0.011	0.99949	  -3.97	   6.57	  0.029	0.99780			#	   0.52	  66.02	
     55	  -2.54	   6.98	  0.017	0.99967	  -2.43	   6.19	  0.035	0.99797			#	   0.55	  67.45	
     56	  -3.64	   8.84	  0.010	0.99975	  -2.60	   8.48	  0.024	0.99833			#	   0.90	  68.10	
     57	  -5.16	   9.20	  0.027	0.99926	  -4.40	   8.51	  0.069	0.99684			#	   1.09	  64.67	
     58	  -6.08	   9.53	  0.028	0.99888	  -5.18	  10.10	  0.039	0.99706			#	   1.26	  62.37	
     59	  -7.66	   6.58	  0.062	0.99864	  -6.63	   6.32	  0.139	0.99592			#	   0.90	  60.24	
     60	  -7.13	   8.53	  0.050	0.99903	  -7.34	   6.84	  0.085	0.99699			#	   1.06	  61.94	
     61	  -6.30	   9.63	  0.082	0.99861	  -6.44	   9.81	  0.087	0.99674			#	   1.19	  58.46	
     62	  -5.71	   6.97	  0.114	0.99932	  -5.56	   7.80	  0.156	0.99689			#	   0.69	  66.45	
     63	  -5.68	   6.37	  0.108	0.99938	  -5.13	   5.74	  0.147	0.99728			#	   0.63	  66.67	
     64	  -5.93	   8.07	  0.100	0.99912	  -5.67	   6.80	  0.145	0.99697			#	   1.03	  64.76	
     65	  -6.47	   8.44	  0.092	0.99906	  -5.38	   9.14	  0.110	0.99671			#	   1.24	  63.28	
     66	  -7.05	   7.08	  0.128	0.99883	  -6.92	   5.73	  0.199	0.99627			#	   1.07	  60.63	
     67	  -6.68	  10.11	  0.103	0.99878	  -6.03	   8.96	  0.124	0.99670			#	   1.64	  58.29	
     68	  -8.65	   9.73	  0.112	0.99827	  -7.13	   9.43	  0.162	0.99572			#	   1.44	  56.64	
     69	 -10.76	   8.28	  0.115	0.99742	  -9.74	   8.44	  0.189	0.99548			#	   1.58	  52.91	
     70	 -11.07	   6.76	  0.129	0.99741	 -11.45	   5.43	  0.210	0.99546			#	   1.41	  52.91	
     71	  -8.81	   6.43	  0.148	0.99800	  -9.61	   5.87	  0.187	0.99584			#	   1.09	  55.47	
     72	  -7.44	   7.24	  0.148	0.99837	  -7.39	   6.67	  0.180	0.99693			#	   1.01	  57.77	
     73	  -7.37	   5.13	  0.150	0.99870	  -7.34	   5.34	  0.216	0.99637			#	   0.86	  57.60	
     74	  -6.72	   5.27	  0.127	0.99897	  -6.36	   4.68	  0.173	0.99764			#	   0.76	  60.89	
     75	  -6.85	   5.47	  0.100	0.99903	  -7.35	   4.28	  0.199	0.99720			#	   0.92	  59.59	
     76	  -3.63	   8.67	  0.023	0.99936	  -4.48	   6.82	  0.048	0.99736			#	   1.18	  69.31	
     77	  -4.61	   9.00	  0.030	0.99949	  -3.30	  10.96	  0.024	0.99751			#	   1.26	  69.18	
     78	  -5.56	   5.63	  0.083	0.99951	  -5.64	   5.58	  0.134	0.99759			#	   0.67	  67.66	
     79	  -4.67	   6.17	  0.070	0.99960	  -4.82	   5.66	  0.108	0.99783			#	   0.73	  67.66	
     80	  -5.79	   7.03	  0.066	0.99952	  -4.34	   7.27	  0.079	0.99784			#	   1.05	  67.36	
     81	  -7.85	   5.33	  0.089	0.99869	  -7.12	   5.19	  0.163	0.99691			#	   1.00	  57.47	
     82	  -7.81	   5.82	  0.065	0.99853	  -7.90	   4.43	  0.128	0.99711			#	   1.12	  59.85	
     83	  -6.59	   6.48	  0.081	0.99894	  -7.36	   6.07	  0.117	0.99717			#	   1.22	  62.98	
     84	  -4.83	   6.05	  0.068	0.99941	  -4.80	   6.48	  0.098	0.99763			#	   0.87	  70.70	
     85	  -5.69	   4.79	  0.045	0.99958	  -5.03	   5.22	  0.089	0.99794			#	   0.86	  70.53	
     86	  -5.81	   3.92	  0.061	0.99967	  -5.69	   3.98	  0.095	0.99831			#	   0.78	  69.92	
     87	  -6.55	   3.45	  0.072	0.99881	  -5.50	   3.46	  0.103	0.99800			#	   0.82	  62.80	
     88	  -7.91	   2.75	  0.089	0.99852	  -7.84	   2.57	  0.138	0.99796			#	   0.99	  61.89	
     89	  -7.57	   1.62	  0.099	0.99864	  -7.25	   1.03	  0.160	0.99722			#	   0.89	  63.24	
     90	  -6.80	   3.41	  0.082	0.99908	  -7.38	   2.25	  0.118	0.99849			#	   0.77	  61.41	
     91	  -6.40	   3.56	  0.113	0.99916	  -6.05	   3.68	  0.128	0.99814			#	   0.65	  69.23	
     92	  -6.84	   2.87	  0.124	0.99886	  -6.09	   2.89	  0.163	0.99781			#	   0.76	  63.93	
     93	  -8.25	   2.49	  0.134	0.99846	  -7.25	   1.29	  0.189	0.99751			#	   1.19	  60.68	
     94	  -9.75	   4.43	  0.132	0.99776	  -8.66	   2.86	  0.198	0.99706			#	   1.43	  56.90	
     95	 -11.03	   4.83	  0.120	0.99742	 -11.10	   3.69	  0.204	0.99652			#	   1.56	  54.21	
     96	 -10.07	   3.73	  0.123	0.99763	 -10.32	   3.52	  0.176	0.99648			#	   1.01	  57.03	
     97	  -8.94	   3.78	  0.107	0.99820	  -9.72	   2.25	  0.190	0.99699			#	   0.83	  58.38	
     98	  -6.70	   5.46	  0.093	0.99994	  -7.29	   4.03	  0.131	0.99839			#	   0.69	  61.37	
     99	  -5.87	   6.87	  0.083	0.99952	  -6.03	   6.18	  0.133	0.99758			#	   0.75	  71.92	
    100	  -5.48	   7.78	  0.074	0.99960	  -5.07	   7.24	  0.107	0.99756			#	   0.85	  72.70	
    101	  -6.09	   8.91	  0.069	0.99937	  -5.53	   8.91	  0.109	0.99772			#	   1.27	  67.62	
    102	  -7.61	   7.41	  0.061	0.99849	  -6.49	   7.35	  0.123	0.99663			#	   1.31	  59.64	
    103	  -8.33	   6.96	  0.034	0.99962	  -8.61	   5.86	  0.109	0.99775			#	   1.19	  57.34	
    104	  -7.67	   6.81	  0.055	0.99964	  -7.45	   6.61	  0.083	0.99800			#	   1.09	  58.85	
    105	  -8.01	   5.91	  0.080	1.00016	  -7.94	   5.60	  0.143	0.99824			#	   1.08	  61.28	
    106	  -7.44	   6.36	  0.066	0.99842	  -7.41	   5.44	  0.122	0.99717			#	   0.94	  60.20	
    107	  -7.66	   5.84	  0.065	0.99718	  -7.37	   6.34	  0.092	0.99632			#	   0.97	  59.98	
    108	  -8.61	   3.74	  0.094	0.99678	  -8.26	   3.33	  0.140	0.99583			#	   0.96	  58.72	
    109	  -8.54	   3.69	  0.110	0.99670	  -8.66	   2.82	  0.161	0.99585			#	   1.02	  57.29	
    110	  -8.51	   3.51	  0.113	0.99679	  -8.30	   3.32	  0.158	0.99622			#	   1.09	  57.29	
    111	  -9.08	   2.87	  0.111	0.99802	  -8.97	   1.79	  0.178	0.99723			#	   1.35	  57.25	
    112	  -9.82	   3.04	  0.113	0.99892	  -9.00	   2.07	  0.176	0.99822			#	   1.30	  54.73	
    113	 -10.60	   3.51	  0.098	0.99845	 -10.76	   2.10	  0.184	0.99790			#	   1.28	  51.52	
    114	 -10.19	   3.55	  0.084	0.99890	 -10.49	   2.39	  0.155	0.99788			#	   1.44	  54.04	
    115	  -9.34	   3.12	  0.088	0.99908	  -9.47	   2.69	  0.139	0.99786			#	   1.16	  50.78	
    116	  -8.55	   4.14	  0.065	0.99800	  -9.37	   2.15	  0.152	0.99722			#	   0.98	  52.47	
    117	  -7.42	   5.88	  0.006	0.99760	  -7.60	   4.77	  0.071	0.99594			#	   0.86	  62.98	
    118	  -6.30	   7.23	 -0.005	0.99757	  -6.89	   6.85	  0.029	0.99616			#	   1.04	  62.93	
    119	  -5.29	   5.87	  0.010	0.99806	  -4.98	   6.80	  0.024	0.99617			#	   0.72	  69.31	
    120	  -6.08	   4.52	  0.042	0.99814	  -5.49	   4.11	  0.080	0.99652			#	   0.64	  65.89	
    121	  -7.67	   5.01	  0.053	0.99883	  -6.16	   5.08	  0.095	0.99759			#	   0.95	  62.54	
    122	  -9.61	   4.14	  0.053	0.99938	  -8.79	   3.40	  0.117	0.99754			#	   1.41	  57.03	
    123	 -10.84	   4.67	  0.038	0.99815	 -10.29	   3.31	  0.130	0.99754			#	   1.50	  51.82	
    124	 -10.55	   5.61	  0.023	0.99807	 -11.46	   3.82	  0.113	0.99686			#	   1.43	  52.13	
    125	  -8.26	   6.08	  0.022	0.99882	  -9.11	   5.56	  0.061	0.99737			#	   1.00	  58.16	
    126	  -8.09	   5.15	  0.015	0.99931	  -7.69	   4.96	  0.083	0.99764			#	   0.97	  61.15	
    127	  -7.43	   5.14	  0.011	0.99947	  -7.73	   4.71	  0.051	0.99773			#	   0.81	  61.89	
    128	  -5.76	   5.19	  0.021	0.99917	  -6.32	   4.79	  0.061	0.99794			#	   0.60	  65.49	
    129	  -5.47	   4.48	  0.016	0.99918	  -4.97	   4.57	  0.059	0.99783			#	   0.56	  66.49	
    130	  -6.66	   4.53	  0.009	0.99915	  -5.69	   4.30	  0.055	0.99804			#	   0.77	  63.98	
    131	  -7.38	   3.77	  0.005	0.99888	  -7.21	   3.65	  0.073	0.99778			#	   0.92	  63.85	
    132	  -6.89	   4.19	 -0.017	0.99891	  -6.52	   3.15	  0.029	0.99774			#	   1.01	  63.63	
    133	  -6.73	   4.69	  0.014	0.99916	  -7.49	   4.39	  0.059	0.99786			#	   0.91	  65.76	
    134	  -3.58	   4.73	  0.019	0.99941	  -4.41	   4.56	  0.035	0.99799			#	   0.51	  68.71	
    135	  -2.93	   4.98	  0.022	0.99952	  -2.54	   4.75	  0.036	0.99839			#	   0.51	  68.62	
    136	  -4.27	   4.74	  0.020	0.99935	  -3.49	   4.93	  0.055	0.99834			#	   0.60	  69.57	
    137	  -5.78	   3.68	 -0.001	0.99915	  -4.53	   4.01	  0.038	0.99826			#	   0.80	  66.67	
    138	  -7.91	   2.91	  0.002	0.99890	  -7.16	   2.00	  0.078	0.99800			#	   1.39	  62.72	
    139	  -9.61	   3.85	 -0.018	0.99806	  -8.21	   3.20	  0.039	0.99751			#	   1.32	  60.63	
    140	 -10.96	   2.99	  0.003	0.99771	 -10.96	   2.12	  0.078	0.99668			#	   1.34	  57.81	
    141	  -9.70	   2.88	  0.031	0.99799	  -9.81	   2.27	  0.066	0.99698			#	   1.13	  55.47	
    142	 -10.12	   2.24	  0.052	0.99791	  -9.69	   1.67	  0.108	0.99707			#	   1.30	  58.42	
    143	 -10.16	   2.10	  0.056	0.99780	 -10.02	   0.98	  0.122	0.99721			#	   1.47	  57.34	
    144	 -10.56	   2.31	  0.043	0.99761	  -9.89	   1.11	  0.121	0.99681			#	   1.59	  55.99	
    145	 -11.28	   2.95	  0.041	0.99722	 -10.86	   2.14	  0.091	0.99702			#	   1.38	  53.52	
    146	 -12.35	   1.48	  0.050	0.99708	 -11.57	   0.76	  0.129	0.99606			#	   1.54	  53.73	
    147	 -12.86	   1.49	  0.037	0.99715	 -12.47	  -0.24	  0.129	0.99611			#	   1.86	  51.69	
    148	 -12.10	   2.64	  0.029	0.99725	 -12.75	   1.09	  0.109	0.99643			#	   1.64	  52.65	
    149	 -10.26	   3.27	  0.041	0.99757	 -10.82	   1.98	  0.092	0.99661			#	   1.19	  53.34	
    150	  -8.93	   3.61	  0.049	0.99848	  -9.45	   2.69	  0.109	0.99706			#	   0.86	  56.29	
    151	  -8.51	   4.20	  0.040	0.99801	  -8.05	   3.66	  0.093	0.99715			#	   0.81	  57.38	
    152	  -8.74	   2.89	  0.044	0.99827	  -8.78	   3.04	  0.095	0.99742			#	   0.95	  56.64	
    153	  -8.99	   1.35	  0.053	0.99813	  -8.43	   0.61	  0.120	0.99747			#	   0.92	  56.16	
    154	  -9.97	   1.92	  0.054	0.99772	  -9.13	   1.14	  0.086	0.99727			#	   1.30	  54.21	
    155	 -11.57	   0.96	  0.076	0.99737	 -10.91	  -0.20	  0.164	0.99673			#	   1.92	  53.26	
    156	 -11.93	   2.06	  0.047	0.99701	 -11.86	   0.13	  0.135	0.99657			#	   1.27	  51.91	
    157	 -10.96	   2.57	  0.040	0.99735	 -11.32	   1.61	  0.102	0.99645			#	   1.49	  53.17	
    158	 -10.12	   3.21	  0.049	0.99755	 -10.61	   1.45	  0.122	0.99677			#	   1.16	  52.17	
    159	  -9.11	   4.17	  0.053	0.99785	  -9.34	   3.36	  0.099	0.99702			#	   0.98	  53.69	
    160	  -8.32	   3.61	  0.070	0.99812	  -8.83	   2.99	  0.127	0.99718			#	   0.86	  54.04	
    161	  -8.17	   3.57	  0.052	0.99837	  -7.80	   2.83	  0.113	0.99740			#	   1.02	  53.73	
    162	  -7.87	   4.24	  0.047	0.99846	  -8.72	   3.03	  0.107	0.99749			#	   0.96	  54.34	
    163	  -7.03	   4.35	  0.046	0.99847	  -6.62	   4.47	  0.082	0.99778			#	   0.92	  53.73	
    164	  -8.34	   2.49	  0.056	0.99830	  -7.79	   2.38	  0.114	0.99746			#	   1.07	  53.78	
    165	  -9.19	   2.54	  0.054	0.99808	  -8.25	   1.37	  0.101	0.99761			#	   1.18	  52.73	
    166	 -11.59	   3.52	  0.050	0.99731	 -10.94	   1.57	  0.155	0.99657			#	   1.87	  49.83	
    167	 -10.53	   3.83	  0.035	0.99761	 -11.56	   3.27	  0.109	0.99681			#	   1.07	  50.65	
    168	  -9.02	   3.42	  0.030	0.99672	  -9.22	   2.51	  0.067	0.99599			#	   1.12	  51.30	
    169	  -9.00	   3.27	  0.045	0.99652	  -9.54	   3.07	  0.114	0.99591			#	   1.02	  51.48	
    170	  -6.81	   1.47	  0.036	0.99931	  -7.44	   1.44	  0.077	0.99745			#	   0.56	  62.63	
    171	  -6.84	   1.37	  0.044	1.00083	  -5.48	   1.41	  0.076	0.99943			#	   0.56	  61.63	
    172	  -7.85	   0.51	  0.046	1.00041	  -7.57	   0.58	  0.111	0.99905			#	   0.75	  60.33	
    173	  -7.03	   0.25	  0.036	1.00050	  -6.31	   0.03	  0.060	0.99941			#	   0.67	  59.29	
    174	  -8.76	   0.01	  0.042	0.99836	  -7.55	  -1.05	  0.120	0.99773			#	   1.01	  53.86	
    175	  -8.60	   1.10	  0.017	0.99670	  -8.97	   0.13	  0.077	0.99670			#	   0.90	  50.91	
    176	  -8.13	   1.06	  0.012	0.99690	  -8.14	   0.20	  0.054	0.99639			#	   1.07	  51.74	
    177	  -7.88	   1.04	  0.040	0.99680	  -7.45	   0.70	  0.059	0.99643			#	   1.04	  50.17	
    178	  -8.84	   0.92	  0.041	0.99810	  -8.03	  -0.24	  0.103	0.99728			#	   1.21	  50.52	
    179	 -10.03	   2.69	  0.018	0.99812	 -10.00	   0.91	  0.103	0.99809			#	   1.47	  47.92	
    180	  -8.76	   2.70	  0.014	0.99850	  -9.34	   1.99	  0.066	0.99769			#	   0.91	  46.70	
    181	  -8.64	   2.11	  0.019	0.99853	  -8.01	   1.44	  0.063	0.99771			#	   0.89	  49.65	
    182	  -9.61	   2.05	  0.026	0.99805	  -9.54	   1.15	  0.089	0.99793			#	   1.07	  48.31	
    183	  -8.75	   1.24	  0.022	0.99871	  -9.27	   0.54	  0.076	0.99799			#	   0.91	  48.91	
    184	  -8.51	   1.66	  0.018	0.99857	  -7.79	   0.57	  0.069	0.99811			#	   0.85	  49.39	
    185	  -9.27	   1.54	  0.025	0.99809	  -9.08	   0.76	  0.082	0.99781			#	   1.31	  46.66	
    186	  -8.98	   0.12	  0.044	0.99829	  -9.24	  -0.20	  0.092	0.99795			#	   1.05	  47.05	
    187	  -8.69	  -1.06	  0.053	0.99792	  -8.26	  -1.23	  0.087	0.99781			#	   1.05	  46.35	
    188	  -9.76	  -1.26	  0.055	0.99725	  -8.90	  -2.77	  0.118	0.99761			#	   1.23	  45.36	
    189	 -10.82	  -1.15	  0.061	0.99683	 -10.29	  -2.17	  0.109	0.99682			#	   1.40	  43.49	
    190	 -12.08	  -0.96	  0.090	0.99647	 -10.92	  -2.81	  0.139	0.99667			#	   1.64	  41.71	
    191	 -13.92	   0.21	  0.084	0.99563	 -13.53	  -2.10	  0.180	0.99593			#	   1.93	  39.97	
    192	 -14.38	   0.26	  0.058	0.99555	 -14.33	  -0.85	  0.130	0.99549			#	   1.87	  38.28	
    193	 -13.38	  -1.14	  0.092	0.99554	 -14.01	  -2.24	  0.129	0.99577			#	   1.33	  38.67	
    194	 -12.57	  -2.86	  0.135	0.99614	 -12.84	  -3.55	  0.193	0.99607			#	   1.75	  37.72	
    195	 -11.97	  -3.44	  0.131	0.99637	 -11.85	  -5.01	  0.200	0.99687			#	   1.39	  38.06	
    196	 -11.58	  -2.22	  0.074	0.99640	 -11.41	  -4.42	  0.159	0.99637			#	   1.37	  37.98	
    197	 -12.32	  -0.61	  0.060	0.99623	 -11.45	  -2.40	  0.109	0.99654			#	   1.30	  37.98	
    198	 -12.44	  -0.44	  0.069	0.99589	 -12.63	  -1.67	  0.121	0.99591			#	   1.53	  35.46	
    199	 -12.83	  -1.13	  0.084	0.99617	 -12.12	  -2.59	  0.130	0.99570			#	   1.48	  35.72	
    200	 -12.90	  -0.12	  0.113	0.99584	 -13.28	  -2.19	  0.182	0.99612			#	   1.44	  34.11	
    201	 -11.79	   1.16	  0.101	0.99631	 -11.95	  -1.02	  0.162	0.99607			#	   1.43	  35.11	
    202	 -11.04	   0.83	  0.092	0.99662	 -11.77	   0.06	  0.180	0.99544			#	   1.37	  37.02	
    203	  -7.80	   1.05	  0.030	0.99905	  -8.35	   0.21	  0.077	0.99693			#	   0.65	  49.74	
    204	  -6.47	   2.34	  0.020	0.99916	  -5.88	   2.32	  0.026	0.99771			#	   0.44	  50.22	
    205	  -7.73	   1.51	  0.032	0.99922	  -6.10	   1.35	  0.072	0.99722			#	   0.62	  48.48	
    206	  -9.51	   2.57	  0.017	0.99794	  -8.11	   1.21	  0.076	0.99702			#	   0.74	  41.88	
    207	  -9.90	   2.10	 -0.001	0.99775	  -8.82	   2.16	  0.046	0.99560			#	   0.96	  40.89	
    208	  -9.89	   1.65	  0.003	0.99802	  -9.16	   0.59	  0.040	0.99678			#	   1.33	  41.93	
    209	  -9.70	   1.58	  0.026	0.99769	  -9.06	   1.58	  0.057	0.99640			#	   1.18	  40.67	
    210	  -9.05	  -0.33	  0.059	0.99933	  -8.75	  -0.13	  0.086	0.99674			#	   0.96	  42.93	
    211	  -9.49	   0.39	  0.042	1.00007	  -9.02	   0.39	  0.071	0.99809			#	   0.96	  45.40	
    212	  -9.21	   0.49	  0.041	1.00007	  -9.72	   1.01	  0.075	0.99784			#	   1.00	  44.57	
    213	  -7.87	  -0.11	  0.018	0.99990	  -8.20	   0.48	  0.040	0.99796			#	   0.94	  47.92	
    214	  -8.27	  -0.32	  0.018	0.99966	  -6.92	  -0.62	  0.040	0.99758			#	   1.03	  46.88	
    215	  -9.24	   1.18	  0.008	1.00069	 -10.34	   1.05	  0.044	0.99869			#	   0.90	  41.84	
    216	  -7.84	   1.59	 -0.010	1.00033	  -7.87	   3.12	 -0.018	0.99796			#	   1.00	  43.79	
    217	  -8.74	   0.85	 -0.008	1.00032	  -8.39	   0.62	  0.030	0.99782			#	   1.39	  44.40	
    218	  -9.39	   2.91	 -0.008	1.00016	  -9.15	   1.74	  0.027	0.99726			#	   1.11	  42.71	
    219	  -9.56	   5.48	 -0.010	1.00040	  -9.90	   6.02	 -0.011	0.99738			#	   1.26	  40.28	
    220	  -8.24	   5.32	 -0.009	1.00009	  -9.00	   6.04	 -0.004	0.99710			#	   1.04	  42.58	
    221	  -8.39	   3.48	 -0.013	0.99998	  -7.54	   4.55	  0.029	0.99685			#	   0.94	  43.45	
    222	 -10.06	   3.02	 -0.033	1.00025	  -9.64	   4.10	 -0.019	0.99766			#	   1.53	  41.88	
    223	 -11.41	   0.77	 -0.025	1.00045	 -10.73	   2.18	  0.012	0.99706			#	   1.47	  39.71	
    224	 -12.33	   0.64	 -0.045	1.00085	 -12.60	   1.13	 -0.015	0.99798			#	   1.34	  37.54	
    225	 -11.03	   1.69	 -0.028	1.00059	 -12.63	   1.72	 -0.012	0.99766			#	   1.07	  39.97	
    226	  -7.88	   3.19	 -0.026	0.99946	  -8.54	   2.69	 -0.007	0.99648			#	   0.89	  44.40	
    227	  -7.99	   4.64	 -0.036	0.99996	  -6.95	   4.23	 -0.015	0.99701			#	   1.23	  45.49	
    228	 -10.42	   4.91	 -0.027	1.00052	 -10.21	   6.16	 -0.020	0.99734			#	   1.56	  40.02	
    229	 -10.70	   3.59	 -0.005	1.00022	 -10.71	   4.04	  0.026	0.99653			#	   1.41	  38.72	
    230	 -10.92	   3.54	 -0.025	1.00025	 -10.69	   4.87	 -0.019	0.99690			#	   1.50	  39.84	
    231	 -11.19	   1.55	 -0.013	0.99997	 -10.85	   2.76	  0.001	0.99668			#	   1.60	  40.45	
    232	 -12.25	   0.97	  0.003	0.99978	 -11.50	   1.20	  0.042	0.99697			#	   1.72	  40.76	
    233	 -12.67	   1.24	  0.001	0.99927	 -11.98	   1.36	  0.016	0.99579			#	   1.55	  37.28	
    234	 -13.23	   1.65	  0.020	0.99891	 -12.82	   1.56	  0.056	0.99615			#	   1.96	  37.11	
    235	 -11.84	   1.77	 -0.000	0.99868	 -11.61	   1.97	  0.012	0.99534			#	   1.54	  39.15	
    236	 -11.98	   0.97	  0.027	0.99900	 -10.92	   1.23	  0.062	0.99586			#	   1.31	  39.11	
    237	 -12.63	   1.56	  0.032	0.99915	 -12.02	   1.61	  0.069	0.99647			#	   1.49	  38.50	
    238	 -10.91	   1.11	  0.015	0.99905	 -11.88	   1.51	  0.047	0.99638			#	   1.43	  40.06	
    239	  -7.55	  -0.09	  0.038	0.99938	  -8.32	   0.88	  0.051	0.99733			#	   0.74	  48.65	
    240	  -6.06	  -0.98	  0.042	0.99990	  -5.65	  -1.22	  0.069	0.99797			#	   0.48	  46.01	
    241	  -7.56	   1.17	  0.013	1.00007	  -6.88	   0.66	  0.048	0.99877			#	   0.61	  49.26	
    242	  -7.61	   1.03	 -0.014	0.99971	  -7.67	   1.95	  0.032	0.99749			#	   0.59	  50.17	
    243	  -6.48	  -0.29	 -0.035	0.99964	  -6.17	   0.25	 -0.033	0.99755			#	   0.56	  49.39	
    244	  -9.30	   0.88	  0.011	0.99944	  -6.50	  -0.74	  0.036	0.99748			#	   1.42	  42.27	
    245	 -13.46	   3.47	  0.019	0.99841	 -11.94	   3.18	  0.074	0.99627			#	   1.63	  36.41	
    246	 -12.54	   2.04	  0.014	0.99841	 -13.02	   2.93	  0.057	0.99531			#	   1.30	  38.98	
    247	  -9.02	   0.60	  0.018	0.99932	  -9.76	   1.78	  0.024	0.99680			#	   0.85	  47.01	
    248	  -8.19	  -1.50	  0.032	0.99962	  -7.00	  -0.97	  0.072	0.99685			#	   0.74	  46.92	
    249	 -10.54	  -0.24	  0.004	0.99852	  -7.81	  -1.33	  0.038	0.99699			#	   1.14	  42.14	
    250	 -14.69	   0.76	  0.018	0.99680	 -12.30	  -0.27	  0.107	0.99525			#	   1.92	  35.98	
    251	 -16.13	   1.17	 -0.025	0.99633	 -14.66	   0.06	  0.061	0.99400			#	   2.09	  34.68	
    252	 -15.10	   0.65	 -0.029	0.99667	 -15.39	  -0.32	  0.048	0.99392			#	   1.41	  36.37	
    253	 -11.27	   0.37	 -0.017	0.99819	 -11.84	   0.92	 -0.023	0.99524			#	   0.75	  39.80	
    254	  -8.38	   0.29	  0.022	0.99635	  -9.12	  -0.51	  0.065	0.99405			#	   0.59	  48.26	
    255	  -5.28	   1.89	  0.001	0.99807	  -5.59	   1.78	  0.017	0.99662			#	   0.35	  53.47	
    256	  -5.33	   2.10	  0.014	0.99814	  -3.76	   2.22	  0.029	0.99633			#	   0.42	  51.56	
    257	  -7.73	   1.84	  0.013	0.99938	  -6.26	   2.09	  0.042	0.99763			#	   0.58	  48.39	
    258	  -9.85	  -0.57	  0.042	1.00041	  -8.10	   1.34	  0.068	0.99787			#	   1.12	  43.62	
    259	 -11.40	  -3.45	  0.059	0.99933	  -9.29	  -3.02	  0.121	0.99731			#	   1.48	  39.84	
    260	 -11.97	  -3.72	  0.073	0.99871	  -9.69	  -4.78	  0.097	0.99667			#	   1.53	  35.72	
    261	 -14.78	  -1.34	  0.086	0.99649	 -12.75	  -3.31	  0.158	0.99568			#	   1.56	  34.59	
    262	 -13.88	  -0.43	  0.073	0.99477	 -13.34	  -1.32	  0.125	0.99262			#	   1.63	  34.59	
    263	 -12.82	  -0.04	  0.088	0.99539	 -10.92	  -1.16	  0.130	0.99327			#	   1.26	  34.81	
    264	 -13.01	  -0.28	  0.093	0.99498	 -12.05	  -0.30	  0.166	0.99352			#	   1.08	  33.42	
    265	 -11.98	  -2.58	  0.073	0.99654	 -10.26	  -2.49	  0.120	0.99482			#	   0.96	  34.94	
    266	 -13.23	  -3.36	  0.063	0.99696	 -10.65	  -5.04	  0.145	0.99582			#	   1.53	  33.68	
    267	 -15.15	  -2.02	  0.032	0.99631	 -13.29	  -3.52	  0.123	0.99533			#	   1.55	  32.73	
    268	 -13.60	  -2.57	  0.050	0.99651	 -13.50	  -4.00	  0.122	0.99466			#	   1.24	  32.51	
    269	 -11.04	  -1.26	  0.016	0.99742	  -9.63	  -2.18	  0.048	0.99564			#	   0.78	  35.85	
    270	 -11.60	  -0.11	  0.010	0.99764	  -9.96	  -2.15	  0.087	0.99654			#	   0.91	  30.95	
    271	 -10.99	   1.01	  0.003	0.99713	 -10.08	   0.37	  0.053	0.99560			#	   0.88	  35.55	
    272	 -11.07	   0.34	  0.028	0.99762	  -9.62	  -0.15	  0.069	0.99647			#	   0.78	  36.11	
    273	 -11.37	  -0.35	  0.048	0.99731	  -9.54	  -1.40	  0.120	0.99603			#	   0.90	  34.94	
    274	 -11.02	  -1.12	  0.021	0.99665	 -10.23	  -1.54	  0.096	0.99514			#	   1.11	  34.11	
    275	 -10.54	  -1.09	  0.013	0.99735	  -9.33	  -2.12	  0.060	0.99672			#	   1.03	  34.77	
    276	 -11.17	  -0.84	  0.028	0.99656	  -9.61	  -2.72	  0.111	0.99583			#	   1.23	  32.60	
    277	 -10.63	   0.72	 -0.010	0.99701	 -10.31	   0.21	  0.044	0.99558			#	   1.03	  35.24	
    278	 -10.05	  -0.94	 -0.004	0.99769	  -8.72	  -1.12	  0.055	0.99645			#	   0.87	  37.20	
    279	  -9.41	  -0.94	  0.005	0.99757	  -8.48	  -1.00	  0.044	0.99643			#	   0.83	  36.94	
    280	 -10.76	  -3.81	  0.037	0.99752	  -8.59	  -3.04	  0.119	0.99654			#	   1.31	  35.55	
    281	 -10.87	  -5.37	  0.021	0.99746	  -9.42	  -5.98	  0.092	0.99640			#	   1.37	  32.73	
    282	 -10.39	  -6.12	 -0.021	0.99758	  -9.87	  -5.77	  0.042	0.99669			#	   1.26	  33.16	
    283	  -8.47	  -7.16	  0.016	0.99839	  -7.69	  -7.71	  0.075	0.99856			#	   1.16	  36.94	
    284	  -8.99	  -6.16	  0.020	0.99830	  -7.34	  -7.31	  0.073	0.99801			#	   1.10	  36.24	
    285	  -9.94	  -3.61	  0.010	0.99822	  -9.18	  -4.78	  0.093	0.99736			#	   0.90	  34.98	
    286	  -8.41	  -2.52	 -0.015	0.99835	  -8.64	  -2.67	  0.023	0.99665			#	   0.68	  39.24	
    287	  -6.09	  -2.95	  0.004	1.00082	  -5.93	  -2.41	  0.011	1.00142			#	   0.40	  47.70	
    288	  -6.76	  -1.64	  0.014	1.00095	  -6.00	  -3.13	  0.044	1.00228			#	   0.45	  51.52	
    289	  -7.28	   0.71	 -0.008	1.00115	  -6.48	   0.37	  0.037	1.00209			#	   0.47	  49.22	
    290	  -6.30	   0.39	 -0.012	1.00104	  -6.09	   1.39	 -0.006	1.00225			#	   0.42	  51.48	
    291	  -5.52	  -1.80	  0.011	1.00063	  -5.41	  -1.70	  0.005	1.00140			#	   0.40	  51.61	
    292	  -5.60	  -0.20	  0.017	1.00061	  -4.65	  -0.69	  0.058	1.00192			#	   0.41	  53.17	
    293	  -6.53	  -0.88	  0.008	1.00074	  -6.28	  -0.09	  0.040	1.00150			#	   0.59	  50.82	
    294	  -5.34	  -2.40	  0.013	1.00058	  -5.37	  -2.05	  0.019	1.00184			#	   0.53	  50.91	
    295	  -6.18	  -2.34	  0.016	1.00065	  -4.89	  -3.02	  0.043	1.00130			#	   0.64	  50.91	
    296	  -7.82	  -0.99	  0.012	1.00128	  -6.78	  -0.28	  0.055	1.00231			#	   0.84	  47.14	
    297	  -8.08	  -2.14	  0.016	1.00171	  -7.47	  -1.48	  0.051	1.00245			#	   0.94	  44.05	
    298	  -8.80	  -2.32	  0.013	1.00184	  -8.45	  -1.82	  0.066	1.00307			#	   0.97	  43.66	
    299	  -7.53	  -2.75	 -0.002	1.00148	  -7.51	  -2.02	  0.023	1.00288			#	   0.77	  45.23	
    300	  -6.64	  -3.86	  0.020	1.00121	  -5.91	  -3.05	  0.017	1.00270			#	   0.81	  43.66	
    301	  -7.65	  -3.78	  0.048	1.00192	  -6.71	  -4.50	  0.100	1.00218			#	   0.82	  42.80	
    302	  -9.84	  -1.17	  0.033	1.00269	  -8.60	  -0.30	  0.119	1.00378			#	   1.11	  41.32	
    303	  -9.11	  -2.05	  0.021	1.00228	  -9.38	  -1.05	  0.040	1.00313			#	   0.99	  42.23	
    304	  -7.76	  -2.00	  0.036	1.00188	  -8.11	  -1.67	  0.078	1.00338			#	   0.71	  44.01	
    305	  -5.95	  -2.21	  0.035	1.00088	  -6.53	  -1.66	  0.070	1.00177			#	   0.49	  49.09	
    306	  -4.44	  -2.25	  0.030	1.00059	  -4.00	  -2.71	  0.032	1.00124			#	   0.31	  52.56	
    307	  -5.81	  -2.07	  0.046	1.00059	  -5.15	  -1.21	  0.098	1.00118			#	   0.42	  50.52	
    308	  -6.86	  -2.87	  0.018	1.00149	  -5.65	  -2.83	  0.055	1.00220			#	   0.60	  46.01	
    309	  -8.35	  -1.89	  0.008	1.00199	  -7.00	  -1.15	  0.065	1.00342			#	   0.93	  43.06	
    310	  -9.61	  -3.81	 -0.009	1.00262	  -8.96	  -2.52	  0.044	1.00300			#	   1.19	  41.28	
    311	 -10.05	  -3.45	  0.025	1.00282	  -9.50	  -2.17	  0.082	1.00419			#	   1.11	  41.02	
    312	  -9.25	  -3.10	  0.016	1.00262	  -8.39	  -3.15	  0.044	1.00350			#	   1.07	  40.15	
    313	 -10.68	  -1.18	  0.013	1.00297	  -9.39	  -0.50	  0.098	1.00389			#	   1.12	  40.49	
    314	 -11.21	  -1.73	 -0.015	1.00326	 -10.89	  -0.30	  0.037	1.00391			#	   1.18	  40.54	
    315	 -11.01	  -1.40	  0.006	1.00326	 -10.21	  -0.56	  0.056	1.00414			#	   1.05	  40.02	
    316	 -10.93	  -0.66	  0.033	1.00321	 -10.51	  -0.09	  0.074	1.00409			#	   1.27	  40.58	
    317	  -9.68	  -0.67	  0.048	1.00261	  -9.89	   0.94	  0.098	1.00339			#	   0.99	  41.97	
    318	  -9.20	  -1.38	  0.021	1.00261	  -7.79	  -0.37	  0.088	1.00368			#	   0.98	  42.84	
    319	  -9.97	  -2.33	  0.020	1.00272	  -9.62	  -1.04	  0.069	1.00346			#	   1.23	  42.80	
    320	  -9.55	  -2.06	  0.024	1.00245	  -9.10	  -1.82	  0.070	1.00343			#	   0.93	  42.71	
    321	  -9.64	  -0.82	  0.042	1.00253	  -9.01	  -0.37	  0.104	1.00325			#	   0.90	  43.53	
    322	  -9.35	   0.21	  0.023	1.00261	  -8.53	   1.21	  0.087	1.00344			#	   0.92	  43.32	
    323	  -9.09	  -1.12	  0.046	1.00234	  -9.09	   0.40	  0.074	1.00289			#	   1.05	  43.06	
    324	  -8.00	  -0.77	  0.074	1.00183	  -8.21	  -0.93	  0.127	1.00262			#	   0.76	  45.83	
    325	  -7.15	   0.49	  0.055	1.00151	  -6.32	   1.07	  0.105	1.00248			#	   0.63	  48.52	
    326	  -7.22	  -0.34	  0.045	1.00147	  -7.11	   0.17	  0.083	1.00177			#	   0.60	  47.70	
    327	  -7.63	  -0.14	  0.034	1.00144	  -6.40	   0.39	  0.087	1.00191			#	   0.68	  48.87	
    328	  -8.47	   0.18	  0.028	1.00207	  -7.55	   0.80	  0.085	1.00247			#	   0.80	  45.92	
    329	  -8.46	   0.13	  0.031	1.00196	  -8.50	   1.05	  0.076	1.00297			#	   0.93	  46.74	
    330	  -8.17	  -1.25	  0.020	1.00204	  -6.83	   0.34	  0.055	1.00227			#	   1.22	  42.93	
    331	  -9.52	  -1.55	  0.049	1.00259	  -8.66	  -0.46	  0.107	1.00381			#	   1.29	  46.09	
    332	  -9.53	  -2.17	  0.050	1.00240	  -9.27	  -1.85	  0.107	1.00296			#	   0.91	  45.31	
    333	  -9.74	  -1.03	  0.035	1.00257	  -8.62	   0.21	  0.099	1.00383			#	   0.97	  45.14	
    334	  -9.92	  -1.89	  0.028	1.00252	  -8.81	  -1.20	  0.073	1.00301			#	   1.05	  45.57	
    335	 -11.69	  -0.60	  0.047	1.00309	 -10.04	   0.16	  0.115	1.00416			#	   1.55	  44.53	
    336	 -12.14	  -1.28	  0.080	1.00345	 -11.93	   1.14	  0.146	1.00408			#	   1.60	  43.32	
    337	 -12.11	  -2.34	  0.080	1.00359	 -10.81	  -1.17	  0.140	1.00439			#	   1.25	  42.88	
    338	 -13.75	  -0.85	  0.078	1.00419	 -12.60	  -0.20	  0.173	1.00507			#	   1.45	  42.27	
    339	 -13.54	  -0.17	  0.077	1.00392	 -13.15	   1.76	  0.129	1.00450			#	   2.02	  42.97	
    340	 -14.09	   0.25	  0.106	1.00405	 -12.86	   1.22	  0.176	1.00470			#	   1.74	  43.58	
    341	 -14.01	  -0.06	  0.159	1.00408	 -13.77	   2.23	  0.208	1.00478			#	   1.49	  44.27	
    342	 -13.22	  -0.48	  0.185	1.00391	 -13.07	   0.64	  0.262	1.00464			#	   1.22	  44.53	
    343	 -13.60	   0.45	  0.172	1.00369	 -12.20	   1.48	  0.264	1.00411			#	   1.69	  45.27	
    344	 -13.27	   0.54	  0.160	1.00364	 -13.69	   2.71	  0.253	1.00504			#	   1.75	  45.44	
    345	 -12.25	  -0.99	  0.142	1.00325	 -11.95	   0.34	  0.209	1.00370			#	   1.23	  46.22	
    346	 -12.36	  -1.32	  0.144	1.00334	 -11.65	   0.90	  0.233	1.00408			#	   1.05	  45.62	
    347	 -11.21	  -2.21	  0.121	1.00304	 -11.41	  -1.29	  0.189	1.00429			#	   1.34	  46.70	
    348	 -11.16	  -1.59	  0.103	1.00283	 -10.36	  -1.16	  0.183	1.00328			#	   1.66	  47.53	
    349	 -12.04	  -0.18	  0.081	1.00312	 -11.44	   1.39	  0.177	1.00376			#	   1.89	  47.31	
    350	 -10.76	  -0.78	  0.072	1.00253	 -11.14	   0.13	  0.125	1.00348			#	   1.16	  49.31	
    351	  -9.52	  -1.45	  0.104	1.00224	  -9.03	   0.21	  0.154	1.00287			#	   1.05	  49.83	
    352	 -10.05	  -1.90	  0.112	1.00244	  -9.32	  -1.79	  0.168	1.00302			#	   1.07	  49.39	
    353	 -10.91	  -0.54	  0.107	1.00230	  -9.65	   0.57	  0.184	1.00315			#	   1.27	  49.00	
    354	 -12.96	  -1.06	  0.078	1.00345	 -11.52	   0.51	  0.176	1.00357			#	   2.05	  47.48	
    355	 -15.46	  -0.42	  0.077	1.00449	 -13.80	   0.68	  0.159	1.00463			#	   2.28	  44.14	
    356	 -18.51	   0.78	  0.096	1.00572	 -16.37	   3.09	  0.193	1.00560			#	   2.87	  41.10	
    357	 -20.13	   0.89	  0.122	1.00665	 -20.00	   3.47	  0.232	1.00736			#	   2.69	  39.93	
    358	 -18.81	  -0.06	  0.129	1.00616	 -18.87	   2.88	  0.256	1.00604			#	   3.09	  38.85	
    359	 -17.64	  -0.18	  0.105	1.00575	 -18.02	   1.97	  0.205	1.00684			#	   2.19	  41.71	
    360	 -15.15	   0.25	  0.101	1.00470	 -15.41	   2.31	  0.174	1.00599			#	   1.60	  42.53	
    361	 -13.15	  -1.07	  0.125	1.00401	 -14.00	   0.35	  0.189	1.00418			#	   1.49	  44.01	
    362	 -11.89	  -0.48	  0.123	1.00301	 -11.48	   0.88	  0.197	1.00402			#	   1.31	  48.70	
    363	 -11.96	  -1.59	  0.116	1.00290	 -11.92	   0.11	  0.188	1.00343			#	   1.26	  49.31	
    364	 -12.03	  -2.00	  0.141	1.00298	 -11.64	  -1.03	  0.202	1.00349			#	   1.34	  49.87	
    365	 -12.45	  -1.17	  0.151	1.00315	 -11.80	  -0.02	  0.237	1.00367			#	   1.73	  48.96	
    366	 -13.13	  -1.58	  0.141	1.00347	 -12.83	   0.12	  0.228	1.00361			#	   2.22	  47.74	
    367	 -12.79	  -0.61	  0.151	1.00302	 -13.07	   0.16	  0.245	1.00391			#	   1.97	  48.83	
    368	 -11.92	  -2.06	  0.138	1.00280	 -11.43	   0.51	  0.204	1.00253			#	   2.00	  49.57	
    369	 -12.88	  -1.88	  0.111	1.00336	 -12.50	  -1.89	  0.196	1.00475			#	   1.71	  47.09	
    370	 -12.69	  -1.24	  0.114	1.00339	 -12.29	   0.08	  0.179	1.00298			#	   2.03	  47.01	
    371	 -14.62	   0.14	  0.090	1.00412	 -12.46	   0.84	  0.177	1.00530			#	   2.67	  44.31	
    372	 -17.14	   0.85	  0.089	1.00496	 -16.25	   3.03	  0.223	1.00518			#	   3.16	  43.75	
    373	 -15.75	   1.02	  0.071	1.00488	 -15.68	   2.32	  0.127	1.00511			#	   1.91	  43.40	
    374	 -15.58	   1.67	  0.071	1.00491	 -14.89	   3.45	  0.156	1.00516			#	   2.61	  43.49	
    375	 -15.43	   1.90	  0.088	1.00438	 -15.77	   3.37	  0.173	1.00431			#	   2.51	  45.27	
    376	 -13.15	   3.10	  0.083	1.00413	 -13.81	   4.18	  0.151	1.00475			#	   1.77	  46.01	
    377	 -10.91	   3.52	  0.090	1.00229	 -10.93	   4.64	  0.138	1.00341			#	   1.28	  52.99	
    378	 -10.48	   2.43	  0.072	1.00238	 -10.13	   3.71	  0.152	1.00216			#	   1.46	  55.03	
    379	  -9.71	   2.98	  0.057	1.00205	 -10.02	   3.56	  0.130	1.00262			#	   1.28	  55.69	
    380	  -7.47	   1.88	  0.061	1.00142	  -8.23	   3.30	  0.094	1.00154			#	   0.82	  60.16	
    381	  -6.51	   1.32	  0.053	1.00093	  -6.48	   1.47	  0.101	1.00107			#	   0.62	  64.11	
    382	  -7.22	   2.55	  0.049	1.00026	  -5.90	   2.18	  0.099	1.00091			#	   0.79	  71.05	
    383	  -9.76	   1.94	  0.023	1.00183	  -9.08	   3.12	  0.111	1.00111			#	   1.39	  59.64	
    384	 -10.64	   3.24	 -0.007	1.00246	  -9.21	   3.11	  0.045	1.00278			#	   2.17	  52.99	
    385	 -12.80	   3.67	  0.025	1.00294	 -10.37	   5.83	  0.058	1.00391			#	   2.97	  50.69	
    386	 -16.12	   2.72	  0.044	1.00454	 -15.34	   4.63	  0.191	1.00354			#	   3.53	  46.88	
    387	 -16.42	   3.15	  0.009	1.00477	 -15.99	   4.44	  0.092	1.00443			#	   2.31	  45.23	
    388	 -16.00	   3.82	  0.014	1.00460	 -16.55	   5.59	  0.098	1.00487			#	   3.33	  45.79	
    389	 -14.96	   3.91	  0.041	1.00425	 -15.05	   5.96	  0.136	1.00436			#	   3.03	  47.48	
    390	 -13.65	   3.28	  0.069	1.00316	 -13.78	   4.83	  0.117	1.00371			#	   2.39	  49.05	
    391	 -12.73	   2.23	  0.079	1.00329	 -12.63	   4.21	  0.151	1.00347			#	   2.37	  51.48	
    392	 -13.58	   0.65	  0.056	1.00338	 -12.90	   2.45	  0.164	1.00233			#	   2.56	  47.18	
    393	 -15.13	   2.18	  0.009	1.00373	 -14.55	   2.59	  0.118	1.00448			#	   3.84	  47.22	
    394	 -13.55	   3.90	  0.001	1.00316	 -14.68	   4.79	  0.090	1.00345			#	   2.47	  51.17	
    395	 -11.95	   4.38	 -0.003	1.00245	 -11.90	   5.20	  0.066	1.00119			#	   2.44	  49.91	
    396	 -12.33	   5.65	 -0.032	1.00252	 -12.00	   6.44	  0.064	1.00255			#	   2.34	  50.78	
    397	 -12.79	   6.09	 -0.016	1.00271	 -12.10	   6.49	  0.060	1.00109			#	   2.99	  47.61	
    398	 -13.79	   7.96	 -0.014	1.00341	 -12.76	   8.98	  0.062	1.00257			#	   3.83	  50.61	
    399	 -15.05	   8.54	 -0.016	1.00394	 -14.76	   9.85	  0.083	1.00219			#	   3.98	  49.65	
    400	 -16.16	   8.64	 -0.018	1.00384	 -14.68	  11.39	  0.077	1.00356			#	   3.41	  44.23	
    401	 -17.76	   6.38	  0.014	1.00473	 -17.45	   9.07	  0.113	1.00372			#	   4.98	  47.18	
    402	 -17.41	   5.02	  0.039	1.00509	 -18.07	   7.91	  0.152	1.00398			#	   3.80	  46.14	
    403	 -15.86	   3.72	  0.031	1.00457	 -16.98	   6.19	  0.132	1.00418			#	   2.91	  48.31	
    404	 -14.36	   3.06	  0.007	1.00321	 -13.83	   4.81	  0.074	1.00422			#	   2.21	  48.91	
    405	 -15.25	   0.90	 -0.014	1.00409	 -15.22	   3.64	  0.089	1.00343			#	   2.95	  52.13	
    406	 -15.42	   0.10	 -0.023	1.00391	 -14.89	   1.86	  0.041	1.00468			#	   2.97	  47.87	
    407	 -17.75	  -0.89	 -0.038	1.00519	 -16.42	   1.59	  0.086	1.00485			#	   3.31	  47.05	
    408	 -18.99	  -1.24	 -0.039	1.00591	 -19.42	   1.82	  0.083	1.00647			#	   4.50	  46.70	
    409	 -17.22	  -2.07	 -0.042	1.00486	 -18.43	  -0.75	  0.028	1.00404			#	   3.84	  46.09	
    410	 -16.31	  -0.57	 -0.031	1.00457	 -16.97	   0.90	  0.045	1.00486			#	   3.01	  48.18	
    411	 -16.11	  -0.05	 -0.012	1.00470	 -16.00	   1.56	  0.075	1.00422			#	   2.81	  49.13	
    412	 -16.68	   1.60	 -0.010	1.00458	 -16.23	   1.81	  0.041	1.00378			#	   3.70	  46.01	
    413	 -18.42	   3.15	 -0.006	1.00513	 -17.76	   5.77	  0.109	1.00519			#	   4.14	  46.74	
    414	 -19.15	   2.02	 -0.001	1.00579	 -18.72	   5.00	  0.111	1.00603			#	   5.05	  45.66	
    415	 -18.05	  -0.24	  0.020	1.00514	 -19.46	   3.12	  0.130	1.00464			#	   4.24	  46.70	
    416	 -15.30	  -1.12	  0.008	1.00382	 -17.17	   0.37	  0.095	1.00429			#	   2.84	  50.48	
    417	 -12.92	  -0.65	 -0.009	1.00274	 -13.38	  -0.01	  0.055	1.00298			#	   2.14	  54.25	
    418	 -13.22	  -1.09	 -0.013	1.00277	 -12.43	   1.15	  0.056	1.00283			#	   2.88	  53.60	
    419	 -15.06	  -2.82	 -0.007	1.00357	 -14.46	  -0.60	  0.099	1.00398			#	   2.83	  53.17	
    420	 -15.32	  -3.92	 -0.015	1.00385	 -15.70	  -2.23	  0.090	1.00414			#	   3.15	  49.57	
    421	 -14.55	  -3.74	 -0.039	1.00310	 -14.61	  -2.31	  0.054	1.00483			#	   3.78	  49.70	
    422	 -14.25	  -5.71	 -0.075	1.00280	 -14.42	  -2.72	  0.041	1.00453			#	   5.00	  51.91	
    423	 -12.19	  -8.26	 -0.091	1.00184	 -13.31	  -7.03	  0.002	1.00391			#	   2.42	  51.26	
    424	 -10.81	  -9.95	 -0.096	1.00076	 -11.40	  -8.49	 -0.013	1.00283			#	   2.55	  63.72	
    425	  -7.17	 -11.83	 -0.078	1.00020	  -9.29	 -11.38	 -0.039	1.00301			#	   1.67	  78.21	
    426	  -4.13	 -12.72	 -0.060	1.00024	  -4.78	 -12.38	 -0.031	1.00280			#	   1.36	  85.03	
    427	  -3.23	 -12.99	 -0.069	1.00028	  -2.71	 -13.87	 -0.063	1.00250			#	   1.38	  86.15	
    428	  -4.50	 -10.24	 -0.042	1.00012	  -3.86	 -11.14	 -0.007	1.00263			#	   1.51	  83.38	
    429	  -7.15	  -9.40	 -0.046	0.99997	  -5.34	  -9.96	 -0.001	1.00204			#	   2.35	  78.99	
    430	  -9.22	  -8.03	 -0.000	0.99990	  -9.07	  -8.07	  0.065	1.00338			#	   2.73	  67.84	
    431	  -8.45	  -9.92	  0.019	0.99950	  -8.65	  -9.59	  0.061	1.00125			#	   2.30	  71.09	
    432	  -7.14	 -10.10	  0.059	1.00023	  -8.11	  -9.72	  0.119	1.00314			#	   1.89	  76.26	
    433	  -4.78	 -11.65	  0.036	1.00006	  -4.97	 -11.60	  0.077	1.00230			#	   1.68	  82.03	
    434	  -5.01	 -11.43	  0.013	1.00020	  -5.12	 -11.53	  0.056	1.00279			#	   1.67	  81.94	
    435	  -3.25	 -11.61	  0.032	1.00024	  -4.44	 -10.93	  0.065	1.00240			#	   1.66	  82.55	
    436	  -0.49	 -12.74	  0.017	1.00030	  -0.76	 -12.97	 -0.001	1.00262			#	   1.98	  82.60	
    437	  -0.78	 -11.16	  0.048	1.00028	  -0.65	 -12.35	  0.050	1.00249			#	   1.60	  81.34	
    438	   0.20	 -10.33	  0.049	1.00003	  -0.68	  -9.55	  0.061	1.00194			#	   1.31	  81.25	
    439	   1.75	 -12.69	  0.020	1.00017	   1.50	 -11.79	  0.013	1.00238			#	   1.84	  79.56	
    440	   0.62	 -13.20	  0.005	1.00018	   2.03	 -13.06	  0.003	1.00271			#	   2.25	  78.30	
    441	  -1.51	 -14.31	  0.009	1.00030	  -0.90	 -13.54	  0.022	1.00313			#	   2.45	  78.65	
    442	  -4.09	 -14.66	 -0.001	1.00029	  -2.17	 -15.74	  0.044	1.00269			#	   2.49	  75.48	
    443	  -6.04	 -11.75	 -0.009	1.00045	  -5.99	 -12.69	  0.036	1.00355			#	   2.18	  72.66	
    444	  -4.63	 -11.84	  0.020	1.00036	  -5.39	 -11.22	  0.043	1.00344			#	   1.85	  73.44	
    445	  -2.78	 -13.25	  0.039	1.00028	  -3.43	 -12.42	  0.064	1.00294			#	   1.89	  76.13	
    446	  -1.30	 -14.09	  0.052	1.00012	  -0.91	 -14.36	  0.033	1.00259			#	   1.99	  74.35	
    447	  -3.66	 -12.70	  0.084	1.00033	  -2.32	 -13.56	  0.115	1.00274			#	   1.87	  72.57	
    448	  -4.36	 -10.56	  0.074	1.00049	  -4.22	 -11.42	  0.114	1.00311			#	   1.58	  70.23	
    449	  -5.01	  -9.81	  0.071	1.00023	  -3.92	  -9.60	  0.097	1.00312			#	   1.55	  65.76	
    450	  -6.95	 -10.87	  0.081	1.00030	  -6.70	 -10.22	  0.138	1.00280			#	   2.33	  63.32	
    451	  -7.16	  -9.43	  0.066	1.00067	  -5.85	 -12.37	  0.077	1.00334			#	   1.96	  59.94	
    452	  -9.66	  -3.36	  0.092	1.00059	  -8.78	  -4.94	  0.168	1.00338			#	   2.08	  56.64	
    453	  -8.00	  -3.21	  0.102	1.00036	  -9.83	  -2.55	  0.142	1.00264			#	   1.54	  58.98	
    454	  -4.49	  -4.39	  0.101	1.00035	  -5.53	  -3.41	  0.150	1.00168			#	   0.72	  69.79	
    455	  -1.03	  -7.27	  0.074	1.00020	  -1.85	  -6.26	  0.058	1.00192			#	   0.66	  68.62	
    456	  -1.55	  -7.84	  0.069	1.00003	  -0.50	  -7.74	  0.104	1.00165			#	   0.77	  68.19	
    457	  -2.88	  -8.72	  0.037	1.00020	  -2.48	  -8.23	  0.069	1.00177			#	   1.06	  67.84	
    458	  -3.80	  -9.26	  0.025	1.00024	  -2.42	 -10.18	  0.013	1.00237			#	   1.73	  66.80	
    459	  -6.60	  -5.88	  0.070	1.00039	  -5.79	  -7.12	  0.132	1.00261			#	   1.85	  60.55	
    460	  -6.15	  -5.28	  0.060	1.00038	  -6.38	  -4.98	  0.096	1.00235			#	   1.23	  64.58	
    461	  -6.91	  -4.70	  0.062	1.00059	  -5.35	  -5.07	  0.123	1.00304			#	   1.53	  61.41	
    462	  -7.87	  -5.69	  0.063	1.00038	  -7.64	  -5.24	  0.086	1.00247			#	   1.77	  59.38	
    463	  -8.07	  -4.89	  0.102	1.00057	  -7.77	  -5.71	  0.152	1.00288			#	   1.76	  57.38	
    464	  -7.51	  -4.07	  0.106	1.00051	  -7.23	  -4.27	  0.135	1.00285			#	   1.50	  57.81	
    465	  -6.98	  -4.11	  0.133	1.00029	  -7.32	  -4.61	  0.160	1.00229			#	   1.55	  56.08	
    466	  -6.33	  -2.51	  0.136	1.00034	  -5.98	  -3.24	  0.170	1.00210			#	   1.47	  58.77	
    467	  -7.11	  -1.77	  0.158	1.00020	  -5.86	  -2.17	  0.194	1.00250			#	   1.89	  58.42	
    468	  -9.48	  -1.81	  0.134	1.00163	  -7.94	  -0.55	  0.248	1.00246			#	   2.36	  49.87	
    469	 -10.00	  -3.36	  0.075	1.00218	  -9.99	  -2.19	  0.160	1.00369			#	   1.78	  47.57	
    470	  -7.52	  -3.99	  0.059	1.00065	  -9.29	  -3.66	  0.119	1.00273			#	   1.21	  59.07	
    471	  -3.22	  -4.74	  0.008	1.00032	  -4.42	  -4.31	  0.039	1.00180			#	   0.42	  64.11	
    472	  -2.16	  -4.57	 -0.018	1.00021	  -1.64	  -5.62	 -0.016	1.00116			#	   0.32	  63.54	
    473	  -3.00	  -3.12	  0.015	1.00035	  -1.83	  -3.43	  0.020	1.00158			#	   0.31	  64.15	
    474	  -4.65	  -3.47	  0.037	1.00014	  -5.00	  -1.62	  0.097	1.00164			#	   0.51	  62.37	
    475	  -2.65	  -6.80	  0.022	1.00009	  -3.19	  -6.19	  0.032	1.00121			#	   0.90	  64.06	
    476	  -0.98	  -8.65	  0.037	1.00011	  -1.63	  -6.63	  0.068	1.00244			#	   1.57	  63.32	
    477	  -0.32	 -13.34	 -0.034	1.00010	   0.69	 -13.08	 -0.044	1.00236			#	   2.98	  62.15	
    478	  -2.85	 -11.48	 -0.032	1.00059	  -2.05	 -12.75	 -0.005	1.00303			#	   1.33	  61.94	
    479	  -3.73	  -8.75	 -0.010	1.00036	  -3.21	  -9.91	  0.022	1.00260			#	   1.12	  60.46	
    480	  -2.80	  -7.90	 -0.007	1.00015	  -3.58	  -8.34	 -0.017	1.00152			#	   0.74	  60.24	
    481	  -1.80	  -4.85	  0.024	1.00023	  -1.86	  -6.71	  0.050	1.00151			#	   0.35	  58.72	
    482	  -0.39	  -2.48	  0.008	1.00015	  -0.71	  -3.03	  0.006	1.00066			#	   0.08	  58.29	
    483	  -1.28	  -0.63	  0.006	1.00015	  -0.28	  -1.50	  0.015	1.00050			#	   0.07	  58.90	
    484	  -2.86	   0.14	  0.026	1.00002	  -2.86	   0.57	  0.047	0.99999			#	   0.20	  59.51	
    485	  -1.77	  -0.04	  0.026	1.00013	  -1.94	   0.08	  0.038	1.00050			#	   0.10	  60.16	
    486	  -0.79	  -0.39	  0.022	1.00011	  -1.60	  -1.47	  0.024	1.00001			#	   0.05	  59.59	
    487	   1.15	   1.57	  0.035	1.00001	   0.01	   1.58	  0.020	0.99999			#	   0.16	  57.94	
    488	   2.08	   0.93	  0.022	0.99979	   2.18	   1.50	  0.005	0.99933			#	   0.20	  60.85	
    489	   2.24	  -0.04	  0.021	0.99976	   1.53	   0.57	  0.004	0.99974			#	   0.29	  60.29	
    490	   2.24	  -2.09	  0.010	0.99993	   2.61	  -1.46	 -0.022	0.99984			#	   0.37	  59.33	
    491	   1.12	  -1.76	  0.030	1.00001	   1.46	  -2.81	  0.028	1.00046			#	   0.19	  57.94	
    492	  -0.21	  -1.23	 -0.002	1.00000	   0.47	   0.10	  0.026	1.00052			#	   0.08	  57.94	
    493	  -1.75	  -3.40	 -0.032	1.00014	  -0.93	  -3.36	 -0.021	1.00077			#	   0.50	  60.42	
    494	  -2.73	  -3.06	 -0.012	1.00010	  -1.70	  -3.45	 -0.004	1.00089			#	   0.66	  58.42	
    495	  -4.35	  -2.11	 -0.004	1.00046	  -3.62	  -1.86	  0.036	1.00145			#	   1.05	  56.77	
    496	  -4.83	  -2.54	 -0.011	1.00043	  -4.52	  -3.09	  0.016	1.00153			#	   0.96	  56.77	
    497	  -4.26	  -2.40	 -0.007	1.00056	  -4.24	  -1.41	  0.024	1.00166			#	   0.77	  57.68	
    498	  -3.38	  -2.34	 -0.003	1.00030	  -3.19	  -4.30	  0.007	1.00110			#	   0.61	  57.12	
    499	  -3.72	   0.82	  0.019	1.00028	  -3.05	   0.22	  0.044	1.00101			#	   0.58	  58.38	
    500	  -4.35	   1.81	  0.022	1.00014	  -4.44	   1.33	  0.061	1.00035			#	   0.69	  58.16	
    501	  -2.70	   4.03	  0.013	0.99790	  -4.36	   3.12	  0.007	0.99761			#	   0.70	  44.05	
    502	   3.21	   3.70	  0.071	0.99778	  -0.42	   5.97	  0.089	0.99627			#	   1.16	  35.59	
    503	  11.45	  -4.38	  0.034	0.99989	   9.45	   1.61	 -0.101	0.99941			#	   4.93	  34.98	
    504	   7.99	  -6.12	  0.098	0.99768	  13.62	 -11.93	  0.043	0.99641			#	   0.88	  51.30	
    505	  -1.84	   2.04	  0.116	0.99806	  -1.81	   3.51	  0.213	0.99778			#	   0.11	  56.68	
    506	   0.75	  -1.76	 -0.002	0.99869	  -0.95	  -1.91	 -0.038	0.99827			#	   0.09	  58.25	
    507	   2.67	  -0.89	  0.032	0.99971	   2.21	  -1.03	 -0.005	0.99943			#	   0.12	  56.38	
    508	   1.67	   0.32	  0.047	1.00036	   2.19	  -0.77	  0.052	0.99996			#	   0.05	  57.94	
    509	   2.01	   1.58	  0.042	1.00056	   0.86	   1.91	  0.033	1.00031			#	   0.13	  59.42	
    510	   2.94	   0.92	  0.010	1.00030	   3.36	   0.53	  0.002	0.99958			#	   0.43	  54.77	
    511	   2.63	   1.53	 -0.008	1.00016	   1.53	   1.81	 -0.016	0.99923			#	   0.45	  55.69	
    512	   3.84	   0.84	 -0.022	1.00070	   4.06	   0.79	 -0.055	1.00043			#	   0.56	  56.90	
    513	   2.10	   1.15	 -0.003	1.00063	   2.79	   1.24	 -0.028	1.00005			#	   0.18	  56.94	
    514	   0.10	   1.39	  0.006	1.00071	   0.62	   1.31	  0.042	1.00059			#	   0.09	  56.90	
    515	   0.42	   0.82	 -0.042	1.00083	  -0.12	   0.09	 -0.046	1.00055			#	   0.10	  58.90	
    516	   2.96	   1.36	 -0.049	0.99965	   0.16	   2.56	 -0.081	0.99920			#	   0.68	  57.90	
    517	   5.51	   1.28	 -0.065	0.99972	   6.09	  -0.14	 -0.099	0.99889			#	   1.08	  57.25	
    518	   3.60	   2.40	 -0.079	0.99949	   3.96	   2.83	 -0.090	0.99859			#	   0.55	  59.07	
