      1	  -1.21	   1.51	  0.012	0.99998	  -1.36	   1.25	  0.040	0.99979			#	   1.06	  69.53	
      2	  -0.76	   0.79	 -0.010	0.99986	  -0.80	   1.32	 -0.011	0.99976			#	   2.22	  70.83	
      3	   0.07	  -0.10	 -0.001	1.00002	  -0.33	   0.27	  0.004	1.00035			#	   1.27	  74.00	
      4	   1.14	  -0.78	 -0.032	1.00016	   1.10	  -1.01	 -0.030	0.99993			#	   1.18	  71.40	
      5	   0.43	   0.50	 -0.029	0.99992	   1.08	  -0.30	 -0.053	1.00012			#	   1.33	  72.48	
      6	  -1.41	   1.61	 -0.024	0.99996	  -0.53	   1.53	 -0.009	0.99972			#	   1.67	  73.74	
      7	  -2.29	   1.17	 -0.020	1.00001	  -1.91	   1.28	 -0.016	0.99988			#	   1.19	  71.53	
      8	  -2.86	   1.25	 -0.013	0.99994	  -2.80	   1.12	  0.014	0.99975			#	   1.50	  75.39	
      9	  -2.08	   0.66	 -0.027	0.99982	  -2.09	   0.78	 -0.016	0.99964			#	   1.52	  76.39	
     10	  -1.40	   0.89	 -0.007	1.00013	  -1.94	   0.99	 -0.011	0.99997			#	   0.91	  77.39	
     11	  -1.85	   0.93	 -0.009	1.00012	  -0.81	   0.68	 -0.000	1.00001			#	   0.85	  76.22	
     12	  -4.49	   1.07	  0.003	0.99990	  -3.01	   1.15	  0.025	0.99966			#	   1.88	  77.39	
     13	  -5.04	   2.57	  0.026	0.99985	  -6.05	   1.53	  0.060	1.00013			#	   1.52	  77.04	
     14	  -2.67	   2.69	  0.024	0.99994	  -3.29	   2.82	  0.048	0.99911			#	   0.99	  76.56	
     15	  -2.09	   3.44	  0.009	0.99992	  -2.51	   3.51	  0.032	0.99989			#	   0.95	  75.22	
     16	   0.77	   1.03	  0.029	0.99979	  -0.41	   2.58	  0.002	0.99932			#	   0.45	  77.13	
     17	   1.29	  -0.30	  0.018	1.00008	   1.25	  -0.27	  0.022	1.00025			#	   0.36	  77.95	
     18	   0.32	  -0.42	  0.006	0.99990	   1.39	  -0.67	 -0.004	0.99985			#	   0.39	  77.26	
     19	  -2.51	  -0.35	  0.007	1.00000	  -1.41	  -0.03	  0.037	1.00008			#	   0.73	  79.56	
     20	  -3.71	  -0.22	 -0.007	1.00011	  -3.72	  -1.00	  0.034	1.00029			#	   0.90	  79.34	
     21	  -2.51	   1.48	  0.002	0.99988	  -3.57	   1.00	  0.008	0.99960			#	   0.86	  79.04	
     22	  -0.32	   1.50	  0.026	0.99998	  -1.35	   1.36	  0.030	0.99992			#	   0.47	  79.08	
     23	  -0.74	   1.30	 -0.011	0.99996	   0.44	   1.90	  0.007	0.99942			#	   0.52	  80.90	
     24	  -1.19	  -1.29	 -0.028	0.99856	  -2.20	  -0.01	 -0.019	0.99894			#	   0.50	  79.99	
     25	   0.46	  -1.20	  0.010	0.99867	  -0.00	  -2.11	 -0.015	0.99871			#	   0.37	  79.21	
     26	  -0.20	   0.61	  0.006	1.00001	   1.06	  -0.26	  0.009	1.00003			#	   0.28	  81.42	
     27	  -2.93	   2.59	 -0.003	0.99852	  -2.49	   2.05	  0.043	0.99854			#	   1.00	  79.51	
     28	  -1.99	   2.44	 -0.007	0.99863	  -2.94	   2.87	 -0.000	0.99828			#	   0.67	  79.73	
     29	   0.28	   1.14	  0.024	0.99963	  -0.66	   1.59	  0.003	0.99937			#	   0.26	  80.56	
     30	   1.75	  -0.37	  0.028	0.99996	   1.37	   0.50	  0.025	0.99993			#	   0.32	  76.43	
     31	   1.24	  -1.07	 -0.012	1.00135	   2.23	  -1.46	 -0.008	1.00130			#	   0.26	  78.47	
     32	  -1.65	   0.13	 -0.015	1.00139	  -0.50	  -0.40	 -0.011	1.00139			#	   0.22	  79.30	
     33	  -3.87	   1.23	  0.008	0.99991	  -2.98	   0.60	  0.039	1.00001			#	   0.62	  78.26	
     34	  -5.08	   0.92	  0.011	1.00121	  -5.46	   1.46	  0.055	1.00082			#	   0.96	  77.60	
     35	  -3.06	   0.66	  0.020	1.00123	  -3.80	   0.49	  0.037	1.00125			#	   0.42	  80.03	
     36	  -2.56	   1.20	 -0.001	1.00009	  -2.84	   0.67	  0.032	1.00010			#	   0.38	  80.51	
     37	  -2.25	   2.73	 -0.005	0.99996	  -1.60	   1.86	  0.002	0.99966			#	   0.50	  79.17	
     38	  -4.35	   3.61	 -0.018	0.99881	  -3.96	   3.59	  0.035	0.99851			#	   1.13	  80.08	
     39	  -2.80	   2.96	 -0.013	0.99851	  -4.05	   3.49	 -0.002	0.99811			#	   0.68	  81.16	
     40	  -1.43	   1.37	 -0.010	0.99969	  -1.60	   1.70	 -0.003	0.99931			#	   0.23	  81.29	
     41	  -1.44	   2.86	  0.014	0.99983	  -1.23	   1.52	  0.007	0.99927			#	   0.46	  79.25	
     42	  -1.20	   3.68	  0.027	1.00058	  -1.45	   4.24	  0.038	1.00009			#	   0.77	  79.21	
     43	  -1.57	   1.69	  0.027	1.00059	  -1.49	   2.55	  0.025	1.00016			#	   0.23	  81.16	
     44	  -2.46	   1.19	  0.046	1.00020	  -2.01	   1.09	  0.073	0.99998			#	   0.22	  81.38	
     45	  -3.07	   1.03	  0.018	1.00045	  -3.16	   1.44	  0.059	1.00048			#	   0.32	  80.77	
     46	  -4.13	   0.31	 -0.020	1.00080	  -3.30	   0.05	  0.029	1.00036			#	   0.46	  79.43	
     47	  -4.79	   2.48	 -0.026	0.99998	  -4.70	   1.08	 -0.006	0.99993			#	   0.91	  78.60	
     48	  -4.38	   3.54	 -0.002	1.00034	  -5.00	   3.70	  0.043	0.99996			#	   1.01	  75.26	
     49	  -3.40	   2.97	 -0.018	1.00049	  -3.58	   3.54	  0.003	1.00028			#	   0.79	  82.86	
     50	  -3.33	   1.88	 -0.006	0.99996	  -2.79	   1.87	  0.002	0.99972			#	   0.50	  80.95	
     51	  -4.99	   1.26	 -0.023	0.99999	  -4.78	   1.73	  0.033	0.99934			#	   0.82	  76.09	
     52	  -5.39	   1.36	 -0.019	0.99998	  -4.95	   1.36	  0.011	0.99983			#	   0.83	  78.78	
     53	  -7.00	   0.96	 -0.009	0.99976	  -6.35	   1.06	  0.050	1.00015			#	   1.04	  77.52	
     54	  -7.51	   0.27	 -0.002	1.00012	  -7.36	  -0.27	  0.049	0.99874			#	   1.18	  69.49	
     55	  -8.53	   1.87	  0.009	0.99978	  -8.26	   1.89	  0.082	1.00061			#	   1.34	  70.66	
     56	  -7.62	   1.48	  0.021	0.99986	  -8.74	   1.50	  0.086	0.99944			#	   1.03	  72.53	
     57	  -4.73	   1.62	  0.018	1.00003	  -5.82	   1.85	  0.062	1.00050			#	   0.54	  79.86	
     58	  -3.87	  -0.16	  0.009	0.99988	  -3.24	  -0.07	  0.021	0.99935			#	   0.32	  82.90	
     59	  -5.09	   0.64	  0.024	0.99976	  -4.93	   0.41	  0.062	1.00010			#	   0.48	  81.16	
     60	  -5.50	  -0.21	  0.007	0.99990	  -5.42	   0.57	  0.067	0.99990			#	   0.69	  80.21	
     61	  -5.29	  -1.23	  0.006	0.99983	  -5.17	  -1.01	  0.042	1.00054			#	   0.79	  78.56	
     62	  -5.47	  -2.55	  0.019	0.99989	  -5.90	  -1.97	  0.060	1.00011			#	   1.54	  81.64	
     63	  -5.13	  -2.17	  0.016	1.00014	  -5.03	  -2.81	  0.060	1.00061			#	   0.81	  78.26	
     64	  -4.86	  -1.45	  0.012	1.00012	  -4.82	  -1.76	  0.044	0.99998			#	   0.60	  77.08	
     65	  -6.57	  -0.21	  0.006	1.00031	  -6.14	  -0.80	  0.072	1.00071			#	   0.84	  74.65	
     66	  -6.21	  -0.12	 -0.008	0.99968	  -6.41	   0.06	  0.038	0.99956			#	   0.79	  77.21	
     67	  -5.75	   1.13	  0.011	1.00020	  -6.09	  -0.37	  0.046	1.00023			#	   0.68	  79.56	
     68	  -4.02	   2.59	  0.017	0.99975	  -5.44	   2.89	  0.062	0.99963			#	   0.90	  80.99	
     69	  -0.82	   1.34	 -0.000	0.99979	  -1.81	   1.76	  0.007	0.99946			#	   0.23	  82.94	
     70	   0.26	   1.10	 -0.013	0.99995	  -0.01	   1.12	 -0.019	0.99999			#	   0.17	  83.94	
     71	  -0.26	   0.21	  0.000	0.99994	   0.64	   0.13	 -0.012	0.99936			#	   0.13	  83.51	
     72	  -1.78	   1.32	  0.004	1.00001	  -1.89	   0.94	  0.038	1.00016			#	   0.27	  83.20	
     73	  -0.13	   0.18	 -0.010	0.99982	  -1.27	   1.61	 -0.005	0.99978			#	   0.20	  83.64	
     74	   0.58	  -0.86	 -0.008	0.99998	   1.23	  -1.83	 -0.024	0.99988			#	   0.34	  82.94	
     75	  -0.66	   1.96	  0.005	0.99984	  -0.41	   1.21	  0.015	0.99999			#	   0.59	  83.29	
     76	  -1.00	   0.46	 -0.026	0.99979	  -0.93	   1.52	 -0.003	0.99965			#	   0.29	  83.38	
     77	  -1.21	   0.50	 -0.024	1.00016	  -1.06	  -0.28	 -0.034	0.99993			#	   0.29	  82.81	
     78	  -2.24	   0.48	 -0.003	0.99999	  -2.00	   1.28	  0.017	1.00008			#	   0.43	  83.03	
     79	  -2.40	  -0.53	  0.000	0.99987	  -2.54	  -0.71	  0.019	1.00014			#	   0.39	  81.55	
     80	  -1.73	  -0.69	  0.004	0.99991	  -1.86	  -0.46	  0.019	0.99995			#	   0.28	  82.42	
     81	  -3.55	  -0.23	 -0.020	1.00002	  -2.44	  -0.73	  0.018	1.00024			#	   0.62	  80.51	
     82	  -5.09	  -0.26	 -0.031	1.00000	  -4.59	   0.14	  0.012	0.99995			#	   0.95	  78.82	
     83	  -6.81	   0.04	 -0.017	1.00014	  -6.29	  -0.34	  0.032	1.00029			#	   1.23	  75.91	
     84	  -7.78	  -0.04	 -0.032	1.00093	  -7.62	   0.33	  0.043	1.00012			#	   1.16	  66.15	
     85	  -7.52	   0.71	 -0.033	0.99990	  -8.33	   0.78	  0.023	1.00080			#	   1.20	  72.61	
     86	  -7.52	  -0.49	 -0.032	1.00016	  -7.02	  -0.06	  0.026	0.99962			#	   1.02	  71.09	
     87	  -7.78	   0.23	 -0.020	0.99991	  -8.23	  -0.55	  0.038	1.00014			#	   1.25	  73.65	
     88	  -7.20	   0.14	 -0.026	0.99980	  -7.64	   0.76	  0.045	0.99997			#	   0.97	  72.40	
     89	  -6.09	  -0.52	 -0.030	0.99991	  -6.70	  -0.81	  0.010	1.00020			#	   0.80	  76.13	
     90	  -5.78	   0.81	 -0.009	1.00004	  -5.62	  -0.53	  0.027	0.99978			#	   0.69	  76.43	
     91	  -5.86	   2.59	 -0.013	0.99977	  -5.97	   3.01	  0.057	1.00009			#	   0.85	  74.26	
     92	  -5.96	  -0.57	 -0.043	0.99996	  -5.78	   0.30	  0.009	0.99923			#	   0.76	  71.22	
     93	  -6.58	   0.44	 -0.021	0.99992	  -6.90	  -0.18	  0.034	1.00037			#	   0.95	  73.83	
     94	  -5.43	  -0.46	 -0.019	0.99999	  -5.47	  -0.12	  0.013	0.99971			#	   0.75	  78.56	
     95	  -6.46	  -0.08	 -0.020	1.00032	  -6.19	  -0.35	  0.040	1.00003			#	   0.89	  73.48	
     96	  -6.39	   0.51	 -0.022	1.00009	  -6.79	   0.74	  0.032	1.00020			#	   1.02	  77.08	
     97	  -4.24	  -0.71	 -0.023	1.00001	  -5.60	  -0.37	  0.007	1.00013			#	   0.59	  78.52	
     98	  -3.47	  -1.34	 -0.016	1.00000	  -2.59	  -1.30	 -0.007	0.99985			#	   0.53	  77.47	
     99	  -5.34	  -0.32	 -0.009	0.99989	  -4.89	  -0.97	  0.041	1.00044			#	   0.54	  73.48	
    100	  -7.61	   0.76	 -0.015	0.99989	  -6.27	  -0.23	  0.044	0.99972			#	   0.86	  70.49	
    101	  -8.98	   1.91	 -0.020	0.99926	  -9.25	   1.50	  0.066	0.99931			#	   1.46	  64.80	
    102	  -8.98	   2.28	 -0.022	0.99953	  -8.92	   0.98	  0.056	0.99912			#	   1.28	  65.23	
    103	  -7.74	   3.21	 -0.011	0.99949	  -8.96	   3.13	  0.053	0.99937			#	   1.16	  69.66	
    104	  -6.45	   1.93	 -0.027	0.99995	  -6.59	   2.44	  0.031	0.99933			#	   0.78	  73.96	
    105	  -5.80	   0.93	 -0.049	1.00006	  -6.18	   1.27	  0.016	0.99966			#	   0.74	  75.61	
    106	  -5.28	   1.01	 -0.057	0.99949	  -4.48	   0.17	 -0.050	0.99921			#	   0.52	  71.57	
    107	  -9.82	   3.55	 -0.032	0.99896	  -8.11	   1.60	  0.063	0.99896			#	   1.25	  59.42	
    108	 -10.10	   3.01	 -0.031	0.99893	 -11.29	   4.07	  0.062	0.99889			#	   1.30	  60.29	
    109	  -8.94	   0.02	 -0.033	0.99889	  -8.26	  -0.26	  0.034	0.99822			#	   0.84	  62.24	
    110	 -10.99	   0.85	 -0.027	0.99890	  -9.90	  -0.37	  0.064	0.99805			#	   1.42	  53.99	
    111	 -11.15	   2.65	  0.015	0.99861	 -11.89	   0.77	  0.103	0.99810			#	   1.33	  55.73	
    112	 -10.04	   4.30	  0.018	0.99856	 -10.65	   3.75	  0.104	0.99887			#	   1.55	  57.77	
    113	  -9.47	   1.20	 -0.010	0.99892	  -9.41	   2.65	  0.078	0.99811			#	   1.09	  63.37	
    114	  -9.91	  -0.15	 -0.039	0.99885	  -9.82	  -1.32	  0.060	0.99892			#	   1.07	  60.81	
    115	  -9.77	   0.57	 -0.055	0.99870	  -9.62	   0.06	  0.024	0.99858			#	   1.07	  60.03	
    116	  -9.40	  -0.95	 -0.070	0.99928	  -9.93	  -0.42	  0.012	0.99918			#	   1.08	  61.98	
    117	  -7.94	  -2.13	 -0.083	0.99929	  -8.02	  -2.63	 -0.018	0.99870			#	   0.90	  64.63	
    118	  -9.32	  -0.63	 -0.071	0.99954	  -8.07	  -1.51	 -0.018	0.99894			#	   1.07	  60.07	
    119	 -10.20	   0.74	 -0.044	0.99880	 -10.30	  -0.35	  0.048	0.99890			#	   1.28	  56.64	
    120	 -11.08	  -1.04	 -0.064	0.99899	 -10.41	   0.15	  0.026	0.99792			#	   1.88	  53.95	
    121	  -9.90	  -2.42	 -0.047	0.99929	 -10.97	  -3.85	  0.045	0.99876			#	   1.04	  57.99	
    122	  -8.92	   1.20	 -0.036	0.99893	  -8.08	  -0.66	  0.014	0.99920			#	   0.81	  62.24	
    123	 -10.00	   2.31	 -0.014	0.99881	 -10.35	   1.68	  0.075	0.99867			#	   1.01	  59.24	
    124	  -8.68	   1.89	 -0.006	0.99980	  -9.41	   1.93	  0.044	0.99850			#	   0.96	  64.50	
    125	  -6.62	   2.49	  0.015	0.99984	  -7.88	   2.04	  0.069	0.99948			#	   0.77	  67.97	
    126	  -6.47	   2.31	 -0.017	0.99999	  -5.13	   2.27	  0.037	0.99845			#	   0.58	  67.32	
    127	  -9.21	   4.34	 -0.010	0.99913	  -8.78	   3.49	  0.080	1.00002			#	   1.38	  60.24	
    128	  -9.68	   2.46	 -0.021	0.99921	  -9.22	   2.54	  0.053	0.99768			#	   0.97	  56.16	
    129	 -10.64	   3.97	 -0.008	0.99809	 -11.05	   2.63	  0.090	0.99869			#	   1.47	  50.13	
    130	  -9.55	   2.08	 -0.023	0.99638	  -9.86	   2.57	  0.049	0.99553			#	   1.08	  56.25	
    131	  -9.53	   1.62	 -0.003	0.99748	  -9.08	   0.75	  0.074	0.99658			#	   0.90	  59.68	
    132	  -9.39	   1.72	 -0.017	0.99905	 -10.00	   2.19	  0.074	0.99819			#	   1.02	  60.11	
    133	  -7.89	   1.52	 -0.039	0.99819	  -8.19	   0.78	  0.024	0.99842			#	   0.94	  65.32	
    134	  -7.93	   1.77	 -0.053	0.99781	  -7.62	   1.75	  0.004	0.99796			#	   0.75	  61.94	
    135	  -9.83	  -0.10	 -0.046	0.99963	  -8.37	   0.63	  0.037	0.99835			#	   0.74	  58.42	
    136	 -12.81	   0.16	 -0.037	1.00171	 -11.37	   0.30	  0.062	1.00183			#	   1.33	  49.00	
    137	 -13.45	   1.18	 -0.038	1.00339	 -13.64	   2.38	  0.071	1.00339			#	   1.38	  46.79	
    138	 -11.28	   2.70	 -0.036	1.00281	 -11.81	   2.70	  0.017	1.00325			#	   1.14	  47.31	
    139	  -9.41	   1.49	 -0.054	1.00158	  -9.90	   3.61	  0.023	1.00164			#	   1.29	  50.35	
    140	  -9.20	   1.41	 -0.063	1.00189	  -8.36	   0.68	 -0.017	1.00180			#	   0.90	  50.48	
    141	 -10.08	   2.39	 -0.069	1.00174	  -8.71	   3.35	 -0.035	1.00314			#	   1.16	  48.09	
    142	 -13.34	   1.38	 -0.056	1.00243	 -11.62	   2.90	  0.047	1.00230			#	   1.35	  48.09	
    143	 -12.92	  -0.18	 -0.058	1.00334	 -13.57	   1.81	  0.015	1.00271			#	   1.39	  43.92	
    144	 -13.08	   0.58	 -0.055	1.00314	 -12.56	   0.91	 -0.003	1.00325			#	   1.60	  45.53	
    145	 -12.78	   0.46	 -0.036	1.00261	 -13.12	   2.62	  0.041	1.00252			#	   1.56	  44.23	
    146	 -12.73	  -0.21	 -0.072	1.00279	 -12.09	   0.15	  0.011	1.00264			#	   1.48	  45.27	
    147	 -13.34	   1.40	 -0.053	1.00260	 -13.23	   2.51	  0.026	1.00306			#	   1.17	  49.05	
    148	 -11.70	   0.52	 -0.051	1.00142	 -12.04	   1.46	  0.028	1.00112			#	   0.93	  46.53	
    149	 -11.55	   0.55	 -0.062	1.00302	 -10.67	   1.50	 -0.006	1.00279			#	   1.31	  42.75	
    150	 -12.45	   1.29	 -0.032	1.00134	 -12.06	   1.63	  0.037	1.00209			#	   1.27	  44.92	
    151	 -12.47	   0.85	 -0.007	1.00300	 -12.08	   2.35	  0.049	1.00229			#	   1.33	  43.97	
    152	 -14.01	   1.05	 -0.029	1.00327	 -12.50	   2.38	  0.065	1.00333			#	   1.46	  45.53	
    153	 -14.69	  -0.47	 -0.053	1.00322	 -15.34	   1.60	  0.060	1.00318			#	   1.73	  46.09	
    154	 -13.09	  -0.55	 -0.051	1.00313	 -12.93	   0.19	 -0.016	1.00270			#	   1.69	  41.75	
    155	 -13.76	   0.41	 -0.047	1.00286	 -13.64	   1.72	  0.056	1.00337			#	   1.44	  44.70	
    156	 -12.23	  -0.95	 -0.074	1.00212	 -12.19	   0.68	 -0.010	1.00277			#	   1.19	  45.05	
    157	 -12.40	  -1.84	 -0.073	1.00249	 -11.74	  -0.79	 -0.007	1.00259			#	   1.10	  47.35	
    158	 -12.20	  -1.22	 -0.044	1.00225	 -12.79	  -1.16	  0.029	1.00203			#	   1.68	  46.92	
    159	  -9.74	  -0.14	 -0.026	1.00120	 -10.79	   0.67	  0.038	1.00236			#	   1.56	  51.04	
    160	  -8.85	  -2.04	 -0.032	0.99964	  -8.16	  -1.58	  0.040	0.99895			#	   1.11	  53.60	
    161	  -9.61	  -1.13	 -0.017	1.00000	  -9.12	  -2.47	  0.059	0.99992			#	   0.88	  56.21	
    162	  -9.54	   0.30	 -0.042	0.99992	  -8.69	   0.27	  0.032	0.99865			#	   0.84	  50.43	
    163	 -11.41	   0.55	 -0.068	1.00205	 -10.04	   1.82	  0.029	1.00263			#	   1.15	  46.57	
    164	 -13.01	  -0.69	 -0.091	1.00196	 -11.24	  -0.22	 -0.034	1.00017			#	   1.53	  39.93	
    165	 -17.23	   1.66	 -0.069	1.00339	 -14.96	   2.14	  0.042	1.00401			#	   2.75	  36.63	
    166	 -18.84	  -0.07	 -0.073	1.00369	 -18.39	   3.40	  0.049	1.00285			#	   2.06	  35.59	
    167	 -20.47	  -1.96	 -0.087	1.00434	 -20.00	  -0.80	  0.061	1.00224			#	   2.72	  32.77	
    168	 -21.80	   1.92	 -0.099	1.00547	 -19.72	   2.95	  0.018	1.00631			#	   2.43	  28.73	
    169	 -21.66	   1.08	 -0.055	1.00484	 -22.95	   4.01	  0.066	1.00424			#	   3.00	  29.95	
    170	 -20.30	   0.65	 -0.074	1.00436	 -18.99	   1.46	  0.000	1.00238			#	   1.95	  26.43	
    171	 -21.12	   1.01	 -0.051	1.00566	 -21.16	   4.14	  0.092	1.00566			#	   2.26	  31.55	
    172	 -21.57	   0.03	 -0.111	1.00569	 -20.10	   2.53	  0.022	1.00629			#	   1.85	  29.30	
    173	 -23.32	  -1.32	 -0.111	1.00555	 -22.37	   1.80	  0.026	1.00543			#	   2.46	  29.60	
    174	 -23.23	  -1.28	 -0.096	1.00568	 -23.53	   0.65	  0.075	1.00629			#	   2.27	  28.52	
    175	 -21.48	   0.38	 -0.125	1.00635	 -21.50	   1.27	 -0.021	1.00587			#	   2.42	  28.78	
    176	 -21.41	   3.00	 -0.094	1.00553	 -21.37	   5.08	  0.027	1.00551			#	   2.54	  29.99	
    177	 -21.25	   3.45	 -0.083	1.00486	 -20.25	   5.49	  0.052	1.00500			#	   2.09	  30.51	
    178	 -20.17	   2.22	 -0.053	1.00416	 -20.38	   5.25	  0.048	1.00474			#	   1.67	  31.55	
    179	 -20.75	   0.50	 -0.041	1.00527	 -19.11	   2.56	  0.068	1.00455			#	   1.39	  29.38	
    180	 -23.80	   0.02	 -0.040	1.00643	 -22.78	   3.49	  0.128	1.00579			#	   2.68	  31.68	
    181	 -26.01	   0.88	 -0.038	1.00618	 -23.99	   2.55	  0.104	1.00697			#	   1.79	  27.00	
    182	 -27.09	   1.38	 -0.011	1.00906	 -26.53	   5.09	  0.116	1.00922			#	   3.13	  28.78	
    183	 -24.47	  -0.17	 -0.080	1.00883	 -23.85	   2.89	 -0.019	1.01013			#	   2.21	  26.26	
    184	 -23.44	  -0.49	 -0.104	1.00778	 -21.31	   2.32	 -0.007	1.00979			#	   1.90	  28.21	
    185	 -19.90	  -3.42	 -0.162	1.00540	 -21.30	  -2.17	 -0.180	1.00650			#	   1.78	  27.34	
    186	 -16.33	  -0.83	 -0.126	1.00642	 -12.68	  -0.76	 -0.145	1.00845			#	   0.97	  29.17	
    187	 -18.01	  -1.34	 -0.118	1.00593	 -16.17	   1.46	 -0.077	1.00663			#	   1.85	  29.56	
    188	 -18.88	  -1.25	 -0.156	1.00705	 -14.93	   0.28	 -0.124	1.00864			#	   1.97	  29.25	
    189	 -22.84	  -1.84	 -0.159	1.00764	 -20.34	   0.73	 -0.088	1.00720			#	   2.65	  28.04	
    190	 -23.90	   1.61	 -0.153	1.00908	 -21.18	   2.69	 -0.081	1.01137			#	   2.98	  26.74	
    191	 -23.06	   1.79	 -0.131	1.00854	 -20.26	   5.57	 -0.132	1.01005			#	   1.84	  26.13	
    192	 -24.50	  -0.65	 -0.106	1.00892	 -21.49	   2.74	 -0.058	1.01005			#	   2.73	  26.39	
    193	 -26.31	  -1.53	 -0.126	1.00894	 -24.63	   1.81	  0.013	1.01000			#	   2.46	  27.26	
    194	 -23.79	  -2.21	 -0.150	1.00837	 -23.52	   1.61	 -0.077	1.01049			#	   2.62	  28.34	
    195	 -21.40	  -3.17	 -0.170	1.00788	 -19.37	  -2.68	 -0.202	1.00894			#	   1.41	  26.17	
    196	 -22.13	  -0.41	 -0.097	1.00723	 -19.99	   2.26	 -0.023	1.00930			#	   1.81	  29.51	
    197	 -21.73	  -1.89	 -0.136	1.00688	 -19.86	   0.07	 -0.090	1.00795			#	   1.63	  28.78	
    198	 -22.17	  -0.98	 -0.132	1.00720	 -20.63	   2.27	 -0.005	1.00910			#	   1.63	  30.69	
    199	 -19.73	  -3.21	 -0.198	1.00606	 -19.07	  -2.06	 -0.226	1.00659			#	   1.97	  27.17	
    200	 -20.99	  -1.36	 -0.136	1.00697	 -18.47	   1.96	 -0.021	1.00902			#	   1.91	  30.77	
    201	 -21.85	  -3.24	 -0.130	1.00521	 -21.50	  -1.07	 -0.028	1.00419			#	   2.52	  30.12	
    202	 -22.85	  -1.18	 -0.085	1.00551	 -21.72	   0.51	  0.050	1.00605			#	   1.81	  33.38	
    203	 -22.31	   1.02	 -0.078	1.00559	 -22.48	   2.48	  0.083	1.00664			#	   1.82	  34.16	
    204	 -19.10	   1.78	 -0.088	1.00500	 -19.80	   4.60	  0.011	1.00613			#	   2.58	  35.98	
    205	 -16.28	   0.93	 -0.093	1.00311	 -16.25	   2.07	 -0.027	1.00266			#	   1.51	  34.90	
    206	 -16.79	   0.70	 -0.105	1.00391	 -15.25	   3.19	 -0.010	1.00443			#	   1.38	  37.89	
    207	 -17.75	  -1.55	 -0.095	1.00395	 -16.91	   0.99	 -0.002	1.00366			#	   1.53	  35.63	
    208	 -19.16	  -2.30	 -0.113	1.00453	 -18.10	   0.23	  0.021	1.00532			#	   1.31	  37.24	
    209	 -19.18	  -2.63	 -0.135	1.00415	 -18.57	  -1.59	 -0.061	1.00320			#	   1.42	  33.33	
    210	 -20.25	  -0.98	 -0.126	1.00554	 -18.74	   1.21	 -0.021	1.00678			#	   2.51	  34.07	
    211	 -20.82	  -1.24	 -0.137	1.00615	 -19.59	   1.57	 -0.045	1.00663			#	   2.59	  33.94	
    212	 -20.15	  -2.23	 -0.155	1.00598	 -19.68	   0.66	 -0.051	1.00684			#	   1.69	  34.20	
    213	 -19.14	  -2.67	 -0.182	1.00593	 -17.40	  -1.26	 -0.164	1.00730			#	   2.00	  32.29	
    214	 -17.98	  -1.97	 -0.157	1.00575	 -17.47	  -1.13	 -0.160	1.00725			#	   1.64	  31.21	
    215	 -19.09	   1.30	 -0.117	1.00562	 -14.71	   2.18	 -0.050	1.00699			#	   2.05	  32.73	
    216	 -19.65	  -0.05	 -0.095	1.00672	 -20.46	   4.15	  0.009	1.00710			#	   3.20	  32.68	
    217	 -18.68	  -1.59	 -0.149	1.00575	 -16.87	   0.31	 -0.119	1.00643			#	   1.53	  32.77	
    218	 -18.66	   0.33	 -0.104	1.00594	 -18.27	   0.68	 -0.057	1.00706			#	   2.00	  32.25	
    219	 -17.28	   2.12	 -0.076	1.00364	 -16.26	   4.37	 -0.012	1.00507			#	   1.81	  34.38	
    220	 -15.82	  -1.11	 -0.097	1.00423	 -15.37	   2.35	 -0.020	1.00451			#	   1.51	  34.94	
    221	 -18.10	  -3.19	 -0.117	1.00306	 -15.96	  -2.28	 -0.026	1.00202			#	   1.36	  35.29	
    222	 -20.87	  -1.82	 -0.088	1.00548	 -19.43	   0.61	  0.019	1.00620			#	   2.61	  39.24	
    223	 -18.55	  -0.86	 -0.064	1.00531	 -19.24	   0.16	 -0.004	1.00590			#	   2.07	  36.89	
    224	 -17.17	   1.08	 -0.060	1.00362	 -16.52	   1.90	  0.029	1.00356			#	   1.43	  36.98	
    225	 -17.16	   1.39	 -0.055	1.00357	 -16.09	   4.32	  0.028	1.00467			#	   1.66	  37.50	
    226	 -18.93	  -1.88	 -0.049	1.00437	 -17.09	   1.00	  0.061	1.00287			#	   2.03	  36.76	
    227	 -20.47	  -0.87	 -0.069	1.00560	 -19.10	   0.49	  0.032	1.00644			#	   2.13	  33.20	
    228	 -21.27	  -1.23	 -0.107	1.00575	 -19.48	   2.80	  0.026	1.00655			#	   2.44	  33.59	
    229	 -21.65	  -4.95	 -0.125	1.00653	 -22.12	  -1.86	 -0.024	1.00563			#	   2.29	  30.82	
    230	 -21.66	  -2.55	 -0.150	1.00716	 -18.51	  -2.10	 -0.136	1.00908			#	   2.19	  29.43	
    231	 -22.82	  -0.62	 -0.102	1.00738	 -21.01	   1.97	 -0.030	1.00844			#	   2.81	  31.42	
    232	 -21.33	  -1.31	 -0.126	1.00806	 -19.22	   2.46	 -0.072	1.01026			#	   1.77	  29.77	
    233	 -21.29	  -4.65	 -0.116	1.00671	 -21.76	  -1.05	 -0.010	1.00572			#	   2.90	  31.64	
    234	 -21.71	  -3.18	 -0.175	1.00747	 -18.11	  -1.94	 -0.142	1.01020			#	   2.48	  30.60	
    235	 -23.77	  -2.66	 -0.098	1.00671	 -23.31	  -0.95	 -0.030	1.00416			#	   1.99	  30.03	
    236	 -23.99	   1.75	 -0.133	1.00894	 -21.45	   3.55	 -0.024	1.01136			#	   2.54	  29.90	
    237	 -21.51	   1.01	 -0.152	1.00723	 -20.85	   4.48	 -0.116	1.00816			#	   1.49	  29.30	
    238	 -21.47	  -0.55	 -0.163	1.00689	 -17.84	   1.50	 -0.138	1.00831			#	   2.02	  30.60	
    239	 -22.24	  -1.02	 -0.135	1.00680	 -21.25	   2.28	 -0.044	1.00817			#	   1.83	  32.60	
    240	 -21.86	  -3.66	 -0.190	1.00809	 -16.03	  -0.70	 -0.128	1.00969			#	   2.10	  25.04	
    241	 -26.47	  -3.06	 -0.186	1.00993	 -22.24	  -0.80	 -0.096	1.01172			#	   2.43	  26.35	
    242	 -30.18	  -1.07	 -0.173	1.01069	 -25.34	   2.57	 -0.066	1.01312			#	   2.86	  25.95	
    243	 -31.43	  -1.77	 -0.182	1.01239	 -26.91	   2.25	 -0.163	1.01509			#	   3.53	  23.00	
    244	 -33.31	  -2.36	 -0.074	1.01169	 -31.22	   3.49	  0.081	1.01419			#	   3.42	  26.69	
    245	 -31.00	  -5.47	 -0.137	1.00948	 -31.20	  -1.17	  0.006	1.01031			#	   3.10	  26.39	
    246	 -26.32	  -4.21	 -0.182	1.00982	 -24.67	  -1.34	 -0.054	1.01360			#	   2.65	  27.39	
    247	 -23.29	  -4.46	 -0.198	1.00836	 -23.06	  -1.57	 -0.141	1.00977			#	   2.18	  28.47	
    248	 -20.36	  -2.78	 -0.149	1.00729	 -19.33	  -0.72	 -0.123	1.01032			#	   1.68	  28.69	
    249	 -19.39	  -2.67	 -0.150	1.00686	 -17.48	  -1.94	 -0.123	1.00763			#	   1.29	  30.30	
    250	 -20.23	   1.08	 -0.115	1.00704	 -16.92	   3.13	 -0.074	1.00934			#	   1.81	  30.77	
    251	 -22.20	   0.80	 -0.057	1.00749	 -19.97	   4.25	  0.021	1.00793			#	   2.83	  30.51	
    252	 -23.43	   1.19	 -0.056	1.00770	 -19.68	   4.06	  0.022	1.01027			#	   1.35	  28.21	
    253	 -25.59	  -1.31	 -0.083	1.00837	 -23.76	   5.13	  0.132	1.01030			#	   2.46	  33.16	
    254	 -23.42	  -5.37	 -0.193	1.00794	 -23.17	  -3.56	 -0.137	1.00902			#	   1.82	  29.95	
    255	 -22.22	  -2.48	 -0.135	1.00721	 -21.57	  -0.20	 -0.073	1.00937			#	   2.57	  34.29	
    256	 -20.55	  -1.24	 -0.099	1.00609	 -18.67	   0.40	 -0.051	1.00860			#	   1.99	  34.20	
    257	 -21.23	  -1.87	 -0.096	1.00581	 -20.28	   0.93	  0.005	1.00670			#	   1.47	  37.11	
    258	 -20.39	  -1.78	 -0.140	1.00678	 -19.40	   1.01	 -0.005	1.00858			#	   2.13	  35.76	
    259	 -18.51	  -4.05	 -0.178	1.00531	 -19.44	  -0.62	 -0.116	1.00624			#	   1.99	  36.15	
    260	 -16.22	  -4.87	 -0.079	1.00413	 -17.54	  -2.86	 -0.029	1.00529			#	   1.59	  41.15	
    261	 -13.11	  -4.00	 -0.031	1.00365	 -11.53	  -4.44	 -0.079	1.00566			#	   1.25	  32.90	
    262	 -16.78	  -3.44	  0.005	1.00472	 -14.71	  -0.13	  0.133	1.00585			#	   1.90	  39.37	
    263	 -15.15	  -5.20	  0.014	1.00446	 -16.80	  -2.85	  0.097	1.00637			#	   1.93	  39.41	
    264	 -11.97	  -4.87	 -0.012	1.00328	 -12.14	  -4.79	  0.033	1.00400			#	   1.21	  40.76	
    265	 -12.46	  -1.44	 -0.023	1.00342	 -10.81	  -1.18	  0.032	1.00498			#	   1.01	  40.28	
    266	 -15.22	   0.64	 -0.045	1.00447	 -13.58	   0.76	  0.030	1.00385			#	   1.91	  39.84	
    267	 -17.58	   1.90	 -0.035	1.00539	 -16.60	   5.52	  0.080	1.00610			#	   1.95	  40.84	
    268	 -15.71	  -1.90	 -0.035	1.00488	 -17.28	   1.44	  0.057	1.00481			#	   2.08	  40.23	
    269	 -13.48	  -2.09	 -0.019	1.00338	 -14.41	  -0.89	  0.055	1.00441			#	   1.30	  44.40	
    270	 -10.37	   0.35	 -0.010	1.00220	 -10.18	  -0.95	 -0.017	1.00326			#	   1.17	  44.36	
    271	  -9.37	   2.67	  0.053	1.00184	  -9.43	   3.93	  0.108	1.00299			#	   1.09	  49.39	
    272	  -9.03	   0.11	  0.013	1.00152	  -7.86	   2.36	  0.070	1.00107			#	   0.81	  49.39	
    273	  -9.99	  -1.08	  0.015	1.00234	 -10.69	  -0.52	  0.106	1.00257			#	   0.85	  52.43	
    274	  -6.30	  -0.03	  0.025	1.00082	  -7.26	   0.35	  0.013	1.00221			#	   0.89	  46.70	
    275	  -7.53	  -0.69	  0.048	1.00106	  -6.20	   0.08	  0.081	1.00064			#	   0.68	  56.68	
    276	  -7.94	  -0.93	  0.057	1.00138	  -8.84	  -0.35	  0.142	1.00193			#	   0.88	  55.86	
    277	  -6.05	   0.21	  0.003	1.00057	  -5.94	  -0.37	  0.038	1.00080			#	   1.11	  57.51	
    278	  -5.49	   0.45	 -0.007	1.00078	  -6.26	   1.51	  0.036	1.00108			#	   1.04	  57.12	
    279	  -4.93	  -0.06	 -0.002	1.00037	  -4.63	  -0.15	  0.019	0.99988			#	   1.02	  62.80	
    280	  -4.78	  -0.23	 -0.013	1.00028	  -5.14	   0.60	  0.031	1.00017			#	   1.32	  62.54	
    281	  -4.80	  -1.90	 -0.036	1.00052	  -4.51	  -1.68	 -0.009	1.00020			#	   1.09	  62.54	
    282	  -6.56	   0.59	 -0.001	1.00084	  -5.55	  -0.41	  0.026	1.00094			#	   1.03	  60.50	
    283	  -5.59	   1.49	  0.041	1.00049	  -7.08	   2.01	  0.076	1.00095			#	   1.14	  61.20	
    284	  -2.38	   1.10	  0.029	0.99979	  -3.48	   1.33	  0.054	0.99948			#	   0.90	  66.19	
    285	  -1.54	   0.33	 -0.005	0.99982	  -1.28	   0.70	  0.011	0.99961			#	   1.04	  65.49	
    286	  -3.80	   0.19	 -0.022	1.00014	  -2.59	  -0.13	  0.008	0.99994			#	   0.83	  65.97	
    287	  -4.42	   1.32	  0.003	1.00061	  -5.51	   1.17	  0.043	1.00043			#	   0.99	  62.59	
    288	  -0.77	   0.41	 -0.002	0.99973	  -2.24	   1.06	 -0.008	0.99993			#	   1.01	  64.76	
    289	  -1.71	  -0.24	 -0.010	0.99999	  -0.27	  -0.26	 -0.006	0.99958			#	   1.00	  65.36	
    290	  -9.17	   2.02	  0.050	1.00191	  -9.40	   2.81	  0.138	1.00236			#	   3.20	  52.34	
    291	  -1.60	   0.07	  0.023	0.99980	  -2.69	  -0.06	  0.026	0.99979			#	   0.45	  70.62	
    292	  -0.72	  -0.15	  0.030	0.99994	  -1.26	   0.58	  0.043	1.00004			#	   0.60	  71.57	
    293	   0.35	  -2.91	  0.004	1.00005	  -0.26	  -1.83	  0.025	1.00041			#	   0.71	  68.23	
    294	  -0.42	  -1.46	  0.011	0.99989	   0.49	  -3.37	 -0.020	1.00012			#	   0.57	  71.05	
    295	  -2.72	   0.14	  0.041	1.00011	  -2.35	   0.60	  0.080	1.00012			#	   0.51	  72.05	
    296	  -3.93	  -1.71	 -0.008	0.99991	  -3.58	  -0.93	  0.052	0.99992			#	   0.85	  69.05	
    297	  -3.96	  -2.73	 -0.042	1.00011	  -4.97	  -2.38	  0.009	1.00077			#	   0.96	  68.84	
    298	  -2.98	  -4.10	 -0.046	1.00031	  -3.22	  -3.84	 -0.026	0.99996			#	   1.01	  64.93	
    299	  -4.24	  -1.14	 -0.011	1.00015	  -4.43	  -3.11	  0.005	1.00062			#	   0.72	  74.09	
    300	  -3.55	   0.65	  0.011	0.99994	  -4.41	   1.29	  0.060	1.00008			#	   0.86	  71.79	
    301	  -1.93	  -3.19	 -0.043	0.99982	  -2.89	  -1.49	 -0.008	1.00015			#	   0.89	  75.48	
    302	  -3.04	  -4.22	 -0.028	1.00024	  -2.18	  -4.55	 -0.030	1.00070			#	   1.14	  72.70	
    303	  -4.48	  -3.23	  0.008	1.00006	  -4.83	  -3.97	  0.044	1.00074			#	   1.02	  72.14	
    304	  -5.29	  -2.16	  0.004	1.00006	  -5.01	  -2.18	  0.059	1.00035			#	   0.84	  74.44	
    305	  -4.20	  -3.44	 -0.036	0.99987	  -5.70	  -2.86	  0.030	1.00028			#	   1.44	  73.26	
    306	  -4.08	  -1.80	 -0.093	1.00045	  -3.63	  -3.48	 -0.051	1.00034			#	   1.02	  71.05	
    307	  -3.11	   0.34	 -0.082	0.99977	  -4.37	   0.21	 -0.060	1.00025			#	   1.31	  74.35	
    308	  -2.76	  -1.48	 -0.081	0.99998	  -2.73	   0.28	 -0.060	0.99972			#	   2.30	  69.05	
    309	  -2.36	  -3.76	 -0.060	1.00022	  -3.13	  -4.07	 -0.056	1.00064			#	   3.42	  65.19	
    310	  -1.53	  -2.24	 -0.026	0.99998	  -1.93	  -2.47	 -0.018	1.00039			#	   3.64	  66.49	
    311	  -2.10	  -3.09	 -0.045	1.00017	  -1.43	  -2.54	 -0.033	1.00013			#	   3.82	  63.19	
    312	  -5.05	  -2.77	 -0.033	1.00060	  -4.43	  -2.81	  0.007	1.00057			#	   4.15	  62.15	
    313	  -4.33	  -4.63	 -0.021	1.00038	  -5.73	  -3.03	  0.013	1.00033			#	   4.81	  59.55	
    314	  -3.57	  -4.04	 -0.015	1.00071	  -4.21	  -5.15	  0.014	1.00125			#	   4.78	  57.73	
    315	  -0.35	  -3.58	 -0.025	0.99972	  -2.28	  -3.03	 -0.020	1.00013			#	   6.05	  59.59	
    316	  -2.15	  -1.53	 -0.053	1.00081	  -0.00	  -3.63	 -0.053	1.00044			#	   4.65	  56.16	
    317	  -3.84	   1.72	  0.008	1.00017	  -4.81	   0.85	  0.018	0.99975			#	   4.62	  57.29	
    318	  -4.22	   2.84	  0.023	0.99995	  -3.78	   3.43	  0.044	0.99927			#	   4.12	  57.90	
    319	  -4.58	   1.87	  0.024	1.00027	  -5.34	   1.91	  0.061	0.99933			#	   4.19	  56.81	
    320	  -3.77	   1.04	  0.004	1.00008	  -4.71	   2.06	  0.033	0.99965			#	   3.92	  57.73	
    321	  -1.95	  -1.89	 -0.015	0.99999	  -2.58	  -0.50	  0.010	0.99998			#	   3.63	  64.71	
    322	  -2.01	  -2.70	 -0.025	1.00006	  -1.74	  -3.27	 -0.006	1.00019			#	   3.32	  63.80	
    323	  -2.80	  -1.03	 -0.025	0.99979	  -2.91	  -0.69	  0.005	1.00059			#	   2.81	  63.93	
    324	  -1.98	  -5.06	 -0.050	0.99995	  -1.68	  -3.08	 -0.046	1.00032			#	   2.34	  64.67	
    325	  -2.91	  -5.99	 -0.018	0.99994	  -3.10	  -6.42	 -0.012	1.00122			#	   2.76	  61.28	
    326	  -1.72	  -6.32	  0.014	1.00034	  -1.37	  -6.41	  0.003	1.00053			#	   2.77	  61.02	
    327	  -5.00	  -3.46	  0.031	1.00024	  -3.50	  -5.00	  0.075	1.00139			#	   2.18	  63.63	
    328	  -5.42	  -1.87	  0.006	0.99979	  -5.12	  -2.51	  0.054	1.00010			#	   2.75	  63.15	
    329	  -5.71	  -1.11	 -0.001	0.99992	  -5.70	  -0.93	  0.041	1.00011			#	   2.53	  64.06	
    330	  -3.98	  -0.89	  0.009	1.00002	  -4.80	  -1.61	  0.026	1.00008			#	   2.81	  63.41	
    331	  -0.79	  -0.99	  0.026	0.99986	  -2.98	   0.18	  0.048	1.00018			#	   3.08	  66.36	
    332	   3.05	  -0.48	  0.010	0.99998	   2.86	  -2.35	 -0.044	0.99989			#	   3.03	  68.88	
    333	   3.07	   1.41	  0.031	0.99991	   2.31	   2.24	  0.019	1.00008			#	   3.57	  68.62	
    334	   3.02	   0.30	  0.011	1.00003	   4.90	  -0.48	 -0.038	0.99977			#	   2.26	  67.80	
    335	  -2.37	   3.18	  0.061	1.00009	  -0.42	   1.99	  0.063	0.99962			#	   2.07	  66.23	
    336	  -2.94	   2.84	  0.082	0.99964	  -3.50	   4.33	  0.108	0.99929			#	   1.77	  68.06	
    337	  -2.38	   0.19	  0.045	0.99995	  -2.24	   1.13	  0.086	0.99996			#	   1.72	  69.40	
    338	  -1.90	  -2.08	 -0.015	0.99994	  -1.96	  -1.53	  0.018	1.00017			#	   1.73	  70.05	
    339	  -2.13	  -1.60	 -0.051	1.00000	  -2.19	  -1.55	 -0.012	1.00050			#	   1.60	  72.74	
    340	  -1.23	  -1.61	 -0.066	1.00016	  -1.21	  -2.47	 -0.082	1.00005			#	   1.76	  72.83	
    341	  -1.27	  -0.58	 -0.037	1.00013	  -1.34	  -0.30	 -0.037	1.00023			#	   1.54	  73.70	
    342	  -2.37	   0.09	 -0.028	1.00010	  -1.00	  -0.74	 -0.029	1.00003			#	   1.40	  74.74	
    343	  -2.86	   0.40	  0.014	0.99990	  -4.03	   0.59	  0.036	1.00009			#	   1.35	  75.69	
    344	   0.27	   0.46	  0.007	0.99981	  -1.20	   0.52	  0.022	0.99998			#	   1.69	  75.43	
    345	   3.07	   0.21	 -0.020	0.99989	   3.03	   0.48	 -0.057	0.99961			#	   1.95	  76.56	
    346	   2.24	  -0.75	 -0.015	1.00007	   2.34	  -0.50	 -0.034	1.00035			#	   1.63	  76.78	
    347	   1.83	  -1.00	 -0.011	1.00019	   1.91	  -0.53	 -0.033	0.99999			#	   1.49	  77.43	
    348	   2.37	   0.97	  0.022	1.00025	   2.55	  -1.02	 -0.009	1.00032			#	   1.33	  76.30	
    349	   2.27	   1.80	  0.018	0.99992	   2.08	   2.52	  0.002	0.99951			#	   1.37	  78.30	
    350	   1.23	   1.16	  0.022	1.00023	   1.66	   1.30	  0.010	0.99995			#	   0.99	  78.21	
    351	   1.42	   0.59	  0.030	0.99999	   1.46	   1.01	  0.017	0.99967			#	   1.17	  78.65	
    352	   0.94	   0.20	  0.025	1.00007	   0.90	  -0.11	  0.018	0.99995			#	   0.96	  80.86	
    353	   1.15	   2.18	  0.045	1.00008	   1.15	   1.31	  0.028	0.99986			#	   1.14	  79.17	
    354	   0.22	   3.73	  0.035	1.00019	   1.01	   2.45	  0.034	0.99948			#	   1.18	  77.95	
    355	   0.56	   4.41	  0.041	0.99989	  -0.49	   5.26	  0.043	0.99919			#	   1.45	  77.52	
    356	   3.58	   4.02	  0.044	1.00014	   2.10	   3.42	  0.012	0.99954			#	   1.86	  78.13	
    357	   5.25	   3.37	  0.028	0.99973	   5.32	   4.97	  0.002	0.99927			#	   1.71	  79.56	
    358	   6.54	  -2.77	 -0.038	0.99986	   4.37	   2.33	 -0.043	1.00171			#	   2.10	  65.23	
    359	   7.91	  -8.49	 -0.127	0.99964	   9.52	 -13.77	 -0.316	0.99834			#	   4.15	  49.65	
    360	   5.60	   0.75	  0.004	0.99980	   3.60	   0.52	 -0.057	1.00104			#	   0.74	  60.55	
    361	   8.12	  -1.01	  0.017	0.99912	   7.79	  -1.09	 -0.079	0.99768			#	   1.30	  62.20	
    362	   6.04	   1.29	  0.036	1.00032	   8.00	  -0.18	 -0.015	1.00087			#	   1.02	  77.69	
    363	   1.68	   3.01	  0.031	1.00008	   2.96	   2.64	  0.035	0.99953			#	   0.45	  80.60	
    364	   2.35	   1.40	  0.034	0.99981	   0.70	   3.14	  0.023	0.99950			#	   0.42	  83.16	
    365	   3.95	   0.32	  0.029	1.00003	   4.24	  -0.40	 -0.004	0.99997			#	   0.97	  84.03	
    366	   2.77	   0.68	  0.015	1.00014	   2.72	   1.24	  0.017	1.00019			#	   0.57	  82.94	
    367	   3.87	  -0.41	  0.008	1.00012	   3.73	  -0.93	 -0.050	0.99969			#	   0.81	  82.55	
    368	   3.60	   0.91	  0.055	1.00004	   2.46	   1.58	  0.044	1.00075			#	   0.79	  80.12	
    369	   5.50	  -0.98	  0.014	1.00002	   5.44	  -0.50	 -0.008	1.00014			#	   1.56	  83.33	
    370	   6.53	  -2.65	 -0.046	1.00004	   5.53	  -1.95	 -0.068	1.00028			#	   1.61	  79.17	
    371	   4.63	  -2.59	 -0.058	1.00051	   6.50	  -3.42	 -0.108	1.00058			#	   1.14	  83.12	
    372	   1.59	   0.98	  0.006	1.00013	   2.31	  -1.00	 -0.021	1.00030			#	   0.38	  86.11	
    373	   2.54	   0.84	  0.012	0.99990	   0.67	   2.71	  0.016	1.00000			#	   0.45	  85.76	
    374	   4.11	  -1.50	 -0.039	0.99987	   4.52	  -1.51	 -0.045	0.99998			#	   0.77	  86.72	
    375	   2.97	  -1.31	 -0.068	1.00003	   3.29	  -1.56	 -0.090	1.00021			#	   0.50	  85.29	
    376	   0.95	  -0.10	 -0.042	1.00014	   2.35	  -1.22	 -0.067	0.99995			#	   0.21	  87.07	
    377	  -0.97	   1.68	  0.007	1.00020	  -1.86	   2.29	  0.022	1.00027			#	   0.32	  85.20	
