      1	   3.47	   1.96	 -0.033	0.99999	   3.52	   1.91	 -0.063	0.99966			#	   0.46	  80.86	
      2	   2.73	   1.08	 -0.037	0.99994	   3.16	   1.54	 -0.063	0.99971			#	   0.66	  81.03	
      3	   1.05	   0.57	 -0.022	0.99997	   1.15	   0.39	 -0.036	0.99980			#	   0.13	  86.98	
      4	   1.68	   0.26	 -0.011	0.99992	   1.77	   0.47	 -0.023	0.99979			#	   0.25	  84.64	
      5	   1.52	  -0.20	 -0.006	1.00002	   1.03	  -0.14	 -0.016	1.00004			#	   0.21	  86.20	
      6	   3.45	   0.04	 -0.044	0.99996	   3.09	  -0.03	 -0.065	1.00005			#	   0.87	  84.94	
      7	   3.61	   0.26	 -0.058	0.99999	   3.57	   0.26	 -0.094	1.00002			#	   0.89	  84.77	
      8	   3.43	   0.02	 -0.021	1.00001	   3.37	   0.13	 -0.058	1.00001			#	   1.00	  85.03	
      9	   3.80	  -0.41	 -0.023	0.99996	   3.59	  -0.34	 -0.045	1.00013			#	   1.30	  83.85	
     10	   4.40	  -0.70	 -0.078	0.99987	   4.26	  -0.64	 -0.101	1.00001			#	   1.42	  84.29	
     11	   3.85	  -0.94	 -0.091	0.99995	   4.27	  -1.00	 -0.130	1.00006			#	   0.79	  85.98	
     12	   3.56	  -0.13	 -0.059	0.99996	   3.14	  -0.40	 -0.091	1.00003			#	   0.85	  84.72	
     13	   4.96	  -0.02	 -0.065	0.99991	   4.73	  -0.05	 -0.113	0.99981			#	   1.48	  84.51	
     14	   6.40	   1.11	 -0.057	0.99997	   5.54	   0.46	 -0.112	0.99962			#	   2.10	  71.57	
     15	   8.02	   1.80	 -0.051	1.00055	   8.40	   2.26	 -0.123	1.00013			#	   2.18	  68.66	
     16	   5.41	   0.33	 -0.076	1.00000	   6.06	   0.80	 -0.117	0.99973			#	   1.07	  76.61	
     17	   5.39	  -0.06	 -0.054	0.99999	   4.83	  -0.05	 -0.122	0.99986			#	   1.09	  80.30	
     18	   4.75	  -0.52	 -0.035	0.99990	   5.61	  -0.46	 -0.060	0.99988			#	   0.84	  80.16	
     19	   5.00	  -0.18	 -0.066	0.99991	   3.69	  -0.52	 -0.099	0.99987			#	   0.86	  80.43	
     20	   8.07	   0.33	 -0.058	1.00009	   8.17	   0.45	 -0.153	0.99995			#	   1.92	  69.84	
     21	   5.86	   0.07	 -0.004	1.00005	   6.65	   0.32	 -0.057	0.99984			#	   0.78	  74.00	
     22	   2.80	  -0.86	 -0.016	0.99996	   3.43	  -0.68	 -0.026	1.00007			#	   0.27	  79.86	
     23	   1.28	  -0.73	 -0.054	0.99994	   1.73	  -1.00	 -0.067	1.00005			#	   0.07	  83.16	
     24	   0.67	   0.04	 -0.037	1.00002	   0.32	  -0.20	 -0.051	0.99999			#	   0.04	  83.33	
     25	   1.60	   0.87	  0.029	0.99990	   2.07	   0.83	 -0.016	0.99975			#	   0.12	  82.38	
     26	  -3.26	   0.33	  0.066	1.00013	  -1.84	   0.40	  0.102	0.99998			#	   0.41	  81.16	
     27	  -3.46	   1.61	  0.029	1.00013	  -4.71	   1.01	  0.082	0.99996			#	   1.08	  82.07	
     28	   1.46	   3.64	 -0.019	0.99987	   0.64	   3.17	 -0.031	0.99912			#	   0.66	  79.34	
     29	   1.32	   3.75	 -0.048	0.99989	   1.92	   4.05	 -0.057	0.99911			#	   0.68	  79.38	
     30	  -1.08	   1.55	 -0.021	0.99998	  -0.25	   2.37	 -0.027	0.99961			#	   0.25	  80.69	
     31	  -3.72	  -0.15	  0.016	1.00014	  -3.35	  -0.04	  0.041	1.00020			#	   0.83	  79.56	
     32	  -2.82	  -0.06	  0.028	1.00010	  -3.14	  -0.06	  0.047	1.00015			#	   0.58	  80.86	
     33	  -2.32	   0.00	  0.018	1.00008	  -2.33	  -0.01	  0.053	1.00013			#	   0.53	  81.03	
     34	  -1.14	   0.19	 -0.018	1.00004	  -1.58	   0.22	 -0.020	1.00011			#	   0.20	  80.56	
     35	  -3.01	  -0.13	  0.021	1.00013	  -1.98	   0.00	  0.042	1.00003			#	   0.77	  81.68	
     36	  -2.90	   0.19	  0.001	1.00013	  -3.84	  -0.15	  0.040	1.00009			#	   1.05	  81.47	
     37	   0.77	   1.30	  0.013	0.99995	   0.24	   1.26	 -0.015	0.99978			#	   0.15	  81.77	
     38	  -0.07	   0.80	 -0.000	1.00001	   0.06	   0.97	  0.020	0.99987			#	   0.11	  84.16	
     39	   1.58	   0.25	 -0.004	0.99987	   1.30	   0.47	 -0.039	0.99976			#	   0.25	  81.25	
     40	  -0.73	  -0.95	  0.044	0.99999	   0.41	  -0.54	  0.047	1.00010			#	   0.17	  81.47	
     41	  -1.70	  -1.02	  0.010	1.00011	  -2.57	  -1.33	  0.044	1.00039			#	   0.39	  78.17	
     42	   1.40	   0.01	  0.016	0.99992	   1.41	  -0.17	 -0.012	0.99989			#	   0.41	  81.77	
     43	  -0.03	   0.25	 -0.005	1.00004	  -0.08	   0.12	  0.011	0.99993			#	   0.21	  84.33	
     44	   1.58	   1.19	 -0.040	0.99991	   2.16	   1.40	 -0.053	0.99970			#	   1.00	  76.56	
     45	  -0.16	   0.31	  0.017	1.00003	  -0.72	   0.09	 -0.002	1.00004			#	   0.16	  82.77	
     46	  -0.22	   0.98	 -0.019	1.00005	  -0.03	   0.79	  0.008	0.99984			#	   0.17	  81.64	
     47	   1.46	   1.82	 -0.039	0.99994	   0.65	   1.55	 -0.066	0.99958			#	   0.48	  78.04	
     48	   1.77	   1.90	 -0.008	0.99998	   2.30	   2.10	 -0.026	0.99961			#	   0.48	  74.44	
     49	  -0.77	   0.30	 -0.011	1.00002	   0.01	   0.88	 -0.015	0.99984			#	   0.20	  81.42	
     50	  -3.13	  -0.51	  0.014	1.00023	  -2.87	  -0.79	  0.055	1.00020			#	   0.89	  81.12	
     51	  -0.57	   1.35	 -0.015	1.00005	  -1.68	   0.84	 -0.013	0.99986			#	   0.28	  80.47	
     52	   0.08	   2.30	 -0.003	1.00002	   0.41	   2.08	 -0.008	0.99947			#	   0.64	  80.64	
     53	   0.89	   3.15	  0.002	0.99996	   0.22	   3.04	 -0.005	0.99947			#	   0.83	  80.95	
     54	  -0.02	   2.75	 -0.009	0.99999	   1.15	   3.06	 -0.012	0.99937			#	   0.58	  81.12	
     55	  -2.49	   1.37	 -0.005	1.00015	  -2.65	   1.71	  0.017	0.99970			#	   0.85	  78.86	
     56	  -1.26	   1.62	  0.028	1.00010	  -1.35	   1.54	  0.032	0.99977			#	   0.42	  80.64	
     57	  -1.59	   1.68	  0.006	1.00011	  -1.54	   1.70	  0.032	0.99973			#	   0.55	  78.43	
     58	  -0.79	   1.82	 -0.025	1.00005	  -1.01	   1.76	 -0.015	0.99968			#	   0.68	  76.82	
     59	  -0.93	   1.81	 -0.004	1.00004	  -0.70	   1.89	 -0.005	0.99969			#	   0.60	  77.17	
     60	  -2.45	   1.93	  0.019	1.00013	  -1.89	   1.67	  0.032	0.99967			#	   1.16	  75.39	
     61	  -2.58	   2.31	  0.009	1.00010	  -2.75	   2.66	  0.040	0.99961			#	   1.30	  76.91	
     62	  -3.94	   1.92	  0.003	1.00017	  -3.63	   1.79	  0.032	0.99967			#	   1.25	  77.82	
     63	  -2.43	   2.84	  0.005	1.00005	  -2.60	   2.72	  0.037	0.99949			#	   0.91	  77.52	
     64	  -3.57	   2.83	 -0.039	1.00023	  -3.67	   2.85	 -0.009	0.99954			#	   1.46	  79.69	
     65	  -1.77	   3.20	  0.027	1.00005	  -1.86	   3.47	  0.035	0.99952			#	   0.57	  80.08	
     66	  -3.43	   1.29	 -0.021	1.00013	  -3.00	   1.94	  0.022	0.99961			#	   0.76	  79.04	
     67	  -2.70	   0.37	  0.031	1.00016	  -3.18	   0.61	  0.029	1.00005			#	   0.66	  80.82	
     68	  -3.19	   0.11	  0.044	1.00016	  -2.93	   0.11	  0.092	1.00008			#	   0.74	  80.90	
     69	  -1.84	   0.69	  0.032	1.00007	  -2.36	   0.44	  0.030	0.99994			#	   0.46	  80.95	
     70	  -2.09	   1.41	  0.038	1.00013	  -1.95	   1.27	  0.076	0.99974			#	   0.73	  80.51	
     71	   0.40	   1.98	  0.017	0.99992	  -0.60	   1.87	 -0.008	0.99961			#	   0.69	  79.77	
     72	  -1.00	   1.14	  0.062	1.00002	   0.41	   1.69	  0.081	0.99966			#	   0.64	  81.42	
     73	  -1.72	   0.18	 -0.001	1.00001	  -2.98	   0.05	  0.020	0.99997			#	   0.60	  82.03	
     74	   0.93	   0.62	  0.041	0.99993	   1.39	   0.83	  0.021	0.99976			#	   0.66	  81.16	
     75	  -1.65	  -0.20	  0.007	1.00008	  -1.39	  -0.26	  0.035	1.00007			#	   0.77	  81.12	
     76	   0.22	   1.26	  0.052	0.99996	  -0.43	   0.94	  0.030	0.99978			#	   0.80	  80.90	
     77	   0.56	   1.07	  0.065	0.99993	   0.79	   1.24	  0.069	0.99973			#	   0.79	  79.73	
     78	   0.36	   0.75	  0.016	0.99991	   0.32	   0.76	  0.024	0.99971			#	   0.70	  79.60	
     79	  -0.91	   0.29	  0.015	1.00008	   0.05	   0.48	  0.022	0.99999			#	   0.47	  80.95	
     80	  -1.99	   0.46	 -0.009	1.00009	  -3.05	   0.12	  0.018	0.99992			#	   1.10	  78.73	
     81	   2.53	   2.30	  0.039	0.99980	   2.06	   1.92	 -0.013	0.99957			#	   1.20	  76.35	
     82	  -0.32	   1.38	  0.031	1.00001	   0.85	   1.91	  0.053	0.99962			#	   0.76	  78.04	
     83	  -0.16	   1.08	  0.040	0.99999	  -1.13	   0.83	  0.027	0.99979			#	   0.52	  77.52	
     84	   0.36	   0.57	  0.059	0.99997	   1.41	   1.04	  0.065	0.99977			#	   0.62	  78.30	
     85	  -1.74	  -0.21	 -0.007	1.00008	  -2.31	  -0.23	  0.027	1.00006			#	   0.75	  79.08	
     86	   1.60	   0.83	  0.014	0.99987	   1.14	   0.52	 -0.027	0.99981			#	   0.74	  78.65	
     87	  -0.54	   0.51	  0.014	1.00005	   0.51	   0.90	  0.035	0.99990			#	   0.47	  78.78	
     88	  -0.85	   0.21	  0.001	1.00004	  -1.74	  -0.13	  0.000	0.99989			#	   0.80	  78.78	
     89	   1.25	   1.50	  0.038	0.99993	   1.42	   1.47	  0.020	0.99971			#	   1.14	  76.48	
     90	  -1.04	   0.80	  0.033	1.00008	  -0.54	   0.90	  0.043	0.99977			#	   0.47	  76.87	
     91	  -0.89	   1.11	  0.047	1.00006	  -1.22	   1.01	  0.060	0.99983			#	   0.60	  77.04	
     92	   0.47	   1.99	  0.003	0.99996	  -0.12	   1.63	  0.004	0.99964			#	   0.63	  75.22	
     93	   2.09	   2.55	 -0.002	0.99989	   2.17	   2.62	 -0.017	0.99943			#	   1.58	  73.48	
     94	   0.22	   2.05	 -0.002	0.99997	   0.79	   2.02	 -0.007	0.99955			#	   0.39	  75.91	
     95	  -0.52	   1.65	  0.017	0.99997	  -0.33	   1.96	  0.023	0.99968			#	   0.62	  76.56	
     96	  -1.29	   0.65	 -0.025	1.00004	  -1.41	   0.74	 -0.009	0.99980			#	   1.06	  75.35	
     97	   0.08	   1.09	  0.032	0.99996	  -0.06	   0.87	  0.011	0.99976			#	   0.52	  77.34	
     98	  -0.74	   1.57	  0.032	1.00011	  -0.52	   1.55	  0.053	0.99974			#	   0.71	  74.31	
     99	   0.17	   1.97	  0.017	0.99994	  -0.11	   1.94	  0.007	0.99958			#	   0.95	  75.78	
    100	  -0.67	   1.43	  0.028	1.00005	  -0.19	   1.69	  0.040	0.99969			#	   1.13	  77.04	
    101	  -0.70	   0.87	  0.040	0.99997	  -1.00	   0.84	  0.028	0.99978			#	   0.83	  77.17	
    102	  -1.36	   0.85	  0.049	1.00005	  -0.94	   1.05	  0.081	0.99985			#	   1.01	  76.91	
    103	  -1.10	   0.63	 -0.023	1.00001	  -1.46	   0.44	 -0.013	0.99980			#	   1.11	  77.00	
    104	  -0.75	   1.31	  0.044	1.00003	  -0.27	   1.37	  0.026	0.99980			#	   0.61	  76.82	
    105	  -3.07	   0.82	  0.019	1.00016	  -2.96	   0.85	  0.076	0.99990			#	   1.20	  75.87	
    106	  -0.22	   2.10	 -0.011	1.00001	  -1.43	   1.51	 -0.011	0.99958			#	   0.84	  75.74	
    107	   1.45	   2.54	 -0.031	0.99985	   2.13	   2.95	 -0.047	0.99935			#	   1.56	  75.43	
    108	  -2.41	   1.11	 -0.039	1.00015	  -1.78	   1.32	 -0.015	0.99976			#	   0.76	  73.39	
    109	  -0.95	   1.59	  0.017	1.00006	  -1.83	   1.41	  0.010	0.99980			#	   1.18	  74.65	
    110	  -0.82	   1.07	  0.018	0.99999	   0.14	   1.50	  0.028	0.99973			#	   1.17	  76.61	
    111	  -3.20	   0.20	 -0.007	1.00015	  -3.47	   0.06	  0.022	0.99996			#	   1.28	  77.17	
    112	  -0.09	   1.74	  0.052	0.99997	  -0.88	   1.50	  0.037	0.99975			#	   1.44	  76.91	
    113	  -0.50	   0.80	  0.022	1.00001	   0.22	   1.21	  0.036	0.99968			#	   0.93	  77.13	
    114	  -1.44	   0.71	  0.037	1.00006	  -1.80	   0.55	  0.043	0.99996			#	   0.83	  76.13	
    115	  -1.14	   0.65	  0.037	1.00005	  -0.92	   0.73	  0.055	0.99985			#	   0.58	  76.69	
    116	  -0.60	   0.59	  0.022	1.00002	  -1.18	   0.61	  0.020	1.00002			#	   1.00	  75.52	
    117	  -0.38	   0.03	  0.036	1.00002	   0.08	   0.40	  0.040	1.00001			#	   0.58	  77.17	
    118	  -1.33	  -1.13	  0.011	1.00010	  -1.51	  -1.02	  0.025	1.00022			#	   0.90	  73.78	
    119	  -0.05	  -0.87	  0.049	0.99999	  -0.13	  -0.89	  0.040	1.00026			#	   1.43	  74.78	
    120	  -2.49	  -1.32	  0.003	1.00020	  -1.71	  -1.29	  0.046	1.00034			#	   0.88	  74.18	
    121	  -1.08	  -0.11	 -0.010	1.00009	  -2.35	  -0.62	 -0.002	1.00017			#	   1.25	  74.96	
    122	   0.67	   1.00	 -0.022	1.00006	   1.15	   0.93	 -0.027	0.99979			#	   1.21	  75.35	
    123	  -0.13	   1.23	 -0.043	1.00005	  -0.57	   1.15	 -0.044	0.99980			#	   1.33	  74.22	
    124	  -0.07	   0.80	  0.032	0.99996	   1.01	   1.26	  0.003	0.99977			#	   1.69	  71.27	
    125	  -4.39	  -0.99	  0.037	1.00031	  -4.09	  -0.69	  0.099	1.00027			#	   1.59	  73.65	
    126	  -1.98	  -0.18	  0.020	1.00008	  -2.80	  -0.55	  0.024	1.00021			#	   1.11	  73.35	
    127	  -2.58	   0.43	  0.013	1.00013	  -1.76	   0.46	  0.055	0.99995			#	   1.04	  74.05	
    128	  -2.47	   1.22	 -0.009	1.00005	  -3.32	   0.65	 -0.004	0.99967			#	   1.13	  71.40	
    129	  -0.83	   2.36	  0.048	0.99996	  -0.29	   2.42	  0.048	0.99953			#	   1.37	  71.57	
    130	  -3.51	   1.71	  0.016	1.00005	  -3.23	   1.88	  0.060	0.99954			#	   1.43	  68.53	
    131	  -3.22	   1.42	  0.020	1.00007	  -2.93	   1.34	  0.039	0.99956			#	   1.16	  71.18	
    132	  -4.54	   1.84	  0.036	1.00010	  -4.47	   1.71	  0.075	0.99954			#	   1.42	  70.57	
    133	  -3.14	   2.61	  0.013	0.99999	  -3.81	   2.33	  0.058	0.99940			#	   1.50	  71.27	
    134	  -0.54	   2.86	 -0.006	0.99995	  -0.91	   3.09	 -0.012	0.99945			#	   1.30	  74.09	
    135	  -2.91	   0.80	  0.001	1.00009	  -1.26	   1.70	  0.028	0.99968			#	   1.46	  72.18	
    136	  -6.40	  -0.76	 -0.004	1.00104	  -6.96	  -0.51	  0.055	1.00064			#	   2.78	  62.76	
    137	  -2.39	   0.74	  0.028	0.99996	  -3.30	   0.52	  0.041	0.99974			#	   0.75	  70.14	
    138	  -2.45	   0.27	 -0.002	1.00007	  -1.86	   0.48	  0.022	0.99993			#	   0.89	  74.87	
    139	  -3.69	   0.07	  0.006	1.00001	  -3.63	   0.01	  0.030	0.99979			#	   0.88	  72.35	
    140	  -3.63	   0.39	  0.007	1.00004	  -3.64	   0.39	  0.048	0.99981			#	   0.97	  72.44	
    141	  -3.05	   0.27	  0.006	1.00003	  -3.15	   0.26	  0.031	0.99987			#	   0.77	  72.27	
    142	  -2.61	   0.19	  0.010	1.00000	  -2.68	   0.27	  0.033	0.99983			#	   0.87	  71.48	
    143	  -2.94	   0.01	 -0.003	1.00005	  -2.77	   0.04	  0.029	0.99983			#	   1.80	  71.88	
    144	  -2.35	   0.11	 -0.025	1.00005	  -2.71	   0.03	 -0.005	0.99992			#	   0.94	  70.14	
    145	  -2.50	  -0.21	  0.000	1.00007	  -1.85	   0.00	  0.009	1.00002			#	   0.93	  72.87	
    146	  -3.44	  -0.42	  0.012	1.00011	  -3.85	  -0.57	  0.052	1.00004			#	   1.26	  70.75	
    147	  -0.75	   0.15	  0.007	0.99996	  -1.03	   0.10	  0.003	0.99998			#	   1.25	  74.05	
    148	  -2.96	  -0.60	 -0.026	1.00012	  -1.87	  -0.29	  0.020	1.00018			#	   1.10	  71.83	
    149	  -3.75	   0.01	 -0.040	1.00006	  -4.30	  -0.68	 -0.012	0.99987			#	   1.88	  69.49	
    150	  -1.24	   2.11	 -0.030	1.00002	  -1.48	   1.82	 -0.023	0.99970			#	   1.39	  71.57	
    151	  -2.02	   2.23	 -0.033	1.00007	  -1.78	   2.31	 -0.016	0.99956			#	   1.36	  71.70	
    152	  -0.96	   2.05	 -0.017	0.99998	  -1.40	   2.06	 -0.026	0.99962			#	   1.73	  71.83	
    153	  -1.76	   0.87	  0.030	1.00000	  -0.86	   1.56	  0.042	0.99984			#	   0.87	  73.52	
    154	  -4.19	  -0.68	 -0.012	1.00016	  -4.26	  -0.66	  0.043	1.00003			#	   1.33	  70.96	
    155	  -1.98	   0.74	 -0.011	1.00002	  -2.40	   0.26	 -0.007	0.99995			#	   1.38	  70.83	
    156	  -1.97	   1.17	 -0.021	1.00002	  -1.75	   1.14	  0.004	0.99978			#	   1.10	  73.48	
    157	  -2.05	   1.37	  0.002	1.00002	  -2.10	   1.19	 -0.003	0.99969			#	   1.28	  72.96	
    158	  -2.88	   1.61	  0.053	0.99999	  -2.27	   1.68	  0.067	0.99965			#	   1.57	  72.35	
    159	  -4.49	   1.65	  0.066	1.00007	  -4.17	   1.48	  0.102	0.99951			#	   1.78	  68.23	
    160	  -3.85	   2.19	  0.067	0.99996	  -4.12	   2.16	  0.113	0.99943			#	   1.17	  70.96	
    161	  -3.39	   1.71	 -0.006	0.99988	  -3.15	   1.85	  0.037	0.99942			#	   1.25	  69.84	
    162	  -3.17	   1.27	 -0.014	0.99996	  -3.19	   1.44	  0.012	0.99955			#	   0.99	  69.75	
    163	  -4.18	  -0.02	 -0.007	0.99997	  -3.31	   0.32	  0.022	0.99986			#	   1.09	  69.79	
    164	  -4.97	  -0.42	  0.015	1.00009	  -5.33	  -0.40	  0.057	1.00030			#	   1.70	  70.79	
    165	  -3.76	  -0.66	  0.019	0.99997	  -3.30	  -0.58	  0.058	1.00000			#	   1.19	  69.27	
    166	  -5.44	  -0.39	 -0.028	1.00011	  -5.22	  -0.71	  0.028	1.00017			#	   1.36	  71.61	
    167	  -4.00	   1.32	 -0.034	0.99995	  -4.46	   0.93	 -0.004	0.99967			#	   1.47	  69.75	
    168	  -4.04	   2.03	 -0.012	0.99999	  -3.17	   1.76	  0.003	0.99940			#	   1.55	  67.27	
    169	  -5.28	   2.49	  0.007	1.00004	  -5.50	   2.46	  0.068	0.99965			#	   1.77	  69.23	
    170	  -3.40	   2.84	  0.004	0.99996	  -3.60	   2.89	  0.010	0.99946			#	   1.38	  71.88	
    171	  -5.30	   1.73	  0.029	1.00010	  -4.13	   2.22	  0.091	0.99958			#	   1.36	  68.19	
    172	  -5.06	   1.01	 -0.030	0.99999	  -6.11	   0.91	  0.022	0.99979			#	   1.87	  69.57	
    173	  -2.54	   1.33	  0.004	1.00003	  -1.97	   1.31	  0.012	0.99971			#	   0.92	  72.35	
    174	  -4.18	   0.72	 -0.024	1.00001	  -4.30	   0.80	  0.029	0.99983			#	   0.97	  72.48	
    175	  -2.38	   1.24	 -0.009	0.99997	  -2.69	   1.18	 -0.007	0.99982			#	   1.18	  72.70	
    176	  -2.66	   0.37	  0.016	0.99998	  -2.38	   0.69	  0.041	0.99994			#	   1.42	  73.13	
    177	  -2.60	   0.03	  0.017	0.99999	  -2.69	  -0.04	  0.033	0.99999			#	   1.24	  72.96	
    178	  -2.65	   0.17	  0.011	1.00000	  -2.37	   0.21	  0.040	1.00000			#	   1.81	  72.31	
    179	  -2.86	   0.43	 -0.004	1.00002	  -3.05	   0.26	  0.023	0.99996			#	   0.97	  72.83	
    180	  -1.96	   0.40	  0.016	0.99996	  -1.91	   0.55	  0.028	0.99998			#	   1.25	  73.65	
    181	  -2.02	   0.28	  0.027	1.00001	  -2.38	   0.25	  0.040	1.00000			#	   1.23	  74.18	
    182	  -0.74	  -0.29	  0.028	0.99992	  -0.34	   0.11	  0.030	1.00001			#	   1.09	  74.22	
    183	  -3.97	  -1.25	 -0.010	1.00011	  -3.41	  -1.32	  0.050	1.00031			#	   1.50	  71.18	
    184	  -1.02	   0.18	 -0.052	0.99998	  -2.36	  -0.42	 -0.048	1.00002			#	   1.49	  73.44	
    185	  -0.44	   1.33	 -0.045	0.99998	   0.61	   1.40	 -0.046	0.99970			#	   1.41	  73.09	
    186	  -2.56	   1.29	 -0.029	1.00001	  -2.98	   1.00	 -0.014	0.99979			#	   1.48	  71.53	
    187	   0.27	   1.57	  0.015	0.99987	   0.15	   1.96	 -0.002	0.99969			#	   1.84	  72.74	
    188	  -2.42	  -0.57	  0.012	1.00001	  -1.43	   0.01	  0.039	1.00003			#	   1.15	  72.40	
    189	  -3.13	  -0.77	 -0.006	1.00004	  -3.55	  -1.18	  0.035	1.00020			#	   1.95	  73.09	
    190	  -0.36	   0.43	 -0.037	0.99994	  -0.90	   0.17	 -0.042	0.99991			#	   1.60	  73.91	
    191	  -0.12	   1.10	 -0.028	0.99998	   0.09	   1.11	 -0.023	0.99982			#	   1.53	  73.70	
    192	  -0.86	   0.79	 -0.012	1.00001	  -0.74	   0.78	 -0.019	0.99982			#	   1.70	  74.22	
    193	   0.00	   1.04	  0.031	0.99997	  -0.33	   1.05	  0.025	0.99982			#	   1.45	  73.31	
    194	  -0.90	   0.09	  0.007	0.99998	  -0.01	   0.53	  0.020	0.99989			#	   1.15	  74.87	
    195	  -2.50	  -0.72	  0.003	1.00001	  -2.69	  -0.73	  0.035	1.00010			#	   1.52	  72.66	
    196	  -0.70	   0.05	 -0.011	0.99994	  -1.30	  -0.20	 -0.009	1.00004			#	   1.28	  73.13	
    197	   0.69	   0.35	  0.021	0.99998	   0.66	   0.43	 -0.000	0.99986			#	   1.75	  73.35	
    198	  -0.24	   0.15	  0.031	0.99999	   0.10	   0.17	  0.033	0.99994			#	   1.69	  74.18	
    199	  -1.00	  -0.13	  0.036	0.99995	  -0.68	   0.10	  0.048	0.99996			#	   1.30	  72.92	
    200	  -2.21	  -0.98	 -0.009	0.99998	  -2.27	  -0.90	  0.027	1.00020			#	   1.41	  72.79	
    201	   0.16	  -0.27	 -0.015	0.99995	  -0.46	  -0.63	 -0.033	1.00001			#	   1.96	  72.96	
    202	   0.38	   0.29	 -0.012	1.00000	   0.45	   0.22	  0.001	0.99993			#	   1.71	  72.92	
    203	   0.32	   0.31	 -0.016	0.99994	   0.46	   0.41	 -0.038	0.99993			#	   1.43	  73.91	
    204	  -0.57	  -0.32	  0.026	1.00001	  -0.33	  -0.07	  0.031	1.00006			#	   0.89	  73.52	
    205	  -1.13	  -1.13	 -0.001	1.00000	  -1.12	  -0.92	  0.018	1.00020			#	   1.25	  71.57	
    206	  -0.67	  -1.34	 -0.003	1.00004	  -0.80	  -1.47	 -0.000	1.00024			#	   1.60	  70.31	
    207	   0.27	  -0.71	  0.000	0.99996	  -0.00	  -0.84	 -0.009	1.00023			#	   2.26	  72.57	
    208	  -0.18	  -0.61	  0.003	1.00000	   0.05	  -0.50	  0.013	1.00017			#	   0.96	  73.18	
    209	   0.52	  -0.38	 -0.026	1.00002	  -0.28	  -0.71	 -0.030	1.00007			#	   1.53	  73.31	
    210	   2.11	   0.10	  0.019	0.99998	   2.52	   0.30	 -0.022	1.00001			#	   1.62	  73.35	
    211	  -1.53	  -1.00	  0.007	1.00005	  -0.70	  -0.83	  0.040	1.00021			#	   1.01	  72.09	
    212	  -0.24	  -0.46	  0.012	0.99998	  -1.41	  -0.82	  0.007	1.00011			#	   1.32	  72.96	
    213	   1.31	  -0.09	  0.005	1.00002	   1.66	   0.03	 -0.002	0.99997			#	   1.56	  74.13	
    214	   0.83	  -0.35	 -0.007	1.00001	   0.57	  -0.40	 -0.019	1.00000			#	   1.14	  73.35	
    215	   2.19	  -0.43	  0.028	1.00001	   1.91	  -0.14	  0.003	1.00006			#	   2.22	  73.35	
    216	   1.76	  -1.25	  0.020	0.99996	   2.05	  -1.07	  0.010	1.00024			#	   1.08	  73.91	
    217	   0.95	  -2.04	  0.018	0.99998	   1.29	  -1.81	  0.007	1.00039			#	   1.92	  69.44	
    218	  -0.60	  -1.69	  0.004	1.00006	  -0.49	  -2.07	  0.017	1.00039			#	   1.56	  72.14	
    219	   1.34	   0.05	  0.012	1.00004	   0.45	  -0.32	  0.009	0.99998			#	   2.33	  73.52	
    220	   2.70	   0.65	 -0.037	1.00000	   2.78	   0.48	 -0.054	0.99978			#	   2.10	  72.70	
    221	   2.73	   0.55	 -0.013	0.99996	   2.63	   0.84	 -0.056	0.99978			#	   1.56	  73.87	
    222	   0.49	  -0.60	  0.034	1.00002	   1.65	  -0.27	  0.029	1.00018			#	   0.79	  73.48	
    223	   0.73	  -0.64	  0.043	0.99991	  -0.31	  -0.96	  0.053	1.00012			#	   2.55	  69.57	
    224	   1.20	  -0.13	 -0.022	0.99999	   1.57	  -0.22	 -0.040	1.00002			#	   0.50	  75.91	
    225	   0.00	  -0.04	  0.022	0.99992	   0.24	   0.11	  0.019	0.99996			#	   0.90	  76.56	
    226	  -1.06	  -0.60	  0.000	0.99996	  -0.89	  -0.65	  0.013	1.00011			#	   0.57	  74.65	
    227	  -0.62	   0.01	  0.022	0.99996	  -0.59	  -0.11	  0.014	0.99996			#	   0.74	  75.26	
    228	  -1.12	   0.31	  0.018	0.99999	  -1.13	   0.14	  0.043	0.99990			#	   0.99	  75.26	
    229	   0.26	   0.80	 -0.010	0.99998	  -0.09	   0.73	 -0.017	0.99982			#	   1.60	  75.61	
    230	  -0.34	   0.45	 -0.004	0.99990	   0.25	   0.74	  0.002	0.99988			#	   1.77	  75.82	
    231	  -1.73	   0.03	 -0.006	0.99991	  -1.79	  -0.06	  0.000	0.99999			#	   0.97	  76.48	
    232	  -1.46	   0.11	  0.038	0.99997	  -1.39	   0.20	  0.045	0.99998			#	   1.48	  75.35	
    233	  -1.00	  -0.11	 -0.006	0.99993	  -1.28	  -0.10	  0.021	1.00003			#	   1.27	  75.26	
    234	  -0.12	  -0.13	 -0.011	0.99998	  -0.13	  -0.15	 -0.021	1.00001			#	   1.55	  76.87	
    235	  -0.86	   0.21	 -0.004	0.99997	  -0.69	   0.05	  0.004	1.00000			#	   0.82	  77.04	
    236	  -0.30	   0.39	 -0.009	0.99997	  -0.67	   0.38	 -0.004	0.99987			#	   1.06	  77.56	
    237	   1.12	   0.78	 -0.020	0.99998	   0.73	   0.67	 -0.038	0.99980			#	   1.34	  77.08	
    238	   0.55	   0.23	  0.011	0.99995	   1.47	   0.69	  0.007	0.99982			#	   0.94	  77.52	
    239	  -1.80	  -1.26	 -0.024	0.99999	  -2.01	  -1.18	  0.006	1.00024			#	   0.94	  75.04	
    240	   0.95	  -0.40	  0.001	1.00001	   0.39	  -0.71	 -0.022	1.00011			#	   1.90	  78.13	
    241	   0.52	  -0.21	 -0.000	0.99999	   1.10	  -0.15	 -0.003	0.99999			#	   1.09	  77.78	
    242	  -0.44	  -0.04	  0.011	0.99999	  -0.64	  -0.18	  0.015	1.00006			#	   1.50	  78.47	
    243	   1.80	   1.00	  0.018	1.00000	   1.07	   0.66	  0.001	0.99975			#	   2.01	  76.91	
    244	   2.15	   0.95	  0.006	0.99997	   2.64	   1.24	 -0.011	0.99977			#	   1.24	  77.34	
    245	  -0.16	   0.08	  0.004	0.99994	   0.56	   0.02	 -0.001	0.99989			#	   0.75	  78.65	
    246	  -1.76	   1.42	  0.023	1.00003	  -2.57	   0.94	  0.056	0.99988			#	   0.77	  75.56	
    247	   2.83	   2.47	 -0.013	0.99993	   2.48	   2.35	 -0.046	0.99932			#	   1.53	  76.22	
    248	   1.78	   2.17	  0.007	0.99994	   1.96	   2.48	 -0.011	0.99952			#	   1.45	  74.91	
    249	   1.58	   1.35	  0.030	0.99997	   1.91	   1.56	  0.005	0.99967			#	   1.20	  76.95	
    250	   0.38	  -0.43	  0.081	0.99990	   0.62	   0.38	  0.072	1.00002			#	   1.14	  77.99	
    251	  -4.23	  -2.22	  0.034	0.99989	  -1.83	  -2.52	  0.078	1.00034			#	   1.09	  71.92	
    252	  -4.71	   0.30	  0.057	1.00006	  -7.44	  -0.62	  0.107	1.00036			#	   1.45	  68.71	
    253	   3.76	   3.35	 -0.005	1.00007	   2.63	   2.71	 -0.027	0.99927			#	   2.06	  74.70	
    254	   3.65	   3.55	 -0.014	0.99990	   4.96	   4.12	 -0.057	0.99923			#	   1.97	  76.13	
    255	  -1.68	   0.94	 -0.007	0.99987	  -0.43	   1.69	  0.005	0.99973			#	   0.52	  77.26	
