      1	  -1.39	  -0.16	  0.007	1.00008	  -1.19	  -0.02	  0.019	1.00001			#	   0.10	  95.40	
      2	  -1.27	   0.02	  0.017	0.99981	  -1.81	  -0.08	  0.024	1.00002			#	   0.38	  95.44	
      3	  -0.03	   0.25	  0.019	0.99981	  -0.32	   0.21	  0.028	0.99989			#	   0.31	  95.44	
      4	   0.03	   0.12	 -0.008	0.99980	   0.21	   0.30	 -0.007	0.99977			#	   0.33	  95.57	
      5	  -0.50	  -0.11	 -0.010	0.99996	  -0.47	   0.08	  0.004	0.99996			#	   0.26	  95.40	
      6	   0.45	  -0.79	 -0.005	1.00003	  -0.44	  -0.68	 -0.014	1.00017			#	   0.28	  95.36	
      7	   3.87	  -1.30	 -0.006	0.99974	   4.33	  -1.62	 -0.046	1.00010			#	   0.55	  94.97	
      8	  -2.41	   0.68	 -0.001	0.99989	  -2.00	   0.98	  0.029	1.00002			#	   0.83	  94.92	
      9	   0.52	  -0.70	 -0.000	0.99986	  -0.36	  -0.20	 -0.007	1.00003			#	   0.29	  95.40	
     10	   1.57	  -0.66	 -0.005	0.99990	   1.71	  -1.19	 -0.016	1.00003			#	   0.26	  95.96	
     11	   0.77	  -0.33	 -0.011	0.99980	   1.21	   0.07	 -0.019	0.99997			#	   0.24	  95.57	
     12	  -0.01	  -1.34	 -0.010	1.00002	   0.19	  -0.86	 -0.006	1.00025			#	   0.34	  95.88	
     13	  -0.44	  -1.04	 -0.005	0.99996	  -0.36	  -1.59	 -0.004	1.00024			#	   0.29	  96.05	
     14	   0.21	  -0.28	  0.012	0.99993	  -0.36	  -0.16	  0.011	1.00012			#	   0.22	  96.18	
     15	   1.37	  -0.82	  0.011	0.99995	   0.94	  -0.78	 -0.007	1.00011			#	   0.39	  95.92	
     16	   0.75	   0.18	  0.007	0.99994	   1.59	  -0.16	  0.007	0.99996			#	   0.38	  95.88	
     17	   0.04	   0.01	  0.006	0.99997	  -0.09	   0.27	  0.006	1.00007			#	   0.25	  96.18	
     18	   0.71	  -0.33	  0.019	0.99989	   0.29	  -0.34	  0.012	0.99985			#	   0.25	  95.83	
     19	   0.70	   0.24	 -0.001	0.99987	   0.94	   0.13	  0.003	1.00006			#	   0.23	  95.88	
     20	   0.49	   0.77	  0.006	0.99979	   0.54	   0.26	 -0.006	0.99967			#	   0.26	  96.22	
     21	   0.29	   1.35	  0.007	0.99984	   0.36	   1.48	  0.017	0.99972			#	   0.32	  96.05	
     22	   0.01	   0.82	 -0.004	0.99987	   0.10	   1.19	 -0.004	0.99983			#	   0.25	  96.05	
     23	   0.29	   0.35	  0.011	0.99993	  -0.23	   0.38	  0.009	0.99990			#	   0.74	  95.88	
     24	   1.58	   0.80	  0.002	0.99984	   1.14	   0.38	 -0.010	0.99976			#	   0.50	  95.62	
     25	   1.16	   1.25	 -0.008	0.99998	   1.84	   1.36	 -0.020	0.99984			#	   0.39	  96.31	
     26	  -0.81	   1.28	 -0.007	0.99979	   0.13	   1.12	 -0.003	0.99972			#	   0.39	  96.05	
     27	  -1.54	   1.79	  0.014	0.99992	  -2.01	   1.58	  0.028	0.99970			#	   0.52	  95.70	
     28	   0.48	   1.85	  0.010	0.99977	  -0.61	   1.96	  0.013	0.99964			#	   0.52	  96.27	
     29	   1.63	   2.06	  0.010	0.99981	   2.01	   1.76	 -0.018	0.99941			#	   0.50	  96.40	
     30	  -0.12	   1.80	  0.018	0.99993	   0.52	   2.58	  0.023	0.99982			#	   0.84	  96.18	
     31	  -0.65	   0.85	  0.015	0.99986	  -0.50	   0.79	  0.023	0.99966			#	   0.29	  95.83	
     32	  -0.90	   1.23	  0.011	0.99991	  -0.79	   0.96	  0.022	0.99980			#	   0.34	  96.44	
     33	  -0.48	   1.34	  0.005	0.99983	  -1.07	   1.56	  0.013	0.99961			#	   0.38	  96.57	
     34	   0.95	   1.16	  0.009	0.99992	   0.43	   1.17	 -0.006	0.99997			#	   0.36	  96.35	
     35	   1.14	   1.06	  0.015	0.99986	   1.67	   1.11	  0.005	0.99956			#	   0.35	  96.31	
     36	   0.27	   0.24	  0.014	0.99999	   0.38	   0.84	  0.021	0.99999			#	   0.22	  96.44	
     37	   0.28	  -0.32	  0.009	1.00004	   0.22	  -0.33	  0.012	1.00000			#	   0.27	  96.48	
     38	   0.95	   0.46	  0.009	0.99994	   0.57	  -0.19	  0.001	1.00009			#	   0.26	  96.35	
     39	   1.45	   1.43	  0.018	0.99980	   1.37	   1.03	  0.002	0.99963			#	   0.44	  96.48	
     40	   1.66	   1.41	  0.026	0.99981	   1.68	   1.91	  0.006	0.99966			#	   0.47	  96.44	
     41	   1.20	   0.65	  0.031	1.00002	   1.61	   0.82	  0.026	0.99986			#	   0.31	  96.35	
     42	   1.01	   0.81	  0.021	0.99992	   0.66	   0.46	  0.020	0.99992			#	   0.43	  95.79	
     43	   2.12	   1.26	  0.030	1.00003	   1.64	   1.23	  0.011	0.99987			#	   0.62	  95.49	
     44	   2.96	   1.11	  0.030	0.99989	   2.70	   1.25	  0.007	0.99979			#	   0.72	  95.27	
     45	   3.14	   0.74	  0.025	0.99983	   3.29	   0.85	  0.003	0.99972			#	   0.56	  95.23	
     46	   2.40	   0.93	  0.020	0.99994	   3.03	   0.53	  0.002	0.99979			#	   0.46	  95.62	
     47	   1.80	   1.45	  0.031	1.00002	   1.61	   1.52	  0.017	0.99996			#	   0.49	  95.62	
     48	   2.14	   0.72	  0.027	0.99999	   2.23	   1.08	  0.009	0.99982			#	   0.39	  96.05	
     49	   2.01	  -0.06	  0.036	0.99989	   2.02	   0.06	  0.013	0.99997			#	   0.38	  96.35	
     50	   2.12	   0.76	  0.045	0.99995	   2.03	  -0.02	  0.032	0.99989			#	   0.43	  96.27	
     51	   2.36	   1.88	  0.042	0.99986	   2.35	   1.37	  0.023	0.99972			#	   0.67	  96.40	
     52	   1.60	   2.43	  0.038	0.99979	   2.39	   2.48	  0.028	0.99938			#	   0.67	  96.14	
     53	   0.59	   1.63	  0.039	0.99990	   0.72	   2.07	  0.041	0.99974			#	   0.39	  95.83	
     54	   1.09	   1.36	  0.036	0.99992	   0.77	   1.33	  0.031	0.99982			#	   0.47	  95.40	
     55	   1.63	   0.10	  0.031	0.99984	   1.75	   0.81	  0.018	0.99983			#	   0.40	  95.62	
     56	   1.73	  -0.54	  0.028	1.00008	   1.75	  -0.72	  0.014	1.00012			#	   0.46	  95.88	
     57	   1.74	   0.61	  0.031	0.99991	   1.76	  -0.19	  0.016	1.00010			#	   0.43	  95.79	
     58	   1.82	   0.99	  0.023	0.99973	   2.25	   1.21	  0.014	0.99960			#	   0.49	  96.05	
     59	   1.18	   0.83	  0.010	0.99980	   1.20	   0.87	  0.007	0.99995			#	   0.33	  96.09	
     60	   2.49	  -0.18	  0.015	0.99992	   1.87	   0.39	 -0.008	0.99992			#	   1.01	  95.44	
     61	   4.02	  -1.79	  0.022	0.99984	   3.59	  -0.96	 -0.013	1.00033			#	   0.88	  95.44	
     62	   4.38	  -2.40	  0.027	0.99972	   4.76	  -2.93	 -0.015	1.00010			#	   0.84	  94.92	
     63	   3.36	  -0.84	  0.019	1.00001	   4.12	  -1.34	  0.003	1.00061			#	   0.47	  94.27	
     64	   2.70	  -0.41	  0.012	0.99967	   3.24	  -0.58	 -0.012	0.99989			#	   0.40	  95.83	
     65	   2.11	   0.47	  0.014	0.99984	   2.39	  -0.22	 -0.004	1.00007			#	   0.33	  96.35	
     66	   1.88	   0.92	  0.024	0.99961	   2.27	   1.10	  0.003	0.99968			#	   0.39	  96.40	
     67	   2.28	   0.35	  0.037	0.99984	   2.17	   0.34	  0.016	0.99972			#	   0.36	  96.48	
     68	   2.18	   0.87	  0.038	0.99987	   3.00	   0.27	  0.019	0.99987			#	   0.48	  96.40	
     69	   1.15	   1.89	  0.030	0.99961	   1.81	   1.50	  0.026	0.99956			#	   0.59	  96.31	
     70	   0.78	   3.67	  0.034	1.00016	   0.66	   3.03	  0.036	0.99964			#	   1.13	  93.19	
     71	   4.22	   2.89	  0.048	0.99924	   3.00	   3.37	  0.003	0.99943			#	   0.96	  91.93	
     72	   5.47	   3.07	  0.042	0.99941	   6.10	   2.59	 -0.005	0.99903			#	   1.05	  91.32	
     73	   5.17	   3.31	  0.053	0.99978	   5.71	   3.48	  0.014	0.99988			#	   0.98	  90.80	
     74	   5.28	   3.21	  0.043	0.99959	   5.43	   3.20	  0.003	0.99938			#	   1.54	  91.54	
     75	   5.64	   1.64	  0.057	0.99965	   6.01	   2.74	 -0.007	0.99957			#	   1.08	  89.41	
     76	   6.69	   0.32	  0.084	0.99928	   6.37	   0.36	  0.036	1.00005			#	   1.13	  84.94	
     77	   8.39	   1.00	  0.081	0.99858	   8.23	  -0.90	 -0.004	0.99850			#	   1.97	  71.74	
     78	   7.19	   3.69	  0.066	0.99828	   9.29	   2.38	  0.008	0.99903			#	   1.05	  68.62	
     79	   6.02	   3.98	  0.077	0.99985	   7.07	   4.51	  0.019	0.99978			#	   0.98	  86.98	
     80	   4.90	   2.56	  0.093	0.99962	   6.04	   3.23	  0.041	0.99986			#	   0.67	  91.58	
     81	   4.13	   2.79	  0.132	0.99912	   4.86	   1.88	  0.073	0.99922			#	   0.67	  89.76	
     82	   5.93	   2.68	  0.174	0.99906	   5.84	   3.37	  0.114	0.99945			#	   0.96	  85.11	
     83	   5.15	   1.52	  0.156	0.99939	   6.69	   1.72	  0.115	0.99986			#	   0.76	  86.89	
     84	   4.11	   1.00	  0.158	0.99913	   5.77	   0.39	  0.111	0.99921			#	   0.68	  89.93	
     85	   0.97	   3.00	  0.147	0.99926	   3.13	   2.24	  0.146	0.99896			#	   0.63	  93.58	
     86	   0.45	   4.57	  0.158	0.99946	   0.43	   4.08	  0.149	0.99962			#	   1.11	  92.97	
     87	   3.27	   2.64	  0.132	0.99910	   2.81	   3.76	  0.100	0.99894			#	   0.74	  94.79	
     88	   5.24	   1.23	  0.153	0.99931	   5.78	   1.53	  0.082	0.99945			#	   0.98	  90.10	
     89	   5.63	   1.12	  0.184	0.99948	   6.44	   1.12	  0.114	1.00020			#	   1.24	  85.85	
     90	   4.94	  -0.17	  0.215	0.99916	   6.13	   0.15	  0.163	0.99917			#	   1.15	  87.93	
     91	   4.36	   0.15	  0.191	0.99962	   5.73	   0.11	  0.154	1.00027			#	   0.67	  91.32	
     92	   3.69	  -1.18	  0.209	0.99948	   4.60	  -0.41	  0.162	1.00017			#	   0.67	  94.10	
     93	   3.71	  -2.16	  0.225	0.99914	   4.99	  -2.46	  0.173	0.99988			#	   0.86	  93.27	
     94	   3.44	  -1.41	  0.266	0.99930	   4.40	  -2.21	  0.225	0.99996			#	   0.78	  92.97	
     95	   2.22	   1.15	  0.206	0.99959	   4.15	  -0.03	  0.207	1.00003			#	   0.56	  91.80	
     96	   1.40	   1.44	  0.188	0.99940	   2.16	   1.13	  0.173	0.99952			#	   0.53	  94.36	
     97	   2.17	   1.67	  0.176	0.99935	   3.03	   2.04	  0.162	0.99955			#	   0.60	  94.79	
     98	   2.58	   1.20	  0.155	0.99938	   3.74	   0.39	  0.127	0.99950			#	   0.53	  94.53	
     99	   2.01	   3.02	  0.142	0.99918	   3.41	   2.28	  0.129	0.99927			#	   0.95	  93.62	
    100	   0.78	   4.03	  0.089	0.99948	   2.33	   2.67	  0.091	0.99886			#	   1.28	  92.62	
    101	   0.77	   4.70	  0.112	0.99905	   1.59	   5.81	  0.085	0.99928			#	   1.29	  94.10	
    102	   0.82	  -0.83	  0.114	0.99918	   2.17	   1.99	  0.079	0.99928			#	   0.62	  95.44	
    103	   1.12	  -3.39	  0.162	0.99948	   1.59	  -4.48	  0.146	1.00043			#	   0.86	  93.01	
    104	   2.37	  -1.24	  0.147	0.99955	   2.46	  -3.02	  0.135	1.00015			#	   0.49	  92.45	
    105	   5.73	   1.38	  0.148	0.99893	   5.43	   0.45	  0.079	1.00000			#	   0.91	  84.03	
    106	   6.25	   0.02	  0.149	0.99968	   7.82	   1.73	  0.081	1.00035			#	   0.87	  78.78	
    107	   5.55	  -1.24	  0.146	0.99985	   7.09	  -2.64	  0.097	0.99988			#	   1.01	  83.29	
    108	   5.08	  -0.09	  0.142	0.99947	   5.70	   0.30	  0.100	1.00099			#	   1.03	  84.68	
    109	   6.84	  -1.14	  0.146	0.99891	   7.15	  -2.11	  0.078	0.99910			#	   1.68	  80.60	
    110	   7.19	   0.26	  0.137	0.99949	   8.43	  -0.91	  0.058	0.99945			#	   1.03	  77.08	
    111	   5.32	   3.02	  0.186	0.99926	   7.70	   1.72	  0.124	0.99970			#	   1.15	  83.16	
    112	   2.52	   2.31	  0.185	0.99962	   4.66	   2.83	  0.160	0.99945			#	   0.68	  93.10	
    113	   2.36	   1.25	  0.200	0.99975	   1.97	   1.22	  0.184	1.00014			#	   0.51	  92.75	
    114	   6.89	   0.90	  0.238	0.99889	   6.70	  -0.11	  0.141	0.99935			#	   1.30	  79.21	
    115	   6.59	   1.57	  0.230	0.99866	   7.58	   0.12	  0.188	0.99802			#	   1.07	  71.83	
    116	   6.29	   3.80	  0.222	0.99855	   7.99	   1.30	  0.136	0.99786			#	   1.61	  73.70	
    117	   4.35	   4.56	  0.270	0.99963	   6.06	   5.58	  0.217	0.99988			#	   1.38	  86.02	
    118	   4.15	   2.59	  0.302	0.99979	   4.51	   2.44	  0.247	1.00004			#	   1.17	  88.76	
    119	   5.52	  -0.93	  0.339	1.00075	   5.37	   1.86	  0.266	1.00090			#	   1.62	  69.31	
    120	   8.37	  -3.71	  0.369	1.00072	   9.24	  -4.41	  0.318	1.00073			#	   2.37	  61.50	
    121	   6.31	   1.56	  0.274	1.00086	   8.46	  -1.06	  0.205	1.00275			#	   0.86	  62.93	
    122	   4.55	   0.95	  0.272	0.99951	   6.60	   2.45	  0.233	0.99944			#	   0.62	  84.81	
    123	   3.14	  -2.58	  0.328	1.00040	   3.45	  -2.00	  0.288	1.00027			#	   0.82	  78.86	
    124	   6.82	  -1.05	  0.326	1.00064	   6.66	  -2.44	  0.267	1.00133			#	   1.17	  68.32	
    125	   5.07	   0.46	  0.227	1.00044	   7.47	  -0.02	  0.241	1.00099			#	   0.70	  79.69	
    126	   2.02	   1.23	  0.163	0.99982	   4.29	   0.28	  0.156	0.99998			#	   0.45	  91.88	
    127	   0.97	   0.55	  0.151	0.99993	   1.50	   1.04	  0.137	0.99985			#	   0.38	  94.84	
    128	   3.05	  -0.30	  0.175	0.99968	   2.86	  -0.99	  0.130	1.00012			#	   0.60	  94.88	
    129	   3.65	   0.49	  0.164	0.99957	   5.59	  -0.37	  0.134	0.99950			#	   0.60	  93.40	
    130	   0.35	  -0.26	  0.133	0.99971	   2.59	   0.77	  0.118	1.00019			#	   0.57	  94.36	
    131	  -1.05	  -2.47	  0.175	0.99985	   0.20	  -2.69	  0.151	1.00038			#	   1.13	  94.05	
    132	  -1.71	  -4.12	  0.232	0.99947	  -0.02	  -3.95	  0.220	1.00033			#	   1.73	  91.84	
    133	  -5.59	  -6.04	  0.216	0.99988	  -3.32	  -6.49	  0.281	1.00057			#	   1.84	  85.89	
    134	  -7.66	  -4.16	  0.176	0.99944	  -5.68	  -5.83	  0.226	1.00116			#	   1.45	  76.26	
    135	  -9.81	  -2.79	  0.172	0.99967	  -8.46	  -4.81	  0.255	0.99899			#	   2.15	  68.32	
    136	  -9.96	  -0.30	  0.173	0.99815	  -8.99	  -1.16	  0.235	0.99881			#	   1.65	  68.32	
    137	  -8.49	   0.32	  0.166	0.99918	  -9.74	  -2.22	  0.245	0.99869			#	   1.37	  74.78	
    138	  -5.88	   4.11	  0.134	0.99944	  -5.25	   2.05	  0.192	0.99918			#	   1.27	  88.54	
    139	  -6.67	   4.37	  0.038	0.99919	  -4.99	   4.64	  0.116	0.99871			#	   1.22	  87.98	
    140	  -8.15	   3.18	 -0.036	0.99955	  -6.97	   3.17	  0.039	0.99932			#	   1.11	  87.37	
    141	  -7.20	   2.51	 -0.073	0.99942	  -7.10	   1.43	 -0.006	0.99860			#	   0.92	  87.85	
    142	  -4.76	   3.00	 -0.086	0.99938	  -4.75	   2.87	 -0.074	0.99937			#	   0.85	  94.31	
    143	  -3.33	   1.48	 -0.097	0.99932	  -2.52	   1.59	 -0.076	0.99915			#	   0.48	  96.01	
    144	  -3.86	   0.89	 -0.117	0.99933	  -1.93	  -0.12	 -0.107	0.99941			#	   0.58	  94.62	
    145	  -6.87	   2.18	 -0.121	0.99959	  -5.33	   0.91	 -0.071	0.99918			#	   1.26	  91.93	
    146	  -5.75	   3.31	 -0.105	0.99959	  -5.55	   2.53	 -0.088	0.99933			#	   1.21	  90.97	
    147	  -5.95	   4.73	 -0.077	0.99933	  -4.75	   3.28	 -0.054	0.99895			#	   1.69	  92.45	
    148	  -5.95	   4.88	 -0.070	0.99944	  -5.11	   4.92	 -0.042	0.99871			#	   1.50	  90.97	
    149	  -7.22	   4.30	 -0.103	0.99946	  -5.91	   3.76	 -0.037	0.99911			#	   1.82	  87.41	
    150	  -6.24	   3.68	 -0.101	0.99947	  -6.56	   3.21	 -0.064	0.99882			#	   1.44	  88.80	
    151	  -4.18	   3.01	 -0.086	0.99936	  -4.00	   3.51	 -0.082	0.99919			#	   0.83	  95.79	
    152	  -3.83	  -0.37	 -0.057	0.99950	  -2.83	   1.40	 -0.045	0.99975			#	   0.72	  94.62	
    153	  -3.87	  -3.67	 -0.039	0.99980	  -3.62	  -3.71	 -0.020	1.00045			#	   1.08	  92.84	
    154	  -3.37	  -3.14	 -0.039	0.99945	  -2.60	  -3.94	 -0.023	1.00026			#	   0.88	  93.32	
    155	  -4.04	  -2.76	 -0.041	0.99962	  -2.49	  -2.90	 -0.019	1.00014			#	   0.79	  95.88	
    156	  -5.49	  -2.06	 -0.066	0.99975	  -4.84	  -3.21	 -0.009	1.00047			#	   1.17	  94.23	
    157	  -5.47	  -1.02	 -0.063	0.99945	  -4.84	  -1.59	 -0.045	0.99973			#	   0.91	  95.14	
    158	  -4.06	  -0.40	 -0.028	0.99923	  -4.45	  -1.05	 -0.012	0.99981			#	   0.61	  96.14	
    159	  -3.42	  -0.25	 -0.033	0.99943	  -2.76	  -0.83	 -0.010	0.99971			#	   0.52	  96.22	
    160	  -4.29	  -0.22	 -0.043	0.99944	  -3.50	  -0.42	 -0.007	0.99976			#	   0.67	  95.88	
    161	  -4.41	  -0.48	 -0.052	0.99952	  -4.06	  -0.53	 -0.022	0.99979			#	   0.67	  95.70	
    162	  -3.43	  -1.62	 -0.046	0.99940	  -3.83	  -0.58	 -0.035	0.99996			#	   0.93	  95.96	
    163	  -3.16	  -4.44	 -0.042	0.99980	  -1.90	  -3.98	 -0.025	1.00042			#	   1.89	  93.27	
    164	  -5.14	  -4.28	 -0.045	0.99963	  -3.72	  -3.96	 -0.004	1.00129			#	   1.59	  85.24	
    165	  -7.32	  -6.67	 -0.041	1.00034	  -6.62	  -6.39	  0.024	1.00040			#	   2.24	  79.95	
    166	  -8.97	  -5.94	 -0.062	0.99928	  -7.69	  -5.95	  0.009	1.00195			#	   1.78	  71.40	
    167	  -9.76	  -8.40	 -0.060	0.99862	  -9.49	  -8.58	  0.005	0.99910			#	   2.38	  65.63	
    168	  -7.51	  -7.50	 -0.034	0.99879	  -7.97	  -7.90	  0.005	1.00093			#	   1.64	  71.66	
    169	  -6.61	  -9.28	 -0.018	1.00011	  -7.35	  -9.66	  0.039	1.00135			#	   2.11	  72.61	
    170	  -2.24	  -5.57	 -0.024	0.99959	  -2.76	  -6.05	 -0.023	1.00073			#	   0.90	  90.06	
    171	  -1.73	  -6.69	 -0.023	0.99976	  -1.38	  -6.16	 -0.002	1.00095			#	   1.24	  93.53	
    172	  -0.20	  -6.47	 -0.034	0.99973	  -1.32	  -7.23	 -0.036	1.00111			#	   1.34	  93.66	
    173	   1.19	  -5.88	 -0.023	0.99994	   1.86	  -6.45	 -0.043	1.00075			#	   1.13	  93.53	
    174	   0.19	  -2.76	 -0.025	0.99980	   0.69	  -4.10	 -0.024	1.00078			#	   0.41	  93.49	
    175	   0.06	  -2.46	 -0.028	0.99982	   0.21	  -2.18	 -0.028	1.00011			#	   0.39	  95.53	
    176	   0.41	  -1.87	 -0.025	0.99984	   0.54	  -2.56	 -0.031	1.00049			#	   0.30	  95.44	
    177	  -0.14	  -0.75	 -0.023	0.99977	   0.49	  -1.33	 -0.023	0.99989			#	   0.19	  95.31	
    178	  -0.78	   1.61	 -0.035	0.99993	  -0.61	  -0.09	 -0.014	0.99990			#	   0.34	  94.36	
    179	   0.31	   3.84	 -0.028	0.99958	  -0.34	   3.40	 -0.042	0.99931			#	   1.26	  92.53	
    180	   1.39	   2.67	 -0.021	0.99955	   1.16	   3.83	 -0.030	0.99931			#	   1.02	  94.79	
    181	   2.52	   0.24	 -0.029	0.99962	   2.34	   1.14	 -0.050	0.99960			#	   0.63	  95.05	
    182	   1.97	   0.06	 -0.038	0.99980	   2.90	  -0.88	 -0.052	1.00000			#	   0.39	  94.92	
    183	   0.39	   1.27	 -0.026	0.99957	   1.30	   1.40	 -0.045	0.99975			#	   0.41	  95.10	
    184	  -1.12	  -0.63	 -0.002	0.99970	  -0.33	   0.26	  0.010	0.99974			#	   0.41	  95.23	
    185	  -1.03	  -1.27	 -0.010	0.99985	  -1.72	  -1.48	  0.007	1.00042			#	   0.52	  95.05	
    186	   0.85	  -2.09	 -0.009	0.99949	   0.38	  -0.74	 -0.028	1.00032			#	   1.07	  95.01	
    187	   1.62	  -5.14	  0.007	0.99981	   1.66	  -4.40	 -0.004	1.00088			#	   1.93	  92.32	
    188	   1.91	  -6.78	 -0.008	0.99974	   1.92	  -6.33	 -0.021	1.00102			#	   1.35	  92.10	
    189	   2.09	  -9.28	  0.033	0.99986	   2.31	  -7.89	  0.002	1.00144			#	   2.62	  83.55	
    190	   2.26	 -10.98	  0.022	1.00003	   1.95	 -10.51	  0.016	1.00221			#	   1.57	  89.76	
    191	   2.84	 -11.03	 -0.008	1.00015	   2.97	 -11.65	 -0.022	1.00200			#	   2.42	  90.10	
    192	   3.70	  -8.20	  0.015	0.99980	   2.89	  -8.98	 -0.028	1.00202			#	   1.83	  84.98	
    193	   6.10	  -8.10	  0.038	1.00005	   5.44	  -7.85	 -0.023	1.00156			#	   2.14	  85.94	
    194	   4.77	  -7.10	  0.030	0.99994	   5.95	  -7.95	  0.010	1.00137			#	   1.54	  88.28	
    195	   3.66	  -5.76	 -0.004	1.00018	   3.56	  -5.94	 -0.013	1.00137			#	   1.02	  91.36	
    196	   5.08	  -5.38	  0.003	0.99972	   3.84	  -5.25	 -0.043	1.00125			#	   1.03	  87.46	
    197	   6.93	  -6.89	  0.033	1.00011	   6.49	  -5.40	 -0.042	1.00192			#	   1.47	  81.21	
    198	   7.81	  -8.04	  0.030	1.00073	   7.58	  -8.23	 -0.015	1.00227			#	   1.84	  73.65	
    199	   6.91	  -8.05	  0.019	1.00008	   7.56	  -7.17	 -0.042	1.00146			#	   1.67	  82.86	
    200	   6.70	  -8.62	  0.056	1.00037	   6.05	  -8.87	  0.019	1.00210			#	   2.27	  82.55	
    201	   6.49	  -8.47	  0.043	1.00008	   6.65	  -7.63	  0.004	1.00197			#	   2.26	  81.77	
    202	   7.21	  -9.19	  0.032	1.00038	   5.61	  -9.09	 -0.023	1.00242			#	   2.47	  76.26	
    203	   8.90	  -9.21	  0.065	1.00092	   8.94	  -8.31	 -0.022	1.00309			#	   2.43	  71.57	
    204	   7.58	 -10.57	  0.125	1.00017	   7.60	 -10.92	  0.066	1.00086			#	   2.30	  71.01	
    205	   7.81	  -7.18	  0.114	1.00085	   7.03	  -7.59	  0.070	1.00242			#	   1.33	  69.23	
    206	   8.18	  -4.43	  0.083	1.00068	   7.35	  -5.47	  0.027	1.00225			#	   1.08	  66.88	
    207	   8.27	  -4.12	  0.106	0.99951	   8.15	  -3.37	  0.032	0.99984			#	   0.90	  76.39	
    208	   7.56	  -5.12	  0.126	0.99980	   7.57	  -5.17	  0.078	1.00011			#	   1.16	  78.78	
    209	   6.62	  -3.99	  0.097	1.00023	   5.96	  -4.11	  0.077	1.00128			#	   0.97	  83.68	
    210	   6.70	  -4.39	  0.070	1.00017	   6.07	  -4.25	  0.034	1.00052			#	   1.31	  80.25	
    211	   7.64	  -3.19	  0.091	0.99987	   6.41	  -3.43	  0.022	1.00117			#	   1.20	  81.38	
    212	   8.48	  -4.21	  0.122	0.99940	   7.89	  -3.20	  0.064	1.00014			#	   1.60	  72.44	
    213	   9.39	  -6.33	  0.119	0.99956	   7.41	  -6.28	  0.066	0.99931			#	   2.17	  63.19	
    214	  11.28	  -5.07	  0.119	0.99944	  10.68	  -5.75	  0.036	1.00136			#	   1.59	  62.41	
    215	  11.38	  -4.73	  0.122	0.99917	  10.82	  -4.44	  0.042	1.00150			#	   1.81	  60.72	
    216	  10.51	  -6.07	  0.115	0.99945	  10.77	  -5.34	  0.055	1.00128			#	   2.09	  62.72	
    217	   8.97	  -7.88	  0.094	1.00030	   8.56	  -7.32	  0.051	1.00158			#	   2.12	  68.40	
    218	   8.45	  -6.09	  0.095	1.00034	   7.69	  -7.06	  0.040	1.00165			#	   1.68	  73.87	
    219	   8.55	  -3.35	  0.084	1.00080	   7.26	  -3.49	  0.031	1.00121			#	   1.11	  73.65	
    220	   9.70	  -3.17	  0.080	1.00078	   8.39	  -1.67	  0.024	1.00193			#	   1.28	  67.10	
    221	  11.41	  -4.93	  0.059	1.00235	  10.17	  -3.61	 -0.001	1.00215			#	   2.07	  60.46	
    222	  12.71	  -4.28	  0.062	1.00352	  11.72	  -2.86	 -0.004	1.00374			#	   2.01	  49.96	
    223	  13.33	  -3.32	  0.074	1.00401	  11.86	  -1.96	  0.019	1.00452			#	   2.22	  47.66	
    224	  13.42	  -2.25	  0.065	1.00400	  13.02	  -0.53	 -0.005	1.00468			#	   1.90	  46.83	
    225	  12.25	  -1.62	  0.069	1.00187	  12.52	  -0.45	  0.001	1.00249			#	   1.59	  54.12	
    226	  10.60	  -2.00	  0.065	1.00253	   9.75	  -0.72	  0.029	1.00250			#	   1.47	  58.42	
    227	  11.40	  -1.21	  0.069	1.00234	   9.74	   0.19	 -0.009	1.00300			#	   1.53	  57.68	
    228	  11.94	  -0.79	  0.068	1.00202	  10.70	   0.19	 -0.004	1.00223			#	   1.44	  61.37	
    229	  12.21	  -0.93	  0.067	1.00215	  10.91	   0.82	 -0.012	1.00229			#	   1.83	  58.85	
    230	  12.17	  -0.46	  0.062	1.00088	  11.66	  -0.34	 -0.015	1.00102			#	   1.71	  62.54	
    231	  11.72	   0.65	  0.072	1.00186	   9.83	   2.05	 -0.009	1.00234			#	   1.88	  62.50	
    232	  12.08	   0.21	  0.069	1.00233	  10.94	   1.59	  0.014	1.00252			#	   1.93	  60.68	
    233	  12.32	  -0.20	  0.042	1.00218	  10.91	   2.20	 -0.035	1.00279			#	   1.82	  60.50	
    234	  12.44	  -1.62	  0.065	1.00248	  11.07	   0.11	 -0.021	1.00263			#	   2.24	  56.47	
    235	  12.52	  -1.60	  0.078	1.00260	  11.33	   0.14	  0.003	1.00292			#	   1.91	  55.82	
    236	  12.62	  -1.11	  0.049	1.00264	  11.72	   0.10	 -0.003	1.00279			#	   1.93	  57.55	
    237	  11.74	   0.23	  0.023	1.00147	  11.33	   0.85	 -0.042	1.00180			#	   1.57	  62.33	
    238	  10.18	   0.49	  0.013	1.00117	   8.95	   2.10	 -0.042	1.00151			#	   1.28	  64.32	
    239	  10.16	  -0.42	  0.009	1.00148	   8.92	   0.88	 -0.059	1.00186			#	   1.32	  66.15	
    240	   9.88	  -0.97	  0.022	1.00141	   8.94	   1.17	 -0.050	1.00229			#	   1.41	  62.89	
    241	   8.62	  -3.02	  0.033	1.00078	   8.31	  -1.19	 -0.025	1.00099			#	   1.11	  75.35	
    242	   7.60	  -4.26	  0.040	1.00073	   6.69	  -2.82	 -0.005	1.00174			#	   1.23	  78.65	
    243	   7.90	  -4.76	  0.054	1.00067	   6.82	  -4.40	  0.013	1.00073			#	   1.57	  74.22	
    244	   8.63	  -3.55	  0.044	0.99998	   7.65	  -3.47	  0.005	1.00012			#	   1.21	  73.65	
    245	   9.37	  -2.31	  0.021	1.00015	   7.72	  -2.00	 -0.040	1.00145			#	   1.35	  68.75	
    246	   9.48	  -2.72	  0.031	1.00087	   9.01	  -1.37	 -0.040	1.00179			#	   1.68	  69.79	
    247	   8.06	  -3.41	  0.030	1.00034	   7.25	  -2.23	 -0.010	1.00146			#	   1.27	  77.86	
    248	   7.48	  -4.07	  0.017	1.00051	   6.06	  -3.43	 -0.014	1.00130			#	   1.37	  81.55	
    249	   8.99	  -4.22	  0.017	1.00073	   7.25	  -3.05	 -0.037	1.00092			#	   1.50	  72.96	
    250	  10.55	  -4.64	  0.023	1.00139	   9.45	  -3.72	 -0.061	1.00183			#	   2.13	  65.80	
    251	  10.77	  -2.90	  0.007	1.00164	   9.12	  -1.91	 -0.057	1.00279			#	   1.49	  61.55	
    252	   9.85	  -3.65	 -0.001	1.00204	  10.04	  -1.43	 -0.088	1.00297			#	   2.03	  61.98	
    253	   7.17	  -4.00	 -0.002	1.00024	   6.65	  -3.88	 -0.020	1.00041			#	   1.26	  78.30	
    254	   6.70	  -3.45	 -0.033	1.00056	   5.75	  -2.97	 -0.058	1.00082			#	   1.06	  78.73	
    255	   6.99	  -1.42	 -0.038	1.00024	   5.00	  -1.85	 -0.069	1.00121			#	   0.82	  80.21	
    256	   8.89	  -1.56	 -0.032	1.00077	   7.61	  -0.28	 -0.105	1.00071			#	   1.13	  74.78	
    257	   8.54	  -1.85	 -0.023	1.00018	   7.68	  -1.06	 -0.079	1.00065			#	   0.88	  79.99	
    258	   7.91	  -2.69	 -0.021	1.00063	   7.12	  -1.60	 -0.068	1.00072			#	   0.98	  79.69	
    259	   8.49	  -3.78	 -0.008	1.00110	   6.94	  -2.50	 -0.071	1.00139			#	   1.63	  73.70	
    260	   9.45	  -3.24	 -0.020	1.00203	   7.98	  -2.43	 -0.054	1.00209			#	   1.71	  57.16	
    261	  10.82	  -2.38	 -0.020	1.00162	   9.30	  -1.50	 -0.095	1.00278			#	   1.81	  59.59	
    262	  10.70	  -2.98	 -0.012	1.00157	   9.73	  -0.63	 -0.099	1.00228			#	   1.70	  64.89	
    263	   9.53	  -4.58	  0.013	1.00070	  10.64	  -3.83	 -0.066	1.00070			#	   1.45	  63.50	
    264	   6.46	  -2.97	  0.030	1.00077	   5.79	  -2.97	  0.011	1.00107			#	   0.88	  74.09	
    265	   8.18	  -3.08	  0.035	1.00068	   5.95	  -1.65	 -0.021	1.00080			#	   0.95	  74.13	
    266	   9.26	  -3.70	  0.016	1.00100	   8.34	  -2.72	 -0.047	1.00173			#	   1.40	  73.91	
    267	   9.18	  -3.71	  0.026	1.00060	   8.32	  -2.94	 -0.049	1.00135			#	   1.31	  72.92	
    268	   8.30	  -4.30	  0.043	1.00122	   7.29	  -2.63	 -0.019	1.00275			#	   1.60	  73.39	
    269	   7.82	  -6.10	  0.031	1.00147	   7.00	  -4.72	 -0.004	1.00214			#	   1.92	  68.10	
    270	   7.97	  -5.57	  0.039	1.00013	   7.82	  -5.78	 -0.010	1.00062			#	   1.57	  76.00	
    271	   5.97	  -4.22	  0.028	1.00044	   4.31	  -3.46	 -0.006	1.00178			#	   1.00	  79.60	
    272	   8.04	  -5.16	  0.031	1.00137	   6.09	  -3.89	 -0.028	1.00185			#	   1.43	  70.70	
    273	   8.82	  -3.95	  0.003	1.00105	   7.58	  -3.99	 -0.033	1.00221			#	   1.43	  74.26	
    274	   8.27	  -3.58	 -0.014	1.00081	   7.70	  -2.18	 -0.080	1.00164			#	   1.18	  75.52	
    275	   7.75	  -3.31	  0.002	1.00085	   6.56	  -3.60	 -0.041	1.00077			#	   1.05	  73.52	
    276	   8.71	  -2.68	  0.051	1.00037	   7.31	  -2.18	 -0.014	0.99917			#	   1.35	  66.41	
    277	   9.68	  -2.02	  0.062	1.00173	   7.77	  -0.99	 -0.001	1.00256			#	   1.74	  65.41	
    278	  10.87	  -2.07	  0.056	1.00171	  10.30	  -0.64	 -0.037	1.00221			#	   1.84	  65.02	
    279	   8.70	  -2.85	  0.066	1.00055	   8.73	  -2.30	  0.023	1.00108			#	   1.08	  73.65	
    280	   8.49	  -2.37	  0.070	1.00093	   6.30	  -1.50	  0.003	1.00192			#	   0.93	  69.57	
    281	   9.56	  -2.51	  0.071	1.00055	   8.69	  -2.11	  0.018	1.00111			#	   1.16	  72.09	
    282	   9.05	  -2.46	  0.037	1.00147	   7.33	  -1.04	  0.000	1.00206			#	   1.23	  64.67	
    283	  10.22	  -1.88	  0.000	1.00137	   8.97	  -1.67	 -0.056	1.00231			#	   1.39	  65.76	
    284	   9.21	  -1.10	 -0.003	0.99928	   8.39	  -0.98	 -0.069	0.99940			#	   1.34	  69.23	
    285	   9.60	  -1.14	  0.016	0.99942	   7.67	  -1.09	 -0.050	0.99985			#	   1.39	  65.36	
    286	  10.14	  -1.73	  0.024	0.99859	   9.12	  -1.35	 -0.040	0.99874			#	   1.63	  63.80	
    287	   9.43	  -2.34	 -0.008	0.99844	   8.15	  -2.53	 -0.020	0.99811			#	   1.19	  61.98	
    288	   8.85	  -2.76	 -0.039	0.99982	   8.01	  -2.06	 -0.106	1.00053			#	   1.06	  70.27	
    289	   9.85	  -2.53	  0.009	1.00040	   7.85	  -2.53	 -0.088	1.00067			#	   1.19	  63.37	
    290	  10.51	  -1.40	  0.041	1.00246	   8.64	   0.14	 -0.029	1.00331			#	   1.53	  56.16	
    291	  11.14	  -1.64	  0.004	1.00161	  10.46	  -0.70	 -0.029	1.00211			#	   1.55	  66.06	
    292	  10.38	   0.03	 -0.083	1.00146	   9.00	   0.00	 -0.119	1.00232			#	   1.51	  65.89	
    293	   9.18	   0.66	 -0.100	1.00128	   8.41	   2.27	 -0.153	1.00140			#	   1.19	  67.19	
    294	   8.39	   0.41	 -0.106	1.00084	   8.16	   1.21	 -0.168	1.00154			#	   0.79	  71.09	
    295	   4.48	  -0.62	 -0.116	1.00038	   4.66	   0.79	 -0.112	1.00030			#	   0.35	  85.55	
    296	   3.69	   0.19	 -0.121	1.00020	   2.21	  -1.19	 -0.142	1.00037			#	   0.25	  92.10	
    297	   3.98	   2.96	 -0.111	1.00008	   2.84	   3.67	 -0.143	0.99971			#	   0.63	  90.97	
    298	   4.79	   2.12	 -0.119	1.00013	   2.55	   2.42	 -0.121	1.00000			#	   0.51	  89.45	
    299	   7.28	   1.06	 -0.129	1.00023	   5.12	   2.65	 -0.188	0.99961			#	   0.96	  84.07	
    300	   8.37	   0.24	 -0.101	1.00034	   7.89	   0.81	 -0.183	1.00048			#	   1.18	  75.22	
    301	   5.76	  -0.13	 -0.063	1.00050	   5.18	  -0.20	 -0.100	0.99984			#	   0.56	  85.33	
    302	   3.20	   1.77	 -0.103	1.00002	   4.24	   2.56	 -0.095	1.00029			#	   0.57	  88.02	
    303	  -0.27	  -1.00	 -0.155	1.00001	  -0.64	   1.30	 -0.108	1.00012			#	   0.25	  91.97	
    304	  -0.87	  -3.22	 -0.198	1.00031	  -2.25	  -3.08	 -0.178	1.00060			#	   0.77	  91.45	
    305	   0.77	  -2.68	 -0.170	1.00009	  -1.63	  -2.15	 -0.183	1.00039			#	   0.53	  91.80	
    306	   5.69	  -3.31	 -0.126	1.00046	   2.03	  -3.00	 -0.171	1.00073			#	   0.96	  85.37	
    307	   9.13	  -2.72	 -0.145	1.00049	   7.63	  -2.01	 -0.215	1.00125			#	   1.56	  72.22	
    308	   6.66	  -3.01	 -0.127	1.00052	   7.50	  -1.66	 -0.190	1.00120			#	   0.90	  81.64	
    309	   2.97	  -3.56	 -0.108	1.00060	   2.44	  -3.45	 -0.105	1.00130			#	   0.55	  87.59	
    310	   3.72	  -3.84	 -0.100	1.00011	   1.60	  -3.03	 -0.125	1.00058			#	   0.60	  91.36	
    311	   4.74	  -3.73	 -0.096	1.00044	   3.32	  -3.30	 -0.125	1.00053			#	   0.71	  90.10	
    312	   6.78	  -2.68	 -0.087	1.00012	   5.35	  -2.41	 -0.144	1.00100			#	   0.83	  85.76	
    313	   4.91	  -5.03	 -0.102	1.00041	   4.54	  -2.93	 -0.116	1.00074			#	   0.96	  85.37	
    314	   5.07	  -5.70	 -0.102	1.00036	   3.22	  -6.12	 -0.123	1.00121			#	   1.50	  88.72	
    315	   6.49	  -3.48	 -0.111	1.00035	   4.90	  -3.43	 -0.164	1.00142			#	   0.80	  82.16	
    316	   7.67	  -4.26	 -0.073	1.00028	   5.73	  -2.97	 -0.145	1.00149			#	   1.32	  77.21	
    317	   8.48	  -5.35	 -0.066	1.00074	   7.34	  -4.91	 -0.117	1.00180			#	   1.86	  73.78	
    318	   8.58	  -3.85	 -0.053	1.00057	   7.14	  -3.83	 -0.127	1.00181			#	   1.15	  74.39	
    319	   8.74	  -3.89	 -0.020	1.00086	   7.51	  -3.19	 -0.084	1.00194			#	   1.46	  68.01	
    320	   8.94	  -3.04	 -0.016	1.00127	   7.71	  -2.80	 -0.050	1.00228			#	   1.24	  66.58	
    321	   9.95	  -1.57	 -0.060	1.00180	   7.83	  -0.88	 -0.107	1.00269			#	   1.19	  64.63	
    322	  10.72	  -2.65	 -0.046	1.00122	   9.99	  -0.70	 -0.135	1.00173			#	   1.31	  63.76	
    323	   8.14	  -3.92	 -0.035	0.99962	   8.29	  -4.01	 -0.074	0.99915			#	   1.39	  73.31	
    324	   5.61	  -2.47	 -0.046	1.00048	   5.53	  -2.09	 -0.091	1.00120			#	   0.75	  84.85	
    325	   4.64	  -2.49	  0.005	1.00018	   3.56	  -2.30	 -0.036	1.00068			#	   0.50	  89.71	
    326	   4.68	  -1.93	  0.019	1.00015	   4.32	  -1.81	 -0.014	1.00052			#	   0.50	  91.36	
    327	   2.27	  -2.21	  0.010	1.00004	   2.44	  -1.71	  0.017	1.00024			#	   0.32	  92.27	
    328	   2.28	  -1.13	  0.005	1.00012	   0.76	  -1.96	 -0.002	1.00058			#	   0.22	  92.93	
    329	   2.27	  -0.16	  0.015	1.00005	   1.50	   0.30	 -0.003	1.00004			#	   0.17	  93.14	
    330	   3.95	  -0.27	  0.068	1.00000	   1.89	   0.20	  0.017	1.00028			#	   0.56	  90.71	
    331	   5.31	  -0.81	  0.092	0.99992	   4.18	  -0.72	  0.067	0.99986			#	   0.78	  91.45	
    332	   4.99	  -0.38	  0.045	0.99997	   4.64	   0.23	  0.032	1.00009			#	   0.68	  91.67	
    333	   2.32	  -1.31	  0.009	0.99996	   3.03	  -0.80	  0.017	1.00026			#	   0.41	  92.53	
    334	  -0.36	  -1.10	 -0.027	0.99993	  -0.55	  -0.99	  0.006	0.99996			#	   0.20	  92.93	
    335	  -2.04	  -1.19	 -0.056	1.00020	  -2.00	  -0.69	 -0.024	1.00038			#	   0.34	  92.75	
    336	  -2.82	  -1.17	 -0.057	1.00015	  -4.32	  -1.03	 -0.027	1.00043			#	   0.54	  92.84	
    337	  -1.39	  -2.46	 -0.035	0.99994	  -2.61	  -0.85	 -0.034	1.00027			#	   0.49	  93.01	
    338	  -0.85	  -4.32	 -0.015	1.00012	  -2.06	  -3.93	  0.004	1.00048			#	   1.13	  90.76	
    339	   1.19	  -3.11	 -0.007	1.00004	  -0.73	  -3.46	 -0.014	1.00090			#	   0.70	  90.71	
    340	   1.27	  -3.93	 -0.025	0.99986	   1.37	  -2.63	 -0.031	1.00053			#	   0.76	  93.06	
    341	  -0.28	  -5.39	 -0.019	1.00023	  -1.15	  -5.52	 -0.002	1.00085			#	   1.56	  90.63	
    342	  -0.14	  -4.20	 -0.029	1.00004	  -0.28	  -3.93	 -0.026	1.00087			#	   0.65	  90.67	
    343	  -2.20	  -4.83	 -0.020	1.00007	  -2.54	  -4.37	  0.011	1.00083			#	   1.08	  90.89	
    344	  -3.59	  -5.55	 -0.052	1.00023	  -3.28	  -4.29	 -0.004	1.00130			#	   1.54	  87.54	
    345	  -3.75	  -7.25	 -0.059	0.99996	  -5.76	  -7.55	 -0.009	1.00098			#	   2.26	  84.94	
    346	  -1.43	  -5.73	 -0.039	1.00011	  -2.89	  -5.95	 -0.040	1.00079			#	   0.95	  90.06	
    347	  -0.28	  -5.79	 -0.029	1.00014	  -1.20	  -5.28	 -0.025	1.00116			#	   1.02	  90.36	
    348	  -0.49	  -6.12	 -0.035	1.00018	  -1.55	  -5.87	 -0.011	1.00121			#	   1.14	  90.58	
    349	   1.46	  -7.00	 -0.049	1.00000	  -0.15	  -6.34	 -0.044	1.00102			#	   1.22	  90.06	
    350	   2.08	  -6.70	 -0.067	1.00031	   1.39	  -6.93	 -0.082	1.00146			#	   1.37	  90.36	
    351	   2.55	  -7.03	 -0.048	0.99996	   1.99	  -6.51	 -0.063	1.00113			#	   1.31	  90.15	
    352	   1.28	  -6.59	 -0.069	1.00035	   1.11	  -6.83	 -0.060	1.00137			#	   1.36	  90.23	
    353	   1.34	  -6.69	 -0.059	1.00013	   0.50	  -6.38	 -0.059	1.00116			#	   1.58	  90.06	
    354	   2.01	  -5.78	 -0.059	1.00018	   0.97	  -5.81	 -0.074	1.00141			#	   1.27	  90.23	
    355	   2.48	  -7.21	 -0.053	1.00011	   2.19	  -6.64	 -0.062	1.00115			#	   1.73	  89.63	
    356	   0.94	  -5.48	 -0.061	1.00017	   1.38	  -6.83	 -0.062	1.00109			#	   1.24	  89.84	
    357	  -0.36	  -3.69	 -0.023	1.00000	  -0.56	  -4.08	 -0.024	1.00050			#	   0.63	  90.67	
    358	  -1.33	  -2.20	 -0.009	1.00001	  -0.77	  -2.58	 -0.001	1.00059			#	   0.34	  92.62	
    359	  -4.37	  -2.94	 -0.023	1.00000	  -3.99	  -2.05	  0.035	1.00026			#	   0.54	  91.36	
    360	  -3.41	  -4.00	 -0.037	0.99990	  -4.57	  -3.73	 -0.016	1.00077			#	   0.90	  87.54	
    361	  -1.84	  -4.09	 -0.002	1.00007	  -2.99	  -4.30	 -0.001	1.00065			#	   0.84	  90.97	
    362	  -0.52	  -2.25	  0.008	1.00004	  -1.18	  -3.50	  0.018	1.00061			#	   0.51	  90.97	
    363	  -0.70	  -0.32	 -0.005	0.99983	  -0.20	  -0.50	 -0.008	1.00010			#	   0.08	  93.19	
    364	  -2.97	  -1.17	  0.010	0.99986	  -2.59	  -0.87	  0.033	0.99990			#	   0.26	  93.06	
    365	  -5.04	  -1.58	  0.063	0.99997	  -6.78	  -2.20	  0.105	1.00046			#	   0.81	  89.89	
    366	   0.67	   0.98	  0.031	0.99976	  -0.65	   0.24	  0.030	1.00001			#	   0.12	  93.53	
    367	   2.64	   0.63	  0.033	0.99974	   1.78	   0.94	  0.012	0.99968			#	   0.25	  93.27	
    368	   3.10	   0.77	  0.020	0.99965	   3.23	   0.59	 -0.001	0.99963			#	   0.38	  93.53	
    369	   1.94	   0.41	  0.023	0.99984	   2.25	   0.95	  0.009	1.00013			#	   0.21	  93.32	
    370	   0.98	  -1.17	  0.028	0.99991	   0.92	  -0.79	  0.030	1.00011			#	   0.18	  93.45	
    371	   0.84	  -1.08	  0.014	0.99993	   0.83	  -1.34	  0.012	1.00021			#	   0.23	  93.14	
    372	   0.29	  -1.46	  0.018	0.99995	   0.21	  -0.78	  0.017	1.00038			#	   0.22	  93.36	
    373	   1.02	  -1.64	  0.032	0.99997	  -0.03	  -2.66	  0.031	1.00037			#	   0.44	  93.36	
    374	   2.39	   0.64	  0.023	0.99973	   2.13	   0.12	  0.007	0.99996			#	   0.32	  93.32	
    375	   1.52	   0.19	  0.011	0.99979	   1.65	   0.44	  0.018	0.99992			#	   0.20	  93.32	
    376	   1.48	   0.55	 -0.016	1.00002	   0.85	  -0.02	 -0.011	0.99999			#	   0.18	  93.40	
    377	   2.74	   0.85	  0.006	0.99987	   1.94	   1.21	 -0.029	1.00005			#	   0.36	  93.45	
    378	   2.79	  -0.34	  0.017	0.99984	   3.15	   0.32	 -0.006	0.99987			#	   0.38	  93.84	
    379	   1.39	  -1.01	  0.014	1.00000	   1.57	  -1.02	  0.010	1.00033			#	   0.26	  93.66	
    380	   0.57	  -1.60	  0.027	1.00000	   0.86	  -1.16	  0.021	1.00020			#	   0.27	  93.79	
    381	  -0.01	  -0.84	  0.035	0.99999	  -0.23	  -1.77	  0.042	1.00025			#	   0.22	  93.92	
    382	   0.22	   0.09	  0.028	0.99989	  -0.17	   0.23	  0.037	1.00013			#	   0.09	  93.97	
    383	   0.24	   0.47	  0.011	0.99989	   0.19	  -0.17	  0.019	0.99980			#	   0.09	  93.79	
    384	   0.50	   0.78	  0.011	1.00002	  -0.01	   1.19	  0.012	0.99992			#	   0.16	  94.01	
    385	   0.83	   0.80	  0.007	0.99995	   1.05	   0.22	 -0.008	1.00011			#	   0.15	  93.84	
    386	  -0.58	   1.10	  0.030	0.99984	  -0.32	   1.50	  0.031	0.99984			#	   0.23	  94.01	
    387	  -0.48	   0.70	  0.021	0.99974	  -0.76	   0.24	  0.045	0.99965			#	   0.14	  94.01	
    388	   0.05	   0.94	 -0.002	0.99979	  -0.53	   1.51	  0.000	0.99980			#	   0.22	  93.97	
    389	   2.03	  -0.38	  0.012	0.99998	   0.96	  -0.14	 -0.009	0.99992			#	   0.20	  93.84	
    390	   2.58	   0.31	  0.013	0.99998	   2.91	  -0.33	 -0.013	1.00026			#	   0.44	  93.32	
    391	   0.94	   0.47	  0.018	0.99991	   1.90	   0.96	  0.011	0.99982			#	   0.18	  93.58	
    392	  -0.33	  -0.03	  0.026	0.99991	  -0.43	  -0.47	  0.036	1.00011			#	   0.09	  93.75	
    393	   0.08	   1.04	  0.006	0.99979	  -0.28	   0.76	  0.022	0.99980			#	   0.16	  94.01	
    394	   0.88	   0.89	  0.002	0.99989	   0.52	   1.17	 -0.013	0.99988			#	   0.19	  93.88	
    395	   1.39	  -0.45	  0.013	0.99985	   1.14	   0.33	 -0.000	1.00013			#	   0.17	  93.71	
    396	   1.14	  -0.83	  0.006	0.99995	   1.45	  -1.27	  0.005	1.00000			#	   0.21	  93.79	
    397	   0.91	   0.07	  0.000	1.00002	   0.42	  -0.20	 -0.003	1.00034			#	   0.10	  93.88	
    398	   1.53	   0.02	  0.002	0.99989	   1.89	   0.21	 -0.019	0.99981			#	   0.16	  93.75	
    399	  -0.07	   0.44	  0.019	0.99988	   0.38	   0.16	  0.012	1.00017			#	   0.11	  93.79	
    400	   0.02	   0.31	  0.035	0.99993	  -0.47	   0.29	  0.042	0.99983			#	   0.09	  94.05	
    401	   1.06	   0.59	  0.013	0.99994	   0.51	   0.54	  0.013	1.00013			#	   0.14	  93.40	
    402	   1.54	   0.14	  0.008	0.99980	   1.78	   0.28	 -0.007	0.99976			#	   0.17	  93.45	
    403	   0.42	  -0.03	  0.003	1.00001	   1.09	   0.03	  0.001	0.99999			#	   0.10	  93.92	
    404	  -0.97	  -0.21	  0.014	0.99994	  -0.60	  -0.00	  0.014	1.00033			#	   0.12	  93.79	
    405	  -1.46	  -1.18	  0.024	0.99995	  -1.34	  -0.93	  0.035	0.99988			#	   0.23	  93.66	
    406	  -1.49	  -0.30	  0.017	1.00005	  -1.99	  -0.94	  0.044	1.00047			#	   0.20	  93.71	
    407	   0.74	  -0.30	  0.011	0.99973	  -0.34	   0.15	  0.001	0.99996			#	   0.11	  94.01	
    408	   1.42	  -0.96	 -0.000	1.00000	   1.79	  -1.03	 -0.013	1.00017			#	   0.25	  93.75	
    409	   0.37	  -1.11	 -0.003	0.99989	   0.72	  -0.81	 -0.001	1.00008			#	   0.19	  93.92	
    410	   0.06	  -0.38	 -0.006	1.00019	   0.03	  -1.56	 -0.002	1.00016			#	   0.15	  93.97	
    411	   0.78	   1.62	  0.014	0.99993	   0.16	   1.20	 -0.004	0.99999			#	   0.28	  93.53	
    412	   0.86	   0.96	  0.031	0.99980	   1.35	   1.75	  0.020	0.99964			#	   0.27	  93.62	
    413	   0.12	  -0.15	  0.011	0.99998	  -0.24	  -0.05	  0.037	0.99995			#	   0.10	  94.10	
    414	   1.88	  -0.03	 -0.015	0.99997	   1.19	  -0.04	 -0.031	1.00008			#	   0.17	  93.71	
    415	   1.52	  -0.64	 -0.008	0.99998	   2.32	  -0.28	 -0.034	1.00009			#	   0.20	  93.71	
    416	   0.01	  -1.25	  0.020	1.00000	   0.68	  -0.90	  0.009	1.00021			#	   0.21	  93.71	
    417	  -1.00	  -1.37	  0.019	1.00003	  -1.10	  -1.71	  0.044	1.00026			#	   0.27	  93.79	
    418	   0.02	   0.02	  0.000	0.99998	  -0.31	  -0.53	  0.001	1.00019			#	   0.09	  93.97	
    419	   0.13	   0.67	 -0.005	1.00007	   0.24	   0.22	 -0.005	0.99990			#	   0.12	  93.49	
    420	   0.61	   1.94	  0.003	0.99984	   0.15	   1.54	 -0.009	0.99974			#	   0.55	  93.27	
    421	   0.95	   1.48	  0.008	0.99980	   1.57	   2.03	 -0.008	0.99960			#	   0.35	  93.53	
    422	  -1.17	   1.06	 -0.001	1.00008	  -0.31	   0.85	  0.015	0.99984			#	   0.19	  93.49	
    423	  -1.39	   1.02	  0.004	1.00000	  -1.76	   1.13	  0.018	0.99990			#	   0.25	  93.62	
    424	  -0.72	   1.07	 -0.005	0.99995	  -0.72	   0.86	 -0.001	0.99983			#	   0.19	  93.71	
    425	  -0.82	   1.06	  0.004	0.99984	  -0.89	   1.17	  0.005	0.99983			#	   0.19	  93.75	
    426	  -0.21	   0.17	  0.013	0.99991	  -0.41	   0.65	  0.015	0.99964			#	   0.11	  93.23	
    427	   0.20	  -0.24	  0.007	1.00000	   0.10	  -0.07	  0.010	1.00008			#	   0.09	  93.71	
    428	   0.15	  -0.66	 -0.004	1.00006	   0.42	  -0.65	 -0.007	1.00030			#	   0.12	  93.62	
    429	  -0.95	  -0.45	  0.004	0.99997	  -0.46	  -0.60	  0.009	0.99998			#	   0.13	  93.32	
    430	  -1.23	  -0.22	  0.008	1.00004	  -1.37	  -0.19	  0.021	1.00014			#	   0.15	  93.58	
    431	  -1.01	  -0.33	 -0.006	1.00008	  -1.08	  -0.54	  0.007	0.99997			#	   0.13	  93.14	
    432	  -0.39	   0.49	 -0.002	1.00004	  -0.83	   0.12	 -0.003	1.00007			#	   0.12	  93.71	
    433	   0.62	   0.77	  0.002	0.99991	   0.25	   0.76	 -0.006	0.99989			#	   0.14	  93.58	
    434	   1.13	  -0.07	  0.006	0.99984	   1.12	   0.70	 -0.009	0.99990			#	   0.15	  93.32	
    435	   0.83	  -1.80	  0.003	0.99998	   1.11	  -1.27	 -0.002	1.00017			#	   0.32	  93.66	
    436	   0.45	  -2.74	 -0.001	1.00001	   0.78	  -2.43	 -0.003	1.00033			#	   0.56	  93.45	
    437	  -0.29	  -2.58	 -0.011	1.00023	  -0.17	  -2.95	  0.004	1.00068			#	   0.61	  93.75	
    438	  -0.42	  -1.00	 -0.024	1.00003	  -0.18	  -2.06	 -0.017	1.00020			#	   0.28	  93.75	
    439	  -0.14	   0.14	 -0.026	0.99998	  -0.69	   0.27	 -0.026	1.00020			#	   0.10	  93.84	
    440	   0.47	  -0.49	 -0.019	0.99976	   0.59	  -0.27	 -0.037	0.99987			#	   0.11	  93.84	
    441	   0.16	  -0.89	 -0.005	1.00003	   0.45	  -0.98	 -0.004	0.99998			#	   0.16	  94.10	
    442	  -0.47	   0.11	 -0.021	1.00024	  -0.39	  -0.42	 -0.009	1.00036			#	   0.11	  93.97	
    443	  -0.30	   0.91	 -0.003	0.99990	  -0.09	   0.79	 -0.023	0.99988			#	   0.15	  93.92	
    444	  -1.11	   0.58	  0.029	0.99992	  -0.97	   0.78	  0.039	0.99974			#	   0.18	  93.92	
    445	  -0.07	   0.17	  0.022	0.99990	  -1.04	   0.50	  0.031	0.99994			#	   0.11	  93.79	
    446	   1.40	  -0.91	  0.022	0.99991	   1.25	  -0.45	  0.001	0.99996			#	   0.20	  93.79	
    447	   0.85	  -1.37	  0.030	1.00010	   1.11	  -1.30	  0.023	1.00048			#	   0.25	  93.62	
    448	   0.02	  -1.19	  0.016	0.99999	   0.44	  -1.42	  0.029	1.00013			#	   0.22	  93.75	
    449	  -0.79	  -0.58	 -0.003	1.00014	  -0.85	  -0.97	  0.010	1.00025			#	   0.14	  93.53	
    450	   0.32	  -0.09	  0.014	0.99985	  -0.11	  -0.07	 -0.001	0.99995			#	   0.22	  93.92	
    451	   0.15	   0.10	  0.012	1.00002	   0.39	  -0.35	  0.018	0.99979			#	   0.09	  93.92	
    452	   0.48	   0.63	  0.020	1.00001	  -0.12	   0.80	  0.014	1.00013			#	   0.13	  94.10	
    453	   0.74	  -0.09	  0.012	0.99990	   1.06	   0.32	  0.007	0.99991			#	   0.12	  94.27	
    454	  -0.10	  -1.41	  0.005	1.00002	   0.11	  -0.66	  0.007	1.00012			#	   0.20	  94.05	
    455	  -0.40	  -2.12	 -0.000	1.00025	  -0.42	  -2.27	  0.010	1.00059			#	   0.42	  93.71	
    456	  -0.41	  -1.02	 -0.008	1.00004	  -0.77	  -1.64	 -0.002	1.00036			#	   0.21	  93.88	
    457	   1.37	   0.11	 -0.002	0.99998	   0.36	  -0.28	 -0.016	0.99993			#	   0.13	  94.05	
    458	   1.87	   1.03	 -0.007	1.00000	   2.31	   0.67	 -0.025	1.00000			#	   0.24	  94.14	
    459	   0.59	   0.57	  0.004	0.99990	   1.17	   1.05	 -0.005	0.99972			#	   0.14	  93.71	
    460	  -0.66	   0.12	  0.005	0.99993	   0.07	  -0.05	  0.007	0.99990			#	   0.09	  94.05	
    461	  -1.85	   0.02	  0.004	1.00012	  -2.09	   0.23	  0.028	1.00002			#	   0.19	  94.40	
    462	  -0.75	  -0.08	  0.006	0.99999	  -1.14	  -0.29	  0.007	1.00010			#	   0.10	  93.84	
    463	  -0.85	   0.15	  0.009	0.99991	  -0.80	   0.13	  0.017	0.99993			#	   0.09	  93.88	
    464	  -0.50	  -0.17	  0.005	1.00005	  -0.94	   0.02	  0.019	0.99997			#	   0.09	  94.10	
    465	   0.66	  -0.44	 -0.009	0.99996	   0.00	  -0.26	 -0.011	1.00012			#	   0.11	  93.84	
    466	   1.95	  -0.72	  0.002	1.00005	   1.49	  -0.95	 -0.023	1.00015			#	   0.21	  93.88	
    467	   1.45	   0.17	  0.006	0.99993	   2.24	  -0.11	 -0.010	0.99998			#	   0.15	  94.36	
    468	  -0.78	   0.12	  0.008	0.99997	  -0.02	   0.29	  0.020	0.99994			#	   0.09	  94.01	
    469	  -1.13	  -0.10	  0.004	1.00008	  -1.64	  -0.13	  0.018	1.00006			#	   0.13	  94.14	
    470	   0.13	   0.30	  0.002	0.99997	  -0.27	  -0.10	  0.001	0.99996			#	   0.07	  94.27	
    471	   0.89	   0.88	 -0.004	1.00003	   0.24	   0.82	 -0.004	0.99988			#	   0.15	  93.97	
    472	   2.49	   0.79	 -0.004	0.99987	   1.99	   0.97	 -0.033	0.99990			#	   0.28	  93.66	
    473	   1.98	  -0.11	  0.006	0.99990	   2.55	   0.12	 -0.012	0.99979			#	   0.21	  94.01	
    474	   0.79	  -0.06	  0.007	1.00005	   1.13	   0.13	 -0.001	1.00011			#	   0.10	  94.18	
    475	  -0.09	  -0.89	  0.017	1.00003	   0.38	  -0.77	  0.019	1.00017			#	   0.14	  93.88	
    476	  -0.77	  -0.46	  0.004	1.00007	  -1.21	  -0.68	  0.030	1.00022			#	   0.13	  93.79	
    477	   1.06	  -0.58	  0.009	0.99992	   0.22	  -0.35	 -0.010	0.99996			#	   0.13	  93.71	
    478	   1.39	  -0.60	  0.011	0.99999	   1.57	  -0.58	  0.001	1.00015			#	   0.18	  93.62	
    479	   1.05	  -0.54	  0.010	1.00011	   1.03	  -0.82	  0.004	1.00014			#	   0.15	  93.84	
    480	   0.62	   0.37	  0.006	1.00003	   0.68	  -0.09	  0.006	0.99997			#	   0.21	  93.27	
    481	   0.72	   0.82	  0.004	0.99992	   0.50	   0.82	  0.003	0.99985			#	   0.14	  93.75	
    482	   0.18	   0.93	  0.001	0.99992	   0.47	   0.64	 -0.003	0.99955			#	   0.14	  93.71	
    483	   0.08	   1.79	  0.010	0.99998	  -0.31	   1.64	  0.010	0.99984			#	   0.31	  93.84	
    484	   1.38	   1.53	  0.021	0.99994	   0.49	   1.67	  0.011	0.99978			#	   0.28	  93.40	
    485	   2.01	   0.28	  0.021	0.99981	   2.29	   1.32	 -0.002	0.99977			#	   0.29	  93.62	
    486	   0.74	  -1.61	  0.025	1.00005	   1.22	  -1.07	  0.019	1.00014			#	   0.28	  93.66	
    487	  -0.16	  -2.02	  0.034	1.00029	  -0.18	  -2.11	  0.041	1.00059			#	   0.36	  93.62	
    488	   0.59	  -1.15	  0.027	1.00006	  -0.12	  -1.48	  0.030	1.00033			#	   0.21	  93.49	
    489	   1.20	  -0.76	  0.020	1.00003	   1.17	  -0.96	  0.012	1.00010			#	   0.18	  93.71	
    490	   0.52	   0.06	  0.020	1.00002	   1.00	  -0.29	  0.014	0.99989			#	   0.11	  94.18	
    491	  -0.55	   0.68	  0.022	1.00008	  -0.59	   0.57	  0.037	1.00009			#	   0.12	  94.01	
    492	   0.27	   0.64	  0.006	0.99987	  -0.24	   0.96	  0.015	0.99984			#	   0.13	  93.84	
    493	   0.41	  -0.74	 -0.009	0.99994	   0.48	  -0.09	 -0.010	0.99989			#	   0.12	  93.79	
    494	   0.61	  -1.64	  0.005	0.99799	   0.31	  -1.23	 -0.012	1.00004			#	   0.26	  93.79	
    495	  -0.50	  -1.60	  0.005	0.99798	   0.57	  -1.98	  0.013	0.99704			#	   0.30	  93.88	
    496	  -1.30	  -0.96	  0.025	0.99944	  -1.82	  -0.98	  0.027	0.99894			#	   0.19	  93.53	
    497	  -0.52	  -0.04	  0.045	0.99928	  -0.73	  -0.82	  0.048	0.99994			#	   0.14	  93.75	
    498	   0.36	   0.93	  0.038	0.99863	  -0.55	   1.00	  0.046	0.99851			#	   0.26	  93.79	
    499	   1.78	   0.33	  0.026	0.99936	   1.42	   0.66	  0.014	0.99853			#	   0.23	  93.62	
    500	   1.75	   0.55	  0.009	1.00011	   1.77	   0.13	  0.008	0.99996			#	   0.20	  93.58	
    501	   2.00	   0.05	  0.007	1.00048	   1.75	   0.88	 -0.013	1.00007			#	   0.21	  93.66	
    502	   2.05	  -0.89	  0.024	1.00072	   1.94	  -0.85	  0.001	1.00091			#	   0.28	  93.58	
    503	   1.62	  -0.85	  0.034	1.00025	   2.03	  -1.09	  0.026	1.00051			#	   0.29	  93.06	
    504	   0.32	   0.55	  0.010	1.00046	   0.58	  -0.27	  0.023	1.00004			#	   0.10	  93.58	
    505	   0.34	   0.96	  0.006	1.00063	  -0.05	   1.40	  0.003	1.00052			#	   0.16	  93.88	
    506	   0.45	  -0.44	  0.008	1.00040	   0.60	   0.17	  0.004	1.00055			#	   0.11	  93.79	
    507	  -0.18	  -0.82	  0.011	1.00010	  -0.04	  -0.89	  0.013	1.00017			#	   0.14	  93.88	
    508	  -0.19	  -0.55	  0.017	1.00012	  -0.74	  -0.79	  0.024	1.00020			#	   0.11	  93.10	
    509	   0.91	   0.21	  0.018	1.00000	   0.68	  -0.07	  0.002	0.99991			#	   0.11	  93.88	
    510	  -0.07	   0.67	  0.021	1.00003	   0.23	   0.60	  0.027	0.99991			#	   0.27	  92.84	
    511	  -0.12	   0.29	  0.012	1.00004	  -0.51	   0.28	  0.028	0.99974			#	   0.10	  93.79	
    512	   0.84	   0.92	 -0.001	0.99999	   0.19	   0.78	 -0.009	0.99995			#	   0.16	  93.97	
    513	   1.18	   0.12	  0.005	0.99994	   1.40	   0.77	 -0.011	0.99972			#	   0.15	  93.66	
    514	   0.22	  -0.83	  0.017	1.00004	   0.41	  -0.60	  0.018	1.00010			#	   0.13	  93.75	
    515	  -0.16	  -1.00	  0.021	1.00026	  -0.25	  -1.23	  0.028	1.00025			#	   0.17	  93.23	
    516	  -0.04	  -0.19	  0.015	1.00006	  -0.36	  -0.45	  0.023	1.00021			#	   0.09	  93.58	
    517	   0.61	  -0.32	  0.018	0.99999	   0.24	   0.02	  0.007	0.99986			#	   0.10	  93.71	
    518	   0.61	  -0.78	  0.024	0.99999	   0.61	  -0.67	  0.020	1.00015			#	   0.14	  93.45	
    519	   0.42	  -1.19	  0.017	1.00004	   0.64	  -0.98	  0.012	1.00011			#	   0.20	  93.58	
    520	  -0.92	  -1.29	  0.030	1.00019	  -0.46	  -1.41	  0.034	1.00020			#	   0.23	  93.53	
    521	  -1.01	  -1.42	  0.044	1.00021	  -1.59	  -1.28	  0.054	1.00044			#	   0.26	  93.53	
    522	  -0.02	  -1.02	  0.039	1.00003	  -0.46	  -1.37	  0.043	1.00013			#	   0.18	  93.79	
    523	   0.98	   0.19	  0.026	0.99994	   0.42	  -0.46	  0.027	1.00008			#	   0.12	  93.53	
    524	   0.91	  -0.49	  0.009	0.99983	   1.45	   0.67	  0.000	0.99970			#	   0.15	  93.62	
    525	  -0.53	  -2.48	  0.013	1.00023	  -0.16	  -1.87	  0.014	1.00045			#	   0.57	  93.58	
    526	  -0.90	  -2.40	  0.026	1.00019	  -0.94	  -3.05	  0.041	1.00045			#	   0.68	  93.27	
    527	  -0.07	  -0.82	  0.015	1.00018	  -1.13	  -1.25	  0.026	1.00028			#	   0.17	  93.40	
    528	   1.73	   0.13	  0.012	1.00014	   1.14	  -0.37	 -0.008	1.00018			#	   0.16	  93.88	
    529	   1.18	   0.91	  0.011	0.99980	   2.19	   0.81	 -0.001	0.99954			#	   0.24	  93.66	
    530	  -1.06	   0.20	  0.018	1.00008	  -0.55	   0.71	  0.030	1.00003			#	   0.12	  93.71	
    531	  -1.02	  -0.66	  0.020	0.99994	  -1.56	  -0.42	  0.042	0.99997			#	   0.16	  93.88	
    532	   0.33	  -0.81	 -0.019	1.00016	  -0.41	  -0.91	 -0.004	1.00022			#	   0.15	  94.05	
    533	   1.57	  -0.61	 -0.022	0.99998	   1.20	  -0.44	 -0.050	1.00020			#	   0.17	  93.88	
    534	   0.81	  -1.20	 -0.005	1.00004	   1.74	  -0.93	 -0.014	1.00002			#	   0.27	  93.75	
    535	  -0.23	  -1.36	 -0.004	1.00016	  -0.57	  -1.33	  0.006	1.00060			#	   0.24	  93.19	
    536	   0.48	  -1.36	  0.006	1.00002	   0.26	  -1.62	 -0.002	1.00016			#	   0.27	  93.06	
    537	   0.59	  -0.05	 -0.003	1.00015	   0.46	  -0.96	  0.003	1.00019			#	   0.11	  93.71	
    538	   1.02	   1.05	 -0.011	0.99994	   0.82	   1.00	 -0.022	0.99998			#	   0.21	  93.79	
    539	   1.08	   0.39	 -0.004	0.99988	   1.07	   0.85	 -0.013	0.99979			#	   0.16	  93.66	
    540	   0.87	  -0.90	  0.008	0.99999	   0.90	  -0.25	 -0.008	1.00001			#	   0.31	  92.71	
    541	   0.60	  -1.62	  0.020	1.00006	   0.83	  -1.69	  0.015	1.00020			#	   0.34	  93.66	
    542	  -0.18	  -0.83	  0.009	1.00012	  -0.11	  -1.39	  0.024	1.00022			#	   0.17	  93.32	
    543	   0.41	   0.39	 -0.004	0.99994	  -0.05	  -0.06	 -0.003	0.99995			#	   0.08	  93.92	
    544	   0.25	   0.78	 -0.022	0.99989	   0.47	   0.92	 -0.016	0.99985			#	   0.15	  93.58	
    545	   0.20	  -0.49	 -0.009	0.99993	   0.09	   0.38	 -0.020	0.99999			#	   0.09	  93.97	
    546	   0.20	  -1.72	  0.011	1.00014	   0.11	  -1.68	  0.004	1.00023			#	   0.33	  93.97	
    547	   1.04	  -1.32	  0.030	1.00005	   0.27	  -1.50	  0.023	1.00050			#	   0.33	  93.45	
    548	   2.03	  -0.60	  0.011	0.99996	   2.08	  -1.37	  0.007	0.99998			#	   0.31	  93.71	
    549	   1.10	   0.58	  0.006	1.00007	   1.59	   0.41	 -0.015	0.99994			#	   0.17	  93.01	
    550	   0.25	   0.68	  0.022	1.00001	   0.39	   0.71	  0.026	0.99992			#	   0.14	  92.88	
    551	   0.53	   0.40	  0.004	0.99996	   0.18	   0.47	  0.012	0.99990			#	   0.11	  93.36	
    552	   0.63	  -0.03	 -0.013	0.99993	   0.80	   0.25	 -0.017	0.99999			#	   0.10	  93.97	
    553	   0.40	  -0.69	 -0.009	0.99989	   0.28	  -0.42	 -0.017	0.99996			#	   0.11	  93.66	
    554	   0.29	  -1.17	  0.000	1.00009	   0.65	  -1.01	 -0.007	1.00014			#	   0.21	  93.66	
    555	  -0.57	  -0.95	 -0.001	1.00024	  -0.40	  -1.25	  0.016	1.00033			#	   0.19	  93.79	
    556	  -0.12	  -0.06	 -0.016	0.99998	  -0.34	  -0.55	 -0.017	1.00017			#	   0.09	  93.62	
    557	  -0.15	   0.63	 -0.004	0.99995	   0.07	   0.56	 -0.018	0.99980			#	   0.12	  93.88	
    558	  -0.42	   0.82	  0.010	0.99999	  -0.20	   0.60	  0.017	0.99987			#	   0.14	  93.40	
    559	  -0.54	   0.81	 -0.008	0.99997	  -0.49	   0.94	  0.002	0.99983			#	   0.15	  93.71	
    560	  -0.86	   0.28	 -0.019	0.99995	  -0.62	   0.75	 -0.012	0.99987			#	   0.12	  93.88	
    561	  -0.96	  -0.48	 -0.021	1.00002	  -0.87	  -0.47	 -0.016	1.00007			#	   0.14	  93.58	
    562	  -0.97	  -0.33	 -0.015	1.00007	  -1.05	  -0.31	 -0.008	1.00016			#	   0.14	  93.71	
    563	  -0.01	  -0.52	 -0.009	0.99993	  -0.22	  -0.27	 -0.015	1.00001			#	   0.10	  93.79	
    564	   0.05	  -0.41	 -0.016	1.00008	   0.11	  -0.98	 -0.009	1.00022			#	   0.12	  94.14	
    565	  -0.04	  -0.16	 -0.028	0.99990	   0.29	   0.45	 -0.027	0.99994			#	   0.10	  93.88	
    566	  -1.05	  -0.87	 -0.031	1.00010	  -0.60	  -1.12	 -0.021	1.00008			#	   0.21	  94.10	
    567	  -1.22	  -0.11	 -0.021	1.00004	  -1.34	  -0.38	 -0.022	1.00020			#	   0.15	  93.84	
    568	  -0.92	   0.13	 -0.015	1.00000	  -1.04	   0.12	 -0.007	0.99993			#	   0.12	  94.14	
    569	   0.32	   0.30	 -0.009	0.99988	  -0.34	   0.12	 -0.018	1.00012			#	   0.09	  94.10	
    570	   0.52	   0.33	 -0.023	0.99995	   1.24	   0.05	 -0.015	0.99960			#	   0.25	  92.80	
    571	  -0.18	   1.33	 -0.055	0.99999	  -0.24	   1.16	 -0.041	1.00007			#	   0.24	  93.88	
    572	   0.29	   0.35	 -0.060	0.99988	   0.47	   1.05	 -0.074	0.99984			#	   0.14	  93.97	
    573	  -0.87	  -0.19	 -0.058	0.99999	  -0.05	  -0.44	 -0.053	1.00002			#	   0.14	  93.92	
    574	  -1.51	  -0.28	 -0.036	0.99997	  -1.50	   0.09	 -0.038	1.00003			#	   0.18	  93.88	
    575	  -1.28	  -0.33	 -0.025	1.00008	  -1.35	  -0.80	 -0.015	1.00007			#	   0.17	  93.49	
    576	   0.08	   1.01	 -0.021	0.99997	  -0.83	   0.31	 -0.026	1.00009			#	   0.16	  93.71	
    577	   1.24	   1.60	 -0.019	0.99979	   1.63	   1.77	 -0.040	0.99961			#	   0.35	  93.88	
    578	  -0.37	   1.21	 -0.019	0.99993	   0.65	   1.10	 -0.013	0.99967			#	   0.20	  93.88	
    579	  -1.51	   1.06	 -0.020	0.99993	  -1.31	   1.19	 -0.007	0.99982			#	   0.26	  93.66	
    580	  -1.20	   1.39	 -0.016	1.00001	  -1.54	   1.06	 -0.012	0.99992			#	   0.30	  93.40	
    581	  -0.21	   0.94	 -0.007	0.99989	  -0.18	   1.43	 -0.007	0.99965			#	   0.22	  93.62	
    582	  -0.37	   0.76	 -0.030	0.99994	  -0.22	   0.39	 -0.025	1.00001			#	   0.13	  93.27	
    583	  -0.66	   0.99	 -0.022	0.99979	  -0.32	   1.37	 -0.027	0.99964			#	   0.23	  93.32	
    584	  -0.44	  -0.31	 -0.017	1.00005	  -0.70	   0.25	 -0.010	1.00020			#	   0.09	  93.84	
    585	   0.02	  -0.70	 -0.034	0.99998	   0.13	  -0.84	 -0.030	1.00003			#	   0.14	  93.62	
    586	   0.90	  -0.38	 -0.025	0.99992	   0.32	  -0.52	 -0.042	1.00020			#	   0.12	  93.66	
    587	   1.43	  -0.09	 -0.010	1.00002	   1.92	  -0.11	 -0.031	1.00003			#	   0.15	  93.58	
    588	   0.59	   0.00	 -0.002	0.99998	   1.00	  -0.23	 -0.013	1.00009			#	   0.10	  93.79	
    589	  -0.64	   0.90	 -0.005	0.99988	   0.11	   0.60	  0.005	0.99978			#	   0.15	  93.53	
    590	  -0.76	   0.65	  0.007	0.99997	  -1.21	   1.15	  0.004	1.00004			#	   0.17	  93.97	
    591	   0.58	  -0.52	  0.019	0.99987	   0.31	  -0.06	  0.009	1.00001			#	   0.11	  93.32	
    592	   0.31	  -0.88	  0.009	0.99996	   0.59	  -0.87	  0.010	1.00013			#	   0.16	  93.62	
    593	   0.73	  -1.12	  0.016	1.00007	   0.47	  -0.75	  0.006	1.00030			#	   0.21	  93.36	
    594	   0.95	  -1.20	  0.015	0.99998	   1.27	  -1.60	  0.010	1.00018			#	   0.30	  93.58	
    595	  -0.04	  -0.21	 -0.006	1.00004	   0.35	  -0.39	  0.001	1.00027			#	   0.09	  93.88	
    596	  -0.43	  -0.38	 -0.009	1.00000	  -0.08	  -0.10	 -0.013	1.00006			#	   0.09	  93.66	
    597	  -0.80	  -0.23	  0.007	1.00003	  -0.96	  -0.71	  0.016	1.00007			#	   0.11	  93.71	
    598	   0.66	   0.65	  0.005	0.99995	  -0.17	   0.55	 -0.001	1.00008			#	   0.11	  93.32	
    599	   1.77	   0.53	 -0.015	0.99986	   2.17	   0.64	 -0.032	0.99986			#	   0.21	  93.23	
    600	   0.14	   0.22	 -0.008	0.99992	   0.99	   0.44	 -0.014	0.99987			#	   0.22	  92.88	
    601	  -0.57	  -0.15	 -0.004	1.00007	  -0.14	  -0.22	  0.001	1.00002			#	   0.09	  93.75	
    602	  -1.22	   0.68	 -0.015	1.00004	  -1.27	   0.12	 -0.000	1.00017			#	   0.17	  93.45	
    603	  -0.14	   0.92	 -0.017	0.99988	  -0.84	   1.07	 -0.013	0.99981			#	   0.20	  93.40	
    604	   1.45	   0.76	 -0.028	0.99983	   0.86	   0.60	 -0.037	0.99988			#	   0.18	  93.40	
    605	   1.91	   0.21	 -0.025	0.99981	   2.51	   0.97	 -0.060	0.99976			#	   0.22	  93.62	
    606	  -0.56	  -0.70	 -0.007	1.00017	   0.83	  -0.96	 -0.006	1.00021			#	   0.16	  93.32	
    607	  -2.09	  -0.39	  0.019	0.99996	  -1.95	  -0.09	  0.027	1.00017			#	   0.21	  93.53	
    608	  -2.41	  -0.42	  0.009	1.00005	  -2.36	  -1.03	  0.048	1.00022			#	   0.27	  93.32	
    609	  -0.28	   0.23	 -0.009	0.99984	  -2.25	   0.46	 -0.005	0.99992			#	   0.16	  93.23	
    610	   3.23	  -0.26	 -0.008	0.99998	   2.92	  -0.00	 -0.048	1.00012			#	   0.33	  93.40	
    611	   1.49	  -0.19	 -0.016	1.00000	   2.68	  -0.74	 -0.027	1.00005			#	   0.23	  93.32	
    612	   0.08	   0.60	 -0.015	1.00007	   0.23	   0.37	 -0.006	1.00010			#	   0.10	  93.36	
    613	   0.70	   0.98	 -0.021	0.99989	   0.36	   1.09	 -0.029	0.99985			#	   0.17	  93.36	
    614	   0.68	   0.40	 -0.026	0.99987	   0.88	   0.51	 -0.033	0.99986			#	   0.11	  93.45	
    615	   1.21	   0.00	 -0.016	0.99999	   0.73	   0.48	 -0.032	1.00000			#	   0.12	  93.66	
    616	   1.64	  -0.50	 -0.017	1.00006	   1.87	  -0.92	 -0.029	1.00007			#	   0.22	  93.14	
    617	   1.70	   1.39	 -0.014	0.99992	   1.38	   0.54	 -0.029	0.99998			#	   0.25	  93.40	
    618	   2.39	   1.64	  0.006	0.99982	   2.45	   2.34	 -0.030	0.99967			#	   0.52	  93.66	
    619	   1.46	  -0.21	  0.011	0.99994	   2.08	   0.25	  0.007	0.99994			#	   0.19	  93.84	
    620	   1.04	  -0.19	  0.002	1.00001	   0.87	  -0.36	 -0.006	1.00010			#	   0.12	  93.66	
    621	   1.02	   0.00	  0.008	0.99994	   1.63	  -0.08	 -0.005	0.99990			#	   0.13	  93.45	
    622	  -0.73	   0.66	 -0.002	1.00003	  -0.02	   0.46	  0.014	1.00019			#	   0.12	  93.23	
    623	  -1.36	   0.76	 -0.001	0.99984	  -1.29	   0.54	  0.006	0.99969			#	   0.18	  93.45	
    624	  -1.37	   1.06	  0.006	0.99992	  -1.73	   1.12	  0.015	0.99985			#	   0.27	  93.62	
    625	   0.34	   0.74	  0.015	0.99995	  -0.41	   0.92	  0.005	0.99983			#	   0.14	  93.58	
    626	   0.52	   0.58	  0.019	0.99991	   0.97	   0.53	  0.011	0.99991			#	   0.14	  92.97	
    627	   0.28	   0.67	  0.024	1.00006	  -0.14	   0.84	  0.026	1.00010			#	   0.13	  93.01	
    628	   1.10	   0.04	  0.014	0.99991	   1.13	   0.13	  0.007	0.99985			#	   0.14	  93.79	
    629	   0.44	  -0.12	  0.006	0.99993	   0.82	   0.10	  0.005	0.99995			#	   0.09	  93.79	
    630	   0.13	  -0.47	  0.011	1.00007	   0.02	  -0.44	  0.017	1.00012			#	   0.23	  92.14	
    631	   0.47	  -0.22	 -0.003	1.00016	   0.39	  -0.27	 -0.007	1.00029			#	   0.09	  93.27	
    632	   0.51	  -0.35	 -0.005	0.99981	   0.62	  -0.26	 -0.013	0.99988			#	   0.10	  93.40	
    633	  -0.14	  -0.15	 -0.002	0.99997	   0.57	  -0.43	 -0.002	0.99987			#	   0.09	  93.45	
    634	  -1.63	   0.23	 -0.007	1.00007	  -1.12	   0.47	  0.006	1.00003			#	   0.15	  93.01	
    635	  -1.06	  -0.39	 -0.002	1.00004	  -2.04	  -0.10	  0.010	1.00025			#	   0.17	  93.23	
    636	   0.76	  -0.88	  0.007	1.00006	   0.44	  -0.69	 -0.010	1.00018			#	   0.14	  93.58	
    637	   0.47	  -0.97	  0.007	0.99996	   1.06	  -1.13	  0.004	0.99998			#	   0.20	  93.27	
    638	  -0.42	  -0.26	 -0.008	1.00001	  -0.09	  -0.38	  0.004	1.00021			#	   0.09	  93.58	
    639	  -0.65	  -0.49	 -0.011	1.00003	  -0.62	  -0.56	 -0.009	0.99989			#	   0.12	  93.32	
    640	  -0.46	   0.47	 -0.003	1.00007	  -0.64	  -0.08	  0.003	1.00008			#	   0.09	  93.58	
    641	   0.05	   0.97	 -0.009	1.00003	   0.06	   0.93	 -0.008	0.99983			#	   0.16	  93.36	
    642	  -0.61	   0.78	 -0.012	0.99994	  -0.13	   1.01	 -0.013	0.99982			#	   0.15	  93.40	
    643	  -0.78	   0.64	  0.003	1.00002	  -1.15	   0.44	  0.006	1.00001			#	   0.13	  92.62	
    644	   0.24	   0.59	  0.015	0.99984	   0.28	   0.84	  0.005	0.99972			#	   0.13	  93.36	
    645	  -0.42	   0.11	 -0.001	0.99995	  -0.22	   0.20	  0.015	0.99988			#	   0.08	  93.66	
    646	  -0.05	  -0.12	 -0.008	1.00011	  -0.18	  -0.13	 -0.016	1.00004			#	   0.07	  93.79	
    647	  -0.11	   0.51	 -0.003	1.00010	   0.10	   0.09	 -0.005	1.00007			#	   0.10	  93.84	
    648	  -0.49	   0.99	 -0.007	0.99993	  -0.08	   0.93	 -0.003	0.99981			#	   0.17	  93.23	
    649	  -1.24	   1.05	 -0.013	0.99994	  -1.00	   1.10	 -0.009	0.99984			#	   0.22	  93.40	
    650	  -1.24	   0.53	 -0.000	0.99993	  -1.37	   0.73	  0.001	0.99979			#	   0.18	  93.40	
    651	  -0.98	   0.50	  0.012	1.00001	  -1.04	   0.31	  0.014	0.99996			#	   0.14	  93.66	
    652	  -0.18	   0.61	  0.014	0.99990	  -0.64	   0.65	  0.016	0.99978			#	   0.12	  93.53	
    653	   0.14	   0.65	  0.003	0.99996	   0.41	   0.71	  0.003	0.99985			#	   0.12	  93.53	
    654	  -0.41	   0.16	 -0.002	0.99994	  -0.05	   0.62	 -0.001	0.99985			#	   0.10	  93.53	
    655	  -0.87	  -0.72	  0.010	0.99999	  -0.59	  -0.57	  0.013	1.00013			#	   0.13	  93.66	
    656	  -1.52	  -0.70	  0.004	1.00004	  -1.39	  -0.83	  0.027	1.00020			#	   0.18	  93.62	
    657	  -0.37	   0.19	 -0.004	0.99992	  -1.25	  -0.47	  0.007	0.99992			#	   0.10	  93.97	
    658	   1.08	   0.79	 -0.015	0.99993	   0.95	   1.11	 -0.027	0.99997			#	   0.17	  94.01	
    659	   0.86	   0.23	 -0.022	0.99989	   1.03	   0.36	 -0.025	0.99990			#	   0.11	  93.71	
    660	   0.45	  -0.16	 -0.015	0.99996	   0.93	  -0.10	 -0.027	0.99992			#	   0.24	  92.93	
    661	   0.08	   0.29	 -0.009	1.00015	  -0.10	  -0.08	 -0.002	0.99997			#	   0.07	  94.05	
    662	   0.58	   1.31	 -0.007	1.00004	   0.40	   0.67	 -0.020	1.00014			#	   0.20	  93.58	
    663	   0.61	   1.69	  0.007	0.99972	   0.82	   2.06	 -0.008	0.99941			#	   0.33	  93.88	
    664	   0.51	   1.02	  0.012	0.99989	   0.28	   1.06	  0.010	0.99999			#	   0.17	  93.53	
    665	   0.68	   0.51	  0.004	0.99985	   1.06	   0.99	 -0.001	0.99974			#	   0.14	  93.92	
    666	   0.28	  -0.88	  0.006	1.00012	   0.20	  -0.41	  0.005	1.00024			#	   0.12	  93.97	
    667	   0.97	  -0.75	  0.012	0.99995	   0.87	  -1.21	 -0.002	1.00017			#	   0.20	  94.05	
    668	   0.15	   0.26	 -0.004	0.99997	   0.90	  -0.25	  0.005	0.99975			#	   0.09	  94.10	
    669	  -1.27	   0.67	 -0.016	0.99998	  -0.78	   1.09	 -0.011	1.00021			#	   0.19	  93.92	
    670	  -1.32	  -0.22	 -0.003	0.99994	  -1.84	   0.03	  0.016	0.99983			#	   0.16	  93.66	
    671	   1.35	  -0.76	  0.005	1.00003	   0.03	  -0.47	 -0.020	1.00033			#	   0.16	  93.36	
    672	   2.54	  -1.36	  0.025	0.99977	   3.14	  -1.13	 -0.008	1.00007			#	   0.52	  94.01	
    673	   0.30	  -2.08	  0.028	1.00003	   1.44	  -1.85	  0.019	1.00024			#	   0.41	  93.84	
    674	  -1.45	  -0.84	  0.032	1.00006	  -0.92	  -1.91	  0.054	1.00036			#	   0.24	  93.36	
    675	  -0.95	   0.31	  0.018	1.00000	  -1.81	   0.39	  0.038	1.00008			#	   0.15	  93.62	
    676	   1.33	  -0.78	  0.011	0.99995	   0.42	  -0.14	 -0.005	1.00003			#	   0.16	  93.45	
    677	   1.91	  -0.93	 -0.001	1.00003	   2.62	  -1.54	 -0.014	1.00008			#	   0.35	  93.36	
    678	  -0.22	   0.53	 -0.028	0.99996	   0.91	   0.36	 -0.020	1.00000			#	   0.11	  93.36	
    679	  -2.19	   0.01	 -0.013	1.00003	  -1.38	   0.25	 -0.014	0.99996			#	   0.21	  93.84	
    680	  -3.20	   0.72	  0.016	1.00005	  -3.05	  -0.26	  0.037	0.99991			#	   0.44	  93.19	
    681	  -2.85	   2.99	 -0.014	0.99992	  -3.35	   1.99	  0.042	0.99954			#	   0.87	  91.23	
    682	  -0.84	   3.09	 -0.029	0.99999	  -1.76	   3.88	 -0.041	0.99956			#	   0.88	  93.45	
    683	   0.18	   1.87	  0.002	0.99974	   0.23	   2.08	 -0.019	0.99957			#	   0.31	  93.71	
    684	  -0.48	   0.90	  0.010	0.99996	  -0.01	   1.57	  0.018	0.99978			#	   0.17	  93.49	
    685	  -0.20	  -1.04	 -0.005	0.99994	  -0.88	  -0.06	  0.012	1.00009			#	   0.13	  93.19	
    686	   0.27	  -1.57	 -0.007	1.00036	   1.12	  -2.50	 -0.033	1.00023			#	   0.32	  93.66	
    687	  -0.03	   0.88	  0.016	0.99975	  -1.14	   0.59	  0.031	1.00003			#	   0.13	  93.53	
    688	   2.37	  -0.61	  0.000	1.00010	   1.96	   0.04	 -0.024	1.00008			#	   0.23	  93.49	
    689	   1.40	  -0.80	  0.005	0.99989	   2.56	  -0.88	 -0.014	0.99999			#	   0.26	  93.75	
    690	  -1.10	  -0.49	  0.001	1.00011	  -0.23	  -0.80	  0.023	1.00020			#	   0.25	  92.27	
    691	  -1.06	  -0.23	  0.005	1.00014	  -1.88	  -0.44	  0.022	1.00013			#	   0.15	  93.06	
    692	   1.28	   0.37	 -0.005	0.99986	   0.31	   0.30	 -0.017	1.00007			#	   0.12	  93.23	
    693	   1.61	  -0.64	 -0.011	0.99990	   2.32	   0.10	 -0.032	0.99974			#	   0.21	  93.66	
    694	   0.19	  -1.81	  0.003	1.00011	   0.59	  -1.59	 -0.001	1.00036			#	   0.31	  93.71	
    695	   0.01	  -0.94	 -0.004	1.00025	  -0.26	  -1.74	  0.011	1.00059			#	   0.22	  93.45	
    696	   0.47	  -0.55	 -0.010	0.99988	   0.87	  -0.45	 -0.025	0.99970			#	   0.12	  93.49	
    697	  -0.34	  -0.77	  0.004	1.00009	  -0.17	  -0.27	  0.002	1.00030			#	   0.12	  93.10	
    698	  -0.46	  -1.09	  0.011	1.00000	  -0.49	  -1.38	  0.017	1.00026			#	   0.20	  93.01	
    699	   0.25	  -1.64	  0.015	0.99997	  -0.00	  -1.07	  0.018	1.00004			#	   0.25	  93.49	
    700	   0.99	  -1.60	 -0.014	1.00015	   0.72	  -1.90	 -0.008	1.00033			#	   0.31	  93.40	
    701	   0.82	  -0.73	 -0.024	1.00009	   1.30	  -1.00	 -0.038	1.00032			#	   0.19	  93.32	
    702	  -0.39	  -0.95	  0.004	1.00001	   0.46	  -0.70	 -0.005	1.00003			#	   0.15	  93.66	
    703	  -1.99	  -1.48	  0.010	1.00010	  -1.56	  -1.00	  0.026	1.00025			#	   0.33	  93.27	
    704	  -1.19	  -2.04	  0.023	0.99996	  -2.15	  -2.10	  0.031	1.00039			#	   0.44	  93.14	
