      1	  -0.10	  -0.84	  0.002	1.00003							#	   0.01	  14.24	
      2	  -0.04	  -0.63	 -0.004	0.99999							#	   0.04	  14.04	
      3	  -0.09	  -0.75	  0.001	1.00006							#	   0.04	  14.24	
      4	  -0.11	  -0.62	 -0.002	1.00002							#	   0.04	  13.94	
      5	   0.08	  -0.68	  0.000	1.00000							#	   0.04	  14.14	
      6	   0.23	  -0.59	 -0.003	1.00001							#	   0.04	  14.14	
      7	   0.15	  -0.85	  0.003	0.99997							#	   0.04	  14.14	
      8	   0.12	  -0.60	 -0.004	1.00001							#	   0.04	  14.09	
      9	   0.18	  -0.68	  0.001	0.99998							#	   0.04	  14.14	
     10	   0.16	  -0.69	  0.001	0.99998							#	   0.04	  14.09	
     11	   0.17	  -0.63	  0.000	1.00001							#	   0.04	  14.14	
     12	   0.08	  -0.71	  0.002	1.00008							#	   0.04	  14.09	
     13	   0.23	  -0.30	 -0.008	1.00002							#	   0.04	  13.94	
     14	   0.27	  -0.73	  0.002	1.00002							#	   0.04	  13.89	
     15	   0.48	  -0.53	 -0.003	0.99997							#	   0.03	  13.89	
     16	   0.42	  -0.59	  0.003	1.00002							#	   0.03	  13.99	
     17	   0.14	  -0.43	 -0.003	1.00009							#	   0.04	  13.99	
     18	   0.30	  -0.60	 -0.001	1.00006							#	   0.04	  14.04	
     19	   0.38	  -0.41	  0.003	1.00012							#	   0.04	  14.04	
     20	   0.41	  -0.22	 -0.000	1.00007							#	   0.03	  14.09	
     21	   0.44	  -0.23	 -0.000	1.00009							#	   0.04	  14.04	
     22	   0.57	  -0.36	  0.004	1.00005							#	   0.04	  14.04	
     23	   0.64	  -0.32	  0.004	1.00006							#	   0.04	  14.04	
     24	   0.35	  -0.17	  0.000	1.00011							#	   0.03	  14.04	
     25	   0.41	  -0.36	  0.005	1.00007							#	   0.04	  14.04	
     26	   0.31	  -0.30	  0.002	1.00014							#	   0.04	  14.14	
     27	   0.47	  -0.26	  0.001	1.00003							#	   0.04	  14.14	
     28	   0.60	  -0.21	  0.002	0.99999							#	   0.04	  14.09	
     29	   0.55	  -0.25	  0.001	1.00005							#	   0.04	  14.19	
     30	   0.38	  -0.43	  0.008	1.00008							#	   0.04	  14.19	
     31	   0.35	  -0.22	  0.001	1.00005							#	   0.03	  14.09	
     32	   0.43	  -0.50	  0.010	0.99999							#	   0.04	  14.24	
     33	   0.17	  -0.32	  0.004	1.00013							#	   0.04	  14.04	
     34	   0.49	  -0.13	 -0.001	1.00009							#	   0.04	  14.04	
     35	   0.44	  -0.20	  0.003	1.00006							#	   0.04	  14.09	
     36	   0.42	  -0.36	  0.006	1.00009							#	   0.03	  14.14	
     37	   0.34	  -0.34	  0.002	1.00013							#	   0.04	  14.14	
     38	   0.28	  -0.22	  0.002	1.00012							#	   0.04	  13.99	
     39	   0.20	  -0.23	  0.001	1.00017							#	   0.03	  14.19	
     40	   0.36	  -0.32	  0.004	1.00008							#	   0.03	  14.19	
     41	   0.58	  -0.22	  0.000	1.00004							#	   0.04	  14.29	
     42	   0.33	  -0.33	  0.001	1.00010							#	   0.03	  14.09	
     43	   0.28	  -0.23	 -0.001	1.00010							#	   0.03	  14.09	
     44	   0.45	  -0.34	  0.004	1.00008							#	   0.03	  13.99	
     45	   0.38	  -0.43	  0.005	1.00004							#	   0.04	  14.14	
     46	   0.39	  -0.64	  0.010	1.00007							#	   0.04	  14.19	
     47	   0.02	  -0.36	 -0.003	1.00013							#	   0.03	  14.09	
     48	   0.30	  -0.31	  0.000	1.00013							#	   0.03	  14.19	
     49	   0.38	  -0.50	  0.001	1.00008							#	   0.04	  14.04	
     50	   0.16	  -0.48	 -0.001	1.00008							#	   0.04	  14.09	
     51	   0.02	  -0.56	 -0.000	1.00019							#	   0.03	  14.24	
     52	   0.41	  -0.63	  0.000	1.00005							#	   0.04	  14.19	
     53	   0.19	  -0.73	  0.004	1.00016							#	   0.04	  14.14	
     54	   0.04	  -0.75	  0.001	1.00020							#	   0.04	  14.24	
     55	   0.24	  -0.68	 -0.001	1.00010							#	   0.04	  14.24	
     56	   0.20	  -0.65	 -0.002	1.00008							#	   0.04	  14.14	
     57	   0.24	  -0.59	 -0.002	1.00007							#	   0.04	  14.04	
     58	   0.13	  -0.70	 -0.000	1.00007							#	   0.04	  14.19	
     59	   0.31	  -0.52	 -0.008	1.00004							#	   0.04	  14.19	
     60	   0.21	  -0.65	 -0.002	1.00004							#	   0.05	  13.99	
     61	   0.08	  -0.69	 -0.002	1.00013							#	   0.05	  14.24	
     62	   0.21	  -0.73	  0.000	1.00008							#	   0.04	  14.09	
     63	   0.28	  -0.54	 -0.007	0.99998							#	   0.03	  14.19	
     64	   0.36	  -0.88	  0.001	1.00003							#	   0.04	  14.09	
     65	   0.24	  -0.73	 -0.003	1.00003							#	   0.04	  14.19	
     66	   0.19	  -0.64	 -0.004	1.00000							#	   0.04	  14.24	
     67	   0.26	  -0.61	 -0.007	1.00007							#	   0.04	  14.19	
     68	   0.21	  -0.68	 -0.004	1.00006							#	   0.04	  14.19	
     69	   0.40	  -0.73	 -0.005	1.00003							#	   0.04	  14.04	
     70	   0.39	  -0.67	 -0.006	0.99998							#	   0.04	  14.09	
     71	   0.29	  -0.61	 -0.008	1.00003							#	   0.04	  14.09	
     72	   0.14	  -0.72	 -0.003	1.00013							#	   0.04	  14.09	
     73	   0.32	  -0.68	 -0.008	0.99998							#	   0.04	  14.24	
     74	   0.19	  -0.86	  0.002	1.00011							#	   0.04	  14.24	
     75	   0.08	  -0.65	 -0.004	1.00007							#	   0.04	  14.24	
     76	   0.26	  -0.71	 -0.003	1.00002							#	   0.04	  14.24	
     77	   0.52	  -0.78	 -0.004	0.99999							#	   0.04	  14.09	
     78	   0.24	  -0.86	 -0.001	1.00003							#	   0.04	  14.34	
     79	   0.35	  -0.72	 -0.007	1.00001							#	   0.04	  14.14	
     80	   0.44	  -0.72	 -0.005	1.00004							#	   0.04	  14.19	
     81	   0.44	  -0.83	 -0.002	1.00003							#	   0.04	  14.34	
     82	   0.68	  -0.57	 -0.009	1.00001							#	   0.04	  14.09	
     83	   0.79	  -0.58	 -0.007	0.99995							#	   0.04	  14.14	
     84	   0.88	  -0.61	 -0.006	0.99997							#	   0.04	  14.14	
     85	   0.83	  -0.55	 -0.010	0.99999							#	   0.04	  14.19	
     86	   0.88	  -0.49	 -0.012	0.99998							#	   0.05	  14.24	
     87	   0.90	  -0.72	 -0.006	1.00003							#	   0.05	  14.19	
     88	   0.84	  -0.64	 -0.009	1.00001							#	   0.04	  14.19	
     89	   0.95	  -0.69	 -0.007	0.99999							#	   0.05	  14.29	
     90	   0.85	  -0.55	 -0.009	1.00010							#	   0.05	  14.24	
     91	   0.89	  -0.62	 -0.005	1.00004							#	   0.04	  14.19	
     92	   0.87	  -0.58	 -0.008	1.00001							#	   0.04	  14.14	
     93	   0.84	  -0.63	 -0.007	1.00007							#	   0.05	  14.39	
     94	   0.82	  -0.55	 -0.008	1.00014							#	   0.05	  14.29	
     95	   0.83	  -0.53	 -0.009	1.00012							#	   0.04	  14.34	
     96	   0.91	  -0.53	 -0.008	1.00001							#	   0.04	  14.34	
     97	   0.83	  -0.54	 -0.007	1.00013							#	   0.05	  14.29	
     98	   0.82	  -0.47	 -0.007	1.00015							#	   0.05	  14.24	
     99	   0.90	  -0.59	 -0.007	1.00007							#	   0.05	  14.39	
    100	   0.84	  -0.51	 -0.009	1.00009							#	   0.05	  14.44	
    101	   0.94	  -0.69	 -0.006	1.00000							#	   0.05	  14.49	
    102	   1.02	  -0.57	 -0.009	0.99994							#	   0.04	  14.39	
    103	   0.89	  -0.59	 -0.012	1.00003							#	   0.04	  14.55	
    104	   0.86	  -0.54	 -0.008	1.00008							#	   0.05	  14.44	
    105	   0.90	  -0.54	 -0.011	1.00000							#	   0.04	  14.34	
    106	   0.89	  -0.63	 -0.009	1.00001							#	   0.04	  14.49	
    107	   0.95	  -0.54	 -0.011	0.99998							#	   0.04	  14.60	
    108	   0.95	  -0.54	 -0.012	1.00000							#	   0.04	  14.55	
    109	   0.95	  -0.68	 -0.008	0.99996							#	   0.04	  14.44	
    110	   0.92	  -0.73	 -0.009	0.99993							#	   0.04	  14.55	
    111	   0.90	  -0.66	 -0.011	0.99994							#	   0.04	  14.70	
    112	   0.93	  -0.67	 -0.011	0.99989							#	   0.04	  14.55	
    113	   0.83	  -0.74	 -0.009	0.99990							#	   0.04	  14.65	
    114	   0.83	  -0.85	 -0.004	0.99987							#	   0.04	  14.65	
    115	   0.80	  -0.84	 -0.008	0.99992							#	   0.04	  14.70	
    116	   0.64	  -0.80	 -0.008	0.99993							#	   0.04	  14.80	
    117	   0.84	  -0.75	 -0.011	0.99988							#	   0.04	  14.70	
    118	   0.83	  -1.01	 -0.001	0.99991							#	   0.05	  14.80	
    119	   0.60	  -0.86	 -0.008	0.99995							#	   0.04	  14.85	
    120	   0.65	  -0.92	 -0.002	0.99993							#	   0.06	  14.65	
    121	   0.77	  -0.91	 -0.003	0.99988							#	   0.06	  14.85	
    122	   0.59	  -0.95	 -0.004	0.99993							#	   0.05	  14.90	
    123	   0.84	  -0.88	 -0.007	0.99982							#	   0.04	  14.90	
    124	   0.61	  -0.88	 -0.006	0.99992							#	   0.04	  14.85	
    125	   0.68	  -0.99	 -0.002	0.99991							#	   0.05	  14.95	
    126	   0.81	  -0.84	 -0.006	0.99993							#	   0.05	  14.95	
    127	   0.81	  -0.90	 -0.004	0.99987							#	   0.04	  14.95	
    128	   0.78	  -0.87	 -0.005	0.99996							#	   0.04	  14.95	
    129	   0.75	  -1.05	 -0.002	0.99989							#	   0.05	  14.90	
    130	   0.77	  -0.92	 -0.006	0.99987							#	   0.05	  14.95	
    131	   0.84	  -1.14	  0.001	0.99991							#	   0.05	  14.85	
    132	   0.87	  -0.96	 -0.006	0.99993							#	   0.04	  15.00	
    133	   0.86	  -0.98	 -0.004	0.99988							#	   0.05	  14.75	
    134	   0.93	  -1.11	 -0.002	0.99994							#	   0.05	  15.15	
    135	   0.87	  -1.12	  0.000	0.99993							#	   0.05	  14.95	
    136	   0.92	  -1.14	 -0.001	0.99996							#	   0.05	  15.05	
    137	   0.92	  -0.96	 -0.004	0.99995							#	   0.05	  15.15	
    138	   0.89	  -0.96	 -0.003	0.99997							#	   0.05	  15.15	
    139	   0.92	  -0.91	 -0.004	0.99997							#	   0.05	  15.05	
    140	   0.92	  -1.05	 -0.002	0.99999							#	   0.05	  14.95	
    141	   1.00	  -1.01	 -0.006	0.99994							#	   0.05	  14.95	
    142	   0.89	  -1.03	 -0.004	1.00002							#	   0.05	  14.85	
    143	   0.92	  -0.85	 -0.006	0.99993							#	   0.05	  15.00	
    144	   0.97	  -0.86	 -0.008	0.99998							#	   0.05	  15.05	
    145	   0.97	  -1.00	 -0.005	0.99997							#	   0.05	  15.05	
    146	   1.19	  -0.73	 -0.013	0.99987							#	   0.05	  15.05	
    147	   1.07	  -1.08	 -0.003	1.00007							#	   0.06	  15.20	
    148	   1.10	  -0.87	 -0.007	1.00000							#	   0.05	  15.15	
    149	   1.07	  -0.95	 -0.003	1.00006							#	   0.05	  15.20	
    150	   1.08	  -0.81	 -0.009	1.00006							#	   0.05	  15.10	
    151	   1.26	  -0.92	 -0.006	1.00004							#	   0.06	  15.25	
    152	   1.22	  -0.91	 -0.008	1.00003							#	   0.06	  15.10	
    153	   1.17	  -1.09	 -0.004	1.00009							#	   0.06	  15.15	
    154	   1.36	  -0.81	 -0.011	1.00004							#	   0.06	  14.95	
    155	   1.48	  -1.01	 -0.005	1.00002							#	   0.05	  15.15	
    156	   1.39	  -1.11	 -0.005	1.00006							#	   0.07	  15.00	
    157	   1.50	  -0.91	 -0.011	1.00001							#	   0.06	  14.95	
    158	   1.59	  -1.00	 -0.009	0.99998							#	   0.07	  15.00	
    159	   1.60	  -1.16	 -0.003	0.99999							#	   0.06	  15.10	
    160	   1.85	  -1.07	 -0.008	0.99989							#	   0.06	  15.40	
    161	   1.74	  -0.98	 -0.010	0.99990							#	   0.07	  15.25	
    162	   1.69	  -1.04	 -0.007	0.99996							#	   0.07	  15.40	
    163	   1.89	  -0.98	 -0.009	0.99996							#	   0.07	  15.45	
    164	   1.93	  -1.02	 -0.008	0.99996							#	   0.08	  15.56	
    165	   1.86	  -1.06	 -0.006	0.99992							#	   0.07	  15.45	
    166	   1.78	  -1.05	 -0.006	0.99994							#	   0.07	  15.51	
    167	   1.83	  -1.04	 -0.007	0.99997							#	   0.07	  15.35	
    168	   1.79	  -1.04	 -0.007	1.00001							#	   0.07	  15.40	
    169	   1.95	  -1.08	 -0.006	0.99993							#	   0.08	  15.35	
    170	   1.70	  -0.94	 -0.008	1.00004							#	   0.07	  15.66	
    171	   1.76	  -1.02	 -0.007	1.00006							#	   0.07	  15.71	
    172	   1.70	  -0.88	 -0.011	1.00014							#	   0.07	  15.81	
    173	   1.93	  -0.98	 -0.006	1.00005							#	   0.08	  15.76	
    174	   1.69	  -0.90	 -0.007	1.00014							#	   0.07	  15.81	
    175	   1.76	  -0.84	 -0.009	1.00008							#	   0.06	  16.06	
    176	   1.77	  -0.81	 -0.011	1.00014							#	   0.08	  16.06	
    177	   1.75	  -0.82	 -0.008	1.00008							#	   0.07	  16.11	
    178	   1.70	  -0.78	 -0.010	1.00012							#	   0.07	  16.21	
    179	   1.81	  -0.81	 -0.009	1.00009							#	   0.07	  16.26	
    180	   1.70	  -0.82	 -0.008	1.00013							#	   0.09	  16.26	
    181	   1.71	  -0.70	 -0.012	1.00012							#	   0.08	  16.41	
    182	   1.85	  -0.71	 -0.011	1.00014							#	   0.08	  16.46	
    183	   1.81	  -0.73	 -0.012	1.00014							#	   0.07	  16.36	
    184	   1.85	  -0.81	 -0.007	1.00009							#	   0.06	  16.41	
    185	   1.70	  -0.70	 -0.009	1.00011							#	   0.07	  16.36	
    186	   1.75	  -0.86	 -0.007	1.00010							#	   0.07	  16.57	
    187	   1.71	  -0.73	 -0.008	1.00008							#	   0.07	  16.57	
    188	   1.65	  -0.68	 -0.009	1.00013							#	   0.07	  16.62	
    189	   1.58	  -0.67	 -0.009	1.00007							#	   0.06	  16.57	
    190	   1.66	  -0.68	 -0.007	1.00007							#	   0.07	  16.67	
    191	   1.54	  -0.72	 -0.010	1.00007							#	   0.06	  16.72	
    192	   1.69	  -0.73	 -0.009	1.00009							#	   0.06	  16.62	
    193	   1.49	  -0.74	 -0.007	1.00004							#	   0.06	  16.72	
    194	   1.30	  -0.77	 -0.007	1.00010							#	   0.06	  16.57	
    195	   1.55	  -0.66	 -0.009	1.00007							#	   0.06	  16.72	
    196	   1.33	  -0.69	 -0.006	1.00021							#	   0.06	  16.82	
    197	   1.34	  -0.67	 -0.007	1.00009							#	   0.06	  16.62	
    198	   1.26	  -0.80	 -0.003	1.00012							#	   0.06	  16.72	
    199	   1.33	  -0.67	 -0.010	1.00007							#	   0.06	  16.72	
    200	   1.33	  -0.86	 -0.005	1.00007							#	   0.05	  16.77	
    201	   1.13	  -0.58	 -0.009	1.00015							#	   0.05	  16.87	
    202	   1.17	  -0.64	 -0.009	1.00005							#	   0.05	  17.02	
    203	   1.17	  -0.65	 -0.009	1.00008							#	   0.05	  17.12	
    204	   1.11	  -0.68	 -0.007	1.00008							#	   0.04	  17.02	
    205	   0.92	  -0.42	 -0.010	1.00012							#	   0.05	  17.17	
    206	   0.98	  -0.54	 -0.007	1.00014							#	   0.05	  17.17	
    207	   0.96	  -0.57	 -0.005	1.00015							#	   0.05	  17.12	
    208	   0.99	  -0.63	 -0.007	1.00005							#	   0.04	  17.22	
    209	   0.97	  -0.56	 -0.007	1.00004							#	   0.04	  17.17	
    210	   0.85	  -0.58	 -0.007	1.00013							#	   0.04	  17.17	
    211	   0.92	  -0.45	 -0.009	1.00012							#	   0.04	  17.12	
    212	   0.87	  -0.51	 -0.007	1.00016							#	   0.04	  17.07	
    213	   0.82	  -0.55	 -0.004	1.00020							#	   0.04	  17.02	
    214	   0.83	  -0.46	 -0.008	1.00015							#	   0.04	  17.02	
    215	   0.98	  -0.52	 -0.007	1.00008							#	   0.04	  17.17	
    216	   0.80	  -0.39	 -0.008	1.00018							#	   0.04	  17.12	
    217	   0.88	  -0.25	 -0.010	1.00014							#	   0.04	  17.12	
    218	   1.02	  -0.35	 -0.012	1.00008							#	   0.04	  17.47	
    219	   1.12	  -0.44	 -0.008	1.00008							#	   0.04	  17.12	
    220	   1.12	  -0.38	 -0.012	1.00013							#	   0.04	  17.27	
    221	   1.17	  -0.31	 -0.012	1.00008							#	   0.05	  17.32	
    222	   1.31	  -0.21	 -0.017	1.00018							#	   0.05	  17.42	
    223	   1.61	  -0.11	 -0.016	1.00007							#	   0.05	  17.58	
    224	   1.76	  -0.24	 -0.013	1.00010							#	   0.06	  17.47	
    225	   1.60	  -0.22	 -0.013	1.00017							#	   0.07	  17.68	
    226	   1.67	  -0.30	 -0.010	1.00014							#	   0.06	  17.53	
    227	   1.54	  -0.19	 -0.014	1.00020							#	   0.06	  17.63	
    228	   1.61	  -0.35	 -0.009	1.00015							#	   0.05	  17.58	
    229	   1.85	  -0.32	 -0.007	1.00011							#	   0.07	  17.68	
    230	   1.62	  -0.24	 -0.011	1.00028							#	   0.07	  17.78	
    231	   1.66	  -0.38	 -0.011	1.00025							#	   0.07	  17.83	
    232	   1.46	  -0.34	 -0.008	1.00035							#	   0.06	  17.78	
    233	   1.59	  -0.26	 -0.012	1.00022							#	   0.07	  17.42	
    234	   1.67	  -0.24	 -0.010	1.00030							#	   0.08	  17.78	
    235	   1.49	  -0.27	 -0.003	1.00037							#	   0.07	  17.68	
    236	   1.49	  -0.25	 -0.010	1.00038							#	   0.06	  18.03	
    237	   1.78	  -0.44	 -0.005	1.00031							#	   0.09	  17.93	
    238	   1.83	  -0.43	 -0.007	1.00031							#	   0.09	  17.98	
    239	   1.95	  -0.62	 -0.008	1.00030							#	   0.09	  17.98	
    240	   2.05	  -0.55	 -0.008	1.00034							#	   0.12	  17.73	
    241	   2.12	  -0.38	 -0.015	1.00030							#	   0.12	  18.08	
    242	   2.47	  -0.34	 -0.014	1.00020							#	   0.12	  18.23	
    243	   2.37	  -0.37	 -0.016	1.00030							#	   0.12	  18.23	
    244	   2.43	  -0.37	 -0.017	1.00030							#	   0.12	  18.28	
    245	   2.55	  -0.43	 -0.018	1.00023							#	   0.12	  18.28	
    246	   2.58	  -0.46	 -0.016	1.00022							#	   0.12	  18.43	
    247	   2.55	  -0.43	 -0.017	1.00028							#	   0.12	  18.64	
    248	   2.50	  -0.58	 -0.013	1.00032							#	   0.12	  18.54	
    249	   2.52	  -0.42	 -0.018	1.00027							#	   0.12	  18.89	
    250	   2.39	  -0.57	 -0.014	1.00035							#	   0.12	  18.74	
    251	   2.52	  -0.65	 -0.016	1.00036							#	   0.12	  18.84	
    252	   2.48	  -0.61	 -0.013	1.00034							#	   0.12	  18.84	
    253	   2.46	  -0.75	 -0.013	1.00035							#	   0.12	  19.04	
    254	   2.46	  -0.58	 -0.017	1.00037							#	   0.12	  19.09	
    255	   2.52	  -0.53	 -0.015	1.00029							#	   0.12	  19.14	
    256	   2.57	  -0.52	 -0.018	1.00032							#	   0.12	  19.04	
    257	   2.41	  -0.64	 -0.014	1.00038							#	   0.13	  19.24	
    258	   2.53	  -0.72	 -0.014	1.00026							#	   0.14	  19.34	
    259	   2.48	  -0.83	 -0.013	1.00030							#	   0.12	  19.34	
    260	   2.52	  -0.82	 -0.015	1.00033							#	   0.13	  19.29	
    261	   2.39	  -0.92	 -0.015	1.00034							#	   0.12	  19.34	
    262	   2.48	  -0.81	 -0.018	1.00035							#	   0.13	  19.39	
    263	   2.45	  -0.92	 -0.013	1.00034							#	   0.13	  19.39	
    264	   2.44	  -0.79	 -0.017	1.00030							#	   0.13	  19.34	
    265	   2.39	  -0.98	 -0.013	1.00031							#	   0.13	  19.60	
    266	   2.46	  -0.96	 -0.015	1.00033							#	   0.14	  19.49	
    267	   2.37	  -1.03	 -0.013	1.00034							#	   0.13	  19.55	
    268	   2.33	  -0.95	 -0.013	1.00034							#	   0.12	  19.80	
    269	   2.24	  -1.02	 -0.011	1.00034							#	   0.11	  20.00	
    270	   2.32	  -0.90	 -0.015	1.00027							#	   0.12	  20.10	
    271	   2.28	  -0.86	 -0.015	1.00031							#	   0.11	  20.25	
    272	   2.30	  -0.90	 -0.014	1.00024							#	   0.11	  20.30	
    273	   2.31	  -0.92	 -0.012	1.00028							#	   0.10	  20.35	
    274	   2.24	  -0.86	 -0.014	1.00025							#	   0.10	  20.10	
    275	   2.19	  -0.78	 -0.015	1.00018							#	   0.10	  20.20	
    276	   2.15	  -0.78	 -0.018	1.00022							#	   0.10	  20.30	
    277	   2.32	  -0.79	 -0.016	1.00026							#	   0.11	  20.30	
    278	   2.25	  -0.84	 -0.010	1.00022							#	   0.10	  20.25	
    279	   1.89	  -0.66	 -0.014	1.00026							#	   0.08	  20.45	
    280	   2.05	  -0.67	 -0.014	1.00022							#	   0.10	  20.51	
    281	   2.20	  -0.70	 -0.015	1.00016							#	   0.10	  20.45	
    282	   2.13	  -0.64	 -0.016	1.00022							#	   0.10	  20.40	
    283	   2.11	  -0.71	 -0.012	1.00020							#	   0.10	  20.30	
    284	   1.85	  -0.56	 -0.016	1.00028							#	   0.10	  20.45	
    285	   1.88	  -0.67	 -0.013	1.00033							#	   0.10	  20.56	
    286	   2.00	  -0.56	 -0.015	1.00028							#	   0.10	  20.76	
    287	   2.17	  -0.54	 -0.017	1.00018							#	   0.10	  20.66	
    288	   1.98	  -0.57	 -0.014	1.00026							#	   0.10	  20.76	
    289	   2.05	  -0.52	 -0.016	1.00027							#	   0.10	  20.76	
    290	   2.04	  -0.47	 -0.017	1.00027							#	   0.11	  20.86	
    291	   2.19	  -0.51	 -0.015	1.00024							#	   0.11	  21.06	
    292	   1.96	  -0.61	 -0.010	1.00033							#	   0.11	  21.06	
    293	   1.86	  -0.46	 -0.015	1.00034							#	   0.10	  21.21	
    294	   1.94	  -0.37	 -0.018	1.00031							#	   0.09	  21.16	
    295	   1.87	  -0.38	 -0.010	1.00037							#	   0.09	  21.16	
    296	   1.84	  -0.39	 -0.012	1.00036							#	   0.08	  21.06	
    297	   1.87	  -0.32	 -0.014	1.00036							#	   0.08	  21.16	
    298	   1.95	  -0.22	 -0.012	1.00032							#	   0.08	  21.36	
    299	   1.89	  -0.43	 -0.009	1.00032							#	   0.08	  21.31	
    300	   1.82	  -0.39	 -0.012	1.00033							#	   0.10	  21.46	
    301	   2.06	  -0.38	 -0.015	1.00020							#	   0.09	  21.52	
    302	   1.82	  -0.46	 -0.008	1.00035							#	   0.09	  21.57	
    303	   1.72	  -0.17	 -0.008	1.00033							#	   0.07	  21.67	
    304	   1.82	  -0.26	 -0.004	1.00030							#	   0.07	  21.62	
    305	   1.84	  -0.10	 -0.010	1.00026							#	   0.08	  21.67	
    306	   1.77	  -0.22	 -0.009	1.00025							#	   0.07	  21.77	
    307	   1.88	  -0.19	 -0.006	1.00026							#	   0.08	  21.82	
    308	   1.76	  -0.29	 -0.007	1.00027							#	   0.08	  21.97	
    309	   1.76	  -0.24	 -0.009	1.00023							#	   0.08	  22.02	
    310	   1.73	  -0.22	 -0.009	1.00025							#	   0.08	  22.22	
    311	   1.70	  -0.18	 -0.012	1.00024							#	   0.07	  22.07	
    312	   1.67	  -0.18	 -0.007	1.00022							#	   0.07	  22.37	
    313	   1.62	  -0.21	 -0.010	1.00023							#	   0.07	  22.22	
    314	   1.53	  -0.28	 -0.006	1.00023							#	   0.07	  22.47	
    315	   1.43	  -0.09	 -0.010	1.00030							#	   0.06	  22.42	
    316	   1.59	  -0.24	 -0.006	1.00018							#	   0.06	  22.47	
    317	   1.36	  -0.21	 -0.009	1.00027							#	   0.06	  22.47	
    318	   1.62	  -0.11	 -0.012	1.00020							#	   0.07	  22.58	
    319	   1.49	  -0.39	 -0.005	1.00026							#	   0.07	  22.42	
    320	   1.42	  -0.21	 -0.012	1.00026							#	   0.07	  22.27	
    321	   1.44	  -0.35	 -0.012	1.00024							#	   0.07	  22.47	
    322	   1.46	  -0.30	 -0.010	1.00017							#	   0.06	  22.88	
    323	   1.26	  -0.20	 -0.011	1.00027							#	   0.06	  22.68	
    324	   1.42	  -0.25	 -0.013	1.00024							#	   0.06	  22.78	
    325	   1.34	  -0.33	 -0.012	1.00028							#	   0.06	  22.83	
    326	   1.60	  -0.23	 -0.014	1.00014							#	   0.07	  22.68	
    327	   1.51	  -0.39	 -0.010	1.00025							#	   0.06	  22.78	
    328	   1.44	  -0.48	 -0.007	1.00025							#	   0.06	  22.78	
    329	   1.49	  -0.49	 -0.014	1.00017							#	   0.06	  22.93	
    330	   1.61	  -0.52	 -0.013	1.00016							#	   0.06	  22.93	
    331	   1.41	  -0.58	 -0.006	1.00025							#	   0.06	  23.03	
    332	   1.51	  -0.57	 -0.012	1.00013							#	   0.06	  23.08	
    333	   1.50	  -0.46	 -0.013	1.00007							#	   0.06	  23.08	
    334	   1.67	  -0.58	 -0.011	1.00009							#	   0.06	  23.03	
    335	   1.68	  -0.66	 -0.010	1.00011							#	   0.07	  23.23	
    336	   1.66	  -0.69	 -0.008	1.00007							#	   0.06	  23.13	
    337	   1.70	  -0.56	 -0.013	1.00005							#	   0.06	  22.93	
    338	   1.64	  -0.78	 -0.011	1.00012							#	   0.07	  22.98	
    339	   1.66	  -0.76	 -0.009	1.00013							#	   0.07	  23.08	
    340	   1.76	  -0.59	 -0.014	1.00010							#	   0.07	  23.13	
    341	   1.75	  -0.77	 -0.010	1.00013							#	   0.07	  23.28	
    342	   1.77	  -0.65	 -0.012	1.00009							#	   0.07	  23.33	
    343	   1.82	  -0.74	 -0.012	1.00011							#	   0.08	  23.33	
    344	   1.71	  -0.63	 -0.013	1.00014							#	   0.07	  23.23	
    345	   1.73	  -0.66	 -0.013	1.00016							#	   0.08	  23.38	
    346	   1.75	  -0.64	 -0.012	1.00016							#	   0.08	  23.43	
    347	   1.87	  -0.56	 -0.015	1.00016							#	   0.08	  23.43	
    348	   1.90	  -0.54	 -0.015	1.00021							#	   0.09	  23.48	
    349	   2.08	  -0.49	 -0.016	1.00016							#	   0.08	  23.64	
    350	   1.97	  -0.48	 -0.015	1.00025							#	   0.09	  23.69	
    351	   1.94	  -0.28	 -0.019	1.00031							#	   0.10	  23.64	
    352	   2.24	  -0.28	 -0.022	1.00019							#	   0.10	  23.23	
    353	   2.09	  -0.35	 -0.017	1.00023							#	   0.10	  23.69	
    354	   2.18	  -0.09	 -0.021	1.00031							#	   0.12	  23.84	
    355	   2.45	  -0.19	 -0.021	1.00018							#	   0.11	  23.89	
    356	   2.35	  -0.22	 -0.018	1.00020							#	   0.10	  23.99	
    357	   2.34	  -0.07	 -0.020	1.00031							#	   0.11	  23.94	
    358	   2.54	  -0.12	 -0.021	1.00016							#	   0.11	  24.04	
    359	   2.21	   0.03	 -0.022	1.00039							#	   0.10	  24.04	
    360	   2.38	  -0.03	 -0.021	1.00022							#	   0.12	  23.99	
    361	   2.26	   0.14	 -0.019	1.00031							#	   0.10	  24.19	
    362	   2.27	   0.07	 -0.017	1.00034							#	   0.10	  24.24	
    363	   2.14	   0.13	 -0.015	1.00029							#	   0.09	  24.55	
    364	   2.21	   0.13	 -0.014	1.00026							#	   0.09	  24.55	
    365	   2.31	   0.26	 -0.013	1.00034							#	   0.10	  24.60	
    366	   2.33	   0.31	 -0.018	1.00028							#	   0.10	  24.65	
    367	   2.21	   0.24	 -0.017	1.00026							#	   0.09	  24.85	
    368	   2.11	   0.19	 -0.013	1.00030							#	   0.09	  24.70	
    369	   2.18	   0.25	 -0.018	1.00028							#	   0.09	  24.90	
    370	   2.03	   0.09	 -0.013	1.00028							#	   0.08	  24.85	
    371	   2.10	   0.07	 -0.015	1.00029							#	   0.09	  24.90	
    372	   2.08	   0.16	 -0.017	1.00040							#	   0.10	  24.90	
    373	   2.20	   0.17	 -0.015	1.00023							#	   0.09	  25.00	
    374	   2.18	   0.16	 -0.021	1.00031							#	   0.10	  24.90	
    375	   2.21	   0.07	 -0.017	1.00033							#	   0.10	  25.10	
    376	   2.22	  -0.01	 -0.017	1.00030							#	   0.10	  25.10	
    377	   2.19	   0.11	 -0.023	1.00039							#	   0.11	  25.00	
    378	   2.41	  -0.06	 -0.019	1.00027							#	   0.11	  25.15	
    379	   2.30	   0.07	 -0.020	1.00035							#	   0.11	  25.20	
    380	   2.41	  -0.15	 -0.015	1.00026							#	   0.11	  25.25	
    381	   2.29	  -0.02	 -0.020	1.00038							#	   0.11	  25.25	
    382	   2.33	  -0.06	 -0.018	1.00029							#	   0.10	  25.35	
    383	   2.16	  -0.06	 -0.014	1.00036							#	   0.10	  25.61	
    384	   2.13	   0.01	 -0.020	1.00036							#	   0.09	  25.56	
    385	   2.17	   0.09	 -0.022	1.00038							#	   0.10	  25.86	
    386	   2.29	   0.06	 -0.018	1.00039							#	   0.10	  25.76	
    387	   1.85	  -0.19	 -0.012	1.00047							#	   0.09	  25.86	
    388	   2.13	   0.08	 -0.024	1.00035							#	   0.09	  26.01	
    389	   2.02	  -0.05	 -0.018	1.00035							#	   0.09	  25.81	
    390	   1.87	   0.22	 -0.020	1.00043							#	   0.08	  25.76	
    391	   1.89	  -0.06	 -0.010	1.00030							#	   0.08	  25.86	
    392	   1.98	   0.10	 -0.016	1.00030							#	   0.08	  26.01	
    393	   1.84	  -0.15	 -0.011	1.00038							#	   0.08	  26.21	
    394	   1.91	  -0.09	 -0.014	1.00032							#	   0.09	  26.31	
    395	   1.92	  -0.01	 -0.017	1.00022							#	   0.08	  26.46	
    396	   1.65	  -0.12	 -0.014	1.00037							#	   0.08	  26.41	
    397	   1.77	  -0.20	 -0.013	1.00023							#	   0.08	  26.46	
    398	   1.82	  -0.19	 -0.017	1.00018							#	   0.07	  26.41	
    399	   1.48	  -0.19	 -0.015	1.00027							#	   0.06	  26.36	
    400	   1.57	  -0.27	 -0.010	1.00026							#	   0.07	  26.46	
    401	   1.79	  -0.23	 -0.015	1.00013							#	   0.07	  26.57	
    402	   1.56	  -0.23	 -0.015	1.00020							#	   0.06	  26.67	
    403	   1.48	  -0.28	 -0.015	1.00019							#	   0.06	  26.67	
    404	   1.51	  -0.18	 -0.018	1.00014							#	   0.06	  26.72	
    405	   1.40	  -0.26	 -0.015	1.00024							#	   0.06	  26.82	
    406	   1.41	  -0.25	 -0.014	1.00020							#	   0.06	  27.02	
    407	   1.37	  -0.24	 -0.015	1.00019							#	   0.05	  26.97	
    408	   1.29	  -0.22	 -0.015	1.00024							#	   0.05	  26.92	
    409	   1.55	  -0.28	 -0.019	1.00014							#	   0.05	  27.02	
    410	   1.55	  -0.46	 -0.011	1.00013							#	   0.06	  26.97	
    411	   1.15	  -0.47	 -0.012	1.00016							#	   0.05	  27.02	
    412	   1.22	  -0.54	 -0.009	1.00017							#	   0.05	  27.02	
    413	   1.51	  -0.51	 -0.011	1.00012							#	   0.06	  27.22	
    414	   1.26	  -0.52	 -0.009	1.00017							#	   0.05	  27.17	
    415	   1.25	  -0.48	 -0.013	1.00016							#	   0.05	  27.17	
    416	   1.17	  -0.62	 -0.007	1.00014							#	   0.05	  27.07	
    417	   1.26	  -0.53	 -0.012	1.00013							#	   0.05	  27.02	
    418	   1.34	  -0.55	 -0.010	1.00015							#	   0.06	  27.17	
    419	   1.49	  -0.48	 -0.008	1.00012							#	   0.06	  27.22	
    420	   1.37	  -0.69	 -0.007	1.00011							#	   0.08	  27.32	
    421	   1.22	  -0.62	 -0.009	1.00013							#	   0.06	  27.47	
    422	   1.08	  -0.40	 -0.010	1.00021							#	   0.05	  27.22	
    423	   1.22	  -0.62	 -0.008	1.00016							#	   0.05	  27.47	
    424	   1.08	  -0.51	 -0.010	1.00014							#	   0.04	  27.27	
    425	   1.28	  -0.44	 -0.011	1.00017							#	   0.05	  27.22	
    426	   1.15	  -0.42	 -0.010	1.00014							#	   0.05	  27.27	
    427	   1.13	  -0.42	 -0.013	1.00008							#	   0.04	  27.37	
    428	   1.20	  -0.47	 -0.010	1.00009							#	   0.05	  27.32	
    429	   1.12	  -0.49	 -0.007	1.00007							#	   0.04	  27.42	
    430	   1.06	  -0.55	 -0.005	1.00012							#	   0.04	  27.22	
    431	   1.11	  -0.38	 -0.010	1.00012							#	   0.04	  27.32	
    432	   1.16	  -0.54	 -0.006	1.00005							#	   0.04	  27.37	
    433	   1.04	  -0.50	 -0.009	1.00011							#	   0.04	  27.58	
    434	   1.12	  -0.62	 -0.009	1.00011							#	   0.05	  27.63	
    435	   1.11	  -0.55	 -0.008	1.00007							#	   0.04	  27.78	
    436	   0.94	  -0.62	 -0.006	1.00010							#	   0.04	  27.78	
    437	   0.89	  -0.69	 -0.004	1.00010							#	   0.04	  27.78	
    438	   0.91	  -0.50	 -0.009	1.00012							#	   0.04	  27.73	
    439	   0.99	  -0.43	 -0.006	1.00012							#	   0.04	  27.78	
    440	   1.07	  -0.56	 -0.007	1.00005							#	   0.04	  27.68	
    441	   0.83	  -0.53	 -0.006	1.00009							#	   0.04	  27.83	
    442	   0.86	  -0.46	 -0.008	1.00013							#	   0.04	  27.78	
    443	   0.93	  -0.47	 -0.007	1.00011							#	   0.04	  27.83	
    444	   0.97	  -0.48	 -0.006	1.00009							#	   0.04	  27.78	
    445	   1.06	  -0.42	 -0.008	1.00021							#	   0.05	  27.98	
    446	   1.04	  -0.29	 -0.011	1.00010							#	   0.04	  27.78	
    447	   1.12	  -0.34	 -0.010	1.00019							#	   0.05	  27.83	
    448	   1.11	  -0.62	 -0.006	1.00017							#	   0.05	  27.93	
    449	   1.17	  -0.45	 -0.012	1.00007							#	   0.04	  27.83	
    450	   1.01	  -0.65	 -0.007	1.00010							#	   0.04	  27.73	
    451	   0.92	  -0.42	 -0.011	1.00012							#	   0.04	  27.78	
    452	   0.97	  -0.31	 -0.007	1.00013							#	   0.04	  27.93	
    453	   1.22	  -0.17	 -0.008	1.00014							#	   0.05	  27.93	
    454	   1.05	  -0.30	 -0.008	1.00009							#	   0.04	  27.93	
