      1	  -0.43	  -1.28	 -0.031	0.99903							#	   0.24	  48.08	
      2	  -0.43	  -1.29	 -0.029	0.99924							#	   0.82	  44.34	
      3	  -0.81	  -1.20	 -0.026	0.99922							#	   0.78	  43.33	
      4	  -0.51	  -1.08	 -0.024	0.99918							#	   0.75	  43.23	
      5	  -0.59	  -0.92	 -0.018	0.99922							#	   0.67	  42.17	
      6	  -0.79	  -0.77	 -0.015	0.99916							#	   0.65	  41.92	
      7	  -1.07	  -0.75	 -0.014	0.99914							#	   0.66	  41.26	
      8	  -0.86	  -0.87	 -0.014	0.99918							#	   0.68	  41.01	
      9	  -0.74	  -0.82	 -0.013	0.99922							#	   0.78	  39.65	
     10	  -0.51	  -0.79	 -0.014	0.99920							#	   0.67	  38.03	
     11	  -0.32	  -0.69	 -0.013	0.99951							#	   0.69	  32.63	
     12	  -0.90	  -0.67	 -0.017	0.99949							#	   0.77	  31.52	
     13	  -0.46	  -0.65	 -0.017	0.99964							#	   0.79	  30.81	
     14	  -0.38	  -0.69	 -0.015	0.99952							#	   0.77	  30.51	
     15	  -0.42	  -0.58	 -0.015	0.99960							#	   0.82	  29.85	
     16	  -0.84	  -0.63	 -0.018	0.99962							#	   0.93	  29.60	
     17	  -0.70	  -0.68	 -0.017	0.99957							#	   0.73	  29.70	
     18	  -0.44	  -0.64	 -0.016	0.99960							#	   0.85	  30.10	
     19	  -0.39	  -0.72	 -0.018	0.99962							#	   0.89	  30.35	
     20	  -0.46	  -0.58	 -0.017	0.99965							#	   0.87	  30.05	
     21	  -0.30	  -0.46	 -0.013	0.99961							#	   0.87	  29.34	
     22	  -0.15	  -0.43	 -0.016	0.99960							#	   0.84	  29.49	
     23	  -0.34	  -0.32	 -0.013	0.99953							#	   0.96	  29.44	
     24	  -0.24	  -0.19	 -0.013	0.99953							#	   0.84	  29.75	
     25	  -0.04	   0.00	 -0.015	0.99945							#	   0.91	  29.95	
     26	  -0.27	   0.28	 -0.008	0.99939							#	   0.99	  29.65	
     27	  -0.41	   0.26	 -0.009	0.99933							#	   1.03	  29.24	
     28	  -0.46	   0.14	 -0.009	0.99940							#	   0.93	  29.44	
     29	  -0.29	   0.13	 -0.011	0.99945							#	   0.93	  28.99	
     30	  -0.39	  -0.01	 -0.014	0.99940							#	   1.01	  30.35	
     31	  -0.29	  -0.28	 -0.014	0.99954							#	   1.06	  29.14	
     32	  -0.37	  -0.03	 -0.014	0.99956							#	   0.96	  29.44	
     33	  -0.34	   0.01	 -0.013	0.99960							#	   0.93	  29.34	
     34	  -0.52	   0.22	 -0.011	0.99946							#	   0.88	  29.95	
     35	  -0.46	   0.41	 -0.008	0.99954							#	   0.85	  29.75	
     36	  -0.41	   0.64	 -0.006	0.99951							#	   0.93	  30.00	
     37	  -0.54	   0.64	 -0.008	0.99938							#	   0.87	  30.71	
     38	  -0.63	   0.72	 -0.002	0.99939							#	   0.85	  31.01	
     39	  -0.68	   0.61	 -0.004	0.99939							#	   0.82	  31.52	
     40	  -0.64	   0.51	 -0.003	0.99941							#	   0.87	  31.57	
     41	  -0.65	   0.45	 -0.004	0.99941							#	   0.84	  32.07	
     42	  -0.90	   0.18	 -0.008	0.99942							#	   0.84	  31.82	
     43	  -1.08	  -0.11	 -0.005	0.99935							#	   0.88	  34.49	
     44	  -1.01	  -0.21	 -0.004	0.99944							#	   0.95	  33.89	
     45	  -0.94	  -0.27	 -0.003	0.99940							#	   0.87	  33.84	
     46	  -0.80	  -0.32	 -0.005	0.99945							#	   0.90	  33.13	
     47	  -0.89	  -0.40	 -0.004	0.99949							#	   0.90	  32.78	
     48	  -1.01	  -0.50	 -0.006	0.99951							#	   0.94	  33.84	
     49	  -1.01	  -0.68	 -0.007	0.99944							#	   0.90	  32.98	
     50	  -0.76	  -0.55	 -0.003	0.99942							#	   0.82	  34.24	
     51	  -0.76	  -0.74	 -0.004	0.99948							#	   0.85	  33.64	
     52	  -0.82	  -0.77	 -0.006	0.99952							#	   0.88	  32.68	
     53	  -0.83	  -0.82	 -0.007	0.99954							#	   0.87	  31.92	
     54	  -0.75	  -0.80	 -0.008	0.99968							#	   0.77	  31.52	
     55	  -1.02	  -0.73	 -0.003	0.99968							#	   0.76	  31.26	
     56	  -0.81	  -0.61	 -0.008	0.99966							#	   0.79	  31.06	
     57	  -0.91	  -0.45	 -0.005	0.99964							#	   0.81	  30.91	
     58	  -0.87	  -0.51	 -0.007	0.99970							#	   0.79	  30.30	
     59	  -0.78	  -0.40	 -0.007	0.99965							#	   0.86	  30.40	
     60	  -0.74	  -0.30	 -0.003	0.99961							#	   1.02	  29.95	
     61	  -0.66	  -0.19	 -0.006	0.99954							#	   0.82	  31.01	
     62	  -0.73	  -0.07	 -0.005	0.99953							#	   0.84	  31.41	
     63	  -0.60	  -0.05	 -0.007	0.99956							#	   0.79	  31.36	
     64	  -0.45	   0.22	 -0.006	0.99960							#	   0.83	  30.81	
     65	  -0.50	   0.39	 -0.005	0.99953							#	   0.86	  31.16	
     66	  -0.40	   0.39	 -0.007	0.99952							#	   0.83	  31.41	
     67	  -0.18	   0.26	 -0.009	0.99958							#	   0.85	  32.12	
     68	  -0.29	   0.35	 -0.009	0.99957							#	   0.85	  31.97	
     69	  -0.13	   0.23	 -0.011	0.99953							#	   0.82	  32.12	
     70	  -0.08	   0.06	 -0.016	0.99956							#	   0.86	  32.22	
     71	  -0.03	   0.07	 -0.016	0.99962							#	   0.94	  32.42	
     72	  -0.38	   0.01	 -0.017	0.99960							#	   1.05	  31.72	
     73	  -0.59	  -0.15	 -0.015	0.99958							#	   1.05	  32.02	
     74	  -1.09	   0.05	 -0.009	0.99946							#	   1.11	  31.36	
     75	  -0.42	   0.10	 -0.011	0.99947							#	   1.03	  31.16	
     76	  -0.19	   0.21	 -0.006	0.99943							#	   1.00	  31.46	
     77	  -0.57	   0.07	 -0.010	0.99948							#	   1.15	  30.96	
     78	  -0.64	  -0.02	 -0.006	0.99955							#	   1.01	  31.52	
     79	  -0.73	  -0.09	 -0.008	0.99959							#	   1.03	  30.76	
     80	  -1.02	  -0.13	 -0.009	0.99962							#	   1.11	  31.46	
     81	  -0.83	  -0.24	 -0.009	0.99957							#	   1.09	  31.11	
     82	  -0.71	  -0.18	 -0.009	0.99952							#	   1.04	  31.01	
     83	  -0.66	  -0.13	 -0.007	0.99947							#	   1.09	  31.01	
     84	  -0.30	  -0.28	 -0.006	0.99954							#	   1.17	  31.26	
     85	  -0.46	  -0.27	 -0.009	0.99949							#	   0.94	  31.01	
     86	  -0.37	  -0.34	 -0.008	0.99959							#	   0.95	  30.71	
     87	  -0.31	  -0.59	 -0.007	0.99954							#	   1.06	  31.16	
     88	  -0.38	  -0.78	 -0.009	0.99948							#	   1.13	  30.51	
     89	  -0.24	  -1.08	 -0.006	0.99962							#	   0.98	  31.06	
     90	  -0.46	  -1.19	 -0.006	0.99968							#	   1.00	  30.51	
     91	  -0.37	  -1.41	 -0.007	0.99968							#	   1.05	  30.86	
     92	  -0.40	  -1.33	 -0.006	0.99969							#	   1.10	  30.05	
     93	  -0.01	  -1.40	 -0.009	0.99973							#	   1.01	  29.80	
     94	   0.07	  -1.44	 -0.007	0.99968							#	   1.00	  29.60	
     95	  -0.02	  -1.38	 -0.008	0.99962							#	   0.96	  30.10	
     96	   0.01	  -1.40	 -0.007	0.99961							#	   0.96	  30.00	
     97	   0.23	  -1.37	 -0.006	0.99961							#	   0.87	  29.85	
     98	   0.38	  -1.29	 -0.007	0.99953							#	   0.87	  29.70	
     99	   0.68	  -1.30	 -0.005	0.99955							#	   0.91	  30.05	
    100	   0.13	  -1.19	 -0.005	0.99954							#	   1.03	  30.05	
    101	   0.10	  -1.33	 -0.007	0.99953							#	   0.99	  30.40	
    102	   0.30	  -1.18	 -0.004	0.99955							#	   1.03	  30.76	
    103	   0.08	  -1.05	  0.000	0.99951							#	   1.11	  30.15	
    104	  -0.05	  -1.02	 -0.001	0.99948							#	   1.08	  30.71	
    105	  -0.13	  -0.84	  0.001	0.99936							#	   1.05	  30.86	
    106	   0.20	  -0.75	 -0.000	0.99945							#	   1.07	  30.40	
    107	   0.34	  -0.71	 -0.000	0.99951							#	   1.04	  30.61	
    108	   0.11	  -0.76	 -0.000	0.99947							#	   1.07	  30.61	
    109	  -0.17	  -0.74	  0.004	0.99938							#	   1.19	  30.45	
    110	  -0.07	  -0.61	 -0.001	0.99953							#	   1.14	  30.05	
    111	   0.04	  -0.59	  0.003	0.99939							#	   1.21	  30.35	
    112	   0.05	  -0.30	  0.011	0.99935							#	   1.13	  30.30	
    113	  -0.26	  -0.13	  0.009	0.99935							#	   1.22	  30.35	
    114	  -0.15	  -0.03	  0.011	0.99929							#	   1.09	  30.25	
    115	  -0.18	  -0.19	  0.008	0.99930							#	   1.20	  30.25	
    116	  -0.35	  -0.39	  0.005	0.99937							#	   1.25	  30.30	
    117	  -0.32	  -0.63	  0.001	0.99947							#	   1.28	  30.05	
    118	  -0.32	  -0.95	 -0.000	0.99961							#	   1.24	  30.00	
    119	  -0.30	  -1.04	 -0.003	0.99961							#	   1.38	  30.05	
    120	  -0.32	  -0.88	 -0.005	0.99961							#	   1.28	  29.34	
    121	  -0.27	  -0.67	 -0.001	0.99965							#	   1.13	  30.05	
    122	  -0.19	  -0.51	  0.002	0.99944							#	   1.16	  30.40	
    123	  -0.34	  -0.33	  0.004	0.99946							#	   1.02	  30.66	
    124	  -0.13	  -0.13	  0.008	0.99939							#	   0.87	  30.81	
    125	   0.04	  -0.21	  0.005	0.99943							#	   0.89	  30.81	
    126	   0.03	  -0.20	  0.006	0.99943							#	   0.94	  30.96	
    127	  -0.04	  -0.28	  0.004	0.99936							#	   0.88	  31.11	
    128	  -0.01	  -0.31	  0.006	0.99951							#	   0.90	  31.01	
    129	  -0.28	  -0.37	  0.003	0.99947							#	   0.94	  31.21	
    130	  -0.04	  -0.52	  0.003	0.99946							#	   0.91	  31.36	
    131	   0.08	  -0.52	  0.004	0.99955							#	   0.83	  31.16	
    132	   0.08	  -0.52	  0.005	0.99949							#	   0.88	  30.66	
    133	   0.06	  -0.53	  0.004	0.99946							#	   0.90	  31.06	
    134	   0.31	  -0.60	  0.004	0.99951							#	   0.82	  30.56	
    135	   0.02	  -0.61	  0.005	0.99950							#	   0.84	  30.76	
    136	  -0.01	  -0.61	  0.003	0.99946							#	   0.83	  30.81	
    137	   0.11	  -0.63	  0.001	0.99944							#	   0.78	  30.45	
    138	   0.56	  -0.61	  0.001	0.99944							#	   0.80	  30.45	
    139	   0.53	  -0.51	  0.004	0.99945							#	   0.97	  30.45	
    140	   0.54	  -0.59	  0.005	0.99946							#	   0.73	  30.51	
    141	   0.66	  -0.66	  0.000	0.99937							#	   0.80	  29.90	
    142	   0.73	  -0.60	  0.003	0.99939							#	   0.78	  29.75	
    143	   0.83	  -0.62	  0.003	0.99940							#	   0.71	  30.00	
    144	   0.86	  -0.46	 -0.001	0.99935							#	   0.75	  29.90	
    145	   0.99	  -0.52	 -0.001	0.99943							#	   0.96	  29.80	
    146	   0.84	  -0.54	  0.002	0.99939							#	   0.79	  29.29	
    147	   0.84	  -0.49	 -0.001	0.99936							#	   0.80	  29.29	
    148	   0.98	  -0.27	 -0.000	0.99941							#	   0.80	  29.29	
    149	   1.16	  -0.15	 -0.002	0.99950							#	   0.86	  29.34	
    150	   1.00	   0.11	 -0.001	0.99935							#	   0.91	  29.19	
    151	   1.21	   0.22	  0.001	0.99938							#	   0.91	  29.60	
    152	   1.25	   0.41	 -0.001	0.99937							#	   0.95	  29.44	
    153	   1.10	   0.54	  0.000	0.99931							#	   0.95	  29.49	
    154	   1.02	   0.67	 -0.001	0.99911							#	   0.98	  29.75	
    155	   1.50	   0.78	  0.002	0.99925							#	   0.90	  29.70	
    156	   1.48	   0.57	 -0.002	0.99926							#	   0.91	  29.65	
    157	   1.17	   0.48	 -0.001	0.99932							#	   1.13	  29.90	
    158	   1.00	   0.51	 -0.003	0.99918							#	   1.01	  29.85	
    159	   0.81	   0.58	  0.001	0.99927							#	   0.96	  29.65	
    160	   0.60	   0.39	 -0.002	0.99922							#	   0.94	  30.05	
    161	   0.84	   0.56	 -0.002	0.99929							#	   0.93	  29.70	
    162	   1.13	   0.63	 -0.003	0.99930							#	   1.07	  30.20	
    163	   0.59	   0.49	 -0.004	0.99915							#	   0.92	  30.00	
    164	   0.65	   0.42	 -0.008	0.99929							#	   1.04	  29.80	
    165	   0.60	   0.26	 -0.009	0.99940							#	   1.07	  29.90	
    166	   0.52	   0.34	 -0.006	0.99947							#	   0.95	  29.75	
    167	   0.55	   0.33	 -0.007	0.99937							#	   0.98	  29.80	
    168	   0.61	   0.45	 -0.005	0.99928							#	   0.97	  30.20	
    169	   0.52	   0.51	 -0.005	0.99934							#	   0.93	  30.20	
    170	   0.50	   0.44	 -0.007	0.99934							#	   0.96	  30.05	
    171	   0.43	   0.47	 -0.006	0.99934							#	   1.03	  30.10	
    172	   0.45	   0.34	 -0.006	0.99930							#	   1.10	  30.15	
    173	   0.53	   0.29	 -0.007	0.99935							#	   0.95	  29.90	
    174	   0.58	   0.21	 -0.006	0.99937							#	   0.93	  29.65	
    175	   0.76	   0.08	 -0.007	0.99938							#	   0.93	  29.44	
    176	   0.68	   0.03	 -0.005	0.99932							#	   0.96	  29.44	
    177	   0.63	  -0.10	 -0.005	0.99939							#	   0.91	  29.34	
    178	   1.00	  -0.03	 -0.006	0.99934							#	   0.95	  29.14	
    179	   1.19	   0.11	  0.000	0.99941							#	   0.89	  29.14	
    180	   1.28	   0.11	 -0.005	0.99929							#	   0.88	  28.59	
    181	   1.27	   0.33	 -0.003	0.99921							#	   0.95	  29.19	
    182	   1.49	   0.42	 -0.005	0.99923							#	   1.01	  28.99	
    183	   1.43	   0.49	 -0.003	0.99924							#	   0.91	  28.64	
    184	   1.31	   0.48	 -0.003	0.99925							#	   1.00	  28.74	
    185	   1.34	   0.49	 -0.002	0.99923							#	   0.97	  28.54	
    186	   1.25	   0.56	 -0.005	0.99922							#	   1.05	  28.74	
    187	   1.31	   0.56	 -0.002	0.99914							#	   1.04	  28.79	
    188	   1.40	   0.48	 -0.001	0.99922							#	   0.95	  28.74	
    189	   1.21	   0.63	 -0.002	0.99923							#	   1.01	  28.43	
    190	   1.07	   0.81	  0.001	0.99913							#	   1.05	  28.69	
    191	   1.69	   0.79	 -0.003	0.99932							#	   1.02	  28.33	
    192	   1.65	   0.77	 -0.002	0.99917							#	   1.10	  28.94	
    193	   1.58	   0.84	 -0.001	0.99915							#	   1.01	  28.59	
    194	   1.62	   1.03	 -0.001	0.99909							#	   1.01	  28.23	
    195	   1.57	   0.95	 -0.001	0.99904							#	   1.09	  28.18	
    196	   1.74	   1.01	  0.003	0.99899							#	   1.09	  27.58	
    197	   1.58	   1.10	  0.003	0.99897							#	   1.14	  27.37	
    198	   1.64	   1.05	 -0.000	0.99888							#	   1.16	  26.92	
    199	   1.67	   1.05	  0.002	0.99893							#	   1.21	  26.97	
    200	   1.56	   0.87	 -0.001	0.99895							#	   1.15	  26.87	
    201	   1.64	   0.45	 -0.005	0.99905							#	   1.16	  26.36	
    202	   1.89	   0.46	 -0.006	0.99912							#	   1.19	  27.22	
    203	   1.92	   0.49	 -0.006	0.99922							#	   1.19	  27.27	
    204	   1.99	   0.57	 -0.004	0.99924							#	   1.07	  27.07	
    205	   1.83	   0.53	 -0.003	0.99920							#	   1.05	  26.82	
    206	   1.85	   0.55	 -0.005	0.99913							#	   1.00	  26.77	
    207	   1.73	   0.82	 -0.002	0.99909							#	   0.95	  26.31	
    208	   1.66	   0.84	 -0.002	0.99909							#	   0.90	  26.36	
    209	   1.64	   0.83	 -0.003	0.99907							#	   0.93	  26.26	
    210	   1.53	   0.70	 -0.006	0.99921							#	   0.95	  26.36	
    211	   1.59	   0.60	 -0.007	0.99919							#	   0.95	  26.36	
    212	   1.62	   0.59	 -0.007	0.99919							#	   0.93	  26.57	
    213	   1.57	   0.35	 -0.008	0.99914							#	   0.92	  26.57	
    214	   1.54	   0.28	 -0.006	0.99921							#	   0.93	  26.36	
    215	   1.52	   0.12	 -0.008	0.99915							#	   0.96	  26.36	
    216	   1.43	   0.07	 -0.006	0.99917							#	   0.98	  26.01	
    217	   1.56	   0.14	 -0.005	0.99919							#	   0.99	  25.66	
    218	   1.57	  -0.04	 -0.010	0.99919							#	   1.01	  26.01	
    219	   1.55	  -0.05	 -0.006	0.99916							#	   0.95	  25.96	
    220	   1.71	  -0.03	 -0.007	0.99926							#	   1.00	  25.40	
    221	   1.49	  -0.02	 -0.005	0.99920							#	   0.99	  25.45	
    222	   1.61	  -0.00	 -0.007	0.99929							#	   1.08	  25.40	
    223	   1.50	   0.15	 -0.004	0.99922							#	   0.99	  25.40	
    224	   1.68	   0.37	 -0.004	0.99930							#	   1.07	  24.65	
    225	   1.65	   0.46	 -0.005	0.99934							#	   1.06	  24.34	
    226	   1.75	   0.49	 -0.007	0.99932							#	   1.10	  24.19	
    227	   1.82	   0.70	 -0.003	0.99937							#	   1.09	  23.38	
    228	   1.72	   0.80	 -0.003	0.99929							#	   1.11	  23.74	
    229	   1.78	   0.90	 -0.005	0.99924							#	   1.16	  24.14	
    230	   1.89	   1.04	 -0.005	0.99923							#	   1.15	  24.09	
    231	   1.89	   1.08	 -0.004	0.99923							#	   1.10	  24.09	
    232	   1.77	   1.20	 -0.003	0.99922							#	   1.22	  23.79	
    233	   1.77	   1.40	 -0.005	0.99922							#	   1.20	  23.79	
    234	   1.65	   1.42	 -0.003	0.99921							#	   1.20	  23.94	
    235	   1.63	   1.40	 -0.006	0.99920							#	   1.30	  23.99	
    236	   1.42	   1.40	 -0.005	0.99915							#	   1.20	  24.09	
    237	   1.29	   1.34	 -0.005	0.99921							#	   1.22	  23.79	
    238	   1.09	   1.07	 -0.008	0.99922							#	   1.26	  23.84	
    239	   1.03	   0.96	 -0.012	0.99926							#	   1.26	  23.99	
    240	   0.67	   0.86	 -0.011	0.99931							#	   1.33	  22.68	
    241	   0.15	   0.75	 -0.010	0.99931							#	   1.34	  23.08	
    242	  -0.06	   0.96	 -0.009	0.99922							#	   1.48	  23.64	
    243	   0.07	   0.98	 -0.011	0.99910							#	   1.28	  23.23	
    244	   1.06	   1.02	 -0.009	0.99922							#	   1.35	  22.98	
    245	   0.24	   0.94	 -0.012	0.99915							#	   1.36	  23.28	
    246	   0.23	   0.85	 -0.013	0.99921							#	   1.33	  22.93	
    247	   0.27	   0.93	 -0.009	0.99931							#	   1.40	  22.37	
    248	  -0.02	   0.73	 -0.012	0.99942							#	   1.44	  22.58	
    249	   0.01	   0.72	 -0.013	0.99936							#	   1.39	  22.47	
    250	   0.27	   0.57	 -0.010	0.99940							#	   1.32	  22.22	
    251	   0.30	   0.26	 -0.012	0.99944							#	   1.47	  22.32	
    252	  -0.02	   0.17	 -0.011	0.99940							#	   1.49	  21.87	
    253	  -0.13	   0.17	 -0.011	0.99941							#	   1.49	  21.87	
    254	  -0.21	   0.08	 -0.012	0.99943							#	   1.61	  21.97	
    255	  -0.26	   0.02	 -0.009	0.99940							#	   1.58	  22.17	
    256	  -0.31	  -0.07	 -0.006	0.99957							#	   1.53	  21.92	
    257	  -0.60	  -0.14	 -0.008	0.99957							#	   1.55	  21.97	
    258	  -0.71	  -0.16	 -0.007	0.99955							#	   1.65	  21.87	
    259	  -0.35	  -0.18	 -0.006	0.99956							#	   1.71	  21.87	
    260	  -0.62	  -0.17	 -0.006	0.99951							#	   1.68	  22.07	
    261	  -0.76	  -0.02	 -0.004	0.99945							#	   1.66	  22.27	
    262	  -1.06	   0.09	 -0.005	0.99932							#	   1.79	  22.12	
    263	  -0.87	   0.23	 -0.002	0.99939							#	   1.70	  22.07	
    264	  -0.95	   0.24	 -0.003	0.99938							#	   1.87	  22.63	
    265	  -1.35	   0.20	 -0.001	0.99948							#	   1.92	  22.32	
    266	  -1.39	   0.16	  0.001	0.99952							#	   1.72	  22.53	
    267	  -1.58	   0.27	  0.002	0.99944							#	   1.98	  22.37	
    268	  -1.57	   0.37	  0.004	0.99943							#	   2.01	  22.37	
    269	  -1.14	   0.28	  0.001	0.99936							#	   1.85	  22.73	
    270	  -1.15	   0.23	  0.005	0.99932							#	   1.96	  22.73	
    271	  -1.11	   0.22	  0.003	0.99935							#	   2.02	  22.88	
    272	  -1.11	   0.18	  0.005	0.99939							#	   1.88	  22.63	
    273	  -1.33	   0.26	  0.005	0.99946							#	   2.00	  22.22	
    274	  -1.19	   0.22	  0.003	0.99948							#	   2.00	  22.22	
    275	  -0.99	   0.09	  0.003	0.99948							#	   2.10	  22.02	
    276	  -0.89	   0.16	  0.004	0.99937							#	   2.04	  22.32	
    277	  -0.81	   0.12	  0.003	0.99935							#	   1.87	  21.62	
    278	  -0.91	   0.10	  0.004	0.99927							#	   1.95	  21.82	
    279	  -0.93	  -0.18	  0.000	0.99934							#	   2.13	  21.67	
    280	  -0.75	  -0.15	  0.002	0.99942							#	   1.97	  21.31	
    281	  -0.77	  -0.50	 -0.003	0.99946							#	   2.01	  21.21	
    282	  -0.76	  -0.66	 -0.004	0.99946							#	   1.96	  21.01	
    283	  -0.52	  -0.64	 -0.002	0.99955							#	   1.82	  20.66	
    284	  -0.49	  -0.63	 -0.004	0.99944							#	   1.75	  21.11	
    285	  -0.31	  -0.20	 -0.003	0.99945							#	   1.74	  20.91	
    286	  -0.20	  -0.14	 -0.002	0.99937							#	   1.59	  21.06	
    287	  -0.34	  -0.08	 -0.002	0.99926							#	   1.55	  20.96	
    288	  -0.21	   0.11	 -0.000	0.99919							#	   1.65	  20.45	
    289	   0.22	   0.05	 -0.003	0.99907							#	   1.68	  21.01	
    290	   0.17	  -0.02	  0.000	0.99919							#	   1.62	  20.56	
    291	  -0.01	  -0.37	 -0.004	0.99920							#	   1.59	  20.76	
    292	  -0.07	  -0.49	 -0.004	0.99934							#	   1.58	  20.51	
    293	  -0.10	  -0.53	 -0.003	0.99934							#	   1.54	  20.35	
    294	   0.04	  -0.64	 -0.002	0.99933							#	   1.41	  20.81	
    295	  -0.14	  -0.81	 -0.002	0.99930							#	   1.38	  20.91	
    296	  -0.37	  -0.87	 -0.003	0.99932							#	   1.46	  20.71	
    297	  -0.24	  -0.94	 -0.000	0.99939							#	   1.46	  20.56	
    298	   0.15	  -1.00	 -0.001	0.99937							#	   1.32	  20.35	
    299	   0.27	  -1.04	  0.001	0.99936							#	   1.46	  20.76	
    300	  -0.12	  -1.02	 -0.000	0.99932							#	   1.63	  19.55	
    301	   0.00	  -1.23	 -0.001	0.99935							#	   1.48	  20.20	
    302	   0.09	  -1.20	 -0.003	0.99933							#	   1.59	  20.25	
    303	   0.11	  -1.20	 -0.000	0.99929							#	   1.51	  20.51	
    304	   0.41	  -1.11	  0.000	0.99935							#	   1.51	  20.00	
    305	   0.41	  -0.92	 -0.001	0.99929							#	   1.60	  20.51	
    306	   0.51	  -0.92	 -0.002	0.99929							#	   1.45	  19.70	
    307	   0.73	  -0.95	 -0.003	0.99933							#	   1.54	  18.94	
    308	   0.77	  -0.94	 -0.006	0.99931							#	   1.47	  18.84	
    309	   0.87	  -0.88	 -0.002	0.99933							#	   1.50	  19.34	
    310	   0.83	  -0.94	 -0.007	0.99935							#	   1.48	  18.84	
    311	   0.92	  -0.74	 -0.004	0.99934							#	   1.57	  18.74	
    312	   0.89	  -0.55	 -0.004	0.99931							#	   1.58	  18.84	
    313	   0.76	  -0.48	 -0.006	0.99931							#	   1.41	  18.54	
    314	   0.76	  -0.20	 -0.005	0.99926							#	   1.58	  18.38	
    315	   0.69	  -0.03	 -0.006	0.99932							#	   1.63	  17.78	
    316	   0.73	   0.16	 -0.005	0.99912							#	   1.40	  18.13	
    317	   0.88	   0.27	 -0.004	0.99924							#	   1.52	  17.58	
    318	   0.77	   0.23	 -0.007	0.99929							#	   1.56	  17.37	
    319	   0.61	   0.40	 -0.005	0.99931							#	   1.59	  16.97	
    320	   0.55	   0.43	 -0.007	0.99922							#	   1.46	  16.97	
    321	   0.78	   0.39	 -0.010	0.99931							#	   1.51	  17.37	
    322	   0.60	   0.27	 -0.014	0.99929							#	   1.55	  17.37	
    323	   0.41	   0.27	 -0.012	0.99934							#	   1.58	  17.47	
    324	   0.21	   0.33	 -0.012	0.99931							#	   1.65	  17.63	
    325	   0.16	   0.43	 -0.010	0.99925							#	   1.70	  17.58	
    326	   0.21	   0.50	 -0.011	0.99922							#	   1.71	  17.73	
    327	   0.37	   0.51	 -0.011	0.99937							#	   1.76	  16.26	
    328	   0.18	   0.42	 -0.016	0.99942							#	   1.66	  17.22	
    329	   0.09	   0.46	 -0.018	0.99945							#	   1.76	  16.72	
    330	  -0.15	   0.36	 -0.019	0.99952							#	   1.82	  16.36	
    331	  -0.41	   0.25	 -0.019	0.99955							#	   1.87	  17.17	
    332	  -0.25	   0.53	 -0.016	0.99951							#	   1.69	  16.97	
    333	   0.01	   0.52	 -0.021	0.99937							#	   1.85	  17.58	
    334	   0.12	   0.71	 -0.016	0.99930							#	   1.80	  18.23	
    335	   0.09	   0.74	 -0.016	0.99929							#	   1.80	  17.68	
    336	   0.11	   0.87	 -0.014	0.99922							#	   1.94	  16.82	
    337	   0.28	   0.81	 -0.017	0.99926							#	   1.58	  17.42	
    338	   0.33	   0.77	 -0.011	0.99922							#	   1.81	  17.27	
    339	   0.31	   0.67	 -0.015	0.99927							#	   1.71	  17.53	
    340	   0.22	   0.70	 -0.013	0.99929							#	   1.69	  17.37	
    341	  -0.01	   0.65	 -0.012	0.99936							#	   1.71	  16.92	
    342	   0.04	   0.53	 -0.013	0.99941							#	   1.95	  16.82	
    343	  -0.22	   0.59	 -0.010	0.99935							#	   1.66	  16.57	
    344	  -0.27	   0.67	 -0.012	0.99934							#	   1.92	  16.46	
    345	  -0.29	   0.71	 -0.006	0.99942							#	   1.67	  16.67	
    346	  -0.48	   0.57	 -0.014	0.99943							#	   1.68	  16.16	
    347	  -0.38	   0.69	 -0.007	0.99943							#	   1.81	  16.62	
    348	  -0.42	   0.65	 -0.010	0.99938							#	   1.72	  16.87	
    349	  -0.37	   0.86	 -0.008	0.99937							#	   1.79	  16.31	
    350	  -0.57	   0.83	 -0.010	0.99918							#	   1.81	  16.67	
    351	  -0.44	   0.86	 -0.010	0.99922							#	   1.94	  16.67	
    352	  -0.24	   0.92	 -0.011	0.99904							#	   1.98	  16.46	
    353	  -0.20	   0.99	 -0.010	0.99909							#	   1.92	  16.92	
    354	  -0.50	   1.04	 -0.004	0.99894							#	   1.92	  16.31	
    355	   0.00	   0.96	 -0.012	0.99902							#	   2.00	  15.81	
    356	   0.09	   0.77	 -0.009	0.99886							#	   2.07	  18.18	
    357	   0.03	   0.77	 -0.003	0.99905							#	   1.84	  17.73	
    358	  -0.04	   0.33	 -0.010	0.99902							#	   1.83	  16.72	
    359	  -0.36	   0.46	 -0.007	0.99909							#	   1.97	  16.97	
    360	  -0.49	   0.09	 -0.010	0.99902							#	   1.58	  15.25	
    361	  -0.71	   0.17	 -0.004	0.99868							#	   1.73	  19.70	
    362	  -1.08	  -0.43	  0.000	0.99724							#	   1.62	  20.35	
    363	  -1.21	  -0.17	 -0.003	0.99787							#	   1.38	  16.82	
    364	  -1.44	  -0.24	 -0.008	0.99813							#	   1.05	  18.79	
    365	  -1.24	  -0.25	 -0.004	0.99771							#	   1.00	  17.63	
    366	  -1.16	  -0.38	 -0.004	0.99741							#	   0.86	  18.18	
    367	  -1.18	  -0.57	 -0.009	0.99774							#	   0.94	  13.23	
    368	  -1.36	  -1.17	 -0.009	0.99746							#	   0.97	  16.11	
    369	  -1.20	  -0.89	 -0.006	0.99799							#	   1.17	  13.89	
    370	  -1.25	  -1.05	 -0.007	0.99813							#	   1.15	  14.85	
    371	  -1.09	  -0.63	 -0.018	0.99913							#	   1.29	  15.86	
    372	  -1.19	  -0.72	 -0.021	0.99909							#	   1.33	  16.41	
    373	  -1.07	  -0.71	 -0.021	0.99924							#	   1.09	  15.35	
    374	  -1.27	  -0.64	 -0.021	0.99910							#	   1.19	  14.95	
    375	  -0.91	  -0.56	 -0.019	0.99916							#	   1.16	  16.21	
    376	  -0.86	  -0.87	 -0.020	0.99917							#	   1.15	  16.52	
    377	  -1.04	  -0.97	 -0.020	0.99928							#	   1.07	  15.91	
    378	  -1.00	  -1.17	 -0.019	0.99917							#	   0.97	  16.97	
    379	  -0.76	  -1.23	 -0.016	0.99933							#	   1.11	  17.88	
    380	  -0.83	  -1.36	 -0.012	0.99925							#	   1.17	  17.93	
    381	  -0.92	  -1.38	 -0.013	0.99926							#	   1.09	  18.33	
    382	  -1.09	  -1.51	 -0.014	0.99921							#	   1.13	  17.73	
    383	  -0.57	  -1.46	 -0.016	0.99932							#	   1.18	  18.94	
    384	  -0.78	  -1.44	 -0.010	0.99924							#	   1.29	  18.54	
    385	  -0.89	  -1.36	 -0.011	0.99920							#	   1.24	  19.60	
    386	  -0.83	  -1.26	 -0.012	0.99912							#	   1.33	  20.00	
    387	  -0.79	  -1.12	 -0.008	0.99913							#	   1.39	  20.20	
    388	  -0.99	  -1.03	 -0.005	0.99905							#	   1.47	  20.35	
    389	  -1.02	  -0.96	 -0.007	0.99909							#	   1.41	  19.29	
    390	  -1.05	  -0.98	 -0.012	0.99896							#	   1.46	  19.80	
    391	  -1.06	  -0.76	 -0.005	0.99919							#	   1.59	  19.80	
    392	  -1.22	  -0.90	 -0.009	0.99905							#	   1.64	  20.00	
    393	  -0.95	  -0.66	 -0.005	0.99916							#	   1.38	  19.49	
    394	  -1.12	  -0.76	 -0.009	0.99906							#	   1.66	  19.39	
    395	  -0.85	  -0.68	 -0.003	0.99923							#	   1.45	  19.14	
    396	  -1.01	  -0.78	 -0.009	0.99916							#	   1.35	  18.79	
    397	  -0.90	  -0.65	 -0.003	0.99924							#	   1.41	  19.39	
    398	  -0.90	  -0.89	 -0.010	0.99909							#	   1.07	  20.66	
    399	  -0.86	  -0.52	 -0.003	0.99934							#	   0.90	  19.49	
    400	  -0.90	  -0.73	 -0.010	0.99927							#	   0.81	  20.45	
    401	  -0.91	  -0.33	 -0.002	0.99933							#	   0.77	  20.81	
    402	  -0.92	  -0.46	 -0.007	0.99935							#	   0.76	  21.06	
    403	  -0.89	  -0.30	 -0.003	0.99936							#	   0.97	  21.16	
    404	  -1.17	  -0.28	 -0.004	0.99931							#	   0.96	  20.00	
    405	  -1.03	  -0.32	 -0.004	0.99927							#	   0.91	  21.62	
    406	  -1.01	  -0.52	 -0.008	0.99939							#	   0.71	  20.30	
    407	  -1.18	  -0.89	 -0.013	0.99947							#	   0.63	  20.81	
    408	  -1.26	  -0.92	 -0.011	0.99949							#	   0.55	  21.06	
    409	  -1.27	  -0.80	 -0.010	0.99942							#	   0.40	  21.62	
    410	  -1.45	  -0.87	 -0.011	0.99935							#	   0.36	  21.82	
    411	  -1.42	  -0.90	 -0.012	0.99934							#	   0.34	  21.77	
    412	  -1.18	  -0.93	 -0.014	0.99932							#	   0.34	  22.47	
    413	  -0.75	  -1.15	 -0.015	0.99937							#	   0.33	  23.18	
    414	  -0.73	  -1.13	 -0.014	0.99941							#	   0.35	  22.93	
    415	  -0.74	  -1.26	 -0.015	0.99937							#	   0.32	  23.03	
    416	  -0.60	  -1.24	 -0.016	0.99939							#	   0.35	  24.09	
    417	  -0.63	  -1.28	 -0.015	0.99931							#	   0.37	  24.60	
    418	  -0.61	  -1.18	 -0.013	0.99931							#	   0.36	  23.48	
    419	  -0.48	  -1.13	 -0.014	0.99926							#	   0.38	  23.13	
    420	  -0.17	  -1.36	 -0.015	0.99933							#	   0.40	  21.41	
    421	  -0.21	  -1.42	 -0.018	0.99927							#	   0.34	  24.95	
    422	  -0.25	  -1.50	 -0.017	0.99931							#	   0.37	  23.54	
    423	  -0.16	  -1.49	 -0.018	0.99936							#	   0.34	  24.14	
    424	  -0.14	  -1.61	 -0.016	0.99928							#	   0.34	  24.19	
    425	  -0.06	  -1.60	 -0.016	0.99936							#	   0.32	  23.23	
    426	  -0.22	  -1.62	 -0.014	0.99931							#	   0.29	  23.94	
    427	  -0.26	  -1.56	 -0.011	0.99932							#	   0.25	  24.49	
    428	  -0.47	  -1.61	 -0.010	0.99925							#	   0.24	  23.89	
    429	  -0.39	  -1.57	 -0.009	0.99925							#	   0.22	  24.90	
    430	  -0.27	  -1.48	 -0.005	0.99914							#	   0.22	  24.55	
    431	  -0.20	  -1.35	 -0.003	0.99907							#	   0.18	  25.15	
    432	  -0.16	  -1.36	 -0.005	0.99911							#	   0.17	  24.55	
    433	  -0.10	  -1.34	 -0.001	0.99915							#	   0.18	  24.14	
    434	  -0.05	  -1.45	 -0.001	0.99901							#	   0.19	  25.40	
    435	  -0.06	  -1.49	  0.001	0.99901							#	   0.21	  24.49	
    436	   0.13	  -1.54	 -0.000	0.99897							#	   0.20	  25.51	
    437	   0.38	  -1.66	  0.001	0.99893							#	   0.21	  25.66	
    438	   0.40	  -1.67	  0.000	0.99894							#	   0.24	  24.85	
    439	   0.48	  -1.72	  0.001	0.99891							#	   0.24	  25.30	
    440	   0.54	  -1.58	  0.002	0.99895							#	   0.23	  24.19	
    441	   0.66	  -1.58	  0.001	0.99898							#	   0.23	  24.65	
    442	   0.95	  -1.66	 -0.000	0.99891							#	   0.26	  25.61	
    443	   0.98	  -1.63	 -0.000	0.99902							#	   0.25	  23.64	
    444	   1.05	  -1.62	 -0.001	0.99907							#	   0.28	  24.29	
    445	   1.03	  -1.52	 -0.002	0.99904							#	   0.26	  24.09	
    446	   1.18	  -1.29	 -0.002	0.99901							#	   0.28	  24.60	
    447	   1.20	  -1.19	 -0.002	0.99904							#	   0.30	  23.54	
    448	   1.00	  -1.10	 -0.002	0.99893							#	   0.31	  24.55	
    449	   1.04	  -0.80	  0.001	0.99894							#	   0.29	  23.54	
    450	   1.04	  -0.53	  0.005	0.99894							#	   0.35	  24.60	
    451	   0.87	  -0.76	  0.004	0.99878							#	   0.37	  24.85	
    452	   1.18	  -0.59	  0.003	0.99887							#	   0.35	  25.10	
    453	   1.12	  -0.65	  0.003	0.99879							#	   0.39	  24.95	
    454	   1.24	  -0.70	  0.004	0.99881							#	   0.45	  24.55	
    455	   1.32	  -0.68	  0.001	0.99889							#	   0.39	  24.29	
    456	   1.29	  -0.75	  0.001	0.99896							#	   0.36	  23.99	
    457	   1.08	  -0.89	 -0.002	0.99890							#	   0.27	  24.55	
    458	   1.01	  -0.64	 -0.002	0.99889							#	   0.25	  24.39	
    459	   0.88	  -0.56	  0.002	0.99885							#	   0.24	  25.51	
    460	   1.02	  -0.44	 -0.001	0.99904							#	   0.25	  23.43	
    461	   0.55	  -0.63	 -0.002	0.99888							#	   0.22	  26.21	
    462	   0.75	  -0.62	 -0.005	0.99902							#	   0.22	  24.24	
    463	   0.68	  -0.54	 -0.003	0.99897							#	   0.22	  25.91	
    464	   0.80	  -0.27	 -0.004	0.99922							#	   0.22	  21.26	
    465	   0.77	  -0.36	 -0.002	0.99905							#	   0.22	  25.56	
    466	   0.83	  -0.23	 -0.004	0.99920							#	   0.22	  22.88	
    467	   0.57	  -0.27	 -0.004	0.99909							#	   0.23	  25.40	
    468	   0.73	  -0.18	 -0.003	0.99922							#	   0.23	  23.33	
    469	   0.56	  -0.34	 -0.002	0.99911							#	   0.20	  25.45	
    470	   0.44	  -0.55	 -0.006	0.99916							#	   0.18	  23.74	
    471	   0.42	  -0.55	 -0.004	0.99905							#	   0.19	  26.11	
    472	   0.54	  -0.73	 -0.005	0.99919							#	   0.22	  22.88	
    473	   0.29	  -0.80	 -0.003	0.99909							#	   0.20	  25.15	
    474	   0.33	  -0.88	 -0.006	0.99917							#	   0.20	  23.69	
    475	   0.40	  -0.89	 -0.001	0.99911							#	   0.21	  25.15	
    476	   0.31	  -0.90	 -0.005	0.99913							#	   0.23	  23.48	
    477	   0.30	  -0.80	 -0.001	0.99910							#	   0.25	  23.94	
    478	   0.38	  -0.95	 -0.005	0.99913							#	   0.26	  24.09	
    479	   0.60	  -0.89	 -0.001	0.99912							#	   0.28	  24.70	
    480	   0.75	  -0.97	 -0.006	0.99925							#	   0.36	  21.46	
    481	   0.90	  -0.97	 -0.001	0.99918							#	   0.41	  24.29	
    482	   0.87	  -1.09	 -0.005	0.99932							#	   0.37	  22.12	
    483	   0.91	  -1.13	 -0.004	0.99923							#	   0.38	  23.33	
    484	   0.95	  -1.17	 -0.008	0.99930							#	   0.44	  22.32	
    485	   0.89	  -0.86	 -0.005	0.99916							#	   0.47	  22.83	
    486	   1.13	  -0.83	 -0.005	0.99914							#	   0.42	  22.02	
    487	   1.41	  -0.69	 -0.005	0.99909							#	   0.50	  22.98	
    488	   1.39	  -0.66	 -0.007	0.99928							#	   0.51	  21.41	
    489	   1.31	  -0.43	 -0.006	0.99913							#	   0.54	  22.07	
    490	   1.34	  -0.46	 -0.007	0.99908							#	   0.56	  21.62	
    491	   1.52	  -0.33	 -0.006	0.99919							#	   0.64	  22.12	
    492	   1.60	  -0.34	 -0.010	0.99926							#	   0.58	  20.51	
    493	   1.23	  -0.38	 -0.004	0.99919							#	   0.56	  21.87	
    494	   0.96	  -0.37	 -0.006	0.99924							#	   0.54	  20.45	
    495	   1.03	  -0.66	 -0.007	0.99915							#	   0.58	  21.46	
    496	   1.27	  -0.55	 -0.006	0.99923							#	   0.66	  21.01	
    497	   1.14	  -0.52	 -0.005	0.99912							#	   0.61	  21.16	
    498	   0.85	  -0.58	 -0.004	0.99904							#	   0.60	  20.45	
    499	   0.81	  -0.59	 -0.005	0.99899							#	   0.73	  22.27	
    500	   0.62	  -0.88	 -0.008	0.99912							#	   0.66	  21.52	
    501	   0.79	  -0.99	 -0.013	0.99913							#	   0.66	  22.12	
    502	   0.80	  -1.15	 -0.017	0.99923							#	   0.79	  21.26	
    503	   0.60	  -1.21	 -0.016	0.99918							#	   0.66	  22.27	
    504	   0.38	  -0.96	 -0.017	0.99919							#	   0.69	  20.05	
    505	   0.34	  -0.93	 -0.014	0.99910							#	   0.73	  22.07	
    506	   0.35	  -0.93	 -0.016	0.99921							#	   0.68	  20.91	
    507	   0.15	  -0.97	 -0.014	0.99911							#	   0.74	  22.32	
    508	   0.24	  -0.87	 -0.012	0.99924							#	   0.69	  20.51	
    509	   0.12	  -1.03	 -0.016	0.99916							#	   0.66	  22.32	
    510	   0.09	  -1.06	 -0.015	0.99912							#	   0.63	  22.73	
    511	  -0.01	  -1.18	 -0.016	0.99920							#	   0.59	  21.87	
    512	   0.19	  -1.24	 -0.015	0.99930							#	   0.44	  21.87	
    513	   0.19	  -1.16	 -0.013	0.99921							#	   0.40	  23.48	
    514	   0.18	  -1.11	 -0.013	0.99931							#	   0.42	  21.31	
    515	   0.09	  -1.06	 -0.012	0.99916							#	   0.41	  23.13	
    516	   0.07	  -0.99	 -0.011	0.99935							#	   0.43	  20.91	
    517	  -0.03	  -0.95	 -0.010	0.99921							#	   0.39	  22.78	
    518	  -0.23	  -0.85	 -0.011	0.99927							#	   0.38	  21.77	
    519	  -0.65	  -0.64	 -0.007	0.99925							#	   0.35	  21.92	
    520	  -0.86	  -0.54	 -0.007	0.99924							#	   0.34	  21.77	
    521	  -0.79	  -0.40	 -0.005	0.99944							#	   0.38	  20.30	
    522	  -1.33	  -0.33	 -0.002	0.99938							#	   0.31	  21.21	
    523	  -1.77	  -0.30	 -0.003	0.99958							#	   0.35	  20.51	
    524	  -2.19	  -0.19	  0.000	0.99955							#	   0.35	  20.56	
    525	  -2.54	  -0.14	 -0.001	0.99962							#	   0.38	  19.75	
    526	  -2.75	  -0.17	 -0.001	0.99964							#	   0.43	  20.25	
    527	  -2.70	  -0.08	  0.001	0.99965							#	   0.44	  20.25	
    528	  -2.72	  -0.13	  0.001	0.99965							#	   0.50	  20.45	
    529	  -2.87	  -0.09	  0.002	0.99958							#	   0.53	  20.66	
    530	  -2.92	  -0.02	  0.003	0.99966							#	   0.51	  20.71	
    531	  -2.91	  -0.06	  0.005	0.99967							#	   0.50	  20.35	
    532	  -3.00	  -0.08	  0.004	0.99961							#	   0.51	  20.30	
    533	  -3.01	  -0.06	  0.004	0.99957							#	   0.49	  20.61	
    534	  -3.11	  -0.16	  0.004	0.99954							#	   0.47	  20.86	
    535	  -2.77	  -0.19	  0.005	0.99955							#	   0.52	  19.90	
    536	  -2.81	  -0.32	  0.005	0.99951							#	   0.51	  20.20	
    537	  -2.96	  -0.50	  0.005	0.99951							#	   0.55	  19.80	
    538	  -2.79	  -0.73	  0.003	0.99969							#	   0.68	  19.55	
    539	  -2.78	  -0.92	 -0.000	0.99987							#	   0.70	  18.79	
    540	  -2.80	  -1.27	 -0.001	0.99999							#	   0.82	  16.97	
    541	  -2.67	  -1.26	  0.001	1.00003							#	   0.85	  17.47	
    542	  -2.66	  -1.34	  0.001	0.99999							#	   0.74	  17.78	
    543	  -2.57	  -1.18	  0.001	0.99999							#	   0.64	  17.83	
    544	  -2.58	  -0.84	  0.005	0.99985							#	   0.51	  19.70	
    545	  -2.68	  -0.73	  0.003	0.99967							#	   0.49	  19.09	
    546	  -2.61	  -0.43	  0.004	0.99960							#	   0.47	  18.84	
    547	  -2.41	  -0.46	  0.004	0.99959							#	   0.49	  18.43	
    548	  -2.36	  -0.59	  0.003	0.99965							#	   0.48	  19.39	
    549	  -2.38	  -0.70	  0.003	0.99963							#	   0.56	  19.24	
    550	  -2.39	  -0.83	  0.003	0.99963							#	   0.57	  19.14	
    551	  -2.39	  -0.97	  0.004	0.99965							#	   0.59	  19.09	
    552	  -2.44	  -1.22	  0.001	0.99970							#	   0.61	  18.89	
    553	  -2.55	  -1.33	  0.000	0.99969							#	   0.65	  19.04	
    554	  -2.61	  -1.60	  0.005	0.99977							#	   0.75	  19.14	
    555	  -2.84	  -1.73	  0.004	0.99968							#	   0.71	  18.64	
    556	  -2.60	  -1.86	  0.004	0.99969							#	   0.73	  18.64	
    557	  -2.40	  -2.03	  0.005	0.99973							#	   0.70	  18.84	
    558	  -2.50	  -2.13	  0.003	0.99979							#	   0.72	  18.23	
    559	  -2.64	  -2.20	  0.002	0.99982							#	   0.65	  17.73	
    560	  -2.73	  -2.24	  0.002	0.99982							#	   0.68	  17.17	
    561	  -2.86	  -2.26	  0.003	0.99982							#	   0.71	  17.63	
    562	  -2.93	  -2.31	  0.003	0.99981							#	   0.69	  17.58	
    563	  -3.27	  -2.30	  0.003	0.99984							#	   0.75	  17.27	
    564	  -3.08	  -2.33	  0.004	0.99977							#	   0.80	  17.58	
    565	  -3.06	  -2.33	  0.005	0.99982							#	   0.88	  16.62	
    566	  -3.02	  -2.44	  0.001	0.99990							#	   0.84	  16.62	
    567	  -2.99	  -2.55	  0.002	0.99990							#	   0.84	  16.77	
    568	  -2.93	  -2.66	  0.001	0.99992							#	   0.97	  16.87	
    569	  -3.07	  -2.68	 -0.002	0.99983							#	   0.89	  15.66	
    570	  -2.95	  -2.51	 -0.001	0.99985							#	   0.98	  15.56	
    571	  -2.94	  -2.44	 -0.004	0.99991							#	   0.94	  15.96	
    572	  -2.90	  -2.26	 -0.005	0.99988							#	   1.04	  15.00	
    573	  -2.69	  -2.09	 -0.006	0.99976							#	   1.09	  15.51	
    574	  -2.69	  -1.91	 -0.004	0.99978							#	   1.03	  15.45	
    575	  -2.73	  -1.98	 -0.004	0.99978							#	   1.17	  15.56	
    576	  -2.52	  -1.90	 -0.008	0.99984							#	   1.20	  15.71	
    577	  -2.47	  -1.86	 -0.011	0.99980							#	   1.17	  15.76	
    578	  -2.52	  -1.94	 -0.011	0.99956							#	   1.19	  15.05	
    579	  -2.22	  -1.78	 -0.015	0.99983							#	   1.06	  14.49	
    580	  -2.51	  -1.90	 -0.016	0.99991							#	   0.98	  14.65	
    581	  -2.31	  -1.95	 -0.020	0.99976							#	   1.05	  15.30	
    582	  -2.37	  -1.95	 -0.020	0.99956							#	   1.07	  15.51	
    583	  -2.47	  -1.71	 -0.021	0.99969							#	   1.20	  15.30	
    584	  -2.38	  -1.69	 -0.018	0.99967							#	   1.22	  15.86	
    585	  -2.53	  -1.65	 -0.022	0.99962							#	   1.24	  16.67	
    586	  -2.47	  -1.61	 -0.020	0.99955							#	   1.21	  15.91	
    587	  -2.11	  -1.69	 -0.022	0.99965							#	   1.30	  16.82	
    588	  -2.20	  -1.55	 -0.026	0.99966							#	   1.18	  17.17	
    589	  -2.37	  -1.45	 -0.022	0.99966							#	   1.10	  16.62	
    590	  -2.48	  -1.22	 -0.023	0.99948							#	   1.11	  17.58	
    591	  -2.15	  -1.14	 -0.019	0.99951							#	   1.11	  18.03	
    592	  -2.31	  -0.90	 -0.015	0.99943							#	   1.02	  18.03	
    593	  -2.37	  -0.90	 -0.020	0.99937							#	   1.01	  18.38	
    594	  -2.03	  -0.76	 -0.014	0.99950							#	   0.97	  17.98	
    595	  -2.02	  -0.75	 -0.015	0.99947							#	   0.90	  18.23	
    596	  -2.04	  -0.73	 -0.017	0.99944							#	   0.90	  18.33	
    597	  -1.89	  -0.70	 -0.016	0.99941							#	   0.91	  18.38	
    598	  -1.71	  -0.46	 -0.011	0.99943							#	   0.90	  17.32	
    599	  -1.39	  -0.54	 -0.016	0.99943							#	   0.99	  19.04	
    600	  -1.45	  -0.57	 -0.014	0.99944							#	   1.02	  18.54	
    601	  -1.35	  -0.65	 -0.016	0.99946							#	   0.93	  19.55	
    602	  -1.31	  -0.55	 -0.011	0.99946							#	   1.01	  18.03	
    603	  -1.25	  -0.60	 -0.013	0.99941							#	   1.03	  20.15	
    604	  -1.16	  -0.72	 -0.010	0.99943							#	   1.02	  18.38	
    605	  -0.98	  -0.94	 -0.012	0.99925							#	   0.96	  23.03	
    606	  -1.01	  -1.01	 -0.005	0.99938							#	   1.02	  19.14	
    607	  -0.82	  -1.06	 -0.009	0.99936							#	   1.13	  21.67	
    608	  -0.74	  -1.14	 -0.005	0.99938							#	   1.18	  19.70	
    609	  -0.51	  -1.22	 -0.009	0.99929							#	   1.08	  23.43	
    610	  -0.56	  -1.23	 -0.003	0.99938							#	   1.22	  19.95	
    611	  -0.63	  -1.33	 -0.006	0.99929							#	   1.37	  23.08	
    612	  -0.39	  -1.34	 -0.004	0.99937							#	   1.22	  19.60	
    613	  -0.24	  -1.37	 -0.005	0.99921							#	   1.18	  23.03	
    614	  -0.05	  -1.46	 -0.005	0.99928							#	   1.33	  21.36	
    615	  -0.20	  -1.54	 -0.004	0.99919							#	   1.27	  23.59	
    616	  -0.18	  -1.46	 -0.005	0.99916							#	   1.19	  22.22	
    617	   0.10	  -1.46	 -0.004	0.99916							#	   1.13	  23.48	
    618	  -0.02	  -1.57	 -0.003	0.99914							#	   1.29	  22.47	
    619	   0.17	  -1.41	 -0.003	0.99913							#	   1.22	  24.39	
    620	   0.25	  -1.42	 -0.005	0.99921							#	   1.23	  21.87	
    621	   0.44	  -1.33	 -0.001	0.99914							#	   1.38	  24.60	
    622	   0.44	  -1.37	 -0.001	0.99912							#	   1.35	  22.58	
