      1	  -2.73	   0.61	  0.016	0.99943							#	   0.09	  46.36	
      2	  -3.35	   0.92	  0.026	0.99918							#	   0.51	  41.72	
      3	  -4.00	   0.82	  0.023	0.99927							#	   0.68	  38.38	
      4	  -3.88	   0.99	  0.033	0.99927							#	   0.65	  38.43	
      5	  -3.92	   0.88	  0.039	0.99936							#	   0.74	  37.27	
      6	  -3.00	   0.95	  0.061	0.99906							#	   0.53	  42.78	
      7	  -5.32	   1.07	  0.069	0.99939							#	   1.28	  30.25	
      8	  -6.97	   0.99	  0.067	0.99922							#	   1.37	  26.01	
      9	  -7.65	   1.28	  0.073	0.99923							#	   1.41	  25.61	
     10	  -7.86	   1.03	  0.091	0.99912							#	   1.29	  24.85	
     11	  -4.51	   1.07	  0.106	0.99886							#	   0.60	  34.95	
     12	  -4.53	   1.24	  0.113	0.99872							#	   0.67	  35.00	
     13	  -4.51	   1.38	  0.119	0.99875							#	   0.73	  33.43	
     14	  -4.91	   1.06	  0.122	0.99900							#	   0.77	  32.83	
     15	  -5.94	   1.02	  0.122	0.99899							#	   0.88	  28.94	
     16	  -6.62	   1.14	  0.108	0.99839							#	   1.16	  30.71	
     17	  -8.49	   1.36	  0.113	0.99899							#	   1.79	  24.80	
     18	 -10.35	   1.59	  0.104	0.99889							#	   1.92	  20.25	
     19	 -18.06	   1.35	  0.121	0.99887							#	   3.68	  15.45	
     20	 -18.85	   1.75	  0.128	0.99893							#	   2.39	  14.34	
     21	 -19.88	   1.56	  0.112	0.99882							#	   2.83	  14.39	
     22	 -20.79	   1.64	  0.084	0.99855							#	   3.27	  14.29	
     23	 -21.24	   1.63	  0.080	0.99853							#	   3.02	  13.74	
     24	 -21.61	   1.94	  0.069	0.99869							#	   2.99	  13.28	
     25	 -21.75	   1.82	  0.064	0.99851							#	   3.15	  13.23	
     26	 -21.35	   1.80	  0.077	0.99855							#	   2.69	  13.08	
     27	 -21.18	   1.83	  0.074	0.99849							#	   2.37	  13.48	
     28	 -21.43	   1.84	  0.093	0.99816							#	   2.79	  13.13	
     29	 -21.51	   2.11	  0.102	0.99837							#	   2.56	  12.78	
     30	 -21.71	   1.80	  0.112	0.99835							#	   2.45	  12.88	
     31	 -22.68	   2.25	  0.117	0.99835							#	   2.82	  11.87	
     32	 -22.99	   2.45	  0.124	0.99832							#	   2.77	  11.72	
     33	 -22.57	   2.71	  0.133	0.99787							#	   2.96	  12.12	
     34	 -21.87	   3.01	  0.140	0.99787							#	   2.82	  11.41	
     35	 -21.50	   2.88	  0.139	0.99712							#	   2.81	  11.97	
     36	 -20.85	   2.65	  0.144	0.99768							#	   2.79	  12.02	
     37	 -20.26	   2.82	  0.140	0.99755							#	   2.92	  12.42	
     38	 -20.11	   2.52	  0.134	0.99741							#	   2.71	  12.42	
     39	 -20.21	   2.58	  0.137	0.99761							#	   3.07	  12.07	
     40	 -19.77	   2.72	  0.147	0.99744							#	   2.72	  12.32	
     41	 -18.78	   2.93	  0.168	0.99723							#	   2.82	  11.67	
     42	 -18.08	   3.07	  0.175	0.99668							#	   2.62	  11.62	
     43	 -17.46	   2.38	  0.177	0.99616							#	   2.71	  12.42	
     44	 -16.43	   2.61	  0.176	0.99674							#	   2.39	  13.99	
     45	 -15.57	   2.52	  0.171	0.99684							#	   2.14	  14.55	
     46	 -15.16	   2.89	  0.158	0.99696							#	   2.10	  15.15	
     47	 -14.95	   2.96	  0.125	0.99677							#	   2.16	  14.19	
     48	 -14.69	   2.60	  0.135	0.99703							#	   2.15	  14.14	
     49	 -14.81	   3.03	  0.159	0.99680							#	   2.09	  13.84	
     50	 -14.50	   2.89	  0.120	0.99699							#	   2.29	  13.99	
     51	 -13.84	   3.02	  0.125	0.99713							#	   2.04	  15.05	
     52	 -13.31	   3.31	  0.105	0.99725							#	   1.99	  14.75	
     53	 -12.79	   3.21	  0.102	0.99715							#	   1.83	  16.06	
     54	 -12.55	   3.78	  0.095	0.99705							#	   1.96	  15.56	
     55	 -12.51	   3.27	  0.090	0.99703							#	   1.90	  15.76	
     56	 -12.28	   3.19	  0.084	0.99701							#	   2.03	  15.81	
     57	 -12.63	   2.92	  0.112	0.99706							#	   2.19	  14.34	
     58	 -13.37	   3.23	  0.111	0.99684							#	   2.46	  14.29	
     59	 -13.44	   3.10	  0.114	0.99668							#	   2.06	  14.04	
     60	 -13.63	   3.22	  0.152	0.99689							#	   2.32	  13.33	
     61	 -13.62	   2.88	  0.154	0.99698							#	   2.21	  14.09	
     62	 -13.08	   2.80	  0.159	0.99699							#	   2.05	  13.89	
     63	 -13.15	   2.88	  0.166	0.99694							#	   2.10	  14.04	
     64	 -13.09	   2.53	  0.167	0.99655							#	   2.08	  13.64	
     65	 -13.14	   2.51	  0.166	0.99682							#	   1.96	  14.95	
     66	 -13.00	   2.70	  0.221	0.99692							#	   1.94	  14.24	
     67	 -12.91	   2.49	  0.179	0.99686							#	   2.05	  14.65	
     68	 -13.28	   2.46	  0.166	0.99681							#	   2.31	  14.19	
     69	 -13.11	   2.54	  0.136	0.99672							#	   2.15	  13.43	
     70	 -13.10	   2.81	  0.115	0.99661							#	   2.19	  13.08	
     71	 -12.91	   2.96	  0.100	0.99649							#	   2.40	  13.64	
     72	 -12.71	   2.68	  0.118	0.99668							#	   1.99	  14.70	
     73	 -12.64	   2.75	  0.111	0.99666							#	   2.27	  13.84	
     74	 -13.03	   3.02	  0.093	0.99676							#	   2.17	  13.89	
     75	 -13.10	   2.86	  0.082	0.99664							#	   2.31	  13.94	
     76	 -13.14	   3.00	  0.074	0.99710							#	   2.24	  13.74	
     77	 -13.11	   2.91	  0.067	0.99720							#	   2.32	  13.38	
     78	 -13.03	   2.91	  0.056	0.99751							#	   2.33	  12.83	
     79	 -12.59	   3.11	  0.054	0.99779							#	   2.15	  13.59	
     80	 -12.28	   2.93	  0.065	0.99763							#	   2.03	  13.28	
     81	 -12.39	   2.91	  0.062	0.99789							#	   2.17	  12.78	
     82	 -12.51	   2.76	  0.055	0.99785							#	   2.18	  12.32	
     83	 -12.30	   2.99	  0.044	0.99805							#	   2.01	  12.27	
     84	 -11.56	   3.31	  0.036	0.99728							#	   1.91	  12.42	
     85	 -11.67	   3.14	  0.026	0.99727							#	   1.92	  12.42	
     86	 -10.14	   4.90	 -0.011	0.99492							#	   1.90	   9.39	
     87	 -11.34	   2.98	  0.003	0.99659							#	   2.03	  12.63	
     88	 -11.69	   1.89	 -0.020	0.99740							#	   1.95	  14.95	
     89	 -10.84	   1.39	  0.013	0.99771							#	   1.74	  15.40	
     90	 -10.73	   1.74	 -0.009	0.99796							#	   1.64	  15.30	
     91	 -10.28	   1.82	  0.001	0.99768							#	   1.46	  15.45	
     92	  -5.83	   1.96	 -0.006	0.99765							#	   0.60	  22.58	
     93	  -4.66	   2.13	 -0.020	0.99707							#	   0.46	  27.58	
     94	  -3.80	   1.77	 -0.021	0.99707							#	   0.36	  29.44	
     95	  -3.44	   1.94	 -0.021	0.99725							#	   0.30	  31.57	
     96	  -2.97	   2.43	 -0.014	0.99761							#	   0.29	  35.35	
     97	  -2.67	   2.66	 -0.015	0.99737							#	   0.43	  36.67	
     98	  -2.39	   2.77	 -0.010	0.99730							#	   0.46	  36.72	
     99	  -2.12	   2.90	 -0.010	0.99722							#	   0.52	  35.30	
    100	  -2.19	   2.85	 -0.010	0.99714							#	   0.58	  34.09	
    101	  -2.21	   2.98	 -0.005	0.99721							#	   0.64	  34.14	
    102	  -2.69	   3.17	 -0.008	0.99720							#	   0.77	  32.37	
    103	  -2.20	   3.20	 -0.000	0.99767							#	   0.79	  32.73	
    104	  -2.07	   3.43	  0.003	0.99749							#	   0.77	  30.10	
    105	  -2.16	   3.11	  0.005	0.99733							#	   0.75	  31.92	
    106	  -2.29	   2.87	  0.016	0.99758							#	   0.82	  31.87	
    107	  -2.51	   2.80	  0.010	0.99700							#	   0.77	  30.81	
    108	  -2.52	   2.67	  0.009	0.99669							#	   0.75	  31.31	
    109	  -2.76	   2.51	  0.016	0.99685							#	   0.76	  31.46	
    110	  -3.33	   2.09	  0.023	0.99717							#	   0.83	  30.51	
    111	  -3.05	   1.53	  0.024	0.99712							#	   0.71	  32.32	
    112	  -2.58	   1.60	  0.046	0.99713							#	   0.66	  32.27	
    113	  -2.12	   1.46	  0.054	0.99718							#	   0.57	  34.49	
    114	  -2.05	   1.55	  0.058	0.99710							#	   0.55	  36.67	
    115	  -2.71	   1.24	  0.038	0.99758							#	   0.56	  35.56	
    116	  -3.31	   0.99	  0.020	0.99780							#	   0.62	  34.80	
    117	  -3.29	   1.13	  0.003	0.99793							#	   0.63	  35.40	
    118	  -2.89	   1.21	  0.000	0.99746							#	   0.58	  34.55	
    119	  -2.51	   1.49	 -0.003	0.99739							#	   0.57	  36.21	
    120	  -2.70	   1.73	 -0.005	0.99747							#	   0.65	  34.34	
    121	  -2.63	   1.94	 -0.007	0.99743							#	   0.63	  35.71	
    122	  -2.76	   2.10	 -0.013	0.99713							#	   0.63	  34.19	
    123	  -2.54	   2.01	 -0.016	0.99698							#	   0.59	  33.64	
    124	  -3.64	   2.07	 -0.016	0.99724							#	   0.81	  30.86	
    125	  -5.35	   1.54	 -0.030	0.99815							#	   1.55	  27.02	
