      1	   1.05	  -1.05	  0.003	0.99985							#	   0.04	  70.35	
      2	   0.12	  -1.34	 -0.003	1.00007							#	   0.12	  59.09	
      3	  -0.42	  -0.84	  0.002	1.00004							#	   0.09	  69.04	
      4	   0.85	   0.09	  0.001	1.00003							#	   0.10	  73.18	
      5	   0.31	  -0.05	  0.001	0.99992							#	   0.06	  76.77	
      6	   0.10	   0.06	 -0.004	0.99990							#	   0.07	  76.72	
      7	  -0.16	  -0.14	  0.002	1.00001							#	   0.07	  78.23	
      8	  -0.41	   0.15	  0.000	0.99992							#	   0.08	  74.09	
      9	  -0.45	   1.15	 -0.005	1.00006							#	   0.13	  69.24	
     10	  -0.14	  -0.83	  0.005	0.99990							#	   0.13	  73.84	
     11	  -0.93	   0.02	 -0.002	0.99995							#	   0.14	  79.65	
     12	   0.21	   0.00	 -0.007	1.00007							#	   0.07	  82.22	
     13	  -0.44	   0.62	 -0.005	0.99996							#	   0.07	  75.30	
     14	   0.21	  -1.23	 -0.017	0.99986							#	   0.10	  72.12	
     15	  -0.36	  -0.69	 -0.015	0.99986							#	   0.07	  72.47	
     16	   0.92	  -0.19	 -0.011	0.99998							#	   0.06	  77.02	
     17	  -0.29	  -0.22	 -0.013	1.00007							#	   0.06	  78.64	
     18	  -0.40	   0.92	 -0.012	1.00017							#	   0.10	  58.38	
     19	  -0.66	   0.06	 -0.010	1.00012							#	   0.07	  66.92	
     20	   0.07	   0.13	 -0.010	0.99998							#	   0.05	  77.02	
     21	   0.81	  -0.83	 -0.010	0.99990							#	   0.09	  75.71	
     22	   0.34	   0.20	 -0.007	0.99988							#	   0.05	  80.91	
     23	   0.12	  -0.86	 -0.015	0.99985							#	   0.07	  75.61	
     24	   0.14	  -0.78	 -0.002	0.99998							#	   0.07	  73.59	
     25	   0.35	  -0.78	 -0.005	0.99990							#	   0.07	  75.96	
     26	  -0.15	  -0.40	 -0.007	0.99993							#	   0.07	  73.28	
     27	   0.12	   0.43	 -0.007	0.99991							#	   0.06	  75.00	
     28	  -0.20	  -0.60	 -0.004	0.99990							#	   0.07	  75.20	
     29	   0.15	  -0.14	 -0.004	0.99998							#	   0.06	  81.67	
     30	   0.37	   0.31	 -0.003	0.99984							#	   0.10	  67.73	
     31	  -0.25	  -0.69	 -0.002	0.99992							#	   0.08	  72.53	
     32	   0.67	   0.40	  0.003	0.99997							#	   0.08	  73.94	
     33	   0.04	  -0.72	 -0.001	0.99988							#	   0.07	  73.33	
     34	   0.27	  -0.14	  0.002	0.99993							#	   0.06	  80.81	
     35	   0.92	   0.31	  0.000	0.99999							#	   0.10	  72.42	
     36	  -1.09	  -0.02	 -0.002	0.99990							#	   0.08	  81.16	
     37	   0.90	   0.49	  0.001	0.99996							#	   0.11	  71.62	
     38	   0.06	  -0.12	 -0.002	1.00003							#	   0.05	  82.78	
     39	  -0.41	   0.29	  0.002	1.00006							#	   0.05	  75.40	
     40	  -0.45	  -1.39	  0.000	0.99989							#	   0.11	  72.83	
     41	  -0.11	  -1.02	 -0.002	0.99995							#	   0.08	  75.20	
     42	  -0.00	   0.44	 -0.001	0.99995							#	   0.06	  74.44	
     43	   0.19	   0.11	  0.002	0.99999							#	   0.05	  83.74	
     44	  -0.05	   0.07	  0.001	1.00003							#	   0.04	  84.39	
     45	  -0.68	  -0.55	 -0.003	0.99997							#	   0.06	  70.15	
     46	  -0.51	  -0.33	 -0.005	1.00004							#	   0.05	  76.31	
     47	   0.52	  -0.40	 -0.004	1.00001							#	   0.06	  76.72	
     48	  -0.49	   0.07	  0.003	0.99993							#	   0.05	  82.68	
     49	  -0.44	  -0.07	 -0.001	1.00007							#	   0.04	  83.08	
     50	  -0.17	  -0.43	 -0.001	1.00001							#	   0.04	  75.76	
     51	  -0.41	  -0.80	  0.001	0.99999							#	   0.06	  79.19	
     52	  -0.06	  -0.15	 -0.003	1.00012							#	   0.04	  82.37	
     53	  -0.22	  -0.14	  0.004	1.00011							#	   0.04	  82.17	
     54	  -0.41	  -0.04	  0.003	1.00004							#	   0.05	  81.72	
     55	  -0.74	   0.14	  0.004	0.99997							#	   0.06	  79.44	
     56	  -0.12	   0.30	  0.003	1.00005							#	   0.04	  77.78	
     57	  -0.31	  -0.94	  0.006	1.00005							#	   0.07	  73.03	
     58	  -0.19	  -1.67	  0.004	1.00002							#	   0.13	  71.36	
     59	  -0.69	  -1.21	  0.008	1.00001							#	   0.10	  75.56	
     60	   0.09	  -0.25	  0.015	0.99996							#	   0.07	  70.00	
     61	   0.02	   0.55	  0.011	1.00005							#	   0.06	  76.11	
     62	   0.21	  -0.44	  0.012	1.00002							#	   0.05	  77.22	
     63	  -0.29	   0.36	  0.008	1.00010							#	   0.05	  75.86	
     64	  -0.40	   0.20	  0.012	1.00006							#	   0.05	  73.54	
     65	  -1.07	  -0.11	  0.014	1.00019							#	   0.09	  61.92	
     66	   0.18	  -2.36	  0.018	1.00013							#	   0.25	  68.48	
     67	  -0.37	  -0.46	  0.021	1.00007							#	   0.07	  77.68	
     68	   0.16	  -0.89	  0.027	0.99998							#	   0.10	  79.14	
     69	  -0.66	   0.01	  0.024	1.00003							#	   0.08	  74.60	
     70	  -1.47	   1.33	  0.030	1.00011							#	   0.24	  66.36	
     71	  -0.42	  -1.93	  0.029	1.00007							#	   0.18	  59.95	
     72	  -0.24	  -0.64	  0.040	1.00028							#	   0.12	  53.59	
     73	   0.14	  -0.70	  0.045	1.00011							#	   0.12	  62.58	
     74	  -0.39	  -0.86	  0.052	1.00005							#	   0.12	  70.91	
     75	   0.15	  -1.93	  0.057	0.99982							#	   0.19	  72.02	
     76	   0.51	  -1.83	  0.053	0.99995							#	   0.20	  71.31	
     77	  -0.37	  -0.63	  0.053	0.99996							#	   0.10	  72.02	
     78	  -0.33	   0.44	  0.048	0.99996							#	   0.12	  73.94	
     79	  -0.44	   0.90	  0.014	0.99989							#	   0.10	  74.75	
     80	  -0.69	   1.18	  0.015	0.99991							#	   0.13	  73.38	
     81	  -1.02	   0.67	  0.014	0.99986							#	   0.11	  71.67	
     82	  -0.06	  -0.52	  0.010	0.99995							#	   0.07	  74.80	
     83	  -1.22	  -0.25	  0.010	0.99989							#	   0.10	  73.28	
     84	  -0.34	  -0.52	  0.009	0.99994							#	   0.08	  67.63	
     85	   0.29	  -0.75	  0.010	0.99987							#	   0.08	  74.75	
     86	  -0.28	   0.81	  0.017	0.99989							#	   0.10	  74.60	
     87	  -0.32	   0.22	  0.012	0.99991							#	   0.07	  77.12	
     88	  -0.67	  -0.01	  0.009	0.99974							#	   0.07	  70.96	
     89	  -0.06	   1.00	  0.013	0.99997							#	   0.10	  73.99	
     90	   0.65	  -0.01	  0.008	0.99976							#	   0.10	  69.34	
     91	  -0.45	   1.50	  0.008	1.00000							#	   0.15	  74.14	
     92	  -0.57	   0.24	  0.008	0.99996							#	   0.07	  72.58	
     93	  -0.22	  -0.29	  0.010	0.99987							#	   0.05	  77.73	
     94	  -0.03	   0.10	  0.010	0.99983							#	   0.05	  78.08	
     95	  -0.51	   0.09	  0.007	0.99988							#	   0.06	  75.25	
     96	   0.39	  -0.36	  0.008	0.99988							#	   0.06	  81.21	
     97	  -0.55	  -0.23	  0.015	0.99981							#	   0.05	  78.28	
     98	   0.01	   0.09	  0.010	0.99985							#	   0.05	  69.19	
     99	   0.94	   0.21	  0.015	0.99994							#	   0.08	  73.89	
    100	   0.90	   0.58	  0.014	0.99990							#	   0.10	  75.66	
    101	  -0.69	  -1.01	  0.011	0.99985							#	   0.08	  72.88	
    102	   0.43	   0.18	  0.011	0.99996							#	   0.08	  77.22	
    103	  -0.27	   0.28	  0.017	0.99988							#	   0.07	  77.68	
    104	   0.86	  -0.48	  0.018	0.99990							#	   0.11	  78.03	
    105	  -0.92	  -0.21	  0.011	0.99989							#	   0.08	  72.63	
    106	   0.24	   0.41	  0.010	1.00000							#	   0.09	  74.55	
    107	   1.00	  -0.39	  0.013	0.99994							#	   0.13	  79.04	
    108	  -0.74	   0.56	  0.011	0.99996							#	   0.09	  75.35	
    109	   0.01	  -0.13	  0.018	0.99988							#	   0.07	  76.97	
    110	  -0.12	   0.32	  0.014	0.99995							#	   0.07	  77.12	
    111	  -0.14	  -0.06	  0.011	1.00001							#	   0.07	  77.83	
    112	  -0.09	   1.34	  0.019	0.99996							#	   0.14	  75.10	
    113	   0.57	   1.58	  0.013	1.00014							#	   0.17	  77.12	
    114	  -0.31	   0.58	  0.015	1.00000							#	   0.08	  75.81	
    115	  -0.38	   0.17	  0.018	0.99999							#	   0.06	  78.03	
    116	  -0.04	  -0.09	  0.017	1.00000							#	   0.06	  79.04	
    117	  -0.25	   0.04	  0.014	1.00007							#	   0.05	  76.72	
    118	   0.20	   0.07	  0.015	1.00009							#	   0.05	  77.42	
    119	  -0.14	   0.15	  0.015	1.00006							#	   0.05	  75.56	
    120	   0.24	   0.46	  0.015	1.00004							#	   0.09	  67.12	
    121	  -0.24	   0.19	  0.014	1.00006							#	   0.06	  75.96	
    122	   0.65	   0.92	  0.018	1.00015							#	   0.10	  74.90	
    123	  -0.11	   0.81	  0.019	1.00014							#	   0.10	  71.26	
    124	   0.06	  -0.05	  0.018	1.00010							#	   0.06	  74.65	
    125	  -0.22	   1.06	  0.019	1.00013							#	   0.10	  71.52	
    126	  -0.27	  -0.30	  0.022	1.00009							#	   0.06	  77.32	
    127	   0.76	   0.69	  0.021	1.00018							#	   0.11	  77.88	
    128	   0.41	  -0.12	  0.020	1.00000							#	   0.10	  79.09	
    129	   0.22	   0.56	  0.021	1.00013							#	   0.12	  76.26	
    130	   0.44	   0.67	  0.022	1.00014							#	   0.13	  77.27	
    131	  -0.05	   0.42	  0.021	1.00017							#	   0.10	  74.34	
    132	  -0.57	   0.50	  0.022	1.00020							#	   0.13	  73.74	
    133	  -0.20	   0.34	  0.021	1.00011							#	   0.15	  76.01	
    134	  -0.06	   0.80	  0.028	1.00015							#	   0.17	  74.95	
    135	  -0.12	   0.40	  0.028	1.00006							#	   0.15	  74.34	
    136	   0.05	  -0.80	  0.024	1.00016							#	   0.18	  76.72	
    137	  -0.46	   0.84	  0.028	1.00019							#	   0.19	  75.66	
    138	  -0.48	   0.79	  0.025	1.00013							#	   0.17	  74.65	
    139	  -0.59	   0.88	  0.027	1.00006							#	   0.17	  74.95	
    140	  -0.41	   0.73	  0.022	1.00012							#	   0.15	  74.49	
    141	  -0.44	   0.54	  0.020	1.00013							#	   0.16	  70.10	
    142	   0.04	  -0.34	  0.018	1.00012							#	   0.15	  79.85	
    143	   0.12	   0.23	  0.022	1.00007							#	   0.12	  77.22	
    144	  -0.24	  -0.95	  0.019	1.00015							#	   0.12	  75.00	
    145	  -0.11	  -0.18	  0.018	1.00008							#	   0.08	  78.99	
    146	  -0.39	   0.37	  0.014	1.00009							#	   0.10	  76.01	
    147	   0.20	  -0.38	  0.019	0.99993							#	   0.12	  80.66	
    148	   0.05	   0.65	  0.018	1.00002							#	   0.11	  75.51	
    149	  -0.01	   0.34	  0.017	1.00006							#	   0.10	  78.13	
    150	  -0.28	   0.60	  0.023	1.00003							#	   0.12	  69.95	
    151	  -0.14	   0.36	  0.017	1.00008							#	   0.07	  77.32	
    152	   0.09	  -0.12	  0.020	1.00003							#	   0.10	  78.99	
    153	  -0.05	   0.67	  0.018	0.99998							#	   0.07	  75.91	
    154	   0.28	  -0.61	  0.014	0.99995							#	   0.06	  77.37	
    155	   0.30	   0.17	  0.014	1.00006							#	   0.06	  78.38	
    156	  -0.28	  -0.33	  0.014	0.99993							#	   0.06	  84.19	
    157	   0.16	   0.36	  0.011	1.00007							#	   0.08	  79.34	
    158	  -0.27	  -0.63	  0.015	0.99999							#	   0.07	  77.63	
    159	  -0.21	  -0.49	  0.011	1.00001							#	   0.06	  80.86	
    160	   0.21	  -0.71	  0.012	1.00006							#	   0.06	  75.51	
    161	   0.42	  -0.65	  0.019	0.99996							#	   0.07	  74.65	
    162	   0.98	  -0.15	  0.010	0.99996							#	   0.08	  81.01	
    163	   0.28	  -0.45	  0.006	1.00004							#	   0.06	  79.09	
    164	  -0.39	   1.13	  0.006	1.00001							#	   0.10	  77.68	
    165	   0.51	   0.26	  0.010	0.99988							#	   0.07	  79.14	
    166	  -0.01	  -0.04	  0.012	1.00000							#	   0.05	  82.68	
    167	   0.46	  -0.51	  0.012	1.00001							#	   0.07	  80.05	
    168	  -0.03	   0.10	  0.004	0.99998							#	   0.06	  85.00	
    169	   0.10	  -0.01	  0.008	0.99997							#	   0.06	  83.79	
    170	   0.04	  -0.07	 -0.000	0.99999							#	   0.05	  86.52	
    171	  -0.19	  -0.90	 -0.004	0.99997							#	   0.08	  77.37	
    172	  -0.07	   0.53	 -0.001	1.00005							#	   0.06	  76.06	
    173	   0.49	  -0.45	 -0.004	0.99996							#	   0.10	  76.72	
    174	   0.02	  -0.37	 -0.002	1.00004							#	   0.05	  77.27	
    175	   0.05	  -0.12	 -0.004	0.99999							#	   0.04	  82.32	
    176	   0.14	   0.27	 -0.003	0.99994							#	   0.05	  79.34	
    177	  -0.11	   0.14	  0.001	0.99989							#	   0.04	  80.66	
    178	   0.59	  -0.07	 -0.006	1.00003							#	   0.06	  81.46	
    179	  -0.24	   0.49	 -0.002	1.00005							#	   0.06	  77.02	
    180	   0.30	   0.05	  0.002	0.99996							#	   0.07	  74.09	
    181	  -0.02	  -0.43	 -0.003	1.00003							#	   0.06	  77.02	
    182	   0.06	  -0.01	 -0.002	1.00000							#	   0.04	  84.29	
    183	   0.47	   0.32	  0.001	1.00000							#	   0.05	  78.28	
    184	  -0.29	   0.39	  0.002	0.99997							#	   0.05	  76.21	
    185	   0.36	  -0.42	  0.000	0.99999							#	   0.05	  77.12	
    186	  -0.28	   0.04	  0.001	0.99991							#	   0.04	  84.60	
    187	   0.31	   0.02	 -0.001	0.99999							#	   0.04	  84.34	
    188	   0.34	  -0.06	 -0.001	0.99998							#	   0.04	  85.66	
    189	  -0.21	  -0.60	 -0.006	0.99995							#	   0.05	  78.59	
    190	   0.57	   0.90	 -0.003	1.00004							#	   0.07	  80.00	
    191	   0.23	   0.15	 -0.000	0.99993							#	   0.04	  84.34	
    192	   0.10	   0.65	  0.001	0.99997							#	   0.05	  78.28	
    193	   0.16	  -0.35	  0.000	0.99998							#	   0.04	  78.18	
    194	   0.59	   0.56	 -0.007	1.00005							#	   0.06	  76.57	
    195	   0.24	  -0.23	 -0.005	1.00007							#	   0.05	  79.90	
    196	   0.34	  -0.06	 -0.001	1.00000							#	   0.05	  84.70	
    197	   0.25	  -0.52	  0.001	0.99991							#	   0.06	  73.43	
    198	   0.06	   0.06	  0.001	0.99988							#	   0.05	  80.45	
    199	   0.95	   0.53	 -0.002	1.00011							#	   0.21	  68.54	
    200	  -0.42	  -0.03	 -0.001	1.00015							#	   0.08	  73.59	
    201	   0.43	  -0.76	 -0.008	0.99996							#	   0.12	  77.22	
    202	   0.37	   0.02	 -0.000	0.99989							#	   0.07	  81.97	
    203	   1.05	  -0.71	 -0.002	1.00002							#	   0.28	  71.11	
    204	   0.67	  -0.07	 -0.006	1.00005							#	   0.10	  79.75	
    205	   0.39	  -0.51	  0.001	0.99991							#	   0.10	  72.73	
    206	   0.35	  -0.09	  0.000	0.99996							#	   0.10	  78.69	
    207	   0.77	   0.31	 -0.003	0.99993							#	   0.13	  73.59	
    208	   0.94	   0.60	  0.004	1.00003							#	   0.14	  71.82	
    209	   0.66	  -0.49	 -0.002	0.99996							#	   0.11	  71.21	
    210	   0.65	   0.20	  0.001	0.99994							#	   0.13	  68.64	
    211	   1.10	  -0.19	 -0.001	1.00005							#	   0.13	  77.27	
    212	   0.47	  -0.66	 -0.004	0.99989							#	   0.11	  74.34	
    213	   0.55	  -1.02	  0.000	0.99993							#	   0.13	  73.08	
    214	   1.05	  -0.24	 -0.002	1.00003							#	   0.14	  72.27	
    215	   0.64	   0.27	 -0.001	0.99987							#	   0.13	  73.64	
    216	   1.35	   0.44	  0.003	1.00006							#	   0.18	  69.24	
    217	  -0.21	   0.37	  0.002	0.99992							#	   0.09	  73.43	
    218	   0.70	  -0.66	  0.004	0.99995							#	   0.14	  71.82	
    219	   0.57	  -1.57	 -0.001	1.00007							#	   0.18	  68.28	
    220	   0.93	  -0.24	 -0.003	1.00002							#	   0.13	  76.11	
    221	   0.77	  -0.99	 -0.003	0.99991							#	   0.14	  70.20	
    222	   1.19	  -0.36	 -0.001	1.00011							#	   0.15	  74.24	
    223	   0.72	   0.08	 -0.004	1.00006							#	   0.13	  78.48	
    224	   0.59	   0.17	 -0.005	1.00003							#	   0.14	  78.59	
    225	   1.05	   0.34	  0.000	0.99990							#	   0.21	  73.28	
    226	   0.61	  -0.57	 -0.000	0.99991							#	   0.15	  71.97	
    227	   0.99	  -0.40	  0.003	1.00001							#	   0.16	  73.38	
    228	   1.31	  -0.03	  0.000	1.00002							#	   0.17	  77.07	
    229	   0.86	  -0.52	 -0.004	1.00008							#	   0.15	  70.30	
    230	   0.61	  -0.00	 -0.002	0.99999							#	   0.11	  78.23	
    231	   1.38	  -0.75	 -0.001	0.99999							#	   0.18	  73.89	
    232	   0.86	  -0.42	  0.001	1.00003							#	   0.13	  73.23	
    233	   0.79	  -0.79	  0.002	0.99991							#	   0.14	  73.33	
    234	   0.86	  -1.02	 -0.000	0.99993							#	   0.17	  66.92	
    235	   0.93	  -0.40	 -0.000	1.00002							#	   0.14	  70.51	
    236	   1.23	  -0.10	  0.001	1.00010							#	   0.18	  75.40	
    237	   0.35	  -0.98	 -0.000	1.00001							#	   0.16	  70.40	
    238	   1.10	  -0.68	 -0.003	1.00005							#	   0.22	  72.37	
    239	   0.53	  -0.68	 -0.005	1.00004							#	   0.17	  73.38	
    240	   0.51	  -0.00	  0.005	0.99998							#	   0.18	  65.76	
    241	   0.40	   0.28	 -0.005	0.99988							#	   0.17	  72.27	
    242	   1.08	  -0.26	  0.000	1.00015							#	   0.24	  70.71	
    243	   1.15	   0.13	 -0.005	1.00013							#	   0.24	  74.80	
    244	   0.56	  -0.24	  0.005	1.00014							#	   0.18	  73.94	
    245	   0.59	  -0.42	 -0.003	1.00010							#	   0.18	  69.70	
    246	   0.32	  -0.27	 -0.002	1.00009							#	   0.14	  72.88	
    247	   0.82	  -0.67	 -0.004	1.00003							#	   0.21	  72.07	
    248	   0.24	  -0.41	 -0.001	1.00012							#	   0.12	  70.35	
    249	   0.15	  -0.46	 -0.001	1.00019							#	   0.13	  70.51	
    250	   0.17	   0.30	  0.001	1.00005							#	   0.12	  74.19	
    251	  -0.10	   0.28	 -0.003	1.00014							#	   0.09	  77.58	
    252	   0.56	  -0.23	  0.003	1.00011							#	   0.12	  74.95	
    253	   0.92	  -0.89	  0.003	1.00006							#	   0.19	  75.00	
    254	   0.21	   0.26	  0.004	1.00009							#	   0.10	  76.16	
    255	   0.89	  -0.52	  0.000	1.00001							#	   0.15	  69.55	
    256	   0.39	  -0.11	 -0.001	1.00001							#	   0.10	  76.92	
    257	   0.50	   0.26	  0.002	1.00005							#	   0.10	  76.01	
    258	  -0.08	  -0.29	  0.001	1.00012							#	   0.07	  72.93	
    259	   0.70	   0.18	 -0.003	1.00006							#	   0.11	  78.94	
    260	   0.43	  -0.11	  0.004	1.00002							#	   0.08	  79.29	
    261	   0.72	   0.08	  0.001	0.99998							#	   0.09	  77.32	
    262	   0.63	  -0.27	 -0.000	1.00005							#	   0.08	  73.89	
    263	   1.02	  -0.51	  0.002	1.00010							#	   0.11	  72.68	
    264	   0.84	  -0.17	  0.003	1.00009							#	   0.08	  79.29	
    265	   0.56	  -0.26	  0.005	1.00001							#	   0.06	  75.96	
    266	   0.41	   0.05	  0.002	0.99997							#	   0.06	  79.95	
    267	   0.66	   0.13	 -0.000	0.99998							#	   0.06	  77.83	
    268	   1.17	   0.05	 -0.002	1.00002							#	   0.08	  78.43	
    269	   0.92	  -1.01	 -0.001	0.99997							#	   0.11	  74.60	
    270	   0.71	  -0.44	 -0.004	1.00004							#	   0.11	  62.78	
    271	   0.69	  -0.13	  0.000	0.99998							#	   0.08	  77.68	
    272	   1.13	  -0.97	 -0.001	0.99999							#	   0.14	  74.19	
    273	   1.44	  -0.23	 -0.001	1.00006							#	   0.12	  72.07	
    274	   0.59	   0.21	 -0.004	0.99995							#	   0.09	  75.00	
    275	   0.99	  -0.31	  0.006	0.99997							#	   0.10	  75.25	
    276	   1.17	  -0.15	 -0.004	1.00004							#	   0.10	  74.39	
    277	   0.32	   0.34	 -0.002	0.99982							#	   0.09	  71.67	
    278	   1.93	  -0.27	 -0.000	0.99998							#	   0.18	  70.25	
    279	   1.53	   0.76	 -0.004	1.00005							#	   0.12	  69.24	
    280	   0.86	  -0.94	 -0.002	1.00000							#	   0.12	  73.64	
    281	   1.32	  -0.23	  0.002	0.99997							#	   0.10	  75.20	
    282	   0.89	  -1.64	 -0.005	0.99980							#	   0.17	  69.80	
    283	   0.78	   0.13	 -0.003	0.99979							#	   0.08	  74.95	
    284	   1.99	  -0.34	 -0.006	0.99991							#	   0.15	  68.54	
    285	   0.77	  -0.01	 -0.006	0.99995							#	   0.09	  77.63	
    286	   1.76	  -0.30	  0.001	1.00000							#	   0.14	  71.72	
    287	   1.74	   0.06	 -0.003	0.99995							#	   0.12	  77.93	
    288	   0.59	  -0.05	 -0.005	0.99989							#	   0.06	  78.99	
    289	   2.20	  -1.24	 -0.000	0.99997							#	   0.23	  72.83	
    290	   2.12	  -1.01	 -0.003	0.99993							#	   0.20	  71.57	
    291	   1.92	   0.38	 -0.007	0.99981							#	   0.15	  68.84	
    292	   1.96	  -0.16	 -0.001	0.99987							#	   0.14	  74.75	
    293	   2.63	  -0.22	 -0.002	0.99978							#	   0.26	  75.05	
    294	   2.56	  -0.36	 -0.005	1.00004							#	   0.23	  71.62	
    295	   2.39	   0.04	 -0.001	0.99989							#	   0.24	  77.47	
    296	   2.08	  -1.08	 -0.012	0.99979							#	   0.20	  66.87	
    297	   2.70	  -0.75	 -0.009	0.99988							#	   0.26	  69.04	
    298	   1.47	  -1.06	 -0.003	0.99983							#	   0.14	  69.90	
    299	   2.46	  -0.58	 -0.012	0.99985							#	   0.23	  65.81	
    300	   2.44	   0.05	 -0.010	0.99982							#	   0.29	  66.21	
    301	   2.74	   0.13	 -0.002	0.99986							#	   0.30	  75.76	
    302	   2.03	  -0.03	 -0.011	0.99986							#	   0.18	  74.70	
    303	   2.25	  -0.64	 -0.003	0.99965							#	   0.25	  62.27	
    304	   2.17	   0.12	 -0.005	0.99979							#	   0.23	  70.20	
    305	   3.81	  -0.44	 -0.006	0.99992							#	   0.51	  71.01	
    306	   2.38	   0.47	 -0.004	0.99982							#	   0.25	  64.95	
    307	   2.89	  -0.76	 -0.001	0.99979							#	   0.36	  67.93	
    308	   2.87	  -0.01	 -0.006	0.99988							#	   0.31	  74.60	
    309	   2.55	   0.16	 -0.004	0.99978							#	   0.30	  71.97	
    310	   3.89	   0.30	 -0.004	0.99990							#	   0.46	  65.35	
    311	   2.88	  -0.23	  0.007	0.99977							#	   0.30	  75.45	
    312	   2.62	  -0.19	 -0.000	0.99971							#	   0.26	  67.27	
    313	   4.53	  -0.51	 -0.003	0.99987							#	   0.59	  64.14	
    314	   3.32	  -0.17	 -0.002	0.99991							#	   0.35	  69.19	
    315	   4.71	   0.64	  0.003	0.99991							#	   0.68	  69.90	
    316	   3.87	   0.12	 -0.003	0.99965							#	   0.54	  66.82	
    317	   4.70	   0.63	  0.003	0.99985							#	   0.76	  68.54	
    318	   4.34	  -0.05	 -0.001	0.99977							#	   0.67	  69.80	
    319	   5.05	  -0.27	  0.003	0.99976							#	   0.91	  69.19	
    320	   4.64	   0.70	  0.000	0.99993							#	   0.62	  71.21	
    321	   4.78	  -0.11	  0.006	0.99994							#	   0.74	  76.87	
    322	   4.64	  -1.06	  0.001	0.99986							#	   0.74	  70.20	
    323	   4.84	  -0.66	  0.001	0.99999							#	   0.69	  63.33	
    324	   4.71	  -0.28	  0.000	0.99999							#	   0.61	  67.93	
    325	   5.15	  -0.59	 -0.000	1.00013							#	   0.79	  66.82	
    326	   4.50	   0.21	  0.001	0.99979							#	   0.60	  66.67	
    327	   4.18	  -0.76	 -0.002	0.99958							#	   0.61	  61.31	
    328	   5.45	   1.08	 -0.002	0.99989							#	   0.88	  69.75	
    329	   4.57	  -1.11	  0.005	0.99975							#	   0.69	  65.20	
    330	   5.85	  -0.62	  0.002	1.00001							#	   1.06	  61.97	
    331	   4.49	   0.48	 -0.001	0.99990							#	   0.53	  66.26	
    332	   5.31	  -1.14	  0.002	0.99975							#	   0.91	  63.99	
    333	   4.72	  -0.05	 -0.000	0.99957							#	   0.62	  59.75	
    334	   5.39	   0.04	  0.002	0.99982							#	   0.84	  61.52	
    335	   4.73	   0.11	  0.001	0.99978							#	   0.58	  67.88	
    336	   6.19	  -0.32	  0.000	1.00010							#	   0.92	  72.07	
    337	   5.42	   0.76	  0.002	1.00004							#	   0.67	  67.93	
    338	   4.94	  -0.24	  0.003	0.99976							#	   0.63	  65.76	
    339	   5.14	  -0.04	  0.003	0.99980							#	   0.69	  67.78	
    340	   5.23	  -0.19	  0.000	0.99999							#	   0.69	  70.30	
    341	   5.25	   0.21	  0.001	0.99979							#	   0.78	  66.46	
    342	   5.08	   1.03	 -0.001	0.99986							#	   0.81	  65.05	
    343	   4.80	  -0.07	 -0.001	0.99979							#	   0.77	  66.87	
    344	   5.67	  -0.07	  0.003	0.99998							#	   0.98	  70.25	
    345	   5.01	  -0.18	 -0.004	1.00001							#	   0.61	  71.92	
    346	   4.97	  -1.06	 -0.002	1.00001							#	   0.71	  72.88	
    347	   4.61	  -0.99	  0.000	1.00000							#	   0.66	  71.41	
    348	   4.45	  -0.40	  0.009	0.99992							#	   0.56	  73.38	
    349	   3.93	  -0.76	 -0.000	0.99970							#	   0.55	  58.94	
    350	   4.18	  -0.01	 -0.003	0.99999							#	   0.53	  74.65	
    351	   3.52	   0.13	 -0.003	1.00001							#	   0.38	  77.07	
    352	   3.44	  -0.68	 -0.007	1.00008							#	   0.40	  71.57	
    353	   2.84	  -0.23	 -0.003	1.00001							#	   0.26	  74.80	
    354	   3.13	  -0.72	 -0.006	0.99989							#	   0.36	  71.87	
    355	   3.20	   0.10	 -0.001	1.00006							#	   0.32	  77.12	
    356	   2.64	  -0.68	 -0.005	1.00000							#	   0.26	  73.18	
    357	   2.54	   0.43	 -0.004	1.00010							#	   0.24	  72.93	
    358	   2.27	  -0.91	 -0.002	0.99996							#	   0.26	  71.41	
    359	   2.10	  -0.26	  0.000	1.00010							#	   0.19	  75.86	
    360	   1.94	   0.00	 -0.000	1.00005							#	   0.19	  73.38	
    361	   1.92	  -0.62	  0.002	1.00005							#	   0.19	  72.17	
    362	   2.44	  -0.01	 -0.001	0.99999							#	   0.23	  79.34	
    363	   2.77	  -0.64	 -0.006	0.99989							#	   0.32	  70.71	
    364	   2.52	  -0.44	 -0.001	0.99995							#	   0.27	  69.55	
    365	   1.72	  -0.40	 -0.002	0.99997							#	   0.17	  70.81	
    366	   1.88	  -0.80	 -0.002	0.99996							#	   0.25	  72.73	
    367	   2.01	  -0.14	 -0.006	1.00002							#	   0.21	  75.35	
    368	   2.10	  -1.14	 -0.001	0.99986							#	   0.27	  68.03	
    369	   2.45	  -0.19	 -0.007	0.99988							#	   0.27	  71.52	
    370	   1.83	  -0.83	  0.002	0.99990							#	   0.23	  71.16	
    371	   1.13	  -0.78	 -0.002	0.99995							#	   0.16	  72.83	
    372	   2.00	  -1.01	 -0.006	0.99995							#	   0.27	  66.41	
    373	   1.86	  -1.00	  0.001	0.99991							#	   0.26	  70.10	
    374	   2.28	  -1.43	  0.001	0.99989							#	   0.34	  68.79	
    375	   1.82	  -0.52	 -0.001	0.99997							#	   0.22	  68.48	
    376	   1.35	  -0.53	 -0.008	0.99994							#	   0.20	  69.75	
    377	   1.38	   0.15	 -0.002	0.99998							#	   0.20	  74.24	
    378	   2.81	  -1.02	 -0.004	0.99994							#	   0.42	  72.32	
    379	   1.98	   0.32	 -0.001	0.99984							#	   0.28	  70.00	
    380	   1.47	  -1.17	 -0.004	1.00004							#	   0.26	  71.36	
    381	   2.60	  -1.68	 -0.007	0.99988							#	   0.44	  69.29	
    382	   2.23	  -1.00	  0.000	0.99980							#	   0.30	  64.34	
    383	   1.78	  -0.30	 -0.007	0.99995							#	   0.20	  68.89	
    384	   2.24	  -0.36	 -0.006	1.00004							#	   0.25	  69.90	
    385	   1.72	  -0.59	 -0.002	0.99998							#	   0.21	  68.94	
    386	   2.03	  -0.75	 -0.005	0.99996							#	   0.24	  70.05	
    387	   2.04	  -0.22	 -0.004	1.00001							#	   0.27	  72.22	
    388	   2.21	  -0.07	  0.003	0.99987							#	   0.34	  74.49	
    389	   2.09	  -1.59	 -0.004	0.99978							#	   0.43	  61.21	
    390	   2.21	  -0.67	  0.000	1.00002							#	   0.31	  61.72	
    391	   1.98	  -0.81	 -0.007	1.00006							#	   0.28	  71.36	
    392	   1.98	  -0.17	 -0.001	1.00014							#	   0.22	  74.70	
    393	   1.94	  -0.12	 -0.002	0.99997							#	   0.22	  75.20	
    394	   1.95	  -0.18	 -0.002	1.00008							#	   0.25	  73.48	
    395	   1.59	  -0.40	  0.004	1.00008							#	   0.24	  72.93	
    396	   1.90	  -1.25	 -0.006	1.00009							#	   0.40	  69.95	
    397	   1.35	  -0.40	  0.000	1.00018							#	   0.39	  72.53	
    398	   0.94	  -0.87	 -0.009	1.00011							#	   0.30	  74.14	
    399	   1.62	  -0.84	 -0.001	1.00007							#	   0.28	  71.52	
    400	   1.29	  -0.65	 -0.006	1.00009							#	   0.23	  72.07	
    401	   1.33	  -0.75	 -0.007	1.00015							#	   0.24	  70.40	
    402	   1.28	  -0.06	 -0.005	1.00020							#	   0.25	  73.59	
    403	   1.68	  -1.15	 -0.004	1.00007							#	   0.40	  69.04	
    404	   1.65	  -0.59	 -0.005	1.00002							#	   0.41	  69.60	
    405	   1.17	  -0.46	 -0.004	1.00014							#	   0.32	  67.02	
    406	   0.98	   0.24	 -0.006	1.00016							#	   0.27	  74.75	
    407	   1.15	  -1.16	 -0.004	1.00009							#	   0.36	  67.88	
    408	   1.61	  -0.62	 -0.010	1.00008							#	   0.37	  68.94	
    409	   1.83	   0.08	 -0.005	1.00005							#	   0.42	  71.57	
    410	   1.39	  -0.19	 -0.001	1.00015							#	   0.56	  70.10	
    411	   0.80	  -0.31	 -0.008	1.00012							#	   0.37	  67.47	
    412	   1.12	  -0.04	 -0.006	1.00014							#	   0.31	  72.07	
    413	   1.68	  -0.01	  0.000	1.00008							#	   0.38	  73.69	
    414	   1.47	  -0.13	 -0.001	1.00004							#	   0.50	  71.01	
    415	   1.25	  -0.82	  0.002	0.99999							#	   0.75	  69.80	
    416	   0.89	  -0.09	 -0.001	1.00006							#	   0.49	  72.83	
    417	   0.91	  -1.61	 -0.007	1.00008							#	   0.64	  69.70	
    418	   1.20	  -0.46	 -0.001	1.00017							#	   0.58	  66.41	
    419	   1.70	  -0.31	 -0.005	1.00008							#	   0.77	  70.66	
    420	   1.36	   0.73	 -0.002	1.00003							#	   0.86	  59.95	
    421	   1.33	  -0.33	 -0.007	1.00005							#	   0.48	  67.88	
    422	   0.95	   0.02	 -0.005	1.00002							#	   0.56	  71.06	
    423	   0.61	  -0.13	 -0.008	1.00010							#	   0.95	  68.33	
    424	   1.11	  -1.41	 -0.010	1.00008							#	   0.69	  62.63	
    425	   1.73	  -0.06	 -0.006	1.00006							#	   0.74	  69.65	
    426	   1.09	   0.14	 -0.002	0.99990							#	   0.88	  68.13	
    427	   1.19	   0.07	 -0.005	1.00006							#	   0.67	  67.93	
    428	   0.89	  -0.35	 -0.007	1.00016							#	   0.78	  62.27	
    429	   1.51	  -1.49	 -0.007	0.99993							#	   1.15	  60.20	
    430	   1.17	  -0.53	 -0.006	0.99989							#	   0.87	  58.94	
    431	   1.41	  -0.74	 -0.003	0.99988							#	   0.88	  62.47	
    432	   1.54	  -0.08	 -0.001	0.99996							#	   1.05	  66.57	
    433	   0.92	  -0.93	  0.001	0.99998							#	   1.04	  61.67	
    434	   1.02	  -0.08	 -0.006	1.00009							#	   0.75	  65.30	
    435	   1.09	  -0.94	 -0.011	1.00000							#	   1.04	  60.40	
    436	   1.27	  -1.19	 -0.002	0.99998							#	   1.06	  60.40	
    437	   0.90	   0.26	 -0.005	0.99995							#	   0.92	  60.25	
    438	   0.71	  -0.14	 -0.004	1.00008							#	   0.98	  61.06	
    439	   0.71	  -0.34	 -0.004	1.00005							#	   1.21	  56.92	
    440	   1.07	  -1.14	 -0.007	1.00007							#	   1.08	  57.68	
    441	   1.61	  -0.49	  0.002	1.00000							#	   1.12	  55.91	
    442	   1.06	  -0.84	 -0.000	0.99992							#	   1.42	  57.02	
    443	   1.13	  -1.01	 -0.004	0.99997							#	   1.14	  56.77	
    444	   1.47	  -0.74	 -0.002	0.99997							#	   1.37	  54.14	
    445	   1.15	   0.04	 -0.005	0.99999							#	   1.12	  60.45	
    446	   1.44	  -1.26	 -0.005	0.99991							#	   1.20	  55.10	
    447	   1.01	   0.11	 -0.010	1.00001							#	   1.30	  59.65	
    448	   0.65	  -0.69	 -0.009	0.99997							#	   1.68	  54.95	
    449	   1.05	  -0.78	 -0.005	0.99993							#	   1.24	  54.85	
    450	   1.05	  -0.39	 -0.011	1.00007							#	   1.71	  48.64	
    451	   1.57	  -1.24	 -0.010	0.99994							#	   1.62	  52.83	
    452	   1.30	  -0.53	 -0.008	0.99994							#	   1.56	  50.05	
    453	   1.62	  -2.06	 -0.008	0.99991							#	   1.98	  51.77	
    454	   1.51	   1.04	 -0.007	0.99998							#	   1.47	  53.38	
    455	   1.13	  -0.56	 -0.008	0.99988							#	   2.19	  52.47	
    456	   1.28	   0.81	  0.004	0.99993							#	   1.66	  51.52	
    457	   1.09	  -0.23	 -0.000	0.99990							#	   2.32	  53.38	
    458	   2.32	  -0.22	 -0.003	1.00003							#	   1.66	  53.43	
    459	   1.88	  -0.88	 -0.001	0.99992							#	   2.28	  51.01	
    460	   1.16	   0.13	 -0.001	0.99996							#	   2.04	  53.28	
    461	   1.22	  -0.70	  0.001	0.99993							#	   2.20	  48.74	
    462	   1.24	  -1.12	 -0.001	0.99991							#	   2.86	  48.08	
    463	   1.40	  -1.73	  0.004	0.99984							#	   2.03	  43.79	
    464	   1.83	  -1.52	  0.001	0.99992							#	   2.66	  43.18	
    465	   1.05	  -0.90	  0.000	0.99990							#	   2.86	  44.14	
    466	   1.79	  -1.70	  0.000	0.99976							#	   2.30	  41.67	
    467	   0.96	  -1.03	 -0.002	0.99987							#	   3.19	  43.48	
    468	   1.43	  -1.45	  0.003	0.99985							#	   2.88	  38.79	
    469	   1.58	  -0.89	 -0.002	0.99990							#	   2.87	  41.06	
    470	   1.27	  -0.41	  0.004	0.99984							#	   3.29	  41.46	
    471	   1.90	  -0.25	  0.003	0.99989							#	   3.24	  40.45	
    472	   1.35	  -1.86	  0.000	0.99974							#	   3.59	  35.40	
    473	   1.36	  -0.98	 -0.005	0.99981							#	   3.23	  37.68	
    474	   1.50	  -0.86	 -0.001	0.99989							#	   4.20	  35.45	
    475	   1.40	  -1.79	 -0.001	0.99987							#	   3.77	  35.76	
    476	   1.77	  -0.73	 -0.005	1.00005							#	   3.81	  35.45	
    477	   0.96	  -0.84	 -0.003	0.99979							#	   4.28	  37.53	
    478	   1.11	  -0.17	 -0.002	0.99982							#	   4.24	  38.64	
    479	   1.86	  -1.30	 -0.003	1.00008							#	   4.51	  38.13	
    480	   1.48	  -0.25	  0.001	0.99997							#	   3.92	  35.76	
    481	   0.71	  -0.49	  0.008	0.99938							#	   4.44	  38.33	
    482	   1.73	  -0.78	 -0.000	0.99968							#	   3.89	  37.22	
    483	   1.45	  -1.25	 -0.004	0.99997							#	   4.33	  37.88	
    484	   1.65	  -1.69	 -0.002	1.00026							#	   4.79	  37.27	
    485	   1.44	  -0.89	 -0.008	1.00005							#	   4.49	  36.87	
    486	   1.11	  -0.82	 -0.004	0.99978							#	   4.30	  35.61	
    487	   1.25	  -0.88	 -0.002	0.99963							#	   4.38	  34.60	
    488	   1.29	  -0.56	  0.007	0.99941							#	   4.50	  36.21	
    489	   1.91	  -0.34	 -0.005	0.99990							#	   5.11	  35.05	
    490	   1.71	  -0.65	  0.004	1.00011							#	   4.85	  34.80	
    491	   1.14	  -2.10	 -0.001	0.99995							#	   5.61	  35.56	
    492	   1.60	  -1.29	 -0.001	0.99985							#	   4.95	  35.15	
    493	   1.03	  -1.26	 -0.012	0.99985							#	   5.57	  34.85	
    494	   1.94	  -1.30	 -0.001	0.99998							#	   5.63	  35.30	
    495	   1.47	  -0.53	  0.003	0.99988							#	   5.73	  35.96	
    496	   1.46	   0.46	  0.004	0.99999							#	   5.39	  36.11	
    497	   1.65	  -0.19	  0.007	0.99975							#	   5.14	  37.22	
    498	   1.15	  -0.81	  0.002	0.99997							#	   3.87	  36.31	
    499	   1.51	  -0.90	 -0.003	1.00007							#	   3.46	  35.71	
    500	   1.72	  -0.54	  0.001	0.99992							#	   2.19	  35.61	
    501	   1.91	  -1.22	 -0.006	0.99979							#	   2.05	  35.40	
    502	   1.69	  -0.76	 -0.002	0.99982							#	   2.18	  36.46	
    503	   1.66	   0.01	  0.008	0.99988							#	   2.61	  37.63	
    504	   1.32	  -0.95	 -0.010	1.00025							#	   3.05	  35.10	
    505	   1.98	  -1.18	 -0.008	1.00011							#	   3.39	  34.44	
    506	   1.91	  -1.20	 -0.005	0.99984							#	   3.69	  33.69	
    507	   1.54	  -0.06	  0.002	0.99994							#	   3.89	  36.36	
    508	   1.70	  -1.03	  0.006	0.99973							#	   3.59	  33.79	
    509	   1.18	  -0.81	  0.002	1.00005							#	   4.10	  34.44	
    510	   1.45	  -0.10	 -0.001	1.00006							#	   4.05	  33.74	
    511	   1.70	  -1.15	 -0.003	1.00012							#	   4.07	  33.99	
    512	   1.96	  -1.36	 -0.007	0.99981							#	   4.23	  32.42	
    513	   1.62	  -1.07	  0.003	0.99972							#	   4.52	  33.28	
    514	   1.40	  -0.93	  0.006	0.99983							#	   4.15	  32.07	
    515	   1.04	  -0.73	  0.001	0.99995							#	   4.83	  31.97	
    516	   1.66	  -0.79	  0.004	0.99981							#	   4.37	  31.57	
    517	   1.50	  -0.41	  0.005	0.99993							#	   3.68	  31.36	
    518	   1.35	  -0.46	  0.003	0.99992							#	   3.63	  31.97	
    519	   1.04	  -0.84	  0.002	1.00001							#	   3.19	  30.61	
    520	   1.78	  -0.46	  0.001	0.99999							#	   2.41	  30.56	
    521	   1.69	  -0.47	  0.006	0.99988							#	   2.10	  30.96	
    522	   0.67	  -0.17	  0.003	1.00011							#	   2.16	  32.37	
    523	   1.23	  -0.10	  0.003	0.99999							#	   2.31	  33.23	
    524	   1.44	  -0.92	 -0.002	0.99988							#	   2.42	  32.58	
    525	   1.41	  -1.13	 -0.007	0.99988							#	   2.35	  31.21	
    526	   0.85	  -1.27	 -0.002	0.99984							#	   3.83	  32.78	
    527	   0.87	  -0.91	 -0.008	1.00007							#	   3.16	  32.53	
    528	   1.71	  -0.94	 -0.009	0.99987							#	   2.93	  32.68	
    529	   2.02	  -0.37	  0.004	0.99971							#	   2.82	  32.02	
    530	   1.49	   0.16	  0.007	0.99984							#	   2.96	  34.90	
    531	   1.02	   0.62	  0.004	1.00006							#	   2.90	  33.74	
    532	   1.68	   0.00	  0.013	1.00004							#	   3.18	  33.64	
    533	   1.51	  -0.50	  0.006	0.99995							#	   2.87	  32.42	
    534	   1.47	  -0.17	  0.007	1.00005							#	   3.41	  33.74	
    535	   1.22	  -0.57	  0.003	0.99998							#	   3.05	  31.87	
    536	   1.45	  -0.82	 -0.001	0.99986							#	   3.89	  31.62	
    537	   1.36	  -0.01	  0.003	0.99994							#	   3.28	  35.35	
    538	   0.97	   0.28	  0.014	0.99992							#	   3.59	  33.23	
    539	   1.49	  -0.60	  0.001	1.00007							#	   3.95	  30.66	
    540	   1.06	   0.11	  0.007	1.00004							#	   3.50	  30.45	
    541	   1.99	  -0.17	  0.006	0.99991							#	   3.27	  32.07	
    542	   1.87	  -0.32	  0.001	0.99958							#	   2.53	  31.92	
    543	   1.26	  -0.28	 -0.003	0.99978							#	   2.34	  31.87	
    544	   1.86	  -0.46	  0.001	1.00006							#	   2.00	  30.40	
    545	   1.85	  -0.18	  0.003	0.99991							#	   2.25	  31.57	
    546	   2.33	  -1.25	  0.001	0.99984							#	   2.58	  29.19	
    547	   2.60	   0.26	  0.008	0.99971							#	   3.24	  27.78	
    548	   1.83	  -1.63	  0.006	0.99929							#	   3.10	  27.98	
    549	   2.35	  -0.13	  0.012	0.99970							#	   3.19	  29.34	
    550	   2.03	  -0.13	  0.007	0.99972							#	   3.14	  30.96	
    551	   1.97	  -1.43	  0.002	0.99945							#	   3.51	  27.47	
    552	   2.28	  -0.13	  0.007	0.99958							#	   3.19	  29.60	
    553	   2.10	  -0.25	 -0.002	0.99955							#	   3.83	  28.94	
    554	   2.48	   0.17	  0.002	0.99993							#	   3.32	  28.99	
    555	   1.95	  -1.48	 -0.006	0.99976							#	   3.58	  26.92	
    556	   1.67	  -0.48	 -0.008	0.99965							#	   3.05	  29.34	
    557	   1.68	   0.17	 -0.004	0.99973							#	   2.75	  26.97	
    558	   2.04	  -0.24	 -0.003	0.99995							#	   2.80	  27.37	
    559	   1.61	   0.01	 -0.004	1.00045							#	   3.23	  29.34	
    560	   1.86	  -1.20	 -0.008	1.00019							#	   3.15	  28.43	
    561	   2.18	  -0.21	 -0.013	0.99993							#	   3.69	  30.20	
    562	   1.89	   0.01	  0.002	0.99964							#	   3.31	  28.99	
    563	   2.01	  -1.28	 -0.004	0.99949							#	   3.79	  27.12	
    564	   2.10	  -1.11	 -0.003	0.99975							#	   3.55	  28.18	
    565	   1.65	  -0.49	 -0.005	0.99979							#	   4.02	  29.90	
    566	   2.30	  -0.68	  0.001	0.99974							#	   3.43	  28.84	
    567	   0.89	  -0.51	 -0.001	0.99939							#	   3.82	  28.18	
    568	   1.75	  -0.87	 -0.005	0.99937							#	   3.31	  27.68	
    569	   1.34	  -0.21	  0.003	0.99986							#	   3.36	  28.74	
    570	   2.37	  -0.59	  0.003	0.99992							#	   3.01	  26.26	
    571	   1.41	   0.02	  0.009	1.00010							#	   2.78	  29.44	
    572	   1.71	   0.22	  0.009	1.00003							#	   2.18	  30.51	
    573	   1.58	  -0.12	  0.006	0.99976							#	   1.87	  30.20	
    574	   1.23	   0.25	  0.012	0.99964							#	   1.55	  29.70	
    575	   0.95	  -0.29	  0.018	0.99931							#	   1.70	  25.30	
    576	   1.91	   0.28	  0.007	0.99975							#	   1.61	  28.43	
    577	   2.31	  -0.91	  0.000	0.99984							#	   1.99	  27.32	
    578	   1.52	  -0.06	  0.002	0.99997							#	   2.28	  27.68	
    579	   1.74	  -0.09	  0.006	0.99999							#	   2.28	  29.70	
    580	   2.00	  -0.82	  0.005	1.00000							#	   1.93	  27.17	
    581	   1.33	   0.50	  0.003	0.99998							#	   2.25	  27.58	
    582	   2.45	  -0.47	  0.012	0.99973							#	   2.03	  26.52	
    583	   2.58	   0.11	  0.008	0.99971							#	   2.46	  27.58	
    584	   2.28	   0.46	  0.014	0.99963							#	   1.82	  26.31	
    585	   2.42	   1.09	  0.018	0.99964							#	   2.31	  24.95	
    586	   2.64	   0.03	  0.012	0.99948							#	   2.03	  26.62	
    587	   2.55	   1.58	  0.022	0.99949							#	   2.15	  26.16	
    588	   2.55	   1.29	  0.026	0.99940							#	   2.09	  26.97	
    589	   2.56	   0.51	  0.015	0.99939							#	   1.83	  26.06	
    590	   2.90	  -0.58	  0.013	0.99938							#	   2.15	  22.88	
    591	   2.84	   0.19	  0.013	0.99946							#	   2.36	  22.47	
    592	   3.47	   0.86	  0.026	0.99934							#	   2.14	  20.20	
    593	   3.71	   0.04	  0.020	0.99935							#	   2.38	  20.56	
    594	   4.72	  -2.01	  0.003	0.99937							#	   2.33	  17.68	
    595	   3.65	  -0.31	  0.008	0.99961							#	   2.42	  16.57	
    596	   6.28	   0.88	  0.016	0.99960							#	   2.12	  17.17	
    597	   8.40	  -0.51	  0.012	0.99926							#	   2.26	  18.08	
    598	  11.12	   0.10	  0.017	0.99933							#	   1.95	  14.95	
    599	  12.30	   0.12	  0.029	0.99874							#	   2.35	  13.69	
    600	  13.99	   1.42	  0.059	0.99802							#	   2.37	   9.24	
    601	  16.73	   0.67	  0.055	0.99795							#	   2.80	   9.55	
    602									skipped		#	   2.44	   7.63	
    603									skipped		#	   2.71	   7.12	
    604									skipped		#	   2.69	   6.92	
    605									skipped		#	   3.18	   6.82	
    606									skipped		#	   2.89	   7.42	
    607									skipped		#	   2.98	   7.47	
    608									skipped		#	   3.28	   5.91	
    609									skipped		#	   3.19	   5.81	
    610									skipped		#	   3.19	   5.76	
    611									skipped		#	   3.43	   4.95	
    612									skipped		#	   3.36	   4.70	
    613									skipped		#	   3.04	   2.42	
    614									skipped		#	   3.37	   2.47	
    615									skipped		#	   2.57	   2.58	
    616									skipped		#	   2.74	   2.42	
    617									skipped		#	   2.45	   1.72	
    618									skipped		#	   2.16	   2.47	
    619									skipped		#	   2.19	   1.77	
    620									skipped		#	   1.89	   2.07	
    621									skipped		#	   1.58	   2.58	
    622									skipped		#	   1.49	   2.37	
    623									skipped		#	   1.55	   2.68	
    624									skipped		#	   1.41	   3.03	
    625									skipped		#	   1.38	   3.59	
    626									skipped		#	   1.43	   3.23	
    627									skipped		#	   1.39	   5.00	
    628									skipped		#	   1.36	   6.52	
    629									skipped		#	   1.39	   6.11	
    630									skipped		#	   1.60	   6.31	
    631									skipped		#	   1.72	   6.72	
    632									skipped		#	   1.78	   6.57	
    633									skipped		#	   1.59	   6.82	
    634									skipped		#	   1.56	   5.10	
    635									skipped		#	   1.70	   5.40	
    636									skipped		#	   1.73	   6.16	
    637									skipped		#	   1.78	   5.61	
    638									skipped		#	   2.08	   4.75	
    639									skipped		#	   1.84	   4.34	
    640									skipped		#	   2.17	   4.09	
    641									skipped		#	   1.89	   3.84	
    642									skipped		#	   1.88	   4.29	
    643									skipped		#	   1.82	   3.89	
    644									skipped		#	   1.99	   3.59	
    645									skipped		#	   2.00	   3.84	
    646									skipped		#	   2.87	   2.73	
    647									skipped		#	   1.87	   3.54	
    648									skipped		#	   1.89	   4.09	
    649									skipped		#	   2.51	   4.70	
    650									skipped		#	   2.16	   3.94	
    651									skipped		#	   2.33	   4.39	
    652									skipped		#	   2.80	   4.95	
    653									skipped		#	   2.52	   4.39	
    654									skipped		#	   2.44	   3.38	
    655									skipped		#	   1.99	   3.74	
    656									skipped		#	   1.93	   3.23	
    657									skipped		#	   1.58	   3.94	
    658									skipped		#	   1.30	   4.70	
    659									skipped		#	   1.40	   4.90	
    660									skipped		#	   1.55	   5.15	
    661									skipped		#	   1.35	   5.40	
    662									skipped		#	   1.46	   4.85	
    663									skipped		#	   2.20	   4.14	
    664									skipped		#	   1.62	   4.04	
    665									skipped		#	   2.14	   3.33	
    666									skipped		#	   1.90	   4.65	
    667									skipped		#	   2.44	   5.40	
    668									skipped		#	   2.25	   5.15	
    669									skipped		#	   1.82	   5.10	
    670									skipped		#	   2.41	   4.80	
    671									skipped		#	   1.84	   6.21	
    672									skipped		#	   1.70	   4.39	
    673									skipped		#	   1.44	   6.11	
    674									skipped		#	   1.16	   6.82	
    675									skipped		#	   0.77	   3.99	
    676									skipped		#	   0.63	   2.47	
    677									skipped		#	   0.66	   3.43	
    678									skipped		#	   0.63	   4.55	
    679									skipped		#	   1.22	   4.24	
    680									skipped		#	   1.18	   3.84	
    681									skipped		#	   1.23	   4.60	
    682									skipped		#	   1.28	   4.95	
    683									skipped		#	   1.89	   4.24	
    684									skipped		#	   1.41	   6.57	
    685									skipped		#	   2.43	   6.62	
    686									skipped		#	   1.70	   4.95	
    687									skipped		#	   1.59	   5.81	
    688									skipped		#	   1.92	   4.09	
    689									skipped		#	   2.34	   4.80	
    690									skipped		#	   2.04	   3.38	
    691									skipped		#	   2.38	   4.39	
    692									skipped		#	   2.41	   4.75	
    693									skipped		#	   2.06	   4.44	
    694									skipped		#	   2.17	   4.29	
    695									skipped		#	   3.19	   2.07	
    696									skipped		#	   2.17	   1.77	
    697									skipped		#	   2.05	   2.68	
    698									skipped		#	   1.82	   3.54	
    699									skipped		#	   2.17	   4.85	
    700									skipped		#	   2.27	   6.11	
    701									skipped		#	   1.76	   6.82	
    702									skipped		#	   1.75	   4.75	
    703									skipped		#	   1.43	   5.81	
    704									skipped		#	   1.54	   3.23	
    705									skipped		#	   1.60	   4.39	
    706	   9.45	   0.60	  0.102	1.00161							#	   1.45	   9.39	
    707	   9.20	   1.34	  0.094	1.00171							#	   1.40	   8.79	
    708	   8.54	  -0.11	  0.039	1.00129							#	   1.52	  17.58	
    709	   7.38	  -1.05	  0.003	1.00059							#	   1.51	   8.38	
    710	   7.42	   1.05	  0.034	1.00104							#	   1.66	   8.38	
    711									skipped		#	   2.06	   7.88	
    712									skipped		#	   2.50	   5.20	
    713									skipped		#	   2.30	   6.16	
    714	   2.28	   0.82	  0.013	1.00114							#	   2.77	  10.71	
    715	   1.84	  -0.39	 -0.001	1.00081							#	   2.68	  14.04	
    716	   1.73	  -0.40	 -0.015	1.00099							#	   2.56	  17.12	
    717	   1.41	   0.99	 -0.016	1.00095							#	   2.93	  14.95	
    718	   0.59	   1.20	 -0.019	1.00105							#	   2.72	  14.34	
    719	   0.63	   1.72	 -0.026	1.00090							#	   2.92	  13.33	
    720									skipped		#	   3.05	   6.26	
    721	   0.13	   2.47	 -0.049	1.00076							#	   2.61	   9.75	
    722									skipped		#	   2.92	   7.78	
    723	  -0.02	   2.82	 -0.065	1.00117							#	   2.35	   8.48	
    724	   0.65	   0.09	 -0.028	1.00125							#	   2.45	  11.82	
    725	  -0.37	   1.88	 -0.023	1.00164							#	   2.19	  10.10	
    726									skipped		#	   2.46	   4.85	
    727									skipped		#	   2.29	   7.22	
    728									skipped		#	   3.07	   4.39	
    729									skipped		#	   2.88	   3.33	
    730									skipped		#	   2.36	   2.53	
    731									skipped		#	   2.29	   4.65	
    732									skipped		#	   2.25	   3.94	
    733									skipped		#	   2.35	   4.39	
    734									skipped		#	   3.11	   4.85	
    735									skipped		#	   3.22	   4.65	
    736									skipped		#	   3.21	   5.10	
    737									skipped		#	   3.20	   5.00	
    738									skipped		#	   3.48	   4.75	
    739									skipped		#	   3.65	   5.56	
    740									skipped		#	   3.16	   5.20	
    741									skipped		#	   3.66	   7.12	
    742									skipped		#	   3.37	   4.19	
    743									skipped		#	   3.35	   7.37	
    744									skipped		#	   3.64	   7.78	
    745									skipped		#	   3.39	   4.09	
    746									skipped		#	   3.40	   7.02	
    747									skipped		#	   2.85	   7.07	
    748									skipped		#	   2.98	   6.11	
    749									skipped		#	   2.90	   6.21	
    750									skipped		#	   2.46	   5.71	
    751	  -2.21	   1.20	  0.075	0.99914							#	   2.50	   8.33	
    752	  -1.67	  -4.26	  0.028	0.99871							#	   2.97	   9.75	
    753	  -0.91	  -4.11	 -0.038	0.99890							#	   2.35	   9.49	
    754	  -1.01	  -2.11	 -0.001	0.99857							#	   2.85	  11.62	
    755	  -0.50	   0.10	  0.008	0.99849							#	   2.43	  14.09	
    756	  -0.42	  -1.36	 -0.001	0.99873							#	   2.25	  11.82	
    757	   0.25	  -1.32	 -0.017	0.99858							#	   2.07	  11.82	
    758	  -1.72	  -1.20	  0.010	0.99785							#	   2.60	  11.97	
    759	  -1.69	   0.00	  0.011	0.99754							#	   2.95	   8.13	
    760									skipped		#	   2.36	   7.83	
    761									skipped		#	   2.95	   7.07	
    762									skipped		#	   3.29	   4.60	
    763									skipped		#	   3.61	   7.68	
    764	  -1.29	  -3.00	  0.046	0.99972							#	   3.26	   9.49	
    765	  -0.04	  -2.20	  0.035	0.99986							#	   3.63	   8.59	
    766	  -3.58	   0.61	  0.028	0.99936							#	   3.69	   9.14	
    767	  -2.38	   0.19	  0.049	0.99862							#	   4.55	   8.08	
    768									skipped		#	   5.10	   7.73	
    769	  -3.32	  -2.96	  0.022	0.99859							#	   5.12	   8.59	
    770									skipped		#	   5.21	   7.22	
    771									skipped		#	   5.09	   7.17	
    772	  -4.30	   0.82	  0.061	0.99749							#	   5.07	   8.89	
    773									skipped		#	   5.16	   7.22	
    774									skipped		#	   5.60	   6.57	
    775									skipped		#	   5.27	   6.01	
    776									skipped		#	   6.01	   7.22	
    777									skipped		#	   6.05	   7.37	
    778	  -8.59	   0.87	  0.047	0.99835							#	   6.29	   8.03	
    779									skipped		#	   6.64	   6.41	
    780									skipped		#	   7.44	   5.10	
    781									skipped		#	   7.72	   4.04	
    782									skipped		#	   7.74	   4.14	
    783									skipped		#	   8.14	   4.04	
    784									skipped		#	   8.51	   4.34	
    785									skipped		#	   8.46	   4.44	
    786									skipped		#	   7.58	   4.75	
    787									skipped		#	   6.15	   3.64	
    788									skipped		#	   6.04	   2.27	
    789									skipped		#	   4.65	   3.43	
    790									skipped		#	   3.59	   2.12	
    791									skipped		#	   3.52	   4.60	
    792									skipped		#	   4.01	   7.12	
    793									skipped		#	   4.25	   6.21	
    794									skipped		#	   4.27	   6.57	
    795									skipped		#	   4.11	   6.11	
    796									skipped		#	   3.93	   4.44	
    797									skipped		#	   3.75	   4.80	
    798									skipped		#	   4.58	   2.83	
    799									skipped		#	   4.45	   2.88	
    800									skipped		#	   5.03	   2.07	
    801									skipped		#	   5.74	   1.77	
    802									skipped		#	   6.01	   1.26	
    803									skipped		#	   5.93	   0.91	
    804									skipped		#	   6.86	   1.01	
    805									skipped		#	   6.67	   1.16	
    806									skipped		#	   6.57	   0.86	
    807									skipped		#	   6.08	   4.04	
    808									skipped		#	   5.76	   5.35	
    809									skipped		#	   5.81	   5.10	
    810									skipped		#	   6.08	   4.29	
    811									skipped		#	   6.57	   5.96	
    812									skipped		#	   6.56	   4.29	
    813									skipped		#	   6.04	   5.15	
    814									skipped		#	   5.41	   4.44	
    815									skipped		#	   4.65	   3.74	
    816									skipped		#	   3.93	   4.65	
    817									skipped		#	   4.24	   3.74	
    818									skipped		#	   3.39	   4.09	
    819									skipped		#	   3.30	   3.23	
    820									skipped		#	   2.80	   4.80	
    821									skipped		#	   2.36	   4.95	
    822									skipped		#	   2.72	   5.56	
    823									skipped		#	   2.57	   5.20	
    824									skipped		#	   2.53	   4.49	
    825									skipped		#	   2.50	   0.66	
    826									skipped		#	   2.59	   0.61	
    827									skipped		#	   3.28	   0.71	
    828									skipped		#	   5.13	   0.66	
    829									skipped		#	   5.09	   0.45	
    830									skipped		#	   3.85	   0.45	
    831									skipped		#	   4.07	   0.51	
    832									skipped		#	   5.50	   0.56	
    833									skipped		#	   5.35	   0.35	
    834									skipped		#	   5.28	   0.51	
    835									skipped		#	   4.68	   0.51	
    836									skipped		#	   4.49	   0.30	
    837									skipped		#	   4.18	   0.35	
    838									skipped		#	   4.22	   0.25	
    839									skipped		#	   4.00	   1.72	
    840									skipped		#	   6.02	   4.29	
    841									skipped		#	   5.45	   2.32	
    842									skipped		#	   5.56	   0.40	
    843									skipped		#	   6.38	   0.45	
    844									skipped		#	   6.06	   0.45	
    845									skipped		#	   5.81	   0.51	
    846									skipped		#	   5.95	   0.45	
    847									skipped		#	   5.12	   0.51	
    848									skipped		#	   5.39	   1.46	
    849									skipped		#	   5.15	   2.78	
    850									skipped		#	   4.92	   3.99	
    851									skipped		#	   4.96	   4.09	
    852									skipped		#	   5.69	   4.19	
    853									skipped		#	   5.43	   4.70	
    854									skipped		#	   5.65	   4.29	
    855									skipped		#	   5.38	   4.04	
    856									skipped		#	   5.76	   1.46	
    857									skipped		#	   5.18	   2.68	
    858									skipped		#	   6.17	   1.82	
    859									skipped		#	   4.84	   1.06	
    860									skipped		#	   5.86	   1.26	
    861									skipped		#	   5.70	   1.31	
    862									skipped		#	   5.65	   1.41	
    863									skipped		#	   5.80	   1.97	
    864									skipped		#	   5.71	   2.07	
    865									skipped		#	   4.90	   2.53	
    866									skipped		#	   5.42	   3.33	
    867									skipped		#	   5.28	   2.32	
    868									skipped		#	   5.36	   3.74	
    869									skipped		#	   5.33	   4.19	
    870									skipped		#	   5.41	   3.28	
    871									skipped		#	   4.96	   3.43	
    872									skipped		#	   4.90	   3.18	
    873									skipped		#	   4.29	   2.83	
    874									skipped		#	   4.50	   2.37	
    875									skipped		#	   4.33	   2.63	
    876									skipped		#	   4.72	   3.38	
    877									skipped		#	   4.58	   2.73	
    878									skipped		#	   4.57	   3.59	
    879									skipped		#	   4.75	   1.57	
    880									skipped		#	   4.42	   0.96	
    881									skipped		#	   4.86	   1.77	
    882									skipped		#	   4.96	   2.53	
    883									skipped		#	   4.62	   2.98	
    884									skipped		#	   4.64	   2.42	
    885									skipped		#	   4.89	   2.47	
    886									skipped		#	   5.20	   3.03	
    887									skipped		#	   4.68	   2.83	
    888									skipped		#	   4.85	   2.63	
    889									skipped		#	   4.93	   3.38	
    890									skipped		#	   5.59	   3.33	
    891									skipped		#	   4.70	   1.72	
    892									skipped		#	   5.14	   1.77	
    893									skipped		#	   5.06	   1.87	
    894									skipped		#	   5.71	   2.27	
    895									skipped		#	   4.18	   2.88	
    896									skipped		#	   5.26	   3.18	
    897									skipped		#	   5.32	   3.64	
    898									skipped		#	   5.91	   3.99	
    899									skipped		#	   5.32	   4.19	
    900									skipped		#	   5.70	   3.84	
    901									skipped		#	   4.90	   3.08	
    902									skipped		#	   5.05	   2.32	
    903									skipped		#	   4.37	   1.77	
    904									skipped		#	   4.76	   1.87	
    905									skipped		#	   4.06	   1.62	
    906									skipped		#	   4.24	   1.57	
    907									skipped		#	   3.22	   2.53	
    908									skipped		#	   2.37	   2.83	
    909									skipped		#	   2.27	   2.12	
    910									skipped		#	   2.86	   5.45	
    911									skipped		#	   3.08	   5.81	
    912									skipped		#	   3.00	   4.65	
    913									skipped		#	   3.86	   3.69	
    914									skipped		#	   4.42	   4.09	
    915									skipped		#	   4.37	   4.09	
    916									skipped		#	   4.63	   1.82	
    917									skipped		#	   4.82	   1.67	
    918									skipped		#	   4.97	   2.37	
    919									skipped		#	   5.85	   2.12	
    920									skipped		#	   5.44	   1.82	
    921									skipped		#	   5.51	   1.41	
    922									skipped		#	   6.50	   1.82	
    923									skipped		#	   5.62	   1.77	
    924									skipped		#	   7.06	   1.62	
    925									skipped		#	   6.58	   1.52	
    926									skipped		#	   5.65	   1.21	
    927									skipped		#	   5.68	   0.86	
    928									skipped		#	   6.43	   0.51	
    929									skipped		#	   4.95	   0.96	
    930									skipped		#	   5.78	   0.71	
    931									skipped		#	   5.90	   0.35	
    932									skipped		#	   5.01	   0.40	
    933									skipped		#	   5.04	   0.51	
    934									skipped		#	   5.80	   1.01	
    935									skipped		#	   5.60	   1.77	
    936									skipped		#	   5.43	   0.76	
    937									skipped		#	   4.44	   0.30	
    938									skipped		#	   4.85	   0.30	
    939									skipped		#	   4.73	   0.40	
    940									skipped		#	   4.79	   0.61	
    941									skipped		#	   5.01	   0.51	
    942									skipped		#	   5.80	   0.56	
    943									skipped		#	   6.16	   0.66	
    944									skipped		#	   5.34	   1.21	
    945									skipped		#	   5.67	   1.06	
    946									skipped		#	   5.67	   1.46	
    947									skipped		#	   5.03	   1.52	
    948									skipped		#	   6.10	   2.47	
    949									skipped		#	   5.11	   2.22	
    950									skipped		#	   5.43	   1.57	
    951									skipped		#	   4.16	   1.21	
    952									skipped		#	   3.34	   1.46	
    953									skipped		#	   2.77	   1.77	
    954									skipped		#	   2.52	   1.31	
    955									skipped		#	   2.17	   1.52	
    956									skipped		#	   2.67	   1.06	
    957									skipped		#	   2.99	   1.41	
    958									skipped		#	   3.17	   1.21	
    959									skipped		#	   2.77	   1.97	
    960									skipped		#	   2.31	   1.77	
    961									skipped		#	   1.94	   5.61	
    962									skipped		#	   1.85	   3.79	
    963									skipped		#	   1.65	   3.33	
    964									skipped		#	   1.80	   1.87	
    965									skipped		#	   1.89	   1.97	
    966									skipped		#	   1.55	   1.36	
    967									skipped		#	   1.29	   2.07	
    968									skipped		#	   1.14	   4.14	
    969									skipped		#	   1.09	   4.60	
    970									skipped		#	   1.33	   3.23	
    971									skipped		#	   1.54	   3.08	
    972									skipped		#	   1.66	   3.79	
    973									skipped		#	   1.43	   3.94	
    974									skipped		#	   1.21	   5.30	
    975									skipped		#	   1.25	   5.66	
    976									skipped		#	   0.93	   5.91	
    977									skipped		#	   0.81	   7.68	
    978	   6.24	  -2.47	  0.045	1.00057							#	   0.74	   8.38	
    979	   6.17	  -0.76	  0.047	0.99950							#	   0.48	  10.71	
    980	   6.36	  -1.56	  0.033	0.99883							#	   0.44	   9.65	
    981									skipped		#	   1.01	   7.88	
    982									skipped		#	   0.82	   6.67	
    983	   7.15	  -0.83	  0.037	1.00059							#	   1.20	   9.29	
    984	   8.38	   0.89	  0.038	0.99845							#	   1.24	  10.56	
