      1	  -0.24	  -0.02	 -0.002	1.00004							#	   0.00	  89.70	
      2	  -0.26	   0.00	 -0.004	1.00004							#	   0.01	  88.94	
      3	  -0.21	   0.06	 -0.003	1.00001							#	   0.01	  88.94	
      4	  -0.26	   0.01	 -0.002	1.00006							#	   0.01	  88.89	
      5	  -0.31	  -0.01	 -0.004	1.00007							#	   0.01	  87.58	
      6	  -0.17	   0.06	 -0.003	1.00006							#	   0.01	  88.54	
      7	  -0.21	   0.12	 -0.003	1.00002							#	   0.01	  87.98	
      8	  -0.11	   0.17	 -0.003	1.00000							#	   0.01	  88.23	
      9	  -0.23	   0.14	 -0.002	1.00005							#	   0.01	  87.58	
     10	  -0.26	   0.19	 -0.004	0.99999							#	   0.01	  87.07	
     11	  -0.22	   0.14	 -0.003	0.99999							#	   0.01	  87.32	
     12	  -0.17	   0.25	 -0.002	1.00002							#	   0.01	  87.88	
     13	  -0.10	   0.36	 -0.003	1.00000							#	   0.01	  87.73	
     14	  -0.10	   0.24	 -0.003	1.00002							#	   0.01	  87.93	
     15	  -0.25	   0.24	 -0.003	1.00004							#	   0.02	  87.78	
     16	  -0.10	   0.24	 -0.002	1.00002							#	   0.01	  88.23	
     17	  -0.13	   0.18	  0.000	1.00006							#	   0.01	  88.08	
     18	  -0.16	   0.17	 -0.002	1.00002							#	   0.01	  88.03	
     19	   0.01	   0.12	 -0.000	1.00004							#	   0.01	  88.59	
     20	   0.01	   0.13	  0.000	1.00005							#	   0.01	  89.14	
     21	   0.03	   0.15	  0.000	1.00004							#	   0.01	  88.43	
     22	  -0.04	   0.14	  0.000	1.00004							#	   0.01	  88.69	
     23	   0.00	   0.26	  0.001	1.00005							#	   0.01	  88.43	
     24	   0.09	   0.16	  0.002	1.00008							#	   0.01	  88.84	
     25	   0.17	   0.23	  0.002	1.00007							#	   0.01	  88.18	
     26	   0.08	   0.39	  0.001	1.00010							#	   0.01	  87.88	
     27	   0.04	   0.24	  0.002	1.00008							#	   0.01	  88.33	
     28	  -0.09	   0.40	  0.001	1.00012							#	   0.01	  88.03	
     29	   0.16	   0.29	 -0.001	1.00014							#	   0.01	  87.83	
     30	   0.18	   0.43	  0.001	1.00015							#	   0.02	  87.47	
     31	   0.07	   0.49	  0.002	1.00014							#	   0.02	  87.98	
     32	   0.16	   0.60	  0.003	1.00030							#	   0.02	  88.33	
     33	   0.19	   0.52	  0.001	1.00018							#	   0.02	  88.03	
     34	   0.26	   0.62	  0.002	1.00017							#	   0.02	  87.47	
     35	   0.21	   0.75	  0.005	1.00009							#	   0.02	  87.93	
     36	   0.17	   0.83	  0.004	1.00010							#	   0.02	  88.28	
     37	   0.29	   0.87	  0.002	1.00010							#	   0.02	  88.54	
     38	   0.43	   0.88	  0.002	1.00011							#	   0.03	  87.02	
     39	   0.51	   0.99	  0.000	1.00015							#	   0.03	  86.41	
     40	   0.37	   1.01	  0.001	1.00010							#	   0.02	  87.17	
     41	   0.35	   1.06	  0.003	1.00013							#	   0.03	  87.17	
     42	   0.51	   1.27	  0.003	1.00020							#	   0.04	  87.12	
     43	   0.41	   1.31	  0.003	1.00015							#	   0.04	  87.47	
     44	   0.39	   1.21	  0.002	1.00015							#	   0.03	  87.58	
     45	   0.31	   1.29	  0.002	1.00017							#	   0.03	  88.03	
     46	   0.26	   1.33	  0.001	1.00020							#	   0.04	  87.68	
     47	   0.18	   1.44	  0.000	1.00019							#	   0.04	  88.33	
     48	   0.31	   1.42	  0.002	1.00019							#	   0.04	  88.59	
     49	   0.24	   1.37	  0.002	1.00021							#	   0.04	  88.13	
     50	   0.14	   1.50	  0.002	1.00017							#	   0.04	  88.23	
     51	   0.11	   1.53	  0.003	1.00018							#	   0.04	  88.69	
     52	   0.11	   1.62	  0.002	1.00012							#	   0.04	  89.39	
     53	   0.07	   1.66	  0.004	1.00010							#	   0.04	  89.04	
     54	   0.12	   1.69	  0.003	1.00010							#	   0.04	  89.09	
     55	  -0.04	   1.72	  0.003	1.00006							#	   0.04	  88.89	
     56	  -0.05	   1.71	  0.003	1.00005							#	   0.04	  88.94	
     57	   0.06	   1.71	  0.003	1.00008							#	   0.04	  88.79	
     58	  -0.01	   1.79	  0.003	1.00006							#	   0.04	  88.94	
     59	  -0.11	   1.84	  0.003	1.00005							#	   0.04	  89.34	
     60	  -0.12	   1.88	 -0.000	1.00002							#	   0.06	  87.47	
     61	   0.04	   1.83	  0.003	1.00006							#	   0.04	  89.65	
     62	   0.16	   1.85	  0.003	1.00008							#	   0.04	  89.24	
     63	  -0.07	   1.97	  0.003	1.00006							#	   0.05	  88.13	
     64	  -0.09	   2.08	  0.002	1.00009							#	   0.05	  87.37	
     65	  -0.16	   2.13	  0.002	1.00008							#	   0.05	  88.59	
     66	  -0.12	   2.18	  0.002	1.00009							#	   0.05	  88.48	
     67	  -0.11	   2.21	  0.001	1.00013							#	   0.05	  88.64	
     68	  -0.17	   2.40	  0.003	1.00011							#	   0.07	  87.98	
     69	  -0.20	   2.38	  0.002	1.00011							#	   0.07	  88.03	
     70	  -0.20	   2.40	  0.002	1.00013							#	   0.07	  87.88	
     71	  -0.30	   2.66	  0.001	1.00013							#	   0.08	  88.13	
     72	  -0.32	   2.56	  0.002	1.00013							#	   0.07	  88.89	
     73	  -0.44	   2.72	  0.003	1.00012							#	   0.08	  87.98	
     74	  -0.28	   2.88	  0.002	1.00015							#	   0.09	  87.93	
     75	  -0.29	   2.98	  0.001	1.00012							#	   0.09	  87.88	
     76	  -0.47	   3.07	  0.002	1.00008							#	   0.10	  87.78	
     77	  -0.50	   3.18	  0.003	1.00003							#	   0.10	  88.84	
     78	  -0.48	   3.32	  0.001	1.00000							#	   0.11	  88.43	
     79	  -0.43	   3.30	  0.002	0.99998							#	   0.11	  87.58	
     80	  -0.39	   3.53	  0.003	0.99995							#	   0.13	  89.09	
     81	  -0.51	   3.53	  0.002	0.99994							#	   0.13	  87.93	
     82	  -0.67	   3.54	  0.004	0.99996							#	   0.12	  87.88	
     83	  -0.59	   3.64	  0.002	0.99996							#	   0.13	  88.13	
     84	  -0.58	   3.67	  0.002	0.99998							#	   0.13	  87.53	
     85	  -0.58	   3.76	  0.000	0.99997							#	   0.13	  88.18	
     86	  -0.56	   3.89	  0.003	1.00000							#	   0.14	  87.88	
     87	  -0.56	   3.93	  0.002	1.00001							#	   0.15	  87.12	
     88	  -0.63	   4.07	  0.003	1.00001							#	   0.16	  88.03	
     89	  -0.72	   4.11	  0.000	1.00000							#	   0.17	  87.88	
     90	  -0.54	   4.12	  0.000	0.99999							#	   0.17	  88.13	
     91	  -0.61	   4.39	  0.001	0.99992							#	   0.19	  87.58	
     92	  -0.74	   4.42	  0.002	0.99994							#	   0.21	  87.37	
     93	  -0.86	   4.55	  0.002	0.99988							#	   0.22	  86.82	
     94	  -0.91	   4.61	  0.001	0.99985							#	   0.23	  86.52	
     95	  -0.78	   4.64	  0.002	0.99984							#	   0.24	  85.61	
     96	  -0.62	   4.84	 -0.001	0.99986							#	   0.25	  85.91	
     97	  -0.52	   4.92	  0.000	0.99987							#	   0.25	  85.56	
     98	  -0.57	   5.00	  0.001	0.99986							#	   0.25	  83.33	
     99	  -0.78	   5.09	  0.000	0.99986							#	   0.25	  83.23	
    100	  -0.87	   5.23	  0.002	0.99983							#	   0.26	  84.09	
    101	  -0.93	   5.29	  0.001	0.99979							#	   0.27	  84.14	
    102	  -1.02	   5.32	  0.003	0.99969							#	   0.28	  81.87	
    103	  -0.95	   5.29	  0.003	0.99972							#	   0.29	  81.46	
    104	  -0.91	   5.23	  0.010	0.99966							#	   0.30	  72.02	
    105	  -0.88	   5.32	  0.015	0.99958							#	   0.31	  67.78	
    106	  -0.85	   5.32	  0.018	0.99958							#	   0.34	  64.70	
    107	  -0.93	   5.45	  0.016	0.99957							#	   0.35	  64.44	
    108	  -0.71	   5.44	  0.019	0.99956							#	   0.34	  62.42	
    109	  -0.54	   5.43	  0.020	0.99957							#	   0.34	  61.67	
    110	  -0.56	   5.58	  0.021	0.99953							#	   0.34	  59.85	
    111	  -0.61	   5.59	  0.018	0.99954							#	   0.33	  60.05	
    112	  -0.45	   5.53	  0.022	0.99954							#	   0.32	  59.65	
    113	  -0.50	   5.63	  0.020	0.99952							#	   0.34	  60.40	
    114	  -0.52	   5.65	  0.021	0.99953							#	   0.36	  59.75	
    115	  -0.55	   5.71	  0.020	0.99950							#	   0.38	  58.59	
    116	  -0.35	   5.63	  0.020	0.99954							#	   0.37	  59.24	
    117	  -0.41	   5.69	  0.020	0.99949							#	   0.37	  58.59	
    118	  -0.52	   5.70	  0.020	0.99950							#	   0.36	  59.24	
    119	  -0.49	   5.86	  0.018	0.99946							#	   0.37	  56.77	
    120	  -0.38	   5.94	  0.017	0.99951							#	   0.38	  57.07	
    121	  -0.34	   6.08	  0.021	0.99943							#	   0.41	  55.96	
    122	  -0.47	   6.16	  0.019	0.99942							#	   0.42	  56.62	
    123	  -0.45	   6.22	  0.020	0.99936							#	   0.44	  56.72	
    124	  -0.52	   6.38	  0.017	0.99939							#	   0.44	  57.47	
    125	  -0.53	   6.44	  0.020	0.99935							#	   0.47	  55.81	
    126	  -0.38	   6.55	 -0.005	0.99978							#	   0.46	  57.73	
    127	  -0.16	   6.66	 -0.001	0.99973							#	   0.46	  58.59	
    128	  -0.15	   6.72	 -0.001	0.99965							#	   0.46	  62.63	
    129	  -0.09	   6.81	  0.002	0.99957							#	   0.47	  62.17	
    130	   0.03	   6.71	  0.000	0.99951							#	   0.46	  64.24	
    131	   0.04	   6.95	  0.001	0.99945							#	   0.50	  63.38	
    132	   0.16	   6.88	  0.000	0.99941							#	   0.50	  64.14	
    133	   0.17	   6.99	  0.002	0.99938							#	   0.50	  62.22	
    134	   0.16	   7.01	  0.004	0.99937							#	   0.49	  60.00	
    135	   0.14	   6.76	  0.019	0.99939							#	   0.50	  51.31	
    136	   0.08	   6.84	  0.017	0.99940							#	   0.54	  50.56	
    137	   0.06	   6.81	  0.021	0.99944							#	   0.55	  47.12	
    138	   0.08	   6.82	  0.020	0.99942							#	   0.53	  46.67	
    139	   0.22	   6.67	  0.019	0.99949							#	   0.50	  43.43	
    140	   0.16	   6.77	  0.020	0.99947							#	   0.56	  43.23	
    141	   0.16	   6.71	  0.018	0.99946							#	   0.57	  42.42	
    142	   0.21	   6.66	  0.018	0.99942							#	   0.57	  41.57	
    143	   0.18	   6.60	  0.015	0.99948							#	   0.57	  41.21	
    144	   0.23	   6.41	  0.017	0.99943							#	   0.52	  41.06	
    145	   0.09	   6.34	  0.016	0.99946							#	   0.49	  39.70	
    146	   0.17	   6.20	  0.017	0.99947							#	   0.52	  39.70	
    147	   0.02	   6.13	  0.016	0.99948							#	   0.51	  39.09	
    148	  -0.17	   5.93	  0.017	0.99944							#	   0.51	  38.13	
    149	  -0.25	   5.55	  0.013	0.99944							#	   0.47	  37.22	
    150	  -0.37	   5.46	  0.014	0.99943							#	   0.47	  35.61	
    151	  -0.51	   5.16	  0.018	0.99942							#	   0.46	  36.36	
    152	  -0.66	   4.99	  0.016	0.99946							#	   0.47	  36.11	
    153	  -0.67	   4.87	  0.014	0.99937							#	   0.48	  36.67	
    154	  -0.73	   4.74	  0.010	0.99931							#	   0.44	  36.67	
    155	  -0.68	   4.60	  0.012	0.99932							#	   0.42	  36.77	
    156	  -0.66	   4.52	  0.007	0.99929							#	   0.47	  35.71	
    157	  -0.29	   4.33	  0.006	0.99938							#	   0.47	  35.15	
    158	  -0.13	   4.16	  0.007	0.99933							#	   0.45	  35.25	
    159	   0.21	   3.96	  0.004	0.99937							#	   0.44	  34.75	
    160	   0.41	   3.97	  0.006	0.99929							#	   0.51	  35.56	
    161	   0.73	   3.94	  0.000	0.99931							#	   0.53	  34.95	
    162	   1.06	   3.78	 -0.002	0.99930							#	   0.55	  35.40	
    163	   1.21	   3.68	  0.004	0.99917							#	   0.52	  36.46	
    164	   1.08	   3.43	 -0.000	0.99919							#	   0.58	  35.86	
    165	   0.93	   3.28	  0.002	0.99923							#	   0.55	  35.86	
    166	   0.85	   3.18	 -0.001	0.99924							#	   0.55	  35.71	
    167	   0.90	   3.28	 -0.001	0.99916							#	   0.60	  36.72	
    168	   0.75	   3.20	 -0.008	0.99904							#	   0.56	  35.91	
    169	   0.68	   3.12	 -0.006	0.99910							#	   0.46	  36.06	
    170	   1.04	   2.98	 -0.015	0.99838							#	   1.65	  29.80	
    171	   0.62	   3.13	 -0.010	0.99902							#	   0.26	  35.96	
    172	   0.61	   3.04	 -0.009	0.99902							#	   0.31	  36.67	
    173	   0.48	   3.16	 -0.009	0.99897							#	   0.32	  36.82	
    174	   0.64	   3.10	 -0.011	0.99894							#	   0.31	  37.93	
    175	   1.07	   3.12	 -0.013	0.99894							#	   0.32	  37.17	
    176	   1.16	   3.09	 -0.012	0.99893							#	   0.44	  37.07	
    177	   0.79	   3.11	 -0.010	0.99880							#	   0.41	  38.43	
    178	   0.60	   2.99	 -0.010	0.99884							#	   0.40	  37.88	
    179	   0.46	   2.77	 -0.012	0.99886							#	   0.36	  38.23	
    180	   0.47	   2.65	 -0.008	0.99890							#	   0.41	  37.27	
    181	   0.64	   2.51	 -0.008	0.99889							#	   0.39	  38.33	
    182	   0.29	   2.35	 -0.004	0.99889							#	   0.36	  38.28	
    183	   0.16	   2.12	 -0.007	0.99894							#	   0.34	  37.98	
    184	   0.02	   2.19	 -0.006	0.99902							#	   0.33	  37.17	
    185	   0.16	   2.26	 -0.003	0.99898							#	   0.33	  37.27	
    186	   0.04	   2.34	 -0.005	0.99899							#	   0.34	  37.37	
    187	   0.22	   2.46	 -0.004	0.99893							#	   0.36	  37.63	
    188	   0.32	   2.38	 -0.005	0.99896							#	   0.37	  37.02	
    189	   0.50	   2.45	 -0.002	0.99889							#	   0.40	  36.87	
    190	   0.69	   2.28	 -0.000	0.99891							#	   0.38	  37.32	
    191	   0.52	   2.22	 -0.000	0.99886							#	   0.41	  37.88	
    192	   0.50	   2.08	  0.000	0.99882							#	   0.40	  37.12	
    193	   0.77	   1.83	 -0.002	0.99886							#	   0.40	  36.72	
    194	   0.83	   1.87	 -0.001	0.99883							#	   0.43	  36.57	
    195	   1.05	   1.79	  0.000	0.99890							#	   0.44	  36.67	
    196	   0.98	   1.84	  0.003	0.99885							#	   0.47	  36.16	
    197	   0.96	   1.84	  0.003	0.99887							#	   0.48	  36.46	
    198	   1.02	   1.80	  0.002	0.99890							#	   0.48	  35.20	
    199	   1.31	   1.76	  0.005	0.99895							#	   0.50	  34.55	
    200	   1.32	   1.84	  0.005	0.99896							#	   0.55	  34.39	
    201	   1.25	   1.99	  0.005	0.99891							#	   0.61	  33.74	
    202	   0.97	   2.12	  0.005	0.99896							#	   0.65	  33.43	
    203	   0.77	   2.33	  0.006	0.99897							#	   0.69	  33.38	
    204	   0.38	   2.34	  0.007	0.99883							#	   0.71	  33.69	
    205	   0.02	   2.29	  0.008	0.99902							#	   0.71	  32.42	
    206	  -0.59	   2.97	  0.004	0.99806							#	   2.92	  28.74	
    207	   0.12	   2.43	  0.004	0.99901							#	   0.36	  31.77	
    208	  -0.20	   2.42	  0.011	0.99882							#	   0.44	  32.07	
    209	  -0.45	   2.35	  0.005	0.99894							#	   0.50	  32.07	
    210	  -0.46	   2.41	  0.007	0.99875							#	   0.51	  32.32	
    211	  -0.13	   2.31	  0.009	0.99896							#	   0.51	  32.37	
    212	  -0.58	   2.20	  0.010	0.99872							#	   0.93	  32.37	
    213	  -0.49	   2.24	  0.008	0.99888							#	   0.88	  32.07	
    214	  -0.32	   2.35	  0.009	0.99866							#	   0.87	  32.98	
    215	  -0.31	   2.27	  0.012	0.99877							#	   0.92	  32.93	
    216	  -0.64	   2.31	  0.017	0.99854							#	   1.00	  32.32	
    217	  -0.48	   2.27	  0.012	0.99858							#	   0.84	  32.47	
    218	  -0.51	   2.29	  0.012	0.99849							#	   0.91	  33.08	
    219	  -0.38	   1.96	  0.012	0.99870							#	   0.91	  31.57	
    220	  -0.68	   1.85	  0.014	0.99847							#	   0.84	  33.33	
    221	  -0.70	   1.69	  0.014	0.99862							#	   0.85	  32.73	
    222	  -0.82	   1.73	  0.014	0.99864							#	   0.98	  33.48	
    223	  -0.93	   1.83	  0.012	0.99864							#	   0.87	  33.23	
    224	  -0.93	   1.94	  0.013	0.99859							#	   0.95	  33.38	
    225	  -0.92	   1.99	  0.016	0.99857							#	   0.95	  34.09	
    226	  -1.02	   2.36	  0.012	0.99856							#	   0.90	  33.94	
    227	  -1.05	   2.39	  0.014	0.99859							#	   0.87	  34.24	
    228	  -1.09	   2.32	  0.012	0.99852							#	   0.99	  34.49	
    229	  -1.11	   2.29	  0.013	0.99861							#	   0.92	  34.95	
    230	  -1.21	   2.11	  0.010	0.99857							#	   0.81	  34.85	
    231	  -1.35	   2.00	  0.010	0.99863							#	   0.95	  35.45	
    232	  -1.40	   1.90	  0.008	0.99861							#	   0.86	  35.20	
    233	  -1.43	   1.84	  0.010	0.99867							#	   0.90	  33.64	
    234	  -1.53	   1.82	  0.006	0.99862							#	   0.90	  34.75	
    235	  -1.49	   1.88	  0.008	0.99877							#	   1.00	  33.64	
    236	  -1.64	   1.86	  0.007	0.99861							#	   0.92	  35.81	
    237	  -1.71	   1.81	  0.008	0.99870							#	   0.99	  33.94	
    238	  -1.88	   1.78	  0.006	0.99863							#	   1.01	  34.85	
    239	  -1.82	   1.70	  0.003	0.99871							#	   1.03	  34.14	
    240	  -1.80	   1.80	  0.008	0.99868							#	   1.13	  34.34	
    241	  -1.70	   1.93	  0.003	0.99869							#	   1.01	  33.99	
    242	  -1.78	   2.12	  0.002	0.99869							#	   1.20	  34.29	
    243	  -1.28	   2.32	  0.002	0.99871							#	   1.21	  33.13	
    244	  -1.15	   2.49	  0.002	0.99868							#	   1.26	  33.64	
    245	  -1.02	   2.50	 -0.004	0.99867							#	   1.24	  33.48	
    246	  -1.06	   2.56	 -0.002	0.99862							#	   1.30	  33.33	
    247	  -0.94	   2.58	 -0.004	0.99860							#	   1.37	  33.79	
    248	  -0.96	   2.57	 -0.008	0.99855							#	   1.50	  34.34	
    249	  -0.98	   2.56	 -0.006	0.99857							#	   1.34	  34.44	
    250	  -0.95	   2.54	 -0.008	0.99850							#	   1.33	  34.55	
    251	  -0.87	   2.44	 -0.011	0.99848							#	   1.54	  35.30	
    252	  -0.78	   2.51	 -0.012	0.99833							#	   1.50	  35.25	
    253	  -0.85	   1.91	 -0.014	0.99832							#	   1.44	  35.96	
    254	  -0.74	   1.43	 -0.015	0.99841							#	   1.57	  35.91	
    255	  -0.47	   1.47	 -0.014	0.99834							#	   1.37	  36.36	
    256	  -0.47	   1.38	 -0.014	0.99823							#	   1.59	  36.82	
    257	  -0.76	   1.38	 -0.010	0.99824							#	   1.54	  36.87	
    258	  -1.12	   1.47	 -0.014	0.99822							#	   1.50	  37.27	
    259	  -0.91	   1.41	 -0.012	0.99813							#	   1.44	  37.47	
    260	  -0.42	   1.23	 -0.011	0.99810							#	   1.50	  37.58	
    261	  -0.70	   0.86	 -0.009	0.99809							#	   1.48	  37.42	
    262	  -0.98	   0.62	 -0.010	0.99825							#	   1.28	  37.22	
    263	  -0.99	   0.36	 -0.009	0.99832							#	   1.22	  37.58	
    264	  -1.19	   0.07	 -0.011	0.99836							#	   1.36	  37.22	
    265	  -1.28	  -0.15	 -0.006	0.99839							#	   1.33	  37.12	
    266	  -1.44	  -0.35	 -0.009	0.99844							#	   1.16	  36.52	
    267	  -1.64	  -0.24	 -0.008	0.99840							#	   1.16	  37.02	
    268	  -1.70	  -0.24	 -0.009	0.99844							#	   1.25	  35.86	
    269	  -1.23	  -0.18	 -0.008	0.99846							#	   1.20	  35.81	
    270	  -1.39	  -0.26	 -0.003	0.99841							#	   1.13	  36.57	
    271	  -1.69	  -0.32	 -0.005	0.99845							#	   1.16	  35.51	
    272	  -1.90	  -0.37	 -0.003	0.99847							#	   1.31	  35.76	
    273	  -2.14	  -0.37	 -0.001	0.99853							#	   1.34	  35.10	
    274	  -1.96	  -0.37	 -0.003	0.99848							#	   1.20	  36.26	
    275	  -2.24	  -0.33	 -0.001	0.99856							#	   1.29	  35.96	
    276	  -2.46	  -0.42	  0.001	0.99851							#	   1.41	  36.41	
    277	  -2.48	  -0.32	 -0.001	0.99850							#	   1.30	  36.97	
    278	  -2.49	  -0.25	  0.002	0.99853							#	   1.35	  36.36	
    279	  -2.50	  -0.25	  0.001	0.99862							#	   1.38	  36.06	
    280	  -2.48	  -0.16	 -0.000	0.99850							#	   1.21	  36.26	
    281	  -2.26	  -0.11	 -0.000	0.99859							#	   1.37	  35.91	
    282	  -2.57	  -0.00	  0.002	0.99850							#	   1.53	  36.06	
    283	  -2.51	   0.03	 -0.003	0.99855							#	   1.33	  35.91	
    284	  -2.66	   0.17	  0.003	0.99851							#	   1.41	  35.91	
    285	  -2.66	   0.56	 -0.000	0.99842							#	   1.49	  36.06	
    286	  -2.28	   0.65	 -0.004	0.99852							#	   1.68	  35.76	
    287	  -1.86	   1.16	 -0.001	0.99848							#	   1.18	  36.21	
    288	  -1.84	   1.42	  0.005	0.99843							#	   1.37	  35.91	
    289	  -1.58	   1.64	 -0.000	0.99834							#	   1.47	  36.26	
    290	  -1.31	   1.73	 -0.001	0.99841							#	   1.25	  34.85	
    291	  -1.00	   2.00	 -0.000	0.99847							#	   1.05	  36.26	
    292	  -0.98	   2.08	 -0.003	0.99848							#	   0.99	  35.96	
    293	  -0.93	   1.97	  0.002	0.99837							#	   1.08	  36.52	
    294	  -0.90	   2.32	 -0.001	0.99836							#	   1.16	  36.26	
    295	  -0.46	   2.56	  0.004	0.99826							#	   1.10	  36.62	
    296	  -0.04	   2.50	  0.000	0.99815							#	   1.17	  36.62	
    297	   0.01	   2.74	  0.003	0.99813							#	   1.23	  37.83	
    298	   0.09	   2.60	  0.003	0.99810							#	   1.22	  38.33	
    299	   0.20	   2.46	  0.005	0.99801							#	   1.12	  38.23	
    300	   0.20	   2.29	  0.006	0.99799							#	   1.25	  37.78	
    301	   0.12	   2.28	  0.010	0.99797							#	   1.33	  37.42	
    302	   0.07	   1.90	  0.004	0.99811							#	   1.19	  37.17	
    303	   0.14	   2.09	  0.009	0.99807							#	   1.09	  37.53	
    304	   0.14	   2.24	  0.007	0.99800							#	   1.13	  38.38	
    305	   0.27	   2.30	  0.008	0.99799							#	   1.30	  38.79	
    306	   0.29	   2.15	  0.007	0.99812							#	   1.02	  37.88	
    307	   0.12	   1.82	  0.007	0.99807							#	   1.03	  38.84	
    308	   0.06	   1.46	  0.003	0.99812							#	   1.20	  39.39	
    309	  -0.05	   1.62	  0.008	0.99821							#	   1.26	  39.39	
    310	  -0.18	   1.66	  0.003	0.99818							#	   1.04	  38.99	
    311	  -0.21	   1.79	  0.005	0.99815							#	   1.19	  39.34	
    312	  -0.18	   1.89	  0.002	0.99812							#	   1.52	  39.70	
    313	  -0.37	   1.96	  0.003	0.99814							#	   1.10	  39.60	
    314	  -0.44	   1.89	 -0.000	0.99808							#	   1.22	  39.90	
    315	  -0.74	   1.70	  0.003	0.99817							#	   1.58	  39.24	
    316	  -1.02	   1.47	 -0.004	0.99812							#	   1.18	  39.75	
    317	  -0.84	   1.26	 -0.003	0.99817							#	   1.05	  39.24	
    318	  -0.51	   1.19	 -0.004	0.99825							#	   0.83	  39.04	
    319	  -0.85	   1.24	 -0.001	0.99815							#	   0.99	  38.59	
    320	  -0.85	   1.14	 -0.010	0.99808							#	   0.96	  39.29	
    321	  -0.55	   1.29	 -0.003	0.99811							#	   1.09	  38.79	
    322	  -0.38	   1.31	 -0.010	0.99810							#	   1.18	  38.79	
    323	  -0.37	   1.17	 -0.009	0.99801							#	   0.96	  39.34	
    324	  -0.36	   1.21	 -0.009	0.99803							#	   0.69	  39.49	
    325	  -0.59	   1.07	 -0.008	0.99797							#	   0.77	  39.44	
    326	  -0.79	   0.73	 -0.010	0.99803							#	   0.75	  40.00	
    327	  -0.72	   0.54	 -0.009	0.99797							#	   0.65	  39.85	
    328	  -0.84	   0.75	 -0.012	0.99802							#	   0.83	  41.06	
    329	  -0.67	   1.08	 -0.012	0.99792							#	   0.97	  39.80	
    330	  -0.83	   0.46	 -0.011	0.99783							#	   0.96	  41.16	
    331	  -1.08	   0.04	 -0.012	0.99791							#	   1.05	  40.86	
    332	  -0.81	  -0.13	 -0.014	0.99808							#	   0.82	  41.26	
    333	  -0.76	  -0.30	 -0.012	0.99793							#	   0.90	  40.71	
    334	  -0.87	  -0.33	 -0.011	0.99805							#	   1.04	  40.76	
    335	  -1.05	  -0.47	 -0.010	0.99806							#	   0.94	  40.10	
    336	  -1.19	  -0.55	 -0.006	0.99796							#	   1.10	  40.51	
    337	  -1.34	  -0.53	 -0.002	0.99796							#	   1.06	  40.45	
    338	  -1.28	  -0.83	 -0.003	0.99802							#	   1.11	  38.89	
    339	  -1.36	  -1.23	  0.001	0.99810							#	   1.06	  39.19	
    340	  -1.51	  -1.40	  0.000	0.99818							#	   1.11	  39.39	
    341	  -1.57	  -1.55	 -0.004	0.99835							#	   1.21	  38.48	
    342	  -1.48	  -1.73	 -0.002	0.99840							#	   1.14	  40.25	
    343	  -1.39	  -1.78	 -0.003	0.99840							#	   1.01	  40.05	
    344	  -1.39	  -1.61	 -0.000	0.99838							#	   1.09	  40.61	
    345	  -1.36	  -1.63	 -0.002	0.99829							#	   1.23	  41.11	
    346	  -1.03	  -1.60	 -0.001	0.99837							#	   1.09	  40.20	
    347	  -0.88	  -1.54	  0.001	0.99832							#	   1.16	  40.81	
    348	  -1.19	  -1.38	  0.000	0.99831							#	   1.36	  41.21	
    349	  -1.18	  -1.33	 -0.002	0.99825							#	   1.15	  41.67	
    350	  -0.89	  -1.38	 -0.003	0.99829							#	   1.10	  41.77	
    351	  -0.85	  -1.42	 -0.002	0.99821							#	   1.44	  41.82	
    352	  -0.78	  -1.31	 -0.002	0.99822							#	   1.15	  42.78	
    353	  -0.56	  -1.38	 -0.005	0.99814							#	   1.02	  42.73	
    354	  -0.38	  -1.19	 -0.007	0.99812							#	   1.33	  43.23	
    355	  -0.06	  -1.09	 -0.006	0.99812							#	   1.00	  43.13	
    356	   0.24	  -0.79	 -0.006	0.99810							#	   0.68	  42.58	
    357	   0.35	  -0.63	 -0.008	0.99805							#	   0.66	  42.93	
    358	   0.57	  -0.23	 -0.006	0.99804							#	   0.64	  42.98	
    359	   0.68	   0.07	 -0.006	0.99799							#	   0.81	  43.28	
    360	   0.82	   0.49	 -0.005	0.99800							#	   0.92	  41.41	
    361	   0.93	   0.74	 -0.003	0.99796							#	   1.16	  42.47	
    362	   1.04	   0.93	 -0.004	0.99794							#	   1.13	  42.32	
    363	   1.14	   1.23	 -0.004	0.99794							#	   1.02	  42.02	
    364	   1.45	   1.50	 -0.005	0.99806							#	   1.04	  41.46	
    365	   1.13	   1.76	 -0.001	0.99802							#	   1.13	  41.77	
    366	   0.72	   1.51	  0.000	0.99798							#	   1.12	  41.72	
    367	   0.97	   1.69	  0.003	0.99801							#	   1.15	  42.37	
    368	   0.83	   2.03	  0.005	0.99799							#	   1.22	  42.68	
    369	   0.70	   2.13	  0.008	0.99787							#	   1.25	  42.32	
    370	   0.62	   2.01	  0.010	0.99788							#	   1.23	  42.42	
    371	   0.55	   2.04	  0.010	0.99786							#	   1.19	  43.69	
    372	   0.26	   1.88	  0.010	0.99786							#	   1.32	  43.03	
    373	  -0.01	   1.70	  0.010	0.99776							#	   1.26	  44.19	
    374	  -0.36	   1.47	  0.011	0.99784							#	   1.14	  43.28	
    375	  -0.54	   1.12	  0.011	0.99783							#	   1.15	  44.34	
    376	  -0.54	   0.85	  0.011	0.99789							#	   1.20	  45.45	
    377	  -0.43	   1.13	  0.013	0.99780							#	   0.96	  44.85	
    378	  -0.28	   1.05	  0.012	0.99787							#	   0.99	  46.31	
    379	  -0.19	   0.99	  0.011	0.99793							#	   0.96	  45.81	
    380	  -0.21	   0.86	  0.009	0.99795							#	   0.92	  45.10	
    381	  -0.31	   0.66	  0.009	0.99798							#	   0.99	  45.86	
    382	  -0.34	   0.40	  0.009	0.99801							#	   1.10	  46.72	
    383	  -0.32	   0.29	  0.007	0.99800							#	   1.00	  46.16	
    384	  -0.30	   0.05	  0.008	0.99795							#	   1.00	  47.07	
    385	  -0.19	   0.02	  0.006	0.99801							#	   1.00	  47.02	
    386	  -0.15	  -0.07	  0.006	0.99794							#	   1.11	  47.47	
    387	  -0.28	  -0.05	  0.004	0.99800							#	   1.04	  47.42	
    388	  -0.48	  -0.09	  0.007	0.99808							#	   1.09	  46.16	
    389	  -0.62	  -0.22	  0.003	0.99807							#	   1.21	  48.08	
    390	  -0.76	  -0.19	  0.006	0.99815							#	   1.05	  46.31	
    391	  -0.81	  -0.04	  0.004	0.99812							#	   0.93	  47.37	
    392	  -0.71	   0.13	  0.003	0.99814							#	   1.27	  45.86	
    393	  -0.73	   0.43	  0.003	0.99808							#	   1.12	  47.47	
    394	  -0.68	   0.83	  0.001	0.99804							#	   1.21	  46.31	
    395	  -0.46	   1.01	  0.000	0.99804							#	   1.14	  46.57	
    396	  -0.27	   1.38	 -0.000	0.99798							#	   1.09	  46.31	
    397	  -0.06	   1.61	  0.002	0.99796							#	   1.21	  47.68	
    398	  -0.23	   1.51	  0.003	0.99794							#	   1.12	  47.22	
    399	  -0.28	   1.61	  0.003	0.99785							#	   1.22	  48.13	
    400	  -0.22	   1.63	  0.001	0.99792							#	   1.26	  47.63	
    401	  -0.27	   2.01	  0.003	0.99779							#	   1.13	  49.55	
    402	  -0.15	   2.23	  0.003	0.99785							#	   1.22	  47.47	
    403	  -0.20	   1.98	  0.002	0.99772							#	   1.31	  49.85	
    404	  -0.44	   1.55	 -0.000	0.99778							#	   1.22	  47.93	
    405	  -0.35	   1.50	  0.000	0.99775							#	   1.09	  48.69	
    406	  -0.22	   1.65	  0.001	0.99774							#	   1.07	  48.69	
    407	  -0.28	   1.46	  0.002	0.99769							#	   1.14	  50.81	
    408	  -0.31	   1.72	  0.003	0.99778							#	   1.13	  50.25	
    409	  -0.32	   2.10	  0.006	0.99770							#	   1.07	  51.16	
    410	  -0.20	   1.95	  0.009	0.99770							#	   1.20	  48.79	
    411	   0.07	   1.63	  0.013	0.99760							#	   1.12	  50.10	
    412	  -0.42	   1.30	  0.014	0.99758							#	   1.20	  50.05	
    413	  -0.30	   0.93	  0.016	0.99761							#	   1.19	  49.44	
    414	  -0.35	   0.55	  0.015	0.99768							#	   1.28	  49.39	
    415	  -0.28	   0.08	  0.015	0.99790							#	   1.17	  48.99	
    416	  -0.47	  -0.29	  0.015	0.99777							#	   1.23	  50.96	
    417	  -0.37	  -0.53	  0.017	0.99785							#	   1.11	  48.89	
    418	  -0.09	  -0.53	  0.016	0.99790							#	   1.19	  49.44	
    419	  -0.15	  -0.48	  0.019	0.99789							#	   1.22	  49.90	
    420	  -0.58	  -0.59	  0.019	0.99782							#	   1.38	  49.44	
    421	  -0.64	  -0.66	  0.015	0.99786							#	   1.03	  49.75	
    422	  -0.42	  -0.66	  0.018	0.99791							#	   1.03	  50.15	
    423	  -0.54	  -0.55	  0.018	0.99783							#	   1.25	  51.01	
    424	  -0.44	  -0.41	  0.017	0.99783							#	   1.15	  50.30	
    425	  -0.34	  -0.37	  0.017	0.99783							#	   1.22	  50.91	
    426	  -0.02	  -0.16	  0.017	0.99784							#	   1.04	  50.25	
    427	   0.29	  -0.06	  0.015	0.99781							#	   1.13	  50.25	
    428	   0.60	   0.09	  0.013	0.99783							#	   1.15	  49.75	
    429	   0.74	   0.34	  0.015	0.99773							#	   0.99	  50.71	
    430	   0.85	   0.63	  0.015	0.99774							#	   1.05	  50.61	
    431	   0.94	   0.95	  0.013	0.99779							#	   1.22	  48.48	
    432	   1.11	   1.20	  0.014	0.99779							#	   1.13	  48.69	
    433	   1.37	   1.62	  0.015	0.99774							#	   1.12	  48.94	
    434	   1.13	   1.86	  0.019	0.99769							#	   1.12	  47.98	
    435	   0.99	   1.93	  0.015	0.99772							#	   1.21	  47.83	
    436	   1.00	   2.16	  0.020	0.99773							#	   1.26	  47.27	
    437	   1.07	   2.28	  0.020	0.99767							#	   1.41	  47.98	
    438	   0.91	   2.59	  0.017	0.99775							#	   1.26	  47.68	
    439	   0.80	   2.24	  0.020	0.99768							#	   1.16	  48.13	
    440	   0.84	   1.96	  0.023	0.99755							#	   1.17	  49.04	
    441	   1.18	   2.15	  0.026	0.99763							#	   1.08	  47.32	
    442	   0.96	   2.21	  0.032	0.99745							#	   1.26	  47.78	
    443	   1.25	   1.85	  0.033	0.99731							#	   1.18	  48.74	
    444	   1.23	   1.59	  0.032	0.99735							#	   1.19	  48.28	
    445	   1.39	   1.20	  0.033	0.99718							#	   1.18	  49.49	
    446	   1.62	   0.69	  0.034	0.99719							#	   1.18	  50.40	
    447	   1.67	   0.43	  0.033	0.99724							#	   1.18	  48.43	
    448	   1.66	  -0.25	  0.036	0.99712							#	   1.02	  51.67	
    449	   1.59	  -0.74	  0.036	0.99719							#	   0.93	  51.77	
    450	   1.93	  -1.04	  0.034	0.99732							#	   1.03	  51.67	
    451	   2.13	  -1.23	  0.032	0.99710							#	   1.12	  54.04	
    452	   2.24	  -1.49	  0.032	0.99727							#	   0.97	  52.68	
    453	   2.35	  -1.65	  0.033	0.99734							#	   0.81	  52.32	
    454	   2.14	  -1.78	  0.031	0.99732							#	   0.73	  53.43	
    455	   1.97	  -1.92	  0.031	0.99705							#	   0.71	  55.25	
    456	   2.01	  -1.91	  0.031	0.99726							#	   0.67	  53.89	
    457	   1.98	  -1.88	  0.029	0.99719							#	   0.76	  53.54	
    458	   2.08	  -1.76	  0.031	0.99720							#	   0.99	  53.13	
    459	   2.06	  -1.62	  0.028	0.99719							#	   0.95	  53.94	
    460	   2.19	  -1.50	  0.028	0.99722							#	   0.98	  53.13	
    461	   2.32	  -1.39	  0.026	0.99735							#	   0.93	  53.23	
    462	   1.85	  -0.95	  0.025	0.99647							#	   1.02	  54.95	
    463	   1.98	  -0.76	  0.026	0.99648							#	   0.90	  52.27	
    464	   2.65	  -0.71	  0.024	0.99697							#	   0.83	  50.30	
    465	   2.87	  -0.51	  0.023	0.99698							#	   0.82	  48.54	
    466	   2.96	  -0.19	  0.022	0.99686							#	   0.83	  49.49	
    467	   3.29	   0.12	  0.022	0.99687							#	   0.88	  48.13	
    468	   3.38	  -0.01	  0.021	0.99686							#	   0.86	  48.03	
    469	   3.49	   0.07	  0.020	0.99691							#	   0.91	  48.89	
    470	   3.61	   0.21	  0.018	0.99691							#	   0.90	  48.59	
    471	   3.58	   0.19	  0.017	0.99695							#	   0.90	  48.89	
    472	   3.59	   0.02	  0.016	0.99700							#	   0.98	  48.59	
    473	   3.61	   0.31	  0.017	0.99707							#	   0.92	  49.39	
    474	   3.54	   0.34	  0.017	0.99691							#	   0.89	  51.16	
    475	   3.52	  -0.39	  0.012	0.99716							#	   0.82	  52.53	
    476	   3.54	  -0.43	  0.011	0.99724							#	   0.76	  52.98	
    477	   3.62	  -0.34	  0.010	0.99698							#	   0.77	  50.56	
    478	   3.53	  -0.34	  0.011	0.99706							#	   0.80	  55.51	
    479	   3.77	  -0.12	  0.015	0.99702							#	   0.86	  51.36	
    480	   3.73	  -0.27	  0.014	0.99697							#	   0.94	  53.08	
    481	   4.24	  -0.71	  0.015	0.99682							#	   0.84	  51.11	
    482	   4.19	  -1.16	  0.017	0.99689							#	   0.86	  53.03	
    483	   3.91	  -1.76	  0.015	0.99699							#	   0.88	  51.36	
    484	   3.67	  -2.04	  0.012	0.99700							#	   0.89	  49.95	
    485	   3.78	  -2.27	  0.009	0.99704							#	   0.92	  50.00	
    486	   4.03	  -2.71	  0.008	0.99708							#	   1.01	  50.10	
    487	   4.05	  -2.65	  0.014	0.99720							#	   0.95	  50.76	
    488	   3.81	  -2.72	  0.010	0.99717							#	   0.90	  49.19	
    489	   3.55	  -2.30	  0.012	0.99720							#	   0.86	  50.91	
    490	   3.51	  -1.94	  0.013	0.99729							#	   0.78	  50.81	
    491	   3.62	  -1.75	  0.013	0.99730							#	   0.78	  51.16	
    492	   3.72	  -1.47	  0.013	0.99724							#	   0.86	  53.23	
    493	   3.45	  -1.12	  0.014	0.99726							#	   0.89	  53.28	
    494	   3.14	  -0.78	  0.015	0.99721							#	   0.90	  54.80	
    495	   3.10	  -0.52	  0.011	0.99723							#	   0.86	  55.40	
    496	   3.31	  -0.13	  0.011	0.99730							#	   0.84	  54.24	
    497	   3.24	   0.21	  0.013	0.99731							#	   0.86	  53.33	
    498	   3.18	   0.48	  0.011	0.99728							#	   0.92	  53.99	
    499	   3.20	   0.80	  0.010	0.99738							#	   0.97	  50.96	
    500	   3.11	   1.04	  0.009	0.99736							#	   0.99	  50.96	
    501	   2.87	   1.43	  0.010	0.99734							#	   1.10	  50.71	
    502	   2.69	   1.73	  0.010	0.99724							#	   1.14	  51.06	
    503	   2.55	   1.95	  0.007	0.99735							#	   1.17	  47.58	
    504	   2.63	   2.37	  0.013	0.99729							#	   1.19	  49.24	
    505	   2.81	   2.56	  0.009	0.99718							#	   1.18	  49.14	
    506	   2.94	   2.92	  0.013	0.99717							#	   1.19	  49.44	
    507	   2.67	   3.16	  0.012	0.99717							#	   1.33	  48.18	
    508	   2.90	   3.09	  0.014	0.99710							#	   1.21	  49.24	
    509	   3.06	   3.06	  0.011	0.99716							#	   1.11	  49.24	
    510	   3.29	   3.18	  0.014	0.99715							#	   1.10	  52.22	
    511	   3.07	   2.96	  0.016	0.99711							#	   1.16	  49.19	
    512	   2.82	   3.35	  0.018	0.99699							#	   1.20	  51.41	
    513	   3.10	   3.30	  0.021	0.99693							#	   1.28	  51.62	
    514	   2.85	   3.11	  0.021	0.99686							#	   1.16	  52.78	
    515	   2.96	   3.13	  0.021	0.99695							#	   1.20	  51.97	
    516	   2.59	   2.71	  0.020	0.99682							#	   1.15	  54.70	
    517	   2.41	   2.24	  0.018	0.99683							#	   1.13	  55.20	
    518	   2.04	   1.83	  0.017	0.99676							#	   1.20	  55.45	
    519	   1.76	   1.45	  0.020	0.99689							#	   1.05	  54.24	
    520	   1.43	   1.46	  0.018	0.99688							#	   1.10	  55.76	
    521	   1.06	   1.18	  0.020	0.99693							#	   1.16	  56.06	
    522	   1.09	   1.34	  0.018	0.99688							#	   1.18	  56.31	
    523	   1.07	   1.46	  0.015	0.99687							#	   1.23	  54.80	
    524	   0.95	   1.49	  0.015	0.99691							#	   1.27	  56.52	
    525	   0.62	   1.19	  0.015	0.99692							#	   1.25	  55.81	
    526	   0.18	   1.13	  0.015	0.99702							#	   1.42	  56.11	
    527	   0.05	   0.77	  0.013	0.99692							#	   1.17	  58.79	
    528	   0.14	   0.65	  0.014	0.99704							#	   1.18	  57.22	
    529	   0.13	   0.60	  0.017	0.99705							#	   0.92	  59.09	
    530	  -0.24	   0.67	  0.015	0.99706							#	   0.70	  57.93	
    531	  -0.30	   0.78	  0.012	0.99701							#	   0.66	  60.10	
    532	  -0.24	   0.75	  0.013	0.99715							#	   0.67	  58.94	
    533	  -0.60	   0.79	  0.012	0.99711							#	   0.66	  60.86	
    534	  -0.88	   0.75	  0.010	0.99715							#	   0.75	  59.09	
    535	  -1.19	   0.84	  0.010	0.99718							#	   1.05	  60.66	
    536	  -1.18	   0.92	  0.006	0.99722							#	   1.19	  59.39	
    537	  -1.28	   1.26	  0.004	0.99720							#	   1.09	  57.12	
    538	  -1.30	   1.40	  0.001	0.99714							#	   1.16	  57.02	
    539	  -1.28	   1.54	 -0.001	0.99714							#	   1.17	  55.96	
    540	  -1.34	   1.68	 -0.002	0.99717							#	   1.32	  52.68	
    541	  -1.43	   1.94	 -0.004	0.99711							#	   1.43	  52.83	
    542	  -1.52	   1.96	 -0.004	0.99696							#	   1.21	  55.05	
    543	  -1.40	   1.64	 -0.005	0.99705							#	   1.15	  54.39	
    544	  -1.48	   1.36	 -0.006	0.99698							#	   1.30	  54.09	
    545	  -1.39	   1.54	 -0.008	0.99698							#	   1.57	  53.74	
    546	  -1.44	   2.01	 -0.005	0.99682							#	   1.29	  56.26	
    547	  -1.43	   1.14	 -0.007	0.99671							#	   1.21	  56.41	
    548	  -1.27	   0.66	 -0.007	0.99683							#	   1.21	  56.21	
    549	  -1.07	   0.65	 -0.008	0.99679							#	   1.46	  57.78	
    550	  -0.93	   0.30	 -0.009	0.99679							#	   1.30	  58.18	
    551	  -0.83	  -0.07	 -0.007	0.99690							#	   1.16	  58.38	
    552	  -0.85	   0.25	 -0.006	0.99691							#	   1.00	  56.72	
    553	  -1.02	   0.22	 -0.006	0.99681							#	   1.28	  55.96	
    554	  -0.99	  -0.09	 -0.004	0.99675							#	   1.37	  53.89	
    555	  -0.97	  -0.49	 -0.003	0.99675							#	   1.24	  54.95	
    556	  -0.97	  -0.89	 -0.003	0.99674							#	   1.03	  55.35	
    557	  -1.29	  -1.23	 -0.002	0.99679							#	   1.03	  57.37	
    558	  -1.35	  -1.89	 -0.005	0.99679							#	   1.15	  55.61	
    559	  -1.57	  -2.26	 -0.001	0.99688							#	   1.22	  56.36	
    560	  -1.64	  -2.15	 -0.003	0.99687							#	   1.12	  55.30	
    561	  -1.69	  -2.12	 -0.004	0.99687							#	   1.04	  54.39	
    562	  -1.54	  -2.07	 -0.001	0.99689							#	   0.91	  53.64	
    563	  -1.31	  -2.11	 -0.004	0.99699							#	   0.77	  52.47	
    564	  -0.88	  -2.03	 -0.005	0.99704							#	   0.65	  51.87	
    565	  -1.46	  -1.92	 -0.005	0.99695							#	   0.82	  52.53	
    566	  -1.54	  -1.73	 -0.006	0.99690							#	   1.03	  54.90	
    567	  -1.24	  -1.57	 -0.011	0.99688							#	   0.94	  55.40	
    568	  -0.69	  -1.51	 -0.012	0.99689							#	   0.88	  54.85	
    569	  -0.29	  -1.48	 -0.012	0.99694							#	   0.75	  54.14	
    570	   0.17	  -1.36	 -0.014	0.99698							#	   0.91	  52.42	
    571	   0.50	  -1.15	 -0.016	0.99698							#	   0.95	  51.77	
    572	   0.61	  -1.01	 -0.016	0.99699							#	   0.97	  51.92	
    573	   1.03	  -0.73	 -0.020	0.99700							#	   0.84	  50.35	
    574	   1.19	  -0.37	 -0.019	0.99707							#	   0.80	  48.99	
    575	   1.20	  -0.12	 -0.019	0.99698							#	   1.02	  48.79	
    576	   1.26	   0.14	 -0.018	0.99697							#	   1.08	  48.74	
    577	   1.18	   0.64	 -0.018	0.99691							#	   0.93	  47.53	
    578	   1.28	   0.83	 -0.017	0.99683							#	   0.88	  47.73	
    579	   1.36	   0.79	 -0.012	0.99682							#	   1.00	  48.08	
    580	   1.29	   0.92	 -0.013	0.99684							#	   1.16	  47.22	
    581	   1.40	   1.20	 -0.011	0.99677							#	   0.91	  48.59	
    582	   1.34	   0.82	 -0.013	0.99692							#	   0.68	  48.48	
    583	   0.98	   0.60	 -0.008	0.99680							#	   0.47	  49.09	
    584	   0.99	   0.92	 -0.004	0.99683							#	   0.46	  50.51	
    585	   1.17	   0.95	  0.001	0.99676							#	   0.46	  50.00	
    586	   1.15	   0.71	  0.007	0.99665							#	   0.48	  50.66	
    587	   1.14	   0.67	  0.008	0.99659							#	   0.63	  48.84	
    588	   1.09	   0.46	  0.010	0.99662							#	   0.72	  48.03	
    589	   1.12	  -0.09	  0.009	0.99658							#	   0.66	  49.24	
    590	   0.98	  -0.48	  0.007	0.99669							#	   0.63	  48.18	
    591	   0.64	  -1.39	  0.007	0.99670							#	   0.66	  50.00	
    592	   0.29	  -1.99	  0.006	0.99660							#	   0.71	  51.92	
    593	   0.32	  -2.30	  0.007	0.99666							#	   0.73	  51.36	
    594	   0.45	  -2.34	  0.009	0.99673							#	   0.74	  50.05	
    595	   0.60	  -2.43	  0.009	0.99673							#	   0.70	  50.30	
    596	   0.47	  -2.84	  0.010	0.99682							#	   0.81	  49.85	
    597	   0.14	  -3.00	  0.010	0.99678							#	   0.78	  50.76	
    598	  -0.08	  -2.75	  0.010	0.99682							#	   0.86	  51.06	
    599	   0.02	  -2.63	  0.010	0.99675							#	   0.77	  51.62	
    600	   0.02	  -2.45	  0.008	0.99680							#	   0.90	  51.52	
    601	   0.22	  -2.03	  0.006	0.99681							#	   0.70	  51.92	
    602	   0.23	  -1.86	  0.006	0.99680							#	   0.82	  53.43	
    603	   0.36	  -1.82	  0.005	0.99687							#	   0.80	  53.08	
    604	   0.49	  -1.67	  0.004	0.99690							#	   0.77	  52.32	
    605	   0.59	  -1.38	  0.002	0.99690							#	   0.80	  53.79	
    606	   0.61	  -0.94	 -0.000	0.99694							#	   0.77	  51.97	
    607	   0.72	  -0.43	 -0.000	0.99693							#	   0.80	  51.06	
    608	   0.95	  -0.04	 -0.002	0.99691							#	   0.71	  50.71	
    609	   0.98	   0.34	 -0.003	0.99686							#	   0.74	  50.71	
    610	   1.08	   0.57	 -0.003	0.99692							#	   0.75	  50.51	
    611	   0.88	   0.73	 -0.002	0.99673							#	   0.78	  50.15	
    612	   0.88	   0.90	 -0.003	0.99680							#	   0.81	  50.66	
    613	   1.02	   0.85	 -0.004	0.99674							#	   0.85	  50.40	
    614	   0.95	   1.03	 -0.002	0.99671							#	   0.81	  50.91	
    615	   0.78	   1.18	 -0.001	0.99675							#	   0.82	  51.16	
    616	   0.64	   1.73	 -0.003	0.99672							#	   0.95	  49.95	
    617	   0.61	   1.06	 -0.001	0.99654							#	   0.79	  52.27	
    618	   0.80	   0.84	 -0.005	0.99669							#	   0.78	  51.67	
    619	   0.97	   0.89	 -0.005	0.99667							#	   0.75	  51.36	
    620	   0.92	   0.81	 -0.004	0.99659							#	   0.84	  51.06	
    621	   0.96	   0.63	 -0.002	0.99661							#	   0.78	  52.58	
    622	   0.82	   0.64	 -0.000	0.99674							#	   0.87	  50.56	
    623	   0.51	   0.37	  0.002	0.99666							#	   0.84	  50.00	
    624	   0.23	   0.17	  0.004	0.99662							#	   0.92	  50.30	
    625	   0.38	  -0.29	  0.001	0.99658							#	   0.85	  51.11	
    626	   0.68	  -0.76	  0.002	0.99677							#	   0.75	  51.57	
    627	   0.31	  -1.29	  0.004	0.99695							#	   0.79	  49.90	
    628	  -0.34	  -1.37	  0.003	0.99689							#	   0.93	  50.81	
    629	  -0.60	  -1.46	  0.006	0.99695							#	   0.96	  51.62	
    630	  -0.72	  -1.82	  0.003	0.99694							#	   0.95	  51.82	
    631	  -0.64	  -1.90	  0.006	0.99702							#	   0.97	  51.36	
    632	  -0.63	  -1.68	  0.007	0.99706							#	   1.00	  50.66	
    633	  -0.81	  -1.38	  0.007	0.99698							#	   0.98	  51.21	
    634	  -0.82	  -1.11	  0.007	0.99702							#	   1.06	  50.71	
    635	  -1.22	  -0.80	  0.007	0.99690							#	   1.06	  51.41	
    636	  -1.25	  -0.72	  0.006	0.99693							#	   1.11	  52.42	
    637	  -1.15	  -0.47	  0.007	0.99695							#	   1.01	  52.27	
    638	  -0.93	  -0.49	  0.008	0.99693							#	   0.94	  52.37	
    639	  -0.77	  -0.43	  0.008	0.99695							#	   0.97	  51.97	
    640	  -0.52	  -0.28	  0.008	0.99698							#	   0.97	  51.77	
    641	  -0.36	  -0.21	  0.007	0.99696							#	   1.07	  52.42	
    642	  -0.25	   0.15	  0.005	0.99689							#	   1.08	  51.92	
    643	   0.13	   0.48	  0.004	0.99691							#	   0.99	  50.00	
    644	   0.22	   0.84	  0.008	0.99692							#	   1.01	  49.34	
    645	   0.61	   1.22	  0.007	0.99677							#	   1.08	  50.35	
    646	   0.65	   1.64	  0.010	0.99676							#	   1.16	  47.53	
    647	   1.31	   1.91	  0.008	0.99673							#	   1.05	  47.93	
    648	   1.58	   2.40	  0.013	0.99672							#	   1.14	  47.93	
    649	   1.48	   2.67	  0.013	0.99665							#	   1.07	  46.82	
    650	   1.42	   2.63	  0.015	0.99668							#	   1.22	  47.27	
    651	   1.38	   3.03	  0.013	0.99672							#	   1.25	  47.88	
    652	   1.43	   3.34	  0.018	0.99676							#	   1.14	  47.63	
    653	   1.05	   2.70	  0.017	0.99665							#	   1.16	  48.54	
    654	   1.31	   2.84	  0.024	0.99675							#	   1.08	  48.84	
    655	   1.00	   3.37	  0.024	0.99692							#	   1.17	  46.82	
    656	   0.68	   3.21	  0.028	0.99706							#	   1.15	  45.66	
    657	   0.52	   3.02	  0.029	0.99670							#	   1.23	  47.42	
    658	   0.43	   2.72	  0.028	0.99655							#	   1.26	  47.98	
    659	   0.39	   2.44	  0.031	0.99660							#	   1.23	  47.12	
    660	   0.27	   2.44	  0.034	0.99655							#	   1.33	  46.36	
    661	   0.17	   2.00	  0.035	0.99655							#	   1.17	  45.45	
    662	   0.07	   1.43	  0.034	0.99660							#	   1.09	  45.20	
    663	   0.13	   1.20	  0.031	0.99660							#	   1.12	  45.05	
    664	   0.42	   0.87	  0.031	0.99651							#	   1.07	  44.90	
    665	   0.52	   0.66	  0.030	0.99655							#	   0.94	  44.44	
    666	   0.47	   0.30	  0.028	0.99664							#	   0.86	  45.10	
    667	   0.40	   0.06	  0.027	0.99666							#	   0.70	  46.06	
    668	   0.15	  -0.19	  0.027	0.99668							#	   0.70	  46.01	
    669	   0.08	  -0.55	  0.028	0.99668							#	   0.74	  47.02	
    670	   0.10	  -0.75	  0.027	0.99668							#	   0.73	  48.94	
    671	   0.08	  -0.78	  0.025	0.99669							#	   0.86	  48.94	
    672	   0.13	  -0.57	  0.024	0.99666							#	   0.76	  49.29	
    673	   0.25	  -0.36	  0.023	0.99666							#	   0.87	  50.10	
    674	   0.20	  -0.26	  0.021	0.99666							#	   0.90	  50.45	
    675	   0.04	   0.07	  0.020	0.99663							#	   1.24	  51.52	
    676	   0.12	   0.35	  0.020	0.99664							#	   0.80	  51.41	
    677	   0.34	   0.74	  0.018	0.99664							#	   0.99	  50.30	
    678	   0.31	   1.06	  0.017	0.99658							#	   1.06	  50.00	
    679	   0.50	   1.28	  0.014	0.99658							#	   0.94	  49.24	
    680	   1.05	   1.51	  0.013	0.99661							#	   0.98	  49.29	
    681	   1.27	   1.72	  0.013	0.99657							#	   1.14	  48.74	
    682	   1.29	   1.74	  0.012	0.99649							#	   0.87	  49.04	
    683	   1.49	   1.74	  0.013	0.99642							#	   1.13	  49.24	
    684	   1.54	   1.68	  0.012	0.99645							#	   0.89	  48.54	
    685	   1.61	   1.44	  0.011	0.99639							#	   1.01	  49.60	
    686	   1.68	   1.33	  0.009	0.99639							#	   0.88	  49.75	
    687	   2.00	   1.71	  0.010	0.99638							#	   0.94	  49.14	
    688	   2.10	   1.80	  0.008	0.99630							#	   1.09	  48.64	
    689	   2.27	   0.92	  0.007	0.99622							#	   1.00	  48.13	
    690	   2.31	   0.75	  0.004	0.99625							#	   1.02	  49.39	
    691	   2.49	   0.52	  0.004	0.99625							#	   1.08	  47.42	
    692	   2.52	   0.33	  0.003	0.99630							#	   0.93	  46.92	
    693	   2.51	  -0.15	  0.002	0.99637							#	   0.94	  46.21	
    694	   2.50	  -0.18	  0.003	0.99634							#	   1.13	  45.35	
    695	   2.71	  -0.36	  0.006	0.99624							#	   1.01	  45.40	
    696	   2.84	  -0.81	  0.004	0.99627							#	   1.04	  44.60	
    697	   2.85	  -1.16	  0.003	0.99636							#	   1.10	  43.79	
    698	   2.58	  -1.73	  0.001	0.99631							#	   1.03	  42.47	
    699	   2.58	  -2.36	 -0.002	0.99644							#	   1.08	  41.36	
    700	   2.63	  -2.73	  0.002	0.99657							#	   1.19	  43.08	
    701	   2.34	  -3.30	  0.000	0.99651							#	   1.13	  41.46	
    702	   1.99	  -3.38	 -0.001	0.99651							#	   1.09	  42.73	
    703	   1.81	  -3.28	 -0.000	0.99652							#	   1.24	  41.31	
    704	   1.70	  -3.21	 -0.000	0.99648							#	   1.06	  42.93	
    705	   1.84	  -3.27	 -0.006	0.99650							#	   1.15	  42.88	
    706	   1.84	  -3.14	  0.003	0.99647							#	   1.19	  43.43	
    707	   1.12	  -2.95	 -0.001	0.99643							#	   1.18	  44.39	
    708	   0.63	  -2.80	 -0.001	0.99636							#	   1.31	  45.51	
    709	   0.82	  -2.81	 -0.003	0.99634							#	   1.12	  46.11	
    710	   0.71	  -2.72	 -0.001	0.99639							#	   1.09	  46.77	
    711	   0.78	  -2.80	 -0.002	0.99633							#	   1.08	  47.07	
    712	   0.98	  -2.69	 -0.002	0.99632							#	   0.98	  47.27	
    713	   1.10	  -2.54	 -0.005	0.99631							#	   0.98	  45.71	
    714	   1.40	  -2.40	 -0.005	0.99625							#	   0.94	  47.07	
    715	   1.40	  -2.20	 -0.004	0.99621							#	   0.91	  46.72	
    716	   1.47	  -2.06	 -0.003	0.99616							#	   0.81	  47.27	
    717	   1.75	  -1.82	 -0.003	0.99611							#	   0.80	  46.82	
    718	   1.91	  -1.67	 -0.005	0.99610							#	   0.82	  46.87	
    719	   1.90	  -1.62	 -0.002	0.99597							#	   0.94	  47.98	
    720	   1.82	  -1.50	 -0.004	0.99595							#	   1.05	  44.65	
    721	   2.23	  -1.36	 -0.005	0.99596							#	   0.87	  44.65	
    722	   2.38	  -1.43	 -0.001	0.99597							#	   0.88	  46.06	
    723	   2.24	  -1.30	 -0.004	0.99597							#	   0.90	  45.25	
    724	   2.46	  -1.16	 -0.005	0.99606							#	   0.87	  46.77	
    725	   2.49	  -1.63	 -0.007	0.99606							#	   0.86	  45.66	
    726	   2.45	  -1.76	 -0.001	0.99610							#	   0.91	  46.82	
    727	   2.48	  -1.51	  0.003	0.99605							#	   0.90	  44.55	
    728	   2.47	  -1.61	  0.004	0.99607							#	   0.86	  44.39	
    729	   2.47	  -1.79	  0.009	0.99597							#	   0.98	  43.84	
    730	   2.42	  -1.76	  0.010	0.99596							#	   0.88	  42.83	
    731	   2.37	  -2.05	  0.009	0.99600							#	   0.91	  42.73	
    732	   1.96	  -2.78	  0.011	0.99605							#	   0.95	  41.97	
    733	   1.46	  -3.14	  0.011	0.99608							#	   0.95	  41.31	
    734	   1.19	  -3.97	  0.008	0.99614							#	   1.02	  41.41	
    735	   1.11	  -4.04	  0.009	0.99618							#	   0.97	  41.26	
    736	   1.22	  -4.00	  0.009	0.99621							#	   0.98	  41.31	
    737	   1.22	  -4.28	  0.008	0.99630							#	   0.98	  41.87	
    738	   1.20	  -4.36	  0.006	0.99634							#	   0.99	  41.31	
    739	   0.96	  -4.32	  0.007	0.99629							#	   0.97	  41.62	
    740	   0.76	  -4.48	  0.007	0.99625							#	   1.00	  42.58	
    741	   0.65	  -4.63	  0.005	0.99635							#	   0.99	  43.54	
    742	   0.33	  -4.41	  0.006	0.99634							#	   1.04	  43.64	
    743	   0.01	  -3.99	  0.006	0.99624							#	   1.00	  45.20	
    744	   0.03	  -4.02	  0.004	0.99626							#	   1.09	  46.57	
    745	   0.00	  -3.67	  0.004	0.99625							#	   1.00	  47.83	
    746	  -0.35	  -3.59	  0.004	0.99624							#	   1.04	  47.88	
    747	  -0.51	  -3.18	  0.005	0.99621							#	   1.05	  48.23	
    748	  -0.52	  -2.91	  0.005	0.99619							#	   1.03	  50.35	
    749	  -0.61	  -2.48	  0.005	0.99619							#	   1.08	  50.25	
    750	  -0.77	  -2.00	  0.004	0.99618							#	   1.13	  51.21	
    751	  -0.93	  -1.51	  0.003	0.99617							#	   1.06	  51.21	
    752	  -0.98	  -1.01	  0.003	0.99607							#	   1.09	  50.66	
    753	  -1.03	  -0.41	  0.006	0.99593							#	   1.14	  50.71	
    754	  -1.11	  -0.18	  0.005	0.99584							#	   1.20	  50.30	
    755	  -1.25	   0.03	  0.007	0.99582							#	   1.20	  50.40	
    756	  -1.40	   0.18	  0.007	0.99571							#	   1.17	  49.70	
    757	  -1.52	   0.09	  0.006	0.99564							#	   1.19	  48.99	
    758	  -1.25	   0.01	  0.003	0.99581							#	   1.20	  49.19	
    759	  -1.03	   0.38	  0.005	0.99578							#	   1.24	  49.24	
    760	  -1.22	   0.08	  0.006	0.99564							#	   1.24	  48.38	
    761	  -1.19	  -0.57	  0.001	0.99571							#	   1.18	  48.48	
    762	  -0.88	  -0.71	 -0.003	0.99580							#	   1.18	  47.42	
    763	  -0.71	  -0.74	 -0.001	0.99566							#	   1.25	  49.04	
    764	  -0.66	  -1.05	 -0.001	0.99573							#	   1.13	  45.81	
    765	  -0.67	  -1.14	  0.001	0.99567							#	   1.18	  44.49	
    766	  -0.85	  -1.42	  0.002	0.99566							#	   1.23	  44.14	
    767	  -0.80	  -1.82	  0.001	0.99552							#	   1.26	  43.84	
    768	  -0.75	  -2.34	 -0.002	0.99568							#	   1.16	  42.17	
    769	  -0.71	  -2.86	 -0.003	0.99578							#	   1.15	  41.67	
    770	  -0.98	  -3.25	 -0.001	0.99570							#	   1.23	  41.36	
    771	  -1.02	  -3.36	 -0.002	0.99567							#	   1.23	  42.02	
    772	  -0.78	  -3.51	 -0.002	0.99570							#	   1.20	  40.66	
    773	  -0.79	  -3.61	  0.000	0.99572							#	   1.20	  40.51	
    774	  -0.94	  -3.47	 -0.000	0.99569							#	   1.24	  40.00	
    775	  -0.61	  -3.20	 -0.002	0.99556							#	   1.28	  40.76	
    776	  -0.18	  -3.06	 -0.002	0.99558							#	   1.25	  40.71	
    777	  -0.54	  -2.89	  0.001	0.99547							#	   1.32	  40.66	
    778	  -0.90	  -2.41	  0.000	0.99539							#	   1.33	  41.36	
    779	  -0.75	  -2.11	 -0.000	0.99538							#	   1.37	  42.98	
    780	  -0.84	  -1.94	 -0.001	0.99549							#	   1.44	  42.37	
    781	  -0.70	  -1.80	 -0.001	0.99548							#	   1.28	  43.43	
    782	  -0.70	  -1.73	 -0.000	0.99542							#	   1.17	  44.85	
    783	  -0.65	  -1.49	 -0.001	0.99539							#	   1.06	  44.90	
    784	  -0.55	  -1.16	 -0.001	0.99542							#	   0.91	  45.66	
    785	  -0.34	  -0.81	 -0.003	0.99537							#	   0.69	  45.66	
    786	  -0.51	  -0.33	  0.001	0.99527							#	   0.51	  45.91	
    787	  -0.47	   0.01	 -0.000	0.99518							#	   0.42	  46.46	
    788	  -0.41	   0.50	 -0.001	0.99514							#	   0.48	  45.66	
    789	  -0.38	   1.12	  0.002	0.99505							#	   0.53	  45.30	
    790	  -0.25	   1.40	  0.003	0.99495							#	   0.63	  44.75	
    791	   0.07	   1.58	  0.001	0.99492							#	   0.78	  45.15	
    792	   0.18	   1.84	  0.001	0.99489							#	   0.84	  44.24	
    793	   0.45	   2.02	 -0.000	0.99490							#	   0.86	  43.48	
    794	   0.66	   2.31	 -0.004	0.99492							#	   0.85	  43.94	
    795	   0.97	   2.71	 -0.005	0.99489							#	   0.87	  44.75	
    796	   0.81	   2.47	 -0.005	0.99488							#	   0.83	  42.47	
    797	   1.05	   2.39	 -0.004	0.99463							#	   0.92	  44.85	
    798	   1.17	   2.58	 -0.003	0.99472							#	   0.89	  41.62	
    799	   1.35	   2.21	 -0.003	0.99465							#	   0.89	  43.38	
    800	   1.44	   1.84	 -0.004	0.99472							#	   0.83	  41.82	
    801	   1.69	   1.92	 -0.007	0.99470							#	   0.78	  41.26	
    802	   1.57	   1.34	 -0.010	0.99487							#	   0.69	  41.82	
    803	   1.42	   0.81	 -0.010	0.99484							#	   0.61	  41.87	
    804	   1.04	   0.12	 -0.011	0.99490							#	   0.59	  42.42	
    805	   0.65	   0.01	 -0.009	0.99475							#	   0.64	  41.57	
    806	   0.60	  -0.16	 -0.008	0.99491							#	   0.62	  40.56	
    807	   0.59	  -0.33	 -0.007	0.99484							#	   0.66	  41.26	
    808	   0.75	  -0.30	 -0.008	0.99490							#	   0.67	  40.91	
    809	   0.76	  -0.16	 -0.008	0.99472							#	   0.71	  39.70	
    810	   0.55	  -0.13	 -0.010	0.99470							#	   0.72	  41.11	
    811	   0.69	  -0.43	 -0.010	0.99464							#	   0.69	  40.66	
    812	   0.48	  -0.65	 -0.011	0.99463							#	   0.75	  41.72	
    813	   0.46	  -0.81	 -0.010	0.99453							#	   0.81	  42.63	
    814	  -0.40	  -0.68	 -0.008	0.99435							#	   0.83	  43.03	
    815	   0.35	  -0.60	 -0.011	0.99439							#	   0.81	  41.92	
    816	   0.77	  -0.48	 -0.007	0.99435							#	   0.83	  42.27	
    817	   1.04	  -0.40	 -0.004	0.99425							#	   0.82	  44.39	
    818	   0.24	  -0.31	 -0.001	0.99433							#	   0.82	  41.92	
    819	   0.17	  -0.12	  0.001	0.99439							#	   0.78	  42.58	
    820	  -0.12	   0.04	  0.004	0.99432							#	   0.82	  43.08	
    821	   0.20	   0.44	  0.002	0.99435							#	   0.82	  41.57	
    822	   0.40	   0.80	  0.001	0.99422							#	   0.87	  42.22	
    823	   0.44	   1.04	  0.002	0.99417							#	   0.87	  40.56	
    824	   0.61	   1.61	 -0.001	0.99412							#	   0.89	  39.55	
    825	   0.62	   2.06	 -0.000	0.99395							#	   0.95	  39.75	
    826	   0.51	   2.15	  0.001	0.99383							#	   0.95	  39.60	
    827	   0.57	   1.98	 -0.000	0.99374							#	   0.91	  38.64	
    828	   0.59	   1.82	  0.001	0.99366							#	   0.92	  39.44	
    829	   0.49	   1.50	  0.001	0.99358							#	   0.92	  38.64	
    830	   0.44	   1.69	  0.000	0.99367							#	   0.95	  37.32	
    831	   0.33	   0.93	 -0.001	0.99351							#	   0.99	  39.70	
    832	   0.13	  -0.48	 -0.006	0.99354							#	   0.89	  39.39	
    833	   0.06	  -1.28	 -0.007	0.99367							#	   0.86	  37.68	
    834	   0.16	  -1.37	 -0.007	0.99366							#	   0.88	  37.17	
    835	  -0.02	  -1.75	 -0.007	0.99367							#	   0.92	  36.92	
    836	  -0.16	  -1.85	 -0.007	0.99382							#	   0.97	  34.65	
    837	  -0.52	  -2.23	 -0.006	0.99374							#	   1.00	  33.74	
    838	  -0.97	  -2.73	 -0.004	0.99360							#	   1.02	  33.79	
    839	  -1.27	  -3.41	 -0.004	0.99363							#	   1.04	  31.82	
    840	  -1.33	  -4.49	 -0.003	0.99359							#	   1.10	  30.66	
    841	  -1.60	  -5.45	 -0.003	0.99373							#	   1.06	  30.40	
    842	  -1.99	  -6.17	 -0.004	0.99395							#	   1.07	  30.35	
    843	  -2.47	  -6.84	 -0.002	0.99389							#	   1.17	  30.86	
    844	  -2.54	  -7.27	 -0.002	0.99391							#	   1.20	  30.66	
    845	  -2.41	  -7.57	 -0.002	0.99392							#	   1.15	  30.30	
    846	  -2.76	  -7.79	 -0.002	0.99389							#	   1.29	  30.05	
    847	  -2.64	  -7.72	 -0.002	0.99386							#	   1.15	  30.51	
    848	  -2.43	  -7.47	  0.000	0.99379							#	   1.19	  31.36	
    849	  -2.64	  -7.16	  0.001	0.99371							#	   1.31	  32.12	
    850	  -2.53	  -6.86	  0.001	0.99377							#	   1.25	  32.27	
    851	  -2.39	  -6.84	  0.003	0.99374							#	   1.13	  32.58	
    852	  -2.29	  -6.78	  0.005	0.99374							#	   1.09	  34.09	
    853	  -2.14	  -6.52	  0.006	0.99370							#	   1.09	  34.90	
    854	  -1.63	  -5.93	  0.006	0.99369							#	   1.03	  34.44	
    855	  -1.73	  -5.32	  0.009	0.99350							#	   0.96	  35.76	
    856	  -1.87	  -4.61	  0.008	0.99343							#	   0.95	  35.15	
    857	  -1.87	  -3.88	  0.010	0.99334							#	   0.84	  35.30	
    858	  -1.58	  -3.19	  0.010	0.99318							#	   0.71	  36.36	
    859	  -1.15	  -2.57	  0.010	0.99307							#	   0.70	  34.60	
    860	  -1.12	  -2.17	  0.013	0.99298							#	   0.71	  35.45	
    861	  -1.27	  -1.60	  0.014	0.99295							#	   0.72	  34.55	
    862	  -1.30	  -1.01	  0.015	0.99290							#	   0.79	  34.09	
    863	  -1.44	  -1.03	  0.018	0.99284							#	   0.95	  34.70	
    864	  -1.31	  -0.87	  0.017	0.99293							#	   0.85	  33.99	
    865	  -1.75	  -1.48	  0.018	0.99292							#	   0.93	  34.70	
    866	  -2.02	  -1.73	  0.017	0.99278							#	   0.92	  33.13	
    867	  -1.96	  -1.55	  0.020	0.99270							#	   0.98	  33.18	
    868	  -1.83	  -2.04	  0.021	0.99256							#	   1.01	  33.74	
    869	  -1.39	  -2.50	  0.020	0.99251							#	   1.03	  32.47	
    870	  -1.30	  -3.10	  0.014	0.99267							#	   0.93	  32.32	
    871	  -1.24	  -3.77	  0.010	0.99266							#	   1.01	  32.68	
    872	  -1.13	  -4.60	  0.009	0.99272							#	   1.00	  32.53	
    873	  -1.10	  -5.26	  0.009	0.99277							#	   1.01	  31.82	
    874	  -0.70	  -5.78	  0.010	0.99270							#	   1.01	  29.55	
    875	   0.04	  -6.22	  0.010	0.99260							#	   1.04	  29.60	
    876	   0.39	  -6.51	  0.008	0.99254							#	   1.15	  28.79	
    877	   0.87	  -6.66	  0.006	0.99258							#	   1.11	  28.54	
    878	   1.07	  -6.83	  0.003	0.99271							#	   1.08	  28.23	
    879	   1.10	  -7.30	  0.002	0.99278							#	   1.07	  27.93	
    880	   0.93	  -7.49	  0.002	0.99276							#	   1.15	  29.09	
    881	   0.77	  -7.40	  0.004	0.99270							#	   0.97	  28.54	
    882	   0.74	  -7.26	  0.003	0.99264							#	   0.99	  28.33	
    883	   0.60	  -6.98	  0.004	0.99249							#	   0.95	  28.43	
    884	   0.47	  -6.38	  0.005	0.99245							#	   0.95	  29.14	
    885	   0.11	  -5.71	  0.006	0.99242							#	   0.95	  28.43	
    886	   0.05	  -4.88	  0.005	0.99232							#	   0.97	  26.62	
    887	   0.02	  -4.21	  0.007	0.99233							#	   0.95	  26.06	
    888	  -0.34	  -3.51	  0.010	0.99229							#	   0.88	  25.86	
    889	  -0.60	  -2.77	  0.008	0.99219							#	   0.88	  24.95	
    890	  -0.74	  -1.92	  0.012	0.99203							#	   0.99	  24.34	
    891	  -0.85	  -1.21	  0.014	0.99197							#	   1.09	  25.30	
    892	  -0.78	  -0.62	  0.014	0.99183							#	   1.00	  24.09	
    893	  -0.81	  -0.28	  0.012	0.99168							#	   0.97	  22.63	
    894	  -0.95	   0.08	  0.015	0.99163							#	   0.99	  21.82	
    895	  -1.33	   0.21	  0.014	0.99159							#	   1.12	  22.42	
    896	  -1.46	  -0.01	  0.010	0.99149							#	   1.04	  20.45	
    897	  -1.96	  -0.03	  0.008	0.99141							#	   1.00	  20.30	
    898	  -1.90	  -0.09	  0.008	0.99142							#	   0.99	  21.11	
    899	  -2.26	  -0.21	  0.010	0.99142							#	   1.10	  19.14	
    900	  -2.62	  -1.18	  0.007	0.99128							#	   1.06	  18.23	
    901	  -3.51	  -1.60	 -0.004	0.99165							#	   0.97	  17.12	
    902	  -3.35	  -2.07	 -0.010	0.99171							#	   1.01	  17.93	
    903	  -3.70	  -2.52	 -0.015	0.99180							#	   1.07	  14.60	
    904	  -3.86	  -3.35	 -0.018	0.99186							#	   1.08	  17.32	
    905	  -4.55	  -3.72	 -0.020	0.99202							#	   1.09	  16.16	
    906	  -5.05	  -4.84	 -0.014	0.99202							#	   1.15	  17.73	
    907	  -5.84	  -5.74	 -0.020	0.99183							#	   1.23	  17.17	
    908	  -5.90	  -6.36	 -0.024	0.99184							#	   1.09	  18.43	
    909	  -6.37	  -6.71	 -0.031	0.99186							#	   1.16	  15.61	
    910	  -6.49	  -7.44	 -0.037	0.99200							#	   1.10	  16.26	
    911	  -6.78	  -7.74	 -0.041	0.99196							#	   1.12	  15.51	
    912	  -7.05	  -8.06	 -0.047	0.99209							#	   1.19	  15.61	
    913	  -7.45	  -8.61	 -0.048	0.99203							#	   1.17	  14.09	
    914	  -7.88	  -8.27	 -0.049	0.99183							#	   1.17	  14.14	
    915	  -8.02	  -7.71	 -0.049	0.99168							#	   1.17	  14.49	
    916	  -8.07	  -7.34	 -0.040	0.99143							#	   1.20	  12.22	
    917	  -8.51	  -6.67	 -0.039	0.99128							#	   1.09	  11.46	
    918	  -9.20	  -6.06	 -0.032	0.99105							#	   1.13	  10.15	
    919	  -9.41	  -5.61	 -0.020	0.99089							#	   1.00	   9.65	
    920	  -9.65	  -4.44	 -0.031	0.99093							#	   1.09	   9.29	
    921	  -9.63	  -3.77	 -0.024	0.99081							#	   1.09	   9.04	
    922	  -9.93	  -3.28	 -0.010	0.99054							#	   1.07	   8.18	
    923									skipped		#	   1.12	   7.78	
    924									skipped		#	   1.01	   7.68	
    925									skipped		#	   1.14	   6.87	
    926									skipped		#	   1.02	   6.11	
    927									skipped		#	   1.08	   6.31	
    928									skipped		#	   1.06	   4.95	
    929									skipped		#	   1.11	   4.70	
    930									skipped		#	   1.01	   4.14	
    931									skipped		#	   1.03	   4.19	
    932									skipped		#	   0.91	   4.65	
    933									skipped		#	   0.93	   5.25	
    934	  -8.21	   4.90	  0.033	0.99057							#	   0.92	   8.23	
    935	  -6.70	   4.22	 -0.001	0.99169							#	   0.92	  15.20	
    936	  -4.51	   3.30	  0.006	0.99286							#	   0.84	  18.18	
    937	  -4.15	   3.53	  0.010	0.99291							#	   0.97	  18.84	
    938	  -4.00	   3.40	  0.013	0.99271							#	   0.89	  19.14	
    939	  -3.70	   2.93	  0.018	0.99256							#	   0.83	  18.08	
    940	  -3.32	   2.51	  0.019	0.99294							#	   0.87	  18.43	
    941	  -2.75	   1.76	  0.017	0.99347							#	   0.81	  20.20	
    942	  -2.14	   1.15	  0.014	0.99402							#	   0.74	  23.23	
    943	  -1.72	   0.94	  0.013	0.99498							#	   0.67	  25.56	
    944	  -1.46	   0.17	  0.013	0.99501							#	   0.60	  22.53	
    945	  -1.16	  -0.39	  0.016	0.99489							#	   0.54	  24.04	
    946	  -0.69	  -0.44	  0.016	0.99495							#	   0.61	  23.84	
    947	  -0.01	  -0.54	  0.014	0.99480							#	   0.65	  23.59	
    948	   0.28	  -0.86	  0.014	0.99503							#	   0.59	  23.79	
    949	   0.30	  -1.39	  0.014	0.99508							#	   0.56	  24.34	
    950	   0.19	  -1.53	  0.016	0.99502							#	   0.56	  24.70	
    951	   0.38	  -1.43	  0.012	0.99494							#	   0.60	  25.25	
    952	   0.65	  -1.20	  0.016	0.99507							#	   0.66	  25.40	
    953	   0.69	  -0.88	  0.016	0.99512							#	   0.68	  24.55	
    954	   0.63	  -0.33	  0.016	0.99515							#	   0.70	  24.60	
    955	   1.11	   0.45	  0.020	0.99670							#	   0.72	  33.08	
    956	   1.12	   0.60	  0.021	0.99677							#	   0.79	  31.52	
    957	   0.85	   0.76	  0.018	0.99687							#	   0.80	  31.11	
    958	   0.93	   0.98	  0.018	0.99670							#	   0.79	  29.44	
    959	   0.90	   1.20	  0.018	0.99660							#	   0.81	  28.69	
    960	   0.80	   1.58	  0.016	0.99650							#	   0.87	  24.95	
    961	   0.83	   1.72	  0.013	0.99646							#	   0.77	  25.76	
    962	   0.73	   1.56	  0.013	0.99665							#	   0.81	  26.01	
    963	   0.65	   1.53	  0.015	0.99636							#	   0.76	  26.57	
    964	   0.75	   1.25	  0.014	0.99654							#	   0.78	  25.76	
    965	   0.61	   1.32	  0.010	0.99646							#	   0.80	  26.36	
    966	   0.71	   0.92	  0.014	0.99648							#	   0.73	  26.41	
    967	   0.48	   0.30	  0.011	0.99654							#	   0.67	  27.32	
    968	   0.23	   0.35	  0.011	0.99646							#	   0.70	  27.27	
    969	   0.18	   0.73	  0.012	0.99642							#	   0.68	  27.78	
    970	  -0.07	  -0.21	  0.008	0.99628							#	   0.63	  30.25	
    971	   0.60	  -1.14	  0.003	0.99742							#	   0.62	  25.05	
    972	   1.05	  -1.35	  0.004	0.99747							#	   0.62	  24.60	
    973	   0.94	  -1.68	 -0.001	0.99742							#	   0.60	  24.55	
    974	   0.82	  -2.04	 -0.001	0.99742							#	   0.58	  25.15	
    975	   0.60	  -2.23	 -0.002	0.99748							#	   0.51	  26.36	
    976	   0.36	  -2.67	  0.001	0.99730							#	   0.53	  27.22	
    977	   0.26	  -2.86	 -0.001	0.99732							#	   0.54	  26.06	
    978	   0.70	  -3.25	 -0.002	0.99749							#	   0.54	  25.51	
    979	   0.37	  -3.83	  0.001	0.99743							#	   0.58	  25.51	
    980	  -0.14	  -4.48	  0.004	0.99746							#	   0.60	  23.89	
    981	   0.11	  -4.46	  0.001	0.99763							#	   0.65	  23.89	
    982	   0.18	  -4.87	  0.002	0.99765							#	   0.70	  23.23	
    983	   0.25	  -5.40	  0.002	0.99775							#	   0.77	  22.78	
    984	   0.25	  -5.70	  0.009	0.99770							#	   0.82	  22.98	
    985	   0.18	  -5.77	  0.007	0.99768							#	   0.80	  22.88	
    986	   0.30	  -5.78	  0.010	0.99759							#	   0.84	  24.19	
    987	   0.37	  -5.84	  0.005	0.99760							#	   0.79	  25.56	
    988	   0.66	  -5.71	  0.005	0.99749							#	   0.77	  27.47	
    989	   0.59	  -5.72	  0.005	0.99742							#	   0.76	  28.38	
    990	   0.70	  -6.06	 -0.000	0.99747							#	   0.81	  27.98	
    991	   0.79	  -6.30	  0.002	0.99742							#	   0.80	  28.64	
    992	   0.93	  -6.58	  0.001	0.99736							#	   0.93	  28.59	
    993	   1.00	  -6.73	  0.002	0.99734							#	   0.84	  28.79	
    994	   1.14	  -6.73	  0.003	0.99727							#	   0.84	  28.59	
    995	   1.11	  -6.71	  0.002	0.99735							#	   0.80	  27.83	
    996	   1.07	  -6.49	  0.008	0.99736							#	   0.78	  27.68	
    997	   0.96	  -6.20	  0.007	0.99736							#	   0.76	  26.26	
    998	   1.11	  -5.89	  0.008	0.99730							#	   0.72	  27.42	
    999	   1.21	  -5.52	  0.010	0.99719							#	   0.73	  27.53	
   1000	   1.40	  -5.21	  0.015	0.99721							#	   0.75	  27.78	
   1001	   1.44	  -5.19	  0.015	0.99720							#	   0.78	  27.02	
   1002	   1.30	  -5.20	  0.012	0.99724							#	   0.76	  27.37	
   1003	   1.70	  -4.87	  0.009	0.99734							#	   0.77	  27.47	
   1004	   1.30	  -4.88	  0.009	0.99739							#	   0.74	  26.92	
   1005	   1.02	  -4.89	  0.010	0.99725							#	   0.73	  27.78	
   1006	   1.06	  -4.32	  0.018	0.99725							#	   0.67	  28.64	
   1007	   1.08	  -4.15	  0.021	0.99706							#	   0.69	  28.89	
   1008	   1.31	  -3.76	  0.019	0.99706							#	   0.69	  28.08	
   1009	   1.50	  -3.86	  0.019	0.99707							#	   0.71	  27.78	
   1010	   1.40	  -4.25	  0.011	0.99714							#	   0.75	  28.23	
   1011	   0.82	  -4.46	  0.005	0.99703							#	   0.69	  30.40	
   1012	   0.28	  -4.81	 -0.002	0.99718							#	   0.67	  29.65	
   1013	  -0.32	  -5.18	 -0.003	0.99736							#	   0.75	  30.20	
   1014	  -0.51	  -5.24	  0.005	0.99734							#	   0.76	  30.05	
   1015	  -0.54	  -5.26	  0.017	0.99726							#	   0.73	  30.56	
   1016	  -0.41	  -4.94	  0.020	0.99730							#	   0.71	  28.99	
   1017	  -0.12	  -4.77	  0.011	0.99744							#	   0.66	  27.93	
   1018	  -0.23	  -5.23	  0.013	0.99735							#	   0.73	  29.19	
   1019	  -0.24	  -5.12	  0.006	0.99743							#	   0.70	  29.09	
   1020	  -0.14	  -5.08	  0.003	0.99738							#	   0.70	  28.89	
   1021	  -0.20	  -5.17	  0.006	0.99720							#	   0.68	  31.62	
   1022	  -0.29	  -5.07	  0.003	0.99725							#	   0.73	  31.72	
   1023	  -0.39	  -4.83	  0.000	0.99727							#	   0.66	  30.45	
   1024	  -0.24	  -4.64	 -0.001	0.99733							#	   0.63	  29.85	
   1025	  -0.25	  -4.39	 -0.003	0.99744							#	   0.60	  28.94	
   1026	  -0.00	  -4.05	 -0.002	0.99744							#	   0.62	  28.48	
   1027	   0.25	  -3.60	 -0.006	0.99748							#	   0.56	  28.43	
   1028	   0.30	  -3.19	 -0.007	0.99758							#	   0.59	  28.23	
   1029	   0.30	  -2.81	 -0.003	0.99762							#	   0.55	  27.37	
   1030	   0.04	  -2.28	 -0.004	0.99768							#	   0.55	  27.07	
   1031	  -0.04	  -1.94	 -0.004	0.99781							#	   0.58	  26.31	
   1032	  -0.23	  -1.33	 -0.002	0.99788							#	   0.58	  26.36	
   1033	  -0.52	  -0.91	 -0.004	0.99776							#	   0.59	  26.77	
   1034	  -0.72	  -0.91	 -0.002	0.99787							#	   0.59	  26.06	
   1035	  -1.01	  -0.73	 -0.006	0.99792							#	   0.61	  26.06	
   1036	  -1.26	  -0.47	 -0.005	0.99791							#	   0.63	  25.86	
   1037	  -1.47	  -0.34	 -0.010	0.99784							#	   0.65	  25.96	
   1038	  -1.50	  -0.29	 -0.008	0.99778							#	   0.66	  26.46	
   1039	  -1.45	  -0.56	 -0.023	0.99784							#	   0.58	  26.26	
   1040	  -1.11	  -0.79	 -0.024	0.99776							#	   0.56	  26.77	
   1041	  -1.18	  -0.78	 -0.028	0.99771							#	   0.59	  26.77	
   1042	  -1.48	  -0.95	 -0.028	0.99764							#	   0.53	  28.08	
   1043	  -1.98	  -1.20	 -0.027	0.99771							#	   0.54	  26.82	
   1044	  -1.99	  -1.34	 -0.026	0.99762							#	   0.52	  27.07	
   1045	  -1.65	  -1.65	 -0.028	0.99757							#	   0.51	  27.32	
   1046	  -0.73	  -2.14	 -0.037	0.99770							#	   0.51	  28.18	
   1047	  -1.07	  -2.26	 -0.030	0.99785							#	   0.48	  26.97	
   1048	  -2.07	  -2.78	 -0.035	0.99791							#	   0.52	  26.01	
   1049	  -2.13	  -3.38	 -0.046	0.99787							#	   0.57	  28.18	
   1050	  -1.85	  -3.62	 -0.042	0.99793							#	   0.59	  27.12	
   1051	  -1.87	  -3.40	 -0.035	0.99784							#	   0.60	  27.22	
   1052	  -2.48	  -3.44	 -0.034	0.99775							#	   0.63	  28.84	
   1053	  -2.53	  -3.36	 -0.034	0.99769							#	   0.59	  29.55	
   1054	  -1.90	  -3.22	 -0.033	0.99770							#	   0.55	  29.24	
   1055	  -1.55	  -2.99	 -0.021	0.99753							#	   0.50	  30.81	
   1056	  -2.52	  -3.03	 -0.018	0.99755							#	   0.57	  30.00	
   1057	  -2.58	  -3.13	 -0.023	0.99757							#	   0.58	  30.66	
   1058	  -2.25	  -2.90	 -0.016	0.99742							#	   0.52	  31.87	
   1059	  -2.19	  -2.82	 -0.018	0.99747							#	   0.55	  31.21	
   1060	  -2.15	  -2.68	 -0.013	0.99745							#	   0.57	  30.25	
   1061	  -2.16	  -2.56	 -0.014	0.99746							#	   0.59	  30.76	
   1062	  -2.06	  -2.41	 -0.013	0.99729							#	   0.62	  31.87	
   1063	  -1.74	  -2.32	 -0.010	0.99734							#	   0.67	  31.97	
   1064	  -1.66	  -2.11	 -0.010	0.99743							#	   0.71	  29.95	
   1065	  -1.65	  -1.97	 -0.009	0.99745							#	   0.73	  29.90	
   1066	  -1.21	  -1.76	 -0.011	0.99758							#	   0.76	  28.89	
   1067	  -0.86	  -1.59	 -0.009	0.99775							#	   0.81	  27.07	
   1068	  -0.74	  -1.47	 -0.012	0.99772							#	   0.79	  26.87	
   1069	  -0.74	  -1.10	 -0.008	0.99775							#	   0.81	  26.06	
   1070	  -0.50	  -0.81	 -0.006	0.99773							#	   0.87	  26.46	
   1071	  -0.30	  -0.38	 -0.006	0.99767							#	   0.89	  26.57	
   1072	  -0.23	  -0.33	 -0.004	0.99762							#	   0.85	  26.82	
   1073	   0.15	  -0.27	 -0.004	0.99767							#	   0.86	  27.02	
   1074	   0.28	  -0.07	 -0.003	0.99776							#	   0.88	  26.87	
   1075	   0.08	  -0.02	 -0.004	0.99771							#	   0.85	  27.47	
   1076	   0.13	  -0.17	  0.001	0.99764							#	   0.83	  28.23	
   1077	   0.09	   0.13	  0.004	0.99759							#	   0.90	  29.29	
   1078	   0.18	   0.29	  0.004	0.99754							#	   0.85	  29.34	
   1079	   0.20	   0.23	  0.004	0.99736							#	   0.90	  30.30	
   1080	   0.32	   0.19	  0.006	0.99746							#	   0.87	  28.79	
   1081	   0.21	  -0.03	  0.005	0.99735							#	   0.81	  30.86	
   1082	  -0.04	  -0.40	  0.003	0.99742							#	   0.73	  30.15	
   1083	  -0.13	  -0.82	  0.004	0.99742							#	   0.68	  30.66	
   1084	  -0.17	  -0.93	  0.004	0.99754							#	   0.71	  30.25	
   1085	  -0.03	  -0.70	  0.006	0.99747							#	   0.75	  30.86	
   1086	   0.07	  -0.99	  0.002	0.99751							#	   0.72	  31.67	
   1087	   0.21	  -1.17	 -0.001	0.99756							#	   0.73	  31.62	
   1088	   0.09	  -1.09	 -0.003	0.99755							#	   0.70	  32.58	
   1089	  -0.01	  -1.41	 -0.003	0.99756							#	   0.72	  32.07	
   1090	  -0.33	  -1.59	 -0.003	0.99764							#	   0.77	  31.92	
   1091	  -0.37	  -1.47	 -0.002	0.99776							#	   0.80	  31.31	
   1092	  -0.42	  -1.21	 -0.001	0.99773							#	   0.86	  31.11	
   1093	  -0.43	  -1.00	  0.001	0.99773							#	   0.88	  31.62	
   1094	  -0.73	  -0.65	  0.003	0.99763							#	   0.81	  32.07	
   1095	  -0.98	  -0.22	  0.006	0.99760							#	   0.74	  32.53	
   1096	  -1.23	   0.07	  0.007	0.99769							#	   0.83	  31.67	
   1097	  -1.32	   0.41	  0.006	0.99777							#	   0.86	  30.71	
   1098	  -0.94	   0.81	  0.005	0.99785							#	   1.04	  29.60	
   1099	  -0.67	   1.24	  0.004	0.99786							#	   1.23	  29.80	
   1100	  -0.50	   1.83	  0.008	0.99790							#	   1.06	  29.80	
   1101	  -0.63	   1.93	  0.004	0.99793							#	   1.11	  29.09	
   1102	  -0.64	   2.30	  0.003	0.99795							#	   1.09	  28.99	
   1103	  -0.81	   2.54	 -0.001	0.99789							#	   1.22	  29.19	
   1104	  -0.57	   2.53	  0.002	0.99796							#	   1.25	  29.04	
   1105	  -0.62	   2.56	 -0.005	0.99791							#	   1.16	  29.90	
   1106	  -0.67	   2.58	 -0.006	0.99790							#	   1.13	  29.49	
   1107	  -0.64	   2.88	 -0.005	0.99794							#	   1.11	  29.90	
   1108	  -0.92	   2.73	 -0.009	0.99778							#	   1.12	  31.01	
   1109	  -0.98	   1.73	 -0.012	0.99762							#	   1.04	  31.77	
   1110	  -0.85	   1.52	 -0.019	0.99779							#	   0.86	  32.83	
   1111	  -0.72	   1.38	 -0.020	0.99768							#	   0.81	  34.34	
   1112	  -0.84	   0.87	 -0.021	0.99768							#	   0.69	  34.75	
   1113	  -1.17	   0.72	 -0.018	0.99777							#	   0.65	  34.14	
   1114	  -1.64	   0.77	 -0.013	0.99760							#	   0.74	  34.14	
   1115	  -1.60	   0.56	 -0.013	0.99763							#	   0.81	  34.04	
   1116	  -1.23	   0.61	 -0.017	0.99758							#	   0.77	  34.65	
   1117	  -0.53	   0.14	 -0.013	0.99760							#	   0.70	  34.90	
   1118	  -1.77	  -0.44	 -0.006	0.99771							#	   0.73	  33.89	
   1119	  -2.14	  -0.74	 -0.017	0.99762							#	   0.80	  34.90	
   1120	  -1.59	  -1.16	 -0.016	0.99769							#	   0.76	  32.58	
   1121	  -1.02	  -1.37	 -0.011	0.99789							#	   0.84	  33.33	
   1122	  -1.59	  -1.59	 -0.009	0.99777							#	   0.80	  32.32	
   1123	  -1.72	  -1.63	 -0.012	0.99777							#	   0.95	  33.38	
   1124	  -1.19	  -1.62	 -0.013	0.99791							#	   0.81	  32.02	
   1125	  -0.67	  -1.61	 -0.007	0.99775							#	   0.92	  34.09	
   1126	  -1.35	  -1.78	 -0.009	0.99782							#	   0.83	  32.98	
   1127	  -1.34	  -1.71	 -0.008	0.99776							#	   0.85	  34.49	
   1128	  -1.09	  -1.56	 -0.011	0.99785							#	   0.88	  34.44	
   1129	  -1.10	  -1.47	 -0.011	0.99768							#	   0.95	  35.91	
   1130	  -0.84	  -1.41	 -0.007	0.99787							#	   0.91	  34.95	
   1131	  -0.63	  -1.36	 -0.004	0.99779							#	   0.99	  35.30	
   1132	  -0.43	  -1.13	 -0.008	0.99781							#	   0.95	  34.49	
   1133	  -0.19	  -0.88	 -0.007	0.99763							#	   1.14	  34.95	
   1134	  -0.12	  -0.58	 -0.008	0.99794							#	   0.99	  32.78	
   1135	  -0.09	  -0.36	 -0.005	0.99782							#	   1.15	  33.89	
   1136	  -0.12	  -0.15	 -0.005	0.99788							#	   1.10	  32.98	
   1137	  -0.16	   0.06	 -0.006	0.99770							#	   1.13	  34.95	
   1138	   0.10	   0.46	 -0.006	0.99774							#	   1.12	  33.79	
   1139	   0.29	   0.80	 -0.001	0.99786							#	   1.14	  33.43	
   1140	   0.16	   0.97	 -0.001	0.99779							#	   1.17	  32.63	
   1141	   0.24	   0.85	 -0.005	0.99780							#	   1.08	  34.24	
   1142	   0.54	   0.86	 -0.002	0.99777							#	   1.13	  34.60	
   1143	   0.37	   1.09	 -0.002	0.99786							#	   1.15	  34.80	
   1144	   0.01	   0.92	 -0.000	0.99784							#	   1.03	  35.15	
   1145	  -0.13	   0.96	 -0.002	0.99780							#	   1.09	  35.15	
   1146	   0.12	   1.48	  0.001	0.99783							#	   1.32	  35.61	
   1147	   0.08	   1.55	  0.003	0.99770							#	   1.08	  36.16	
   1148	  -0.10	   1.52	  0.010	0.99762							#	   0.97	  36.26	
   1149	  -0.17	   1.36	  0.004	0.99758							#	   1.03	  36.77	
   1150	  -0.47	   1.02	  0.006	0.99754							#	   1.04	  37.58	
   1151	  -0.84	   0.67	  0.007	0.99764							#	   0.98	  37.07	
   1152	  -1.29	   0.42	  0.002	0.99768							#	   1.07	  37.93	
   1153	  -1.51	   0.20	  0.002	0.99766							#	   1.06	  38.23	
   1154	  -1.61	  -0.08	  0.006	0.99775							#	   1.07	  38.38	
   1155	  -1.56	  -0.03	  0.007	0.99773							#	   1.15	  38.43	
   1156	  -1.54	   0.02	  0.006	0.99771							#	   1.02	  39.14	
   1157	  -1.34	  -0.16	  0.006	0.99775							#	   0.76	  39.09	
   1158	  -1.36	  -0.38	  0.005	0.99783							#	   0.67	  38.79	
   1159	  -1.39	  -0.51	  0.006	0.99775							#	   0.72	  39.49	
   1160	  -1.50	  -0.72	  0.006	0.99777							#	   0.59	  38.89	
   1161	  -1.26	  -0.80	  0.003	0.99774							#	   0.61	  39.19	
   1162	  -0.79	  -0.82	  0.007	0.99771							#	   0.72	  38.94	
   1163	  -0.88	  -0.63	  0.005	0.99768							#	   0.77	  39.19	
   1164	  -0.70	  -0.71	  0.005	0.99772							#	   0.82	  38.84	
   1165	  -0.66	  -0.75	  0.003	0.99771							#	   0.77	  38.69	
   1166	  -0.81	  -0.84	  0.005	0.99776							#	   0.88	  39.19	
   1167	  -0.96	  -0.81	  0.005	0.99778							#	   0.85	  38.13	
   1168	  -1.17	  -0.73	  0.005	0.99785							#	   0.99	  37.68	
   1169	  -0.90	  -0.57	  0.001	0.99787							#	   0.87	  37.22	
   1170	  -0.56	  -0.20	  0.003	0.99791							#	   0.85	  36.72	
   1171	  -0.98	  -0.01	  0.001	0.99783							#	   0.94	  36.01	
   1172	  -1.15	   0.30	  0.002	0.99791							#	   0.92	  36.11	
   1173	  -1.43	   0.57	  0.003	0.99776							#	   1.11	  37.02	
   1174	  -1.55	   0.64	 -0.002	0.99779							#	   1.05	  36.46	
   1175	  -1.63	   0.80	  0.000	0.99787							#	   0.99	  35.15	
   1176	  -1.87	   0.68	 -0.003	0.99782							#	   1.04	  35.15	
   1177	  -2.12	   0.78	 -0.000	0.99774							#	   1.15	  37.07	
   1178	  -2.46	   1.18	 -0.001	0.99784							#	   1.04	  35.76	
   1179	  -2.63	   1.00	 -0.000	0.99760							#	   1.04	  37.78	
   1180	  -2.63	   0.06	 -0.001	0.99764							#	   1.03	  38.54	
   1181	  -2.59	  -0.14	 -0.008	0.99784							#	   1.10	  38.89	
   1182	  -2.63	  -0.21	 -0.010	0.99770							#	   1.05	  40.20	
   1183	  -2.66	  -0.75	 -0.009	0.99766							#	   0.98	  41.36	
   1184	  -2.81	  -0.88	 -0.009	0.99778							#	   0.95	  40.91	
   1185	  -3.06	  -0.91	 -0.005	0.99767							#	   1.08	  41.06	
   1186	  -3.06	  -1.18	 -0.004	0.99752							#	   1.07	  40.66	
   1187	  -2.72	  -1.23	 -0.006	0.99760							#	   1.05	  40.71	
   1188	  -1.83	  -1.71	 -0.007	0.99753							#	   1.00	  40.66	
   1189	  -2.51	  -2.26	 -0.000	0.99756							#	   1.24	  38.33	
   1190	  -3.37	  -2.23	 -0.004	0.99757							#	   1.16	  39.90	
   1191	  -2.68	  -2.63	 -0.009	0.99765							#	   0.95	  39.39	
   1192	  -2.22	  -2.92	 -0.006	0.99763							#	   1.01	  39.09	
   1193	  -2.45	  -2.98	 -0.003	0.99767							#	   1.17	  38.13	
   1194	  -2.89	  -2.95	 -0.003	0.99767							#	   1.23	  38.33	
   1195	  -2.57	  -2.66	 -0.002	0.99769							#	   1.23	  40.15	
   1196	  -2.29	  -2.57	 -0.002	0.99765							#	   1.24	  40.45	
   1197	  -2.26	  -2.37	 -0.001	0.99767							#	   1.22	  42.07	
   1198	  -2.54	  -1.98	  0.001	0.99764							#	   1.26	  43.23	
   1199	  -2.44	  -1.76	 -0.001	0.99774							#	   1.36	  42.17	
   1200	  -2.56	  -1.55	 -0.000	0.99767							#	   1.26	  40.76	
   1201	  -2.40	  -1.24	 -0.000	0.99768							#	   1.23	  40.61	
   1202	  -2.43	  -1.03	 -0.003	0.99778							#	   1.25	  38.54	
   1203	  -2.38	  -0.75	  0.001	0.99756							#	   1.40	  40.76	
   1204	  -2.37	  -0.50	 -0.003	0.99770							#	   1.34	  39.19	
   1205	  -2.02	  -0.24	 -0.000	0.99757							#	   1.30	  38.43	
   1206	  -1.99	   0.14	 -0.003	0.99757							#	   1.34	  36.26	
   1207	  -1.81	   0.27	 -0.009	0.99762							#	   1.44	  40.00	
   1208	  -1.33	   0.61	  0.005	0.99785							#	   1.34	  33.54	
   1209	  -1.09	   0.76	 -0.005	0.99764							#	   1.44	  35.51	
   1210	  -0.83	   1.01	 -0.002	0.99780							#	   1.32	  34.80	
   1211	  -0.62	   1.09	 -0.007	0.99763							#	   1.33	  36.21	
   1212	  -0.19	   1.25	 -0.002	0.99775							#	   1.45	  35.40	
   1213	   0.17	   1.39	 -0.005	0.99765							#	   1.30	  36.41	
   1214	   0.54	   1.63	 -0.002	0.99773							#	   1.30	  36.21	
   1215	  -0.04	   1.39	 -0.005	0.99759							#	   1.38	  38.59	
   1216	   0.06	   1.34	 -0.003	0.99756							#	   1.28	  39.14	
   1217	   0.52	   1.71	 -0.002	0.99761							#	   1.38	  39.14	
   1218	   0.51	   1.60	  0.003	0.99752							#	   1.35	  39.70	
   1219	   0.64	   1.48	  0.000	0.99752							#	   1.35	  39.65	
   1220	   0.60	   1.50	  0.002	0.99748							#	   1.24	  42.17	
   1221	   0.57	   1.26	 -0.001	0.99739							#	   1.26	  41.67	
   1222	   0.47	   1.04	  0.003	0.99750							#	   1.37	  38.43	
   1223	   0.24	   0.80	  0.001	0.99743							#	   1.34	  42.88	
   1224	   0.27	   0.68	  0.001	0.99754							#	   1.26	  39.70	
   1225	   0.44	   0.52	  0.000	0.99753							#	   1.20	  39.85	
   1226	   0.80	   0.59	  0.004	0.99761							#	   1.14	  39.19	
   1227	   1.00	   0.64	 -0.000	0.99758							#	   1.16	  39.75	
   1228	   1.17	   0.39	  0.002	0.99765							#	   1.13	  38.64	
   1229	   1.19	   0.22	  0.001	0.99758							#	   1.22	  39.34	
   1230	   1.18	   0.04	  0.001	0.99756							#	   1.26	  39.24	
   1231	   1.27	  -0.34	  0.000	0.99759							#	   1.24	  38.99	
   1232	   1.42	  -0.38	  0.002	0.99762							#	   1.34	  39.49	
   1233	   1.53	  -0.29	 -0.000	0.99759							#	   1.23	  39.19	
   1234	   1.66	  -0.12	  0.003	0.99750							#	   1.35	  40.30	
   1235	   1.78	  -0.16	  0.002	0.99763							#	   1.31	  39.24	
   1236	   1.88	  -0.03	  0.001	0.99765							#	   1.26	  38.43	
   1237	   1.77	   0.09	  0.004	0.99775							#	   1.41	  37.27	
   1238	   1.89	   0.32	  0.005	0.99769							#	   1.37	  37.32	
   1239	   2.18	   0.75	 -0.001	0.99786							#	   1.49	  35.96	
   1240	   2.35	   1.10	  0.003	0.99784							#	   1.41	  35.86	
   1241	   2.38	   1.46	  0.001	0.99783							#	   1.50	  35.35	
   1242	   2.34	   1.78	  0.003	0.99775							#	   1.64	  34.55	
   1243	   2.28	   2.02	  0.001	0.99772							#	   1.48	  34.49	
   1244	   1.86	   2.10	  0.002	0.99771							#	   1.48	  34.14	
   1245	   1.86	   2.10	  0.000	0.99762							#	   1.43	  35.00	
   1246	   1.69	   1.80	 -0.001	0.99769							#	   1.46	  34.75	
   1247	   1.44	   1.77	 -0.000	0.99767							#	   1.55	  35.45	
   1248	   1.32	   2.27	 -0.001	0.99777							#	   1.54	  35.25	
   1249	   0.90	   1.93	 -0.005	0.99746							#	   1.39	  36.92	
   1250	   0.70	   0.93	 -0.010	0.99761							#	   1.34	  37.78	
   1251	   0.73	   0.97	 -0.009	0.99769							#	   1.13	  38.38	
   1252	   0.62	   1.09	 -0.012	0.99752							#	   1.08	  38.23	
   1253	   0.56	   0.75	 -0.013	0.99755							#	   1.00	  39.55	
   1254	   0.60	   0.66	 -0.011	0.99750							#	   1.08	  39.14	
   1255	   0.34	   0.41	 -0.007	0.99744							#	   1.10	  41.31	
   1256	   0.17	   0.22	 -0.010	0.99732							#	   1.21	  41.72	
   1257	   0.54	   0.00	 -0.012	0.99745							#	   1.03	  41.11	
   1258	   0.88	  -0.51	 -0.011	0.99749							#	   1.08	  41.52	
   1259	   0.42	  -0.83	 -0.008	0.99758							#	   0.93	  41.06	
   1260	   0.28	  -1.28	 -0.010	0.99764							#	   0.93	  37.68	
   1261	   0.01	  -1.50	 -0.010	0.99774							#	   0.86	  38.89	
   1262	   0.30	  -2.15	 -0.014	0.99763							#	   1.02	  39.55	
   1263	   0.48	  -2.41	 -0.011	0.99768							#	   0.96	  40.35	
   1264	   0.48	  -2.26	 -0.007	0.99767							#	   1.11	  39.44	
   1265	   0.15	  -2.18	 -0.008	0.99772							#	   1.21	  37.83	
   1266	   0.06	  -2.28	 -0.007	0.99753							#	   1.24	  41.41	
   1267	  -0.07	  -2.42	 -0.006	0.99766							#	   1.08	  39.29	
   1268	  -0.10	  -2.28	 -0.006	0.99767							#	   1.16	  41.67	
   1269	  -0.17	  -1.88	 -0.004	0.99754							#	   1.32	  41.67	
   1270	  -0.09	  -1.66	 -0.006	0.99762							#	   1.15	  41.82	
   1271	   0.13	  -1.27	 -0.004	0.99763							#	   1.06	  42.07	
   1272	   0.29	  -0.89	 -0.005	0.99761							#	   1.15	  42.42	
   1273	   0.41	  -0.69	 -0.003	0.99759							#	   1.22	  41.52	
   1274	   0.68	  -0.62	  0.001	0.99775							#	   1.14	  40.56	
   1275	   0.62	  -0.16	  0.001	0.99756							#	   1.20	  40.30	
   1276	   0.62	   0.26	  0.002	0.99760							#	   1.37	  39.34	
   1277	   0.72	   0.26	  0.004	0.99760							#	   1.34	  39.60	
