      1	   0.93	  -1.21	 -0.006	1.00012							#	   0.11	  89.55	
      2	   0.97	  -1.22	 -0.006	1.00019							#	   0.36	  89.04	
      3	   0.83	  -1.16	 -0.006	1.00002							#	   0.34	  88.33	
      4	   1.13	  -1.08	 -0.006	1.00011							#	   0.31	  88.23	
      5	   1.14	  -1.33	 -0.007	1.00028							#	   0.33	  87.37	
      6	   1.01	  -1.27	 -0.007	1.00026							#	   0.31	  87.83	
      7	   1.04	  -1.47	 -0.007	1.00006							#	   0.32	  88.18	
      8	   1.42	  -1.61	 -0.009	0.99993							#	   0.32	  89.34	
      9	   1.25	  -1.75	 -0.008	0.99999							#	   0.32	  89.34	
     10	   1.24	  -1.57	 -0.010	1.00005							#	   0.27	  88.43	
     11	   1.33	  -1.44	 -0.009	1.00004							#	   0.26	  87.93	
     12	   1.40	  -1.55	 -0.011	1.00003							#	   0.26	  88.18	
     13	   1.34	  -1.40	 -0.009	1.00011							#	   0.22	  88.69	
     14	   1.35	  -1.41	 -0.012	1.00007							#	   0.23	  88.69	
     15	   1.28	  -1.46	 -0.012	1.00007							#	   0.24	  87.53	
     16	   1.31	  -1.60	 -0.013	1.00010							#	   0.26	  88.84	
     17	   1.29	  -1.43	 -0.012	1.00012							#	   0.24	  88.54	
     18	   1.22	  -1.30	 -0.014	1.00011							#	   0.23	  88.33	
     19	   1.08	  -1.33	 -0.015	1.00011							#	   0.21	  88.89	
     20	   1.13	  -1.25	 -0.014	1.00014							#	   0.20	  89.29	
     21	   1.12	  -1.09	 -0.013	1.00013							#	   0.20	  89.14	
     22	   1.06	  -1.05	 -0.013	1.00011							#	   0.19	  88.23	
     23	   0.93	  -0.92	 -0.013	1.00009							#	   0.17	  88.18	
     24	   0.89	  -0.94	 -0.012	1.00010							#	   0.16	  88.94	
     25	   0.86	  -0.93	 -0.011	1.00012							#	   0.16	  88.54	
     26	   0.83	  -0.94	 -0.012	1.00014							#	   0.15	  88.18	
     27	   0.70	  -0.84	 -0.011	1.00014							#	   0.12	  88.59	
     28	   0.50	  -0.84	 -0.013	1.00018							#	   0.11	  89.19	
     29	   0.47	  -0.96	 -0.013	1.00019							#	   0.11	  90.10	
     30	   0.50	  -1.03	 -0.012	1.00022							#	   0.12	  89.95	
     31	   0.32	  -1.04	 -0.012	1.00023							#	   0.11	  90.45	
     32	   0.27	  -0.94	 -0.013	1.00021							#	   0.10	  90.76	
     33	   0.29	  -0.98	 -0.011	1.00023							#	   0.11	  90.96	
     34	   0.13	  -1.00	 -0.012	1.00023							#	   0.11	  90.91	
     35	   0.06	  -1.06	 -0.012	1.00021							#	   0.11	  91.41	
     36	  -0.01	  -1.10	 -0.011	1.00022							#	   0.11	  91.97	
     37	  -0.09	  -1.10	 -0.011	1.00023							#	   0.11	  91.57	
     38	  -0.30	  -1.14	 -0.012	1.00025							#	   0.13	  91.16	
     39	  -0.37	  -1.17	 -0.013	1.00028							#	   0.13	  91.26	
     40	  -0.30	  -1.24	 -0.012	1.00018							#	   0.12	  92.07	
     41	  -0.35	  -1.27	 -0.013	1.00010							#	   0.14	  91.62	
     42	  -0.37	  -1.32	 -0.011	1.00013							#	   0.15	  90.61	
     43	  -0.53	  -1.26	 -0.011	1.00017							#	   0.14	  90.86	
     44	  -0.97	  -0.97	 -0.010	1.00004							#	   0.14	  91.82	
     45	  -0.60	  -1.27	 -0.012	1.00005							#	   0.15	  91.06	
     46	  -0.84	  -1.39	 -0.010	1.00011							#	   0.18	  91.72	
     47	  -0.98	  -1.33	 -0.010	1.00014							#	   0.20	  91.46	
     48	  -1.13	  -1.47	 -0.010	1.00014							#	   0.21	  91.97	
     49	  -1.00	  -1.45	 -0.011	1.00015							#	   0.21	  91.62	
     50	  -0.92	  -1.38	 -0.011	1.00012							#	   0.19	  91.77	
     51	  -1.12	  -1.48	 -0.009	1.00013							#	   0.22	  91.97	
     52	  -0.93	  -1.65	 -0.009	1.00016							#	   0.24	  91.57	
     53	  -1.10	  -1.69	 -0.009	1.00018							#	   0.24	  91.46	
     54	  -1.10	  -1.77	 -0.009	1.00019							#	   0.26	  91.16	
     55	  -1.12	  -1.78	 -0.009	1.00018							#	   0.25	  90.96	
     56	  -1.02	  -1.70	 -0.010	1.00018							#	   0.22	  91.97	
     57	  -1.02	  -1.84	 -0.008	1.00019							#	   0.25	  91.72	
     58	  -1.21	  -1.88	 -0.008	1.00018							#	   0.27	  91.46	
     59	  -1.30	  -1.91	 -0.008	1.00020							#	   0.30	  91.57	
     60	  -1.21	  -1.93	 -0.008	1.00017							#	   0.37	  88.33	
     61	  -1.28	  -1.93	 -0.008	1.00017							#	   0.31	  91.52	
     62	  -1.32	  -1.97	 -0.007	1.00018							#	   0.29	  90.51	
     63	  -1.53	  -2.01	 -0.007	1.00016							#	   0.32	  90.81	
     64	  -1.37	  -1.98	 -0.007	1.00016							#	   0.29	  91.46	
     65	  -1.37	  -2.09	 -0.007	1.00015							#	   0.30	  91.31	
     66	  -1.28	  -2.02	 -0.007	1.00017							#	   0.28	  91.62	
     67	  -1.32	  -2.08	 -0.007	1.00015							#	   0.29	  91.06	
     68	  -1.36	  -2.08	 -0.006	1.00016							#	   0.31	  91.31	
     69	  -1.13	  -2.06	 -0.006	1.00014							#	   0.28	  91.31	
     70	  -1.08	  -2.06	 -0.006	1.00014							#	   0.27	  92.68	
     71	  -0.95	  -2.13	 -0.007	1.00016							#	   0.26	  92.17	
     72	  -0.98	  -2.21	 -0.005	1.00016							#	   0.30	  92.68	
     73	  -0.94	  -2.21	 -0.007	1.00015							#	   0.29	  92.47	
     74	  -1.04	  -2.34	 -0.006	1.00018							#	   0.32	  93.43	
     75	  -1.02	  -2.41	 -0.006	1.00016							#	   0.33	  93.28	
     76	  -0.93	  -2.36	 -0.005	1.00017							#	   0.33	  93.33	
     77	  -0.91	  -2.44	 -0.006	1.00019							#	   0.33	  92.63	
     78	  -0.87	  -2.31	 -0.005	1.00019							#	   0.31	  92.78	
     79	  -0.74	  -2.22	 -0.005	1.00023							#	   0.27	  93.13	
     80	  -0.80	  -2.14	 -0.005	1.00020							#	   0.26	  93.59	
     81	  -0.78	  -2.07	 -0.006	1.00021							#	   0.26	  93.43	
     82	  -0.55	  -1.95	 -0.003	1.00023							#	   0.23	  93.18	
     83	  -0.65	  -1.90	 -0.004	1.00023							#	   0.21	  92.88	
     84	  -0.65	  -1.82	 -0.003	1.00022							#	   0.19	  93.48	
     85	  -0.43	  -1.86	 -0.003	1.00022							#	   0.20	  92.63	
     86	  -0.48	  -1.77	 -0.003	1.00021							#	   0.18	  91.52	
     87	  -0.45	  -1.69	 -0.004	1.00023							#	   0.18	  91.62	
     88	  -0.52	  -1.67	 -0.004	1.00022							#	   0.17	  92.02	
     89	  -0.48	  -1.59	 -0.005	1.00023							#	   0.17	  92.37	
     90	  -0.64	  -1.56	 -0.006	1.00021							#	   0.17	  92.53	
     91	  -0.55	  -1.49	 -0.005	1.00019							#	   0.15	  92.02	
     92	  -0.62	  -1.39	 -0.004	1.00019							#	   0.14	  92.73	
     93	  -0.76	  -1.36	 -0.006	1.00011							#	   0.14	  92.22	
     94	  -0.71	  -1.31	 -0.005	1.00018							#	   0.14	  91.87	
     95	  -0.65	  -1.24	 -0.005	1.00011							#	   0.13	  92.42	
     96	  -0.75	  -1.21	 -0.004	1.00010							#	   0.13	  92.47	
     97	  -0.69	  -1.21	 -0.005	1.00010							#	   0.12	  91.77	
     98	  -0.63	  -1.12	 -0.006	1.00010							#	   0.11	  91.06	
     99	  -0.66	  -1.16	 -0.005	1.00013							#	   0.12	  91.52	
    100	  -0.66	  -1.11	 -0.006	1.00013							#	   0.11	  91.62	
    101	  -0.64	  -1.07	 -0.004	1.00009							#	   0.10	  91.62	
    102	  -0.48	  -1.13	 -0.006	1.00013							#	   0.11	  91.67	
    103	  -0.50	  -1.01	 -0.004	1.00011							#	   0.09	  91.06	
    104	  -0.57	  -1.12	 -0.005	1.00015							#	   0.10	  91.46	
    105	  -0.49	  -1.16	 -0.006	1.00018							#	   0.11	  92.22	
    106	  -0.43	  -1.20	 -0.006	1.00016							#	   0.11	  91.67	
    107	  -0.52	  -1.12	 -0.006	1.00016							#	   0.10	  92.07	
    108	  -0.58	  -1.12	 -0.005	1.00015							#	   0.11	  92.42	
    109	  -0.51	  -1.22	 -0.006	1.00018							#	   0.11	  92.12	
    110	  -0.51	  -1.22	 -0.005	1.00019							#	   0.12	  91.82	
    111	  -0.49	  -1.22	 -0.004	1.00018							#	   0.12	  91.72	
    112	  -0.52	  -1.17	 -0.006	1.00017							#	   0.12	  92.32	
    113	  -0.45	  -1.14	 -0.005	1.00016							#	   0.15	  91.62	
    114	  -0.42	  -1.17	 -0.005	1.00015							#	   0.16	  92.02	
    115	  -0.48	  -1.06	 -0.004	1.00012							#	   0.13	  91.72	
    116	  -0.55	  -1.08	 -0.004	1.00012							#	   0.12	  91.62	
    117	  -0.55	  -1.14	 -0.004	1.00016							#	   0.13	  90.61	
    118	  -0.62	  -1.09	 -0.005	1.00014							#	   0.12	  90.76	
    119	  -0.47	  -1.03	 -0.004	1.00011							#	   0.12	  91.06	
    120	  -0.66	  -0.92	 -0.005	1.00010							#	   0.20	  89.24	
    121	  -0.57	  -0.84	 -0.005	1.00011							#	   0.12	  92.17	
    122	  -0.60	  -0.86	 -0.004	1.00014							#	   0.13	  91.57	
    123	  -0.57	  -0.81	 -0.005	1.00012							#	   0.13	  91.31	
    124	  -0.62	  -0.72	 -0.005	1.00009							#	   0.11	  91.46	
    125	  -0.56	  -0.71	 -0.006	1.00014							#	   0.11	  91.77	
    126	  -0.49	  -0.84	 -0.003	1.00012							#	   0.13	  90.71	
    127	  -0.67	  -0.83	 -0.005	1.00012							#	   0.13	  90.96	
    128	  -0.52	  -0.82	 -0.005	1.00015							#	   0.12	  90.05	
    129	  -0.52	  -0.82	 -0.004	1.00015							#	   0.11	  89.85	
    130	  -0.44	  -0.77	 -0.005	1.00015							#	   0.10	  90.61	
    131	  -0.45	  -0.66	 -0.004	1.00015							#	   0.12	  90.00	
    132	  -0.47	  -0.64	 -0.004	1.00017							#	   0.14	  90.76	
    133	  -0.48	  -0.68	 -0.004	1.00018							#	   0.16	  90.30	
    134	  -0.46	  -0.71	 -0.005	1.00015							#	   0.17	  90.20	
    135	  -0.37	  -0.57	 -0.005	1.00017							#	   0.16	  89.90	
    136	  -0.51	  -0.63	 -0.006	1.00012							#	   0.18	  89.60	
    137	  -0.36	  -0.64	 -0.004	1.00014							#	   0.20	  89.80	
    138	  -0.62	  -0.62	 -0.005	1.00008							#	   0.22	  89.04	
    139	  -0.51	  -0.66	 -0.006	1.00012							#	   0.27	  88.48	
    140	  -0.63	  -0.68	 -0.005	1.00009							#	   0.32	  88.54	
    141	  -0.49	  -0.59	 -0.005	1.00012							#	   0.39	  88.23	
    142	  -0.63	  -0.71	 -0.003	1.00011							#	   0.52	  87.83	
    143	  -0.68	  -0.75	 -0.005	1.00012							#	   0.80	  87.98	
    144	  -0.76	  -0.65	 -0.004	1.00013							#	   0.83	  88.28	
    145	  -0.70	  -0.72	 -0.004	1.00014							#	   0.98	  88.33	
    146	  -0.76	  -0.74	 -0.004	1.00013							#	   0.79	  87.42	
    147	  -0.85	  -0.81	 -0.004	1.00012							#	   1.05	  87.73	
    148	  -0.92	  -0.79	 -0.004	1.00013							#	   1.08	  87.83	
    149	  -0.97	  -0.77	 -0.004	1.00014							#	   0.77	  88.08	
    150	  -0.84	  -0.89	 -0.003	1.00011							#	   0.79	  88.48	
    151	  -0.95	  -0.84	 -0.003	1.00011							#	   0.52	  88.74	
    152	  -1.02	  -0.84	 -0.003	1.00008							#	   0.45	  89.39	
    153	  -1.04	  -0.83	 -0.002	1.00011							#	   0.30	  89.95	
    154	  -1.13	  -0.84	 -0.003	1.00011							#	   0.22	  90.30	
    155	  -1.19	  -0.92	 -0.002	1.00012							#	   0.20	  90.15	
    156	  -1.23	  -0.87	 -0.002	1.00013							#	   0.22	  89.75	
    157	  -1.30	  -0.83	 -0.002	1.00015							#	   0.23	  89.80	
    158	  -1.26	  -0.71	 -0.001	1.00013							#	   0.30	  89.70	
    159	  -1.43	  -0.74	 -0.001	1.00015							#	   0.44	  89.70	
    160	  -1.43	  -0.75	 -0.001	1.00013							#	   0.39	  89.90	
    161	  -1.47	  -0.74	 -0.002	1.00016							#	   0.60	  90.71	
    162	  -1.50	  -0.75	 -0.001	1.00015							#	   0.60	  90.56	
    163	  -1.50	  -0.70	 -0.001	1.00012							#	   0.37	  90.20	
    164	  -1.51	  -0.79	 -0.000	1.00013							#	   0.51	  90.15	
    165	  -1.52	  -0.68	 -0.000	1.00013							#	   0.41	  90.66	
    166	  -1.57	  -0.61	 -0.001	1.00018							#	   0.36	  90.30	
    167	  -1.55	  -0.54	  0.000	1.00015							#	   0.34	  90.56	
    168	  -1.57	  -0.55	  0.000	1.00013							#	   0.25	  90.25	
    169	  -1.37	  -0.50	 -0.001	1.00013							#	   0.18	  91.11	
    170	  -1.51	  -0.69	 -0.002	1.00009							#	   0.20	  90.61	
    171	  -1.47	  -0.71	 -0.001	1.00011							#	   0.20	  89.95	
    172	  -1.36	  -0.52	  0.000	1.00012							#	   0.25	  89.39	
    173	  -1.29	  -0.57	 -0.000	1.00013							#	   0.25	  88.99	
    174	  -1.35	  -0.62	 -0.001	1.00010							#	   0.27	  89.09	
    175	  -1.46	  -0.67	  0.001	1.00012							#	   0.36	  88.33	
    176	  -1.37	  -0.57	 -0.001	1.00013							#	   0.36	  88.94	
    177	  -1.37	  -0.66	  0.000	1.00012							#	   0.36	  89.09	
    178	  -1.47	  -0.73	 -0.002	1.00014							#	   0.38	  89.55	
    179	  -1.38	  -0.81	  0.001	1.00011							#	   0.33	  90.00	
    180	  -1.51	  -0.79	 -0.002	1.00012							#	   0.49	  85.96	
    181	  -1.28	  -0.74	 -0.001	1.00010							#	   0.28	  89.49	
    182	  -1.41	  -0.78	  0.000	1.00012							#	   0.23	  88.84	
    183	  -1.38	  -0.85	 -0.000	1.00010							#	   0.23	  88.64	
    184	  -1.39	  -0.80	 -0.000	1.00009							#	   0.22	  88.94	
    185	  -1.39	  -0.74	 -0.001	1.00008							#	   0.22	  89.24	
    186	  -1.29	  -0.75	 -0.000	1.00007							#	   0.19	  89.49	
    187	  -1.31	  -0.69	 -0.000	1.00007							#	   0.19	  89.39	
    188	  -1.31	  -0.73	  0.001	1.00008							#	   0.20	  89.80	
    189	  -1.32	  -0.68	 -0.001	1.00011							#	   0.20	  90.10	
    190	  -1.29	  -0.68	 -0.001	1.00011							#	   0.19	  90.45	
    191	  -1.28	  -0.62	  0.001	1.00012							#	   0.21	  90.15	
    192	  -1.22	  -0.63	  0.000	1.00014							#	   0.19	  89.90	
    193	  -1.22	  -0.61	  0.001	1.00012							#	   0.18	  89.75	
    194	  -1.21	  -0.60	 -0.001	1.00014							#	   0.18	  89.44	
    195	  -1.28	  -0.61	 -0.000	1.00015							#	   0.19	  90.00	
    196	  -1.10	  -0.58	 -0.000	1.00013							#	   0.18	  90.00	
    197	  -1.05	  -0.62	 -0.000	1.00010							#	   0.25	  89.85	
    198	  -1.10	  -0.62	  0.001	1.00009							#	   0.24	  89.44	
    199	  -1.20	  -0.72	 -0.001	1.00011							#	   0.34	  90.30	
    200	  -1.04	  -0.70	 -0.000	1.00013							#	   0.31	  90.30	
    201	  -1.06	  -0.85	 -0.001	1.00008							#	   0.25	  89.90	
    202	  -1.06	  -0.84	  0.001	1.00013							#	   0.27	  89.75	
    203	  -1.03	  -0.88	 -0.002	1.00011							#	   0.26	  91.06	
    204	  -1.04	  -0.80	 -0.001	1.00011							#	   0.20	  90.71	
    205	  -1.04	  -0.81	  0.000	1.00012							#	   0.22	  89.60	
    206	  -1.06	  -0.81	 -0.001	1.00011							#	   0.22	  89.95	
    207	  -1.08	  -0.88	  0.000	1.00010							#	   0.22	  90.81	
    208	  -1.06	  -0.96	 -0.001	1.00011							#	   0.19	  90.10	
    209	  -1.04	  -0.88	 -0.002	1.00010							#	   0.17	  90.15	
    210	  -1.11	  -0.86	 -0.000	1.00010							#	   0.18	  89.85	
    211	  -1.13	  -0.87	 -0.002	1.00011							#	   0.17	  91.01	
    212	  -1.17	  -0.84	 -0.000	1.00010							#	   0.19	  90.35	
    213	  -1.16	  -0.87	 -0.002	1.00012							#	   0.22	  90.76	
    214	  -1.13	  -0.89	 -0.001	1.00011							#	   0.21	  91.26	
    215	  -1.00	  -0.90	 -0.002	1.00010							#	   0.19	  90.96	
    216	  -1.02	  -0.85	 -0.002	1.00012							#	   0.18	  90.66	
    217	  -1.00	  -0.96	 -0.002	1.00012							#	   0.18	  90.81	
    218	  -0.93	  -0.99	 -0.003	1.00012							#	   0.16	  90.45	
    219	  -1.00	  -1.05	 -0.002	1.00013							#	   0.16	  91.26	
    220	  -0.98	  -1.00	 -0.003	1.00010							#	   0.14	  91.26	
    221	  -0.95	  -0.86	 -0.002	1.00011							#	   0.12	  91.06	
    222	  -0.92	  -0.92	 -0.003	1.00011							#	   0.12	  91.06	
    223	  -0.90	  -0.87	 -0.003	1.00011							#	   0.11	  90.91	
    224	  -0.93	  -0.81	 -0.003	1.00014							#	   0.11	  90.66	
    225	  -0.77	  -0.75	 -0.002	1.00015							#	   0.09	  90.35	
    226	  -0.83	  -0.76	 -0.003	1.00012							#	   0.08	  91.01	
    227	  -0.82	  -0.67	 -0.001	1.00011							#	   0.09	  91.11	
    228	  -0.74	  -0.58	 -0.002	1.00015							#	   0.10	  91.57	
    229	  -0.51	  -0.45	 -0.002	1.00015							#	   0.10	  91.77	
    230	  -0.47	  -0.38	 -0.003	1.00014							#	   0.08	  92.22	
    231	  -0.45	  -0.28	 -0.001	1.00010							#	   0.05	  93.28	
    232	  -0.25	  -0.20	  0.001	1.00008							#	   0.04	  93.23	
    233	  -0.45	  -0.12	  0.000	1.00007							#	   0.05	  92.27	
    234	  -0.33	  -0.22	 -0.001	1.00011							#	   0.06	  92.53	
    235	  -0.43	  -0.13	 -0.000	1.00012							#	   0.07	  92.12	
    236	  -0.30	  -0.11	 -0.000	1.00008							#	   0.07	  92.63	
    237	  -0.27	  -0.18	  0.001	1.00011							#	   0.07	  92.53	
    238	  -0.23	  -0.11	  0.001	1.00007							#	   0.05	  92.83	
    239	  -0.16	   0.07	  0.003	1.00004							#	   0.04	  93.79	
    240	  -0.22	  -0.01	  0.003	1.00004							#	   0.13	  90.81	
    241	  -0.20	   0.03	  0.004	1.00003							#	   0.08	  94.49	
    242	  -0.09	   0.11	  0.004	1.00002							#	   0.07	  94.29	
    243	  -0.12	   0.02	  0.004	1.00003							#	   0.04	  94.49	
    244	  -0.13	   0.01	  0.005	1.00002							#	   0.03	  94.80	
    245	  -0.13	   0.08	  0.004	1.00001							#	   0.04	  93.84	
    246	  -0.19	  -0.04	  0.004	1.00003							#	   0.06	  93.38	
    247	  -0.00	  -0.08	  0.004	1.00005							#	   0.07	  93.43	
    248	  -0.03	   0.09	  0.005	1.00000							#	   0.07	  93.18	
    249	  -0.03	   0.01	  0.005	1.00001							#	   0.04	  93.18	
    250	  -0.03	   0.05	  0.004	1.00000							#	   0.03	  94.14	
    251	  -0.14	   0.07	  0.006	0.99996							#	   0.05	  93.38	
    252	  -0.12	   0.05	  0.006	0.99996							#	   0.08	  93.13	
    253	  -0.13	   0.11	  0.007	0.99996							#	   0.06	  93.59	
    254	  -0.15	   0.11	  0.006	0.99993							#	   0.04	  93.54	
    255	  -0.09	   0.18	  0.006	0.99995							#	   0.04	  93.89	
    256	  -0.37	   0.11	  0.007	0.99990							#	   0.05	  92.53	
    257	  -0.24	   0.11	  0.006	0.99993							#	   0.07	  92.02	
    258	  -0.32	  -0.01	  0.006	0.99995							#	   0.07	  92.42	
    259	  -0.47	  -0.00	  0.007	0.99993							#	   0.07	  92.27	
    260	  -0.06	   0.08	  0.005	0.99993							#	   0.04	  92.88	
    261	  -0.06	  -0.07	  0.006	0.99992							#	   0.05	  93.03	
    262	  -0.05	  -0.07	  0.006	0.99991							#	   0.05	  93.79	
    263	  -0.04	  -0.02	  0.005	0.99994							#	   0.05	  93.13	
    264	   0.03	  -0.13	  0.007	0.99996							#	   0.05	  92.68	
    265	   0.00	  -0.13	  0.006	0.99991							#	   0.04	  93.33	
    266	   0.12	  -0.14	  0.006	0.99994							#	   0.03	  93.03	
    267	   0.03	  -0.24	  0.006	0.99997							#	   0.04	  93.23	
    268	  -0.01	  -0.28	  0.006	0.99997							#	   0.05	  92.83	
    269	   0.03	  -0.24	  0.006	0.99999							#	   0.06	  92.83	
    270	   0.16	  -0.21	  0.006	0.99999							#	   0.05	  93.18	
    271	   0.09	  -0.17	  0.006	0.99997							#	   0.05	  93.08	
    272	   0.27	  -0.05	  0.005	0.99997							#	   0.06	  92.68	
    273	   0.16	  -0.02	  0.007	0.99997							#	   0.05	  92.98	
    274	   0.19	  -0.04	  0.004	0.99994							#	   0.04	  93.43	
    275	   0.30	   0.08	  0.006	0.99990							#	   0.05	  92.88	
    276	   0.30	   0.16	  0.007	0.99991							#	   0.05	  92.53	
    277	   0.32	   0.16	  0.006	0.99993							#	   0.05	  92.22	
    278	   0.35	   0.20	  0.007	0.99991							#	   0.04	  92.47	
    279	   0.39	   0.29	  0.008	0.99991							#	   0.05	  92.12	
    280	   0.24	   0.35	  0.006	0.99995							#	   0.05	  91.82	
    281	   0.30	   0.43	  0.006	0.99993							#	   0.06	  91.46	
    282	   0.51	   0.46	  0.006	0.99995							#	   0.06	  91.26	
    283	   0.27	   0.56	  0.007	0.99993							#	   0.06	  91.92	
    284	   0.35	   0.57	  0.008	0.99989							#	   0.06	  91.62	
    285	   0.40	   0.56	  0.007	0.99988							#	   0.07	  91.26	
    286	   0.30	   0.50	  0.007	0.99990							#	   0.06	  92.17	
    287	   0.49	   0.57	  0.006	0.99982							#	   0.08	  91.21	
    288	   0.59	   0.59	  0.007	0.99985							#	   0.09	  90.35	
    289	   0.50	   0.72	  0.007	0.99983							#	   0.08	  89.90	
    290	   0.48	   0.67	  0.006	0.99984							#	   0.07	  91.31	
    291	   0.63	   0.66	  0.006	0.99987							#	   0.08	  90.30	
    292	   0.60	   0.72	  0.005	0.99987							#	   0.09	  90.20	
    293	   0.74	   0.74	  0.006	0.99988							#	   0.10	  90.56	
    294	   0.72	   0.71	  0.005	0.99989							#	   0.10	  90.66	
    295	   0.67	   0.84	  0.004	0.99986							#	   0.11	  90.30	
    296	   0.76	   0.77	  0.005	0.99985							#	   0.11	  90.35	
    297	   0.78	   0.84	  0.005	0.99987							#	   0.12	  90.76	
    298	   0.81	   0.84	  0.004	0.99989							#	   0.11	  91.57	
    299	   0.84	   0.89	  0.004	0.99988							#	   0.12	  90.86	
    300	   0.82	   0.77	  0.005	0.99990							#	   0.20	  88.33	
    301	   0.78	   0.85	  0.003	0.99988							#	   0.15	  91.16	
    302	   0.84	   0.84	  0.005	0.99989							#	   0.13	  91.21	
    303	   0.86	   0.81	  0.004	0.99991							#	   0.11	  91.77	
    304	   0.91	   0.85	  0.004	0.99992							#	   0.11	  91.57	
    305	   0.94	   0.91	  0.004	0.99991							#	   0.13	  91.77	
    306	   0.82	   0.88	  0.004	0.99992							#	   0.13	  91.26	
    307	   0.91	   0.91	  0.005	0.99995							#	   0.13	  91.62	
    308	   0.92	   0.90	  0.005	0.99993							#	   0.15	  91.26	
    309	   0.91	   0.91	  0.004	0.99995							#	   0.15	  91.57	
    310	   0.97	   0.85	  0.004	0.99997							#	   0.14	  91.36	
    311	   0.84	   0.87	  0.003	0.99997							#	   0.11	  91.92	
    312	   0.85	   0.87	  0.004	0.99995							#	   0.11	  91.67	
    313	   0.79	   0.74	  0.004	0.99998							#	   0.10	  91.01	
    314	   0.82	   0.64	  0.004	1.00000							#	   0.09	  91.26	
    315	   0.67	   0.71	  0.005	0.99997							#	   0.09	  90.66	
    316	   0.64	   0.62	  0.006	0.99998							#	   0.09	  89.90	
    317	   0.56	   0.58	  0.004	0.99999							#	   0.09	  89.85	
    318	   0.46	   0.58	  0.004	1.00001							#	   0.10	  90.00	
    319	   0.39	   0.47	  0.002	1.00001							#	   0.08	  90.56	
    320	   0.30	   0.39	  0.003	1.00002							#	   0.08	  90.71	
    321	   0.23	   0.34	  0.003	0.99997							#	   0.08	  90.86	
    322	   0.18	   0.35	  0.002	1.00004							#	   0.07	  91.11	
    323	   0.14	   0.23	  0.002	1.00001							#	   0.06	  91.82	
    324	   0.02	   0.15	  0.001	1.00001							#	   0.06	  91.62	
    325	  -0.09	   0.10	  0.003	1.00002							#	   0.06	  91.26	
    326	  -0.15	   0.07	  0.002	1.00002							#	   0.07	  91.21	
    327	  -0.17	  -0.02	  0.002	1.00003							#	   0.06	  91.31	
    328	  -0.36	  -0.09	  0.002	1.00007							#	   0.08	  91.01	
    329	  -0.41	  -0.12	  0.001	1.00006							#	   0.08	  89.90	
    330	  -0.55	  -0.23	  0.001	1.00007							#	   0.08	  90.05	
    331	  -0.65	  -0.21	  0.001	1.00007							#	   0.08	  90.20	
    332	  -0.78	  -0.23	 -0.001	1.00008							#	   0.09	  90.05	
    333	  -0.82	  -0.38	 -0.002	1.00008							#	   0.09	  89.95	
    334	  -0.84	  -0.31	 -0.001	1.00007							#	   0.09	  89.75	
    335	  -0.92	  -0.47	 -0.000	1.00007							#	   0.09	  90.35	
    336	  -1.05	  -0.45	 -0.000	1.00011							#	   0.12	  90.61	
    337	  -1.12	  -0.50	 -0.001	1.00010							#	   0.13	  90.25	
    338	  -1.15	  -0.55	  0.000	1.00010							#	   0.15	  90.61	
    339	  -1.17	  -0.48	 -0.001	1.00012							#	   0.15	  90.86	
    340	  -1.19	  -0.65	  0.000	1.00012							#	   0.18	  90.20	
    341	  -1.23	  -0.50	 -0.002	1.00014							#	   0.16	  90.30	
    342	  -1.20	  -0.53	 -0.001	1.00012							#	   0.15	  90.51	
    343	  -1.33	  -0.49	 -0.001	1.00015							#	   0.14	  91.21	
    344	  -1.29	  -0.50	 -0.003	1.00014							#	   0.13	  90.61	
    345	  -1.43	  -0.62	 -0.002	1.00014							#	   0.15	  90.81	
    346	  -1.59	  -0.58	 -0.003	1.00015							#	   0.16	  91.26	
    347	  -1.62	  -0.53	 -0.004	1.00014							#	   0.15	  92.12	
    348	  -1.70	  -0.46	 -0.003	1.00015							#	   0.16	  92.17	
    349	  -1.75	  -0.51	 -0.003	1.00013							#	   0.17	  91.97	
    350	  -1.82	  -0.60	 -0.004	1.00010							#	   0.18	  92.12	
    351	  -1.83	  -0.61	 -0.005	1.00012							#	   0.18	  92.83	
    352	  -1.91	  -0.65	 -0.005	1.00012							#	   0.19	  92.88	
    353	  -1.91	  -0.53	 -0.004	1.00009							#	   0.19	  92.42	
    354	  -1.91	  -0.65	 -0.005	1.00013							#	   0.19	  92.32	
    355	  -2.18	  -0.63	 -0.005	1.00013							#	   0.23	  91.77	
    356	  -2.03	  -0.61	 -0.005	1.00013							#	   0.21	  91.21	
    357	  -1.82	  -0.68	 -0.006	1.00015							#	   0.19	  90.81	
    358	  -2.07	  -0.74	 -0.005	1.00012							#	   0.23	  90.86	
    359	  -2.19	  -0.75	 -0.007	1.00016							#	   0.24	  90.91	
    360	  -2.19	  -0.77	 -0.005	1.00018							#	   0.34	  88.69	
    361	  -2.26	  -0.75	 -0.008	1.00020							#	   0.30	  91.36	
    362	  -2.25	  -0.67	 -0.007	1.00019							#	   0.30	  91.26	
    363	  -2.30	  -0.75	 -0.008	1.00021							#	   0.36	  91.26	
    364	  -2.38	  -0.71	 -0.007	1.00021							#	   0.38	  91.01	
    365	  -2.40	  -0.66	 -0.007	1.00021							#	   0.35	  90.10	
    366	  -2.42	  -0.65	 -0.007	1.00020							#	   0.29	  90.30	
    367	  -2.41	  -0.60	 -0.008	1.00019							#	   0.26	  90.61	
    368	  -2.38	  -0.50	 -0.008	1.00016							#	   0.25	  90.81	
    369	  -2.39	  -0.41	 -0.008	1.00014							#	   0.24	  90.45	
    370	  -2.45	  -0.41	 -0.009	1.00017							#	   0.25	  91.67	
    371	  -2.33	  -0.33	 -0.009	1.00017							#	   0.22	  91.36	
    372	  -2.28	  -0.25	 -0.010	1.00018							#	   0.23	  91.06	
    373	  -2.24	  -0.11	 -0.009	1.00019							#	   0.22	  91.26	
    374	  -2.28	  -0.08	 -0.011	1.00020							#	   0.24	  90.86	
    375	  -2.27	  -0.01	 -0.011	1.00018							#	   0.23	  91.21	
    376	  -2.26	  -0.02	 -0.010	1.00020							#	   0.23	  91.82	
    377	  -2.20	   0.09	 -0.011	1.00018							#	   0.22	  91.21	
    378	  -2.27	   0.13	 -0.012	1.00019							#	   0.25	  91.77	
    379	  -2.40	   0.25	 -0.012	1.00017							#	   0.25	  90.96	
    380	  -2.45	   0.31	 -0.013	1.00018							#	   0.26	  92.02	
    381	  -2.31	   0.40	 -0.012	1.00014							#	   0.25	  90.81	
    382	  -2.36	   0.41	 -0.013	1.00016							#	   0.26	  90.61	
    383	  -2.35	   0.45	 -0.014	1.00016							#	   0.23	  90.91	
    384	  -2.40	   0.56	 -0.014	1.00016							#	   0.23	  90.96	
    385	  -2.45	   0.74	 -0.014	1.00012							#	   0.25	  90.96	
    386	  -2.36	   0.75	 -0.016	1.00012							#	   0.23	  90.56	
    387	  -2.29	   0.80	 -0.014	1.00012							#	   0.22	  90.40	
    388	  -2.34	   0.82	 -0.016	1.00009							#	   0.22	  90.91	
    389	  -2.36	   0.89	 -0.016	1.00009							#	   0.22	  90.66	
    390	  -2.43	   0.93	 -0.018	1.00009							#	   0.24	  90.40	
    391	  -2.45	   0.94	 -0.016	1.00005							#	   0.23	  90.35	
    392	  -2.50	   0.92	 -0.018	1.00008							#	   0.22	  90.91	
    393	  -2.51	   0.85	 -0.018	1.00006							#	   0.22	  90.56	
    394	  -2.67	   0.83	 -0.018	1.00005							#	   0.25	  89.75	
    395	  -2.65	   0.90	 -0.019	1.00007							#	   0.26	  89.90	
    396	  -2.72	   0.82	 -0.019	1.00008							#	   0.28	  90.30	
    397	  -2.72	   0.88	 -0.020	1.00007							#	   0.29	  90.51	
    398	  -2.63	   1.00	 -0.019	1.00007							#	   0.29	  90.20	
    399	  -2.61	   1.04	 -0.018	1.00004							#	   0.30	  91.46	
    400	  -2.68	   1.05	 -0.020	1.00007							#	   0.32	  91.57	
    401	  -2.69	   1.02	 -0.020	1.00008							#	   0.30	  91.97	
    402	  -2.78	   1.01	 -0.019	1.00009							#	   0.30	  91.41	
    403	  -2.81	   1.13	 -0.020	1.00010							#	   0.32	  91.82	
    404	  -2.84	   1.18	 -0.020	1.00009							#	   0.33	  92.27	
    405	  -2.83	   1.21	 -0.020	1.00010							#	   0.33	  92.12	
    406	  -2.86	   1.13	 -0.021	1.00013							#	   0.33	  92.07	
    407	  -2.88	   1.18	 -0.020	1.00012							#	   0.34	  92.17	
    408	  -3.00	   1.19	 -0.020	1.00012							#	   0.36	  93.13	
    409	  -3.09	   1.11	 -0.022	1.00012							#	   0.37	  92.53	
    410	  -3.08	   1.08	 -0.023	1.00012							#	   0.36	  91.57	
    411	  -3.22	   1.12	 -0.023	1.00009							#	   0.39	  92.12	
    412	  -3.12	   1.07	 -0.022	1.00010							#	   0.38	  91.21	
    413	  -3.04	   1.00	 -0.023	1.00009							#	   0.37	  90.91	
    414	  -3.00	   1.05	 -0.024	1.00007							#	   0.36	  90.40	
    415	  -3.05	   1.09	 -0.025	1.00005							#	   0.35	  90.56	
    416	  -3.05	   0.98	 -0.025	1.00006							#	   0.34	  91.31	
    417	  -3.08	   0.96	 -0.026	1.00010							#	   0.33	  91.16	
    418	  -3.08	   0.98	 -0.027	1.00006							#	   0.32	  90.30	
    419	  -3.20	   0.82	 -0.027	1.00009							#	   0.34	  90.35	
    420	  -3.27	   0.74	 -0.027	1.00007							#	   0.41	  87.98	
    421	  -3.33	   0.66	 -0.028	1.00008							#	   0.36	  91.52	
    422	  -3.41	   0.69	 -0.028	1.00007							#	   0.39	  91.06	
    423	  -3.40	   0.63	 -0.030	1.00009							#	   0.37	  90.86	
    424	  -3.53	   0.49	 -0.029	1.00010							#	   0.37	  91.57	
    425	  -3.64	   0.50	 -0.031	1.00010							#	   0.39	  91.41	
    426	  -3.72	   0.38	 -0.030	1.00008							#	   0.40	  90.30	
    427	  -3.92	   0.36	 -0.030	1.00009							#	   0.44	  90.45	
    428	  -4.08	   0.35	 -0.030	1.00005							#	   0.47	  89.44	
    429	  -4.17	   0.25	 -0.033	1.00005							#	   0.49	  89.65	
    430	  -4.34	   0.07	 -0.032	1.00007							#	   0.51	  89.55	
    431	  -4.58	  -0.06	 -0.033	1.00007							#	   0.58	  89.14	
    432	  -4.57	  -0.12	 -0.034	1.00006							#	   0.60	  87.53	
    433	  -4.85	  -0.30	 -0.034	1.00009							#	   0.71	  89.14	
    434	  -5.06	  -0.41	 -0.036	1.00006							#	   0.76	  89.44	
    435	  -5.33	  -0.47	 -0.035	1.00006							#	   0.83	  88.59	
    436	  -5.57	  -0.61	 -0.037	1.00006							#	   0.84	  87.42	
    437	  -5.80	  -0.71	 -0.038	1.00006							#	   0.88	  87.78	
    438	  -6.02	  -0.79	 -0.038	1.00002							#	   0.85	  86.06	
    439	  -6.28	  -0.91	 -0.039	1.00004							#	   0.96	  83.33	
    440	  -6.55	  -0.93	 -0.038	1.00003							#	   0.96	  81.52	
    441	  -6.68	  -1.08	 -0.039	1.00021							#	   0.97	  78.99	
    442	  -6.83	  -1.23	 -0.041	1.00046							#	   1.07	  71.87	
    443	  -6.89	  -1.33	 -0.041	1.00051							#	   1.09	  70.25	
    444	  -6.96	  -1.34	 -0.043	1.00056							#	   1.12	  68.33	
    445	  -7.44	  -1.52	 -0.036	1.00050							#	   1.24	  68.59	
    446	  -7.22	  -1.61	 -0.041	1.00058							#	   1.11	  67.53	
    447	  -7.46	  -1.55	 -0.038	1.00051							#	   1.24	  69.24	
    448	  -7.45	  -1.71	 -0.036	1.00054							#	   1.18	  69.34	
    449	  -7.35	  -1.79	 -0.037	1.00054							#	   1.21	  68.54	
    450	  -7.44	  -1.89	 -0.037	1.00055							#	   1.23	  70.00	
    451	  -7.62	  -1.97	 -0.036	1.00060							#	   1.30	  69.44	
    452	  -7.82	  -2.12	 -0.041	1.00063							#	   1.34	  68.94	
    453	  -7.79	  -2.15	 -0.036	1.00066							#	   1.22	  69.95	
    454	  -7.80	  -2.23	 -0.041	1.00062							#	   1.24	  70.91	
    455	  -7.96	  -2.40	 -0.041	1.00072							#	   1.33	  69.49	
    456	  -8.31	  -2.60	 -0.046	1.00079							#	   1.33	  66.82	
    457	  -8.53	  -2.76	 -0.045	1.00080							#	   1.46	  66.46	
    458	  -8.69	  -2.84	 -0.047	1.00077							#	   1.39	  66.31	
    459	  -9.01	  -2.98	 -0.046	1.00083							#	   1.59	  64.95	
    460	  -9.16	  -3.09	 -0.051	1.00069							#	   1.47	  66.41	
    461	  -9.18	  -3.16	 -0.054	1.00070							#	   1.53	  65.91	
    462	  -9.39	  -3.21	 -0.055	1.00069							#	   1.60	  65.20	
    463	  -9.84	  -3.33	 -0.059	1.00069							#	   1.61	  66.11	
    464	 -10.34	  -3.25	 -0.061	1.00074							#	   1.73	  64.90	
    465	 -10.78	  -3.46	 -0.064	1.00068							#	   1.71	  63.33	
    466	 -11.22	  -3.46	 -0.066	1.00063							#	   1.85	  59.44	
    467	 -11.70	  -3.80	 -0.075	1.00065							#	   1.86	  63.08	
    468	 -12.17	  -3.89	 -0.073	1.00050							#	   1.98	  54.95	
    469	 -12.64	  -4.08	 -0.080	1.00049							#	   1.94	  55.15	
    470	 -13.22	  -4.09	 -0.080	1.00043							#	   2.10	  53.08	
    471	 -13.72	  -4.17	 -0.085	1.00053							#	   2.16	  53.99	
    472	 -14.15	  -4.07	 -0.087	1.00042							#	   2.13	  50.66	
    473	 -14.63	  -4.12	 -0.086	1.00022							#	   2.30	  52.83	
    474	 -15.05	  -3.83	 -0.086	1.00057							#	   2.29	  48.74	
    475	 -15.45	  -3.91	 -0.084	1.00057							#	   2.32	  47.98	
    476	 -15.94	  -3.87	 -0.089	1.00067							#	   2.43	  47.12	
    477	 -16.32	  -4.03	 -0.096	1.00066							#	   2.51	  48.69	
    478	 -16.58	  -3.79	 -0.081	1.00083							#	   2.44	  43.28	
    479	 -16.95	  -4.17	 -0.096	1.00072							#	   2.52	  46.77	
    480	 -17.24	  -4.00	 -0.090	1.00081							#	   2.67	  43.99	
    481	 -17.74	  -4.06	 -0.094	1.00055							#	   2.56	  46.92	
    482	 -17.88	  -4.11	 -0.094	1.00059							#	   2.61	  44.75	
    483	 -18.64	  -4.25	 -0.093	1.00021							#	   2.83	  46.52	
    484	 -18.71	  -3.77	 -0.090	1.00095							#	   2.75	  43.74	
    485	 -19.06	  -4.07	 -0.092	1.00055							#	   2.77	  43.54	
    486	 -19.33	  -3.97	 -0.093	1.00055							#	   2.90	  42.12	
    487	 -19.56	  -4.11	 -0.094	1.00040							#	   2.79	  43.23	
    488	 -19.76	  -4.03	 -0.094	1.00046							#	   2.94	  42.78	
    489	 -20.04	  -4.03	 -0.098	1.00026							#	   2.92	  42.53	
    490	 -20.27	  -3.88	 -0.098	1.00040							#	   2.90	  42.42	
    491	 -20.57	  -3.88	 -0.101	1.00022							#	   2.94	  42.88	
    492	 -20.93	  -3.85	 -0.101	1.00014							#	   3.13	  41.82	
    493	 -21.15	  -3.90	 -0.106	0.99995							#	   2.86	  42.98	
    494	 -21.51	  -3.67	 -0.106	1.00016							#	   3.00	  40.35	
    495	 -21.92	  -3.77	 -0.105	1.00004							#	   3.06	  40.71	
    496	 -22.00	  -3.81	 -0.105	1.00011							#	   2.94	  40.30	
    497	 -22.17	  -3.84	 -0.108	1.00003							#	   3.02	  41.16	
    498	 -22.23	  -3.92	 -0.110	1.00006							#	   3.00	  41.01	
    499	 -22.17	  -4.31	 -0.104	0.99946							#	   2.88	  40.61	
    500	 -22.10	  -4.42	 -0.106	0.99944							#	   2.98	  40.10	
    501	 -22.11	  -4.52	 -0.107	0.99942							#	   2.78	  40.51	
    502	 -22.06	  -4.74	 -0.107	0.99955							#	   2.94	  40.05	
    503	 -21.99	  -5.10	 -0.105	0.99918							#	   2.89	  40.20	
    504	 -22.07	  -5.04	 -0.106	0.99932							#	   3.01	  39.65	
    505	 -22.19	  -5.23	 -0.104	0.99926							#	   2.96	  40.20	
    506	 -22.22	  -5.41	 -0.110	0.99925							#	   3.04	  39.49	
    507	 -22.18	  -5.68	 -0.109	0.99910							#	   2.94	  40.05	
    508	 -22.24	  -5.88	 -0.104	0.99913							#	   3.07	  40.61	
    509	 -22.27	  -6.13	 -0.109	0.99897							#	   3.00	  39.34	
    510	 -22.30	  -6.51	 -0.109	0.99901							#	   3.04	  38.84	
    511	 -22.26	  -6.92	 -0.105	0.99887							#	   3.17	  39.24	
    512	 -22.23	  -7.26	 -0.112	0.99881							#	   2.95	  39.34	
    513	 -22.16	  -7.58	 -0.106	0.99878							#	   3.17	  38.79	
    514	 -21.97	  -7.98	 -0.104	0.99880							#	   3.08	  38.13	
    515	 -21.98	  -8.21	 -0.107	0.99858							#	   3.05	  38.28	
    516	 -21.69	  -8.57	 -0.102	0.99855							#	   3.01	  37.83	
    517	 -21.58	  -8.84	 -0.104	0.99866							#	   2.84	  39.49	
    518	 -21.40	  -9.27	 -0.100	0.99862							#	   2.93	  38.18	
    519	 -21.09	  -9.78	 -0.101	0.99828							#	   2.87	  38.79	
    520	 -20.76	 -10.29	 -0.102	0.99842							#	   2.84	  38.23	
    521	 -20.58	 -10.93	 -0.102	0.99828							#	   2.90	  40.00	
    522	 -20.26	 -11.56	 -0.102	0.99837							#	   2.91	  37.83	
    523	 -20.24	 -11.99	 -0.100	0.99823							#	   2.87	  37.42	
    524	 -20.19	 -12.14	 -0.099	0.99831							#	   2.86	  38.33	
    525	 -19.96	 -12.45	 -0.091	0.99825							#	   2.76	  38.13	
    526	 -19.89	 -12.54	 -0.091	0.99823							#	   2.75	  38.08	
    527	 -20.68	 -12.58	 -0.100	0.99796							#	   2.86	  35.56	
    528	 -20.46	 -12.47	 -0.101	0.99795							#	   2.80	  35.10	
    529	 -20.43	 -12.43	 -0.099	0.99797							#	   2.79	  37.07	
    530	 -19.93	 -12.48	 -0.095	0.99782							#	   2.49	  34.44	
    531	 -19.85	 -12.51	 -0.093	0.99790							#	   2.64	  36.26	
    532	 -18.34	 -12.45	 -0.082	0.99795							#	   2.53	  35.40	
    533	 -19.34	 -12.26	 -0.100	0.99799							#	   2.45	  35.91	
    534	 -19.57	 -11.38	 -0.120	0.99954							#	   2.58	  40.00	
    535	 -19.15	 -11.53	 -0.111	0.99992							#	   2.49	  43.03	
    536	 -18.63	 -11.59	 -0.116	0.99956							#	   2.35	  41.31	
    537	 -18.31	 -11.72	 -0.112	0.99966							#	   2.52	  42.22	
    538	 -15.74	 -12.00	 -0.092	0.99950							#	   2.09	  46.01	
    539	 -14.09	 -11.78	 -0.080	0.99998							#	   1.91	  53.23	
    540	 -15.17	 -12.08	 -0.096	0.99945							#	   2.12	  45.51	
    541	 -14.95	 -12.06	 -0.098	0.99942							#	   1.96	  48.79	
    542	 -14.82	 -12.04	 -0.093	0.99952							#	   1.92	  47.37	
    543	 -14.75	 -12.01	 -0.091	0.99938							#	   2.15	  48.74	
    544	 -14.65	 -11.87	 -0.093	0.99958							#	   2.19	  47.42	
    545	 -14.33	 -11.66	 -0.087	0.99950							#	   1.96	  51.77	
    546	 -14.16	 -11.33	 -0.085	0.99967							#	   1.89	  49.75	
    547	 -13.97	 -10.43	 -0.081	0.99962							#	   1.81	  53.89	
    548	 -13.89	 -10.29	 -0.081	0.99973							#	   1.72	  50.96	
    549	 -13.51	 -10.13	 -0.080	0.99944							#	   1.69	  56.31	
    550	 -13.12	 -10.21	 -0.078	0.99976							#	   1.71	  52.58	
    551	 -12.60	 -10.17	 -0.076	0.99965							#	   1.70	  55.91	
    552	 -11.40	 -10.39	 -0.068	0.99965							#	   1.60	  58.54	
    553	 -11.28	 -10.46	 -0.065	0.99960							#	   1.59	  60.45	
    554	 -11.29	 -10.42	 -0.061	0.99977							#	   1.61	  59.34	
    555	  -8.49	  -9.80	 -0.048	0.99969							#	   1.29	  66.16	
    556	  -8.97	 -10.02	 -0.047	0.99977							#	   1.37	  66.01	
    557	  -9.22	 -10.15	 -0.050	0.99975							#	   1.46	  68.13	
    558	  -9.37	 -10.17	 -0.054	0.99980							#	   1.49	  64.19	
    559	  -9.40	 -10.25	 -0.054	0.99979							#	   1.48	  67.37	
    560	  -9.59	 -10.35	 -0.055	0.99980							#	   1.75	  63.89	
    561	  -9.74	 -10.20	 -0.053	0.99972							#	   1.67	  66.62	
    562	 -10.09	 -10.16	 -0.050	0.99989							#	   1.66	  62.02	
    563	 -10.32	 -10.02	 -0.051	0.99976							#	   1.72	  64.55	
    564	 -10.33	 -10.10	 -0.053	0.99968							#	   1.63	  61.16	
    565	 -10.23	 -10.05	 -0.052	0.99967							#	   1.62	  64.04	
    566	 -10.22	 -10.06	 -0.053	0.99966							#	   1.74	  62.42	
    567	 -10.06	  -9.89	 -0.050	0.99966							#	   1.62	  65.05	
    568	 -10.02	  -9.88	 -0.050	0.99964							#	   1.62	  62.63	
    569	 -10.97	 -10.19	 -0.056	0.99963							#	   1.85	  63.43	
    570	 -10.78	 -10.15	 -0.060	0.99965							#	   1.58	  61.06	
    571	 -10.46	 -10.10	 -0.058	0.99963							#	   1.70	  61.92	
    572	 -10.82	 -10.21	 -0.057	0.99964							#	   1.78	  61.62	
    573	 -11.14	 -10.15	 -0.057	0.99964							#	   1.71	  62.53	
    574	 -11.12	 -10.22	 -0.056	0.99964							#	   1.92	  61.11	
    575	 -11.05	 -10.13	 -0.054	0.99958							#	   1.71	  61.67	
    576	 -11.17	 -10.09	 -0.053	0.99961							#	   1.76	  61.26	
    577	  -9.23	  -9.35	 -0.043	0.99957							#	   1.40	  61.67	
    578	  -9.21	  -9.12	 -0.038	0.99962							#	   1.31	  63.13	
    579	  -9.05	  -8.62	 -0.035	0.99960							#	   1.22	  67.93	
    580	  -8.82	  -8.08	 -0.030	0.99951							#	   1.22	  61.77	
    581	  -8.81	  -7.98	 -0.030	0.99955							#	   1.19	  65.56	
    582	  -8.64	  -7.77	 -0.031	0.99963							#	   1.29	  65.25	
    583	  -8.48	  -7.80	 -0.028	0.99968							#	   1.31	  68.69	
    584	  -8.25	  -7.55	 -0.026	0.99982							#	   1.23	  69.44	
    585	  -8.29	  -7.69	 -0.027	0.99982							#	   1.23	  71.31	
    586	  -8.08	  -7.38	 -0.026	0.99974							#	   1.19	  69.55	
    587	  -8.00	  -7.41	 -0.029	0.99966							#	   1.22	  72.37	
    588	  -7.80	  -7.39	 -0.025	0.99978							#	   1.27	  70.81	
    589	  -7.78	  -7.29	 -0.026	0.99972							#	   1.31	  71.77	
    590	  -7.52	  -7.02	 -0.026	0.99960							#	   1.27	  66.36	
    591	  -7.43	  -7.09	 -0.027	0.99972							#	   1.29	  69.95	
    592	  -7.19	  -6.47	 -0.022	0.99986							#	   1.05	  72.98	
    593	  -6.16	  -5.71	 -0.015	0.99991							#	   0.78	  79.75	
    594	  -5.93	  -5.59	 -0.012	0.99983							#	   0.74	  76.82	
    595	  -5.91	  -5.53	 -0.015	0.99991							#	   0.74	  80.71	
    596	  -5.98	  -5.55	 -0.012	0.99989							#	   0.76	  78.84	
    597	  -6.05	  -5.83	 -0.012	0.99977							#	   0.93	  75.61	
    598	  -6.36	  -5.64	 -0.007	0.99990							#	   1.02	  77.22	
    599	  -6.79	  -5.65	 -0.013	0.99976							#	   1.08	  73.28	
    600	  -7.14	  -6.00	 -0.010	0.99975							#	   1.33	  70.30	
    601	  -7.33	  -5.91	 -0.016	0.99969							#	   1.00	  70.61	
    602	  -7.34	  -6.06	 -0.013	0.99968							#	   1.12	  69.34	
    603	  -7.57	  -6.08	 -0.013	0.99980							#	   1.10	  72.63	
    604	  -7.55	  -6.10	 -0.012	0.99971							#	   1.14	  69.14	
    605	  -7.58	  -6.04	 -0.016	0.99971							#	   1.18	  70.10	
    606	  -7.51	  -5.97	 -0.011	0.99967							#	   1.14	  68.08	
    607	  -7.62	  -5.82	 -0.013	0.99971							#	   1.11	  68.03	
    608	  -7.36	  -5.85	 -0.011	0.99965							#	   1.10	  68.13	
    609	  -7.48	  -5.87	 -0.011	0.99969							#	   1.13	  69.04	
    610	  -7.14	  -5.92	 -0.012	0.99966							#	   1.11	  68.99	
    611	  -7.08	  -5.91	 -0.012	0.99975							#	   1.12	  69.75	
    612	  -6.96	  -5.90	 -0.011	0.99971							#	   1.10	  70.86	
    613	  -6.88	  -5.99	 -0.012	0.99977							#	   1.15	  72.42	
    614	  -6.94	  -6.08	 -0.013	0.99981							#	   1.18	  72.63	
    615	  -6.85	  -6.07	 -0.016	0.99974							#	   1.13	  73.08	
    616	  -6.18	  -6.05	 -0.013	0.99978							#	   1.03	  72.98	
    617	  -6.26	  -6.06	 -0.014	0.99978							#	   0.99	  73.64	
    618	  -6.12	  -6.04	 -0.013	0.99980							#	   0.97	  72.93	
    619	  -6.12	  -6.08	 -0.012	0.99985							#	   0.96	  75.05	
    620	  -5.81	  -5.96	 -0.012	0.99985							#	   0.97	  73.48	
    621	  -5.86	  -5.95	 -0.010	0.99990							#	   1.02	  76.21	
    622	  -5.70	  -5.82	 -0.012	0.99993							#	   1.04	  75.91	
    623	  -5.48	  -5.71	 -0.011	0.99994							#	   0.97	  77.17	
    624	  -5.45	  -5.76	 -0.008	0.99999							#	   1.02	  79.24	
    625	  -5.10	  -5.65	 -0.008	0.99998							#	   1.00	  79.09	
    626	  -4.95	  -5.64	 -0.006	0.99997							#	   0.96	  77.88	
    627	  -4.86	  -5.63	 -0.005	0.99995							#	   0.92	  78.28	
    628	  -4.72	  -5.50	 -0.004	0.99994							#	   0.88	  78.38	
    629	  -4.74	  -5.44	 -0.007	0.99994							#	   0.85	  80.86	
    630	  -4.37	  -5.54	 -0.004	0.99997							#	   0.82	  79.80	
    631	  -4.51	  -5.43	 -0.005	0.99997							#	   0.88	  80.15	
    632	  -4.36	  -5.38	 -0.005	0.99995							#	   0.90	  80.51	
    633	  -4.30	  -5.42	 -0.007	0.99995							#	   0.94	  80.96	
    634	  -4.29	  -5.36	 -0.006	0.99994							#	   0.96	  78.84	
    635	  -4.22	  -5.30	 -0.006	0.99995							#	   0.90	  80.45	
    636	  -4.10	  -5.23	 -0.004	1.00000							#	   0.90	  76.67	
    637	  -4.09	  -5.19	 -0.004	1.00000							#	   0.87	  78.64	
    638	  -3.93	  -5.08	 -0.005	0.99999							#	   0.80	  78.64	
    639	  -3.87	  -5.10	 -0.004	0.99997							#	   0.81	  78.79	
    640	  -3.60	  -4.96	 -0.002	0.99996							#	   0.78	  79.24	
    641	  -3.65	  -4.86	 -0.003	0.99995							#	   0.73	  79.49	
    642	  -3.63	  -4.70	 -0.002	0.99992							#	   0.72	  81.06	
    643	  -3.47	  -4.70	 -0.002	0.99996							#	   0.74	  80.81	
    644	  -3.46	  -4.68	 -0.002	0.99990							#	   0.78	  79.95	
    645	  -3.26	  -4.52	 -0.003	0.99990							#	   0.77	  80.30	
    646	  -3.27	  -4.47	 -0.004	0.99995							#	   0.78	  80.40	
    647	  -3.29	  -4.46	 -0.004	0.99999							#	   0.80	  79.80	
    648	  -3.39	  -4.35	 -0.007	0.99995							#	   0.78	  80.10	
    649	  -3.34	  -4.28	 -0.005	0.99995							#	   0.71	  79.80	
    650	  -3.22	  -4.17	 -0.004	0.99996							#	   0.71	  78.59	
    651	  -3.29	  -4.14	 -0.006	0.99997							#	   0.71	  78.64	
    652	  -3.26	  -3.96	 -0.005	0.99997							#	   0.67	  79.09	
    653	  -3.28	  -3.98	 -0.004	0.99996							#	   0.65	  79.19	
    654	  -3.35	  -3.82	 -0.007	0.99996							#	   0.62	  80.35	
    655	  -3.39	  -3.72	 -0.005	0.99994							#	   0.61	  80.20	
    656	  -3.33	  -3.77	 -0.003	0.99995							#	   0.59	  80.45	
    657	  -3.38	  -3.70	 -0.005	0.99995							#	   0.58	  80.40	
    658	  -3.42	  -3.67	 -0.006	0.99995							#	   0.60	  79.70	
    659	  -3.30	  -3.60	 -0.005	0.99995							#	   0.58	  79.65	
    660	  -3.10	  -3.59	 -0.004	0.99998							#	   0.71	  75.81	
    661	  -3.45	  -3.49	 -0.004	0.99995							#	   0.65	  76.87	
    662	  -3.52	  -3.44	 -0.006	0.99994							#	   0.62	  77.63	
    663	  -3.45	  -3.42	 -0.005	0.99995							#	   0.60	  77.07	
    664	  -3.60	  -3.41	 -0.006	0.99994							#	   0.64	  77.73	
    665	  -3.67	  -3.26	 -0.007	0.99998							#	   0.61	  76.62	
    666	  -3.09	  -3.00	 -0.008	1.00164							#	   0.45	  75.96	
    667	  -5.49	  -2.67	 -0.008	1.00121							#	   0.58	  74.34	
    668	  -3.70	  -3.00	 -0.011	0.99998							#	   0.52	  76.87	
    669	  -3.55	  -3.09	 -0.009	0.99994							#	   0.55	  77.32	
    670	  -3.63	  -3.16	 -0.007	1.00046							#	   0.54	  75.71	
    671	  -4.63	  -2.85	 -0.006	1.00055							#	   0.53	  76.57	
    672	  -4.31	  -2.84	 -0.010	1.00005							#	   0.54	  76.41	
    673	  -4.22	  -2.90	 -0.010	0.99994							#	   0.56	  76.97	
    674	  -4.19	  -2.82	 -0.008	0.99993							#	   0.54	  76.77	
    675	  -4.41	  -2.73	 -0.009	0.99993							#	   0.55	  76.82	
    676	  -4.75	  -2.71	 -0.007	0.99994							#	   0.58	  76.31	
    677	  -4.52	  -2.64	 -0.008	0.99996							#	   0.55	  76.46	
    678	  -4.93	  -2.55	 -0.010	0.99994							#	   0.61	  77.07	
    679	  -4.93	  -2.55	 -0.010	0.99996							#	   0.62	  76.57	
    680	  -5.04	  -2.45	 -0.011	0.99996							#	   0.62	  76.31	
    681	  -5.21	  -2.56	 -0.010	0.99996							#	   0.66	  76.72	
    682	  -5.39	  -2.50	 -0.009	0.99999							#	   0.66	  76.87	
    683	  -5.51	  -2.43	 -0.012	0.99994							#	   0.63	  75.91	
    684	  -5.78	  -2.35	 -0.011	0.99993							#	   0.68	  75.25	
    685	  -6.03	  -2.29	 -0.009	0.99992							#	   0.73	  73.79	
    686	  -6.06	  -2.18	 -0.009	0.99982							#	   0.70	  71.31	
    687	  -6.28	  -2.20	 -0.010	0.99982							#	   0.71	  70.61	
    688	  -6.50	  -2.11	 -0.009	0.99978							#	   0.76	  65.56	
    689	  -6.86	  -2.13	 -0.009	0.99984							#	   0.83	  67.93	
    690	  -6.95	  -2.00	 -0.009	0.99974							#	   0.91	  65.56	
    691	  -7.05	  -1.95	 -0.010	0.99966							#	   0.85	  64.70	
    692	  -7.06	  -1.93	 -0.009	0.99967							#	   0.82	  61.41	
    693	  -7.15	  -1.80	 -0.010	0.99959							#	   0.78	  60.40	
    694	  -7.51	  -1.68	 -0.009	0.99958							#	   0.84	  58.48	
    695	  -7.49	  -1.75	 -0.010	0.99957							#	   0.86	  58.48	
    696	  -7.32	  -1.65	 -0.008	0.99935							#	   0.86	  54.19	
    697	  -7.58	  -1.77	 -0.011	0.99943							#	   0.91	  54.90	
    698	  -7.74	  -1.77	 -0.009	0.99943							#	   0.93	  56.41	
    699	  -7.50	  -1.81	 -0.008	0.99933							#	   0.95	  53.74	
    700	  -7.96	  -1.94	 -0.011	0.99952							#	   0.95	  59.29	
    701	  -8.14	  -1.98	 -0.013	0.99955							#	   0.97	  60.15	
    702	  -8.33	  -2.03	 -0.010	0.99948							#	   0.94	  59.85	
    703	  -8.22	  -2.07	 -0.013	0.99956							#	   1.01	  59.70	
    704	  -8.38	  -2.14	 -0.011	0.99949							#	   0.95	  57.88	
    705	  -8.46	  -2.04	 -0.011	0.99945							#	   0.99	  56.31	
    706	  -8.85	  -1.96	 -0.010	0.99945							#	   0.99	  57.02	
    707	  -8.69	  -2.04	 -0.009	0.99953							#	   1.16	  57.63	
    708	  -8.93	  -2.05	 -0.008	0.99950							#	   1.05	  55.91	
    709	  -8.91	  -1.94	 -0.008	0.99949							#	   0.98	  56.01	
    710	  -9.12	  -1.97	 -0.007	0.99949							#	   1.09	  55.61	
    711	  -9.10	  -1.85	 -0.007	0.99944							#	   0.99	  54.80	
    712	  -9.03	  -1.82	 -0.006	0.99944							#	   0.98	  55.10	
    713	  -9.13	  -1.78	 -0.006	0.99938							#	   0.99	  54.24	
    714	  -9.20	  -1.77	 -0.005	0.99940							#	   1.15	  53.69	
    715	  -9.31	  -1.73	 -0.004	0.99939							#	   1.09	  55.45	
    716	  -9.16	  -1.68	 -0.005	0.99926							#	   1.08	  49.80	
    717	  -9.24	  -1.83	 -0.004	0.99948							#	   1.05	  51.52	
    718	  -9.43	  -1.68	 -0.004	0.99906							#	   1.10	  48.59	
    719	  -9.40	  -1.75	 -0.003	0.99928							#	   1.00	  50.96	
    720	  -9.33	  -1.69	 -0.002	0.99912							#	   1.12	  45.91	
    721	  -9.76	  -1.67	 -0.004	0.99927							#	   1.23	  50.30	
    722	  -9.84	  -1.70	 -0.000	0.99932							#	   1.20	  49.24	
    723	  -9.91	  -1.69	 -0.002	0.99929							#	   1.09	  49.24	
    724	  -9.98	  -1.58	 -0.004	0.99922							#	   1.10	  47.93	
    725	 -10.15	  -1.67	 -0.000	0.99938							#	   1.05	  49.14	
    726	 -10.16	  -1.58	 -0.004	0.99908							#	   1.05	  47.07	
    727	  -9.95	  -1.57	 -0.002	0.99943							#	   1.08	  49.85	
    728	 -10.02	  -1.58	  0.002	0.99920							#	   1.33	  46.72	
    729	 -10.18	  -1.41	 -0.003	0.99951							#	   1.01	  48.18	
    730	 -10.02	  -1.38	  0.001	0.99955							#	   0.92	  46.16	
    731	 -10.11	  -1.38	  0.000	0.99957							#	   0.95	  47.47	
    732	 -10.27	  -1.47	  0.003	0.99956							#	   0.99	  45.15	
    733	 -10.12	  -1.32	 -0.004	0.99962							#	   0.94	  49.65	
    734	 -10.01	  -1.40	  0.001	0.99965							#	   1.28	  45.15	
    735	  -9.95	  -1.38	 -0.001	0.99992							#	   1.04	  46.62	
    736	 -10.26	  -1.41	 -0.002	1.00029							#	   0.90	  50.25	
    737	  -9.96	  -1.29	 -0.001	1.00010							#	   0.88	  47.63	
    738	 -10.01	  -1.32	 -0.001	1.00007							#	   0.93	  49.09	
    739	 -10.33	  -1.41	 -0.003	1.00012							#	   1.03	  49.60	
    740	 -10.16	  -1.30	 -0.000	1.00012							#	   1.18	  49.55	
    741	 -10.22	  -1.32	 -0.002	1.00012							#	   1.15	  49.49	
    742	  -9.98	  -1.24	 -0.001	1.00009							#	   0.89	  49.95	
    743	 -10.36	  -1.21	 -0.002	1.00008							#	   1.00	  50.00	
    744	  -9.95	  -1.26	 -0.002	1.00010							#	   1.00	  49.09	
    745	 -10.35	  -1.20	 -0.002	1.00011							#	   1.05	  50.35	
    746	  -9.91	  -1.21	 -0.002	1.00003							#	   0.99	  49.55	
    747	 -10.29	  -1.23	 -0.003	1.00006							#	   1.21	  50.71	
    748	 -10.09	  -1.18	 -0.002	0.99997							#	   0.95	  49.39	
    749	 -10.36	  -1.21	 -0.003	1.00003							#	   1.07	  50.45	
    750	 -10.06	  -1.21	  0.000	1.00002							#	   1.16	  47.98	
    751	 -10.47	  -1.18	 -0.006	0.99996							#	   1.10	  50.35	
    752	 -10.27	  -1.07	  0.001	0.99980							#	   0.96	  48.23	
    753	 -10.44	  -1.04	 -0.001	0.99985							#	   1.11	  48.84	
    754	 -10.36	  -1.06	 -0.002	0.99982							#	   1.14	  48.94	
    755	 -10.01	  -0.96	 -0.003	0.99975							#	   1.03	  47.93	
    756	 -10.23	  -0.99	 -0.001	0.99973							#	   1.07	  47.47	
    757	 -10.31	  -0.91	  0.001	0.99972							#	   0.95	  46.72	
    758	 -10.16	  -0.85	 -0.002	0.99964							#	   0.84	  47.02	
    759	 -10.14	  -0.77	 -0.002	0.99966							#	   0.92	  46.46	
    760	  -9.93	  -0.84	 -0.001	0.99969							#	   1.15	  47.58	
    761	 -10.04	  -0.82	 -0.003	0.99962							#	   0.94	  46.21	
    762	  -9.97	  -0.80	 -0.003	0.99966							#	   0.90	  48.03	
    763	 -10.12	  -0.83	  0.000	0.99959							#	   0.96	  46.11	
    764	 -10.17	  -0.67	 -0.005	0.99962							#	   0.81	  47.02	
    765	 -10.15	  -0.73	 -0.003	0.99949							#	   0.90	  46.26	
    766	 -10.17	  -0.75	 -0.005	0.99954							#	   1.29	  45.86	
    767	 -10.19	  -0.66	 -0.005	0.99934							#	   0.91	  47.12	
    768	 -10.25	  -0.69	  0.001	0.99933							#	   0.90	  45.30	
    769	 -10.47	  -0.65	 -0.001	0.99936							#	   0.88	  45.00	
    770	 -10.50	  -0.49	 -0.006	0.99928							#	   0.87	  44.55	
    771	 -10.81	  -0.45	 -0.005	0.99973							#	   0.96	  46.82	
    772	 -10.52	  -0.51	 -0.004	0.99976							#	   1.24	  45.61	
    773	 -11.10	  -0.39	 -0.010	0.99973							#	   1.05	  47.53	
    774	 -10.82	  -0.51	 -0.003	0.99970							#	   0.92	  47.27	
    775	 -11.19	  -0.32	 -0.010	0.99969							#	   0.92	  47.22	
    776	 -11.06	  -0.45	 -0.007	0.99966							#	   0.98	  46.72	
    777	 -10.94	  -0.39	 -0.007	0.99963							#	   0.99	  45.96	
    778	 -11.00	  -0.44	 -0.008	0.99963							#	   1.29	  45.10	
    779	 -11.04	  -0.52	 -0.007	0.99973							#	   0.90	  45.76	
    780	 -11.10	  -0.47	 -0.009	0.99946							#	   0.98	  43.08	
    781	 -11.05	  -0.47	 -0.010	0.99945							#	   0.94	  43.89	
    782	 -11.17	  -0.46	 -0.011	0.99966							#	   0.92	  45.25	
    783	 -11.26	  -0.40	 -0.011	0.99965							#	   1.06	  44.70	
    784	 -11.03	  -0.58	 -0.008	0.99953							#	   1.18	  43.84	
    785	 -10.78	  -0.45	 -0.011	0.99944							#	   0.78	  44.34	
    786	 -10.78	  -0.37	 -0.013	0.99977							#	   0.74	  46.06	
    787	 -11.02	  -0.38	 -0.015	0.99978							#	   0.76	  46.36	
    788	 -10.98	  -0.14	 -0.013	0.99968							#	   0.88	  45.71	
    789	 -11.25	  -0.17	 -0.014	0.99966							#	   0.98	  46.36	
    790	 -11.39	  -0.11	 -0.013	0.99961							#	   1.16	  43.64	
    791	 -11.53	  -0.04	 -0.014	0.99952							#	   0.91	  44.55	
    792	 -11.35	  -0.01	 -0.015	0.99941							#	   0.94	  44.14	
    793	 -11.55	  -0.03	 -0.014	0.99941							#	   1.03	  43.89	
    794	 -11.89	  -0.03	 -0.017	0.99962							#	   1.12	  43.59	
    795	 -11.95	   0.01	 -0.014	0.99952							#	   1.29	  43.54	
    796	 -12.01	   0.02	 -0.017	0.99964							#	   1.14	  42.37	
    797	 -12.11	   0.04	 -0.015	0.99960							#	   1.06	  42.02	
    798	 -12.05	   0.08	 -0.012	0.99959							#	   1.09	  41.87	
    799	 -12.13	   0.19	 -0.013	0.99961							#	   1.08	  41.46	
    800	 -12.04	   0.06	 -0.013	0.99966							#	   1.18	  41.87	
    801	 -12.05	   0.09	 -0.015	0.99966							#	   1.27	  42.22	
    802	 -12.06	   0.08	 -0.011	0.99953							#	   0.98	  41.92	
    803	 -12.01	   0.07	 -0.016	0.99974							#	   1.10	  42.68	
    804	 -11.90	   0.08	 -0.013	0.99970							#	   0.96	  42.83	
    805	 -11.98	   0.10	 -0.016	0.99971							#	   1.06	  42.37	
    806	 -12.04	   0.01	 -0.016	0.99966							#	   1.35	  42.07	
    807	 -12.12	   0.07	 -0.015	0.99963							#	   0.89	  41.11	
    808	 -12.15	  -0.02	 -0.014	0.99961							#	   1.12	  41.77	
    809	 -12.29	   0.06	 -0.017	0.99964							#	   1.07	  40.96	
    810	 -12.45	   0.06	 -0.015	0.99977							#	   1.24	  40.71	
    811	 -12.38	  -0.03	 -0.017	0.99974							#	   1.40	  40.61	
    812	 -12.44	   0.11	 -0.017	1.00012							#	   1.01	  43.23	
    813	 -12.39	   0.02	 -0.014	0.99989							#	   1.12	  42.98	
    814	 -12.29	   0.01	 -0.015	1.00000							#	   1.09	  42.63	
    815	 -12.09	  -0.02	 -0.018	0.99996							#	   1.17	  43.33	
    816	 -11.75	  -0.02	 -0.013	0.99993							#	   1.21	  43.43	
    817	 -11.37	  -0.01	 -0.014	0.99947							#	   1.05	  42.78	
    818	 -11.17	   0.04	 -0.016	0.99959							#	   1.07	  44.19	
    819	 -11.09	   0.11	 -0.013	0.99964							#	   1.04	  43.38	
    820	 -10.83	  -0.10	 -0.016	0.99962							#	   1.00	  46.46	
    821	 -10.51	   0.02	 -0.012	0.99989							#	   0.96	  44.70	
    822	 -10.35	  -0.18	 -0.013	0.99975							#	   1.22	  46.21	
    823	 -10.39	  -0.26	 -0.013	0.99969							#	   0.95	  47.47	
    824	  -9.87	  -0.28	 -0.016	0.99985							#	   0.88	  48.08	
    825	 -10.02	  -0.37	 -0.014	0.99983							#	   0.91	  48.18	
    826	 -10.15	  -0.40	 -0.016	0.99986							#	   0.86	  48.43	
    827	 -11.65	  -0.41	 -0.016	0.99997							#	   1.41	  45.20	
    828	 -11.68	  -0.40	 -0.017	1.00000							#	   1.15	  43.28	
    829	 -11.65	  -0.48	 -0.019	0.99996							#	   1.05	  43.48	
    830	 -11.11	  -0.38	 -0.019	0.99989							#	   0.96	  43.03	
    831	 -11.52	  -0.34	 -0.018	0.99978							#	   1.02	  44.55	
    832	 -11.70	  -0.19	 -0.020	0.99973							#	   1.13	  44.55	
    833	  -9.13	  -0.35	 -0.015	0.99974							#	   0.90	  45.40	
    834	 -10.02	  -0.22	 -0.016	0.99976							#	   0.94	  49.14	
    835	 -10.00	  -0.12	 -0.019	0.99966							#	   0.83	  48.33	
    836	 -10.20	  -0.01	 -0.013	0.99960							#	   0.94	  47.22	
    837	 -10.52	   0.02	 -0.013	0.99953							#	   0.97	  45.96	
    838	 -10.45	   0.01	 -0.016	0.99952							#	   1.03	  45.35	
    839	 -10.49	   0.05	 -0.014	0.99950							#	   1.35	  45.40	
    840	 -10.63	   0.18	 -0.020	0.99927							#	   1.09	  43.28	
    841	 -10.67	   0.14	 -0.018	0.99928							#	   1.05	  43.89	
    842	 -10.91	   0.13	 -0.022	0.99928							#	   1.09	  44.34	
    843	 -10.74	   0.17	 -0.022	0.99922							#	   0.89	  44.80	
    844	 -10.99	   0.19	 -0.022	0.99921							#	   1.20	  44.55	
    845	 -11.11	   0.23	 -0.023	0.99923							#	   1.12	  44.09	
    846	 -11.10	   0.24	 -0.023	0.99915							#	   0.98	  43.23	
    847	 -11.36	   0.14	 -0.021	0.99929							#	   1.26	  43.94	
    848	 -10.96	   0.13	 -0.025	0.99922							#	   0.85	  43.18	
    849	 -11.27	   0.12	 -0.021	0.99932							#	   1.11	  42.63	
    850	 -11.39	   0.10	 -0.021	0.99925							#	   1.33	  42.42	
    851	 -11.71	   0.13	 -0.027	0.99932							#	   1.10	  41.41	
    852	 -11.71	   0.14	 -0.024	0.99927							#	   1.25	  40.91	
    853	 -12.09	   0.22	 -0.025	0.99931							#	   1.15	  41.41	
    854	 -12.43	   0.35	 -0.026	0.99914							#	   1.26	  38.79	
    855	 -12.57	   0.28	 -0.024	0.99913							#	   1.47	  39.19	
    856	 -12.86	   0.31	 -0.027	0.99912							#	   1.18	  38.23	
    857	 -13.24	   0.39	 -0.024	0.99987							#	   1.31	  40.66	
    858	 -13.56	   0.50	 -0.028	0.99974							#	   1.27	  39.55	
    859	 -13.25	   0.34	 -0.028	0.99974							#	   1.51	  40.76	
    860	 -13.31	   0.38	 -0.026	0.99986							#	   1.17	  40.71	
    861	 -13.30	   0.35	 -0.027	0.99979							#	   1.30	  41.06	
    862	 -13.37	   0.27	 -0.026	0.99977							#	   1.18	  40.10	
    863	 -13.17	   0.23	 -0.027	0.99972							#	   1.50	  41.57	
    864	 -12.90	   0.24	 -0.028	1.00002							#	   1.16	  40.56	
    865	 -13.06	   0.21	 -0.024	0.99996							#	   1.19	  40.51	
    866	 -12.98	   0.33	 -0.027	1.00001							#	   1.16	  40.66	
    867	 -13.03	   0.26	 -0.022	0.99977							#	   1.23	  40.86	
    868	 -12.90	   0.21	 -0.023	0.99981							#	   1.52	  40.76	
    869	 -12.64	   0.04	 -0.022	0.99976							#	   0.93	  40.40	
    870	 -12.69	   0.09	 -0.021	0.99970							#	   1.19	  40.35	
    871	 -12.71	   0.03	 -0.024	0.99968							#	   1.08	  41.06	
    872	 -12.66	  -0.07	 -0.023	0.99975							#	   1.59	  40.25	
    873	 -12.72	   0.07	 -0.025	0.99968							#	   1.07	  40.76	
    874	 -12.69	  -0.13	 -0.022	0.99951							#	   1.04	  40.00	
    875	 -12.76	  -0.07	 -0.024	0.99949							#	   1.17	  39.70	
    876	 -13.05	   0.05	 -0.023	0.99977							#	   1.51	  40.56	
    877	 -13.21	   0.08	 -0.025	0.99976							#	   1.37	  39.65	
    878	 -13.41	   0.08	 -0.023	0.99968							#	   1.21	  38.79	
    879	 -13.45	   0.15	 -0.021	0.99962							#	   1.20	  37.93	
    880	 -13.47	   0.14	 -0.025	0.99958							#	   1.53	  39.44	
    881	 -13.33	   0.21	 -0.023	0.99977							#	   1.48	  40.00	
    882	 -13.28	   0.16	 -0.026	0.99974							#	   1.15	  39.49	
    883	 -13.38	   0.16	 -0.024	0.99974							#	   1.11	  39.29	
    884	 -13.21	   0.07	 -0.024	0.99976							#	   1.37	  39.90	
    885	 -13.20	   0.14	 -0.025	0.99972							#	   1.56	  40.56	
    886	 -13.08	  -0.01	 -0.020	0.99965							#	   1.05	  38.59	
    887	 -13.29	   0.17	 -0.026	0.99980							#	   1.05	  40.30	
    888	 -13.30	   0.07	 -0.023	0.99968							#	   1.32	  39.49	
    889	 -13.16	   0.09	 -0.023	0.99972							#	   1.58	  39.85	
    890	 -13.31	   0.12	 -0.022	0.99980							#	   1.00	  39.55	
    891	 -13.26	   0.07	 -0.022	0.99978							#	   1.16	  39.65	
    892	 -13.30	   0.08	 -0.024	0.99971							#	   1.14	  40.51	
    893	 -13.31	  -0.08	 -0.023	0.99967							#	   1.37	  39.24	
    894	 -13.31	  -0.04	 -0.021	0.99975							#	   1.08	  39.04	
    895	 -13.36	  -0.00	 -0.024	0.99981							#	   1.29	  39.95	
    896	 -13.29	   0.04	 -0.024	0.99978							#	   1.06	  40.40	
    897	 -13.06	   0.04	 -0.024	0.99981							#	   0.99	  40.91	
    898	 -13.16	   0.06	 -0.021	0.99979							#	   1.08	  38.74	
    899	 -13.04	   0.15	 -0.024	0.99979							#	   1.29	  41.57	
    900	 -12.90	   0.10	 -0.020	0.99977							#	   1.22	  38.74	
    901	 -12.55	   0.13	 -0.020	1.00017							#	   0.99	  41.41	
    902	 -12.48	   0.12	 -0.018	1.00004							#	   0.97	  40.86	
    903	 -12.41	  -0.05	 -0.020	0.99999							#	   1.09	  41.36	
    904	 -12.29	  -0.14	 -0.017	0.99997							#	   1.19	  43.08	
    905	 -11.99	  -0.04	 -0.016	0.99991							#	   1.04	  41.77	
    906	 -12.05	  -0.11	 -0.019	0.99990							#	   0.94	  41.52	
    907	 -11.63	  -0.13	 -0.016	0.99992							#	   0.93	  41.01	
    908	 -11.74	  -0.10	 -0.017	0.99990							#	   1.02	  41.72	
    909	 -11.70	  -0.15	 -0.016	0.99984							#	   1.17	  40.96	
    910	 -11.65	  -0.15	 -0.018	0.99985							#	   1.05	  42.07	
    911	 -11.57	  -0.19	 -0.018	0.99982							#	   0.90	  42.68	
    912	 -11.57	  -0.19	 -0.015	0.99984							#	   0.96	  42.32	
    913	 -11.59	  -0.20	 -0.018	0.99989							#	   0.94	  42.42	
    914	 -11.23	  -0.18	 -0.019	0.99976							#	   1.21	  42.73	
    915	 -11.46	  -0.22	 -0.016	0.99990							#	   1.05	  42.63	
    916	 -11.20	  -0.24	 -0.019	0.99979							#	   1.04	  43.18	
    917	 -11.15	  -0.23	 -0.016	0.99977							#	   0.85	  43.54	
    918	 -11.14	  -0.13	 -0.016	0.99976							#	   0.92	  43.84	
    919	 -11.02	  -0.09	 -0.018	0.99971							#	   1.08	  44.75	
    920	 -10.88	  -0.04	 -0.015	0.99976							#	   1.20	  43.33	
    921	 -11.00	  -0.11	 -0.016	0.99973							#	   1.05	  44.65	
    922	 -10.99	   0.04	 -0.018	0.99966							#	   0.85	  43.79	
    923	 -10.64	   0.05	 -0.016	0.99989							#	   0.86	  42.47	
    924	 -10.88	   0.14	 -0.021	0.99977							#	   1.05	  44.65	
    925	 -10.86	   0.13	 -0.016	0.99970							#	   1.09	  43.89	
    926	 -10.92	   0.15	 -0.019	0.99963							#	   1.16	  43.38	
    927	 -10.99	   0.20	 -0.022	0.99968							#	   1.01	  44.09	
    928	 -10.98	   0.10	 -0.020	0.99963							#	   0.98	  43.33	
    929	 -10.93	   0.14	 -0.017	0.99976							#	   1.05	  43.64	
    930	 -10.85	   0.18	 -0.016	0.99969							#	   1.15	  43.33	
    931	 -10.88	   0.13	 -0.020	0.99971							#	   1.07	  43.13	
    932	 -10.91	   0.17	 -0.018	0.99969							#	   1.07	  42.83	
    933	 -10.95	   0.09	 -0.021	0.99973							#	   1.08	  44.19	
    934	 -10.91	   0.20	 -0.022	0.99972							#	   1.00	  44.04	
    935	 -11.01	   0.19	 -0.019	0.99985							#	   1.07	  43.23	
    936	 -11.07	   0.23	 -0.020	0.99993							#	   1.19	  43.33	
    937	 -11.02	   0.26	 -0.023	0.99986							#	   0.97	  44.34	
    938	 -10.86	   0.23	 -0.021	0.99983							#	   1.08	  44.24	
    939	 -10.86	   0.37	 -0.025	0.99989							#	   1.11	  43.28	
    940	 -11.01	   0.30	 -0.024	0.99989							#	   0.98	  43.94	
    941	 -11.26	   0.36	 -0.028	0.99987							#	   1.07	  43.79	
    942	 -11.14	   0.25	 -0.026	0.99991							#	   1.13	  43.18	
    943	 -11.32	   0.26	 -0.025	0.99984							#	   1.10	  42.83	
    944	 -11.47	   0.34	 -0.026	0.99981							#	   1.31	  42.93	
    945	 -11.75	   0.36	 -0.029	0.99979							#	   1.06	  43.48	
    946	 -11.63	   0.35	 -0.026	0.99980							#	   1.03	  43.03	
    947	 -11.56	   0.34	 -0.028	0.99979							#	   1.17	  42.58	
    948	 -11.82	   0.42	 -0.030	0.99982							#	   1.14	  43.79	
    949	 -11.36	   0.26	 -0.022	0.99935							#	   1.17	  42.17	
    950	 -11.40	   0.31	 -0.024	0.99947							#	   1.18	  42.32	
    951	 -11.07	   0.27	 -0.022	0.99949							#	   1.01	  42.27	
    952	 -11.15	   0.25	 -0.022	0.99950							#	   1.03	  42.93	
    953	 -11.05	   0.13	 -0.019	0.99948							#	   1.11	  43.59	
    954	 -11.04	   0.29	 -0.024	0.99965							#	   1.06	  44.55	
    955	 -10.88	   0.12	 -0.017	0.99949							#	   1.08	  41.77	
    956	 -10.99	   0.31	 -0.023	0.99943							#	   1.08	  44.29	
    957	 -11.07	   0.23	 -0.022	0.99931							#	   1.05	  43.28	
    958	 -11.12	   0.34	 -0.024	0.99942							#	   1.15	  44.24	
    959	 -11.29	   0.25	 -0.023	0.99931							#	   1.18	  42.12	
    960	 -11.61	   0.37	 -0.031	0.99932							#	   1.37	  39.70	
    961	 -11.83	   0.24	 -0.027	0.99927							#	   1.10	  40.05	
    962	 -12.10	   0.44	 -0.032	0.99940							#	   1.10	  40.76	
    963	 -12.15	   0.29	 -0.028	0.99930							#	   1.18	  39.65	
    964	 -12.56	   0.47	 -0.029	0.99930							#	   1.38	  39.19	
    965	 -12.59	   0.50	 -0.031	0.99928							#	   1.11	  40.10	
    966	 -12.77	   0.55	 -0.029	0.99977							#	   1.18	  39.29	
    967	 -12.77	   0.64	 -0.029	0.99968							#	   1.21	  41.01	
    968	 -12.58	   0.73	 -0.027	0.99967							#	   1.27	  41.26	
    969	 -12.41	   0.82	 -0.029	0.99938							#	   1.34	  42.02	
    970	 -12.38	   0.76	 -0.027	0.99942							#	   1.11	  41.77	
    971	 -12.27	   0.76	 -0.024	0.99953							#	   1.10	  41.92	
    972	 -12.14	   0.68	 -0.029	0.99952							#	   1.14	  42.17	
    973	 -12.28	   0.55	 -0.026	0.99992							#	   1.20	  41.06	
    974	 -12.27	   0.52	 -0.026	0.99992							#	   1.23	  42.02	
    975	 -12.34	   0.35	 -0.028	1.00000							#	   1.11	  41.87	
    976	 -12.28	   0.54	 -0.027	0.99990							#	   1.18	  40.71	
    977	 -12.31	   0.39	 -0.027	0.99986							#	   1.25	  41.41	
    978	 -12.54	   0.45	 -0.028	0.99990							#	   1.29	  41.36	
    979	 -12.47	   0.44	 -0.028	0.99992							#	   1.27	  41.36	
    980	 -12.61	   0.31	 -0.029	0.99990							#	   1.18	  40.81	
    981	 -12.83	   0.45	 -0.030	0.99978							#	   1.31	  41.41	
    982	 -12.65	   0.40	 -0.029	0.99994							#	   1.34	  40.81	
    983	 -12.80	   0.49	 -0.030	0.99986							#	   1.36	  40.05	
    984	 -12.93	   0.52	 -0.030	0.99982							#	   1.27	  40.15	
    985	 -12.97	   0.56	 -0.030	0.99970							#	   1.24	  41.82	
    986	 -12.99	   0.60	 -0.028	0.99977							#	   1.42	  41.57	
    987	 -13.02	   0.71	 -0.029	0.99963							#	   1.37	  41.62	
    988	 -13.05	   0.74	 -0.029	0.99966							#	   1.36	  41.31	
    989	 -13.06	   0.78	 -0.026	0.99964							#	   1.19	  41.57	
    990	 -13.13	   0.72	 -0.028	0.99966							#	   1.30	  41.01	
    991	 -13.12	   0.86	 -0.026	0.99959							#	   1.50	  42.07	
    992	 -12.99	   0.67	 -0.027	0.99960							#	   1.28	  41.41	
    993	 -12.87	   0.71	 -0.022	0.99962							#	   1.31	  41.41	
    994	 -12.91	   0.54	 -0.024	0.99967							#	   1.17	  40.96	
    995	 -12.71	   0.51	 -0.021	0.99972							#	   1.31	  42.17	
    996	 -12.27	   0.24	 -0.019	1.00021							#	   1.40	  41.82	
    997	 -12.40	   0.34	 -0.016	1.00019							#	   1.23	  41.46	
    998	 -12.24	   0.20	 -0.017	1.00024							#	   1.14	  42.73	
    999	 -12.17	   0.19	 -0.016	1.00023							#	   1.10	  42.02	
   1000	 -12.14	   0.12	 -0.016	1.00028							#	   1.21	  42.58	
   1001	 -12.04	   0.09	 -0.017	1.00023							#	   1.44	  42.63	
   1002	 -12.13	   0.04	 -0.015	1.00023							#	   1.18	  42.22	
   1003	 -12.07	   0.09	 -0.019	1.00021							#	   1.07	  43.13	
   1004	 -11.86	  -0.04	 -0.020	1.00020							#	   1.10	  43.08	
   1005	 -11.81	  -0.07	 -0.019	1.00018							#	   1.14	  42.63	
   1006	 -11.73	  -0.01	 -0.017	1.00019							#	   1.44	  41.67	
   1007	 -11.66	   0.05	 -0.018	1.00016							#	   1.12	  42.12	
   1008	 -11.42	   0.28	 -0.019	0.99908							#	   1.07	  46.06	
   1009	 -11.00	   0.30	 -0.014	0.99905							#	   1.00	  44.34	
   1010	 -10.73	   0.35	 -0.016	0.99900							#	   1.01	  44.44	
   1011	 -10.56	   0.19	 -0.015	0.99912							#	   1.16	  46.57	
   1012	 -10.35	   0.19	 -0.016	0.99917							#	   1.24	  47.07	
   1013	 -10.01	   0.07	 -0.015	0.99919							#	   0.93	  46.72	
   1014	 -10.02	   0.02	 -0.015	0.99924							#	   0.91	  47.98	
   1015	 -10.32	  -0.10	 -0.014	0.99928							#	   0.99	  48.43	
   1016	 -10.39	  -0.26	 -0.013	0.99924							#	   1.06	  46.06	
   1017	 -10.50	  -0.43	 -0.009	0.99905							#	   1.31	  44.39	
   1018	 -10.45	  -0.55	 -0.009	0.99903							#	   1.19	  44.34	
   1019	 -10.58	  -0.69	 -0.013	0.99908							#	   1.06	  45.81	
   1020	 -10.68	  -0.79	 -0.013	0.99913							#	   1.24	  43.38	
   1021	 -10.61	  -0.81	 -0.014	0.99909							#	   1.18	  44.85	
   1022	 -10.65	  -0.90	 -0.013	0.99911							#	   1.30	  45.56	
   1023	 -10.75	  -0.84	 -0.013	0.99912							#	   1.33	  45.81	
   1024	 -10.71	  -0.78	 -0.015	0.99911							#	   1.07	  44.49	
   1025	 -10.65	  -0.83	 -0.013	0.99916							#	   1.06	  45.76	
   1026	 -10.51	  -0.73	 -0.014	0.99915							#	   1.14	  45.61	
   1027	 -10.45	  -0.77	 -0.011	0.99908							#	   1.20	  44.90	
   1028	 -10.43	  -0.81	 -0.012	0.99914							#	   1.28	  45.91	
   1029	 -10.30	  -0.78	 -0.014	0.99912							#	   1.18	  45.61	
   1030	 -10.73	  -0.71	 -0.012	0.99914							#	   1.15	  43.94	
   1031	 -10.29	  -0.67	 -0.012	0.99916							#	   1.13	  45.96	
   1032	 -10.18	  -0.66	 -0.016	0.99913							#	   1.11	  45.15	
   1033	 -10.18	  -0.72	 -0.011	0.99917							#	   1.21	  45.20	
   1034	 -10.35	  -0.60	 -0.013	0.99918							#	   1.26	  45.35	
   1035	 -10.29	  -0.61	 -0.014	0.99912							#	   1.08	  46.01	
   1036	 -10.23	  -0.63	 -0.014	0.99918							#	   1.04	  45.00	
   1037	 -10.40	  -0.65	 -0.013	0.99913							#	   1.15	  44.39	
   1038	 -10.54	  -0.73	 -0.011	0.99922							#	   1.25	  44.49	
   1039	 -10.51	  -0.62	 -0.014	0.99909							#	   1.34	  44.80	
   1040	 -10.36	  -0.64	 -0.013	0.99915							#	   1.02	  44.09	
   1041	 -10.17	  -0.60	 -0.014	0.99909							#	   0.98	  43.99	
   1042	 -10.41	  -0.59	 -0.012	0.99914							#	   1.08	  44.80	
   1043	 -10.68	  -0.48	 -0.012	0.99907							#	   1.20	  42.83	
   1044	 -10.45	  -0.59	 -0.014	0.99909							#	   1.32	  44.04	
   1045	 -10.37	  -0.41	 -0.012	0.99907							#	   1.16	  42.98	
   1046	 -10.15	  -0.52	 -0.011	0.99913							#	   0.94	  42.98	
   1047	 -10.47	  -0.45	 -0.010	0.99912							#	   1.01	  43.03	
   1048	 -10.43	  -0.43	 -0.012	0.99912							#	   1.12	  43.28	
   1049	 -10.38	  -0.40	 -0.011	0.99914							#	   1.24	  42.53	
   1050	 -10.46	  -0.52	 -0.012	0.99909							#	   1.34	  43.13	
   1051	 -10.43	  -0.47	 -0.011	0.99910							#	   1.10	  42.93	
   1052	 -10.22	  -0.50	 -0.012	0.99910							#	   0.96	  44.04	
   1053	 -10.35	  -0.59	 -0.010	0.99919							#	   0.98	  42.02	
   1054	 -10.46	  -0.60	 -0.010	0.99924							#	   1.22	  43.33	
   1055	 -10.46	  -0.69	 -0.011	0.99917							#	   1.32	  43.94	
   1056	 -10.02	  -0.69	 -0.010	0.99915							#	   1.04	  44.60	
   1057	 -10.14	  -0.64	 -0.011	0.99916							#	   1.04	  43.59	
   1058	 -10.25	  -0.60	 -0.008	0.99924							#	   0.92	  44.49	
   1059	  -9.93	  -0.59	 -0.008	0.99913							#	   0.98	  43.99	
   1060	  -9.95	  -0.67	 -0.009	0.99924							#	   1.21	  44.49	
   1061	 -10.01	  -0.56	 -0.010	0.99921							#	   1.08	  44.39	
   1062	  -9.69	  -0.52	 -0.010	0.99930							#	   1.07	  43.64	
   1063	 -10.17	  -0.63	 -0.008	0.99929							#	   1.12	  44.90	
   1064	  -9.80	  -0.57	 -0.009	0.99920							#	   0.96	  44.60	
   1065	 -10.38	  -0.46	 -0.012	0.99928							#	   1.19	  43.48	
   1066	 -10.15	  -0.45	 -0.011	0.99927							#	   1.15	  43.13	
   1067	 -10.30	  -0.43	 -0.008	0.99921							#	   1.19	  41.92	
   1068	 -10.21	  -0.33	 -0.011	0.99927							#	   1.23	  44.09	
   1069	 -10.32	  -0.23	 -0.013	0.99929							#	   1.15	  44.24	
   1070	 -10.01	  -0.26	 -0.012	0.99931							#	   1.05	  44.49	
   1071	  -9.96	  -0.25	 -0.012	0.99938							#	   1.04	  45.00	
   1072	 -10.24	  -0.18	 -0.011	0.99943							#	   1.25	  46.01	
   1073	 -10.34	  -0.07	 -0.011	0.99943							#	   1.07	  46.36	
   1074	 -10.17	  -0.19	 -0.011	0.99932							#	   1.23	  45.25	
   1075	 -10.60	  -0.26	 -0.014	0.99951							#	   1.11	  44.75	
   1076	 -10.26	  -0.27	 -0.009	0.99947							#	   1.04	  43.69	
   1077	 -10.62	  -0.30	 -0.010	0.99967							#	   1.18	  45.20	
   1078	 -10.19	  -0.50	 -0.008	1.00021							#	   1.18	  45.66	
   1079	 -10.12	  -0.57	 -0.008	1.00038							#	   1.11	  45.10	
   1080	 -10.22	  -0.52	 -0.008	1.00030							#	   1.19	  43.89	
   1081	  -9.80	  -0.50	 -0.010	1.00032							#	   0.94	  44.65	
   1082	  -9.68	  -0.56	 -0.006	1.00028							#	   0.91	  46.16	
   1083	  -9.70	  -0.59	 -0.003	1.00035							#	   1.00	  44.75	
   1084	  -9.82	  -0.49	 -0.011	1.00035							#	   1.14	  46.87	
   1085	  -9.39	  -0.51	 -0.007	1.00031							#	   0.96	  44.44	
   1086	  -9.37	  -0.50	 -0.007	1.00017							#	   0.92	  46.52	
   1087	  -9.18	  -0.56	 -0.007	1.00036							#	   0.89	  46.46	
   1088	  -8.90	  -0.58	 -0.011	1.00034							#	   0.84	  47.32	
   1089	  -8.59	  -0.38	 -0.006	1.00031							#	   0.84	  47.73	
   1090	  -8.62	  -0.50	 -0.008	1.00034							#	   0.97	  47.98	
   1091	  -8.24	  -0.29	 -0.008	1.00017							#	   0.92	  50.35	
   1092	  -8.19	  -0.34	 -0.008	1.00021							#	   0.85	  50.56	
   1093	  -8.05	  -0.48	 -0.008	1.00027							#	   0.76	  50.61	
   1094	  -7.85	  -0.21	 -0.010	0.99991							#	   0.79	  53.99	
   1095	  -7.42	  -0.30	 -0.009	0.99995							#	   0.70	  53.38	
   1096	  -7.48	  -0.26	 -0.008	0.99992							#	   0.78	  54.80	
   1097	  -7.37	  -0.33	 -0.007	0.99988							#	   0.88	  54.44	
   1098	  -7.20	  -0.37	 -0.012	0.99992							#	   0.83	  55.71	
   1099	  -6.72	  -0.42	 -0.011	1.00000							#	   0.79	  55.00	
   1100	  -6.65	  -0.31	 -0.007	1.00000							#	   0.68	  59.24	
   1101	  -6.51	  -0.41	 -0.009	1.00002							#	   0.56	  59.09	
   1102	  -6.47	  -0.31	 -0.010	0.99991							#	   0.59	  60.40	
   1103	  -6.07	  -0.34	 -0.010	0.99986							#	   0.61	  59.60	
   1104	  -5.97	  -0.25	 -0.010	0.99989							#	   0.59	  60.66	
   1105	  -5.63	  -0.28	 -0.010	0.99998							#	   0.60	  64.19	
   1106	  -5.44	  -0.21	 -0.010	0.99994							#	   0.60	  63.74	
   1107	  -5.22	  -0.19	 -0.009	0.99989							#	   0.60	  63.13	
   1108	  -4.97	  -0.17	 -0.008	0.99996							#	   0.53	  64.60	
   1109	  -4.90	  -0.16	 -0.009	0.99992							#	   0.47	  65.86	
   1110	  -4.69	  -0.32	 -0.009	0.99995							#	   0.43	  65.25	
   1111	  -4.41	  -0.32	 -0.011	0.99993							#	   0.37	  64.90	
   1112	  -4.29	  -0.41	 -0.008	0.99996							#	   0.33	  64.39	
   1113	  -4.05	  -0.49	 -0.011	0.99995							#	   0.31	  64.24	
   1114	  -3.71	  -0.47	 -0.010	0.99993							#	   0.27	  64.34	
   1115	  -3.68	  -0.66	 -0.008	0.99994							#	   0.31	  64.44	
   1116	  -3.54	  -0.56	 -0.009	0.99998							#	   0.29	  64.85	
   1117	  -3.43	  -0.53	 -0.008	0.99994							#	   0.27	  65.20	
   1118	  -4.45	  -0.29	 -0.006	0.99958							#	   0.42	  66.06	
   1119	  -1.83	  -0.75	 -0.009	0.99953							#	   0.20	  64.39	
   1120	  -2.43	  -0.73	 -0.003	0.99960							#	   0.21	  64.24	
   1121	  -2.90	  -0.81	 -0.007	0.99991							#	   0.25	  65.91	
   1122	  -2.49	  -0.79	 -0.006	0.99966							#	   0.23	  65.61	
   1123	  -2.32	  -0.81	 -0.006	0.99972							#	   0.21	  65.45	
   1124	  -2.32	  -0.86	 -0.005	0.99987							#	   0.20	  65.71	
   1125	  -2.47	  -0.74	 -0.008	0.99996							#	   0.20	  65.40	
   1126	  -2.36	  -0.60	 -0.006	0.99994							#	   0.18	  64.75	
   1127	  -1.91	  -0.68	 -0.006	0.99991							#	   0.15	  64.39	
   1128	  -1.67	  -0.64	 -0.005	0.99993							#	   0.14	  64.55	
   1129	  -1.88	  -0.69	 -0.006	0.99994							#	   0.15	  64.75	
   1130	  -1.64	  -0.83	 -0.007	0.99999							#	   0.14	  65.00	
   1131	  -1.50	  -0.77	 -0.007	0.99997							#	   0.14	  64.75	
   1132	  -1.37	  -0.74	 -0.005	0.99996							#	   0.14	  65.10	
   1133	  -1.24	  -0.78	 -0.006	0.99995							#	   0.13	  65.25	
   1134	  -1.10	  -0.84	 -0.007	0.99999							#	   0.13	  64.04	
   1135	  -1.02	  -0.86	 -0.007	0.99996							#	   0.14	  63.84	
   1136	  -0.86	  -0.89	 -0.005	0.99997							#	   0.13	  63.99	
   1137	  -0.53	  -0.91	 -0.007	1.00001							#	   0.12	  64.90	
   1138	  -0.43	  -0.97	 -0.005	1.00000							#	   0.13	  64.29	
   1139	  -0.42	  -1.05	 -0.005	1.00001							#	   0.14	  64.55	
   1140	  -0.17	  -1.08	 -0.008	1.00004							#	   0.42	  60.91	
   1141	  -0.16	  -0.96	 -0.006	1.00001							#	   0.19	  62.68	
   1142	  -0.04	  -0.95	 -0.007	0.99997							#	   0.14	  63.48	
   1143	  -0.24	  -1.00	 -0.006	0.99998							#	   0.12	  63.84	
   1144	   0.24	  -1.06	 -0.008	1.00003							#	   0.13	  63.23	
   1145	   0.25	  -0.99	 -0.007	0.99999							#	   0.14	  64.14	
   1146	   0.16	  -0.98	 -0.008	1.00002							#	   0.12	  64.44	
   1147	   0.62	  -1.01	 -0.005	1.00000							#	   0.12	  64.80	
   1148	   0.46	  -0.97	 -0.006	1.00000							#	   0.12	  64.85	
   1149	   0.51	  -0.92	 -0.005	0.99999							#	   0.11	  64.90	
   1150	   0.55	  -0.93	 -0.006	1.00001							#	   0.11	  65.56	
   1151	   0.60	  -0.94	 -0.006	1.00000							#	   0.11	  65.00	
   1152	   0.76	  -0.91	 -0.005	1.00000							#	   0.12	  64.04	
   1153	   0.50	  -0.96	 -0.007	1.00001							#	   0.12	  65.25	
   1154	   0.60	  -0.89	 -0.006	0.99997							#	   0.11	  64.95	
   1155	   0.58	  -1.00	 -0.006	1.00000							#	   0.12	  64.85	
   1156	   0.57	  -0.91	 -0.009	1.00001							#	   0.11	  64.55	
   1157	   0.50	  -0.79	 -0.007	0.99998							#	   0.10	  64.65	
   1158	   0.50	  -0.74	 -0.008	0.99999							#	   0.09	  65.30	
   1159	   0.47	  -0.78	 -0.006	0.99997							#	   0.10	  64.44	
   1160	   0.47	  -0.61	 -0.008	0.99996							#	   0.08	  64.24	
   1161	   0.14	  -0.57	 -0.008	0.99996							#	   0.09	  64.49	
   1162	   0.30	  -0.48	 -0.009	0.99997							#	   0.08	  64.19	
   1163	   0.34	  -0.60	 -0.009	0.99995							#	   0.08	  64.39	
   1164	   0.13	  -0.45	 -0.008	0.99995							#	   0.07	  63.33	
   1165	  -0.06	  -0.46	 -0.009	1.00000							#	   0.08	  62.83	
   1166	   0.48	  -0.54	 -0.007	0.99993							#	   0.09	  64.09	
   1167	   0.27	  -0.35	 -0.007	0.99997							#	   0.07	  63.84	
   1168	   0.16	  -0.43	 -0.009	0.99997							#	   0.07	  62.73	
   1169	   0.11	  -0.43	 -0.009	0.99996							#	   0.07	  62.47	
   1170	   0.17	  -0.36	 -0.009	0.99996							#	   0.08	  62.88	
   1171	   0.16	  -0.39	 -0.008	0.99996							#	   0.07	  63.23	
   1172	  -0.08	  -0.39	 -0.008	0.99998							#	   0.07	  63.69	
   1173	   0.04	  -0.28	 -0.008	0.99999							#	   0.07	  63.33	
   1174	  -0.19	  -0.34	 -0.007	1.00002							#	   0.07	  63.84	
   1175	  -0.16	  -0.37	 -0.007	1.00006							#	   0.07	  64.34	
   1176	  -0.05	  -0.21	 -0.006	1.00001							#	   0.06	  63.94	
   1177	  -0.16	  -0.28	 -0.005	1.00005							#	   0.07	  63.79	
   1178	  -0.08	  -0.16	 -0.005	1.00003							#	   0.06	  64.29	
   1179	  -0.05	  -0.20	 -0.004	1.00004							#	   0.05	  65.40	
   1180	  -0.28	  -0.23	 -0.004	1.00004							#	   0.06	  64.44	
   1181	  -0.10	  -0.25	 -0.006	1.00006							#	   0.07	  64.49	
   1182	  -0.04	  -0.16	 -0.004	1.00003							#	   0.06	  64.70	
   1183	   0.28	  -0.10	 -0.005	1.00005							#	   0.05	  65.00	
   1184	   0.30	  -0.10	 -0.002	1.00003							#	   0.05	  64.75	
   1185	   0.31	  -0.15	 -0.003	1.00004							#	   0.06	  64.60	
   1186	   0.43	  -0.20	 -0.003	1.00004							#	   0.06	  64.55	
   1187	   0.36	  -0.21	 -0.004	1.00002							#	   0.06	  64.65	
   1188	   0.45	  -0.27	 -0.005	1.00004							#	   0.07	  64.29	
   1189	   0.67	  -0.38	 -0.006	1.00001							#	   0.08	  63.64	
   1190	   0.65	  -0.41	 -0.004	1.00000							#	   0.08	  64.09	
   1191	   0.81	  -0.40	 -0.004	1.00003							#	   0.08	  64.09	
   1192	   0.76	  -0.40	 -0.005	1.00001							#	   0.08	  63.38	
   1193	   0.72	  -0.59	 -0.005	0.99996							#	   0.09	  63.38	
   1194	   0.90	  -0.45	 -0.002	0.99995							#	   0.09	  63.13	
   1195	   0.71	  -0.47	 -0.006	1.00000							#	   0.08	  64.34	
   1196	   0.95	  -0.39	 -0.004	1.00002							#	   0.08	  63.28	
   1197	   0.99	  -0.30	 -0.005	1.00002							#	   0.08	  63.59	
   1198	   0.95	  -0.43	 -0.005	0.99996							#	   0.09	  63.64	
   1199	   0.73	  -0.33	 -0.005	1.00004							#	   0.07	  63.94	
   1200	   0.99	  -0.27	 -0.004	1.00001							#	   0.18	  61.36	
   1201	   0.95	  -0.17	 -0.003	1.00000							#	   0.09	  64.34	
   1202	   0.93	  -0.26	 -0.006	1.00003							#	   0.09	  63.89	
   1203	   1.10	  -0.24	 -0.005	1.00003							#	   0.08	  63.99	
