      1	  -0.51	  -0.11	 -0.003	1.00000							#	   0.01	  83.28	
      2	  -0.73	  -0.06	 -0.006	1.00001							#	   0.06	  83.84	
      3	  -0.66	  -0.08	 -0.005	1.00002							#	   0.06	  83.08	
      4	  -0.55	  -0.03	 -0.005	1.00001							#	   0.05	  83.74	
      5	  -0.62	  -0.11	 -0.005	1.00001							#	   0.06	  82.68	
      6	  -0.67	  -0.01	 -0.004	1.00002							#	   0.06	  83.18	
      7	  -0.86	  -0.06	 -0.005	0.99999							#	   0.07	  84.24	
      8	  -0.81	  -0.07	 -0.006	1.00001							#	   0.06	  83.28	
      9	  -0.94	  -0.02	 -0.003	0.99999							#	   0.07	  83.89	
     10	  -0.87	  -0.09	 -0.005	1.00000							#	   0.06	  83.79	
     11	  -0.90	  -0.15	 -0.004	1.00001							#	   0.06	  82.93	
     12	  -1.00	  -0.18	 -0.004	0.99999							#	   0.07	  82.98	
     13	  -1.06	  -0.21	 -0.004	0.99999							#	   0.07	  82.73	
     14	  -1.14	  -0.18	 -0.003	1.00001							#	   0.08	  82.53	
     15	  -1.17	  -0.30	 -0.004	1.00003							#	   0.07	  81.16	
     16	  -1.17	  -0.38	 -0.003	1.00004							#	   0.08	  80.20	
     17	  -1.34	  -0.30	 -0.003	1.00001							#	   0.09	  80.15	
     18	  -1.45	  -0.32	 -0.002	1.00002							#	   0.10	  80.45	
     19	  -1.49	  -0.51	 -0.001	1.00002							#	   0.11	  79.29	
     20	  -1.56	  -0.38	 -0.004	1.00001							#	   0.11	  79.70	
     21	  -1.55	  -0.40	 -0.000	0.99999							#	   0.12	  79.29	
     22	  -1.55	  -0.56	 -0.002	1.00003							#	   0.12	  78.03	
     23	  -1.74	  -0.63	 -0.002	1.00002							#	   0.15	  79.19	
     24	  -1.93	  -0.54	 -0.001	0.99999							#	   0.16	  77.98	
     25	  -1.96	  -0.67	 -0.001	1.00001							#	   0.17	  78.79	
     26	  -1.91	  -0.54	 -0.004	1.00003							#	   0.15	  78.08	
     27	  -1.85	  -0.64	 -0.000	1.00000							#	   0.14	  77.93	
     28	  -1.98	  -0.56	 -0.001	1.00002							#	   0.16	  77.32	
     29	  -2.18	  -0.63	 -0.002	1.00004							#	   0.19	  78.99	
     30	  -2.25	  -0.56	  0.002	1.00002							#	   0.20	  77.83	
     31	  -1.94	  -0.83	 -0.002	1.00007							#	   0.20	  77.53	
     32	  -2.38	  -0.97	  0.001	1.00004							#	   0.28	  79.70	
     33	  -2.40	  -0.75	 -0.001	1.00003							#	   0.22	  79.49	
     34	  -2.39	  -0.71	 -0.001	1.00001							#	   0.22	  79.55	
     35	  -2.32	  -0.79	 -0.003	1.00003							#	   0.23	  80.30	
     36	  -2.24	  -0.80	  0.001	1.00001							#	   0.22	  80.45	
     37	  -2.57	  -0.83	 -0.003	1.00003							#	   0.26	  78.43	
     38	  -2.83	  -0.71	 -0.002	1.00005							#	   0.30	  78.18	
     39	  -2.68	  -0.80	 -0.002	1.00002							#	   0.27	  79.24	
     40	  -2.96	  -0.76	 -0.001	1.00005							#	   0.30	  78.84	
     41	  -3.00	  -0.82	 -0.000	1.00004							#	   0.31	  79.29	
     42	  -3.28	  -0.86	 -0.001	1.00003							#	   0.36	  79.80	
     43	  -3.37	  -0.80	 -0.003	1.00004							#	   0.37	  79.65	
     44	  -3.44	  -0.69	 -0.001	1.00004							#	   0.39	  78.79	
     45	  -3.46	  -0.60	  0.000	1.00002							#	   0.39	  80.05	
     46	  -3.68	  -0.66	  0.000	1.00000							#	   0.43	  77.37	
     47	  -4.02	  -0.58	  0.001	1.00002							#	   0.52	  77.83	
     48	  -4.40	  -0.44	  0.002	1.00001							#	   0.64	  79.24	
     49	  -4.19	  -0.55	  0.000	1.00000							#	   0.59	  77.98	
     50	  -4.22	  -0.42	 -0.000	1.00001							#	   0.58	  79.04	
     51	  -4.64	  -0.38	 -0.001	0.99999							#	   0.67	  77.98	
     52	  -4.64	  -0.34	 -0.001	1.00001							#	   0.67	  76.67	
     53	  -4.87	  -0.30	 -0.001	0.99995							#	   0.72	  75.76	
     54	  -5.21	  -0.33	 -0.002	0.99993							#	   0.84	  73.48	
     55	  -5.26	  -0.17	 -0.001	0.99997							#	   0.82	  74.24	
     56	  -5.27	  -0.09	 -0.002	0.99995							#	   0.87	  76.16	
     57	  -5.54	  -0.02	 -0.000	0.99999							#	   0.89	  75.00	
     58	  -5.80	   0.08	 -0.003	0.99996							#	   0.92	  74.85	
     59	  -5.83	   0.18	 -0.001	0.99997							#	   0.93	  71.92	
     60	  -5.88	   0.25	 -0.001	1.00018							#	   1.07	  61.87	
     61	  -6.03	   0.22	 -0.002	1.00024							#	   0.97	  65.61	
     62	  -6.17	   0.23	 -0.004	1.00027							#	   1.07	  65.00	
     63	  -6.32	   0.23	 -0.004	1.00025							#	   1.05	  64.19	
     64	  -6.41	   0.22	 -0.004	1.00027							#	   1.05	  62.32	
     65	  -6.74	   0.12	 -0.003	1.00014							#	   1.16	  63.28	
     66	  -7.08	   0.09	 -0.004	1.00025							#	   1.19	  63.38	
     67	  -6.95	   0.11	 -0.004	1.00029							#	   1.07	  62.17	
     68	  -7.02	   0.16	 -0.004	1.00027							#	   1.17	  61.31	
     69	  -7.17	   0.20	 -0.005	1.00035							#	   1.26	  59.09	
     70	  -7.30	   0.32	 -0.004	1.00035							#	   1.26	  57.63	
     71	  -7.59	   0.49	 -0.001	1.00008							#	   1.26	  57.83	
     72	  -7.63	   0.58	 -0.003	1.00007							#	   1.27	  57.27	
     73	  -7.82	   0.55	 -0.001	1.00005							#	   1.28	  56.52	
     74	  -7.92	   0.51	 -0.001	1.00015							#	   1.25	  56.62	
     75	  -7.96	   0.64	 -0.004	1.00024							#	   1.30	  58.03	
     76	  -7.98	   0.69	 -0.001	1.00025							#	   1.37	  58.18	
     77	  -8.20	   0.64	 -0.000	1.00019							#	   1.37	  56.26	
     78	  -8.12	   0.69	 -0.001	1.00024							#	   1.31	  55.35	
     79	  -7.84	   0.67	 -0.000	1.00010							#	   1.26	  56.26	
     80	  -7.81	   0.50	  0.002	1.00014							#	   1.22	  57.32	
     81	  -8.25	   0.53	  0.001	1.00019							#	   1.27	  56.97	
     82	  -8.25	   0.42	  0.001	1.00017							#	   1.26	  57.73	
     83	  -8.11	   0.34	  0.002	1.00018							#	   1.27	  56.92	
     84	  -7.99	   0.33	  0.002	1.00016							#	   1.32	  56.82	
     85	  -8.18	   0.14	  0.001	1.00014							#	   1.44	  57.73	
     86	  -8.42	   0.12	  0.004	1.00007							#	   1.32	  57.78	
     87	  -8.48	   0.00	  0.004	1.00009							#	   1.43	  57.07	
     88	  -8.50	  -0.12	  0.007	1.00020							#	   1.44	  56.11	
     89	  -8.44	  -0.21	  0.008	1.00020							#	   1.32	  56.06	
     90	  -8.54	  -0.33	  0.009	1.00023							#	   1.41	  56.21	
     91	  -8.58	  -0.38	  0.009	1.00027							#	   1.48	  55.86	
     92	  -8.55	  -0.66	  0.008	1.00004							#	   1.42	  55.71	
     93	  -8.47	  -0.66	  0.009	0.99994							#	   1.45	  58.94	
     94	  -8.38	  -0.67	  0.008	0.99997							#	   1.34	  58.18	
     95	  -8.47	  -0.68	  0.009	0.99993							#	   1.37	  59.39	
     96	  -8.58	  -0.73	  0.009	0.99996							#	   1.40	  59.39	
     97	  -8.43	  -0.77	  0.008	0.99997							#	   1.35	  58.03	
     98	  -8.52	  -0.82	  0.008	0.99998							#	   1.47	  58.84	
     99	  -8.38	  -0.77	  0.009	0.99987							#	   1.36	  60.25	
    100	  -8.43	  -0.62	  0.006	0.99990							#	   1.41	  59.34	
    101	  -8.17	  -0.76	  0.009	0.99988							#	   1.26	  59.95	
    102	  -8.39	  -0.75	  0.006	0.99991							#	   1.36	  58.99	
    103	  -8.38	  -0.69	  0.007	0.99997							#	   1.40	  56.82	
    104	  -8.44	  -0.84	  0.007	0.99996							#	   1.48	  55.51	
    105	  -8.12	  -0.83	  0.004	0.99993							#	   1.32	  56.21	
    106	  -8.13	  -0.80	  0.004	0.99987							#	   1.32	  58.79	
    107	  -8.12	  -0.74	  0.003	0.99983							#	   1.22	  58.18	
    108	  -8.38	  -0.70	  0.004	0.99988							#	   1.27	  58.74	
    109	  -8.36	  -0.58	  0.007	0.99987							#	   1.25	  58.48	
    110	  -8.49	  -0.67	  0.003	0.99987							#	   1.51	  58.28	
    111	  -8.39	  -0.73	  0.004	0.99987							#	   1.41	  58.33	
    112	  -8.74	  -0.93	  0.001	0.99997							#	   1.58	  54.29	
    113	  -8.99	  -0.98	 -0.001	0.99998							#	   1.47	  53.64	
    114	  -8.74	  -0.91	 -0.002	1.00000							#	   1.41	  52.83	
    115	  -8.60	  -0.97	 -0.002	0.99988							#	   1.31	  55.15	
    116	  -9.05	  -0.81	 -0.001	1.00003							#	   1.48	  54.09	
    117	  -8.89	  -0.73	 -0.004	0.99982							#	   1.39	  54.70	
    118	  -8.98	  -0.78	 -0.002	1.00002							#	   1.65	  54.39	
    119	  -8.91	  -0.85	 -0.004	0.99988							#	   1.44	  52.88	
    120	  -9.26	  -0.89	 -0.001	0.99999							#	   1.63	  51.31	
    121	  -9.27	  -1.06	 -0.003	0.99994							#	   1.51	  54.34	
    122	  -9.40	  -1.02	 -0.003	1.00005							#	   1.68	  53.79	
    123	  -9.61	  -1.02	 -0.003	0.99999							#	   1.62	  52.78	
    124	  -9.29	  -0.94	 -0.004	1.00005							#	   1.63	  53.84	
    125	  -9.17	  -0.88	  0.000	1.00003							#	   1.63	  53.89	
    126	  -9.36	  -0.87	 -0.002	0.99999							#	   1.67	  54.75	
    127	  -9.11	  -0.85	 -0.003	0.99986							#	   1.50	  56.01	
    128	  -9.24	  -0.72	 -0.001	0.99997							#	   1.54	  56.06	
    129	  -9.09	  -0.83	 -0.001	0.99994							#	   1.48	  55.40	
    130	  -8.89	  -0.76	 -0.002	0.99999							#	   1.39	  56.16	
    131	  -8.65	  -0.89	 -0.001	0.99999							#	   1.51	  55.81	
    132	  -8.87	  -0.99	 -0.000	0.99995							#	   1.73	  54.44	
    133	  -8.80	  -0.99	 -0.000	0.99996							#	   1.58	  54.14	
    134	  -8.75	  -0.93	 -0.000	0.99995							#	   1.48	  55.45	
    135	  -8.71	  -0.90	  0.002	0.99996							#	   1.45	  55.10	
    136	  -8.94	  -0.61	  0.004	0.99985							#	   1.50	  58.43	
    137	  -8.93	  -0.43	  0.004	0.99982							#	   1.46	  60.05	
    138	  -8.75	  -0.24	  0.005	0.99987							#	   1.44	  56.57	
    139	  -8.78	  -0.08	  0.007	0.99990							#	   1.56	  57.58	
    140	  -8.81	  -0.16	  0.006	0.99989							#	   1.56	  56.72	
    141	  -8.83	  -0.05	  0.009	0.99990							#	   1.59	  56.57	
    142	  -8.93	  -0.09	  0.010	0.99989							#	   1.55	  56.72	
    143	  -9.06	   0.11	  0.012	0.99987							#	   1.57	  58.59	
    144	  -9.18	   0.22	  0.012	0.99981							#	   1.56	  59.60	
    145	  -9.15	   0.27	  0.013	0.99976							#	   1.59	  58.08	
    146	  -9.27	   0.39	  0.017	0.99972							#	   1.60	  58.74	
    147	  -9.51	   0.48	  0.014	0.99966							#	   1.73	  57.58	
    148	  -9.40	   0.59	  0.016	0.99969							#	   1.62	  56.72	
    149	  -8.93	   0.82	  0.016	0.99972							#	   1.47	  55.56	
    150	  -9.15	   0.60	  0.018	0.99967							#	   1.47	  55.76	
    151	  -9.30	   0.68	  0.016	0.99968							#	   1.53	  56.01	
    152	  -9.41	   0.81	  0.018	0.99967							#	   1.64	  55.15	
    153	  -9.19	   0.91	  0.016	0.99971							#	   1.55	  55.00	
    154	  -9.03	   1.22	  0.018	0.99964							#	   1.46	  55.91	
    155	  -9.17	   1.17	  0.016	0.99956							#	   1.52	  57.53	
    156	  -9.07	   1.33	  0.019	0.99957							#	   1.54	  57.27	
    157	  -9.20	   1.16	  0.017	0.99955							#	   1.54	  56.21	
    158	  -9.41	   1.05	  0.016	0.99936							#	   1.59	  56.82	
    159	  -9.18	   0.99	  0.017	0.99946							#	   1.57	  54.60	
    160	  -9.13	   0.92	  0.017	0.99952							#	   1.55	  54.85	
    161	  -9.52	   0.85	  0.016	0.99959							#	   1.65	  55.10	
    162	  -9.42	   1.08	  0.016	0.99961							#	   1.60	  54.90	
    163	  -9.49	   1.19	  0.017	0.99964							#	   1.77	  55.81	
    164	  -9.41	   1.07	  0.017	0.99949							#	   1.62	  57.07	
    165	  -9.28	   1.28	  0.017	0.99955							#	   1.53	  56.52	
    166	  -9.24	   1.37	  0.016	0.99958							#	   1.59	  57.37	
    167	  -9.44	   1.45	  0.017	0.99957							#	   1.62	  60.00	
    168	  -9.39	   1.48	  0.017	0.99955							#	   1.52	  58.74	
    169	  -9.51	   1.49	  0.017	0.99953							#	   1.56	  58.48	
    170	  -9.47	   1.51	  0.018	0.99953							#	   1.60	  58.23	
    171	  -9.53	   1.42	  0.017	0.99959							#	   1.72	  57.12	
    172	  -9.64	   1.23	  0.015	0.99961							#	   1.67	  56.87	
    173	  -9.55	   1.09	  0.015	0.99958							#	   1.66	  53.79	
    174	  -9.64	   0.96	  0.016	0.99945							#	   1.67	  55.76	
    175	  -9.53	   0.96	  0.015	0.99946							#	   1.59	  54.90	
    176	  -9.52	   0.96	  0.016	0.99950							#	   1.62	  56.62	
    177	  -9.59	   0.78	  0.016	0.99943							#	   1.60	  58.18	
    178	  -9.44	   0.81	  0.017	0.99942							#	   1.65	  56.52	
    179	  -9.44	   0.83	  0.016	0.99943							#	   1.71	  58.89	
    180	  -9.45	   0.76	  0.016	0.99949							#	   1.65	  54.60	
    181	  -9.68	   0.62	  0.016	0.99945							#	   1.71	  60.71	
    182	  -9.82	   0.57	  0.014	0.99925							#	   1.70	  56.67	
    183	  -9.66	   0.57	  0.015	0.99949							#	   1.65	  58.03	
    184	  -9.82	   0.55	  0.016	0.99946							#	   1.76	  58.89	
    185	  -9.46	   0.54	  0.017	0.99940							#	   1.59	  56.41	
    186	  -9.77	   0.60	  0.015	0.99939							#	   1.77	  57.98	
    187	  -9.70	   0.64	  0.016	0.99927							#	   1.60	  56.57	
    188	  -9.86	   0.90	  0.014	0.99927							#	   1.74	  54.90	
    189	  -9.75	   1.00	  0.015	0.99945							#	   1.65	  54.14	
    190	  -9.69	   0.96	  0.016	0.99941							#	   1.71	  54.49	
    191	  -9.49	   1.21	  0.014	0.99943							#	   1.67	  56.67	
    192	  -9.51	   1.20	  0.016	0.99945							#	   1.68	  57.73	
    193	  -9.35	   1.13	  0.013	0.99940							#	   1.59	  57.88	
    194	  -9.15	   0.85	  0.009	0.99918							#	   1.56	  59.19	
    195	  -9.27	   0.94	  0.005	0.99925							#	   1.59	  59.39	
    196	  -9.10	   0.84	  0.002	0.99922							#	   1.49	  59.49	
    197	  -9.19	   0.89	 -0.000	0.99920							#	   1.48	  60.71	
    198	  -9.09	   0.80	 -0.001	0.99913							#	   1.52	  59.90	
    199	  -8.91	   0.39	 -0.002	0.99911							#	   1.55	  58.48	
    200	  -8.87	   0.27	 -0.003	0.99909							#	   1.55	  56.36	
    201	  -8.77	   0.40	 -0.000	0.99935							#	   1.56	  56.16	
    202	  -9.03	   0.48	 -0.004	0.99914							#	   1.68	  59.55	
    203	  -9.22	   0.50	 -0.003	0.99919							#	   1.62	  57.32	
    204	  -9.36	   0.64	 -0.006	0.99928							#	   1.66	  58.74	
    205	  -9.69	   0.81	 -0.006	0.99918							#	   1.82	  58.74	
    206	  -9.67	   0.84	 -0.006	0.99897							#	   1.74	  57.17	
    207	  -9.68	   0.71	 -0.005	0.99903							#	   1.87	  56.46	
    208	  -9.75	   0.56	 -0.007	0.99907							#	   1.75	  56.11	
    209	  -9.56	   0.21	 -0.005	0.99905							#	   1.64	  54.70	
    210	  -9.46	  -0.10	 -0.006	0.99898							#	   1.64	  54.34	
    211	  -9.11	  -0.28	 -0.003	0.99942							#	   1.52	  54.85	
    212	  -9.27	  -0.41	 -0.005	0.99956							#	   1.57	  54.14	
    213	  -9.77	  -0.32	  0.004	0.99935							#	   1.91	  51.92	
    214	  -9.83	   0.04	  0.006	0.99973							#	   1.85	  53.84	
    215	 -10.30	   0.50	  0.008	0.99964							#	   1.98	  52.02	
    216	 -10.64	   0.79	  0.009	0.99937							#	   1.86	  53.28	
    217	 -10.65	   0.81	  0.009	0.99929							#	   1.86	  54.04	
    218	 -10.68	   0.85	  0.008	0.99934							#	   1.85	  53.59	
    219	 -10.64	   0.82	  0.008	0.99933							#	   1.92	  54.70	
    220	 -10.46	   0.83	  0.010	0.99945							#	   2.03	  54.29	
    221	 -10.35	   0.89	  0.010	0.99952							#	   1.88	  54.49	
    222	 -10.36	   0.86	  0.012	0.99944							#	   1.89	  53.64	
    223	 -10.39	   0.85	  0.011	0.99942							#	   1.80	  53.54	
    224	 -10.28	   0.84	  0.012	0.99942							#	   1.70	  54.55	
    225	 -10.26	   0.86	  0.013	0.99952							#	   1.74	  54.75	
    226	 -10.23	   0.88	  0.015	0.99950							#	   1.88	  53.94	
    227	 -10.12	   0.83	  0.015	0.99937							#	   1.89	  54.29	
    228	 -10.22	   0.99	  0.016	0.99943							#	   1.98	  55.91	
    229	 -10.24	   1.08	  0.017	0.99937							#	   1.86	  55.81	
    230	  -9.98	   1.37	  0.017	0.99959							#	   1.74	  55.35	
    231	  -9.51	   1.36	  0.019	0.99939							#	   1.51	  57.27	
    232	  -9.74	   1.32	  0.020	0.99940							#	   1.59	  58.38	
    233	  -9.62	   1.45	  0.019	0.99947							#	   1.65	  56.67	
    234	  -9.90	   1.30	  0.021	0.99928							#	   1.81	  57.73	
    235	  -9.77	   1.23	  0.022	0.99932							#	   1.87	  55.71	
    236	  -9.82	   1.34	  0.026	0.99935							#	   1.79	  54.04	
    237	 -10.03	   1.36	  0.024	0.99925							#	   1.70	  56.21	
    238	  -9.89	   1.58	  0.023	0.99899							#	   1.66	  54.34	
    239	  -9.73	   1.64	  0.024	0.99901							#	   1.62	  52.93	
    240	 -10.15	   1.43	  0.027	0.99916							#	   1.97	  51.31	
    241	 -10.13	   1.27	  0.024	0.99888							#	   1.73	  50.96	
    242	 -10.14	   1.35	  0.026	0.99914							#	   1.90	  52.78	
    243	 -10.28	   1.34	  0.026	0.99910							#	   1.94	  51.31	
    244	  -9.98	   1.33	  0.026	0.99896							#	   1.66	  50.40	
    245	  -9.83	   1.59	  0.027	0.99901							#	   1.65	  51.41	
    246	 -10.09	   1.67	  0.025	0.99904							#	   1.82	  52.63	
    247	 -10.06	   1.48	  0.026	0.99902							#	   1.78	  53.43	
    248	 -10.12	   1.28	  0.026	0.99906							#	   1.89	  54.29	
    249	 -10.01	   1.04	  0.025	0.99906							#	   1.81	  54.19	
    250	 -10.13	   0.79	  0.026	0.99901							#	   1.90	  53.13	
    251	 -10.05	   0.57	  0.026	0.99915							#	   1.73	  52.88	
    252	 -10.06	   0.43	  0.025	0.99911							#	   1.75	  52.42	
    253	 -10.06	   0.51	  0.024	0.99918							#	   1.89	  52.83	
    254	  -9.36	   0.32	  0.026	0.99956							#	   1.68	  49.29	
    255	  -9.86	   0.34	  0.023	0.99960							#	   1.88	  51.11	
    256	  -9.75	   0.40	  0.027	0.99949							#	   1.82	  51.72	
    257	  -9.83	   0.22	  0.023	0.99933							#	   1.92	  51.26	
    258	  -9.73	  -0.01	  0.025	0.99925							#	   1.71	  49.55	
    259	  -9.75	  -0.18	  0.024	0.99902							#	   1.75	  52.07	
    260	  -9.66	  -0.14	  0.027	0.99919							#	   1.82	  52.32	
    261	  -9.63	  -0.06	  0.023	0.99929							#	   1.83	  53.54	
    262	  -9.66	   0.02	  0.024	0.99931							#	   1.85	  52.73	
    263	  -9.79	  -0.13	  0.026	0.99930							#	   1.94	  52.58	
    264	  -9.78	  -0.16	  0.026	0.99904							#	   1.81	  53.08	
    265	  -9.72	  -0.32	  0.025	0.99908							#	   1.77	  51.77	
    266	  -9.89	  -0.52	  0.026	0.99914							#	   1.85	  53.89	
    267	  -9.77	  -0.57	  0.026	0.99939							#	   1.84	  52.53	
    268	  -9.95	  -0.53	  0.028	0.99926							#	   1.93	  52.63	
    269	 -10.02	  -0.43	  0.027	0.99923							#	   1.89	  53.69	
    270	  -9.92	  -0.30	  0.024	0.99925							#	   1.88	  50.45	
    271	  -9.82	  -0.06	  0.024	0.99924							#	   1.83	  51.97	
    272	  -9.83	   0.01	  0.026	0.99933							#	   1.85	  51.16	
    273	  -9.93	   0.08	  0.024	0.99933							#	   1.93	  51.26	
    274	 -10.12	   0.02	  0.024	0.99916							#	   1.89	  49.55	
    275	 -10.17	  -0.10	  0.029	0.99908							#	   2.00	  50.05	
    276	 -10.44	  -0.15	  0.025	0.99916							#	   2.13	  47.42	
    277	 -10.30	  -0.19	  0.029	0.99917							#	   1.92	  48.59	
    278	 -10.46	  -0.28	  0.033	0.99914							#	   1.98	  49.24	
    279	 -10.75	  -0.19	  0.034	0.99943							#	   2.14	  47.42	
    280	 -11.08	  -0.49	  0.031	0.99950							#	   2.18	  47.27	
    281	 -10.84	  -0.56	  0.022	0.99997							#	   2.36	  43.54	
    282	 -10.85	  -0.44	  0.019	0.99991							#	   2.18	  42.58	
    283	  -9.84	  -0.29	  0.027	0.99991							#	   1.89	  43.74	
    284	  -9.58	  -0.73	  0.026	0.99980							#	   1.66	  44.65	
    285	  -9.51	  -0.98	  0.031	0.99985							#	   1.68	  45.10	
    286	  -9.94	  -0.87	  0.020	0.99981							#	   1.91	  44.39	
    287	 -10.15	  -0.69	  0.015	0.99978							#	   2.22	  43.48	
    288	 -10.40	  -0.60	  0.012	0.99979							#	   2.13	  43.18	
    289	 -11.00	  -0.56	  0.011	0.99972							#	   2.43	  42.53	
    290	  -9.52	  -0.67	  0.013	0.99967							#	   1.58	  46.41	
    291	  -9.28	  -0.60	  0.016	0.99960							#	   1.48	  45.71	
    292	  -9.45	  -0.64	  0.011	0.99971							#	   1.73	  43.74	
    293	 -10.03	  -0.53	  0.010	0.99975							#	   2.10	  42.73	
    294	 -10.36	  -0.69	  0.009	0.99985							#	   2.04	  41.97	
    295	 -10.83	  -0.86	  0.009	0.99964							#	   2.23	  44.29	
    296	 -11.73	  -1.07	  0.010	0.99968							#	   2.59	  42.63	
    297	 -10.49	  -0.95	  0.004	0.99980							#	   1.85	  43.64	
    298	 -10.52	  -0.79	  0.004	0.99980							#	   1.96	  42.78	
    299	 -10.52	  -0.53	  0.005	0.99982							#	   2.12	  42.93	
    300	 -10.19	  -0.43	  0.006	0.99970							#	   2.02	  40.71	
    301	  -9.86	  -0.38	  0.007	0.99977							#	   1.79	  43.48	
    302	  -9.75	  -0.29	  0.008	0.99980							#	   1.93	  44.55	
    303	  -9.80	  -0.36	  0.010	0.99972							#	   1.89	  44.39	
    304	  -9.66	  -0.58	  0.008	0.99986							#	   1.73	  45.05	
    305	  -9.64	  -0.68	  0.008	0.99980							#	   1.89	  44.19	
    306	  -9.50	  -0.80	  0.007	0.99977							#	   1.97	  44.70	
    307	  -9.50	  -0.87	  0.007	0.99981							#	   2.05	  46.16	
    308	  -9.41	  -0.68	  0.011	0.99977							#	   1.91	  45.35	
    309	  -9.60	  -0.62	  0.011	0.99980							#	   1.94	  46.26	
    310	  -9.20	  -0.56	  0.012	0.99975							#	   1.79	  45.66	
    311	  -9.09	  -0.56	  0.013	0.99976							#	   1.72	  46.82	
    312	  -9.09	  -0.42	  0.011	0.99974							#	   1.81	  43.43	
    313	  -9.18	  -0.27	  0.012	0.99974							#	   2.10	  41.67	
    314	  -9.05	  -0.18	  0.006	0.99979							#	   1.90	  42.17	
    315	  -8.48	   0.03	  0.006	0.99991							#	   1.75	  41.72	
    316	  -8.28	   0.08	  0.008	0.99995							#	   1.64	  42.37	
    317	  -8.39	   0.28	  0.010	0.99987							#	   1.63	  40.91	
    318	  -8.44	   0.45	  0.009	0.99986							#	   1.81	  39.55	
    319	  -8.19	   0.65	  0.009	0.99980							#	   1.74	  39.44	
    320	  -8.05	   0.82	  0.008	0.99990							#	   1.79	  39.49	
    321	  -8.20	   0.91	  0.008	0.99998							#	   1.88	  39.34	
    322	  -8.25	   1.02	  0.008	0.99996							#	   1.94	  38.64	
    323	  -7.84	   1.18	  0.006	0.99989							#	   1.65	  36.46	
    324	  -7.69	   1.34	  0.005	0.99992							#	   1.69	  36.92	
    325	  -7.74	   1.18	  0.005	0.99993							#	   1.77	  36.41	
    326	  -7.65	   0.95	  0.006	0.99999							#	   1.82	  36.82	
    327	  -7.80	   1.41	  0.005	0.99989							#	   1.85	  35.91	
    328	  -7.63	   1.49	  0.007	0.99989							#	   1.69	  36.36	
    329	  -7.23	   1.41	  0.009	0.99980							#	   1.58	  36.87	
    330	  -7.06	   1.43	  0.010	0.99980							#	   1.63	  36.31	
    331	  -7.54	   1.33	  0.014	0.99941							#	   1.64	  40.56	
    332	  -7.22	   1.20	  0.011	0.99956							#	   1.56	  37.93	
    333	  -6.83	   0.97	  0.006	0.99979							#	   1.69	  36.06	
    334	  -6.75	   1.01	  0.002	0.99990							#	   1.67	  37.37	
    335	  -6.59	   1.10	  0.003	0.99999							#	   1.61	  36.57	
    336	  -6.88	   1.13	  0.003	0.99985							#	   1.67	  37.07	
    337	  -6.64	   1.02	  0.002	0.99997							#	   1.61	  38.13	
    338	  -6.92	   1.26	  0.006	0.99979							#	   1.59	  39.09	
    339	  -6.57	   1.27	  0.005	0.99992							#	   1.54	  37.27	
    340	  -6.45	   1.10	  0.004	0.99993							#	   1.50	  38.59	
    341	  -6.55	   1.03	  0.003	0.99992							#	   1.60	  38.74	
    342	  -6.34	   1.07	  0.005	0.99989							#	   1.57	  39.55	
    343	  -6.39	   1.12	  0.004	0.99989							#	   1.63	  39.55	
    344	  -6.42	   1.04	  0.004	0.99994							#	   1.62	  39.80	
    345	  -6.45	   1.00	  0.005	0.99990							#	   1.59	  39.80	
    346	  -6.28	   0.88	  0.005	0.99994							#	   1.50	  37.93	
    347	  -6.59	   0.79	  0.005	0.99993							#	   1.57	  39.85	
    348	  -6.68	   0.63	  0.010	0.99992							#	   1.64	  39.65	
    349	  -6.84	   0.50	  0.012	0.99991							#	   1.71	  41.11	
    350	  -7.00	   0.31	  0.008	0.99993							#	   1.73	  41.31	
    351	  -7.19	   0.35	  0.012	0.99981							#	   1.71	  42.12	
    352	  -7.47	   0.37	  0.011	0.99983							#	   1.88	  41.31	
    353	  -7.54	   0.46	  0.011	0.99982							#	   1.67	  40.35	
    354	  -7.37	   0.57	  0.010	0.99996							#	   1.69	  39.39	
    355	  -7.36	   0.65	  0.007	1.00003							#	   1.83	  38.18	
    356	  -7.44	   0.75	  0.007	1.00005							#	   1.88	  40.30	
    357	  -7.70	   0.74	  0.004	1.00004							#	   1.88	  39.44	
    358	  -7.72	   0.78	  0.005	1.00013							#	   1.78	  39.44	
    359	  -7.71	   0.78	  0.004	1.00012							#	   1.86	  38.69	
    360	  -7.83	   0.91	  0.006	1.00002							#	   1.97	  35.56	
    361	  -7.92	   0.85	  0.008	1.00012							#	   1.93	  40.25	
    362	  -8.21	   0.67	  0.007	1.00001							#	   2.04	  38.03	
    363	  -8.10	   0.80	  0.006	0.99995							#	   1.77	  37.68	
    364	  -8.06	   0.78	  0.005	0.99995							#	   1.97	  39.39	
    365	  -8.35	   0.65	  0.005	0.99991							#	   2.07	  38.89	
    366	  -8.50	   0.41	  0.006	0.99995							#	   1.99	  39.90	
    367	  -8.43	   0.34	  0.006	0.99994							#	   1.91	  40.81	
    368	  -8.51	   0.36	  0.004	0.99994							#	   1.86	  40.00	
    369	  -8.62	   0.23	  0.004	1.00008							#	   2.04	  40.20	
    370	  -8.89	   0.27	  0.006	1.00007							#	   2.19	  40.96	
    371	  -8.74	   0.24	  0.003	1.00022							#	   2.00	  37.53	
    372	  -9.11	   0.26	  0.007	1.00023							#	   2.14	  38.18	
    373	  -9.07	   0.21	  0.005	1.00030							#	   2.11	  36.87	
    374	  -9.18	   0.12	  0.004	1.00033							#	   2.11	  36.92	
    375	  -9.21	   0.01	  0.004	1.00033							#	   2.37	  35.91	
    376	  -9.15	  -0.08	  0.006	1.00036							#	   2.13	  36.67	
    377	  -9.50	  -0.33	  0.004	0.99994							#	   2.21	  37.37	
    378	  -9.46	  -0.28	  0.005	0.99994							#	   2.24	  37.73	
    379	  -9.51	  -0.18	  0.006	1.00005							#	   2.13	  39.44	
    380	  -9.21	   0.04	  0.002	1.00029							#	   2.18	  36.77	
    381	  -9.05	   0.19	  0.006	1.00024							#	   2.00	  39.39	
    382	  -8.93	   0.25	  0.006	1.00019							#	   2.02	  39.39	
    383	  -9.13	   0.22	  0.009	1.00002							#	   2.09	  39.80	
    384	  -8.82	   0.04	  0.007	1.00016							#	   2.10	  39.34	
    385	  -8.96	  -0.23	  0.005	0.99996							#	   2.16	  39.49	
    386	  -9.05	  -0.44	  0.009	1.00006							#	   2.14	  41.82	
    387	  -9.41	  -0.49	  0.010	0.99994							#	   2.29	  40.00	
    388	  -9.48	  -0.62	  0.008	0.99996							#	   2.19	  42.63	
    389	  -9.61	  -0.58	  0.013	0.99997							#	   2.30	  38.89	
    390	  -9.71	  -0.49	  0.010	0.99998							#	   2.50	  40.20	
    391	  -9.89	  -0.41	  0.010	0.99993							#	   2.16	  38.38	
    392	  -9.91	  -0.26	  0.013	1.00003							#	   2.30	  39.60	
    393	  -9.71	  -0.17	  0.011	1.00021							#	   2.38	  38.99	
    394	  -9.79	  -0.08	  0.011	1.00022							#	   2.24	  41.26	
    395	  -9.78	  -0.02	  0.010	1.00029							#	   2.24	  39.80	
    396	  -9.63	   0.07	  0.010	1.00022							#	   2.25	  40.76	
    397	  -9.74	   0.23	  0.012	0.99981							#	   2.33	  42.17	
    398	  -9.57	   0.38	  0.012	0.99981							#	   2.19	  42.12	
    399	  -9.84	   0.37	  0.014	0.99982							#	   2.29	  42.02	
    400	  -9.96	   0.28	  0.012	0.99982							#	   2.32	  41.41	
    401	  -9.93	   0.41	  0.014	0.99977							#	   2.29	  38.59	
    402	  -9.91	   0.35	  0.016	0.99998							#	   2.13	  40.15	
    403	  -9.82	   0.16	  0.009	1.00002							#	   2.21	  40.40	
    404	  -9.37	   0.03	  0.011	1.00056							#	   2.24	  35.15	
    405	  -9.36	   0.07	  0.013	1.00058							#	   2.28	  35.15	
    406	  -9.53	   0.20	  0.005	1.00058							#	   2.32	  32.73	
    407	  -9.56	   0.01	  0.012	1.00066							#	   2.19	  34.70	
    408	  -9.58	   0.24	  0.006	1.00049							#	   2.23	  33.03	
    409	  -9.61	   0.52	  0.013	1.00040							#	   2.16	  33.74	
    410	  -9.30	   0.36	  0.009	1.00039							#	   2.23	  32.78	
    411	  -9.16	   0.26	  0.012	1.00050							#	   2.00	  33.74	
    412	  -9.10	   0.10	  0.011	1.00040							#	   2.18	  32.37	
    413	  -8.87	   0.19	  0.012	1.00040							#	   2.12	  32.22	
    414	  -9.43	   0.01	  0.010	0.99984							#	   2.00	  39.65	
    415	  -9.52	   0.11	  0.011	0.99977							#	   2.03	  38.28	
    416	  -9.51	   0.01	  0.011	0.99986							#	   2.10	  38.79	
    417	  -9.61	   0.19	  0.009	0.99988							#	   2.32	  38.74	
    418	  -9.69	   0.15	  0.009	0.99985							#	   2.12	  37.47	
    419	  -9.59	   0.18	  0.011	0.99989							#	   2.13	  39.70	
    420	  -9.53	   0.14	  0.008	0.99982							#	   2.25	  34.75	
    421	  -9.67	  -0.06	  0.010	0.99981							#	   2.07	  37.73	
    422	  -9.61	  -0.15	  0.011	0.99985							#	   2.07	  38.18	
    423	  -9.65	  -0.06	  0.009	0.99981							#	   2.12	  38.33	
    424	  -9.69	   0.02	  0.012	0.99981							#	   2.24	  39.44	
    425	  -9.84	   0.07	  0.011	0.99970							#	   2.32	  39.44	
    426	  -9.65	  -0.00	  0.013	0.99987							#	   2.14	  40.25	
    427	  -9.82	  -0.07	  0.012	0.99987							#	   2.18	  38.03	
    428	  -9.89	  -0.20	  0.013	0.99986							#	   2.25	  39.24	
    429	 -10.16	  -0.29	  0.012	0.99969							#	   2.33	  37.17	
    430	  -6.53	  -0.32	  0.018	0.99993							#	   1.55	  42.02	
    431	  -7.68	  -0.28	  0.011	0.99990							#	   1.86	  42.93	
    432	  -7.55	  -0.14	  0.010	0.99989							#	   1.73	  42.88	
    433	  -7.28	   0.08	 -0.000	0.99993							#	   1.91	  45.05	
    434	  -7.51	   0.28	 -0.002	0.99989							#	   1.80	  45.10	
    435	  -8.02	   0.28	 -0.002	0.99992							#	   2.23	  41.72	
    436	  -8.80	   0.41	 -0.004	1.00014							#	   2.24	  36.62	
    437	  -9.56	   0.59	 -0.004	1.00027							#	   2.44	  37.32	
    438	 -10.24	   0.50	 -0.005	1.00030							#	   2.55	  37.22	
    439	 -11.06	   0.61	 -0.007	1.00047							#	   2.70	  36.31	
    440	 -11.93	   0.70	 -0.005	1.00036							#	   2.97	  33.54	
    441	 -12.86	   0.54	 -0.010	1.00046							#	   2.96	  32.02	
    442	 -12.94	   0.44	 -0.005	1.00051							#	   2.95	  31.87	
    443	 -13.18	   0.55	 -0.002	1.00050							#	   3.04	  32.02	
    444	 -13.40	   0.55	 -0.002	1.00046							#	   3.20	  32.68	
    445	 -13.57	   0.20	 -0.001	1.00026							#	   2.88	  33.89	
    446	 -13.30	   0.06	 -0.001	1.00040							#	   3.10	  31.62	
    447	 -13.29	  -0.11	 -0.001	1.00042							#	   2.95	  32.93	
    448	 -13.63	  -0.23	 -0.005	1.00020							#	   2.97	  34.34	
    449	 -13.65	  -0.34	 -0.004	1.00007							#	   3.30	  34.65	
    450	 -13.69	  -0.45	 -0.001	1.00012							#	   3.04	  32.83	
    451	 -13.87	  -0.45	 -0.003	1.00042							#	   3.49	  33.43	
    452	 -13.86	   0.02	  0.001	1.00040							#	   3.05	  33.59	
    453	 -13.99	   0.01	  0.000	1.00021							#	   3.56	  32.37	
    454	 -14.21	   0.09	 -0.001	1.00026							#	   3.18	  31.72	
    455	 -13.98	   0.00	 -0.003	1.00029							#	   3.55	  29.70	
    456	 -14.26	  -0.41	 -0.004	0.99973							#	   3.14	  31.16	
    457	 -14.34	  -0.80	 -0.001	0.99980							#	   3.31	  31.36	
    458	 -14.01	  -0.83	 -0.002	1.00027							#	   3.33	  31.36	
    459	 -13.70	  -0.81	 -0.004	1.00000							#	   3.27	  28.74	
    460	 -13.60	  -0.75	 -0.003	1.00007							#	   3.16	  30.45	
    461	 -13.07	  -0.63	 -0.006	0.99986							#	   3.45	  31.82	
    462	 -12.95	  -0.36	 -0.005	0.99978							#	   2.85	  32.98	
    463	 -12.70	  -0.34	 -0.002	0.99986							#	   3.34	  31.52	
    464	 -12.59	  -0.57	  0.009	1.00003							#	   3.13	  34.60	
    465	 -12.63	  -0.82	  0.008	0.99996							#	   3.23	  33.69	
    466	 -12.78	  -0.85	  0.016	1.00031							#	   3.47	  36.11	
    467	 -12.70	  -0.90	  0.013	1.00030							#	   2.95	  35.96	
    468	 -12.78	  -0.88	  0.020	1.00046							#	   3.15	  36.62	
    469	 -13.06	  -0.77	  0.022	1.00038							#	   3.18	  33.89	
    470	 -13.39	  -0.78	  0.023	1.00033							#	   3.08	  32.78	
    471	 -13.91	  -0.83	  0.023	1.00025							#	   2.88	  35.15	
    472	 -14.42	  -0.76	  0.025	1.00017							#	   3.15	  30.25	
    473	 -15.23	  -0.63	  0.023	1.00023							#	   3.80	  31.01	
    474	 -15.76	  -0.28	  0.019	1.00012							#	   3.22	  27.53	
    475	 -15.78	  -0.13	  0.029	1.00013							#	   3.30	  28.28	
    476	 -16.34	  -0.03	  0.032	0.99999							#	   3.31	  27.98	
    477	 -17.04	   0.07	  0.031	0.99983							#	   3.63	  26.16	
    478	 -17.53	   0.31	  0.029	0.99984							#	   3.62	  24.65	
    479	 -18.14	   0.58	  0.038	1.00015							#	   3.58	  26.26	
    480	 -18.40	   0.57	  0.028	0.99974							#	   3.68	  23.13	
    481	 -18.55	   0.46	  0.036	0.99977							#	   3.54	  22.63	
    482	 -18.82	   0.64	  0.032	0.99971							#	   3.48	  24.80	
    483	 -18.96	   0.44	  0.030	0.99965							#	   3.55	  23.33	
    484	 -18.93	   0.62	  0.035	0.99937							#	   3.87	  21.62	
    485	 -19.19	   0.41	  0.035	0.99952							#	   3.78	  23.28	
    486	 -19.38	   0.15	  0.039	0.99911							#	   3.51	  24.90	
    487	 -19.12	  -0.04	  0.036	0.99952							#	   3.88	  25.30	
    488	 -19.34	  -0.73	  0.039	0.99910							#	   3.79	  23.08	
    489	 -19.33	  -1.05	  0.029	0.99898							#	   3.24	  24.34	
    490	 -19.56	  -1.11	  0.036	0.99892							#	   3.40	  22.53	
    491	 -19.74	  -1.37	  0.039	0.99898							#	   3.26	  22.47	
    492	 -19.86	  -1.48	  0.046	0.99893							#	   2.77	  25.61	
    493	 -19.61	  -1.26	  0.045	0.99911							#	   3.28	  23.03	
    494	 -19.37	  -1.43	  0.052	0.99880							#	   3.11	  24.39	
    495	 -19.31	  -1.63	  0.052	0.99909							#	   2.93	  25.86	
    496	 -19.16	  -1.87	  0.048	0.99870							#	   2.94	  25.51	
    497	 -19.06	  -1.80	  0.051	0.99875							#	   3.06	  25.71	
    498	 -18.98	  -1.83	  0.052	0.99873							#	   2.83	  26.06	
    499	 -19.00	  -1.64	  0.054	0.99897							#	   2.78	  27.98	
    500	 -18.56	  -1.42	  0.051	0.99950							#	   3.27	  28.08	
    501	 -18.03	  -1.29	  0.052	0.99951							#	   2.51	  26.52	
    502	 -17.84	  -1.39	  0.050	0.99942							#	   2.43	  27.58	
    503	 -17.45	  -1.61	  0.052	0.99945							#	   2.42	  29.80	
    504	 -17.28	  -1.70	  0.052	0.99971							#	   2.21	  28.18	
    505	 -17.12	  -1.75	  0.050	0.99958							#	   2.53	  29.09	
    506	 -17.25	  -1.68	  0.048	0.99951							#	   2.83	  27.78	
    507	 -17.53	  -1.54	  0.046	0.99983							#	   2.41	  28.89	
    508	 -17.74	  -1.53	  0.038	0.99974							#	   2.30	  28.69	
    509	 -17.80	  -1.55	  0.040	0.99970							#	   2.66	  28.13	
    510	 -18.00	  -1.39	  0.036	0.99961							#	   2.48	  26.41	
    511	 -18.32	  -1.23	  0.030	0.99923							#	   2.58	  25.86	
    512	 -18.03	  -1.08	  0.037	0.99926							#	   2.90	  24.95	
    513	 -18.32	  -1.01	  0.038	0.99911							#	   2.71	  25.86	
    514	 -18.49	  -1.00	  0.045	0.99889							#	   2.66	  25.40	
    515	 -18.71	  -0.93	  0.045	0.99925							#	   2.94	  27.93	
    516	 -19.22	  -0.78	  0.042	0.99914							#	   2.84	  25.81	
    517	 -19.46	  -0.64	  0.039	0.99911							#	   2.75	  25.76	
    518	 -19.21	  -0.52	  0.041	0.99900							#	   2.95	  26.87	
    519	 -18.33	  -0.68	  0.027	1.00146							#	   2.60	  32.58	
    520	 -17.85	  -0.46	  0.029	1.00140							#	   2.64	  32.63	
    521	 -17.66	  -0.72	  0.031	1.00095							#	   2.70	  34.04	
    522	 -17.44	  -0.95	  0.033	1.00100							#	   2.29	  35.20	
    523	 -17.26	  -1.19	  0.025	1.00104							#	   2.50	  33.23	
    524	 -16.89	  -1.11	  0.030	1.00118							#	   2.78	  33.74	
    525	 -17.21	  -1.10	  0.027	1.00101							#	   2.38	  30.35	
    526	 -17.39	  -1.15	  0.022	1.00105							#	   2.69	  33.03	
    527	 -17.72	  -0.75	  0.030	1.00088							#	   2.98	  32.83	
    528	 -17.38	  -0.44	  0.027	1.00086							#	   2.28	  34.24	
    529	 -17.15	  -0.16	  0.038	1.00070							#	   2.51	  36.26	
    530	 -18.54	  -0.26	  0.042	1.00069							#	   2.99	  32.83	
    531	 -19.49	  -0.47	  0.040	1.00094							#	   2.69	  31.01	
    532	 -19.28	  -0.41	  0.044	1.00081							#	   2.85	  30.71	
    533	 -19.38	  -0.51	  0.047	1.00085							#	   2.98	  31.46	
    534	 -19.66	  -0.59	  0.049	1.00101							#	   2.90	  31.97	
    535	 -19.99	  -0.35	  0.052	1.00072							#	   2.54	  32.93	
    536	 -20.04	  -0.05	  0.056	1.00100							#	   2.97	  33.84	
    537	 -15.74	  -0.19	  0.049	1.00024							#	   1.76	  38.74	
    538	 -15.89	  -0.28	  0.050	1.00035							#	   1.57	  39.55	
    539	 -16.62	  -0.41	  0.056	1.00051							#	   2.06	  36.21	
    540	 -17.64	  -0.78	  0.051	1.00058							#	   2.40	  32.37	
    541	 -18.27	  -0.97	  0.049	1.00069							#	   2.25	  34.39	
    542	 -18.93	  -1.32	  0.045	1.00068							#	   2.74	  33.54	
    543	 -19.18	  -1.35	  0.040	1.00076							#	   2.84	  35.30	
    544	 -19.31	  -1.24	  0.032	1.00099							#	   2.45	  35.35	
    545	 -19.07	  -1.09	  0.029	1.00097							#	   2.72	  33.64	
    546	 -19.27	  -0.89	  0.015	1.00093							#	   2.81	  35.81	
    547	 -19.09	  -0.34	  0.005	1.00103							#	   2.50	  37.02	
    548	 -19.21	   0.09	 -0.003	1.00100							#	   2.88	  35.25	
    549	 -19.29	   0.06	 -0.013	1.00093							#	   2.74	  36.41	
    550	 -19.52	   0.44	 -0.013	1.00107							#	   2.79	  36.26	
    551	 -19.56	   0.72	 -0.025	1.00113							#	   3.00	  38.28	
    552	 -19.39	   1.23	 -0.024	1.00100							#	   2.86	  37.78	
    553	 -18.93	   1.19	 -0.028	1.00098							#	   2.80	  35.96	
    554	 -18.71	   1.09	 -0.029	1.00089							#	   2.66	  38.03	
    555	 -18.98	   1.11	 -0.024	1.00089							#	   2.77	  38.43	
    556	 -18.25	   0.71	 -0.037	1.00065							#	   2.65	  39.24	
    557	 -19.14	   0.52	 -0.023	1.00078							#	   2.61	  37.27	
    558	 -18.30	   0.93	 -0.034	1.00065							#	   2.67	  38.59	
    559	 -18.72	   0.96	 -0.033	1.00076							#	   2.91	  37.78	
    560	 -19.07	   1.11	 -0.035	1.00070							#	   2.57	  40.00	
    561	 -19.93	   1.76	 -0.027	1.00051							#	   3.09	  38.08	
    562	 -20.29	   1.78	 -0.024	1.00042							#	   3.01	  38.48	
    563	 -20.90	   2.06	 -0.020	1.00050							#	   2.74	  35.96	
    564	 -21.31	   1.85	 -0.018	1.00027							#	   3.29	  37.58	
    565	 -21.47	   1.73	 -0.013	1.00009							#	   2.88	  39.14	
    566	 -21.45	   1.96	 -0.009	1.00012							#	   2.91	  37.78	
    567	 -21.46	   1.95	 -0.009	1.00009							#	   3.01	  37.63	
    568	 -21.49	   1.97	 -0.007	0.99997							#	   2.98	  40.71	
    569	 -21.36	   2.36	 -0.002	1.00003							#	   2.82	  37.73	
    570	 -20.94	   2.79	 -0.005	0.99963							#	   3.04	  38.38	
    571	 -20.41	   3.07	 -0.003	0.99958							#	   2.72	  37.37	
    572	 -20.20	   3.06	 -0.003	0.99954							#	   2.65	  41.41	
    573	 -19.80	   3.21	 -0.002	0.99969							#	   2.84	  39.85	
    574	 -19.31	   3.26	 -0.009	0.99914							#	   2.50	  38.38	
    575	 -18.97	   3.24	 -0.007	0.99913							#	   2.47	  39.75	
    576	 -18.75	   3.29	 -0.013	0.99909							#	   2.65	  40.20	
    577	 -18.11	   3.25	 -0.021	0.99905							#	   2.29	  34.19	
    578	 -17.88	   3.14	 -0.018	0.99933							#	   2.41	  39.60	
    579	 -18.95	   3.71	 -0.020	0.99912							#	   2.95	  38.59	
    580	 -19.78	   4.40	 -0.030	0.99899							#	   2.76	  33.33	
    581	 -19.56	   4.67	 -0.025	0.99918							#	   3.08	  33.69	
    582	 -19.70	   4.88	 -0.025	0.99915							#	   2.85	  36.77	
    583	 -19.86	   5.74	 -0.020	0.99927							#	   3.00	  31.72	
    584	 -19.88	   6.42	 -0.022	0.99911							#	   3.12	  31.57	
    585	 -16.22	   6.17	 -0.023	0.99903							#	   2.10	  32.42	
    586	 -15.39	   6.86	 -0.016	0.99862							#	   2.01	  36.57	
    587	 -15.09	   7.41	 -0.021	0.99873							#	   2.23	  33.69	
    588	 -14.27	   8.23	 -0.024	0.99872							#	   2.03	  36.77	
    589	 -14.22	   9.14	 -0.024	0.99835							#	   2.16	  34.95	
    590	 -14.22	   9.81	 -0.025	0.99805							#	   2.59	  34.80	
    591	 -14.08	  10.28	 -0.020	0.99804							#	   2.68	  32.83	
    592	 -14.23	  11.03	 -0.024	0.99785							#	   2.67	  33.54	
    593	 -11.69	  10.73	 -0.015	0.99771							#	   2.15	  34.04	
    594	 -11.52	  11.26	 -0.025	0.99767							#	   2.24	  35.81	
    595	 -11.95	  11.37	 -0.024	0.99765							#	   2.48	  35.81	
    596	 -12.60	  11.23	 -0.023	0.99756							#	   2.58	  35.71	
    597	 -13.09	  11.08	 -0.023	0.99736							#	   2.54	  34.70	
    598	 -13.62	  10.85	 -0.027	0.99737							#	   2.72	  36.72	
    599	 -13.89	  10.74	 -0.021	0.99744							#	   2.78	  35.10	
    600	 -14.61	  10.63	 -0.014	0.99729							#	   2.83	  31.31	
    601	 -14.69	  10.79	 -0.017	0.99757							#	   2.79	  34.55	
    602	 -14.70	  10.33	 -0.015	0.99744							#	   2.87	  34.34	
    603	 -14.70	  10.04	 -0.006	0.99732							#	   2.60	  35.10	
    604	 -14.48	   9.91	  0.001	0.99744							#	   2.64	  36.67	
    605	 -13.95	   9.56	 -0.003	0.99773							#	   2.53	  36.06	
    606	 -13.61	   9.44	  0.008	0.99738							#	   2.31	  36.92	
    607	 -13.96	   9.31	  0.011	0.99758							#	   2.33	  36.06	
    608	 -13.97	   9.26	  0.012	0.99745							#	   2.62	  37.12	
    609	 -14.57	  10.07	  0.010	0.99756							#	   2.87	  35.25	
    610	 -15.34	  10.51	  0.008	0.99750							#	   2.79	  36.52	
    611	 -15.28	  10.69	  0.012	0.99768							#	   2.85	  37.83	
    612	 -15.01	  10.77	  0.011	0.99740							#	   3.02	  36.52	
    613	 -14.88	  10.62	  0.014	0.99755							#	   2.65	  38.79	
    614	 -14.68	   9.98	  0.013	0.99752							#	   2.74	  36.82	
    615	 -12.44	   8.13	  0.014	0.99773							#	   1.85	  36.11	
    616	 -11.67	   7.00	  0.003	0.99733							#	   1.66	  40.45	
    617	 -11.61	   6.84	  0.002	0.99741							#	   1.53	  40.15	
    618	 -10.31	   6.86	 -0.001	0.99731							#	   1.47	  40.86	
    619	  -9.80	   7.02	 -0.003	0.99749							#	   1.31	  40.10	
    620	  -9.58	   7.33	 -0.004	0.99748							#	   1.72	  42.02	
    621	  -9.29	   7.55	 -0.004	0.99766							#	   1.74	  43.48	
    622	  -8.93	   7.74	 -0.008	0.99752							#	   1.89	  45.45	
    623	  -8.96	   7.71	 -0.012	0.99766							#	   1.90	  42.32	
    624	 -10.17	   8.46	 -0.012	0.99755							#	   2.22	  44.80	
    625	 -10.27	   8.18	 -0.017	0.99768							#	   1.96	  38.59	
    626	  -9.58	   7.47	 -0.014	0.99755							#	   1.80	  42.68	
    627	  -9.74	   7.33	 -0.016	0.99757							#	   1.83	  41.26	
    628	  -9.90	   7.07	 -0.008	0.99730							#	   1.80	  42.63	
    629	  -8.45	   6.19	 -0.006	0.99758							#	   1.34	  40.51	
    630	  -8.42	   6.08	 -0.002	0.99743							#	   1.39	  46.52	
    631	  -6.82	   4.68	  0.003	0.99780							#	   0.93	  42.73	
    632	  -7.59	   4.26	  0.017	0.99827							#	   0.95	  45.61	
    633	  -8.00	   4.21	  0.021	0.99841							#	   1.05	  41.62	
    634	  -8.06	   3.69	  0.022	0.99828							#	   1.17	  46.21	
    635	  -6.90	   3.72	  0.015	0.99821							#	   0.95	  45.71	
    636	  -8.31	   4.85	  0.016	0.99808							#	   1.64	  47.47	
    637	  -7.67	   4.96	  0.019	0.99800							#	   1.22	  47.02	
    638	  -8.22	   4.67	  0.025	0.99806							#	   1.38	  45.20	
    639	  -8.32	   3.82	  0.030	0.99805							#	   1.28	  43.69	
    640	  -8.59	   3.68	  0.039	0.99812							#	   1.33	  41.41	
    641	  -8.37	   2.83	  0.040	0.99829							#	   1.13	  39.29	
    642	  -8.19	   2.00	  0.042	0.99824							#	   1.06	  40.81	
    643	  -8.91	   2.37	  0.043	0.99835							#	   1.16	  38.89	
    644	  -8.78	   2.37	  0.039	0.99830							#	   1.22	  37.12	
    645	  -8.66	   2.62	  0.031	0.99826							#	   1.26	  37.32	
    646	  -8.61	   2.59	  0.029	0.99820							#	   1.30	  38.28	
    647	  -8.94	   2.59	  0.024	0.99819							#	   1.44	  37.73	
    648	  -8.77	   2.56	  0.025	0.99820							#	   1.24	  37.27	
    649	  -8.69	   2.43	  0.023	0.99822							#	   1.31	  38.48	
    650	  -9.63	   2.70	  0.031	0.99812							#	   1.64	  36.72	
    651	  -9.74	   2.72	  0.030	0.99815							#	   1.33	  36.41	
    652	  -9.09	   2.69	  0.029	0.99810							#	   1.37	  37.68	
    653	  -9.11	   2.80	  0.027	0.99813							#	   1.37	  40.00	
    654	  -8.24	   2.73	  0.022	0.99806							#	   1.11	  37.17	
    655	  -7.95	   2.72	  0.017	0.99802							#	   1.18	  39.49	
    656	  -8.65	   2.56	  0.019	0.99812							#	   1.25	  36.62	
    657	  -8.61	   2.56	  0.013	0.99807							#	   1.31	  37.37	
    658	  -8.41	   2.58	  0.013	0.99808							#	   1.26	  38.64	
    659	  -8.57	   2.53	  0.011	0.99808							#	   1.43	  38.48	
    660	  -7.95	   2.09	  0.009	0.99815							#	   1.16	  34.14	
    661	  -7.87	   2.07	  0.005	0.99805							#	   1.17	  36.57	
    662	  -8.40	   2.31	  0.006	0.99808							#	   1.24	  35.25	
    663	  -4.97	   1.11	 -0.013	0.99797							#	   0.63	  36.52	
    664	  -5.49	   1.17	 -0.011	0.99803							#	   0.67	  35.71	
    665	  -5.77	   1.31	 -0.012	0.99797							#	   0.84	  35.35	
    666	  -5.62	   1.41	 -0.011	0.99793							#	   0.84	  34.75	
    667	  -5.26	   1.32	 -0.012	0.99789							#	   0.73	  35.35	
    668	  -5.53	   1.67	 -0.006	0.99790							#	   0.95	  33.89	
    669	  -5.74	   2.20	 -0.005	0.99783							#	   1.05	  31.16	
    670	  -6.12	   2.55	  0.001	0.99784							#	   1.14	  32.53	
    671	  -5.97	   2.29	  0.006	0.99777							#	   1.04	  32.88	
    672	  -6.37	   2.34	  0.008	0.99771							#	   1.20	  32.37	
    673	  -6.06	   2.13	  0.008	0.99767							#	   1.01	  31.11	
    674	  -6.38	   1.92	  0.012	0.99771							#	   1.10	  31.52	
    675	  -6.90	   1.50	  0.015	0.99767							#	   1.13	  31.46	
    676	  -7.20	   1.68	  0.015	0.99768							#	   1.19	  29.55	
    677	  -6.26	   1.62	  0.019	0.99772							#	   0.90	  30.86	
    678	  -6.41	   1.46	  0.024	0.99770							#	   0.90	  31.41	
    679	  -7.48	   0.75	  0.030	0.99773							#	   1.10	  29.65	
    680	  -7.25	   0.34	  0.031	0.99779							#	   1.02	  30.30	
    681	  -6.90	   0.05	  0.031	0.99776							#	   1.01	  29.75	
    682	  -7.20	  -0.17	  0.028	0.99780							#	   1.08	  31.01	
    683	  -7.10	  -0.20	  0.024	0.99780							#	   0.99	  30.81	
    684	  -6.98	  -0.25	  0.024	0.99788							#	   0.92	  31.46	
    685	  -6.94	  -0.30	  0.023	0.99784							#	   0.94	  31.67	
    686	  -6.95	  -0.16	  0.019	0.99784							#	   0.91	  33.38	
    687	  -7.01	  -0.17	  0.016	0.99789							#	   0.95	  31.97	
    688	  -6.64	  -0.52	  0.016	0.99791							#	   0.93	  33.99	
    689	  -6.70	  -0.99	  0.014	0.99794							#	   0.96	  34.24	
    690	  -6.48	  -1.21	  0.010	0.99787							#	   0.96	  34.39	
    691	  -6.45	  -1.15	  0.011	0.99797							#	   0.98	  35.96	
    692	  -6.21	  -1.19	  0.010	0.99798							#	   0.88	  34.90	
    693	  -5.62	  -1.03	  0.009	0.99796							#	   0.77	  34.49	
    694	  -5.14	  -0.93	  0.008	0.99794							#	   0.67	  37.07	
    695	  -5.49	  -0.64	  0.007	0.99789							#	   0.76	  36.01	
    696	  -5.46	  -0.58	  0.003	0.99789							#	   0.73	  36.62	
    697	  -5.58	  -0.40	 -0.001	0.99788							#	   0.77	  34.80	
    698	  -5.53	  -0.21	 -0.005	0.99783							#	   0.89	  34.14	
    699	  -5.47	  -0.15	 -0.004	0.99789							#	   0.86	  34.29	
    700	  -4.91	  -0.44	 -0.003	0.99789							#	   0.79	  36.01	
    701	  -5.13	  -0.37	 -0.002	0.99788							#	   0.83	  35.30	
    702	  -4.93	  -0.32	 -0.004	0.99784							#	   0.79	  35.86	
    703	  -4.61	  -0.50	 -0.005	0.99777							#	   0.76	  35.51	
    704	  -3.98	  -0.71	 -0.004	0.99778							#	   0.58	  34.75	
    705	  -4.15	  -0.78	 -0.004	0.99779							#	   0.66	  34.34	
    706	  -4.12	  -0.69	 -0.002	0.99779							#	   0.69	  36.01	
    707	  -3.90	  -0.77	 -0.001	0.99783							#	   0.69	  36.26	
    708	  -4.52	  -0.48	  0.001	0.99784							#	   0.83	  34.44	
    709	  -4.20	  -0.81	  0.007	0.99774							#	   0.75	  34.24	
    710	  -4.22	  -0.99	  0.011	0.99768							#	   0.78	  34.60	
    711	  -4.59	  -1.34	  0.015	0.99756							#	   0.90	  34.39	
    712	  -4.43	  -2.20	  0.017	0.99759							#	   0.75	  31.31	
    713	  -4.77	  -2.62	  0.016	0.99767							#	   0.92	  30.45	
    714	  -4.78	  -3.08	  0.019	0.99768							#	   0.93	  28.99	
    715	  -4.95	  -3.61	  0.019	0.99783							#	   1.06	  29.19	
    716	  -4.98	  -3.47	  0.016	0.99774							#	   0.98	  28.03	
    717	  -4.98	  -3.22	  0.020	0.99769							#	   1.03	  26.62	
    718	  -4.79	  -2.95	  0.025	0.99766							#	   0.94	  27.12	
    719	  -5.22	  -2.81	  0.024	0.99764							#	   0.99	  27.12	
    720	  -4.85	  -2.55	  0.024	0.99765							#	   0.90	  26.16	
    721	  -4.94	  -2.66	  0.020	0.99764							#	   0.94	  26.31	
    722	  -4.72	  -3.00	  0.021	0.99771							#	   0.89	  25.91	
    723	  -4.79	  -2.99	  0.016	0.99768							#	   0.92	  26.21	
    724	  -4.85	  -2.88	  0.011	0.99771							#	   0.91	  26.41	
    725	  -4.72	  -2.66	  0.008	0.99768							#	   0.89	  25.56	
    726	  -4.28	  -2.56	  0.003	0.99765							#	   0.83	  26.72	
    727	  -4.40	  -2.40	  0.005	0.99768							#	   0.81	  27.27	
    728	  -4.09	  -2.12	 -0.001	0.99767							#	   0.74	  26.82	
    729	  -3.93	  -1.91	 -0.002	0.99766							#	   0.72	  26.52	
    730	  -3.50	  -1.74	 -0.002	0.99763							#	   0.67	  28.13	
    731	  -3.53	  -1.37	 -0.006	0.99761							#	   0.67	  26.87	
    732	  -3.71	  -1.07	 -0.012	0.99755							#	   0.70	  24.19	
    733	  -3.73	  -0.70	 -0.016	0.99763							#	   0.71	  24.34	
    734	  -3.32	  -0.67	 -0.006	0.99762							#	   0.70	  23.33	
    735	  -3.19	  -0.55	 -0.012	0.99759							#	   0.73	  24.34	
    736	  -2.68	  -0.58	 -0.008	0.99755							#	   0.76	  19.70	
    737	  -2.68	  -0.50	 -0.010	0.99754							#	   0.73	  21.87	
    738	  -2.25	  -0.72	 -0.008	0.99758							#	   0.70	  20.35	
    739	  -2.14	  -0.69	 -0.006	0.99764							#	   0.67	  19.95	
    740	  -2.10	  -0.09	 -0.005	0.99761							#	   0.69	  18.69	
    741	  -2.03	  -0.44	 -0.007	0.99755							#	   0.61	  22.98	
    742	  -2.06	  -0.71	 -0.007	0.99746							#	   0.62	  23.13	
    743	  -1.08	  -0.80	 -0.010	0.99733							#	   0.63	  19.80	
    744	  -1.33	  -1.26	 -0.004	0.99748							#	   0.67	  22.37	
    745	  -1.26	  -1.46	 -0.004	0.99741							#	   0.70	  21.62	
    746	  -1.37	  -1.89	  0.001	0.99740							#	   0.70	  22.42	
    747	   0.13	  -2.29	  0.005	0.99758							#	   0.78	  20.00	
    748	   0.79	  -2.53	  0.002	0.99749							#	   0.85	  21.31	
    749	   0.86	  -2.58	  0.003	0.99757							#	   0.85	  22.63	
    750	   1.50	  -2.81	  0.003	0.99764							#	   0.93	  21.82	
    751	   1.95	  -3.02	  0.003	0.99770							#	   0.88	  21.26	
    752	   2.80	  -3.30	  0.004	0.99774							#	   1.17	  22.22	
    753	   3.68	  -2.98	  0.002	0.99795							#	   0.87	  21.31	
    754	   4.50	  -2.87	 -0.000	0.99801							#	   1.02	  21.62	
    755	   4.51	  -2.66	 -0.002	0.99794							#	   0.95	  23.13	
    756	   4.67	  -2.75	 -0.001	0.99795							#	   1.01	  23.08	
    757	   5.12	  -2.58	 -0.004	0.99795							#	   1.08	  23.64	
    758	   5.80	  -2.78	 -0.005	0.99791							#	   1.16	  23.84	
    759	   6.08	  -3.04	 -0.007	0.99790							#	   1.20	  23.74	
    760	   5.62	  -3.15	 -0.010	0.99791							#	   1.14	  25.56	
    761	   5.54	  -3.06	 -0.009	0.99790							#	   1.13	  26.01	
    762	   6.05	  -3.02	 -0.010	0.99787							#	   1.15	  27.53	
    763	   6.82	  -2.84	 -0.009	0.99789							#	   1.22	  27.42	
    764	   6.65	  -2.54	 -0.011	0.99790							#	   1.25	  27.07	
    765	   6.87	  -2.27	 -0.009	0.99791							#	   1.20	  29.24	
    766	   7.40	  -2.04	 -0.009	0.99788							#	   1.20	  28.23	
    767	   7.73	  -1.91	 -0.009	0.99783							#	   1.24	  28.48	
    768	   8.06	  -1.81	 -0.010	0.99778							#	   1.43	  27.88	
    769	   8.16	  -1.33	 -0.011	0.99782							#	   1.22	  28.28	
    770	   8.82	  -1.31	 -0.012	0.99786							#	   1.38	  28.48	
    771	   9.30	  -1.46	 -0.014	0.99777							#	   1.49	  27.63	
    772	   9.51	  -1.37	 -0.014	0.99772							#	   1.57	  27.12	
    773	   9.97	  -1.23	 -0.015	0.99764							#	   1.49	  29.75	
    774	  10.10	  -1.20	 -0.013	0.99758							#	   1.57	  28.99	
    775	  10.74	  -1.25	 -0.012	0.99754							#	   1.73	  27.73	
    776	  11.55	  -1.55	 -0.014	0.99753							#	   1.69	  29.24	
    777	  11.63	  -1.62	 -0.017	0.99750							#	   1.79	  32.42	
    778	  11.11	  -1.56	 -0.019	0.99762							#	   1.53	  31.62	
    779	  11.80	  -2.19	 -0.022	0.99770							#	   1.70	  29.80	
    780	  11.17	  -2.29	 -0.014	0.99755							#	   1.83	  26.31	
    781	  11.14	  -1.86	 -0.006	0.99730							#	   1.60	  26.11	
    782	  11.81	  -2.16	 -0.000	0.99723							#	   1.73	  26.92	
    783	  11.30	  -2.33	  0.004	0.99715							#	   1.93	  25.00	
    784	  11.11	  -2.95	  0.005	0.99708							#	   1.67	  24.14	
    785	  11.58	  -3.22	  0.003	0.99721							#	   1.73	  23.94	
    786	  11.14	  -3.59	  0.002	0.99728							#	   1.89	  25.81	
    787	  11.45	  -3.66	  0.000	0.99742							#	   1.68	  25.05	
    788	  11.37	  -3.98	  0.003	0.99755							#	   1.77	  24.60	
    789	  11.22	  -3.91	  0.007	0.99761							#	   1.68	  24.04	
    790	  11.20	  -4.04	  0.008	0.99749							#	   1.86	  23.99	
    791	  11.23	  -4.16	  0.013	0.99738							#	   1.73	  23.28	
    792	  10.99	  -4.18	  0.008	0.99737							#	   1.67	  24.24	
    793	  10.97	  -4.41	  0.004	0.99748							#	   1.77	  25.25	
    794	  10.66	  -4.53	  0.002	0.99766							#	   1.53	  26.31	
    795	  10.68	  -4.61	 -0.001	0.99763							#	   1.80	  27.32	
    796	  10.69	  -4.53	 -0.005	0.99763							#	   1.76	  29.19	
    797	  10.67	  -4.35	 -0.004	0.99760							#	   1.79	  25.96	
    798	  11.01	  -4.26	 -0.008	0.99760							#	   1.77	  28.59	
    799	  11.13	  -3.99	 -0.009	0.99759							#	   1.88	  26.87	
    800	  11.10	  -3.86	 -0.010	0.99756							#	   1.67	  27.78	
    801	  10.87	  -3.57	 -0.012	0.99756							#	   1.67	  28.13	
    802	  11.57	  -3.26	 -0.008	0.99746							#	   1.98	  26.82	
    803	  11.96	  -3.08	 -0.008	0.99750							#	   1.90	  27.53	
    804	  11.09	  -2.65	 -0.014	0.99789							#	   1.56	  28.59	
    805	  10.73	  -2.40	 -0.023	0.99821							#	   1.75	  27.63	
    806	  10.91	  -2.09	 -0.020	0.99810							#	   1.71	  26.57	
    807	  11.30	  -1.89	 -0.022	0.99805							#	   1.73	  26.92	
    808	  11.10	  -1.82	 -0.020	0.99796							#	   1.75	  26.21	
    809	  10.99	  -1.68	 -0.026	0.99819							#	   1.76	  26.31	
    810	  10.73	  -1.43	 -0.024	0.99841							#	   1.82	  25.30	
    811	  10.86	  -1.59	 -0.024	0.99846							#	   1.80	  25.35	
    812	  10.93	  -1.37	 -0.022	0.99838							#	   1.70	  24.65	
    813	  10.92	  -0.77	 -0.022	0.99837							#	   1.68	  25.91	
    814	  11.28	  -0.88	 -0.017	0.99823							#	   1.78	  24.49	
    815	  11.05	  -1.10	 -0.017	0.99828							#	   1.75	  25.45	
    816	  10.91	  -1.34	 -0.014	0.99825							#	   1.64	  23.33	
    817	  10.91	  -1.36	 -0.013	0.99820							#	   1.54	  23.18	
    818	  11.21	  -1.65	 -0.014	0.99808							#	   1.51	  24.65	
    819	  11.25	  -1.98	 -0.008	0.99803							#	   1.51	  23.18	
    820	  10.37	  -2.32	 -0.009	0.99803							#	   1.40	  25.10	
    821	  10.02	  -2.38	 -0.012	0.99814							#	   1.55	  24.04	
    822	  10.68	  -2.50	 -0.006	0.99819							#	   1.67	  24.75	
    823	  11.03	  -2.35	 -0.012	0.99819							#	   1.73	  26.46	
    824	  10.87	  -2.40	 -0.013	0.99835							#	   1.69	  26.36	
    825	  11.06	  -2.70	 -0.012	0.99821							#	   1.84	  26.62	
    826	  11.02	  -2.63	 -0.013	0.99829							#	   1.63	  27.27	
    827	  11.17	  -2.91	 -0.011	0.99818							#	   1.61	  26.01	
    828	  11.28	  -3.28	 -0.011	0.99818							#	   1.75	  26.11	
    829	  11.16	  -3.69	 -0.012	0.99815							#	   1.80	  25.91	
    830	  11.31	  -3.57	 -0.006	0.99814							#	   1.76	  26.77	
    831	  11.08	  -3.24	 -0.013	0.99816							#	   1.74	  26.16	
    832	  11.57	  -2.87	 -0.010	0.99817							#	   1.82	  25.91	
    833	  11.59	  -2.83	 -0.012	0.99820							#	   1.71	  26.52	
    834	  11.70	  -2.65	 -0.017	0.99811							#	   1.74	  27.68	
    835	  11.72	  -2.60	 -0.017	0.99806							#	   1.85	  29.85	
    836	  11.99	  -2.60	 -0.019	0.99812							#	   1.90	  27.68	
    837	  12.07	  -2.42	 -0.015	0.99803							#	   1.79	  27.83	
    838	  12.31	  -2.26	 -0.020	0.99811							#	   1.91	  28.59	
    839	  13.03	  -2.09	 -0.022	0.99810							#	   2.02	  27.42	
    840	  12.56	  -1.83	 -0.047	0.99903							#	   2.07	  33.99	
    841	  13.36	  -1.56	 -0.051	0.99916							#	   2.47	  33.18	
    842	  14.58	  -1.13	 -0.048	0.99896							#	   2.29	  30.91	
    843	  15.39	  -1.21	 -0.060	0.99922							#	   2.37	  28.28	
    844	  16.74	  -1.14	 -0.060	0.99908							#	   2.73	  29.04	
    845	  17.61	  -1.17	 -0.060	0.99903							#	   2.97	  27.22	
    846	  18.32	  -0.99	 -0.055	0.99882							#	   2.60	  26.46	
    847	  18.94	  -1.58	 -0.055	0.99879							#	   3.01	  26.26	
    848	  18.86	  -1.59	 -0.053	0.99886							#	   2.85	  25.81	
    849	  19.04	  -2.06	 -0.059	0.99870							#	   3.10	  27.12	
    850	  18.62	  -1.83	 -0.058	0.99874							#	   2.66	  26.31	
    851	  18.51	  -1.52	 -0.059	0.99880							#	   2.70	  26.62	
    852	  18.59	  -1.71	 -0.059	0.99840							#	   2.79	  26.52	
    853	  18.05	  -1.81	 -0.060	0.99869							#	   2.49	  28.84	
    854	  18.10	  -1.74	 -0.048	0.99839							#	   2.55	  23.64	
    855	  17.53	  -1.81	 -0.051	0.99829							#	   2.76	  25.05	
    856	  17.43	  -1.85	 -0.041	0.99806							#	   2.53	  23.43	
    857	  15.99	  -1.36	 -0.052	0.99974							#	   2.41	  28.48	
    858	  16.03	  -1.46	 -0.054	0.99998							#	   2.72	  28.38	
    859	  15.89	  -1.57	 -0.057	0.99989							#	   2.53	  28.33	
    860	  15.71	  -1.86	 -0.051	0.99987							#	   2.41	  29.24	
    861	  15.57	  -1.89	 -0.054	0.99994							#	   2.50	  28.33	
    862	  17.53	  -2.09	 -0.061	0.99992							#	   3.29	  25.96	
    863	  17.88	  -1.94	 -0.062	0.99987							#	   2.63	  26.92	
    864	  18.38	  -2.08	 -0.066	0.99969							#	   3.09	  27.32	
    865	  18.73	  -1.98	 -0.067	0.99981							#	   3.11	  26.11	
    866	  18.64	  -1.95	 -0.073	0.99981							#	   3.03	  26.31	
    867	  18.54	  -2.16	 -0.069	0.99962							#	   3.05	  27.83	
    868	  18.17	  -2.42	 -0.063	0.99982							#	   2.74	  29.49	
    869	  14.03	  -1.76	 -0.049	0.99954							#	   1.97	  30.56	
    870	  12.69	  -1.42	 -0.036	0.99982							#	   1.65	  32.93	
    871	  10.94	  -1.08	 -0.032	0.99969							#	   1.31	  32.22	
    872	  10.47	  -1.08	 -0.028	0.99978							#	   1.26	  35.40	
    873	  10.35	  -0.83	 -0.028	0.99950							#	   1.20	  35.45	
    874	  10.08	  -0.76	 -0.029	0.99967							#	   1.31	  37.27	
    875	   5.46	  -0.05	 -0.015	0.99949							#	   0.67	  37.73	
    876	   6.17	  -0.16	 -0.016	0.99961							#	   0.90	  37.98	
    877	   6.77	  -0.14	 -0.021	0.99964							#	   1.07	  37.98	
    878	   7.27	  -0.33	 -0.022	0.99964							#	   1.17	  37.37	
    879	   7.60	  -0.44	 -0.023	0.99964							#	   1.26	  36.77	
    880	   8.16	  -0.40	 -0.027	0.99965							#	   1.68	  37.12	
    881	   8.50	  -0.39	 -0.022	0.99956							#	   1.61	  39.29	
    882	   8.48	  -0.19	 -0.025	0.99960							#	   1.64	  38.48	
    883	   8.97	  -0.61	 -0.026	0.99961							#	   1.80	  36.77	
    884	   9.18	  -0.62	 -0.032	0.99965							#	   1.71	  36.67	
    885	   9.32	  -0.32	 -0.030	0.99962							#	   1.78	  35.40	
    886	   9.59	   0.07	 -0.028	0.99964							#	   1.82	  36.67	
    887	   9.78	  -0.29	 -0.025	0.99941							#	   1.80	  38.43	
    888	   9.89	  -0.22	 -0.028	0.99945							#	   1.72	  36.82	
    889	   9.77	  -0.12	 -0.025	0.99940							#	   1.67	  37.07	
    890	   9.49	  -0.02	 -0.027	0.99941							#	   1.67	  34.95	
    891	   9.69	  -0.42	 -0.027	0.99940							#	   1.78	  35.76	
    892	   9.94	  -0.67	 -0.029	0.99927							#	   1.77	  35.51	
    893	   9.80	  -1.00	 -0.027	0.99938							#	   1.69	  35.56	
    894	   8.84	  -1.08	 -0.026	0.99928							#	   1.53	  33.59	
    895	   9.38	  -1.07	 -0.029	0.99938							#	   1.73	  33.74	
    896	   9.45	  -1.09	 -0.034	0.99939							#	   1.59	  33.74	
    897	   8.70	  -1.19	 -0.036	0.99927							#	   1.47	  34.39	
    898	   8.95	  -0.92	 -0.036	0.99930							#	   1.48	  33.99	
    899	  10.17	  -0.95	 -0.035	0.99923							#	   1.82	  32.63	
    900	  10.40	  -1.63	 -0.025	0.99929							#	   1.78	  31.57	
    901	  10.89	  -1.43	 -0.030	0.99930							#	   1.90	  32.58	
    902	  11.18	  -1.35	 -0.020	0.99922							#	   1.95	  32.93	
    903	  10.90	  -1.29	 -0.024	0.99925							#	   1.69	  33.23	
    904	  10.90	  -1.42	 -0.023	0.99927							#	   1.79	  33.89	
    905	  10.96	  -1.34	 -0.023	0.99922							#	   1.78	  33.74	
    906	  11.76	  -1.29	 -0.029	0.99928							#	   2.17	  33.79	
    907	  12.17	  -1.23	 -0.026	0.99942							#	   1.88	  33.89	
    908	  13.02	  -1.24	 -0.029	0.99915							#	   2.22	  35.15	
    909	  13.31	  -1.15	 -0.025	0.99917							#	   2.35	  35.35	
    910	  14.04	  -1.35	 -0.027	0.99925							#	   2.19	  34.04	
    911	  14.85	  -1.32	 -0.022	0.99922							#	   2.64	  34.04	
    912	  14.90	  -1.06	 -0.018	0.99934							#	   2.36	  33.43	
    913	  15.56	  -0.88	 -0.014	0.99938							#	   2.66	  34.19	
    914	  15.81	  -0.67	 -0.010	0.99932							#	   2.50	  32.27	
    915	  16.12	  -0.31	 -0.006	0.99993							#	   2.80	  31.06	
    916	  16.24	  -0.07	  0.002	0.99986							#	   2.72	  29.75	
    917	  16.78	   0.11	  0.007	0.99911							#	   2.77	  33.38	
    918	  16.78	   0.10	  0.006	0.99919							#	   2.58	  32.47	
    919	  16.81	   0.15	  0.008	0.99904							#	   2.78	  32.32	
    920	  16.95	  -0.01	  0.008	0.99904							#	   3.07	  34.34	
    921	  16.81	   0.10	  0.008	0.99901							#	   2.46	  32.73	
    922	  16.73	   0.73	  0.010	0.99969							#	   2.55	  30.00	
    923	  16.27	   0.12	  0.007	0.99875							#	   2.62	  34.39	
    924	  15.82	  -0.27	  0.008	0.99877							#	   2.46	  35.20	
    925	  14.88	   0.15	  0.018	0.99859							#	   2.01	  33.54	
    926	  14.83	  -0.00	  0.018	0.99861							#	   2.26	  34.19	
    927	  14.45	  -0.45	  0.012	0.99791							#	   2.40	  35.10	
    928	  14.18	  -0.74	  0.009	0.99816							#	   2.11	  33.64	
    929	  14.36	  -0.97	  0.006	0.99841							#	   2.47	  32.63	
    930	  14.35	  -1.03	  0.007	0.99842							#	   2.15	  32.88	
    931	  15.43	  -1.29	  0.006	0.99829							#	   2.58	  33.28	
    932	  16.37	  -1.64	 -0.001	0.99852							#	   2.99	  32.17	
    933	  16.51	  -1.95	 -0.004	0.99824							#	   2.35	  32.12	
    934	  16.52	  -1.89	 -0.009	0.99837							#	   2.50	  30.96	
    935	  16.54	  -2.38	 -0.009	0.99812							#	   2.63	  31.92	
    936	  16.46	  -2.70	 -0.012	0.99826							#	   2.72	  30.66	
    937	  13.77	  -2.92	 -0.008	0.99834							#	   1.95	  33.08	
    938	  13.49	  -2.86	 -0.009	0.99848							#	   1.82	  33.94	
    939	  13.13	  -3.15	 -0.004	0.99874							#	   1.87	  33.54	
    940	  12.53	  -3.30	 -0.009	0.99862							#	   1.82	  35.45	
    941	  11.31	  -3.30	 -0.014	0.99872							#	   1.51	  36.67	
    942	  15.65	  -1.54	 -0.008	0.99886							#	   2.54	  32.93	
    943	   3.40	  -1.83	 -0.010	0.99946							#	   0.29	  48.38	
    944	   3.47	  -1.98	 -0.011	0.99956							#	   0.34	  47.17	
    945	   4.59	  -2.30	 -0.011	0.99962							#	   0.44	  45.51	
    946	   5.75	  -2.47	 -0.014	0.99983							#	   0.60	  42.02	
    947	   6.54	  -2.67	 -0.014	0.99978							#	   0.70	  45.10	
    948	   7.22	  -2.69	 -0.014	0.99976							#	   1.41	  44.34	
    949	   7.71	  -2.27	 -0.013	1.00009							#	   1.52	  41.36	
    950	   7.74	  -2.54	 -0.014	0.99989							#	   1.48	  42.58	
    951	   8.00	  -2.70	 -0.011	0.99991							#	   1.47	  41.31	
    952	   8.19	  -2.38	 -0.014	1.00003							#	   1.53	  42.68	
    953	   8.52	  -2.14	 -0.013	1.00004							#	   1.65	  41.11	
    954	   8.43	  -2.11	 -0.014	1.00007							#	   1.50	  42.22	
    955	   8.80	  -2.17	 -0.014	1.00002							#	   1.67	  39.70	
    956	   8.74	  -2.15	 -0.009	0.99997							#	   1.59	  41.77	
    957	   8.87	  -1.98	 -0.007	0.99982							#	   1.80	  41.62	
    958	   9.08	  -1.85	 -0.003	0.99903							#	   1.58	  40.40	
    959	   9.23	  -2.07	 -0.003	0.99913							#	   1.65	  40.76	
    960	   9.14	  -1.89	 -0.006	0.99905							#	   1.62	  36.01	
    961	   9.28	  -1.98	 -0.014	0.99900							#	   1.64	  40.20	
    962	   9.66	  -1.98	 -0.009	0.99895							#	   1.77	  38.18	
    963	   9.34	  -2.19	 -0.018	0.99906							#	   1.71	  37.42	
    964	   9.41	  -2.69	 -0.015	0.99887							#	   1.72	  40.35	
    965	   9.26	  -2.81	 -0.016	0.99896							#	   1.69	  37.88	
    966	   9.22	  -3.07	 -0.012	0.99886							#	   1.60	  38.23	
    967	   9.23	  -3.34	 -0.013	0.99875							#	   1.69	  37.78	
    968	   9.30	  -2.99	 -0.011	0.99881							#	   1.95	  38.74	
    969	   9.25	  -3.15	 -0.012	0.99858							#	   1.53	  38.43	
    970	   9.12	  -2.77	 -0.016	0.99859							#	   1.53	  38.03	
    971	   9.15	  -2.78	 -0.013	0.99862							#	   1.57	  39.34	
    972	   8.08	  -2.45	 -0.025	0.99838							#	   1.33	  38.38	
    973	   8.21	  -2.54	 -0.027	0.99866							#	   1.29	  40.20	
    974	   8.00	  -2.12	 -0.020	0.99842							#	   1.30	  40.00	
    975	   7.82	  -2.00	 -0.024	0.99860							#	   1.31	  39.49	
    976	   7.84	  -2.11	 -0.019	0.99854							#	   1.27	  40.45	
    977	   7.83	  -1.89	 -0.022	0.99853							#	   1.34	  41.82	
    978	   8.16	  -1.54	 -0.018	0.99877							#	   1.44	  41.21	
    979	   8.75	  -2.06	 -0.016	0.99877							#	   1.72	  41.97	
    980	   9.41	  -2.38	 -0.009	0.99878							#	   1.58	  41.52	
    981	   9.88	  -2.83	 -0.008	0.99893							#	   1.75	  41.62	
    982	  10.19	  -2.92	 -0.004	0.99899							#	   1.74	  39.95	
    983	  10.39	  -2.88	 -0.002	0.99897							#	   1.85	  39.49	
    984	  10.69	  -2.56	 -0.001	0.99885							#	   1.92	  38.43	
    985	  11.00	  -2.30	  0.000	0.99917							#	   1.72	  40.56	
    986	  10.74	  -1.85	  0.009	0.99879							#	   1.61	  37.27	
    987	  10.90	  -1.93	  0.003	0.99906							#	   1.69	  41.87	
    988	  10.68	  -1.93	 -0.007	0.99899							#	   1.72	  36.36	
    989	  10.74	  -1.38	  0.005	0.99909							#	   1.73	  39.55	
    990	  10.04	  -0.70	  0.001	0.99885							#	   1.53	  37.22	
    991	   9.22	  -0.80	  0.001	0.99882							#	   1.29	  41.82	
    992	   8.65	  -0.96	  0.003	0.99895							#	   1.19	  40.00	
    993	   8.76	  -1.00	  0.001	0.99893							#	   1.17	  41.72	
    994	   8.74	  -0.89	 -0.001	0.99882							#	   1.10	  41.41	
    995	   8.41	  -0.80	 -0.005	0.99912							#	   1.19	  41.01	
    996	   7.83	  -1.53	 -0.007	0.99881							#	   1.31	  40.71	
    997	   7.77	  -1.75	 -0.003	0.99873							#	   1.29	  43.54	
    998	   8.99	  -2.01	  0.006	0.99876							#	   1.66	  39.55	
    999	   9.43	  -2.66	  0.005	0.99862							#	   1.46	  40.61	
   1000	   9.43	  -2.54	  0.009	0.99843							#	   1.48	  38.03	
   1001	   9.86	  -2.36	  0.007	0.99846							#	   1.65	  40.81	
   1002	   9.99	  -2.32	  0.006	0.99826							#	   1.80	  38.54	
   1003	  10.02	  -2.29	 -0.002	0.99850							#	   1.54	  40.10	
   1004	   8.67	  -2.19	 -0.005	0.99854							#	   1.18	  37.42	
   1005	   8.39	  -2.62	 -0.007	0.99868							#	   1.20	  39.19	
   1006	   8.48	  -2.21	 -0.001	0.99895							#	   1.09	  41.72	
   1007	   8.17	  -2.43	 -0.007	0.99864							#	   1.08	  43.18	
   1008	   7.75	  -2.46	 -0.006	0.99867							#	   1.07	  40.40	
   1009	   7.49	  -2.43	 -0.008	0.99873							#	   1.12	  41.31	
   1010	   7.37	  -2.63	 -0.007	0.99896							#	   1.17	  43.94	
   1011	   6.02	  -2.13	 -0.011	0.99953							#	   0.81	  51.77	
   1012	   6.09	  -2.35	 -0.010	0.99970							#	   0.89	  47.02	
   1013	   6.26	  -2.34	 -0.011	0.99972							#	   0.88	  48.18	
   1014	   6.46	  -2.36	 -0.008	0.99964							#	   0.91	  49.29	
   1015	   6.50	  -2.51	 -0.008	0.99940							#	   0.94	  54.65	
   1016	   6.55	  -2.36	 -0.010	0.99966							#	   1.10	  49.95	
   1017	   6.84	  -2.32	 -0.008	0.99965							#	   1.12	  51.72	
   1018	   6.53	  -2.12	 -0.004	0.99976							#	   1.05	  50.40	
   1019	   6.45	  -1.99	 -0.004	0.99972							#	   1.02	  50.05	
   1020	   6.40	  -2.10	 -0.006	0.99970							#	   1.10	  44.49	
   1021	   6.35	  -1.72	 -0.006	0.99963							#	   1.04	  49.80	
   1022	   6.26	  -1.76	 -0.006	0.99956							#	   0.95	  52.83	
   1023	   6.35	  -1.60	 -0.006	0.99959							#	   0.97	  51.72	
   1024	   6.03	  -1.18	 -0.004	0.99960							#	   0.87	  52.22	
   1025	   6.19	  -0.75	 -0.004	0.99955							#	   0.91	  51.77	
   1026	   5.92	  -0.76	 -0.006	0.99948							#	   0.83	  51.62	
   1027	   5.77	  -0.57	 -0.006	0.99947							#	   0.83	  51.82	
   1028	   5.48	  -0.46	 -0.002	0.99945							#	   0.75	  54.44	
   1029	   5.36	   0.01	  0.004	0.99945							#	   0.81	  52.68	
   1030	   5.41	   0.17	  0.003	0.99940							#	   0.88	  51.87	
   1031	   5.17	   0.08	  0.002	0.99953							#	   0.81	  51.36	
   1032	   5.09	   0.26	 -0.003	0.99938							#	   0.80	  56.36	
   1033	   5.27	   0.44	 -0.002	0.99935							#	   0.79	  55.20	
   1034	   5.41	   0.58	 -0.001	0.99937							#	   0.89	  51.82	
   1035	   5.16	   0.19	 -0.004	0.99933							#	   0.76	  55.00	
   1036	   4.72	   0.02	 -0.003	0.99941							#	   0.70	  53.48	
   1037	   4.57	   0.21	 -0.003	0.99940							#	   0.67	  52.47	
   1038	   4.85	   0.15	 -0.001	0.99933							#	   0.74	  52.68	
   1039	   5.19	   0.09	 -0.002	0.99938							#	   0.88	  52.88	
   1040	   5.04	   0.11	 -0.002	0.99931							#	   0.74	  53.79	
   1041	   4.61	   0.04	 -0.005	0.99935							#	   0.70	  52.68	
   1042	   4.84	   0.53	 -0.004	0.99941							#	   0.72	  51.21	
   1043	   4.93	   0.37	 -0.004	0.99931							#	   0.71	  54.14	
   1044	   5.09	   0.28	 -0.007	0.99946							#	   0.75	  52.73	
   1045	   5.18	   0.26	 -0.005	0.99938							#	   0.79	  54.95	
   1046	   5.13	   0.36	 -0.005	0.99943							#	   0.88	  52.98	
   1047	   4.90	   0.42	 -0.003	0.99931							#	   0.77	  53.38	
   1048	   5.11	   0.55	 -0.004	0.99937							#	   0.86	  51.77	
   1049	   5.17	   0.50	 -0.005	0.99939							#	   0.86	  54.14	
   1050	   4.92	   0.54	 -0.007	0.99937							#	   0.78	  53.28	
   1051	   4.96	   0.65	 -0.006	0.99940							#	   0.79	  53.48	
   1052	   4.83	   0.67	 -0.006	0.99939							#	   0.76	  56.11	
   1053	   4.91	   0.78	 -0.006	0.99945							#	   0.76	  56.01	
   1054	   5.11	   0.84	 -0.007	0.99943							#	   0.84	  55.86	
   1055	   5.19	   0.88	 -0.007	0.99943							#	   0.84	  56.46	
   1056	   5.21	   1.06	 -0.004	0.99936							#	   0.87	  58.03	
   1057	   5.33	   1.24	 -0.005	0.99941							#	   0.85	  56.16	
   1058	   5.51	   1.60	 -0.006	0.99949							#	   0.95	  52.73	
   1059	   5.38	   1.44	 -0.006	0.99943							#	   0.87	  52.63	
   1060	   5.31	   1.38	 -0.003	0.99942							#	   0.90	  54.80	
   1061	   5.30	   1.70	 -0.003	0.99948							#	   0.94	  52.98	
   1062	   5.03	   1.58	 -0.005	0.99943							#	   0.81	  53.94	
   1063	   5.26	   1.64	 -0.003	0.99941							#	   0.84	  54.29	
   1064	   5.38	   1.57	 -0.003	0.99941							#	   0.89	  53.79	
   1065	   4.92	   1.59	 -0.004	0.99932							#	   0.77	  53.79	
   1066	   4.84	   1.57	 -0.005	0.99938							#	   0.72	  54.95	
   1067	   4.40	   1.26	 -0.004	0.99936							#	   0.63	  60.35	
   1068	   3.72	   1.23	 -0.000	0.99921							#	   0.51	  60.91	
   1069	   3.78	   1.32	 -0.003	0.99924							#	   0.51	  57.32	
   1070	   3.58	   1.27	 -0.001	0.99923							#	   0.51	  58.54	
   1071	   3.30	   1.18	  0.000	0.99914							#	   0.47	  56.77	
   1072	   3.54	   1.20	  0.002	0.99917							#	   0.54	  56.31	
   1073	   3.35	   1.59	 -0.001	0.99917							#	   0.52	  55.15	
   1074	   3.47	   0.76	 -0.002	0.99925							#	   0.50	  51.46	
   1075	   3.05	   0.41	  0.001	0.99924							#	   0.42	  55.10	
   1076	   2.62	   0.16	 -0.002	0.99934							#	   0.34	  55.30	
