      1	  -0.25	   1.90	  0.008	1.00008							#	   0.06	  33.48	
      2	  -0.01	   1.88	  0.007	1.00006							#	   0.20	  32.68	
      3	  -0.11	   1.70	  0.009	1.00006							#	   0.17	  32.17	
      4	  -0.31	   1.71	  0.009	1.00007							#	   0.16	  33.18	
      5	  -0.47	   1.61	  0.010	1.00004							#	   0.13	  33.59	
      6	  -0.26	   1.60	  0.010	1.00003							#	   0.13	  33.28	
      7	  -0.39	   1.57	  0.010	1.00004							#	   0.12	  32.83	
      8	  -0.24	   1.49	  0.009	1.00005							#	   0.12	  33.64	
      9	  -0.39	   1.44	  0.009	1.00003							#	   0.12	  33.59	
     10	  -0.59	   1.32	  0.007	1.00000							#	   0.11	  32.88	
     11	  -0.51	   1.12	  0.006	1.00014							#	   0.10	  32.58	
     12	  -0.80	   1.07	  0.005	1.00019							#	   0.11	  33.38	
     13	  -0.83	   1.16	  0.004	1.00029							#	   0.11	  33.23	
     14	  -0.45	   0.93	  0.005	1.00010							#	   0.12	  32.58	
     15	  -0.08	   0.78	  0.003	1.00033							#	   0.11	  32.88	
     16	  -1.04	   0.73	  0.006	1.00028							#	   0.15	  33.28	
     17	  -0.75	   0.62	  0.005	1.00012							#	   0.11	  32.27	
     18	  -0.27	   0.37	  0.008	0.99996							#	   0.11	  34.95	
     19	  -0.75	   0.31	  0.006	0.99995							#	   0.14	  34.44	
     20	  -0.48	   0.33	  0.007	1.00001							#	   0.13	  34.60	
     21	  -0.40	   0.05	  0.004	1.00005							#	   0.13	  35.05	
     22	  -0.92	   0.06	  0.004	1.00001							#	   0.05	  34.80	
     23	  -1.02	  -0.06	  0.005	1.00001							#	   0.06	  34.44	
     24	  -0.95	  -0.01	  0.002	1.00004							#	   0.05	  35.00	
     25	  -0.99	  -0.01	  0.001	1.00003							#	   0.06	  34.95	
     26	  -1.14	  -0.03	  0.001	1.00001							#	   0.06	  34.60	
     27	  -1.20	  -0.00	  0.001	1.00004							#	   0.07	  34.95	
     28	  -1.30	   0.08	  0.000	1.00003							#	   0.07	  33.94	
     29	  -1.09	   0.12	 -0.001	1.00003							#	   0.06	  34.55	
     30	  -1.08	  -0.02	 -0.001	1.00003							#	   0.05	  35.15	
     31	  -1.26	  -0.04	  0.000	1.00002							#	   0.05	  34.75	
     32	  -1.47	  -0.11	 -0.002	1.00009							#	   0.06	  35.00	
     33	  -1.50	   0.03	 -0.002	0.99999							#	   0.06	  35.25	
     34	  -1.31	   0.05	 -0.002	1.00005							#	   0.05	  34.70	
     35	  -1.55	   0.06	 -0.002	1.00003							#	   0.06	  36.01	
     36	  -1.56	   0.25	  0.000	1.00003							#	   0.06	  35.66	
     37	  -1.57	   0.32	 -0.002	1.00007							#	   0.06	  35.30	
     38	  -1.50	   0.54	 -0.001	1.00005							#	   0.06	  34.75	
     39	  -1.40	   0.71	 -0.001	1.00002							#	   0.06	  35.71	
     40	  -1.35	   0.61	 -0.001	1.00004							#	   0.06	  35.25	
     41	  -1.10	   0.89	  0.000	1.00004							#	   0.06	  37.17	
     42	  -1.21	   0.95	 -0.001	1.00003							#	   0.07	  36.57	
     43	  -1.30	   0.82	  0.001	1.00004							#	   0.07	  35.96	
     44	  -1.05	   0.89	  0.001	0.99997							#	   0.07	  36.87	
     45	  -0.99	   1.00	 -0.001	1.00002							#	   0.07	  36.06	
     46	  -1.17	   0.93	  0.001	1.00002							#	   0.07	  35.45	
     47	  -1.13	   0.79	  0.001	1.00003							#	   0.06	  36.01	
     48	  -0.96	   0.84	  0.001	1.00003							#	   0.06	  35.81	
     49	  -0.77	   0.99	  0.000	0.99999							#	   0.06	  35.20	
     50	  -0.79	   0.96	 -0.001	1.00000							#	   0.06	  35.71	
     51	  -0.73	   0.96	 -0.001	1.00000							#	   0.06	  35.30	
     52	  -0.69	   0.96	 -0.000	0.99997							#	   0.06	  35.91	
     53	  -0.52	   1.01	  0.000	0.99998							#	   0.05	  35.71	
     54	  -0.23	   1.00	 -0.000	0.99999							#	   0.05	  36.41	
     55	  -0.22	   1.03	  0.001	0.99996							#	   0.06	  35.96	
     56	  -0.18	   0.97	  0.003	1.00001							#	   0.05	  36.36	
     57	  -0.07	   1.03	  0.003	0.99998							#	   0.05	  36.16	
     58	   0.00	   1.01	  0.003	0.99998							#	   0.05	  35.40	
     59	   0.48	   1.11	  0.003	1.00003							#	   0.06	  35.30	
     60	  -0.03	   1.25	  0.004	0.99997							#	   0.09	  34.80	
     61	   0.21	   1.15	  0.004	0.99996							#	   0.07	  35.15	
     62	   0.32	   1.20	  0.004	0.99999							#	   0.07	  35.56	
     63	   0.24	   1.31	  0.004	0.99994							#	   0.08	  35.45	
     64	   0.25	   1.37	  0.005	0.99995							#	   0.07	  35.51	
     65	   0.15	   1.43	  0.006	1.00001							#	   0.08	  35.20	
     66	   0.11	   1.60	  0.006	1.00000							#	   0.09	  35.00	
     67	   0.09	   1.55	  0.004	1.00002							#	   0.09	  34.80	
     68	   0.10	   1.47	  0.004	1.00000							#	   0.08	  34.65	
     69	  -0.02	   1.48	  0.006	0.99998							#	   0.09	  34.70	
     70	  -0.33	   1.35	  0.006	0.99994							#	   0.08	  35.10	
     71	  -0.15	   1.32	  0.004	1.00000							#	   0.08	  35.71	
     72	  -0.10	   1.24	  0.002	0.99997							#	   0.07	  36.06	
     73	  -0.09	   1.24	  0.003	0.99999							#	   0.07	  37.12	
     74	   0.02	   1.34	  0.004	0.99999							#	   0.09	  36.82	
     75	  -0.03	   1.21	  0.002	1.00001							#	   0.08	  37.58	
     76	   0.19	   1.02	  0.001	1.00000							#	   0.07	  36.87	
     77	   0.13	   0.82	  0.001	1.00002							#	   0.05	  37.58	
     78	   0.56	   0.65	  0.001	1.00007							#	   0.05	  37.12	
     79	   0.75	   0.51	  0.001	1.00006							#	   0.06	  37.17	
     80	   1.17	   0.33	 -0.001	1.00000							#	   0.07	  37.78	
     81	   1.87	   0.20	 -0.000	1.00002							#	   0.10	  38.64	
     82	   1.93	   0.14	 -0.002	1.00000							#	   0.11	  38.64	
     83	   2.34	  -0.01	 -0.002	1.00004							#	   0.15	  39.29	
     84	   2.72	  -0.12	 -0.003	0.99998							#	   0.17	  39.29	
     85	   2.97	  -0.31	 -0.003	1.00004							#	   0.19	  38.18	
     86	   3.10	  -0.41	 -0.005	1.00004							#	   0.23	  38.03	
     87	   3.65	  -0.47	 -0.004	1.00000							#	   0.27	  37.63	
     88	   4.25	  -0.50	 -0.007	1.00004							#	   0.34	  37.63	
     89	   4.40	  -0.36	 -0.005	1.00003							#	   0.34	  38.99	
     90	   4.98	  -0.31	 -0.008	1.00004							#	   0.44	  38.54	
     91	   5.51	  -0.31	 -0.005	1.00008							#	   0.57	  39.95	
     92	   5.73	  -0.26	 -0.005	1.00003							#	   0.59	  37.63	
     93	   6.03	  -0.22	 -0.005	1.00007							#	   0.66	  37.78	
     94	   6.26	  -0.01	 -0.005	0.99998							#	   0.74	  35.51	
     95	   6.53	   0.08	 -0.005	0.99996							#	   0.82	  34.80	
     96	   6.77	   0.27	 -0.001	0.99969							#	   0.79	  32.07	
     97	   6.88	   0.34	 -0.004	0.99977							#	   0.74	  33.48	
     98	   7.29	   0.42	 -0.004	0.99967							#	   0.86	  31.31	
     99	   7.92	   0.33	 -0.002	0.99972							#	   0.91	  32.68	
    100	   7.91	   0.35	 -0.002	0.99966							#	   0.91	  31.77	
    101	   8.26	   0.34	 -0.001	0.99955							#	   1.03	  29.80	
    102	   8.84	   0.39	 -0.001	0.99958							#	   1.10	  30.05	
    103	   8.80	   0.32	 -0.002	0.99948							#	   1.05	  30.05	
    104	   9.09	   0.23	 -0.001	0.99957							#	   0.97	  30.00	
    105	   9.49	   0.24	 -0.002	0.99951							#	   1.07	  29.90	
    106	   9.77	   0.11	 -0.002	0.99956							#	   1.25	  29.49	
    107	   9.98	   0.12	  0.000	0.99944							#	   1.13	  28.54	
    108	  10.22	   0.09	 -0.001	0.99940							#	   1.29	  28.23	
    109	   4.26	   0.07	 -0.006	0.99993							#	   0.25	  36.06	
    110	   4.39	   0.20	 -0.004	0.99995							#	   0.28	  39.24	
    111	   4.55	   0.14	 -0.003	0.99994							#	   0.26	  39.19	
    112	   5.92	   0.05	 -0.003	0.99998							#	   0.38	  38.18	
    113	   5.68	   0.19	 -0.005	0.99996							#	   0.34	  36.92	
    114	   6.64	   0.16	 -0.006	1.00003							#	   0.76	  34.04	
    115	   7.04	   0.33	 -0.007	1.00008							#	   0.93	  32.42	
    116	   7.80	   0.40	 -0.013	0.99972							#	   1.10	  26.82	
    117	   8.33	   0.37	 -0.009	0.99930							#	   0.98	  27.73	
    118	   9.00	   0.39	 -0.012	0.99926							#	   1.15	  26.46	
    119	   9.84	   0.29	 -0.013	0.99931							#	   1.30	  25.61	
    120	  10.34	   0.22	 -0.015	0.99926							#	   1.08	  23.99	
    121	  11.15	  -0.07	 -0.015	0.99908							#	   1.39	  25.35	
    122	  11.58	  -0.16	 -0.021	0.99910							#	   1.44	  22.63	
    123	  12.30	  -0.06	 -0.020	0.99903							#	   1.52	  21.97	
    124	  12.64	  -0.07	 -0.022	0.99914							#	   1.54	  23.69	
    125	  13.10	   0.14	 -0.018	0.99883							#	   1.36	  22.37	
    126	  13.58	  -0.09	 -0.023	0.99895							#	   1.58	  22.98	
    127	  13.95	  -0.19	 -0.022	0.99873							#	   1.57	  21.82	
    128	  14.38	   0.02	 -0.021	0.99876							#	   1.97	  22.17	
    129	  14.60	   0.24	 -0.017	0.99858							#	   1.52	  21.21	
    130	  14.73	   0.20	 -0.018	0.99852							#	   1.56	  20.45	
    131	  15.14	  -0.01	 -0.016	0.99865							#	   1.66	  21.36	
    132	  15.36	  -0.11	 -0.025	0.99951							#	   1.96	  18.69	
    133	  15.52	  -0.11	 -0.024	0.99907							#	   1.68	  19.44	
    134	  15.53	   0.17	 -0.017	0.99855							#	   1.51	  20.20	
    135	  15.28	   0.24	 -0.014	0.99840							#	   1.67	  19.29	
    136	  15.64	   0.83	 -0.002	0.99830							#	   1.83	  19.44	
    137	  15.74	   0.82	  0.002	0.99831							#	   1.75	  19.70	
    138	  15.76	   0.78	  0.003	0.99828							#	   1.49	  18.84	
    139	  16.17	   1.20	  0.003	0.99809							#	   1.78	  18.38	
    140	  17.29	   1.87	  0.013	0.99822							#	   2.11	  17.27	
    141	  17.30	   1.90	  0.008	0.99808							#	   1.78	  17.73	
    142	  17.50	   1.92	  0.011	0.99808							#	   1.82	  17.32	
    143	  17.51	   1.81	  0.006	0.99805							#	   2.06	  17.32	
    144	  17.30	   1.75	  0.005	0.99794							#	   2.18	  17.88	
    145	  17.38	   1.82	  0.008	0.99789							#	   1.65	  18.03	
    146	  15.50	   0.94	 -0.013	0.99812							#	   1.50	  19.49	
    147	  15.34	   0.99	 -0.011	0.99803							#	   1.75	  18.33	
    148	  15.37	   1.03	 -0.006	0.99806							#	   1.80	  18.84	
    149	  15.56	   1.21	 -0.003	0.99823							#	   1.54	  19.19	
    150	  15.68	   1.59	 -0.001	0.99804							#	   1.88	  18.48	
    151	  15.75	   1.77	  0.005	0.99804							#	   2.19	  18.18	
    152	  15.95	   1.89	  0.001	0.99801							#	   1.90	  18.64	
    153	  15.94	   1.72	  0.001	0.99799							#	   1.81	  18.99	
    154	  15.92	   1.66	  0.003	0.99800							#	   2.10	  18.74	
    155	  16.10	   1.42	 -0.001	0.99810							#	   2.01	  18.89	
    156	  16.23	   1.32	 -0.001	0.99801							#	   1.99	  18.74	
    157	  16.11	   1.23	 -0.001	0.99812							#	   1.98	  17.88	
    158	  16.17	   1.51	 -0.002	0.99793							#	   2.16	  17.63	
    159	  16.33	   1.91	  0.002	0.99799							#	   2.14	  17.22	
    160	  16.38	   1.97	 -0.000	0.99774							#	   2.08	  17.12	
    161	  15.87	   1.69	 -0.002	0.99778							#	   2.01	  16.82	
    162	  16.14	   1.48	  0.001	0.99796							#	   2.04	  17.78	
    163	  16.00	   1.42	  0.002	0.99797							#	   2.24	  17.63	
    164	  15.79	   0.95	  0.001	0.99812							#	   1.79	  17.32	
    165	  15.90	  -0.00	 -0.005	0.99939							#	   1.86	  18.18	
    166	  15.65	  -0.33	 -0.014	1.00010							#	   1.90	  18.23	
    167	  15.82	  -0.05	 -0.017	1.00002							#	   2.01	  18.84	
    168	  16.04	   0.11	 -0.013	1.00002							#	   1.85	  20.00	
    169	  16.03	   0.48	 -0.013	0.99999							#	   2.11	  18.84	
    170	  16.09	   0.79	 -0.020	1.00012							#	   2.03	  18.64	
    171	  16.40	   0.78	 -0.013	1.00005							#	   2.19	  19.14	
    172	  16.53	   0.82	 -0.017	0.99993							#	   2.10	  19.44	
    173	  16.59	   1.01	 -0.014	0.99995							#	   2.20	  18.64	
    174	  16.53	   1.00	 -0.016	0.99979							#	   2.01	  18.64	
    175	  16.80	   0.93	 -0.019	0.99982							#	   2.21	  18.54	
    176	  16.78	   0.61	 -0.018	1.00020							#	   2.06	  19.70	
    177	  16.74	   0.75	 -0.018	1.00020							#	   2.08	  21.06	
    178	  16.95	   0.78	 -0.012	1.00047							#	   2.13	  21.36	
    179	  16.99	   0.72	 -0.013	1.00040							#	   2.23	  20.86	
    180	  16.85	   0.68	 -0.021	1.00037							#	   2.09	  19.90	
    181	  16.99	   0.50	 -0.019	1.00037							#	   2.07	  20.71	
    182	  16.63	   0.39	 -0.017	1.00047							#	   2.12	  20.15	
    183	  16.54	   0.17	 -0.014	1.00007							#	   2.14	  20.81	
    184	  16.55	   0.03	 -0.017	1.00018							#	   2.06	  21.67	
    185	  16.77	  -0.00	 -0.020	1.00018							#	   2.18	  21.67	
    186	  17.01	   0.04	 -0.021	1.00022							#	   2.19	  19.85	
    187	  17.09	   0.13	 -0.018	0.99991							#	   2.21	  20.35	
    188	  17.28	   0.05	 -0.026	0.99981							#	   2.27	  18.74	
    189	  17.51	   0.30	 -0.030	0.99976							#	   2.19	  17.88	
    190	  17.77	   0.02	 -0.021	0.99974							#	   2.24	  18.74	
    191	  17.78	  -0.09	 -0.022	0.99979							#	   2.31	  18.54	
    192	  18.31	  -0.33	 -0.028	1.00022							#	   2.32	  17.68	
    193	  18.69	  -0.37	 -0.028	1.00020							#	   2.28	  17.58	
    194	  18.73	  -0.33	 -0.028	1.00012							#	   2.44	  17.73	
    195	  18.61	  -0.61	 -0.029	1.00009							#	   2.27	  17.17	
    196	  18.95	  -0.89	 -0.029	0.99996							#	   2.25	  19.14	
    197	  18.75	  -0.97	 -0.030	1.00000							#	   2.30	  17.68	
    198	  18.76	  -1.03	 -0.030	0.99987							#	   2.24	  18.48	
    199	  18.41	  -1.10	 -0.032	0.99985							#	   2.26	  18.54	
    200	  18.20	  -1.21	 -0.029	0.99980							#	   2.19	  17.78	
    201	  18.14	  -1.03	 -0.025	0.99976							#	   2.08	  18.79	
    202	  17.76	  -0.82	 -0.026	0.99978							#	   2.23	  17.88	
    203	  17.33	  -0.68	 -0.024	0.99970							#	   2.03	  19.55	
    204	  16.88	  -0.71	 -0.025	0.99948							#	   1.83	  19.49	
    205	  16.82	  -0.71	 -0.021	0.99944							#	   2.00	  19.14	
    206	  16.66	  -0.62	 -0.019	0.99951							#	   2.07	  19.70	
    207	  16.68	  -0.19	 -0.023	0.99944							#	   1.88	  20.25	
    208	  16.81	  -0.33	 -0.026	0.99930							#	   1.83	  19.39	
    209	  16.89	  -0.64	 -0.026	0.99949							#	   2.16	  18.74	
    210	  17.17	  -0.49	 -0.029	0.99950							#	   1.98	  18.79	
    211	  17.53	  -0.53	 -0.028	0.99942							#	   1.97	  17.93	
    212	  17.98	  -0.13	 -0.006	0.99926							#	   2.07	  18.59	
    213	  17.73	  -0.16	 -0.010	0.99901							#	   2.28	  18.23	
    214	  17.81	   0.05	 -0.010	0.99900							#	   1.88	  19.09	
    215	  17.83	   0.05	 -0.005	0.99896							#	   1.88	  19.09	
    216	  17.29	  -0.70	 -0.019	0.99965							#	   2.07	  21.97	
    217	  16.99	  -1.42	 -0.004	1.00101							#	   1.81	  23.38	
    218	  16.74	  -1.36	 -0.007	1.00101							#	   1.71	  23.43	
    219	  16.91	  -1.32	 -0.006	1.00101							#	   1.89	  23.74	
    220	  16.66	  -1.18	 -0.008	1.00102							#	   2.00	  23.08	
    221	  16.00	  -1.04	 -0.009	1.00094							#	   1.69	  24.19	
    222	  15.58	  -1.17	 -0.006	1.00082							#	   1.70	  23.69	
    223	  15.26	  -1.18	 -0.013	1.00077							#	   1.73	  24.60	
    224	  14.96	  -1.03	 -0.009	1.00085							#	   1.65	  23.54	
    225	  14.77	  -0.95	 -0.005	1.00083							#	   1.52	  23.18	
    226	  15.03	  -1.03	 -0.003	1.00062							#	   1.68	  23.74	
    227	  16.25	  -0.77	 -0.014	1.00081							#	   2.10	  23.13	
    228	  16.49	  -0.58	 -0.008	1.00083							#	   1.84	  23.38	
    229	  16.76	  -0.48	 -0.010	1.00078							#	   1.98	  22.27	
    230	  14.53	  -0.42	 -0.005	1.00075							#	   1.57	  23.69	
    231	  14.43	  -0.67	 -0.002	1.00082							#	   1.57	  24.19	
    232	  14.57	  -0.31	 -0.007	1.00056							#	   1.63	  24.39	
    233	  14.94	  -0.49	 -0.003	1.00061							#	   1.64	  23.64	
    234	  14.82	  -0.23	 -0.001	1.00056							#	   1.57	  23.74	
    235	  14.75	  -0.37	 -0.002	1.00059							#	   1.85	  23.48	
    236	  14.86	  -0.39	 -0.002	1.00055							#	   1.84	  22.58	
    237	  14.53	   0.09	 -0.011	1.00017							#	   1.85	  24.14	
    238	  14.47	   0.38	 -0.013	1.00014							#	   1.84	  25.10	
    239	  14.80	   0.03	 -0.008	1.00007							#	   1.91	  24.24	
    240	  14.24	  -0.17	 -0.011	1.00017							#	   1.78	  24.29	
    241	  14.15	  -0.07	 -0.013	1.00000							#	   1.86	  25.10	
    242	  14.17	   0.20	 -0.015	0.99998							#	   1.76	  23.33	
    243	  14.35	   0.11	 -0.013	0.99992							#	   1.73	  25.45	
    244	  14.43	  -0.31	 -0.015	1.00017							#	   1.87	  24.29	
    245	  14.83	  -0.43	 -0.007	1.00042							#	   1.98	  24.24	
    246	  15.34	  -0.33	 -0.013	1.00044							#	   1.88	  23.79	
    247	  15.43	   0.08	 -0.017	0.99985							#	   1.93	  23.54	
    248	  15.59	   0.10	 -0.017	0.99992							#	   2.13	  24.14	
    249	  15.81	   0.11	 -0.018	0.99982							#	   2.07	  23.74	
    250	  16.20	   0.26	 -0.019	0.99975							#	   1.93	  23.08	
    251	  16.37	   0.41	 -0.021	0.99981							#	   2.05	  23.84	
    252	  16.51	   0.38	 -0.016	0.99997							#	   2.41	  22.63	
    253	  16.62	   0.62	 -0.020	0.99983							#	   1.93	  23.13	
    254	  16.51	   0.42	 -0.018	0.99982							#	   2.03	  22.68	
    255	  16.49	   0.44	 -0.011	1.00009							#	   2.04	  23.33	
    256	  16.39	   0.40	 -0.015	1.00014							#	   2.19	  22.98	
    257	  16.67	   0.68	 -0.013	1.00021							#	   2.03	  23.94	
    258	  16.55	   0.43	 -0.012	1.00073							#	   2.10	  23.94	
    259	  16.46	   0.60	 -0.009	1.00071							#	   2.21	  23.69	
    260	  16.52	   1.36	 -0.019	0.99941							#	   2.16	  24.09	
    261	  16.58	   1.28	 -0.017	0.99944							#	   2.20	  23.28	
    262	  16.42	   1.34	 -0.020	0.99941							#	   2.18	  22.78	
    263	  16.53	   1.36	 -0.017	0.99937							#	   2.23	  23.59	
    264	  16.47	   1.35	 -0.021	0.99931							#	   2.19	  23.59	
    265	  16.39	   1.28	 -0.019	0.99925							#	   2.08	  22.88	
    266	  16.21	   1.24	 -0.019	0.99917							#	   2.10	  23.03	
    267	  16.14	   1.35	 -0.017	0.99918							#	   2.00	  23.69	
    268	  16.10	   1.34	 -0.017	0.99909							#	   2.04	  23.28	
    269	  16.08	   1.20	 -0.014	0.99919							#	   2.07	  22.63	
    270	  16.08	   1.16	 -0.010	0.99974							#	   2.13	  23.38	
    271	  16.02	   1.23	 -0.015	0.99964							#	   1.94	  23.43	
    272	  16.25	   1.21	 -0.012	0.99959							#	   2.23	  23.13	
    273	  16.30	   1.37	 -0.021	0.99925							#	   2.00	  23.94	
    274	  16.42	   1.34	 -0.023	0.99922							#	   2.10	  23.79	
    275	  16.39	   1.17	 -0.020	0.99917							#	   2.12	  22.88	
    276	  16.44	   1.14	 -0.019	0.99910							#	   2.36	  22.42	
    277	  16.75	   1.15	 -0.014	0.99894							#	   1.97	  21.67	
    278	  16.70	   1.15	 -0.019	0.99893							#	   2.03	  21.82	
    279	  16.75	   1.16	 -0.018	0.99891							#	   2.25	  22.68	
    280	  16.88	   1.19	 -0.016	0.99908							#	   2.16	  23.64	
    281	  16.83	   1.35	 -0.012	0.99910							#	   2.03	  23.64	
    282	  16.65	   1.34	 -0.014	0.99909							#	   2.17	  23.99	
    283	  16.16	   1.20	 -0.015	0.99882							#	   2.27	  22.17	
    284	  16.01	   1.11	 -0.017	0.99896							#	   2.07	  23.38	
    285	  15.87	   0.67	 -0.012	0.99911							#	   1.80	  24.90	
    286	  15.34	   0.42	 -0.016	0.99902							#	   2.02	  24.75	
    287	  14.89	   0.41	 -0.017	0.99906							#	   2.10	  24.85	
    288	  14.89	   0.35	 -0.019	0.99905							#	   1.86	  25.15	
    289	  15.02	   0.70	 -0.014	0.99902							#	   1.77	  24.70	
    290	  14.99	   1.06	 -0.014	0.99894							#	   2.12	  24.14	
    291	  15.24	   1.20	 -0.008	0.99900							#	   2.26	  23.54	
    292	  15.21	   1.22	 -0.009	0.99878							#	   1.82	  23.18	
    293	  15.08	   0.92	 -0.011	0.99867							#	   1.80	  23.43	
    294	  15.08	   0.75	 -0.011	0.99882							#	   2.09	  24.60	
    295	  15.22	   0.51	 -0.008	0.99878							#	   2.29	  25.00	
    296	  15.15	   0.56	 -0.008	0.99870							#	   1.83	  24.44	
    297	  15.05	   0.67	 -0.012	0.99879							#	   1.95	  25.76	
    298	  14.57	   0.78	 -0.011	0.99876							#	   1.99	  24.65	
    299	  14.68	   0.48	 -0.013	0.99890							#	   2.13	  27.02	
    300	  14.82	   0.40	 -0.010	0.99877							#	   1.97	  24.60	
    301	  15.01	   0.52	 -0.007	0.99882							#	   2.06	  26.87	
    302	  15.01	   0.51	 -0.012	0.99874							#	   2.07	  25.00	
    303	  15.09	   0.51	 -0.007	0.99868							#	   2.11	  24.44	
    304	  15.10	   0.50	 -0.010	0.99857							#	   2.12	  24.29	
    305	  15.20	   0.53	 -0.007	0.99851							#	   1.96	  23.89	
    306	  15.00	   0.66	 -0.010	0.99849							#	   2.05	  23.69	
    307	  15.19	   0.64	 -0.006	0.99856							#	   2.15	  24.85	
    308	  15.09	   0.63	 -0.005	0.99856							#	   2.05	  24.55	
    309	  14.86	   0.64	 -0.004	0.99856							#	   1.83	  25.66	
    310	  14.55	   0.60	 -0.008	0.99841							#	   1.82	  24.39	
    311	  14.26	   0.55	 -0.005	0.99838							#	   1.79	  24.39	
    312	  14.39	   0.63	 -0.007	0.99846							#	   1.89	  24.85	
    313	  14.22	   0.64	 -0.006	0.99842							#	   1.68	  25.00	
    314	  14.25	   0.83	 -0.003	0.99850							#	   1.68	  24.24	
    315	  14.27	   0.78	 -0.002	0.99851							#	   1.68	  25.45	
    316	  14.30	   0.05	 -0.005	1.00038							#	   1.79	  25.91	
    317	  14.32	  -0.02	 -0.007	1.00033							#	   1.70	  26.87	
    318	  14.27	  -0.09	 -0.008	1.00040							#	   1.58	  27.63	
    319	  14.22	  -0.05	 -0.008	1.00028							#	   1.57	  27.42	
    320	  14.17	  -0.06	 -0.007	1.00029							#	   1.78	  27.78	
    321	  14.21	   0.05	 -0.005	1.00023							#	   1.77	  26.41	
    322	  14.20	   0.17	 -0.006	1.00029							#	   1.67	  26.26	
    323	  14.18	   0.12	 -0.006	1.00032							#	   1.60	  27.07	
    324	  13.99	   0.23	 -0.010	1.00012							#	   1.70	  26.52	
    325	  13.79	   0.16	 -0.008	1.00026							#	   1.83	  26.82	
    326	  13.97	   0.10	 -0.009	1.00019							#	   1.68	  27.53	
    327	  13.80	   0.25	 -0.007	1.00031							#	   1.58	  27.37	
    328	  13.56	   0.14	 -0.008	1.00018							#	   1.66	  27.63	
    329	  13.41	   0.13	 -0.008	1.00010							#	   1.63	  27.22	
    330	  13.52	   0.26	 -0.011	1.00002							#	   1.75	  26.21	
    331	  13.45	   0.38	 -0.010	1.00008							#	   1.62	  26.92	
    332	  13.50	   0.52	 -0.011	1.00008							#	   1.74	  26.82	
    333	  13.69	   0.91	 -0.011	1.00008							#	   1.74	  26.52	
    334	  13.69	   1.08	 -0.011	0.99995							#	   2.05	  26.77	
    335	  13.69	   1.12	 -0.009	0.99999							#	   1.66	  27.63	
    336	  13.72	   1.16	 -0.009	0.99984							#	   1.83	  27.73	
    337	  13.67	   0.86	 -0.012	0.99995							#	   1.62	  27.83	
    338	  13.70	   0.96	 -0.008	0.99991							#	   1.64	  27.02	
    339	  13.67	   1.07	 -0.010	0.99994							#	   1.85	  27.83	
    340	  13.67	   1.11	 -0.009	0.99996							#	   1.69	  27.83	
    341	  13.76	   0.98	 -0.011	0.99993							#	   1.57	  28.23	
    342	  13.96	   0.88	 -0.009	0.99986							#	   1.59	  28.99	
    343	  14.10	   1.02	 -0.009	0.99984							#	   1.81	  28.89	
    344	  14.11	   1.11	 -0.012	0.99980							#	   1.89	  28.79	
    345	  14.23	   1.11	 -0.008	0.99982							#	   1.64	  29.29	
    346	  14.21	   1.25	 -0.010	0.99952							#	   1.55	  28.18	
    347	  14.40	   1.58	 -0.007	0.99958							#	   1.81	  28.38	
    348	  14.61	   1.64	 -0.011	0.99958							#	   2.02	  28.18	
    349	  14.85	   1.66	 -0.009	0.99954							#	   1.75	  27.37	
    350	  14.94	   1.78	 -0.009	0.99954							#	   1.67	  27.98	
    351	  15.15	   1.73	 -0.008	0.99959							#	   1.96	  28.13	
    352	  15.06	   1.76	 -0.007	0.99958							#	   1.87	  28.23	
    353	  15.20	   1.76	 -0.009	0.99952							#	   1.90	  27.78	
    354	  15.25	   1.89	 -0.008	0.99946							#	   1.79	  28.54	
    355	  15.16	   1.85	 -0.010	0.99948							#	   1.99	  27.53	
    356	  15.19	   1.78	 -0.008	0.99934							#	   1.91	  27.02	
    357	  15.03	   1.94	 -0.008	0.99937							#	   1.98	  27.93	
    358	  15.05	   2.01	 -0.010	0.99937							#	   1.85	  29.60	
    359	  15.20	   2.13	 -0.008	0.99932							#	   1.96	  29.04	
    360	  15.02	   2.07	 -0.011	0.99920							#	   1.92	  27.32	
    361	  14.96	   2.08	 -0.010	0.99905							#	   1.96	  29.09	
    362	  14.87	   1.92	 -0.014	0.99908							#	   1.90	  28.43	
    363	  14.98	   2.00	 -0.010	0.99924							#	   1.90	  28.99	
    364	  15.12	   1.98	 -0.013	0.99925							#	   1.89	  28.74	
    365	  14.97	   1.84	 -0.016	0.99903							#	   1.87	  26.77	
    366	  14.97	   1.88	 -0.012	0.99897							#	   1.93	  27.17	
    367	  15.06	   1.82	 -0.012	0.99907							#	   2.27	  27.37	
    368	  14.99	   2.05	 -0.014	0.99937							#	   1.82	  29.24	
    369	  15.02	   1.96	 -0.011	0.99933							#	   1.99	  29.80	
    370	  14.63	   1.71	 -0.017	0.99909							#	   2.07	  29.55	
    371	  14.59	   1.60	 -0.015	0.99911							#	   1.92	  29.44	
    372	  14.68	   1.69	 -0.018	0.99914							#	   1.84	  29.55	
    373	  14.95	   1.86	 -0.017	0.99922							#	   2.29	  29.55	
    374	  14.90	   1.78	 -0.020	0.99896							#	   2.22	  27.22	
    375	  14.97	   1.67	 -0.018	0.99890							#	   2.01	  28.38	
    376	  14.95	   1.71	 -0.016	0.99900							#	   1.92	  27.63	
    377	  15.20	   1.92	 -0.020	0.99899							#	   2.16	  27.88	
    378	  15.38	   2.06	 -0.018	0.99902							#	   2.31	  28.18	
    379	  15.43	   1.99	 -0.013	0.99905							#	   2.07	  29.09	
    380	  14.98	   1.80	 -0.016	0.99871							#	   2.10	  30.10	
    381	  14.32	   1.67	 -0.022	0.99849							#	   1.98	  29.55	
    382	  14.22	   1.61	 -0.020	0.99845							#	   2.09	  29.24	
    383	  14.49	   1.80	 -0.019	0.99846							#	   1.96	  29.55	
    384	  14.89	   1.95	 -0.012	0.99883							#	   2.12	  30.10	
    385	  15.01	   2.01	 -0.014	0.99876							#	   2.15	  29.49	
    386	  15.00	   2.09	 -0.012	0.99860							#	   2.30	  28.74	
    387	  14.82	   2.19	 -0.012	0.99841							#	   2.13	  30.45	
    388	  14.86	   2.11	 -0.011	0.99848							#	   2.03	  30.35	
    389	  14.99	   2.19	 -0.013	0.99858							#	   2.17	  29.90	
    390	  14.86	   2.14	 -0.011	0.99851							#	   2.06	  29.75	
    391	  14.68	   2.03	 -0.016	0.99837							#	   2.20	  29.09	
    392	  14.47	   2.25	 -0.012	0.99836							#	   1.98	  30.45	
    393	  14.42	   2.42	 -0.010	0.99842							#	   2.18	  30.51	
    394	  14.52	   2.64	 -0.011	0.99839							#	   1.97	  29.44	
    395	  14.57	   2.91	 -0.011	0.99838							#	   2.20	  29.80	
    396	  14.30	   2.83	 -0.015	0.99833							#	   2.10	  29.49	
    397	  14.07	   2.51	 -0.010	0.99840							#	   2.02	  28.99	
    398	  13.81	   2.14	 -0.013	0.99842							#	   1.73	  30.10	
    399	  13.59	   1.94	 -0.013	0.99847							#	   1.91	  30.66	
    400	  13.58	   2.03	 -0.011	0.99853							#	   1.93	  31.16	
    401	  13.45	   2.25	 -0.011	0.99854							#	   1.86	  32.02	
    402	  13.40	   2.23	 -0.011	0.99850							#	   1.60	  31.26	
    403	  13.21	   2.43	 -0.008	0.99864							#	   1.88	  31.77	
    404	  12.98	   2.65	 -0.009	0.99863							#	   1.93	  32.32	
    405	  13.15	   2.67	 -0.012	0.99871							#	   1.87	  32.27	
    406	  13.09	   2.74	 -0.007	0.99886							#	   1.68	  34.39	
    407	  12.49	   2.57	 -0.009	0.99883							#	   1.62	  32.53	
    408	  12.18	   2.55	 -0.009	0.99884							#	   1.84	  32.88	
    409	  12.18	   2.29	 -0.008	0.99937							#	   1.65	  34.19	
    410	  12.02	   2.27	 -0.009	0.99932							#	   1.47	  33.89	
    411	  11.90	   2.36	 -0.010	0.99929							#	   1.43	  35.05	
    412	  11.77	   2.59	 -0.012	0.99910							#	   1.52	  34.24	
    413	  11.86	   2.75	 -0.010	0.99895							#	   1.79	  32.73	
    414	  11.96	   2.75	 -0.008	0.99915							#	   1.64	  32.22	
    415	  11.81	   2.77	 -0.008	0.99918							#	   1.55	  32.68	
    416	  11.63	   2.77	 -0.009	0.99909							#	   1.53	  34.34	
    417	  11.47	   2.70	 -0.010	0.99916							#	   1.48	  32.63	
    418	  11.29	   2.57	 -0.007	0.99927							#	   1.49	  32.93	
    419	  11.32	   2.46	 -0.007	0.99927							#	   1.51	  34.19	
    420	  11.26	   2.40	 -0.010	0.99933							#	   1.57	  32.73	
    421	  11.37	   2.34	 -0.005	0.99940							#	   1.50	  34.70	
    422	  11.37	   2.32	 -0.008	0.99946							#	   1.62	  33.48	
    423	  11.51	   2.25	 -0.004	0.99954							#	   1.51	  34.90	
    424	  11.52	   2.32	 -0.006	0.99957							#	   1.63	  34.49	
    425	  11.39	   2.36	 -0.006	0.99937							#	   1.61	  33.64	
    426	  11.52	   2.30	 -0.007	0.99932							#	   1.53	  33.08	
    427	  11.51	   2.45	 -0.004	0.99933							#	   1.61	  34.09	
    428	  11.57	   2.38	 -0.005	0.99930							#	   1.53	  33.33	
    429	  11.45	   2.34	 -0.004	0.99929							#	   1.72	  34.09	
    430	  11.38	   2.38	 -0.005	0.99930							#	   1.56	  33.64	
    431	  11.54	   2.56	 -0.005	0.99936							#	   1.58	  32.68	
    432	  11.55	   2.48	 -0.005	0.99936							#	   1.55	  33.03	
    433	  11.65	   2.41	 -0.004	0.99938							#	   1.60	  32.22	
    434	  11.80	   2.13	 -0.007	1.00041							#	   1.78	  33.79	
    435	  11.98	   2.27	 -0.005	1.00039							#	   1.69	  31.82	
    436	  11.96	   2.11	 -0.004	1.00043							#	   1.62	  32.22	
    437	  11.98	   1.90	 -0.003	1.00037							#	   1.54	  34.65	
    438	  12.01	   1.75	 -0.004	1.00023							#	   1.63	  34.95	
    439	  11.75	   1.57	 -0.005	1.00025							#	   1.65	  34.39	
    440	  11.77	   1.57	 -0.005	1.00013							#	   1.67	  34.95	
    441	  11.76	   1.55	 -0.004	1.00014							#	   1.50	  33.28	
    442	  11.64	   1.46	 -0.002	1.00017							#	   1.50	  33.89	
    443	  11.58	   1.58	 -0.003	1.00010							#	   1.53	  34.34	
    444	  11.42	   1.42	 -0.004	1.00021							#	   1.58	  35.00	
    445	  11.51	   1.29	 -0.001	1.00025							#	   1.70	  34.75	
    446	  11.16	   1.18	 -0.003	1.00039							#	   1.41	  34.65	
    447	  11.10	   1.13	 -0.005	1.00043							#	   1.38	  34.24	
    448	  11.28	   1.21	 -0.003	1.00021							#	   1.50	  34.19	
    449	  11.26	   1.15	 -0.002	1.00025							#	   1.65	  35.61	
    450	  11.16	   1.28	 -0.004	1.00026							#	   1.63	  34.44	
    451	  11.35	   1.56	 -0.000	1.00018							#	   1.62	  34.34	
    452	  11.47	   1.56	 -0.002	1.00013							#	   1.41	  34.60	
    453	  11.40	   1.50	 -0.000	1.00006							#	   1.52	  34.60	
    454	  11.50	   1.65	  0.003	1.00005							#	   1.73	  35.30	
    455	  11.57	   1.78	  0.002	1.00002							#	   1.72	  35.45	
    456	  11.54	   1.64	  0.003	0.99996							#	   1.48	  34.44	
    457	  11.47	   1.64	  0.004	1.00008							#	   1.40	  34.55	
    458	  11.53	   1.63	  0.005	0.99997							#	   1.44	  34.80	
    459	  11.59	   1.52	  0.005	1.00016							#	   1.66	  33.89	
    460	  11.53	   1.55	  0.004	0.99997							#	   1.64	  33.54	
    461	  11.71	   1.47	  0.006	1.00016							#	   1.57	  33.74	
    462	  11.79	   1.47	  0.008	1.00020							#	   1.52	  32.83	
    463	  12.04	   1.53	  0.006	1.00024							#	   1.63	  31.77	
    464	  11.97	   1.63	  0.006	1.00028							#	   1.74	  31.67	
    465	  12.26	   1.44	  0.010	1.00026							#	   1.75	  32.63	
    466	  12.15	   1.27	  0.005	1.00009							#	   1.61	  33.54	
    467	  12.19	   1.22	  0.004	1.00005							#	   1.60	  33.13	
    468	  12.41	   1.17	  0.007	1.00008							#	   1.81	  33.43	
    469	  12.43	   1.11	  0.006	1.00005							#	   1.70	  32.93	
    470	  12.53	   0.83	  0.009	0.99996							#	   1.74	  33.13	
    471	  12.39	   1.04	  0.008	1.00001							#	   1.66	  33.54	
    472	  12.63	   1.00	  0.007	1.00006							#	   1.78	  34.60	
    473	  12.59	   1.10	  0.005	1.00000							#	   1.91	  32.73	
    474	  12.85	   1.19	  0.002	0.99992							#	   1.68	  31.16	
    475	  12.97	   1.26	  0.004	0.99974							#	   1.85	  29.60	
    476	  12.90	   1.38	  0.008	0.99972							#	   1.82	  31.01	
    477	  12.80	   1.42	  0.007	0.99982							#	   2.03	  31.41	
    478	  12.91	   1.42	  0.005	0.99975							#	   1.72	  32.22	
    479	  12.86	   1.38	  0.006	0.99975							#	   1.65	  31.26	
    480	  12.84	   1.42	  0.006	0.99979							#	   1.82	  30.81	
    481	  13.04	   1.47	  0.011	0.99975							#	   1.94	  31.82	
    482	  12.86	   1.60	  0.011	0.99970							#	   1.79	  31.67	
    483	  12.78	   1.53	  0.010	0.99967							#	   1.59	  32.37	
    484	  12.76	   1.50	  0.008	1.00000							#	   1.63	  30.91	
    485	  12.84	   1.62	  0.008	0.99960							#	   1.69	  31.67	
    486	  12.84	   1.66	  0.011	0.99958							#	   1.76	  32.42	
    487	  12.75	   1.25	  0.007	0.99979							#	   1.66	  31.87	
    488	  13.04	   1.14	  0.006	0.99959							#	   1.67	  32.63	
    489	  13.08	   1.09	  0.006	0.99964							#	   1.78	  33.08	
    490	  13.22	   1.06	  0.007	0.99964							#	   1.83	  30.61	
    491	  13.36	   1.19	  0.010	0.99939							#	   1.84	  32.63	
    492	  13.50	   0.79	  0.011	0.99955							#	   1.77	  31.67	
    493	  13.58	   0.93	  0.009	0.99955							#	   1.90	  32.47	
    494	  13.74	   1.00	  0.009	0.99960							#	   1.87	  31.36	
    495	  13.89	   1.10	  0.004	0.99971							#	   2.04	  30.71	
    496	  13.94	   0.99	  0.010	0.99967							#	   1.78	  32.47	
    497	  13.57	   1.00	  0.011	0.99933							#	   1.69	  31.46	
    498	  13.84	   0.88	  0.009	0.99951							#	   1.95	  32.93	
    499	  13.68	   1.09	  0.011	0.99977							#	   1.68	  32.73	
    500	  13.59	   1.12	  0.011	0.99985							#	   1.76	  32.12	
    501	  13.60	   1.23	  0.008	0.99986							#	   1.87	  31.31	
    502	  13.49	   1.20	  0.010	0.99983							#	   1.82	  31.26	
    503	  13.60	   1.51	  0.014	0.99992							#	   1.82	  32.07	
    504	  13.78	   1.58	  0.014	0.99997							#	   1.86	  31.16	
    505	  13.39	   1.42	  0.013	0.99979							#	   1.84	  31.52	
    506	  13.62	   1.06	  0.015	0.99972							#	   1.93	  31.52	
    507	  13.65	   1.04	  0.011	0.99971							#	   1.77	  32.93	
    508	  13.50	   1.09	  0.012	0.99959							#	   1.89	  32.88	
    509	  13.62	   1.09	  0.016	0.99935							#	   1.89	  32.73	
    510	  13.75	   0.87	  0.016	0.99943							#	   1.86	  32.17	
    511	  13.63	   0.62	  0.010	0.99935							#	   1.86	  30.56	
    512	  13.66	   0.37	  0.010	0.99935							#	   1.89	  34.14	
    513	  13.44	   0.46	  0.008	0.99884							#	   2.06	  33.89	
    514	  13.69	   0.11	  0.013	0.99912							#	   1.86	  35.15	
    515	  13.63	  -0.24	  0.010	0.99977							#	   1.73	  33.18	
    516	  13.89	  -0.27	  0.010	0.99949							#	   1.93	  33.84	
    517	  14.04	  -0.17	  0.011	0.99937							#	   1.92	  35.81	
    518	  14.14	  -0.14	  0.009	0.99965							#	   2.18	  32.58	
    519	  14.16	  -0.16	  0.011	0.99918							#	   1.67	  34.44	
    520	  13.87	   0.01	  0.014	0.99875							#	   1.90	  32.88	
    521	  14.44	  -0.02	  0.015	0.99901							#	   2.07	  35.86	
    522	  14.86	  -0.21	  0.008	1.00004							#	   2.28	  31.26	
    523	  14.96	   0.01	  0.005	0.99987							#	   1.88	  30.20	
    524	  15.03	   0.08	  0.010	0.99990							#	   2.09	  30.61	
    525	  14.83	   0.17	  0.011	0.99951							#	   2.18	  29.34	
    526	  15.11	   0.15	  0.009	0.99961							#	   2.20	  30.81	
    527	  15.09	   0.09	  0.013	0.99949							#	   2.19	  30.00	
    528	  14.84	   0.13	  0.013	0.99945							#	   2.09	  30.56	
    529	  14.92	  -0.01	  0.016	0.99942							#	   2.19	  30.40	
    530	  15.22	  -0.10	  0.015	0.99961							#	   2.04	  31.06	
    531	  14.96	   0.17	  0.014	0.99955							#	   2.34	  29.49	
    532	  15.19	   0.25	  0.010	0.99973							#	   2.00	  30.25	
    533	  15.23	   0.45	  0.017	0.99963							#	   2.20	  28.89	
    534	  15.13	   0.42	  0.019	0.99968							#	   1.95	  28.43	
    535	  15.20	   0.50	  0.014	0.99966							#	   2.45	  28.99	
    536	  15.43	   0.47	  0.016	0.99972							#	   2.04	  28.13	
    537	  15.27	   0.40	  0.019	0.99971							#	   2.10	  28.28	
    538	  15.17	   0.33	  0.020	0.99943							#	   1.93	  28.99	
    539	  15.21	   0.24	  0.015	0.99954							#	   2.40	  29.85	
    540	  15.26	   0.20	  0.014	0.99952							#	   2.09	  29.39	
    541	  15.21	   0.29	  0.017	0.99970							#	   2.06	  29.85	
    542	  15.40	   0.32	  0.017	0.99954							#	   2.01	  28.69	
    543	  15.35	   0.18	  0.017	0.99950							#	   2.31	  30.00	
    544	  15.27	   0.12	  0.016	0.99915							#	   2.17	  30.35	
    545	  15.28	   0.36	  0.022	0.99864							#	   2.16	  33.18	
    546	  15.20	   0.59	  0.017	0.99866							#	   2.12	  31.26	
    547	  15.22	   0.38	  0.021	0.99899							#	   2.29	  32.12	
    548	  15.20	   0.18	  0.022	0.99902							#	   2.22	  31.01	
    549	  15.19	   0.24	  0.015	0.99911							#	   2.09	  30.40	
    550	  15.38	   0.40	  0.017	0.99937							#	   2.26	  29.19	
    551	  15.02	   0.99	  0.022	0.99856							#	   2.19	  29.95	
    552	  15.17	   0.48	  0.018	0.99913							#	   2.33	  31.36	
    553	  15.02	   0.48	  0.015	0.99920							#	   2.05	  28.59	
    554	  15.17	   0.90	  0.029	0.99901							#	   2.26	  30.35	
    555	  15.22	   1.07	  0.028	0.99904							#	   2.20	  30.76	
    556	  15.18	   0.97	  0.023	0.99908							#	   2.23	  30.20	
    557	  15.05	   0.82	  0.021	0.99912							#	   2.24	  29.60	
    558	  14.95	   0.72	  0.023	0.99917							#	   2.33	  28.38	
    559	  14.77	   0.59	  0.027	0.99898							#	   2.25	  30.15	
    560	  14.82	   0.59	  0.020	0.99903							#	   2.17	  30.05	
    561	  14.86	   0.35	  0.024	0.99933							#	   2.46	  32.58	
    562	  14.58	   0.36	  0.023	0.99902							#	   2.16	  31.67	
    563	  14.84	   0.32	  0.025	0.99912							#	   2.03	  32.58	
    564	  14.72	   0.37	  0.018	0.99897							#	   2.18	  32.47	
    565	  14.94	   0.44	  0.023	0.99912							#	   2.55	  32.17	
    566	  14.81	   0.62	  0.025	0.99897							#	   2.21	  32.17	
    567	  14.79	   0.43	  0.011	0.99923							#	   1.93	  32.63	
    568	  14.65	   0.30	  0.027	0.99914							#	   2.26	  31.62	
    569	  14.56	   0.30	  0.023	0.99911							#	   2.44	  31.92	
    570	  14.66	   0.34	  0.023	0.99894							#	   2.20	  32.63	
    571	  14.70	   0.23	  0.021	0.99879							#	   1.99	  32.63	
    572	  14.49	   0.17	  0.018	0.99884							#	   2.35	  30.81	
    573	  14.37	   0.36	  0.021	0.99885							#	   2.42	  31.57	
    574	  14.62	   0.44	  0.018	0.99884							#	   2.13	  31.87	
    575	  14.58	   0.45	  0.019	0.99875							#	   2.02	  31.72	
    576	  14.29	   0.44	  0.019	0.99886							#	   2.32	  32.02	
    577	  14.33	   0.47	  0.020	0.99878							#	   2.43	  31.31	
    578	  14.13	   0.48	  0.022	0.99871							#	   1.94	  31.52	
    579	  14.24	   0.53	  0.018	0.99877							#	   2.03	  31.87	
    580	  14.28	   0.57	  0.021	0.99880							#	   2.37	  31.72	
    581	  14.16	   0.49	  0.021	0.99879							#	   2.32	  32.37	
    582	  13.89	   0.53	  0.022	0.99878							#	   1.85	  32.07	
    583	  13.80	   0.69	  0.020	0.99878							#	   2.05	  30.96	
    584	  14.14	   0.71	  0.019	0.99882							#	   2.35	  31.26	
    585	  14.07	   0.71	  0.018	0.99879							#	   2.28	  32.12	
    586	  13.92	   0.54	  0.019	0.99905							#	   1.91	  31.11	
    587	  13.41	   0.65	  0.017	0.99870							#	   1.96	  31.31	
    588	  13.46	   0.64	  0.021	0.99870							#	   2.17	  31.62	
    589	  13.13	   0.43	  0.015	0.99857							#	   2.21	  31.57	
    590	  13.22	   0.48	  0.015	0.99860							#	   1.93	  31.87	
    591	  13.25	   0.42	  0.019	0.99877							#	   1.97	  32.17	
    592	  13.20	   0.54	  0.015	0.99884							#	   2.15	  31.67	
    593	  12.93	   0.50	  0.021	0.99881							#	   2.24	  32.93	
    594	  12.85	   0.27	  0.017	0.99883							#	   2.06	  31.21	
    595	  12.68	   0.16	  0.016	0.99878							#	   1.84	  31.77	
    596	  12.59	   0.25	  0.018	0.99878							#	   1.93	  31.82	
    597	  12.42	   0.33	  0.016	0.99871							#	   2.03	  31.87	
    598	  12.29	   0.18	  0.013	0.99865							#	   2.07	  31.87	
    599	  12.42	   0.21	  0.016	0.99874							#	   1.88	  32.27	
    600	  12.24	   0.11	  0.016	0.99873							#	   1.91	  31.92	
    601	  12.18	  -0.04	  0.012	0.99878							#	   1.91	  32.07	
    602	  12.08	  -0.08	  0.015	0.99880							#	   1.91	  31.97	
    603	  12.23	   0.04	  0.012	0.99898							#	   1.97	  33.74	
    604	  12.21	   0.07	  0.012	0.99878							#	   1.85	  32.47	
    605	  12.11	  -0.07	  0.013	0.99881							#	   1.91	  30.56	
    606	  12.12	  -0.05	  0.013	0.99880							#	   2.03	  30.91	
    607	  12.07	  -0.09	  0.013	0.99875							#	   1.99	  30.40	
    608	  12.14	  -0.22	  0.012	0.99871							#	   2.08	  30.86	
    609	  12.04	  -0.33	  0.011	0.99876							#	   1.84	  30.51	
    610	  11.97	  -0.21	  0.014	0.99880							#	   1.88	  30.15	
    611	  12.01	  -0.05	  0.012	0.99880							#	   2.01	  30.61	
    612	  12.24	   0.03	  0.015	0.99888							#	   2.05	  31.92	
    613	  12.11	   0.02	  0.014	0.99884							#	   1.94	  32.02	
    614	  12.08	   0.11	  0.014	0.99889							#	   1.83	  32.58	
    615	  12.23	   0.25	  0.014	0.99882							#	   1.97	  31.92	
    616	  12.38	   0.24	  0.017	0.99896							#	   2.15	  31.82	
    617	  12.29	   0.22	  0.013	0.99887							#	   1.96	  31.87	
    618	  12.47	   0.32	  0.014	0.99881							#	   2.01	  32.27	
    619	  12.47	   0.40	  0.015	0.99881							#	   1.95	  31.31	
    620	  12.48	   0.40	  0.015	0.99879							#	   2.04	  29.90	
    621	  12.96	  -0.16	  0.009	1.00029							#	   2.30	  31.11	
    622	  13.32	  -0.07	  0.013	1.00030							#	   2.02	  29.24	
    623	  13.57	  -0.14	  0.013	1.00022							#	   2.16	  29.95	
    624	  13.74	  -0.16	  0.010	1.00021							#	   2.29	  31.01	
    625	  13.89	  -0.36	  0.009	1.00019							#	   2.18	  31.46	
    626	  14.00	  -0.33	  0.010	1.00019							#	   2.20	  30.05	
    627	  14.17	  -0.29	  0.013	1.00015							#	   2.32	  29.44	
    628	  14.04	  -0.66	  0.015	1.00018							#	   2.22	  29.85	
    629	  13.94	  -0.87	  0.013	1.00035							#	   2.16	  30.81	
    630	  13.88	  -0.68	  0.013	1.00026							#	   2.07	  31.16	
    631	  13.86	  -0.39	  0.012	1.00014							#	   2.11	  29.49	
    632	  13.82	  -0.20	  0.011	1.00010							#	   2.18	  29.19	
    633	  13.76	  -0.19	  0.011	1.00003							#	   1.99	  31.01	
    634	  13.61	  -0.04	  0.008	0.99997							#	   1.83	  30.51	
    635	  13.78	  -0.11	  0.008	1.00002							#	   1.95	  30.45	
    636	  13.61	   0.07	  0.012	0.99990							#	   2.07	  29.39	
    637	  13.66	  -0.02	  0.007	0.99989							#	   2.00	  30.25	
    638	  13.46	   0.01	  0.011	0.99995							#	   1.80	  31.26	
    639	  13.56	   0.14	  0.009	0.99987							#	   1.77	  29.19	
    640	  13.74	   0.20	  0.008	0.99996							#	   1.97	  27.98	
    641	  13.81	   0.33	  0.014	0.99990							#	   2.11	  28.64	
    642	  13.76	   0.24	  0.010	0.99998							#	   1.80	  29.39	
    643	  13.78	   0.17	  0.014	0.99989							#	   1.79	  29.24	
    644	  13.88	   0.36	  0.006	0.99978							#	   1.89	  28.43	
    645	  13.90	   0.25	  0.008	0.99983							#	   2.19	  28.08	
    646	  13.68	   0.13	  0.009	0.99965							#	   1.75	  29.55	
    647	  13.58	   0.17	  0.007	0.99989							#	   1.81	  30.76	
    648	  13.48	   0.08	  0.004	0.99983							#	   1.72	  30.76	
    649	  13.58	  -0.04	  0.006	0.99976							#	   1.83	  30.61	
    650	  13.42	  -0.06	  0.008	0.99973							#	   1.83	  31.36	
    651	  13.20	   0.15	  0.006	0.99978							#	   1.86	  29.09	
    652	  13.47	   0.39	  0.005	0.99979							#	   1.88	  29.39	
    653	  13.55	   0.38	  0.007	0.99982							#	   1.86	  28.69	
    654	  13.44	   0.31	  0.009	0.99983							#	   1.89	  28.94	
    655	  13.17	   0.34	  0.007	0.99958							#	   1.87	  30.81	
    656	  13.35	   0.42	  0.011	0.99929							#	   1.93	  28.69	
    657	  13.06	   0.33	  0.007	0.99971							#	   1.73	  28.84	
    658	  13.11	   0.21	  0.006	0.99957							#	   1.72	  28.89	
    659	  13.24	   0.29	  0.005	0.99970							#	   1.80	  30.15	
    660	  13.64	   0.36	  0.006	0.99967							#	   2.01	  27.53	
    661	  13.76	   0.63	  0.010	0.99955							#	   1.81	  27.98	
    662	  13.64	   0.40	  0.003	0.99954							#	   1.81	  28.59	
    663	  13.50	   0.38	  0.002	0.99948							#	   1.68	  27.32	
    664	  14.20	   0.21	  0.000	0.99929							#	   2.02	  29.80	
    665	  14.09	   0.25	  0.007	0.99988							#	   1.72	  27.37	
    666	  14.02	   0.54	  0.005	0.99937							#	   1.87	  29.44	
    667	  14.02	   0.39	  0.002	0.99962							#	   1.74	  26.87	
    668	  14.14	   0.24	  0.007	0.99944							#	   1.85	  29.19	
    669	  14.10	   0.31	 -0.004	0.99944							#	   1.97	  28.89	
    670	  14.13	   0.48	  0.005	0.99934							#	   1.83	  28.94	
    671	  14.18	   0.20	  0.003	0.99953							#	   1.82	  27.02	
    672	  13.89	   0.26	  0.002	0.99951							#	   1.64	  27.93	
    673	  13.99	   0.40	 -0.002	0.99950							#	   1.92	  26.06	
    674	  14.19	   0.53	  0.003	0.99922							#	   1.79	  28.84	
    675	  14.08	   0.44	  0.001	0.99988							#	   1.81	  25.76	
    676	  14.16	   0.79	  0.007	0.99903							#	   1.70	  29.04	
    677	  14.01	   0.83	  0.001	0.99952							#	   1.84	  25.96	
    678	  13.95	   1.05	  0.007	0.99947							#	   1.89	  28.33	
    679	  14.09	   0.91	 -0.001	0.99951							#	   1.72	  26.41	
    680	  13.73	   1.39	  0.012	0.99855							#	   1.74	  28.13	
    681	  13.50	   1.28	  0.009	0.99841							#	   1.73	  26.62	
    682	  14.01	   1.28	  0.007	0.99857							#	   1.94	  28.03	
    683	  13.66	   1.30	  0.012	0.99846							#	   1.69	  27.27	
    684	  13.67	   1.14	  0.007	0.99864							#	   1.57	  27.83	
    685	  13.88	   1.04	  0.005	0.99863							#	   1.74	  27.37	
    686	  14.08	   1.19	  0.011	0.99869							#	   1.75	  27.17	
    687	  13.79	   1.18	  0.004	0.99848							#	   1.76	  26.87	
    688	  13.78	   1.05	  0.011	0.99848							#	   1.60	  28.08	
    689	  13.78	   0.89	  0.008	0.99851							#	   1.76	  27.17	
    690	  13.67	   1.11	  0.011	0.99858							#	   1.67	  27.17	
    691	  13.60	   0.94	  0.005	0.99852							#	   1.72	  26.57	
    692	  13.70	   0.98	  0.007	0.99855							#	   1.70	  27.73	
    693	  13.32	   1.10	  0.004	0.99839							#	   1.67	  26.01	
    694	  13.26	   0.94	  0.004	0.99849							#	   1.68	  27.22	
    695	  13.29	   0.73	  0.003	0.99858							#	   1.67	  27.78	
    696	  13.48	   0.30	  0.000	0.99932							#	   1.60	  27.22	
    697	  13.35	   0.32	 -0.002	0.99955							#	   1.62	  26.11	
    698	  13.39	   0.77	  0.001	0.99934							#	   1.62	  26.92	
    699	  13.42	   0.68	 -0.003	0.99915							#	   1.67	  25.20	
    700	  13.65	   0.60	  0.003	0.99910							#	   1.71	  26.26	
    701	  13.41	   0.51	 -0.003	0.99929							#	   1.66	  24.60	
    702	  13.41	   1.32	  0.002	0.99841							#	   1.82	  26.46	
    703	  13.55	   1.23	  0.005	0.99836							#	   1.72	  24.75	
    704	  13.60	   0.83	  0.004	0.99852							#	   1.63	  28.13	
    705	  13.41	   0.49	  0.004	0.99874							#	   1.56	  27.93	
    706	  13.72	   0.12	  0.001	0.99992							#	   1.64	  27.68	
    707	  13.78	   0.19	 -0.004	0.99977							#	   1.69	  27.53	
    708	  13.87	   0.26	 -0.001	0.99967							#	   1.60	  27.27	
    709	  13.84	   0.10	  0.001	0.99988							#	   1.58	  28.03	
    710	  14.01	   0.05	 -0.000	0.99992							#	   1.68	  28.48	
    711	  13.94	   0.05	 -0.001	0.99985							#	   1.75	  27.58	
    712	  13.94	   0.01	 -0.003	0.99989							#	   1.65	  27.73	
    713	  13.86	  -0.03	 -0.001	0.99988							#	   1.60	  27.73	
    714	  14.02	  -0.07	 -0.005	0.99985							#	   1.65	  27.17	
    715	  14.26	   0.06	 -0.005	0.99968							#	   1.76	  26.46	
    716	  14.37	   0.23	 -0.009	0.99954							#	   1.88	  26.16	
    717	  14.47	   0.23	 -0.004	0.99952							#	   1.66	  26.41	
    718	  14.46	   0.14	  0.000	0.99939							#	   1.66	  26.31	
    719	  14.79	   0.00	 -0.001	0.99993							#	   1.74	  26.87	
    720	  14.74	   0.03	 -0.000	0.99991							#	   1.90	  24.39	
    721	  14.92	   0.17	  0.000	0.99985							#	   1.78	  25.30	
    722	  15.25	   0.18	 -0.003	0.99965							#	   1.70	  26.01	
    723	  15.10	   0.14	 -0.001	0.99965							#	   1.76	  25.51	
    724	  15.26	   0.28	 -0.004	0.99964							#	   1.95	  24.24	
    725	  15.24	   0.27	 -0.001	0.99992							#	   1.80	  25.15	
    726	  15.54	   0.33	 -0.003	1.00023							#	   1.73	  25.61	
    727	  15.88	   0.50	 -0.006	1.00017							#	   1.97	  24.85	
    728	  15.98	   0.61	 -0.005	1.00031							#	   1.96	  24.80	
    729	  15.74	   0.57	  0.001	1.00007							#	   1.81	  24.90	
    730	  15.64	   0.82	 -0.002	0.99960							#	   1.76	  23.84	
    731	  15.46	   0.83	 -0.003	0.99958							#	   1.81	  24.70	
    732	  15.22	   0.86	  0.000	0.99958							#	   1.86	  23.23	
    733	  14.98	   0.79	 -0.001	0.99948							#	   1.77	  23.64	
    734	  15.11	   0.55	 -0.004	0.99948							#	   1.85	  24.75	
    735	  15.18	   0.56	 -0.001	0.99985							#	   1.79	  26.01	
    736	  15.74	   0.61	 -0.005	0.99994							#	   1.90	  24.90	
    737	  15.57	   0.65	 -0.007	0.99994							#	   2.02	  25.61	
    738	  15.53	   0.50	  0.001	0.99975							#	   1.85	  25.15	
    739	  15.72	   0.33	 -0.009	0.99989							#	   1.81	  26.01	
    740	  16.14	   0.49	 -0.010	0.99971							#	   1.95	  24.49	
    741	  16.21	   0.56	 -0.010	0.99968							#	   2.11	  24.19	
    742	  16.24	   0.46	 -0.002	0.99960							#	   1.86	  26.01	
    743	  16.18	   0.47	 -0.009	0.99950							#	   1.85	  25.56	
    744	  16.27	   0.59	 -0.009	0.99954							#	   1.90	  24.65	
    745	  16.18	   0.71	 -0.006	0.99943							#	   2.10	  24.04	
    746	  16.23	   0.64	 -0.005	0.99940							#	   1.92	  25.91	
    747	  16.18	   0.48	 -0.010	0.99932							#	   1.79	  26.46	
    748	  16.32	   0.70	 -0.004	0.99967							#	   1.94	  24.34	
    749	  16.23	   0.61	 -0.009	0.99923							#	   2.13	  25.20	
    750	  16.29	   0.66	 -0.006	0.99926							#	   1.82	  26.16	
    751	  16.22	   0.29	 -0.010	0.99953							#	   1.76	  27.32	
    752	  16.17	   0.30	 -0.010	0.99950							#	   1.94	  26.52	
    753	  16.29	   0.48	 -0.008	0.99921							#	   2.07	  27.42	
    754	  16.57	   0.45	 -0.012	0.99934							#	   1.83	  26.67	
    755	  16.38	   0.46	 -0.009	0.99915							#	   1.89	  27.42	
    756	  16.29	   0.35	 -0.015	0.99935							#	   1.90	  27.32	
    757	  16.36	   0.60	 -0.010	0.99920							#	   2.08	  25.86	
    758	  16.34	   0.79	 -0.005	0.99913							#	   1.80	  26.67	
    759	  16.25	   0.79	 -0.007	0.99900							#	   1.81	  25.35	
    760	  15.93	   0.44	 -0.011	0.99910							#	   1.89	  26.46	
    761	  15.61	   0.34	 -0.008	0.99916							#	   1.75	  29.85	
    762	  15.81	   0.15	 -0.005	0.99939							#	   1.64	  28.79	
    763	  15.31	   0.15	 -0.010	0.99927							#	   1.61	  29.24	
    764	  15.32	   0.43	 -0.009	0.99914							#	   1.79	  26.82	
    765	  15.36	   0.70	 -0.007	0.99880							#	   1.76	  26.36	
    766	  15.23	   0.71	 -0.008	0.99865							#	   1.79	  26.77	
    767	  15.32	   1.00	 -0.005	0.99856							#	   1.93	  26.97	
    768	  15.36	   0.99	 -0.006	0.99864							#	   1.87	  25.10	
    769	  15.39	   0.79	 -0.008	0.99877							#	   1.86	  25.96	
    770	  15.22	   0.74	 -0.005	0.99861							#	   1.83	  27.78	
    771	  15.24	   0.83	 -0.006	0.99862							#	   1.91	  26.31	
    772	  15.61	   0.98	 -0.003	0.99868							#	   1.88	  26.77	
    773	  15.37	   1.10	 -0.004	0.99861							#	   1.87	  27.93	
    774	  15.39	   0.99	 -0.001	0.99889							#	   1.89	  27.17	
    775	  14.95	   1.01	 -0.004	0.99870							#	   1.80	  27.83	
    776	  14.90	   1.00	 -0.012	0.99859							#	   1.76	  27.58	
    777	  15.16	   1.08	 -0.006	0.99870							#	   1.77	  27.78	
    778	  14.70	   1.02	 -0.002	0.99849							#	   1.79	  28.18	
    779	  14.95	   0.61	 -0.007	0.99894							#	   1.78	  28.33	
    780	  14.89	   0.20	 -0.005	0.99891							#	   1.67	  27.32	
    781	  14.69	   0.30	 -0.011	0.99880							#	   1.58	  31.06	
    782	  14.99	   0.45	 -0.009	0.99898							#	   1.82	  28.28	
    783	  14.78	   0.87	 -0.009	0.99852							#	   1.79	  27.58	
    784	  14.53	   0.94	 -0.007	0.99842							#	   1.62	  26.41	
    785	  14.62	   0.87	 -0.007	0.99846							#	   1.59	  26.41	
    786	  14.58	   0.96	 -0.004	0.99835							#	   1.81	  26.52	
    787	  14.56	   0.95	 -0.008	0.99835							#	   1.78	  26.92	
    788	  14.40	   0.91	 -0.005	0.99825							#	   1.59	  26.57	
    789	  14.38	   0.85	 -0.005	0.99832							#	   1.53	  26.36	
    790	  14.48	   0.90	 -0.007	0.99821							#	   1.84	  26.06	
    791	  14.82	   1.02	 -0.006	0.99837							#	   1.74	  27.42	
    792	  14.76	   1.07	 -0.005	0.99830							#	   1.62	  25.71	
    793	  14.76	   1.03	 -0.004	0.99821							#	   1.66	  26.26	
    794	  15.00	   1.00	 -0.002	0.99813							#	   2.00	  25.45	
    795	  14.85	   0.83	 -0.002	0.99828							#	   1.59	  27.42	
    796	  14.85	   0.73	 -0.001	0.99839							#	   1.55	  28.69	
    797	  14.96	   0.48	 -0.008	0.99833							#	   1.72	  28.33	
    798	  15.20	   0.34	 -0.010	0.99829							#	   1.85	  28.54	
    799	  15.56	   0.22	 -0.015	0.99808							#	   1.75	  26.57	
    800	  15.77	   0.28	 -0.011	0.99808							#	   1.91	  27.47	
    801	  16.07	   0.03	 -0.019	0.99802							#	   2.05	  26.41	
    802	  16.55	   0.01	 -0.016	0.99793							#	   1.84	  25.00	
    803	  17.12	  -0.02	 -0.015	0.99782							#	   2.07	  24.29	
    804	  17.29	  -0.03	 -0.015	0.99770							#	   2.27	  22.78	
    805	  17.94	   0.05	 -0.011	0.99769							#	   1.90	  23.94	
    806	  18.12	  -0.09	 -0.016	0.99757							#	   2.04	  21.62	
    807	  18.39	  -0.16	 -0.025	0.99761							#	   2.38	  20.61	
    808	  18.53	   0.06	 -0.023	0.99762							#	   1.94	  21.46	
    809	  18.53	   0.16	 -0.021	0.99770							#	   1.95	  22.68	
    810	  18.30	  -0.08	 -0.029	0.99751							#	   2.14	  21.67	
    811	  18.73	   0.00	 -0.025	0.99769							#	   2.07	  22.27	
    812	  19.45	  -0.16	 -0.016	0.99997							#	   1.88	  24.44	
    813	  19.35	  -0.04	 -0.010	1.00012							#	   2.09	  25.86	
    814	  19.44	  -0.02	 -0.011	1.00005							#	   2.12	  25.91	
    815	  19.19	  -0.19	 -0.012	1.00041							#	   1.76	  26.21	
    816	  18.70	   0.03	 -0.005	1.00022							#	   1.86	  26.62	
    817	  18.99	   0.51	 -0.008	1.00025							#	   2.01	  26.16	
    818	  18.57	   0.62	 -0.004	0.99992							#	   1.74	  25.00	
    819	  18.66	   0.44	 -0.016	0.99991							#	   1.75	  24.09	
    820	  19.28	   0.19	 -0.007	0.99999							#	   2.05	  26.87	
    821	  19.11	   0.33	 -0.011	0.99999							#	   1.89	  26.21	
    822	  18.88	   0.30	 -0.007	0.99971							#	   1.81	  24.49	
    823	  18.77	   0.06	 -0.009	0.99978							#	   1.94	  26.67	
    824	  18.64	   0.04	 -0.008	0.99991							#	   2.02	  27.12	
    825	  18.97	   0.05	 -0.010	0.99976							#	   1.82	  27.83	
    826	  18.83	   0.09	 -0.010	0.99975							#	   1.90	  27.73	
    827	  18.91	  -0.05	 -0.009	0.99979							#	   2.04	  27.47	
    828	  18.94	  -0.07	 -0.009	0.99990							#	   1.82	  28.54	
    829	  18.83	  -0.05	 -0.011	0.99968							#	   1.84	  26.87	
    830	  18.83	  -0.05	 -0.006	0.99967							#	   1.91	  27.88	
    831	  18.72	  -0.09	 -0.009	0.99975							#	   1.89	  27.58	
    832	  18.70	  -0.14	 -0.009	0.99960							#	   1.85	  26.52	
    833	  18.57	  -0.30	 -0.007	0.99958							#	   1.84	  26.72	
    834	  18.40	  -0.30	 -0.009	0.99958							#	   1.87	  25.81	
    835	  18.34	  -0.20	 -0.006	0.99959							#	   1.94	  26.46	
    836	  18.44	  -0.08	 -0.007	0.99959							#	   1.81	  27.27	
    837	  18.53	  -0.12	 -0.012	0.99969							#	   1.87	  25.66	
    838	  18.52	   0.07	 -0.006	0.99959							#	   2.09	  26.72	
    839	  18.45	   0.07	 -0.003	0.99950							#	   1.70	  27.78	
    840	  18.65	   0.01	 -0.007	0.99936							#	   1.66	  22.93	
    841	  18.44	  -0.16	 -0.006	0.99935							#	   1.88	  26.11	
    842	  18.32	  -0.07	 -0.004	0.99946							#	   1.74	  26.62	
    843	  18.23	   0.29	 -0.005	0.99926							#	   1.62	  26.62	
    844	  18.31	   0.21	 -0.001	0.99929							#	   1.86	  27.12	
    845	  17.92	   0.29	  0.002	0.99940							#	   1.77	  25.91	
    846	  17.57	   0.55	 -0.001	0.99911							#	   1.57	  24.24	
    847	  17.16	   0.61	 -0.005	0.99912							#	   1.63	  26.26	
    848	  16.84	   0.53	 -0.005	0.99907							#	   1.65	  26.16	
    849	  16.62	   0.59	 -0.004	0.99908							#	   1.59	  25.25	
    850	  16.61	   0.93	  0.001	0.99919							#	   1.47	  25.86	
    851	  16.79	   1.27	  0.000	0.99910							#	   1.66	  26.77	
    852	  16.72	   1.32	  0.002	0.99904							#	   1.72	  26.41	
    853	  16.56	   1.39	  0.001	0.99914							#	   1.65	  26.52	
    854	  16.33	   1.33	  0.001	0.99898							#	   1.63	  27.37	
    855	  16.06	   1.18	 -0.001	0.99887							#	   1.60	  28.38	
    856	  15.87	   0.95	 -0.005	0.99889							#	   1.60	  28.89	
    857	  15.85	   1.02	  0.000	0.99894							#	   1.58	  28.03	
    858	  15.82	   1.39	  0.000	0.99913							#	   1.54	  26.01	
    859	  15.56	   1.60	 -0.006	0.99903							#	   1.53	  25.81	
    860	  15.59	   1.65	 -0.003	0.99907							#	   1.74	  25.76	
    861	  15.40	   1.56	 -0.005	0.99904							#	   1.53	  26.41	
    862	  15.22	   1.53	 -0.001	0.99877							#	   1.58	  30.10	
    863	  14.99	   1.45	 -0.000	0.99875							#	   1.44	  31.31	
    864	  14.85	   1.20	 -0.003	0.99867							#	   1.52	  31.06	
    865	  14.95	   0.89	 -0.007	0.99864							#	   1.48	  29.19	
    866	  15.13	   0.82	 -0.008	0.99873							#	   1.44	  30.00	
    867	  15.12	   1.03	 -0.008	0.99894							#	   1.42	  28.43	
    868	  15.15	   1.37	 -0.008	0.99891							#	   1.53	  29.24	
    869	  15.08	   1.52	 -0.003	0.99864							#	   1.52	  30.05	
    870	  15.45	   1.16	 -0.012	0.99878							#	   1.62	  27.93	
    871	  15.45	   1.11	 -0.012	0.99869							#	   1.49	  28.79	
    872	  15.25	   0.92	 -0.011	0.99858							#	   1.59	  27.98	
    873	  15.26	   0.58	 -0.011	0.99860							#	   1.46	  27.58	
    874	  15.30	   0.56	 -0.005	0.99864							#	   1.51	  29.44	
    875	  15.37	   0.20	 -0.008	0.99868							#	   1.46	  27.78	
    876	  15.44	   0.03	 -0.010	0.99879							#	   1.61	  28.74	
    877	  15.48	  -0.22	 -0.023	0.99890							#	   1.46	  28.48	
    878	  15.58	  -0.17	 -0.011	0.99884							#	   1.58	  30.56	
    879	  15.68	  -0.41	 -0.014	0.99890							#	   1.58	  28.48	
    880	  15.13	  -0.44	 -0.015	0.99864							#	   1.59	  27.53	
    881	  15.30	  -0.48	 -0.006	0.99884							#	   1.47	  27.98	
    882	  15.23	  -0.52	 -0.012	0.99879							#	   1.54	  27.22	
    883	  15.21	  -0.65	 -0.019	0.99892							#	   1.63	  25.30	
    884	  15.02	  -0.61	 -0.012	0.99868							#	   1.54	  25.20	
    885	  15.51	  -0.67	 -0.013	0.99865							#	   1.52	  24.65	
    886	  15.74	  -0.80	 -0.025	0.99861							#	   1.74	  23.79	
    887	  15.97	  -0.65	 -0.020	0.99841							#	   1.68	  25.45	
    888	  16.13	  -1.18	 -0.022	0.99842							#	   1.62	  26.52	
    889	  16.49	  -1.26	 -0.023	0.99849							#	   1.72	  24.60	
    890	  16.99	  -1.60	 -0.026	0.99883							#	   1.88	  24.29	
    891	  17.35	  -1.41	 -0.020	0.99851							#	   1.73	  25.45	
    892	  17.26	  -1.54	 -0.031	0.99848							#	   1.75	  25.81	
    893	  17.58	  -1.21	 -0.007	0.99832							#	   1.96	  26.67	
    894	  17.24	  -1.57	 -0.025	0.99837							#	   1.70	  25.76	
    895	  17.67	  -1.41	 -0.014	0.99850							#	   1.77	  26.87	
    896	  17.87	  -1.23	 -0.006	0.99825							#	   1.92	  24.14	
    897	  18.17	  -1.85	 -0.032	0.99801							#	   1.96	  24.04	
    898	  19.21	  -1.72	 -0.019	0.99852							#	   1.89	  25.76	
    899	  18.75	  -1.86	 -0.027	0.99776							#	   2.06	  22.37	
    900	  19.11	  -1.86	 -0.035	0.99776							#	   2.07	  19.85	
    901	  19.76	  -1.91	 -0.034	0.99785							#	   1.99	  23.99	
    902	  20.19	  -1.90	 -0.030	0.99849							#	   2.12	  20.81	
    903	  19.63	  -1.89	 -0.025	0.99742							#	   2.08	  21.26	
    904	  21.19	  -1.97	 -0.027	0.99879							#	   2.09	  18.89	
    905	  20.16	  -2.06	 -0.019	0.99757							#	   2.23	  18.33	
    906	  20.63	  -2.10	 -0.024	0.99880							#	   2.10	  21.21	
    907	  20.63	  -1.90	 -0.004	0.99770							#	   2.10	  18.48	
    908	  21.02	  -2.21	 -0.019	0.99815							#	   2.28	  20.05	
    909	  20.73	  -2.67	 -0.014	0.99773							#	   2.06	  18.94	
    910	  20.64	  -2.97	 -0.003	0.99788							#	   2.19	  20.61	
    911	  20.49	  -3.23	  0.003	0.99780							#	   2.19	  18.69	
    912	  20.32	  -4.27	 -0.025	0.99830							#	   2.12	  19.34	
    913	  19.83	  -4.29	 -0.012	0.99792							#	   2.08	  19.44	
    914	  20.02	  -4.79	 -0.022	0.99869							#	   2.20	  18.94	
    915	  19.64	  -4.33	 -0.012	0.99824							#	   2.05	  18.23	
    916	  19.34	  -3.99	 -0.012	0.99824							#	   2.02	  18.54	
    917	  18.90	  -3.84	 -0.007	0.99839							#	   1.95	  21.01	
    918	  18.48	  -3.78	 -0.010	0.99814							#	   1.85	  19.55	
    919	  17.81	  -3.83	 -0.012	0.99800							#	   1.83	  18.94	
    920	  17.74	  -3.85	 -0.013	0.99839							#	   1.80	  20.96	
    921	  18.95	  -3.90	 -0.017	0.99849							#	   2.04	  20.66	
    922	  20.18	  -3.83	 -0.016	0.99831							#	   2.29	  18.48	
    923	  21.14	  -3.68	 -0.003	0.99811							#	   2.22	  18.23	
    924	  21.35	  -3.44	 -0.004	0.99811							#	   2.16	  17.02	
    925	  21.34	  -3.84	 -0.007	0.99834							#	   2.45	  18.64	
    926	  21.46	  -4.02	  0.000	0.99790							#	   2.18	  16.67	
    927	  21.55	  -4.79	  0.001	0.99801							#	   2.48	  17.53	
    928	  19.21	  -5.15	  0.002	0.99854							#	   1.92	  20.86	
    929	  18.69	  -5.23	  0.009	0.99842							#	   2.01	  18.94	
    930	  19.10	  -5.32	  0.011	0.99870							#	   2.16	  20.25	
    931	  18.56	  -5.11	  0.013	0.99861							#	   1.89	  19.34	
    932	  17.15	  -4.91	  0.018	0.99857							#	   1.69	  20.45	
    933	  12.09	  -2.34	  0.022	0.99914							#	   0.83	  27.27	
    934	  11.64	  -1.95	  0.018	0.99915							#	   0.75	  26.92	
    935	  10.72	  -1.56	  0.015	0.99899							#	   0.61	  25.76	
    936	  11.57	  -1.80	  0.015	0.99916							#	   0.75	  24.19	
    937	  12.57	  -2.06	  0.009	0.99872							#	   0.99	  22.27	
    938	  13.40	  -2.31	  0.012	0.99886							#	   1.49	  21.11	
    939	  13.54	  -2.59	  0.010	0.99850							#	   1.43	  23.13	
    940	  14.41	  -2.90	  0.015	0.99920							#	   1.58	  23.08	
    941	  14.71	  -2.85	  0.014	0.99905							#	   1.66	  21.82	
    942	  15.47	  -2.44	  0.022	0.99860							#	   1.79	  22.47	
    943	  15.44	  -2.41	  0.019	0.99913							#	   1.56	  19.29	
    944	  15.48	  -2.17	  0.015	0.99923							#	   1.56	  18.89	
    945	  15.43	  -2.29	  0.011	1.00027							#	   1.71	  20.20	
    946	  15.24	  -2.37	  0.006	1.00036							#	   1.67	  19.85	
    947	  15.22	  -2.54	  0.007	1.00038							#	   1.62	  18.13	
    948	  15.20	  -2.68	  0.001	1.00092							#	   1.70	  19.14	
    949	  15.65	  -2.35	  0.003	1.00045							#	   1.68	  21.06	
    950	  16.14	  -2.37	  0.004	1.00042							#	   1.81	  18.99	
    951	  16.12	  -2.17	  0.001	1.00033							#	   1.61	  20.00	
    952	  16.28	  -2.13	 -0.005	1.00019							#	   1.78	  19.14	
    953	  16.60	  -1.76	 -0.002	1.00004							#	   1.67	  18.79	
    954	  16.99	  -1.56	  0.004	1.00036							#	   1.80	  17.47	
    955	  17.57	  -1.41	 -0.002	1.00005							#	   1.99	  17.83	
    956	  17.79	  -1.26	  0.001	1.00005							#	   1.74	  17.78	
    957	  18.16	  -1.27	  0.002	1.00002							#	   1.95	  17.42	
    958	  18.91	  -1.09	  0.001	0.99981							#	   2.09	  17.22	
    959	  19.15	  -1.11	  0.005	0.99976							#	   1.86	  18.18	
    960	  19.27	  -1.37	  0.003	0.99996							#	   2.02	  15.96	
    961	  19.79	  -1.11	  0.002	0.99984							#	   2.19	  17.32	
    962	  19.80	  -1.18	 -0.003	0.99996							#	   1.85	  17.17	
    963	  20.28	  -0.94	 -0.004	0.99982							#	   2.11	  18.69	
    964	  20.20	  -0.81	 -0.002	0.99975							#	   2.27	  17.47	
    965	  20.20	  -0.92	 -0.003	0.99973							#	   1.81	  16.72	
    966	  19.91	  -0.91	 -0.000	0.99968							#	   2.00	  16.87	
    967	  20.00	  -0.80	 -0.001	0.99961							#	   2.12	  16.92	
    968	  20.13	  -0.78	 -0.005	0.99961							#	   1.77	  17.22	
    969	  20.07	  -0.69	 -0.003	0.99948							#	   2.09	  17.37	
    970	  20.17	  -0.51	  0.000	0.99940							#	   2.05	  16.92	
    971	  20.25	  -0.20	  0.005	0.99920							#	   1.95	  15.91	
    972	  20.21	  -0.12	 -0.002	0.99939							#	   2.21	  16.67	
    973	  20.31	   0.01	 -0.003	0.99933							#	   2.00	  18.38	
    974	  20.43	   0.01	  0.001	0.99930							#	   2.11	  17.53	
    975	  20.31	  -0.01	 -0.001	0.99936							#	   2.18	  17.22	
    976	  20.36	   0.13	 -0.001	0.99958							#	   2.03	  18.94	
    977	  20.61	   0.22	 -0.011	0.99957							#	   2.28	  18.03	
    978	  20.91	   0.30	 -0.002	0.99961							#	   2.06	  17.98	
    979	  20.98	   0.50	 -0.005	0.99926							#	   2.24	  17.27	
    980	  21.17	   0.68	  0.005	0.99935							#	   2.20	  17.12	
    981	  21.08	   0.73	 -0.003	0.99923							#	   2.18	  17.73	
    982	  21.15	   0.98	 -0.004	0.99935							#	   2.31	  17.68	
    983	  21.05	   0.83	  0.000	0.99972							#	   2.01	  18.28	
    984	  20.60	   0.91	 -0.005	0.99981							#	   2.16	  18.43	
    985	  20.74	   1.06	  0.002	0.99977							#	   2.12	  18.33	
    986	  20.23	   1.53	 -0.004	0.99902							#	   2.02	  16.92	
    987	  20.18	   1.70	 -0.002	0.99871							#	   2.24	  16.26	
    988	  20.24	   1.77	  0.005	0.99944							#	   1.93	  19.09	
    989	  20.20	   2.04	  0.011	0.99954							#	   2.05	  18.59	
    990	  19.97	   2.23	  0.012	0.99954							#	   2.10	  18.38	
    991	  19.37	   2.41	  0.008	0.99933							#	   1.96	  17.83	
    992	  19.23	   2.55	  0.013	0.99927							#	   1.93	  16.92	
    993	  19.25	   2.68	  0.015	0.99919							#	   2.05	  17.63	
    994	  19.31	   3.05	  0.019	0.99932							#	   2.10	  18.89	
    995	  19.26	   3.15	  0.019	0.99914							#	   2.03	  18.79	
    996	  19.22	   3.43	  0.023	0.99912							#	   2.03	  19.85	
    997	  18.51	   3.66	  0.024	0.99897							#	   2.09	  17.63	
    998	  18.57	   3.69	  0.027	0.99906							#	   1.97	  17.93	
    999	  18.45	   3.58	  0.014	0.99902							#	   1.94	  17.88	
   1000	  18.37	   3.67	  0.018	0.99891							#	   2.09	  20.00	
   1001	  18.29	   3.50	  0.018	0.99905							#	   1.87	  21.72	
   1002	  18.34	   3.55	  0.017	0.99913							#	   2.02	  18.08	
   1003	  18.11	   3.47	  0.014	0.99928							#	   2.00	  21.52	
   1004	  18.13	   3.52	  0.017	0.99959							#	   2.01	  19.80	
   1005	  18.01	   3.64	  0.018	0.99959							#	   1.96	  18.89	
   1006	  17.34	   3.75	  0.012	0.99904							#	   1.94	  18.59	
   1007	  17.53	   3.97	  0.017	0.99905							#	   1.96	  19.49	
   1008	  17.26	   4.16	  0.017	0.99917							#	   1.89	  19.49	
   1009	  16.51	   4.36	  0.016	0.99911							#	   1.96	  21.82	
   1010	  16.19	   4.32	  0.014	0.99917							#	   1.75	  23.23	
   1011	  16.13	   4.34	  0.013	0.99912							#	   1.76	  22.83	
   1012	  16.23	   4.62	  0.015	0.99927							#	   1.90	  21.52	
   1013	  16.34	   4.97	  0.015	0.99932							#	   2.04	  19.95	
   1014	  15.88	   5.34	  0.012	0.99936							#	   1.77	  21.11	
   1015	  15.66	   5.47	  0.007	0.99953							#	   1.86	  21.82	
   1016	  15.40	   6.31	  0.009	0.99924							#	   2.04	  23.38	
   1017	  16.81	   7.14	  0.010	0.99943							#	   2.20	  22.27	
   1018	  16.23	   7.46	  0.002	0.99908							#	   1.96	  23.08	
   1019	  15.73	   8.09	  0.011	0.99905							#	   2.10	  23.33	
   1020	  16.26	   8.28	  0.012	0.99935							#	   2.27	  19.85	
   1021	  15.96	   8.28	  0.007	0.99901							#	   1.96	  25.10	
   1022	  15.95	   8.54	  0.010	0.99902							#	   1.96	  23.84	
   1023	  15.50	   8.46	  0.007	0.99907							#	   2.00	  23.64	
   1024	  13.05	   8.27	  0.016	0.99956							#	   1.62	  25.51	
   1025	  12.94	   8.40	  0.014	0.99960							#	   1.60	  28.08	
   1026	  10.06	   7.81	  0.012	0.99962							#	   1.13	  30.45	
   1027	  10.04	   7.85	  0.015	0.99973							#	   1.15	  31.72	
   1028	  10.13	   8.00	  0.014	0.99965							#	   1.21	  31.72	
   1029	  10.35	   7.70	  0.013	0.99976							#	   1.37	  29.70	
   1030	  10.63	   7.47	  0.012	0.99989							#	   1.40	  28.33	
   1031	  10.65	   7.14	  0.014	0.99986							#	   1.48	  29.19	
   1032	  10.07	   7.08	  0.016	0.99966							#	   1.35	  30.00	
   1033	   9.75	   7.13	  0.015	0.99975							#	   1.32	  31.87	
   1034	   9.68	   7.01	  0.014	0.99968							#	   1.35	  30.51	
   1035	   9.80	   6.70	  0.016	0.99966							#	   1.35	  33.28	
   1036	   9.41	   6.48	  0.013	0.99967							#	   1.40	  30.86	
   1037	   9.29	   6.37	  0.012	0.99958							#	   1.40	  32.83	
   1038	   9.11	   6.42	  0.011	0.99958							#	   1.28	  32.83	
   1039	   9.35	   6.54	  0.011	0.99938							#	   1.53	  30.56	
   1040	   9.24	   6.40	  0.010	0.99949							#	   1.33	  31.67	
   1041	   8.89	   6.46	  0.008	0.99944							#	   1.74	  32.93	
   1042	   8.74	   6.23	  0.009	0.99960							#	   1.75	  31.67	
   1043	   8.70	   6.11	  0.009	0.99952							#	   1.63	  32.42	
   1044	   8.32	   6.07	  0.006	0.99943							#	   2.09	  32.02	
   1045	   8.24	   5.87	  0.006	0.99939							#	   1.51	  32.73	
   1046	   8.07	   5.74	  0.008	0.99937							#	   1.56	  33.79	
   1047	   8.03	   5.59	  0.004	0.99937							#	   1.49	  33.08	
   1048	   7.73	   5.35	  0.005	0.99959							#	   1.04	  34.55	
   1049	   7.71	   5.24	  0.003	0.99963							#	   1.02	  34.55	
   1050	   7.67	   5.14	 -0.001	0.99961							#	   0.94	  32.83	
   1051	   7.67	   4.88	  0.004	1.00009							#	   0.92	  35.91	
   1052	   7.57	   4.94	  0.002	0.99994							#	   0.88	  37.12	
   1053	   7.47	   4.82	 -0.000	1.00038							#	   1.08	  35.76	
   1054	   7.66	   4.64	  0.002	1.00041							#	   1.05	  35.40	
   1055	   7.59	   4.64	  0.001	1.00034							#	   1.09	  38.13	
   1056	   7.88	   4.60	 -0.001	1.00031							#	   1.12	  36.31	
   1057	   7.99	   4.59	 -0.000	1.00032							#	   1.15	  38.28	
   1058	   7.76	   4.32	  0.001	1.00016							#	   1.10	  40.15	
   1059	   6.44	   4.50	 -0.004	0.99850							#	   0.88	  40.86	
   1060	   7.48	   4.01	  0.003	0.99911							#	   1.01	  34.49	
   1061	   8.72	   3.72	  0.001	1.00027							#	   1.21	  39.80	
   1062	   6.69	   3.68	 -0.003	0.99985							#	   0.77	  37.93	
   1063	   6.32	   3.60	 -0.002	0.99955							#	   0.77	  37.12	
   1064	   6.73	   3.40	 -0.004	0.99957							#	   0.84	  36.72	
   1065	   6.15	   3.34	 -0.001	0.99947							#	   0.75	  35.71	
   1066	   5.84	   3.07	 -0.002	0.99948							#	   0.65	  35.66	
   1067	   5.81	   2.87	 -0.000	0.99957							#	   0.73	  35.25	
   1068	   5.51	   2.72	 -0.002	0.99956							#	   0.65	  34.09	
   1069	   5.30	   2.64	 -0.003	0.99948							#	   0.67	  35.45	
   1070	   5.15	   2.57	 -0.000	0.99952							#	   0.64	  35.71	
   1071	   4.91	   2.48	 -0.001	0.99955							#	   0.61	  35.45	
   1072	   5.04	   2.51	 -0.001	0.99954							#	   0.70	  35.30	
   1073	   4.73	   2.40	 -0.001	0.99957							#	   0.68	  36.36	
   1074	   4.30	   2.34	 -0.001	0.99955							#	   0.64	  35.35	
   1075	   4.50	   2.18	 -0.004	0.99991							#	   0.61	  41.21	
   1076	   4.34	   2.20	 -0.004	0.99988							#	   0.57	  42.12	
   1077	   4.20	   2.13	 -0.004	0.99988							#	   0.51	  42.42	
   1078	   4.00	   2.23	 -0.005	0.99994							#	   0.49	  40.56	
   1079	   3.83	   2.23	 -0.006	0.99992							#	   0.43	  41.26	
   1080	   3.72	   2.34	 -0.004	1.00000							#	   0.46	  39.19	
   1081	   3.64	   2.36	 -0.004	0.99998							#	   0.45	  42.88	
   1082	   3.59	   2.45	 -0.006	1.00002							#	   0.44	  41.87	
   1083	   3.21	   2.49	 -0.006	1.00008							#	   0.41	  41.36	
   1084	   2.83	   2.36	 -0.004	1.00010							#	   0.34	  41.72	
   1085	   2.65	   2.32	 -0.005	1.00003							#	   0.32	  42.73	
   1086	   2.68	   2.29	 -0.005	1.00001							#	   0.32	  43.38	
   1087	   2.56	   2.23	 -0.002	1.00006							#	   0.30	  42.63	
   1088	   2.23	   2.07	 -0.003	0.99998							#	   0.26	  42.93	
   1089	   2.12	   2.08	 -0.004	1.00000							#	   0.25	  43.28	
   1090	   1.66	   1.94	 -0.003	0.99999							#	   0.22	  42.98	
   1091	   2.11	   1.84	 -0.006	0.99997							#	   0.24	  42.83	
   1092	   2.19	   1.76	 -0.004	1.00001							#	   0.25	  43.33	
   1093	   1.70	   1.67	 -0.004	0.99998							#	   0.21	  43.08	
   1094	   1.74	   1.40	 -0.001	1.00000							#	   0.20	  41.52	
   1095	   1.78	   1.40	 -0.002	0.99997							#	   0.23	  40.51	
   1096	   2.01	   1.14	 -0.003	1.00002							#	   0.23	  42.22	
   1097	   1.90	   1.19	 -0.002	1.00002							#	   0.21	  40.81	
   1098	   1.82	   1.17	 -0.001	0.99997							#	   0.20	  41.67	
   1099	   1.82	   1.07	  0.000	1.00000							#	   0.19	  41.87	
   1100	   1.86	   0.94	 -0.002	0.99994							#	   0.18	  42.83	
   1101	   1.96	   0.83	 -0.001	0.99997							#	   0.21	  42.02	
   1102	   1.76	   0.89	  0.000	0.99996							#	   0.24	  41.57	
   1103	   1.64	   0.83	 -0.001	0.99994							#	   0.22	  41.82	
   1104	   1.47	   0.83	 -0.001	0.99994							#	   0.23	  41.01	
   1105	   1.47	   0.80	 -0.000	0.99996							#	   0.24	  40.96	
   1106	   1.47	   0.85	  0.001	0.99994							#	   0.27	  41.21	
   1107	   1.59	   0.90	  0.001	0.99998							#	   0.27	  40.76	
   1108	   1.29	   0.88	  0.002	0.99999							#	   0.29	  40.51	
   1109	   1.22	   1.01	 -0.001	0.99997							#	   0.28	  40.20	
   1110	   1.39	   1.13	  0.000	0.99993							#	   0.24	  39.95	
   1111	   1.29	   1.37	 -0.001	0.99992							#	   0.28	  40.81	
   1112	   1.09	   1.56	 -0.000	0.99997							#	   0.29	  39.24	
   1113	   1.28	   1.91	  0.001	0.99999							#	   0.36	  41.31	
   1114	   1.09	   2.12	  0.003	1.00002							#	   0.36	  40.25	
   1115	   1.01	   2.51	 -0.001	0.99999							#	   0.42	  37.27	
   1116	   1.09	   2.85	  0.002	0.99996							#	   0.47	  41.06	
   1117	   1.33	   3.04	  0.001	1.00002							#	   0.56	  40.45	
   1118	   1.13	   3.13	  0.001	0.99999							#	   0.57	  40.81	
   1119	   0.73	   3.43	  0.004	1.00003							#	   0.59	  39.55	
   1120	   1.00	   3.48	  0.001	1.00001							#	   0.61	  38.43	
   1121	   0.92	   3.61	  0.001	1.00001							#	   0.71	  39.49	
   1122	   0.95	   3.56	  0.000	1.00002							#	   0.71	  39.60	
   1123	   0.68	   3.55	  0.004	1.00003							#	   0.71	  40.61	
   1124	   0.12	   3.24	  0.001	0.99998							#	   0.78	  40.66	
   1125	   0.23	   3.19	  0.001	1.00002							#	   0.61	  41.57	
   1126	   0.41	   3.05	  0.004	1.00007							#	   0.57	  40.15	
   1127	   0.01	   2.93	 -0.000	1.00001							#	   0.61	  42.73	
   1128	  -0.23	   2.81	  0.003	1.00003							#	   0.55	  41.36	
   1129	  -0.22	   2.71	  0.003	1.00005							#	   0.52	  40.56	
   1130	  -0.16	   2.59	  0.002	1.00007							#	   0.54	  40.86	
   1131	  -0.24	   2.47	  0.002	1.00001							#	   0.51	  40.71	
   1132	  -0.09	   2.48	  0.004	1.00007							#	   0.52	  40.86	
   1133	  -0.01	   2.31	  0.002	1.00001							#	   0.61	  42.27	
   1134	   0.16	   2.10	  0.004	1.00001							#	   0.54	  41.57	
   1135	   0.01	   2.08	  0.003	1.00002							#	   0.58	  43.54	
   1136	  -0.28	   2.05	  0.007	0.99999							#	   0.59	  43.64	
   1137	  -0.17	   1.99	  0.004	1.00003							#	   0.54	  44.19	
   1138	   0.05	   1.94	  0.003	1.00002							#	   0.48	  44.80	
   1139	   0.10	   1.88	  0.004	1.00010							#	   0.55	  45.10	
   1140	   0.13	   1.88	  0.003	1.00001							#	   0.54	  40.56	
   1141	  -0.18	   1.79	  0.005	1.00004							#	   0.48	  45.10	
   1142	  -0.20	   1.73	  0.006	1.00001							#	   0.42	  44.49	
   1143	   0.11	   1.55	  0.001	1.00001							#	   0.36	  44.49	
   1144	   0.18	   1.46	  0.001	1.00004							#	   0.37	  44.95	
   1145	   0.10	   1.41	  0.004	1.00006							#	   0.36	  44.55	
   1146	   0.01	   1.29	  0.005	1.00003							#	   0.39	  45.05	
   1147	   0.40	   1.20	  0.004	1.00007							#	   0.37	  44.60	
   1148	   0.37	   1.07	  0.003	1.00004							#	   0.30	  44.75	
   1149	   0.18	   0.94	  0.002	0.99997							#	   0.32	  45.71	
   1150	   0.07	   0.87	  0.003	0.99996							#	   0.31	  45.30	
   1151	   0.50	   0.81	  0.003	1.00003							#	   0.29	  45.20	
   1152	   0.67	   0.82	  0.003	0.99997							#	   0.34	  45.20	
   1153	   0.68	   0.82	  0.003	1.00005							#	   0.31	  45.71	
   1154	   0.33	   0.74	  0.002	0.99997							#	   0.27	  43.94	
   1155	   0.54	   0.76	  0.004	0.99997							#	   0.25	  44.34	
   1156	   0.79	   0.76	  0.006	1.00008							#	   0.24	  44.95	
   1157	   0.37	   0.70	  0.003	0.99995							#	   0.18	  44.55	
   1158	   0.63	   0.70	  0.002	1.00002							#	   0.17	  45.30	
   1159	   0.70	   0.60	  0.009	0.99998							#	   0.19	  44.14	
   1160	   0.44	   0.45	  0.003	1.00001							#	   0.18	  43.38	
   1161	   0.37	   0.26	  0.002	1.00003							#	   0.17	  44.70	
   1162	   0.48	   0.18	  0.003	1.00002							#	   0.16	  44.55	
   1163	   0.17	   0.13	  0.001	1.00002							#	   0.16	  45.00	
   1164	   0.19	   0.18	  0.002	1.00004							#	   0.17	  45.10	
   1165	   0.09	   0.18	  0.003	0.99998							#	   0.20	  45.45	
   1166	   0.12	   0.07	  0.002	0.99998							#	   0.23	  45.91	
   1167	   0.01	   0.10	  0.001	0.99999							#	   0.25	  45.71	
   1168	  -0.18	   0.07	  0.003	0.99997							#	   0.30	  45.66	
   1169	  -0.13	   0.05	  0.002	0.99999							#	   0.32	  47.07	
   1170	   0.03	  -0.04	  0.001	0.99998							#	   0.40	  46.67	
   1171	   0.21	  -0.15	  0.001	0.99999							#	   0.47	  45.25	
   1172	   0.16	  -0.16	  0.001	1.00001							#	   0.55	  45.40	
   1173	   0.20	  -0.24	  0.003	0.99999							#	   0.63	  44.14	
   1174	   0.37	  -0.22	  0.002	1.00005							#	   0.60	  44.55	
   1175	   0.74	  -0.34	  0.003	1.00000							#	   0.70	  43.13	
   1176	   0.33	  -0.35	  0.003	0.99997							#	   0.60	  41.87	
   1177	   0.00	  -0.60	  0.004	0.99997							#	   0.76	  41.46	
   1178	   0.29	  -0.74	  0.002	0.99995							#	   0.91	  43.33	
   1179	   0.44	  -0.87	  0.002	1.00005							#	   0.75	  42.83	
   1180	   0.29	  -1.04	  0.000	0.99999							#	   0.88	  41.97	
   1181	   0.48	  -1.07	 -0.002	0.99995							#	   1.17	  43.03	
   1182	   0.15	  -1.07	  0.001	1.00000							#	   0.79	  43.13	
   1183	   0.02	  -0.84	  0.001	0.99997							#	   0.96	  43.84	
   1184	   0.39	  -0.55	 -0.001	0.99999							#	   1.10	  42.93	
   1185	   0.27	  -0.47	  0.001	0.99993							#	   1.08	  42.98	
   1186	   0.50	  -0.47	  0.001	1.00004							#	   1.16	  42.73	
   1187	  -0.02	  -0.79	 -0.000	0.99999							#	   1.15	  43.18	
