      1	  -0.34	  -0.53	 -0.002	0.99999							#	   0.01	  66.62	
      2	  -0.48	  -0.61	 -0.003	0.99997							#	   0.05	  66.36	
      3	  -0.27	  -0.55	 -0.002	1.00000							#	   0.05	  66.36	
      4	  -0.28	  -0.55	 -0.001	0.99997							#	   0.06	  65.86	
      5	  -0.51	  -0.55	 -0.004	0.99998							#	   0.05	  65.71	
      6	  -0.28	  -0.58	 -0.002	0.99997							#	   0.05	  66.26	
      7	  -0.32	  -0.57	 -0.001	1.00001							#	   0.05	  66.06	
      8	  -0.20	  -0.52	 -0.002	0.99998							#	   0.05	  65.51	
      9	  -0.26	  -0.62	 -0.003	0.99996							#	   0.06	  65.76	
     10	  -0.40	  -0.60	  0.000	0.99997							#	   0.05	  65.76	
     11	  -0.37	  -0.56	 -0.001	0.99995							#	   0.05	  65.81	
     12	  -0.25	  -0.57	 -0.001	0.99995							#	   0.05	  66.11	
     13	  -0.32	  -0.60	  0.000	0.99995							#	   0.05	  65.96	
     14	  -0.14	  -0.59	 -0.000	0.99997							#	   0.05	  65.61	
     15	   0.00	  -0.55	  0.001	0.99996							#	   0.05	  65.96	
     16	  -0.05	  -0.60	  0.002	0.99998							#	   0.05	  65.81	
     17	  -0.18	  -0.64	  0.001	0.99999							#	   0.06	  65.91	
     18	  -0.02	  -0.73	 -0.001	0.99994							#	   0.06	  66.62	
     19	  -0.04	  -0.65	  0.000	0.99995							#	   0.05	  66.36	
     20	  -0.08	  -0.67	 -0.001	0.99997							#	   0.05	  66.26	
     21	   0.06	  -0.71	 -0.000	0.99997							#	   0.05	  66.52	
     22	   0.05	  -0.69	  0.000	0.99997							#	   0.05	  66.41	
     23	   0.08	  -0.73	 -0.001	0.99995							#	   0.06	  66.52	
     24	   0.01	  -0.76	 -0.000	0.99997							#	   0.06	  66.46	
     25	   0.18	  -0.70	 -0.000	0.99998							#	   0.05	  66.62	
     26	   0.19	  -0.61	 -0.000	0.99996							#	   0.05	  66.26	
     27	   0.06	  -0.64	  0.001	0.99995							#	   0.04	  66.57	
     28	   0.25	  -0.47	  0.001	1.00001							#	   0.05	  64.75	
     29	   0.31	  -0.49	  0.000	1.00002							#	   0.04	  66.06	
     30	   0.33	  -0.28	 -0.001	1.00002							#	   0.04	  66.67	
     31	   0.35	  -0.45	  0.002	1.00006							#	   0.06	  65.10	
     32	   0.34	  -0.28	 -0.001	1.00001							#	   0.03	  66.26	
     33	   0.36	  -0.42	 -0.001	1.00003							#	   0.04	  65.96	
     34	   0.56	  -0.27	 -0.001	1.00007							#	   0.04	  66.41	
     35	   0.36	  -0.10	  0.001	1.00001							#	   0.08	  64.90	
     36	   0.38	  -0.21	 -0.001	1.00002							#	   0.03	  66.62	
     37	   0.58	  -0.18	  0.001	1.00004							#	   0.03	  66.36	
     38	   0.52	  -0.13	 -0.001	1.00004							#	   0.03	  66.46	
     39	   0.56	  -0.21	  0.000	1.00003							#	   0.04	  66.36	
     40	   0.52	  -0.18	 -0.000	1.00001							#	   0.04	  66.21	
     41	   0.28	  -0.18	 -0.002	1.00000							#	   0.04	  66.77	
     42	   0.65	  -0.16	 -0.003	1.00003							#	   0.04	  66.36	
     43	   0.67	  -0.19	  0.000	1.00003							#	   0.04	  66.67	
     44	   0.64	  -0.11	 -0.002	0.99998							#	   0.04	  66.72	
     45	   0.45	  -0.11	 -0.002	1.00000							#	   0.03	  66.52	
     46	   0.58	  -0.16	 -0.001	1.00003							#	   0.04	  66.52	
     47	   0.46	  -0.12	 -0.003	0.99998							#	   0.04	  66.57	
     48	   0.44	  -0.07	 -0.002	1.00002							#	   0.03	  66.92	
     49	   0.39	  -0.17	 -0.002	1.00002							#	   0.03	  66.41	
     50	   0.61	  -0.16	 -0.003	1.00002							#	   0.04	  66.52	
     51	   0.52	  -0.18	 -0.002	1.00003							#	   0.04	  66.41	
     52	   0.39	  -0.25	 -0.004	1.00001							#	   0.04	  66.46	
     53	   0.45	  -0.34	 -0.005	0.99999							#	   0.04	  66.16	
     54	   0.26	  -0.43	 -0.006	1.00002							#	   0.04	  66.31	
     55	   0.37	  -0.38	 -0.003	1.00002							#	   0.04	  66.52	
     56	   0.30	  -0.41	 -0.006	0.99997							#	   0.04	  66.21	
     57	   0.22	  -0.45	 -0.003	0.99997							#	   0.04	  66.16	
     58	   0.13	  -0.50	 -0.004	1.00000							#	   0.04	  66.11	
     59	   0.15	  -0.51	 -0.003	0.99999							#	   0.04	  66.41	
     60	   0.13	  -0.52	 -0.004	0.99998							#	   0.08	  65.76	
     61	   0.13	  -0.52	 -0.002	1.00000							#	   0.05	  65.86	
     62	   0.20	  -0.57	 -0.005	0.99998							#	   0.05	  66.16	
     63	   0.20	  -0.50	 -0.003	0.99999							#	   0.04	  65.76	
     64	   0.11	  -0.49	 -0.005	1.00001							#	   0.04	  65.96	
     65	   0.14	  -0.42	 -0.004	0.99998							#	   0.04	  66.41	
     66	   0.10	  -0.54	 -0.004	0.99997							#	   0.04	  66.21	
     67	   0.16	  -0.54	 -0.003	0.99999							#	   0.04	  66.16	
     68	   0.13	  -0.48	 -0.005	0.99998							#	   0.03	  66.26	
     69	   0.22	  -0.58	 -0.004	0.99997							#	   0.04	  66.36	
     70	   0.03	  -0.51	 -0.003	1.00000							#	   0.04	  66.31	
     71	   0.11	  -0.46	 -0.003	0.99999							#	   0.04	  66.16	
     72	   0.02	  -0.43	 -0.004	0.99999							#	   0.03	  65.91	
     73	   0.09	  -0.43	 -0.003	0.99999							#	   0.04	  65.86	
     74	   0.09	  -0.37	 -0.005	0.99999							#	   0.03	  65.86	
     75	   0.18	  -0.30	 -0.003	1.00000							#	   0.03	  66.36	
     76	   0.22	  -0.30	 -0.003	1.00001							#	   0.03	  66.16	
     77	   0.27	  -0.26	 -0.002	1.00003							#	   0.03	  66.46	
     78	   0.31	  -0.30	 -0.002	1.00000							#	   0.04	  66.31	
     79	   0.22	  -0.18	 -0.002	1.00000							#	   0.03	  66.52	
     80	   0.40	  -0.18	 -0.000	1.00000							#	   0.03	  66.31	
     81	   0.27	  -0.12	 -0.003	1.00004							#	   0.03	  66.41	
     82	   0.36	  -0.18	 -0.000	0.99999							#	   0.03	  66.46	
     83	   0.45	  -0.20	 -0.001	1.00000							#	   0.04	  66.21	
     84	   0.25	  -0.24	 -0.001	1.00002							#	   0.03	  66.16	
     85	   0.26	  -0.23	 -0.001	1.00002							#	   0.04	  66.26	
     86	   0.25	  -0.23	 -0.001	1.00002							#	   0.04	  66.36	
     87	   0.41	  -0.20	  0.000	1.00000							#	   0.03	  66.31	
     88	   0.31	  -0.22	 -0.002	1.00001							#	   0.03	  66.21	
     89	   0.33	  -0.24	  0.001	1.00000							#	   0.03	  65.71	
     90	   0.23	  -0.19	 -0.001	1.00003							#	   0.03	  65.96	
     91	   0.26	  -0.19	  0.000	1.00001							#	   0.03	  66.16	
     92	   0.33	  -0.18	  0.000	1.00001							#	   0.04	  65.96	
     93	   0.37	  -0.22	  0.002	1.00003							#	   0.04	  66.01	
     94	   0.12	  -0.17	 -0.000	1.00000							#	   0.03	  66.52	
     95	   0.11	  -0.13	  0.000	1.00001							#	   0.03	  66.46	
     96	   0.19	  -0.15	  0.001	1.00003							#	   0.03	  66.36	
     97	   0.43	  -0.06	  0.001	1.00003							#	   0.03	  66.21	
     98	   0.23	  -0.18	 -0.001	1.00001							#	   0.03	  66.41	
     99	   0.16	   0.02	 -0.000	0.99999							#	   0.03	  66.31	
    100	   0.17	  -0.06	  0.000	1.00002							#	   0.03	  66.41	
    101	   0.25	  -0.03	  0.000	1.00001							#	   0.03	  66.21	
    102	   0.35	   0.06	  0.000	0.99997							#	   0.03	  66.46	
    103	   0.14	   0.01	  0.001	1.00002							#	   0.03	  66.62	
    104	   0.17	   0.01	 -0.000	0.99999							#	   0.02	  66.57	
    105	   0.20	   0.01	  0.000	1.00000							#	   0.02	  66.46	
    106	   0.22	  -0.03	  0.000	1.00001							#	   0.03	  66.46	
    107	   0.18	  -0.03	  0.001	1.00002							#	   0.02	  66.46	
    108	   0.19	  -0.11	  0.001	1.00002							#	   0.03	  66.52	
    109	   0.20	  -0.12	 -0.000	1.00000							#	   0.03	  66.26	
    110	   0.18	  -0.06	  0.001	1.00002							#	   0.02	  66.57	
    111	   0.22	  -0.16	 -0.001	1.00001							#	   0.03	  66.46	
    112	   0.28	  -0.08	  0.000	1.00002							#	   0.03	  66.52	
    113	   0.30	  -0.12	 -0.002	1.00002							#	   0.03	  66.26	
    114	   0.28	  -0.12	 -0.000	0.99999							#	   0.03	  66.41	
    115	   0.36	  -0.18	 -0.000	1.00003							#	   0.03	  66.36	
    116	   0.68	  -0.15	 -0.000	1.00004							#	   0.04	  66.31	
    117	   0.61	  -0.10	 -0.001	1.00004							#	   0.03	  66.26	
    118	   0.67	  -0.17	  0.001	1.00004							#	   0.03	  66.16	
    119	   0.76	  -0.19	 -0.001	1.00001							#	   0.04	  66.21	
    120	   0.72	  -0.17	 -0.002	1.00003							#	   0.07	  66.11	
    121	   1.02	  -0.14	 -0.002	1.00003							#	   0.06	  66.41	
    122	   1.20	  -0.17	 -0.002	1.00004							#	   0.06	  66.11	
    123	   1.35	  -0.19	 -0.003	1.00004							#	   0.07	  66.31	
    124	   1.49	  -0.03	 -0.002	1.00000							#	   0.07	  66.21	
    125	   1.51	  -0.06	 -0.001	1.00003							#	   0.08	  66.11	
    126	   1.81	  -0.09	 -0.003	1.00002							#	   0.10	  66.31	
    127	   1.95	  -0.07	 -0.001	1.00003							#	   0.11	  66.46	
    128	   2.08	  -0.04	 -0.003	1.00001							#	   0.12	  66.36	
    129	   2.07	  -0.08	 -0.004	1.00001							#	   0.13	  66.31	
    130	   2.26	  -0.09	 -0.002	1.00004							#	   0.15	  66.26	
    131	   2.41	  -0.13	 -0.002	1.00004							#	   0.17	  66.31	
    132	   2.40	  -0.19	 -0.003	1.00006							#	   0.16	  66.41	
    133	   2.52	  -0.26	 -0.003	1.00005							#	   0.18	  66.06	
    134	   2.65	  -0.13	 -0.003	1.00003							#	   0.19	  66.31	
    135	   2.82	  -0.15	 -0.004	1.00005							#	   0.21	  66.36	
    136	   2.83	  -0.17	 -0.004	1.00001							#	   0.21	  66.31	
    137	   2.98	  -0.23	 -0.006	1.00003							#	   0.24	  66.16	
    138	   3.23	  -0.19	 -0.004	1.00004							#	   0.27	  66.31	
    139	   3.20	  -0.18	 -0.004	1.00003							#	   0.26	  66.31	
    140	   3.33	  -0.25	 -0.004	1.00004							#	   0.29	  66.06	
    141	   3.41	  -0.25	 -0.004	1.00006							#	   0.30	  66.16	
    142	   3.48	  -0.24	 -0.003	1.00004							#	   0.31	  66.16	
    143	   3.70	  -0.25	 -0.005	1.00005							#	   0.35	  66.16	
    144	   3.79	  -0.28	 -0.005	1.00004							#	   0.37	  66.16	
    145	   3.75	  -0.21	 -0.004	1.00004							#	   0.35	  66.16	
    146	   3.81	  -0.23	 -0.004	1.00004							#	   0.35	  65.40	
    147	   3.87	  -0.31	 -0.006	1.00005							#	   0.36	  64.75	
    148	   3.98	  -0.28	 -0.004	1.00003							#	   0.37	  65.81	
    149	   4.08	  -0.24	 -0.004	1.00004							#	   0.38	  65.81	
    150	   4.06	  -0.20	 -0.005	1.00003							#	   0.41	  66.31	
    151	   4.24	  -0.23	 -0.005	1.00005							#	   0.45	  65.96	
    152	   4.23	  -0.24	 -0.004	1.00004							#	   0.50	  66.06	
    153	   4.22	  -0.25	 -0.005	1.00006							#	   0.48	  65.35	
    154	   4.17	  -0.23	 -0.005	1.00005							#	   0.48	  65.66	
    155	   4.33	  -0.26	 -0.005	1.00004							#	   0.50	  65.61	
    156	   4.31	  -0.23	 -0.005	1.00005							#	   0.49	  66.01	
    157	   4.42	  -0.28	 -0.004	1.00006							#	   0.51	  64.85	
    158	   4.47	  -0.26	 -0.004	1.00005							#	   0.52	  65.76	
    159	   4.31	  -0.24	 -0.006	1.00004							#	   0.48	  65.05	
    160	   4.57	  -0.28	 -0.005	1.00004							#	   0.50	  64.29	
    161	   4.63	  -0.28	 -0.005	1.00006							#	   0.51	  65.00	
    162	   4.67	  -0.34	 -0.005	1.00006							#	   0.53	  64.39	
    163	   4.65	  -0.28	 -0.006	1.00005							#	   0.54	  64.49	
    164	   4.52	  -0.22	 -0.006	1.00004							#	   0.52	  65.25	
    165	   4.62	  -0.22	 -0.004	1.00005							#	   0.53	  66.06	
    166	   4.60	  -0.22	 -0.004	1.00005							#	   0.56	  65.56	
    167	   4.64	  -0.23	 -0.004	1.00004							#	   0.58	  65.40	
    168	   4.78	  -0.29	 -0.005	1.00006							#	   0.62	  64.85	
    169	   4.61	  -0.23	 -0.004	1.00006							#	   0.59	  65.61	
    170	   4.65	  -0.27	 -0.006	1.00005							#	   0.60	  64.95	
    171	   4.81	  -0.25	 -0.004	1.00006							#	   0.63	  64.34	
    172	   4.78	  -0.24	 -0.004	1.00006							#	   0.57	  64.75	
    173	   4.73	  -0.19	 -0.005	1.00007							#	   0.56	  65.10	
    174	   4.88	  -0.22	 -0.004	1.00005							#	   0.61	  65.15	
    175	   4.73	  -0.19	 -0.005	1.00005							#	   0.57	  64.90	
    176	   4.84	  -0.22	 -0.006	1.00005							#	   0.58	  65.30	
    177	   4.82	  -0.23	 -0.004	1.00009							#	   0.60	  64.80	
    178	   4.70	  -0.29	 -0.006	1.00008							#	   0.60	  64.09	
    179	   4.73	  -0.24	 -0.004	1.00005							#	   0.58	  64.95	
    180	   4.84	  -0.19	 -0.004	1.00005							#	   0.62	  65.00	
    181	   4.70	  -0.15	 -0.004	1.00004							#	   0.60	  64.55	
    182	   4.67	  -0.18	 -0.004	1.00004							#	   0.57	  65.05	
    183	   4.84	  -0.16	 -0.005	1.00005							#	   0.61	  65.56	
    184	   4.74	  -0.16	 -0.004	1.00006							#	   0.60	  65.35	
    185	   4.79	  -0.09	 -0.005	1.00004							#	   0.59	  65.45	
    186	   4.70	  -0.12	 -0.003	1.00002							#	   0.54	  65.66	
    187	   4.63	  -0.16	 -0.004	1.00004							#	   0.54	  65.10	
    188	   4.75	  -0.19	 -0.004	1.00006							#	   0.59	  65.66	
    189	   4.57	  -0.10	 -0.004	1.00004							#	   0.52	  65.71	
    190	   4.69	  -0.08	 -0.004	1.00004							#	   0.57	  66.01	
    191	   4.65	  -0.01	 -0.004	1.00002							#	   0.58	  65.81	
    192	   4.65	  -0.04	 -0.004	1.00003							#	   0.58	  66.01	
    193	   4.74	  -0.08	 -0.004	1.00005							#	   0.58	  65.71	
    194	   4.83	  -0.04	 -0.004	1.00004							#	   0.60	  64.95	
    195	   5.01	  -0.07	 -0.004	1.00007							#	   0.66	  65.91	
    196	   4.91	  -0.02	 -0.003	1.00003							#	   0.64	  65.61	
    197	   4.94	  -0.02	 -0.005	1.00003							#	   0.65	  65.96	
    198	   4.98	   0.01	 -0.004	1.00001							#	   0.63	  65.51	
    199	   5.16	  -0.00	 -0.005	1.00002							#	   0.67	  65.91	
    200	   5.19	   0.02	 -0.004	1.00004							#	   0.67	  65.61	
    201	   5.15	   0.00	 -0.003	1.00004							#	   0.69	  66.31	
    202	   5.11	  -0.01	 -0.003	1.00003							#	   0.71	  66.11	
    203	   5.17	  -0.02	 -0.005	1.00004							#	   0.69	  65.66	
    204	   5.18	  -0.02	 -0.003	1.00003							#	   0.69	  66.01	
    205	   5.07	  -0.06	 -0.003	1.00007							#	   0.65	  64.39	
    206	   4.97	   0.02	 -0.004	1.00003							#	   0.62	  64.85	
    207	   5.11	   0.01	 -0.002	1.00003							#	   0.65	  65.56	
    208	   5.02	   0.05	 -0.003	1.00002							#	   0.61	  64.75	
    209	   5.07	   0.16	 -0.002	1.00003							#	   0.64	  64.14	
    210	   4.89	   0.15	 -0.002	1.00000							#	   0.64	  64.14	
    211	   4.98	   0.11	 -0.002	1.00002							#	   0.67	  64.29	
    212	   5.08	   0.15	 -0.003	1.00002							#	   0.71	  64.49	
    213	   5.19	   0.16	 -0.003	1.00004							#	   0.77	  64.19	
    214	   5.22	   0.13	 -0.002	1.00004							#	   0.75	  64.80	
    215	   5.21	   0.07	 -0.003	1.00004							#	   0.76	  64.80	
    216	   5.29	   0.08	 -0.005	1.00001							#	   0.74	  65.45	
    217	   5.50	   0.02	 -0.003	1.00004							#	   0.76	  65.00	
    218	   5.56	  -0.02	 -0.004	1.00007							#	   0.80	  64.44	
    219	   5.67	   0.05	 -0.004	1.00003							#	   0.83	  64.85	
    220	   5.61	  -0.01	 -0.004	1.00011							#	   0.80	  62.12	
    221	   5.65	  -0.02	 -0.003	1.00011							#	   0.81	  62.32	
    222	   5.77	   0.02	 -0.005	1.00013							#	   0.91	  60.71	
    223	   5.84	   0.00	 -0.005	1.00014							#	   0.87	  61.01	
    224	   5.79	   0.03	 -0.004	1.00014							#	   0.85	  60.91	
    225	   5.79	   0.02	 -0.006	1.00012							#	   0.87	  61.06	
    226	   5.85	  -0.03	 -0.006	1.00014							#	   0.84	  61.16	
    227	   5.90	   0.05	 -0.004	1.00012							#	   0.85	  61.36	
    228	   5.89	   0.05	 -0.005	1.00018							#	   0.81	  60.30	
    229	   5.95	   0.07	 -0.005	1.00015							#	   0.91	  60.10	
    230	   5.96	   0.08	 -0.005	1.00014							#	   0.81	  60.15	
    231	   6.01	   0.07	 -0.005	1.00018							#	   0.88	  59.49	
    232	   5.95	   0.22	 -0.006	1.00017							#	   0.94	  59.39	
    233	   5.96	   0.18	 -0.005	1.00017							#	   0.87	  58.94	
    234	   5.97	   0.13	 -0.005	1.00018							#	   0.87	  59.70	
    235	   5.98	   0.16	 -0.004	1.00019							#	   0.92	  59.04	
    236	   5.97	   0.18	 -0.005	1.00019							#	   0.91	  58.13	
    237	   6.07	   0.21	 -0.005	1.00014							#	   0.96	  59.34	
    238	   6.02	   0.23	 -0.006	1.00015							#	   0.94	  59.65	
    239	   6.07	   0.19	 -0.006	1.00011							#	   0.91	  60.20	
    240	   6.09	   0.20	 -0.006	1.00011							#	   0.92	  60.30	
    241	   6.14	   0.23	 -0.006	1.00010							#	   0.88	  61.21	
    242	   6.01	   0.26	 -0.007	1.00019							#	   0.94	  59.49	
    243	   6.12	   0.27	 -0.007	1.00016							#	   1.03	  59.95	
    244	   6.18	   0.30	 -0.007	1.00013							#	   0.96	  60.40	
    245	   6.30	   0.15	 -0.005	1.00012							#	   1.01	  61.57	
    246	   6.11	   0.21	 -0.006	1.00012							#	   0.95	  61.26	
    247	   6.23	   0.19	 -0.006	1.00009							#	   0.98	  62.17	
    248	   6.20	   0.23	 -0.006	1.00008							#	   0.97	  61.36	
    249	   6.27	   0.25	 -0.006	1.00012							#	   0.99	  60.96	
    250	   6.15	   0.33	 -0.007	1.00015							#	   0.95	  60.66	
    251	   6.26	   0.27	 -0.007	1.00011							#	   1.01	  60.86	
    252	   6.15	   0.26	 -0.007	1.00019							#	   0.97	  59.44	
    253	   6.20	   0.28	 -0.007	1.00017							#	   1.03	  59.75	
    254	   6.08	   0.30	 -0.007	1.00020							#	   0.97	  59.70	
    255	   6.06	   0.20	 -0.007	1.00020							#	   0.97	  58.74	
    256	   6.22	   0.29	 -0.008	1.00015							#	   1.02	  59.80	
    257	   6.38	   0.28	 -0.007	1.00014							#	   1.08	  60.45	
    258	   6.23	   0.35	 -0.007	1.00015							#	   0.96	  60.15	
    259	   6.38	   0.29	 -0.005	1.00016							#	   1.01	  59.75	
    260	   6.35	   0.35	 -0.007	1.00011							#	   1.04	  60.61	
    261	   6.41	   0.32	 -0.006	1.00012							#	   1.03	  61.06	
    262	   6.41	   0.30	 -0.007	1.00013							#	   1.02	  60.00	
    263	   6.52	   0.30	 -0.006	1.00013							#	   1.09	  60.25	
    264	   6.60	   0.42	 -0.006	1.00014							#	   1.08	  59.55	
    265	   6.66	   0.36	 -0.006	1.00017							#	   1.05	  59.85	
    266	   6.58	   0.48	 -0.007	1.00008							#	   1.02	  58.94	
    267	   6.66	   0.37	 -0.006	1.00014							#	   1.07	  58.69	
    268	   6.65	   0.37	 -0.006	1.00010							#	   1.13	  59.85	
    269	   6.60	   0.45	 -0.007	1.00015							#	   1.05	  59.75	
    270	   6.57	   0.50	 -0.005	1.00010							#	   1.07	  60.20	
    271	   6.54	   0.65	 -0.006	1.00014							#	   1.07	  58.38	
    272	   6.56	   0.62	 -0.005	1.00013							#	   1.07	  60.20	
    273	   6.66	   0.80	 -0.006	1.00012							#	   1.09	  60.45	
    274	   6.73	   0.77	 -0.004	1.00018							#	   1.06	  59.44	
    275	   6.82	   0.89	 -0.003	1.00012							#	   1.13	  59.80	
    276	   6.79	   1.00	 -0.004	1.00006							#	   1.15	  60.45	
    277	   6.95	   1.02	 -0.004	1.00018							#	   1.18	  58.33	
    278	   6.89	   1.01	 -0.004	1.00011							#	   1.19	  58.18	
    279	   7.03	   1.01	 -0.003	1.00012							#	   1.17	  57.32	
    280	   7.12	   1.08	 -0.003	1.00013							#	   1.20	  59.80	
    281	   7.11	   1.16	 -0.004	1.00019							#	   1.24	  58.94	
    282	   7.26	   1.11	 -0.003	1.00020							#	   1.16	  57.47	
    283	   7.37	   1.14	 -0.004	1.00014							#	   1.28	  57.32	
    284	   7.51	   1.17	 -0.003	1.00015							#	   1.25	  58.03	
    285	   7.61	   1.21	 -0.003	1.00008							#	   1.31	  56.57	
    286	   3.42	   0.70	 -0.003	1.00001							#	   0.29	  66.36	
    287	   2.76	   0.58	 -0.004	1.00000							#	   0.20	  67.37	
    288	   2.12	   0.50	 -0.005	1.00003							#	   0.13	  68.33	
    289	   2.14	   0.48	 -0.001	0.99997							#	   0.13	  67.73	
    290	   2.37	   0.52	 -0.003	1.00002							#	   0.16	  68.69	
    291	   2.64	   0.53	 -0.006	1.00000							#	   0.33	  67.53	
    292	   3.15	   0.65	 -0.005	1.00001							#	   0.46	  67.83	
    293	   4.74	   0.76	 -0.006	1.00007							#	   0.91	  65.20	
    294	   5.90	   0.89	 -0.004	1.00002							#	   1.17	  64.39	
    295	   6.97	   1.02	 -0.004	1.00000							#	   1.19	  60.25	
    296	   7.77	   1.11	 -0.005	1.00005							#	   1.33	  55.61	
    297	   8.58	   1.19	 -0.006	1.00043							#	   1.43	  53.23	
    298	   8.92	   1.12	 -0.005	1.00039							#	   1.47	  52.88	
    299	   9.06	   1.20	 -0.005	1.00037							#	   1.62	  51.97	
    300	   9.17	   1.15	 -0.005	1.00035							#	   1.62	  51.16	
    301	   9.30	   1.10	 -0.004	1.00034							#	   1.62	  51.82	
    302	   9.54	   1.08	 -0.005	1.00042							#	   1.61	  53.13	
    303	   9.62	   1.05	 -0.008	1.00022							#	   1.52	  51.01	
    304	   9.60	   0.99	 -0.009	1.00022							#	   1.66	  50.96	
    305	   9.93	   0.93	 -0.010	1.00029							#	   1.75	  51.77	
    306	  10.10	   0.84	 -0.009	1.00032							#	   1.81	  50.20	
    307	  10.21	   0.90	 -0.009	1.00029							#	   1.86	  49.75	
    308	  10.45	   1.00	 -0.009	1.00015							#	   1.68	  50.35	
    309	  10.73	   0.97	 -0.009	1.00014							#	   1.62	  48.74	
    310	  10.91	   0.98	 -0.007	1.00027							#	   1.95	  49.44	
    311	  11.20	   0.95	 -0.008	1.00032							#	   1.99	  49.75	
    312	  11.48	   0.93	 -0.010	1.00030							#	   1.99	  49.60	
    313	  11.69	   0.95	 -0.010	1.00026							#	   1.90	  48.08	
    314	  12.12	   0.91	 -0.011	1.00033							#	   1.95	  47.83	
    315	  12.40	   0.99	 -0.012	1.00020							#	   2.27	  47.47	
    316	  12.56	   1.03	 -0.013	1.00012							#	   2.19	  45.91	
    317	  12.69	   1.00	 -0.011	1.00008							#	   2.23	  45.25	
    318	  13.00	   0.95	 -0.015	1.00026							#	   2.16	  44.55	
    319	  13.07	   0.91	 -0.011	1.00028							#	   2.22	  44.44	
    320	  13.12	   0.85	 -0.010	1.00033							#	   2.52	  43.59	
    321	  13.15	   0.81	 -0.012	1.00027							#	   2.21	  43.23	
    322	  13.14	   0.72	 -0.013	1.00027							#	   2.16	  42.98	
    323	  13.41	   0.58	 -0.017	1.00026							#	   2.21	  43.33	
    324	  13.71	   0.45	 -0.013	1.00013							#	   2.65	  43.43	
    325	  13.70	   0.32	 -0.015	1.00001							#	   2.28	  42.93	
    326	  13.73	   0.27	 -0.016	1.00004							#	   2.26	  42.98	
    327	  13.74	   0.34	 -0.013	0.99995							#	   2.30	  42.68	
    328	  14.12	   0.34	 -0.016	0.99987							#	   2.82	  42.93	
    329	  14.23	   0.43	 -0.013	0.99974							#	   2.29	  42.02	
    330	  14.44	   0.39	 -0.011	0.99994							#	   2.58	  42.58	
    331	  14.28	   0.39	 -0.014	0.99977							#	   2.46	  41.97	
    332	  14.27	   0.38	 -0.012	0.99970							#	   2.82	  41.41	
    333	  14.33	   0.28	 -0.014	0.99969							#	   2.51	  40.71	
    334	  14.51	   0.32	 -0.008	0.99968							#	   2.40	  40.10	
    335	  14.50	   0.32	 -0.012	0.99961							#	   2.67	  40.91	
    336	  14.31	   0.21	 -0.013	0.99963							#	   2.62	  40.66	
    337	  14.90	   0.24	 -0.007	0.99965							#	   2.76	  41.26	
    338	  14.77	   0.21	 -0.009	0.99956							#	   2.47	  40.61	
    339	  15.00	   0.28	 -0.003	0.99957							#	   2.68	  40.56	
    340	  15.33	   0.25	 -0.008	0.99955							#	   3.11	  39.09	
    341	  15.17	   0.19	 -0.012	0.99950							#	   2.39	  39.44	
    342	  15.35	   0.19	 -0.010	0.99949							#	   2.72	  39.24	
    343	  15.45	   0.14	 -0.011	0.99941							#	   2.86	  39.04	
    344	  15.54	   0.10	 -0.011	0.99939							#	   2.84	  38.59	
    345	  15.77	   0.09	 -0.008	0.99938							#	   2.63	  38.38	
    346	  15.88	  -0.04	 -0.010	0.99940							#	   2.80	  39.14	
    347	  15.98	  -0.12	 -0.008	0.99942							#	   2.95	  38.03	
    348	  16.06	  -0.16	 -0.004	0.99942							#	   2.90	  37.73	
    349	  16.06	  -0.11	 -0.003	0.99925							#	   2.60	  38.59	
    350	  15.76	  -0.05	 -0.009	0.99934							#	   2.73	  38.69	
    351	  15.54	  -0.11	 -0.005	0.99913							#	   2.82	  37.88	
    352	  15.93	  -0.05	 -0.008	0.99926							#	   2.81	  37.98	
    353	  16.07	  -0.07	  0.001	0.99921							#	   2.68	  39.14	
    354	  16.25	  -0.01	  0.003	0.99943							#	   2.86	  38.43	
    355	  16.28	   0.05	  0.003	0.99936							#	   2.96	  38.64	
    356	  16.44	   0.05	  0.003	0.99924							#	   2.89	  38.43	
    357	  16.35	   0.12	 -0.000	0.99926							#	   2.61	  37.58	
    358	  16.62	   0.13	  0.003	0.99946							#	   2.88	  37.68	
    359	  16.76	   0.26	  0.005	0.99937							#	   3.15	  38.13	
    360	  16.76	   0.18	  0.006	0.99951							#	   2.56	  37.17	
    361	  16.91	   0.23	  0.007	0.99938							#	   2.68	  37.42	
    362	  16.58	   0.22	  0.002	0.99922							#	   2.96	  38.28	
    363	  16.64	   0.18	  0.008	0.99943							#	   2.78	  36.72	
    364	  16.35	   0.20	  0.003	0.99932							#	   2.39	  38.18	
    365	  16.43	   0.23	  0.006	0.99953							#	   2.56	  36.01	
    366	  16.38	   0.25	  0.004	0.99932							#	   2.88	  37.07	
    367	  16.18	   0.28	  0.002	0.99940							#	   2.46	  37.17	
    368	  16.18	   0.32	  0.002	0.99934							#	   2.29	  37.32	
    369	  16.10	   0.31	  0.003	0.99944							#	   2.60	  36.36	
    370	  16.02	   0.34	  0.001	0.99930							#	   2.73	  36.92	
    371	  15.86	   0.43	  0.002	0.99924							#	   2.38	  37.22	
    372	  15.77	   0.38	 -0.002	0.99926							#	   2.22	  36.11	
    373	  15.62	   0.41	  0.000	0.99922							#	   2.60	  37.17	
    374	  15.57	   0.39	 -0.003	0.99922							#	   2.67	  37.02	
    375	  15.43	   0.49	 -0.004	0.99921							#	   2.19	  37.27	
    376	  15.33	   0.73	  0.001	0.99917							#	   2.25	  36.62	
    377	  15.07	   0.66	 -0.004	0.99919							#	   2.62	  37.07	
    378	  14.98	   0.61	 -0.005	0.99919							#	   2.35	  36.67	
    379	  14.81	   0.60	 -0.008	0.99928							#	   2.08	  36.11	
    380	  14.69	   0.49	 -0.007	0.99929							#	   2.29	  36.57	
    381	  14.73	   0.56	 -0.002	0.99900							#	   2.41	  37.53	
    382	  14.74	   0.73	 -0.000	0.99922							#	   2.48	  36.77	
    383	  14.74	   0.78	 -0.003	0.99923							#	   2.32	  36.16	
    384	  14.87	   0.76	 -0.002	0.99938							#	   2.39	  38.13	
    385	  14.87	   0.56	 -0.002	1.00033							#	   2.50	  40.25	
    386	  14.79	   0.63	  0.001	1.00020							#	   2.44	  39.80	
    387	  14.64	   0.56	 -0.002	1.00020							#	   2.59	  40.45	
    388	  14.45	   0.60	 -0.004	1.00034							#	   2.29	  41.11	
    389	  14.43	   0.48	  0.001	1.00033							#	   2.18	  41.21	
    390	  14.31	   0.52	 -0.001	1.00017							#	   2.47	  41.21	
    391	  14.31	   0.54	 -0.002	1.00017							#	   2.38	  41.57	
    392	  14.31	   0.42	 -0.002	1.00024							#	   2.31	  41.67	
    393	  14.23	   0.34	 -0.001	1.00024							#	   2.40	  42.02	
    394	  14.07	   0.34	 -0.001	1.00023							#	   2.46	  42.58	
    395	  13.92	   0.21	 -0.001	1.00058							#	   2.49	  44.70	
    396	  13.84	   0.16	 -0.003	1.00054							#	   2.32	  44.49	
    397	  13.98	   0.12	 -0.002	1.00052							#	   2.35	  45.40	
    398	  13.54	   0.08	 -0.001	1.00106							#	   2.46	  45.51	
    399	  13.46	   0.04	 -0.003	1.00104							#	   2.26	  45.71	
    400	  13.39	   0.01	 -0.004	1.00111							#	   2.25	  46.41	
    401	  13.36	  -0.00	 -0.005	1.00109							#	   2.29	  46.26	
    402	  13.43	  -0.12	 -0.003	1.00074							#	   2.34	  45.56	
    403	  13.50	  -0.08	 -0.003	1.00076							#	   2.33	  46.11	
    404	  13.34	  -0.14	 -0.004	1.00086							#	   2.22	  46.11	
    405	  13.42	  -0.16	 -0.002	1.00086							#	   2.39	  46.82	
    406	  13.55	  -0.19	 -0.003	1.00093							#	   2.46	  45.45	
    407	  13.51	  -0.20	 -0.003	1.00080							#	   2.32	  44.24	
    408	  13.69	  -0.26	 -0.002	1.00078							#	   2.43	  44.80	
    409	  13.57	  -0.22	 -0.001	1.00084							#	   2.41	  44.34	
    410	  13.76	  -0.17	 -0.002	1.00079							#	   2.58	  44.70	
    411	  13.70	  -0.11	 -0.002	1.00083							#	   2.44	  45.61	
    412	  13.60	  -0.18	  0.002	1.00085							#	   2.44	  44.90	
    413	  13.60	  -0.18	 -0.005	1.00085							#	   2.52	  44.55	
    414	  13.62	  -0.27	 -0.004	1.00082							#	   2.50	  43.64	
    415	  13.69	  -0.30	 -0.003	1.00083							#	   2.44	  44.60	
    416	  13.94	  -0.34	 -0.005	1.00073							#	   2.57	  44.60	
    417	  13.89	  -0.26	 -0.009	1.00063							#	   2.57	  44.29	
    418	  14.00	  -0.28	 -0.005	1.00065							#	   2.53	  44.19	
    419	  14.14	  -0.24	 -0.005	1.00071							#	   2.61	  45.00	
    420	  14.33	  -0.26	 -0.007	1.00074							#	   2.61	  42.78	
    421	  14.23	  -0.33	 -0.009	1.00063							#	   2.80	  43.59	
    422	  14.26	  -0.45	 -0.007	1.00079							#	   2.57	  43.74	
    423	  14.13	  -0.37	 -0.010	1.00078							#	   2.63	  44.14	
    424	  14.24	  -0.27	 -0.009	1.00073							#	   2.53	  43.54	
    425	  14.29	  -0.23	 -0.006	1.00078							#	   2.62	  44.34	
    426	  14.35	  -0.22	 -0.009	1.00079							#	   2.77	  43.23	
    427	  14.24	  -0.29	 -0.007	1.00066							#	   2.45	  43.13	
    428	  14.13	  -0.31	 -0.008	1.00064							#	   2.49	  43.38	
    429	  14.15	  -0.28	 -0.009	1.00054							#	   2.41	  43.99	
    430	  14.18	  -0.29	 -0.009	1.00055							#	   2.64	  44.65	
    431	  14.10	  -0.36	 -0.007	1.00053							#	   2.41	  43.94	
    432	  14.05	  -0.23	 -0.010	1.00056							#	   2.34	  45.30	
    433	  14.00	  -0.19	 -0.008	1.00053							#	   2.44	  45.76	
    434	  14.00	  -0.15	 -0.009	1.00046							#	   2.42	  45.51	
    435	  14.12	  -0.12	 -0.008	1.00044							#	   2.78	  45.91	
    436	  14.18	  -0.01	 -0.009	1.00047							#	   2.14	  45.61	
    437	  14.18	  -0.07	 -0.006	1.00046							#	   2.38	  45.35	
    438	  14.03	  -0.11	 -0.008	1.00040							#	   2.52	  45.61	
    439	  13.98	  -0.11	 -0.007	1.00037							#	   2.59	  46.87	
    440	  13.81	  -0.14	 -0.009	1.00039							#	   2.41	  46.46	
    441	  13.82	  -0.23	 -0.005	1.00038							#	   2.26	  46.87	
    442	  13.59	  -0.16	 -0.005	1.00033							#	   2.43	  47.32	
    443	  13.55	  -0.24	 -0.010	1.00044							#	   2.44	  48.03	
    444	  13.42	  -0.24	 -0.007	1.00052							#	   2.42	  47.22	
    445	  13.31	  -0.23	 -0.006	1.00048							#	   2.27	  47.63	
    446	  13.32	  -0.21	 -0.008	1.00043							#	   2.26	  47.53	
    447	  13.31	  -0.24	 -0.010	1.00053							#	   2.48	  46.72	
    448	  13.42	  -0.36	 -0.010	1.00051							#	   2.42	  46.62	
    449	  13.43	  -0.34	 -0.010	1.00052							#	   2.37	  47.27	
    450	  13.49	  -0.31	 -0.011	1.00054							#	   2.45	  46.87	
    451	  13.69	  -0.29	 -0.009	1.00052							#	   2.54	  47.17	
    452	  13.53	  -0.22	 -0.011	1.00076							#	   2.73	  46.62	
    453	  13.66	  -0.29	 -0.010	1.00070							#	   2.32	  46.11	
    454	  13.50	  -0.31	 -0.009	1.00062							#	   2.57	  46.31	
    455	  13.57	  -0.26	 -0.010	1.00058							#	   2.33	  46.31	
    456	  13.51	  -0.31	 -0.010	1.00076							#	   2.59	  46.46	
    457	  13.49	  -0.41	 -0.011	1.00069							#	   2.37	  46.62	
    458	  13.53	  -0.45	 -0.010	1.00069							#	   2.47	  47.42	
    459	  13.57	  -0.50	 -0.009	1.00061							#	   2.27	  47.73	
    460	  13.44	  -0.50	 -0.012	1.00069							#	   2.32	  47.88	
    461	  13.37	  -0.44	 -0.011	1.00075							#	   2.42	  47.53	
    462	  13.31	  -0.47	 -0.009	1.00078							#	   2.32	  46.21	
    463	  13.40	  -0.51	 -0.013	1.00083							#	   2.33	  48.18	
    464	  13.48	  -0.40	 -0.012	1.00077							#	   2.41	  46.36	
    465	  13.40	  -0.45	 -0.014	1.00078							#	   2.48	  46.06	
    466	  13.61	  -0.57	 -0.012	1.00080							#	   2.57	  48.13	
    467	  14.02	  -0.59	 -0.012	1.00033							#	   2.47	  48.28	
    468	  13.79	  -0.58	 -0.013	1.00058							#	   2.36	  48.54	
    469	  13.70	  -0.54	 -0.011	1.00054							#	   2.28	  47.22	
    470	  13.71	  -0.60	 -0.013	1.00050							#	   2.33	  47.63	
    471	  13.89	  -0.56	 -0.014	1.00045							#	   2.58	  47.73	
    472	  14.06	  -0.62	 -0.013	1.00047							#	   2.15	  47.93	
    473	  13.96	  -0.65	 -0.014	1.00049							#	   2.13	  47.68	
    474	  13.97	  -0.61	 -0.016	1.00049							#	   2.30	  47.32	
    475	  13.99	  -0.58	 -0.015	1.00054							#	   2.54	  47.07	
    476	  14.03	  -0.53	 -0.016	1.00063							#	   2.30	  46.16	
    477	  14.19	  -0.64	 -0.015	1.00061							#	   2.21	  46.41	
    478	  14.26	  -0.67	 -0.017	1.00058							#	   2.27	  45.81	
    479	  14.18	  -0.54	 -0.018	1.00082							#	   2.53	  46.92	
    480	  14.24	  -0.63	 -0.015	1.00071							#	   2.42	  47.47	
    481	  14.17	  -0.49	 -0.017	1.00071							#	   2.23	  46.77	
    482	  14.06	  -0.42	 -0.016	1.00067							#	   2.03	  45.56	
    483	  14.03	  -0.38	 -0.015	1.00042							#	   2.34	  46.06	
    484	  13.86	  -0.41	 -0.012	1.00045							#	   2.37	  47.53	
    485	  13.72	  -0.29	 -0.014	1.00045							#	   2.21	  47.07	
    486	  13.51	  -0.24	 -0.012	1.00043							#	   1.86	  46.67	
    487	  13.40	  -0.29	 -0.016	1.00047							#	   2.00	  46.46	
    488	  13.29	  -0.32	 -0.014	1.00038							#	   2.17	  46.87	
    489	  13.19	  -0.24	 -0.013	1.00042							#	   2.22	  46.92	
    490	  13.27	  -0.27	 -0.016	1.00056							#	   2.07	  47.32	
    491	  13.31	  -0.25	 -0.015	1.00053							#	   1.89	  47.12	
    492	  13.31	  -0.29	 -0.015	1.00059							#	   2.16	  47.83	
    493	  13.27	  -0.18	 -0.013	1.00042							#	   2.45	  48.48	
    494	  13.24	  -0.20	 -0.011	1.00038							#	   2.12	  48.69	
    495	  13.12	  -0.08	 -0.014	1.00035							#	   1.94	  50.05	
    496	  12.98	  -0.15	 -0.012	1.00037							#	   1.87	  50.76	
    497	  12.96	  -0.09	 -0.016	1.00032							#	   2.10	  50.30	
    498	  12.92	  -0.02	 -0.016	1.00028							#	   2.21	  52.37	
    499	  12.99	  -0.14	 -0.013	1.00040							#	   2.16	  52.42	
    500	  13.00	  -0.20	 -0.016	1.00039							#	   2.00	  50.30	
    501	  13.01	  -0.23	 -0.018	1.00043							#	   2.10	  50.61	
    502	  13.03	  -0.27	 -0.018	1.00042							#	   2.32	  49.90	
    503	  13.08	  -0.28	 -0.016	1.00046							#	   2.36	  50.61	
    504	  13.04	  -0.25	 -0.021	1.00046							#	   2.02	  49.95	
    505	  13.03	  -0.35	 -0.018	1.00051							#	   2.06	  50.05	
    506	  12.88	  -0.28	 -0.017	1.00047							#	   2.09	  49.90	
    507	  12.78	  -0.31	 -0.019	1.00046							#	   2.24	  50.45	
    508	  12.68	  -0.29	 -0.019	1.00049							#	   2.16	  50.76	
    509	  12.48	  -0.26	 -0.016	1.00046							#	   2.13	  50.71	
    510	  12.34	  -0.22	 -0.016	1.00043							#	   2.05	  52.37	
    511	  12.17	  -0.28	 -0.016	1.00039							#	   1.93	  52.98	
    512	  11.91	  -0.34	 -0.015	1.00038							#	   1.94	  53.18	
    513	  11.88	  -0.34	 -0.018	1.00039							#	   2.06	  54.34	
    514	  11.66	  -0.35	 -0.017	1.00048							#	   1.99	  55.20	
    515	  11.26	  -0.37	 -0.017	1.00070							#	   1.88	  54.65	
    516	  11.21	  -0.27	 -0.017	1.00067							#	   1.88	  56.26	
    517	  11.08	  -0.32	 -0.017	1.00063							#	   1.75	  58.03	
    518	  10.85	  -0.30	 -0.019	1.00066							#	   1.87	  57.63	
    519	  10.90	  -0.41	 -0.016	1.00043							#	   1.90	  55.86	
    520	  10.87	  -0.40	 -0.019	1.00056							#	   1.96	  56.97	
    521	  10.89	  -0.43	 -0.019	1.00053							#	   1.89	  56.36	
    522	  10.84	  -0.43	 -0.021	1.00054							#	   1.74	  56.16	
    523	  10.95	  -0.58	 -0.019	1.00039							#	   1.83	  55.71	
    524	  10.79	  -0.66	 -0.022	1.00009							#	   1.99	  52.73	
    525	  10.76	  -0.71	 -0.021	0.99989							#	   1.90	  54.19	
    526	  10.67	  -0.84	 -0.024	1.00009							#	   1.88	  56.57	
    527	  10.77	  -0.89	 -0.020	1.00014							#	   1.75	  57.58	
    528	  10.94	  -1.04	 -0.022	1.00030							#	   1.76	  57.47	
    529	  11.00	  -1.14	 -0.023	1.00030							#	   2.04	  55.40	
    530	  10.99	  -1.20	 -0.022	1.00045							#	   1.85	  56.41	
    531	  10.95	  -1.31	 -0.021	1.00052							#	   2.06	  56.52	
    532	  11.04	  -1.37	 -0.023	1.00050							#	   1.75	  55.20	
    533	  10.93	  -1.35	 -0.023	1.00047							#	   1.82	  55.35	
    534	  10.85	  -1.29	 -0.024	1.00043							#	   1.77	  55.05	
    535	  10.94	  -1.34	 -0.024	1.00033							#	   1.77	  54.14	
    536	  10.72	  -1.30	 -0.023	1.00034							#	   1.79	  55.71	
    537	  10.73	  -1.30	 -0.022	1.00031							#	   1.86	  55.76	
    538	  10.70	  -1.21	 -0.023	1.00034							#	   1.70	  57.17	
    539	  10.62	  -1.21	 -0.021	1.00034							#	   1.75	  57.42	
    540	  10.48	  -1.21	 -0.020	1.00032							#	   1.56	  57.73	
    541	  10.46	  -1.10	 -0.022	1.00031							#	   1.70	  56.97	
    542	  10.29	  -1.09	 -0.021	1.00023							#	   1.63	  57.78	
    543	  10.18	  -1.11	 -0.022	1.00028							#	   1.73	  57.47	
    544	  10.11	  -1.21	 -0.023	1.00027							#	   1.62	  56.92	
    545	  10.09	  -1.32	 -0.023	1.00031							#	   1.62	  56.52	
    546	   9.91	  -1.32	 -0.023	1.00032							#	   1.44	  57.07	
    547	   9.76	  -1.32	 -0.025	1.00033							#	   1.43	  59.55	
    548	   9.90	  -1.34	 -0.026	1.00031							#	   1.54	  58.59	
    549	   9.96	  -1.47	 -0.026	1.00020							#	   1.59	  58.54	
    550	  10.08	  -1.60	 -0.024	1.00015							#	   1.65	  57.17	
    551	   9.94	  -1.62	 -0.025	1.00014							#	   1.59	  57.32	
    552	  10.09	  -1.72	 -0.023	1.00006							#	   1.57	  59.70	
    553	   9.91	  -1.69	 -0.025	1.00010							#	   1.52	  57.73	
    554	   9.82	  -1.64	 -0.027	1.00007							#	   1.40	  58.23	
    555	   9.99	  -1.63	 -0.025	0.99993							#	   1.52	  60.10	
    556	  10.03	  -1.69	 -0.026	1.00013							#	   1.74	  58.74	
    557	  10.12	  -1.62	 -0.026	1.00012							#	   1.60	  57.47	
    558	  10.12	  -1.60	 -0.029	1.00000							#	   1.61	  56.16	
    559	  10.18	  -1.57	 -0.027	1.00006							#	   1.56	  58.13	
    560	  10.12	  -1.62	 -0.028	0.99983							#	   1.49	  56.52	
    561	  10.07	  -1.55	 -0.027	0.99996							#	   1.45	  57.02	
    562	  10.00	  -1.43	 -0.027	1.00017							#	   1.63	  58.33	
    563	   9.91	  -1.37	 -0.029	1.00026							#	   1.62	  57.22	
    564	   9.88	  -1.30	 -0.025	1.00024							#	   1.55	  59.49	
    565	   9.82	  -1.29	 -0.025	1.00023							#	   1.47	  59.55	
    566	   9.64	  -1.30	 -0.028	1.00011							#	   1.32	  57.93	
    567	   9.64	  -1.24	 -0.025	1.00011							#	   1.24	  60.15	
    568	   9.56	  -1.14	 -0.027	1.00004							#	   1.39	  58.89	
    569	   9.50	  -1.07	 -0.025	0.99996							#	   1.54	  60.00	
    570	   9.54	  -1.06	 -0.026	0.99996							#	   1.57	  60.30	
    571	   9.41	  -0.97	 -0.024	1.00003							#	   1.40	  61.31	
    572	   9.34	  -0.94	 -0.027	0.99993							#	   1.25	  61.26	
    573	   9.38	  -0.85	 -0.025	0.99996							#	   1.15	  62.17	
    574	   9.39	  -0.79	 -0.025	0.99997							#	   1.35	  62.07	
    575	   9.31	  -0.71	 -0.026	0.99994							#	   1.50	  61.82	
    576	   9.38	  -0.61	 -0.027	0.99998							#	   1.53	  61.06	
    577	   9.27	  -0.59	 -0.026	0.99980							#	   1.32	  60.66	
    578	   9.28	  -0.54	 -0.027	0.99998							#	   1.25	  60.35	
    579	   9.32	  -0.44	 -0.025	0.99999							#	   1.16	  61.01	
    580	   9.20	  -0.33	 -0.026	1.00001							#	   1.32	  61.87	
    581	   9.22	  -0.28	 -0.025	1.00000							#	   1.28	  62.58	
    582	   9.20	  -0.19	 -0.025	1.00000							#	   1.48	  62.88	
    583	   9.14	  -0.15	 -0.025	1.00000							#	   1.52	  63.54	
    584	   9.18	  -0.15	 -0.024	1.00002							#	   1.29	  64.09	
    585	   9.14	  -0.16	 -0.023	0.99999							#	   1.24	  63.74	
    586	   9.02	  -0.11	 -0.025	0.99986							#	   1.17	  63.03	
    587	   9.06	  -0.09	 -0.023	0.99984							#	   1.22	  62.88	
    588	   9.11	  -0.11	 -0.024	0.99987							#	   1.25	  63.03	
    589	   9.04	  -0.04	 -0.024	0.99983							#	   1.52	  63.23	
    590	   9.01	  -0.08	 -0.024	0.99985							#	   1.35	  63.43	
    591	   9.15	  -0.11	 -0.025	0.99979							#	   1.29	  62.58	
    592	   9.10	  -0.17	 -0.024	0.99983							#	   1.19	  62.27	
    593	   9.23	  -0.06	 -0.022	0.99989							#	   1.16	  62.98	
    594	   9.28	  -0.02	 -0.022	0.99982							#	   1.28	  63.59	
    595	   9.30	  -0.05	 -0.023	0.99985							#	   1.44	  63.18	
    596	   9.43	  -0.01	 -0.023	0.99990							#	   1.41	  63.59	
    597	   9.47	  -0.06	 -0.022	0.99991							#	   1.33	  62.02	
    598	   9.66	   0.01	 -0.023	0.99983							#	   1.38	  61.87	
    599	   9.71	   0.03	 -0.022	0.99984							#	   1.32	  61.72	
    600	  10.02	   0.02	 -0.022	0.99979							#	   1.48	  59.65	
    601	   9.96	   0.06	 -0.021	0.99979							#	   1.57	  61.01	
    602	  10.09	   0.15	 -0.022	0.99966							#	   1.35	  59.60	
    603	  10.13	   0.16	 -0.020	0.99966							#	   1.35	  60.40	
    604	  10.04	   0.16	 -0.020	0.99968							#	   1.35	  60.40	
    605	  10.06	   0.17	 -0.019	0.99966							#	   1.30	  59.70	
    606	  10.02	   0.17	 -0.020	0.99967							#	   1.33	  58.43	
    607	  10.16	   0.26	 -0.020	0.99967							#	   1.52	  57.37	
    608	  10.35	   0.20	 -0.020	0.99966							#	   1.36	  56.97	
    609	  10.48	   0.22	 -0.021	0.99958							#	   1.34	  59.80	
    610	  10.72	   0.26	 -0.021	0.99966							#	   1.55	  56.06	
    611	  10.88	   0.18	 -0.022	0.99967							#	   1.36	  57.83	
    612	  11.15	   0.15	 -0.026	0.99975							#	   1.53	  55.35	
    613	  11.48	   0.12	 -0.025	0.99979							#	   1.64	  55.66	
    614	  11.83	   0.13	 -0.030	0.99970							#	   1.55	  53.64	
    615	  12.43	   0.23	 -0.029	0.99988							#	   1.88	  51.77	
    616	  12.79	   0.26	 -0.029	0.99973							#	   1.70	  51.06	
    617	  13.32	   0.33	 -0.032	0.99975							#	   1.79	  47.42	
    618	  13.77	   0.40	 -0.034	0.99966							#	   1.87	  47.63	
    619	  14.25	   0.40	 -0.037	0.99961							#	   1.95	  47.17	
    620	  14.61	   0.42	 -0.040	0.99958							#	   2.02	  47.37	
    621	  15.06	   0.44	 -0.040	0.99973							#	   1.92	  44.49	
    622	  15.42	   0.37	 -0.042	0.99966							#	   2.11	  45.05	
    623	  15.80	   0.50	 -0.042	0.99958							#	   2.10	  44.39	
    624	  16.09	   0.39	 -0.044	0.99968							#	   2.23	  43.84	
    625	  16.34	   0.52	 -0.045	0.99964							#	   2.08	  43.43	
    626	  16.60	   0.50	 -0.043	0.99963							#	   2.09	  43.23	
    627	  16.64	   0.53	 -0.044	0.99959							#	   2.28	  43.59	
    628	  16.77	   0.60	 -0.044	0.99963							#	   2.21	  43.43	
    629	  16.85	   0.72	 -0.043	0.99960							#	   2.15	  42.73	
    630	  16.99	   0.81	 -0.041	0.99964							#	   2.10	  42.78	
    631	  16.98	   0.81	 -0.041	0.99962							#	   2.29	  42.98	
    632	  17.10	   0.70	 -0.045	0.99961							#	   2.25	  41.87	
    633	  17.28	   0.66	 -0.044	0.99955							#	   2.01	  41.57	
    634	  17.42	   0.76	 -0.044	0.99976							#	   2.15	  41.97	
    635	  17.71	   0.73	 -0.045	0.99955							#	   2.41	  42.27	
    636	  17.81	   0.75	 -0.045	0.99956							#	   2.06	  41.41	
    637	  17.99	   0.73	 -0.047	0.99953							#	   2.17	  39.60	
    638	  18.38	   0.74	 -0.044	0.99955							#	   2.50	  40.71	
    639	  18.36	   0.66	 -0.042	0.99952							#	   2.24	  40.51	
    640	  18.46	   0.71	 -0.044	0.99968							#	   2.18	  39.04	
    641	  18.29	   0.61	 -0.039	0.99920							#	   2.38	  39.19	
    642	  18.62	   0.77	 -0.042	0.99963							#	   2.40	  40.15	
    643	  18.55	   0.67	 -0.036	0.99962							#	   2.08	  40.35	
    644	  18.48	   0.75	 -0.036	0.99961							#	   2.33	  39.24	
    645	  18.30	   0.62	 -0.036	0.99944							#	   2.28	  39.55	
    646	  18.24	   0.68	 -0.032	0.99944							#	   2.11	  38.64	
    647	  18.19	   0.59	 -0.031	0.99932							#	   2.16	  39.55	
    648	  18.14	   0.65	 -0.027	0.99943							#	   2.39	  39.39	
    649	  17.95	   0.68	 -0.033	0.99947							#	   2.13	  39.65	
    650	  17.80	   0.60	 -0.033	0.99943							#	   2.14	  40.30	
    651	  17.80	   0.61	 -0.033	0.99946							#	   2.25	  39.75	
    652	  17.82	   0.56	 -0.034	0.99945							#	   2.29	  40.30	
    653	  17.80	   0.48	 -0.034	0.99925							#	   2.26	  39.24	
    654	  18.01	   0.47	 -0.030	0.99903							#	   2.27	  39.09	
    655	  18.21	   0.45	 -0.027	0.99907							#	   2.30	  38.79	
    656	  18.40	   0.55	 -0.026	0.99912							#	   2.52	  38.69	
    657	  18.56	   0.58	 -0.025	0.99920							#	   2.14	  37.88	
    658	  18.53	   0.52	 -0.020	0.99913							#	   2.15	  38.18	
    659	  18.60	   0.44	 -0.022	0.99911							#	   2.43	  37.53	
    660	  18.48	   0.44	 -0.019	0.99905							#	   2.03	  36.67	
    661	  18.63	   0.34	 -0.019	0.99913							#	   2.00	  37.22	
    662	  18.53	   0.34	 -0.018	0.99906							#	   2.21	  38.08	
    663	  18.69	   0.33	 -0.020	0.99913							#	   2.10	  36.82	
    664	  18.81	   0.38	 -0.016	0.99906							#	   2.04	  36.92	
    665	  19.24	   0.26	 -0.018	0.99911							#	   2.30	  37.07	
    666	  19.26	   0.29	 -0.016	0.99905							#	   2.26	  36.11	
    667	  19.41	   0.23	 -0.019	0.99914							#	   2.21	  36.01	
    668	  19.62	   0.20	 -0.018	0.99921							#	   2.22	  35.71	
    669	  19.65	   0.28	 -0.015	0.99918							#	   2.24	  35.25	
    670	  19.83	   0.40	 -0.014	0.99917							#	   2.27	  33.94	
    671	  19.74	   0.44	 -0.019	0.99911							#	   2.16	  33.94	
    672	  19.77	   0.48	 -0.016	0.99898							#	   2.19	  34.14	
    673	  19.63	   0.49	 -0.015	0.99897							#	   2.25	  33.89	
    674	  19.43	   0.40	 -0.021	0.99880							#	   2.21	  34.55	
    675	  19.64	   0.32	 -0.019	0.99887							#	   2.31	  34.85	
    676	  19.77	   0.35	 -0.018	0.99898							#	   2.14	  34.09	
    677	  19.73	   0.37	 -0.018	0.99896							#	   2.12	  34.55	
    678	  19.87	   0.33	 -0.020	0.99893							#	   2.14	  34.19	
    679	  19.93	   0.36	 -0.022	0.99891							#	   2.08	  34.14	
    680	  19.89	   0.43	 -0.021	0.99887							#	   2.13	  33.54	
    681	  19.99	   0.46	 -0.024	0.99883							#	   2.05	  33.38	
    682	  20.15	   0.63	 -0.023	0.99890							#	   2.20	  32.68	
    683	  20.06	   0.61	 -0.021	0.99887							#	   2.22	  33.38	
    684	  20.01	   0.63	 -0.021	0.99888							#	   1.98	  33.08	
    685	  19.98	   0.51	 -0.021	0.99886							#	   2.14	  33.38	
    686	  20.13	   0.56	 -0.022	0.99889							#	   2.28	  32.63	
    687	  20.23	   0.51	 -0.023	0.99895							#	   2.06	  32.88	
    688	  20.24	   0.40	 -0.026	0.99887							#	   2.20	  33.03	
    689	  20.46	   0.34	 -0.024	0.99897							#	   2.20	  32.78	
    690	  20.41	   0.41	 -0.026	0.99899							#	   2.30	  32.98	
    691	  20.40	   0.47	 -0.028	0.99897							#	   2.02	  32.73	
    692	  20.43	   0.45	 -0.026	0.99893							#	   2.14	  32.78	
    693	  20.39	   0.45	 -0.027	0.99898							#	   2.27	  32.73	
    694	  20.31	   0.47	 -0.027	0.99894							#	   2.01	  33.03	
    695	  20.14	   0.46	 -0.028	0.99889							#	   2.17	  32.83	
    696	  20.05	   0.52	 -0.027	0.99896							#	   2.14	  33.18	
    697	  20.12	   0.74	 -0.019	0.99925							#	   2.08	  35.35	
    698	  20.21	   0.68	 -0.022	0.99953							#	   2.30	  35.20	
    699	  20.20	   0.72	 -0.020	0.99979							#	   2.05	  34.80	
    700	  20.14	   0.63	 -0.022	0.99974							#	   2.15	  34.75	
    701	  20.04	   0.55	 -0.022	0.99951							#	   2.30	  34.44	
    702	  20.09	   0.50	 -0.024	0.99967							#	   2.18	  33.59	
    703	  20.23	   0.55	 -0.023	0.99966							#	   2.23	  33.89	
    704	  20.07	   0.55	 -0.024	0.99954							#	   2.08	  34.09	
    705	  20.14	   0.59	 -0.022	0.99958							#	   2.21	  34.19	
    706	  20.01	   0.53	 -0.027	0.99956							#	   2.20	  32.63	
    707	  20.04	   0.64	 -0.023	0.99943							#	   2.12	  34.29	
    708	  20.00	   0.53	 -0.025	0.99941							#	   2.21	  33.43	
    709	  19.84	   0.41	 -0.026	0.99917							#	   2.15	  33.69	
    710	  19.80	   0.36	 -0.027	0.99917							#	   2.08	  33.94	
    711	  19.67	   0.33	 -0.029	0.99914							#	   2.18	  33.89	
    712	  19.74	   0.20	 -0.029	0.99957							#	   2.17	  35.10	
    713	  19.77	   0.06	 -0.032	0.99960							#	   2.10	  34.90	
    714	  19.68	  -0.04	 -0.035	1.00003							#	   2.16	  34.85	
    715	  19.71	  -0.20	 -0.030	1.00024							#	   2.33	  34.70	
    716	  19.70	  -0.14	 -0.032	1.00032							#	   2.01	  33.74	
    717	  19.82	  -0.18	 -0.029	1.00035							#	   2.19	  34.04	
    718	  19.88	  -0.12	 -0.030	1.00029							#	   2.35	  34.60	
    719	  19.76	  -0.13	 -0.030	1.00034							#	   2.00	  34.09	
    720	  19.63	  -0.01	 -0.029	1.00021							#	   2.17	  34.04	
    721	  19.47	  -0.12	 -0.031	1.00010							#	   2.17	  36.77	
    722	  19.20	  -0.15	 -0.037	1.00012							#	   2.02	  35.00	
    723	  19.04	  -0.13	 -0.033	1.00042							#	   2.12	  34.39	
    724	  18.95	  -0.23	 -0.031	1.00043							#	   2.27	  34.80	
    725	  18.93	  -0.24	 -0.032	1.00044							#	   2.14	  34.24	
    726	  18.77	  -0.25	 -0.036	1.00044							#	   2.19	  34.60	
    727	  18.85	  -0.27	 -0.041	1.00047							#	   2.33	  35.10	
    728	  19.32	  -0.24	 -0.041	0.99996							#	   2.31	  34.29	
    729	  19.54	  -0.22	 -0.040	0.99997							#	   2.36	  34.09	
    730	  19.77	  -0.25	 -0.044	1.00005							#	   2.43	  33.18	
    731	  19.88	  -0.23	 -0.038	1.00001							#	   2.28	  33.84	
    732	  19.86	  -0.22	 -0.036	1.00012							#	   2.56	  33.43	
    733	  20.08	  -0.15	 -0.034	1.00011							#	   2.29	  34.24	
    734	  20.08	  -0.16	 -0.031	1.00012							#	   2.36	  34.95	
    735	  19.94	  -0.21	 -0.032	1.00051							#	   2.74	  34.44	
    736	  19.63	  -0.21	 -0.033	1.00038							#	   1.99	  34.55	
    737	  19.43	  -0.20	 -0.036	1.00036							#	   2.00	  34.90	
    738	  19.12	  -0.38	 -0.038	1.00043							#	   2.45	  35.05	
    739	  18.89	  -0.35	 -0.037	1.00053							#	   1.94	  34.44	
    740	  18.82	  -0.38	 -0.034	1.00054							#	   1.84	  34.39	
    741	  18.78	  -0.42	 -0.032	1.00047							#	   2.44	  35.15	
    742	  18.47	  -0.32	 -0.036	1.00050							#	   1.91	  36.21	
    743	  18.47	  -0.42	 -0.031	1.00024							#	   1.83	  35.76	
    744	  18.08	  -0.28	 -0.024	1.00020							#	   2.47	  37.27	
    745	  17.88	  -0.37	 -0.031	1.00023							#	   1.96	  36.21	
    746	  19.00	  -0.34	 -0.030	1.00040							#	   2.31	  35.35	
    747	  19.11	   0.54	 -0.032	1.00036							#	   2.85	  32.83	
    748	  19.36	  -0.27	 -0.024	1.00032							#	   2.20	  35.81	
    749	  19.18	  -0.21	 -0.027	1.00035							#	   2.22	  35.61	
    750	  19.02	  -0.18	 -0.025	1.00039							#	   2.56	  35.20	
    751	  18.74	  -0.27	 -0.026	1.00051							#	   2.36	  36.72	
    752	  18.55	  -0.28	 -0.024	1.00045							#	   2.21	  37.73	
    753	  16.23	  -0.40	 -0.019	1.00024							#	   2.23	  41.06	
    754	  16.26	  -0.49	 -0.019	1.00015							#	   2.10	  40.51	
    755	  16.07	  -0.50	 -0.017	1.00015							#	   2.04	  39.60	
    756	  15.97	  -0.53	 -0.019	1.00015							#	   1.97	  39.90	
    757	  15.77	  -0.58	 -0.020	0.99995							#	   2.38	  39.04	
    758	  15.51	  -0.66	 -0.019	0.99983							#	   2.12	  38.13	
    759	  15.36	  -0.60	 -0.019	0.99994							#	   2.03	  39.65	
    760	  15.14	  -0.65	 -0.017	0.99964							#	   2.08	  37.93	
    761	  14.92	  -0.74	 -0.019	0.99962							#	   2.44	  38.89	
    762	  14.78	  -0.73	 -0.016	0.99962							#	   2.06	  38.48	
    763	  14.69	  -0.79	 -0.018	0.99964							#	   2.16	  40.45	
    764	  12.10	  -0.75	 -0.012	0.99961							#	   1.63	  45.15	
    765	  12.20	  -0.77	 -0.014	0.99973							#	   1.77	  45.25	
    766	  12.77	  -0.80	 -0.013	0.99980							#	   1.77	  44.09	
    767	  13.28	  -0.75	 -0.011	0.99967							#	   1.93	  42.17	
    768	  13.74	  -0.79	 -0.007	0.99958							#	   2.18	  43.33	
    769	  14.16	  -0.92	 -0.013	0.99971							#	   2.20	  43.28	
    770	  14.33	  -0.94	 -0.009	0.99967							#	   2.51	  42.02	
    771	  14.61	  -1.06	 -0.012	1.00004							#	   2.43	  42.73	
    772	  14.69	  -0.96	 -0.009	0.99993							#	   2.06	  40.40	
    773	  15.00	  -0.85	 -0.014	0.99961							#	   2.71	  41.67	
    774	  15.09	  -0.79	 -0.011	0.99959							#	   2.29	  40.20	
    775	  15.34	  -0.88	 -0.012	0.99966							#	   2.13	  41.01	
    776	  15.35	  -0.91	 -0.012	0.99969							#	   2.64	  40.71	
    777	  15.63	  -0.94	 -0.015	0.99980							#	   2.46	  41.26	
    778	  15.66	  -1.05	 -0.011	0.99992							#	   2.29	  39.95	
    779	  15.81	  -0.99	 -0.013	0.99987							#	   2.66	  40.56	
    780	  15.89	  -1.12	 -0.014	0.99994							#	   2.57	  39.44	
    781	  16.16	  -1.04	 -0.016	0.99987							#	   2.70	  40.40	
    782	  16.15	  -1.00	 -0.014	0.99984							#	   2.76	  39.49	
    783	  16.25	  -0.87	 -0.012	0.99961							#	   2.60	  39.75	
    784	  16.28	  -0.80	 -0.013	0.99964							#	   2.56	  38.74	
    785	  16.53	  -0.80	 -0.011	0.99965							#	   2.62	  38.48	
    786	  16.54	  -0.79	 -0.011	0.99956							#	   2.63	  39.09	
    787	  16.51	  -0.73	 -0.012	0.99956							#	   2.50	  37.78	
    788	  16.43	  -0.62	 -0.013	0.99972							#	   2.62	  37.58	
    789	  16.45	  -0.57	 -0.012	0.99968							#	   2.60	  37.32	
    790	  16.41	  -0.61	 -0.014	0.99972							#	   2.35	  37.88	
    791	  16.29	  -0.63	 -0.012	0.99962							#	   2.70	  37.22	
    792	  16.18	  -0.52	 -0.013	0.99955							#	   2.32	  37.27	
    793	  16.29	  -0.52	 -0.012	0.99960							#	   2.42	  36.41	
    794	  16.11	  -0.47	 -0.013	0.99955							#	   2.80	  37.02	
    795	  15.97	  -0.44	 -0.012	0.99958							#	   2.40	  37.73	
    796	  15.99	  -0.38	 -0.013	0.99957							#	   2.52	  37.78	
    797	  16.03	  -0.40	 -0.012	0.99953							#	   2.56	  37.37	
    798	  15.92	  -0.54	 -0.013	0.99950							#	   2.53	  37.68	
    799	  15.89	  -0.44	 -0.014	0.99954							#	   2.61	  37.73	
    800	  15.99	  -0.47	 -0.013	0.99952							#	   2.63	  36.46	
    801	  15.98	  -0.31	 -0.013	0.99951							#	   2.41	  36.77	
    802	  16.04	  -0.38	 -0.012	0.99954							#	   2.89	  37.07	
    803	  15.79	  -0.33	 -0.011	0.99946							#	   2.37	  37.47	
    804	  15.79	  -0.39	 -0.015	0.99945							#	   2.15	  37.17	
    805	  15.51	  -0.38	 -0.014	0.99948							#	   2.45	  37.02	
    806	  15.23	  -0.38	 -0.017	0.99954							#	   2.37	  37.17	
    807	  15.11	  -0.27	 -0.012	0.99937							#	   2.22	  37.83	
    808	  14.85	  -0.27	 -0.013	0.99942							#	   2.21	  38.08	
    809	  14.48	  -0.25	 -0.015	0.99937							#	   2.19	  38.03	
    810	  14.64	  -0.10	 -0.010	0.99929							#	   2.18	  39.65	
    811	  14.80	  -0.03	 -0.008	0.99930							#	   2.43	  39.19	
    812	  14.94	  -0.13	 -0.007	0.99934							#	   2.32	  38.64	
    813	  15.02	  -0.12	 -0.011	0.99931							#	   2.21	  37.37	
    814	  15.15	   0.01	 -0.007	0.99914							#	   2.48	  39.49	
    815	  15.13	   0.09	 -0.004	0.99911							#	   2.45	  38.38	
    816	  15.14	   0.08	 -0.006	0.99905							#	   2.38	  38.59	
    817	  15.02	   0.10	 -0.006	0.99904							#	   2.49	  38.64	
    818	  15.05	   0.17	 -0.006	0.99909							#	   2.29	  38.74	
    819	  14.98	   0.06	 -0.007	0.99909							#	   2.41	  37.37	
    820	  14.94	   0.02	 -0.006	0.99910							#	   2.74	  37.73	
    821	  14.85	   0.07	 -0.007	0.99901							#	   2.11	  38.59	
    822	  14.61	  -0.05	 -0.008	0.99887							#	   1.98	  38.48	
    823	  14.61	  -0.25	 -0.008	0.99920							#	   2.30	  37.47	
    824	  14.42	  -0.22	 -0.009	0.99905							#	   2.43	  37.98	
    825	  14.22	  -0.31	 -0.010	0.99896							#	   2.09	  37.58	
    826	  14.25	  -0.41	 -0.012	0.99900							#	   2.33	  36.87	
    827	  14.10	  -0.40	 -0.010	0.99894							#	   2.24	  37.98	
    828	  13.94	  -0.50	 -0.008	0.99909							#	   2.38	  37.63	
    829	  13.79	  -0.54	 -0.012	0.99898							#	   2.18	  37.93	
    830	  13.55	  -0.65	 -0.011	0.99889							#	   2.20	  38.79	
    831	  13.44	  -0.64	 -0.013	0.99895							#	   2.12	  38.08	
    832	  13.35	  -0.76	 -0.013	0.99886							#	   2.21	  39.09	
    833	  13.15	  -0.71	 -0.010	0.99889							#	   2.07	  38.99	
    834	  13.04	  -0.74	 -0.010	0.99889							#	   2.19	  38.84	
    835	  12.96	  -0.70	 -0.009	0.99891							#	   2.23	  38.38	
    836	  12.88	  -0.78	 -0.007	0.99890							#	   1.93	  37.78	
    837	  12.74	  -0.77	 -0.010	0.99894							#	   1.89	  38.84	
    838	  12.50	  -0.79	 -0.010	0.99883							#	   2.08	  39.14	
    839	  12.34	  -0.84	 -0.010	0.99885							#	   2.13	  39.09	
    840	  12.15	  -0.96	 -0.010	0.99877							#	   1.82	  39.65	
    841	  12.14	  -0.98	 -0.011	0.99883							#	   1.89	  40.25	
    842	  11.84	  -0.90	 -0.010	0.99880							#	   1.79	  39.55	
    843	  11.86	  -0.97	 -0.010	0.99886							#	   2.02	  39.39	
    844	  11.57	  -1.01	 -0.009	0.99879							#	   1.90	  39.55	
    845	  11.47	  -0.97	 -0.009	0.99884							#	   1.88	  39.85	
    846	  11.27	  -0.95	 -0.012	0.99885							#	   1.65	  39.60	
    847	  11.16	  -0.91	 -0.011	0.99890							#	   1.65	  40.40	
    848	  10.99	  -1.03	 -0.010	0.99878							#	   1.81	  39.55	
    849	  10.88	  -0.99	 -0.009	0.99885							#	   1.83	  39.49	
    850	  10.85	  -0.93	 -0.010	0.99890							#	   1.74	  39.90	
    851	  10.71	  -0.90	 -0.009	0.99888							#	   1.66	  39.80	
    852	  10.52	  -0.98	 -0.009	0.99887							#	   1.53	  39.09	
    853	  10.44	  -1.02	 -0.010	0.99891							#	   1.60	  39.44	
    854	  10.14	  -1.05	 -0.011	0.99893							#	   1.58	  39.55	
    855	  10.02	  -0.96	 -0.010	0.99898							#	   1.57	  39.65	
    856	   9.84	  -0.92	 -0.010	0.99905							#	   1.57	  40.10	
    857	   9.73	  -0.96	 -0.009	0.99907							#	   1.50	  41.11	
    858	   9.46	  -0.93	 -0.009	0.99926							#	   1.26	  43.23	
    859	   9.31	  -1.02	 -0.009	0.99930							#	   1.25	  43.18	
    860	   9.15	  -1.02	 -0.008	0.99932							#	   1.38	  43.18	
    861	   8.93	  -0.95	 -0.009	0.99925							#	   1.45	  42.68	
    862	   8.87	  -0.89	 -0.009	0.99934							#	   1.53	  43.18	
    863	   8.82	  -0.97	 -0.008	0.99933							#	   1.36	  44.14	
    864	   8.61	  -0.85	 -0.009	0.99936							#	   1.27	  44.29	
    865	   8.56	  -0.91	 -0.007	0.99934							#	   1.23	  43.74	
    866	   8.39	  -0.96	 -0.009	0.99934							#	   1.20	  43.89	
    867	   8.28	  -0.92	 -0.008	0.99934							#	   1.29	  43.69	
    868	   8.23	  -0.98	 -0.009	0.99935							#	   1.29	  44.09	
    869	   8.13	  -0.99	 -0.008	0.99939							#	   1.35	  43.79	
    870	   8.22	  -1.16	 -0.010	1.00033							#	   1.30	  49.95	
    871	   8.07	  -1.09	 -0.009	1.00032							#	   1.26	  49.70	
    872	   8.04	  -1.08	 -0.010	1.00035							#	   1.29	  51.36	
    873	   7.85	  -1.16	 -0.011	1.00029							#	   1.12	  53.48	
    874	   7.70	  -1.03	 -0.011	1.00028							#	   1.02	  52.73	
    875	   7.63	  -1.08	 -0.010	1.00029							#	   1.07	  52.47	
    876	   7.42	  -1.04	 -0.010	1.00029							#	   1.10	  51.31	
    877	   7.25	  -1.03	 -0.011	1.00030							#	   1.19	  51.11	
    878	   7.09	  -0.92	 -0.011	1.00030							#	   1.11	  52.12	
    879	   7.10	  -0.87	 -0.011	1.00029							#	   1.16	  52.47	
    880	   6.97	  -0.74	 -0.011	1.00029							#	   1.07	  52.22	
    881	   6.92	  -0.76	 -0.010	1.00029							#	   1.00	  52.93	
    882	   6.83	  -0.67	 -0.010	1.00029							#	   1.04	  52.93	
    883	   6.82	  -0.55	 -0.010	1.00007							#	   1.10	  55.40	
    884	   6.61	  -0.63	 -0.011	1.00003							#	   1.03	  55.40	
    885	   6.64	  -0.62	 -0.010	1.00005							#	   1.02	  57.53	
    886	   6.56	  -0.59	 -0.010	1.00009							#	   1.01	  58.03	
    887	   6.37	  -0.54	 -0.012	1.00007							#	   1.00	  59.80	
    888	   6.35	  -0.53	 -0.011	1.00008							#	   1.06	  59.70	
    889	   6.30	  -0.39	 -0.010	1.00014							#	   1.13	  60.35	
    890	   6.16	  -0.38	 -0.010	1.00013							#	   1.00	  60.35	
    891	   5.95	  -0.44	 -0.010	1.00011							#	   0.99	  60.51	
    892	   5.85	  -0.32	 -0.009	1.00013							#	   0.88	  61.26	
    893	   5.97	  -0.34	 -0.009	1.00030							#	   1.02	  61.57	
    894	   5.50	  -0.32	 -0.008	1.00019							#	   0.91	  61.77	
    895	   5.45	  -0.26	 -0.009	1.00012							#	   0.96	  62.22	
    896	   5.37	  -0.25	 -0.007	1.00010							#	   0.88	  62.88	
    897	   5.21	  -0.17	 -0.006	1.00007							#	   0.87	  62.42	
    898	   5.02	  -0.15	 -0.006	1.00006							#	   0.88	  61.36	
    899	   4.99	  -0.21	 -0.005	1.00003							#	   1.09	  62.17	
    900	   4.78	  -0.18	 -0.007	1.00004							#	   0.90	  61.97	
    901	   4.63	  -0.25	 -0.007	1.00002							#	   0.89	  63.33	
    902	   4.55	  -0.19	 -0.006	1.00005							#	   0.88	  62.63	
    903	   4.34	  -0.16	 -0.006	1.00003							#	   0.90	  62.83	
    904	   4.22	  -0.19	 -0.006	1.00006							#	   0.95	  62.98	
    905	   4.13	  -0.26	 -0.007	1.00004							#	   0.89	  63.03	
    906	   4.03	  -0.20	 -0.007	1.00003							#	   0.97	  63.28	
    907	   3.78	  -0.17	 -0.007	1.00004							#	   0.98	  62.93	
    908	   3.90	  -0.24	 -0.007	1.00004							#	   1.07	  62.32	
    909	   3.75	  -0.18	 -0.007	1.00005							#	   0.87	  62.58	
    910	   3.67	  -0.23	 -0.008	1.00004							#	   0.76	  62.42	
    911	   3.52	  -0.12	 -0.006	1.00006							#	   0.77	  62.93	
    912	   3.56	  -0.14	 -0.007	1.00006							#	   0.83	  62.32	
    913	   3.39	  -0.12	 -0.008	1.00005							#	   0.81	  62.37	
    914	   3.44	  -0.08	 -0.006	1.00005							#	   0.76	  62.17	
    915	   3.17	  -0.00	 -0.007	1.00005							#	   0.64	  62.22	
    916	   3.29	   0.02	 -0.007	1.00002							#	   0.77	  62.63	
    917	   3.27	   0.06	 -0.007	1.00005							#	   0.84	  61.82	
    918	   3.44	   0.06	 -0.007	1.00004							#	   0.91	  62.32	
    919	   3.38	   0.12	 -0.008	1.00007							#	   0.87	  62.63	
    920	   3.53	   0.08	 -0.007	1.00003							#	   0.83	  62.88	
    921	   3.42	   0.15	 -0.007	1.00007							#	   0.73	  62.83	
    922	   3.52	   0.22	 -0.007	1.00003							#	   0.85	  62.68	
    923	   3.53	   0.21	 -0.007	1.00002							#	   0.91	  62.98	
    924	   3.55	   0.22	 -0.007	1.00002							#	   0.86	  62.63	
    925	   3.48	   0.27	 -0.006	1.00004							#	   0.86	  62.47	
    926	   3.39	   0.20	 -0.005	1.00003							#	   0.78	  62.32	
    927	   3.39	   0.17	 -0.005	1.00005							#	   0.70	  62.68	
    928	   3.29	   0.17	 -0.004	1.00004							#	   0.75	  62.98	
    929	   3.28	   0.13	 -0.005	1.00004							#	   0.82	  63.48	
    930	   3.11	   0.09	 -0.005	1.00003							#	   0.79	  63.69	
    931	   3.06	   0.06	 -0.005	1.00002							#	   0.81	  63.94	
    932	   3.04	  -0.06	 -0.004	1.00003							#	   0.79	  63.84	
    933	   2.27	   0.12	 -0.003	1.00000							#	   0.57	  63.03	
    934	   3.03	  -0.07	 -0.004	1.00001							#	   0.70	  63.94	
    935	   2.91	  -0.02	 -0.002	1.00000							#	   0.76	  63.99	
    936	   2.59	  -0.07	 -0.002	1.00001							#	   0.69	  63.43	
    937	   2.48	  -0.14	 -0.001	1.00002							#	   0.71	  63.13	
    938	   2.65	  -0.02	 -0.003	1.00005							#	   0.82	  63.69	
    939	   2.44	  -0.04	 -0.001	1.00000							#	   0.70	  64.04	
    940	   2.45	  -0.10	 -0.001	1.00003							#	   0.61	  64.44	
    941	   2.13	  -0.07	 -0.002	1.00000							#	   0.61	  64.34	
    942	   2.16	  -0.14	 -0.002	1.00002							#	   0.60	  63.84	
