      1	  -1.23	   0.97	  0.001	0.99999							#	   0.02	  67.42	
      2	  -1.24	   1.03	  0.000	1.00000							#	   0.08	  67.47	
      3	  -1.31	   1.02	  0.001	0.99997							#	   0.07	  67.17	
      4	  -1.34	   1.04	 -0.001	0.99999							#	   0.07	  67.22	
      5	  -1.39	   1.07	 -0.001	0.99997							#	   0.07	  67.17	
      6	  -1.45	   1.11	  0.001	0.99993							#	   0.08	  67.07	
      7	  -1.36	   1.18	  0.000	0.99994							#	   0.08	  67.32	
      8	  -1.27	   1.08	  0.000	0.99996							#	   0.07	  67.68	
      9	  -1.34	   1.08	  0.000	0.99997							#	   0.07	  67.37	
     10	  -1.39	   1.15	 -0.002	0.99992							#	   0.08	  67.32	
     11	  -1.21	   1.21	 -0.001	0.99995							#	   0.07	  67.12	
     12	  -1.08	   1.24	 -0.001	0.99995							#	   0.08	  67.02	
     13	  -1.17	   1.14	  0.001	0.99994							#	   0.07	  66.87	
     14	  -1.52	   1.20	 -0.002	0.99992							#	   0.09	  66.67	
     15	  -1.43	   1.24	 -0.003	0.99992							#	   0.08	  67.07	
     16	  -1.40	   1.17	 -0.002	0.99991							#	   0.08	  67.42	
     17	  -1.62	   1.20	 -0.004	0.99989							#	   0.09	  67.42	
     18	  -1.65	   1.22	 -0.003	0.99987							#	   0.09	  67.63	
     19	  -1.43	   1.21	 -0.003	0.99989							#	   0.08	  67.88	
     20	  -1.71	   1.13	 -0.002	0.99988							#	   0.08	  67.73	
     21	  -1.83	   1.20	 -0.002	0.99988							#	   0.10	  67.68	
     22	  -1.67	   1.19	 -0.003	0.99986							#	   0.09	  68.33	
     23	  -1.82	   1.14	 -0.002	0.99988							#	   0.09	  67.78	
     24	  -1.85	   1.10	 -0.002	0.99985							#	   0.09	  68.13	
     25	  -1.72	   1.10	 -0.003	0.99987							#	   0.09	  68.08	
     26	  -1.67	   1.11	 -0.001	0.99985							#	   0.08	  68.38	
     27	  -1.78	   1.05	 -0.000	0.99985							#	   0.09	  67.58	
     28	  -1.87	   1.07	 -0.001	0.99986							#	   0.09	  68.23	
     29	  -1.82	   0.95	  0.001	0.99987							#	   0.08	  67.98	
     30	  -1.64	   0.95	 -0.001	0.99987							#	   0.07	  67.27	
     31	  -1.61	   0.94	 -0.000	0.99987							#	   0.07	  67.83	
     32	  -1.69	   0.84	  0.002	0.99991							#	   0.07	  66.72	
     33	  -1.67	   0.86	  0.000	0.99989							#	   0.07	  66.52	
     34	  -1.79	   0.80	  0.002	0.99988							#	   0.07	  65.96	
     35	  -1.83	   0.68	  0.001	0.99988							#	   0.07	  65.25	
     36	  -1.53	   0.74	  0.001	0.99989							#	   0.06	  66.06	
     37	  -1.71	   0.67	  0.003	0.99988							#	   0.06	  65.20	
     38	  -1.77	   0.61	  0.002	0.99990							#	   0.07	  65.51	
     39	  -1.69	   0.59	  0.003	0.99988							#	   0.06	  65.15	
     40	  -1.74	   0.58	  0.002	0.99987							#	   0.06	  65.15	
     41	  -1.82	   0.51	  0.004	0.99985							#	   0.06	  66.11	
     42	  -1.87	   0.40	  0.003	0.99987							#	   0.06	  66.21	
     43	  -1.74	   0.45	  0.001	0.99988							#	   0.06	  66.16	
     44	  -1.79	   0.35	  0.002	0.99988							#	   0.06	  66.67	
     45	  -1.74	   0.37	  0.002	0.99987							#	   0.06	  66.52	
     46	  -2.02	   0.32	  0.001	0.99990							#	   0.07	  66.57	
     47	  -1.89	   0.34	  0.001	0.99988							#	   0.07	  66.72	
     48	  -1.90	   0.33	  0.002	0.99988							#	   0.07	  66.62	
     49	  -1.82	   0.29	  0.001	0.99989							#	   0.06	  66.97	
     50	  -1.94	   0.30	  0.002	0.99989							#	   0.06	  66.67	
     51	  -2.21	   0.39	  0.003	0.99986							#	   0.08	  66.92	
     52	  -2.44	   0.50	  0.002	0.99991							#	   0.09	  65.40	
     53	  -2.38	   0.39	  0.002	0.99986							#	   0.09	  67.07	
     54	  -2.38	   0.37	 -0.000	0.99986							#	   0.09	  67.17	
     55	  -2.42	   0.40	  0.001	0.99988							#	   0.09	  66.87	
     56	  -2.35	   0.48	  0.002	0.99990							#	   0.08	  66.62	
     57	  -2.71	   0.45	  0.002	0.99986							#	   0.09	  66.97	
     58	  -2.67	   0.39	  0.001	0.99988							#	   0.09	  67.17	
     59	  -2.71	   0.43	  0.000	0.99988							#	   0.09	  66.92	
     60	  -2.81	   0.42	  0.002	0.99988							#	   0.14	  66.26	
     61	  -3.03	   0.70	  0.001	0.99991							#	   0.12	  66.87	
     62	  -2.98	   0.72	  0.000	0.99991							#	   0.12	  66.52	
     63	  -3.02	   0.69	 -0.001	0.99990							#	   0.11	  65.30	
     64	  -3.06	   0.73	  0.000	0.99991							#	   0.12	  66.01	
     65	  -3.20	   0.73	 -0.001	0.99992							#	   0.12	  64.80	
     66	  -3.35	   0.75	 -0.002	0.99993							#	   0.13	  65.15	
     67	  -3.44	   0.71	  0.000	0.99997							#	   0.13	  64.49	
     68	  -3.45	   0.88	 -0.003	0.99991							#	   0.13	  66.21	
     69	  -3.68	   0.96	 -0.001	0.99996							#	   0.15	  65.20	
     70	  -3.53	   0.98	 -0.000	0.99995							#	   0.15	  66.26	
     71	  -3.49	   1.07	 -0.001	0.99994							#	   0.15	  66.41	
     72	  -3.72	   1.10	  0.001	0.99995							#	   0.16	  65.81	
     73	  -3.67	   1.10	 -0.000	0.99995							#	   0.16	  66.11	
     74	  -3.47	   1.10	  0.001	0.99994							#	   0.15	  66.87	
     75	  -3.69	   1.14	  0.001	0.99993							#	   0.16	  66.01	
     76	  -3.72	   1.20	  0.002	0.99996							#	   0.18	  65.05	
     77	  -3.56	   1.31	  0.001	0.99991							#	   0.17	  65.05	
     78	  -3.75	   1.46	  0.005	0.99995							#	   0.19	  64.04	
     79	  -3.87	   1.49	  0.003	0.99991							#	   0.21	  64.90	
     80	  -3.91	   1.67	  0.003	0.99996							#	   0.22	  62.12	
     81	  -3.62	   1.88	  0.002	0.99997							#	   0.21	  64.85	
     82	  -3.58	   1.85	  0.002	0.99997							#	   0.22	  64.70	
     83	  -3.51	   1.89	 -0.001	0.99997							#	   0.21	  65.81	
     84	  -3.40	   2.00	  0.001	0.99997							#	   0.21	  66.31	
     85	  -3.33	   2.04	  0.001	0.99997							#	   0.21	  66.36	
     86	  -3.23	   2.21	  0.001	0.99995							#	   0.24	  66.87	
     87	  -3.07	   2.30	  0.003	0.99992							#	   0.26	  66.57	
     88	  -3.04	   2.44	  0.004	0.99995							#	   0.27	  65.00	
     89	  -3.04	   2.56	  0.004	0.99996							#	   0.27	  65.10	
     90	  -2.94	   2.72	  0.003	0.99997							#	   0.27	  65.20	
     91	  -2.92	   2.83	  0.002	0.99998							#	   0.28	  65.86	
     92	  -2.83	   2.98	  0.002	0.99993							#	   0.29	  65.86	
     93	  -2.84	   3.02	  0.004	0.99995							#	   0.30	  66.77	
     94	  -2.84	   3.04	  0.004	0.99992							#	   0.30	  65.71	
     95	  -2.53	   3.20	  0.004	0.99992							#	   0.31	  67.53	
     96	  -2.63	   3.19	  0.004	0.99994							#	   0.30	  67.78	
     97	  -2.61	   3.31	  0.004	0.99994							#	   0.34	  66.01	
     98	  -2.40	   3.37	  0.005	0.99993							#	   0.33	  67.42	
     99	  -2.46	   3.42	  0.004	0.99997							#	   0.34	  66.01	
    100	  -2.33	   3.56	  0.005	1.00002							#	   0.35	  64.85	
    101	  -2.28	   3.63	  0.005	1.00002							#	   0.37	  64.44	
    102	  -2.30	   3.72	  0.005	1.00004							#	   0.40	  63.43	
    103	  -2.22	   3.78	  0.005	1.00004							#	   0.42	  62.88	
    104	  -2.06	   3.84	  0.006	1.00005							#	   0.45	  63.99	
    105	  -2.03	   3.92	  0.005	1.00001							#	   0.48	  64.24	
    106	  -2.25	   3.95	  0.005	1.00002							#	   0.50	  64.24	
    107	  -2.30	   4.04	  0.003	1.00000							#	   0.50	  64.75	
    108	  -2.21	   4.04	  0.006	1.00004							#	   0.47	  63.74	
    109	  -2.17	   4.23	  0.007	0.99998							#	   0.50	  63.23	
    110	  -2.28	   4.25	  0.005	1.00000							#	   0.50	  62.88	
    111	  -2.43	   4.26	  0.006	1.00001							#	   0.50	  63.64	
    112	  -2.50	   4.37	  0.005	1.00000							#	   0.51	  62.88	
    113	  -2.50	   4.31	  0.006	1.00000							#	   0.51	  61.87	
    114	  -2.38	   4.28	  0.005	0.99999							#	   0.51	  63.59	
    115	  -2.66	   4.34	  0.006	0.99999							#	   0.54	  63.28	
    116	  -2.55	   4.27	  0.005	0.99999							#	   0.50	  62.17	
    117	  -2.54	   4.20	  0.005	0.99999							#	   0.51	  64.34	
    118	  -2.56	   4.34	  0.004	0.99998							#	   0.56	  63.59	
    119	  -2.43	   4.25	  0.006	0.99997							#	   0.55	  63.64	
    120	  -2.35	   4.26	  0.005	0.99996							#	   0.60	  64.14	
    121	  -2.64	   4.20	  0.005	0.99996							#	   0.59	  65.51	
    122	  -2.59	   4.16	  0.003	0.99993							#	   0.55	  65.81	
    123	  -2.61	   4.16	  0.006	0.99997							#	   0.52	  64.85	
    124	  -2.60	   4.18	  0.003	0.99994							#	   0.49	  65.35	
    125	  -2.47	   4.08	  0.004	0.99996							#	   0.46	  65.96	
    126	  -2.47	   4.05	  0.005	0.99995							#	   0.46	  64.80	
    127	  -2.35	   4.02	  0.005	0.99998							#	   0.45	  65.51	
    128	  -2.46	   4.07	  0.004	0.99996							#	   0.45	  66.41	
    129	  -2.36	   4.11	  0.005	0.99996							#	   0.47	  65.45	
    130	  -2.40	   4.05	  0.004	0.99996							#	   0.46	  64.14	
    131	  -2.33	   4.04	  0.004	0.99998							#	   0.45	  64.65	
    132	  -2.49	   4.01	  0.004	0.99998							#	   0.48	  65.30	
    133	  -2.24	   3.96	  0.005	1.00000							#	   0.46	  62.83	
    134	  -2.39	   3.99	  0.005	0.99996							#	   0.50	  65.45	
    135	  -2.29	   3.97	  0.003	0.99997							#	   0.51	  65.20	
    136	  -2.22	   3.81	  0.004	1.00002							#	   0.48	  65.91	
    137	  -2.16	   3.87	  0.004	0.99998							#	   0.48	  65.40	
    138	  -2.27	   3.77	  0.004	0.99999							#	   0.46	  65.15	
    139	  -2.10	   3.74	  0.005	0.99999							#	   0.40	  63.84	
    140	  -1.98	   3.70	  0.006	0.99997							#	   0.38	  63.69	
    141	  -1.85	   3.69	  0.005	1.00000							#	   0.38	  63.48	
    142	  -2.04	   3.59	  0.005	1.00000							#	   0.37	  65.66	
    143	  -1.94	   3.47	  0.006	0.99997							#	   0.35	  64.85	
    144	  -1.82	   3.49	  0.005	0.99994							#	   0.33	  65.20	
    145	  -1.85	   3.41	  0.006	0.99998							#	   0.33	  63.48	
    146	  -1.94	   3.35	  0.006	0.99997							#	   0.35	  64.49	
    147	  -1.86	   3.24	  0.007	0.99995							#	   0.32	  65.96	
    148	  -1.78	   3.23	  0.004	0.99995							#	   0.31	  65.40	
    149	  -1.74	   3.21	  0.004	0.99996							#	   0.32	  64.75	
    150	  -1.70	   3.19	  0.005	0.99995							#	   0.31	  65.66	
    151	  -1.60	   3.13	  0.004	0.99992							#	   0.31	  66.77	
    152	  -1.66	   3.10	  0.003	0.99995							#	   0.31	  67.37	
    153	  -1.57	   3.04	  0.004	0.99997							#	   0.29	  67.93	
    154	  -1.55	   3.03	  0.003	0.99996							#	   0.31	  65.56	
    155	  -1.62	   3.05	  0.003	0.99994							#	   0.30	  66.06	
    156	  -1.45	   2.96	  0.002	0.99995							#	   0.28	  66.67	
    157	  -1.56	   2.95	  0.003	0.99997							#	   0.29	  66.46	
    158	  -1.68	   2.89	  0.002	0.99995							#	   0.27	  65.05	
    159	  -1.61	   2.83	  0.002	0.99996							#	   0.26	  65.35	
    160	  -1.52	   2.89	  0.003	0.99996							#	   0.26	  65.51	
    161	  -1.61	   2.92	  0.003	0.99995							#	   0.26	  64.95	
    162	  -1.72	   2.93	  0.003	0.99996							#	   0.26	  64.85	
    163	  -1.81	   3.01	  0.003	0.99997							#	   0.28	  64.80	
    164	  -1.71	   2.99	  0.001	0.99995							#	   0.28	  65.15	
    165	  -1.70	   2.96	  0.001	0.99996							#	   0.29	  65.20	
    166	  -1.76	   2.99	  0.001	0.99996							#	   0.31	  65.56	
    167	  -1.94	   2.94	  0.001	0.99997							#	   0.30	  65.10	
    168	  -1.84	   2.99	 -0.002	0.99988							#	   0.30	  64.60	
    169	  -1.51	   2.94	 -0.002	0.99990							#	   0.27	  64.09	
    170	  -1.49	   2.75	 -0.003	0.99983							#	   0.25	  63.94	
    171	  -1.61	   2.78	 -0.004	0.99988							#	   0.26	  64.75	
    172	  -1.64	   2.67	 -0.004	0.99988							#	   0.23	  64.85	
    173	  -1.85	   2.55	 -0.004	0.99989							#	   0.24	  65.30	
    174	  -1.84	   2.50	 -0.007	0.99990							#	   0.24	  66.26	
    175	  -1.83	   2.35	 -0.007	0.99995							#	   0.22	  66.67	
    176	  -1.83	   2.39	 -0.008	0.99996							#	   0.22	  66.26	
    177	  -1.83	   2.35	 -0.009	0.99998							#	   0.22	  65.20	
    178	  -1.77	   2.28	 -0.009	1.00000							#	   0.21	  64.24	
    179	  -1.76	   2.15	 -0.011	0.99996							#	   0.19	  65.66	
    180	  -1.62	   2.01	 -0.009	0.99998							#	   0.22	  63.38	
    181	  -1.58	   1.90	 -0.011	0.99999							#	   0.17	  61.92	
    182	  -1.43	   1.79	 -0.009	1.00000							#	   0.14	  64.19	
    183	  -1.33	   1.70	 -0.011	0.99997							#	   0.13	  62.42	
    184	  -1.10	   1.56	 -0.012	0.99994							#	   0.12	  66.57	
    185	  -1.10	   1.48	 -0.012	0.99995							#	   0.12	  66.72	
    186	  -1.08	   1.40	 -0.011	0.99993							#	   0.11	  66.26	
    187	  -1.04	   1.34	 -0.012	0.99996							#	   0.10	  64.39	
    188	  -0.94	   1.31	 -0.013	0.99995							#	   0.10	  66.52	
    189	  -0.92	   1.28	 -0.012	1.00000							#	   0.10	  63.99	
    190	  -1.00	   1.23	 -0.011	0.99996							#	   0.09	  66.06	
    191	  -1.14	   1.24	 -0.014	0.99996							#	   0.10	  63.59	
    192	  -0.68	   1.20	 -0.013	0.99998							#	   0.09	  65.96	
    193	  -0.78	   1.27	 -0.014	0.99997							#	   0.10	  64.55	
    194	  -0.89	   1.28	 -0.013	0.99997							#	   0.10	  65.96	
    195	  -0.88	   1.36	 -0.013	0.99996							#	   0.10	  64.60	
    196	  -0.83	   1.30	 -0.013	0.99995							#	   0.10	  65.76	
    197	  -0.80	   1.36	 -0.013	0.99996							#	   0.10	  66.46	
    198	  -0.78	   1.52	 -0.013	0.99992							#	   0.11	  65.76	
    199	  -0.80	   1.48	 -0.013	0.99995							#	   0.11	  65.96	
    200	  -0.94	   1.60	 -0.013	0.99991							#	   0.12	  65.51	
    201	  -0.96	   1.64	 -0.012	0.99992							#	   0.12	  63.64	
    202	  -0.98	   1.67	 -0.013	0.99990							#	   0.13	  65.96	
    203	  -0.92	   1.78	 -0.012	0.99993							#	   0.14	  63.89	
    204	  -1.06	   1.69	 -0.012	0.99990							#	   0.14	  66.21	
    205	  -1.20	   1.96	 -0.011	0.99995							#	   0.16	  61.97	
    206	  -1.14	   1.98	 -0.011	0.99994							#	   0.16	  64.19	
    207	  -1.30	   2.01	 -0.012	0.99998							#	   0.17	  63.43	
    208	  -1.37	   2.16	 -0.011	0.99997							#	   0.19	  64.60	
    209	  -1.48	   2.19	 -0.012	0.99998							#	   0.20	  64.24	
    210	  -1.59	   2.26	 -0.011	0.99997							#	   0.21	  63.28	
    211	  -1.76	   2.36	 -0.012	0.99996							#	   0.22	  62.63	
    212	  -1.75	   2.33	 -0.012	0.99997							#	   0.22	  63.23	
    213	  -1.90	   2.38	 -0.012	0.99994							#	   0.23	  64.85	
    214	  -2.01	   2.38	 -0.012	0.99996							#	   0.25	  63.03	
    215	  -2.06	   2.51	 -0.012	0.99993							#	   0.27	  61.31	
    216	  -2.21	   2.51	 -0.012	0.99990							#	   0.28	  64.90	
    217	  -2.37	   2.58	 -0.013	0.99993							#	   0.30	  63.48	
    218	  -2.46	   2.70	 -0.012	0.99991							#	   0.31	  62.12	
    219	  -2.65	   2.66	 -0.011	0.99992							#	   0.31	  61.62	
    220	  -2.72	   2.72	 -0.012	0.99992							#	   0.31	  62.32	
    221	  -2.76	   2.81	 -0.009	0.99995							#	   0.33	  60.10	
    222	  -2.87	   2.93	 -0.011	0.99994							#	   0.37	  59.39	
    223	  -2.86	   2.96	 -0.009	0.99997							#	   0.36	  59.14	
    224	  -3.03	   3.06	 -0.009	0.99995							#	   0.36	  60.56	
    225	  -2.99	   3.13	 -0.011	0.99996							#	   0.38	  60.91	
    226	  -2.92	   3.12	 -0.010	0.99997							#	   0.38	  60.81	
    227	  -2.97	   3.20	 -0.010	0.99996							#	   0.40	  62.07	
    228	  -2.95	   3.15	 -0.010	0.99999							#	   0.41	  61.92	
    229	  -2.97	   3.18	 -0.009	0.99996							#	   0.43	  62.78	
    230	  -2.97	   3.17	 -0.010	0.99996							#	   0.42	  63.23	
    231	  -2.94	   3.15	 -0.008	0.99996							#	   0.42	  61.16	
    232	  -3.14	   3.21	 -0.007	0.99996							#	   0.43	  60.05	
    233	  -3.16	   3.27	 -0.009	0.99997							#	   0.42	  62.07	
    234	  -3.07	   3.34	 -0.008	0.99993							#	   0.43	  63.99	
    235	  -3.20	   3.26	 -0.008	0.99994							#	   0.44	  62.37	
    236	  -3.15	   3.31	 -0.007	0.99992							#	   0.47	  62.53	
    237	  -3.20	   3.42	 -0.007	0.99990							#	   0.49	  62.53	
    238	  -3.34	   3.41	 -0.006	0.99990							#	   0.49	  63.13	
    239	  -3.44	   3.46	 -0.005	0.99991							#	   0.53	  59.95	
    240	  -3.34	   3.53	 -0.004	0.99989							#	   0.63	  59.29	
    241	  -3.35	   3.58	 -0.005	0.99990							#	   0.55	  59.90	
    242	  -3.37	   3.61	 -0.006	0.99987							#	   0.52	  60.05	
    243	  -3.43	   3.61	 -0.004	0.99988							#	   0.52	  59.75	
    244	  -3.35	   3.50	 -0.003	0.99989							#	   0.50	  61.41	
    245	  -3.38	   3.58	 -0.004	0.99988							#	   0.52	  59.49	
    246	  -3.52	   3.58	 -0.002	0.99990							#	   0.53	  59.14	
    247	  -3.33	   3.55	 -0.003	0.99989							#	   0.54	  59.80	
    248	  -3.26	   3.56	 -0.001	0.99992							#	   0.55	  57.07	
    249	  -3.40	   3.56	 -0.001	0.99989							#	   0.56	  59.04	
    250	  -3.33	   3.46	 -0.000	0.99991							#	   0.53	  59.49	
    251	  -3.29	   3.44	  0.001	0.99989							#	   0.51	  59.14	
    252	  -3.35	   3.43	 -0.001	0.99991							#	   0.54	  60.71	
    253	  -3.36	   3.44	  0.000	0.99987							#	   0.52	  60.05	
    254	  -3.19	   3.35	  0.001	0.99988							#	   0.50	  60.81	
    255	  -3.14	   3.49	  0.001	0.99990							#	   0.54	  59.85	
    256	  -3.31	   3.47	  0.002	0.99990							#	   0.55	  58.79	
    257	  -3.13	   3.47	  0.001	0.99990							#	   0.54	  61.31	
    258	  -3.17	   3.52	  0.002	0.99987							#	   0.58	  59.95	
    259	  -3.21	   3.53	  0.003	0.99991							#	   0.57	  57.27	
    260	  -3.19	   3.48	  0.002	0.99989							#	   0.52	  59.39	
    261	  -3.05	   3.47	  0.003	0.99990							#	   0.50	  60.00	
    262	  -3.11	   3.52	  0.003	0.99989							#	   0.55	  59.95	
    263	  -3.16	   3.56	  0.003	0.99991							#	   0.56	  57.73	
    264	  -2.86	   3.47	  0.002	0.99989							#	   0.52	  61.01	
    265	  -2.99	   3.45	  0.004	0.99988							#	   0.54	  60.00	
    266	  -2.88	   3.43	  0.003	0.99991							#	   0.54	  60.86	
    267	  -2.89	   3.41	  0.003	0.99989							#	   0.54	  60.10	
    268	  -2.85	   3.34	  0.004	0.99986							#	   0.53	  61.97	
    269	  -2.74	   3.36	  0.003	0.99988							#	   0.50	  61.46	
    270	  -2.78	   3.29	  0.003	0.99989							#	   0.50	  62.07	
    271	  -2.74	   3.28	  0.002	0.99988							#	   0.50	  61.46	
    272	  -2.66	   3.26	  0.002	0.99990							#	   0.51	  60.51	
    273	  -2.62	   3.36	  0.004	0.99991							#	   0.52	  59.80	
    274	  -2.53	   3.34	  0.003	0.99987							#	   0.54	  60.96	
    275	  -2.47	   3.32	  0.003	0.99987							#	   0.54	  61.72	
    276	  -2.57	   3.33	  0.002	0.99990							#	   0.53	  61.62	
    277	  -2.48	   3.33	  0.002	0.99986							#	   0.55	  62.02	
    278	  -2.50	   3.41	  0.004	0.99988							#	   0.55	  59.29	
    279	  -2.46	   3.36	  0.004	0.99988							#	   0.52	  61.72	
    280	  -2.34	   3.43	  0.004	0.99987							#	   0.52	  58.33	
    281	  -2.36	   3.42	  0.003	0.99987							#	   0.53	  61.46	
    282	  -2.31	   3.37	  0.003	0.99988							#	   0.52	  62.22	
    283	  -2.35	   3.39	  0.003	0.99985							#	   0.54	  60.96	
    284	  -2.31	   3.34	  0.003	0.99989							#	   0.53	  61.41	
    285	  -2.08	   3.41	  0.005	0.99988							#	   0.53	  61.92	
    286	  -2.03	   3.40	  0.005	0.99992							#	   0.55	  59.95	
    287	  -2.03	   3.39	  0.003	0.99988							#	   0.53	  61.26	
    288	  -1.91	   3.33	  0.004	0.99987							#	   0.52	  62.12	
    289	  -1.93	   3.29	  0.005	0.99988							#	   0.54	  60.86	
    290	  -1.85	   3.28	  0.004	0.99987							#	   0.53	  61.67	
    291	  -1.80	   3.28	  0.004	0.99987							#	   0.53	  61.26	
    292	  -1.76	   3.28	  0.005	0.99988							#	   0.56	  61.36	
    293	  -1.63	   3.19	  0.004	0.99988							#	   0.54	  61.82	
    294	  -1.58	   3.19	  0.003	0.99988							#	   0.53	  62.93	
    295	  -1.56	   3.18	  0.002	0.99988							#	   0.53	  62.12	
    296	  -1.56	   3.23	  0.002	0.99989							#	   0.56	  62.93	
    297	  -1.48	   3.17	  0.002	0.99988							#	   0.52	  62.02	
    298	  -1.28	   3.15	  0.000	0.99988							#	   0.51	  62.58	
    299	  -1.35	   3.16	  0.002	0.99990							#	   0.48	  62.88	
    300	  -1.22	   3.22	 -0.000	0.99985							#	   0.68	  61.31	
    301	  -1.23	   3.22	  0.001	0.99991							#	   0.48	  62.42	
    302	  -1.09	   3.18	  0.000	0.99988							#	   0.50	  62.53	
    303	  -1.13	   3.27	  0.001	0.99987							#	   0.56	  63.54	
    304	  -0.95	   3.27	  0.000	0.99988							#	   0.53	  65.10	
    305	  -0.88	   3.21	  0.001	0.99985							#	   0.51	  65.66	
    306	  -0.97	   3.24	  0.001	0.99987							#	   0.55	  62.88	
    307	  -0.90	   3.24	 -0.000	0.99988							#	   0.55	  63.74	
    308	  -0.87	   3.29	  0.001	0.99987							#	   0.56	  63.33	
    309	  -0.83	   3.25	  0.000	0.99986							#	   0.56	  64.14	
    310	  -0.88	   3.24	 -0.000	0.99988							#	   0.54	  62.83	
    311	  -0.83	   3.20	  0.001	0.99988							#	   0.56	  62.73	
    312	  -0.85	   3.34	  0.001	0.99986							#	   0.61	  62.53	
    313	  -0.82	   3.35	  0.001	0.99985							#	   0.62	  63.43	
    314	  -1.00	   3.38	  0.002	0.99986							#	   0.64	  61.82	
    315	  -0.68	   3.29	  0.001	0.99983							#	   0.61	  63.23	
    316	  -0.87	   3.35	  0.002	0.99988							#	   0.61	  61.82	
    317	  -0.90	   3.37	  0.003	0.99986							#	   0.58	  62.12	
    318	  -0.86	   3.35	  0.001	0.99985							#	   0.59	  62.53	
    319	  -0.74	   3.35	  0.005	0.99984							#	   0.57	  61.82	
    320	  -0.83	   3.35	  0.003	0.99987							#	   0.60	  61.46	
    321	  -0.73	   3.42	  0.003	0.99985							#	   0.60	  62.83	
    322	  -0.77	   3.51	  0.002	0.99986							#	   0.64	  59.65	
    323	  -0.96	   3.54	  0.003	0.99986							#	   0.64	  59.80	
    324	  -0.86	   3.51	  0.004	0.99987							#	   0.68	  57.58	
    325	  -0.94	   3.63	  0.005	0.99986							#	   0.71	  58.79	
    326	  -0.96	   3.60	  0.004	0.99986							#	   0.70	  58.74	
    327	  -1.04	   3.77	  0.005	0.99986							#	   0.77	  56.06	
    328	  -1.02	   3.80	  0.005	0.99983							#	   0.76	  56.41	
    329	  -1.14	   3.93	  0.005	0.99982							#	   0.83	  57.37	
    330	  -1.08	   3.91	  0.004	0.99984							#	   0.79	  56.46	
    331	  -1.11	   3.99	  0.005	0.99981							#	   0.87	  57.02	
    332	  -0.98	   4.09	  0.005	0.99981							#	   0.80	  61.26	
    333	  -1.08	   4.30	  0.005	0.99985							#	   0.87	  59.44	
    334	  -1.07	   4.38	  0.006	0.99983							#	   0.83	  58.48	
    335	  -0.85	   4.38	  0.005	0.99982							#	   0.91	  61.11	
    336	  -0.91	   4.49	  0.007	0.99983							#	   0.85	  58.18	
    337	  -0.81	   4.56	  0.006	0.99979							#	   0.91	  58.94	
    338	  -0.67	   4.67	  0.006	0.99981							#	   0.92	  55.96	
    339	  -0.61	   4.79	  0.006	0.99980							#	   1.00	  57.47	
    340	  -0.59	   4.80	  0.006	0.99982							#	   0.95	  56.92	
    341	  -0.46	   4.92	  0.006	0.99980							#	   0.99	  59.70	
    342	  -0.51	   4.99	  0.006	0.99979							#	   0.98	  58.99	
    343	  -0.25	   5.09	  0.005	0.99977							#	   1.05	  61.26	
    344	  -0.37	   5.27	  0.005	0.99977							#	   1.10	  59.34	
    345	  -0.22	   5.28	  0.007	0.99976							#	   1.04	  60.71	
    346	  -0.27	   5.46	  0.006	0.99978							#	   1.12	  57.88	
    347	  -0.14	   5.57	  0.005	0.99976							#	   1.07	  57.32	
    348	  -0.14	   5.63	  0.004	0.99977							#	   1.09	  57.58	
    349	  -0.12	   5.61	  0.005	0.99977							#	   1.07	  57.17	
    350	  -0.02	   5.75	  0.004	0.99973							#	   1.14	  56.41	
    351	  -0.08	   5.77	  0.004	0.99973							#	   1.15	  57.32	
    352	   0.14	   5.86	  0.001	0.99976							#	   1.19	  60.45	
    353	   0.25	   5.86	  0.002	0.99976							#	   1.12	  57.93	
    354	   0.24	   5.91	  0.003	0.99973							#	   1.25	  57.93	
    355	   0.20	   5.90	  0.004	0.99972							#	   1.18	  59.04	
    356	   0.51	   5.91	  0.003	0.99973							#	   1.18	  59.29	
    357	   0.36	   5.91	  0.004	0.99973							#	   1.25	  58.74	
    358	   0.29	   5.89	  0.003	0.99973							#	   1.12	  59.60	
    359	   0.27	   5.96	  0.003	0.99974							#	   1.13	  58.48	
    360	   0.24	   5.94	  0.005	0.99971							#	   1.38	  55.40	
    361	   0.30	   6.06	  0.003	0.99972							#	   0.96	  60.30	
    362	   0.29	   6.11	  0.003	0.99971							#	   1.18	  59.95	
    363	   0.16	   6.13	  0.005	0.99972							#	   1.18	  59.80	
    364	   0.13	   6.24	  0.004	0.99970							#	   1.17	  60.05	
    365	   0.14	   6.33	  0.003	0.99968							#	   1.26	  59.80	
    366	   0.15	   6.38	  0.002	0.99970							#	   1.13	  60.30	
    367	   0.12	   6.49	  0.003	0.99967							#	   1.27	  58.94	
    368	   0.13	   6.59	  0.002	0.99967							#	   1.19	  58.99	
    369	  -0.06	   6.63	  0.002	0.99967							#	   1.18	  57.27	
    370	  -0.07	   6.67	  0.001	0.99967							#	   1.22	  58.94	
    371	  -0.21	   6.65	  0.003	0.99967							#	   1.14	  55.45	
    372	  -0.28	   6.68	  0.004	0.99966							#	   1.28	  55.71	
    373	  -0.21	   6.72	  0.003	0.99966							#	   1.19	  56.82	
    374	  -0.23	   6.70	  0.004	0.99968							#	   1.32	  55.86	
    375	  -0.16	   6.79	  0.003	0.99969							#	   1.24	  56.11	
    376	  -0.36	   6.79	  0.004	0.99966							#	   1.28	  54.34	
    377	  -0.48	   6.79	  0.004	0.99964							#	   1.30	  52.83	
    378	  -0.51	   6.77	  0.005	0.99965							#	   1.25	  52.78	
    379	  -0.47	   6.78	  0.003	0.99964							#	   1.15	  53.38	
    380	  -0.49	   6.89	  0.005	0.99967							#	   1.22	  50.25	
    381	  -0.48	   6.86	  0.005	0.99966							#	   1.32	  52.02	
    382	  -0.43	   6.95	  0.003	0.99966							#	   1.29	  53.33	
    383	  -0.50	   6.86	  0.005	0.99963							#	   1.27	  51.21	
    384	  -0.41	   6.87	  0.005	0.99965							#	   1.28	  52.07	
    385	  -0.49	   6.91	  0.004	0.99965							#	   1.32	  49.75	
    386	  -0.31	   6.88	  0.003	0.99963							#	   1.34	  51.26	
    387	  -0.35	   6.92	  0.004	0.99962							#	   1.30	  53.89	
    388	  -0.29	   6.89	  0.003	0.99963							#	   1.21	  52.58	
    389	  -0.41	   6.89	  0.005	0.99960							#	   1.22	  51.21	
    390	  -0.35	   6.88	  0.005	0.99963							#	   1.25	  50.76	
    391	  -0.44	   6.96	  0.005	0.99962							#	   1.30	  51.01	
    392	  -0.39	   6.92	  0.005	0.99967							#	   1.28	  49.80	
    393	  -0.12	   6.94	  0.005	0.99965							#	   1.35	  50.61	
    394	  -0.32	   6.95	  0.005	0.99964							#	   1.35	  49.65	
    395	  -0.37	   7.06	  0.006	0.99963							#	   1.38	  48.64	
    396	  -0.35	   7.08	  0.005	0.99965							#	   1.30	  50.96	
    397	  -0.49	   7.11	  0.006	0.99964							#	   1.27	  49.80	
    398	  -0.37	   7.01	  0.006	0.99963							#	   1.22	  49.04	
    399	  -0.44	   7.07	  0.006	0.99960							#	   1.39	  50.20	
    400	  -0.48	   7.12	  0.007	0.99962							#	   1.23	  49.80	
    401	  -0.61	   7.10	  0.008	0.99962							#	   1.30	  48.13	
    402	  -0.46	   7.06	  0.008	0.99961							#	   1.33	  49.65	
    403	  -0.39	   7.02	  0.009	0.99963							#	   1.28	  47.78	
    404	  -0.43	   7.04	  0.008	0.99960							#	   1.22	  49.44	
    405	  -0.62	   7.06	  0.008	0.99962							#	   1.16	  44.19	
    406	  -0.48	   6.99	  0.007	0.99961							#	   1.14	  47.53	
    407	  -0.54	   7.03	  0.010	0.99963							#	   1.19	  46.26	
    408	  -0.51	   6.89	  0.009	0.99963							#	   1.25	  47.68	
    409	  -0.65	   7.04	  0.009	0.99973							#	   1.37	  46.82	
    410	  -0.62	   6.93	  0.009	0.99971							#	   1.24	  47.88	
    411	  -0.51	   6.90	  0.008	0.99963							#	   1.32	  47.88	
    412	  -0.72	   6.88	  0.009	0.99966							#	   1.28	  47.12	
    413	  -0.64	   6.86	  0.011	0.99970							#	   1.19	  47.32	
    414	  -0.43	   6.88	  0.010	0.99986							#	   1.10	  47.68	
    415	  -0.66	   6.85	  0.010	0.99987							#	   1.04	  47.78	
    416	  -0.67	   6.79	  0.011	0.99982							#	   1.12	  47.83	
    417	  -0.67	   6.72	  0.011	0.99983							#	   1.17	  46.52	
    418	  -0.64	   6.75	  0.011	0.99989							#	   1.28	  48.23	
    419	  -0.57	   6.70	  0.010	0.99994							#	   1.21	  47.88	
    420	  -0.77	   6.81	  0.010	0.99993							#	   1.54	  45.51	
    421	  -0.66	   6.67	  0.011	0.99990							#	   0.97	  52.27	
    422	  -0.69	   6.60	  0.009	0.99994							#	   1.06	  47.63	
    423	  -0.66	   6.61	  0.009	0.99995							#	   1.01	  47.12	
    424	  -0.57	   6.50	  0.009	0.99993							#	   0.95	  51.16	
    425	  -0.66	   6.52	  0.009	0.99998							#	   0.94	  49.85	
    426	  -0.63	   6.47	  0.008	0.99993							#	   1.16	  49.49	
    427	  -0.78	   6.51	  0.008	1.00004							#	   1.20	  49.44	
    428	  -0.62	   6.43	  0.007	0.99995							#	   1.23	  50.45	
    429	  -0.62	   6.34	  0.009	0.99998							#	   1.19	  50.30	
    430	  -0.86	   6.28	  0.008	1.00006							#	   1.20	  49.65	
    431	  -0.76	   6.20	  0.010	1.00003							#	   1.14	  50.15	
    432	  -0.81	   6.08	  0.010	0.99996							#	   1.05	  48.64	
    433	  -1.03	   6.10	  0.010	1.00002							#	   1.07	  47.88	
    434	  -1.04	   5.95	  0.010	0.99998							#	   0.93	  48.43	
    435	  -1.20	   5.86	  0.012	1.00000							#	   0.99	  47.68	
    436	  -1.25	   5.68	  0.010	1.00002							#	   0.99	  48.08	
    437	  -1.27	   5.63	  0.010	1.00002							#	   0.99	  49.65	
    438	  -1.42	   5.60	  0.010	1.00004							#	   1.10	  48.69	
    439	  -1.17	   5.48	  0.009	1.00007							#	   1.07	  48.28	
    440	  -1.28	   5.38	  0.011	1.00006							#	   1.07	  49.80	
    441	  -1.43	   5.30	  0.011	1.00007							#	   1.04	  49.44	
    442	  -1.42	   5.24	  0.011	1.00010							#	   1.02	  48.28	
    443	  -1.46	   5.14	  0.012	1.00002							#	   0.94	  49.14	
    444	  -1.36	   5.01	  0.012	1.00004							#	   0.89	  49.19	
    445	  -1.34	   4.87	  0.012	1.00006							#	   0.85	  48.13	
    446	  -1.31	   4.74	  0.011	1.00010							#	   0.80	  49.34	
    447	  -1.31	   4.64	  0.013	1.00011							#	   0.83	  49.95	
    448	  -1.25	   4.57	  0.012	1.00011							#	   0.87	  48.94	
    449	  -1.24	   4.47	  0.011	1.00009							#	   0.85	  48.38	
    450	  -1.19	   4.31	  0.012	1.00008							#	   0.85	  48.48	
    451	  -1.10	   4.17	  0.011	1.00010							#	   0.89	  49.44	
    452	  -1.13	   4.16	  0.012	1.00006							#	   0.93	  50.66	
    453	  -1.23	   4.09	  0.011	1.00001							#	   0.87	  50.66	
    454	  -1.23	   3.99	  0.011	1.00000							#	   0.90	  51.21	
    455	  -1.14	   3.89	  0.011	1.00001							#	   0.92	  51.41	
    456	  -1.09	   3.83	  0.012	1.00005							#	   0.84	  50.15	
    457	  -0.94	   3.75	  0.009	1.00005							#	   0.80	  50.86	
    458	  -0.84	   3.70	  0.010	1.00001							#	   0.82	  51.52	
    459	  -0.81	   3.57	  0.011	1.00000							#	   0.73	  51.92	
    460	  -0.68	   3.47	  0.010	1.00004							#	   0.69	  51.41	
    461	  -0.63	   3.39	  0.011	1.00000							#	   0.69	  51.62	
    462	  -0.74	   3.32	  0.011	0.99998							#	   0.73	  51.67	
    463	  -0.53	   3.14	  0.009	0.99998							#	   0.64	  52.17	
    464	  -0.19	   3.04	  0.011	1.00001							#	   0.65	  52.27	
    465	  -0.38	   2.95	  0.010	0.99999							#	   0.66	  51.36	
    466	  -0.46	   2.88	  0.009	0.99997							#	   0.65	  52.27	
    467	  -0.17	   2.72	  0.012	1.00005							#	   0.59	  52.53	
    468	  -0.05	   2.66	  0.008	1.00002							#	   0.58	  50.25	
    469	  -0.04	   2.50	  0.008	1.00003							#	   0.55	  51.72	
    470	  -0.21	   2.49	  0.011	1.00006							#	   0.61	  50.51	
    471	   0.01	   2.44	  0.007	1.00002							#	   0.53	  52.63	
    472	   0.06	   2.35	  0.008	1.00004							#	   0.52	  51.46	
    473	  -0.03	   2.33	  0.009	1.00003							#	   0.55	  51.52	
    474	   0.06	   2.25	  0.010	1.00002							#	   0.50	  50.66	
    475	   0.10	   2.24	  0.010	0.99999							#	   0.54	  51.57	
    476	   0.13	   2.19	  0.010	0.99999							#	   0.51	  51.62	
    477	   0.14	   2.14	  0.011	1.00000							#	   0.51	  50.76	
    478	   0.22	   2.08	  0.010	0.99997							#	   0.49	  52.22	
    479	   0.29	   2.18	  0.011	1.00002							#	   0.54	  50.45	
    480	   0.23	   2.13	  0.008	0.99999							#	   1.00	  46.06	
    481	   0.49	   2.08	  0.011	0.99998							#	   0.36	  51.82	
    482	   0.29	   2.10	  0.010	1.00002							#	   0.39	  50.61	
    483	   0.16	   1.98	  0.009	1.00000							#	   0.40	  49.65	
    484	   0.44	   1.91	  0.009	1.00003							#	   0.40	  52.98	
    485	   0.30	   1.96	  0.009	1.00003							#	   0.37	  49.80	
    486	   0.21	   1.90	  0.009	1.00002							#	   0.40	  50.30	
    487	   0.17	   1.92	  0.008	1.00001							#	   0.44	  51.36	
    488	   0.27	   1.88	  0.008	1.00001							#	   0.40	  49.55	
    489	   0.20	   1.85	  0.009	1.00001							#	   0.42	  50.76	
    490	   0.13	   1.88	  0.008	1.00000							#	   0.43	  52.22	
    491	   0.05	   1.84	  0.008	1.00003							#	   0.38	  49.55	
    492	   0.28	   1.77	  0.008	1.00001							#	   0.39	  52.37	
    493	   0.27	   1.65	  0.010	1.00005							#	   0.40	  50.35	
    494	   0.29	   1.62	  0.007	1.00005							#	   0.35	  53.69	
    495	   0.16	   1.62	  0.006	1.00006							#	   0.38	  52.37	
    496	   0.13	   1.50	  0.008	1.00006							#	   0.37	  52.22	
    497	   0.20	   1.43	  0.007	1.00006							#	   0.33	  52.37	
    498	   0.30	   1.39	  0.009	1.00002							#	   0.33	  52.98	
    499	   0.28	   1.28	  0.007	1.00011							#	   0.34	  52.58	
    500	   0.23	   1.23	  0.008	1.00004							#	   0.31	  53.54	
    501	   0.35	   1.07	  0.007	1.00001							#	   0.30	  53.33	
    502	   0.32	   1.00	  0.007	1.00004							#	   0.31	  53.99	
    503	   0.33	   1.05	  0.007	1.00000							#	   0.29	  54.04	
    504	   0.25	   0.98	  0.007	0.99999							#	   0.29	  54.65	
    505	   0.28	   1.06	  0.007	1.00002							#	   0.31	  52.83	
    506	   0.37	   1.07	  0.006	0.99997							#	   0.29	  55.10	
    507	   0.40	   1.11	  0.006	0.99999							#	   0.33	  54.60	
    508	   0.65	   1.17	  0.006	1.00000							#	   0.35	  53.89	
    509	   0.63	   1.09	  0.008	1.00001							#	   0.30	  53.18	
    510	   0.46	   1.01	  0.005	1.00005							#	   0.31	  53.18	
