      1	  -0.68	  -0.18	  0.005	1.00000							#	   0.13	  63.59	
      2	  -0.57	  -0.46	  0.002	1.00008							#	   0.51	  61.77	
      3	  -0.59	  -0.40	  0.001	1.00001							#	   0.56	  62.93	
      4	  -0.60	  -0.64	 -0.003	1.00004							#	   0.67	  63.43	
      5	  -0.44	  -0.52	 -0.002	1.00001							#	   0.64	  63.03	
      6	  -0.42	  -0.84	 -0.004	1.00005							#	   0.58	  63.18	
      7	  -0.63	  -1.07	 -0.003	1.00009							#	   0.59	  64.19	
      8	  -0.79	  -1.18	 -0.006	1.00009							#	   0.60	  63.28	
      9	  -0.70	  -1.33	 -0.009	1.00010							#	   0.57	  63.84	
     10	  -0.66	  -1.67	 -0.012	1.00009							#	   0.64	  63.64	
     11	  -0.86	  -1.87	 -0.012	1.00011							#	   0.73	  63.08	
     12	  -1.01	  -2.03	 -0.016	1.00011							#	   0.84	  63.28	
     13	  -1.00	  -2.41	 -0.016	1.00014							#	   0.90	  62.27	
     14	  -1.19	  -2.88	 -0.016	1.00013							#	   0.85	  62.88	
     15	  -1.15	  -3.00	 -0.019	1.00017							#	   0.82	  62.42	
     16	  -1.11	  -3.11	 -0.018	1.00019							#	   1.00	  62.12	
     17	  -1.19	  -3.22	 -0.019	1.00014							#	   0.78	  63.03	
     18	  -1.15	  -3.35	 -0.023	1.00018							#	   0.81	  62.07	
     19	  -1.10	  -3.30	 -0.022	1.00017							#	   0.81	  62.78	
     20	  -1.12	  -3.43	 -0.024	1.00018							#	   0.84	  62.58	
     21	  -1.03	  -3.56	 -0.025	1.00017							#	   0.80	  63.28	
     22	  -1.09	  -3.68	 -0.025	1.00021							#	   0.80	  63.64	
     23	  -0.99	  -3.79	 -0.029	1.00023							#	   0.86	  64.14	
     24	  -1.01	  -3.73	 -0.029	1.00025							#	   0.85	  64.34	
     25	  -0.97	  -3.67	 -0.028	1.00020							#	   0.85	  64.04	
     26	  -0.97	  -3.79	 -0.032	1.00021							#	   0.83	  65.05	
     27	  -0.98	  -3.77	 -0.032	1.00020							#	   0.87	  65.00	
     28	  -1.11	  -3.70	 -0.032	1.00019							#	   0.85	  65.05	
     29	  -1.06	  -3.64	 -0.036	1.00025							#	   0.83	  64.24	
     30	  -1.12	  -3.47	 -0.035	1.00024							#	   0.84	  63.38	
     31	  -1.01	  -3.29	 -0.034	1.00026							#	   0.81	  62.88	
     32	  -1.18	  -2.99	 -0.034	1.00025							#	   0.75	  62.68	
     33	  -1.37	  -2.92	 -0.036	1.00019							#	   0.74	  64.04	
     34	  -1.27	  -2.60	 -0.037	1.00025							#	   0.69	  62.68	
     35	  -1.43	  -2.36	 -0.035	1.00016							#	   0.66	  62.78	
     36	  -1.42	  -2.04	 -0.035	1.00016							#	   0.70	  61.36	
     37	  -1.65	  -1.83	 -0.037	1.00015							#	   0.73	  62.32	
     38	  -1.78	  -1.69	 -0.039	1.00017							#	   0.67	  63.48	
     39	  -1.88	  -1.44	 -0.039	1.00021							#	   0.74	  63.79	
     40	  -1.93	  -1.28	 -0.038	1.00021							#	   0.78	  63.64	
     41	  -2.03	  -0.96	 -0.037	1.00021							#	   0.68	  63.94	
     42	  -2.35	  -0.77	 -0.037	1.00020							#	   0.65	  63.89	
     43	  -2.22	  -0.49	 -0.039	1.00019							#	   0.57	  63.74	
     44	  -2.17	  -0.30	 -0.037	1.00019							#	   0.55	  64.09	
     45	  -2.32	   0.13	 -0.040	1.00016							#	   0.52	  64.49	
     46	  -2.28	   0.28	 -0.038	1.00015							#	   0.53	  63.64	
     47	  -2.35	   0.55	 -0.038	1.00019							#	   0.55	  63.38	
     48	  -2.37	   0.78	 -0.038	1.00014							#	   0.56	  63.69	
     49	  -2.39	   1.01	 -0.038	1.00015							#	   0.58	  64.19	
     50	  -2.24	   1.31	 -0.037	1.00010							#	   0.57	  63.48	
     51	  -2.20	   1.51	 -0.038	1.00015							#	   0.57	  65.20	
     52	  -2.15	   1.70	 -0.036	1.00013							#	   0.58	  63.89	
     53	  -2.14	   1.78	 -0.036	1.00014							#	   0.54	  63.79	
     54	  -2.27	   1.97	 -0.036	1.00007							#	   0.58	  61.57	
     55	  -2.28	   2.08	 -0.035	1.00007							#	   0.59	  61.26	
     56	  -2.25	   2.27	 -0.036	1.00010							#	   0.65	  63.84	
     57	  -2.17	   2.27	 -0.035	1.00012							#	   0.61	  63.03	
     58	  -2.35	   2.33	 -0.034	1.00013							#	   0.63	  63.18	
     59	  -2.47	   2.43	 -0.035	1.00012							#	   0.65	  62.12	
     60	  -2.48	   2.59	 -0.034	1.00014							#	   0.85	  62.22	
     61	  -2.55	   2.62	 -0.033	1.00005							#	   0.67	  62.42	
     62	  -2.60	   2.64	 -0.033	1.00011							#	   0.67	  62.53	
     63	  -2.67	   2.73	 -0.033	1.00008							#	   0.68	  63.43	
     64	  -2.75	   2.79	 -0.032	1.00005							#	   0.69	  61.87	
     65	  -2.75	   2.65	 -0.032	1.00010							#	   0.67	  63.08	
     66	  -2.78	   2.56	 -0.032	1.00012							#	   0.65	  64.44	
     67	  -2.73	   2.54	 -0.032	1.00017							#	   0.63	  65.20	
     68	  -2.79	   2.55	 -0.031	1.00012							#	   0.61	  64.85	
     69	  -2.72	   2.46	 -0.028	1.00014							#	   0.57	  65.05	
     70	  -2.71	   2.36	 -0.028	1.00013							#	   0.55	  65.76	
     71	  -2.71	   2.35	 -0.028	1.00015							#	   0.56	  66.77	
     72	  -2.75	   2.23	 -0.027	1.00016							#	   0.60	  64.14	
     73	  -2.81	   2.15	 -0.021	1.00014							#	   0.56	  67.02	
     74	  -2.82	   2.19	 -0.024	1.00016							#	   0.56	  66.26	
     75	  -2.81	   2.18	 -0.022	1.00015							#	   0.59	  65.61	
     76	  -2.75	   2.13	 -0.025	1.00016							#	   0.59	  64.09	
     77	  -2.74	   2.16	 -0.021	1.00016							#	   0.59	  66.67	
     78	  -2.67	   2.07	 -0.021	1.00018							#	   0.56	  65.96	
     79	  -2.50	   2.01	 -0.021	1.00022							#	   0.59	  65.56	
     80	  -2.51	   2.09	 -0.021	1.00018							#	   0.60	  65.76	
     81	  -2.34	   2.09	 -0.020	1.00017							#	   0.61	  65.51	
     82	  -2.35	   2.01	 -0.020	1.00015							#	   0.55	  65.05	
     83	  -2.13	   1.92	 -0.018	1.00016							#	   0.56	  65.51	
     84	  -2.00	   2.03	 -0.019	1.00012							#	   0.60	  65.15	
     85	  -1.88	   1.95	 -0.017	1.00014							#	   0.54	  66.46	
     86	  -1.88	   1.96	 -0.017	1.00015							#	   0.55	  65.20	
     87	  -1.86	   1.89	 -0.018	1.00014							#	   0.57	  66.62	
     88	  -1.75	   1.95	 -0.018	1.00016							#	   0.54	  66.21	
     89	  -1.65	   1.90	 -0.019	1.00015							#	   0.45	  66.06	
     90	  -1.56	   2.00	 -0.018	1.00014							#	   0.44	  66.26	
     91	  -1.39	   2.08	 -0.017	1.00012							#	   0.44	  66.41	
     92	  -1.23	   2.26	 -0.019	1.00009							#	   0.44	  66.16	
     93	  -1.11	   2.33	 -0.017	1.00004							#	   0.40	  67.12	
     94	  -1.08	   2.29	 -0.017	1.00009							#	   0.46	  67.17	
     95	  -1.09	   2.38	 -0.017	1.00005							#	   0.48	  66.01	
     96	  -1.05	   2.52	 -0.017	1.00004							#	   0.52	  65.81	
     97	  -0.85	   2.57	 -0.017	1.00007							#	   0.44	  66.26	
     98	  -0.67	   2.66	 -0.018	1.00011							#	   0.45	  65.40	
     99	  -0.63	   2.76	 -0.018	1.00009							#	   0.47	  64.95	
    100	  -0.58	   2.72	 -0.018	1.00004							#	   0.48	  65.66	
    101	  -0.58	   2.86	 -0.018	1.00006							#	   0.48	  65.10	
    102	  -0.39	   2.90	 -0.020	1.00002							#	   0.49	  65.15	
    103	  -0.43	   2.92	 -0.019	1.00001							#	   0.51	  65.00	
    104	  -0.36	   3.02	 -0.021	0.99997							#	   0.51	  64.85	
    105	  -0.09	   3.09	 -0.019	0.99994							#	   0.49	  63.99	
    106	  -0.03	   3.04	 -0.020	0.99992							#	   0.49	  64.70	
    107	  -0.01	   3.10	 -0.019	0.99992							#	   0.47	  64.19	
    108	   0.11	   3.04	 -0.020	0.99990							#	   0.48	  64.09	
    109	  -0.12	   3.14	 -0.022	0.99938							#	   0.52	  65.00	
    110	   0.51	   2.90	 -0.018	0.99968							#	   0.44	  63.94	
    111	   0.52	   2.92	 -0.020	0.99991							#	   0.44	  65.15	
    112	   0.62	   2.87	 -0.021	0.99995							#	   0.45	  66.21	
    113	   0.79	   2.78	 -0.022	0.99992							#	   0.46	  66.21	
    114	   0.94	   2.78	 -0.019	0.99993							#	   0.50	  64.75	
    115	   1.18	   2.75	 -0.021	0.99995							#	   0.52	  64.14	
    116	   1.37	   2.72	 -0.019	0.99990							#	   0.53	  65.81	
    117	   1.65	   2.71	 -0.021	0.99990							#	   0.55	  65.25	
    118	   1.79	   2.70	 -0.019	0.99991							#	   0.57	  64.90	
    119	   1.99	   2.62	 -0.018	0.99993							#	   0.58	  63.38	
    120	   2.19	   2.72	 -0.020	0.99991							#	   0.78	  62.53	
    121	   2.40	   2.80	 -0.020	0.99990							#	   0.78	  64.09	
    122	   2.50	   2.66	 -0.021	0.99985							#	   0.78	  64.65	
    123	   2.75	   2.59	 -0.021	0.99985							#	   0.90	  63.18	
    124	   2.87	   2.55	 -0.019	0.99990							#	   0.84	  61.97	
    125	   3.06	   2.47	 -0.019	0.99991							#	   0.80	  60.40	
    126	   3.20	   2.43	 -0.019	0.99984							#	   0.81	  61.36	
    127	   3.48	   2.48	 -0.020	0.99986							#	   0.84	  62.68	
    128	   3.49	   2.33	 -0.018	0.99983							#	   0.81	  62.17	
    129	   3.62	   2.27	 -0.019	0.99980							#	   0.84	  62.02	
    130	   3.76	   2.16	 -0.017	0.99979							#	   0.86	  62.98	
    131	   3.85	   2.02	 -0.017	0.99980							#	   0.79	  63.08	
    132	   3.89	   1.98	 -0.014	0.99977							#	   0.79	  63.84	
    133	   3.93	   1.89	 -0.017	0.99977							#	   0.78	  63.94	
    134	   4.02	   1.84	 -0.015	0.99976							#	   0.77	  63.28	
    135	   4.08	   1.64	 -0.017	0.99988							#	   0.76	  60.66	
    136	   4.10	   1.60	 -0.015	0.99983							#	   0.78	  60.61	
    137	   4.01	   1.62	 -0.014	0.99985							#	   0.76	  59.49	
    138	   4.14	   1.50	 -0.015	0.99989							#	   0.79	  61.31	
    139	   4.49	   1.40	 -0.015	0.99998							#	   0.85	  62.63	
    140	   3.75	   1.40	 -0.013	0.99995							#	   0.67	  62.02	
    141	   3.99	   1.49	 -0.013	0.99985							#	   0.79	  60.86	
    142	   3.86	   1.47	 -0.012	0.99983							#	   0.74	  59.90	
    143	   3.74	   1.53	 -0.010	0.99985							#	   0.70	  60.20	
    144	   3.64	   1.38	 -0.011	0.99982							#	   0.66	  61.82	
    145	   3.44	   1.36	 -0.009	0.99981							#	   0.64	  61.67	
    146	   3.34	   1.29	 -0.009	0.99980							#	   0.58	  62.27	
    147	   3.17	   1.20	 -0.009	0.99976							#	   0.54	  62.83	
    148	   3.15	   1.18	 -0.007	0.99977							#	   0.51	  62.88	
    149	   3.01	   1.10	 -0.009	0.99980							#	   0.49	  62.32	
    150	   2.83	   0.94	 -0.006	0.99987							#	   0.43	  62.07	
    151	   2.83	   0.81	 -0.005	0.99988							#	   0.43	  62.93	
    152	   2.82	   0.68	 -0.006	0.99988							#	   0.42	  63.48	
    153	   2.64	   0.69	 -0.006	0.99983							#	   0.38	  63.43	
    154	   2.50	   0.48	 -0.006	0.99983							#	   0.35	  63.89	
    155	   2.38	   0.30	 -0.007	0.99982							#	   0.34	  62.78	
    156	   2.45	   0.22	 -0.007	0.99982							#	   0.36	  63.48	
    157	   2.35	   0.22	 -0.005	0.99985							#	   0.36	  63.54	
    158	   2.39	   0.15	 -0.006	0.99984							#	   0.37	  63.43	
    159	   2.26	  -0.07	 -0.006	0.99994							#	   0.37	  63.99	
    160	   2.33	  -0.14	 -0.005	0.99996							#	   0.39	  63.54	
    161	   2.29	  -0.23	 -0.005	0.99993							#	   0.38	  63.18	
    162	   2.31	  -0.37	 -0.006	0.99989							#	   0.38	  63.38	
    163	   2.37	  -0.29	 -0.008	0.99994							#	   0.41	  63.28	
    164	   2.35	  -0.38	 -0.004	0.99988							#	   0.42	  63.48	
    165	   2.28	  -0.43	 -0.006	0.99988							#	   0.41	  63.03	
    166	   2.34	  -0.46	 -0.006	0.99989							#	   0.40	  62.32	
    167	   2.27	  -0.55	 -0.005	0.99988							#	   0.40	  62.37	
    168	   2.32	  -0.63	 -0.004	0.99984							#	   0.42	  61.87	
    169	   2.23	  -0.68	 -0.007	0.99988							#	   0.50	  62.02	
    170	   2.29	  -0.85	 -0.003	0.99993							#	   0.52	  63.48	
    171	   2.32	  -0.89	 -0.004	0.99999							#	   0.51	  62.63	
    172	   2.25	  -0.84	 -0.002	0.99996							#	   0.51	  63.84	
    173	   2.34	  -0.87	 -0.005	1.00000							#	   0.51	  63.43	
    174	   2.38	  -1.00	 -0.003	1.00001							#	   0.49	  64.95	
    175	   2.38	  -1.01	 -0.005	1.00007							#	   0.46	  63.69	
    176	   2.38	  -1.04	 -0.003	1.00008							#	   0.45	  63.89	
    177	   2.43	  -1.10	 -0.004	1.00001							#	   0.58	  63.13	
    178	   2.50	  -1.05	 -0.007	0.99992							#	   0.58	  62.93	
    179	   2.67	  -1.03	 -0.005	0.99991							#	   0.58	  62.32	
    180	   2.71	  -1.16	 -0.005	0.99992							#	   0.84	  61.72	
    181	   2.76	  -1.09	 -0.005	0.99989							#	   0.69	  62.73	
    182	   2.78	  -1.17	 -0.006	0.99991							#	   0.79	  63.33	
    183	   2.89	  -1.15	 -0.005	0.99992							#	   0.79	  62.37	
    184	   2.84	  -1.23	 -0.006	0.99993							#	   0.64	  62.32	
    185	   2.82	  -1.25	 -0.007	0.99992							#	   0.53	  63.03	
    186	   2.88	  -1.18	 -0.007	0.99993							#	   0.51	  62.22	
    187	   2.87	  -1.26	 -0.008	0.99993							#	   0.50	  61.46	
    188	   2.96	  -1.16	 -0.008	0.99993							#	   0.49	  62.12	
    189	   2.94	  -1.13	 -0.007	0.99992							#	   0.50	  61.82	
    190	   2.93	  -1.11	 -0.008	0.99989							#	   0.48	  61.52	
    191	   2.94	  -1.15	 -0.009	0.99990							#	   0.45	  60.61	
    192	   2.91	  -1.07	 -0.008	0.99991							#	   0.45	  61.46	
    193	   2.99	  -1.06	 -0.009	0.99993							#	   0.45	  61.52	
    194	   2.92	  -1.05	 -0.010	0.99990							#	   0.44	  62.22	
    195	   2.93	  -1.03	 -0.010	0.99992							#	   0.44	  62.58	
    196	   2.91	  -1.04	 -0.010	0.99992							#	   0.46	  61.62	
    197	   2.88	  -1.08	 -0.010	0.99990							#	   0.51	  63.03	
    198	   2.84	  -1.09	 -0.011	0.99994							#	   0.52	  63.18	
    199	   2.75	  -1.11	 -0.011	0.99995							#	   0.54	  63.38	
    200	   2.62	  -1.06	 -0.012	0.99995							#	   0.53	  64.19	
    201	   2.51	  -1.05	 -0.011	0.99995							#	   0.60	  64.24	
    202	   2.48	  -1.03	 -0.012	0.99995							#	   0.62	  63.74	
    203	   2.46	  -0.92	 -0.010	0.99992							#	   0.59	  63.54	
    204	   2.37	  -0.92	 -0.011	0.99994							#	   0.59	  63.43	
    205	   2.40	  -0.94	 -0.011	0.99992							#	   0.51	  63.23	
    206	   2.30	  -0.91	 -0.013	0.99991							#	   0.49	  63.59	
    207	   2.18	  -0.81	 -0.012	0.99986							#	   0.53	  63.33	
    208	   2.22	  -0.87	 -0.011	0.99990							#	   0.59	  63.43	
    209	   2.08	  -0.79	 -0.009	0.99988							#	   0.55	  64.34	
    210	   2.04	  -0.83	 -0.011	0.99991							#	   0.52	  64.90	
    211	   2.04	  -0.81	 -0.009	0.99991							#	   0.55	  64.95	
    212	   2.03	  -0.74	 -0.010	0.99989							#	   0.52	  64.90	
    213	   2.05	  -0.75	 -0.010	0.99992							#	   0.61	  64.85	
    214	   1.91	  -0.70	 -0.010	0.99989							#	   0.59	  65.35	
    215	   1.90	  -0.63	 -0.010	0.99988							#	   0.60	  64.49	
    216	   1.84	  -0.65	 -0.011	0.99990							#	   0.56	  65.15	
    217	   1.71	  -0.65	 -0.010	0.99988							#	   0.43	  64.14	
    218	   1.62	  -0.61	 -0.013	0.99989							#	   0.36	  65.20	
    219	   1.57	  -0.39	 -0.011	0.99990							#	   0.33	  64.75	
    220	   1.43	  -0.54	 -0.012	0.99986							#	   0.34	  64.65	
    221	   1.47	  -0.45	 -0.011	0.99992							#	   0.36	  65.00	
    222	   1.48	  -0.38	 -0.012	0.99991							#	   0.40	  65.76	
    223	   1.47	  -0.36	 -0.010	0.99989							#	   0.36	  65.51	
    224	   1.48	  -0.34	 -0.011	0.99991							#	   0.38	  65.15	
    225	   1.55	  -0.36	 -0.011	0.99994							#	   0.37	  65.91	
    226	   1.48	  -0.36	 -0.011	0.99992							#	   0.35	  66.72	
    227	   1.47	  -0.40	 -0.011	0.99995							#	   0.37	  64.95	
    228	   1.43	  -0.32	 -0.010	0.99994							#	   0.35	  66.16	
    229	   1.35	  -0.26	 -0.009	0.99995							#	   0.31	  67.02	
    230	   1.33	  -0.24	 -0.009	0.99995							#	   0.31	  66.31	
    231	   1.33	  -0.17	 -0.009	0.99995							#	   0.29	  66.26	
    232	   1.14	  -0.23	 -0.009	0.99991							#	   0.29	  66.41	
    233	   1.21	  -0.10	 -0.010	0.99994							#	   0.31	  67.17	
    234	   1.05	  -0.10	 -0.006	0.99995							#	   0.29	  66.87	
    235	   1.07	  -0.11	 -0.007	0.99994							#	   0.32	  66.57	
    236	   1.01	  -0.04	 -0.008	0.99992							#	   0.36	  66.06	
    237	   0.98	  -0.02	 -0.006	0.99994							#	   0.42	  66.67	
    238	   1.08	  -0.10	 -0.007	0.99996							#	   0.46	  66.21	
    239	   0.90	   0.03	 -0.006	0.99993							#	   0.49	  66.06	
    240	   1.01	   0.05	 -0.008	0.99995							#	   0.69	  62.42	
    241	   0.95	  -0.02	 -0.006	0.99994							#	   0.57	  65.66	
    242	   0.90	   0.08	 -0.004	0.99995							#	   0.63	  65.35	
    243	   0.94	  -0.03	 -0.005	0.99996							#	   0.68	  65.00	
    244	   0.76	   0.04	 -0.006	0.99995							#	   0.66	  65.71	
    245	   0.80	  -0.07	 -0.005	0.99995							#	   0.65	  64.29	
    246	   0.63	  -0.08	 -0.006	0.99994							#	   0.75	  64.80	
    247	   0.60	  -0.03	 -0.005	0.99998							#	   0.78	  64.19	
    248	   0.41	  -0.16	 -0.005	0.99995							#	   0.88	  64.60	
    249	   0.64	   0.02	 -0.005	0.99996							#	   0.90	  64.24	
    250	   0.60	  -0.02	 -0.005	0.99995							#	   0.90	  64.49	
    251	   0.54	   0.00	 -0.004	0.99994							#	   0.80	  64.14	
    252	   0.64	  -0.04	 -0.006	0.99995							#	   0.78	  64.55	
    253	   0.54	  -0.04	 -0.004	0.99993							#	   0.62	  64.65	
    254	   0.63	  -0.12	 -0.005	0.99995							#	   0.59	  64.85	
    255	   0.51	  -0.22	 -0.007	0.99996							#	   0.58	  65.20	
    256	   0.61	  -0.24	 -0.005	0.99994							#	   0.64	  64.80	
    257	   0.51	  -0.30	 -0.007	0.99996							#	   0.69	  64.85	
    258	   0.57	  -0.41	 -0.005	0.99994							#	   0.75	  65.05	
    259	   0.44	  -0.54	 -0.009	0.99995							#	   0.59	  63.28	
    260	   0.39	  -0.60	 -0.007	0.99995							#	   0.55	  63.38	
    261	   0.30	  -0.65	 -0.007	0.99997							#	   0.54	  63.48	
    262	   0.22	  -0.64	 -0.006	0.99999							#	   0.64	  63.84	
    263	   0.20	  -0.63	 -0.005	1.00000							#	   0.62	  64.70	
    264	   0.18	  -0.64	 -0.006	0.99995							#	   0.54	  64.09	
    265	   0.15	  -0.64	 -0.006	0.99994							#	   0.56	  64.14	
    266	   0.12	  -0.69	 -0.006	0.99998							#	   0.56	  64.60	
    267	   0.16	  -0.71	 -0.005	1.00001							#	   0.59	  64.04	
    268	   0.13	  -0.68	 -0.006	1.00000							#	   0.50	  64.65	
    269	   0.18	  -0.66	 -0.006	0.99999							#	   0.49	  65.15	
    270	   0.15	  -0.72	 -0.005	0.99999							#	   0.61	  64.19	
    271	   0.12	  -0.76	 -0.005	1.00001							#	   0.55	  64.85	
    272	   0.17	  -0.78	 -0.004	0.99999							#	   0.55	  64.49	
    273	   0.13	  -0.72	 -0.006	1.00003							#	   0.39	  64.34	
    274	   0.13	  -0.84	 -0.005	1.00000							#	   0.38	  65.61	
    275	   0.17	  -0.82	 -0.005	1.00000							#	   0.35	  65.45	
    276	   0.14	  -0.71	 -0.005	1.00003							#	   0.30	  66.77	
    277	   0.15	  -0.63	 -0.004	1.00000							#	   0.31	  66.41	
    278	   0.06	  -0.60	 -0.003	1.00000							#	   0.41	  66.72	
    279	   0.09	  -0.72	 -0.004	0.99999							#	   0.38	  65.05	
    280	   0.00	  -0.58	 -0.002	0.99998							#	   0.37	  65.30	
    281	   0.01	  -0.68	 -0.003	1.00001							#	   0.42	  65.35	
    282	  -0.06	  -0.60	 -0.002	1.00000							#	   0.40	  64.75	
    283	  -0.01	  -0.65	 -0.003	0.99998							#	   0.43	  65.96	
    284	  -0.02	  -0.61	 -0.001	1.00001							#	   0.44	  63.99	
    285	   0.01	  -0.58	  0.000	1.00001							#	   0.44	  64.95	
    286	   0.04	  -0.56	 -0.001	0.99997							#	   0.43	  66.26	
    287	   0.02	  -0.52	  0.000	0.99999							#	   0.46	  65.56	
    288	   0.00	  -0.55	  0.001	1.00002							#	   0.50	  64.70	
    289	   0.04	  -0.50	  0.002	1.00001							#	   0.63	  64.55	
    290	   0.00	  -0.61	  0.000	1.00000							#	   0.53	  65.76	
    291	  -0.03	  -0.60	  0.002	0.99999							#	   0.45	  64.49	
    292	   0.00	  -0.59	  0.002	1.00003							#	   0.35	  64.75	
    293	  -0.01	  -0.54	  0.001	0.99999							#	   0.33	  64.60	
    294	   0.06	  -0.60	  0.005	1.00000							#	   0.44	  64.85	
    295	   0.01	  -0.68	  0.001	0.99999							#	   0.49	  64.49	
    296	   0.05	  -0.61	  0.003	0.99998							#	   0.52	  64.29	
    297	   0.08	  -0.59	  0.003	0.99997							#	   0.52	  64.49	
    298	   0.12	  -0.69	  0.003	0.99997							#	   0.53	  64.80	
    299	   0.08	  -0.61	  0.001	0.99995							#	   0.48	  64.55	
    300	   0.23	  -0.73	  0.002	0.99999							#	   0.62	  60.66	
    301	   0.22	  -0.75	  0.002	0.99996							#	   0.40	  65.76	
    302	   0.20	  -0.78	  0.003	0.99997							#	   0.40	  65.30	
    303	   0.19	  -0.79	  0.001	0.99996							#	   0.40	  64.80	
    304	   0.29	  -0.74	  0.002	0.99997							#	   0.36	  64.29	
    305	   0.26	  -0.85	  0.001	0.99997							#	   0.41	  64.39	
    306	   0.21	  -0.87	  0.002	0.99997							#	   0.42	  64.09	
    307	   0.24	  -0.77	  0.002	0.99994							#	   0.40	  63.74	
    308	   0.29	  -0.80	  0.003	0.99994							#	   0.42	  64.85	
    309	   0.23	  -0.86	  0.002	0.99997							#	   0.42	  64.44	
    310	   0.36	  -0.93	  0.002	0.99996							#	   0.45	  64.14	
    311	   0.48	  -0.91	  0.002	0.99994							#	   0.48	  65.76	
    312	   0.53	  -0.90	  0.000	0.99996							#	   0.48	  64.44	
    313	   0.48	  -0.93	  0.002	0.99995							#	   0.46	  64.49	
    314	   0.63	  -0.90	  0.001	0.99994							#	   0.49	  65.00	
    315	   0.75	  -0.98	  0.002	0.99994							#	   0.51	  63.74	
    316	   0.88	  -1.05	  0.002	0.99996							#	   0.56	  63.79	
    317	   0.84	  -1.11	  0.002	0.99995							#	   0.61	  62.63	
    318	   0.85	  -1.12	  0.003	0.99995							#	   0.64	  63.79	
    319	   0.91	  -1.17	  0.003	0.99998							#	   0.77	  62.17	
    320	   0.70	  -1.25	  0.003	0.99993							#	   0.73	  62.32	
    321	   0.88	  -1.30	  0.002	0.99994							#	   0.77	  60.81	
    322	   0.91	  -1.37	  0.003	0.99999							#	   0.92	  60.76	
    323	   0.87	  -1.39	  0.004	0.99995							#	   0.81	  60.66	
    324	   0.88	  -1.37	  0.002	0.99990							#	   0.87	  61.62	
    325	   0.83	  -1.46	  0.003	0.99993							#	   0.82	  61.06	
    326	   0.88	  -1.47	  0.002	0.99993							#	   0.92	  61.31	
    327	   0.80	  -1.55	  0.003	0.99998							#	   0.92	  61.57	
    328	   0.77	  -1.64	  0.002	0.99996							#	   1.01	  60.96	
    329	   0.82	  -1.78	  0.001	0.99995							#	   0.99	  61.62	
    330	   0.79	  -1.94	  0.002	0.99996							#	   0.98	  61.36	
    331	   0.80	  -2.05	  0.002	0.99995							#	   0.85	  60.45	
    332	   0.82	  -2.20	  0.002	0.99994							#	   1.09	  60.10	
    333	   0.95	  -2.31	  0.003	0.99995							#	   0.72	  60.05	
    334	   0.83	  -2.44	  0.002	0.99996							#	   0.90	  59.04	
    335	   0.82	  -2.56	  0.003	0.99997							#	   0.97	  59.34	
    336	   0.84	  -2.74	  0.001	0.99999							#	   0.90	  61.77	
    337	   0.78	  -2.82	  0.003	0.99997							#	   0.90	  62.27	
    338	   0.83	  -2.92	  0.002	1.00000							#	   0.95	  60.45	
    339	   0.77	  -2.99	  0.002	0.99994							#	   0.86	  61.21	
    340	   0.86	  -3.07	  0.001	0.99997							#	   0.78	  61.82	
    341	   0.86	  -3.26	  0.002	0.99996							#	   0.75	  61.41	
    342	   0.85	  -3.28	  0.001	0.99996							#	   0.70	  60.40	
    343	   0.75	  -3.36	  0.002	0.99994							#	   0.70	  61.57	
    344	   0.81	  -3.47	 -0.000	0.99997							#	   0.77	  60.45	
    345	   0.76	  -3.57	  0.001	1.00000							#	   0.79	  61.67	
    346	   0.86	  -3.65	  0.001	1.00004							#	   0.88	  61.06	
    347	   0.87	  -3.67	  0.000	1.00000							#	   0.85	  60.71	
    348	   0.86	  -3.80	  0.000	1.00001							#	   0.84	  61.82	
    349	   0.79	  -3.77	  0.002	1.00000							#	   0.83	  61.62	
    350	   0.70	  -3.82	  0.002	0.99999							#	   0.85	  60.91	
    351	   0.78	  -3.84	  0.002	1.00001							#	   0.86	  60.51	
    352	   0.84	  -3.92	  0.001	1.00000							#	   0.94	  61.31	
    353	   0.65	  -3.86	  0.002	1.00002							#	   0.79	  61.41	
    354	   0.68	  -3.92	  0.003	0.99999							#	   0.88	  61.62	
    355	   0.70	  -3.98	  0.001	0.99997							#	   0.89	  62.32	
    356	   0.64	  -3.92	  0.003	1.00003							#	   0.86	  61.41	
    357	   0.68	  -3.90	  0.002	1.00002							#	   0.81	  61.62	
    358	   0.65	  -3.98	  0.003	1.00001							#	   0.76	  61.62	
    359	   0.70	  -4.00	  0.001	1.00000							#	   0.75	  60.76	
    360	   0.55	  -4.04	  0.003	1.00001							#	   0.89	  59.19	
    361	   0.70	  -4.07	  0.005	1.00004							#	   0.62	  61.36	
    362	   0.63	  -4.08	  0.002	1.00002							#	   0.64	  61.11	
    363	   0.77	  -4.04	  0.004	1.00001							#	   0.64	  60.05	
    364	   0.58	  -4.06	  0.003	0.99999							#	   0.65	  59.90	
    365	   0.62	  -4.12	  0.003	1.00001							#	   0.71	  60.81	
    366	   0.68	  -4.21	  0.002	1.00006							#	   0.78	  59.60	
    367	   0.59	  -4.10	  0.004	1.00003							#	   0.78	  60.56	
    368	   0.75	  -4.17	  0.003	1.00000							#	   0.86	  59.90	
    369	   0.76	  -4.10	  0.003	0.99999							#	   0.85	  59.95	
    370	   0.92	  -4.14	  0.003	0.99999							#	   0.88	  60.10	
    371	   0.86	  -4.16	  0.002	0.99998							#	   0.85	  59.90	
    372	   0.93	  -4.18	  0.004	0.99999							#	   0.86	  60.35	
    373	   0.93	  -4.13	  0.002	0.99997							#	   0.90	  60.40	
    374	   1.01	  -4.12	  0.002	1.00000							#	   0.86	  60.00	
    375	   1.04	  -4.15	  0.004	0.99992							#	   0.88	  58.59	
    376	   1.08	  -4.24	  0.003	0.99996							#	   0.88	  59.14	
    377	   1.00	  -4.12	  0.005	0.99997							#	   0.75	  59.29	
    378	   1.15	  -4.14	  0.005	1.00000							#	   0.80	  59.70	
    379	   1.11	  -4.19	  0.004	1.00000							#	   0.90	  59.55	
    380	   1.08	  -4.29	  0.006	0.99999							#	   0.98	  59.55	
    381	   1.19	  -4.06	  0.003	1.00000							#	   0.94	  59.14	
    382	   1.18	  -4.01	  0.002	1.00000							#	   0.99	  60.71	
    383	   1.23	  -4.03	  0.005	1.00000							#	   0.89	  60.96	
    384	   1.30	  -3.96	  0.003	0.99999							#	   0.85	  61.46	
    385	   1.27	  -3.95	  0.005	0.99994							#	   0.95	  60.61	
    386	   1.20	  -3.80	  0.005	0.99998							#	   0.92	  59.09	
    387	   1.29	  -3.92	  0.005	0.99997							#	   1.01	  59.60	
    388	   1.25	  -3.89	  0.006	0.99997							#	   1.07	  60.20	
    389	   1.24	  -3.90	  0.005	0.99996							#	   1.00	  60.20	
    390	   1.27	  -3.89	  0.004	0.99997							#	   1.08	  60.15	
    391	   1.29	  -3.81	  0.004	0.99997							#	   1.22	  59.14	
    392	   1.37	  -3.82	  0.003	0.99999							#	   1.14	  58.69	
    393	   1.45	  -3.79	  0.003	1.00002							#	   1.32	  59.14	
    394	   1.47	  -3.83	  0.003	0.99997							#	   1.43	  59.39	
    395	   1.48	  -3.75	  0.005	0.99998							#	   1.45	  58.69	
    396	   1.51	  -3.76	  0.004	0.99998							#	   1.50	  58.79	
    397	   1.61	  -3.77	  0.004	0.99998							#	   2.02	  58.74	
    398	   1.58	  -3.70	  0.004	1.00000							#	   1.64	  59.24	
    399	   1.53	  -3.65	  0.004	0.99999							#	   1.99	  58.69	
    400	   1.59	  -3.62	  0.005	0.99998							#	   2.34	  57.78	
    401	   1.73	  -3.71	  0.003	0.99995							#	   2.22	  57.73	
    402	   1.75	  -3.63	  0.004	0.99994							#	   2.23	  56.62	
    403	   1.89	  -3.61	  0.003	0.99998							#	   2.81	  56.46	
    404	   1.91	  -3.56	  0.002	1.00000							#	   2.30	  55.51	
    405	   1.94	  -3.67	  0.002	0.99997							#	   2.46	  53.54	
    406	   1.94	  -3.64	  0.005	0.99996							#	   2.03	  52.53	
    407	   1.96	  -3.61	  0.005	1.00000							#	   1.95	  51.77	
    408	   2.01	  -3.57	  0.005	0.99997							#	   2.10	  51.92	
    409	   2.01	  -3.54	  0.007	0.99997							#	   1.88	  51.72	
    410	   2.05	  -3.50	  0.008	0.99999							#	   1.74	  52.42	
    411	   2.05	  -3.53	  0.008	0.99998							#	   1.76	  51.57	
    412	   2.00	  -3.56	  0.009	0.99995							#	   1.70	  51.21	
    413	   2.06	  -3.54	  0.009	0.99994							#	   1.45	  52.63	
    414	   2.12	  -3.47	  0.009	0.99996							#	   1.37	  54.29	
    415	   2.12	  -3.54	  0.009	0.99993							#	   1.16	  53.38	
    416	   2.21	  -3.49	  0.009	0.99994							#	   1.09	  53.79	
    417	   2.24	  -3.40	  0.011	0.99995							#	   1.32	  54.90	
    418	   2.20	  -3.39	  0.012	0.99997							#	   1.55	  54.75	
    419	   2.27	  -3.40	  0.012	0.99994							#	   1.23	  55.56	
    420	   2.31	  -3.40	  0.011	0.99995							#	   1.26	  53.18	
    421	   2.36	  -3.38	  0.011	0.99994							#	   1.67	  56.46	
    422	   2.36	  -3.32	  0.011	0.99993							#	   1.83	  54.70	
    423	   2.32	  -3.27	  0.010	0.99992							#	   1.70	  54.75	
    424	   2.17	  -3.27	  0.012	0.99993							#	   2.05	  53.38	
    425	   2.22	  -3.29	  0.013	0.99992							#	   1.93	  54.39	
    426	   2.24	  -3.19	  0.011	0.99993							#	   1.43	  54.70	
    427	   2.15	  -3.09	  0.011	0.99987							#	   1.33	  53.79	
    428	   2.17	  -3.11	  0.011	0.99991							#	   1.26	  53.84	
    429	   2.19	  -3.02	  0.011	0.99984							#	   1.29	  52.73	
    430	   2.21	  -2.90	  0.013	0.99985							#	   1.35	  52.47	
    431	   2.07	  -2.83	  0.012	0.99984							#	   1.64	  50.91	
    432	   2.12	  -2.77	  0.012	0.99988							#	   1.93	  52.32	
    433	   2.02	  -2.80	  0.013	0.99989							#	   1.87	  53.13	
    434	   2.05	  -2.76	  0.013	0.99994							#	   2.17	  51.87	
    435	   2.01	  -2.76	  0.013	0.99992							#	   1.79	  53.38	
    436	   1.95	  -2.73	  0.014	0.99994							#	   1.96	  53.84	
    437	   1.87	  -2.70	  0.013	0.99998							#	   1.80	  54.34	
    438	   1.87	  -2.63	  0.012	0.99998							#	   1.57	  54.19	
    439	   1.94	  -2.54	  0.013	1.00000							#	   1.37	  54.44	
    440	   1.87	  -2.54	  0.014	0.99998							#	   1.47	  54.39	
    441	   1.93	  -2.53	  0.013	1.00002							#	   1.41	  55.30	
    442	   1.94	  -2.46	  0.013	1.00001							#	   1.32	  55.61	
    443	   1.97	  -2.42	  0.013	1.00004							#	   1.25	  54.70	
    444	   1.94	  -2.39	  0.015	1.00001							#	   1.39	  53.69	
    445	   1.92	  -2.47	  0.015	1.00005							#	   1.42	  54.55	
    446	   2.09	  -2.48	  0.014	1.00004							#	   0.96	  54.80	
    447	   2.11	  -2.42	  0.015	1.00007							#	   0.80	  54.49	
    448	   2.06	  -2.50	  0.017	1.00003							#	   0.92	  55.35	
    449	   2.16	  -2.47	  0.016	1.00001							#	   1.08	  54.44	
    450	   2.23	  -2.49	  0.015	1.00006							#	   1.27	  53.43	
    451	   2.35	  -2.56	  0.014	1.00004							#	   1.51	  53.28	
    452	   2.47	  -2.53	  0.014	1.00004							#	   1.22	  54.19	
    453	   2.45	  -2.53	  0.014	1.00000							#	   1.31	  53.74	
    454	   2.55	  -2.53	  0.016	0.99996							#	   1.04	  54.55	
    455	   2.72	  -2.48	  0.018	0.99998							#	   1.15	  54.39	
    456	   2.79	  -2.46	  0.018	0.99998							#	   1.04	  54.34	
    457	   2.87	  -2.50	  0.017	0.99994							#	   1.02	  51.36	
    458	   3.19	  -2.41	  0.016	0.99994							#	   1.24	  52.88	
    459	   3.17	  -2.39	  0.018	0.99995							#	   1.09	  52.98	
    460	   3.32	  -2.44	  0.017	0.99990							#	   1.44	  51.36	
    461	   3.43	  -2.41	  0.018	0.99993							#	   1.33	  52.27	
    462	   3.56	  -2.41	  0.017	0.99992							#	   1.50	  52.47	
    463	   3.77	  -2.40	  0.019	0.99990							#	   1.67	  52.47	
    464	   3.82	  -2.42	  0.019	0.99990							#	   1.86	  51.57	
    465	   4.01	  -2.41	  0.017	0.99989							#	   1.84	  50.10	
    466	   4.06	  -2.35	  0.017	0.99985							#	   2.27	  50.40	
    467	   4.13	  -2.38	  0.016	0.99990							#	   2.22	  49.19	
    468	   4.19	  -2.31	  0.016	0.99988							#	   1.68	  49.49	
    469	   4.27	  -2.27	  0.016	0.99981							#	   1.86	  50.40	
    470	   4.23	  -2.16	  0.015	0.99983							#	   1.80	  49.80	
    471	   4.23	  -2.16	  0.015	0.99979							#	   2.14	  49.70	
    472	   4.32	  -2.12	  0.017	0.99977							#	   2.47	  49.70	
    473	   4.42	  -2.07	  0.016	0.99966							#	   2.43	  47.27	
    474	   4.41	  -2.02	  0.017	0.99965							#	   1.90	  46.21	
    475	   4.48	  -2.08	  0.016	0.99963							#	   1.74	  45.86	
    476	   4.79	  -2.04	  0.019	0.99960							#	   1.82	  45.25	
    477	   4.83	  -2.11	  0.017	0.99964							#	   1.67	  45.81	
    478	   5.02	  -2.14	  0.016	0.99966							#	   1.88	  46.52	
    479	   5.01	  -2.13	  0.018	0.99957							#	   1.84	  43.89	
    480	   5.23	  -2.08	  0.017	0.99956							#	   1.75	  43.03	
    481	   5.44	  -1.97	  0.017	0.99974							#	   1.28	  45.35	
    482	   5.28	  -1.87	  0.020	0.99997							#	   1.26	  41.46	
    483	   5.50	  -1.83	  0.018	0.99994							#	   1.26	  40.81	
    484	   5.55	  -1.67	  0.018	0.99999							#	   1.34	  42.37	
    485	   5.55	  -1.69	  0.021	0.99985							#	   1.66	  42.98	
    486	   5.58	  -1.62	  0.020	0.99992							#	   1.79	  43.33	
    487	   5.60	  -1.58	  0.020	0.99987							#	   1.70	  43.18	
    488	   5.70	  -1.50	  0.021	1.00000							#	   1.84	  42.53	
    489	   5.70	  -1.58	  0.022	0.99988							#	   1.99	  43.59	
    490	   5.79	  -1.57	  0.022	0.99984							#	   1.89	  43.38	
    491	   5.86	  -1.48	  0.023	0.99984							#	   2.14	  43.48	
    492	   6.07	  -1.38	  0.021	0.99987							#	   2.08	  44.14	
    493	   6.18	  -1.40	  0.020	0.99994							#	   2.25	  43.08	
    494	   6.27	  -1.43	  0.021	0.99984							#	   2.12	  44.49	
    495	   6.28	  -1.40	  0.021	0.99992							#	   2.29	  43.64	
    496	   6.43	  -1.47	  0.021	0.99979							#	   2.47	  44.19	
    497	   6.51	  -1.34	  0.020	0.99981							#	   1.95	  45.00	
    498	   6.59	  -1.38	  0.021	0.99979							#	   2.38	  43.94	
    499	   6.73	  -1.38	  0.021	0.99982							#	   2.05	  44.49	
    500	   6.77	  -1.38	  0.022	0.99974							#	   2.49	  45.51	
    501	   6.88	  -1.39	  0.022	0.99975							#	   2.04	  44.29	
    502	   6.93	  -1.33	  0.023	0.99970							#	   2.36	  45.15	
    503	   6.95	  -1.19	  0.022	0.99981							#	   2.10	  45.76	
    504	   7.17	  -1.20	  0.021	0.99968							#	   2.21	  44.49	
    505	   7.02	  -1.06	  0.021	0.99977							#	   2.27	  44.75	
    506	   7.11	  -1.15	  0.020	0.99966							#	   2.05	  43.54	
    507	   7.15	  -1.05	  0.021	0.99959							#	   2.21	  43.74	
    508	   7.11	  -0.97	  0.022	0.99957							#	   2.17	  43.23	
    509	   6.97	  -0.83	  0.027	0.99965							#	   1.79	  41.31	
    510	   7.14	  -0.75	  0.024	0.99965							#	   1.91	  42.93	
    511	   7.12	  -0.80	  0.025	0.99959							#	   1.84	  42.02	
    512	   7.03	  -0.71	  0.025	0.99945							#	   1.71	  43.79	
    513	   7.17	  -0.61	  0.026	0.99976							#	   1.72	  43.28	
    514	   7.23	  -0.48	  0.025	0.99965							#	   1.81	  46.01	
    515	   7.08	  -0.39	  0.025	0.99955							#	   1.63	  45.30	
    516	   7.08	  -0.28	  0.022	0.99960							#	   1.70	  45.10	
    517	   6.87	  -0.19	  0.026	0.99948							#	   1.60	  45.56	
    518	   6.87	  -0.03	  0.025	0.99942							#	   1.77	  43.84	
    519	   6.83	   0.27	  0.025	0.99969							#	   1.64	  43.69	
    520	   6.68	   0.41	  0.027	0.99961							#	   1.50	  44.85	
    521	   6.67	   0.65	  0.025	0.99961							#	   1.66	  46.46	
    522	   6.48	   0.82	  0.023	0.99956							#	   1.69	  45.10	
    523	   6.31	   0.96	  0.025	0.99944							#	   2.04	  44.14	
    524	   6.26	   1.07	  0.024	0.99948							#	   1.73	  44.49	
    525	   6.29	   1.35	  0.025	0.99966							#	   2.13	  46.31	
    526	   6.22	   1.50	  0.025	0.99964							#	   2.01	  48.28	
    527	   6.12	   1.59	  0.026	0.99950							#	   2.15	  47.58	
    528	   6.03	   1.73	  0.024	0.99950							#	   1.91	  48.33	
    529	   5.85	   1.79	  0.027	0.99952							#	   1.97	  49.14	
    530	   5.93	   1.90	  0.026	0.99947							#	   1.85	  48.48	
    531	   5.87	   1.91	  0.025	0.99945							#	   1.72	  48.94	
    532	   5.81	   1.92	  0.024	0.99941							#	   1.43	  48.43	
    533	   5.72	   2.00	  0.024	0.99946							#	   1.02	  49.34	
    534	   5.61	   1.93	  0.025	0.99952							#	   0.75	  50.91	
    535	   5.61	   1.93	  0.024	0.99951							#	   0.67	  50.30	
    536	   5.55	   1.89	  0.025	0.99954							#	   0.57	  51.21	
    537	   5.66	   1.86	  0.024	0.99955							#	   0.57	  51.67	
    538	   5.53	   1.89	  0.024	0.99955							#	   0.62	  50.96	
    539	   5.55	   1.92	  0.025	0.99955							#	   0.66	  51.01	
    540	   5.50	   1.87	  0.025	0.99950							#	   0.87	  49.24	
    541	   5.59	   1.88	  0.024	0.99957							#	   0.75	  50.00	
    542	   5.68	   1.86	  0.026	0.99958							#	   0.80	  50.25	
    543	   5.61	   1.86	  0.026	0.99953							#	   0.76	  49.80	
    544	   5.63	   1.82	  0.025	0.99952							#	   0.69	  50.86	
    545	   5.54	   1.81	  0.027	0.99958							#	   0.60	  52.53	
    546	   5.53	   1.89	  0.027	0.99956							#	   0.65	  51.46	
    547	   5.59	   1.83	  0.025	0.99957							#	   0.70	  52.27	
    548	   5.57	   1.83	  0.027	0.99949							#	   0.70	  51.92	
    549	   5.65	   1.76	  0.028	0.99953							#	   0.74	  53.08	
    550	   5.62	   1.69	  0.026	0.99955							#	   0.77	  52.53	
    551	   5.64	   1.70	  0.027	0.99954							#	   0.78	  53.43	
    552	   5.65	   1.72	  0.026	0.99950							#	   0.81	  51.16	
    553	   5.73	   1.61	  0.026	0.99952							#	   0.77	  52.98	
    554	   5.73	   1.60	  0.026	0.99958							#	   0.75	  53.03	
    555	   5.79	   1.52	  0.029	0.99956							#	   0.73	  52.83	
    556	   5.85	   1.46	  0.029	0.99964							#	   0.75	  54.04	
    557	   5.78	   1.37	  0.028	0.99959							#	   0.72	  52.73	
    558	   5.82	   1.34	  0.028	0.99967							#	   0.70	  53.38	
    559	   5.71	   1.29	  0.029	0.99954							#	   0.71	  52.78	
    560	   5.61	   1.23	  0.029	0.99954							#	   0.70	  50.51	
    561	   5.54	   1.17	  0.028	0.99953							#	   0.73	  51.11	
    562	   5.39	   1.10	  0.027	0.99946							#	   0.73	  49.44	
    563	   5.47	   1.11	  0.025	0.99948							#	   0.68	  50.10	
    564	   5.38	   1.03	  0.024	0.99945							#	   0.64	  49.55	
    565	   5.44	   1.10	  0.025	0.99952							#	   0.62	  51.16	
    566	   5.29	   0.94	  0.023	0.99941							#	   0.61	  50.30	
    567	   5.39	   0.91	  0.024	0.99950							#	   0.62	  50.66	
    568	   5.39	   0.94	  0.025	0.99946							#	   0.63	  50.25	
    569	   5.34	   0.93	  0.023	0.99947							#	   0.64	  50.76	
    570	   5.44	   0.89	  0.022	0.99947							#	   0.68	  50.51	
    571	   5.40	   0.95	  0.024	0.99946							#	   0.67	  49.09	
    572	   5.34	   0.98	  0.023	0.99945							#	   0.67	  48.48	
    573	   5.38	   0.96	  0.025	0.99947							#	   0.68	  49.60	
    574	   5.39	   0.88	  0.023	0.99949							#	   0.66	  50.20	
    575	   5.34	   0.90	  0.025	0.99947							#	   0.62	  48.79	
    576	   5.43	   0.92	  0.024	0.99957							#	   0.61	  51.16	
    577	   5.37	   0.90	  0.024	0.99952							#	   0.61	  50.66	
    578	   5.29	   0.81	  0.024	0.99955							#	   0.60	  51.06	
    579	   5.29	   0.81	  0.024	0.99956							#	   0.59	  50.20	
    580	   5.28	   0.79	  0.025	0.99957							#	   0.62	  49.90	
    581	   5.17	   0.86	  0.024	0.99960							#	   0.61	  49.75	
    582	   5.09	   0.82	  0.025	0.99960							#	   0.60	  49.34	
    583	   5.05	   0.77	  0.025	0.99959							#	   0.61	  49.90	
    584	   5.13	   0.76	  0.025	0.99962							#	   0.60	  50.86	
    585	   5.14	   0.74	  0.026	0.99963							#	   0.60	  51.01	
    586	   5.13	   0.65	  0.025	0.99968							#	   0.59	  50.61	
    587	   5.13	   0.57	  0.025	0.99975							#	   0.54	  53.99	
    588	   5.04	   0.50	  0.028	0.99973							#	   0.52	  53.33	
    589	   5.03	   0.40	  0.027	0.99977							#	   0.52	  53.48	
    590	   5.02	   0.34	  0.028	0.99969							#	   0.55	  51.57	
    591	   5.08	   0.35	  0.028	0.99985							#	   0.56	  54.44	
    592	   5.05	   0.29	  0.029	0.99983							#	   0.55	  54.44	
    593	   4.97	   0.25	  0.030	0.99973							#	   0.59	  51.06	
    594	   4.90	   0.31	  0.031	0.99968							#	   0.57	  51.52	
    595	   4.91	   0.22	  0.032	0.99977							#	   0.55	  52.22	
    596	   4.92	   0.20	  0.034	0.99979							#	   0.57	  53.28	
    597	   4.80	   0.15	  0.035	0.99980							#	   0.54	  53.69	
    598	   4.85	   0.16	  0.038	0.99982							#	   0.52	  54.24	
    599	   4.86	   0.12	  0.040	0.99984							#	   0.54	  55.10	
    600	   4.71	   0.09	  0.042	0.99972							#	   0.80	  48.99	
    601	   4.79	   0.20	  0.046	0.99975							#	   0.54	  53.74	
    602	   4.86	   0.04	  0.049	0.99975							#	   0.59	  52.12	
    603	   4.73	  -0.03	  0.051	0.99972							#	   0.58	  51.77	
    604	   4.79	   0.07	  0.053	0.99973							#	   0.58	  52.07	
    605	   4.82	  -0.04	  0.054	0.99973							#	   0.62	  51.67	
    606	   4.89	  -0.06	  0.056	0.99978							#	   0.63	  52.32	
    607	   4.76	  -0.05	  0.057	0.99976							#	   0.61	  52.12	
    608	   4.75	  -0.09	  0.058	0.99977							#	   0.59	  53.03	
    609	   4.66	  -0.10	  0.061	0.99975							#	   0.60	  51.82	
    610	   4.58	  -0.17	  0.062	0.99977							#	   0.59	  52.88	
    611	   4.46	  -0.13	  0.063	0.99976							#	   0.61	  52.17	
    612	   4.54	  -0.15	  0.064	0.99978							#	   0.62	  51.67	
    613	   4.46	  -0.16	  0.066	0.99977							#	   0.61	  52.47	
    614	   4.47	  -0.20	  0.068	0.99977							#	   0.59	  51.87	
    615	   4.37	  -0.12	  0.069	0.99980							#	   0.58	  52.07	
    616	   4.51	  -0.03	  0.071	0.99990							#	   0.58	  54.70	
    617	   4.51	   0.15	  0.073	0.99987							#	   0.59	  56.06	
    618	   4.40	   0.34	  0.075	0.99986							#	   0.57	  53.43	
    619	   4.43	   0.44	  0.075	0.99982							#	   0.57	  53.18	
    620	   4.45	   0.50	  0.077	0.99983							#	   0.59	  52.58	
    621	   4.58	   0.74	  0.078	0.99976							#	   0.59	  51.62	
    622	   4.58	   0.92	  0.075	0.99975							#	   0.60	  51.16	
    623	   4.45	   1.03	  0.076	0.99979							#	   0.57	  51.67	
    624	   4.42	   1.11	  0.074	0.99979							#	   0.58	  51.46	
    625	   4.41	   1.16	  0.074	0.99984							#	   0.56	  53.94	
    626	   4.61	   1.19	  0.072	0.99986							#	   0.58	  54.14	
    627	   4.51	   1.24	  0.075	0.99981							#	   0.61	  53.64	
    628	   4.60	   1.37	  0.072	0.99984							#	   0.62	  52.22	
    629	   4.45	   1.33	  0.074	0.99981							#	   0.60	  52.12	
    630	   4.38	   1.41	  0.074	0.99982							#	   0.54	  51.57	
    631	   4.41	   1.37	  0.074	0.99982							#	   0.55	  52.27	
    632	   4.60	   1.31	  0.072	0.99984							#	   0.56	  53.03	
    633	   4.25	   1.37	  0.074	0.99979							#	   0.53	  52.32	
    634	   4.30	   1.21	  0.075	0.99979							#	   0.54	  51.31	
    635	   4.47	   1.40	  0.074	0.99980							#	   0.56	  50.81	
    636	   4.37	   1.34	  0.074	0.99977							#	   0.59	  52.12	
    637	   4.69	   1.40	  0.073	0.99975							#	   0.62	  51.72	
    638	   4.75	   1.31	  0.072	0.99978							#	   0.61	  52.02	
    639	   4.47	   1.19	  0.071	0.99970							#	   0.59	  50.15	
    640	   4.42	   1.15	  0.072	0.99966							#	   0.58	  48.79	
    641	   4.61	   1.18	  0.074	0.99975							#	   0.59	  51.77	
    642	   4.47	   1.05	  0.075	0.99970							#	   0.61	  47.53	
    643	   4.60	   1.06	  0.072	0.99968							#	   0.59	  51.26	
    644	   4.89	   0.87	  0.070	0.99963							#	   0.69	  45.61	
    645	   4.95	   0.97	  0.073	0.99976							#	   0.64	  54.90	
    646	   4.81	   0.84	  0.072	0.99969							#	   0.63	  49.19	
    647	   4.83	   0.66	  0.069	0.99969							#	   0.62	  50.30	
    648	   4.61	   0.53	  0.067	0.99967							#	   0.60	  49.65	
    649	   4.78	   0.45	  0.065	0.99968							#	   0.63	  49.70	
    650	   4.67	   0.27	  0.066	0.99967							#	   0.65	  46.82	
    651	   4.80	   0.10	  0.064	0.99968							#	   0.59	  51.62	
    652	   4.75	   0.07	  0.063	0.99980							#	   0.59	  47.07	
    653	   4.63	   0.00	  0.061	0.99968							#	   0.58	  51.72	
    654	   4.36	  -0.22	  0.060	0.99965							#	   0.56	  49.24	
    655	   4.40	  -0.27	  0.059	0.99974							#	   0.58	  50.81	
    656	   4.04	  -0.39	  0.060	0.99963							#	   0.60	  45.30	
    657	   4.18	  -0.41	  0.056	0.99969							#	   0.57	  51.57	
    658	   4.18	  -0.56	  0.056	0.99970							#	   0.58	  49.49	
    659	   4.16	  -0.59	  0.054	0.99972							#	   0.60	  49.70	
    660	   4.20	  -0.55	  0.053	0.99980							#	   0.90	  47.22	
    661	   4.07	  -0.65	  0.053	0.99978							#	   0.47	  49.75	
    662	   4.01	  -0.76	  0.052	0.99979							#	   0.53	  48.03	
    663	   3.96	  -0.73	  0.050	0.99981							#	   0.50	  50.81	
    664	   3.96	  -0.77	  0.050	0.99985							#	   0.48	  50.05	
    665	   3.56	  -0.77	  0.049	0.99989							#	   0.45	  52.22	
    666	   3.65	  -0.82	  0.047	0.99990							#	   0.52	  51.67	
    667	   4.10	  -0.92	  0.046	0.99995							#	   0.57	  53.99	
    668	   4.09	  -0.86	  0.046	1.00000							#	   0.59	  53.23	
    669	   3.72	  -0.93	  0.043	0.99997							#	   0.55	  52.22	
    670	   3.81	  -0.95	  0.043	1.00000							#	   0.54	  54.55	
    671	   3.51	  -0.93	  0.043	0.99997							#	   0.50	  53.13	
    672	   3.47	  -0.99	  0.042	1.00000							#	   0.53	  53.69	
    673	   3.44	  -0.95	  0.041	1.00000							#	   0.52	  54.29	
    674	   3.48	  -0.88	  0.041	1.00001							#	   0.56	  54.65	
    675	   3.37	  -0.90	  0.041	1.00000							#	   0.53	  54.14	
    676	   3.30	  -0.86	  0.039	1.00001							#	   0.50	  55.15	
    677	   3.29	  -0.85	  0.038	1.00002							#	   0.51	  54.55	
    678	   3.16	  -0.77	  0.038	1.00001							#	   0.50	  55.40	
    679	   3.25	  -0.72	  0.037	1.00003							#	   0.50	  54.65	
    680	   3.12	  -0.72	  0.038	1.00002							#	   0.52	  54.70	
    681	   2.90	  -0.67	  0.036	1.00000							#	   0.48	  54.80	
    682	   2.99	  -0.71	  0.036	1.00001							#	   0.50	  54.55	
    683	   2.98	  -0.69	  0.034	1.00001							#	   0.52	  53.74	
    684	   3.02	  -0.59	  0.035	1.00000							#	   0.53	  53.74	
    685	   2.86	  -0.61	  0.034	1.00001							#	   0.48	  53.33	
    686	   2.74	  -0.65	  0.033	1.00003							#	   0.50	  53.38	
    687	   2.74	  -0.65	  0.032	1.00003							#	   0.52	  53.18	
    688	   2.61	  -0.65	  0.032	1.00001							#	   0.51	  52.88	
    689	   2.85	  -0.70	  0.031	1.00004							#	   0.51	  52.37	
    690	   2.79	  -0.80	  0.031	1.00006							#	   0.52	  52.37	
    691	   2.57	  -0.85	  0.029	1.00007							#	   0.50	  51.41	
    692	   2.50	  -0.88	  0.029	1.00004							#	   0.49	  53.54	
    693	   2.34	  -1.05	  0.028	1.00002							#	   0.50	  53.43	
    694	   2.31	  -1.06	  0.029	1.00001							#	   0.47	  52.58	
    695	   2.42	  -1.15	  0.026	1.00002							#	   0.45	  52.12	
    696	   2.40	  -1.09	  0.028	0.99999							#	   0.48	  51.62	
    697	   2.24	  -1.21	  0.025	1.00002							#	   0.49	  52.47	
    698	   2.25	  -1.29	  0.025	1.00002							#	   0.55	  53.38	
    699	   2.32	  -1.34	  0.025	1.00002							#	   0.42	  52.78	
    700	   2.36	  -1.35	  0.023	1.00005							#	   0.39	  52.27	
    701	   2.17	  -1.40	  0.025	1.00005							#	   0.40	  51.57	
    702	   2.04	  -1.52	  0.022	1.00005							#	   0.48	  51.06	
    703	   2.08	  -1.53	  0.024	1.00006							#	   0.46	  51.31	
    704	   2.02	  -1.54	  0.023	1.00005							#	   0.43	  51.72	
    705	   2.24	  -1.54	  0.022	1.00002							#	   0.46	  52.53	
    706	   2.34	  -1.60	  0.021	1.00010							#	   0.46	  51.01	
    707	   2.13	  -1.67	  0.022	1.00011							#	   0.45	  50.76	
    708	   1.93	  -1.67	  0.021	1.00009							#	   0.40	  51.06	
    709	   1.85	  -1.66	  0.022	1.00008							#	   0.41	  51.01	
    710	   1.83	  -1.60	  0.021	1.00007							#	   0.37	  50.86	
    711	   1.76	  -1.59	  0.019	1.00009							#	   0.39	  51.67	
    712	   1.88	  -1.58	  0.019	1.00007							#	   0.36	  51.57	
    713	   1.98	  -1.59	  0.019	1.00009							#	   0.38	  50.86	
    714	   1.82	  -1.54	  0.014	1.00012							#	   0.35	  50.25	
    715	   1.90	  -1.44	  0.016	1.00010							#	   0.35	  50.56	
    716	   1.95	  -1.37	  0.015	1.00011							#	   0.37	  50.76	
    717	   1.86	  -1.32	  0.015	1.00008							#	   0.37	  50.81	
    718	   2.09	  -1.31	  0.013	1.00010							#	   0.35	  50.00	
    719	   2.06	  -1.21	  0.013	1.00013							#	   0.32	  50.30	
    720	   1.92	  -1.15	  0.013	1.00008							#	   0.62	  45.86	
    721	   1.90	  -1.17	  0.012	1.00009							#	   0.30	  51.57	
    722	   1.94	  -1.19	  0.010	1.00007							#	   0.30	  49.65	
    723	   2.15	  -1.12	  0.009	1.00009							#	   0.34	  48.59	
    724	   1.86	  -1.06	  0.010	1.00006							#	   0.28	  49.60	
    725	   1.73	  -1.05	  0.007	1.00005							#	   0.26	  50.76	
    726	   2.00	  -1.01	  0.009	1.00002							#	   0.30	  49.55	
    727	   2.13	  -0.96	  0.008	1.00006							#	   0.30	  49.95	
    728	   2.12	  -0.97	  0.007	1.00007							#	   0.28	  49.75	
    729	   1.70	  -0.82	  0.007	1.00004							#	   0.26	  50.10	
    730	   2.00	  -0.84	  0.006	1.00004							#	   0.27	  49.65	
    731	   2.06	  -0.83	  0.006	1.00005							#	   0.27	  50.15	
    732	   2.04	  -0.88	  0.005	1.00008							#	   0.28	  48.48	
    733	   2.06	  -0.89	  0.006	1.00004							#	   0.27	  49.70	
    734	   2.06	  -0.88	  0.004	1.00006							#	   0.24	  49.55	
    735	   2.03	  -0.86	  0.003	1.00007							#	   0.25	  48.64	
    736	   1.96	  -0.89	  0.003	1.00007							#	   0.24	  49.29	
    737	   1.95	  -0.97	  0.003	1.00009							#	   0.24	  49.60	
    738	   1.88	  -0.97	  0.002	1.00008							#	   0.25	  49.55	
    739	   2.17	  -1.09	  0.003	1.00009							#	   0.26	  49.34	
    740	   2.31	  -1.10	  0.003	1.00007							#	   0.27	  50.25	
    741	   2.15	  -1.17	  0.003	1.00009							#	   0.28	  49.90	
    742	   2.12	  -1.17	  0.003	1.00009							#	   0.26	  48.59	
    743	   2.39	  -1.20	  0.002	1.00011							#	   0.28	  49.75	
    744	   2.31	  -1.19	  0.003	1.00009							#	   0.27	  49.60	
    745	   2.24	  -1.22	  0.000	1.00009							#	   0.25	  49.65	
    746	   2.06	  -1.22	  0.002	1.00010							#	   0.26	  50.81	
    747	   2.15	  -1.25	  0.002	1.00009							#	   0.25	  50.20	
    748	   1.99	  -1.24	  0.002	1.00011							#	   0.25	  49.44	
    749	   1.96	  -1.23	  0.000	1.00009							#	   0.25	  50.40	
    750	   2.03	  -1.26	  0.001	1.00010							#	   0.25	  50.20	
    751	   1.87	  -1.20	 -0.000	1.00010							#	   0.24	  49.80	
    752	   1.64	  -1.18	  0.001	1.00011							#	   0.24	  49.95	
    753	   1.59	  -1.17	 -0.001	1.00012							#	   0.23	  50.86	
    754	   1.62	  -1.19	 -0.001	1.00011							#	   0.25	  51.06	
    755	   1.50	  -1.17	 -0.001	1.00014							#	   0.24	  50.25	
    756	   1.40	  -1.09	 -0.001	1.00013							#	   0.23	  51.41	
    757	   1.24	  -1.14	 -0.001	1.00012							#	   0.20	  51.36	
    758	   1.15	  -1.09	  0.001	1.00012							#	   0.19	  51.97	
    759	   1.11	  -1.01	 -0.001	1.00013							#	   0.19	  52.42	
    760	   0.98	  -1.01	 -0.001	1.00012							#	   0.18	  52.53	
    761	   1.04	  -0.99	 -0.001	1.00011							#	   0.18	  52.63	
    762	   1.09	  -0.93	 -0.002	1.00010							#	   0.18	  52.53	
    763	   1.00	  -0.95	 -0.001	1.00012							#	   0.17	  54.04	
    764	   0.92	  -0.91	 -0.000	1.00011							#	   0.17	  52.58	
    765	   0.83	  -0.91	 -0.001	1.00016							#	   0.18	  54.04	
    766	   0.92	  -0.90	 -0.003	1.00013							#	   0.17	  53.13	
    767	   0.77	  -0.91	 -0.002	1.00016							#	   0.17	  53.94	
    768	   0.64	  -0.88	  0.000	1.00014							#	   0.17	  52.17	
    769	   0.48	  -0.85	 -0.002	1.00016							#	   0.18	  52.88	
    770	   0.36	  -0.86	 -0.001	1.00015							#	   0.15	  51.67	
    771	   0.35	  -0.88	 -0.002	1.00018							#	   0.16	  53.03	
    772	   0.32	  -0.82	 -0.003	1.00015							#	   0.14	  53.18	
    773	   0.25	  -0.72	 -0.002	1.00011							#	   0.14	  53.84	
    774	   0.29	  -0.60	 -0.001	1.00015							#	   0.14	  54.85	
    775	   0.20	  -0.61	 -0.003	1.00016							#	   0.14	  53.89	
    776	   0.12	  -0.56	 -0.002	1.00009							#	   0.13	  53.64	
    777	   0.02	  -0.64	 -0.001	1.00011							#	   0.13	  53.43	
    778	   0.04	  -0.63	 -0.002	1.00012							#	   0.12	  53.23	
    779	  -0.08	  -0.45	 -0.003	1.00007							#	   0.11	  53.94	
    780	  -0.09	  -0.54	 -0.003	1.00005							#	   0.35	  48.54	
    781	  -0.11	  -0.44	 -0.003	1.00007							#	   0.10	  53.74	
    782	  -0.13	  -0.53	 -0.003	1.00007							#	   0.11	  52.83	
    783	  -0.25	  -0.49	 -0.005	1.00011							#	   0.12	  51.97	
    784	  -0.02	  -0.35	 -0.002	1.00013							#	   0.10	  53.69	
    785	  -0.13	  -0.16	 -0.004	1.00016							#	   0.11	  54.19	
    786	   0.07	  -0.09	 -0.002	1.00014							#	   0.14	  53.23	
    787	  -0.04	  -0.01	 -0.002	1.00014							#	   0.11	  54.24	
    788	  -0.24	  -0.01	 -0.001	1.00006							#	   0.12	  55.35	
    789	  -0.22	  -0.01	 -0.003	1.00012							#	   0.13	  54.04	
    790	  -0.38	   0.08	 -0.001	1.00018							#	   0.12	  53.28	
    791	  -0.30	   0.10	 -0.002	1.00020							#	   0.13	  53.89	
    792	  -0.36	   0.19	 -0.002	1.00012							#	   0.12	  54.44	
    793	  -0.57	   0.26	 -0.001	1.00012							#	   0.12	  54.55	
    794	  -0.53	   0.32	 -0.002	1.00020							#	   0.13	  54.90	
    795	  -0.59	   0.35	 -0.002	1.00013							#	   0.12	  54.24	
    796	  -0.51	   0.38	 -0.003	1.00011							#	   0.12	  56.06	
    797	  -0.47	   0.37	  0.000	1.00011							#	   0.13	  55.51	
    798	  -0.41	   0.40	 -0.001	1.00004							#	   0.12	  54.90	
    799	  -0.24	   0.40	 -0.002	1.00002							#	   0.13	  53.59	
    800	  -0.20	   0.53	 -0.002	1.00002							#	   0.14	  52.58	
    801	  -0.11	   0.50	  0.000	1.00003							#	   0.14	  53.99	
    802	  -0.08	   0.51	 -0.000	1.00005							#	   0.14	  52.83	
    803	  -0.00	   0.54	  0.000	1.00003							#	   0.13	  53.18	
    804	   0.14	   0.65	  0.002	1.00007							#	   0.14	  52.42	
    805	  -0.05	   0.55	  0.002	1.00008							#	   0.14	  52.53	
    806	   0.06	   0.67	  0.001	1.00007							#	   0.16	  51.92	
    807	   0.29	   0.72	  0.004	1.00010							#	   0.14	  52.12	
    808	   0.24	   0.75	  0.006	1.00012							#	   0.14	  52.32	
    809	   0.25	   0.95	  0.005	1.00009							#	   0.16	  52.17	
    810	   0.19	   1.10	  0.004	1.00005							#	   0.17	  51.62	
    811	  -0.11	   1.20	  0.004	1.00000							#	   0.18	  53.38	
    812	  -0.05	   1.43	  0.005	1.00007							#	   0.18	  51.72	
    813	   0.11	   1.50	  0.004	1.00006							#	   0.18	  51.36	
    814	  -0.10	   1.35	  0.005	1.00006							#	   0.17	  50.56	
    815	  -0.50	   1.34	  0.006	1.00011							#	   0.18	  51.11	
