      1	  -0.27	   0.36	 -0.006	1.00014							#	   0.03	  85.30	
      2	  -0.36	   0.44	 -0.006	1.00010							#	   0.11	  83.79	
      3	  -0.38	   0.16	 -0.005	1.00011							#	   0.10	  83.54	
      4	  -0.37	   0.28	 -0.006	1.00014							#	   0.09	  83.59	
      5	  -0.34	   0.28	 -0.004	1.00008							#	   0.09	  83.64	
      6	  -0.46	   0.22	 -0.004	1.00011							#	   0.10	  82.27	
      7	  -0.34	   0.32	 -0.005	1.00009							#	   0.09	  83.13	
      8	  -0.35	   0.34	 -0.004	1.00009							#	   0.07	  84.04	
      9	  -0.50	   0.32	 -0.003	1.00007							#	   0.08	  83.33	
     10	  -0.47	   0.34	 -0.005	1.00007							#	   0.08	  82.73	
     11	  -0.39	   0.28	 -0.004	1.00007							#	   0.07	  84.55	
     12	  -0.47	   0.37	 -0.003	1.00007							#	   0.06	  85.76	
     13	  -0.51	   0.14	 -0.002	1.00008							#	   0.06	  88.03	
     14	  -0.48	   0.16	 -0.000	1.00013							#	   0.06	  90.96	
     15	  -0.47	   0.25	 -0.002	1.00006							#	   0.06	  92.22	
     16	  -0.34	   0.24	 -0.002	1.00010							#	   0.05	  92.78	
     17	  -0.37	   0.23	 -0.000	1.00009							#	   0.05	  92.32	
     18	  -0.21	   0.28	 -0.001	1.00006							#	   0.05	  92.42	
     19	  -0.17	   0.34	 -0.001	1.00002							#	   0.05	  91.72	
     20	  -0.12	   0.19	 -0.002	1.00004							#	   0.04	  93.03	
     21	  -0.11	   0.20	 -0.001	1.00003							#	   0.04	  93.03	
     22	  -0.18	   0.34	 -0.001	1.00000							#	   0.05	  92.22	
     23	  -0.14	   0.22	 -0.001	0.99999							#	   0.05	  92.98	
     24	  -0.16	   0.16	  0.000	0.99998							#	   0.04	  94.34	
     25	  -0.24	   0.16	  0.001	0.99997							#	   0.04	  93.84	
     26	  -0.27	   0.15	  0.001	0.99998							#	   0.04	  93.89	
     27	  -0.27	   0.03	  0.001	0.99998							#	   0.04	  94.70	
     28	  -0.26	   0.26	  0.002	1.00002							#	   0.04	  94.80	
     29	  -0.24	   0.20	  0.000	0.99991							#	   0.04	  94.80	
     30	  -0.20	   0.25	  0.001	0.99996							#	   0.04	  94.70	
     31	  -0.27	   0.19	  0.002	0.99992							#	   0.04	  94.39	
     32	  -0.16	   0.05	  0.001	0.99997							#	   0.03	  96.31	
     33	  -0.29	   0.17	  0.001	0.99989							#	   0.04	  94.65	
     34	  -0.26	   0.15	  0.000	0.99992							#	   0.04	  94.44	
     35	  -0.34	   0.02	  0.001	0.99993							#	   0.04	  94.09	
     36	  -0.40	   0.06	  0.001	0.99994							#	   0.04	  93.84	
     37	  -0.48	   0.05	  0.000	0.99994							#	   0.04	  93.54	
     38	  -0.60	  -0.01	 -0.001	0.99993							#	   0.06	  93.33	
     39	  -0.60	  -0.15	 -0.001	0.99994							#	   0.05	  93.69	
     40	  -0.50	  -0.14	 -0.000	0.99998							#	   0.04	  94.09	
     41	  -0.59	  -0.18	 -0.001	0.99992							#	   0.05	  93.69	
     42	  -0.57	  -0.25	 -0.000	0.99992							#	   0.06	  92.93	
     43	  -0.54	  -0.31	  0.000	0.99996							#	   0.06	  92.42	
     44	  -0.58	  -0.39	  0.000	0.99987							#	   0.06	  92.93	
     45	  -0.53	  -0.42	  0.001	0.99988							#	   0.06	  92.98	
     46	  -0.54	  -0.57	  0.001	0.99989							#	   0.06	  93.18	
     47	  -0.54	  -0.54	  0.000	0.99985							#	   0.06	  92.98	
     48	  -0.52	  -0.73	  0.001	0.99990							#	   0.06	  93.64	
     49	  -0.60	  -0.75	  0.001	0.99992							#	   0.07	  93.64	
     50	  -0.74	  -0.89	  0.001	0.99994							#	   0.09	  94.19	
     51	  -0.75	  -0.95	  0.001	0.99994							#	   0.09	  94.04	
     52	  -0.70	  -0.91	  0.002	1.00001							#	   0.09	  94.49	
     53	  -0.66	  -0.90	 -0.001	0.99998							#	   0.08	  93.64	
     54	  -0.50	  -0.95	  0.001	1.00000							#	   0.08	  93.59	
     55	  -0.46	  -0.95	  0.002	0.99999							#	   0.09	  93.69	
     56	  -0.44	  -0.97	 -0.000	1.00000							#	   0.08	  94.04	
     57	  -0.41	  -0.91	  0.001	1.00000							#	   0.08	  93.99	
     58	  -0.46	  -0.93	  0.001	1.00002							#	   0.08	  93.84	
     59	  -0.40	  -0.91	  0.002	0.99998							#	   0.08	  94.04	
     60	  -0.46	  -0.92	  0.001	1.00002							#	   0.17	  90.91	
     61	  -0.40	  -0.93	  0.001	0.99999							#	   0.10	  93.69	
     62	  -0.44	  -0.94	  0.002	1.00000							#	   0.08	  93.23	
     63	  -0.43	  -0.98	  0.003	1.00001							#	   0.09	  93.18	
     64	  -0.43	  -1.02	 -0.000	1.00006							#	   0.09	  92.88	
     65	  -0.38	  -1.05	  0.001	1.00005							#	   0.09	  94.04	
     66	  -0.33	  -1.05	  0.000	1.00004							#	   0.09	  93.79	
     67	  -0.32	  -1.11	 -0.000	1.00005							#	   0.10	  93.48	
     68	  -0.18	  -1.07	  0.000	1.00003							#	   0.09	  94.60	
     69	  -0.19	  -1.05	  0.001	1.00003							#	   0.08	  95.25	
     70	  -0.22	  -0.86	  0.001	1.00004							#	   0.07	  94.70	
     71	  -0.16	  -0.79	  0.002	0.99999							#	   0.07	  93.99	
     72	  -0.17	  -0.85	  0.000	1.00006							#	   0.07	  94.24	
     73	  -0.23	  -0.87	  0.001	1.00003							#	   0.07	  94.55	
     74	  -0.15	  -0.86	  0.001	1.00003							#	   0.07	  94.75	
     75	  -0.15	  -0.94	  0.001	1.00000							#	   0.08	  94.55	
     76	  -0.11	  -0.92	  0.000	1.00005							#	   0.08	  95.00	
     77	  -0.16	  -0.91	  0.001	1.00000							#	   0.07	  95.20	
     78	  -0.07	  -1.00	 -0.000	1.00001							#	   0.08	  95.00	
     79	  -0.11	  -0.96	  0.001	1.00000							#	   0.08	  94.44	
     80	  -0.02	  -0.77	  0.001	0.99999							#	   0.06	  94.24	
     81	   0.02	  -0.78	  0.003	0.99998							#	   0.06	  94.70	
     82	   0.12	  -0.68	  0.001	0.99998							#	   0.06	  94.39	
     83	   0.17	  -0.74	  0.000	1.00002							#	   0.07	  94.14	
     84	   0.25	  -0.62	  0.002	0.99999							#	   0.06	  93.43	
     85	   0.50	  -0.64	  0.002	1.00000							#	   0.06	  92.78	
     86	   0.60	  -0.60	  0.002	1.00004							#	   0.07	  92.98	
     87	   0.66	  -0.60	 -0.000	1.00003							#	   0.07	  93.08	
     88	   0.81	  -0.55	  0.001	1.00002							#	   0.08	  93.13	
     89	   0.79	  -0.56	  0.002	1.00005							#	   0.07	  93.94	
     90	   0.75	  -0.38	  0.000	0.99998							#	   0.07	  93.64	
     91	   0.73	  -0.42	  0.003	0.99999							#	   0.07	  93.08	
     92	   0.81	  -0.34	  0.002	1.00000							#	   0.07	  93.03	
     93	   0.79	  -0.29	  0.001	1.00002							#	   0.06	  93.64	
     94	   0.68	  -0.20	  0.003	1.00004							#	   0.06	  93.48	
     95	   0.63	  -0.16	  0.003	1.00003							#	   0.06	  93.54	
     96	   0.70	  -0.22	  0.003	1.00005							#	   0.07	  93.13	
     97	   0.63	  -0.10	  0.004	1.00006							#	   0.06	  92.37	
     98	   0.53	  -0.05	  0.003	1.00003							#	   0.07	  89.95	
     99	   0.53	  -0.04	  0.003	0.99998							#	   0.07	  90.05	
    100	   0.50	   0.00	  0.004	1.00002							#	   0.08	  87.42	
    101	   0.47	  -0.01	  0.003	1.00000							#	   0.06	  87.88	
    102	   0.36	   0.12	  0.004	0.99996							#	   0.07	  86.87	
    103	   0.46	   0.03	  0.004	0.99995							#	   0.09	  86.57	
    104	   0.38	   0.07	  0.005	0.99995							#	   0.08	  85.35	
    105	   0.41	   0.13	  0.004	0.99994							#	   0.08	  84.34	
    106	   0.48	  -0.04	  0.003	0.99994							#	   0.10	  83.08	
    107	   0.48	   0.06	  0.004	0.99993							#	   0.11	  82.78	
    108	   0.62	  -0.04	  0.003	0.99997							#	   0.13	  82.68	
    109	   0.72	  -0.03	  0.003	0.99995							#	   0.12	  82.37	
    110	   0.91	   0.07	  0.003	0.99996							#	   0.14	  82.58	
    111	   0.94	   0.13	  0.003	0.99998							#	   0.14	  82.58	
    112	   0.98	   0.06	  0.002	0.99997							#	   0.15	  82.53	
    113	   1.03	   0.07	  0.003	0.99999							#	   0.13	  82.78	
    114	   1.08	   0.08	  0.002	1.00000							#	   0.12	  82.68	
    115	   1.06	   0.12	  0.003	1.00001							#	   0.13	  82.37	
    116	   0.99	   0.08	  0.002	0.99999							#	   0.12	  82.07	
    117	   1.00	  -0.01	  0.002	1.00002							#	   0.11	  83.43	
    118	   0.99	   0.11	  0.004	1.00000							#	   0.10	  84.19	
    119	   0.98	   0.27	  0.004	0.99997							#	   0.10	  83.48	
    120	   1.01	   0.26	  0.004	0.99994							#	   0.32	  80.30	
    121	   0.99	   0.30	  0.006	1.00000							#	   0.21	  84.65	
    122	   0.87	   0.27	  0.006	0.99994							#	   0.10	  87.17	
    123	   0.92	   0.23	  0.006	0.99999							#	   0.09	  88.23	
    124	   0.85	   0.22	  0.004	0.99992							#	   0.10	  89.04	
    125	   0.89	   0.22	  0.006	0.99994							#	   0.11	  90.30	
    126	   0.93	   0.19	  0.004	0.99993							#	   0.10	  92.32	
    127	   0.93	   0.26	  0.005	0.99992							#	   0.10	  92.47	
    128	   0.92	   0.28	  0.004	0.99991							#	   0.10	  91.87	
    129	   0.91	   0.26	  0.004	0.99992							#	   0.11	  91.62	
    130	   0.88	   0.21	  0.006	0.99989							#	   0.10	  91.21	
    131	   0.87	   0.15	  0.005	0.99991							#	   0.09	  92.63	
    132	   0.76	   0.15	  0.003	0.99987							#	   0.08	  91.16	
    133	   0.73	   0.12	  0.004	0.99989							#	   0.08	  88.89	
    134	   0.75	   0.07	  0.004	0.99989							#	   0.08	  88.99	
    135	   0.59	  -0.01	  0.004	0.99991							#	   0.08	  85.40	
    136	   0.61	   0.02	  0.004	0.99993							#	   0.08	  84.24	
    137	   0.62	  -0.06	  0.004	0.99996							#	   0.07	  83.23	
    138	   0.55	  -0.04	  0.004	0.99993							#	   0.08	  82.32	
    139	   0.54	  -0.06	  0.005	0.99995							#	   0.08	  81.36	
    140	   0.59	  -0.04	  0.005	0.99994							#	   0.09	  81.06	
    141	   0.64	   0.03	  0.006	0.99993							#	   0.09	  81.21	
    142	   0.67	  -0.09	  0.005	0.99994							#	   0.09	  81.46	
    143	   0.69	  -0.16	  0.006	0.99995							#	   0.11	  81.16	
    144	   0.65	  -0.19	  0.006	0.99998							#	   0.11	  81.16	
    145	   0.71	  -0.16	  0.005	0.99995							#	   0.11	  81.31	
    146	   0.67	  -0.22	  0.005	0.99995							#	   0.13	  80.81	
    147	   0.63	  -0.17	  0.006	1.00000							#	   0.13	  81.01	
    148	   0.57	  -0.32	  0.004	0.99996							#	   0.13	  80.51	
    149	   0.59	  -0.26	  0.005	1.00002							#	   0.13	  81.06	
    150	   0.55	  -0.23	  0.006	1.00002							#	   0.15	  80.96	
    151	   0.61	  -0.19	  0.005	0.99998							#	   0.15	  80.86	
    152	   0.64	  -0.26	  0.006	1.00002							#	   0.16	  80.51	
    153	   0.60	  -0.17	  0.006	1.00000							#	   0.16	  80.96	
    154	   0.70	  -0.20	  0.006	0.99999							#	   0.20	  80.71	
    155	   0.55	  -0.25	  0.006	0.99999							#	   0.18	  80.61	
    156	   0.57	  -0.15	  0.005	0.99996							#	   0.18	  80.66	
    157	   0.63	  -0.19	  0.006	1.00000							#	   0.19	  81.36	
    158	   0.57	  -0.19	  0.005	0.99994							#	   0.17	  81.21	
    159	   0.54	  -0.16	  0.006	1.00003							#	   0.19	  80.51	
    160	   0.37	  -0.09	  0.005	0.99996							#	   0.20	  81.11	
    161	   0.35	  -0.24	  0.005	0.99998							#	   0.20	  81.26	
    162	   0.29	  -0.24	  0.004	0.99999							#	   0.22	  81.46	
    163	   0.21	  -0.15	  0.006	0.99998							#	   0.23	  81.36	
    164	   0.19	  -0.19	  0.006	0.99998							#	   0.23	  81.16	
    165	   0.16	  -0.21	  0.006	0.99998							#	   0.21	  81.57	
    166	   0.01	  -0.11	  0.007	0.99993							#	   0.21	  82.07	
    167	   0.01	  -0.15	  0.007	0.99996							#	   0.23	  81.36	
    168	  -0.06	  -0.08	  0.007	0.99993							#	   0.23	  81.62	
    169	  -0.06	  -0.04	  0.007	0.99992							#	   0.19	  82.02	
    170	  -0.10	  -0.02	  0.007	0.99991							#	   0.18	  81.57	
    171	  -0.18	  -0.05	  0.008	0.99991							#	   0.18	  81.31	
    172	  -0.17	  -0.03	  0.008	0.99994							#	   0.18	  81.62	
    173	  -0.20	  -0.12	  0.007	0.99994							#	   0.16	  81.57	
    174	  -0.31	  -0.09	  0.007	0.99997							#	   0.15	  81.41	
    175	  -0.25	  -0.09	  0.008	0.99996							#	   0.16	  81.26	
    176	  -0.28	  -0.12	  0.008	0.99996							#	   0.18	  81.26	
    177	  -0.29	  -0.11	  0.007	0.99997							#	   0.17	  82.07	
    178	  -0.35	  -0.17	  0.007	0.99996							#	   0.18	  81.52	
    179	  -0.37	  -0.13	  0.007	0.99995							#	   0.18	  80.71	
    180	  -0.48	  -0.18	  0.008	0.99996							#	   0.44	  77.73	
    181	  -0.47	  -0.17	  0.008	0.99994							#	   0.31	  80.45	
    182	  -0.47	  -0.27	  0.008	0.99993							#	   0.21	  79.80	
    183	  -0.52	  -0.31	  0.008	0.99995							#	   0.20	  80.76	
    184	  -0.53	  -0.27	  0.008	0.99993							#	   0.20	  80.61	
    185	  -0.54	  -0.48	  0.010	0.99996							#	   0.21	  80.10	
    186	  -0.53	  -0.35	  0.009	0.99993							#	   0.19	  81.06	
    187	  -0.51	  -0.40	  0.009	0.99998							#	   0.21	  81.16	
    188	  -0.48	  -0.45	  0.009	0.99996							#	   0.24	  81.16	
    189	  -0.40	  -0.46	  0.010	0.99998							#	   0.22	  80.45	
    190	  -0.40	  -0.35	  0.009	0.99996							#	   0.21	  81.72	
    191	  -0.44	  -0.37	  0.009	0.99997							#	   0.20	  81.31	
    192	  -0.45	  -0.38	  0.009	0.99997							#	   0.20	  81.16	
    193	  -0.44	  -0.33	  0.009	1.00001							#	   0.19	  81.01	
    194	  -0.40	  -0.40	  0.010	0.99998							#	   0.18	  81.06	
    195	  -0.37	  -0.33	  0.010	0.99999							#	   0.16	  81.67	
    196	  -0.41	  -0.35	  0.010	1.00001							#	   0.17	  81.72	
    197	  -0.28	  -0.26	  0.010	1.00002							#	   0.18	  81.52	
    198	  -0.23	  -0.22	  0.010	1.00002							#	   0.18	  82.47	
    199	  -0.24	  -0.17	  0.010	1.00003							#	   0.17	  83.23	
    200	  -0.14	  -0.20	  0.009	1.00004							#	   0.16	  83.13	
    201	  -0.14	  -0.20	  0.010	1.00004							#	   0.17	  82.58	
    202	  -0.14	  -0.21	  0.011	1.00006							#	   0.17	  82.07	
    203	  -0.15	  -0.15	  0.010	1.00003							#	   0.16	  82.53	
    204	  -0.18	  -0.22	  0.011	1.00004							#	   0.17	  82.53	
    205	  -0.12	  -0.14	  0.011	1.00004							#	   0.16	  82.68	
    206	  -0.15	  -0.20	  0.012	1.00007							#	   0.16	  82.32	
    207	  -0.24	  -0.21	  0.012	1.00007							#	   0.14	  83.18	
    208	  -0.30	  -0.18	  0.012	1.00006							#	   0.14	  82.47	
    209	  -0.35	  -0.17	  0.012	1.00007							#	   0.14	  81.87	
    210	  -0.36	  -0.12	  0.011	1.00004							#	   0.15	  82.73	
    211	  -0.38	  -0.21	  0.013	1.00002							#	   0.16	  82.73	
    212	  -0.39	  -0.14	  0.013	0.99999							#	   0.20	  83.13	
    213	  -0.37	  -0.06	  0.011	0.99998							#	   0.19	  83.43	
    214	  -0.33	  -0.17	  0.013	1.00001							#	   0.16	  82.78	
    215	  -0.27	  -0.16	  0.012	1.00002							#	   0.13	  83.84	
    216	  -0.36	  -0.11	  0.013	1.00003							#	   0.14	  83.79	
    217	  -0.29	  -0.11	  0.012	1.00006							#	   0.14	  84.09	
    218	  -0.39	  -0.18	  0.013	1.00007							#	   0.13	  83.13	
    219	  -0.44	  -0.16	  0.013	1.00008							#	   0.12	  83.69	
    220	  -0.45	  -0.23	  0.013	1.00011							#	   0.13	  83.18	
    221	  -0.51	  -0.14	  0.012	1.00009							#	   0.14	  83.23	
    222	  -0.63	  -0.18	  0.012	1.00008							#	   0.12	  83.38	
    223	  -0.66	  -0.21	  0.013	1.00011							#	   0.19	  84.09	
    224	  -0.69	  -0.18	  0.011	1.00005							#	   0.17	  86.57	
    225	  -0.71	  -0.22	  0.013	1.00008							#	   0.17	  87.12	
    226	  -0.74	  -0.22	  0.012	1.00009							#	   0.23	  86.82	
    227	  -0.81	  -0.25	  0.014	1.00012							#	   0.18	  87.53	
    228	  -0.84	  -0.19	  0.013	1.00012							#	   0.23	  87.07	
    229	  -0.79	  -0.17	  0.014	1.00013							#	   0.19	  87.17	
    230	  -0.76	  -0.13	  0.014	1.00013							#	   0.23	  88.08	
    231	  -0.76	  -0.04	  0.014	1.00014							#	   0.23	  88.59	
    232	  -0.79	  -0.05	  0.014	1.00015							#	   0.26	  89.70	
    233	  -0.76	  -0.09	  0.014	1.00015							#	   0.29	  89.85	
    234	  -0.84	  -0.07	  0.014	1.00014							#	   0.28	  90.45	
    235	  -0.85	  -0.05	  0.014	1.00013							#	   0.28	  91.57	
    236	  -0.92	  -0.10	  0.014	1.00015							#	   0.24	  91.72	
    237	  -0.95	  -0.20	  0.015	1.00017							#	   0.28	  91.36	
    238	  -0.97	  -0.10	  0.015	1.00017							#	   0.25	  91.52	
    239	  -0.94	  -0.05	  0.014	1.00019							#	   0.22	  92.37	
    240	  -0.90	  -0.03	  0.015	1.00021							#	   0.29	  89.14	
    241	  -0.86	   0.13	  0.015	1.00019							#	   0.15	  92.63	
    242	  -0.75	   0.11	  0.016	1.00021							#	   0.12	  91.62	
    243	  -0.77	   0.14	  0.016	1.00019							#	   0.09	  91.57	
    244	  -0.69	   0.17	  0.017	1.00019							#	   0.10	  90.86	
    245	  -0.64	   0.22	  0.017	1.00016							#	   0.10	  90.10	
    246	  -0.56	   0.23	  0.018	1.00013							#	   0.10	  89.34	
    247	  -0.52	   0.05	  0.017	1.00015							#	   0.07	  90.35	
    248	  -0.52	   0.02	  0.018	1.00014							#	   0.08	  89.60	
    249	  -0.49	   0.00	  0.018	1.00014							#	   0.08	  88.99	
    250	  -0.41	   0.00	  0.017	1.00012							#	   0.08	  89.29	
    251	  -0.39	  -0.09	  0.017	1.00011							#	   0.07	  90.10	
    252	  -0.40	   0.05	  0.018	1.00012							#	   0.07	  89.85	
    253	  -0.37	  -0.02	  0.017	1.00009							#	   0.07	  90.40	
    254	  -0.29	  -0.00	  0.018	1.00007							#	   0.06	  90.91	
    255	  -0.33	  -0.09	  0.018	1.00006							#	   0.06	  91.31	
    256	  -0.34	  -0.05	  0.018	1.00004							#	   0.06	  91.52	
    257	  -0.28	  -0.13	  0.019	1.00003							#	   0.07	  91.26	
    258	  -0.34	  -0.11	  0.019	1.00004							#	   0.07	  91.92	
    259	  -0.30	  -0.18	  0.020	1.00008							#	   0.06	  92.58	
    260	  -0.31	  -0.27	  0.020	1.00006							#	   0.06	  91.77	
    261	  -0.35	  -0.26	  0.021	1.00006							#	   0.07	  90.96	
    262	  -0.34	  -0.24	  0.020	1.00006							#	   0.07	  91.82	
    263	  -0.30	  -0.35	  0.021	1.00006							#	   0.07	  90.76	
    264	  -0.38	  -0.29	  0.022	1.00004							#	   0.07	  91.16	
    265	  -0.20	  -0.37	  0.021	1.00006							#	   0.07	  90.45	
    266	  -0.17	  -0.51	  0.021	1.00009							#	   0.08	  90.15	
    267	  -0.19	  -0.38	  0.021	1.00007							#	   0.07	  92.32	
    268	  -0.14	  -0.48	  0.023	1.00006							#	   0.08	  89.29	
    269	  -0.18	  -0.57	  0.022	1.00002							#	   0.10	  87.88	
    270	  -0.18	  -0.58	  0.022	1.00006							#	   0.13	  87.53	
    271	  -0.20	  -0.65	  0.021	1.00008							#	   0.16	  88.54	
    272	  -0.12	  -0.55	  0.023	1.00004							#	   0.20	  86.77	
    273	  -0.18	  -0.71	  0.022	1.00007							#	   0.19	  87.17	
    274	  -0.30	  -0.66	  0.023	1.00006							#	   0.21	  86.06	
    275	  -0.21	  -0.68	  0.024	1.00006							#	   0.18	  85.91	
    276	  -0.14	  -0.71	  0.024	1.00006							#	   0.15	  84.80	
    277	  -0.16	  -0.86	  0.023	1.00010							#	   0.16	  82.73	
    278	  -0.27	  -0.79	  0.025	1.00012							#	   0.14	  84.95	
    279	  -0.17	  -0.71	  0.025	1.00008							#	   0.11	  83.74	
    280	  -0.16	  -0.73	  0.024	1.00007							#	   0.10	  82.98	
    281	  -0.16	  -0.75	  0.025	1.00008							#	   0.12	  83.33	
    282	  -0.20	  -0.79	  0.025	1.00009							#	   0.13	  82.37	
    283	  -0.22	  -0.72	  0.025	1.00008							#	   0.12	  81.87	
    284	  -0.16	  -0.62	  0.026	1.00005							#	   0.12	  83.13	
    285	  -0.19	  -0.65	  0.026	1.00004							#	   0.13	  83.89	
    286	  -0.13	  -0.68	  0.026	1.00003							#	   0.12	  83.38	
    287	  -0.13	  -0.66	  0.027	1.00002							#	   0.11	  84.24	
    288	  -0.15	  -0.63	  0.027	1.00002							#	   0.11	  84.44	
    289	  -0.10	  -0.57	  0.028	1.00000							#	   0.11	  83.74	
    290	  -0.12	  -0.58	  0.027	1.00000							#	   0.11	  84.60	
    291	  -0.10	  -0.61	  0.028	1.00002							#	   0.09	  85.61	
    292	  -0.05	  -0.55	  0.028	0.99999							#	   0.09	  85.51	
    293	   0.07	  -0.39	  0.029	0.99993							#	   0.10	  84.55	
    294	   0.12	  -0.42	  0.028	0.99993							#	   0.09	  85.20	
    295	   0.17	  -0.52	  0.030	0.99995							#	   0.08	  86.06	
    296	   0.22	  -0.53	  0.029	0.99994							#	   0.08	  86.31	
    297	   0.28	  -0.72	  0.029	0.99995							#	   0.09	  84.70	
    298	   0.29	  -0.70	  0.030	0.99996							#	   0.09	  86.36	
    299	   0.22	  -0.58	  0.031	0.99994							#	   0.08	  87.42	
    300	   0.20	  -0.57	  0.030	0.99993							#	   0.18	  83.59	
    301	   0.31	  -0.63	  0.031	0.99994							#	   0.09	  85.91	
    302	   0.35	  -0.66	  0.031	0.99992							#	   0.09	  86.67	
    303	   0.36	  -0.57	  0.033	0.99994							#	   0.07	  89.65	
    304	   0.45	  -0.56	  0.032	0.99995							#	   0.07	  90.15	
    305	   0.49	  -0.54	  0.033	0.99993							#	   0.08	  89.90	
    306	   0.54	  -0.58	  0.033	0.99993							#	   0.08	  89.70	
    307	   0.46	  -0.57	  0.035	0.99991							#	   0.08	  89.34	
    308	   0.53	  -0.60	  0.035	0.99993							#	   0.08	  89.60	
    309	   0.47	  -0.59	  0.035	0.99988							#	   0.08	  89.95	
    310	   0.58	  -0.70	  0.036	0.99992							#	   0.09	  90.30	
    311	   0.70	  -0.78	  0.036	0.99994							#	   0.10	  90.81	
    312	   0.70	  -0.90	  0.037	0.99995							#	   0.11	  91.67	
    313	   0.71	  -0.95	  0.037	0.99993							#	   0.11	  90.71	
    314	   0.84	  -0.88	  0.038	0.99991							#	   0.12	  90.00	
    315	   0.84	  -0.98	  0.038	0.99993							#	   0.13	  90.25	
    316	   0.87	  -1.00	  0.039	0.99995							#	   0.12	  90.91	
    317	   0.94	  -1.06	  0.039	0.99994							#	   0.14	  91.16	
    318	   0.97	  -1.04	  0.040	0.99993							#	   0.14	  91.21	
    319	   0.97	  -1.05	  0.040	0.99995							#	   0.14	  91.36	
    320	   1.06	  -1.11	  0.040	0.99997							#	   0.15	  91.87	
    321	   1.10	  -1.02	  0.041	0.99996							#	   0.14	  91.21	
    322	   1.06	  -0.95	  0.042	0.99993							#	   0.14	  91.01	
    323	   1.12	  -0.87	  0.041	0.99992							#	   0.14	  90.45	
    324	   1.19	  -0.92	  0.041	0.99994							#	   0.15	  92.17	
    325	   1.17	  -0.93	  0.042	0.99994							#	   0.15	  91.87	
    326	   1.09	  -0.84	  0.042	0.99993							#	   0.14	  91.62	
    327	   1.15	  -0.68	  0.042	0.99991							#	   0.14	  91.41	
    328	   1.13	  -0.67	  0.042	0.99991							#	   0.12	  92.47	
    329	   1.09	  -0.52	  0.042	0.99990							#	   0.11	  93.03	
    330	   1.04	  -0.48	  0.043	0.99990							#	   0.11	  92.63	
    331	   1.02	  -0.37	  0.043	0.99988							#	   0.10	  93.13	
    332	   0.92	  -0.30	  0.042	0.99987							#	   0.09	  92.93	
    333	   0.86	  -0.19	  0.042	0.99985							#	   0.09	  92.98	
    334	   0.89	  -0.21	  0.041	0.99984							#	   0.10	  92.83	
    335	   0.92	  -0.13	  0.041	0.99986							#	   0.11	  92.88	
    336	   0.85	  -0.16	  0.040	0.99990							#	   0.10	  93.74	
    337	   0.84	  -0.19	  0.040	0.99990							#	   0.09	  94.09	
    338	   0.82	  -0.15	  0.040	0.99989							#	   0.09	  93.64	
    339	   0.80	  -0.11	  0.039	0.99987							#	   0.08	  92.93	
    340	   0.82	  -0.08	  0.039	0.99986							#	   0.08	  94.04	
    341	   0.82	  -0.18	  0.038	0.99987							#	   0.08	  94.04	
    342	   0.77	  -0.21	  0.038	0.99990							#	   0.08	  93.48	
    343	   0.69	  -0.22	  0.038	0.99991							#	   0.07	  93.59	
    344	   0.67	  -0.14	  0.038	0.99990							#	   0.07	  93.54	
    345	   0.75	  -0.18	  0.036	0.99989							#	   0.09	  93.64	
    346	   0.63	  -0.22	  0.036	0.99990							#	   0.10	  93.74	
    347	   0.56	  -0.19	  0.035	0.99990							#	   0.13	  93.48	
    348	   0.52	  -0.14	  0.035	0.99990							#	   0.10	  94.09	
    349	   0.49	  -0.07	  0.034	0.99988							#	   0.10	  93.84	
    350	   0.46	  -0.08	  0.034	0.99992							#	   0.09	  93.33	
    351	   0.49	   0.00	  0.033	0.99991							#	   0.07	  93.28	
    352	   0.45	  -0.08	  0.033	0.99993							#	   0.07	  93.18	
    353	   0.42	  -0.02	  0.032	0.99994							#	   0.06	  92.98	
    354	   0.39	   0.04	  0.031	0.99995							#	   0.07	  92.42	
    355	   0.36	   0.10	  0.031	0.99994							#	   0.07	  92.98	
    356	   0.33	   0.03	  0.030	0.99995							#	   0.07	  93.08	
    357	   0.29	   0.06	  0.030	0.99996							#	   0.07	  92.42	
    358	   0.19	  -0.01	  0.030	0.99994							#	   0.07	  92.37	
    359	   0.17	   0.13	  0.029	0.99993							#	   0.07	  92.07	
    360	   0.09	   0.02	  0.029	0.99993							#	   0.14	  90.30	
    361	  -0.06	   0.05	  0.028	0.99990							#	   0.07	  93.03	
    362	  -0.24	  -0.14	  0.028	0.99994							#	   0.08	  92.27	
    363	  -0.40	  -0.07	  0.028	0.99995							#	   0.10	  91.67	
    364	  -0.34	  -0.17	  0.027	0.99996							#	   0.11	  91.72	
    365	  -0.34	  -0.12	  0.026	0.99998							#	   0.09	  91.62	
    366	  -0.25	  -0.05	  0.027	0.99997							#	   0.10	  92.07	
    367	  -0.23	  -0.08	  0.028	0.99996							#	   0.11	  92.22	
    368	  -0.16	   0.01	  0.027	0.99997							#	   0.10	  92.37	
    369	  -0.14	  -0.08	  0.026	0.99994							#	   0.09	  92.88	
    370	  -0.06	  -0.04	  0.026	0.99996							#	   0.08	  92.27	
    371	   0.00	  -0.02	  0.026	0.99995							#	   0.09	  91.72	
    372	  -0.04	   0.10	  0.026	0.99995							#	   0.09	  91.26	
    373	  -0.02	   0.15	  0.026	0.99992							#	   0.09	  91.36	
    374	  -0.04	   0.22	  0.025	0.99993							#	   0.09	  91.06	
    375	  -0.12	   0.24	  0.025	0.99994							#	   0.10	  90.86	
    376	  -0.13	   0.31	  0.024	0.99994							#	   0.10	  91.11	
    377	  -0.09	   0.31	  0.024	0.99994							#	   0.11	  91.26	
    378	  -0.15	   0.29	  0.024	0.99993							#	   0.12	  90.81	
    379	  -0.11	   0.45	  0.023	0.99989							#	   0.14	  91.01	
    380	   0.04	   0.45	  0.023	0.99990							#	   0.14	  91.06	
    381	   0.02	   0.52	  0.024	0.99987							#	   0.12	  92.07	
    382	   0.06	   0.61	  0.024	0.99984							#	   0.12	  92.02	
    383	  -0.05	   0.75	  0.024	0.99979							#	   0.15	  91.52	
    384	   0.11	   0.84	  0.024	0.99977							#	   0.14	  91.97	
    385	   0.10	   0.94	  0.023	0.99976							#	   0.16	  92.02	
    386	   0.24	   0.94	  0.024	0.99979							#	   0.17	  91.77	
    387	   0.31	   0.99	  0.022	0.99981							#	   0.17	  91.57	
    388	   0.36	   0.99	  0.022	0.99981							#	   0.15	  91.46	
    389	   0.38	   1.17	  0.021	0.99978							#	   0.18	  91.41	
    390	   0.51	   1.29	  0.020	0.99977							#	   0.20	  91.21	
    391	   0.61	   1.27	  0.019	0.99977							#	   0.21	  90.40	
    392	   0.63	   1.37	  0.020	0.99977							#	   0.21	  89.75	
    393	   0.55	   1.68	  0.020	0.99971							#	   0.23	  89.95	
    394	   0.66	   1.77	  0.019	0.99971							#	   0.27	  90.51	
    395	   0.66	   1.77	  0.018	0.99973							#	   0.26	  90.15	
    396	   0.55	   1.93	  0.020	0.99972							#	   0.28	  89.60	
    397	   0.48	   2.09	  0.017	0.99970							#	   0.28	  91.21	
    398	   0.57	   2.09	  0.020	0.99972							#	   0.29	  90.61	
    399	   0.42	   2.06	  0.020	0.99971							#	   0.27	  90.20	
    400	   0.45	   2.09	  0.020	0.99974							#	   0.29	  89.95	
    401	   0.50	   2.09	  0.017	0.99971							#	   0.29	  91.16	
    402	   0.40	   1.92	  0.018	0.99973							#	   0.26	  91.57	
    403	   0.32	   1.86	  0.017	0.99972							#	   0.27	  91.92	
    404	   0.30	   1.88	  0.018	0.99971							#	   0.28	  92.22	
    405	   0.34	   1.74	  0.017	0.99971							#	   0.25	  92.53	
    406	   0.33	   1.64	  0.018	0.99971							#	   0.22	  92.12	
    407	   0.28	   1.67	  0.019	0.99972							#	   0.22	  91.36	
    408	   0.41	   1.45	  0.018	0.99972							#	   0.18	  91.92	
    409	   0.41	   1.44	  0.018	0.99974							#	   0.16	  92.02	
    410	   0.53	   1.32	  0.017	0.99976							#	   0.14	  91.06	
    411	   0.45	   1.22	  0.016	0.99980							#	   0.14	  90.91	
    412	   0.39	   1.05	  0.016	0.99979							#	   0.12	  90.61	
    413	   0.34	   0.90	  0.016	0.99980							#	   0.12	  91.16	
    414	   0.36	   0.89	  0.015	0.99981							#	   0.10	  90.45	
    415	   0.41	   0.94	  0.016	0.99981							#	   0.10	  90.25	
    416	   0.19	   0.93	  0.015	0.99977							#	   0.10	  91.36	
    417	   0.24	   0.85	  0.016	0.99979							#	   0.09	  91.87	
    418	   0.19	   0.81	  0.014	0.99977							#	   0.09	  91.92	
    419	   0.08	   1.02	  0.013	0.99972							#	   0.12	  91.31	
    420	  -0.04	   1.09	  0.014	0.99969							#	   0.40	  86.16	
    421	   0.02	   1.06	  0.013	0.99967							#	   0.26	  89.04	
    422	   0.07	   1.05	  0.012	0.99967							#	   0.14	  89.95	
    423	   0.08	   1.10	  0.013	0.99962							#	   0.13	  89.65	
    424	  -0.08	   1.29	  0.012	0.99954							#	   0.16	  88.89	
    425	   0.05	   1.27	  0.012	0.99952							#	   0.17	  88.18	
    426	   0.10	   1.19	  0.011	0.99953							#	   0.16	  86.82	
    427	   0.06	   1.14	  0.010	0.99949							#	   0.16	  87.37	
    428	   0.04	   1.19	  0.009	0.99950							#	   0.17	  87.88	
    429	   0.15	   1.20	  0.008	0.99949							#	   0.19	  86.87	
    430	   0.10	   1.03	  0.007	0.99950							#	   0.20	  86.62	
    431	   0.10	   0.88	  0.007	0.99952							#	   0.20	  86.97	
    432	   0.11	   0.91	  0.006	0.99952							#	   0.20	  87.07	
    433	   0.01	   0.97	  0.007	0.99948							#	   0.23	  86.41	
    434	   0.01	   0.96	  0.006	0.99948							#	   0.25	  85.10	
    435	   0.03	   0.89	  0.006	0.99950							#	   0.27	  86.21	
    436	  -0.05	   0.91	  0.005	0.99949							#	   0.28	  86.57	
    437	  -0.07	   1.01	  0.004	0.99945							#	   0.34	  85.66	
    438	   0.02	   0.93	  0.004	0.99947							#	   0.39	  83.94	
    439	   0.01	   0.89	  0.004	0.99944							#	   0.41	  84.70	
    440	   0.01	   0.83	  0.006	0.99943							#	   0.38	  83.99	
    441	  -0.08	   0.84	  0.005	0.99938							#	   0.34	  83.94	
    442	  -0.06	   0.80	  0.005	0.99936							#	   0.29	  84.14	
    443	  -0.05	   0.63	  0.005	0.99941							#	   0.25	  85.20	
    444	  -0.10	   0.52	  0.006	0.99938							#	   0.27	  83.84	
    445	  -0.13	   0.55	  0.006	0.99939							#	   0.32	  83.94	
    446	  -0.04	   0.30	  0.008	0.99942							#	   0.27	  83.48	
    447	  -0.15	   0.21	  0.008	0.99949							#	   0.25	  84.44	
    448	  -0.21	   0.19	  0.010	0.99946							#	   0.27	  82.78	
    449	  -0.28	   0.17	  0.011	0.99944							#	   0.35	  81.97	
    450	  -0.37	   0.06	  0.012	0.99944							#	   0.42	  79.09	
    451	  -0.41	   0.03	  0.012	0.99948							#	   0.41	  82.07	
    452	  -0.49	   0.00	  0.012	0.99949							#	   0.39	  81.16	
    453	  -0.51	  -0.06	  0.014	0.99948							#	   0.35	  81.21	
    454	  -0.51	  -0.06	  0.013	0.99943							#	   0.38	  82.22	
    455	  -0.40	  -0.05	  0.013	0.99945							#	   0.29	  83.69	
    456	  -0.39	  -0.22	  0.014	0.99946							#	   0.24	  82.88	
    457	  -0.47	  -0.20	  0.014	0.99946							#	   0.23	  83.84	
    458	  -0.36	  -0.22	  0.015	0.99943							#	   0.22	  83.94	
    459	  -0.33	  -0.36	  0.014	0.99948							#	   0.20	  83.48	
    460	  -0.11	  -0.48	  0.014	0.99956							#	   0.20	  85.45	
    461	  -0.11	  -0.40	  0.014	0.99950							#	   0.20	  84.95	
    462	  -0.02	  -0.50	  0.015	0.99952							#	   0.21	  82.12	
    463	   0.09	  -0.52	  0.015	0.99956							#	   0.18	  86.06	
    464	   0.23	  -0.64	  0.015	0.99958							#	   0.17	  83.94	
    465	   0.35	  -0.57	  0.016	0.99955							#	   0.19	  82.83	
    466	   0.48	  -0.46	  0.016	0.99956							#	   0.20	  83.18	
    467	   0.60	  -0.66	  0.017	0.99960							#	   0.22	  81.52	
    468	   0.70	  -0.63	  0.018	0.99962							#	   0.26	  82.22	
    469	   0.74	  -0.65	  0.018	0.99962							#	   0.31	  83.28	
    470	   0.87	  -0.79	  0.018	0.99968							#	   0.34	  81.97	
    471	   0.95	  -0.77	  0.019	0.99965							#	   0.36	  81.52	
    472	   1.01	  -0.73	  0.019	0.99967							#	   0.47	  82.02	
    473	   1.09	  -0.73	  0.021	0.99968							#	   0.49	  81.21	
    474	   1.15	  -0.73	  0.021	0.99968							#	   0.54	  79.14	
    475	   1.26	  -0.73	  0.021	0.99966							#	   0.40	  78.48	
    476	   1.26	  -0.52	  0.022	0.99964							#	   0.42	  79.70	
    477	   1.39	  -0.48	  0.022	0.99966							#	   0.40	  80.15	
    478	   1.47	  -0.83	  0.022	0.99967							#	   0.35	  79.80	
    479	   1.37	  -0.68	  0.024	0.99969							#	   0.31	  79.44	
    480	   1.36	  -0.56	  0.023	0.99963							#	   0.40	  76.92	
    481	   1.35	  -0.50	  0.024	0.99963							#	   0.31	  79.90	
    482	   1.33	  -0.53	  0.025	0.99961							#	   0.29	  78.48	
    483	   1.36	  -0.58	  0.026	0.99959							#	   0.27	  79.24	
    484	   1.37	  -0.40	  0.026	0.99954							#	   0.27	  80.66	
    485	   1.33	  -0.36	  0.027	0.99952							#	   0.25	  81.72	
    486	   1.36	  -0.68	  0.026	0.99955							#	   0.29	  83.48	
    487	   1.25	  -0.71	  0.029	0.99952							#	   0.32	  82.53	
    488	   1.28	  -0.50	  0.029	0.99945							#	   0.32	  82.68	
    489	   1.27	  -0.62	  0.030	0.99947							#	   0.37	  82.12	
    490	   1.16	  -0.49	  0.030	0.99946							#	   0.41	  81.41	
    491	   1.12	  -0.49	  0.031	0.99948							#	   0.45	  80.10	
    492	   1.05	  -0.46	  0.031	0.99950							#	   0.45	  78.84	
    493	   1.08	  -0.39	  0.031	0.99955							#	   0.32	  77.93	
    494	   1.06	  -0.29	  0.033	0.99957							#	   0.22	  78.59	
    495	   0.93	  -0.29	  0.032	0.99958							#	   0.21	  78.08	
    496	   0.82	  -0.23	  0.033	0.99960							#	   0.21	  77.17	
    497	   0.93	  -0.01	  0.031	0.99962							#	   0.21	  78.38	
    498	   0.84	   0.08	  0.032	0.99960							#	   0.19	  78.74	
    499	   0.74	   0.16	  0.033	0.99962							#	   0.18	  77.12	
    500	   0.71	   0.28	  0.034	0.99960							#	   0.20	  76.06	
    501	   0.65	   0.26	  0.033	0.99960							#	   0.20	  77.22	
    502	   0.54	   0.18	  0.033	0.99961							#	   0.20	  76.87	
    503	   0.53	   0.27	  0.033	0.99960							#	   0.20	  76.21	
    504	   0.51	   0.21	  0.033	0.99963							#	   0.19	  77.02	
    505	   0.56	   0.14	  0.033	0.99962							#	   0.21	  76.46	
    506	   0.49	   0.40	  0.032	0.99960							#	   0.24	  77.17	
    507	   0.58	   0.54	  0.033	0.99958							#	   0.30	  76.92	
    508	   0.59	   0.37	  0.033	0.99958							#	   0.36	  76.41	
    509	   0.60	   0.35	  0.034	0.99956							#	   0.34	  76.46	
    510	   0.61	   0.39	  0.033	0.99959							#	   0.27	  76.67	
    511	   0.81	   0.45	  0.033	0.99962							#	   0.29	  76.52	
    512	   0.92	   0.32	  0.034	0.99963							#	   0.28	  76.26	
    513	   0.89	   0.27	  0.033	0.99965							#	   0.29	  76.52	
    514	   0.77	   0.27	  0.033	0.99964							#	   0.24	  76.67	
    515	   0.87	   0.19	  0.034	0.99968							#	   0.21	  76.11	
    516	   0.92	   0.20	  0.033	0.99968							#	   0.21	  76.11	
    517	   0.99	   0.31	  0.033	0.99972							#	   0.24	  75.45	
    518	   1.04	   0.37	  0.033	0.99970							#	   0.27	  75.25	
    519	   1.15	   0.22	  0.033	0.99974							#	   0.30	  74.14	
    520	   1.29	   0.24	  0.032	0.99977							#	   0.32	  74.24	
    521	   1.38	   0.24	  0.032	0.99978							#	   0.39	  73.79	
    522	   1.39	   0.27	  0.032	0.99974							#	   0.37	  74.19	
    523	   1.41	   0.16	  0.032	0.99974							#	   0.39	  74.44	
    524	   1.45	   0.06	  0.033	0.99976							#	   0.40	  73.28	
    525	   1.50	   0.11	  0.032	0.99974							#	   0.43	  73.64	
    526	   1.62	   0.16	  0.032	0.99972							#	   0.48	  75.25	
    527	   1.65	  -0.01	  0.033	0.99975							#	   0.51	  74.55	
    528	   1.64	  -0.15	  0.031	0.99979							#	   0.53	  74.04	
    529	   1.81	  -0.26	  0.030	0.99982							#	   0.52	  74.95	
    530	   1.85	  -0.31	  0.031	0.99982							#	   0.51	  75.25	
    531	   1.80	  -0.26	  0.030	0.99982							#	   0.48	  74.95	
    532	   1.90	  -0.26	  0.031	0.99984							#	   0.47	  74.90	
    533	   1.97	  -0.34	  0.029	0.99985							#	   0.46	  75.91	
    534	   2.01	  -0.24	  0.031	0.99991							#	   0.43	  75.76	
    535	   2.05	  -0.33	  0.029	0.99988							#	   0.40	  76.77	
    536	   2.07	  -0.30	  0.029	0.99991							#	   0.43	  75.35	
    537	   2.16	  -0.39	  0.029	0.99991							#	   0.44	  76.67	
    538	   2.08	  -0.55	  0.028	0.99992							#	   0.42	  75.91	
    539	   2.03	  -0.61	  0.028	0.99991							#	   0.41	  76.31	
    540	   1.94	  -0.72	  0.028	0.99994							#	   0.57	  72.12	
    541	   1.90	  -0.93	  0.028	0.99998							#	   0.47	  73.33	
    542	   1.79	  -0.95	  0.029	0.99995							#	   0.38	  73.89	
    543	   1.73	  -1.11	  0.027	0.99998							#	   0.36	  74.14	
    544	   1.66	  -1.31	  0.027	0.99999							#	   0.36	  74.44	
    545	   1.52	  -1.35	  0.027	0.99994							#	   0.35	  74.09	
    546	   1.51	  -1.42	  0.027	0.99992							#	   0.35	  74.29	
    547	   1.59	  -1.63	  0.026	0.99997							#	   0.37	  74.34	
    548	   1.80	  -1.73	  0.024	0.99997							#	   0.40	  75.66	
    549	   1.75	  -1.73	  0.026	0.99995							#	   0.40	  75.61	
    550	   1.58	  -1.96	  0.025	0.99998							#	   0.42	  75.30	
    551	   1.53	  -2.08	  0.023	1.00000							#	   0.44	  74.70	
    552	   1.54	  -2.20	  0.023	0.99999							#	   0.45	  76.77	
    553	   1.48	  -2.29	  0.022	1.00000							#	   0.46	  76.36	
    554	   1.36	  -2.35	  0.022	1.00000							#	   0.47	  77.53	
    555	   1.33	  -2.47	  0.020	1.00000							#	   0.49	  79.44	
    556	   1.41	  -2.65	  0.019	1.00002							#	   0.56	  80.66	
    557	   1.34	  -2.71	  0.019	1.00004							#	   0.57	  85.20	
    558	   1.25	  -2.64	  0.017	1.00001							#	   0.53	  85.76	
    559	   1.37	  -2.67	  0.017	0.99999							#	   0.56	  86.36	
    560	   1.35	  -2.77	  0.017	1.00003							#	   0.59	  87.68	
    561	   1.36	  -2.73	  0.017	1.00000							#	   0.57	  89.04	
    562	   1.38	  -2.73	  0.016	1.00002							#	   0.59	  90.20	
    563	   1.31	  -2.70	  0.017	1.00000							#	   0.63	  89.85	
    564	   1.28	  -2.64	  0.017	0.99999							#	   0.59	  88.43	
    565	   1.29	  -2.73	  0.017	1.00001							#	   0.63	  88.48	
    566	   1.29	  -2.79	  0.016	1.00002							#	   0.60	  89.70	
    567	   1.26	  -2.77	  0.016	1.00001							#	   0.59	  88.28	
    568	   1.21	  -2.77	  0.016	1.00000							#	   0.59	  88.08	
    569	   1.20	  -2.83	  0.016	1.00003							#	   0.62	  87.07	
    570	   1.19	  -2.80	  0.016	1.00000							#	   0.63	  88.13	
    571	   1.25	  -2.81	  0.015	1.00003							#	   0.65	  86.46	
    572	   1.31	  -2.75	  0.015	1.00003							#	   0.65	  82.42	
    573	   1.24	  -2.69	  0.017	0.99999							#	   0.65	  81.46	
    574	   1.20	  -2.65	  0.019	0.99998							#	   0.65	  78.99	
    575	   1.24	  -2.71	  0.018	0.99999							#	   0.65	  77.68	
    576	   1.31	  -2.68	  0.018	0.99998							#	   0.68	  76.92	
    577	   1.34	  -2.66	  0.020	0.99997							#	   0.67	  77.17	
    578	   1.28	  -2.66	  0.019	0.99997							#	   0.67	  77.07	
    579	   1.26	  -2.58	  0.019	0.99994							#	   0.66	  76.82	
    580	   1.23	  -2.76	  0.018	0.99996							#	   0.68	  75.66	
    581	   1.19	  -2.73	  0.019	0.99994							#	   0.65	  75.91	
    582	   1.05	  -2.71	  0.020	0.99987							#	   0.61	  76.36	
    583	   0.94	  -2.79	  0.021	0.99985							#	   0.63	  75.15	
    584	   0.98	  -2.88	  0.020	0.99990							#	   0.64	  74.60	
    585	   0.92	  -2.74	  0.020	0.99984							#	   0.60	  75.51	
    586	   1.02	  -2.62	  0.021	0.99981							#	   0.60	  76.82	
    587	   1.04	  -2.53	  0.021	0.99980							#	   0.57	  76.21	
    588	   1.02	  -2.60	  0.022	0.99979							#	   0.61	  76.01	
    589	   0.82	  -2.42	  0.023	0.99979							#	   0.52	  76.21	
    590	   0.85	  -2.28	  0.023	0.99975							#	   0.50	  76.41	
    591	   0.91	  -2.20	  0.023	0.99977							#	   0.48	  76.26	
    592	   0.84	  -2.14	  0.023	0.99977							#	   0.47	  75.91	
    593	   0.81	  -1.92	  0.023	0.99978							#	   0.41	  75.86	
    594	   0.71	  -1.77	  0.022	0.99976							#	   0.36	  77.32	
    595	   0.65	  -1.72	  0.020	0.99977							#	   0.32	  77.68	
    596	   0.51	  -1.64	  0.019	0.99976							#	   0.29	  78.03	
    597	   0.36	  -1.58	  0.018	0.99975							#	   0.26	  78.08	
    598	   0.27	  -1.46	  0.016	0.99977							#	   0.22	  79.14	
    599	   0.22	  -1.45	  0.017	0.99981							#	   0.20	  79.04	
    600	   0.04	  -1.25	  0.017	0.99982							#	   0.34	  75.81	
    601	  -0.07	  -0.92	  0.018	0.99980							#	   0.19	  78.18	
    602	  -0.22	  -0.85	  0.018	0.99978							#	   0.11	  78.54	
    603	  -0.18	  -0.67	  0.017	0.99977							#	   0.09	  78.38	
    604	  -0.16	  -0.60	  0.017	0.99976							#	   0.09	  78.84	
    605	  -0.20	  -0.42	  0.018	0.99975							#	   0.10	  78.59	
    606	  -0.20	  -0.43	  0.018	0.99971							#	   0.09	  79.95	
    607	  -0.40	  -0.29	  0.016	0.99970							#	   0.08	  80.05	
    608	  -0.66	  -0.26	  0.016	0.99972							#	   0.08	  79.60	
    609	  -0.83	  -0.17	  0.016	0.99968							#	   0.09	  79.49	
    610	  -0.91	  -0.09	  0.013	0.99971							#	   0.09	  79.55	
    611	  -0.94	  -0.16	  0.013	0.99973							#	   0.09	  79.75	
    612	  -0.91	  -0.04	  0.012	0.99972							#	   0.09	  79.44	
    613	  -0.81	  -0.05	  0.012	0.99976							#	   0.09	  79.39	
    614	  -0.59	   0.23	  0.013	0.99978							#	   0.09	  78.69	
    615	  -0.73	   0.18	  0.013	0.99976							#	   0.09	  79.95	
    616	  -1.07	   0.23	  0.012	0.99980							#	   0.11	  79.09	
    617	  -1.08	   0.31	  0.012	0.99979							#	   0.13	  78.84	
    618	  -1.12	   0.34	  0.012	0.99981							#	   0.13	  80.81	
    619	  -1.18	   0.48	  0.012	0.99979							#	   0.15	  81.82	
    620	  -1.24	   0.50	  0.013	0.99980							#	   0.16	  80.25	
    621	  -1.21	   0.47	  0.012	0.99981							#	   0.16	  79.85	
    622	  -1.23	   0.48	  0.013	0.99976							#	   0.15	  80.51	
    623	  -1.25	   0.40	  0.010	0.99982							#	   0.14	  81.26	
    624	  -1.29	   0.22	  0.009	0.99979							#	   0.13	  79.29	
    625	  -1.39	   0.15	  0.010	0.99982							#	   0.14	  78.23	
    626	  -1.34	   0.10	  0.010	0.99979							#	   0.13	  77.83	
    627	  -1.21	   0.18	  0.010	0.99977							#	   0.12	  78.43	
    628	  -1.14	   0.15	  0.008	0.99980							#	   0.11	  79.65	
    629	  -1.11	  -0.07	  0.009	0.99985							#	   0.10	  78.54	
    630	  -1.16	  -0.03	  0.009	0.99984							#	   0.11	  79.65	
    631	  -1.25	  -0.20	  0.007	0.99986							#	   0.11	  80.35	
    632	  -1.21	  -0.20	  0.006	0.99985							#	   0.11	  81.62	
    633	  -1.27	  -0.28	  0.006	0.99986							#	   0.12	  81.36	
    634	  -1.21	  -0.34	  0.005	0.99988							#	   0.12	  82.73	
    635	  -1.31	  -0.33	  0.006	0.99986							#	   0.12	  82.32	
    636	  -1.27	  -0.39	  0.006	0.99989							#	   0.13	  80.61	
    637	  -1.16	  -0.24	  0.005	0.99985							#	   0.13	  81.26	
    638	  -1.13	  -0.39	  0.004	0.99987							#	   0.15	  83.64	
    639	  -1.14	  -0.34	  0.002	0.99989							#	   0.15	  85.76	
    640	  -1.03	  -0.24	 -0.000	0.99983							#	   0.16	  89.09	
    641	  -1.33	  -0.12	  0.003	0.99981							#	   0.19	  83.69	
    642	  -1.65	  -0.21	 -0.000	0.99981							#	   0.29	  87.12	
    643	  -1.23	  -0.28	 -0.002	0.99983							#	   0.36	  87.88	
    644	  -0.50	  -0.28	 -0.003	0.99986							#	   0.38	  87.73	
    645	  -0.17	  -0.42	 -0.003	0.99993							#	   0.41	  87.22	
    646	  -0.29	  -0.15	 -0.003	0.99986							#	   0.56	  88.08	
    647	  -0.39	  -0.06	 -0.003	0.99986							#	   0.46	  88.43	
    648	  -0.40	  -0.16	 -0.004	0.99989							#	   0.44	  88.33	
    649	  -0.52	  -0.13	 -0.004	0.99991							#	   0.44	  86.87	
    650	  -0.56	  -0.04	 -0.005	0.99989							#	   0.34	  87.02	
    651	  -0.62	   0.03	 -0.005	0.99989							#	   0.26	  87.12	
    652	  -0.60	   0.07	 -0.004	0.99990							#	   0.30	  86.36	
    653	  -0.62	  -0.05	 -0.004	0.99991							#	   0.27	  85.71	
    654	  -0.62	  -0.10	 -0.004	0.99997							#	   0.24	  84.39	
    655	  -0.60	   0.18	 -0.004	0.99991							#	   0.22	  86.06	
    656	  -0.66	  -0.01	 -0.003	0.99995							#	   0.23	  83.03	
    657	  -0.60	   0.01	 -0.002	0.99998							#	   0.22	  82.63	
    658	  -0.71	  -0.11	  0.003	1.00003							#	   0.20	  76.26	
    659	  -0.81	   0.06	  0.001	1.00002							#	   0.17	  77.98	
    660	  -0.86	  -0.10	  0.003	1.00004							#	   0.21	  73.69	
    661	  -0.90	  -0.14	  0.003	1.00005							#	   0.13	  75.91	
    662	  -0.95	  -0.14	  0.003	1.00007							#	   0.13	  76.16	
    663	  -1.03	  -0.04	  0.003	1.00003							#	   0.12	  75.30	
    664	  -1.10	   0.09	  0.004	1.00002							#	   0.11	  74.55	
    665	  -1.02	   0.14	  0.002	0.99999							#	   0.11	  74.60	
    666	  -1.02	   0.02	  0.003	1.00002							#	   0.10	  74.85	
    667	  -1.12	   0.10	  0.000	1.00002							#	   0.10	  75.30	
    668	  -1.16	   0.04	  0.000	1.00002							#	   0.10	  74.95	
    669	  -1.11	   0.10	 -0.003	1.00004							#	   0.12	  75.51	
    670	  -1.17	   0.07	 -0.002	1.00005							#	   0.12	  74.90	
    671	  -1.23	  -0.02	 -0.001	1.00007							#	   0.11	  74.49	
    672	  -1.15	   0.22	 -0.003	1.00000							#	   0.12	  74.70	
    673	  -1.24	   0.28	 -0.001	1.00001							#	   0.13	  73.33	
    674	  -1.16	   0.44	 -0.002	1.00004							#	   0.13	  74.19	
    675	  -1.11	   0.31	 -0.003	1.00003							#	   0.12	  73.33	
    676	  -1.07	   0.28	 -0.005	1.00008							#	   0.12	  73.03	
    677	  -1.00	   0.44	 -0.004	1.00010							#	   0.14	  72.78	
    678	  -1.01	   0.40	 -0.005	1.00007							#	   0.14	  72.83	
    679	  -1.06	   0.31	 -0.006	1.00004							#	   0.14	  73.38	
    680	  -1.03	   0.29	 -0.006	1.00004							#	   0.17	  72.32	
    681	  -1.09	   0.44	 -0.004	1.00006							#	   0.20	  71.87	
    682	  -1.33	   0.44	 -0.005	1.00001							#	   0.23	  71.57	
    683	  -1.20	   0.40	 -0.005	1.00005							#	   0.21	  72.17	
    684	  -0.84	   0.40	 -0.004	1.00004							#	   0.19	  71.82	
    685	  -0.58	   0.36	 -0.003	1.00000							#	   0.19	  71.82	
    686	  -0.75	   0.53	 -0.004	1.00002							#	   0.20	  72.37	
    687	  -0.79	   0.42	 -0.004	1.00002							#	   0.19	  72.53	
    688	  -0.80	   0.54	 -0.001	1.00000							#	   0.18	  72.83	
    689	  -0.80	   0.46	 -0.004	0.99997							#	   0.16	  73.43	
    690	  -0.81	   0.33	 -0.003	0.99997							#	   0.13	  73.23	
    691	  -0.90	   0.38	 -0.003	0.99997							#	   0.12	  74.65	
    692	  -0.86	   0.45	 -0.003	0.99995							#	   0.13	  75.25	
    693	  -0.91	   0.36	 -0.001	0.99994							#	   0.11	  73.84	
    694	  -0.90	   0.38	 -0.003	0.99993							#	   0.12	  74.60	
    695	  -0.80	   0.35	 -0.003	0.99991							#	   0.12	  75.66	
    696	  -0.78	   0.26	 -0.003	0.99990							#	   0.11	  74.70	
    697	  -0.77	   0.29	 -0.004	0.99990							#	   0.10	  75.30	
    698	  -0.74	   0.17	 -0.005	0.99992							#	   0.09	  76.31	
    699	  -0.63	   0.09	 -0.008	0.99993							#	   0.07	  78.79	
    700	  -0.53	   0.20	 -0.012	0.99984							#	   0.07	  86.67	
    701	  -0.57	   0.26	 -0.010	0.99982							#	   0.07	  84.70	
    702	  -0.48	   0.29	 -0.010	0.99983							#	   0.07	  84.85	
    703	  -0.46	   0.39	 -0.010	0.99986							#	   0.07	  87.37	
    704	  -0.52	   0.25	 -0.009	0.99986							#	   0.06	  85.30	
    705	  -0.52	   0.27	 -0.009	0.99988							#	   0.07	  84.95	
    706	  -0.58	   0.31	 -0.009	0.99985							#	   0.08	  83.59	
    707	  -0.67	   0.32	 -0.008	0.99986							#	   0.08	  84.39	
    708	  -0.57	   0.26	 -0.010	0.99986							#	   0.08	  84.24	
    709	  -0.68	   0.15	 -0.006	0.99989							#	   0.10	  83.54	
    710	  -0.84	   0.19	 -0.005	0.99987							#	   0.09	  80.91	
    711	  -0.96	   0.15	 -0.005	0.99985							#	   0.10	  82.37	
    712	  -1.02	   0.02	 -0.005	0.99987							#	   0.10	  82.37	
    713	  -0.97	  -0.10	 -0.005	0.99985							#	   0.09	  84.90	
    714	  -0.95	  -0.15	 -0.004	0.99988							#	   0.09	  83.89	
    715	  -1.02	  -0.08	 -0.005	0.99985							#	   0.08	  86.16	
    716	  -1.08	  -0.25	 -0.005	0.99987							#	   0.09	  87.12	
    717	  -1.21	  -0.22	 -0.005	0.99989							#	   0.10	  87.22	
    718	  -1.17	  -0.27	 -0.005	0.99993							#	   0.10	  87.78	
    719	  -1.16	  -0.36	 -0.005	0.99995							#	   0.11	  89.14	
    720	  -1.19	  -0.40	 -0.003	0.99997							#	   0.20	  84.14	
    721	  -1.27	  -0.35	 -0.003	0.99995							#	   0.15	  90.30	
    722	  -1.26	  -0.44	 -0.004	0.99994							#	   0.15	  89.85	
    723	  -1.31	  -0.37	 -0.003	0.99995							#	   0.16	  90.56	
    724	  -1.32	  -0.27	 -0.003	0.99996							#	   0.20	  90.05	
    725	  -1.35	  -0.33	 -0.004	0.99998							#	   0.20	  89.49	
    726	  -1.41	  -0.37	 -0.004	1.00000							#	   0.19	  89.90	
    727	  -1.56	  -0.35	 -0.004	1.00002							#	   0.18	  90.10	
    728	  -1.65	  -0.32	 -0.004	1.00004							#	   0.20	  89.09	
    729	  -1.69	  -0.45	 -0.004	1.00006							#	   0.18	  88.94	
    730	  -1.73	  -0.24	 -0.005	1.00009							#	   0.18	  89.39	
    731	  -1.71	  -0.27	 -0.004	1.00006							#	   0.16	  89.70	
    732	  -1.73	  -0.19	 -0.005	1.00006							#	   0.17	  89.19	
    733	  -1.82	  -0.19	 -0.004	1.00007							#	   0.19	  89.29	
    734	  -1.95	  -0.07	 -0.004	1.00002							#	   0.20	  89.39	
    735	  -2.04	  -0.02	 -0.004	1.00003							#	   0.21	  90.71	
    736	  -2.02	   0.06	 -0.005	1.00002							#	   0.20	  90.20	
    737	  -2.06	   0.07	 -0.005	1.00001							#	   0.21	  89.80	
    738	  -1.99	   0.04	 -0.005	1.00003							#	   0.21	  89.14	
    739	  -1.91	   0.04	 -0.005	1.00004							#	   0.21	  90.45	
    740	  -2.02	   0.13	 -0.006	1.00002							#	   0.22	  90.86	
    741	  -2.16	  -0.01	 -0.006	1.00002							#	   0.25	  90.61	
    742	  -2.22	  -0.05	 -0.005	1.00006							#	   0.24	  89.60	
    743	  -2.28	  -0.01	 -0.006	1.00007							#	   0.24	  89.75	
    744	  -2.31	   0.05	 -0.006	1.00006							#	   0.24	  89.49	
    745	  -2.44	   0.03	 -0.005	1.00010							#	   0.27	  88.28	
    746	  -2.49	   0.13	 -0.006	1.00008							#	   0.29	  89.75	
    747	  -2.52	   0.17	 -0.006	1.00009							#	   0.29	  89.65	
    748	  -2.42	   0.27	 -0.006	1.00009							#	   0.28	  89.24	
    749	  -2.41	   0.21	 -0.005	1.00012							#	   0.28	  89.34	
    750	  -2.67	   0.19	 -0.004	1.00009							#	   0.34	  88.43	
    751	  -2.70	   0.14	 -0.005	1.00014							#	   0.33	  89.44	
    752	  -2.73	   0.16	 -0.005	1.00013							#	   0.35	  88.59	
    753	  -2.77	   0.12	 -0.006	1.00012							#	   0.35	  88.59	
    754	  -2.88	   0.28	 -0.005	1.00011							#	   0.39	  88.23	
    755	  -2.84	   0.21	 -0.006	1.00014							#	   0.36	  88.69	
    756	  -2.77	   0.15	 -0.006	1.00014							#	   0.35	  89.75	
    757	  -2.80	   0.23	 -0.005	1.00015							#	   0.35	  89.44	
    758	  -2.92	   0.40	 -0.006	1.00014							#	   0.39	  88.94	
    759	  -2.85	   0.35	 -0.005	1.00015							#	   0.37	  88.33	
    760	  -2.81	   0.35	 -0.005	1.00015							#	   0.35	  89.60	
    761	  -2.82	   0.29	 -0.005	1.00013							#	   0.36	  88.64	
    762	  -2.86	   0.30	 -0.004	1.00014							#	   0.37	  88.03	
    763	  -2.88	   0.27	 -0.005	1.00014							#	   0.36	  88.43	
    764	  -2.70	   0.25	 -0.005	1.00015							#	   0.31	  88.08	
    765	  -2.43	   0.32	 -0.005	1.00018							#	   0.26	  87.12	
    766	  -2.39	   0.18	 -0.005	1.00016							#	   0.27	  87.42	
    767	  -2.37	   0.22	 -0.005	1.00020							#	   0.26	  87.73	
    768	  -2.30	   0.28	 -0.004	1.00017							#	   0.27	  86.72	
    769	  -2.26	   0.16	 -0.005	1.00018							#	   0.25	  85.86	
    770	  -2.20	   0.21	 -0.005	1.00018							#	   0.24	  86.01	
    771	  -2.15	   0.17	 -0.005	1.00017							#	   0.23	  86.57	
    772	  -2.13	   0.24	 -0.004	1.00015							#	   0.22	  86.26	
    773	  -2.09	   0.27	 -0.004	1.00015							#	   0.20	  88.23	
    774	  -2.03	   0.26	 -0.004	1.00017							#	   0.19	  90.30	
    775	  -1.96	   0.29	 -0.004	1.00016							#	   0.17	  89.95	
    776	  -1.91	   0.30	 -0.004	1.00016							#	   0.17	  88.99	
    777	  -1.79	   0.19	 -0.004	1.00014							#	   0.16	  88.94	
    778	  -1.75	   0.20	 -0.004	1.00015							#	   0.16	  88.99	
    779	  -1.68	   0.11	 -0.004	1.00017							#	   0.16	  88.38	
    780	  -1.52	  -0.01	 -0.003	1.00017							#	   0.21	  84.14	
    781	  -1.44	   0.13	 -0.004	1.00016							#	   0.16	  89.09	
    782	  -1.36	   0.18	 -0.003	1.00016							#	   0.17	  88.69	
    783	  -1.33	   0.17	 -0.002	1.00009							#	   0.13	  87.37	
    784	  -1.30	   0.25	 -0.003	1.00010							#	   0.17	  88.48	
    785	  -1.35	   0.11	 -0.003	1.00012							#	   0.13	  89.60	
    786	  -1.34	   0.07	 -0.003	1.00011							#	   0.12	  88.64	
    787	  -1.31	  -0.01	 -0.003	1.00009							#	   0.11	  89.24	
    788	  -1.20	   0.06	 -0.003	1.00006							#	   0.09	  89.70	
    789	  -1.12	  -0.05	 -0.004	1.00006							#	   0.08	  91.01	
    790	  -1.04	  -0.17	 -0.005	1.00010							#	   0.08	  91.21	
    791	  -1.02	  -0.17	 -0.004	1.00010							#	   0.07	  90.20	
    792	  -0.94	  -0.12	 -0.004	1.00006							#	   0.06	  90.76	
    793	  -0.94	  -0.10	 -0.004	1.00002							#	   0.06	  90.81	
    794	  -0.87	  -0.16	 -0.004	1.00006							#	   0.05	  91.16	
    795	  -0.87	  -0.22	 -0.004	1.00005							#	   0.06	  88.64	
    796	  -0.96	  -0.32	 -0.005	1.00002							#	   0.06	  89.34	
    797	  -0.83	  -0.39	 -0.005	0.99999							#	   0.06	  89.04	
    798	  -0.91	  -0.36	 -0.003	0.99995							#	   0.06	  88.99	
    799	  -1.00	  -0.39	 -0.003	0.99996							#	   0.07	  88.79	
    800	  -1.11	  -0.52	 -0.003	0.99996							#	   0.08	  89.55	
    801	  -1.16	  -0.51	 -0.003	0.99995							#	   0.08	  89.60	
    802	  -1.10	  -0.47	 -0.003	0.99997							#	   0.08	  88.69	
    803	  -0.93	  -0.53	 -0.003	0.99993							#	   0.07	  88.89	
    804	  -0.60	  -0.38	 -0.005	1.00000							#	   0.05	  90.00	
    805	  -0.33	  -0.39	 -0.003	1.00000							#	   0.05	  89.65	
    806	  -0.23	  -0.59	 -0.003	1.00002							#	   0.05	  89.55	
    807	  -0.30	  -0.60	 -0.003	1.00000							#	   0.06	  89.34	
    808	  -0.27	  -0.37	 -0.002	0.99999							#	   0.04	  89.90	
    809	  -0.29	  -0.50	 -0.003	0.99997							#	   0.05	  89.49	
    810	  -0.41	  -0.51	 -0.005	0.99994							#	   0.05	  89.09	
    811	  -0.38	  -0.56	 -0.004	0.99994							#	   0.06	  88.89	
    812	  -0.38	  -0.62	 -0.005	0.99995							#	   0.05	  90.20	
    813	  -0.35	  -0.46	 -0.004	0.99992							#	   0.05	  90.25	
    814	  -0.39	  -0.50	 -0.006	0.99993							#	   0.05	  89.60	
    815	  -0.32	  -0.59	 -0.005	0.99992							#	   0.05	  90.15	
    816	  -0.25	  -0.54	 -0.005	0.99995							#	   0.05	  91.31	
    817	  -0.10	  -0.54	 -0.005	0.99995							#	   0.05	  89.70	
    818	   0.02	  -0.49	 -0.007	0.99996							#	   0.05	  89.75	
    819	   0.04	  -0.55	 -0.005	0.99995							#	   0.05	  89.95	
    820	   0.04	  -0.43	 -0.005	0.99996							#	   0.06	  87.98	
    821	   0.03	  -0.35	 -0.004	0.99993							#	   0.08	  87.83	
    822	   0.10	  -0.34	 -0.004	0.99994							#	   0.11	  86.97	
    823	   0.14	  -0.33	 -0.004	0.99996							#	   0.17	  85.81	
    824	   0.07	  -0.35	 -0.003	0.99994							#	   0.23	  84.34	
    825	  -0.04	  -0.29	 -0.004	0.99997							#	   0.20	  84.24	
    826	  -0.03	  -0.48	 -0.005	0.99999							#	   0.25	  83.99	
    827	   0.14	  -0.59	 -0.005	1.00001							#	   0.26	  82.32	
    828	   0.22	  -0.45	 -0.006	1.00000							#	   0.24	  82.12	
    829	   0.36	  -0.36	 -0.007	0.99995							#	   0.33	  81.77	
    830	   0.22	  -0.29	 -0.007	0.99995							#	   0.43	  83.48	
    831	   0.23	  -0.16	 -0.006	0.99993							#	   0.46	  84.04	
    832	   0.26	  -0.07	 -0.006	0.99993							#	   0.68	  83.89	
    833	   0.31	  -0.07	 -0.006	0.99993							#	   0.53	  82.93	
    834	   0.38	  -0.08	 -0.006	0.99993							#	   0.93	  83.59	
    835	   0.24	  -0.03	 -0.004	0.99991							#	   0.68	  82.12	
    836	   0.24	   0.03	 -0.004	0.99988							#	   1.20	  81.87	
    837	   0.16	  -0.08	 -0.005	0.99992							#	   0.70	  82.37	
    838	   0.13	  -0.16	 -0.005	0.99996							#	   0.77	  82.07	
    839	   0.08	  -0.12	 -0.005	0.99995							#	   1.01	  80.66	
    840	   0.15	  -0.17	 -0.006	0.99996							#	   0.89	  74.65	
    841	   0.46	  -0.10	 -0.006	0.99999							#	   0.77	  76.77	
    842	   0.54	  -0.20	 -0.005	1.00001							#	   0.66	  75.81	
    843	   0.34	  -0.28	 -0.004	0.99993							#	   0.66	  77.02	
    844	   0.13	  -0.23	 -0.003	0.99991							#	   0.48	  77.07	
    845	   0.10	  -0.15	 -0.003	0.99995							#	   0.38	  76.72	
    846	   0.21	  -0.14	 -0.003	0.99990							#	   0.36	  76.62	
    847	   0.11	  -0.12	 -0.003	0.99992							#	   0.34	  75.91	
    848	   0.11	  -0.15	 -0.002	0.99993							#	   0.27	  76.11	
    849	   0.03	  -0.19	 -0.001	0.99991							#	   0.23	  76.01	
    850	  -0.04	  -0.33	 -0.002	0.99993							#	   0.23	  74.95	
    851	   0.03	  -0.29	 -0.001	0.99994							#	   0.18	  76.57	
    852	  -0.15	  -0.38	 -0.001	0.99995							#	   0.27	  76.21	
    853	  -0.23	  -0.43	  0.000	0.99988							#	   0.21	  78.54	
    854	  -0.18	  -0.42	  0.001	0.99994							#	   0.16	  76.72	
    855	  -0.30	  -0.33	  0.002	0.99993							#	   0.11	  77.27	
    856	  -0.21	  -0.33	  0.002	0.99993							#	   0.09	  77.07	
    857	  -0.19	  -0.37	  0.002	0.99992							#	   0.09	  78.99	
    858	  -0.27	  -0.40	  0.002	0.99990							#	   0.08	  80.45	
    859	  -0.31	  -0.46	  0.002	0.99985							#	   0.09	  81.62	
    860	  -0.24	  -0.51	  0.002	0.99990							#	   0.08	  83.13	
    861	  -0.31	  -0.53	  0.002	0.99991							#	   0.07	  84.39	
    862	  -0.23	  -0.67	  0.002	0.99991							#	   0.07	  85.00	
    863	  -0.22	  -0.82	  0.002	0.99992							#	   0.08	  85.10	
    864	  -0.26	  -0.88	  0.002	0.99993							#	   0.09	  84.90	
    865	  -0.28	  -0.91	  0.002	0.99993							#	   0.09	  86.11	
    866	  -0.16	  -0.99	  0.002	0.99997							#	   0.11	  86.41	
    867	  -0.29	  -1.07	  0.003	0.99997							#	   0.12	  85.76	
    868	  -0.15	  -1.08	  0.000	0.99998							#	   0.15	  86.87	
    869	  -0.15	  -0.99	  0.002	0.99998							#	   0.12	  89.09	
    870	  -0.15	  -0.96	  0.002	0.99997							#	   0.14	  88.18	
    871	  -0.10	  -0.94	  0.002	0.99999							#	   0.15	  87.68	
    872	  -0.08	  -0.96	  0.004	1.00003							#	   0.11	  87.27	
    873	  -0.07	  -0.95	  0.003	1.00002							#	   0.11	  86.72	
    874	  -0.06	  -0.99	  0.003	1.00004							#	   0.13	  84.90	
    875	  -0.02	  -1.00	  0.002	1.00005							#	   0.12	  84.75	
    876	   0.02	  -0.97	  0.001	1.00008							#	   0.12	  84.44	
    877	  -0.05	  -0.92	  0.003	1.00007							#	   0.13	  85.30	
    878	  -0.23	  -0.89	  0.002	1.00005							#	   0.17	  83.43	
    879	  -0.17	  -0.86	  0.004	1.00011							#	   0.21	  82.58	
    880	  -0.01	  -0.83	  0.004	1.00011							#	   0.25	  81.92	
    881	   0.20	  -0.74	  0.003	1.00014							#	   0.30	  81.52	
    882	   0.49	  -0.85	  0.004	1.00012							#	   0.50	  78.23	
    883	   0.29	  -0.69	  0.005	1.00003							#	   0.58	  76.46	
    884	   0.15	  -0.69	  0.004	1.00000							#	   0.59	  76.36	
    885	   0.13	  -0.77	  0.003	1.00004							#	   0.70	  76.87	
    886	   0.14	  -0.69	  0.004	1.00005							#	   0.78	  76.06	
    887	   0.17	  -0.65	  0.003	1.00007							#	   1.01	  75.91	
    888	   0.15	  -0.62	  0.004	1.00009							#	   0.72	  76.57	
    889	   0.09	  -0.63	  0.003	1.00005							#	   0.84	  76.82	
    890	   0.08	  -0.69	  0.003	1.00007							#	   1.06	  78.13	
    891	   0.04	  -0.57	  0.003	1.00010							#	   0.60	  78.99	
    892	   0.02	  -0.47	  0.003	1.00010							#	   0.72	  83.48	
    893	  -0.04	  -0.39	  0.004	1.00008							#	   0.71	  85.10	
    894	   0.10	  -0.51	  0.004	1.00007							#	   0.70	  83.84	
    895	   0.12	  -0.46	  0.002	1.00009							#	   0.60	  83.03	
    896	   0.13	  -0.41	  0.001	1.00006							#	   0.73	  82.12	
    897	   0.11	  -0.40	  0.002	1.00005							#	   0.67	  82.17	
    898	   0.16	  -0.29	  0.001	1.00003							#	   0.72	  81.62	
    899	   0.20	  -0.29	  0.000	1.00001							#	   0.64	  81.82	
    900	   0.19	  -0.46	  0.001	1.00002							#	   0.78	  77.32	
    901	   0.20	  -0.44	  0.000	1.00004							#	   0.68	  79.34	
    902	   0.26	  -0.37	 -0.000	1.00001							#	   0.50	  78.84	
    903	   0.33	  -0.45	 -0.002	1.00000							#	   0.41	  78.69	
    904	   0.33	  -0.55	  0.000	1.00001							#	   0.36	  76.52	
    905	   0.28	  -0.45	 -0.000	1.00006							#	   0.25	  75.15	
    906	   0.25	  -0.41	 -0.001	1.00008							#	   0.17	  76.36	
    907	   0.29	  -0.25	 -0.001	1.00004							#	   0.11	  78.18	
    908	   0.34	  -0.29	  0.001	1.00002							#	   0.12	  80.10	
    909	   0.22	  -0.43	 -0.001	1.00002							#	   0.13	  78.54	
    910	   0.24	  -0.26	 -0.002	1.00002							#	   0.15	  79.09	
    911	   0.21	  -0.20	  0.001	0.99998							#	   0.16	  79.95	
    912	   0.11	  -0.13	  0.002	0.99996							#	   0.19	  79.34	
    913	   0.12	  -0.20	  0.001	0.99997							#	   0.18	  79.75	
    914	   0.13	  -0.12	  0.001	0.99998							#	   0.17	  79.90	
    915	   0.04	  -0.09	  0.000	0.99995							#	   0.13	  82.73	
    916	   0.04	  -0.17	 -0.000	0.99998							#	   0.10	  82.93	
    917	   0.17	  -0.17	 -0.002	0.99998							#	   0.08	  84.60	
    918	   0.20	  -0.14	 -0.001	0.99998							#	   0.07	  86.06	
    919	   0.24	  -0.07	  0.000	0.99999							#	   0.04	  88.64	
    920	   0.22	   0.01	 -0.001	0.99996							#	   0.04	  90.71	
    921	   0.25	  -0.09	 -0.001	0.99998							#	   0.05	  90.40	
    922	   0.22	  -0.09	  0.000	0.99996							#	   0.06	  89.39	
    923	   0.25	  -0.02	  0.001	0.99996							#	   0.06	  88.79	
    924	   0.37	  -0.00	  0.002	0.99993							#	   0.08	  86.62	
    925	   0.40	   0.09	  0.003	0.99991							#	   0.10	  85.51	
    926	   0.51	  -0.01	  0.001	0.99992							#	   0.11	  84.95	
    927	   0.55	   0.08	  0.003	0.99992							#	   0.09	  85.10	
    928	   0.68	   0.14	  0.001	0.99988							#	   0.10	  84.85	
    929	   0.81	   0.09	  0.002	0.99992							#	   0.11	  85.20	
    930	   0.88	   0.13	  0.001	0.99993							#	   0.10	  84.90	
    931	   0.98	   0.19	  0.001	0.99992							#	   0.09	  86.67	
    932	   1.05	   0.12	 -0.000	0.99990							#	   0.10	  86.77	
    933	   1.19	   0.24	 -0.000	0.99988							#	   0.12	  89.75	
    934	   1.22	   0.19	 -0.001	0.99988							#	   0.11	  90.76	
    935	   1.30	   0.25	 -0.001	0.99985							#	   0.12	  90.91	
    936	   1.32	   0.30	 -0.000	0.99983							#	   0.12	  90.05	
    937	   1.34	   0.36	  0.001	0.99982							#	   0.13	  90.20	
    938	   1.32	   0.43	  0.001	0.99979							#	   0.14	  87.47	
    939	   1.30	   0.38	  0.000	0.99980							#	   0.13	  88.13	
    940	   1.35	   0.20	 -0.000	0.99986							#	   0.13	  88.79	
