      1	   0.75	   0.34	 -0.021	0.99997							#	   0.13	  82.37	
      2	   0.96	   0.32	 -0.021	0.99988							#	   0.46	  77.78	
      3	   0.83	   0.26	 -0.020	0.99986							#	   0.42	  80.76	
      4	   0.69	   0.35	 -0.020	0.99989							#	   0.50	  80.51	
      5	   0.58	   0.44	 -0.020	0.99990							#	   0.46	  79.49	
      6	   0.75	   0.68	 -0.019	0.99990							#	   0.46	  78.79	
      7	   0.75	   0.52	 -0.021	0.99985							#	   0.47	  80.76	
      8	   0.60	   0.67	 -0.020	0.99984							#	   0.47	  81.72	
      9	   0.82	   0.62	 -0.022	0.99990							#	   0.49	  81.46	
     10	   0.35	   0.96	 -0.020	0.99996							#	   0.50	  76.87	
     11	   0.53	   0.99	 -0.020	0.99995							#	   0.50	  82.83	
     12	   0.60	   1.03	 -0.022	0.99986							#	   0.51	  81.57	
     13	   0.56	   1.31	 -0.024	0.99996							#	   0.56	  80.81	
     14	   0.49	   1.76	 -0.021	0.99990							#	   0.64	  80.10	
     15	   0.34	   2.02	 -0.022	0.99992							#	   0.68	  81.67	
     16	   0.34	   2.11	 -0.022	0.99991							#	   0.72	  81.46	
     17	  -0.25	   2.57	 -0.026	0.99996							#	   0.84	  78.18	
     18	  -0.47	   2.99	 -0.025	0.99998							#	   0.96	  80.51	
     19	  -0.79	   3.32	 -0.027	0.99999							#	   0.93	  79.14	
     20	  -1.24	   3.81	 -0.025	1.00005							#	   1.09	  79.14	
     21	  -1.34	   3.79	 -0.024	1.00005							#	   1.02	  78.99	
     22	  -1.72	   4.53	 -0.022	0.99993							#	   1.24	  80.15	
     23	  -1.71	   4.39	 -0.026	0.99999							#	   1.08	  77.63	
     24	  -2.27	   4.76	 -0.022	1.00001							#	   1.29	  77.37	
     25	  -2.21	   4.58	 -0.025	1.00006							#	   1.14	  78.79	
     26	  -2.47	   4.69	 -0.023	1.00004							#	   1.25	  79.60	
     27	  -2.70	   5.08	 -0.026	1.00008							#	   1.43	  75.35	
     28	  -2.75	   4.89	 -0.027	1.00012							#	   1.17	  77.22	
     29	  -2.74	   4.87	 -0.024	1.00013							#	   1.25	  78.33	
     30	  -1.78	   4.41	 -0.019	0.99978							#	   1.06	  49.49	
     31	  -2.99	   4.93	 -0.025	1.00010							#	   1.39	  78.48	
     32	  -3.20	   4.55	 -0.028	1.00013							#	   1.11	  76.16	
     33	  -1.40	   3.78	 -0.027	1.00023							#	   0.91	  51.26	
     34	  -3.18	   4.56	 -0.032	1.00013							#	   1.28	  76.41	
     35	   2.12	   2.59	 -0.021	1.00049							#	   0.83	  24.49	
     36	  -3.33	   4.56	 -0.029	1.00004							#	   1.33	  77.12	
     37	  -3.31	   4.28	 -0.026	1.00009							#	   1.02	  78.79	
     38	  -3.06	   3.96	 -0.030	1.00017							#	   1.09	  73.74	
     39	  -2.98	   3.87	 -0.025	1.00013							#	   1.12	  77.83	
     40	  -2.98	   3.97	 -0.025	1.00009							#	   1.07	  76.21	
     41	  -2.69	   3.64	 -0.030	1.00017							#	   0.99	  77.68	
     42	  -2.56	   3.85	 -0.026	1.00005							#	   1.11	  78.28	
     43	  -2.40	   3.54	 -0.026	1.00006							#	   0.98	  80.25	
     44	  -2.23	   3.57	 -0.030	1.00003							#	   1.03	  73.23	
     45	  -2.02	   3.03	 -0.024	1.00006							#	   0.83	  78.38	
     46	  -1.80	   3.22	 -0.028	1.00004							#	   0.96	  76.41	
     47	  -1.68	   2.88	 -0.022	0.99998							#	   0.74	  78.08	
     48	  -1.59	   3.09	 -0.027	0.99993							#	   0.93	  79.14	
     49	  -1.34	   2.56	 -0.022	1.00003							#	   0.67	  73.38	
     50	  -1.16	   2.67	 -0.029	1.00000							#	   0.83	  81.26	
     51	  -1.10	   2.53	 -0.025	0.99994							#	   0.68	  77.27	
     52	  -0.90	   2.52	 -0.028	0.99999							#	   0.93	  76.82	
     53	  -0.94	   2.39	 -0.026	0.99997							#	   0.68	  81.31	
     54	  -0.55	   2.39	 -0.028	1.00001							#	   0.75	  81.26	
     55	  -0.68	   2.24	 -0.025	0.99993							#	   0.70	  81.11	
     56	  -0.51	   2.38	 -0.026	0.99996							#	   0.74	  82.42	
     57	  -0.42	   2.00	 -0.026	0.99993							#	   0.61	  82.37	
     58	  -0.25	   1.65	 -0.023	0.99991							#	   0.65	  86.21	
     59	  -0.38	   1.98	 -0.023	1.00002							#	   0.72	  80.35	
     60	  -0.34	   2.22	 -0.024	1.00000							#	   0.95	  78.99	
     61	  -0.03	   1.58	 -0.025	0.99991							#	   0.57	  83.48	
     62	  -0.17	   1.98	 -0.024	0.99993							#	   0.73	  83.54	
     63	  -0.05	   1.90	 -0.024	0.99996							#	   0.65	  85.91	
     64	   0.03	   1.51	 -0.025	0.99990							#	   0.56	  86.72	
     65	  -0.03	   1.36	 -0.025	0.99998							#	   0.52	  85.56	
     66	   0.05	   1.38	 -0.026	1.00002							#	   0.57	  86.31	
     67	   0.00	   1.61	 -0.023	0.99998							#	   0.62	  84.24	
     68	   0.27	   1.41	 -0.026	1.00002							#	   0.61	  83.54	
     69	   0.61	   1.35	 -0.023	1.00127							#	   0.72	  86.11	
     70	  -0.24	   2.03	 -0.021	1.00046							#	   0.75	  80.81	
     71	   0.69	   1.60	 -0.025	0.99991							#	   0.64	  87.68	
     72	   0.62	   1.44	 -0.024	0.99989							#	   0.59	  87.63	
     73	   0.77	   1.31	 -0.026	0.99998							#	   0.57	  85.35	
     74	   0.72	   1.30	 -0.023	0.99991							#	   0.56	  89.80	
     75	   0.81	   1.41	 -0.024	0.99994							#	   0.61	  87.07	
     76	   0.95	   1.31	 -0.025	0.99994							#	   0.59	  90.05	
     77	   1.23	   1.11	 -0.023	0.99996							#	   0.59	  87.37	
     78	   1.20	   1.14	 -0.023	0.99999							#	   0.59	  86.52	
     79	   1.17	   1.30	 -0.023	0.99993							#	   0.59	  88.74	
     80	   1.37	   1.24	 -0.023	0.99993							#	   0.62	  87.53	
     81	   1.50	   1.16	 -0.022	0.99987							#	   0.62	  89.39	
     82	   1.42	   1.34	 -0.023	0.99987							#	   0.66	  84.65	
     83	   1.64	   1.15	 -0.021	0.99994							#	   0.66	  84.34	
     84	   1.66	   1.27	 -0.021	0.99989							#	   0.68	  88.28	
     85	   1.70	   1.22	 -0.022	0.99989							#	   0.71	  88.28	
     86	   1.58	   1.14	 -0.021	0.99992							#	   0.61	  87.53	
     87	   1.77	   1.13	 -0.022	0.99996							#	   0.69	  85.66	
     88	   1.78	   1.21	 -0.020	0.99994							#	   0.69	  89.34	
     89	   1.75	   1.24	 -0.021	0.99989							#	   0.71	  83.38	
     90	   1.77	   1.40	 -0.022	0.99989							#	   0.75	  86.87	
     91	   1.96	   1.04	 -0.018	0.99995							#	   0.67	  90.40	
     92	   1.78	   1.55	 -0.022	0.99988							#	   0.74	  87.83	
     93	   2.02	   1.52	 -0.022	0.99993							#	   0.80	  87.47	
     94	   2.05	   1.12	 -0.020	0.99987							#	   0.67	  90.76	
     95	   2.02	   1.30	 -0.021	0.99993							#	   0.78	  86.82	
     96	   2.04	   1.39	 -0.024	0.99994							#	   0.77	  85.91	
     97	   1.91	   1.41	 -0.020	0.99988							#	   0.73	  90.35	
     98	   1.84	   1.22	 -0.020	0.99989							#	   0.70	  87.47	
     99	   1.87	   1.55	 -0.022	0.99996							#	   0.79	  87.12	
    100	   1.91	   1.50	 -0.022	0.99991							#	   0.79	  88.54	
    101	   1.95	   1.19	 -0.021	0.99986							#	   0.67	  89.04	
    102	   1.89	   1.40	 -0.020	0.99993							#	   0.75	  89.34	
    103	   1.93	   1.45	 -0.021	0.99995							#	   0.74	  89.39	
    104	   1.94	   1.21	 -0.020	0.99994							#	   0.69	  89.09	
    105	   1.98	   1.49	 -0.022	0.99992							#	   0.77	  87.78	
    106	   1.94	   1.53	 -0.020	0.99992							#	   0.74	  87.63	
    107	   1.90	   1.21	 -0.020	0.99990							#	   0.66	  86.62	
    108	   1.87	   1.55	 -0.017	0.99985							#	   0.73	  88.64	
    109	   1.98	   1.24	 -0.020	0.99995							#	   0.71	  89.80	
    110	   1.73	   1.24	 -0.020	0.99992							#	   0.68	  86.52	
    111	   1.75	   1.03	 -0.017	0.99994							#	   0.66	  87.98	
    112	   1.79	   0.94	 -0.019	0.99997							#	   0.62	  90.20	
    113	   1.77	   0.83	 -0.018	0.99996							#	   0.60	  89.14	
    114	   1.73	   0.93	 -0.018	0.99995							#	   0.61	  89.14	
    115	   1.80	   0.91	 -0.017	0.99991							#	   0.61	  91.01	
    116	   1.79	   1.02	 -0.017	0.99988							#	   0.64	  90.20	
    117	   1.74	   0.94	 -0.016	0.99992							#	   0.62	  89.70	
    118	   1.63	   0.85	 -0.018	0.99993							#	   0.59	  86.06	
    119	   1.72	   0.77	 -0.016	0.99992							#	   0.58	  86.67	
    120	   1.90	   0.72	 -0.016	0.99991							#	   0.77	  85.05	
    121	   1.69	   0.97	 -0.017	0.99993							#	   0.64	  89.19	
    122	   1.65	   0.78	 -0.016	0.99994							#	   0.57	  87.42	
    123	   1.71	   0.82	 -0.016	0.99997							#	   0.59	  87.53	
    124	   1.65	   0.90	 -0.016	0.99996							#	   0.59	  87.22	
    125	   1.77	   0.88	 -0.017	0.99992							#	   0.62	  88.99	
    126	   1.74	   0.88	 -0.013	0.99995							#	   0.61	  85.56	
    127	   1.55	   1.05	 -0.014	0.99991							#	   0.59	  88.89	
    128	   1.62	   1.06	 -0.016	0.99998							#	   0.59	  89.19	
    129	   1.60	   1.06	 -0.016	0.99989							#	   0.61	  89.95	
    130	   1.60	   1.08	 -0.015	0.99992							#	   0.58	  88.69	
    131	   1.32	   1.20	 -0.017	0.99994							#	   0.60	  88.18	
    132	   1.35	   1.00	 -0.018	0.99995							#	   0.56	  88.38	
    133	   1.37	   0.99	 -0.018	0.99994							#	   0.56	  90.05	
    134	   1.24	   0.85	 -0.017	0.99992							#	   0.52	  90.25	
    135	   1.27	   1.01	 -0.020	0.99996							#	   0.54	  89.39	
    136	   1.27	   0.94	 -0.019	0.99996							#	   0.53	  89.75	
    137	   1.38	   0.66	 -0.019	0.99993							#	   0.51	  90.35	
    138	   1.37	   0.72	 -0.018	0.99989							#	   0.50	  90.45	
    139	   1.53	   0.70	 -0.018	0.99990							#	   0.55	  89.55	
    140	   1.56	   0.48	 -0.015	0.99992							#	   0.52	  87.68	
    141	   1.52	   0.27	 -0.020	0.99992							#	   0.54	  87.68	
    142	   1.34	   0.03	 -0.015	0.99995							#	   0.48	  90.66	
    143	   1.47	  -0.04	 -0.018	1.00000							#	   0.49	  88.94	
    144	   1.58	  -0.24	 -0.016	0.99993							#	   0.54	  85.10	
    145	   1.66	  -0.25	 -0.014	0.99991							#	   0.53	  90.45	
    146	   1.57	  -0.42	 -0.012	0.99992							#	   0.50	  89.29	
    147	   1.54	  -0.78	 -0.014	0.99993							#	   0.58	  87.47	
    148	   1.62	  -0.68	 -0.010	0.99992							#	   0.59	  87.22	
    149	   1.65	  -0.42	 -0.007	0.99996							#	   0.53	  86.01	
    150	   1.80	  -0.38	 -0.009	0.99987							#	   0.56	  87.32	
    151	   1.92	  -0.75	 -0.005	0.99999							#	   0.61	  86.11	
    152	   2.02	  -0.72	 -0.006	0.99994							#	   0.63	  87.98	
    153	   2.03	  -0.53	 -0.004	0.99997							#	   0.64	  85.10	
    154	   2.15	  -0.46	 -0.003	0.99993							#	   0.65	  86.06	
    155	   2.19	  -0.55	 -0.001	0.99999							#	   0.65	  87.63	
    156	   2.26	  -0.47	 -0.001	0.99993							#	   0.66	  86.16	
    157	   2.45	  -0.61	 -0.003	0.99995							#	   0.73	  86.16	
    158	   2.34	  -0.76	 -0.005	1.00002							#	   0.71	  87.12	
    159	   2.42	  -0.94	 -0.004	1.00002							#	   0.69	  86.87	
    160	   2.38	  -0.55	 -0.003	0.99997							#	   0.66	  85.15	
    161	   2.36	  -0.65	 -0.002	1.00000							#	   0.67	  85.81	
    162	   2.39	  -0.90	 -0.004	0.99993							#	   0.73	  88.43	
    163	   2.26	  -0.83	 -0.003	0.99997							#	   0.65	  87.12	
    164	   2.36	  -0.67	 -0.002	0.99994							#	   0.66	  90.61	
    165	   2.28	  -0.69	 -0.002	0.99992							#	   0.66	  84.34	
    166	   2.16	  -0.84	 -0.003	0.99991							#	   0.65	  89.14	
    167	   2.15	  -1.05	 -0.007	0.99998							#	   0.70	  86.26	
    168	   2.10	  -1.00	 -0.006	1.00002							#	   0.67	  84.49	
    169	   2.07	  -1.10	 -0.006	0.99998							#	   0.68	  85.25	
    170	   2.08	  -1.02	 -0.010	0.99996							#	   0.68	  88.18	
    171	   2.14	  -1.18	 -0.009	0.99994							#	   0.74	  84.90	
    172	   2.09	  -1.40	 -0.009	0.99998							#	   0.76	  86.06	
    173	   1.92	  -1.18	 -0.012	0.99991							#	   0.71	  88.23	
    174	   1.72	  -0.99	 -0.011	0.99992							#	   0.60	  88.59	
    175	   1.42	  -1.06	 -0.013	0.99992							#	   0.58	  84.29	
    176	   1.37	  -1.43	 -0.015	0.99992							#	   0.66	  87.17	
    177	   0.91	  -1.57	 -0.016	0.99986							#	   0.59	  83.33	
    178	   0.40	  -1.57	 -0.017	0.99997							#	   0.52	  85.40	
    179	   0.26	  -1.61	 -0.019	0.99991							#	   0.55	  86.92	
    180	   0.08	  -1.53	 -0.019	0.99989							#	   0.71	  79.24	
    181	  -0.26	  -1.30	 -0.016	0.99991							#	   0.50	  85.61	
    182	  -0.60	  -1.03	 -0.019	0.99996							#	   0.46	  83.38	
    183	  -0.89	  -0.68	 -0.017	0.99985							#	   0.41	  83.79	
    184	  -1.11	  -0.56	 -0.022	0.99993							#	   0.41	  82.02	
    185	  -1.22	  -0.47	 -0.016	0.99987							#	   0.41	  84.65	
    186	  -1.40	  -0.55	 -0.021	0.99983							#	   0.43	  83.13	
    187	  -1.86	  -0.78	 -0.019	1.00000							#	   0.50	  78.54	
    188	  -1.97	  -0.67	 -0.025	0.99992							#	   0.49	  78.99	
    189	  -2.23	  -0.78	 -0.023	0.99990							#	   0.53	  78.38	
    190	  -2.31	  -0.97	 -0.026	0.99992							#	   0.60	  78.28	
    191	  -2.58	  -0.64	 -0.024	0.99993							#	   0.59	  76.16	
    192	  -2.39	  -0.77	 -0.020	0.99983							#	   0.57	  78.43	
    193	  -2.38	  -1.04	 -0.021	0.99981							#	   0.61	  79.44	
    194	  -2.47	  -1.05	 -0.020	0.99989							#	   0.64	  77.88	
    195	  -2.38	  -1.13	 -0.022	0.99978							#	   0.67	  74.44	
    196	  -2.44	  -1.03	 -0.022	0.99986							#	   0.65	  78.64	
    197	  -2.46	  -1.31	 -0.023	0.99995							#	   0.70	  77.07	
    198	  -2.11	  -1.47	 -0.020	0.99981							#	   0.67	  79.09	
    199	  -2.09	  -1.64	 -0.024	0.99991							#	   0.72	  76.82	
    200	  -2.27	  -1.67	 -0.020	0.99989							#	   0.76	  76.72	
    201	  -2.21	  -1.61	 -0.023	0.99989							#	   0.73	  74.24	
    202	  -1.78	  -2.03	 -0.019	0.99993							#	   0.77	  76.16	
    203	  -1.45	  -1.92	 -0.019	0.99981							#	   0.73	  81.72	
    204	  -1.29	  -1.28	 -0.017	0.99980							#	   0.56	  81.41	
    205	  -1.08	  -1.49	 -0.017	0.99972							#	   0.59	  80.45	
    206	  -0.88	  -2.05	 -0.015	0.99984							#	   0.70	  80.96	
    207	  -0.93	  -1.42	 -0.015	0.99989							#	   0.54	  83.48	
    208	  -0.70	  -1.53	 -0.016	0.99983							#	   0.55	  80.56	
    209	  -0.72	  -1.77	 -0.014	0.99990							#	   0.62	  80.66	
    210	  -0.58	  -1.72	 -0.011	0.99995							#	   0.59	  82.78	
    211	  -0.39	  -1.72	 -0.013	0.99988							#	   0.60	  83.33	
    212	  -0.03	  -1.99	 -0.013	0.99988							#	   0.63	  83.03	
    213	   0.11	  -1.77	 -0.012	0.99992							#	   0.61	  84.65	
    214	   0.41	  -2.00	 -0.010	0.99997							#	   0.65	  85.86	
    215	   0.53	  -1.99	 -0.012	0.99996							#	   0.67	  82.88	
    216	   1.05	  -2.31	 -0.008	0.99993							#	   0.84	  82.98	
    217	   0.99	  -2.31	 -0.008	0.99996							#	   0.76	  83.59	
    218	   1.13	  -1.97	 -0.007	0.99990							#	   0.71	  84.39	
    219	   1.44	  -2.03	 -0.008	0.99991							#	   0.80	  83.18	
    220	   1.38	  -2.72	 -0.008	0.99992							#	   0.92	  86.31	
    221	   1.58	  -3.07	 -0.008	0.99997							#	   0.99	  84.44	
    222	   1.37	  -3.05	 -0.009	1.00007							#	   0.90	  79.49	
    223	   1.31	  -2.50	 -0.010	1.00019							#	   0.79	  80.40	
    224	   1.68	  -2.41	 -0.006	1.00004							#	   0.77	  83.33	
    225	   1.72	  -2.23	 -0.007	0.99996							#	   0.77	  81.31	
    226	   1.76	  -2.06	 -0.006	0.99997							#	   0.73	  80.05	
    227	   1.89	  -1.92	 -0.008	1.00000							#	   0.71	  83.33	
    228	   1.86	  -1.85	 -0.006	1.00008							#	   0.78	  77.17	
    229	   1.94	  -1.73	 -0.009	1.00003							#	   0.76	  83.28	
    230	   2.02	  -1.77	 -0.009	1.00006							#	   0.78	  84.60	
    231	   1.93	  -1.69	 -0.010	1.00002							#	   0.75	  83.43	
    232	   2.14	  -1.45	 -0.012	1.00000							#	   0.79	  82.83	
    233	   2.08	  -1.29	 -0.010	0.99997							#	   0.71	  84.44	
    234	   2.32	  -1.30	 -0.011	0.99997							#	   0.83	  81.82	
    235	   2.39	  -1.70	 -0.013	0.99997							#	   0.83	  83.23	
    236	   2.23	  -1.26	 -0.013	0.99999							#	   0.70	  86.01	
    237	   1.96	  -0.78	 -0.018	1.00003							#	   0.61	  86.36	
    238	   2.05	  -0.68	 -0.016	1.00010							#	   0.63	  83.33	
    239	   2.28	  -0.63	 -0.015	1.00004							#	   0.66	  84.09	
    240	   2.42	  -0.34	 -0.012	0.99990							#	   0.80	  78.28	
    241	   2.48	  -0.04	 -0.009	0.99986							#	   0.71	  83.08	
    242	   2.43	  -0.25	 -0.012	0.99995							#	   0.68	  85.66	
    243	   2.22	  -0.10	 -0.013	0.99999							#	   0.64	  84.55	
    244	   2.25	  -0.32	 -0.014	0.99999							#	   0.61	  86.21	
    245	   2.30	  -0.29	 -0.017	1.00000							#	   0.66	  83.64	
    246	   2.33	  -0.25	 -0.016	1.00003							#	   0.65	  84.90	
    247	   2.29	  -0.17	 -0.015	0.99994							#	   0.62	  85.51	
    248	   2.30	  -0.08	 -0.016	0.99996							#	   0.64	  84.04	
    249	   2.30	   0.24	 -0.015	0.99996							#	   0.62	  85.00	
    250	   2.35	   0.23	 -0.017	0.99984							#	   0.64	  84.09	
    251	   2.33	   0.18	 -0.019	0.99989							#	   0.61	  82.02	
    252	   2.30	   0.32	 -0.018	0.99989							#	   0.62	  85.20	
    253	   2.29	   0.23	 -0.019	0.99967							#	   0.65	  83.94	
    254	   2.38	   0.34	 -0.019	0.99950							#	   0.68	  85.56	
    255	   2.46	   0.40	 -0.020	0.99982							#	   0.69	  83.33	
    256	   2.38	   0.60	 -0.019	0.99994							#	   0.70	  83.94	
    257	   2.35	   0.60	 -0.019	1.00002							#	   0.71	  85.81	
    258	   2.39	   0.38	 -0.021	0.99998							#	   0.70	  81.41	
    259	   2.42	   0.57	 -0.020	0.99998							#	   0.68	  83.43	
    260	   2.45	   0.87	 -0.020	1.00002							#	   0.72	  84.90	
    261	   2.44	   0.80	 -0.020	0.99990							#	   0.74	  84.29	
    262	   2.48	   1.01	 -0.020	1.00000							#	   0.80	  81.87	
    263	   2.53	   1.16	 -0.019	0.99995							#	   0.78	  83.94	
    264	   2.60	   1.45	 -0.021	0.99989							#	   0.86	  85.86	
    265	   2.59	   1.57	 -0.021	0.99986							#	   0.79	  82.47	
    266	   2.73	   1.81	 -0.020	0.99992							#	   0.93	  84.14	
    267	   2.74	   2.06	 -0.022	1.00000							#	   0.85	  85.56	
    268	   2.67	   2.27	 -0.020	0.99989							#	   0.93	  82.98	
    269	   2.68	   2.58	 -0.028	0.99989							#	   1.04	  80.76	
    270	   2.64	   3.05	 -0.026	0.99998							#	   0.98	  81.21	
    271	   2.54	   3.27	 -0.026	0.99986							#	   1.08	  79.95	
    272	   2.44	   4.12	 -0.028	0.99994							#	   1.30	  83.48	
    273	   2.38	   4.23	 -0.027	0.99985							#	   1.10	  80.35	
    274	   2.60	   4.08	 -0.024	0.99990							#	   1.14	  80.40	
    275	   2.50	   4.55	 -0.025	0.99982							#	   1.32	  80.25	
    276	   2.18	   4.96	 -0.025	0.99991							#	   1.30	  83.84	
    277	   2.14	   4.89	 -0.028	0.99982							#	   1.25	  77.93	
    278	   2.27	   4.89	 -0.025	0.99988							#	   1.27	  81.41	
    279	   2.23	   4.92	 -0.027	0.99984							#	   1.38	  79.70	
    280	   2.36	   5.31	 -0.028	0.99985							#	   1.40	  81.77	
    281	   2.41	   5.29	 -0.027	0.99985							#	   1.33	  81.67	
    282	   2.37	   5.27	 -0.028	0.99988							#	   1.36	  82.27	
    283	   2.24	   5.43	 -0.028	0.99979							#	   1.40	  83.13	
    284	   2.41	   5.21	 -0.031	0.99984							#	   1.35	  79.75	
    285	   2.26	   5.26	 -0.030	0.99993							#	   1.37	  83.43	
    286	   2.25	   5.24	 -0.033	0.99986							#	   1.38	  83.43	
    287	   2.10	   5.32	 -0.033	0.99991							#	   1.33	  85.05	
    288	   2.03	   5.31	 -0.036	0.99983							#	   1.42	  77.22	
    289	   1.98	   5.44	 -0.037	0.99990							#	   1.41	  80.00	
    290	   2.05	   5.55	 -0.038	0.99993							#	   1.41	  82.53	
    291	   2.02	   5.43	 -0.039	0.99982							#	   1.39	  81.41	
    292	   1.77	   5.85	 -0.039	0.99977							#	   1.70	  79.60	
    293	   1.59	   5.84	 -0.042	0.99979							#	   1.30	  82.42	
    294	   1.80	   5.72	 -0.041	0.99988							#	   1.36	  83.33	
    295	   1.71	   5.61	 -0.040	0.99991							#	   1.39	  82.42	
    296	   1.57	   5.91	 -0.042	0.99983							#	   1.42	  81.67	
    297	   1.73	   5.80	 -0.042	0.99984							#	   1.40	  83.23	
    298	   1.74	   5.50	 -0.040	0.99977							#	   1.30	  82.22	
    299	   1.85	   5.37	 -0.041	0.99996							#	   1.40	  82.63	
    300	   1.54	   5.55	 -0.040	0.99982							#	   1.43	  81.92	
    301	   1.57	   5.23	 -0.039	0.99994							#	   1.29	  84.34	
    302	   1.56	   5.15	 -0.039	1.00000							#	   1.27	  86.36	
    303	   1.45	   4.99	 -0.041	0.99997							#	   1.24	  85.91	
    304	   1.29	   4.97	 -0.038	0.99998							#	   1.23	  86.41	
    305	   1.17	   5.04	 -0.038	0.99998							#	   1.21	  87.63	
    306	   1.10	   5.06	 -0.041	0.99997							#	   1.28	  85.15	
    307	   1.22	   4.98	 -0.040	0.99992							#	   1.27	  87.37	
    308	   1.03	   5.05	 -0.040	1.00000							#	   1.27	  87.47	
    309	   1.18	   5.10	 -0.036	0.99994							#	   1.35	  86.77	
    310	   1.19	   5.24	 -0.039	0.99991							#	   1.36	  86.31	
    311	   1.36	   5.42	 -0.037	1.00003							#	   1.38	  82.83	
    312	   1.16	   5.41	 -0.036	0.99996							#	   1.41	  86.87	
    313	   1.28	   5.39	 -0.037	0.99992							#	   1.37	  87.93	
    314	   1.27	   5.33	 -0.032	0.99981							#	   1.38	  82.83	
    315	   1.60	   5.52	 -0.034	0.99998							#	   1.48	  85.61	
    316	   1.58	   5.22	 -0.031	0.99991							#	   1.26	  87.37	
    317	   1.64	   5.24	 -0.031	0.99989							#	   1.35	  87.17	
    318	   1.87	   5.10	 -0.029	1.00005							#	   1.25	  88.38	
    319	   1.59	   4.97	 -0.027	0.99992							#	   1.22	  86.36	
    320	   1.57	   4.64	 -0.028	0.99993							#	   1.12	  84.85	
    321	   1.56	   4.71	 -0.025	0.99987							#	   1.12	  85.51	
    322	   1.67	   4.48	 -0.025	1.00003							#	   1.07	  88.79	
    323	   1.70	   4.43	 -0.024	1.00004							#	   1.09	  85.00	
    324	   1.45	   4.20	 -0.023	0.99988							#	   1.00	  87.58	
    325	   1.46	   4.30	 -0.023	1.00003							#	   1.09	  87.53	
    326	   1.26	   4.10	 -0.023	0.99983							#	   1.11	  86.31	
    327	   1.33	   3.96	 -0.024	1.00014							#	   1.09	  90.20	
    328	   1.19	   3.98	 -0.024	1.00017							#	   1.11	  87.32	
    329	   1.04	   4.01	 -0.025	1.00018							#	   1.15	  91.31	
    330	   0.99	   3.65	 -0.022	1.00011							#	   0.99	  90.66	
    331	   1.05	   3.37	 -0.026	1.00015							#	   0.89	  87.93	
    332	   0.92	   3.31	 -0.024	1.00000							#	   0.87	  91.72	
    333	   0.98	   3.12	 -0.024	1.00000							#	   0.77	  88.94	
    334	   0.94	   2.83	 -0.023	1.00001							#	   0.71	  89.44	
    335	   0.80	   2.66	 -0.022	1.00005							#	   0.71	  89.70	
    336	   0.74	   2.29	 -0.023	1.00001							#	   0.63	  90.45	
    337	   0.77	   2.06	 -0.022	1.00002							#	   0.60	  88.13	
    338	   0.57	   1.95	 -0.021	0.99991							#	   0.57	  92.58	
    339	   0.53	   1.70	 -0.022	1.00000							#	   0.55	  90.25	
    340	   0.63	   1.50	 -0.022	1.00002							#	   0.55	  88.84	
    341	   0.28	   1.41	 -0.022	0.99996							#	   0.54	  91.36	
    342	   0.43	   1.30	 -0.024	0.99997							#	   0.53	  90.51	
    343	   0.20	   1.06	 -0.026	0.99993							#	   0.47	  91.72	
    344	   0.22	   0.95	 -0.022	0.99993							#	   0.43	  91.62	
    345	   0.18	   0.72	 -0.021	0.99994							#	   0.41	  92.98	
    346	   0.17	   0.53	 -0.024	0.99995							#	   0.37	  91.36	
    347	   0.12	   0.42	 -0.024	0.99999							#	   0.37	  89.24	
    348	   0.00	   0.45	 -0.023	0.99989							#	   0.38	  89.80	
    349	   0.18	  -0.21	 -0.023	0.99997							#	   0.37	  91.31	
    350	   0.38	  -0.35	 -0.021	0.99985							#	   0.40	  92.58	
    351	   0.14	  -0.15	 -0.023	0.99986							#	   0.36	  89.39	
    352	   0.09	  -0.45	 -0.024	0.99999							#	   0.39	  92.07	
    353	   0.11	  -0.32	 -0.023	0.99992							#	   0.36	  90.51	
    354	   0.26	  -0.56	 -0.023	0.99994							#	   0.40	  91.06	
    355	   0.17	  -0.67	 -0.022	0.99980							#	   0.43	  88.84	
    356	   0.25	  -1.06	 -0.023	0.99986							#	   0.48	  91.67	
    357	   0.10	  -1.15	 -0.021	0.99987							#	   0.49	  91.31	
    358	   0.24	  -1.07	 -0.022	0.99985							#	   0.47	  87.53	
    359	   0.31	  -1.15	 -0.023	0.99983							#	   0.50	  86.31	
    360	   0.38	  -1.53	 -0.017	0.99985							#	   0.78	  87.98	
    361	   0.25	  -1.62	 -0.022	0.99993							#	   0.57	  88.03	
    362	   0.50	  -1.55	 -0.019	0.99984							#	   0.60	  88.48	
    363	   0.60	  -1.84	 -0.016	0.99985							#	   0.69	  89.44	
    364	   0.76	  -2.03	 -0.014	0.99991							#	   0.74	  91.46	
    365	   0.76	  -2.03	 -0.014	0.99988							#	   0.71	  88.13	
    366	   0.71	  -2.11	 -0.017	0.99988							#	   0.78	  89.95	
    367	   0.75	  -2.16	 -0.014	0.99993							#	   0.79	  91.26	
    368	   0.76	  -2.19	 -0.013	0.99985							#	   0.77	  89.70	
    369	   0.93	  -2.35	 -0.014	0.99980							#	   0.85	  86.21	
    370	   0.97	  -2.26	 -0.013	0.99982							#	   0.78	  87.32	
    371	   0.78	  -2.32	 -0.013	0.99993							#	   0.83	  89.29	
    372	   0.78	  -2.32	 -0.014	0.99989							#	   0.78	  90.30	
    373	   0.65	  -2.37	 -0.014	0.99995							#	   0.80	  90.51	
    374	   0.86	  -2.34	 -0.016	0.99983							#	   0.80	  84.24	
    375	   0.44	  -2.32	 -0.014	0.99991							#	   0.80	  89.14	
    376	   0.67	  -2.46	 -0.014	0.99984							#	   0.87	  88.59	
    377	   0.68	  -2.67	 -0.014	0.99991							#	   0.88	  87.98	
    378	   0.45	  -2.70	 -0.014	0.99987							#	   0.87	  88.69	
    379	   0.25	  -2.61	 -0.016	0.99985							#	   0.77	  86.67	
    380	   0.20	  -2.85	 -0.015	0.99986							#	   0.90	  87.53	
    381	   0.28	  -2.86	 -0.015	0.99984							#	   0.81	  83.84	
    382	   0.26	  -2.90	 -0.016	0.99985							#	   0.88	  88.43	
    383	   0.13	  -2.96	 -0.013	0.99981							#	   0.87	  86.57	
    384	   0.21	  -2.99	 -0.014	0.99984							#	   0.92	  84.49	
    385	  -0.01	  -3.20	 -0.012	0.99989							#	   0.88	  86.57	
    386	   0.19	  -2.93	 -0.014	0.99976							#	   0.85	  85.25	
    387	   0.11	  -3.09	 -0.014	0.99985							#	   0.92	  83.08	
    388	   0.07	  -3.05	 -0.013	0.99982							#	   0.86	  83.84	
    389	   0.03	  -2.99	 -0.014	0.99983							#	   0.86	  87.98	
    390	   0.07	  -3.28	 -0.012	0.99992							#	   1.00	  83.48	
    391	   0.12	  -3.34	 -0.015	0.99986							#	   0.89	  84.04	
    392	   0.19	  -3.43	 -0.012	0.99986							#	   0.98	  86.01	
    393	   0.01	  -3.32	 -0.014	0.99975							#	   0.98	  80.71	
    394	  -0.04	  -3.37	 -0.014	0.99985							#	   0.91	  86.67	
    395	   0.08	  -3.29	 -0.014	0.99980							#	   0.92	  82.68	
    396	  -0.14	  -3.22	 -0.016	0.99983							#	   0.88	  84.34	
    397	  -0.17	  -3.13	 -0.015	0.99986							#	   0.86	  84.55	
    398	  -0.16	  -2.90	 -0.015	0.99983							#	   0.79	  84.60	
    399	  -0.22	  -3.01	 -0.013	0.99985							#	   0.85	  84.95	
    400	  -0.14	  -2.87	 -0.014	0.99983							#	   0.80	  86.21	
    401	  -0.05	  -2.75	 -0.014	0.99988							#	   0.77	  85.30	
    402	  -0.10	  -2.48	 -0.014	0.99992							#	   0.70	  87.58	
    403	  -0.15	  -2.31	 -0.011	1.00001							#	   0.66	  84.29	
    404	   0.06	  -2.12	 -0.010	0.99988							#	   0.64	  88.99	
    405	   0.12	  -2.05	 -0.013	0.99983							#	   0.64	  86.62	
    406	   0.43	  -1.86	 -0.010	0.99999							#	   0.60	  88.13	
    407	   0.22	  -1.75	 -0.012	0.99997							#	   0.59	  89.90	
    408	   0.21	  -1.59	 -0.011	0.99986							#	   0.55	  85.66	
    409	   0.21	  -1.44	 -0.012	1.00005							#	   0.52	  85.35	
    410	   0.35	  -1.33	 -0.010	0.99992							#	   0.51	  84.90	
    411	   0.33	  -1.21	 -0.010	0.99987							#	   0.50	  88.84	
    412	   0.34	  -1.07	 -0.007	0.99996							#	   0.44	  89.80	
    413	   0.33	  -0.99	 -0.009	0.99999							#	   0.46	  91.97	
    414	   0.32	  -0.67	 -0.007	0.99999							#	   0.40	  90.71	
    415	   0.22	  -0.74	 -0.008	0.99994							#	   0.44	  89.04	
    416	   0.38	  -0.95	 -0.005	0.99998							#	   0.45	  91.87	
    417	   0.40	  -0.63	 -0.005	1.00001							#	   0.40	  89.39	
    418	   0.38	  -0.56	 -0.004	0.99998							#	   0.42	  91.46	
    419	   0.46	  -0.35	 -0.007	0.99998							#	   0.38	  91.26	
    420	   0.58	  -0.79	 -0.005	1.00003							#	   0.61	  90.05	
    421	   0.44	  -0.62	 -0.005	1.00001							#	   0.43	  88.74	
    422	   0.53	  -0.29	 -0.006	0.99998							#	   0.40	  91.46	
    423	   0.57	  -0.21	 -0.009	1.00009							#	   0.39	  90.20	
    424	   0.86	  -0.16	 -0.009	1.00003							#	   0.40	  91.01	
    425	   0.95	   0.04	 -0.009	0.99994							#	   0.44	  91.11	
    426	   1.07	   0.18	 -0.007	1.00002							#	   0.46	  91.26	
    427	   1.13	   0.39	 -0.009	0.99999							#	   0.47	  90.71	
    428	   1.03	   0.41	 -0.007	1.00005							#	   0.45	  90.35	
    429	   1.27	   0.41	 -0.005	1.00005							#	   0.48	  89.70	
    430	   1.33	   0.88	 -0.007	1.00000							#	   0.53	  89.70	
    431	   1.26	   1.12	 -0.008	1.00002							#	   0.57	  89.29	
    432	   1.43	   1.45	 -0.007	1.00009							#	   0.69	  90.61	
    433	   1.70	   1.23	 -0.010	1.00001							#	   0.66	  88.43	
    434	   2.06	   1.68	 -0.008	1.00002							#	   0.80	  89.49	
    435	   2.13	   2.11	 -0.007	0.99996							#	   0.90	  91.62	
    436	   2.12	   2.45	 -0.008	0.99989							#	   0.96	  85.30	
    437	   2.50	   2.66	 -0.009	0.99989							#	   0.88	  88.84	
    438	   2.70	   2.48	 -0.010	0.99990							#	   0.94	  86.97	
    439	   2.37	   2.82	 -0.010	0.99997							#	   0.96	  92.32	
    440	   2.56	   2.85	 -0.013	0.99997							#	   1.02	  88.28	
    441	   2.46	   2.52	 -0.011	1.00000							#	   0.88	  86.21	
    442	   2.41	   2.74	 -0.014	1.00007							#	   0.95	  90.61	
    443	   2.32	   3.06	 -0.014	1.00001							#	   1.05	  91.41	
    444	   2.22	   2.77	 -0.012	0.99998							#	   0.86	  90.56	
    445	   2.12	   3.02	 -0.012	0.99998							#	   1.02	  91.26	
    446	   2.12	   2.97	 -0.014	0.99990							#	   0.95	  87.42	
    447	   2.11	   3.09	 -0.013	0.99996							#	   1.01	  89.04	
    448	   2.40	   3.75	 -0.012	0.99983							#	   1.32	  86.52	
    449	   2.35	   3.69	 -0.011	0.99988							#	   0.98	  87.12	
    450	   2.60	   3.73	 -0.012	0.99988							#	   1.15	  86.52	
    451	   2.58	   3.89	 -0.012	1.00002							#	   1.18	  89.55	
    452	   2.58	   4.07	 -0.011	0.99992							#	   1.26	  87.93	
    453	   2.73	   4.07	 -0.009	0.99991							#	   1.09	  92.68	
    454	   2.69	   3.51	 -0.010	0.99999							#	   0.99	  83.48	
    455	   2.86	   3.83	 -0.010	0.99990							#	   1.12	  86.67	
    456	   2.56	   4.05	 -0.013	0.99996							#	   1.11	  88.79	
    457	   2.57	   4.04	 -0.010	0.99990							#	   1.14	  89.80	
    458	   2.61	   3.73	 -0.013	0.99995							#	   1.06	  90.15	
    459	   2.29	   3.78	 -0.010	1.00000							#	   1.06	  90.66	
    460	   2.29	   3.90	 -0.014	1.00002							#	   1.13	  88.43	
    461	   2.53	   3.64	 -0.010	1.00003							#	   1.06	  87.83	
    462	   2.51	   3.77	 -0.012	1.00005							#	   1.15	  85.81	
    463	   2.59	   4.02	 -0.011	0.99986							#	   1.23	  88.54	
    464	   2.56	   4.17	 -0.010	0.99988							#	   1.27	  89.04	
    465	   2.44	   4.24	 -0.012	0.99992							#	   1.22	  86.26	
    466	   2.43	   4.00	 -0.010	0.99998							#	   1.21	  90.86	
    467	   2.57	   4.06	 -0.010	0.99991							#	   1.30	  85.51	
    468	   2.60	   4.13	 -0.010	0.99993							#	   1.20	  89.09	
    469	   2.74	   3.73	 -0.010	0.99991							#	   1.16	  86.11	
    470	   2.82	   3.67	 -0.009	0.99993							#	   1.07	  86.62	
    471	   3.12	   3.54	 -0.009	0.99999							#	   1.10	  88.43	
    472	   3.26	   3.81	 -0.010	1.00002							#	   1.18	  89.65	
    473	   3.01	   3.75	 -0.007	0.99995							#	   1.15	  90.45	
    474	   3.18	   3.69	 -0.008	1.00004							#	   1.16	  92.73	
    475	   2.99	   4.01	 -0.012	0.99996							#	   1.31	  88.64	
    476	   3.27	   3.66	 -0.009	0.99995							#	   1.13	  89.04	
    477	   3.25	   3.72	 -0.012	0.99980							#	   1.26	  88.03	
    478	   3.17	   3.43	 -0.010	0.99977							#	   1.18	  83.59	
    479	   3.37	   3.42	 -0.013	0.99983							#	   1.21	  86.06	
    480	   3.17	   3.46	 -0.009	0.99981							#	   1.24	  87.78	
    481	   3.10	   3.11	 -0.009	0.99987							#	   1.05	  90.66	
    482	   2.91	   3.09	 -0.008	1.00001							#	   0.99	  89.39	
    483	   2.88	   2.66	 -0.009	1.00000							#	   0.86	  89.34	
    484	   2.63	   2.68	 -0.008	0.99999							#	   0.86	  89.24	
    485	   2.56	   2.82	 -0.007	1.00001							#	   0.87	  92.68	
    486	   2.43	   2.92	 -0.007	0.99988							#	   0.94	  90.45	
    487	   2.27	   2.86	 -0.010	0.99983							#	   0.93	  92.07	
    488	   2.04	   2.85	 -0.010	0.99987							#	   0.98	  91.16	
    489	   1.81	   2.54	 -0.007	0.99988							#	   0.81	  91.57	
    490	   1.84	   2.68	 -0.007	1.00008							#	   0.82	  88.13	
    491	   1.57	   2.43	 -0.006	1.00000							#	   0.70	  91.26	
    492	   1.64	   2.08	 -0.010	1.00005							#	   0.64	  91.52	
    493	   1.61	   2.00	 -0.010	1.00007							#	   0.61	  90.76	
    494	   1.39	   2.25	 -0.011	0.99999							#	   0.75	  92.42	
    495	   1.59	   2.22	 -0.012	0.99999							#	   0.75	  91.62	
    496	   1.48	   1.92	 -0.015	0.99997							#	   0.73	  91.11	
    497	   1.60	   1.76	 -0.014	0.99993							#	   0.73	  91.31	
    498	   1.52	   1.71	 -0.014	0.99994							#	   0.71	  93.54	
    499	   1.50	   1.64	 -0.012	0.99999							#	   0.68	  93.59	
    500	   1.53	   1.39	 -0.013	1.00003							#	   0.65	  92.07	
    501	   1.50	   1.40	 -0.013	1.00011							#	   0.66	  89.39	
    502	   1.75	   1.39	 -0.013	1.00004							#	   0.72	  91.16	
    503	   1.80	   1.43	 -0.014	1.00005							#	   0.76	  91.11	
    504	   2.13	   1.67	 -0.010	1.00000							#	   0.82	  94.39	
    505	   2.35	   1.90	 -0.011	1.00001							#	   0.92	  93.13	
    506	   2.49	   1.98	 -0.011	0.99996							#	   0.92	  94.70	
    507	   2.75	   1.85	 -0.013	0.99987							#	   0.96	  90.40	
    508	   2.66	   1.82	 -0.012	0.99999							#	   0.86	  91.67	
    509	   2.74	   1.70	 -0.013	0.99995							#	   0.87	  89.65	
    510	   2.81	   1.65	 -0.013	1.00012							#	   0.86	  94.09	
    511	   2.80	   1.59	 -0.016	0.99997							#	   0.86	  86.52	
    512	   2.90	   1.64	 -0.015	1.00010							#	   0.88	  95.05	
    513	   2.69	   1.43	 -0.014	0.99996							#	   0.85	  90.40	
    514	   2.92	   1.43	 -0.015	0.99992							#	   0.88	  89.65	
    515	   3.00	   1.44	 -0.014	0.99977							#	   0.96	  86.52	
    516	   3.30	   1.52	 -0.015	0.99980							#	   0.96	  89.90	
    517	   3.44	   1.27	 -0.015	0.99990							#	   0.97	  92.42	
    518	   3.33	   1.31	 -0.015	0.99993							#	   0.98	  93.33	
    519	   3.35	   1.17	 -0.016	0.99990							#	   0.90	  93.03	
    520	   2.99	   1.14	 -0.015	0.99996							#	   0.78	  95.30	
    521	   2.80	   1.21	 -0.015	0.99999							#	   0.77	  91.97	
    522	   2.62	   1.42	 -0.015	0.99992							#	   0.73	  92.68	
    523	   2.64	   1.28	 -0.015	0.99993							#	   0.71	  94.29	
    524	   2.57	   1.35	 -0.012	0.99998							#	   0.76	  92.42	
    525	   2.34	   1.62	 -0.011	0.99996							#	   0.77	  93.74	
    526	   2.56	   1.85	 -0.011	1.00001							#	   0.88	  93.33	
    527	   2.48	   2.00	 -0.011	0.99993							#	   0.83	  94.95	
    528	   2.63	   1.90	 -0.011	0.99998							#	   0.91	  94.04	
    529	   2.73	   1.99	 -0.009	0.99990							#	   0.94	  93.38	
    530	   2.93	   2.01	 -0.009	0.99986							#	   0.92	  92.78	
    531	   2.95	   1.85	 -0.011	0.99990							#	   0.91	  92.02	
    532	   3.03	   1.32	 -0.008	0.99985							#	   0.83	  90.45	
    533	   3.06	   1.02	 -0.010	0.99994							#	   0.76	  93.08	
    534	   2.88	   0.91	 -0.007	0.99991							#	   0.71	  95.15	
    535	   3.11	   0.13	 -0.011	1.00024							#	   0.71	  90.91	
    536	   2.91	   0.63	 -0.009	1.00005							#	   0.72	  91.16	
    537	   2.62	   0.67	 -0.006	1.00007							#	   0.71	  94.49	
    538	   2.77	   0.23	 -0.006	0.99990							#	   0.74	  94.65	
    539	   2.73	   0.21	 -0.007	0.99993							#	   0.74	  93.74	
    540	   2.58	   0.42	 -0.007	0.99999							#	   0.89	  91.36	
    541	   2.87	   0.17	 -0.008	0.99988							#	   0.75	  90.66	
    542	   2.70	   0.50	 -0.008	0.99978							#	   0.77	  89.60	
    543	   2.68	   0.44	 -0.007	0.99993							#	   0.75	  89.65	
    544	   2.86	   0.59	 -0.006	1.00013							#	   0.84	  92.78	
    545	   2.89	   0.61	 -0.007	1.00007							#	   0.83	  91.01	
    546	   3.16	   0.72	 -0.010	1.00012							#	   0.93	  90.45	
    547	   3.12	   0.74	 -0.007	1.00006							#	   0.84	  92.32	
    548	   3.42	   0.97	 -0.007	1.00004							#	   0.98	  92.58	
    549	   3.84	   1.35	 -0.009	0.99994							#	   1.07	  86.62	
    550	   3.82	   1.14	 -0.008	0.99994							#	   0.91	  87.88	
    551	   3.90	   1.21	 -0.010	0.99994							#	   1.01	  85.86	
    552	   4.50	   1.39	 -0.008	1.00003							#	   1.19	  92.37	
    553	   4.28	   1.70	 -0.008	0.99998							#	   1.00	  92.37	
    554	   4.29	   1.85	 -0.009	0.99993							#	   1.13	  93.69	
    555	   4.19	   1.57	 -0.011	0.99990							#	   1.03	  88.13	
    556	   3.78	   1.92	 -0.015	0.99993							#	   1.02	  90.25	
    557	   3.60	   2.27	 -0.016	1.00000							#	   1.07	  90.76	
    558	   3.17	   2.58	 -0.019	0.99996							#	   0.97	  89.14	
    559	   3.25	   1.95	 -0.013	0.99997							#	   0.83	  95.10	
    560	   3.20	   1.95	 -0.015	0.99991							#	   0.80	  93.69	
    561	   2.85	   2.13	 -0.015	0.99988							#	   0.80	  92.53	
    562	   2.71	   2.03	 -0.016	0.99988							#	   0.79	  90.86	
    563	   2.60	   2.07	 -0.017	0.99989							#	   0.84	  91.06	
    564	   2.45	   2.12	 -0.018	0.99993							#	   0.95	  91.72	
    565	   2.47	   1.94	 -0.019	0.99985							#	   0.82	  89.85	
    566	   2.68	   1.63	 -0.019	0.99982							#	   0.85	  91.26	
    567	   2.44	   1.47	 -0.022	0.99992							#	   0.80	  90.25	
    568	   2.43	   1.59	 -0.021	0.99994							#	   0.78	  91.57	
    569	   2.22	   1.51	 -0.021	0.99999							#	   0.66	  92.78	
    570	   2.41	   1.66	 -0.019	0.99998							#	   0.82	  91.77	
    571	   2.10	   1.50	 -0.018	0.99998							#	   0.65	  93.08	
    572	   2.16	   1.54	 -0.018	0.99997							#	   0.71	  93.69	
    573	   2.15	   1.73	 -0.019	1.00002							#	   0.81	  89.95	
    574	   2.00	   2.06	 -0.015	0.99997							#	   0.85	  93.99	
    575	   2.04	   1.86	 -0.017	0.99997							#	   0.75	  90.05	
    576	   1.97	   1.66	 -0.016	1.00007							#	   0.73	  91.06	
    577	   1.67	   1.60	 -0.013	0.99994							#	   0.68	  92.17	
    578	   1.75	   1.37	 -0.016	1.00003							#	   0.63	  91.52	
    579	   1.71	   1.36	 -0.015	1.00003							#	   0.62	  88.84	
    580	   1.59	   1.61	 -0.017	1.00001							#	   0.66	  91.36	
    581	   1.63	   1.42	 -0.016	0.99995							#	   0.66	  90.76	
    582	   1.53	   1.22	 -0.014	0.99998							#	   0.60	  93.28	
    583	   1.49	   1.04	 -0.013	1.00000							#	   0.56	  91.77	
    584	   1.41	   0.77	 -0.015	0.99998							#	   0.49	  92.88	
    585	   1.02	   0.84	 -0.014	0.99995							#	   0.46	  93.33	
    586	   1.06	   0.59	 -0.017	0.99997							#	   0.42	  91.21	
    587	   0.89	   0.40	 -0.014	1.00003							#	   0.40	  92.17	
    588	   0.85	   0.38	 -0.014	0.99996							#	   0.39	  93.59	
    589	   0.88	   0.12	 -0.015	0.99996							#	   0.39	  93.33	
    590	   0.76	   0.09	 -0.012	0.99998							#	   0.38	  93.13	
    591	   0.83	  -0.15	 -0.013	0.99995							#	   0.38	  92.98	
    592	   0.70	  -0.24	 -0.014	0.99996							#	   0.36	  91.21	
    593	   0.78	  -0.42	 -0.012	1.00002							#	   0.39	  94.44	
    594	   0.82	  -0.67	 -0.013	0.99988							#	   0.42	  91.62	
    595	   0.73	  -0.87	 -0.011	0.99988							#	   0.42	  94.55	
    596	   0.76	  -0.89	 -0.014	0.99993							#	   0.45	  89.80	
    597	   0.79	  -1.05	 -0.012	0.99993							#	   0.45	  88.94	
    598	   0.64	  -1.39	 -0.013	1.00000							#	   0.48	  90.76	
    599	   0.70	  -1.25	 -0.011	1.00002							#	   0.49	  89.04	
    600	   0.71	  -1.37	 -0.009	0.99993							#	   0.69	  84.60	
    601	   0.81	  -1.57	 -0.010	0.99982							#	   0.59	  85.15	
    602	   0.81	  -1.52	 -0.008	0.99993							#	   0.54	  91.01	
    603	   0.81	  -1.36	 -0.009	0.99992							#	   0.53	  86.97	
    604	   0.79	  -1.67	 -0.009	0.99986							#	   0.57	  88.08	
    605	   0.74	  -1.73	 -0.009	0.99994							#	   0.57	  89.55	
    606	   0.64	  -1.66	 -0.007	0.99998							#	   0.56	  90.76	
    607	   0.88	  -1.70	 -0.009	0.99989							#	   0.62	  88.48	
    608	   0.88	  -1.66	 -0.007	0.99994							#	   0.56	  90.35	
    609	   0.86	  -1.55	 -0.008	0.99993							#	   0.54	  90.76	
    610	   0.94	  -1.66	 -0.012	0.99992							#	   0.61	  86.31	
    611	   0.86	  -1.68	 -0.010	0.99989							#	   0.60	  89.55	
    612	   0.93	  -1.63	 -0.008	0.99985							#	   0.58	  87.22	
    613	   0.82	  -1.47	 -0.011	0.99985							#	   0.55	  83.43	
    614	   0.65	  -1.38	 -0.009	0.99992							#	   0.50	  90.61	
    615	   0.71	  -1.24	 -0.010	1.00002							#	   0.50	  92.12	
    616	   0.75	  -1.33	 -0.009	0.99992							#	   0.53	  91.82	
    617	   0.79	  -1.20	 -0.012	0.99991							#	   0.52	  90.86	
    618	   0.77	  -1.00	 -0.014	0.99998							#	   0.46	  92.22	
    619	   0.99	  -0.79	 -0.015	0.99993							#	   0.48	  84.60	
    620	   0.92	  -0.83	 -0.013	0.99996							#	   0.45	  91.36	
    621	   1.01	  -0.67	 -0.015	0.99990							#	   0.44	  89.29	
    622	   1.17	  -0.47	 -0.012	0.99990							#	   0.46	  86.92	
    623	   0.93	  -0.21	 -0.011	0.99992							#	   0.41	  92.12	
    624	   1.15	  -0.51	 -0.011	0.99988							#	   0.45	  91.57	
    625	   0.82	  -0.48	 -0.013	1.00002							#	   0.41	  91.01	
    626	   1.02	  -0.45	 -0.014	1.00000							#	   0.47	  89.60	
    627	   1.01	  -0.47	 -0.014	0.99994							#	   0.44	  89.75	
    628	   0.98	  -0.40	 -0.014	1.00000							#	   0.44	  91.21	
    629	   1.01	  -0.36	 -0.013	1.00008							#	   0.41	  91.87	
    630	   1.13	  -0.37	 -0.014	0.99999							#	   0.45	  91.92	
    631	   1.33	  -0.38	 -0.013	1.00001							#	   0.47	  88.94	
    632	   1.37	  -0.18	 -0.009	0.99996							#	   0.46	  94.70	
    633	   1.33	  -0.05	 -0.012	0.99991							#	   0.45	  94.85	
    634	   1.45	  -0.26	 -0.013	0.99994							#	   0.48	  92.58	
    635	   1.35	  -0.22	 -0.012	1.00002							#	   0.46	  93.13	
    636	   1.34	  -0.46	 -0.013	1.00005							#	   0.44	  92.22	
    637	   1.26	  -0.70	 -0.017	1.00005							#	   0.47	  90.96	
    638	   1.27	  -0.72	 -0.013	1.00001							#	   0.45	  91.11	
    639	   1.27	  -0.79	 -0.011	1.00003							#	   0.46	  92.02	
    640	   1.28	  -0.85	 -0.013	0.99996							#	   0.46	  90.96	
    641	   1.38	  -0.55	 -0.009	1.00001							#	   0.47	  91.21	
    642	   1.38	  -0.66	 -0.007	0.99993							#	   0.48	  92.78	
    643	   1.37	  -0.83	 -0.011	0.99996							#	   0.49	  92.93	
    644	   1.46	  -0.57	 -0.011	1.00001							#	   0.46	  91.62	
    645	   1.46	  -0.59	 -0.008	1.00004							#	   0.47	  94.49	
    646	   1.48	  -0.68	 -0.010	0.99992							#	   0.47	  92.12	
    647	   1.49	  -0.84	 -0.011	1.00000							#	   0.50	  92.53	
    648	   1.40	  -0.62	 -0.010	1.00007							#	   0.49	  92.93	
    649	   1.50	  -0.61	 -0.010	0.99999							#	   0.51	  92.63	
    650	   1.43	  -0.80	 -0.011	1.00000							#	   0.50	  93.89	
    651	   1.31	  -0.83	 -0.011	1.00003							#	   0.49	  93.13	
    652	   1.23	  -0.95	 -0.010	1.00007							#	   0.48	  93.43	
    653	   1.14	  -0.93	 -0.012	0.99997							#	   0.48	  88.94	
    654	   1.16	  -0.88	 -0.010	1.00001							#	   0.46	  92.37	
    655	   1.04	  -0.80	 -0.009	0.99996							#	   0.44	  91.87	
    656	   1.13	  -0.96	 -0.009	0.99999							#	   0.48	  90.81	
    657	   1.22	  -0.90	 -0.008	0.99993							#	   0.47	  93.79	
    658	   1.19	  -0.93	 -0.009	0.99990							#	   0.48	  90.10	
    659	   1.28	  -0.92	 -0.010	0.99996							#	   0.48	  92.12	
    660	   1.30	  -0.94	 -0.010	0.99994							#	   0.68	  89.60	
    661	   1.18	  -1.02	 -0.009	0.99999							#	   0.55	  91.57	
    662	   1.12	  -1.25	 -0.011	1.00003							#	   0.55	  90.30	
    663	   1.17	  -1.26	 -0.010	0.99996							#	   0.53	  86.31	
    664	   1.16	  -1.14	 -0.012	0.99999							#	   0.50	  88.33	
    665	   1.18	  -1.07	 -0.011	0.99996							#	   0.51	  86.41	
    666	   1.11	  -1.03	 -0.012	0.99999							#	   0.51	  88.79	
    667	   1.29	  -1.13	 -0.009	0.99999							#	   0.53	  90.30	
    668	   1.18	  -0.99	 -0.010	1.00004							#	   0.47	  93.43	
    669	   1.26	  -0.99	 -0.010	0.99998							#	   0.51	  91.87	
    670	   1.43	  -0.99	 -0.009	0.99997							#	   0.50	  91.36	
    671	   1.39	  -0.85	 -0.011	0.99995							#	   0.49	  92.27	
    672	   1.53	  -0.93	 -0.010	0.99997							#	   0.52	  93.43	
    673	   1.41	  -0.82	 -0.011	0.99997							#	   0.49	  92.58	
    674	   1.42	  -1.04	 -0.012	1.00003							#	   0.52	  91.92	
    675	   1.34	  -0.85	 -0.011	1.00003							#	   0.49	  91.87	
    676	   1.18	  -0.74	 -0.010	1.00001							#	   0.46	  92.22	
    677	   1.36	  -0.75	 -0.014	1.00004							#	   0.48	  92.02	
    678	   1.36	  -0.68	 -0.012	1.00004							#	   0.48	  91.67	
    679	   1.50	  -0.56	 -0.010	0.99998							#	   0.48	  93.43	
    680	   1.53	  -0.22	 -0.010	1.00000							#	   0.46	  93.23	
    681	   1.78	  -0.39	 -0.008	1.00004							#	   0.50	  93.23	
    682	   1.76	  -0.25	 -0.010	0.99997							#	   0.51	  92.83	
    683	   2.04	  -0.28	 -0.007	1.00002							#	   0.56	  94.65	
    684	   2.02	  -0.20	 -0.010	1.00006							#	   0.57	  93.59	
    685	   2.09	  -0.14	 -0.009	1.00005							#	   0.58	  93.84	
    686	   2.15	  -0.29	 -0.009	1.00007							#	   0.59	  95.10	
    687	   2.20	  -0.25	 -0.011	1.00011							#	   0.59	  93.54	
    688	   2.28	  -0.30	 -0.009	1.00006							#	   0.63	  94.19	
    689	   2.43	  -0.30	 -0.011	1.00005							#	   0.69	  91.92	
    690	   2.39	  -0.15	 -0.009	1.00008							#	   0.64	  94.34	
    691	   2.44	  -0.26	 -0.009	1.00005							#	   0.64	  91.21	
    692	   2.39	  -0.25	 -0.010	1.00000							#	   0.65	  92.27	
    693	   2.53	  -0.24	 -0.007	1.00000							#	   0.66	  90.76	
    694	   2.54	  -0.26	 -0.008	1.00002							#	   0.64	  92.68	
    695	   2.34	  -0.59	 -0.007	0.99998							#	   0.63	  92.88	
    696	   2.19	  -0.56	 -0.010	1.00006							#	   0.58	  93.69	
    697	   2.10	  -0.81	 -0.009	1.00003							#	   0.63	  91.36	
    698	   1.86	  -0.89	 -0.007	0.99998							#	   0.58	  94.44	
    699	   1.82	  -1.11	 -0.010	0.99998							#	   0.60	  92.17	
    700	   1.63	  -1.22	 -0.011	1.00003							#	   0.59	  90.76	
    701	   1.59	  -1.44	 -0.007	1.00003							#	   0.63	  91.77	
    702	   1.57	  -1.45	 -0.007	0.99992							#	   0.63	  90.10	
    703	   1.57	  -1.58	 -0.007	0.99999							#	   0.65	  91.77	
    704	   1.53	  -1.60	 -0.006	0.99998							#	   0.64	  91.26	
    705	   1.52	  -1.66	 -0.009	0.99994							#	   0.70	  92.47	
    706	   1.42	  -1.91	 -0.009	0.99997							#	   0.73	  91.87	
    707	   1.42	  -1.94	 -0.012	0.99994							#	   0.73	  87.58	
    708	   1.42	  -2.07	 -0.011	0.99998							#	   0.76	  88.84	
    709	   1.27	  -1.92	 -0.013	1.00004							#	   0.64	  90.76	
    710	   1.39	  -1.97	 -0.011	1.00000							#	   0.68	  86.97	
    711	   1.43	  -2.09	 -0.012	0.99999							#	   0.71	  87.17	
    712	   1.47	  -2.07	 -0.013	1.00003							#	   0.72	  91.01	
    713	   1.58	  -1.89	 -0.013	1.00003							#	   0.66	  90.20	
    714	   1.71	  -1.88	 -0.014	0.99992							#	   0.72	  87.58	
    715	   1.81	  -1.83	 -0.014	0.99998							#	   0.73	  92.83	
    716	   1.66	  -1.79	 -0.015	0.99998							#	   0.68	  92.98	
    717	   1.61	  -1.93	 -0.016	0.99994							#	   0.71	  88.84	
    718	   1.42	  -2.03	 -0.015	1.00001							#	   0.70	  89.04	
    719	   1.38	  -2.00	 -0.019	0.99997							#	   0.68	  88.89	
    720	   1.25	  -2.20	 -0.019	1.00002							#	   0.89	  84.75	
    721	   1.02	  -2.40	 -0.021	0.99998							#	   0.68	  87.07	
    722	   1.05	  -2.40	 -0.023	0.99992							#	   0.73	  85.51	
    723	   0.80	  -2.55	 -0.020	1.00003							#	   0.70	  87.88	
    724	   0.74	  -2.63	 -0.018	0.99992							#	   0.75	  86.01	
    725	   0.75	  -2.69	 -0.017	0.99990							#	   0.76	  86.46	
    726	   0.66	  -2.67	 -0.015	0.99997							#	   0.80	  87.02	
    727	   0.64	  -2.90	 -0.014	0.99990							#	   0.89	  88.84	
    728	   0.46	  -3.15	 -0.016	0.99999							#	   0.92	  84.09	
    729	   1.02	  -3.16	 -0.020	0.99976							#	   0.90	  81.16	
    730	   0.54	  -3.39	 -0.015	1.00002							#	   0.87	  89.85	
    731	  -0.00	  -3.26	 -0.028	0.99988							#	   0.91	  77.88	
    732	   0.45	  -3.45	 -0.021	1.00005							#	   0.93	  86.77	
    733	   0.56	  -3.29	 -0.022	0.99988							#	   0.96	  80.20	
    734	   0.71	  -3.22	 -0.021	0.99982							#	   0.88	  83.94	
    735	   0.79	  -3.31	 -0.019	0.99989							#	   0.93	  86.82	
    736	   0.91	  -3.26	 -0.021	0.99992							#	   0.84	  85.45	
    737	   0.96	  -3.12	 -0.021	0.99996							#	   0.82	  84.95	
    738	   0.88	  -3.28	 -0.021	1.00006							#	   0.89	  87.73	
    739	   0.95	  -3.13	 -0.024	1.00004							#	   0.81	  85.51	
    740	   1.11	  -3.29	 -0.024	0.99994							#	   0.88	  83.59	
    741	   1.25	  -3.25	 -0.020	0.99988							#	   0.87	  79.60	
    742	   1.18	  -3.29	 -0.021	0.99990							#	   0.88	  84.65	
    743	   1.35	  -3.58	 -0.019	0.99991							#	   1.00	  84.34	
    744	   1.19	  -3.44	 -0.019	0.99993							#	   0.81	  86.97	
    745	   1.13	  -3.44	 -0.022	1.00002							#	   0.88	  86.97	
    746	   1.11	  -3.55	 -0.021	0.99991							#	   0.91	  82.53	
    747	   1.18	  -3.63	 -0.019	0.99996							#	   0.97	  84.90	
    748	   1.20	  -3.38	 -0.014	0.99993							#	   0.87	  86.36	
    749	   1.20	  -3.24	 -0.014	0.99994							#	   0.84	  88.03	
    750	   0.94	  -3.32	 -0.017	0.99992							#	   0.84	  88.48	
    751	   1.30	  -3.50	 -0.016	0.99994							#	   0.94	  85.45	
    752	   1.32	  -3.47	 -0.016	0.99995							#	   0.87	  84.49	
    753	   1.14	  -3.53	 -0.015	0.99999							#	   0.92	  88.84	
    754	   1.34	  -3.65	 -0.017	0.99994							#	   1.03	  85.25	
    755	   1.28	  -4.04	 -0.014	0.99996							#	   1.00	  84.49	
    756	   1.22	  -4.14	 -0.016	0.99997							#	   1.01	  83.43	
    757	   1.11	  -4.27	 -0.015	0.99998							#	   1.04	  82.37	
    758	   1.08	  -3.97	 -0.014	0.99990							#	   0.93	  79.19	
    759	   1.04	  -4.05	 -0.014	0.99994							#	   0.96	  84.04	
    760	   1.20	  -4.01	 -0.013	0.99987							#	   0.93	  78.74	
    761	   1.05	  -4.02	 -0.012	1.00002							#	   0.93	  87.17	
    762	   1.08	  -3.90	 -0.012	0.99990							#	   0.88	  82.12	
    763	   1.14	  -4.04	 -0.010	0.99991							#	   1.01	  81.01	
    764	   1.04	  -3.79	 -0.010	0.99996							#	   0.90	  86.06	
    765	   1.18	  -3.55	 -0.011	0.99999							#	   0.89	  85.81	
    766	   1.35	  -3.44	 -0.010	0.99995							#	   0.88	  84.29	
    767	   1.60	  -3.42	 -0.011	1.00002							#	   0.89	  85.40	
    768	   1.61	  -3.38	 -0.012	1.00005							#	   0.84	  88.28	
    769	   1.63	  -3.30	 -0.008	1.00003							#	   0.86	  85.05	
    770	   1.70	  -3.46	 -0.012	1.00012							#	   0.94	  83.03	
    771	   2.01	  -3.89	 -0.012	1.00006							#	   1.10	  88.18	
    772	   1.97	  -3.96	 -0.013	1.00017							#	   0.92	  85.15	
    773	   1.99	  -3.75	 -0.014	1.00011							#	   0.94	  80.96	
    774	   2.19	  -4.04	 -0.010	1.00010							#	   1.00	  82.22	
    775	   2.22	  -4.24	 -0.009	1.00018							#	   1.06	  81.21	
    776	   2.26	  -4.62	 -0.003	1.00004							#	   1.14	  82.02	
    777	   2.10	  -4.30	 -0.002	1.00004							#	   0.95	  82.37	
    778	   2.11	  -4.28	 -0.004	1.00009							#	   0.99	  78.94	
    779	   1.79	  -4.80	 -0.004	1.00016							#	   1.12	  80.51	
    780	   1.87	  -4.96	 -0.002	1.00000							#	   1.29	  80.45	
    781	   1.54	  -5.06	  0.000	1.00017							#	   1.03	  81.52	
    782	   1.95	  -5.32	  0.001	0.99990							#	   1.18	  80.25	
    783	   1.36	  -5.05	 -0.004	1.00003							#	   1.09	  80.96	
    784	   1.60	  -4.97	 -0.003	1.00000							#	   1.12	  79.44	
    785	   1.52	  -4.89	 -0.002	1.00001							#	   1.06	  82.58	
    786	   1.41	  -4.74	  0.001	1.00007							#	   1.01	  81.52	
    787	   1.40	  -4.95	 -0.001	1.00006							#	   1.05	  82.02	
    788	   1.33	  -5.05	  0.002	0.99994							#	   1.08	  77.83	
    789	   1.38	  -5.00	 -0.002	0.99996							#	   1.13	  78.23	
    790	   1.20	  -5.27	  0.005	0.99986							#	   1.20	  79.04	
    791	   0.70	  -5.24	  0.003	1.00016							#	   1.10	  78.38	
    792	   0.91	  -5.01	  0.002	0.99989							#	   1.06	  77.42	
    793	   0.69	  -5.18	 -0.000	0.99995							#	   1.14	  78.69	
    794	   0.64	  -5.20	  0.002	0.99998							#	   1.10	  77.98	
    795	   0.32	  -5.28	 -0.003	0.99995							#	   1.15	  80.86	
    796	   0.63	  -5.49	  0.002	0.99985							#	   1.27	  76.57	
    797	   0.40	  -5.47	 -0.001	0.99988							#	   1.18	  76.62	
    798	   0.75	  -5.32	  0.003	0.99985							#	   1.11	  74.70	
    799	   0.74	  -5.32	  0.004	0.99986							#	   1.07	  74.70	
    800	   0.76	  -5.06	  0.000	0.99994							#	   1.02	  77.27	
    801	   0.80	  -5.23	  0.004	1.00009							#	   1.03	  78.59	
    802	   1.06	  -5.48	  0.007	0.99976							#	   1.17	  73.59	
    803	   1.07	  -5.40	  0.006	0.99982							#	   1.12	  77.17	
    804	   1.16	  -5.06	  0.005	0.99978							#	   1.07	  73.38	
    805	   1.40	  -5.39	  0.006	0.99981							#	   1.18	  77.17	
    806	   1.43	  -5.69	  0.003	0.99993							#	   1.24	  78.33	
    807	   1.53	  -5.67	  0.001	0.99989							#	   1.15	  71.62	
    808	   1.37	  -5.16	  0.002	0.99992							#	   1.06	  78.69	
    809	   1.70	  -5.35	  0.003	0.99988							#	   1.15	  74.14	
    810	   1.73	  -5.52	  0.005	0.99996							#	   1.20	  77.68	
    811	   1.60	  -5.36	  0.006	1.00000							#	   1.07	  78.18	
    812	   1.75	  -5.04	  0.004	1.00003							#	   1.03	  77.63	
    813	   2.18	  -5.27	  0.007	1.00010							#	   1.07	  78.54	
    814	   2.07	  -4.89	  0.005	1.00010							#	   0.97	  76.11	
    815	   2.19	  -4.73	  0.005	0.99996							#	   0.98	  77.37	
    816	   2.37	  -4.76	  0.000	0.99992							#	   1.07	  77.53	
    817	   2.37	  -5.20	  0.003	1.00014							#	   1.18	  79.04	
    818	   2.54	  -5.23	  0.000	1.00016							#	   1.14	  79.60	
    819	   2.22	  -4.90	 -0.001	1.00003							#	   0.98	  76.21	
    820	   2.42	  -4.77	  0.005	1.00005							#	   0.99	  77.83	
