      1	  -2.18	  -1.30	 -0.016	0.99974							#	   0.03	  38.23	
      2	  -2.86	  -1.48	 -0.017	0.99982							#	   0.23	  31.77	
      3	  -2.66	  -1.48	 -0.018	0.99998							#	   0.18	  32.27	
      4	  -2.71	  -1.20	 -0.016	1.00027							#	   0.18	  34.80	
      5	  -3.10	  -0.72	 -0.021	1.00047							#	   0.19	  31.57	
      6	  -3.49	  -0.08	 -0.017	1.00012							#	   0.21	  28.28	
      7	  -3.35	   0.25	 -0.015	1.00000							#	   0.19	  27.98	
      8	  -3.10	   0.34	 -0.017	0.99997							#	   0.16	  26.62	
      9	  -2.24	   0.14	 -0.012	0.99989							#	   0.14	  25.35	
     10	  -0.79	  -2.05	 -0.003	1.00030							#	   0.15	  18.43	
     11	  -2.68	  -1.08	 -0.023	1.00021							#	   0.15	  22.17	
     12	  -2.24	  -0.19	 -0.013	1.00027							#	   0.09	  25.00	
     13	  -2.89	  -0.19	 -0.023	1.00124							#	   0.21	  17.83	
     14	  -3.02	   1.21	 -0.022	1.00083							#	   0.23	  22.98	
     15	  -2.18	   4.01	 -0.007	1.00000							#	   0.42	  22.83	
     16	  -3.32	   3.98	 -0.013	0.99986							#	   0.50	  30.35	
     17	  -3.06	   4.18	 -0.013	1.00012							#	   0.50	  29.44	
     18	  -3.06	   4.63	 -0.017	1.00061							#	   0.59	  25.30	
     19	  -2.83	   5.82	 -0.014	1.00029							#	   0.78	  19.70	
     20	  -1.11	  10.16	  0.007	1.00001							#	   2.02	  13.38	
     21	  -3.14	   6.60	 -0.019	0.99986							#	   0.48	  22.27	
     22	  -3.48	   9.25	 -0.003	0.99958							#	   1.30	  12.12	
     23	  -3.46	   7.80	 -0.023	0.99990							#	   0.67	  26.72	
     24	  -3.00	  10.32	 -0.026	0.99915							#	   1.39	  15.51	
     25	  -2.89	  10.32	 -0.004	0.99935							#	   1.19	  14.49	
     26	  -2.84	  10.27	 -0.010	0.99921							#	   1.37	  13.28	
     27	  -3.08	  10.72	 -0.019	0.99866							#	   1.50	  13.48	
     28	  -2.78	  12.91	 -0.037	0.99820							#	   2.26	  11.92	
     29	  -2.79	   8.95	 -0.049	0.99920							#	   0.70	  12.63	
     30	  -1.29	  10.15	 -0.063	0.99850							#	   1.19	  11.87	
     31	  -2.20	   8.17	 -0.057	0.99894							#	   0.72	  12.98	
     32	  -0.31	  11.47	 -0.098	0.99837							#	   1.78	   8.74	
     33	  -2.04	   9.61	 -0.057	0.99958							#	   0.58	  13.08	
     34	  -0.90	   9.88	 -0.055	0.99853							#	   0.98	  11.21	
     35	  -0.93	  14.36	 -0.067	0.99804							#	   2.21	   9.85	
     36	  -2.76	  10.50	 -0.054	0.99977							#	   0.71	  13.74	
     37	  -2.84	  10.88	 -0.063	0.99971							#	   0.89	  14.44	
     38	  -2.20	  11.14	 -0.054	0.99945							#	   0.89	  13.59	
     39	  -2.46	  10.75	 -0.039	0.99899							#	   0.95	  11.82	
     40	  -2.36	  11.10	 -0.043	0.99910							#	   0.99	  13.28	
     41	  -2.69	  11.26	 -0.048	0.99957							#	   1.44	  13.03	
     42	  -2.79	  11.89	 -0.043	0.99968							#	   1.50	  13.59	
     43	  -2.74	  12.27	 -0.042	0.99942							#	   1.43	  13.38	
     44	  -2.57	  12.27	 -0.039	0.99899							#	   1.58	  11.67	
     45	  -2.78	  12.35	 -0.043	0.99968							#	   1.43	  12.42	
     46	  -3.06	  12.22	 -0.049	0.99979							#	   1.54	  10.56	
     47	  -2.95	  12.33	 -0.027	0.99958							#	   1.57	  11.67	
     48	  -2.74	  12.01	 -0.019	0.99924							#	   1.38	  12.47	
     49	  -3.16	  12.02	 -0.014	0.99936							#	   1.45	  13.33	
     50	  -3.29	  12.08	 -0.024	0.99970							#	   1.40	  12.78	
     51	  -3.16	  11.99	 -0.014	0.99973							#	   1.39	  12.73	
     52	  -2.48	  11.51	 -0.008	0.99943							#	   1.33	  12.98	
     53	  -1.98	   8.71	  0.017	0.99961							#	   0.85	  12.83	
     54	  -1.54	   8.18	  0.019	0.99982							#	   0.72	  13.69	
     55	  -1.78	   7.49	  0.021	0.99980							#	   0.66	  14.24	
     56	  -1.86	   7.32	  0.020	0.99972							#	   0.61	  14.34	
     57	  -1.94	   6.94	  0.022	0.99962							#	   0.59	  14.85	
     58	  -2.24	   6.92	  0.022	0.99962							#	   0.73	  13.23	
     59	  -2.43	   6.96	  0.021	0.99986							#	   0.81	  13.13	
     60	  -2.38	   7.04	  0.026	0.99980							#	   0.83	  10.86	
     61	  -2.50	   7.24	  0.023	0.99979							#	   0.89	  12.68	
     62	  -2.33	   6.57	  0.024	0.99985							#	   0.73	  12.02	
     63	  -2.38	   6.04	  0.010	1.00000							#	   0.66	  11.87	
     64	  -2.49	   5.73	  0.008	0.99973							#	   0.56	  13.08	
     65	  -2.16	   5.40	  0.015	0.99965							#	   0.48	  15.40	
     66	  -2.17	   4.80	  0.022	0.99971							#	   0.42	  14.60	
     67	  -2.37	   4.56	  0.027	0.99987							#	   0.46	  14.29	
     68	  -2.42	   4.26	  0.016	0.99985							#	   0.39	  16.82	
     69	  -2.54	   3.97	  0.012	1.00007							#	   0.33	  17.47	
     70	  -2.38	   3.78	  0.010	0.99978							#	   0.28	  16.87	
     71	  -2.01	   3.76	  0.009	0.99987							#	   0.27	  16.77	
     72	  -2.09	   3.59	  0.007	0.99978							#	   0.22	  22.12	
     73	  -1.69	   3.25	  0.002	1.00006							#	   0.18	  20.91	
     74	  -1.36	   2.89	  0.003	0.99994							#	   0.15	  22.93	
     75	  -1.40	   2.20	  0.010	0.99974							#	   0.13	  19.60	
     76	  -1.11	   2.06	  0.008	0.99987							#	   0.10	  22.32	
     77	  -1.23	   1.98	 -0.012	1.00007							#	   0.12	  18.74	
     78	  -1.21	   1.51	 -0.008	1.00002							#	   0.08	  20.15	
     79	  -0.58	   1.02	 -0.021	0.99981							#	   0.04	  27.83	
     80	   0.11	   0.23	 -0.019	0.99991							#	   0.02	  32.88	
     81	   0.93	  -0.52	 -0.041	1.00011							#	   0.05	  24.09	
     82	   0.89	  -1.37	 -0.046	1.00025							#	   0.10	  20.96	
     83	   0.66	  -1.48	 -0.063	1.00020							#	   0.11	  19.34	
     84	   0.86	  -2.42	 -0.060	1.00014							#	   0.15	  18.69	
     85	   0.61	  -1.86	 -0.052	1.00007							#	   0.08	  22.27	
     86	  -0.11	  -1.84	 -0.034	1.00021							#	   0.06	  25.61	
     87	  -0.24	  -1.61	 -0.037	1.00016							#	   0.05	  36.06	
     88	  -0.61	  -1.14	 -0.043	0.99996							#	   0.04	  35.00	
     89	  -0.64	  -1.06	 -0.040	0.99971							#	   0.03	  35.66	
     90	  -0.68	  -1.69	 -0.043	0.99976							#	   0.07	  23.74	
     91	  -0.77	  -2.36	 -0.057	1.00001							#	   0.13	  20.56	
     92	  -0.34	  -2.46	 -0.053	1.00009							#	   0.21	  14.65	
     93	  -0.32	  -1.62	 -0.046	0.99995							#	   0.17	  14.14	
     94	   0.23	  -1.77	 -0.036	1.00000							#	   0.19	  12.78	
     95	  -0.35	  -1.77	 -0.030	1.00005							#	   0.14	  14.04	
     96	  -1.03	  -1.55	 -0.027	1.00003							#	   0.09	  14.09	
     97	  -1.75	  -1.82	 -0.035	1.00009							#	   0.09	  20.86	
     98	  -2.24	  -0.91	 -0.028	0.99980							#	   0.09	  28.48	
     99	  -2.41	   0.44	 -0.018	0.99959							#	   0.08	  36.82	
    100	  -2.08	   1.29	 -0.023	1.00003							#	   0.09	  31.57	
    101	  -1.68	   1.45	 -0.020	0.99988							#	   0.06	  32.98	
    102	  -1.41	   1.27	 -0.019	0.99959							#	   0.08	  29.24	
    103	  -1.75	   0.80	 -0.010	0.99976							#	   0.06	  31.87	
    104	  -1.92	   0.98	 -0.003	1.00006							#	   0.07	  32.22	
    105	  -2.35	   1.49	 -0.016	1.00002							#	   0.09	  26.31	
    106	  -2.20	   2.65	 -0.028	1.00040							#	   0.20	  14.55	
    107	  -1.72	   4.07	  0.004	0.99993							#	   0.34	  14.14	
    108	  -1.75	   4.85	  0.010	0.99936							#	   0.51	  11.77	
    109	  -2.04	   5.12	  0.005	0.99994							#	   0.58	  11.72	
    110	  -2.35	   5.63	 -0.022	0.99986							#	   0.67	  11.11	
    111	  -1.41	   5.97	 -0.009	0.99953							#	   0.64	  10.91	
    112	  -0.01	   5.57	  0.016	0.99945							#	   0.56	  11.52	
    113	  -0.00	   5.49	  0.008	0.99929							#	   0.51	  13.13	
    114	   0.22	   4.35	 -0.001	0.99960							#	   0.36	  13.23	
    115	  -0.00	   3.80	 -0.012	1.00002							#	   0.27	  13.79	
    116	  -0.01	   4.39	 -0.001	0.99968							#	   0.34	  16.01	
    117	  -0.08	   4.59	  0.008	0.99949							#	   0.37	  13.84	
    118	  -0.08	   4.56	 -0.004	0.99970							#	   0.38	  13.28	
    119	  -0.25	   4.77	 -0.012	0.99952							#	   0.42	  12.32	
    120	   0.20	   4.17	 -0.008	0.99950							#	   0.38	  10.20	
    121	   0.52	   3.82	 -0.011	0.99941							#	   0.32	  14.14	
    122	   0.60	   3.24	 -0.003	0.99906							#	   0.26	  12.73	
    123	   0.80	   2.64	  0.005	0.99924							#	   0.20	  13.64	
    124	   0.67	   2.36	 -0.001	0.99946							#	   0.17	  15.15	
    125	   0.53	   2.19	 -0.015	0.99943							#	   0.14	  16.46	
    126	   0.54	   1.48	 -0.001	0.99935							#	   0.11	  18.94	
    127	   0.73	   1.37	 -0.014	0.99923							#	   0.10	  21.72	
    128	   1.54	   0.95	 -0.020	0.99936							#	   0.09	  29.55	
    129	   1.69	   0.16	 -0.027	0.99966							#	   0.07	  30.20	
    130	   1.35	  -0.34	 -0.027	0.99965							#	   0.06	  26.36	
    131	   1.24	  -1.32	 -0.028	0.99983							#	   0.08	  24.55	
    132	   1.13	  -1.20	 -0.029	1.00009							#	   0.06	  24.29	
    133	   0.88	  -0.35	 -0.033	0.99991							#	   0.03	  26.16	
    134	   0.95	  -0.52	 -0.026	1.00005							#	   0.03	  35.96	
    135	   0.93	  -1.38	 -0.016	1.00052							#	   0.05	  33.03	
    136	   1.21	  -1.42	 -0.028	1.00034							#	   0.05	  25.86	
    137	   1.96	  -1.61	 -0.027	1.00032							#	   0.09	  23.54	
    138	   2.06	  -1.58	 -0.046	1.00024							#	   0.13	  19.60	
    139	   2.57	  -3.11	 -0.061	1.00008							#	   0.28	  16.36	
    140	   2.62	  -2.92	 -0.030	1.00002							#	   0.33	  12.53	
    141	   3.24	  -3.12	 -0.016	1.00003							#	   0.41	  11.97	
    142	   2.96	  -2.85	 -0.009	1.00007							#	   0.36	  11.77	
    143	   3.02	  -2.28	 -0.025	1.00020							#	   0.31	  14.75	
    144	   3.01	  -1.97	 -0.036	1.00030							#	   0.27	  16.67	
    145	   3.41	  -1.79	 -0.037	1.00050							#	   0.26	  19.60	
    146	   3.56	  -1.33	 -0.027	1.00026							#	   0.24	  16.41	
    147	   3.69	  -1.00	 -0.021	1.00031							#	   0.24	  17.12	
    148	   3.89	  -0.39	 -0.019	1.00049							#	   0.23	  18.18	
    149	   4.13	  -0.75	 -0.014	1.00021							#	   0.27	  16.52	
    150	   4.35	  -1.12	 -0.016	1.00017							#	   0.30	  15.76	
    151	   4.20	  -1.09	 -0.016	1.00019							#	   0.31	  15.45	
    152	   4.90	  -1.06	 -0.018	1.00019							#	   0.39	  16.06	
    153	   5.29	  -1.31	 -0.005	1.00014							#	   0.44	  15.66	
    154	   5.33	  -1.16	  0.000	1.00016							#	   0.45	  15.35	
    155	   4.92	  -1.03	 -0.009	1.00003							#	   0.43	  15.40	
    156	   4.98	  -1.15	 -0.016	1.00010							#	   0.49	  15.25	
    157	   5.36	  -1.77	 -0.012	0.99977							#	   0.55	  12.68	
    158	   5.51	  -1.93	  0.001	0.99992							#	   0.53	  14.34	
    159	   5.19	  -2.40	  0.000	1.00007							#	   0.52	  13.89	
    160	   4.50	  -2.29	 -0.010	1.00009							#	   0.42	  14.90	
    161	   4.48	  -2.51	 -0.013	1.00016							#	   0.40	  14.49	
    162	   4.69	  -2.79	 -0.004	1.00022							#	   0.41	  14.80	
    163	   4.76	  -2.87	 -0.001	1.00009							#	   0.41	  14.60	
    164	   4.91	  -3.92	 -0.002	1.00024							#	   0.53	  16.26	
    165	   4.29	  -3.99	 -0.000	1.00018							#	   0.47	  18.43	
    166	   4.29	  -4.58	 -0.006	1.00028							#	   0.52	  18.89	
    167	   4.08	  -5.25	  0.002	1.00033							#	   0.55	  22.78	
    168	   3.79	  -5.57	  0.002	1.00028							#	   0.51	  28.94	
    169	   3.33	  -5.57	  0.006	1.00055							#	   0.49	  29.75	
    170	   2.96	  -5.88	  0.005	1.00041							#	   0.50	  29.29	
    171	   2.40	  -5.99	  0.000	1.00019							#	   0.52	  22.63	
    172	   1.85	  -5.98	 -0.014	1.00009							#	   0.51	  17.83	
    173	   1.75	  -6.18	 -0.009	1.00014							#	   0.53	  15.76	
    174	   1.44	  -6.20	 -0.008	0.99997							#	   0.52	  15.96	
    175	   1.42	  -5.90	 -0.008	1.00006							#	   0.49	  17.37	
    176	   1.25	  -5.91	 -0.001	1.00016							#	   0.51	  14.04	
    177	   0.95	  -5.55	 -0.001	1.00014							#	   0.45	  15.96	
    178	   0.40	  -5.33	 -0.005	0.99983							#	   0.36	  25.00	
    179	  -0.21	  -4.50	 -0.016	1.00016							#	   0.26	  29.80	
    180	  -0.51	  -3.56	 -0.025	0.99999							#	   0.18	  23.03	
    181	   0.18	  -4.09	 -0.008	0.99991							#	   0.22	  24.14	
    182	   0.04	  -4.34	  0.001	0.99992							#	   0.24	  28.38	
    183	  -0.40	  -3.82	 -0.013	0.99977							#	   0.21	  34.14	
    184	  -0.67	  -3.64	 -0.019	0.99972							#	   0.21	  30.56	
    185	  -0.63	  -3.65	 -0.027	0.99991							#	   0.21	  28.64	
    186	  -0.60	  -3.63	 -0.009	0.99981							#	   0.19	  21.62	
    187	  -0.63	  -3.53	 -0.014	0.99987							#	   0.16	  18.18	
    188	  -0.61	  -3.23	 -0.019	0.99990							#	   0.13	  16.16	
    189	  -0.38	  -2.96	 -0.019	0.99999							#	   0.12	  15.91	
    190	  -0.19	  -3.64	 -0.004	1.00006							#	   0.20	  21.82	
    191	   0.10	  -3.83	 -0.006	0.99976							#	   0.22	  29.65	
    192	  -0.07	  -4.60	 -0.003	1.00002							#	   0.28	  31.97	
    193	  -0.12	  -5.67	 -0.003	1.00041							#	   0.45	  26.82	
    194	  -0.42	  -5.62	 -0.004	1.00032							#	   0.40	  33.03	
    195	  -1.06	  -4.72	 -0.004	1.00019							#	   0.32	  29.44	
    196	  -0.94	  -4.67	 -0.007	1.00019							#	   0.31	  27.47	
    197	  -0.64	  -4.28	 -0.003	1.00035							#	   0.29	  24.75	
    198	  -1.18	  -3.84	 -0.005	1.00017							#	   0.24	  36.01	
    199	  -1.47	  -3.97	 -0.003	0.99994							#	   0.24	  33.18	
    200	  -1.34	  -4.63	 -0.006	0.99984							#	   0.31	  22.47	
    201	  -1.41	  -5.59	  0.006	0.99992							#	   0.44	  15.56	
    202	  -1.74	  -5.75	 -0.014	0.99995							#	   0.45	  20.30	
    203	  -1.85	  -5.22	 -0.010	1.00024							#	   0.44	  15.51	
    204	  -1.76	  -5.12	  0.002	1.00024							#	   0.46	  14.24	
    205	  -1.79	  -5.72	  0.002	1.00016							#	   0.60	  14.29	
    206	  -2.31	  -4.75	 -0.002	0.99993							#	   0.39	  14.19	
    207	  -2.39	  -4.05	 -0.005	0.99986							#	   0.27	  21.01	
    208	  -2.29	  -3.28	 -0.011	1.00004							#	   0.24	  16.97	
    209	  -2.33	  -2.42	 -0.013	0.99985							#	   0.16	  22.58	
    210	  -2.35	  -1.72	 -0.011	0.99977							#	   0.11	  24.75	
    211	  -2.06	  -1.56	 -0.005	0.99969							#	   0.10	  21.06	
    212	  -2.38	  -1.20	 -0.008	0.99978							#	   0.09	  24.80	
    213	  -2.19	  -1.21	 -0.007	0.99994							#	   0.09	  23.28	
    214	  -2.13	  -0.58	 -0.008	0.99985							#	   0.07	  20.30	
    215	  -1.91	  -0.77	 -0.008	0.99994							#	   0.08	  17.22	
    216	  -2.07	  -0.47	 -0.007	0.99997							#	   0.06	  18.23	
    217	  -2.22	  -0.28	 -0.021	1.00015							#	   0.08	  16.16	
    218	  -2.14	  -0.01	 -0.006	1.00001							#	   0.07	  22.88	
    219	  -2.08	  -0.67	 -0.008	1.00001							#	   0.12	  16.82	
    220	  -2.34	  -0.13	 -0.005	0.99972							#	   0.08	  19.80	
    221	  -2.66	   0.45	 -0.013	0.99994							#	   0.12	  21.11	
    222	  -2.75	   0.15	 -0.008	0.99999							#	   0.11	  22.58	
    223	  -2.94	  -0.18	 -0.012	0.99997							#	   0.17	  19.09	
    224	  -2.78	  -0.01	 -0.006	0.99976							#	   0.12	  19.95	
    225	  -2.50	   0.25	 -0.004	1.00004							#	   0.12	  22.02	
    226	  -2.65	   0.25	 -0.004	1.00000							#	   0.10	  24.09	
    227	  -2.69	  -0.33	 -0.009	0.99975							#	   0.14	  21.26	
    228	  -2.57	  -0.11	 -0.019	0.99979							#	   0.10	  23.08	
    229	  -2.50	   0.06	 -0.010	1.00009							#	   0.09	  27.88	
    230	  -2.58	  -0.41	 -0.005	1.00010							#	   0.09	  33.38	
    231	  -2.63	  -0.70	 -0.010	0.99971							#	   0.12	  33.59	
    232	  -2.15	  -0.98	 -0.009	0.99986							#	   0.07	  29.09	
    233	  -1.85	  -1.44	 -0.014	0.99996							#	   0.08	  25.96	
    234	  -2.04	  -1.57	 -0.006	1.00015							#	   0.09	  34.49	
    235	  -2.59	  -0.69	 -0.019	1.00001							#	   0.09	  33.59	
    236	  -2.20	   0.17	 -0.012	1.00001							#	   0.07	  22.22	
    237	  -2.20	   0.55	  0.003	0.99982							#	   0.08	  22.78	
    238	  -2.11	   0.30	 -0.002	0.99990							#	   0.08	  20.56	
    239	  -2.07	   0.41	 -0.006	0.99990							#	   0.07	  19.29	
    240	  -1.68	  -0.04	 -0.015	0.99981							#	   0.06	  21.62	
    241	  -1.12	  -0.92	 -0.013	0.99990							#	   0.04	  38.03	
    242	  -0.85	  -1.62	 -0.010	1.00003							#	   0.05	  32.93	
    243	  -0.93	  -2.36	 -0.020	0.99999							#	   0.09	  30.76	
    244	  -0.84	  -2.95	 -0.027	1.00000							#	   0.14	  27.22	
    245	  -0.64	  -2.60	 -0.025	1.00013							#	   0.10	  28.54	
    246	  -0.75	  -2.41	 -0.015	1.00025							#	   0.09	  34.90	
    247	  -0.92	  -2.40	 -0.018	1.00009							#	   0.10	  34.90	
    248	  -1.37	  -2.52	 -0.017	1.00019							#	   0.12	  33.38	
    249	  -1.22	  -2.88	 -0.017	1.00021							#	   0.14	  32.22	
    250	  -1.21	  -3.33	 -0.020	1.00007							#	   0.17	  33.33	
    251	  -0.79	  -4.32	 -0.032	0.99991							#	   0.27	  23.94	
    252	  -0.18	  -5.25	 -0.025	1.00019							#	   0.45	  18.13	
    253	  -0.11	  -5.69	 -0.023	1.00023							#	   0.55	  14.85	
    254	   0.08	  -5.71	 -0.022	1.00024							#	   0.56	  15.35	
    255	  -0.16	  -5.98	 -0.028	1.00017							#	   0.56	  15.86	
    256	  -0.35	  -5.75	 -0.033	1.00036							#	   0.51	  14.70	
    257	  -0.27	  -5.49	 -0.031	1.00027							#	   0.48	  14.65	
    258	  -0.09	  -5.37	 -0.030	1.00024							#	   0.47	  14.60	
    259	   0.07	  -5.50	 -0.031	1.00024							#	   0.52	  16.11	
    260	  -0.08	  -5.77	 -0.027	1.00035							#	   0.59	  15.35	
    261	   0.16	  -6.00	 -0.024	1.00039							#	   0.69	  13.84	
    262	   0.07	  -6.32	 -0.028	1.00033							#	   0.78	  14.29	
    263	  -0.23	  -6.58	 -0.030	1.00028							#	   0.82	  13.64	
    264	  -0.71	  -7.02	 -0.035	1.00044							#	   0.93	  13.43	
    265	  -0.77	  -6.60	 -0.039	1.00059							#	   0.71	  13.28	
    266	  -0.66	  -5.10	 -0.039	1.00046							#	   0.48	  12.22	
    267	  -0.30	  -4.66	 -0.035	1.00041							#	   0.40	  14.29	
    268	  -0.47	  -4.10	 -0.038	1.00049							#	   0.34	  15.10	
    269	  -0.99	  -3.01	 -0.030	1.00024							#	   0.19	  15.00	
    270	  -1.25	  -2.75	 -0.042	0.99989							#	   0.17	  21.72	
    271	  -1.75	  -2.48	 -0.027	0.99986							#	   0.13	  25.00	
    272	  -1.75	  -0.73	 -0.032	0.99997							#	   0.07	  29.34	
    273	  -1.82	   0.17	 -0.019	0.99970							#	   0.09	  24.24	
    274	  -2.03	   0.89	 -0.011	0.99977							#	   0.12	  22.68	
    275	  -1.48	   0.97	 -0.011	0.99975							#	   0.09	  18.94	
    276	  -1.56	   1.48	 -0.015	0.99952							#	   0.13	  16.36	
    277	  -1.87	   1.53	 -0.021	0.99940							#	   0.16	  15.76	
    278	  -1.67	   1.93	 -0.021	0.99963							#	   0.16	  16.21	
    279	  -1.23	   2.29	 -0.010	0.99967							#	   0.19	  15.15	
    280	  -1.17	   2.83	 -0.004	0.99947							#	   0.26	  14.39	
    281	  -1.49	   3.64	 -0.022	0.99951							#	   0.40	  13.94	
    282	  -1.85	   4.17	 -0.018	0.99971							#	   0.51	  13.64	
    283	  -2.01	   4.06	 -0.004	0.99974							#	   0.54	  13.84	
    284	  -1.84	   4.49	 -0.011	0.99945							#	   0.60	  12.58	
    285	  -2.27	   5.23	 -0.008	0.99924							#	   0.77	  12.53	
    286	  -2.36	   5.11	 -0.004	0.99971							#	   0.73	  12.07	
    287	  -1.94	   4.82	 -0.002	0.99978							#	   0.59	  12.02	
    288	  -1.40	   3.66	  0.004	0.99963							#	   0.35	  15.10	
    289	  -1.16	   2.90	  0.014	0.99991							#	   0.20	  18.54	
    290	  -1.62	   2.39	 -0.010	1.00003							#	   0.17	  26.36	
    291	  -1.74	   1.23	 -0.007	1.00021							#	   0.09	  30.66	
    292	  -2.25	   0.44	 -0.003	1.00010							#	   0.09	  27.58	
    293	  -2.10	  -0.48	 -0.015	1.00010							#	   0.11	  24.65	
    294	  -2.30	  -0.42	 -0.009	1.00003							#	   0.13	  21.57	
    295	  -2.41	  -0.47	 -0.010	1.00027							#	   0.12	  22.27	
    296	  -2.43	  -0.28	 -0.005	1.00023							#	   0.13	  21.21	
    297	  -2.61	  -0.19	 -0.006	1.00006							#	   0.16	  20.10	
    298	  -2.88	  -0.18	 -0.007	0.99982							#	   0.17	  20.86	
    299	  -3.07	  -0.08	 -0.010	0.99980							#	   0.16	  23.13	
    300	  -3.26	   0.34	 -0.014	0.99991							#	   0.18	  17.93	
    301	  -3.36	   0.63	 -0.011	0.99988							#	   0.19	  30.76	
    302	  -3.19	   1.54	 -0.005	0.99966							#	   0.23	  23.28	
    303	  -3.17	   2.14	 -0.005	0.99971							#	   0.25	  19.55	
    304	  -3.38	   2.24	 -0.010	0.99971							#	   0.25	  20.35	
    305	  -3.31	   2.41	 -0.011	0.99959							#	   0.25	  21.82	
    306	  -3.25	   2.25	 -0.002	0.99961							#	   0.23	  19.39	
    307	  -2.90	   1.86	 -0.003	0.99947							#	   0.21	  19.55	
    308	  -2.67	   1.52	 -0.015	0.99955							#	   0.14	  26.46	
    309	  -2.50	   1.63	 -0.013	0.99973							#	   0.13	  29.14	
    310	  -2.50	   1.57	 -0.012	0.99975							#	   0.14	  27.53	
    311	  -2.40	   1.61	 -0.017	0.99979							#	   0.12	  30.25	
    312	  -2.36	   1.62	 -0.019	0.99981							#	   0.11	  31.62	
    313	  -2.54	   1.73	 -0.015	0.99995							#	   0.14	  30.71	
    314	  -2.56	   2.06	 -0.010	0.99971							#	   0.21	  20.61	
    315	  -2.44	   2.43	 -0.016	0.99949							#	   0.25	  19.75	
    316	  -2.66	   2.80	 -0.015	0.99964							#	   0.30	  15.91	
    317	  -2.76	   2.76	 -0.008	0.99974							#	   0.31	  14.90	
    318	  -2.90	   2.72	 -0.012	0.99961							#	   0.32	  16.01	
    319	  -2.62	   2.00	 -0.008	0.99952							#	   0.23	  18.74	
    320	  -2.26	   1.40	 -0.003	0.99977							#	   0.13	  25.86	
    321	  -2.41	   0.93	 -0.013	0.99986							#	   0.09	  33.18	
    322	  -2.26	   0.23	 -0.005	0.99974							#	   0.06	  33.03	
    323	  -1.80	  -0.42	 -0.003	0.99972							#	   0.05	  22.98	
    324	  -1.36	  -0.53	 -0.028	0.99981							#	   0.05	  21.77	
    325	  -1.32	  -0.82	 -0.027	0.99993							#	   0.05	  21.21	
    326	  -1.87	  -0.10	 -0.016	0.99990							#	   0.06	  25.51	
    327	  -1.97	   0.48	 -0.011	0.99982							#	   0.06	  30.05	
    328	  -2.09	   0.84	 -0.014	1.00008							#	   0.07	  33.99	
    329	  -2.17	   0.91	 -0.007	1.00000							#	   0.09	  29.95	
    330	  -2.39	   1.18	 -0.007	0.99983							#	   0.14	  21.97	
    331	  -2.03	   1.61	 -0.009	0.99982							#	   0.15	  21.01	
    332	  -1.73	   1.34	  0.010	0.99981							#	   0.10	  26.01	
    333	  -1.36	   1.12	  0.003	0.99992							#	   0.07	  26.06	
    334	  -1.34	   0.67	 -0.008	0.99999							#	   0.04	  37.12	
    335	  -0.88	   0.06	 -0.010	0.99973							#	   0.03	  28.18	
    336	  -0.69	   0.43	 -0.020	1.00005							#	   0.03	  21.16	
    337	  -0.60	   0.65	 -0.017	1.00002							#	   0.04	  19.80	
    338	  -0.80	   0.79	 -0.011	0.99990							#	   0.05	  19.95	
    339	  -0.98	   1.37	 -0.007	1.00002							#	   0.06	  17.47	
    340	  -1.18	   2.07	 -0.006	0.99998							#	   0.11	  21.87	
    341	  -1.90	   2.72	  0.002	0.99994							#	   0.18	  29.44	
    342	  -2.12	   3.36	 -0.001	0.99982							#	   0.24	  34.49	
    343	  -1.99	   3.44	 -0.000	0.99997							#	   0.23	  32.37	
    344	  -1.92	   3.90	  0.001	0.99988							#	   0.28	  31.36	
    345	  -1.70	   3.81	 -0.006	0.99980							#	   0.26	  31.26	
    346	  -1.20	   3.28	 -0.012	0.99979							#	   0.20	  22.58	
    347	  -1.08	   2.91	 -0.011	0.99984							#	   0.16	  19.90	
    348	  -1.15	   3.04	 -0.014	0.99984							#	   0.17	  19.95	
    349	  -1.16	   2.65	 -0.002	0.99995							#	   0.16	  24.75	
    350	  -1.31	   2.92	 -0.000	1.00001							#	   0.18	  25.86	
    351	  -1.53	   3.37	 -0.000	0.99994							#	   0.20	  36.21	
    352	  -1.50	   4.13	  0.004	0.99973							#	   0.30	  26.26	
    353	  -1.37	   4.37	  0.009	0.99973							#	   0.35	  22.88	
    354	  -1.31	   4.34	  0.005	0.99965							#	   0.36	  21.72	
    355	  -1.68	   4.80	  0.009	0.99979							#	   0.41	  16.46	
    356	  -1.56	   5.37	 -0.002	0.99955							#	   0.52	  15.51	
    357	  -1.09	   4.92	  0.007	0.99941							#	   0.42	  18.43	
    358	  -1.11	   4.45	  0.009	0.99949							#	   0.34	  21.72	
    359	  -1.44	   4.75	  0.005	0.99956							#	   0.36	  22.42	
    360	  -1.26	   4.71	  0.003	0.99972							#	   0.37	  18.48	
    361	  -1.21	   4.45	  0.004	0.99966							#	   0.33	  24.85	
    362	  -1.33	   4.13	  0.005	0.99968							#	   0.29	  24.90	
    363	  -1.48	   3.82	  0.009	0.99997							#	   0.28	  25.10	
    364	  -1.77	   3.15	  0.010	0.99991							#	   0.20	  27.63	
    365	  -1.35	   2.12	  0.011	0.99982							#	   0.13	  27.98	
    366	  -0.66	   1.35	  0.003	0.99983							#	   0.05	  27.88	
    367	   0.18	   0.76	 -0.003	1.00010							#	   0.05	  23.08	
    368	   0.38	   0.63	 -0.003	1.00017							#	   0.03	  19.85	
    369	   0.62	   0.30	  0.004	1.00011							#	   0.05	  21.72	
    370	   0.50	   0.27	  0.004	1.00018							#	   0.02	  27.53	
    371	  -0.09	   1.16	  0.001	1.00043							#	   0.05	  33.99	
    372	  -0.42	   2.04	 -0.000	1.00027							#	   0.08	  29.60	
    373	  -0.25	   2.10	  0.010	1.00008							#	   0.12	  20.00	
    374	   0.12	   2.31	  0.015	0.99990							#	   0.12	  22.22	
    375	   0.58	   1.76	  0.008	1.00009							#	   0.08	  27.93	
    376	   0.99	   0.75	  0.006	0.99990							#	   0.03	  34.04	
    377	   1.30	  -0.71	  0.012	0.99968							#	   0.05	  27.53	
    378	   1.51	  -1.59	  0.011	0.99994							#	   0.12	  15.25	
    379	   1.26	  -2.55	  0.010	1.00012							#	   0.22	  13.48	
    380	   1.13	  -2.90	  0.007	1.00025							#	   0.27	  14.80	
    381	   1.00	  -3.03	  0.005	1.00031							#	   0.27	  15.10	
    382	   0.78	  -2.55	  0.004	1.00042							#	   0.22	  14.70	
    383	   0.54	  -1.71	  0.010	1.00030							#	   0.13	  14.29	
    384	   0.29	  -1.25	  0.003	1.00016							#	   0.07	  16.46	
    385	  -0.00	  -0.58	  0.002	1.00015							#	   0.04	  20.56	
    386	  -0.10	  -0.15	  0.007	0.99995							#	   0.03	  24.34	
    387	  -0.37	   0.17	  0.014	0.99993							#	   0.05	  21.67	
    388	  -0.87	   0.36	  0.020	0.99980							#	   0.06	  24.44	
    389	  -1.05	   1.05	  0.019	0.99980							#	   0.08	  23.84	
    390	  -0.62	   0.77	  0.018	0.99981							#	   0.05	  23.84	
    391	   0.15	  -0.24	  0.013	0.99985							#	   0.02	  32.47	
    392	   0.98	  -1.45	  0.013	0.99986							#	   0.07	  20.30	
    393	   0.74	  -2.22	  0.010	1.00002							#	   0.17	  14.95	
    394	   0.86	  -2.48	  0.002	1.00019							#	   0.22	  15.35	
    395	   0.69	  -1.83	  0.004	1.00015							#	   0.14	  15.96	
    396	   0.44	  -1.37	  0.007	1.00000							#	   0.07	  17.58	
    397	   0.15	  -0.22	  0.011	1.00000							#	   0.02	  36.67	
    398	  -0.07	   1.17	  0.004	1.00006							#	   0.04	  23.69	
    399	  -0.33	   1.86	  0.009	0.99974							#	   0.13	  17.27	
    400	  -0.81	   2.26	  0.010	0.99977							#	   0.20	  15.96	
    401	  -0.56	   2.38	  0.011	0.99986							#	   0.21	  14.39	
    402	  -0.06	   2.35	  0.011	0.99971							#	   0.18	  16.67	
    403	   0.74	   1.53	  0.021	0.99975							#	   0.10	  17.37	
    404	   1.52	   1.33	  0.015	1.00001							#	   0.07	  23.79	
    405	   2.01	   0.43	  0.006	1.00008							#	   0.07	  29.60	
    406	   1.99	   0.06	 -0.002	1.00012							#	   0.08	  27.47	
    407	   1.78	   0.18	  0.003	1.00011							#	   0.07	  26.87	
    408	   1.96	   0.90	  0.005	1.00000							#	   0.07	  29.90	
    409	   1.42	   1.78	  0.015	1.00015							#	   0.09	  20.86	
    410	   0.92	   2.34	  0.006	1.00005							#	   0.14	  16.06	
    411	   0.97	   2.59	  0.007	1.00001							#	   0.17	  15.00	
    412	   1.44	   2.33	  0.012	0.99998							#	   0.15	  15.81	
    413	   1.50	   2.07	  0.015	0.99985							#	   0.12	  17.37	
    414	   1.25	   1.71	  0.012	0.99986							#	   0.09	  20.56	
    415	   1.57	   1.32	  0.001	0.99992							#	   0.07	  23.99	
    416	   1.90	  -0.07	  0.004	0.99999							#	   0.06	  34.14	
    417	   2.34	  -0.48	  0.005	1.00002							#	   0.09	  30.20	
    418	   2.32	  -0.56	 -0.000	1.00006							#	   0.09	  24.95	
    419	   2.73	  -1.41	  0.001	1.00018							#	   0.13	  27.22	
    420	   2.55	  -1.34	  0.005	1.00026							#	   0.12	  26.92	
    421	   2.26	  -0.51	  0.003	1.00013							#	   0.07	  39.90	
    422	   2.01	  -0.13	 -0.004	0.99997							#	   0.05	  39.39	
    423	   1.82	  -0.05	 -0.004	1.00002							#	   0.05	  38.28	
    424	   1.87	   0.17	 -0.008	0.99997							#	   0.05	  38.94	
    425	   1.82	  -0.23	  0.001	1.00011							#	   0.05	  39.49	
    426	   2.13	  -0.87	  0.001	1.00012							#	   0.07	  28.54	
    427	   2.60	  -1.46	 -0.014	1.00012							#	   0.12	  21.52	
    428	   2.69	  -1.88	 -0.019	1.00011							#	   0.16	  19.14	
    429	   2.60	  -2.00	 -0.008	1.00015							#	   0.18	  15.66	
    430	   2.54	  -2.08	 -0.007	1.00018							#	   0.19	  16.16	
    431	   2.54	  -2.05	 -0.019	1.00016							#	   0.17	  19.14	
    432	   2.45	  -1.40	 -0.007	1.00021							#	   0.13	  17.98	
    433	   2.57	  -1.17	 -0.005	1.00015							#	   0.12	  17.78	
    434	   2.37	  -1.70	 -0.000	1.00026							#	   0.12	  23.48	
    435	   2.25	  -2.06	 -0.009	1.00017							#	   0.16	  21.26	
    436	   2.03	  -2.00	 -0.005	1.00025							#	   0.15	  17.47	
    437	   1.93	  -2.06	 -0.005	1.00016							#	   0.14	  18.84	
    438	   1.86	  -2.27	 -0.009	1.00008							#	   0.14	  21.67	
    439	   1.50	  -1.87	 -0.008	1.00030							#	   0.09	  23.28	
    440	   1.43	  -0.72	 -0.003	1.00038							#	   0.05	  35.45	
    441	   1.50	   0.13	 -0.011	1.00011							#	   0.04	  33.69	
    442	   1.18	   0.29	  0.004	0.99985							#	   0.04	  28.23	
    443	   0.87	   0.65	  0.008	0.99990							#	   0.04	  23.54	
    444	   0.63	   1.05	  0.005	1.00001							#	   0.06	  20.91	
    445	   0.54	   0.86	  0.009	0.99982							#	   0.05	  21.52	
    446	   0.55	   0.18	  0.008	0.99970							#	   0.03	  24.49	
    447	   0.39	   0.22	  0.006	0.99976							#	   0.03	  28.89	
    448	   0.81	   0.09	 -0.001	0.99985							#	   0.03	  30.81	
    449	   0.53	  -0.86	  0.005	0.99995							#	   0.04	  31.01	
    450	   0.30	  -0.82	  0.012	0.99984							#	   0.03	  32.17	
    451	   0.16	  -0.44	  0.006	0.99980							#	   0.02	  36.72	
    452	  -0.01	  -0.10	  0.001	0.99994							#	   0.02	  43.79	
    453	  -0.23	  -0.00	 -0.000	1.00012							#	   0.02	  37.63	
    454	  -0.65	   0.45	  0.010	0.99986							#	   0.03	  26.62	
    455	  -0.72	   1.04	  0.016	0.99999							#	   0.06	  22.42	
    456	  -0.61	   1.11	  0.017	1.00011							#	   0.06	  21.67	
    457	  -0.52	   1.01	  0.022	1.00009							#	   0.06	  23.23	
    458	  -0.76	   0.60	  0.020	1.00004							#	   0.04	  24.65	
    459	  -0.65	   0.89	  0.010	1.00003							#	   0.04	  26.31	
    460	  -0.31	   0.83	  0.006	1.00002							#	   0.03	  34.80	
    461	  -0.13	  -0.18	  0.019	0.99999							#	   0.02	  39.75	
    462	   0.06	  -0.07	 -0.000	1.00008							#	   0.02	  30.66	
    463	   0.12	  -0.05	  0.007	1.00010							#	   0.03	  27.17	
    464	   0.21	  -0.98	  0.028	1.00002							#	   0.03	  31.06	
    465	  -0.21	  -1.09	  0.037	0.99994							#	   0.04	  35.71	
    466	  -0.72	  -0.62	  0.017	0.99994							#	   0.03	  28.48	
    467	  -1.03	  -0.57	  0.016	1.00001							#	   0.03	  26.21	
    468	  -0.71	  -0.56	  0.026	1.00001							#	   0.03	  25.61	
    469	  -0.51	  -0.30	  0.019	0.99982							#	   0.02	  30.40	
    470	  -0.76	  -0.40	  0.025	1.00006							#	   0.02	  32.53	
    471	  -1.44	   0.15	  0.019	1.00005							#	   0.04	  38.18	
    472	  -1.82	   0.96	  0.003	0.99978							#	   0.07	  27.73	
    473	  -1.70	   1.33	  0.019	0.99988							#	   0.11	  19.85	
    474	  -1.92	   2.09	  0.020	0.99963							#	   0.17	  22.17	
    475	  -2.16	   2.65	  0.010	0.99960							#	   0.26	  14.75	
    476	  -2.58	   2.96	  0.010	0.99970							#	   0.32	  14.24	
    477	  -2.13	   2.74	  0.013	0.99958							#	   0.27	  15.56	
    478	  -1.70	   2.42	  0.017	0.99957							#	   0.19	  17.63	
    479	  -1.33	   1.48	  0.024	0.99955							#	   0.09	  19.49	
    480	  -1.26	   1.06	 -0.004	0.99920							#	   0.06	  25.76	
    481	  -1.45	  -0.04	  0.011	0.99946							#	   0.04	  37.32	
    482	  -1.16	  -0.68	  0.003	0.99985							#	   0.04	  26.46	
    483	  -1.64	   0.55	  0.009	1.00826							#	   0.76	  12.02	
    484	  -4.16	   1.41	 -0.022	0.99958							#	   0.21	  21.31	
    485	  -0.17	   0.38	 -0.001	0.99918							#	   0.03	  28.28	
    486	  -1.26	   0.89	  0.002	0.99993							#	   0.08	  23.03	
    487	  -1.49	   1.00	 -0.001	0.99844							#	   0.12	  19.60	
    488	  -1.96	   1.19	 -0.004	0.99991							#	   0.12	  17.37	
    489	  -2.30	   1.65	 -0.018	1.00014							#	   0.17	  15.76	
    490	  -1.80	   1.78	 -0.014	1.00011							#	   0.17	  15.35	
    491	  -1.26	   1.05	 -0.001	1.00007							#	   0.11	  15.30	
    492	  -0.65	   0.49	 -0.009	1.00043							#	   0.05	  25.61	
    493	   0.15	  -0.37	 -0.010	1.00057							#	   0.04	  23.28	
    494	   0.58	  -0.79	 -0.025	1.00055							#	   0.07	  17.22	
    495	   1.19	  -1.23	 -0.020	1.00016							#	   0.13	  16.62	
    496	   0.99	  -1.62	 -0.016	1.00016							#	   0.17	  15.81	
    497	   0.42	  -1.26	 -0.013	1.00025							#	   0.10	  16.67	
    498	   0.14	  -0.57	 -0.022	1.00008							#	   0.05	  21.11	
    499	  -0.63	   0.06	 -0.019	1.00012							#	   0.02	  29.44	
    500	  -0.76	   0.58	 -0.017	1.00008							#	   0.03	  31.62	
    501	  -1.07	   0.94	 -0.001	0.99992							#	   0.07	  23.99	
    502	  -1.44	   0.86	 -0.008	0.99985							#	   0.06	  27.98	
    503	  -1.65	   1.12	 -0.018	1.00015							#	   0.09	  28.18	
    504	  -1.25	   0.67	 -0.013	1.00020							#	   0.06	  28.84	
    505	  -0.26	  -0.25	 -0.015	1.00016							#	   0.06	  28.64	
    506	  -0.15	  -0.51	 -0.018	1.00019							#	   0.03	  28.28	
    507	   0.31	  -0.14	 -0.021	1.00023							#	   0.05	  25.66	
    508	   0.47	  -0.40	 -0.010	1.00033							#	   0.03	  26.16	
    509	  -0.02	  -0.21	 -0.006	1.00012							#	   0.03	  34.85	
    510	  -0.25	   0.62	 -0.010	0.99982							#	   0.03	  32.17	
    511	  -0.81	   1.50	  0.000	0.99964							#	   0.07	  28.99	
    512	  -0.94	   1.68	  0.002	0.99969							#	   0.09	  24.09	
    513	  -1.02	   1.54	  0.007	0.99964							#	   0.09	  22.88	
    514	  -1.12	   1.55	  0.009	0.99961							#	   0.10	  20.81	
    515	  -0.99	   1.63	  0.003	0.99973							#	   0.07	  26.41	
    516	  -0.93	   0.94	  0.005	0.99980							#	   0.05	  30.25	
    517	  -1.04	   0.82	 -0.001	0.99992							#	   0.03	  35.15	
    518	  -0.77	   0.50	  0.008	0.99968							#	   0.03	  38.84	
    519	  -0.73	   0.13	  0.014	0.99971							#	   0.02	  38.69	
    520	  -0.67	   0.40	  0.011	0.99984							#	   0.02	  39.95	
    521	  -0.69	   1.03	  0.005	0.99969							#	   0.04	  36.52	
    522	  -0.77	   1.07	  0.003	0.99970							#	   0.04	  30.96	
    523	  -1.17	   1.23	  0.008	0.99979							#	   0.05	  28.89	
    524	  -1.29	   1.52	  0.008	0.99981							#	   0.08	  28.08	
    525	  -1.61	   1.87	  0.008	0.99991							#	   0.11	  24.34	
    526	  -1.44	   1.44	  0.010	0.99979							#	   0.09	  23.94	
    527	  -1.35	   1.36	  0.009	0.99983							#	   0.07	  25.91	
    528	  -0.81	   1.41	  0.008	1.00010							#	   0.06	  27.27	
    529	  -0.65	   1.13	  0.005	1.00016							#	   0.04	  28.18	
    530	  -0.63	   0.63	  0.005	1.00014							#	   0.03	  30.71	
    531	  -0.68	   0.41	  0.008	1.00003							#	   0.03	  32.32	
    532	  -0.65	   0.23	  0.002	1.00004							#	   0.02	  37.37	
    533	  -0.85	  -0.03	  0.006	0.99995							#	   0.02	  40.91	
    534	  -1.17	  -0.54	  0.009	0.99991							#	   0.03	  35.40	
    535	  -1.24	  -0.77	  0.009	0.99982							#	   0.04	  28.48	
    536	  -0.91	  -0.55	 -0.003	0.99991							#	   0.04	  25.56	
    537	  -0.65	  -0.95	 -0.004	1.00001							#	   0.05	  21.16	
    538	  -0.73	  -1.07	  0.002	0.99999							#	   0.05	  21.62	
    539	  -1.06	  -1.00	 -0.007	0.99992							#	   0.05	  22.32	
    540	  -1.20	  -0.53	 -0.006	1.00000							#	   0.06	  19.85	
    541	  -1.38	  -0.62	  0.000	0.99993							#	   0.05	  28.43	
    542	  -1.99	   0.03	 -0.002	0.99988							#	   0.07	  30.40	
    543	  -2.80	   0.72	 -0.000	0.99987							#	   0.19	  20.10	
    544	  -1.56	   0.61	  0.005	0.99971							#	   0.07	  25.00	
    545	  -1.62	   0.16	 -0.002	0.99962							#	   0.05	  29.14	
    546	  -1.49	  -0.37	 -0.007	0.99983							#	   0.05	  24.44	
    547	  -1.33	  -0.84	 -0.022	0.99993							#	   0.05	  22.27	
    548	  -1.41	  -1.05	 -0.024	0.99992							#	   0.06	  23.33	
    549	  -1.28	  -0.60	 -0.008	1.00003							#	   0.06	  18.74	
    550	  -1.21	  -0.47	 -0.014	0.99986							#	   0.05	  21.77	
    551	  -1.44	  -0.64	 -0.022	0.99994							#	   0.05	  25.61	
    552	  -1.89	   0.03	 -0.009	1.00003							#	   0.05	  30.71	
    553	  -2.00	   0.95	 -0.012	0.99978							#	   0.07	  31.62	
    554	  -1.83	   0.75	 -0.014	0.99988							#	   0.06	  30.76	
    555	  -1.81	   0.86	 -0.016	1.00003							#	   0.06	  30.51	
    556	  -2.05	   1.42	 -0.014	0.99995							#	   0.09	  28.89	
    557	  -1.83	   1.23	 -0.014	0.99984							#	   0.07	  28.08	
    558	  -1.38	   1.05	 -0.017	0.99995							#	   0.05	  31.72	
    559	  -1.23	   0.82	 -0.013	1.00008							#	   0.04	  28.48	
    560	  -1.22	   1.02	 -0.009	1.00001							#	   0.05	  29.70	
    561	  -1.66	   1.14	 -0.015	0.99980							#	   0.06	  31.97	
    562	  -1.38	   0.74	 -0.017	0.99996							#	   0.04	  31.31	
    563	  -1.01	   0.85	 -0.011	0.99993							#	   0.04	  29.49	
    564	  -0.98	   0.85	 -0.009	0.99972							#	   0.04	  30.91	
    565	  -0.96	   0.67	 -0.012	0.99976							#	   0.04	  30.86	
    566	  -1.10	   0.44	 -0.010	1.00000							#	   0.03	  30.86	
    567	  -1.05	   0.73	 -0.004	0.99993							#	   0.04	  32.02	
    568	  -1.37	   0.97	 -0.008	0.99991							#	   0.05	  35.10	
    569	  -1.65	   0.68	 -0.011	1.00001							#	   0.05	  37.02	
    570	  -1.72	   0.68	 -0.008	1.00004							#	   0.05	  34.80	
    571	  -1.85	   0.64	 -0.007	1.00009							#	   0.06	  33.23	
    572	  -2.00	   0.70	  0.000	1.00001							#	   0.07	  32.12	
    573	  -2.25	   0.54	  0.001	0.99996							#	   0.08	  30.96	
    574	  -2.19	   0.68	 -0.001	0.99996							#	   0.07	  31.82	
    575	  -2.06	   0.68	  0.001	1.00009							#	   0.06	  38.43	
    576	  -2.06	   0.66	  0.004	0.99998							#	   0.06	  33.33	
    577	  -1.56	   0.00	  0.006	0.99985							#	   0.04	  28.13	
    578	  -1.54	   0.19	  0.004	0.99997							#	   0.04	  29.34	
    579	  -1.10	   0.61	  0.002	1.00059							#	   0.04	  32.88	
    580	  -2.11	   0.98	  0.005	1.00085							#	   0.08	  37.78	
    581	  -2.02	   1.01	  0.006	1.00005							#	   0.08	  30.20	
    582	  -2.05	   1.49	  0.009	0.99986							#	   0.10	  28.59	
    583	  -1.85	   1.69	  0.006	1.00007							#	   0.11	  24.65	
    584	  -2.19	   1.76	  0.004	1.00006							#	   0.12	  24.65	
    585	  -2.32	   2.07	  0.000	1.00012							#	   0.13	  28.89	
    586	  -1.64	   1.10	  0.005	0.99979							#	   0.06	  35.30	
    587	  -1.46	   0.84	  0.016	0.99972							#	   0.05	  33.84	
    588	  -1.26	   0.82	 -0.001	0.99980							#	   0.05	  26.57	
    589	  -1.77	   0.34	  0.009	1.00001							#	   0.05	  29.65	
    590	  -1.98	   1.10	  0.002	0.99995							#	   0.08	  28.08	
    591	  -2.03	   1.98	 -0.002	0.99990							#	   0.13	  23.33	
    592	  -2.04	   2.42	 -0.000	0.99991							#	   0.16	  21.36	
    593	  -1.46	   5.45	  0.013	0.99936							#	   0.71	  14.24	
    594	  -1.03	   1.54	 -0.003	0.99981							#	   0.05	  26.11	
    595	  -1.06	   1.12	 -0.005	0.99986							#	   0.04	  29.09	
    596	  -0.98	   1.15	 -0.012	0.99991							#	   0.04	  27.83	
    597	  -0.79	   1.01	 -0.011	0.99992							#	   0.03	  28.64	
    598	  -0.73	   1.19	 -0.020	0.99997							#	   0.03	  32.32	
    599	  -0.27	   0.96	 -0.011	0.99995							#	   0.03	  35.91	
    600	  -0.17	   0.80	 -0.014	0.99990							#	   0.04	  25.10	
    601	  -0.31	   0.49	 -0.011	0.99956							#	   0.03	  38.89	
    602	  -0.39	   0.32	 -0.012	0.99964							#	   0.03	  36.16	
    603	  -0.74	   0.60	 -0.019	1.00004							#	   0.03	  36.06	
    604	  -1.22	   1.06	 -0.018	1.00028							#	   0.05	  29.04	
    605	  -1.22	   1.37	 -0.019	1.00004							#	   0.06	  26.41	
    606	  -0.74	   0.86	 -0.018	1.00009							#	   0.04	  25.71	
    607	  -0.75	   0.83	 -0.017	1.00009							#	   0.03	  34.09	
    608	  -0.67	   0.53	 -0.012	1.00008							#	   0.03	  30.91	
    609	  -0.63	   0.10	 -0.024	1.00000							#	   0.03	  25.00	
    610	  -0.39	  -0.11	 -0.026	1.00003							#	   0.04	  21.57	
    611	  -0.06	  -0.29	 -0.026	1.00008							#	   0.05	  20.10	
    612	  -0.28	  -0.37	 -0.019	1.00018							#	   0.03	  21.21	
    613	  -0.29	  -0.17	 -0.016	1.00016							#	   0.03	  27.27	
    614	  -0.58	   0.05	 -0.012	1.00018							#	   0.02	  35.96	
    615	  -0.96	   0.49	 -0.018	1.00043							#	   0.03	  33.79	
    616	  -1.07	   0.97	 -0.016	1.00026							#	   0.04	  25.61	
    617	  -0.80	   1.00	 -0.027	1.00016							#	   0.04	  30.51	
    618	  -0.26	   0.91	 -0.020	1.00018							#	   0.02	  33.59	
    619	  -0.09	   1.07	 -0.015	0.99994							#	   0.03	  33.08	
    620	   0.10	   1.03	 -0.016	1.00005							#	   0.03	  34.44	
    621	   0.32	   0.82	 -0.012	1.00010							#	   0.03	  30.66	
    622	   0.21	   0.83	 -0.007	0.99996							#	   0.03	  30.00	
    623	   0.08	   1.69	 -0.003	1.00003							#	   0.06	  25.45	
    624	  -0.07	   1.62	 -0.001	1.00005							#	   0.05	  27.63	
    625	  -0.06	   1.66	 -0.001	0.99994							#	   0.05	  27.12	
    626	  -0.47	   1.87	 -0.002	0.99987							#	   0.06	  26.87	
    627	  -0.25	   1.78	 -0.004	0.99985							#	   0.06	  30.15	
    628	  -0.13	   1.47	  0.004	0.99972							#	   0.04	  34.29	
    629	  -0.16	   1.35	  0.000	0.99980							#	   0.04	  28.99	
    630	  -0.23	   1.46	 -0.001	0.99980							#	   0.04	  28.08	
    631	  -0.30	   1.08	  0.006	0.99992							#	   0.03	  36.31	
    632	  -0.52	   1.59	 -0.005	1.00019							#	   0.05	  34.65	
    633	  -0.61	   2.08	  0.001	0.99990							#	   0.08	  26.21	
    634	  -0.36	   2.78	 -0.004	0.99989							#	   0.14	  16.97	
    635	  -0.01	   3.09	  0.005	0.99993							#	   0.18	  18.79	
    636	  -0.19	   2.67	  0.009	0.99974							#	   0.16	  16.67	
    637	  -0.46	   2.93	  0.003	0.99992							#	   0.17	  15.96	
    638	  -0.08	   2.88	  0.002	0.99981							#	   0.13	  19.55	
    639	   0.40	   2.08	 -0.004	0.99965							#	   0.07	  22.42	
    640	   0.44	   1.17	  0.001	0.99993							#	   0.04	  25.05	
    641	   0.17	   1.39	 -0.001	0.99992							#	   0.05	  26.36	
    642	   0.28	   1.39	 -0.001	0.99990							#	   0.04	  28.64	
    643	   0.53	   0.92	  0.002	0.99989							#	   0.03	  28.18	
    644	  -0.12	   1.41	  0.005	1.00009							#	   0.05	  26.72	
    645	  -0.48	   1.62	  0.003	1.00013							#	   0.08	  22.32	
    646	  -0.97	   2.06	 -0.007	1.00002							#	   0.10	  21.72	
    647	  -0.63	   1.52	 -0.001	0.99988							#	   0.08	  19.34	
    648	  -0.41	   1.12	  0.006	0.99990							#	   0.05	  22.73	
    649	   0.03	   0.09	 -0.003	1.00000							#	   0.02	  32.63	
    650	   0.19	  -0.37	 -0.009	0.99993							#	   0.03	  23.08	
    651	   0.36	  -1.04	 -0.022	0.99985							#	   0.06	  19.55	
    652	   0.50	  -1.45	 -0.022	0.99969							#	   0.08	  17.93	
    653	   0.24	  -1.56	 -0.010	1.00000							#	   0.08	  17.47	
    654	  -0.09	  -1.19	 -0.011	0.99993							#	   0.05	  22.68	
    655	  -0.47	  -0.47	 -0.008	0.99982							#	   0.03	  23.43	
    656	  -0.69	   0.01	 -0.004	0.99986							#	   0.03	  25.96	
    657	  -0.55	   0.10	  0.000	0.99990							#	   0.03	  26.11	
    658	  -0.41	   0.34	 -0.005	0.99989							#	   0.02	  31.46	
    659	  -0.40	  -0.40	 -0.001	0.99975							#	   0.02	  31.26	
    660	  -0.26	  -1.30	 -0.016	0.99970							#	   0.06	  19.34	
    661	  -0.16	  -1.65	 -0.006	0.99979							#	   0.08	  18.54	
    662	  -0.12	  -1.88	 -0.003	0.99992							#	   0.11	  18.59	
    663	  -0.23	  -1.99	 -0.009	1.00009							#	   0.11	  17.73	
    664	  -0.34	  -1.61	 -0.004	1.00025							#	   0.09	  18.59	
    665	  -0.26	  -0.78	 -0.009	0.99997							#	   0.05	  18.64	
    666	  -0.38	  -0.52	 -0.009	1.00024							#	   0.04	  23.18	
    667	  -0.39	  -0.42	 -0.002	1.00014							#	   0.03	  26.31	
    668	  -0.82	  -0.02	 -0.009	1.00037							#	   0.03	  33.69	
    669	  -0.58	   0.51	 -0.018	1.00034							#	   0.03	  28.13	
    670	  -0.23	   0.72	 -0.003	1.00000							#	   0.04	  25.15	
    671	  -0.09	   0.22	 -0.001	0.99997							#	   0.04	  30.20	
    672	   0.32	   0.04	 -0.003	1.00020							#	   0.03	  28.43	
    673	  -0.29	   0.25	 -0.008	1.00018							#	   0.04	  30.05	
    674	   0.13	  -0.05	 -0.011	1.00002							#	   0.03	  30.61	
    675	   0.29	  -0.66	 -0.009	1.00000							#	   0.04	  28.69	
    676	   0.28	  -0.19	 -0.018	1.00005							#	   0.04	  29.55	
    677	   0.45	   0.12	 -0.011	1.00005							#	   0.06	  30.96	
    678	   0.53	   0.00	 -0.014	1.00002							#	   0.10	  30.05	
    679	   0.22	   0.26	 -0.010	0.99997							#	   0.11	  30.71	
    680	   0.27	   0.60	 -0.006	0.99989							#	   0.23	  25.96	
    681	   0.17	   0.99	 -0.008	0.99993							#	   0.30	  25.51	
    682	   0.32	   0.68	 -0.017	0.99989							#	   0.39	  21.67	
    683	   0.23	   1.07	 -0.011	0.99986							#	   0.36	  23.89	
    684	   0.54	   1.14	 -0.004	0.99995							#	   0.42	  22.32	
    685	   0.48	   0.85	 -0.000	0.99974							#	   0.50	  20.15	
    686	   0.64	   0.74	 -0.009	0.99974							#	   0.52	  19.19	
    687	   0.57	   1.27	 -0.015	0.99974							#	   0.49	  24.24	
    688	   1.24	   1.54	 -0.007	0.99980							#	   0.44	  23.13	
    689	   1.38	   1.15	 -0.019	0.99972							#	   0.40	  23.79	
    690	   1.37	   0.57	 -0.026	0.99983							#	   0.34	  24.55	
    691	   1.44	   0.50	 -0.024	0.99985							#	   0.32	  24.75	
    692	   1.69	   0.19	 -0.016	0.99984							#	   0.27	  26.52	
    693	   1.81	  -0.13	 -0.013	1.00002							#	   0.23	  23.99	
    694	   1.70	  -0.21	 -0.021	1.00013							#	   0.26	  25.25	
    695	   1.73	  -0.20	 -0.025	1.00012							#	   0.19	  25.61	
    696	   1.72	  -0.85	 -0.018	1.00000							#	   0.16	  26.01	
    697	   1.59	  -1.16	 -0.022	0.99978							#	   0.13	  24.60	
    698	   1.58	  -1.25	 -0.025	0.99994							#	   0.10	  24.39	
    699	   1.74	  -1.19	 -0.033	1.00007							#	   0.11	  22.17	
    700	   2.07	  -1.35	 -0.013	0.99986							#	   0.12	  17.73	
    701	   1.98	  -1.58	 -0.005	0.99971							#	   0.12	  15.51	
    702	   1.26	  -1.23	 -0.020	0.99978							#	   0.08	  18.08	
    703	   1.05	  -0.70	 -0.027	0.99981							#	   0.06	  21.52	
    704	   0.96	  -0.69	 -0.020	0.99965							#	   0.06	  24.14	
    705	   0.68	  -0.17	 -0.013	0.99969							#	   0.04	  23.94	
    706	   0.82	   0.21	 -0.007	0.99962							#	   0.04	  26.26	
    707	   0.62	   0.60	 -0.012	0.99975							#	   0.04	  27.02	
    708	   0.68	   0.28	 -0.021	0.99983							#	   0.04	  28.13	
    709	   0.80	  -0.38	 -0.021	0.99994							#	   0.05	  22.27	
    710	   1.01	  -0.78	 -0.013	0.99967							#	   0.07	  18.94	
    711	   0.66	  -1.12	 -0.024	0.99962							#	   0.08	  22.68	
    712	   0.33	  -0.98	 -0.024	0.99977							#	   0.07	  21.92	
    713	  -0.48	   0.11	 -0.011	0.99979							#	   0.06	  19.49	
    714	   0.22	   0.23	 -0.003	0.99964							#	   0.07	  22.07	
    715	  -0.26	   0.55	 -0.005	0.99958							#	   0.07	  20.96	
    716	  -0.86	   1.14	 -0.015	0.99966							#	   0.09	  17.93	
    717	  -0.83	   1.31	 -0.021	0.99977							#	   0.12	  14.29	
    718	  -0.62	   1.49	 -0.018	0.99971							#	   0.20	  14.65	
    719	  -0.64	   1.37	 -0.012	0.99980							#	   0.17	  14.70	
    720	  -0.47	   1.20	 -0.016	1.00007							#	   0.11	  15.10	
    721	   0.09	   1.19	 -0.011	1.00015							#	   0.08	  20.96	
    722	   0.62	   0.60	 -0.013	1.00021							#	   0.04	  25.56	
    723	   1.17	   0.17	 -0.011	1.00007							#	   0.05	  28.28	
    724	   1.35	  -0.30	 -0.017	1.00001							#	   0.06	  21.62	
    725	   1.63	  -1.05	 -0.022	1.00014							#	   0.10	  21.97	
    726	   1.47	  -1.18	 -0.015	1.00004							#	   0.09	  20.51	
    727	   1.51	  -1.17	 -0.010	1.00005							#	   0.09	  21.01	
    728	   1.09	  -1.44	 -0.001	1.00012							#	   0.07	  20.91	
    729	   0.39	  -1.84	  0.004	1.00027							#	   0.07	  22.02	
    730	   0.18	  -1.78	 -0.014	1.00041							#	   0.08	  18.79	
    731	   0.28	  -1.96	 -0.009	1.00037							#	   0.10	  18.48	
    732	   0.54	  -1.50	 -0.008	1.00012							#	   0.10	  17.63	
    733	   0.74	  -1.74	 -0.013	1.00036							#	   0.12	  16.11	
    734	   0.43	  -1.49	 -0.011	1.00053							#	   0.12	  17.02	
    735	   0.02	  -1.36	 -0.014	0.99998							#	   0.08	  21.82	
    736	  -0.10	  -1.14	 -0.001	0.99992							#	   0.07	  19.14	
    737	  -0.94	  -0.88	 -0.005	0.99991							#	   0.05	  23.23	
    738	  -1.32	   0.21	 -0.015	0.99987							#	   0.06	  26.06	
    739	  -0.73	  -0.12	 -0.005	0.99972							#	   0.04	  23.03	
    740	  -0.54	  -0.57	 -0.002	0.99962							#	   0.07	  18.79	
    741	  -0.68	  -0.96	  0.001	0.99957							#	   0.08	  17.07	
    742	  -0.57	  -1.29	 -0.013	0.99955							#	   0.12	  15.05	
    743	  -0.54	  -1.22	 -0.020	0.99974							#	   0.11	  16.36	
    744	  -0.28	  -0.76	 -0.011	0.99999							#	   0.14	  15.00	
    745	  -0.18	  -0.98	 -0.002	0.99999							#	   0.10	  17.53	
    746	  -0.59	  -0.25	 -0.005	0.99990							#	   0.06	  23.08	
    747	  -1.20	   0.75	 -0.017	0.99987							#	   0.07	  23.89	
    748	  -1.46	   1.17	 -0.010	0.99982							#	   0.10	  19.70	
    749	  -1.14	   1.38	 -0.006	0.99982							#	   0.11	  16.77	
    750	  -0.77	   1.22	  0.003	0.99952							#	   0.07	  20.40	
    751	  -0.75	   0.80	 -0.004	0.99997							#	   0.06	  22.83	
    752	  -0.86	   0.89	 -0.013	0.99981							#	   0.06	  22.73	
    753	  -0.64	   0.26	 -0.019	0.99956							#	   0.07	  26.57	
    754	  -0.36	  -0.53	 -0.018	0.99975							#	   0.06	  29.95	
    755	  -0.51	  -0.73	 -0.018	1.00013							#	   0.10	  25.35	
    756	  -1.09	   0.04	 -0.018	1.00020							#	   0.09	  29.04	
    757	  -1.17	   0.71	 -0.026	1.00014							#	   0.12	  23.33	
    758	  -0.85	   0.55	 -0.019	0.99987							#	   0.10	  26.11	
    759	  -0.75	   0.31	 -0.016	1.00001							#	   0.12	  27.02	
    760	  -0.92	   0.24	 -0.019	0.99985							#	   0.15	  30.30	
    761	  -0.89	   0.57	 -0.020	0.99971							#	   0.15	  26.92	
    762	  -0.78	   0.61	 -0.028	0.99976							#	   0.16	  26.87	
    763	  -0.40	   0.56	 -0.026	1.00007							#	   0.17	  28.43	
    764	   0.05	   0.51	 -0.025	0.99996							#	   0.19	  28.48	
    765	  -0.06	   0.23	 -0.016	0.99998							#	   0.21	  28.13	
    766	  -0.31	   0.20	 -0.014	1.00013							#	   0.21	  29.24	
    767	  -0.42	   0.70	 -0.015	1.00002							#	   0.16	  26.52	
    768	  -1.10	   1.06	 -0.008	0.99991							#	   0.14	  23.64	
    769	  -0.84	   1.65	 -0.017	1.00001							#	   0.10	  20.40	
    770	  -0.77	   1.67	 -0.019	1.00022							#	   0.10	  17.98	
    771	  -0.53	   1.76	 -0.005	1.00010							#	   0.08	  21.06	
    772	  -0.74	   1.87	 -0.001	0.99985							#	   0.10	  20.25	
    773	  -0.74	   1.82	 -0.005	1.00003							#	   0.06	  20.91	
    774	  -0.84	   1.69	 -0.001	1.00027							#	   0.07	  23.08	
    775	  -0.94	   1.68	 -0.012	1.00015							#	   0.06	  22.93	
    776	  -0.86	   1.56	 -0.004	1.00001							#	   0.07	  21.31	
    777	  -0.63	   1.60	 -0.001	1.00009							#	   0.08	  18.08	
    778	  -0.66	   1.37	 -0.002	1.00001							#	   0.10	  16.16	
    779	  -0.19	   1.01	  0.003	0.99994							#	   0.08	  17.78	
    780	   0.06	   0.47	  0.009	0.99999							#	   0.06	  16.01	
    781	   0.22	  -0.08	  0.007	1.00012							#	   0.04	  26.92	
    782	   0.24	  -0.29	 -0.001	1.00010							#	   0.05	  22.58	
    783	   0.27	  -0.64	 -0.011	1.00028							#	   0.06	  20.20	
    784	   0.38	  -0.86	 -0.009	1.00029							#	   0.07	  21.16	
    785	   0.35	  -1.12	 -0.001	1.00028							#	   0.06	  21.31	
    786	  -0.01	  -0.77	  0.001	1.00043							#	   0.03	  25.25	
    787	  -0.58	  -0.00	  0.004	1.00047							#	   0.02	  31.06	
    788	  -1.09	   0.11	  0.003	1.00018							#	   0.03	  27.68	
    789	  -1.08	  -0.23	  0.016	1.00001							#	   0.04	  24.75	
    790	  -1.01	  -0.79	  0.013	1.00000							#	   0.04	  27.53	
    791	  -0.73	  -1.33	  0.012	1.00001							#	   0.04	  30.20	
    792	  -0.32	  -2.24	 -0.000	0.99996							#	   0.10	  16.57	
    793	  -0.06	  -3.23	  0.010	1.00027							#	   0.25	  14.39	
    794	   0.01	  -2.60	  0.012	0.99991							#	   0.26	  13.99	
    795	   0.09	  -2.06	  0.002	0.99995							#	   0.27	  13.28	
    796	  -0.32	  -1.76	  0.003	1.00048							#	   0.21	  14.04	
    797	  -0.86	  -1.29	 -0.004	1.00030							#	   0.12	  13.84	
    798	  -1.47	  -0.76	 -0.003	0.99982							#	   0.08	  16.97	
    799	  -1.75	   0.07	  0.011	0.99984							#	   0.12	  21.31	
    800	  -2.14	   1.28	  0.013	0.99969							#	   0.22	  19.65	
    801	  -2.33	   1.60	  0.012	0.99974							#	   0.27	  17.12	
    802	  -2.22	   2.04	 -0.001	1.00008							#	   0.27	  14.29	
    803	  -1.90	   2.39	  0.007	0.99979							#	   0.20	  16.62	
    804	  -1.29	   1.57	  0.005	0.99947							#	   0.09	  23.84	
    805	  -0.99	   0.33	 -0.004	0.99960							#	   0.03	  29.75	
    806	  -1.15	  -0.17	 -0.011	0.99969							#	   0.04	  25.40	
    807	  -0.99	  -0.28	 -0.010	0.99959							#	   0.04	  26.57	
    808	  -1.71	   0.42	 -0.010	0.99995							#	   0.06	  23.59	
    809	  -1.98	   1.76	 -0.016	0.99993							#	   0.16	  16.26	
    810	  -2.17	   2.29	 -0.016	0.99970							#	   0.30	  14.75	
    811	  -2.37	   2.69	 -0.022	0.99991							#	   0.40	  13.28	
    812	  -2.29	   3.39	 -0.025	0.99965							#	   0.40	  14.29	
    813	  -1.98	   2.88	 -0.021	0.99952							#	   0.31	  13.79	
    814	  -1.60	   2.30	 -0.031	0.99969							#	   0.19	  14.09	
    815	  -1.05	   1.76	 -0.021	0.99957							#	   0.09	  16.87	
    816	  -0.15	   0.56	 -0.021	0.99985							#	   0.03	  23.84	
    817	  -0.06	  -0.41	 -0.026	0.99986							#	   0.02	  35.86	
    818	   0.25	  -1.14	 -0.036	0.99978							#	   0.04	  25.25	
    819	  -0.13	  -1.29	 -0.036	1.00004							#	   0.06	  22.17	
    820	   0.08	  -1.45	 -0.043	1.00015							#	   0.07	  21.67	
    821	   0.26	  -1.38	 -0.038	1.00010							#	   0.07	  19.70	
    822	   0.29	  -1.32	 -0.035	1.00022							#	   0.08	  17.98	
    823	   0.67	  -1.68	 -0.036	1.00022							#	   0.12	  17.88	
    824	   0.52	  -2.11	 -0.030	1.00006							#	   0.13	  18.38	
    825	   0.27	  -2.38	 -0.034	1.00015							#	   0.15	  16.57	
    826	   0.37	  -2.80	 -0.028	1.00023							#	   0.17	  16.06	
    827	   0.25	  -3.11	 -0.029	1.00014							#	   0.21	  16.31	
    828	   0.07	  -2.65	 -0.021	1.00037							#	   0.15	  17.73	
    829	   0.02	  -2.11	 -0.017	1.00022							#	   0.12	  18.28	
    830	   0.01	  -2.25	 -0.015	1.00013							#	   0.13	  18.28	
    831	   0.12	  -2.56	 -0.016	1.00027							#	   0.16	  17.17	
    832	   0.06	  -2.28	 -0.011	1.00017							#	   0.14	  17.98	
    833	  -0.02	  -2.21	 -0.007	1.00003							#	   0.12	  20.15	
    834	  -0.23	  -2.20	 -0.002	0.99994							#	   0.12	  18.48	
    835	  -0.41	  -1.82	 -0.013	0.99990							#	   0.08	  20.25	
    836	  -0.89	  -1.06	 -0.001	1.00004							#	   0.06	  26.01	
    837	  -1.12	  -0.20	 -0.000	0.99990							#	   0.04	  33.33	
    838	  -1.33	   0.35	  0.004	0.99977							#	   0.07	  22.93	
    839	  -1.54	   0.77	  0.014	0.99970							#	   0.09	  22.68	
    840	  -1.73	   0.44	  0.006	0.99989							#	   0.09	  17.12	
    841	  -1.64	   0.37	  0.012	0.99968							#	   0.06	  23.64	
    842	  -1.43	   0.40	  0.016	0.99977							#	   0.06	  20.10	
    843	  -1.41	   0.14	  0.019	0.99992							#	   0.05	  22.83	
    844	  -1.30	   0.57	  0.018	0.99999							#	   0.06	  21.77	
    845	  -1.69	   0.85	  0.015	0.99997							#	   0.07	  24.09	
    846	  -1.86	   0.62	  0.016	0.99986							#	   0.08	  24.09	
    847	  -1.76	   0.66	  0.016	1.00001							#	   0.07	  23.89	
    848	  -1.84	   1.59	  0.027	0.99977							#	   0.11	  23.03	
    849	  -2.04	   1.95	  0.008	1.00000							#	   0.13	  24.19	
    850	  -2.41	   2.03	  0.015	1.00024							#	   0.13	  25.56	
    851	  -2.21	   1.35	  0.017	0.99968							#	   0.11	  22.42	
    852	  -2.37	   0.68	  0.027	0.99960							#	   0.15	  19.29	
    853	  -2.40	   0.74	  0.023	1.00019							#	   0.17	  14.95	
    854	  -2.82	   1.58	  0.015	0.99971							#	   0.19	  18.64	
    855	  -2.49	   1.59	  0.020	0.99991							#	   0.15	  18.89	
    856	  -2.04	   1.68	  0.009	1.00005							#	   0.12	  19.70	
    857	  -1.30	   1.21	  0.008	0.99954							#	   0.06	  24.60	
    858	  -1.14	   0.94	 -0.002	0.99933							#	   0.05	  27.88	
    859	  -0.95	   0.46	  0.002	0.99959							#	   0.04	  27.07	
    860	  -1.13	   1.26	  0.008	0.99962							#	   0.08	  23.84	
    861	  -0.94	   1.18	  0.012	0.99983							#	   0.07	  20.00	
    862	  -1.69	   1.93	 -0.013	1.00008							#	   0.13	  14.60	
    863	  -1.29	   2.36	 -0.016	0.99993							#	   0.16	  16.92	
    864	  -0.59	   1.26	  0.006	0.99955							#	   0.10	  18.33	
    865	  -0.19	   0.50	  0.014	0.99983							#	   0.06	  20.10	
    866	  -0.36	   0.85	 -0.015	0.99981							#	   0.04	  25.35	
    867	  -0.13	   0.55	 -0.018	1.00001							#	   0.03	  32.78	
    868	   0.25	  -0.18	 -0.023	1.00012							#	   0.03	  26.46	
    869	   0.71	  -0.36	 -0.020	0.99975							#	   0.04	  22.02	
    870	   0.59	  -0.89	 -0.026	0.99997							#	   0.05	  19.70	
    871	   0.38	  -0.80	 -0.035	1.00018							#	   0.05	  18.23	
    872	   0.43	  -0.51	 -0.048	1.00011							#	   0.04	  21.77	
    873	   0.39	  -0.25	 -0.018	0.99983							#	   0.03	  21.62	
    874	   0.21	  -0.30	 -0.027	0.99991							#	   0.03	  21.92	
    875	   0.27	  -0.19	 -0.027	0.99999							#	   0.02	  24.65	
    876	  -0.05	  -0.21	 -0.025	1.00014							#	   0.04	  22.12	
    877	   0.18	  -0.58	 -0.032	0.99997							#	   0.04	  20.86	
    878	   0.54	  -0.83	 -0.015	0.99975							#	   0.06	  16.67	
    879	   0.61	  -1.26	 -0.028	0.99989							#	   0.07	  19.85	
    880	   0.41	  -0.91	 -0.030	1.00004							#	   0.06	  18.99	
    881	   0.33	  -0.38	 -0.047	1.00000							#	   0.05	  20.40	
    882	   0.70	  -0.31	 -0.020	1.00016							#	   0.05	  19.80	
    883	   0.22	  -0.26	 -0.014	1.00035							#	   0.03	  25.35	
    884	   0.00	   0.40	 -0.019	1.00005							#	   0.03	  29.55	
    885	  -0.33	   0.84	 -0.026	0.99987							#	   0.04	  28.18	
    886	  -0.19	   1.03	 -0.024	1.00002							#	   0.04	  26.41	
    887	   0.50	   1.28	 -0.010	0.99974							#	   0.06	  24.90	
    888	   0.34	   1.62	  0.001	0.99998							#	   0.06	  24.49	
    889	   0.40	   1.53	 -0.013	1.00006							#	   0.06	  22.78	
    890	   0.32	   1.29	 -0.014	0.99986							#	   0.04	  26.87	
    891	   0.43	   0.83	 -0.016	0.99985							#	   0.03	  28.13	
    892	   0.65	   1.05	 -0.009	0.99993							#	   0.04	  28.13	
    893	   0.42	   1.30	 -0.014	0.99997							#	   0.06	  25.25	
    894	   0.64	   1.31	 -0.011	1.00005							#	   0.06	  27.73	
    895	   0.50	   1.31	 -0.002	0.99986							#	   0.05	  26.87	
    896	   0.73	   1.67	  0.007	0.99991							#	   0.07	  24.55	
    897	   0.65	   1.84	 -0.008	1.00006							#	   0.08	  18.69	
    898	   0.35	   2.17	 -0.007	1.00015							#	   0.09	  18.99	
    899	   0.23	   2.06	 -0.003	1.00000							#	   0.08	  18.13	
    900	   0.61	   1.62	 -0.002	0.99993							#	   0.09	  13.23	
    901	   0.86	   1.65	 -0.002	0.99992							#	   0.10	  17.73	
    902	   1.02	   1.00	  0.003	1.00018							#	   0.07	  20.25	
    903	   1.00	   0.88	  0.006	1.00000							#	   0.05	  25.86	
    904	   1.19	   0.82	  0.012	0.99985							#	   0.05	  25.71	
    905	   0.95	   0.37	  0.005	1.00023							#	   0.06	  22.63	
    906	   0.71	   0.17	  0.000	1.00014							#	   0.04	  25.25	
    907	   0.92	  -0.19	 -0.003	1.00003							#	   0.05	  27.47	
    908	   0.80	  -0.38	  0.006	1.00000							#	   0.03	  32.42	
    909	   0.20	  -0.21	  0.007	1.00012							#	   0.03	  35.45	
    910	  -0.05	   0.04	  0.007	1.00010							#	   0.03	  28.03	
    911	  -0.66	   0.22	  0.013	0.99995							#	   0.04	  25.00	
    912	  -0.07	  -0.29	  0.007	0.99989							#	   0.03	  24.19	
    913	  -0.18	  -0.32	 -0.000	1.00002							#	   0.03	  26.26	
    914	   0.16	  -0.27	  0.001	0.99995							#	   0.04	  20.05	
    915	   0.27	  -1.04	  0.020	0.99976							#	   0.06	  17.58	
    916	  -0.04	  -1.32	  0.018	0.99974							#	   0.07	  16.72	
    917	  -0.22	  -0.65	  0.001	0.99998							#	   0.04	  20.10	
    918	  -0.10	   0.07	  0.003	1.00015							#	   0.04	  22.98	
    919	  -0.19	   0.06	  0.013	1.00011							#	   0.03	  24.39	
    920	  -0.63	   0.85	  0.027	1.00000							#	   0.05	  24.19	
    921	  -0.97	   1.41	  0.010	0.99987							#	   0.05	  29.49	
    922	  -0.61	   1.96	  0.006	0.99989							#	   0.07	  27.17	
    923	  -0.28	   1.82	  0.016	0.99978							#	   0.07	  26.57	
    924	  -0.28	   1.32	  0.019	0.99953							#	   0.05	  27.78	
    925	  -0.33	   0.96	  0.017	0.99969							#	   0.03	  32.73	
    926	  -0.64	   1.28	  0.019	0.99999							#	   0.05	  28.64	
    927	  -0.83	   1.41	  0.024	1.00011							#	   0.07	  25.00	
    928	  -0.75	   1.68	  0.023	0.99987							#	   0.09	  19.90	
    929	  -0.70	   2.02	  0.022	0.99996							#	   0.10	  20.25	
    930	  -0.72	   2.17	  0.008	1.00000							#	   0.11	  17.63	
    931	  -0.47	   2.52	  0.026	1.00010							#	   0.14	  17.58	
    932	  -0.14	   2.58	  0.042	0.99983							#	   0.16	  16.11	
    933	   0.16	   2.06	  0.031	0.99980							#	   0.13	  16.57	
    934	   0.02	   2.29	  0.015	0.99988							#	   0.16	  15.51	
    935	   0.06	   2.41	  0.010	0.99991							#	   0.17	  16.01	
    936	   0.53	   2.35	  0.024	0.99980							#	   0.17	  13.59	
    937	   0.93	   2.15	  0.040	0.99971							#	   0.15	  14.09	
    938	   0.90	   2.14	  0.025	0.99997							#	   0.18	  14.34	
    939	   0.69	   2.50	  0.026	1.00006							#	   0.18	  13.84	
    940	   1.08	   2.41	  0.026	0.99991							#	   0.17	  18.18	
    941	   1.41	   2.08	  0.037	1.00000							#	   0.15	  20.30	
    942	   0.96	   1.97	  0.024	1.00004							#	   0.13	  17.12	
    943	   0.68	   1.96	  0.027	1.00012							#	   0.09	  20.76	
    944	   0.28	   1.65	  0.025	0.99988							#	   0.07	  23.54	
    945	   0.31	   0.89	  0.032	1.00001							#	   0.04	  31.21	
    946	  -0.15	   1.29	  0.028	1.00024							#	   0.04	  29.90	
    947	  -0.81	   1.50	  0.029	1.00028							#	   0.06	  31.21	
    948	  -0.49	   0.79	  0.023	1.00013							#	   0.03	  28.64	
    949	  -0.32	  -0.00	  0.011	1.00017							#	   0.02	  28.03	
    950	   0.17	  -0.27	  0.019	1.00004							#	   0.03	  21.72	
    951	   0.21	  -0.62	  0.022	0.99990							#	   0.05	  19.34	
    952	   0.15	  -1.33	  0.018	1.00005							#	   0.08	  15.35	
    953	   0.08	  -1.14	  0.014	1.00015							#	   0.07	  18.13	
    954	   0.05	  -0.25	  0.021	1.00004							#	   0.03	  22.58	
    955	  -0.07	  -0.10	  0.021	1.00023							#	   0.03	  25.20	
    956	  -0.33	   0.56	  0.020	1.00027							#	   0.03	  26.77	
    957	  -0.70	   1.28	  0.022	1.00029							#	   0.05	  27.88	
    958	  -0.56	   1.23	  0.025	0.99993							#	   0.04	  29.24	
    959	  -0.37	   0.85	  0.023	0.99954							#	   0.03	  33.43	
    960	  -0.43	   0.81	  0.022	0.99969							#	   0.04	  26.82	
    961	  -0.28	   0.91	  0.022	0.99960							#	   0.04	  34.90	
    962	  -0.30	   0.68	  0.027	0.99962							#	   0.03	  36.06	
    963	  -0.48	   0.32	  0.031	0.99977							#	   0.03	  30.25	
    964	  -0.67	   0.76	  0.025	0.99995							#	   0.04	  25.81	
    965	  -1.00	   1.48	  0.025	0.99981							#	   0.08	  20.40	
    966	  -1.15	   1.99	  0.012	0.99987							#	   0.12	  15.61	
    967	  -1.16	   2.28	  0.018	0.99984							#	   0.15	  16.06	
    968	  -1.23	   2.57	  0.020	1.00002							#	   0.17	  15.96	
    969	  -1.46	   3.08	  0.029	0.99991							#	   0.22	  17.53	
    970	  -1.01	   2.92	  0.033	0.99967							#	   0.20	  15.45	
    971	  -1.01	   2.36	  0.024	0.99986							#	   0.15	  15.86	
    972	  -0.91	   2.07	  0.020	0.99987							#	   0.10	  18.18	
    973	  -0.76	   1.43	  0.016	0.99983							#	   0.07	  21.57	
    974	  -0.56	   0.26	  0.013	1.00010							#	   0.02	  30.51	
    975	  -0.48	   0.14	  0.008	1.00006							#	   0.02	  28.38	
    976	   0.10	   0.45	  0.000	0.99998							#	   0.03	  29.09	
    977	   0.98	   0.14	  0.004	1.00001							#	   0.04	  20.76	
    978	   0.99	  -0.70	  0.001	1.00035							#	   0.05	  18.89	
    979	   0.88	  -0.74	 -0.006	1.00025							#	   0.05	  19.55	
    980	   0.44	  -0.70	 -0.010	1.00022							#	   0.03	  24.65	
    981	   0.24	  -0.30	  0.007	1.00022							#	   0.02	  33.99	
    982	   0.32	  -0.04	  0.007	1.00023							#	   0.02	  37.02	
    983	  -0.04	   0.07	  0.001	1.00009							#	   0.02	  34.90	
    984	  -0.09	   0.09	 -0.003	1.00006							#	   0.02	  40.15	
    985	   0.18	   0.29	  0.006	0.99993							#	   0.02	  36.06	
    986	   0.38	  -0.58	  0.010	0.99970							#	   0.02	  31.41	
    987	  -0.55	  -0.17	 -0.006	0.99972							#	   0.02	  28.89	
    988	  -0.74	   0.17	 -0.019	0.99967							#	   0.03	  26.52	
    989	  -0.72	  -0.04	 -0.012	0.99960							#	   0.03	  27.78	
    990	  -0.68	   0.11	  0.006	0.99966							#	   0.03	  25.91	
    991	  -1.25	   0.70	  0.014	0.99959							#	   0.06	  25.45	
    992	  -1.63	   1.40	  0.006	0.99966							#	   0.11	  24.55	
    993	  -1.41	   1.43	  0.004	0.99981							#	   0.11	  22.98	
    994	  -0.93	   0.97	  0.018	0.99965							#	   0.09	  22.32	
    995	  -1.09	   1.49	  0.017	0.99959							#	   0.09	  21.21	
    996	  -0.28	   1.47	  0.004	0.99977							#	   0.07	  20.40	
    997	   0.19	   0.95	 -0.011	0.99992							#	   0.03	  26.97	
    998	   0.97	   0.17	  0.001	1.00009							#	   0.03	  35.20	
    999	   1.15	   0.80	  0.009	1.00030							#	   0.04	  32.83	
   1000	   1.54	   0.87	 -0.006	1.00010							#	   0.06	  32.17	
   1001	   1.68	   1.25	  0.002	1.00022							#	   0.07	  25.10	
   1002	   1.79	   1.80	 -0.007	1.00025							#	   0.11	  17.93	
   1003	   2.01	   1.69	  0.013	1.00006							#	   0.15	  15.76	
   1004	   1.81	   1.15	  0.015	0.99992							#	   0.15	  13.59	
   1005	   1.74	   1.22	  0.012	1.00021							#	   0.14	  14.75	
   1006	   1.80	   1.10	  0.017	1.00024							#	   0.12	  16.26	
   1007	   2.44	   0.26	  0.027	1.00015							#	   0.11	  20.15	
   1008	   2.05	   0.08	  0.018	1.00030							#	   0.09	  23.59	
   1009	   2.20	   0.17	  0.006	1.00049							#	   0.09	  24.04	
   1010	   2.21	   0.08	 -0.005	1.00041							#	   0.09	  22.17	
   1011	   1.57	  -0.11	 -0.000	1.00027							#	   0.06	  23.23	
   1012	   0.79	   0.51	  0.022	1.00047							#	   0.03	  32.78	
   1013	   0.30	   1.93	  0.022	1.00030							#	   0.08	  21.87	
   1014	   0.37	   2.37	  0.044	1.00028							#	   0.15	  21.41	
